9.147119 0.000000 0.000000
0.000000 9.147119 0.000000
0.000000 0.000000 9.147119
0.055437 0.297140 0.057472 O
0.444563 0.702860 0.557472 O
0.944563 0.797140 0.442528 O
0.555437 0.202860 0.942528 O
0.057472 0.055437 0.297140 O
0.557472 0.444563 0.702860 O
0.442528 0.944563 0.797140 O
0.942528 0.555437 0.202860 O
0.297140 0.057472 0.055437 O
0.702860 0.557472 0.444563 O
0.797140 0.442528 0.944563 O
0.202860 0.942528 0.555437 O
0.049602 0.217288 0.564745 O
0.450398 0.782712 0.064745 O
0.950398 0.717288 0.935255 O
0.549602 0.282712 0.435255 O
0.564745 0.049602 0.217288 O
0.064745 0.450398 0.782712 O
0.935255 0.950398 0.717288 O
0.435255 0.549602 0.282712 O
0.217288 0.564745 0.049602 O
0.782712 0.064745 0.450398 O
0.717288 0.935255 0.950398 O
0.282712 0.435255 0.549602 O
0.017498 0.017498 0.017498 O
0.482502 0.982502 0.517498 O
0.982502 0.517498 0.482502 O
0.517498 0.482502 0.982502 O
0.267796 0.267796 0.267796 O
0.232204 0.732204 0.767796 O
0.732204 0.767796 0.232204 O
0.767796 0.232204 0.732204 O
0.157643 0.157643 0.157643 W
0.342357 0.842357 0.657643 W
0.842357 0.657643 0.342357 W
0.657643 0.342357 0.842357 W
0.906107 0.906107 0.906107 W
0.593893 0.093893 0.406107 W
0.093893 0.406107 0.593893 W
0.406107 0.593893 0.093893 W
0.496079 0.496079 0.496079 Zr
0.003921 0.503921 0.996079 Zr
0.503921 0.996079 0.003921 Zr
0.996079 0.003921 0.503921 Zr
3.751903 0.0 -0.0 
-0.0 3.751903 0.0 
0.0 -0.0 3.751903 
 ion  1
  1 -1.59248 1.46453 -0.95038 
  2 1.46586 -4.33154 1.54259 
  3 -0.91627 1.44727 -1.59887 
 ion  2
  1 -1.59235 1.46468 0.95032 
  2 1.46559 -4.33172 -1.54234 
  3 0.91627 -1.44727 -1.59887 
 ion  3
  1 -1.59235 -1.46468 -0.95032 
  2 -1.46586 -4.33154 -1.54259 
  3 -0.91629 -1.44737 -1.59883 
 ion  4
  1 -1.59248 -1.46453 0.95038 
  2 -1.46559 -4.33172 1.54234 
  3 0.91629 1.44737 -1.59883 
 ion  5
  1 -1.59888 -0.91628 1.44729 
  2 -0.95038 -1.59248 1.46453 
  3 1.54258 1.46585 -4.33154 
 ion  6
  1 -1.59888 0.91628 -1.44729 
  2 0.95032 -1.59235 1.46468 
  3 -1.54233 1.46557 -4.33172 
 ion  7
  1 -1.59882 -0.91628 -1.44735 
  2 -0.95032 -1.59235 -1.46468 
  3 -1.54258 -1.46585 -4.33154 
 ion  8
  1 -1.59882 0.91628 1.44735 
  2 0.95038 -1.59248 -1.46453 
  3 1.54233 -1.46557 -4.33172 
 ion  9
  1 -4.33154 1.54259 1.46586 
  2 1.4473 -1.59888 -0.91629 
  3 1.46453 -0.95038 -1.59249 
 ion  10
  1 -4.33172 -1.54232 1.46558 
  2 -1.4473 -1.59888 0.91629 
  3 1.46467 0.95032 -1.59235 
 ion  11
  1 -4.33154 -1.54259 -1.46586 
  2 -1.44737 -1.59883 -0.91629 
  3 -1.46467 -0.95032 -1.59235 
 ion  12
  1 -4.33172 1.54232 -1.46558 
  2 1.44737 -1.59883 0.91629 
  3 -1.46453 0.95038 -1.59249 
 ion  13
  1 -0.9599 -0.95216 -0.11927 
  2 -0.98638 -4.86071 -0.92826 
  3 -0.10539 -0.86915 -0.93919 
 ion  14
  1 -0.95988 -0.95196 0.11927 
  2 -0.98604 -4.86051 0.92801 
  3 0.10539 0.86915 -0.93919 
 ion  15
  1 -0.95988 0.95196 -0.11927 
  2 0.98638 -4.86071 0.92826 
  3 -0.10557 0.8693 -0.93913 
 ion  16
  1 -0.9599 0.95216 0.11927 
  2 0.98604 -4.86051 -0.92801 
  3 0.10557 -0.8693 -0.93913 
 ion  17
  1 -0.93919 -0.10539 -0.86916 
  2 -0.11927 -0.9599 -0.95214 
  3 -0.92826 -0.98638 -4.8607 
 ion  18
  1 -0.93919 0.10539 0.86916 
  2 0.11927 -0.95988 -0.95199 
  3 0.92802 -0.98605 -4.86053 
 ion  19
  1 -0.93913 -0.10557 0.86929 
  2 -0.11927 -0.95988 0.95199 
  3 0.92826 0.98638 -4.8607 
 ion  20
  1 -0.93913 0.10557 -0.86929 
  2 0.11927 -0.9599 0.95214 
  3 -0.92802 0.98605 -4.86053 
 ion  21
  1 -4.8607 -0.92826 -0.98638 
  2 -0.86917 -0.93919 -0.10539 
  3 -0.95216 -0.11927 -0.9599 
 ion  22
  1 -4.86052 0.92802 -0.98604 
  2 0.86917 -0.93919 0.10539 
  3 -0.95195 0.11926 -0.95988 
 ion  23
  1 -4.8607 0.92826 0.98638 
  2 0.86926 -0.93913 -0.10556 
  3 0.95195 -0.11926 -0.95988 
 ion  24
  1 -4.86052 -0.92802 0.98604 
  2 -0.86926 -0.93913 0.10556 
  3 0.95216 0.11927 -0.9599 
 ion  25
  1 -1.76611 -1.12754 -1.14779 
  2 -1.14782 -1.76615 -1.12758 
  3 -1.12755 -1.1478 -1.76612 
 ion  26
  1 -1.76593 -1.12773 1.14774 
  2 -1.14778 -1.76596 1.12776 
  3 1.12755 1.1478 -1.76612 
 ion  27
  1 -1.76593 1.12773 -1.14774 
  2 1.14782 -1.76615 1.12758 
  3 -1.12773 1.14773 -1.76594 
 ion  28
  1 -1.76611 1.12754 1.14779 
  2 1.14778 -1.76596 -1.12776 
  3 1.12773 -1.14773 -1.76594 
 ion  29
  1 -1.27612 -0.42098 -0.4468 
  2 -0.44727 -1.27655 -0.42144 
  3 -0.42112 -0.44697 -1.27623 
 ion  30
  1 -1.27627 -0.42101 0.44683 
  2 -0.4472 -1.2766 0.42139 
  3 0.42112 0.44697 -1.27623 
 ion  31
  1 -1.27627 0.42101 -0.44683 
  2 0.44727 -1.27655 0.42144 
  3 -0.42105 0.44685 -1.27632 
 ion  32
  1 -1.27612 0.42098 0.4468 
  2 0.4472 -1.2766 -0.42139 
  3 0.42105 -0.44685 -1.27632 
 ion  33
  1 5.40517 -0.00065 0.00606 
  2 0.00613 5.40526 -0.00051 
  3 -0.0006 0.00607 5.40519 
 ion  34
  1 5.40512 -0.00085 -0.00589 
  2 0.00601 5.40517 0.00077 
  3 0.0006 -0.00607 5.40519 
 ion  35
  1 5.40512 0.00085 0.00589 
  2 -0.00613 5.40526 0.00051 
  3 -0.00082 -0.00593 5.40514 
 ion  36
  1 5.40517 0.00065 -0.00606 
  2 -0.00601 5.40517 -0.00077 
  3 0.00082 0.00593 5.40514 
 ion  37
  1 4.63095 -0.42351 -0.28406 
  2 -0.28403 4.63101 -0.42353 
  3 -0.4235 -0.28404 4.63098 
 ion  38
  1 4.63056 -0.4229 0.2833 
  2 -0.2833 4.63057 0.42285 
  3 0.4235 0.28404 4.63098 
 ion  39
  1 4.63056 0.4229 -0.2833 
  2 0.28403 4.63101 0.42353 
  3 -0.42288 0.2833 4.63058 
 ion  40
  1 4.63095 0.42351 0.28406 
  2 0.2833 4.63057 -0.42285 
  3 0.42288 -0.2833 4.63058 
 ion  41
  1 7.32031 -0.40272 -0.03687 
  2 -0.03688 7.3203 -0.40277 
  3 -0.40273 -0.03691 7.32045 
 ion  42
  1 7.32045 -0.40281 0.03691 
  2 -0.03692 7.32043 0.40279 
  3 0.40273 0.03691 7.32045 
 ion  43
  1 7.32045 0.40281 -0.03691 
  2 0.03688 7.3203 0.40277 
  3 -0.40281 0.03692 7.32055 
 ion  44
  1 7.32031 0.40272 0.03687 
  2 0.03692 7.32043 -0.40279 
  3 0.40281 -0.03692 7.32055 
