
Used Primitive lattice vector

   -1.895783000000     -1.895783000000      0.000000000000  
   -1.895783000000      0.000000000000     -1.895783000000  
    0.000000000000     -1.895783000000     -1.895783000000  

   1 Atom(s) in the Primitive cell

 0.0000000000 0.0000000000 0.0000000000 Cu    0


 Q=  0.131872  0.131872  0.131872, q= -0.500000 -0.500000 -0.500000

                       Cu X   0        Cu Y   0        Cu Z   0     
                    --------------- --------------- ---------------
    0   3.1266 THz   0.0000  0.0000  0.7071  0.0000 -0.7071 -0.0000
    1   3.1266 THz   0.8165  0.0000 -0.4082  0.0000 -0.4082 -0.0000
    2   4.8171 THz  -0.5774  0.0000 -0.5774  0.0000 -0.5774 -0.0000


 Q=  0.197807  0.065936  0.065936, q= -0.500000 -0.500000 -0.250000

                       Cu X   0        Cu Y   0        Cu Z   0     
                    --------------- --------------- ---------------
    0   3.6101 THz   0.0000  0.0000  0.7071  0.0055 -0.7071 -0.0055
    1   3.6282 THz   0.5319  0.0000 -0.5988 -0.0000 -0.5988  0.0000
    2   4.5112 THz   0.8468  0.0000  0.3761  0.0000  0.3761 -0.0000


 Q=  0.263743  0.000000  0.000000, q= -0.500000 -0.500000  0.000000

                       Cu X   0        Cu Y   0        Cu Z   0     
                    --------------- --------------- ---------------
    0   4.1191 THz   0.0000  0.0000 -0.9322  0.0000  0.3619  0.0000
    1   4.1191 THz   0.0000  0.0000 -0.3619  0.0000 -0.9322  0.0000
    2   4.8381 THz   1.0000  0.0000  0.0000  0.0000  0.0000  0.0000


 Q=  0.329679 -0.065936 -0.065936, q= -0.500000 -0.500000  0.250000

                       Cu X   0        Cu Y   0        Cu Z   0     
                    --------------- --------------- ---------------
    0   3.6101 THz   0.0000  0.0000  0.7071 -0.0055 -0.7071  0.0055
    1   3.6282 THz   0.5319  0.0000 -0.5988  0.0000 -0.5988 -0.0000
    2   4.5112 THz   0.8468  0.0000  0.3761 -0.0000  0.3761  0.0000


 Q=  0.065936  0.197807  0.065936, q= -0.500000 -0.250000 -0.500000

                       Cu X   0        Cu Y   0        Cu Z   0     
                    --------------- --------------- ---------------
    0   3.6101 THz  -0.7071  0.0000 -0.0000 -0.0000  0.7071  0.0000
    1   3.6282 THz   0.5988  0.0000 -0.5319 -0.0000  0.5988  0.0000
    2   4.5112 THz   0.3761  0.0000  0.8468 -0.0000  0.3761  0.0000


 Q=  0.131872  0.131872  0.000000, q= -0.500000 -0.250000 -0.250000

                       Cu X   0        Cu Y   0        Cu Z   0     
                    --------------- --------------- ---------------
    0   3.0990 THz   0.7071  0.0000 -0.7071  0.0000  0.0000  0.0000
    1   3.6709 THz   0.0000  0.0000 -0.0000  0.0000 -0.6475  0.7621
    2   4.3773 THz   0.7071  0.0000  0.7071 -0.0000 -0.0000 -0.0000


 Q=  0.197807  0.065936 -0.065936, q= -0.500000 -0.250000  0.000000

                       Cu X   0        Cu Y   0        Cu Z   0     
                    --------------- --------------- ---------------
    0   3.6101 THz   0.0000  0.0000 -0.7070 -0.0108 -0.7070 -0.0108
    1   3.6282 THz   0.5319  0.0000 -0.5988 -0.0000  0.5988  0.0000
    2   4.5112 THz   0.8468  0.0000  0.3761  0.0000 -0.3761 -0.0000


 Q=  0.263743  0.000000 -0.131872, q= -0.500000 -0.250000  0.250000

                       Cu X   0        Cu Y   0        Cu Z   0     
                    --------------- --------------- ---------------
    0   3.7241 THz   0.0000  0.0000 -0.0000 -0.0000  0.6460 -0.7634
    1   4.2507 THz   0.0000  0.0000 -0.9191 -0.3941 -0.0000  0.0000
    2   4.2507 THz   1.0000  0.0000  0.0000  0.0000  0.0000  0.0000


 Q=  0.000000  0.263743  0.000000, q= -0.500000  0.000000 -0.500000

                       Cu X   0        Cu Y   0        Cu Z   0     
                    --------------- --------------- ---------------
    0   4.1191 THz   0.0000  0.0000  0.0000  0.0000 -1.0000  0.0000
    1   4.1191 THz   1.0000  0.0000  0.0000  0.0000  0.0000  0.0000
    2   4.8381 THz   0.0000  0.0000 -1.0000  0.0000 -0.0000  0.0000


 Q=  0.065936  0.197807 -0.065936, q= -0.500000  0.000000 -0.250000

                       Cu X   0        Cu Y   0        Cu Z   0     
                    --------------- --------------- ---------------
    0   3.6101 THz   0.7071  0.0000  0.0000 -0.0000  0.7071 -0.0000
    1   3.6282 THz   0.5988  0.0000 -0.5319  0.0000 -0.5988  0.0000
    2   4.5112 THz   0.3761  0.0000  0.8468 -0.0000 -0.3761  0.0000


 Q=  0.131872  0.131872 -0.131872, q= -0.500000  0.000000  0.000000

                       Cu X   0        Cu Y   0        Cu Z   0     
                    --------------- --------------- ---------------
    0   3.1266 THz   0.2390  0.0000  0.5566 -0.0000  0.7956 -0.0000
    1   3.1266 THz   0.7807  0.0000 -0.5974  0.0000  0.1833  0.0000
    2   4.8171 THz   0.5774  0.0000  0.5774  0.0000 -0.5774  0.0000


 Q=  0.197807  0.065936 -0.197807, q= -0.500000  0.000000  0.250000

                       Cu X   0        Cu Y   0        Cu Z   0     
                    --------------- --------------- ---------------
    0   3.6101 THz   0.7071  0.0000 -0.0000  0.0000  0.7071  0.0000
    1   3.6282 THz   0.5988  0.0000 -0.5319 -0.0000 -0.5988 -0.0000
    2   4.5112 THz   0.3761  0.0000  0.8468  0.0000 -0.3761 -0.0000


 Q= -0.065936  0.329679 -0.065936, q= -0.500000  0.250000 -0.500000

                       Cu X   0        Cu Y   0        Cu Z   0     
                    --------------- --------------- ---------------
    0   3.6101 THz  -0.7071  0.0000 -0.0000  0.0000  0.7071 -0.0000
    1   3.6282 THz   0.5988  0.0000 -0.5319  0.0000  0.5988 -0.0000
    2   4.5112 THz   0.3761  0.0000  0.8468  0.0000  0.3761 -0.0000


 Q=  0.000000  0.263743 -0.131872, q= -0.500000  0.250000 -0.250000

                       Cu X   0        Cu Y   0        Cu Z   0     
                    --------------- --------------- ---------------
    0   3.7241 THz   0.0000  0.0000 -0.0000 -0.0000 -0.3042  0.9526
    1   4.2507 THz   0.0000  0.0000 -0.9925  0.1223 -0.0000 -0.0000
    2   4.2507 THz   1.0000  0.0000  0.0000  0.0000  0.0000  0.0000


 Q=  0.065936  0.197807 -0.197807, q= -0.500000  0.250000  0.000000

                       Cu X   0        Cu Y   0        Cu Z   0     
                    --------------- --------------- ---------------
    0   3.6101 THz   0.0000  0.0000 -0.6495  0.2795 -0.6495  0.2795
    1   3.6282 THz   0.5319  0.0000 -0.5988  0.0000  0.5988 -0.0000
    2   4.5112 THz   0.8468  0.0000  0.3761 -0.0000 -0.3761  0.0000


 Q=  0.131872  0.131872 -0.263743, q= -0.500000  0.250000  0.250000

                       Cu X   0        Cu Y   0        Cu Z   0     
                    --------------- --------------- ---------------
    0   3.0990 THz   0.7071  0.0000 -0.7071 -0.0000  0.0000  0.0000
    1   3.6709 THz   0.0000  0.0000 -0.0000  0.0000 -0.7180  0.6960
    2   4.3773 THz   0.7071  0.0000  0.7071  0.0000 -0.0000 -0.0000


 Q=  0.065936  0.065936  0.197807, q= -0.250000 -0.500000 -0.500000

                       Cu X   0        Cu Y   0        Cu Z   0     
                    --------------- --------------- ---------------
    0   3.6101 THz   0.7071  0.0000 -0.7071  0.0000  0.0000 -0.0000
    1   3.6282 THz   0.5988  0.0000  0.5988 -0.0000 -0.5319  0.0000
    2   4.5112 THz   0.3761  0.0000  0.3761  0.0000  0.8468  0.0000


 Q=  0.131872  0.000000  0.131872, q= -0.250000 -0.500000 -0.250000

                       Cu X   0        Cu Y   0        Cu Z   0     
                    --------------- --------------- ---------------
    0   3.0990 THz   0.7071  0.0000  0.0000  0.0000 -0.7071 -0.0000
    1   3.6709 THz   0.0000  0.0000  0.6672  0.7449  0.0000  0.0000
    2   4.3773 THz  -0.7071  0.0000  0.0000  0.0000 -0.7071 -0.0000


 Q=  0.197807 -0.065936  0.065936, q= -0.250000 -0.500000  0.000000

                       Cu X   0        Cu Y   0        Cu Z   0     
                    --------------- --------------- ---------------
    0   3.6101 THz   0.0000  0.0000 -0.7071  0.0073 -0.7071  0.0073
    1   3.6282 THz  -0.5319  0.0000 -0.5988  0.0000  0.5988 -0.0000
    2   4.5112 THz   0.8468  0.0000 -0.3761  0.0000  0.3761 -0.0000


 Q=  0.263743 -0.131872  0.000000, q= -0.250000 -0.500000  0.250000

                       Cu X   0        Cu Y   0        Cu Z   0     
                    --------------- --------------- ---------------
    0   3.7241 THz   0.0000  0.0000 -0.9432 -0.3322  0.0000  0.0000
    1   4.2507 THz   0.0000  0.0000 -0.0000 -0.0000 -0.8377 -0.5461
    2   4.2507 THz   1.0000  0.0000  0.0000  0.0000  0.0000  0.0000


 Q=  0.000000  0.131872  0.131872, q= -0.250000 -0.250000 -0.500000

                       Cu X   0        Cu Y   0        Cu Z   0     
                    --------------- --------------- ---------------
    0   3.0990 THz   0.0000  0.0000 -0.7049  0.0554  0.7049 -0.0554
    1   3.6709 THz   1.0000  0.0000  0.0000  0.0000  0.0000  0.0000
    2   4.3773 THz   0.0000  0.0000 -0.1430  0.6925 -0.1430  0.6925


 Q=  0.065936  0.065936  0.065936, q= -0.250000 -0.250000 -0.250000

                       Cu X   0        Cu Y   0        Cu Z   0     
                    --------------- --------------- ---------------
    0   2.3835 THz   0.0000  0.0000  0.7048 -0.0573 -0.7048  0.0573
    1   2.3835 THz   0.8165  0.0000 -0.4082  0.0000 -0.4082  0.0000
    2   4.1825 THz  -0.5774  0.0000 -0.5774  0.0000 -0.5774  0.0000


 Q=  0.131872  0.000000  0.000000, q= -0.250000 -0.250000  0.000000

                       Cu X   0        Cu Y   0        Cu Z   0     
                    --------------- --------------- ---------------
    0   3.1730 THz   0.0000  0.0000 -0.6235  0.3477 -0.6991 -0.0406
    1   3.1730 THz   0.0000  0.0000 -0.4806  0.5093  0.6921 -0.1750
    2   3.9967 THz   1.0000  0.0000  0.0000  0.0000  0.0000  0.0000


 Q=  0.197807 -0.065936 -0.065936, q= -0.250000 -0.250000  0.250000

                       Cu X   0        Cu Y   0        Cu Z   0     
                    --------------- --------------- ---------------
    0   3.6101 THz   0.0000  0.0000  0.7048 -0.0567 -0.7048  0.0567
    1   3.6282 THz  -0.5319  0.0000 -0.5988  0.0000 -0.5988  0.0000
    2   4.5112 THz   0.8468  0.0000 -0.3761  0.0000 -0.3761  0.0000


 Q= -0.065936  0.197807  0.065936, q= -0.250000  0.000000 -0.500000

                       Cu X   0        Cu Y   0        Cu Z   0     
                    --------------- --------------- ---------------
    0   3.6101 THz   0.7071  0.0000 -0.0000  0.0000  0.7071 -0.0000
    1   3.6282 THz   0.5988  0.0000  0.5319 -0.0000 -0.5988  0.0000
    2   4.5112 THz  -0.3761  0.0000  0.8468  0.0000  0.3761 -0.0000


 Q=  0.000000  0.131872  0.000000, q= -0.250000  0.000000 -0.250000

                       Cu X   0        Cu Y   0        Cu Z   0     
                    --------------- --------------- ---------------
    0   3.1730 THz   0.0000  0.0000 -0.0000 -0.0000 -0.9437 -0.3309
    1   3.1730 THz   1.0000  0.0000  0.0000  0.0000  0.0000  0.0000
    2   3.9967 THz   0.0000  0.0000 -0.7605 -0.6493  0.0000 -0.0000


 Q=  0.065936  0.065936 -0.065936, q= -0.250000  0.000000  0.000000

                       Cu X   0        Cu Y   0        Cu Z   0     
                    --------------- --------------- ---------------
    0   2.3835 THz   0.0000  0.0000  0.0000  0.7071  0.0000  0.7071
    1   2.3835 THz   0.8165  0.0000 -0.4082 -0.0000  0.4082  0.0000
    2   4.1825 THz  -0.5774  0.0000 -0.5774 -0.0000  0.5774  0.0000


 Q=  0.131872  0.000000 -0.131872, q= -0.250000  0.000000  0.250000

                       Cu X   0        Cu Y   0        Cu Z   0     
                    --------------- --------------- ---------------
    0   3.0990 THz   0.7071  0.0000  0.0000 -0.0000  0.7071 -0.0000
    1   3.6709 THz   0.0000  0.0000 -0.9970 -0.0774  0.0000  0.0000
    2   4.3773 THz   0.7071  0.0000  0.0000  0.0000 -0.7071  0.0000


 Q= -0.131872  0.263743  0.000000, q= -0.250000  0.250000 -0.500000

                       Cu X   0        Cu Y   0        Cu Z   0     
                    --------------- --------------- ---------------
    0   3.7241 THz   1.0000  0.0000  0.0000  0.0000  0.0000  0.0000
    1   4.2507 THz   0.0000  0.0000 -0.0388 -0.3069 -0.1245 -0.9428
    2   4.2507 THz   0.0000  0.0000  0.7919  0.5265 -0.2586 -0.1698


 Q= -0.065936  0.197807 -0.065936, q= -0.250000  0.250000 -0.250000

                       Cu X   0        Cu Y   0        Cu Z   0     
                    --------------- --------------- ---------------
    0   3.6101 THz  -0.7071  0.0000 -0.0000 -0.0000  0.7071 -0.0000
    1   3.6282 THz   0.5988  0.0000  0.5319 -0.0000  0.5988 -0.0000
    2   4.5112 THz  -0.3761  0.0000  0.8468 -0.0000 -0.3761 -0.0000


 Q=  0.000000  0.131872 -0.131872, q= -0.250000  0.250000  0.000000

                       Cu X   0        Cu Y   0        Cu Z   0     
                    --------------- --------------- ---------------
    0   3.0990 THz   0.0000  0.0000 -0.5163  0.4831 -0.5163  0.4831
    1   3.6709 THz   1.0000  0.0000  0.0000  0.0000  0.0000  0.0000
    2   4.3773 THz   0.0000  0.0000 -0.6301 -0.3208  0.6301  0.3208


 Q=  0.065936  0.065936 -0.197807, q= -0.250000  0.250000  0.250000

                       Cu X   0        Cu Y   0        Cu Z   0     
                    --------------- --------------- ---------------
    0   3.6101 THz  -0.7071  0.0000  0.7071 -0.0000  0.0000 -0.0000
    1   3.6282 THz   0.5988  0.0000  0.5988 -0.0000  0.5319 -0.0000
    2   4.5112 THz   0.3761  0.0000  0.3761  0.0000 -0.8468  0.0000


 Q=  0.000000  0.000000  0.263743, q=  0.000000 -0.500000 -0.500000

                       Cu X   0        Cu Y   0        Cu Z   0     
                    --------------- --------------- ---------------
    0   4.1191 THz   0.0000  0.0000 -1.0000 -0.0000 -0.0000  0.0000
    1   4.1191 THz   1.0000  0.0000  0.0000  0.0000  0.0000  0.0000
    2   4.8381 THz   0.0000  0.0000  0.0000  0.0000 -1.0000  0.0000


 Q=  0.065936 -0.065936  0.197807, q=  0.000000 -0.500000 -0.250000

                       Cu X   0        Cu Y   0        Cu Z   0     
                    --------------- --------------- ---------------
    0   3.6101 THz   0.7071  0.0000  0.7071 -0.0000  0.0000 -0.0000
    1   3.6282 THz   0.5988  0.0000 -0.5988  0.0000 -0.5319  0.0000
    2   4.5112 THz  -0.3761  0.0000  0.3761  0.0000 -0.8468 -0.0000


 Q=  0.131872 -0.131872  0.131872, q=  0.000000 -0.500000  0.000000

                       Cu X   0        Cu Y   0        Cu Z   0     
                    --------------- --------------- ---------------
    0   3.1266 THz   0.0000  0.0000 -0.7071 -0.0000 -0.7071 -0.0000
    1   3.1266 THz   0.8165  0.0000  0.4082  0.0000 -0.4082 -0.0000
    2   4.8171 THz   0.5774  0.0000 -0.5774 -0.0000  0.5774  0.0000


 Q=  0.197807 -0.197807  0.065936, q=  0.000000 -0.500000  0.250000

                       Cu X   0        Cu Y   0        Cu Z   0     
                    --------------- --------------- ---------------
    0   3.6101 THz   0.7071  0.0000  0.7071  0.0000  0.0000  0.0000
    1   3.6282 THz   0.5988  0.0000 -0.5988 -0.0000 -0.5319 -0.0000
    2   4.5112 THz  -0.3761  0.0000  0.3761 -0.0000 -0.8468  0.0000


 Q= -0.065936  0.065936  0.197807, q=  0.000000 -0.250000 -0.500000

                       Cu X   0        Cu Y   0        Cu Z   0     
                    --------------- --------------- ---------------
    0   3.6101 THz  -0.7071  0.0000 -0.7071  0.0000  0.0000 -0.0000
    1   3.6282 THz   0.5988  0.0000 -0.5988  0.0000  0.5319 -0.0000
    2   4.5112 THz  -0.3761  0.0000  0.3761  0.0000  0.8468 -0.0000


 Q=  0.000000  0.000000  0.131872, q=  0.000000 -0.250000 -0.250000

                       Cu X   0        Cu Y   0        Cu Z   0     
                    --------------- --------------- ---------------
    0   3.1730 THz   0.0000  0.0000 -0.8927  0.4506  0.0000 -0.0000
    1   3.1730 THz   1.0000  0.0000  0.0000  0.0000  0.0000  0.0000
    2   3.9967 THz   0.0000  0.0000  0.0000 -0.0000  0.9942  0.1074


 Q=  0.065936 -0.065936  0.065936, q=  0.000000 -0.250000  0.000000

                       Cu X   0        Cu Y   0        Cu Z   0     
                    --------------- --------------- ---------------
    0   2.3835 THz   0.0000  0.0000 -0.6966 -0.1212 -0.6966 -0.1212
    1   2.3835 THz   0.8165  0.0000  0.4082  0.0000 -0.4082  0.0000
    2   4.1825 THz   0.5774  0.0000 -0.5774 -0.0000  0.5774 -0.0000


 Q=  0.131872 -0.131872  0.000000, q=  0.000000 -0.250000  0.250000

                       Cu X   0        Cu Y   0        Cu Z   0     
                    --------------- --------------- ---------------
    0   3.0990 THz  -0.7071  0.0000 -0.7071  0.0000 -0.0000  0.0000
    1   3.6709 THz   0.0000  0.0000  0.0000 -0.0000 -0.6655  0.7464
    2   4.3773 THz   0.7071  0.0000 -0.7071  0.0000 -0.0000  0.0000


 Q= -0.131872  0.131872  0.131872, q=  0.000000  0.000000 -0.500000

                       Cu X   0        Cu Y   0        Cu Z   0     
                    --------------- --------------- ---------------
    0   3.1266 THz   0.0000  0.0000 -0.0000 -0.7071  0.0000  0.7071
    1   3.1266 THz   0.8165  0.0000  0.4082  0.0000  0.4082  0.0000
    2   4.8171 THz   0.5774  0.0000 -0.5774 -0.0000 -0.5774 -0.0000


 Q= -0.065936  0.065936  0.065936, q=  0.000000  0.000000 -0.250000

                       Cu X   0        Cu Y   0        Cu Z   0     
                    --------------- --------------- ---------------
    0   2.3835 THz   0.0000  0.0000  0.6998  0.1013 -0.6998 -0.1013
    1   2.3835 THz   0.8165  0.0000  0.4082  0.0000  0.4082  0.0000
    2   4.1825 THz   0.5774  0.0000 -0.5774 -0.0000 -0.5774 -0.0000


 Q=  0.000000  0.000000  0.000000, q=  0.000000  0.000000  0.000000

                       Cu X   0        Cu Y   0        Cu Z   0     
                    --------------- --------------- ---------------
    0   0.0000 THz   0.3408  0.0000 -0.8980  0.0000  0.2783  0.0000
    1   0.0000 THz   0.8252  0.0000  0.4276  0.0000  0.3691  0.0000
    2   0.0000 THz   0.4504  0.0000 -0.1039  0.0000 -0.8868  0.0000


 Q=  0.065936 -0.065936 -0.065936, q=  0.000000  0.000000  0.250000

                       Cu X   0        Cu Y   0        Cu Z   0     
                    --------------- --------------- ---------------
    0   2.3835 THz   0.0000  0.0000  0.6998 -0.1013 -0.6998  0.1013
    1   2.3835 THz   0.8165  0.0000  0.4082 -0.0000  0.4082 -0.0000
    2   4.1825 THz   0.5774  0.0000 -0.5774  0.0000 -0.5774  0.0000


 Q= -0.197807  0.197807  0.065936, q=  0.000000  0.250000 -0.500000

                       Cu X   0        Cu Y   0        Cu Z   0     
                    --------------- --------------- ---------------
    0   3.6101 THz  -0.7071  0.0000 -0.7071 -0.0000  0.0000  0.0000
    1   3.6282 THz   0.5988  0.0000 -0.5988 -0.0000  0.5319  0.0000
    2   4.5112 THz  -0.3761  0.0000  0.3761  0.0000  0.8468  0.0000


 Q= -0.131872  0.131872  0.000000, q=  0.000000  0.250000 -0.250000

                       Cu X   0        Cu Y   0        Cu Z   0     
                    --------------- --------------- ---------------
    0   3.0990 THz  -0.7071  0.0000 -0.7071 -0.0000 -0.0000 -0.0000
    1   3.6709 THz   0.0000  0.0000  0.0000  0.0000 -0.6655 -0.7464
    2   4.3773 THz   0.7071  0.0000 -0.7071 -0.0000 -0.0000 -0.0000


 Q= -0.065936  0.065936 -0.065936, q=  0.000000  0.250000  0.000000

                       Cu X   0        Cu Y   0        Cu Z   0     
                    --------------- --------------- ---------------
    0   2.3835 THz   0.0000  0.0000 -0.6966  0.1212 -0.6966  0.1212
    1   2.3835 THz   0.8165  0.0000  0.4082 -0.0000 -0.4082 -0.0000
    2   4.1825 THz   0.5774  0.0000 -0.5774  0.0000  0.5774  0.0000


 Q=  0.000000  0.000000 -0.131872, q=  0.000000  0.250000  0.250000

                       Cu X   0        Cu Y   0        Cu Z   0     
                    --------------- --------------- ---------------
    0   3.1730 THz   0.0000  0.0000 -0.8927 -0.4506  0.0000  0.0000
    1   3.1730 THz   1.0000  0.0000  0.0000  0.0000  0.0000  0.0000
    2   3.9967 THz   0.0000  0.0000  0.0000  0.0000  0.9942 -0.1074


 Q= -0.065936 -0.065936  0.329679, q=  0.250000 -0.500000 -0.500000

                       Cu X   0        Cu Y   0        Cu Z   0     
                    --------------- --------------- ---------------
    0   3.6101 THz   0.7071  0.0000 -0.7071  0.0000  0.0000 -0.0000
    1   3.6282 THz   0.5988  0.0000  0.5988 -0.0000 -0.5319  0.0000
    2   4.5112 THz   0.3761  0.0000  0.3761  0.0000  0.8468  0.0000


 Q=  0.000000 -0.131872  0.263743, q=  0.250000 -0.500000 -0.250000

                       Cu X   0        Cu Y   0        Cu Z   0     
                    --------------- --------------- ---------------
    0   3.7241 THz   0.0000  0.0000 -0.9816 -0.1911  0.0000 -0.0000
    1   4.2507 THz   1.0000  0.0000  0.0000  0.0000  0.0000  0.0000
    2   4.2507 THz   0.0000  0.0000 -0.0000 -0.0000 -0.3188  0.9478


 Q=  0.065936 -0.197807  0.197807, q=  0.250000 -0.500000  0.000000

                       Cu X   0        Cu Y   0        Cu Z   0     
                    --------------- --------------- ---------------
    0   3.6101 THz   0.0000  0.0000 -0.7071 -0.0013 -0.7071 -0.0013
    1   3.6282 THz  -0.5319  0.0000 -0.5988 -0.0000  0.5988 -0.0000
    2   4.5112 THz   0.8468  0.0000 -0.3761 -0.0000  0.3761 -0.0000


 Q=  0.131872 -0.263743  0.131872, q=  0.250000 -0.500000  0.250000

                       Cu X   0        Cu Y   0        Cu Z   0     
                    --------------- --------------- ---------------
    0   3.0990 THz   0.7071  0.0000  0.0000 -0.0000 -0.7071  0.0000
    1   3.6709 THz   0.0000  0.0000 -0.8670 -0.4983  0.0000  0.0000
    2   4.3773 THz   0.7071  0.0000  0.0000  0.0000  0.7071 -0.0000


 Q= -0.131872  0.000000  0.263743, q=  0.250000 -0.250000 -0.500000

                       Cu X   0        Cu Y   0        Cu Z   0     
                    --------------- --------------- ---------------
    0   3.7241 THz   1.0000  0.0000  0.0000  0.0000  0.0000  0.0000
    1   4.2507 THz   0.0000  0.0000 -0.6564  0.4812  0.5811  0.0013
    2   4.2507 THz   0.0000  0.0000 -0.5804  0.0289 -0.6784 -0.4495


 Q= -0.065936 -0.065936  0.197807, q=  0.250000 -0.250000 -0.250000

                       Cu X   0        Cu Y   0        Cu Z   0     
                    --------------- --------------- ---------------
    0   3.6101 THz  -0.7071  0.0000  0.7071  0.0000  0.0000  0.0000
    1   3.6282 THz   0.5988  0.0000  0.5988  0.0000  0.5319  0.0000
    2   4.5112 THz   0.3761  0.0000  0.3761 -0.0000 -0.8468 -0.0000


 Q=  0.000000 -0.131872  0.131872, q=  0.250000 -0.250000  0.000000

                       Cu X   0        Cu Y   0        Cu Z   0     
                    --------------- --------------- ---------------
    0   3.0990 THz   0.0000  0.0000 -0.5163 -0.4831 -0.5163 -0.4831
    1   3.6709 THz   1.0000  0.0000  0.0000  0.0000  0.0000  0.0000
    2   4.3773 THz   0.0000  0.0000 -0.6301  0.3208  0.6301 -0.3208


 Q=  0.065936 -0.197807  0.065936, q=  0.250000 -0.250000  0.250000

                       Cu X   0        Cu Y   0        Cu Z   0     
                    --------------- --------------- ---------------
    0   3.6101 THz  -0.7071  0.0000 -0.0000  0.0000  0.7071  0.0000
    1   3.6282 THz   0.5988  0.0000  0.5319  0.0000  0.5988  0.0000
    2   4.5112 THz  -0.3761  0.0000  0.8468  0.0000 -0.3761  0.0000


 Q= -0.197807  0.065936  0.197807, q=  0.250000  0.000000 -0.500000

                       Cu X   0        Cu Y   0        Cu Z   0     
                    --------------- --------------- ---------------
    0   3.6101 THz   0.7071  0.0000 -0.0000 -0.0000  0.7071  0.0000
    1   3.6282 THz   0.5988  0.0000  0.5319  0.0000 -0.5988 -0.0000
    2   4.5112 THz  -0.3761  0.0000  0.8468  0.0000  0.3761 -0.0000


 Q= -0.131872  0.000000  0.131872, q=  0.250000  0.000000 -0.250000

                       Cu X   0        Cu Y   0        Cu Z   0     
                    --------------- --------------- ---------------
    0   3.0990 THz   0.7071  0.0000  0.0000  0.0000  0.7071  0.0000
    1   3.6709 THz   0.0000  0.0000 -0.9970  0.0774  0.0000 -0.0000
    2   4.3773 THz   0.7071  0.0000  0.0000 -0.0000 -0.7071 -0.0000


 Q= -0.065936 -0.065936  0.065936, q=  0.250000  0.000000  0.000000

                       Cu X   0        Cu Y   0        Cu Z   0     
                    --------------- --------------- ---------------
    0   2.3835 THz   0.0000  0.0000  0.0000 -0.7071  0.0000 -0.7071
    1   2.3835 THz   0.8165  0.0000 -0.4082  0.0000  0.4082 -0.0000
    2   4.1825 THz  -0.5774  0.0000 -0.5774  0.0000  0.5774 -0.0000


 Q=  0.000000 -0.131872  0.000000, q=  0.250000  0.000000  0.250000

                       Cu X   0        Cu Y   0        Cu Z   0     
                    --------------- --------------- ---------------
    0   3.1730 THz   0.0000  0.0000 -0.0000  0.0000 -0.9437  0.3309
    1   3.1730 THz   1.0000  0.0000  0.0000  0.0000  0.0000  0.0000
    2   3.9967 THz   0.0000  0.0000 -0.7605  0.6493  0.0000  0.0000


 Q= -0.263743  0.131872  0.131872, q=  0.250000  0.250000 -0.500000

                       Cu X   0        Cu Y   0        Cu Z   0     
                    --------------- --------------- ---------------
    0   3.0990 THz   0.0000  0.0000  0.5492 -0.4454 -0.5492  0.4454
    1   3.6709 THz   1.0000  0.0000  0.0000  0.0000  0.0000  0.0000
    2   4.3773 THz   0.0000  0.0000 -0.7070 -0.0105 -0.7070 -0.0105


 Q= -0.197807  0.065936  0.065936, q=  0.250000  0.250000 -0.250000

                       Cu X   0        Cu Y   0        Cu Z   0     
                    --------------- --------------- ---------------
    0   3.6101 THz   0.0000  0.0000  0.7048  0.0567 -0.7048 -0.0567
    1   3.6282 THz  -0.5319  0.0000 -0.5988 -0.0000 -0.5988 -0.0000
    2   4.5112 THz   0.8468  0.0000 -0.3761 -0.0000 -0.3761 -0.0000


 Q= -0.131872  0.000000  0.000000, q=  0.250000  0.250000  0.000000

                       Cu X   0        Cu Y   0        Cu Z   0     
                    --------------- --------------- ---------------
    0   3.1730 THz   0.0000  0.0000 -0.6235 -0.3477 -0.6991  0.0406
    1   3.1730 THz   0.0000  0.0000 -0.4806 -0.5093  0.6921  0.1750
    2   3.9967 THz   1.0000  0.0000  0.0000  0.0000  0.0000  0.0000


 Q= -0.065936 -0.065936 -0.065936, q=  0.250000  0.250000  0.250000

                       Cu X   0        Cu Y   0        Cu Z   0     
                    --------------- --------------- ---------------
    0   2.3835 THz   0.0000  0.0000  0.7048  0.0573 -0.7048 -0.0573
    1   2.3835 THz   0.8165  0.0000 -0.4082 -0.0000 -0.4082 -0.0000
    2   4.1825 THz  -0.5774  0.0000 -0.5774 -0.0000 -0.5774 -0.0000
