
Used Primitive lattice vector

    0.000000000000      2.033757000000      2.033757000000  
    2.033757000000      0.000000000000      2.033757000000  
    2.033757000000      2.033757000000      0.000000000000  

   2 Atom(s) in the Primitive cell

 0.0000000000 0.0000000000 0.0000000000 Mg    0
 0.5000000000 0.5000000000 0.5000000000  O    1


 Q= -0.122925 -0.122925 -0.122925, q= -0.500000 -0.500000 -0.500000

                       Mg X   0        Mg Y   0        Mg Z   0         O X   1         O Y   1         O Z   1     
                    --------------- --------------- --------------- --------------- --------------- ---------------
    0   9.6391 THz   0.0000  0.0000  0.7071 -0.0000 -0.7071  0.0000  0.0000  0.0000 -0.0000  0.0000 -0.0000 -0.0000
    1   9.6391 THz   0.8165  0.0000 -0.4082 -0.0000 -0.4082  0.0000  0.0000  0.0000  0.0000  0.0000  0.0000 -0.0000
    2  13.0858 THz   0.0000  0.0000 -0.0000  0.0000  0.0000 -0.0000  0.2915  0.4345  0.2017  0.1999 -0.4931 -0.6344
    3  13.0858 THz   0.0000  0.0000 -0.0000 -0.0000  0.0000  0.0000  0.6268  0.0004 -0.7641  0.0464  0.1373 -0.0467
    4  18.1441 THz  -0.5774  0.0000 -0.5774 -0.0000 -0.5774  0.0000  0.0000  0.0000  0.0000  0.0000  0.0000 -0.0000
    5  19.1663 THz  -0.0000 -0.0000  0.0000 -0.0000 -0.0000  0.0000  0.5659  0.1143  0.5659  0.1143  0.5659  0.1143


 Q= -0.061463 -0.061463 -0.184388, q= -0.500000 -0.500000 -0.250000

                       Mg X   0        Mg Y   0        Mg Z   0         O X   1         O Y   1         O Z   1     
                    --------------- --------------- --------------- --------------- --------------- ---------------
    0   9.3044 THz  -0.6611  0.0000  0.6611 -0.0000  0.0000  0.0000 -0.2508 -0.0000  0.2508  0.0000 -0.0000 -0.0000
    1  10.8484 THz   0.5381  0.0000  0.5381 -0.0000 -0.6232 -0.0000  0.1253  0.0000  0.1253  0.0000  0.0341 -0.0000
    2  14.5487 THz   0.3637  0.0000  0.3637  0.0000  0.7453  0.0000  0.2980  0.0000  0.2980 -0.0000 -0.0474  0.0000
    3  14.6362 THz  -0.2508  0.0000  0.2508  0.0000 -0.0000  0.0000  0.6611  0.0000 -0.6611 -0.0000  0.0000  0.0000
    4  15.6986 THz  -0.2172  0.0000 -0.2172 -0.0000 -0.2148 -0.0000  0.4840  0.0000  0.4840  0.0000 -0.6253 -0.0000
    5  18.6370 THz   0.1760  0.0000  0.1760 -0.0000  0.0999 -0.0000 -0.4015 -0.0000 -0.4015  0.0000 -0.7782 -0.0000


 Q=  0.000000  0.000000 -0.245850, q= -0.500000 -0.500000  0.000000

                       Mg X   0        Mg Y   0        Mg Z   0         O X   1         O Y   1         O Z   1     
                    --------------- --------------- --------------- --------------- --------------- ---------------
    0   9.2739 THz   0.9154  0.0000  0.0000 -0.0000  0.0000  0.0000  0.4026  0.0000 -0.0000 -0.0000  0.0000  0.0000
    1   9.2739 THz   0.0000  0.0000 -0.9154  0.0000  0.0000  0.0000 -0.0000  0.0000 -0.4026  0.0000 -0.0000  0.0000
    2  13.5632 THz   0.0000  0.0000 -0.0000 -0.0000  0.9928  0.0000 -0.0000  0.0000  0.0000  0.0000 -0.1196 -0.0000
    3  15.7639 THz   0.0000  0.0000 -0.4026 -0.0000 -0.0000 -0.0000  0.0000 -0.0000  0.9154  0.0000  0.0000 -0.0000
    4  15.7639 THz  -0.4026  0.0000  0.0000 -0.0000  0.0000  0.0000  0.9154  0.0000 -0.0000 -0.0000  0.0000  0.0000
    5  18.6134 THz   0.0000  0.0000  0.0000 -0.0000 -0.1196  0.0000  0.0000 -0.0000  0.0000  0.0000 -0.9928  0.0000


 Q=  0.061463  0.061463 -0.307313, q= -0.500000 -0.500000  0.250000

                       Mg X   0        Mg Y   0        Mg Z   0         O X   1         O Y   1         O Z   1     
                    --------------- --------------- --------------- --------------- --------------- ---------------
    0   9.3044 THz  -0.6611  0.0000  0.6611  0.0000  0.0000  0.0000 -0.2508  0.0000  0.2508 -0.0000 -0.0000  0.0000
    1  10.8484 THz   0.5381  0.0000  0.5381  0.0000 -0.6232  0.0000  0.1253  0.0000  0.1253 -0.0000  0.0341  0.0000
    2  14.5487 THz   0.3637  0.0000  0.3637  0.0000  0.7453  0.0000  0.2980  0.0000  0.2980 -0.0000 -0.0474 -0.0000
    3  14.6362 THz  -0.2508  0.0000  0.2508  0.0000 -0.0000  0.0000  0.6611  0.0000 -0.6611 -0.0000 -0.0000 -0.0000
    4  15.6986 THz  -0.2172  0.0000 -0.2172 -0.0000 -0.2148  0.0000  0.4840  0.0000  0.4840  0.0000 -0.6253 -0.0000
    5  18.6370 THz   0.1760  0.0000  0.1760  0.0000  0.0999  0.0000 -0.4015  0.0000 -0.4015  0.0000 -0.7782  0.0000


 Q= -0.061463 -0.184388 -0.061463, q= -0.500000 -0.250000 -0.500000

                       Mg X   0        Mg Y   0        Mg Z   0         O X   1         O Y   1         O Z   1     
                    --------------- --------------- --------------- --------------- --------------- ---------------
    0   9.3044 THz   0.6611  0.0000 -0.0000  0.0000 -0.6611 -0.0000  0.2508 -0.0000  0.0000 -0.0000 -0.2508 -0.0000
    1  10.8484 THz  -0.5381  0.0000  0.6232  0.0000 -0.5381 -0.0000 -0.1253  0.0000 -0.0341  0.0000 -0.1253 -0.0000
    2  14.5487 THz  -0.3637  0.0000 -0.7453  0.0000 -0.3637  0.0000 -0.2980  0.0000  0.0474 -0.0000 -0.2980 -0.0000
    3  14.6362 THz  -0.2508  0.0000 -0.0000 -0.0000  0.2508 -0.0000  0.6611 -0.0000  0.0000  0.0000 -0.6611  0.0000
    4  15.6986 THz   0.2172  0.0000  0.2148  0.0000  0.2172 -0.0000 -0.4840  0.0000  0.6253 -0.0000 -0.4840  0.0000
    5  18.6370 THz   0.1760  0.0000  0.0999 -0.0000  0.1760 -0.0000 -0.4015  0.0000 -0.7782  0.0000 -0.4015  0.0000


 Q=  0.000000 -0.122925 -0.122925, q= -0.500000 -0.250000 -0.250000

                       Mg X   0        Mg Y   0        Mg Z   0         O X   1         O Y   1         O Z   1     
                    --------------- --------------- --------------- --------------- --------------- ---------------
    0   9.4333 THz   0.0000  0.0000  0.6956 -0.0078 -0.6956  0.0078 -0.0000  0.0000  0.1270 -0.0014 -0.1270  0.0014
    1  10.1546 THz   0.9322  0.0000  0.0000 -0.0000  0.0000 -0.0000  0.3619 -0.0000 -0.0000  0.0000  0.0000  0.0000
    2  13.2931 THz   0.0000  0.0000 -0.1233  0.0305  0.1233 -0.0305  0.0000 -0.0000  0.6753 -0.1669 -0.6753  0.1669
    3  14.3729 THz   0.0000  0.0000  0.6203 -0.0215  0.6203 -0.0215 -0.0000 -0.0000  0.3386 -0.0117  0.3386 -0.0117
    4  16.1350 THz   0.3619  0.0000  0.0000  0.0000 -0.0000  0.0000 -0.9322  0.0000  0.0000 -0.0000 -0.0000 -0.0000
    5  19.3462 THz   0.0000  0.0000  0.2258  0.2525  0.2258  0.2525  0.0000 -0.0000 -0.4138 -0.4626 -0.4138 -0.4626


 Q=  0.061463 -0.061463 -0.184388, q= -0.500000 -0.250000  0.000000

                       Mg X   0        Mg Y   0        Mg Z   0         O X   1         O Y   1         O Z   1     
                    --------------- --------------- --------------- --------------- --------------- ---------------
    0   9.3044 THz   0.6611  0.0000  0.6611 -0.0000 -0.0000  0.0000  0.2508 -0.0000  0.2508  0.0000 -0.0000 -0.0000
    1  10.8484 THz   0.5381  0.0000 -0.5381  0.0000  0.6232  0.0000  0.1253 -0.0000 -0.1253  0.0000 -0.0341  0.0000
    2  14.5487 THz  -0.3637  0.0000  0.3637 -0.0000  0.7453 -0.0000 -0.2980  0.0000  0.2980  0.0000 -0.0474  0.0000
    3  14.6362 THz   0.2508  0.0000  0.2508 -0.0000 -0.0000 -0.0000 -0.6611  0.0000 -0.6611  0.0000  0.0000  0.0000
    4  15.6986 THz   0.2172  0.0000 -0.2172 -0.0000 -0.2148 -0.0000 -0.4840  0.0000  0.4840 -0.0000 -0.6253  0.0000
    5  18.6370 THz   0.1760  0.0000 -0.1760  0.0000 -0.0999  0.0000 -0.4015 -0.0000  0.4015  0.0000  0.7782  0.0000


 Q=  0.122925  0.000000 -0.245850, q= -0.500000 -0.250000  0.250000

                       Mg X   0        Mg Y   0        Mg Z   0         O X   1         O Y   1         O Z   1     
                    --------------- --------------- --------------- --------------- --------------- ---------------
    0  11.7606 THz   1.0000  0.0000  0.0000  0.0000  0.0000  0.0000  0.0000  0.0000  0.0000  0.0000  0.0000  0.0000
    1  11.9330 THz   0.0000  0.0000  0.8043  0.0867 -0.5138 -0.1586 -0.0000  0.0000  0.1969  0.0212  0.1258  0.0388
    2  11.9330 THz   0.0000  0.0000  0.5377  0.0045  0.7927  0.1610  0.0000  0.0000  0.1316  0.0011 -0.1941 -0.0394
    3  15.3292 THz   0.0000  0.0000  0.0000 -0.0000  0.0000 -0.0000 -0.9961  0.0880  0.0000 -0.0000  0.0000 -0.0000
    4  17.2808 THz   0.0000  0.0000  0.0993 -0.2147  0.0093 -0.0220  0.0000  0.0000 -0.4056  0.8772  0.0382 -0.0898
    5  17.2808 THz   0.0000  0.0000  0.0153 -0.0184 -0.1456  0.1865 -0.0000 -0.0000 -0.0624  0.0750 -0.5946  0.7619


 Q=  0.000000 -0.245850  0.000000, q= -0.500000  0.000000 -0.500000

                       Mg X   0        Mg Y   0        Mg Z   0         O X   1         O Y   1         O Z   1     
                    --------------- --------------- --------------- --------------- --------------- ---------------
    0   9.2739 THz   0.9154  0.0000  0.0000 -0.0000 -0.0000 -0.0000  0.4026 -0.0000 -0.0000 -0.0000 -0.0000  0.0000
    1   9.2739 THz   0.0000  0.0000 -0.0000 -0.0000 -0.9154 -0.0000  0.0000 -0.0000 -0.0000  0.0000 -0.4026 -0.0000
    2  13.5632 THz   0.0000  0.0000 -0.9928  0.0000  0.0000  0.0000  0.0000  0.0000  0.1196 -0.0000  0.0000  0.0000
    3  15.7639 THz   0.4026  0.0000  0.0000  0.0000  0.0000  0.0000 -0.9154  0.0000  0.0000  0.0000  0.0000 -0.0000
    4  15.7639 THz   0.0000  0.0000 -0.0000 -0.0000 -0.4026  0.0000  0.0000 -0.0000 -0.0000  0.0000  0.9154 -0.0000
    5  18.6134 THz   0.0000  0.0000  0.1196 -0.0000 -0.0000  0.0000  0.0000 -0.0000  0.9928 -0.0000  0.0000 -0.0000


 Q=  0.061463 -0.184388 -0.061463, q= -0.500000  0.000000 -0.250000

                       Mg X   0        Mg Y   0        Mg Z   0         O X   1         O Y   1         O Z   1     
                    --------------- --------------- --------------- --------------- --------------- ---------------
    0   9.3044 THz  -0.6611  0.0000 -0.0000 -0.0000 -0.6611  0.0000 -0.2508 -0.0000 -0.0000  0.0000 -0.2508 -0.0000
    1  10.8484 THz  -0.5381  0.0000 -0.6232  0.0000  0.5381 -0.0000 -0.1253 -0.0000  0.0341 -0.0000  0.1253 -0.0000
    2  14.5487 THz   0.3637  0.0000 -0.7453  0.0000 -0.3637  0.0000  0.2980 -0.0000  0.0474 -0.0000 -0.2980 -0.0000
    3  14.6362 THz   0.2508  0.0000  0.0000 -0.0000  0.2508 -0.0000 -0.6611  0.0000 -0.0000 -0.0000 -0.6611  0.0000
    4  15.6986 THz  -0.2172  0.0000  0.2148  0.0000  0.2172 -0.0000  0.4840  0.0000  0.6253 -0.0000 -0.4840  0.0000
    5  18.6370 THz   0.1760  0.0000 -0.0999  0.0000 -0.1760 -0.0000 -0.4015 -0.0000  0.7782  0.0000  0.4015  0.0000


 Q=  0.122925 -0.122925 -0.122925, q= -0.500000  0.000000  0.000000

                       Mg X   0        Mg Y   0        Mg Z   0         O X   1         O Y   1         O Z   1     
                    --------------- --------------- --------------- --------------- --------------- ---------------
    0   9.6391 THz   0.8165  0.0000  0.4082 -0.0000  0.4082  0.0000  0.0000  0.0000 -0.0000  0.0000 -0.0000  0.0000
    1   9.6391 THz   0.0000  0.0000  0.7071 -0.0000 -0.7071  0.0000 -0.0000  0.0000  0.0000  0.0000 -0.0000 -0.0000
    2  13.0858 THz   0.0000  0.0000  0.0000 -0.0000 -0.0000  0.0000 -0.4292 -0.6655 -0.0821 -0.4425 -0.3471 -0.2230
    3  13.0858 THz   0.0000  0.0000  0.0000  0.0000 -0.0000 -0.0000  0.1981 -0.0151 -0.0339 -0.6804  0.2320  0.6653
    4  18.1441 THz   0.5774  0.0000 -0.5774  0.0000 -0.5774 -0.0000 -0.0000 -0.0000  0.0000 -0.0000  0.0000 -0.0000
    5  19.1663 THz   0.0000  0.0000 -0.0000 -0.0000  0.0000  0.0000  0.5758  0.0429 -0.5758 -0.0429 -0.5758 -0.0429


 Q=  0.184388 -0.061463 -0.184388, q= -0.500000  0.000000  0.250000

                       Mg X   0        Mg Y   0        Mg Z   0         O X   1         O Y   1         O Z   1     
                    --------------- --------------- --------------- --------------- --------------- ---------------
    0   9.3044 THz  -0.6611  0.0000  0.0000  0.0000 -0.6611 -0.0000  0.2508 -0.0000 -0.0000  0.0000  0.2508  0.0000
    1  10.8484 THz   0.5381  0.0000  0.6232  0.0000 -0.5381 -0.0000 -0.1253  0.0000  0.0341  0.0000  0.1253  0.0000
    2  14.5487 THz  -0.3637  0.0000  0.7453 -0.0000  0.3637 -0.0000  0.2980 -0.0000  0.0474  0.0000 -0.2980 -0.0000
    3  14.6362 THz   0.2508  0.0000 -0.0000 -0.0000  0.2508 -0.0000  0.6611 -0.0000 -0.0000 -0.0000  0.6611 -0.0000
    4  15.6986 THz   0.2172  0.0000 -0.2148  0.0000 -0.2172 -0.0000  0.4840  0.0000  0.6253  0.0000 -0.4840 -0.0000
    5  18.6370 THz   0.1760  0.0000 -0.0999 -0.0000 -0.1760  0.0000  0.4015 -0.0000 -0.7782  0.0000 -0.4015 -0.0000


 Q=  0.061463 -0.307313  0.061463, q= -0.500000  0.250000 -0.500000

                       Mg X   0        Mg Y   0        Mg Z   0         O X   1         O Y   1         O Z   1     
                    --------------- --------------- --------------- --------------- --------------- ---------------
    0   9.3044 THz   0.6611  0.0000  0.0000 -0.0000 -0.6611 -0.0000  0.2508  0.0000  0.0000 -0.0000 -0.2508 -0.0000
    1  10.8484 THz  -0.5381  0.0000  0.6232  0.0000 -0.5381 -0.0000 -0.1253 -0.0000 -0.0341 -0.0000 -0.1253  0.0000
    2  14.5487 THz  -0.3637  0.0000 -0.7453 -0.0000 -0.3637 -0.0000 -0.2980 -0.0000  0.0474  0.0000 -0.2980  0.0000
    3  14.6362 THz  -0.2508  0.0000  0.0000  0.0000  0.2508  0.0000  0.6611  0.0000 -0.0000 -0.0000 -0.6611 -0.0000
    4  15.6986 THz   0.2172  0.0000  0.2148 -0.0000  0.2172 -0.0000 -0.4840 -0.0000  0.6253  0.0000 -0.4840 -0.0000
    5  18.6370 THz   0.1760  0.0000  0.0999  0.0000  0.1760  0.0000 -0.4015 -0.0000 -0.7782  0.0000 -0.4015  0.0000


 Q=  0.122925 -0.245850  0.000000, q= -0.500000  0.250000 -0.250000

                       Mg X   0        Mg Y   0        Mg Z   0         O X   1         O Y   1         O Z   1     
                    --------------- --------------- --------------- --------------- --------------- ---------------
    0  11.7606 THz   1.0000  0.0000  0.0000  0.0000  0.0000  0.0000  0.0000  0.0000  0.0000  0.0000  0.0000  0.0000
    1  11.9330 THz   0.0000  0.0000 -0.7187 -0.3303 -0.0814  0.5579  0.0000 -0.0000  0.1759  0.0809 -0.0199  0.1366
    2  11.9330 THz   0.0000  0.0000 -0.5188  0.2207 -0.5023 -0.6109  0.0000 -0.0000  0.1270 -0.0540 -0.1230 -0.1496
    3  15.3292 THz   0.0000  0.0000  0.0000  0.0000 -0.0000  0.0000  0.6644  0.7474  0.0000 -0.0000 -0.0000 -0.0000
    4  17.2808 THz   0.0000  0.0000 -0.2339  0.0392  0.0174 -0.0015  0.0000  0.0000 -0.9553  0.1603 -0.0710  0.0062
    5  17.2808 THz   0.0000  0.0000  0.0105  0.0139  0.1273  0.2001 -0.0000 -0.0000  0.0429  0.0569 -0.5201 -0.8172


 Q=  0.184388 -0.184388 -0.061463, q= -0.500000  0.250000  0.000000

                       Mg X   0        Mg Y   0        Mg Z   0         O X   1         O Y   1         O Z   1     
                    --------------- --------------- --------------- --------------- --------------- ---------------
    0   9.3044 THz   0.6611  0.0000  0.6611  0.0000 -0.0000 -0.0000 -0.2508 -0.0000 -0.2508 -0.0000 -0.0000 -0.0000
    1  10.8484 THz  -0.5381  0.0000  0.5381  0.0000 -0.6232 -0.0000  0.1253  0.0000 -0.1253 -0.0000 -0.0341 -0.0000
    2  14.5487 THz   0.3637  0.0000 -0.3637 -0.0000 -0.7453 -0.0000 -0.2980 -0.0000  0.2980 -0.0000 -0.0474 -0.0000
    3  14.6362 THz   0.2508  0.0000  0.2508  0.0000  0.0000  0.0000  0.6611  0.0000  0.6611  0.0000  0.0000  0.0000
    4  15.6986 THz  -0.2172  0.0000  0.2172  0.0000  0.2148 -0.0000 -0.4840 -0.0000  0.4840  0.0000 -0.6253 -0.0000
    5  18.6370 THz   0.1760  0.0000 -0.1760 -0.0000 -0.0999 -0.0000  0.4015  0.0000 -0.4015 -0.0000 -0.7782 -0.0000


 Q=  0.245850 -0.122925 -0.122925, q= -0.500000  0.250000  0.250000

                       Mg X   0        Mg Y   0        Mg Z   0         O X   1         O Y   1         O Z   1     
                    --------------- --------------- --------------- --------------- --------------- ---------------
    0   9.4333 THz   0.0000  0.0000  0.6699 -0.1875 -0.6699  0.1875  0.0000  0.0000 -0.1223  0.0342  0.1223 -0.0342
    1  10.1546 THz   0.9322  0.0000  0.0000 -0.0000  0.0000 -0.0000 -0.3619 -0.0000  0.0000 -0.0000  0.0000  0.0000
    2  13.2931 THz   0.0000  0.0000  0.1174 -0.0484 -0.1174  0.0484  0.0000  0.0000  0.6432 -0.2649 -0.6432  0.2649
    3  14.3729 THz   0.0000  0.0000 -0.6098  0.1156 -0.6098  0.1156 -0.0000 -0.0000  0.3328 -0.0631  0.3328 -0.0631
    4  16.1350 THz   0.3619  0.0000 -0.0000  0.0000 -0.0000  0.0000  0.9322  0.0000 -0.0000  0.0000 -0.0000 -0.0000
    5  19.3462 THz   0.0000  0.0000 -0.3320  0.0672 -0.3320  0.0672 -0.0000 -0.0000 -0.6083  0.1232 -0.6083  0.1232


 Q= -0.184388 -0.061463 -0.061463, q= -0.250000 -0.500000 -0.500000

                       Mg X   0        Mg Y   0        Mg Z   0         O X   1         O Y   1         O Z   1     
                    --------------- --------------- --------------- --------------- --------------- ---------------
    0   9.3044 THz  -0.0000  0.0000 -0.6608 -0.0205  0.6608  0.0205  0.0000  0.0000 -0.2507 -0.0078  0.2507  0.0078
    1  10.8484 THz  -0.6232  0.0000  0.5381  0.0000  0.5381  0.0000  0.0341 -0.0000  0.1253  0.0000  0.1253  0.0000
    2  14.5487 THz   0.7453  0.0000  0.3637 -0.0000  0.3637  0.0000 -0.0474 -0.0000  0.2980  0.0000  0.2980 -0.0000
    3  14.6362 THz  -0.0000  0.0000 -0.2504 -0.0143  0.2504  0.0143  0.0000  0.0000  0.6600  0.0377 -0.6600 -0.0377
    4  15.6986 THz   0.2148  0.0000  0.2172 -0.0000  0.2172  0.0000  0.6253  0.0000 -0.4840 -0.0000 -0.4840 -0.0000
    5  18.6370 THz   0.0999  0.0000  0.1760 -0.0000  0.1760  0.0000 -0.7782 -0.0000 -0.4015 -0.0000 -0.4015 -0.0000


 Q= -0.122925  0.000000 -0.122925, q= -0.250000 -0.500000 -0.250000

                       Mg X   0        Mg Y   0        Mg Z   0         O X   1         O Y   1         O Z   1     
                    --------------- --------------- --------------- --------------- --------------- ---------------
    0   9.4333 THz   0.6956  0.0000  0.0000  0.0000 -0.6956 -0.0000  0.1270 -0.0000  0.0000  0.0000 -0.1270  0.0000
    1  10.1546 THz  -0.0000  0.0000  0.9318  0.0286  0.0000 -0.0000 -0.0000 -0.0000  0.3617  0.0111  0.0000  0.0000
    2  13.2931 THz   0.1270  0.0000 -0.0000  0.0000 -0.1270  0.0000 -0.6956  0.0000 -0.0000 -0.0000  0.6956 -0.0000
    3  14.3729 THz  -0.6207  0.0000 -0.0000  0.0000 -0.6207  0.0000 -0.3388  0.0000 -0.0000 -0.0000 -0.3388 -0.0000
    4  16.1350 THz  -0.0000  0.0000  0.3576 -0.0559 -0.0000 -0.0000  0.0000 -0.0000 -0.9210  0.1441 -0.0000  0.0000
    5  19.3462 THz   0.3388  0.0000  0.0000  0.0000  0.3388  0.0000 -0.6207  0.0000 -0.0000  0.0000 -0.6207  0.0000


 Q= -0.061463  0.061463 -0.184388, q= -0.250000 -0.500000  0.000000

                       Mg X   0        Mg Y   0        Mg Z   0         O X   1         O Y   1         O Z   1     
                    --------------- --------------- --------------- --------------- --------------- ---------------
    0   9.3044 THz  -0.6611  0.0000 -0.6611 -0.0000  0.0000 -0.0000 -0.2508 -0.0000 -0.2508 -0.0000  0.0000  0.0000
    1  10.8484 THz   0.5381  0.0000 -0.5381 -0.0000 -0.6232 -0.0000  0.1253 -0.0000 -0.1253 -0.0000  0.0341 -0.0000
    2  14.5487 THz   0.3637  0.0000 -0.3637 -0.0000  0.7453  0.0000  0.2980  0.0000 -0.2980  0.0000 -0.0474  0.0000
    3  14.6362 THz   0.2508  0.0000  0.2508  0.0000 -0.0000 -0.0000 -0.6611 -0.0000 -0.6611 -0.0000  0.0000  0.0000
    4  15.6986 THz   0.2172  0.0000 -0.2172  0.0000  0.2148  0.0000 -0.4840 -0.0000  0.4840 -0.0000  0.6253  0.0000
    5  18.6370 THz   0.1760  0.0000 -0.1760 -0.0000  0.0999 -0.0000 -0.4015 -0.0000  0.4015  0.0000 -0.7782 -0.0000


 Q=  0.000000  0.122925 -0.245850, q= -0.250000 -0.500000  0.250000

                       Mg X   0        Mg Y   0        Mg Z   0         O X   1         O Y   1         O Z   1     
                    --------------- --------------- --------------- --------------- --------------- ---------------
    0  11.7606 THz   0.0000  0.0000  0.1495  0.9888  0.0000 -0.0000 -0.0000  0.0000 -0.0000  0.0000 -0.0000  0.0000
    1  11.9330 THz   0.9713  0.0000  0.0000  0.0000 -0.0000  0.0000  0.2378 -0.0000 -0.0000 -0.0000  0.0000  0.0000
    2  11.9330 THz   0.0000  0.0000  0.0000  0.0000 -0.9127  0.3323 -0.0000  0.0000  0.0000  0.0000  0.2234 -0.0813
    3  15.3292 THz   0.0000  0.0000  0.0000  0.0000 -0.0000  0.0000 -0.0000  0.0000  0.1091 -0.9940 -0.0000  0.0000
    4  17.2808 THz  -0.2378  0.0000  0.0000  0.0000 -0.0000  0.0000  0.9713 -0.0000 -0.0000 -0.0000  0.0000  0.0000
    5  17.2808 THz   0.0000  0.0000 -0.0000 -0.0000  0.2213 -0.0870  0.0000  0.0000  0.0000 -0.0000  0.9039 -0.3554


 Q= -0.122925 -0.122925  0.000000, q= -0.250000 -0.250000 -0.500000

                       Mg X   0        Mg Y   0        Mg Z   0         O X   1         O Y   1         O Z   1     
                    --------------- --------------- --------------- --------------- --------------- ---------------
    0   9.4333 THz  -0.6956  0.0000  0.6956  0.0000  0.0000  0.0000 -0.1270  0.0000  0.1270 -0.0000  0.0000  0.0000
    1  10.1546 THz   0.0000  0.0000 -0.0000 -0.0000  0.6151  0.7005  0.0000 -0.0000 -0.0000 -0.0000  0.2388  0.2720
    2  13.2931 THz   0.1270  0.0000 -0.1270 -0.0000  0.0000 -0.0000 -0.6956 -0.0000  0.6956  0.0000  0.0000  0.0000
    3  14.3729 THz   0.6207  0.0000  0.6207  0.0000  0.0000  0.0000  0.3388  0.0000  0.3388 -0.0000 -0.0000  0.0000
    4  16.1350 THz   0.0000  0.0000  0.0000 -0.0000 -0.2533  0.2585  0.0000 -0.0000  0.0000 -0.0000  0.6526 -0.6657
    5  19.3462 THz   0.3388  0.0000  0.3388 -0.0000  0.0000  0.0000 -0.6207  0.0000 -0.6207  0.0000 -0.0000  0.0000


 Q= -0.061463 -0.061463 -0.061463, q= -0.250000 -0.250000 -0.250000

                       Mg X   0        Mg Y   0        Mg Z   0         O X   1         O Y   1         O Z   1     
                    --------------- --------------- --------------- --------------- --------------- ---------------
    0   6.6372 THz  -0.6977  0.0000  0.4206 -0.0064  0.2771  0.0064 -0.4130 -0.0000  0.2490 -0.0038  0.1640  0.0038
    1   6.6372 THz   0.0832  0.0000  0.5602 -0.0540 -0.6434  0.0540  0.0493 -0.0000  0.3316 -0.0319 -0.3809  0.0319
    2  11.8562 THz  -0.4586  0.0000 -0.4586 -0.0000 -0.4586 -0.0000 -0.3507 -0.0000 -0.3507 -0.0000 -0.3507  0.0000
    3  13.8538 THz  -0.1992  0.0000 -0.2160  0.0194  0.4152 -0.0194  0.3365  0.0000  0.3649 -0.0328 -0.7014  0.0328
    4  13.8538 THz  -0.3651  0.0000  0.3548 -0.0106  0.0104  0.0106  0.6168  0.0000 -0.5993  0.0179 -0.0175 -0.0179
    5  20.8402 THz  -0.3507  0.0000 -0.3507 -0.0000 -0.3507 -0.0000  0.4586  0.0000  0.4586  0.0000  0.4586  0.0000


 Q=  0.000000  0.000000 -0.122925, q= -0.250000 -0.250000  0.000000

                       Mg X   0        Mg Y   0        Mg Z   0         O X   1         O Y   1         O Z   1     
                    --------------- --------------- --------------- --------------- --------------- ---------------
    0   7.0934 THz   0.8673  0.0000  0.0000  0.0000 -0.0000 -0.0000  0.4978  0.0000 -0.0000 -0.0000  0.0000 -0.0000
    1   7.0934 THz   0.0000  0.0000  0.0616  0.8651  0.0000 -0.0000  0.0000  0.0000  0.0354  0.4965 -0.0000  0.0000
    2  12.1615 THz   0.0000  0.0000  0.0000  0.0000 -0.8376  0.2088 -0.0000  0.0000 -0.0000  0.0000 -0.4898  0.1221
    3  14.9525 THz  -0.4978  0.0000  0.0000  0.0000 -0.0000 -0.0000  0.8673  0.0000 -0.0000 -0.0000  0.0000 -0.0000
    4  14.9525 THz   0.0000  0.0000 -0.0310 -0.4968  0.0000 -0.0000  0.0000  0.0000  0.0540  0.8656  0.0000 -0.0000
    5  19.7914 THz   0.0000  0.0000 -0.0000 -0.0000 -0.4287 -0.2667 -0.0000  0.0000  0.0000  0.0000  0.7330  0.4560


 Q=  0.061463  0.061463 -0.184388, q= -0.250000 -0.250000  0.250000

                       Mg X   0        Mg Y   0        Mg Z   0         O X   1         O Y   1         O Z   1     
                    --------------- --------------- --------------- --------------- --------------- ---------------
    0   9.3044 THz   0.6611  0.0000 -0.6611  0.0000  0.0000  0.0000  0.2508 -0.0000 -0.2508  0.0000 -0.0000 -0.0000
    1  10.8484 THz   0.5381  0.0000  0.5381 -0.0000  0.6232 -0.0000  0.1253  0.0000  0.1253  0.0000 -0.0341  0.0000
    2  14.5487 THz  -0.3637  0.0000 -0.3637  0.0000  0.7453 -0.0000 -0.2980  0.0000 -0.2980 -0.0000 -0.0474 -0.0000
    3  14.6362 THz  -0.2508  0.0000  0.2508 -0.0000  0.0000  0.0000  0.6611 -0.0000 -0.6611  0.0000  0.0000 -0.0000
    4  15.6986 THz  -0.2172  0.0000 -0.2172 -0.0000  0.2148  0.0000  0.4840  0.0000  0.4840  0.0000  0.6253  0.0000
    5  18.6370 THz   0.1760  0.0000  0.1760 -0.0000 -0.0999 -0.0000 -0.4015 -0.0000 -0.4015  0.0000  0.7782  0.0000


 Q= -0.061463 -0.184388  0.061463, q= -0.250000  0.000000 -0.500000

                       Mg X   0        Mg Y   0        Mg Z   0         O X   1         O Y   1         O Z   1     
                    --------------- --------------- --------------- --------------- --------------- ---------------
    0   9.3044 THz  -0.6611  0.0000  0.0000 -0.0000 -0.6611 -0.0000 -0.2508  0.0000  0.0000  0.0000 -0.2508 -0.0000
    1  10.8484 THz  -0.5381  0.0000  0.6232  0.0000  0.5381  0.0000 -0.1253  0.0000 -0.0341 -0.0000  0.1253  0.0000
    2  14.5487 THz   0.3637  0.0000  0.7453 -0.0000 -0.3637  0.0000  0.2980 -0.0000 -0.0474 -0.0000 -0.2980 -0.0000
    3  14.6362 THz  -0.2508  0.0000  0.0000 -0.0000 -0.2508  0.0000  0.6611 -0.0000 -0.0000  0.0000  0.6611 -0.0000
    4  15.6986 THz   0.2172  0.0000  0.2148 -0.0000 -0.2172 -0.0000 -0.4840  0.0000  0.6253 -0.0000  0.4840 -0.0000
    5  18.6370 THz   0.1760  0.0000  0.0999  0.0000 -0.1760  0.0000 -0.4015  0.0000 -0.7782  0.0000  0.4015 -0.0000


 Q=  0.000000 -0.122925  0.000000, q= -0.250000  0.000000 -0.250000

                       Mg X   0        Mg Y   0        Mg Z   0         O X   1         O Y   1         O Z   1     
                    --------------- --------------- --------------- --------------- --------------- ---------------
    0   7.0934 THz   0.8673  0.0000  0.0000 -0.0000 -0.0000 -0.0000  0.4978 -0.0000  0.0000  0.0000  0.0000 -0.0000
    1   7.0934 THz   0.0000  0.0000  0.0000 -0.0000 -0.8482 -0.1812 -0.0000  0.0000  0.0000 -0.0000 -0.4868 -0.1040
    2  12.1615 THz   0.0000  0.0000  0.3475  0.7902 -0.0000  0.0000  0.0000  0.0000  0.2032  0.4621 -0.0000 -0.0000
    3  14.9525 THz   0.4978  0.0000  0.0000  0.0000  0.0000  0.0000 -0.8673  0.0000 -0.0000 -0.0000 -0.0000  0.0000
    4  14.9525 THz   0.0000  0.0000 -0.0000 -0.0000  0.4562  0.1991  0.0000  0.0000 -0.0000 -0.0000 -0.7949 -0.3469
    5  19.7914 THz   0.0000  0.0000 -0.0396  0.5033 -0.0000  0.0000  0.0000  0.0000  0.0677 -0.8606 -0.0000 -0.0000


 Q=  0.061463 -0.061463 -0.061463, q= -0.250000  0.000000  0.000000

                       Mg X   0        Mg Y   0        Mg Z   0         O X   1         O Y   1         O Z   1     
                    --------------- --------------- --------------- --------------- --------------- ---------------
    0   6.6372 THz  -0.7020  0.0000 -0.3694 -0.0169 -0.3326  0.0169 -0.4156  0.0000 -0.2187 -0.0100 -0.1969  0.0100
    1   6.6372 THz   0.0288  0.0000 -0.4330 -0.4116  0.4618  0.4116  0.0171  0.0000 -0.2563 -0.2437  0.2734  0.2437
    2  11.8562 THz  -0.4586  0.0000  0.4586 -0.0000  0.4586  0.0000 -0.3507  0.0000  0.3507  0.0000  0.3507  0.0000
    3  13.8538 THz   0.3759  0.0000  0.0337  0.0030  0.3422 -0.0030 -0.6349  0.0000 -0.0570 -0.0051 -0.5780  0.0051
    4  13.8538 THz  -0.1781 -0.0000 -0.4145  0.0064  0.2364 -0.0064  0.3009 -0.0000  0.7002 -0.0108 -0.3993  0.0108
    5  20.8402 THz   0.3507 -0.0000 -0.3507  0.0000 -0.3507  0.0000 -0.4586 -0.0000  0.4586  0.0000  0.4586  0.0000


 Q=  0.122925  0.000000 -0.122925, q= -0.250000  0.000000  0.250000

                       Mg X   0        Mg Y   0        Mg Z   0         O X   1         O Y   1         O Z   1     
                    --------------- --------------- --------------- --------------- --------------- ---------------
    0   9.4333 THz  -0.6956  0.0000 -0.0000  0.0000 -0.6956 -0.0000 -0.1270 -0.0000 -0.0000  0.0000 -0.1270 -0.0000
    1  10.1546 THz   0.0000  0.0000 -0.9297  0.0682  0.0000 -0.0000  0.0000 -0.0000 -0.3609  0.0265  0.0000 -0.0000
    2  13.2931 THz   0.1270  0.0000 -0.0000 -0.0000  0.1270  0.0000 -0.6956 -0.0000  0.0000  0.0000 -0.6956 -0.0000
    3  14.3729 THz  -0.6207  0.0000  0.0000  0.0000  0.6207 -0.0000 -0.3388 -0.0000 -0.0000  0.0000  0.3388  0.0000
    4  16.1350 THz   0.0000  0.0000 -0.3487 -0.0970 -0.0000  0.0000  0.0000 -0.0000  0.8981  0.2500  0.0000  0.0000
    5  19.3462 THz  -0.3388  0.0000 -0.0000  0.0000  0.3388  0.0000  0.6207  0.0000  0.0000  0.0000 -0.6207 -0.0000


 Q=  0.000000 -0.245850  0.122925, q= -0.250000  0.250000 -0.500000

                       Mg X   0        Mg Y   0        Mg Z   0         O X   1         O Y   1         O Z   1     
                    --------------- --------------- --------------- --------------- --------------- ---------------
    0  11.7606 THz   0.0000  0.0000  0.0000  0.0000  0.9996  0.0286 -0.0000 -0.0000 -0.0000 -0.0000  0.0000 -0.0000
    1  11.9330 THz   0.0000  0.0000 -0.9623  0.1322  0.0000 -0.0000 -0.0000  0.0000  0.2356 -0.0324  0.0000  0.0000
    2  11.9330 THz   0.9713  0.0000  0.0000 -0.0000  0.0000 -0.0000  0.2378 -0.0000  0.0000  0.0000 -0.0000 -0.0000
    3  15.3292 THz   0.0000  0.0000 -0.0000  0.0000  0.0000  0.0000  0.0000  0.0000  0.0000 -0.0000 -0.9752 -0.2212
    4  17.2808 THz  -0.2378  0.0000  0.0000 -0.0000  0.0000 -0.0000  0.9713 -0.0000  0.0000  0.0000 -0.0000 -0.0000
    5  17.2808 THz   0.0000  0.0000 -0.2377  0.0046  0.0000  0.0000  0.0000 -0.0000 -0.9711  0.0188 -0.0000 -0.0000


 Q=  0.061463 -0.184388  0.061463, q= -0.250000  0.250000 -0.250000

                       Mg X   0        Mg Y   0        Mg Z   0         O X   1         O Y   1         O Z   1     
                    --------------- --------------- --------------- --------------- --------------- ---------------
    0   9.3044 THz   0.6611  0.0000  0.0000 -0.0000 -0.6611 -0.0000  0.2508  0.0000  0.0000 -0.0000 -0.2508 -0.0000
    1  10.8484 THz  -0.5381  0.0000 -0.6232 -0.0000 -0.5381 -0.0000 -0.1253  0.0000  0.0341 -0.0000 -0.1253 -0.0000
    2  14.5487 THz  -0.3637  0.0000  0.7453 -0.0000 -0.3637  0.0000 -0.2980  0.0000 -0.0474 -0.0000 -0.2980 -0.0000
    3  14.6362 THz   0.2508  0.0000  0.0000 -0.0000 -0.2508  0.0000 -0.6611  0.0000 -0.0000  0.0000  0.6611 -0.0000
    4  15.6986 THz  -0.2172  0.0000  0.2148  0.0000 -0.2172 -0.0000  0.4840  0.0000  0.6253  0.0000  0.4840  0.0000
    5  18.6370 THz   0.1760  0.0000 -0.0999 -0.0000  0.1760  0.0000 -0.4015 -0.0000  0.7782  0.0000 -0.4015 -0.0000


 Q=  0.122925 -0.122925  0.000000, q= -0.250000  0.250000  0.000000

                       Mg X   0        Mg Y   0        Mg Z   0         O X   1         O Y   1         O Z   1     
                    --------------- --------------- --------------- --------------- --------------- ---------------
    0   9.4333 THz  -0.6956  0.0000 -0.6956  0.0000  0.0000 -0.0000 -0.1270  0.0000 -0.1270  0.0000  0.0000 -0.0000
    1  10.1546 THz  -0.0000  0.0000 -0.0000 -0.0000 -0.9307  0.0525  0.0000 -0.0000  0.0000 -0.0000 -0.3613  0.0204
    2  13.2931 THz   0.1270  0.0000  0.1270  0.0000 -0.0000  0.0000 -0.6956 -0.0000 -0.6956 -0.0000 -0.0000  0.0000
    3  14.3729 THz  -0.6207  0.0000  0.6207  0.0000  0.0000  0.0000 -0.3388 -0.0000  0.3388 -0.0000  0.0000  0.0000
    4  16.1350 THz  -0.0000  0.0000  0.0000  0.0000  0.3350  0.1371  0.0000  0.0000  0.0000  0.0000 -0.8628 -0.3531
    5  19.3462 THz   0.3388  0.0000 -0.3388  0.0000  0.0000 -0.0000 -0.6207  0.0000  0.6207 -0.0000 -0.0000 -0.0000


 Q=  0.184388 -0.061463 -0.061463, q= -0.250000  0.250000  0.250000

                       Mg X   0        Mg Y   0        Mg Z   0         O X   1         O Y   1         O Z   1     
                    --------------- --------------- --------------- --------------- --------------- ---------------
    0   9.3044 THz   0.0000  0.0000 -0.6606 -0.0270  0.6606  0.0270  0.0000 -0.0000 -0.2506 -0.0102  0.2506  0.0102
    1  10.8484 THz   0.6232  0.0000  0.5381  0.0000  0.5381 -0.0000 -0.0341  0.0000  0.1253  0.0000  0.1253  0.0000
    2  14.5487 THz   0.7453  0.0000 -0.3637  0.0000 -0.3637 -0.0000 -0.0474  0.0000 -0.2980 -0.0000 -0.2980  0.0000
    3  14.6362 THz   0.0000  0.0000 -0.2508 -0.0060  0.2508  0.0060 -0.0000  0.0000  0.6609  0.0159 -0.6609 -0.0159
    4  15.6986 THz   0.2148  0.0000 -0.2172  0.0000 -0.2172  0.0000  0.6253 -0.0000  0.4840 -0.0000  0.4840 -0.0000
    5  18.6370 THz  -0.0999  0.0000  0.1760  0.0000  0.1760  0.0000  0.7782  0.0000 -0.4015 -0.0000 -0.4015 -0.0000


 Q= -0.245850  0.000000  0.000000, q=  0.000000 -0.500000 -0.500000

                       Mg X   0        Mg Y   0        Mg Z   0         O X   1         O Y   1         O Z   1     
                    --------------- --------------- --------------- --------------- --------------- ---------------
    0   9.2739 THz   0.0000  0.0000 -0.0611 -0.0000  0.9133  0.0000  0.0000 -0.0000 -0.0269 -0.0000  0.4017  0.0000
    1   9.2739 THz  -0.0000  0.0000 -0.9133 -0.0000 -0.0611 -0.0000 -0.0000 -0.0000 -0.4017 -0.0000 -0.0269 -0.0000
    2  13.5632 THz   0.9928  0.0000 -0.0000 -0.0000 -0.0000  0.0000 -0.1196 -0.0000 -0.0000 -0.0000  0.0000 -0.0000
    3  15.7639 THz   0.0000  0.0000 -0.0425 -0.0000 -0.4003  0.0000  0.0000  0.0000  0.0967  0.0000  0.9103 -0.0000
    4  15.7639 THz   0.0000  0.0000 -0.4003  0.0000  0.0425 -0.0000  0.0000  0.0000  0.9103 -0.0000 -0.0967  0.0000
    5  18.6134 THz   0.1196  0.0000  0.0000 -0.0000 -0.0000 -0.0000  0.9928  0.0000 -0.0000  0.0000  0.0000  0.0000


 Q= -0.184388  0.061463 -0.061463, q=  0.000000 -0.500000 -0.250000

                       Mg X   0        Mg Y   0        Mg Z   0         O X   1         O Y   1         O Z   1     
                    --------------- --------------- --------------- --------------- --------------- ---------------
    0   9.3044 THz   0.0000  0.0000 -0.6605  0.0284 -0.6605  0.0284 -0.0000 -0.0000 -0.2506  0.0108 -0.2506  0.0108
    1  10.8484 THz  -0.6232  0.0000 -0.5381  0.0000  0.5381  0.0000  0.0341  0.0000 -0.1253  0.0000  0.1253  0.0000
    2  14.5487 THz   0.7453  0.0000 -0.3637 -0.0000  0.3637 -0.0000 -0.0474 -0.0000 -0.2980  0.0000  0.2980  0.0000
    3  14.6362 THz  -0.0000  0.0000  0.0091 -0.2507  0.0091 -0.2507 -0.0000 -0.0000 -0.0239  0.6607 -0.0239  0.6607
    4  15.6986 THz   0.2148  0.0000 -0.2172 -0.0000  0.2172 -0.0000  0.6253 -0.0000  0.4840  0.0000 -0.4840  0.0000
    5  18.6370 THz  -0.0999  0.0000  0.1760 -0.0000 -0.1760  0.0000  0.7782 -0.0000 -0.4015  0.0000  0.4015 -0.0000


 Q= -0.122925  0.122925 -0.122925, q=  0.000000 -0.500000  0.000000

                       Mg X   0        Mg Y   0        Mg Z   0         O X   1         O Y   1         O Z   1     
                    --------------- --------------- --------------- --------------- --------------- ---------------
    0   9.6391 THz   0.8165  0.0000  0.4082  0.0000 -0.4082  0.0000  0.0000  0.0000 -0.0000 -0.0000  0.0000 -0.0000
    1   9.6391 THz   0.0000  0.0000 -0.7071 -0.0000 -0.7071 -0.0000 -0.0000 -0.0000 -0.0000 -0.0000  0.0000  0.0000
    2  13.0858 THz   0.0000  0.0000  0.0000  0.0000  0.0000  0.0000 -0.4734 -0.6454 -0.1179 -0.3959  0.3555  0.2495
    3  13.0858 THz  -0.0000 -0.0000  0.0000 -0.0000  0.0000 -0.0000 -0.1558  0.0412  0.0451  0.7028  0.2008  0.6616
    4  18.1441 THz   0.5774  0.0000 -0.5774 -0.0000  0.5774 -0.0000 -0.0000 -0.0000  0.0000  0.0000 -0.0000  0.0000
    5  19.1663 THz   0.0000  0.0000 -0.0000 -0.0000 -0.0000 -0.0000  0.4105  0.4060 -0.4105 -0.4060  0.4105  0.4060


 Q= -0.061463  0.184388 -0.184388, q=  0.000000 -0.500000  0.250000

                       Mg X   0        Mg Y   0        Mg Z   0         O X   1         O Y   1         O Z   1     
                    --------------- --------------- --------------- --------------- --------------- ---------------
    0   9.3044 THz  -0.0000  0.0000  0.6567 -0.0760  0.6567 -0.0760 -0.0000  0.0000 -0.2492  0.0288 -0.2492  0.0288
    1  10.8484 THz  -0.6232  0.0000 -0.5381  0.0000  0.5381  0.0000 -0.0341  0.0000  0.1253 -0.0000 -0.1253 -0.0000
    2  14.5487 THz   0.7453  0.0000 -0.3637 -0.0000  0.3637 -0.0000  0.0474 -0.0000  0.2980 -0.0000 -0.2980 -0.0000
    3  14.6362 THz  -0.0000  0.0000 -0.2508 -0.0045 -0.2508 -0.0045  0.0000  0.0000 -0.6610 -0.0120 -0.6610 -0.0120
    4  15.6986 THz  -0.2148  0.0000  0.2172 -0.0000 -0.2172  0.0000  0.6253 -0.0000  0.4840 -0.0000 -0.4840  0.0000
    5  18.6370 THz  -0.0999  0.0000  0.1760  0.0000 -0.1760 -0.0000 -0.7782 -0.0000  0.4015  0.0000 -0.4015 -0.0000


 Q= -0.184388 -0.061463  0.061463, q=  0.000000 -0.250000 -0.500000

                       Mg X   0        Mg Y   0        Mg Z   0         O X   1         O Y   1         O Z   1     
                    --------------- --------------- --------------- --------------- --------------- ---------------
    0   9.3044 THz  -0.0000  0.0000 -0.6610 -0.0106 -0.6610 -0.0106  0.0000  0.0000 -0.2508 -0.0040 -0.2508 -0.0040
    1  10.8484 THz   0.6232  0.0000 -0.5381 -0.0000  0.5381  0.0000 -0.0341 -0.0000 -0.1253  0.0000  0.1253  0.0000
    2  14.5487 THz   0.7453  0.0000  0.3637  0.0000 -0.3637  0.0000 -0.0474 -0.0000  0.2980 -0.0000 -0.2980 -0.0000
    3  14.6362 THz   0.0000  0.0000  0.2436 -0.0596  0.2436 -0.0596 -0.0000  0.0000 -0.6422  0.1572 -0.6422  0.1572
    4  15.6986 THz   0.2148  0.0000  0.2172  0.0000 -0.2172 -0.0000  0.6253  0.0000 -0.4840 -0.0000  0.4840  0.0000
    5  18.6370 THz   0.0999  0.0000  0.1760 -0.0000 -0.1760  0.0000 -0.7782  0.0000 -0.4015  0.0000  0.4015 -0.0000


 Q= -0.122925  0.000000  0.000000, q=  0.000000 -0.250000 -0.250000

                       Mg X   0        Mg Y   0        Mg Z   0         O X   1         O Y   1         O Z   1     
                    --------------- --------------- --------------- --------------- --------------- ---------------
    0   7.0934 THz   0.0000  0.0000 -0.1286 -0.0802  0.2389 -0.8198  0.0000  0.0000 -0.0738 -0.0460  0.1371 -0.4706
    1   7.0934 THz   0.0000  0.0000  0.3402  0.7832  0.1175 -0.0958 -0.0000 -0.0000  0.1953  0.4495  0.0675 -0.0550
    2  12.1615 THz   0.8632  0.0000  0.0000  0.0000 -0.0000  0.0000  0.5048 -0.0000  0.0000  0.0000  0.0000 -0.0000
    3  14.9525 THz   0.0000  0.0000 -0.0046  0.0156  0.4918  0.0753 -0.0000  0.0000  0.0081 -0.0271 -0.8568 -0.1312
    4  14.9525 THz   0.0000  0.0000 -0.4909 -0.0808  0.0004 -0.0162  0.0000 -0.0000  0.8553  0.1407 -0.0007  0.0283
    5  19.7914 THz  -0.5048  0.0000  0.0000  0.0000 -0.0000  0.0000  0.8632 -0.0000  0.0000  0.0000  0.0000 -0.0000


 Q= -0.061463  0.061463 -0.061463, q=  0.000000 -0.250000  0.000000

                       Mg X   0        Mg Y   0        Mg Z   0         O X   1         O Y   1         O Z   1     
                    --------------- --------------- --------------- --------------- --------------- ---------------
    0   6.6372 THz   0.5102  0.0000  0.6727  0.0252  0.1625  0.0252  0.3020  0.0000  0.3982  0.0149  0.0962  0.0149
    1   6.6372 THz  -0.4831  0.0000  0.1995  0.0267  0.6826  0.0267 -0.2860 -0.0000  0.1181  0.0158  0.4041  0.0158
    2  11.8562 THz  -0.4586  0.0000  0.4586 -0.0000 -0.4586  0.0000 -0.3507  0.0000  0.3507 -0.0000 -0.3507 -0.0000
    3  13.8538 THz   0.2264  0.0000 -0.1889 -0.0108 -0.4152 -0.0108 -0.3823 -0.0000  0.3190  0.0182  0.7013  0.0182
    4  13.8538 THz  -0.3490  0.0000 -0.3704 -0.0070 -0.0214 -0.0070  0.5895 -0.0000  0.6256  0.0118  0.0362  0.0118
    5  20.8402 THz  -0.3507  0.0000  0.3507 -0.0000 -0.3507  0.0000  0.4586  0.0000 -0.4586 -0.0000  0.4586  0.0000


 Q=  0.000000  0.122925 -0.122925, q=  0.000000 -0.250000  0.250000

                       Mg X   0        Mg Y   0        Mg Z   0         O X   1         O Y   1         O Z   1     
                    --------------- --------------- --------------- --------------- --------------- ---------------
    0   9.4333 THz   0.0000  0.0000  0.6885  0.0993  0.6885  0.0993  0.0000 -0.0000  0.1257  0.0181  0.1257  0.0181
    1  10.1546 THz   0.9322  0.0000  0.0000  0.0000 -0.0000 -0.0000  0.3619  0.0000 -0.0000  0.0000 -0.0000  0.0000
    2  13.2931 THz   0.0000  0.0000  0.1260  0.0157  0.1260  0.0157 -0.0000 -0.0000 -0.6903 -0.0859 -0.6903 -0.0859
    3  14.3729 THz   0.0000  0.0000  0.6197 -0.0346 -0.6197  0.0346 -0.0000  0.0000  0.3382 -0.0189 -0.3382  0.0189
    4  16.1350 THz  -0.3619  0.0000  0.0000  0.0000 -0.0000 -0.0000  0.9322  0.0000 -0.0000  0.0000 -0.0000  0.0000
    5  19.3462 THz   0.0000  0.0000  0.3245  0.0972 -0.3245 -0.0972  0.0000 -0.0000 -0.5946 -0.1781  0.5946  0.1781


 Q= -0.122925 -0.122925  0.122925, q=  0.000000  0.000000 -0.500000

                       Mg X   0        Mg Y   0        Mg Z   0         O X   1         O Y   1         O Z   1     
                    --------------- --------------- --------------- --------------- --------------- ---------------
    0   9.6391 THz   0.0000  0.0000  0.7066 -0.0274  0.7066 -0.0274 -0.0000  0.0000 -0.0000 -0.0000  0.0000  0.0000
    1   9.6391 THz   0.8165  0.0000 -0.4082 -0.0000  0.4082 -0.0000  0.0000  0.0000  0.0000 -0.0000 -0.0000  0.0000
    2  13.0858 THz   0.0000  0.0000  0.0000  0.0000  0.0000  0.0000  0.1887 -0.0425 -0.2906 -0.6371 -0.1018 -0.6796
    3  13.0858 THz   0.0000  0.0000  0.0000 -0.0000  0.0000 -0.0000 -0.7082 -0.3573  0.4192  0.0243 -0.2890 -0.3331
    4  18.1441 THz  -0.5774  0.0000 -0.5774 -0.0000  0.5774 -0.0000  0.0000  0.0000  0.0000 -0.0000 -0.0000  0.0000
    5  19.1663 THz   0.0000  0.0000  0.0000  0.0000  0.0000  0.0000  0.5756  0.0449  0.5756  0.0449 -0.5756 -0.0449


 Q= -0.061463 -0.061463  0.061463, q=  0.000000  0.000000 -0.250000

                       Mg X   0        Mg Y   0        Mg Z   0         O X   1         O Y   1         O Z   1     
                    --------------- --------------- --------------- --------------- --------------- ---------------
    0   6.6372 THz  -0.7026  0.0000  0.3513 -0.0000 -0.3513 -0.0000 -0.4160  0.0000  0.2080 -0.0000 -0.2080 -0.0000
    1   6.6372 THz   0.0000  0.0000 -0.5672  0.2203 -0.5672  0.2203 -0.0000  0.0000 -0.3358  0.1304 -0.3358  0.1304
    2  11.8562 THz  -0.4586  0.0000 -0.4586 -0.0000  0.4586  0.0000 -0.3507 -0.0000 -0.3507  0.0000  0.3507  0.0000
    3  13.8538 THz   0.4160  0.0000 -0.2080 -0.0000  0.2080  0.0000 -0.7026 -0.0000  0.3513  0.0000 -0.3513  0.0000
    4  13.8538 THz   0.0000  0.0000  0.3387  0.1227  0.3387  0.1227 -0.0000 -0.0000 -0.5721 -0.2073 -0.5721 -0.2073
    5  20.8402 THz  -0.3507  0.0000 -0.3507 -0.0000  0.3507 -0.0000  0.4586 -0.0000  0.4586 -0.0000 -0.4586  0.0000


 Q=  0.000000  0.000000  0.000000, q=  0.000000  0.000000  0.000000

                       Mg X   0        Mg Y   0        Mg Z   0         O X   1         O Y   1         O Z   1     
                    --------------- --------------- --------------- --------------- --------------- ---------------
    0   0.0000 THz   0.6526  0.0000 -0.1950  0.0000 -0.3730  0.0000  0.5295  0.0000 -0.1582  0.0000 -0.3026  0.0000
    1   0.0000 THz  -0.2979  0.0000  0.2720  0.0000 -0.6636  0.0000 -0.2417  0.0000  0.2207  0.0000 -0.5384  0.0000
    2   0.0000 THz   0.2973  0.0000  0.7007  0.0000  0.1537  0.0000  0.2412  0.0000  0.5685  0.0000  0.1247  0.0000
    3  13.9686 THz  -0.0000  0.0000  0.4455  0.0000 -0.4455  0.0000  0.0000  0.0000 -0.5491  0.0000  0.5491  0.0000
    4  13.9686 THz  -0.5144 -0.0000  0.2572 -0.0000  0.2572 -0.0000  0.6341 -0.0000 -0.3170 -0.0000 -0.3170 -0.0000
    5  22.8886 THz   0.3638  0.0000  0.3638  0.0000  0.3638  0.0000 -0.4483  0.0000 -0.4483  0.0000 -0.4483  0.0000


 Q=  0.061463  0.061463 -0.061463, q=  0.000000  0.000000  0.250000

                       Mg X   0        Mg Y   0        Mg Z   0         O X   1         O Y   1         O Z   1     
                    --------------- --------------- --------------- --------------- --------------- ---------------
    0   6.6372 THz  -0.7026  0.0000  0.3513  0.0000 -0.3513  0.0000 -0.4160 -0.0000  0.2080  0.0000 -0.2080  0.0000
    1   6.6372 THz   0.0000  0.0000 -0.5672 -0.2203 -0.5672 -0.2203 -0.0000 -0.0000 -0.3358 -0.1304 -0.3358 -0.1304
    2  11.8562 THz  -0.4586  0.0000 -0.4586  0.0000  0.4586 -0.0000 -0.3507  0.0000 -0.3507 -0.0000  0.3507 -0.0000
    3  13.8538 THz   0.4160  0.0000 -0.2080  0.0000  0.2080 -0.0000 -0.7026  0.0000  0.3513 -0.0000 -0.3513 -0.0000
    4  13.8538 THz   0.0000  0.0000  0.3387 -0.1227  0.3387 -0.1227 -0.0000  0.0000 -0.5721  0.2073 -0.5721  0.2073
    5  20.8402 THz  -0.3507  0.0000 -0.3507  0.0000  0.3507  0.0000  0.4586  0.0000  0.4586  0.0000 -0.4586 -0.0000


 Q= -0.061463 -0.184388  0.184388, q=  0.000000  0.250000 -0.500000

                       Mg X   0        Mg Y   0        Mg Z   0         O X   1         O Y   1         O Z   1     
                    --------------- --------------- --------------- --------------- --------------- ---------------
    0   9.3044 THz   0.0000  0.0000  0.6611  0.0095  0.6611  0.0095  0.0000 -0.0000 -0.2508 -0.0036 -0.2508 -0.0036
    1  10.8484 THz   0.6232  0.0000 -0.5381  0.0000  0.5381 -0.0000  0.0341 -0.0000  0.1253  0.0000 -0.1253 -0.0000
    2  14.5487 THz   0.7453  0.0000  0.3637 -0.0000 -0.3637 -0.0000  0.0474 -0.0000 -0.2980 -0.0000  0.2980 -0.0000
    3  14.6362 THz   0.0000  0.0000 -0.1917  0.1617 -0.1917  0.1617  0.0000 -0.0000 -0.5053  0.4263 -0.5053  0.4263
    4  15.6986 THz  -0.2148  0.0000 -0.2172  0.0000  0.2172 -0.0000  0.6253 -0.0000 -0.4840  0.0000  0.4840 -0.0000
    5  18.6370 THz   0.0999  0.0000  0.1760  0.0000 -0.1760 -0.0000  0.7782  0.0000  0.4015  0.0000 -0.4015 -0.0000


 Q=  0.000000 -0.122925  0.122925, q=  0.000000  0.250000 -0.250000

                       Mg X   0        Mg Y   0        Mg Z   0         O X   1         O Y   1         O Z   1     
                    --------------- --------------- --------------- --------------- --------------- ---------------
    0   9.4333 THz   0.0000  0.0000  0.6885 -0.0993  0.6885 -0.0993  0.0000  0.0000  0.1257 -0.0181  0.1257 -0.0181
    1  10.1546 THz   0.9322  0.0000  0.0000 -0.0000 -0.0000  0.0000  0.3619 -0.0000 -0.0000 -0.0000 -0.0000 -0.0000
    2  13.2931 THz   0.0000  0.0000  0.1260 -0.0157  0.1260 -0.0157 -0.0000  0.0000 -0.6903  0.0859 -0.6903  0.0859
    3  14.3729 THz   0.0000  0.0000  0.6197  0.0346 -0.6197 -0.0346 -0.0000 -0.0000  0.3382  0.0189 -0.3382 -0.0189
    4  16.1350 THz  -0.3619  0.0000  0.0000 -0.0000 -0.0000  0.0000  0.9322 -0.0000 -0.0000 -0.0000 -0.0000 -0.0000
    5  19.3462 THz   0.0000  0.0000  0.3245 -0.0972 -0.3245  0.0972  0.0000  0.0000 -0.5946  0.1781  0.5946 -0.1781


 Q=  0.061463 -0.061463  0.061463, q=  0.000000  0.250000  0.000000

                       Mg X   0        Mg Y   0        Mg Z   0         O X   1         O Y   1         O Z   1     
                    --------------- --------------- --------------- --------------- --------------- ---------------
    0   6.6372 THz   0.5102  0.0000  0.6727 -0.0252  0.1625 -0.0252  0.3020 -0.0000  0.3982 -0.0149  0.0962 -0.0149
    1   6.6372 THz  -0.4831  0.0000  0.1995 -0.0267  0.6826 -0.0267 -0.2860  0.0000  0.1181 -0.0158  0.4041 -0.0158
    2  11.8562 THz  -0.4586  0.0000  0.4586  0.0000 -0.4586 -0.0000 -0.3507 -0.0000  0.3507  0.0000 -0.3507  0.0000
    3  13.8538 THz   0.2264  0.0000 -0.1889  0.0108 -0.4152  0.0108 -0.3823  0.0000  0.3190 -0.0182  0.7013 -0.0182
    4  13.8538 THz  -0.3490  0.0000 -0.3704  0.0070 -0.0214  0.0070  0.5895  0.0000  0.6256 -0.0118  0.0362 -0.0118
    5  20.8402 THz  -0.3507  0.0000  0.3507  0.0000 -0.3507 -0.0000  0.4586 -0.0000 -0.4586  0.0000  0.4586 -0.0000


 Q=  0.122925  0.000000  0.000000, q=  0.000000  0.250000  0.250000

                       Mg X   0        Mg Y   0        Mg Z   0         O X   1         O Y   1         O Z   1     
                    --------------- --------------- --------------- --------------- --------------- ---------------
    0   7.0934 THz   0.0000  0.0000 -0.1286  0.0802  0.2389  0.8198  0.0000 -0.0000 -0.0738  0.0460  0.1371  0.4706
    1   7.0934 THz   0.0000  0.0000  0.3402 -0.7832  0.1175  0.0958 -0.0000  0.0000  0.1953 -0.4495  0.0675  0.0550
    2  12.1615 THz   0.8632  0.0000  0.0000 -0.0000 -0.0000 -0.0000  0.5048  0.0000  0.0000 -0.0000  0.0000  0.0000
    3  14.9525 THz   0.0000  0.0000 -0.0046 -0.0156  0.4918 -0.0753 -0.0000 -0.0000  0.0081  0.0271 -0.8568  0.1312
    4  14.9525 THz   0.0000  0.0000 -0.4909  0.0808  0.0004  0.0162  0.0000  0.0000  0.8553 -0.1407 -0.0007 -0.0283
    5  19.7914 THz  -0.5048  0.0000  0.0000 -0.0000 -0.0000 -0.0000  0.8632  0.0000  0.0000 -0.0000  0.0000  0.0000


 Q= -0.307313  0.061463  0.061463, q=  0.250000 -0.500000 -0.500000

                       Mg X   0        Mg Y   0        Mg Z   0         O X   1         O Y   1         O Z   1     
                    --------------- --------------- --------------- --------------- --------------- ---------------
    0   9.3044 THz   0.0000  0.0000 -0.6166  0.2384  0.6166 -0.2384  0.0000 -0.0000 -0.2340  0.0905  0.2340 -0.0905
    1  10.8484 THz  -0.6232  0.0000  0.5381  0.0000  0.5381  0.0000  0.0341  0.0000  0.1253 -0.0000  0.1253 -0.0000
    2  14.5487 THz   0.7453  0.0000  0.3637  0.0000  0.3637 -0.0000 -0.0474  0.0000  0.2980 -0.0000  0.2980  0.0000
    3  14.6362 THz   0.0000  0.0000 -0.2438 -0.0592  0.2438  0.0592  0.0000  0.0000  0.6424  0.1560 -0.6424 -0.1560
    4  15.6986 THz   0.2148  0.0000  0.2172  0.0000  0.2172 -0.0000  0.6253 -0.0000 -0.4840  0.0000 -0.4840  0.0000
    5  18.6370 THz   0.0999  0.0000  0.1760  0.0000  0.1760 -0.0000 -0.7782  0.0000 -0.4015  0.0000 -0.4015  0.0000


 Q= -0.245850  0.122925  0.000000, q=  0.250000 -0.500000 -0.250000

                       Mg X   0        Mg Y   0        Mg Z   0         O X   1         O Y   1         O Z   1     
                    --------------- --------------- --------------- --------------- --------------- ---------------
    0  11.7606 THz   0.0000  0.0000  1.0000 -0.0098 -0.0000  0.0000  0.0000  0.0000  0.0000 -0.0000 -0.0000  0.0000
    1  11.9330 THz   0.9713  0.0000  0.0000 -0.0000  0.0000 -0.0000 -0.2378  0.0000 -0.0000  0.0000  0.0000  0.0000
    2  11.9330 THz   0.0000  0.0000 -0.0000  0.0000 -0.6397  0.7309 -0.0000  0.0000 -0.0000  0.0000 -0.1566  0.1789
    3  15.3292 THz   0.0000  0.0000  0.0000 -0.0000  0.0000 -0.0000  0.0000  0.0000 -0.9835  0.1807  0.0000  0.0000
    4  17.2808 THz   0.0000  0.0000 -0.0000 -0.0000 -0.2374 -0.0138  0.0000 -0.0000  0.0000 -0.0000  0.9697  0.0564
    5  17.2808 THz   0.2378  0.0000 -0.0000  0.0000 -0.0000  0.0000  0.9713 -0.0000  0.0000 -0.0000 -0.0000 -0.0000


 Q= -0.184388  0.184388 -0.061463, q=  0.250000 -0.500000  0.000000

                       Mg X   0        Mg Y   0        Mg Z   0         O X   1         O Y   1         O Z   1     
                    --------------- --------------- --------------- --------------- --------------- ---------------
    0   9.3044 THz  -0.6611  0.0000 -0.6611 -0.0000  0.0000 -0.0000  0.2508 -0.0000  0.2508 -0.0000  0.0000 -0.0000
    1  10.8484 THz  -0.5381  0.0000  0.5381  0.0000  0.6232  0.0000  0.1253 -0.0000 -0.1253  0.0000  0.0341  0.0000
    2  14.5487 THz  -0.3637  0.0000  0.3637  0.0000 -0.7453 -0.0000  0.2980  0.0000 -0.2980  0.0000 -0.0474 -0.0000
    3  14.6362 THz   0.2508  0.0000  0.2508  0.0000 -0.0000 -0.0000  0.6611  0.0000  0.6611  0.0000 -0.0000  0.0000
    4  15.6986 THz  -0.2172  0.0000  0.2172  0.0000 -0.2148  0.0000 -0.4840  0.0000  0.4840 -0.0000  0.6253 -0.0000
    5  18.6370 THz   0.1760  0.0000 -0.1760 -0.0000  0.0999  0.0000  0.4015 -0.0000 -0.4015  0.0000  0.7782 -0.0000


 Q= -0.122925  0.245850 -0.122925, q=  0.250000 -0.500000  0.250000

                       Mg X   0        Mg Y   0        Mg Z   0         O X   1         O Y   1         O Z   1     
                    --------------- --------------- --------------- --------------- --------------- ---------------
    0   9.4333 THz  -0.6956  0.0000  0.0000  0.0000  0.6956  0.0000  0.1270  0.0000 -0.0000 -0.0000 -0.1270 -0.0000
    1  10.1546 THz   0.0000  0.0000  0.9162  0.1720 -0.0000  0.0000 -0.0000 -0.0000 -0.3557 -0.0668  0.0000 -0.0000
    2  13.2931 THz  -0.1270  0.0000 -0.0000  0.0000  0.1270  0.0000 -0.6956 -0.0000  0.0000  0.0000  0.6956  0.0000
    3  14.3729 THz  -0.6207  0.0000  0.0000 -0.0000 -0.6207 -0.0000  0.3388  0.0000 -0.0000  0.0000  0.3388 -0.0000
    4  16.1350 THz   0.0000  0.0000 -0.3592  0.0441  0.0000 -0.0000 -0.0000  0.0000 -0.9253  0.1135 -0.0000  0.0000
    5  19.3462 THz   0.3388  0.0000 -0.0000  0.0000  0.3388 -0.0000  0.6207  0.0000 -0.0000 -0.0000  0.6207  0.0000


 Q= -0.245850  0.000000  0.122925, q=  0.250000 -0.250000 -0.500000

                       Mg X   0        Mg Y   0        Mg Z   0         O X   1         O Y   1         O Z   1     
                    --------------- --------------- --------------- --------------- --------------- ---------------
    0  11.7606 THz   0.0000  0.0000 -0.0000 -0.0000 -0.9595  0.2816 -0.0000 -0.0000 -0.0000 -0.0000  0.0000  0.0000
    1  11.9330 THz   0.9713  0.0000  0.0000  0.0000  0.0000 -0.0000 -0.2378  0.0000  0.0000  0.0000 -0.0000 -0.0000
    2  11.9330 THz   0.0000  0.0000 -0.9574 -0.1636  0.0000 -0.0000  0.0000  0.0000 -0.2344 -0.0400 -0.0000 -0.0000
    3  15.3292 THz   0.0000  0.0000  0.0000  0.0000 -0.0000  0.0000  0.0000 -0.0000 -0.0000 -0.0000 -0.9986 -0.0531
    4  17.2808 THz   0.2378  0.0000  0.0000 -0.0000 -0.0000  0.0000  0.9713  0.0000 -0.0000 -0.0000  0.0000  0.0000
    5  17.2808 THz  -0.0000 -0.0000  0.2375  0.0120 -0.0000  0.0000 -0.0000  0.0000 -0.9701 -0.0492  0.0000 -0.0000


 Q= -0.184388  0.061463  0.061463, q=  0.250000 -0.250000 -0.250000

                       Mg X   0        Mg Y   0        Mg Z   0         O X   1         O Y   1         O Z   1     
                    --------------- --------------- --------------- --------------- --------------- ---------------
    0   9.3044 THz   0.0000  0.0000 -0.6606  0.0270  0.6606 -0.0270  0.0000  0.0000 -0.2506  0.0102  0.2506 -0.0102
    1  10.8484 THz   0.6232  0.0000  0.5381 -0.0000  0.5381  0.0000 -0.0341 -0.0000  0.1253 -0.0000  0.1253 -0.0000
    2  14.5487 THz   0.7453  0.0000 -0.3637 -0.0000 -0.3637  0.0000 -0.0474 -0.0000 -0.2980  0.0000 -0.2980 -0.0000
    3  14.6362 THz   0.0000  0.0000 -0.2508  0.0060  0.2508 -0.0060 -0.0000 -0.0000  0.6609 -0.0159 -0.6609  0.0159
    4  15.6986 THz   0.2148  0.0000 -0.2172 -0.0000 -0.2172 -0.0000  0.6253  0.0000  0.4840  0.0000  0.4840  0.0000
    5  18.6370 THz  -0.0999  0.0000  0.1760 -0.0000  0.1760 -0.0000  0.7782 -0.0000 -0.4015  0.0000 -0.4015  0.0000


 Q= -0.122925  0.122925  0.000000, q=  0.250000 -0.250000  0.000000

                       Mg X   0        Mg Y   0        Mg Z   0         O X   1         O Y   1         O Z   1     
                    --------------- --------------- --------------- --------------- --------------- ---------------
    0   9.4333 THz  -0.6956  0.0000 -0.6956 -0.0000  0.0000  0.0000 -0.1270 -0.0000 -0.1270 -0.0000  0.0000  0.0000
    1  10.1546 THz  -0.0000  0.0000 -0.0000  0.0000 -0.9307 -0.0525  0.0000  0.0000  0.0000  0.0000 -0.3613 -0.0204
    2  13.2931 THz   0.1270  0.0000  0.1270 -0.0000 -0.0000 -0.0000 -0.6956  0.0000 -0.6956  0.0000 -0.0000 -0.0000
    3  14.3729 THz  -0.6207  0.0000  0.6207 -0.0000  0.0000 -0.0000 -0.3388  0.0000  0.3388  0.0000  0.0000 -0.0000
    4  16.1350 THz  -0.0000  0.0000  0.0000 -0.0000  0.3350 -0.1371  0.0000 -0.0000  0.0000 -0.0000 -0.8628  0.3531
    5  19.3462 THz   0.3388  0.0000 -0.3388 -0.0000  0.0000  0.0000 -0.6207 -0.0000  0.6207  0.0000 -0.0000  0.0000


 Q= -0.061463  0.184388 -0.061463, q=  0.250000 -0.250000  0.250000

                       Mg X   0        Mg Y   0        Mg Z   0         O X   1         O Y   1         O Z   1     
                    --------------- --------------- --------------- --------------- --------------- ---------------
    0   9.3044 THz   0.6611  0.0000  0.0000  0.0000 -0.6611  0.0000  0.2508 -0.0000  0.0000  0.0000 -0.2508  0.0000
    1  10.8484 THz  -0.5381  0.0000 -0.6232  0.0000 -0.5381  0.0000 -0.1253 -0.0000  0.0341  0.0000 -0.1253  0.0000
    2  14.5487 THz  -0.3637  0.0000  0.7453  0.0000 -0.3637 -0.0000 -0.2980 -0.0000 -0.0474  0.0000 -0.2980  0.0000
    3  14.6362 THz   0.2508  0.0000  0.0000  0.0000 -0.2508 -0.0000 -0.6611 -0.0000 -0.0000 -0.0000  0.6611  0.0000
    4  15.6986 THz  -0.2172  0.0000  0.2148 -0.0000 -0.2172  0.0000  0.4840 -0.0000  0.6253 -0.0000  0.4840 -0.0000
    5  18.6370 THz   0.1760  0.0000 -0.0999  0.0000  0.1760 -0.0000 -0.4015  0.0000  0.7782 -0.0000 -0.4015  0.0000


 Q= -0.184388 -0.061463  0.184388, q=  0.250000  0.000000 -0.500000

                       Mg X   0        Mg Y   0        Mg Z   0         O X   1         O Y   1         O Z   1     
                    --------------- --------------- --------------- --------------- --------------- ---------------
    0   9.3044 THz  -0.6611  0.0000  0.0000 -0.0000 -0.6611 -0.0000  0.2508  0.0000  0.0000 -0.0000  0.2508  0.0000
    1  10.8484 THz   0.5381  0.0000 -0.6232 -0.0000 -0.5381 -0.0000 -0.1253 -0.0000 -0.0341  0.0000  0.1253  0.0000
    2  14.5487 THz  -0.3637  0.0000 -0.7453  0.0000  0.3637 -0.0000  0.2980 -0.0000 -0.0474  0.0000 -0.2980 -0.0000
    3  14.6362 THz  -0.2508  0.0000  0.0000 -0.0000 -0.2508  0.0000 -0.6611  0.0000  0.0000  0.0000 -0.6611  0.0000
    4  15.6986 THz  -0.2172  0.0000 -0.2148 -0.0000  0.2172 -0.0000 -0.4840  0.0000  0.6253  0.0000  0.4840 -0.0000
    5  18.6370 THz   0.1760  0.0000  0.0999 -0.0000 -0.1760  0.0000  0.4015 -0.0000  0.7782  0.0000 -0.4015  0.0000


 Q= -0.122925  0.000000  0.122925, q=  0.250000  0.000000 -0.250000

                       Mg X   0        Mg Y   0        Mg Z   0         O X   1         O Y   1         O Z   1     
                    --------------- --------------- --------------- --------------- --------------- ---------------
    0   9.4333 THz  -0.6956  0.0000 -0.0000 -0.0000 -0.6956  0.0000 -0.1270  0.0000 -0.0000 -0.0000 -0.1270  0.0000
    1  10.1546 THz   0.0000  0.0000 -0.9297 -0.0682  0.0000  0.0000  0.0000  0.0000 -0.3609 -0.0265  0.0000  0.0000
    2  13.2931 THz   0.1270  0.0000 -0.0000  0.0000  0.1270 -0.0000 -0.6956  0.0000  0.0000 -0.0000 -0.6956  0.0000
    3  14.3729 THz  -0.6207  0.0000  0.0000 -0.0000  0.6207  0.0000 -0.3388  0.0000 -0.0000 -0.0000  0.3388 -0.0000
    4  16.1350 THz   0.0000  0.0000 -0.3487  0.0970 -0.0000 -0.0000  0.0000  0.0000  0.8981 -0.2500  0.0000 -0.0000
    5  19.3462 THz  -0.3388  0.0000 -0.0000 -0.0000  0.3388 -0.0000  0.6207 -0.0000  0.0000 -0.0000 -0.6207  0.0000


 Q= -0.061463  0.061463  0.061463, q=  0.250000  0.000000  0.000000

                       Mg X   0        Mg Y   0        Mg Z   0         O X   1         O Y   1         O Z   1     
                    --------------- --------------- --------------- --------------- --------------- ---------------
    0   6.6372 THz  -0.7020  0.0000 -0.3694  0.0169 -0.3326 -0.0169 -0.4156 -0.0000 -0.2187  0.0100 -0.1969 -0.0100
    1   6.6372 THz   0.0288  0.0000 -0.4330  0.4116  0.4618 -0.4116  0.0171 -0.0000 -0.2563  0.2437  0.2734 -0.2437
    2  11.8562 THz  -0.4586  0.0000  0.4586  0.0000  0.4586 -0.0000 -0.3507 -0.0000  0.3507 -0.0000  0.3507 -0.0000
    3  13.8538 THz   0.3759  0.0000  0.0337 -0.0030  0.3422  0.0030 -0.6349 -0.0000 -0.0570  0.0051 -0.5780 -0.0051
    4  13.8538 THz  -0.1781 -0.0000 -0.4145 -0.0064  0.2364  0.0064  0.3009  0.0000  0.7002  0.0108 -0.3993 -0.0108
    5  20.8402 THz   0.3507 -0.0000 -0.3507 -0.0000 -0.3507 -0.0000 -0.4586  0.0000  0.4586 -0.0000  0.4586 -0.0000


 Q=  0.000000  0.122925  0.000000, q=  0.250000  0.000000  0.250000

                       Mg X   0        Mg Y   0        Mg Z   0         O X   1         O Y   1         O Z   1     
                    --------------- --------------- --------------- --------------- --------------- ---------------
    0   7.0934 THz   0.8673  0.0000  0.0000  0.0000 -0.0000  0.0000  0.4978  0.0000  0.0000 -0.0000  0.0000  0.0000
    1   7.0934 THz   0.0000  0.0000  0.0000  0.0000 -0.8482  0.1812 -0.0000  0.0000  0.0000  0.0000 -0.4868  0.1040
    2  12.1615 THz   0.0000  0.0000  0.3475 -0.7902 -0.0000 -0.0000  0.0000  0.0000  0.2032 -0.4621 -0.0000  0.0000
    3  14.9525 THz   0.4978  0.0000  0.0000 -0.0000  0.0000 -0.0000 -0.8673 -0.0000 -0.0000  0.0000 -0.0000 -0.0000
    4  14.9525 THz   0.0000  0.0000 -0.0000  0.0000  0.4562 -0.1991  0.0000  0.0000 -0.0000  0.0000 -0.7949  0.3469
    5  19.7914 THz   0.0000  0.0000 -0.0396 -0.5033 -0.0000 -0.0000  0.0000  0.0000  0.0677  0.8606 -0.0000  0.0000


 Q= -0.122925 -0.122925  0.245850, q=  0.250000  0.250000 -0.500000

                       Mg X   0        Mg Y   0        Mg Z   0         O X   1         O Y   1         O Z   1     
                    --------------- --------------- --------------- --------------- --------------- ---------------
    0   9.4333 THz   0.6956  0.0000 -0.6956 -0.0000 -0.0000 -0.0000 -0.1270 -0.0000  0.1270  0.0000  0.0000  0.0000
    1  10.1546 THz  -0.0000  0.0000  0.0000 -0.0000 -0.9268 -0.0999  0.0000 -0.0000 -0.0000  0.0000  0.3598  0.0388
    2  13.2931 THz  -0.1270  0.0000  0.1270  0.0000 -0.0000 -0.0000 -0.6956 -0.0000  0.6956  0.0000 -0.0000 -0.0000
    3  14.3729 THz  -0.6207  0.0000 -0.6207 -0.0000  0.0000 -0.0000  0.3388  0.0000  0.3388 -0.0000 -0.0000  0.0000
    4  16.1350 THz   0.0000  0.0000  0.0000 -0.0000 -0.3619 -0.0052 -0.0000 -0.0000 -0.0000  0.0000 -0.9321 -0.0134
    5  19.3462 THz   0.3388  0.0000  0.3388 -0.0000  0.0000  0.0000  0.6207  0.0000  0.6207  0.0000  0.0000  0.0000


 Q= -0.061463 -0.061463  0.184388, q=  0.250000  0.250000 -0.250000

                       Mg X   0        Mg Y   0        Mg Z   0         O X   1         O Y   1         O Z   1     
                    --------------- --------------- --------------- --------------- --------------- ---------------
    0   9.3044 THz   0.6611  0.0000 -0.6611 -0.0000  0.0000 -0.0000  0.2508  0.0000 -0.2508 -0.0000 -0.0000  0.0000
    1  10.8484 THz   0.5381  0.0000  0.5381  0.0000  0.6232  0.0000  0.1253 -0.0000  0.1253 -0.0000 -0.0341 -0.0000
    2  14.5487 THz  -0.3637  0.0000 -0.3637 -0.0000  0.7453  0.0000 -0.2980 -0.0000 -0.2980  0.0000 -0.0474  0.0000
    3  14.6362 THz  -0.2508  0.0000  0.2508  0.0000  0.0000 -0.0000  0.6611  0.0000 -0.6611 -0.0000  0.0000  0.0000
    4  15.6986 THz  -0.2172  0.0000 -0.2172  0.0000  0.2148 -0.0000  0.4840 -0.0000  0.4840 -0.0000  0.6253 -0.0000
    5  18.6370 THz   0.1760  0.0000  0.1760  0.0000 -0.0999  0.0000 -0.4015  0.0000 -0.4015 -0.0000  0.7782 -0.0000


 Q=  0.000000  0.000000  0.122925, q=  0.250000  0.250000  0.000000

                       Mg X   0        Mg Y   0        Mg Z   0         O X   1         O Y   1         O Z   1     
                    --------------- --------------- --------------- --------------- --------------- ---------------
    0   7.0934 THz   0.8673  0.0000  0.0000 -0.0000 -0.0000  0.0000  0.4978 -0.0000 -0.0000  0.0000  0.0000  0.0000
    1   7.0934 THz   0.0000  0.0000  0.0616 -0.8651  0.0000  0.0000  0.0000  0.0000  0.0354 -0.4965 -0.0000 -0.0000
    2  12.1615 THz   0.0000  0.0000  0.0000 -0.0000 -0.8376 -0.2088 -0.0000  0.0000 -0.0000 -0.0000 -0.4898 -0.1221
    3  14.9525 THz  -0.4978  0.0000  0.0000 -0.0000 -0.0000  0.0000  0.8673 -0.0000 -0.0000  0.0000  0.0000  0.0000
    4  14.9525 THz   0.0000  0.0000 -0.0310  0.4968  0.0000  0.0000  0.0000  0.0000  0.0540 -0.8656  0.0000  0.0000
    5  19.7914 THz   0.0000  0.0000 -0.0000  0.0000 -0.4287  0.2667 -0.0000  0.0000  0.0000 -0.0000  0.7330 -0.4560


 Q=  0.061463  0.061463  0.061463, q=  0.250000  0.250000  0.250000

                       Mg X   0        Mg Y   0        Mg Z   0         O X   1         O Y   1         O Z   1     
                    --------------- --------------- --------------- --------------- --------------- ---------------
    0   6.6372 THz  -0.6977  0.0000  0.4206  0.0064  0.2771 -0.0064 -0.4130  0.0000  0.2490  0.0038  0.1640 -0.0038
    1   6.6372 THz   0.0832  0.0000  0.5602  0.0540 -0.6434 -0.0540  0.0493  0.0000  0.3316  0.0319 -0.3809 -0.0319
    2  11.8562 THz  -0.4586  0.0000 -0.4586  0.0000 -0.4586  0.0000 -0.3507  0.0000 -0.3507  0.0000 -0.3507 -0.0000
    3  13.8538 THz  -0.1992  0.0000 -0.2160 -0.0194  0.4152  0.0194  0.3365 -0.0000  0.3649  0.0328 -0.7014 -0.0328
    4  13.8538 THz  -0.3651  0.0000  0.3548  0.0106  0.0104 -0.0106  0.6168 -0.0000 -0.5993 -0.0179 -0.0175  0.0179
    5  20.8402 THz  -0.3507  0.0000 -0.3507  0.0000 -0.3507  0.0000  0.4586 -0.0000  0.4586 -0.0000  0.4586 -0.0000
