4.907863 0.000000 -0.801107
0.000000 5.121193 0.000000
0.028623 0.000000 5.104351
0.721620 0.458529 0.291214 Hf
0.278380 0.958529 0.208786 Hf
0.278380 0.541471 0.708786 Hf
0.721620 0.041471 0.791214 Hf
0.556174 0.739702 0.014803 O
0.443826 0.239702 0.485197 O
0.443826 0.260298 0.985197 O
0.556174 0.760298 0.514803 O
0.918444 0.356902 0.676311 O
0.081556 0.856902 0.823689 O
0.081556 0.643098 0.323689 O
0.918444 0.143098 0.176311 O
5.103648 0.0 0.102235 
0.0 5.113985 0.0 
0.102235 0.0 4.692049 
 ion  1
  1 5.40807 -0.38806 0.13272 
  2 -0.04453 5.39958 0.13283 
  3 0.13639 0.43793 4.63758 
 ion  2
  1 5.40802 0.38813 0.13264 
  2 0.04453 5.39958 -0.13283 
  3 0.13634 -0.43799 4.63759 
 ion  3
  1 5.40802 -0.38813 0.13264 
  2 -0.04453 5.39953 0.13319 
  3 0.13634 0.43799 4.63759 
 ion  4
  1 5.40807 0.38806 0.13272 
  2 0.04453 5.39953 -0.13319 
  3 0.13639 -0.43793 4.63758 
 ion  5
  1 -2.39435 0.12682 -0.04053 
  2 0.17198 -2.79303 0.34426 
  3 -0.07584 0.42035 -2.4973 
 ion  6
  1 -2.39434 -0.12684 -0.04056 
  2 -0.17198 -2.79303 -0.34426 
  3 -0.07596 -0.42032 -2.49747 
 ion  7
  1 -2.39434 0.12684 -0.04056 
  2 0.1724 -2.79308 0.34414 
  3 -0.07596 0.42032 -2.49747 
 ion  8
  1 -2.39435 -0.12682 -0.04053 
  2 -0.1724 -2.79308 -0.34414 
  3 -0.07584 -0.42035 -2.4973 
 ion  9
  1 -3.01547 -0.89504 -0.0921 
  2 -1.15502 -2.60867 0.79436 
  3 -0.06046 0.70954 -2.14194 
 ion  10
  1 -3.01546 0.89518 -0.09208 
  2 1.15502 -2.60867 -0.79436 
  3 -0.06035 -0.70976 -2.14202 
 ion  11
  1 -3.01546 -0.89518 -0.09208 
  2 -1.15537 -2.60871 0.79392 
  3 -0.06035 0.70976 -2.14202 
 ion  12
  1 -3.01547 0.89504 -0.0921 
  2 1.15537 -2.60871 -0.79392 
  3 -0.06046 -0.70954 -2.14194 
