
Used Primitive lattice vector

    0.000000000000      2.019621000000      2.019621000000  
    2.019621000000      0.000000000000      2.019621000000  
    2.019621000000      2.019621000000      0.000000000000  

   1 Atom(s) in the Primitive cell

 0.0000000000 0.0000000000 0.0000000000 Al    0


 Q= -0.123786 -0.123786 -0.123786, q= -0.500000 -0.500000 -0.500000

                       Al X   0        Al Y   0        Al Z   0     
                    --------------- --------------- ---------------
    0   4.1489 THz   0.5714  0.0000 -0.7908  0.0000  0.2194 -0.0000
    1   4.1489 THz   0.5832  0.0000  0.2033 -0.0000 -0.7865  0.0000
    2   9.3544 THz   0.5774  0.0000  0.5774 -0.0000  0.5774 -0.0000


 Q= -0.061893 -0.061893 -0.185678, q= -0.500000 -0.500000 -0.250000

                       Al X   0        Al Y   0        Al Z   0     
                    --------------- --------------- ---------------
    0   5.1265 THz   0.7071  0.0000 -0.7071  0.0000  0.0000  0.0000
    1   6.4001 THz   0.5764  0.0000  0.5764  0.0000 -0.5792  0.0000
    2   8.4201 THz   0.4096  0.0000  0.4096 -0.0000  0.8152 -0.0000


 Q=  0.000000  0.000000 -0.247571, q= -0.500000 -0.500000  0.000000

                       Al X   0        Al Y   0        Al Z   0     
                    --------------- --------------- ---------------
    0   5.7648 THz   1.0000  0.0000  0.0000  0.0000  0.0000  0.0000
    1   5.7648 THz   0.0000  0.0000 -1.0000 -0.0000  0.0000 -0.0000
    2   9.3224 THz   0.0000  0.0000 -0.0000 -0.0000 -1.0000 -0.0000


 Q=  0.061893  0.061893 -0.309464, q= -0.500000 -0.500000  0.250000

                       Al X   0        Al Y   0        Al Z   0     
                    --------------- --------------- ---------------
    0   5.1265 THz   0.7071  0.0000 -0.7071  0.0000  0.0000 -0.0000
    1   6.4001 THz   0.5764  0.0000  0.5764 -0.0000 -0.5792  0.0000
    2   8.4201 THz   0.4096  0.0000  0.4096  0.0000  0.8152  0.0000


 Q= -0.061893 -0.185678 -0.061893, q= -0.500000 -0.250000 -0.500000

                       Al X   0        Al Y   0        Al Z   0     
                    --------------- --------------- ---------------
    0   5.1265 THz  -0.7071  0.0000  0.0000  0.0000  0.7071 -0.0000
    1   6.4001 THz   0.5764  0.0000 -0.5792  0.0000  0.5764 -0.0000
    2   8.4201 THz   0.4096  0.0000  0.8152 -0.0000  0.4096 -0.0000


 Q=  0.000000 -0.123786 -0.123786, q= -0.500000 -0.250000 -0.250000

                       Al X   0        Al Y   0        Al Z   0     
                    --------------- --------------- ---------------
    0   4.6125 THz   0.0000  0.0000 -0.5259 -0.4726  0.5259  0.4726
    1   6.3152 THz   1.0000  0.0000  0.0000  0.0000  0.0000  0.0000
    2   8.1260 THz   0.0000  0.0000 -0.7053  0.0504 -0.7053  0.0504


 Q=  0.061893 -0.061893 -0.185678, q= -0.500000 -0.250000  0.000000

                       Al X   0        Al Y   0        Al Z   0     
                    --------------- --------------- ---------------
    0   5.1265 THz  -0.7071  0.0000 -0.7071 -0.0000  0.0000  0.0000
    1   6.4001 THz   0.5764  0.0000 -0.5764 -0.0000  0.5792  0.0000
    2   8.4201 THz  -0.4096  0.0000  0.4096  0.0000  0.8152  0.0000


 Q=  0.123786  0.000000 -0.247571, q= -0.500000 -0.250000  0.250000

                       Al X   0        Al Y   0        Al Z   0     
                    --------------- --------------- ---------------
    0   6.3240 THz   1.0000  0.0000  0.0000  0.0000  0.0000  0.0000
    1   7.7660 THz   0.0000  0.0000 -0.8572 -0.4183 -0.2681 -0.1352
    2   7.7660 THz   0.0000  0.0000  0.2966  0.0471 -0.9400 -0.1618


 Q=  0.000000 -0.247571  0.000000, q= -0.500000  0.000000 -0.500000

                       Al X   0        Al Y   0        Al Z   0     
                    --------------- --------------- ---------------
    0   5.7648 THz   1.0000  0.0000  0.0000  0.0000  0.0000  0.0000
    1   5.7648 THz   0.0000  0.0000  0.0000  0.0000 -1.0000 -0.0000
    2   9.3224 THz   0.0000  0.0000 -1.0000 -0.0000 -0.0000 -0.0000


 Q=  0.061893 -0.185678 -0.061893, q= -0.500000  0.000000 -0.250000

                       Al X   0        Al Y   0        Al Z   0     
                    --------------- --------------- ---------------
    0   5.1265 THz   0.7071  0.0000  0.0000  0.0000  0.7071 -0.0000
    1   6.4001 THz   0.5764  0.0000  0.5792 -0.0000 -0.5764  0.0000
    2   8.4201 THz  -0.4096  0.0000  0.8152  0.0000  0.4096  0.0000


 Q=  0.123786 -0.123786 -0.123786, q= -0.500000  0.000000  0.000000

                       Al X   0        Al Y   0        Al Z   0     
                    --------------- --------------- ---------------
    0   4.1489 THz  -0.6556  0.0000 -0.7493  0.0000  0.0936 -0.0000
    1   4.1489 THz   0.4866  0.0000 -0.3245  0.0000  0.8111 -0.0000
    2   9.3544 THz  -0.5774 -0.0000  0.5774  0.0000  0.5774 -0.0000


 Q=  0.185678 -0.061893 -0.185678, q= -0.500000  0.000000  0.250000

                       Al X   0        Al Y   0        Al Z   0     
                    --------------- --------------- ---------------
    0   5.1265 THz   0.7071  0.0000  0.0000 -0.0000  0.7071 -0.0000
    1   6.4001 THz   0.5764  0.0000  0.5792  0.0000 -0.5764  0.0000
    2   8.4201 THz  -0.4096  0.0000  0.8152  0.0000  0.4096 -0.0000


 Q=  0.061893 -0.309464  0.061893, q= -0.500000  0.250000 -0.500000

                       Al X   0        Al Y   0        Al Z   0     
                    --------------- --------------- ---------------
    0   5.1265 THz  -0.7071  0.0000  0.0000 -0.0000  0.7071  0.0000
    1   6.4001 THz   0.5764  0.0000 -0.5792 -0.0000  0.5764  0.0000
    2   8.4201 THz   0.4096  0.0000  0.8152  0.0000  0.4096  0.0000


 Q=  0.123786 -0.247571  0.000000, q= -0.500000  0.250000 -0.250000

                       Al X   0        Al Y   0        Al Z   0     
                    --------------- --------------- ---------------
    0   6.3240 THz   1.0000  0.0000  0.0000  0.0000  0.0000  0.0000
    1   7.7660 THz   0.0000  0.0000 -0.9573  0.2366 -0.0494  0.1589
    2   7.7660 THz   0.0000  0.0000  0.1610 -0.0420 -0.2806  0.9453


 Q=  0.185678 -0.185678 -0.061893, q= -0.500000  0.250000  0.000000

                       Al X   0        Al Y   0        Al Z   0     
                    --------------- --------------- ---------------
    0   5.1265 THz  -0.7071  0.0000 -0.7071  0.0000 -0.0000 -0.0000
    1   6.4001 THz   0.5764  0.0000 -0.5764  0.0000  0.5792 -0.0000
    2   8.4201 THz  -0.4096  0.0000  0.4096 -0.0000  0.8152 -0.0000


 Q=  0.247571 -0.123786 -0.123786, q= -0.500000  0.250000  0.250000

                       Al X   0        Al Y   0        Al Z   0     
                    --------------- --------------- ---------------
    0   4.6125 THz   0.0000  0.0000  0.5231 -0.4758 -0.5231  0.4758
    1   6.3152 THz   1.0000  0.0000  0.0000  0.0000  0.0000  0.0000
    2   8.1260 THz   0.0000  0.0000 -0.7070 -0.0137 -0.7070 -0.0137


 Q= -0.185678 -0.061893 -0.061893, q= -0.250000 -0.500000 -0.500000

                       Al X   0        Al Y   0        Al Z   0     
                    --------------- --------------- ---------------
    0   5.1265 THz  -0.0000  0.0000  0.7060 -0.0396 -0.7060  0.0396
    1   6.4001 THz   0.5792  0.0000 -0.5764 -0.0000 -0.5764 -0.0000
    2   8.4201 THz   0.8152  0.0000  0.4096  0.0000  0.4096  0.0000


 Q= -0.123786  0.000000 -0.123786, q= -0.250000 -0.500000 -0.250000

                       Al X   0        Al Y   0        Al Z   0     
                    --------------- --------------- ---------------
    0   4.6125 THz   0.7071  0.0000  0.0000 -0.0000 -0.7071 -0.0000
    1   6.3152 THz   0.0000  0.0000 -0.8771  0.4802  0.0000 -0.0000
    2   8.1260 THz   0.7071  0.0000 -0.0000  0.0000  0.7071  0.0000


 Q= -0.061893  0.061893 -0.185678, q= -0.250000 -0.500000  0.000000

                       Al X   0        Al Y   0        Al Z   0     
                    --------------- --------------- ---------------
    0   5.1265 THz   0.7071  0.0000  0.7071  0.0000  0.0000  0.0000
    1   6.4001 THz   0.5764  0.0000 -0.5764 -0.0000 -0.5792 -0.0000
    2   8.4201 THz  -0.4096  0.0000  0.4096  0.0000 -0.8152 -0.0000


 Q=  0.000000  0.123786 -0.247571, q= -0.250000 -0.500000  0.250000

                       Al X   0        Al Y   0        Al Z   0     
                    --------------- --------------- ---------------
    0   6.3240 THz   0.0000  0.0000 -0.9763  0.2165 -0.0000 -0.0000
    1   7.7660 THz   1.0000  0.0000  0.0000  0.0000  0.0000  0.0000
    2   7.7660 THz   0.0000  0.0000  0.0000 -0.0000 -0.9838  0.1792


 Q= -0.123786 -0.123786  0.000000, q= -0.250000 -0.250000 -0.500000

                       Al X   0        Al Y   0        Al Z   0     
                    --------------- --------------- ---------------
    0   4.6125 THz   0.7071  0.0000 -0.7071  0.0000  0.0000  0.0000
    1   6.3152 THz   0.0000  0.0000 -0.0000  0.0000 -0.2771 -0.9608
    2   8.1260 THz  -0.7071  0.0000 -0.7071  0.0000  0.0000  0.0000


 Q= -0.061893 -0.061893 -0.061893, q= -0.250000 -0.250000 -0.250000

                       Al X   0        Al Y   0        Al Z   0     
                    --------------- --------------- ---------------
    0   3.2971 THz   0.6561  0.0000 -0.7489  0.0078  0.0927 -0.0078
    1   3.2971 THz   0.4860  0.0000  0.3251 -0.0105 -0.8111  0.0105
    2   6.9505 THz   0.5774  0.0000  0.5774  0.0000  0.5774 -0.0000


 Q=  0.000000  0.000000 -0.123786, q= -0.250000 -0.250000  0.000000

                       Al X   0        Al Y   0        Al Z   0     
                    --------------- --------------- ---------------
    0   4.1099 THz   0.0000  0.0000 -0.8382  0.5454  0.0000  0.0000
    1   4.1099 THz   1.0000  0.0000  0.0000  0.0000  0.0000  0.0000
    2   7.1948 THz   0.0000  0.0000  0.0000 -0.0000 -0.5828  0.8126


 Q=  0.061893  0.061893 -0.185678, q= -0.250000 -0.250000  0.250000

                       Al X   0        Al Y   0        Al Z   0     
                    --------------- --------------- ---------------
    0   5.1265 THz  -0.7071  0.0000  0.7071 -0.0000 -0.0000  0.0000
    1   6.4001 THz   0.5764  0.0000  0.5764 -0.0000  0.5792  0.0000
    2   8.4201 THz   0.4096  0.0000  0.4096 -0.0000 -0.8152 -0.0000


 Q= -0.061893 -0.185678  0.061893, q= -0.250000  0.000000 -0.500000

                       Al X   0        Al Y   0        Al Z   0     
                    --------------- --------------- ---------------
    0   5.1265 THz   0.7071  0.0000 -0.0000 -0.0000  0.7071 -0.0000
    1   6.4001 THz   0.5764  0.0000 -0.5792  0.0000 -0.5764  0.0000
    2   8.4201 THz   0.4096  0.0000  0.8152 -0.0000 -0.4096  0.0000


 Q=  0.000000 -0.123786  0.000000, q= -0.250000  0.000000 -0.250000

                       Al X   0        Al Y   0        Al Z   0     
                    --------------- --------------- ---------------
    0   4.1099 THz   1.0000  0.0000  0.0000  0.0000  0.0000  0.0000
    1   4.1099 THz   0.0000  0.0000  0.0000  0.0000 -0.9756 -0.2196
    2   7.1948 THz   0.0000  0.0000 -0.9597 -0.2811  0.0000 -0.0000


 Q=  0.061893 -0.061893 -0.061893, q= -0.250000  0.000000  0.000000

                       Al X   0        Al Y   0        Al Z   0     
                    --------------- --------------- ---------------
    0   3.2971 THz  -0.6704  0.0000 -0.7383  0.0194  0.0679 -0.0194
    1   3.2971 THz   0.4660  0.0000 -0.3470  0.0279  0.8130 -0.0279
    2   6.9505 THz  -0.5774 -0.0000  0.5774 -0.0000  0.5774 -0.0000


 Q=  0.123786  0.000000 -0.123786, q= -0.250000  0.000000  0.250000

                       Al X   0        Al Y   0        Al Z   0     
                    --------------- --------------- ---------------
    0   4.6125 THz   0.7071  0.0000  0.0000  0.0000  0.7071 -0.0000
    1   6.3152 THz   0.0000  0.0000  0.9972 -0.0754  0.0000  0.0000
    2   8.1260 THz   0.7071  0.0000  0.0000 -0.0000 -0.7071  0.0000


 Q=  0.000000 -0.247571  0.123786, q= -0.250000  0.250000 -0.500000

                       Al X   0        Al Y   0        Al Z   0     
                    --------------- --------------- ---------------
    0   6.3240 THz   0.0000  0.0000 -0.0000 -0.0000 -0.4075 -0.9132
    1   7.7660 THz   0.0000  0.0000 -0.9963 -0.0855  0.0000  0.0000
    2   7.7660 THz   1.0000  0.0000  0.0000  0.0000  0.0000  0.0000


 Q=  0.061893 -0.185678  0.061893, q= -0.250000  0.250000 -0.250000

                       Al X   0        Al Y   0        Al Z   0     
                    --------------- --------------- ---------------
    0   5.1265 THz  -0.7071  0.0000 -0.0000  0.0000  0.7071  0.0000
    1   6.4001 THz   0.5764  0.0000  0.5792 -0.0000  0.5764  0.0000
    2   8.4201 THz  -0.4096  0.0000  0.8152 -0.0000 -0.4096 -0.0000


 Q=  0.123786 -0.123786  0.000000, q= -0.250000  0.250000  0.000000

                       Al X   0        Al Y   0        Al Z   0     
                    --------------- --------------- ---------------
    0   4.6125 THz   0.7071  0.0000  0.7071  0.0000  0.0000  0.0000
    1   6.3152 THz   0.0000  0.0000 -0.0000 -0.0000 -0.0376  0.9993
    2   8.1260 THz   0.7071  0.0000 -0.7071 -0.0000 -0.0000 -0.0000


 Q=  0.185678 -0.061893 -0.061893, q= -0.250000  0.250000  0.250000

                       Al X   0        Al Y   0        Al Z   0     
                    --------------- --------------- ---------------
    0   5.1265 THz   0.0000  0.0000  0.7067  0.0252 -0.7067 -0.0252
    1   6.4001 THz  -0.5792  0.0000 -0.5764  0.0000 -0.5764 -0.0000
    2   8.4201 THz   0.8152  0.0000 -0.4096 -0.0000 -0.4096  0.0000


 Q= -0.247571  0.000000  0.000000, q=  0.000000 -0.500000 -0.500000

                       Al X   0        Al Y   0        Al Z   0     
                    --------------- --------------- ---------------
    0   5.7648 THz   0.0000  0.0000 -0.7964  0.0000 -0.6048 -0.0000
    1   5.7648 THz   0.0000  0.0000 -0.6048  0.0000  0.7964  0.0000
    2   9.3224 THz   1.0000  0.0000  0.0000  0.0000  0.0000  0.0000


 Q= -0.185678  0.061893 -0.061893, q=  0.000000 -0.500000 -0.250000

                       Al X   0        Al Y   0        Al Z   0     
                    --------------- --------------- ---------------
    0   5.1265 THz  -0.0000  0.0000 -0.7066  0.0277 -0.7066  0.0277
    1   6.4001 THz  -0.5792  0.0000 -0.5764 -0.0000  0.5764 -0.0000
    2   8.4201 THz   0.8152  0.0000 -0.4096  0.0000  0.4096  0.0000


 Q= -0.123786  0.123786 -0.123786, q=  0.000000 -0.500000  0.000000

                       Al X   0        Al Y   0        Al Z   0     
                    --------------- --------------- ---------------
    0   4.1489 THz   0.7559  0.0000  0.6452  0.0000 -0.1107  0.0000
    1   4.1489 THz   0.3086  0.0000 -0.5004 -0.0000 -0.8090 -0.0000
    2   9.3544 THz  -0.5774 -0.0000  0.5774  0.0000 -0.5774  0.0000


 Q= -0.061893  0.185678 -0.185678, q=  0.000000 -0.500000  0.250000

                       Al X   0        Al Y   0        Al Z   0     
                    --------------- --------------- ---------------
    0   5.1265 THz  -0.0000  0.0000 -0.7071 -0.0064 -0.7071 -0.0064
    1   6.4001 THz  -0.5792  0.0000 -0.5764  0.0000  0.5764 -0.0000
    2   8.4201 THz   0.8152  0.0000 -0.4096  0.0000  0.4096 -0.0000


 Q= -0.185678 -0.061893  0.061893, q=  0.000000 -0.250000 -0.500000

                       Al X   0        Al Y   0        Al Z   0     
                    --------------- --------------- ---------------
    0   5.1265 THz   0.0000  0.0000 -0.7070  0.0122 -0.7070  0.0122
    1   6.4001 THz   0.5792  0.0000 -0.5764 -0.0000  0.5764  0.0000
    2   8.4201 THz   0.8152  0.0000  0.4096  0.0000 -0.4096 -0.0000


 Q= -0.123786  0.000000  0.000000, q=  0.000000 -0.250000 -0.250000

                       Al X   0        Al Y   0        Al Z   0     
                    --------------- --------------- ---------------
    0   4.1099 THz   0.0000  0.0000 -0.9669  0.2535 -0.0165 -0.0243
    1   4.1099 THz   0.0000  0.0000  0.0277  0.0096 -0.0083 -0.9995
    2   7.1948 THz   1.0000  0.0000  0.0000  0.0000  0.0000  0.0000


 Q= -0.061893  0.061893 -0.061893, q=  0.000000 -0.250000  0.000000

                       Al X   0        Al Y   0        Al Z   0     
                    --------------- --------------- ---------------
    0   3.2971 THz   0.7091  0.0000  0.7051  0.0063 -0.0040  0.0063
    1   3.2971 THz   0.4048  0.0000 -0.4116 -0.0110 -0.8164 -0.0110
    2   6.9505 THz  -0.5774 -0.0000  0.5774  0.0000 -0.5774  0.0000


 Q=  0.000000  0.123786 -0.123786, q=  0.000000 -0.250000  0.250000

                       Al X   0        Al Y   0        Al Z   0     
                    --------------- --------------- ---------------
    0   4.6125 THz   0.0000  0.0000 -0.6971  0.1188 -0.6971  0.1188
    1   6.3152 THz   1.0000  0.0000  0.0000  0.0000  0.0000  0.0000
    2   8.1260 THz   0.0000  0.0000  0.7004 -0.0969 -0.7004  0.0969


 Q= -0.123786 -0.123786  0.123786, q=  0.000000  0.000000 -0.500000

                       Al X   0        Al Y   0        Al Z   0     
                    --------------- --------------- ---------------
    0   4.1489 THz   0.7089  0.0000 -0.7053 -0.0000  0.0036 -0.0000
    1   4.1489 THz  -0.4052  0.0000 -0.4113 -0.0000 -0.8165 -0.0000
    2   9.3544 THz   0.5774  0.0000  0.5774 -0.0000 -0.5774  0.0000


 Q= -0.061893 -0.061893  0.061893, q=  0.000000  0.000000 -0.250000

                       Al X   0        Al Y   0        Al Z   0     
                    --------------- --------------- ---------------
    0   3.2971 THz   0.7235  0.0000 -0.6891 -0.0157  0.0343 -0.0157
    1   3.2971 THz  -0.3785  0.0000 -0.4366 -0.0300 -0.8151 -0.0300
    2   6.9505 THz   0.5774  0.0000  0.5774  0.0000 -0.5774  0.0000


 Q=  0.000000  0.000000  0.000000, q=  0.000000  0.000000  0.000000

                       Al X   0        Al Y   0        Al Z   0     
                    --------------- --------------- ---------------
    0   0.0000 THz  -0.0682  0.0000 -0.9503  0.0000 -0.3039  0.0000
    1   0.0000 THz  -0.0317  0.0000  0.3065  0.0000 -0.9513  0.0000
    2   0.0000 THz   0.9972  0.0000 -0.0553  0.0000 -0.0510  0.0000


 Q=  0.061893  0.061893 -0.061893, q=  0.000000  0.000000  0.250000

                       Al X   0        Al Y   0        Al Z   0     
                    --------------- --------------- ---------------
    0   3.2971 THz   0.7235  0.0000 -0.6891  0.0157  0.0343  0.0157
    1   3.2971 THz  -0.3785  0.0000 -0.4366  0.0300 -0.8151  0.0300
    2   6.9505 THz   0.5774  0.0000  0.5774 -0.0000 -0.5774 -0.0000


 Q= -0.061893 -0.185678  0.185678, q=  0.000000  0.250000 -0.500000

                       Al X   0        Al Y   0        Al Z   0     
                    --------------- --------------- ---------------
    0   5.1265 THz   0.0000  0.0000 -0.7071  0.0077 -0.7071  0.0077
    1   6.4001 THz   0.5792  0.0000 -0.5764  0.0000  0.5764 -0.0000
    2   8.4201 THz   0.8152  0.0000  0.4096 -0.0000 -0.4096  0.0000


 Q=  0.000000 -0.123786  0.123786, q=  0.000000  0.250000 -0.250000

                       Al X   0        Al Y   0        Al Z   0     
                    --------------- --------------- ---------------
    0   4.6125 THz   0.0000  0.0000 -0.6971 -0.1188 -0.6971 -0.1188
    1   6.3152 THz   1.0000  0.0000  0.0000  0.0000  0.0000  0.0000
    2   8.1260 THz   0.0000  0.0000  0.7004  0.0969 -0.7004 -0.0969


 Q=  0.061893 -0.061893  0.061893, q=  0.000000  0.250000  0.000000

                       Al X   0        Al Y   0        Al Z   0     
                    --------------- --------------- ---------------
    0   3.2971 THz   0.7091  0.0000  0.7051 -0.0063 -0.0040 -0.0063
    1   3.2971 THz   0.4048  0.0000 -0.4116  0.0110 -0.8164  0.0110
    2   6.9505 THz  -0.5774 -0.0000  0.5774 -0.0000 -0.5774 -0.0000


 Q=  0.123786  0.000000  0.000000, q=  0.000000  0.250000  0.250000

                       Al X   0        Al Y   0        Al Z   0     
                    --------------- --------------- ---------------
    0   4.1099 THz   0.0000  0.0000 -0.9669 -0.2535 -0.0165  0.0243
    1   4.1099 THz   0.0000  0.0000  0.0277 -0.0096 -0.0083  0.9995
    2   7.1948 THz   1.0000  0.0000  0.0000  0.0000  0.0000  0.0000


 Q= -0.309464  0.061893  0.061893, q=  0.250000 -0.500000 -0.500000

                       Al X   0        Al Y   0        Al Z   0     
                    --------------- --------------- ---------------
    0   5.1265 THz  -0.0000  0.0000  0.7054  0.0495 -0.7054 -0.0495
    1   6.4001 THz   0.5792  0.0000 -0.5764  0.0000 -0.5764  0.0000
    2   8.4201 THz   0.8152  0.0000  0.4096 -0.0000  0.4096 -0.0000


 Q= -0.247571  0.123786  0.000000, q=  0.250000 -0.500000 -0.250000

                       Al X   0        Al Y   0        Al Z   0     
                    --------------- --------------- ---------------
    0   6.3240 THz   0.0000  0.0000 -0.9962 -0.0872 -0.0000  0.0000
    1   7.7660 THz   1.0000  0.0000  0.0000  0.0000  0.0000  0.0000
    2   7.7660 THz   0.0000  0.0000 -0.0000  0.0000 -0.9840 -0.1784


 Q= -0.185678  0.185678 -0.061893, q=  0.250000 -0.500000  0.000000

                       Al X   0        Al Y   0        Al Z   0     
                    --------------- --------------- ---------------
    0   5.1265 THz   0.7071  0.0000  0.7071 -0.0000  0.0000 -0.0000
    1   6.4001 THz   0.5764  0.0000 -0.5764  0.0000 -0.5792  0.0000
    2   8.4201 THz  -0.4096  0.0000  0.4096 -0.0000 -0.8152  0.0000


 Q= -0.123786  0.247571 -0.123786, q=  0.250000 -0.500000  0.250000

                       Al X   0        Al Y   0        Al Z   0     
                    --------------- --------------- ---------------
    0   4.6125 THz   0.7071  0.0000  0.0000  0.0000 -0.7071  0.0000
    1   6.3152 THz   0.0000  0.0000 -0.9999  0.0173  0.0000  0.0000
    2   8.1260 THz   0.7071  0.0000 -0.0000 -0.0000  0.7071 -0.0000


 Q= -0.247571  0.000000  0.123786, q=  0.250000 -0.250000 -0.500000

                       Al X   0        Al Y   0        Al Z   0     
                    --------------- --------------- ---------------
    0   6.3240 THz   0.0000  0.0000  0.0000 -0.0000 -0.9755  0.2200
    1   7.7660 THz   1.0000  0.0000  0.0000  0.0000  0.0000  0.0000
    2   7.7660 THz   0.0000  0.0000  0.9963 -0.0855  0.0000 -0.0000


 Q= -0.185678  0.061893  0.061893, q=  0.250000 -0.250000 -0.250000

                       Al X   0        Al Y   0        Al Z   0     
                    --------------- --------------- ---------------
    0   5.1265 THz   0.0000  0.0000  0.7067 -0.0252 -0.7067  0.0252
    1   6.4001 THz  -0.5792  0.0000 -0.5764 -0.0000 -0.5764  0.0000
    2   8.4201 THz   0.8152  0.0000 -0.4096  0.0000 -0.4096 -0.0000


 Q= -0.123786  0.123786  0.000000, q=  0.250000 -0.250000  0.000000

                       Al X   0        Al Y   0        Al Z   0     
                    --------------- --------------- ---------------
    0   4.6125 THz   0.7071  0.0000  0.7071 -0.0000  0.0000 -0.0000
    1   6.3152 THz   0.0000  0.0000 -0.0000  0.0000 -0.0376 -0.9993
    2   8.1260 THz   0.7071  0.0000 -0.7071  0.0000 -0.0000  0.0000


 Q= -0.061893  0.185678 -0.061893, q=  0.250000 -0.250000  0.250000

                       Al X   0        Al Y   0        Al Z   0     
                    --------------- --------------- ---------------
    0   5.1265 THz  -0.7071  0.0000 -0.0000 -0.0000  0.7071 -0.0000
    1   6.4001 THz   0.5764  0.0000  0.5792  0.0000  0.5764 -0.0000
    2   8.4201 THz  -0.4096  0.0000  0.8152  0.0000 -0.4096  0.0000


 Q= -0.185678 -0.061893  0.185678, q=  0.250000  0.000000 -0.500000

                       Al X   0        Al Y   0        Al Z   0     
                    --------------- --------------- ---------------
    0   5.1265 THz   0.7071  0.0000 -0.0000  0.0000  0.7071  0.0000
    1   6.4001 THz   0.5764  0.0000 -0.5792 -0.0000 -0.5764 -0.0000
    2   8.4201 THz   0.4096  0.0000  0.8152  0.0000 -0.4096 -0.0000


 Q= -0.123786  0.000000  0.123786, q=  0.250000  0.000000 -0.250000

                       Al X   0        Al Y   0        Al Z   0     
                    --------------- --------------- ---------------
    0   4.6125 THz   0.7071  0.0000  0.0000 -0.0000  0.7071  0.0000
    1   6.3152 THz   0.0000  0.0000  0.9972  0.0754  0.0000 -0.0000
    2   8.1260 THz   0.7071  0.0000  0.0000  0.0000 -0.7071 -0.0000


 Q= -0.061893  0.061893  0.061893, q=  0.250000  0.000000  0.000000

                       Al X   0        Al Y   0        Al Z   0     
                    --------------- --------------- ---------------
    0   3.2971 THz  -0.6704  0.0000 -0.7383 -0.0194  0.0679  0.0194
    1   3.2971 THz   0.4660  0.0000 -0.3470 -0.0279  0.8130  0.0279
    2   6.9505 THz  -0.5774 -0.0000  0.5774  0.0000  0.5774  0.0000


 Q=  0.000000  0.123786  0.000000, q=  0.250000  0.000000  0.250000

                       Al X   0        Al Y   0        Al Z   0     
                    --------------- --------------- ---------------
    0   4.1099 THz   1.0000  0.0000  0.0000  0.0000  0.0000  0.0000
    1   4.1099 THz   0.0000  0.0000  0.0000 -0.0000 -0.9756  0.2196
    2   7.1948 THz   0.0000  0.0000 -0.9597  0.2811  0.0000  0.0000


 Q= -0.123786 -0.123786  0.247571, q=  0.250000  0.250000 -0.500000

                       Al X   0        Al Y   0        Al Z   0     
                    --------------- --------------- ---------------
    0   4.6125 THz   0.7071  0.0000 -0.7071 -0.0000  0.0000 -0.0000
    1   6.3152 THz   0.0000  0.0000 -0.0000 -0.0000 -0.8494 -0.5277
    2   8.1260 THz  -0.7071  0.0000 -0.7071 -0.0000  0.0000 -0.0000


 Q= -0.061893 -0.061893  0.185678, q=  0.250000  0.250000 -0.250000

                       Al X   0        Al Y   0        Al Z   0     
                    --------------- --------------- ---------------
    0   5.1265 THz  -0.7071  0.0000  0.7071  0.0000 -0.0000 -0.0000
    1   6.4001 THz   0.5764  0.0000  0.5764  0.0000  0.5792 -0.0000
    2   8.4201 THz   0.4096  0.0000  0.4096  0.0000 -0.8152  0.0000


 Q=  0.000000  0.000000  0.123786, q=  0.250000  0.250000  0.000000

                       Al X   0        Al Y   0        Al Z   0     
                    --------------- --------------- ---------------
    0   4.1099 THz   0.0000  0.0000 -0.8382 -0.5454  0.0000 -0.0000
    1   4.1099 THz   1.0000  0.0000  0.0000  0.0000  0.0000  0.0000
    2   7.1948 THz   0.0000  0.0000  0.0000  0.0000 -0.5828 -0.8126


 Q=  0.061893  0.061893  0.061893, q=  0.250000  0.250000  0.250000

                       Al X   0        Al Y   0        Al Z   0     
                    --------------- --------------- ---------------
    0   3.2971 THz   0.6561  0.0000 -0.7489 -0.0078  0.0927  0.0078
    1   3.2971 THz   0.4860  0.0000  0.3251  0.0105 -0.8111 -0.0105
    2   6.9505 THz   0.5774  0.0000  0.5774 -0.0000  0.5774  0.0000
