
Used Primitive lattice vector

    0.000000000000      2.520103000000      2.520103000000  
    2.520103000000      0.000000000000      2.520103000000  
    2.520103000000      2.520103000000      0.000000000000  

   1 Atom(s) in the Primitive cell

 0.0000000000 0.0000000000 0.0000000000 Pb    0


 Q= -0.099202 -0.099202 -0.099202, q= -0.500000 -0.500000 -0.500000

                       Pb X   0        Pb Y   0        Pb Z   0     
                    --------------- --------------- ---------------
    0   1.6413 THz   0.8165  0.0000 -0.4082  0.0000 -0.4082 -0.0000
    1   1.6413 THz   0.0000  0.0000  0.6929  0.1412 -0.6929 -0.1412
    2   1.9869 THz  -0.5774  0.0000 -0.5774  0.0000 -0.5774 -0.0000


 Q= -0.049601 -0.049601 -0.148803, q= -0.500000 -0.500000 -0.250000

                       Pb X   0        Pb Y   0        Pb Z   0     
                    --------------- --------------- ---------------
    0   1.7332 THz   0.7071  0.0000 -0.7071  0.0000  0.0000  0.0000
    1   1.8703 THz  -0.6971  0.0000 -0.6971  0.0000  0.1673  0.0000
    2   2.0336 THz  -0.1183  0.0000 -0.1183  0.0000 -0.9859 -0.0000


 Q=  0.000000  0.000000 -0.198405, q= -0.500000 -0.500000  0.000000

                       Pb X   0        Pb Y   0        Pb Z   0     
                    --------------- --------------- ---------------
    0   1.5561 THz   1.0000  0.0000  0.0000  0.0000  0.0000  0.0000
    1   1.5561 THz   0.0000  0.0000 -0.5247  0.8513  0.0000 -0.0000
    2   1.9381 THz   0.0000  0.0000  0.0000 -0.0000  1.0000  0.0000


 Q=  0.049601  0.049601 -0.248006, q= -0.500000 -0.500000  0.250000

                       Pb X   0        Pb Y   0        Pb Z   0     
                    --------------- --------------- ---------------
    0   1.7332 THz   0.7071  0.0000 -0.7071  0.0000 -0.0000 -0.0000
    1   1.8703 THz  -0.6971  0.0000 -0.6971  0.0000  0.1673  0.0000
    2   2.0336 THz  -0.1183  0.0000 -0.1183  0.0000 -0.9859 -0.0000


 Q= -0.049601 -0.148803 -0.049601, q= -0.500000 -0.250000 -0.500000

                       Pb X   0        Pb Y   0        Pb Z   0     
                    --------------- --------------- ---------------
    0   1.7332 THz   0.7071  0.0000  0.0000 -0.0000 -0.7071  0.0000
    1   1.8703 THz  -0.6971  0.0000  0.1673  0.0000 -0.6971  0.0000
    2   2.0336 THz   0.1183  0.0000  0.9859  0.0000  0.1183  0.0000


 Q=  0.000000 -0.099202 -0.099202, q= -0.500000 -0.250000 -0.250000

                       Pb X   0        Pb Y   0        Pb Z   0     
                    --------------- --------------- ---------------
    0   1.6291 THz   0.0000  0.0000  0.3597  0.6088 -0.3597 -0.6088
    1   1.9058 THz   0.0000  0.0000 -0.4506  0.5449 -0.4506  0.5449
    2   1.9066 THz   1.0000  0.0000  0.0000  0.0000  0.0000  0.0000


 Q=  0.049601 -0.049601 -0.148803, q= -0.500000 -0.250000  0.000000

                       Pb X   0        Pb Y   0        Pb Z   0     
                    --------------- --------------- ---------------
    0   1.7332 THz   0.7071  0.0000  0.7071 -0.0000 -0.0000  0.0000
    1   1.8703 THz   0.6971  0.0000 -0.6971  0.0000  0.1673  0.0000
    2   2.0336 THz   0.1183  0.0000 -0.1183  0.0000 -0.9859 -0.0000


 Q=  0.099202  0.000000 -0.198405, q= -0.500000 -0.250000  0.250000

                       Pb X   0        Pb Y   0        Pb Z   0     
                    --------------- --------------- ---------------
    0   1.7795 THz   0.0000  0.0000 -0.3144  0.5271 -0.4736  0.6317
    1   1.7795 THz   0.0000  0.0000  0.5789 -0.5369 -0.4914  0.3676
    2   1.8514 THz   1.0000  0.0000  0.0000  0.0000  0.0000  0.0000


 Q=  0.000000 -0.198405  0.000000, q= -0.500000  0.000000 -0.500000

                       Pb X   0        Pb Y   0        Pb Z   0     
                    --------------- --------------- ---------------
    0   1.5561 THz   0.0000  0.0000 -0.0000  0.0000 -1.0000 -0.0000
    1   1.5561 THz   1.0000  0.0000  0.0000  0.0000  0.0000  0.0000
    2   1.9381 THz   0.0000  0.0000 -0.0490 -0.9988  0.0000  0.0000


 Q=  0.049601 -0.148803 -0.049601, q= -0.500000  0.000000 -0.250000

                       Pb X   0        Pb Y   0        Pb Z   0     
                    --------------- --------------- ---------------
    0   1.7332 THz   0.7071  0.0000 -0.0000  0.0000  0.7071 -0.0000
    1   1.8703 THz   0.6971  0.0000  0.1673  0.0000 -0.6971  0.0000
    2   2.0336 THz  -0.1183  0.0000  0.9859  0.0000  0.1183  0.0000


 Q=  0.099202 -0.099202 -0.099202, q= -0.500000  0.000000  0.000000

                       Pb X   0        Pb Y   0        Pb Z   0     
                    --------------- --------------- ---------------
    0   1.6413 THz   0.7286  0.0000  0.0456  0.0183  0.6830 -0.0183
    1   1.6413 THz  -0.3686 -0.0000 -0.8142  0.0361  0.4456 -0.0361
    2   1.9869 THz  -0.5774 -0.0000  0.5774  0.0000  0.5774  0.0000


 Q=  0.148803 -0.049601 -0.148803, q= -0.500000  0.000000  0.250000

                       Pb X   0        Pb Y   0        Pb Z   0     
                    --------------- --------------- ---------------
    0   1.7332 THz   0.7071  0.0000 -0.0000  0.0000  0.7071 -0.0000
    1   1.8703 THz   0.6971  0.0000  0.1673 -0.0000 -0.6971  0.0000
    2   2.0336 THz  -0.1183  0.0000  0.9859  0.0000  0.1183  0.0000


 Q=  0.049601 -0.248006  0.049601, q= -0.500000  0.250000 -0.500000

                       Pb X   0        Pb Y   0        Pb Z   0     
                    --------------- --------------- ---------------
    0   1.7332 THz   0.7071  0.0000 -0.0000  0.0000 -0.7071 -0.0000
    1   1.8703 THz  -0.6971  0.0000  0.1673  0.0000 -0.6971 -0.0000
    2   2.0336 THz   0.1183  0.0000  0.9859 -0.0000  0.1183 -0.0000


 Q=  0.099202 -0.198405  0.000000, q= -0.500000  0.250000 -0.250000

                       Pb X   0        Pb Y   0        Pb Z   0     
                    --------------- --------------- ---------------
    0   1.7795 THz   0.0000  0.0000 -0.4722 -0.0287 -0.4393  0.7637
    1   1.7795 THz   0.0000  0.0000  0.8797 -0.0483 -0.1871  0.4346
    2   1.8514 THz   1.0000  0.0000  0.0000  0.0000  0.0000  0.0000


 Q=  0.148803 -0.148803 -0.049601, q= -0.500000  0.250000  0.000000

                       Pb X   0        Pb Y   0        Pb Z   0     
                    --------------- --------------- ---------------
    0   1.7332 THz   0.7071  0.0000  0.7071 -0.0000 -0.0000  0.0000
    1   1.8703 THz   0.6971  0.0000 -0.6971  0.0000  0.1673  0.0000
    2   2.0336 THz   0.1183  0.0000 -0.1183 -0.0000 -0.9859 -0.0000


 Q=  0.198405 -0.099202 -0.099202, q= -0.500000  0.250000  0.250000

                       Pb X   0        Pb Y   0        Pb Z   0     
                    --------------- --------------- ---------------
    0   1.6291 THz   0.0000  0.0000 -0.0932  0.7009  0.0932 -0.7009
    1   1.9058 THz   0.0000  0.0000 -0.3762  0.5987 -0.3762  0.5987
    2   1.9066 THz   1.0000  0.0000  0.0000  0.0000  0.0000  0.0000


 Q= -0.148803 -0.049601 -0.049601, q= -0.250000 -0.500000 -0.500000

                       Pb X   0        Pb Y   0        Pb Z   0     
                    --------------- --------------- ---------------
    0   1.7332 THz   0.0000  0.0000  0.6458 -0.2881 -0.6458  0.2881
    1   1.8703 THz   0.1673  0.0000 -0.6971 -0.0000 -0.6971  0.0000
    2   2.0336 THz   0.9859  0.0000  0.1183  0.0000  0.1183 -0.0000


 Q= -0.099202  0.000000 -0.099202, q= -0.250000 -0.500000 -0.250000

                       Pb X   0        Pb Y   0        Pb Z   0     
                    --------------- --------------- ---------------
    0   1.6291 THz  -0.7071  0.0000  0.0000  0.0000  0.7071  0.0000
    1   1.9058 THz   0.7071  0.0000  0.0000  0.0000  0.7071  0.0000
    2   1.9066 THz   0.0000  0.0000 -0.5961  0.8029 -0.0000 -0.0000


 Q= -0.049601  0.049601 -0.148803, q= -0.250000 -0.500000  0.000000

                       Pb X   0        Pb Y   0        Pb Z   0     
                    --------------- --------------- ---------------
    0   1.7332 THz   0.7071  0.0000  0.7071 -0.0000  0.0000 -0.0000
    1   1.8703 THz   0.6971  0.0000 -0.6971  0.0000 -0.1673 -0.0000
    2   2.0336 THz  -0.1183  0.0000  0.1183  0.0000 -0.9859 -0.0000


 Q=  0.000000  0.099202 -0.198405, q= -0.250000 -0.500000  0.250000

                       Pb X   0        Pb Y   0        Pb Z   0     
                    --------------- --------------- ---------------
    0   1.7795 THz   0.0000  0.0000 -0.0000 -0.0000 -0.9741 -0.2261
    1   1.7795 THz   1.0000  0.0000  0.0000  0.0000  0.0000  0.0000
    2   1.8514 THz   0.0000  0.0000 -0.2764  0.9610  0.0000 -0.0000


 Q= -0.099202 -0.099202  0.000000, q= -0.250000 -0.250000 -0.500000

                       Pb X   0        Pb Y   0        Pb Z   0     
                    --------------- --------------- ---------------
    0   1.6291 THz   0.7071  0.0000 -0.7071  0.0000  0.0000  0.0000
    1   1.9058 THz  -0.7071  0.0000 -0.7071  0.0000  0.0000  0.0000
    2   1.9066 THz   0.0000  0.0000 -0.0000 -0.0000 -0.3389 -0.9408


 Q= -0.049601 -0.049601 -0.049601, q= -0.250000 -0.250000 -0.250000

                       Pb X   0        Pb Y   0        Pb Z   0     
                    --------------- --------------- ---------------
    0   1.4680 THz   0.8165  0.0000 -0.4082  0.0000 -0.4082  0.0000
    1   1.4680 THz   0.0000  0.0000  0.0000 -0.7071 -0.0000  0.7071
    2   1.8377 THz  -0.5774  0.0000 -0.5774  0.0000 -0.5774  0.0000


 Q=  0.000000  0.000000 -0.099202, q= -0.250000 -0.250000  0.000000

                       Pb X   0        Pb Y   0        Pb Z   0     
                    --------------- --------------- ---------------
    0   1.6152 THz   1.0000  0.0000  0.0000  0.0000  0.0000  0.0000
    1   1.6152 THz   0.0000  0.0000 -0.4879  0.8729 -0.0000 -0.0000
    2   1.9457 THz   0.0000  0.0000  0.0000 -0.0000 -0.8114 -0.5845


 Q=  0.049601  0.049601 -0.148803, q= -0.250000 -0.250000  0.250000

                       Pb X   0        Pb Y   0        Pb Z   0     
                    --------------- --------------- ---------------
    0   1.7332 THz   0.7071  0.0000 -0.7071  0.0000  0.0000  0.0000
    1   1.8703 THz  -0.6971  0.0000 -0.6971  0.0000 -0.1673 -0.0000
    2   2.0336 THz   0.1183  0.0000  0.1183  0.0000 -0.9859 -0.0000


 Q= -0.049601 -0.148803  0.049601, q= -0.250000  0.000000 -0.500000

                       Pb X   0        Pb Y   0        Pb Z   0     
                    --------------- --------------- ---------------
    0   1.7332 THz   0.7071  0.0000 -0.0000  0.0000  0.7071  0.0000
    1   1.8703 THz  -0.6971  0.0000  0.1673  0.0000  0.6971  0.0000
    2   2.0336 THz  -0.1183  0.0000 -0.9859  0.0000  0.1183 -0.0000


 Q=  0.000000 -0.099202  0.000000, q= -0.250000  0.000000 -0.250000

                       Pb X   0        Pb Y   0        Pb Z   0     
                    --------------- --------------- ---------------
    0   1.6152 THz   0.0000  0.0000 -0.0000  0.0000 -0.8901  0.4558
    1   1.6152 THz   1.0000  0.0000  0.0000  0.0000  0.0000  0.0000
    2   1.9457 THz   0.0000  0.0000 -0.2002  0.9798 -0.0000  0.0000


 Q=  0.049601 -0.049601 -0.049601, q= -0.250000  0.000000  0.000000

                       Pb X   0        Pb Y   0        Pb Z   0     
                    --------------- --------------- ---------------
    0   1.4680 THz   0.0000  0.0000  0.7040  0.0660 -0.7040 -0.0660
    1   1.4680 THz   0.8165  0.0000  0.4082 -0.0000  0.4082 -0.0000
    2   1.8377 THz   0.5774  0.0000 -0.5774  0.0000 -0.5774  0.0000


 Q=  0.099202  0.000000 -0.099202, q= -0.250000  0.000000  0.250000

                       Pb X   0        Pb Y   0        Pb Z   0     
                    --------------- --------------- ---------------
    0   1.6291 THz   0.7071  0.0000  0.0000 -0.0000  0.7071  0.0000
    1   1.9058 THz   0.7071  0.0000  0.0000  0.0000 -0.7071 -0.0000
    2   1.9066 THz   0.0000  0.0000 -0.3496  0.9369  0.0000  0.0000


 Q=  0.000000 -0.198405  0.099202, q= -0.250000  0.250000 -0.500000

                       Pb X   0        Pb Y   0        Pb Z   0     
                    --------------- --------------- ---------------
    0   1.7795 THz   0.0000  0.0000 -0.4593 -0.8883 -0.0000 -0.0000
    1   1.7795 THz   1.0000  0.0000  0.0000  0.0000  0.0000  0.0000
    2   1.8514 THz   0.0000  0.0000  0.0000  0.0000 -0.9835 -0.1811


 Q=  0.049601 -0.148803  0.049601, q= -0.250000  0.250000 -0.250000

                       Pb X   0        Pb Y   0        Pb Z   0     
                    --------------- --------------- ---------------
    0   1.7332 THz   0.7071  0.0000  0.0000 -0.0000 -0.7071 -0.0000
    1   1.8703 THz   0.6971  0.0000  0.1673 -0.0000  0.6971  0.0000
    2   2.0336 THz   0.1183  0.0000 -0.9859  0.0000  0.1183 -0.0000


 Q=  0.099202 -0.099202  0.000000, q= -0.250000  0.250000  0.000000

                       Pb X   0        Pb Y   0        Pb Z   0     
                    --------------- --------------- ---------------
    0   1.6291 THz   0.7071  0.0000  0.7071  0.0000  0.0000 -0.0000
    1   1.9058 THz   0.7071  0.0000 -0.7071 -0.0000 -0.0000  0.0000
    2   1.9066 THz   0.0000  0.0000  0.0000 -0.0000 -0.3219  0.9468


 Q=  0.148803 -0.049601 -0.049601, q= -0.250000  0.250000  0.250000

                       Pb X   0        Pb Y   0        Pb Z   0     
                    --------------- --------------- ---------------
    0   1.7332 THz   0.0000  0.0000  0.6610 -0.2513 -0.6610  0.2513
    1   1.8703 THz  -0.1673  0.0000 -0.6971 -0.0000 -0.6971 -0.0000
    2   2.0336 THz   0.9859  0.0000 -0.1183 -0.0000 -0.1183 -0.0000


 Q= -0.198405  0.000000  0.000000, q=  0.000000 -0.500000 -0.500000

                       Pb X   0        Pb Y   0        Pb Z   0     
                    --------------- --------------- ---------------
    0   1.5561 THz   0.0000  0.0000 -0.0337 -0.6867 -0.2359  0.6867
    1   1.5561 THz   0.0000  0.0000 -0.6793  0.2566 -0.6874 -0.0128
    2   1.9381 THz   1.0000  0.0000  0.0000  0.0000  0.0000  0.0000


 Q= -0.148803  0.049601 -0.049601, q=  0.000000 -0.500000 -0.250000

                       Pb X   0        Pb Y   0        Pb Z   0     
                    --------------- --------------- ---------------
    0   1.7332 THz   0.0000  0.0000 -0.7069 -0.0177 -0.7069 -0.0177
    1   1.8703 THz  -0.1673  0.0000 -0.6971 -0.0000  0.6971  0.0000
    2   2.0336 THz   0.9859  0.0000 -0.1183 -0.0000  0.1183  0.0000


 Q= -0.099202  0.099202 -0.099202, q=  0.000000 -0.500000  0.000000

                       Pb X   0        Pb Y   0        Pb Z   0     
                    --------------- --------------- ---------------
    0   1.6413 THz   0.8165  0.0000  0.4082  0.0000 -0.4082 -0.0000
    1   1.6413 THz   0.0000  0.0000 -0.7022  0.0834 -0.7022  0.0834
    2   1.9869 THz   0.5774  0.0000 -0.5774 -0.0000  0.5774  0.0000


 Q= -0.049601  0.148803 -0.148803, q=  0.000000 -0.500000  0.250000

                       Pb X   0        Pb Y   0        Pb Z   0     
                    --------------- --------------- ---------------
    0   1.7332 THz   0.0000  0.0000 -0.7068 -0.0211 -0.7068 -0.0211
    1   1.8703 THz  -0.1673  0.0000 -0.6971 -0.0000  0.6971  0.0000
    2   2.0336 THz   0.9859  0.0000 -0.1183 -0.0000  0.1183  0.0000


 Q= -0.148803 -0.049601  0.049601, q=  0.000000 -0.250000 -0.500000

                       Pb X   0        Pb Y   0        Pb Z   0     
                    --------------- --------------- ---------------
    0   1.7332 THz   0.0000  0.0000 -0.7071 -0.0031 -0.7071 -0.0031
    1   1.8703 THz   0.1673  0.0000 -0.6971  0.0000  0.6971 -0.0000
    2   2.0336 THz   0.9859  0.0000  0.1183 -0.0000 -0.1183  0.0000


 Q= -0.099202  0.000000  0.000000, q=  0.000000 -0.250000 -0.250000

                       Pb X   0        Pb Y   0        Pb Z   0     
                    --------------- --------------- ---------------
    0   1.6152 THz   0.0000  0.0000  0.1127 -0.0249 -0.5631 -0.8183
    1   1.6152 THz   0.0000  0.0000  0.4503 -0.8854  0.1150  0.0099
    2   1.9457 THz   1.0000  0.0000  0.0000  0.0000  0.0000  0.0000


 Q= -0.049601  0.049601 -0.049601, q=  0.000000 -0.250000  0.000000

                       Pb X   0        Pb Y   0        Pb Z   0     
                    --------------- --------------- ---------------
    0   1.4680 THz  -0.0000 -0.0000  0.7063  0.0337  0.7063  0.0337
    1   1.4680 THz   0.8165  0.0000  0.4082 -0.0000 -0.4082  0.0000
    2   1.8377 THz  -0.5774 -0.0000  0.5774 -0.0000 -0.5774  0.0000


 Q=  0.000000  0.099202 -0.099202, q=  0.000000 -0.250000  0.250000

                       Pb X   0        Pb Y   0        Pb Z   0     
                    --------------- --------------- ---------------
    0   1.6291 THz   0.0000  0.0000 -0.6435  0.2932 -0.6435  0.2932
    1   1.9058 THz   0.0000  0.0000 -0.7071 -0.0024  0.7071  0.0024
    2   1.9066 THz   1.0000  0.0000  0.0000  0.0000  0.0000  0.0000


 Q= -0.099202 -0.099202  0.099202, q=  0.000000  0.000000 -0.500000

                       Pb X   0        Pb Y   0        Pb Z   0     
                    --------------- --------------- ---------------
    0   1.6413 THz   0.0000  0.0000 -0.7014 -0.0897 -0.7014 -0.0897
    1   1.6413 THz   0.8165  0.0000 -0.4082  0.0000  0.4082 -0.0000
    2   1.9869 THz  -0.5774  0.0000 -0.5774  0.0000  0.5774 -0.0000


 Q= -0.049601 -0.049601  0.049601, q=  0.000000  0.000000 -0.250000

                       Pb X   0        Pb Y   0        Pb Z   0     
                    --------------- --------------- ---------------
    0   1.4680 THz   0.0000  0.0000 -0.7034  0.0727 -0.7034  0.0727
    1   1.4680 THz   0.8165  0.0000 -0.4082 -0.0000  0.4082  0.0000
    2   1.8377 THz  -0.5774  0.0000 -0.5774 -0.0000  0.5774  0.0000


 Q=  0.000000  0.000000  0.000000, q=  0.000000  0.000000  0.000000

                       Pb X   0        Pb Y   0        Pb Z   0     
                    --------------- --------------- ---------------
    0   0.0000 THz   0.9993  0.0000 -0.0069  0.0000 -0.0360  0.0000
    1  -0.0000 THz  -0.0060  0.0000 -0.9997  0.0000  0.0251  0.0000
    2   0.0000 THz   0.0362  0.0000  0.0249  0.0000  0.9990  0.0000


 Q=  0.049601  0.049601 -0.049601, q=  0.000000  0.000000  0.250000

                       Pb X   0        Pb Y   0        Pb Z   0     
                    --------------- --------------- ---------------
    0   1.4680 THz   0.0000  0.0000 -0.7034 -0.0727 -0.7034 -0.0727
    1   1.4680 THz   0.8165  0.0000 -0.4082  0.0000  0.4082 -0.0000
    2   1.8377 THz  -0.5774  0.0000 -0.5774  0.0000  0.5774 -0.0000


 Q= -0.049601 -0.148803  0.148803, q=  0.000000  0.250000 -0.500000

                       Pb X   0        Pb Y   0        Pb Z   0     
                    --------------- --------------- ---------------
    0   1.7332 THz  -0.0000  0.0000 -0.7067  0.0229 -0.7067  0.0229
    1   1.8703 THz   0.1673  0.0000 -0.6971  0.0000  0.6971 -0.0000
    2   2.0336 THz   0.9859  0.0000  0.1183 -0.0000 -0.1183  0.0000


 Q=  0.000000 -0.099202  0.099202, q=  0.000000  0.250000 -0.250000

                       Pb X   0        Pb Y   0        Pb Z   0     
                    --------------- --------------- ---------------
    0   1.6291 THz   0.0000  0.0000 -0.6435 -0.2932 -0.6435 -0.2932
    1   1.9058 THz   0.0000  0.0000 -0.7071  0.0024  0.7071 -0.0024
    2   1.9066 THz   1.0000  0.0000  0.0000  0.0000  0.0000  0.0000


 Q=  0.049601 -0.049601  0.049601, q=  0.000000  0.250000  0.000000

                       Pb X   0        Pb Y   0        Pb Z   0     
                    --------------- --------------- ---------------
    0   1.4680 THz  -0.0000 -0.0000  0.7063 -0.0337  0.7063 -0.0337
    1   1.4680 THz   0.8165  0.0000  0.4082  0.0000 -0.4082 -0.0000
    2   1.8377 THz  -0.5774 -0.0000  0.5774  0.0000 -0.5774 -0.0000


 Q=  0.099202  0.000000  0.000000, q=  0.000000  0.250000  0.250000

                       Pb X   0        Pb Y   0        Pb Z   0     
                    --------------- --------------- ---------------
    0   1.6152 THz   0.0000  0.0000  0.1127  0.0249 -0.5631  0.8183
    1   1.6152 THz   0.0000  0.0000  0.4503  0.8854  0.1150 -0.0099
    2   1.9457 THz   1.0000  0.0000  0.0000  0.0000  0.0000  0.0000


 Q= -0.248006  0.049601  0.049601, q=  0.250000 -0.500000 -0.500000

                       Pb X   0        Pb Y   0        Pb Z   0     
                    --------------- --------------- ---------------
    0   1.7332 THz   0.0000  0.0000  0.5626 -0.4283 -0.5626  0.4283
    1   1.8703 THz   0.1673  0.0000 -0.6971 -0.0000 -0.6971  0.0000
    2   2.0336 THz   0.9859  0.0000  0.1183  0.0000  0.1183 -0.0000


 Q= -0.198405  0.099202  0.000000, q=  0.250000 -0.500000 -0.250000

                       Pb X   0        Pb Y   0        Pb Z   0     
                    --------------- --------------- ---------------
    0   1.7795 THz   0.0000  0.0000 -0.0000 -0.0000 -0.0746  0.9972
    1   1.7795 THz   1.0000  0.0000  0.0000  0.0000  0.0000  0.0000
    2   1.8514 THz   0.0000  0.0000 -0.2352  0.9720 -0.0000  0.0000


 Q= -0.148803  0.148803 -0.049601, q=  0.250000 -0.500000  0.000000

                       Pb X   0        Pb Y   0        Pb Z   0     
                    --------------- --------------- ---------------
    0   1.7332 THz   0.7071  0.0000  0.7071 -0.0000  0.0000 -0.0000
    1   1.8703 THz   0.6971  0.0000 -0.6971  0.0000 -0.1673 -0.0000
    2   2.0336 THz  -0.1183  0.0000  0.1183 -0.0000 -0.9859 -0.0000


 Q= -0.099202  0.198405 -0.099202, q=  0.250000 -0.500000  0.250000

                       Pb X   0        Pb Y   0        Pb Z   0     
                    --------------- --------------- ---------------
    0   1.6291 THz  -0.7071  0.0000  0.0000  0.0000  0.7071  0.0000
    1   1.9058 THz   0.7071  0.0000  0.0000  0.0000  0.7071  0.0000
    2   1.9066 THz   0.0000  0.0000 -0.9518 -0.3068  0.0000 -0.0000


 Q= -0.198405  0.000000  0.099202, q=  0.250000 -0.250000 -0.500000

                       Pb X   0        Pb Y   0        Pb Z   0     
                    --------------- --------------- ---------------
    0   1.7795 THz   0.0000  0.0000  0.0676  0.9977 -0.0000  0.0000
    1   1.7795 THz   1.0000  0.0000  0.0000  0.0000  0.0000  0.0000
    2   1.8514 THz   0.0000  0.0000  0.0000  0.0000 -0.4371 -0.8994


 Q= -0.148803  0.049601  0.049601, q=  0.250000 -0.250000 -0.250000

                       Pb X   0        Pb Y   0        Pb Z   0     
                    --------------- --------------- ---------------
    0   1.7332 THz   0.0000  0.0000  0.6610  0.2513 -0.6610 -0.2513
    1   1.8703 THz  -0.1673  0.0000 -0.6971  0.0000 -0.6971  0.0000
    2   2.0336 THz   0.9859  0.0000 -0.1183  0.0000 -0.1183  0.0000


 Q= -0.099202  0.099202  0.000000, q=  0.250000 -0.250000  0.000000

                       Pb X   0        Pb Y   0        Pb Z   0     
                    --------------- --------------- ---------------
    0   1.6291 THz   0.7071  0.0000  0.7071 -0.0000  0.0000  0.0000
    1   1.9058 THz   0.7071  0.0000 -0.7071  0.0000 -0.0000 -0.0000
    2   1.9066 THz   0.0000  0.0000  0.0000  0.0000 -0.3219 -0.9468


 Q= -0.049601  0.148803 -0.049601, q=  0.250000 -0.250000  0.250000

                       Pb X   0        Pb Y   0        Pb Z   0     
                    --------------- --------------- ---------------
    0   1.7332 THz   0.7071  0.0000  0.0000  0.0000 -0.7071  0.0000
    1   1.8703 THz   0.6971  0.0000  0.1673  0.0000  0.6971 -0.0000
    2   2.0336 THz   0.1183  0.0000 -0.9859 -0.0000  0.1183  0.0000


 Q= -0.148803 -0.049601  0.148803, q=  0.250000  0.000000 -0.500000

                       Pb X   0        Pb Y   0        Pb Z   0     
                    --------------- --------------- ---------------
    0   1.7332 THz   0.7071  0.0000 -0.0000  0.0000  0.7071  0.0000
    1   1.8703 THz  -0.6971  0.0000  0.1673  0.0000  0.6971  0.0000
    2   2.0336 THz  -0.1183  0.0000 -0.9859  0.0000  0.1183 -0.0000


 Q= -0.099202  0.000000  0.099202, q=  0.250000  0.000000 -0.250000

                       Pb X   0        Pb Y   0        Pb Z   0     
                    --------------- --------------- ---------------
    0   1.6291 THz   0.7071  0.0000  0.0000  0.0000  0.7071 -0.0000
    1   1.9058 THz   0.7071  0.0000  0.0000 -0.0000 -0.7071  0.0000
    2   1.9066 THz   0.0000  0.0000 -0.3496 -0.9369  0.0000  0.0000


 Q= -0.049601  0.049601  0.049601, q=  0.250000  0.000000  0.000000

                       Pb X   0        Pb Y   0        Pb Z   0     
                    --------------- --------------- ---------------
    0   1.4680 THz   0.0000  0.0000  0.7040 -0.0660 -0.7040  0.0660
    1   1.4680 THz   0.8165  0.0000  0.4082  0.0000  0.4082  0.0000
    2   1.8377 THz   0.5774  0.0000 -0.5774 -0.0000 -0.5774 -0.0000


 Q=  0.000000  0.099202  0.000000, q=  0.250000  0.000000  0.250000

                       Pb X   0        Pb Y   0        Pb Z   0     
                    --------------- --------------- ---------------
    0   1.6152 THz   0.0000  0.0000 -0.0000 -0.0000 -0.8901 -0.4558
    1   1.6152 THz   1.0000  0.0000  0.0000  0.0000  0.0000  0.0000
    2   1.9457 THz   0.0000  0.0000 -0.2002 -0.9798 -0.0000 -0.0000


 Q= -0.099202 -0.099202  0.198405, q=  0.250000  0.250000 -0.500000

                       Pb X   0        Pb Y   0        Pb Z   0     
                    --------------- --------------- ---------------
    0   1.6291 THz   0.7071  0.0000 -0.7071 -0.0000  0.0000  0.0000
    1   1.9058 THz  -0.7071  0.0000 -0.7071 -0.0000  0.0000  0.0000
    2   1.9066 THz   0.0000  0.0000 -0.0000 -0.0000 -0.2789 -0.9603


 Q= -0.049601 -0.049601  0.148803, q=  0.250000  0.250000 -0.250000

                       Pb X   0        Pb Y   0        Pb Z   0     
                    --------------- --------------- ---------------
    0   1.7332 THz   0.7071  0.0000 -0.7071 -0.0000  0.0000 -0.0000
    1   1.8703 THz  -0.6971  0.0000 -0.6971 -0.0000 -0.1673  0.0000
    2   2.0336 THz   0.1183  0.0000  0.1183 -0.0000 -0.9859  0.0000


 Q=  0.000000  0.000000  0.099202, q=  0.250000  0.250000  0.000000

                       Pb X   0        Pb Y   0        Pb Z   0     
                    --------------- --------------- ---------------
    0   1.6152 THz   1.0000  0.0000  0.0000  0.0000  0.0000  0.0000
    1   1.6152 THz   0.0000  0.0000 -0.4879 -0.8729 -0.0000  0.0000
    2   1.9457 THz   0.0000  0.0000  0.0000  0.0000 -0.8114  0.5845


 Q=  0.049601  0.049601  0.049601, q=  0.250000  0.250000  0.250000

                       Pb X   0        Pb Y   0        Pb Z   0     
                    --------------- --------------- ---------------
    0   1.4680 THz   0.8165  0.0000 -0.4082 -0.0000 -0.4082 -0.0000
    1   1.4680 THz   0.0000  0.0000  0.0000  0.7071 -0.0000 -0.7071
    2   1.8377 THz  -0.5774  0.0000 -0.5774 -0.0000 -0.5774 -0.0000
