
Used Primitive lattice vector

    0.000000000000      1.871389000000      1.871389000000  
    1.871389000000      0.000000000000      1.871389000000  
    1.871389000000      1.871389000000      0.000000000000  

   1 Atom(s) in the Primitive cell

 0.0000000000 0.0000000000 0.0000000000 Ni    0


 Q= -0.133591 -0.133591 -0.133591, q= -0.500000 -0.500000 -0.500000

                       Ni X   0        Ni Y   0        Ni Z   0     
                    --------------- --------------- ---------------
    0   2.9704 THz   0.8043  0.0000 -0.2803 -0.0000 -0.5240  0.0000
    1   2.9704 THz   0.1407  0.0000 -0.7669  0.0000  0.6262 -0.0000
    2   4.1953 THz   0.5774  0.0000  0.5774  0.0000  0.5774  0.0000


 Q= -0.066795 -0.066795 -0.200386, q= -0.500000 -0.500000 -0.250000

                       Ni X   0        Ni Y   0        Ni Z   0     
                    --------------- --------------- ---------------
    0   3.6765 THz   0.7071  0.0000 -0.7071  0.0000  0.0000 -0.0000
    1   3.6936 THz   0.5937  0.0000  0.5937 -0.0000 -0.5431  0.0000
    2   4.2507 THz   0.3841  0.0000  0.3841  0.0000  0.8396  0.0000


 Q=  0.000000  0.000000 -0.267181, q= -0.500000 -0.500000  0.000000

                       Ni X   0        Ni Y   0        Ni Z   0     
                    --------------- --------------- ---------------
    0   4.1627 THz   0.0000  0.0000  1.0000 -0.0000  0.0000 -0.0000
    1   4.1627 THz   1.0000  0.0000  0.0000  0.0000  0.0000  0.0000
    2   4.3799 THz   0.0000  0.0000  0.0000 -0.0000 -1.0000  0.0000


 Q=  0.066795  0.066795 -0.333977, q= -0.500000 -0.500000  0.250000

                       Ni X   0        Ni Y   0        Ni Z   0     
                    --------------- --------------- ---------------
    0   3.6765 THz   0.7071  0.0000 -0.7071 -0.0000 -0.0000  0.0000
    1   3.6936 THz   0.5937  0.0000  0.5937  0.0000 -0.5431 -0.0000
    2   4.2507 THz   0.3841  0.0000  0.3841 -0.0000  0.8396 -0.0000


 Q= -0.066795 -0.200386 -0.066795, q= -0.500000 -0.250000 -0.500000

                       Ni X   0        Ni Y   0        Ni Z   0     
                    --------------- --------------- ---------------
    0   3.6765 THz  -0.7071  0.0000  0.0000  0.0000  0.7071 -0.0000
    1   3.6936 THz   0.5937  0.0000 -0.5431  0.0000  0.5937 -0.0000
    2   4.2507 THz   0.3841  0.0000  0.8396  0.0000  0.3841 -0.0000


 Q=  0.000000 -0.133591 -0.133591, q= -0.500000 -0.250000 -0.250000

                       Ni X   0        Ni Y   0        Ni Z   0     
                    --------------- --------------- ---------------
    0   2.9061 THz   0.0000  0.0000 -0.4237 -0.5661  0.4237  0.5661
    1   3.6326 THz   1.0000  0.0000  0.0000  0.0000  0.0000  0.0000
    2   4.1858 THz   0.0000  0.0000 -0.3036  0.6386 -0.3036  0.6386


 Q=  0.066795 -0.066795 -0.200386, q= -0.500000 -0.250000  0.000000

                       Ni X   0        Ni Y   0        Ni Z   0     
                    --------------- --------------- ---------------
    0   3.6765 THz  -0.7071  0.0000 -0.7071  0.0000 -0.0000  0.0000
    1   3.6936 THz   0.5937  0.0000 -0.5937 -0.0000  0.5431  0.0000
    2   4.2507 THz  -0.3841  0.0000  0.3841 -0.0000  0.8396  0.0000


 Q=  0.133591  0.000000 -0.267181, q= -0.500000 -0.250000  0.250000

                       Ni X   0        Ni Y   0        Ni Z   0     
                    --------------- --------------- ---------------
    0   3.8426 THz   1.0000  0.0000  0.0000  0.0000  0.0000  0.0000
    1   4.1683 THz   0.0000  0.0000 -0.2697 -0.3449 -0.8980  0.0437
    2   4.1683 THz   0.0000  0.0000  0.8685  0.2322 -0.3364  0.2803


 Q=  0.000000 -0.267181  0.000000, q= -0.500000  0.000000 -0.500000

                       Ni X   0        Ni Y   0        Ni Z   0     
                    --------------- --------------- ---------------
    0   4.1627 THz   1.0000  0.0000  0.0000  0.0000  0.0000  0.0000
    1   4.1627 THz   0.0000  0.0000 -0.0000 -0.0000  1.0000 -0.0000
    2   4.3799 THz   0.0000  0.0000 -1.0000 -0.0000 -0.0000 -0.0000


 Q=  0.066795 -0.200386 -0.066795, q= -0.500000  0.000000 -0.250000

                       Ni X   0        Ni Y   0        Ni Z   0     
                    --------------- --------------- ---------------
    0   3.6765 THz   0.7071  0.0000 -0.0000  0.0000  0.7071 -0.0000
    1   3.6936 THz   0.5937  0.0000  0.5431 -0.0000 -0.5937  0.0000
    2   4.2507 THz  -0.3841  0.0000  0.8396  0.0000  0.3841  0.0000


 Q=  0.133591 -0.133591 -0.133591, q= -0.500000  0.000000  0.000000

                       Ni X   0        Ni Y   0        Ni Z   0     
                    --------------- --------------- ---------------
    0   2.9704 THz   0.8165  0.0000  0.4082  0.0000  0.4082  0.0000
    1   2.9704 THz   0.0000  0.0000  0.7071  0.0000 -0.7071 -0.0000
    2   4.1953 THz   0.5774  0.0000 -0.5774 -0.0000 -0.5774 -0.0000


 Q=  0.200386 -0.066795 -0.200386, q= -0.500000  0.000000  0.250000

                       Ni X   0        Ni Y   0        Ni Z   0     
                    --------------- --------------- ---------------
    0   3.6765 THz   0.7071  0.0000 -0.0000 -0.0000  0.7071  0.0000
    1   3.6936 THz   0.5937  0.0000  0.5431  0.0000 -0.5937 -0.0000
    2   4.2507 THz  -0.3841  0.0000  0.8396 -0.0000  0.3841 -0.0000


 Q=  0.066795 -0.333977  0.066795, q= -0.500000  0.250000 -0.500000

                       Ni X   0        Ni Y   0        Ni Z   0     
                    --------------- --------------- ---------------
    0   3.6765 THz  -0.7071  0.0000  0.0000 -0.0000  0.7071  0.0000
    1   3.6936 THz   0.5937  0.0000 -0.5431 -0.0000  0.5937  0.0000
    2   4.2507 THz   0.3841  0.0000  0.8396 -0.0000  0.3841  0.0000


 Q=  0.133591 -0.267181  0.000000, q= -0.500000  0.250000 -0.250000

                       Ni X   0        Ni Y   0        Ni Z   0     
                    --------------- --------------- ---------------
    0   3.8426 THz   1.0000  0.0000  0.0000  0.0000  0.0000  0.0000
    1   4.1683 THz   0.0000  0.0000 -0.5484  0.3170 -0.7725  0.0442
    2   4.1683 THz   0.0000  0.0000  0.7636  0.1248 -0.5123 -0.3727


 Q=  0.200386 -0.200386 -0.066795, q= -0.500000  0.250000  0.000000

                       Ni X   0        Ni Y   0        Ni Z   0     
                    --------------- --------------- ---------------
    0   3.6765 THz  -0.7071  0.0000 -0.7071  0.0000 -0.0000 -0.0000
    1   3.6936 THz   0.5937  0.0000 -0.5937  0.0000  0.5431 -0.0000
    2   4.2507 THz  -0.3841  0.0000  0.3841 -0.0000  0.8396 -0.0000


 Q=  0.267181 -0.133591 -0.133591, q= -0.500000  0.250000  0.250000

                       Ni X   0        Ni Y   0        Ni Z   0     
                    --------------- --------------- ---------------
    0   2.9061 THz   0.0000  0.0000  0.6312 -0.3187 -0.6312  0.3187
    1   3.6326 THz   1.0000  0.0000  0.0000  0.0000  0.0000  0.0000
    2   4.1858 THz   0.0000  0.0000 -0.7070  0.0138 -0.7070  0.0138


 Q= -0.200386 -0.066795 -0.066795, q= -0.250000 -0.500000 -0.500000

                       Ni X   0        Ni Y   0        Ni Z   0     
                    --------------- --------------- ---------------
    0   3.6765 THz   0.0000  0.0000  0.7071  0.0066 -0.7071 -0.0066
    1   3.6936 THz   0.5431  0.0000 -0.5937 -0.0000 -0.5937  0.0000
    2   4.2507 THz   0.8396  0.0000  0.3841  0.0000  0.3841 -0.0000


 Q= -0.133591  0.000000 -0.133591, q= -0.250000 -0.500000 -0.250000

                       Ni X   0        Ni Y   0        Ni Z   0     
                    --------------- --------------- ---------------
    0   2.9061 THz   0.7071  0.0000  0.0000 -0.0000 -0.7071  0.0000
    1   3.6326 THz   0.0000  0.0000  0.7179  0.6961  0.0000  0.0000
    2   4.1858 THz   0.7071  0.0000  0.0000  0.0000  0.7071 -0.0000


 Q= -0.066795  0.066795 -0.200386, q= -0.250000 -0.500000  0.000000

                       Ni X   0        Ni Y   0        Ni Z   0     
                    --------------- --------------- ---------------
    0   3.6765 THz   0.7071  0.0000  0.7071  0.0000 -0.0000  0.0000
    1   3.6936 THz   0.5937  0.0000 -0.5937 -0.0000 -0.5431 -0.0000
    2   4.2507 THz  -0.3841  0.0000  0.3841  0.0000 -0.8396  0.0000


 Q=  0.000000  0.133591 -0.267181, q= -0.250000 -0.500000  0.250000

                       Ni X   0        Ni Y   0        Ni Z   0     
                    --------------- --------------- ---------------
    0   3.8426 THz   0.0000  0.0000 -0.9350 -0.3546 -0.0000 -0.0000
    1   4.1683 THz   0.0000  0.0000  0.0000  0.0000 -0.4557 -0.8901
    2   4.1683 THz   1.0000  0.0000  0.0000  0.0000  0.0000  0.0000


 Q= -0.133591 -0.133591  0.000000, q= -0.250000 -0.250000 -0.500000

                       Ni X   0        Ni Y   0        Ni Z   0     
                    --------------- --------------- ---------------
    0   2.9061 THz   0.7071  0.0000 -0.7071 -0.0000 -0.0000 -0.0000
    1   3.6326 THz   0.0000  0.0000  0.0000 -0.0000 -0.8366  0.5478
    2   4.1858 THz  -0.7071  0.0000 -0.7071 -0.0000 -0.0000 -0.0000


 Q= -0.066795 -0.066795 -0.066795, q= -0.250000 -0.250000 -0.250000

                       Ni X   0        Ni Y   0        Ni Z   0     
                    --------------- --------------- ---------------
    0   1.7168 THz   0.8165  0.0000 -0.4082 -0.0000 -0.4082 -0.0000
    1   1.7168 THz   0.0000  0.0000  0.7061  0.0384 -0.7061 -0.0384
    2   4.0563 THz  -0.5774  0.0000 -0.5774 -0.0000 -0.5774 -0.0000


 Q=  0.000000  0.000000 -0.133591, q= -0.250000 -0.250000  0.000000

                       Ni X   0        Ni Y   0        Ni Z   0     
                    --------------- --------------- ---------------
    0   2.9363 THz   1.0000  0.0000  0.0000  0.0000  0.0000  0.0000
    1   2.9363 THz   0.0000  0.0000 -0.6466  0.7628  0.0000 -0.0000
    2   3.4334 THz   0.0000  0.0000  0.0000 -0.0000  0.7326 -0.6807


 Q=  0.066795  0.066795 -0.200386, q= -0.250000 -0.250000  0.250000

                       Ni X   0        Ni Y   0        Ni Z   0     
                    --------------- --------------- ---------------
    0   3.6765 THz  -0.7071  0.0000  0.7071 -0.0000 -0.0000 -0.0000
    1   3.6936 THz   0.5937  0.0000  0.5937 -0.0000  0.5431 -0.0000
    2   4.2507 THz   0.3841  0.0000  0.3841  0.0000 -0.8396 -0.0000


 Q= -0.066795 -0.200386  0.066795, q= -0.250000  0.000000 -0.500000

                       Ni X   0        Ni Y   0        Ni Z   0     
                    --------------- --------------- ---------------
    0   3.6765 THz   0.7071  0.0000  0.0000  0.0000  0.7071  0.0000
    1   3.6936 THz   0.5937  0.0000 -0.5431 -0.0000 -0.5937 -0.0000
    2   4.2507 THz   0.3841  0.0000  0.8396 -0.0000 -0.3841 -0.0000


 Q=  0.000000 -0.133591  0.000000, q= -0.250000  0.000000 -0.250000

                       Ni X   0        Ni Y   0        Ni Z   0     
                    --------------- --------------- ---------------
    0   2.9363 THz   1.0000  0.0000  0.0000  0.0000  0.0000  0.0000
    1   2.9363 THz   0.0000  0.0000  0.0000  0.0000  0.9772  0.2122
    2   3.4334 THz   0.0000  0.0000 -0.7588 -0.6514  0.0000 -0.0000


 Q=  0.066795 -0.066795 -0.066795, q= -0.250000  0.000000  0.000000

                       Ni X   0        Ni Y   0        Ni Z   0     
                    --------------- --------------- ---------------
    0   1.7168 THz   0.8165  0.0000  0.4082 -0.0000  0.4082  0.0000
    1   1.7168 THz   0.0000  0.0000 -0.0000 -0.7071 -0.0000  0.7071
    2   4.0563 THz   0.5774  0.0000 -0.5774  0.0000 -0.5774 -0.0000


 Q=  0.133591  0.000000 -0.133591, q= -0.250000  0.000000  0.250000

                       Ni X   0        Ni Y   0        Ni Z   0     
                    --------------- --------------- ---------------
    0   2.9061 THz   0.7071  0.0000  0.0000 -0.0000  0.7071 -0.0000
    1   3.6326 THz   0.0000  0.0000 -0.9881 -0.1540  0.0000  0.0000
    2   4.1858 THz   0.7071  0.0000  0.0000  0.0000 -0.7071  0.0000


 Q=  0.000000 -0.267181  0.133591, q= -0.250000  0.250000 -0.500000

                       Ni X   0        Ni Y   0        Ni Z   0     
                    --------------- --------------- ---------------
    0   3.8426 THz   0.0000  0.0000  0.0000  0.0000 -0.8716  0.4903
    1   4.1683 THz   1.0000  0.0000  0.0000  0.0000  0.0000  0.0000
    2   4.1683 THz   0.0000  0.0000  0.9997  0.0262  0.0000 -0.0000


 Q=  0.066795 -0.200386  0.066795, q= -0.250000  0.250000 -0.250000

                       Ni X   0        Ni Y   0        Ni Z   0     
                    --------------- --------------- ---------------
    0   3.6765 THz  -0.7071  0.0000  0.0000 -0.0000  0.7071 -0.0000
    1   3.6936 THz   0.5937  0.0000  0.5431 -0.0000  0.5937 -0.0000
    2   4.2507 THz  -0.3841  0.0000  0.8396 -0.0000 -0.3841  0.0000


 Q=  0.133591 -0.133591  0.000000, q= -0.250000  0.250000  0.000000

                       Ni X   0        Ni Y   0        Ni Z   0     
                    --------------- --------------- ---------------
    0   2.9061 THz   0.7071  0.0000  0.7071 -0.0000 -0.0000  0.0000
    1   3.6326 THz   0.0000  0.0000 -0.0000  0.0000 -0.7042  0.7100
    2   4.1858 THz   0.7071  0.0000 -0.7071  0.0000  0.0000 -0.0000


 Q=  0.200386 -0.066795 -0.066795, q= -0.250000  0.250000  0.250000

                       Ni X   0        Ni Y   0        Ni Z   0     
                    --------------- --------------- ---------------
    0   3.6765 THz  -0.0000  0.0000  0.7068 -0.0221 -0.7068  0.0221
    1   3.6936 THz  -0.5431  0.0000 -0.5937  0.0000 -0.5937 -0.0000
    2   4.2507 THz   0.8396  0.0000 -0.3841  0.0000 -0.3841  0.0000


 Q= -0.267181  0.000000  0.000000, q=  0.000000 -0.500000 -0.500000

                       Ni X   0        Ni Y   0        Ni Z   0     
                    --------------- --------------- ---------------
    0   4.1627 THz   0.0000  0.0000 -0.1842  0.0000  0.9829 -0.0000
    1   4.1627 THz   0.0000  0.0000 -0.9829  0.0000 -0.1842  0.0000
    2   4.3799 THz   1.0000  0.0000  0.0000  0.0000  0.0000  0.0000


 Q= -0.200386  0.066795 -0.066795, q=  0.000000 -0.500000 -0.250000

                       Ni X   0        Ni Y   0        Ni Z   0     
                    --------------- --------------- ---------------
    0   3.6765 THz   0.0000  0.0000 -0.7062  0.0352 -0.7062  0.0352
    1   3.6936 THz  -0.5431  0.0000 -0.5937  0.0000  0.5937 -0.0000
    2   4.2507 THz   0.8396  0.0000 -0.3841  0.0000  0.3841 -0.0000


 Q= -0.133591  0.133591 -0.133591, q=  0.000000 -0.500000  0.000000

                       Ni X   0        Ni Y   0        Ni Z   0     
                    --------------- --------------- ---------------
    0   2.9704 THz   0.8165  0.0000  0.4082 -0.0000 -0.4082  0.0000
    1   2.9704 THz   0.0000  0.0000 -0.7071  0.0000 -0.7071  0.0000
    2   4.1953 THz   0.5774  0.0000 -0.5774  0.0000  0.5774 -0.0000


 Q= -0.066795  0.200386 -0.200386, q=  0.000000 -0.500000  0.250000

                       Ni X   0        Ni Y   0        Ni Z   0     
                    --------------- --------------- ---------------
    0   3.6765 THz   0.0000  0.0000 -0.7061 -0.0380 -0.7061 -0.0380
    1   3.6936 THz  -0.5431  0.0000 -0.5937  0.0000  0.5937  0.0000
    2   4.2507 THz   0.8396  0.0000 -0.3841  0.0000  0.3841  0.0000


 Q= -0.200386 -0.066795  0.066795, q=  0.000000 -0.250000 -0.500000

                       Ni X   0        Ni Y   0        Ni Z   0     
                    --------------- --------------- ---------------
    0   3.6765 THz   0.0000  0.0000 -0.7069 -0.0175 -0.7069 -0.0175
    1   3.6936 THz   0.5431  0.0000 -0.5937  0.0000  0.5937  0.0000
    2   4.2507 THz   0.8396  0.0000  0.3841 -0.0000 -0.3841 -0.0000


 Q= -0.133591  0.000000  0.000000, q=  0.000000 -0.250000 -0.250000

                       Ni X   0        Ni Y   0        Ni Z   0     
                    --------------- --------------- ---------------
    0   2.9363 THz   0.0000  0.0000 -0.2941 -0.3007  0.8646 -0.2748
    1   2.9363 THz   0.0000  0.0000 -0.7275 -0.5420 -0.3762  0.1882
    2   3.4334 THz   1.0000  0.0000  0.0000  0.0000  0.0000  0.0000


 Q= -0.066795  0.066795 -0.066795, q=  0.000000 -0.250000  0.000000

                       Ni X   0        Ni Y   0        Ni Z   0     
                    --------------- --------------- ---------------
    0   1.7168 THz   0.7350  0.0000  0.0595 -0.0059 -0.6754 -0.0059
    1   1.7168 THz  -0.3557  0.0000 -0.8142 -0.0123 -0.4585 -0.0123
    2   4.0563 THz  -0.5774 -0.0000  0.5774 -0.0000 -0.5774 -0.0000


 Q=  0.000000  0.133591 -0.133591, q=  0.000000 -0.250000  0.250000

                       Ni X   0        Ni Y   0        Ni Z   0     
                    --------------- --------------- ---------------
    0   2.9061 THz   0.0000  0.0000  0.6356  0.3098  0.6356  0.3098
    1   3.6326 THz   1.0000  0.0000  0.0000  0.0000  0.0000  0.0000
    2   4.1858 THz   0.0000  0.0000 -0.6593  0.2555  0.6593 -0.2555


 Q= -0.133591 -0.133591  0.133591, q=  0.000000  0.000000 -0.500000

                       Ni X   0        Ni Y   0        Ni Z   0     
                    --------------- --------------- ---------------
    0   2.9704 THz   0.6292  0.0000  0.1360 -0.0000  0.7652 -0.0000
    1   2.9704 THz   0.5203  0.0000 -0.8051  0.0000 -0.2847  0.0000
    2   4.1953 THz   0.5774  0.0000  0.5774  0.0000 -0.5774 -0.0000


 Q= -0.066795 -0.066795  0.066795, q=  0.000000  0.000000 -0.250000

                       Ni X   0        Ni Y   0        Ni Z   0     
                    --------------- --------------- ---------------
    0   1.7168 THz   0.8165  0.0000 -0.4082 -0.0000  0.4082  0.0000
    1   1.7168 THz   0.0000  0.0000 -0.7061  0.0372 -0.7061  0.0372
    2   4.0563 THz  -0.5774  0.0000 -0.5774 -0.0000  0.5774  0.0000


 Q=  0.000000  0.000000  0.000000, q=  0.000000  0.000000  0.000000

                       Ni X   0        Ni Y   0        Ni Z   0     
                    --------------- --------------- ---------------
    0  -0.0000 THz   0.3992  0.0000 -0.7732  0.0000  0.4928  0.0000
    1   0.0000 THz   0.0388  0.0000 -0.5228  0.0000 -0.8516  0.0000
    2  -0.0000 THz   0.9160  0.0000  0.3591  0.0000 -0.1787  0.0000


 Q=  0.066795  0.066795 -0.066795, q=  0.000000  0.000000  0.250000

                       Ni X   0        Ni Y   0        Ni Z   0     
                    --------------- --------------- ---------------
    0   1.7168 THz   0.8165  0.0000 -0.4082  0.0000  0.4082 -0.0000
    1   1.7168 THz   0.0000  0.0000 -0.7061 -0.0372 -0.7061 -0.0372
    2   4.0563 THz  -0.5774  0.0000 -0.5774  0.0000  0.5774 -0.0000


 Q= -0.066795 -0.200386  0.200386, q=  0.000000  0.250000 -0.500000

                       Ni X   0        Ni Y   0        Ni Z   0     
                    --------------- --------------- ---------------
    0   3.6765 THz   0.0000  0.0000 -0.7057  0.0440 -0.7057  0.0440
    1   3.6936 THz   0.5431  0.0000 -0.5937 -0.0000  0.5937 -0.0000
    2   4.2507 THz   0.8396  0.0000  0.3841  0.0000 -0.3841  0.0000


 Q=  0.000000 -0.133591  0.133591, q=  0.000000  0.250000 -0.250000

                       Ni X   0        Ni Y   0        Ni Z   0     
                    --------------- --------------- ---------------
    0   2.9061 THz   0.0000  0.0000  0.6356 -0.3098  0.6356 -0.3098
    1   3.6326 THz   1.0000  0.0000  0.0000  0.0000  0.0000  0.0000
    2   4.1858 THz   0.0000  0.0000 -0.6593 -0.2555  0.6593  0.2555


 Q=  0.066795 -0.066795  0.066795, q=  0.000000  0.250000  0.000000

                       Ni X   0        Ni Y   0        Ni Z   0     
                    --------------- --------------- ---------------
    0   1.7168 THz   0.7350  0.0000  0.0595  0.0059 -0.6754  0.0059
    1   1.7168 THz  -0.3557  0.0000 -0.8142  0.0123 -0.4585  0.0123
    2   4.0563 THz  -0.5774 -0.0000  0.5774  0.0000 -0.5774  0.0000


 Q=  0.133591  0.000000  0.000000, q=  0.000000  0.250000  0.250000

                       Ni X   0        Ni Y   0        Ni Z   0     
                    --------------- --------------- ---------------
    0   2.9363 THz   0.0000  0.0000 -0.2941  0.3007  0.8646  0.2748
    1   2.9363 THz   0.0000  0.0000 -0.7275  0.5420 -0.3762 -0.1882
    2   3.4334 THz   1.0000  0.0000  0.0000  0.0000  0.0000  0.0000


 Q= -0.333977  0.066795  0.066795, q=  0.250000 -0.500000 -0.500000

                       Ni X   0        Ni Y   0        Ni Z   0     
                    --------------- --------------- ---------------
    0   3.6765 THz   0.0000  0.0000  0.7071 -0.0066 -0.7071  0.0066
    1   3.6936 THz   0.5431  0.0000 -0.5937  0.0000 -0.5937 -0.0000
    2   4.2507 THz   0.8396  0.0000  0.3841 -0.0000  0.3841  0.0000


 Q= -0.267181  0.133591  0.000000, q=  0.250000 -0.500000 -0.250000

                       Ni X   0        Ni Y   0        Ni Z   0     
                    --------------- --------------- ---------------
    0   3.8426 THz   0.0000  0.0000 -0.9112 -0.4119  0.0000  0.0000
    1   4.1683 THz   0.0000  0.0000  0.0000  0.0000  0.9775 -0.2108
    2   4.1683 THz   1.0000  0.0000  0.0000  0.0000  0.0000  0.0000


 Q= -0.200386  0.200386 -0.066795, q=  0.250000 -0.500000  0.000000

                       Ni X   0        Ni Y   0        Ni Z   0     
                    --------------- --------------- ---------------
    0   3.6765 THz   0.7071  0.0000  0.7071 -0.0000 -0.0000 -0.0000
    1   3.6936 THz   0.5937  0.0000 -0.5937  0.0000 -0.5431  0.0000
    2   4.2507 THz  -0.3841  0.0000  0.3841 -0.0000 -0.8396 -0.0000


 Q= -0.133591  0.267181 -0.133591, q=  0.250000 -0.500000  0.250000

                       Ni X   0        Ni Y   0        Ni Z   0     
                    --------------- --------------- ---------------
    0   2.9061 THz  -0.7071  0.0000 -0.0000 -0.0000  0.7071  0.0000
    1   3.6326 THz   0.0000  0.0000 -0.9937 -0.1120  0.0000  0.0000
    2   4.1858 THz   0.7071  0.0000 -0.0000 -0.0000  0.7071  0.0000


 Q= -0.267181  0.000000  0.133591, q=  0.250000 -0.250000 -0.500000

                       Ni X   0        Ni Y   0        Ni Z   0     
                    --------------- --------------- ---------------
    0   3.8426 THz   0.0000  0.0000 -0.0000  0.0000  0.8498  0.5270
    1   4.1683 THz   0.0000  0.0000 -1.0000 -0.0013 -0.0000 -0.0000
    2   4.1683 THz   1.0000  0.0000  0.0000  0.0000  0.0000  0.0000


 Q= -0.200386  0.066795  0.066795, q=  0.250000 -0.250000 -0.250000

                       Ni X   0        Ni Y   0        Ni Z   0     
                    --------------- --------------- ---------------
    0   3.6765 THz  -0.0000  0.0000  0.7068  0.0221 -0.7068 -0.0221
    1   3.6936 THz  -0.5431  0.0000 -0.5937 -0.0000 -0.5937  0.0000
    2   4.2507 THz   0.8396  0.0000 -0.3841 -0.0000 -0.3841 -0.0000


 Q= -0.133591  0.133591  0.000000, q=  0.250000 -0.250000  0.000000

                       Ni X   0        Ni Y   0        Ni Z   0     
                    --------------- --------------- ---------------
    0   2.9061 THz   0.7071  0.0000  0.7071  0.0000 -0.0000 -0.0000
    1   3.6326 THz   0.0000  0.0000 -0.0000 -0.0000 -0.7042 -0.7100
    2   4.1858 THz   0.7071  0.0000 -0.7071 -0.0000  0.0000  0.0000


 Q= -0.066795  0.200386 -0.066795, q=  0.250000 -0.250000  0.250000

                       Ni X   0        Ni Y   0        Ni Z   0     
                    --------------- --------------- ---------------
    0   3.6765 THz  -0.7071  0.0000  0.0000  0.0000  0.7071  0.0000
    1   3.6936 THz   0.5937  0.0000  0.5431  0.0000  0.5937  0.0000
    2   4.2507 THz  -0.3841  0.0000  0.8396  0.0000 -0.3841 -0.0000


 Q= -0.200386 -0.066795  0.200386, q=  0.250000  0.000000 -0.500000

                       Ni X   0        Ni Y   0        Ni Z   0     
                    --------------- --------------- ---------------
    0   3.6765 THz   0.7071  0.0000 -0.0000 -0.0000  0.7071 -0.0000
    1   3.6936 THz   0.5937  0.0000 -0.5431  0.0000 -0.5937  0.0000
    2   4.2507 THz   0.3841  0.0000  0.8396  0.0000 -0.3841  0.0000


 Q= -0.133591  0.000000  0.133591, q=  0.250000  0.000000 -0.250000

                       Ni X   0        Ni Y   0        Ni Z   0     
                    --------------- --------------- ---------------
    0   2.9061 THz   0.7071  0.0000  0.0000  0.0000  0.7071  0.0000
    1   3.6326 THz   0.0000  0.0000 -0.9881  0.1540  0.0000  0.0000
    2   4.1858 THz   0.7071  0.0000  0.0000 -0.0000 -0.7071 -0.0000


 Q= -0.066795  0.066795  0.066795, q=  0.250000  0.000000  0.000000

                       Ni X   0        Ni Y   0        Ni Z   0     
                    --------------- --------------- ---------------
    0   1.7168 THz   0.8165  0.0000  0.4082  0.0000  0.4082 -0.0000
    1   1.7168 THz   0.0000  0.0000 -0.0000  0.7071 -0.0000 -0.7071
    2   4.0563 THz   0.5774  0.0000 -0.5774 -0.0000 -0.5774  0.0000


 Q=  0.000000  0.133591  0.000000, q=  0.250000  0.000000  0.250000

                       Ni X   0        Ni Y   0        Ni Z   0     
                    --------------- --------------- ---------------
    0   2.9363 THz   1.0000  0.0000  0.0000  0.0000  0.0000  0.0000
    1   2.9363 THz   0.0000  0.0000  0.0000 -0.0000  0.9772 -0.2122
    2   3.4334 THz   0.0000  0.0000 -0.7588  0.6514  0.0000  0.0000


 Q= -0.133591 -0.133591  0.267181, q=  0.250000  0.250000 -0.500000

                       Ni X   0        Ni Y   0        Ni Z   0     
                    --------------- --------------- ---------------
    0   2.9061 THz   0.7071  0.0000 -0.7071  0.0000  0.0000  0.0000
    1   3.6326 THz   0.0000  0.0000 -0.0000  0.0000 -0.9991  0.0421
    2   4.1858 THz  -0.7071  0.0000 -0.7071  0.0000  0.0000  0.0000


 Q= -0.066795 -0.066795  0.200386, q=  0.250000  0.250000 -0.250000

                       Ni X   0        Ni Y   0        Ni Z   0     
                    --------------- --------------- ---------------
    0   3.6765 THz  -0.7071  0.0000  0.7071  0.0000 -0.0000  0.0000
    1   3.6936 THz   0.5937  0.0000  0.5937  0.0000  0.5431  0.0000
    2   4.2507 THz   0.3841  0.0000  0.3841 -0.0000 -0.8396  0.0000


 Q=  0.000000  0.000000  0.133591, q=  0.250000  0.250000  0.000000

                       Ni X   0        Ni Y   0        Ni Z   0     
                    --------------- --------------- ---------------
    0   2.9363 THz   1.0000  0.0000  0.0000  0.0000  0.0000  0.0000
    1   2.9363 THz   0.0000  0.0000 -0.6466 -0.7628  0.0000  0.0000
    2   3.4334 THz   0.0000  0.0000  0.0000  0.0000  0.7326  0.6807


 Q=  0.066795  0.066795  0.066795, q=  0.250000  0.250000  0.250000

                       Ni X   0        Ni Y   0        Ni Z   0     
                    --------------- --------------- ---------------
    0   1.7168 THz   0.8165  0.0000 -0.4082  0.0000 -0.4082  0.0000
    1   1.7168 THz   0.0000  0.0000  0.7061 -0.0384 -0.7061  0.0384
    2   4.0563 THz  -0.5774  0.0000 -0.5774  0.0000 -0.5774  0.0000
