
Used Primitive lattice vector

   -1.537844000000      1.537844000000      1.537844000000  
    1.537844000000     -1.537844000000      1.537844000000  
    1.537844000000      1.537844000000     -1.537844000000  

   1 Atom(s) in the Primitive cell

 0.0000000000 0.0000000000 0.0000000000 Fe    0


 Q= -0.325131 -0.325131 -0.325131, q= -0.500000 -0.500000 -0.500000

                       Fe X   0        Fe Y   0        Fe Z   0     
                    --------------- --------------- ---------------
    0   5.3680 THz   0.0000  0.0000 -0.1177  0.7006  0.0674  0.7006
    1   5.3680 THz   0.0000  0.0000  0.3850 -0.5892 -0.2210  0.6751
    2   5.3680 THz   1.0000  0.0000  0.0000  0.0000  0.0000  0.0000


 Q= -0.243848 -0.243848 -0.325131, q= -0.500000 -0.500000 -0.250000

                       Fe X   0        Fe Y   0        Fe Z   0     
                    --------------- --------------- ---------------
    0   4.2335 THz   0.7071  0.0000 -0.7071  0.0000 -0.0000  0.0000
    1   4.5273 THz   0.7071  0.0000  0.7071 -0.0000  0.0000 -0.0000
    2   4.7963 THz   0.0000  0.0000  0.0000 -0.0000 -0.6535  0.7570


 Q= -0.162565 -0.162565 -0.325131, q= -0.500000 -0.500000  0.000000

                       Fe X   0        Fe Y   0        Fe Z   0     
                    --------------- --------------- ---------------
    0   2.7923 THz  -0.7071  0.0000 -0.7071 -0.0000  0.0000 -0.0000
    1   3.6331 THz   0.7071  0.0000 -0.7071 -0.0000  0.0000 -0.0000
    2   4.7697 THz   0.0000  0.0000 -0.0000 -0.0000 -0.9412  0.3377


 Q= -0.081283 -0.081283 -0.325131, q= -0.500000 -0.500000  0.250000

                       Fe X   0        Fe Y   0        Fe Z   0     
                    --------------- --------------- ---------------
    0   4.2335 THz   0.7071  0.0000 -0.7071  0.0000  0.0000  0.0000
    1   4.5273 THz   0.7071  0.0000  0.7071 -0.0000 -0.0000 -0.0000
    2   4.7963 THz   0.0000  0.0000 -0.0000  0.0000 -0.7955 -0.6059


 Q= -0.243848 -0.325131 -0.243848, q= -0.500000 -0.250000 -0.500000

                       Fe X   0        Fe Y   0        Fe Z   0     
                    --------------- --------------- ---------------
    0   4.2335 THz   0.7071  0.0000 -0.0000  0.0000 -0.7071  0.0000
    1   4.5273 THz   0.7071  0.0000  0.0000 -0.0000  0.7071 -0.0000
    2   4.7963 THz   0.0000  0.0000  0.8758 -0.4827 -0.0000 -0.0000


 Q= -0.162565 -0.243848 -0.243848, q= -0.500000 -0.250000 -0.250000

                       Fe X   0        Fe Y   0        Fe Z   0     
                    --------------- --------------- ---------------
    0   2.9806 THz   0.7475  0.0000  0.4697 -0.0000  0.4697 -0.0000
    1   3.0763 THz   0.0000  0.0000  0.6138 -0.3510 -0.6138  0.3510
    2   4.2169 THz   0.6643  0.0000 -0.5286  0.0000 -0.5286  0.0000


 Q= -0.081283 -0.162565 -0.243848, q= -0.500000 -0.250000  0.000000

                       Fe X   0        Fe Y   0        Fe Z   0     
                    --------------- --------------- ---------------
    0   2.9806 THz   0.4697  0.0000  0.7475 -0.0000 -0.4697  0.0000
    1   3.0763 THz   0.7071  0.0000  0.0000  0.0000  0.7071 -0.0000
    2   4.2169 THz  -0.5286  0.0000  0.6643 -0.0000  0.5286 -0.0000


 Q=  0.000000 -0.081283 -0.243848, q= -0.500000 -0.250000  0.250000

                       Fe X   0        Fe Y   0        Fe Z   0     
                    --------------- --------------- ---------------
    0   4.2335 THz   0.0000  0.0000 -0.7070  0.0120 -0.7070  0.0120
    1   4.5273 THz   0.0000  0.0000  0.1873  0.6818 -0.1873 -0.6818
    2   4.7963 THz   1.0000  0.0000  0.0000  0.0000  0.0000  0.0000


 Q= -0.162565 -0.325131 -0.162565, q= -0.500000  0.000000 -0.500000

                       Fe X   0        Fe Y   0        Fe Z   0     
                    --------------- --------------- ---------------
    0   2.7923 THz   0.7071  0.0000  0.0000  0.0000  0.7071  0.0000
    1   3.6331 THz   0.7071  0.0000  0.0000 -0.0000 -0.7071 -0.0000
    2   4.7697 THz   0.0000  0.0000 -0.6813 -0.7320  0.0000  0.0000


 Q= -0.081283 -0.243848 -0.162565, q= -0.500000  0.000000 -0.250000

                       Fe X   0        Fe Y   0        Fe Z   0     
                    --------------- --------------- ---------------
    0   2.9806 THz   0.4697  0.0000 -0.4697 -0.0000  0.7475 -0.0000
    1   3.0763 THz  -0.7071  0.0000 -0.7071  0.0000 -0.0000  0.0000
    2   4.2169 THz  -0.5286  0.0000  0.5286 -0.0000  0.6643 -0.0000


 Q=  0.000000 -0.162565 -0.162565, q= -0.500000  0.000000  0.000000

                       Fe X   0        Fe Y   0        Fe Z   0     
                    --------------- --------------- ---------------
    0   2.7923 THz   0.0000  0.0000  0.7071 -0.0000 -0.7071  0.0000
    1   3.6331 THz   0.0000  0.0000 -0.7071  0.0000 -0.7071  0.0000
    2   4.7697 THz   1.0000  0.0000  0.0000  0.0000  0.0000  0.0000


 Q=  0.081283 -0.081283 -0.162565, q= -0.500000  0.000000  0.250000

                       Fe X   0        Fe Y   0        Fe Z   0     
                    --------------- --------------- ---------------
    0   2.9806 THz   0.4697  0.0000 -0.4697  0.0000  0.7475 -0.0000
    1   3.0763 THz  -0.7071  0.0000 -0.7071  0.0000 -0.0000 -0.0000
    2   4.2169 THz  -0.5286  0.0000  0.5286 -0.0000  0.6643 -0.0000


 Q= -0.081283 -0.325131 -0.081283, q= -0.500000  0.250000 -0.500000

                       Fe X   0        Fe Y   0        Fe Z   0     
                    --------------- --------------- ---------------
    0   4.2335 THz   0.7071  0.0000 -0.0000  0.0000 -0.7071  0.0000
    1   4.5273 THz   0.7071  0.0000  0.0000 -0.0000  0.7071 -0.0000
    2   4.7963 THz   0.0000  0.0000 -0.9976 -0.0700  0.0000  0.0000


 Q=  0.000000 -0.243848 -0.081283, q= -0.500000  0.250000 -0.250000

                       Fe X   0        Fe Y   0        Fe Z   0     
                    --------------- --------------- ---------------
    0   4.2335 THz   0.0000  0.0000 -0.7045  0.0602 -0.7045  0.0602
    1   4.5273 THz   0.0000  0.0000  0.1513  0.6907 -0.1513 -0.6907
    2   4.7963 THz   1.0000  0.0000  0.0000  0.0000  0.0000  0.0000


 Q=  0.081283 -0.162565 -0.081283, q= -0.500000  0.250000  0.000000

                       Fe X   0        Fe Y   0        Fe Z   0     
                    --------------- --------------- ---------------
    0   2.9806 THz   0.4697  0.0000  0.7475  0.0000 -0.4697 -0.0000
    1   3.0763 THz   0.7071  0.0000 -0.0000 -0.0000  0.7071  0.0000
    2   4.2169 THz  -0.5286  0.0000  0.6643 -0.0000  0.5286 -0.0000


 Q=  0.162565 -0.081283 -0.081283, q= -0.500000  0.250000  0.250000

                       Fe X   0        Fe Y   0        Fe Z   0     
                    --------------- --------------- ---------------
    0   2.9806 THz   0.7475  0.0000  0.4697  0.0000  0.4697  0.0000
    1   3.0763 THz   0.0000  0.0000  0.6677 -0.2327 -0.6677  0.2327
    2   4.2169 THz   0.6643  0.0000 -0.5286 -0.0000 -0.5286 -0.0000


 Q= -0.325131 -0.243848 -0.243848, q= -0.250000 -0.500000 -0.500000

                       Fe X   0        Fe Y   0        Fe Z   0     
                    --------------- --------------- ---------------
    0   4.2335 THz   0.0000  0.0000 -0.1258  0.6958  0.1258 -0.6958
    1   4.5273 THz   0.0000  0.0000 -0.4849  0.5146 -0.4849  0.5146
    2   4.7963 THz   1.0000  0.0000  0.0000  0.0000  0.0000  0.0000


 Q= -0.243848 -0.162565 -0.243848, q= -0.250000 -0.500000 -0.250000

                       Fe X   0        Fe Y   0        Fe Z   0     
                    --------------- --------------- ---------------
    0   2.9806 THz   0.4697  0.0000  0.7475  0.0000  0.4697  0.0000
    1   3.0763 THz  -0.7071  0.0000  0.0000  0.0000  0.7071  0.0000
    2   4.2169 THz  -0.5286  0.0000  0.6643 -0.0000 -0.5286  0.0000


 Q= -0.162565 -0.081283 -0.243848, q= -0.250000 -0.500000  0.000000

                       Fe X   0        Fe Y   0        Fe Z   0     
                    --------------- --------------- ---------------
    0   2.9806 THz   0.7475  0.0000  0.4697 -0.0000 -0.4697  0.0000
    1   3.0763 THz   0.0000  0.0000 -0.0000 -0.7071  0.0000 -0.7071
    2   4.2169 THz   0.6643  0.0000 -0.5286  0.0000  0.5286 -0.0000


 Q= -0.081283  0.000000 -0.243848, q= -0.250000 -0.500000  0.250000

                       Fe X   0        Fe Y   0        Fe Z   0     
                    --------------- --------------- ---------------
    0   4.2335 THz   0.7071  0.0000 -0.0000 -0.0000  0.7071 -0.0000
    1   4.5273 THz   0.7071  0.0000  0.0000  0.0000 -0.7071  0.0000
    2   4.7963 THz   0.0000  0.0000 -0.5714 -0.8207 -0.0000 -0.0000


 Q= -0.243848 -0.243848 -0.162565, q= -0.250000 -0.250000 -0.500000

                       Fe X   0        Fe Y   0        Fe Z   0     
                    --------------- --------------- ---------------
    0   2.9806 THz   0.4697  0.0000  0.4697  0.0000  0.7475  0.0000
    1   3.0763 THz  -0.7071  0.0000  0.7071  0.0000 -0.0000  0.0000
    2   4.2169 THz   0.5286  0.0000  0.5286 -0.0000 -0.6643  0.0000


 Q= -0.162565 -0.162565 -0.162565, q= -0.250000 -0.250000 -0.250000

                       Fe X   0        Fe Y   0        Fe Z   0     
                    --------------- --------------- ---------------
    0   3.3723 THz   0.0000  0.0000 -0.6747 -0.2214 -0.6791 -0.1861
    1   3.3723 THz   0.0000  0.0000  0.6957  0.1084 -0.7062 -0.0744
    2   3.3723 THz   1.0000  0.0000  0.0000  0.0000  0.0000  0.0000


 Q= -0.081283 -0.081283 -0.162565, q= -0.250000 -0.250000  0.000000

                       Fe X   0        Fe Y   0        Fe Z   0     
                    --------------- --------------- ---------------
    0   2.9806 THz   0.4697  0.0000  0.4697  0.0000 -0.7475 -0.0000
    1   3.0763 THz   0.7071  0.0000 -0.7071 -0.0000 -0.0000  0.0000
    2   4.2169 THz   0.5286  0.0000  0.5286 -0.0000  0.6643 -0.0000


 Q=  0.000000  0.000000 -0.162565, q= -0.250000 -0.250000  0.250000

                       Fe X   0        Fe Y   0        Fe Z   0     
                    --------------- --------------- ---------------
    0   3.1386 THz   0.0000  0.0000 -0.0000 -0.0000 -0.9132 -0.4076
    1   3.3842 THz   0.0000  0.0000  0.0002  1.0000 -0.0000 -0.0000
    2   3.3842 THz   1.0000  0.0000  0.0000  0.0000  0.0000  0.0000


 Q= -0.162565 -0.243848 -0.081283, q= -0.250000  0.000000 -0.500000

                       Fe X   0        Fe Y   0        Fe Z   0     
                    --------------- --------------- ---------------
    0   2.9806 THz   0.7475  0.0000 -0.4697  0.0000  0.4697 -0.0000
    1   3.0763 THz   0.0000  0.0000 -0.3751  0.5994 -0.3751  0.5994
    2   4.2169 THz  -0.6643  0.0000 -0.5286  0.0000  0.5286 -0.0000


 Q= -0.081283 -0.162565 -0.081283, q= -0.250000  0.000000 -0.250000

                       Fe X   0        Fe Y   0        Fe Z   0     
                    --------------- --------------- ---------------
    0   2.9806 THz   0.4697  0.0000 -0.7475 -0.0000  0.4697  0.0000
    1   3.0763 THz  -0.7071  0.0000 -0.0000 -0.0000  0.7071 -0.0000
    2   4.2169 THz   0.5286  0.0000  0.6643 -0.0000  0.5286 -0.0000


 Q=  0.000000 -0.081283 -0.081283, q= -0.250000  0.000000  0.000000

                       Fe X   0        Fe Y   0        Fe Z   0     
                    --------------- --------------- ---------------
    0   1.1233 THz   0.0000  0.0000  0.6934  0.1384 -0.6934 -0.1384
    1   2.2444 THz   0.0000  0.0000 -0.1811  0.6835 -0.1811  0.6835
    2   2.4907 THz   1.0000  0.0000  0.0000  0.0000  0.0000  0.0000


 Q=  0.081283  0.000000 -0.081283, q= -0.250000  0.000000  0.250000

                       Fe X   0        Fe Y   0        Fe Z   0     
                    --------------- --------------- ---------------
    0   1.1233 THz  -0.7071  0.0000  0.0000 -0.0000 -0.7071  0.0000
    1   2.2444 THz   0.7071  0.0000  0.0000 -0.0000 -0.7071  0.0000
    2   2.4907 THz   0.0000  0.0000  0.9983  0.0587  0.0000  0.0000


 Q= -0.081283 -0.243848  0.000000, q= -0.250000  0.250000 -0.500000

                       Fe X   0        Fe Y   0        Fe Z   0     
                    --------------- --------------- ---------------
    0   4.2335 THz  -0.7071  0.0000 -0.7071  0.0000  0.0000  0.0000
    1   4.5273 THz   0.7071  0.0000 -0.7071  0.0000  0.0000  0.0000
    2   4.7963 THz   0.0000  0.0000 -0.0000 -0.0000 -0.7267 -0.6869


 Q=  0.000000 -0.162565  0.000000, q= -0.250000  0.250000 -0.250000

                       Fe X   0        Fe Y   0        Fe Z   0     
                    --------------- --------------- ---------------
    0   3.1386 THz   0.0000  0.0000 -0.9218 -0.3878 -0.0000 -0.0000
    1   3.3842 THz   0.0000  0.0000 -0.0000 -0.0000  0.0005  1.0000
    2   3.3842 THz   1.0000  0.0000  0.0000  0.0000  0.0000  0.0000


 Q=  0.081283 -0.081283  0.000000, q= -0.250000  0.250000  0.000000

                       Fe X   0        Fe Y   0        Fe Z   0     
                    --------------- --------------- ---------------
    0   1.1233 THz  -0.7071  0.0000 -0.7071 -0.0000  0.0000 -0.0000
    1   2.2444 THz   0.7071  0.0000 -0.7071 -0.0000  0.0000 -0.0000
    2   2.4907 THz   0.0000  0.0000 -0.0000 -0.0000 -0.2920  0.9564


 Q=  0.162565  0.000000  0.000000, q= -0.250000  0.250000  0.250000

                       Fe X   0        Fe Y   0        Fe Z   0     
                    --------------- --------------- ---------------
    0   3.1386 THz   1.0000  0.0000  0.0000  0.0000  0.0000  0.0000
    1   3.3842 THz   0.0000  0.0000 -0.5633  0.3117 -0.6124  0.4587
    2   3.3842 THz   0.0000  0.0000  0.7652 -0.0015 -0.6376  0.0895


 Q= -0.325131 -0.162565 -0.162565, q=  0.000000 -0.500000 -0.500000

                       Fe X   0        Fe Y   0        Fe Z   0     
                    --------------- --------------- ---------------
    0   2.7923 THz   0.0000  0.0000 -0.1459 -0.6919 -0.1459 -0.6919
    1   3.6331 THz   0.0000  0.0000  0.7071  0.0000 -0.7071 -0.0000
    2   4.7697 THz   1.0000  0.0000  0.0000  0.0000  0.0000  0.0000


 Q= -0.243848 -0.081283 -0.162565, q=  0.000000 -0.500000 -0.250000

                       Fe X   0        Fe Y   0        Fe Z   0     
                    --------------- --------------- ---------------
    0   2.9806 THz   0.4697  0.0000 -0.4697 -0.0000 -0.7475 -0.0000
    1   3.0763 THz   0.7071  0.0000  0.7071  0.0000 -0.0000  0.0000
    2   4.2169 THz  -0.5286  0.0000  0.5286 -0.0000 -0.6643  0.0000


 Q= -0.162565  0.000000 -0.162565, q=  0.000000 -0.500000  0.000000

                       Fe X   0        Fe Y   0        Fe Z   0     
                    --------------- --------------- ---------------
    0   2.7923 THz   0.7071  0.0000  0.0000 -0.0000 -0.7071 -0.0000
    1   3.6331 THz   0.7071  0.0000  0.0000  0.0000  0.7071  0.0000
    2   4.7697 THz   0.0000  0.0000  1.0000 -0.0000  0.0000  0.0000


 Q= -0.081283  0.081283 -0.162565, q=  0.000000 -0.500000  0.250000

                       Fe X   0        Fe Y   0        Fe Z   0     
                    --------------- --------------- ---------------
    0   2.9806 THz   0.4697  0.0000 -0.4697 -0.0000 -0.7475 -0.0000
    1   3.0763 THz   0.7071  0.0000  0.7071  0.0000 -0.0000  0.0000
    2   4.2169 THz  -0.5286  0.0000  0.5286 -0.0000 -0.6643  0.0000


 Q= -0.243848 -0.162565 -0.081283, q=  0.000000 -0.250000 -0.500000

                       Fe X   0        Fe Y   0        Fe Z   0     
                    --------------- --------------- ---------------
    0   2.9806 THz   0.4697  0.0000 -0.7475  0.0000 -0.4697  0.0000
    1   3.0763 THz   0.7071  0.0000 -0.0000 -0.0000  0.7071 -0.0000
    2   4.2169 THz   0.5286  0.0000  0.6643 -0.0000 -0.5286  0.0000


 Q= -0.162565 -0.081283 -0.081283, q=  0.000000 -0.250000 -0.250000

                       Fe X   0        Fe Y   0        Fe Z   0     
                    --------------- --------------- ---------------
    0   2.9806 THz   0.7475  0.0000 -0.4697  0.0000 -0.4697  0.0000
    1   3.0763 THz   0.0000  0.0000  0.3338 -0.6233 -0.3338  0.6233
    2   4.2169 THz  -0.6643  0.0000 -0.5286  0.0000 -0.5286  0.0000


 Q= -0.081283  0.000000 -0.081283, q=  0.000000 -0.250000  0.000000

                       Fe X   0        Fe Y   0        Fe Z   0     
                    --------------- --------------- ---------------
    0   1.1233 THz   0.7071  0.0000  0.0000 -0.0000 -0.7071  0.0000
    1   2.2444 THz   0.7071  0.0000  0.0000  0.0000  0.7071 -0.0000
    2   2.4907 THz   0.0000  0.0000  0.9682 -0.2501  0.0000  0.0000


 Q=  0.000000  0.081283 -0.081283, q=  0.000000 -0.250000  0.250000

                       Fe X   0        Fe Y   0        Fe Z   0     
                    --------------- --------------- ---------------
    0   1.1233 THz   0.0000  0.0000 -0.6649  0.2407 -0.6649  0.2407
    1   2.2444 THz   0.0000  0.0000  0.0818 -0.7024 -0.0818  0.7024
    2   2.4907 THz   1.0000  0.0000  0.0000  0.0000  0.0000  0.0000


 Q= -0.162565 -0.162565  0.000000, q=  0.000000  0.000000 -0.500000

                       Fe X   0        Fe Y   0        Fe Z   0     
                    --------------- --------------- ---------------
    0   2.7923 THz   0.7071  0.0000 -0.7071 -0.0000  0.0000  0.0000
    1   3.6331 THz   0.7071  0.0000  0.7071  0.0000 -0.0000 -0.0000
    2   4.7697 THz   0.0000  0.0000 -0.0000  0.0000 -1.0000 -0.0000


 Q= -0.081283 -0.081283  0.000000, q=  0.000000  0.000000 -0.250000

                       Fe X   0        Fe Y   0        Fe Z   0     
                    --------------- --------------- ---------------
    0   1.1233 THz   0.7071  0.0000 -0.7071  0.0000 -0.0000  0.0000
    1   2.2444 THz   0.7071  0.0000  0.7071 -0.0000  0.0000 -0.0000
    2   2.4907 THz   0.0000  0.0000  0.0000 -0.0000 -0.2391  0.9710


 Q=  0.000000  0.000000  0.000000, q=  0.000000  0.000000  0.000000

                       Fe X   0        Fe Y   0        Fe Z   0     
                    --------------- --------------- ---------------
    0  -0.0000 THz   0.0963  0.0000 -0.9862  0.0000  0.1343  0.0000
    1  -0.0000 THz  -0.0231  0.0000 -0.1371  0.0000 -0.9903  0.0000
    2   0.0000 THz   0.9951  0.0000  0.0923  0.0000 -0.0360  0.0000


 Q=  0.081283  0.081283  0.000000, q=  0.000000  0.000000  0.250000

                       Fe X   0        Fe Y   0        Fe Z   0     
                    --------------- --------------- ---------------
    0   1.1233 THz   0.7071  0.0000 -0.7071 -0.0000 -0.0000 -0.0000
    1   2.2444 THz   0.7071  0.0000  0.7071  0.0000  0.0000  0.0000
    2   2.4907 THz   0.0000  0.0000  0.0000  0.0000 -0.2391 -0.9710


 Q= -0.081283 -0.162565  0.081283, q=  0.000000  0.250000 -0.500000

                       Fe X   0        Fe Y   0        Fe Z   0     
                    --------------- --------------- ---------------
    0   2.9806 THz   0.4697  0.0000 -0.7475 -0.0000 -0.4697 -0.0000
    1   3.0763 THz   0.7071  0.0000 -0.0000  0.0000  0.7071  0.0000
    2   4.2169 THz   0.5286  0.0000  0.6643  0.0000 -0.5286  0.0000


 Q=  0.000000 -0.081283  0.081283, q=  0.000000  0.250000 -0.250000

                       Fe X   0        Fe Y   0        Fe Z   0     
                    --------------- --------------- ---------------
    0   1.1233 THz   0.0000  0.0000 -0.6649 -0.2407 -0.6649 -0.2407
    1   2.2444 THz   0.0000  0.0000  0.0818  0.7024 -0.0818 -0.7024
    2   2.4907 THz   1.0000  0.0000  0.0000  0.0000  0.0000  0.0000


 Q=  0.081283  0.000000  0.081283, q=  0.000000  0.250000  0.000000

                       Fe X   0        Fe Y   0        Fe Z   0     
                    --------------- --------------- ---------------
    0   1.1233 THz   0.7071  0.0000  0.0000  0.0000 -0.7071 -0.0000
    1   2.2444 THz   0.7071  0.0000  0.0000 -0.0000  0.7071  0.0000
    2   2.4907 THz   0.0000  0.0000  0.9682  0.2501  0.0000  0.0000


 Q=  0.162565  0.081283  0.081283, q=  0.000000  0.250000  0.250000

                       Fe X   0        Fe Y   0        Fe Z   0     
                    --------------- --------------- ---------------
    0   2.9806 THz   0.7475  0.0000 -0.4697 -0.0000 -0.4697 -0.0000
    1   3.0763 THz   0.0000  0.0000  0.3338  0.6233 -0.3338 -0.6233
    2   4.2169 THz  -0.6643  0.0000 -0.5286 -0.0000 -0.5286 -0.0000


 Q= -0.325131 -0.081283 -0.081283, q=  0.250000 -0.500000 -0.500000

                       Fe X   0        Fe Y   0        Fe Z   0     
                    --------------- --------------- ---------------
    0   4.2335 THz   0.0000  0.0000  0.1258  0.6958 -0.1258 -0.6958
    1   4.5273 THz   0.0000  0.0000 -0.6381 -0.3048 -0.6381 -0.3048
    2   4.7963 THz   1.0000  0.0000  0.0000  0.0000  0.0000  0.0000


 Q= -0.243848  0.000000 -0.081283, q=  0.250000 -0.500000 -0.250000

                       Fe X   0        Fe Y   0        Fe Z   0     
                    --------------- --------------- ---------------
    0   4.2335 THz   0.7071  0.0000 -0.0000  0.0000  0.7071 -0.0000
    1   4.5273 THz   0.7071  0.0000  0.0000 -0.0000 -0.7071  0.0000
    2   4.7963 THz   0.0000  0.0000 -0.9338  0.3579 -0.0000  0.0000


 Q= -0.162565  0.081283 -0.081283, q=  0.250000 -0.500000  0.000000

                       Fe X   0        Fe Y   0        Fe Z   0     
                    --------------- --------------- ---------------
    0   2.9806 THz   0.7475  0.0000  0.4697 -0.0000 -0.4697 -0.0000
    1   3.0763 THz   0.0000  0.0000 -0.6088 -0.3596 -0.6088 -0.3596
    2   4.2169 THz   0.6643  0.0000 -0.5286  0.0000  0.5286  0.0000


 Q= -0.081283  0.162565 -0.081283, q=  0.250000 -0.500000  0.250000

                       Fe X   0        Fe Y   0        Fe Z   0     
                    --------------- --------------- ---------------
    0   2.9806 THz   0.4697  0.0000  0.7475  0.0000  0.4697  0.0000
    1   3.0763 THz  -0.7071  0.0000 -0.0000  0.0000  0.7071  0.0000
    2   4.2169 THz  -0.5286  0.0000  0.6643 -0.0000 -0.5286  0.0000


 Q= -0.243848 -0.081283  0.000000, q=  0.250000 -0.250000 -0.500000

                       Fe X   0        Fe Y   0        Fe Z   0     
                    --------------- --------------- ---------------
    0   4.2335 THz  -0.7071  0.0000 -0.7071  0.0000  0.0000 -0.0000
    1   4.5273 THz   0.7071  0.0000 -0.7071  0.0000  0.0000 -0.0000
    2   4.7963 THz   0.0000  0.0000 -0.0000  0.0000 -0.9012  0.4334


 Q= -0.162565  0.000000  0.000000, q=  0.250000 -0.250000 -0.250000

                       Fe X   0        Fe Y   0        Fe Z   0     
                    --------------- --------------- ---------------
    0   3.1386 THz   1.0000  0.0000  0.0000  0.0000  0.0000  0.0000
    1   3.3842 THz   0.0000  0.0000 -0.5633 -0.3117 -0.6124 -0.4587
    2   3.3842 THz   0.0000  0.0000  0.7652  0.0015 -0.6376 -0.0895


 Q= -0.081283  0.081283  0.000000, q=  0.250000 -0.250000  0.000000

                       Fe X   0        Fe Y   0        Fe Z   0     
                    --------------- --------------- ---------------
    0   1.1233 THz  -0.7071  0.0000 -0.7071  0.0000  0.0000  0.0000
    1   2.2444 THz   0.7071  0.0000 -0.7071  0.0000  0.0000  0.0000
    2   2.4907 THz   0.0000  0.0000 -0.0000  0.0000 -0.2920 -0.9564


 Q=  0.000000  0.162565  0.000000, q=  0.250000 -0.250000  0.250000

                       Fe X   0        Fe Y   0        Fe Z   0     
                    --------------- --------------- ---------------
    0   3.1386 THz   0.0000  0.0000 -0.9218  0.3878 -0.0000  0.0000
    1   3.3842 THz   0.0000  0.0000 -0.0000  0.0000  0.0005 -1.0000
    2   3.3842 THz   1.0000  0.0000  0.0000  0.0000  0.0000  0.0000


 Q= -0.162565 -0.081283  0.081283, q=  0.250000  0.000000 -0.500000

                       Fe X   0        Fe Y   0        Fe Z   0     
                    --------------- --------------- ---------------
    0   2.9806 THz   0.7475  0.0000 -0.4697 -0.0000  0.4697 -0.0000
    1   3.0763 THz   0.0000  0.0000 -0.0000  0.7071  0.0000  0.7071
    2   4.2169 THz  -0.6643  0.0000 -0.5286 -0.0000  0.5286 -0.0000


 Q= -0.081283  0.000000  0.081283, q=  0.250000  0.000000 -0.250000

                       Fe X   0        Fe Y   0        Fe Z   0     
                    --------------- --------------- ---------------
    0   1.1233 THz  -0.7071  0.0000  0.0000  0.0000 -0.7071 -0.0000
    1   2.2444 THz   0.7071  0.0000  0.0000  0.0000 -0.7071 -0.0000
    2   2.4907 THz   0.0000  0.0000  0.9983 -0.0587  0.0000 -0.0000


 Q=  0.000000  0.081283  0.081283, q=  0.250000  0.000000  0.000000

                       Fe X   0        Fe Y   0        Fe Z   0     
                    --------------- --------------- ---------------
    0   1.1233 THz   0.0000  0.0000  0.6934 -0.1384 -0.6934  0.1384
    1   2.2444 THz   0.0000  0.0000 -0.1811 -0.6835 -0.1811 -0.6835
    2   2.4907 THz   1.0000  0.0000  0.0000  0.0000  0.0000  0.0000


 Q=  0.081283  0.162565  0.081283, q=  0.250000  0.000000  0.250000

                       Fe X   0        Fe Y   0        Fe Z   0     
                    --------------- --------------- ---------------
    0   2.9806 THz   0.4697  0.0000 -0.7475  0.0000  0.4697 -0.0000
    1   3.0763 THz  -0.7071  0.0000 -0.0000  0.0000  0.7071  0.0000
    2   4.2169 THz   0.5286  0.0000  0.6643  0.0000  0.5286  0.0000


 Q= -0.081283 -0.081283  0.162565, q=  0.250000  0.250000 -0.500000

                       Fe X   0        Fe Y   0        Fe Z   0     
                    --------------- --------------- ---------------
    0   2.9806 THz   0.4697  0.0000  0.4697  0.0000  0.7475  0.0000
    1   3.0763 THz  -0.7071  0.0000  0.7071  0.0000 -0.0000  0.0000
    2   4.2169 THz   0.5286  0.0000  0.5286 -0.0000 -0.6643  0.0000


 Q=  0.000000  0.000000  0.162565, q=  0.250000  0.250000 -0.250000

                       Fe X   0        Fe Y   0        Fe Z   0     
                    --------------- --------------- ---------------
    0   3.1386 THz   0.0000  0.0000 -0.0000  0.0000 -0.9132  0.4076
    1   3.3842 THz   0.0000  0.0000  0.0002 -1.0000 -0.0000  0.0000
    2   3.3842 THz   1.0000  0.0000  0.0000  0.0000  0.0000  0.0000


 Q=  0.081283  0.081283  0.162565, q=  0.250000  0.250000  0.000000

                       Fe X   0        Fe Y   0        Fe Z   0     
                    --------------- --------------- ---------------
    0   2.9806 THz   0.4697  0.0000  0.4697 -0.0000 -0.7475  0.0000
    1   3.0763 THz   0.7071  0.0000 -0.7071  0.0000 -0.0000 -0.0000
    2   4.2169 THz   0.5286  0.0000  0.5286  0.0000  0.6643  0.0000


 Q=  0.162565  0.162565  0.162565, q=  0.250000  0.250000  0.250000

                       Fe X   0        Fe Y   0        Fe Z   0     
                    --------------- --------------- ---------------
    0   3.3723 THz   0.0000  0.0000 -0.6747  0.2214 -0.6791  0.1861
    1   3.3723 THz   0.0000  0.0000  0.6957 -0.1084 -0.7062  0.0744
    2   3.3723 THz   1.0000  0.0000  0.0000  0.0000  0.0000  0.0000
