
Used Primitive lattice vector

    4.727996000000      0.000000000000      0.000000000000  
   -2.363997000000      4.094564000000      0.000000000000  
    0.000000000000      0.000000000000      2.915795000000  

   3 Atom(s) in the Primitive cell

 0.0000000000 0.0000000000 0.0000000000 Ti    0
 0.6666690000 0.3333330000 0.5000000000 Ti    1
 0.3333330000 0.6666690000 0.5000000000 Ti    2


 Q=  0.000000  0.000000  0.000000, q=  0.000000  0.000000  0.000000

                       Ti X   0        Ti Y   0        Ti Z   0        Ti X   1        Ti Y   1        Ti Z   1        Ti X   2        Ti Y   2        Ti Z   2     
                    --------------- --------------- --------------- --------------- --------------- --------------- --------------- --------------- ---------------
    0  -0.0000 THz  -0.0352  0.0000  0.0198  0.0000 -0.5759  0.0000 -0.0352  0.0000  0.0198  0.0000 -0.5759  0.0000 -0.0352  0.0000  0.0198  0.0000 -0.5759  0.0000
    1  -0.0000 THz   0.5762  0.0000 -0.0103  0.0000 -0.0356  0.0000  0.5762  0.0000 -0.0103  0.0000 -0.0356  0.0000  0.5762  0.0000 -0.0103  0.0000 -0.0356  0.0000
    2   0.0000 THz   0.0115  0.0000  0.5769  0.0000  0.0192  0.0000  0.0115  0.0000  0.5769  0.0000  0.0192  0.0000  0.0115  0.0000  0.5769  0.0000  0.0192  0.0000
    3   1.0613 THz   0.8074  0.0000  0.1214  0.0000  0.0000  0.0000 -0.4037  0.0000 -0.0607  0.0000  0.0000  0.0000 -0.4037  0.0000 -0.0607  0.0000  0.0000  0.0000
    4   1.0613 THz  -0.1214  0.0000  0.8074  0.0000  0.0000  0.0000  0.0607  0.0000 -0.4037  0.0000  0.0000  0.0000  0.0607  0.0000 -0.4037  0.0000  0.0000  0.0000
    5   4.2275 THz   0.0000  0.0000 -0.0000  0.0000 -0.0000  0.0000  0.0000  0.0000 -0.0000  0.0000 -0.7071  0.0000 -0.0000  0.0000  0.0000  0.0000  0.7071  0.0000
    6   4.5775 THz  -0.0000  0.0000  0.0000  0.0000  0.0000  0.0000  0.3870  0.0000 -0.5918  0.0000  0.0000  0.0000 -0.3870  0.0000  0.5918  0.0000 -0.0000  0.0000
    7   4.5775 THz   0.0000  0.0000  0.0000  0.0000 -0.0000  0.0000 -0.5918  0.0000 -0.3870  0.0000 -0.0000  0.0000  0.5918  0.0000  0.3870  0.0000  0.0000  0.0000
    8   5.9064 THz  -0.0000  0.0000  0.0000  0.0000  0.8165  0.0000 -0.0000  0.0000 -0.0000  0.0000 -0.4082  0.0000  0.0000  0.0000 -0.0000  0.0000 -0.4082  0.0000
