
Used Primitive lattice vector

   -1.373473000000      1.373473000000      1.373473000000  
    1.373473000000     -1.373473000000      1.373473000000  
    1.373473000000      1.373473000000     -1.373473000000  

   1 Atom(s) in the Primitive cell

 0.0000000000 0.0000000000 0.0000000000 Fe    0


 Q= -0.364041 -0.364041 -0.364041, q= -0.500000 -0.500000 -0.500000

                       Fe X   0        Fe Y   0        Fe Z   0     
                    --------------- --------------- ---------------
    0   9.4602 THz   1.0000  0.0000  0.0000  0.0000  0.0000  0.0000
    1   9.4602 THz   0.0000  0.0000 -0.6130  0.0000  0.7901 -0.0000
    2   9.4602 THz   0.0000  0.0000 -0.7901 -0.0000 -0.6130  0.0000


 Q= -0.273030 -0.273030 -0.364041, q= -0.500000 -0.500000 -0.250000

                       Fe X   0        Fe Y   0        Fe Z   0     
                    --------------- --------------- ---------------
    0   8.0730 THz   0.0000  0.0000  0.0000  0.0000 -0.9991 -0.0423
    1   8.5813 THz   0.7071  0.0000  0.7071 -0.0000  0.0000  0.0000
    2  10.5709 THz   0.7071  0.0000 -0.7071  0.0000 -0.0000 -0.0000


 Q= -0.182020 -0.182020 -0.364041, q= -0.500000 -0.500000  0.000000

                       Fe X   0        Fe Y   0        Fe Z   0     
                    --------------- --------------- ---------------
    0   5.9509 THz   0.7071  0.0000  0.7071 -0.0000  0.0000 -0.0000
    1   6.7875 THz   0.0000  0.0000  0.0000  0.0000 -1.0000 -0.0000
    2  11.2917 THz   0.7071  0.0000 -0.7071  0.0000 -0.0000  0.0000


 Q= -0.091010 -0.091010 -0.364041, q= -0.500000 -0.500000  0.250000

                       Fe X   0        Fe Y   0        Fe Z   0     
                    --------------- --------------- ---------------
    0   8.0730 THz   0.0000  0.0000  0.0000 -0.0000 -0.9301  0.3673
    1   8.5813 THz   0.7071  0.0000  0.7071  0.0000  0.0000 -0.0000
    2  10.5709 THz   0.7071  0.0000 -0.7071 -0.0000 -0.0000  0.0000


 Q= -0.273030 -0.364041 -0.273030, q= -0.500000 -0.250000 -0.500000

                       Fe X   0        Fe Y   0        Fe Z   0     
                    --------------- --------------- ---------------
    0   8.0730 THz   0.0000  0.0000 -0.9929 -0.1190  0.0000  0.0000
    1   8.5813 THz   0.7071  0.0000  0.0000 -0.0000  0.7071 -0.0000
    2  10.5709 THz  -0.7071  0.0000  0.0000 -0.0000  0.7071 -0.0000


 Q= -0.182020 -0.273030 -0.273030, q= -0.500000 -0.250000 -0.250000

                       Fe X   0        Fe Y   0        Fe Z   0     
                    --------------- --------------- ---------------
    0   6.4433 THz  -0.6167  0.0000 -0.5566 -0.0000 -0.5566 -0.0000
    1   7.9901 THz   0.0000  0.0000  0.7065  0.0291 -0.7065 -0.0291
    2  10.0076 THz   0.7872  0.0000 -0.4361 -0.0000 -0.4361 -0.0000


 Q= -0.091010 -0.182020 -0.273030, q= -0.500000 -0.250000  0.000000

                       Fe X   0        Fe Y   0        Fe Z   0     
                    --------------- --------------- ---------------
    0   6.4433 THz   0.5566  0.0000  0.6167  0.0000 -0.5566 -0.0000
    1   7.9901 THz   0.7071  0.0000 -0.0000 -0.0000  0.7071  0.0000
    2  10.0076 THz  -0.4361  0.0000  0.7872  0.0000  0.4361  0.0000


 Q=  0.000000 -0.091010 -0.273030, q= -0.500000 -0.250000  0.250000

                       Fe X   0        Fe Y   0        Fe Z   0     
                    --------------- --------------- ---------------
    0   8.0730 THz   1.0000  0.0000  0.0000  0.0000  0.0000  0.0000
    1   8.5813 THz   0.0000  0.0000 -0.7065 -0.0296  0.7065  0.0296
    2  10.5709 THz   0.0000  0.0000 -0.6811 -0.1901 -0.6811 -0.1901


 Q= -0.182020 -0.364041 -0.182020, q= -0.500000  0.000000 -0.500000

                       Fe X   0        Fe Y   0        Fe Z   0     
                    --------------- --------------- ---------------
    0   5.9509 THz   0.7071  0.0000 -0.0000 -0.0000  0.7071  0.0000
    1   6.7875 THz   0.0000  0.0000 -1.0000 -0.0000 -0.0000 -0.0000
    2  11.2917 THz  -0.7071  0.0000 -0.0000 -0.0000  0.7071  0.0000


 Q= -0.091010 -0.273030 -0.182020, q= -0.500000  0.000000 -0.250000

                       Fe X   0        Fe Y   0        Fe Z   0     
                    --------------- --------------- ---------------
    0   6.4433 THz   0.5566  0.0000 -0.5566  0.0000  0.6167  0.0000
    1   7.9901 THz   0.7071  0.0000  0.7071  0.0000 -0.0000  0.0000
    2  10.0076 THz   0.4361  0.0000 -0.4361 -0.0000 -0.7872 -0.0000


 Q=  0.000000 -0.182020 -0.182020, q= -0.500000  0.000000  0.000000

                       Fe X   0        Fe Y   0        Fe Z   0     
                    --------------- --------------- ---------------
    0   5.9509 THz   0.0000  0.0000 -0.7071 -0.0000  0.7071  0.0000
    1   6.7875 THz   1.0000  0.0000  0.0000  0.0000  0.0000  0.0000
    2  11.2917 THz   0.0000  0.0000 -0.7071 -0.0000 -0.7071 -0.0000


 Q=  0.091010 -0.091010 -0.182020, q= -0.500000  0.000000  0.250000

                       Fe X   0        Fe Y   0        Fe Z   0     
                    --------------- --------------- ---------------
    0   6.4433 THz   0.5566  0.0000 -0.5566 -0.0000  0.6167  0.0000
    1   7.9901 THz   0.7071  0.0000  0.7071  0.0000 -0.0000 -0.0000
    2  10.0076 THz   0.4361  0.0000 -0.4361 -0.0000 -0.7872 -0.0000


 Q= -0.091010 -0.364041 -0.091010, q= -0.500000  0.250000 -0.500000

                       Fe X   0        Fe Y   0        Fe Z   0     
                    --------------- --------------- ---------------
    0   8.0730 THz   0.0000  0.0000 -0.9994 -0.0342 -0.0000 -0.0000
    1   8.5813 THz   0.7071  0.0000 -0.0000 -0.0000  0.7071 -0.0000
    2  10.5709 THz  -0.7071  0.0000 -0.0000 -0.0000  0.7071 -0.0000


 Q=  0.000000 -0.273030 -0.091010, q= -0.500000  0.250000 -0.250000

                       Fe X   0        Fe Y   0        Fe Z   0     
                    --------------- --------------- ---------------
    0   8.0730 THz   1.0000  0.0000  0.0000  0.0000  0.0000  0.0000
    1   8.5813 THz   0.0000  0.0000 -0.7067  0.0245  0.7067 -0.0245
    2  10.5709 THz   0.0000  0.0000 -0.6811  0.1901 -0.6811  0.1901


 Q=  0.091010 -0.182020 -0.091010, q= -0.500000  0.250000  0.000000

                       Fe X   0        Fe Y   0        Fe Z   0     
                    --------------- --------------- ---------------
    0   6.4433 THz   0.5566  0.0000  0.6167  0.0000 -0.5566  0.0000
    1   7.9901 THz   0.7071  0.0000 -0.0000  0.0000  0.7071 -0.0000
    2  10.0076 THz  -0.4361  0.0000  0.7872  0.0000  0.4361 -0.0000


 Q=  0.182020 -0.091010 -0.091010, q= -0.500000  0.250000  0.250000

                       Fe X   0        Fe Y   0        Fe Z   0     
                    --------------- --------------- ---------------
    0   6.4433 THz  -0.6167  0.0000 -0.5566  0.0000 -0.5566  0.0000
    1   7.9901 THz   0.0000  0.0000  0.7065 -0.0291 -0.7065  0.0291
    2  10.0076 THz   0.7872  0.0000 -0.4361  0.0000 -0.4361  0.0000


 Q= -0.364041 -0.273030 -0.273030, q= -0.250000 -0.500000 -0.500000

                       Fe X   0        Fe Y   0        Fe Z   0     
                    --------------- --------------- ---------------
    0   8.0730 THz   1.0000  0.0000  0.0000  0.0000  0.0000  0.0000
    1   8.5813 THz   0.0000  0.0000 -0.6889  0.1594 -0.6889  0.1594
    2  10.5709 THz   0.0000  0.0000 -0.7068  0.0192  0.7068 -0.0192


 Q= -0.273030 -0.182020 -0.273030, q= -0.250000 -0.500000 -0.250000

                       Fe X   0        Fe Y   0        Fe Z   0     
                    --------------- --------------- ---------------
    0   6.4433 THz   0.5566  0.0000  0.6167 -0.0000  0.5566 -0.0000
    1   7.9901 THz  -0.7071  0.0000  0.0000 -0.0000  0.7071 -0.0000
    2  10.0076 THz  -0.4361 -0.0000  0.7872 -0.0000 -0.4361  0.0000


 Q= -0.182020 -0.091010 -0.273030, q= -0.250000 -0.500000  0.000000

                       Fe X   0        Fe Y   0        Fe Z   0     
                    --------------- --------------- ---------------
    0   6.4433 THz  -0.6167  0.0000 -0.5566 -0.0000  0.5566  0.0000
    1   7.9901 THz   0.0000  0.0000 -0.6453  0.2890 -0.6453  0.2890
    2  10.0076 THz   0.7872  0.0000 -0.4361 -0.0000  0.4361  0.0000


 Q= -0.091010  0.000000 -0.273030, q= -0.250000 -0.500000  0.250000

                       Fe X   0        Fe Y   0        Fe Z   0     
                    --------------- --------------- ---------------
    0   8.0730 THz   0.0000  0.0000  0.9965  0.0832 -0.0000 -0.0000
    1   8.5813 THz   0.7071  0.0000 -0.0000  0.0000 -0.7071 -0.0000
    2  10.5709 THz  -0.7071  0.0000 -0.0000  0.0000 -0.7071 -0.0000


 Q= -0.273030 -0.273030 -0.182020, q= -0.250000 -0.250000 -0.500000

                       Fe X   0        Fe Y   0        Fe Z   0     
                    --------------- --------------- ---------------
    0   6.4433 THz   0.5566  0.0000  0.5566 -0.0000  0.6167 -0.0000
    1   7.9901 THz   0.7071  0.0000 -0.7071  0.0000 -0.0000  0.0000
    2  10.0076 THz  -0.4361  0.0000 -0.4361 -0.0000  0.7872  0.0000


 Q= -0.182020 -0.182020 -0.182020, q= -0.250000 -0.250000 -0.250000

                       Fe X   0        Fe Y   0        Fe Z   0     
                    --------------- --------------- ---------------
    0   8.5565 THz   1.0000  0.0000  0.0000  0.0000  0.0000  0.0000
    1   8.5565 THz   0.0000  0.0000 -0.2608 -0.0587 -0.9587 -0.0973
    2   8.5565 THz   0.0000  0.0000 -0.9600 -0.0834  0.2672 -0.0089


 Q= -0.091010 -0.091010 -0.182020, q= -0.250000 -0.250000  0.000000

                       Fe X   0        Fe Y   0        Fe Z   0     
                    --------------- --------------- ---------------
    0   6.4433 THz   0.5566  0.0000  0.5566  0.0000 -0.6167 -0.0000
    1   7.9901 THz  -0.7071  0.0000  0.7071  0.0000 -0.0000 -0.0000
    2  10.0076 THz  -0.4361 -0.0000 -0.4361 -0.0000 -0.7872 -0.0000


 Q=  0.000000  0.000000 -0.182020, q= -0.250000 -0.250000  0.250000

                       Fe X   0        Fe Y   0        Fe Z   0     
                    --------------- --------------- ---------------
    0   6.5547 THz   1.0000  0.0000  0.0000  0.0000  0.0000  0.0000
    1   6.5547 THz   0.0000  0.0000 -0.9940 -0.1093 -0.0000  0.0000
    2   9.0868 THz   0.0000  0.0000 -0.0000 -0.0000  0.9991 -0.0430


 Q= -0.182020 -0.273030 -0.091010, q= -0.250000  0.000000 -0.500000

                       Fe X   0        Fe Y   0        Fe Z   0     
                    --------------- --------------- ---------------
    0   6.4433 THz   0.6167  0.0000 -0.5566 -0.0000  0.5566  0.0000
    1   7.9901 THz   0.0000  0.0000 -0.7044 -0.0620 -0.7044 -0.0620
    2  10.0076 THz   0.7872  0.0000  0.4361  0.0000 -0.4361 -0.0000


 Q= -0.091010 -0.182020 -0.091010, q= -0.250000  0.000000 -0.250000

                       Fe X   0        Fe Y   0        Fe Z   0     
                    --------------- --------------- ---------------
    0   6.4433 THz   0.5566  0.0000 -0.6167 -0.0000  0.5566  0.0000
    1   7.9901 THz  -0.7071  0.0000 -0.0000 -0.0000  0.7071  0.0000
    2  10.0076 THz   0.4361  0.0000  0.7872 -0.0000  0.4361 -0.0000


 Q=  0.000000 -0.091010 -0.091010, q= -0.250000  0.000000  0.000000

                       Fe X   0        Fe Y   0        Fe Z   0     
                    --------------- --------------- ---------------
    0   3.9309 THz   0.0000  0.0000 -0.7069 -0.0165  0.7069  0.0165
    1   4.9945 THz   1.0000  0.0000  0.0000  0.0000  0.0000  0.0000
    2   7.6741 THz   0.0000  0.0000 -0.6476  0.2840 -0.6476  0.2840


 Q=  0.091010  0.000000 -0.091010, q= -0.250000  0.000000  0.250000

                       Fe X   0        Fe Y   0        Fe Z   0     
                    --------------- --------------- ---------------
    0   3.9309 THz   0.7071  0.0000 -0.0000  0.0000  0.7071  0.0000
    1   4.9945 THz   0.0000  0.0000 -0.7829  0.6221  0.0000  0.0000
    2   7.6741 THz  -0.7071  0.0000 -0.0000  0.0000  0.7071  0.0000


 Q= -0.091010 -0.273030  0.000000, q= -0.250000  0.250000 -0.500000

                       Fe X   0        Fe Y   0        Fe Z   0     
                    --------------- --------------- ---------------
    0   8.0730 THz   0.0000  0.0000 -0.0000 -0.0000 -0.9989  0.0460
    1   8.5813 THz   0.7071  0.0000 -0.7071 -0.0000  0.0000 -0.0000
    2  10.5709 THz  -0.7071  0.0000 -0.7071 -0.0000  0.0000 -0.0000


 Q=  0.000000 -0.182020  0.000000, q= -0.250000  0.250000 -0.250000

                       Fe X   0        Fe Y   0        Fe Z   0     
                    --------------- --------------- ---------------
    0   6.5547 THz   1.0000  0.0000  0.0000  0.0000  0.0000  0.0000
    1   6.5547 THz   0.0000  0.0000 -0.0000  0.0000  0.9999  0.0120
    2   9.0868 THz   0.0000  0.0000 -0.9974 -0.0721 -0.0000 -0.0000


 Q=  0.091010 -0.091010  0.000000, q= -0.250000  0.250000  0.000000

                       Fe X   0        Fe Y   0        Fe Z   0     
                    --------------- --------------- ---------------
    0   3.9309 THz   0.7071  0.0000  0.7071 -0.0000  0.0000 -0.0000
    1   4.9945 THz   0.0000  0.0000  0.0000  0.0000 -0.9983  0.0590
    2   7.6741 THz   0.7071  0.0000 -0.7071  0.0000 -0.0000  0.0000


 Q=  0.182020  0.000000  0.000000, q= -0.250000  0.250000  0.250000

                       Fe X   0        Fe Y   0        Fe Z   0     
                    --------------- --------------- ---------------
    0   6.5547 THz   0.0000  0.0000 -0.6058 -0.0048  0.7956  0.0052
    1   6.5547 THz   0.0000  0.0000 -0.7828 -0.1423 -0.5962 -0.1075
    2   9.0868 THz   1.0000  0.0000  0.0000  0.0000  0.0000  0.0000


 Q= -0.364041 -0.182020 -0.182020, q=  0.000000 -0.500000 -0.500000

                       Fe X   0        Fe Y   0        Fe Z   0     
                    --------------- --------------- ---------------
    0   5.9509 THz   0.0000  0.0000 -0.7071 -0.0000 -0.7071 -0.0000
    1   6.7875 THz   1.0000  0.0000  0.0000  0.0000  0.0000  0.0000
    2  11.2917 THz   0.0000  0.0000 -0.7071 -0.0000  0.7071  0.0000


 Q= -0.273030 -0.091010 -0.182020, q=  0.000000 -0.500000 -0.250000

                       Fe X   0        Fe Y   0        Fe Z   0     
                    --------------- --------------- ---------------
    0   6.4433 THz   0.5566  0.0000 -0.5566 -0.0000 -0.6167 -0.0000
    1   7.9901 THz  -0.7071  0.0000 -0.7071 -0.0000 -0.0000  0.0000
    2  10.0076 THz   0.4361  0.0000 -0.4361 -0.0000  0.7872  0.0000


 Q= -0.182020  0.000000 -0.182020, q=  0.000000 -0.500000  0.000000

                       Fe X   0        Fe Y   0        Fe Z   0     
                    --------------- --------------- ---------------
    0   5.9509 THz   0.7071  0.0000  0.0000  0.0000 -0.7071  0.0000
    1   6.7875 THz   0.0000  0.0000  1.0000  0.0000  0.0000  0.0000
    2  11.2917 THz  -0.7071  0.0000  0.0000  0.0000 -0.7071  0.0000


 Q= -0.091010  0.091010 -0.182020, q=  0.000000 -0.500000  0.250000

                       Fe X   0        Fe Y   0        Fe Z   0     
                    --------------- --------------- ---------------
    0   6.4433 THz   0.5566  0.0000 -0.5566  0.0000 -0.6167 -0.0000
    1   7.9901 THz  -0.7071  0.0000 -0.7071  0.0000 -0.0000 -0.0000
    2  10.0076 THz   0.4361  0.0000 -0.4361  0.0000  0.7872  0.0000


 Q= -0.273030 -0.182020 -0.091010, q=  0.000000 -0.250000 -0.500000

                       Fe X   0        Fe Y   0        Fe Z   0     
                    --------------- --------------- ---------------
    0   6.4433 THz   0.5566  0.0000 -0.6167  0.0000 -0.5566  0.0000
    1   7.9901 THz   0.7071  0.0000  0.0000 -0.0000  0.7071 -0.0000
    2  10.0076 THz   0.4361  0.0000  0.7872 -0.0000 -0.4361  0.0000


 Q= -0.182020 -0.091010 -0.091010, q=  0.000000 -0.250000 -0.250000

                       Fe X   0        Fe Y   0        Fe Z   0     
                    --------------- --------------- ---------------
    0   6.4433 THz   0.6167  0.0000 -0.5566  0.0000 -0.5566  0.0000
    1   7.9901 THz   0.0000  0.0000  0.7068 -0.0222 -0.7068  0.0222
    2  10.0076 THz   0.7872  0.0000  0.4361 -0.0000  0.4361 -0.0000


 Q= -0.091010  0.000000 -0.091010, q=  0.000000 -0.250000  0.000000

                       Fe X   0        Fe Y   0        Fe Z   0     
                    --------------- --------------- ---------------
    0   3.9309 THz   0.7071  0.0000 -0.0000  0.0000 -0.7071 -0.0000
    1   4.9945 THz   0.0000  0.0000  0.0095  1.0000  0.0000  0.0000
    2   7.6741 THz  -0.7071  0.0000 -0.0000  0.0000 -0.7071 -0.0000


 Q=  0.000000  0.091010 -0.091010, q=  0.000000 -0.250000  0.250000

                       Fe X   0        Fe Y   0        Fe Z   0     
                    --------------- --------------- ---------------
    0   3.9309 THz   0.0000  0.0000 -0.7071  0.0007 -0.7071  0.0007
    1   4.9945 THz   1.0000  0.0000  0.0000  0.0000  0.0000  0.0000
    2   7.6741 THz   0.0000  0.0000 -0.7051 -0.0536  0.7051  0.0536


 Q= -0.182020 -0.182020  0.000000, q=  0.000000  0.000000 -0.500000

                       Fe X   0        Fe Y   0        Fe Z   0     
                    --------------- --------------- ---------------
    0   5.9509 THz   0.7071  0.0000 -0.7071  0.0000  0.0000  0.0000
    1   6.7875 THz   0.0000  0.0000 -0.0000 -0.0000 -1.0000 -0.0000
    2  11.2917 THz  -0.7071  0.0000 -0.7071  0.0000  0.0000  0.0000


 Q= -0.091010 -0.091010  0.000000, q=  0.000000  0.000000 -0.250000

                       Fe X   0        Fe Y   0        Fe Z   0     
                    --------------- --------------- ---------------
    0   3.9309 THz   0.7071  0.0000 -0.7071  0.0000  0.0000  0.0000
    1   4.9945 THz   0.0000  0.0000 -0.0000  0.0000 -0.9478  0.3188
    2   7.6741 THz  -0.7071  0.0000 -0.7071  0.0000  0.0000  0.0000


 Q=  0.000000  0.000000  0.000000, q=  0.000000  0.000000  0.000000

                       Fe X   0        Fe Y   0        Fe Z   0     
                    --------------- --------------- ---------------
    0   0.0000 THz   0.3217  0.0000 -0.1587  0.0000 -0.9334  0.0000
    1  -0.0000 THz   0.9322  0.0000 -0.1194  0.0000  0.3416  0.0000
    2   0.0000 THz   0.1656  0.0000  0.9801  0.0000 -0.1095  0.0000


 Q=  0.091010  0.091010  0.000000, q=  0.000000  0.000000  0.250000

                       Fe X   0        Fe Y   0        Fe Z   0     
                    --------------- --------------- ---------------
    0   3.9309 THz   0.7071  0.0000 -0.7071 -0.0000  0.0000 -0.0000
    1   4.9945 THz   0.0000  0.0000 -0.0000 -0.0000 -0.9478 -0.3188
    2   7.6741 THz  -0.7071  0.0000 -0.7071 -0.0000  0.0000 -0.0000


 Q= -0.091010 -0.182020  0.091010, q=  0.000000  0.250000 -0.500000

                       Fe X   0        Fe Y   0        Fe Z   0     
                    --------------- --------------- ---------------
    0   6.4433 THz   0.5566  0.0000 -0.6167 -0.0000 -0.5566 -0.0000
    1   7.9901 THz   0.7071  0.0000  0.0000 -0.0000  0.7071  0.0000
    2  10.0076 THz   0.4361  0.0000  0.7872  0.0000 -0.4361 -0.0000


 Q=  0.000000 -0.091010  0.091010, q=  0.000000  0.250000 -0.250000

                       Fe X   0        Fe Y   0        Fe Z   0     
                    --------------- --------------- ---------------
    0   3.9309 THz   0.0000  0.0000 -0.7071 -0.0007 -0.7071 -0.0007
    1   4.9945 THz   1.0000  0.0000  0.0000  0.0000  0.0000  0.0000
    2   7.6741 THz   0.0000  0.0000 -0.7051  0.0536  0.7051 -0.0536


 Q=  0.091010  0.000000  0.091010, q=  0.000000  0.250000  0.000000

                       Fe X   0        Fe Y   0        Fe Z   0     
                    --------------- --------------- ---------------
    0   3.9309 THz   0.7071  0.0000 -0.0000 -0.0000 -0.7071  0.0000
    1   4.9945 THz   0.0000  0.0000  0.0095 -1.0000  0.0000  0.0000
    2   7.6741 THz  -0.7071  0.0000 -0.0000 -0.0000 -0.7071  0.0000


 Q=  0.182020  0.091010  0.091010, q=  0.000000  0.250000  0.250000

                       Fe X   0        Fe Y   0        Fe Z   0     
                    --------------- --------------- ---------------
    0   6.4433 THz   0.6167  0.0000 -0.5566 -0.0000 -0.5566 -0.0000
    1   7.9901 THz   0.0000  0.0000  0.7068  0.0222 -0.7068 -0.0222
    2  10.0076 THz   0.7872  0.0000  0.4361  0.0000  0.4361  0.0000


 Q= -0.364041 -0.091010 -0.091010, q=  0.250000 -0.500000 -0.500000

                       Fe X   0        Fe Y   0        Fe Z   0     
                    --------------- --------------- ---------------
    0   8.0730 THz   1.0000  0.0000  0.0000  0.0000  0.0000  0.0000
    1   8.5813 THz   0.0000  0.0000 -0.6753  0.2098 -0.6753  0.2098
    2  10.5709 THz   0.0000  0.0000 -0.7068 -0.0192  0.7068  0.0192


 Q= -0.273030  0.000000 -0.091010, q=  0.250000 -0.500000 -0.250000

                       Fe X   0        Fe Y   0        Fe Z   0     
                    --------------- --------------- ---------------
    0   8.0730 THz   0.0000  0.0000  0.9987 -0.0502 -0.0000  0.0000
    1   8.5813 THz   0.7071  0.0000 -0.0000 -0.0000 -0.7071  0.0000
    2  10.5709 THz  -0.7071  0.0000 -0.0000 -0.0000 -0.7071  0.0000


 Q= -0.182020  0.091010 -0.091010, q=  0.250000 -0.500000  0.000000

                       Fe X   0        Fe Y   0        Fe Z   0     
                    --------------- --------------- ---------------
    0   6.4433 THz  -0.6167  0.0000 -0.5566  0.0000  0.5566 -0.0000
    1   7.9901 THz   0.0000  0.0000 -0.1385 -0.6934 -0.1385 -0.6934
    2  10.0076 THz   0.7872  0.0000 -0.4361  0.0000  0.4361 -0.0000


 Q= -0.091010  0.182020 -0.091010, q=  0.250000 -0.500000  0.250000

                       Fe X   0        Fe Y   0        Fe Z   0     
                    --------------- --------------- ---------------
    0   6.4433 THz   0.5566  0.0000  0.6167 -0.0000  0.5566 -0.0000
    1   7.9901 THz  -0.7071  0.0000  0.0000 -0.0000  0.7071  0.0000
    2  10.0076 THz  -0.4361 -0.0000  0.7872 -0.0000 -0.4361 -0.0000


 Q= -0.273030 -0.091010  0.000000, q=  0.250000 -0.250000 -0.500000

                       Fe X   0        Fe Y   0        Fe Z   0     
                    --------------- --------------- ---------------
    0   8.0730 THz   0.0000  0.0000 -0.0000  0.0000 -0.9951 -0.0988
    1   8.5813 THz   0.7071  0.0000 -0.7071  0.0000  0.0000  0.0000
    2  10.5709 THz  -0.7071  0.0000 -0.7071  0.0000  0.0000  0.0000


 Q= -0.182020  0.000000  0.000000, q=  0.250000 -0.250000 -0.250000

                       Fe X   0        Fe Y   0        Fe Z   0     
                    --------------- --------------- ---------------
    0   6.5547 THz   0.0000  0.0000 -0.6058  0.0048  0.7956 -0.0052
    1   6.5547 THz   0.0000  0.0000 -0.7828  0.1423 -0.5962  0.1075
    2   9.0868 THz   1.0000  0.0000  0.0000  0.0000  0.0000  0.0000


 Q= -0.091010  0.091010  0.000000, q=  0.250000 -0.250000  0.000000

                       Fe X   0        Fe Y   0        Fe Z   0     
                    --------------- --------------- ---------------
    0   3.9309 THz   0.7071  0.0000  0.7071  0.0000  0.0000  0.0000
    1   4.9945 THz   0.0000  0.0000  0.0000 -0.0000 -0.9983 -0.0590
    2   7.6741 THz   0.7071  0.0000 -0.7071 -0.0000 -0.0000 -0.0000


 Q=  0.000000  0.182020  0.000000, q=  0.250000 -0.250000  0.250000

                       Fe X   0        Fe Y   0        Fe Z   0     
                    --------------- --------------- ---------------
    0   6.5547 THz   1.0000  0.0000  0.0000  0.0000  0.0000  0.0000
    1   6.5547 THz   0.0000  0.0000 -0.0000 -0.0000  0.9999 -0.0120
    2   9.0868 THz   0.0000  0.0000 -0.9974  0.0721 -0.0000  0.0000


 Q= -0.182020 -0.091010  0.091010, q=  0.250000  0.000000 -0.500000

                       Fe X   0        Fe Y   0        Fe Z   0     
                    --------------- --------------- ---------------
    0   6.4433 THz   0.6167  0.0000 -0.5566  0.0000  0.5566 -0.0000
    1   7.9901 THz   0.0000  0.0000 -0.7070 -0.0133 -0.7070 -0.0133
    2  10.0076 THz   0.7872  0.0000  0.4361 -0.0000 -0.4361  0.0000


 Q= -0.091010  0.000000  0.091010, q=  0.250000  0.000000 -0.250000

                       Fe X   0        Fe Y   0        Fe Z   0     
                    --------------- --------------- ---------------
    0   3.9309 THz   0.7071  0.0000 -0.0000 -0.0000  0.7071 -0.0000
    1   4.9945 THz   0.0000  0.0000 -0.7829 -0.6221  0.0000 -0.0000
    2   7.6741 THz  -0.7071  0.0000 -0.0000 -0.0000  0.7071 -0.0000


 Q=  0.000000  0.091010  0.091010, q=  0.250000  0.000000  0.000000

                       Fe X   0        Fe Y   0        Fe Z   0     
                    --------------- --------------- ---------------
    0   3.9309 THz   0.0000  0.0000 -0.7069  0.0165  0.7069 -0.0165
    1   4.9945 THz   1.0000  0.0000  0.0000  0.0000  0.0000  0.0000
    2   7.6741 THz   0.0000  0.0000 -0.6476 -0.2840 -0.6476 -0.2840


 Q=  0.091010  0.182020  0.091010, q=  0.250000  0.000000  0.250000

                       Fe X   0        Fe Y   0        Fe Z   0     
                    --------------- --------------- ---------------
    0   6.4433 THz   0.5566  0.0000 -0.6167  0.0000  0.5566 -0.0000
    1   7.9901 THz  -0.7071  0.0000 -0.0000  0.0000  0.7071 -0.0000
    2  10.0076 THz   0.4361  0.0000  0.7872  0.0000  0.4361  0.0000


 Q= -0.091010 -0.091010  0.182020, q=  0.250000  0.250000 -0.500000

                       Fe X   0        Fe Y   0        Fe Z   0     
                    --------------- --------------- ---------------
    0   6.4433 THz   0.5566  0.0000  0.5566  0.0000  0.6167  0.0000
    1   7.9901 THz   0.7071  0.0000 -0.7071 -0.0000 -0.0000 -0.0000
    2  10.0076 THz  -0.4361  0.0000 -0.4361  0.0000  0.7872 -0.0000


 Q=  0.000000  0.000000  0.182020, q=  0.250000  0.250000 -0.250000

                       Fe X   0        Fe Y   0        Fe Z   0     
                    --------------- --------------- ---------------
    0   6.5547 THz   1.0000  0.0000  0.0000  0.0000  0.0000  0.0000
    1   6.5547 THz   0.0000  0.0000 -0.9940  0.1093 -0.0000 -0.0000
    2   9.0868 THz   0.0000  0.0000 -0.0000  0.0000  0.9991  0.0430


 Q=  0.091010  0.091010  0.182020, q=  0.250000  0.250000  0.000000

                       Fe X   0        Fe Y   0        Fe Z   0     
                    --------------- --------------- ---------------
    0   6.4433 THz   0.5566  0.0000  0.5566 -0.0000 -0.6167  0.0000
    1   7.9901 THz  -0.7071  0.0000  0.7071 -0.0000 -0.0000  0.0000
    2  10.0076 THz  -0.4361 -0.0000 -0.4361  0.0000 -0.7872  0.0000


 Q=  0.182020  0.182020  0.182020, q=  0.250000  0.250000  0.250000

                       Fe X   0        Fe Y   0        Fe Z   0     
                    --------------- --------------- ---------------
    0   8.5565 THz   1.0000  0.0000  0.0000  0.0000  0.0000  0.0000
    1   8.5565 THz   0.0000  0.0000 -0.2608  0.0587 -0.9587  0.0973
    2   8.5565 THz   0.0000  0.0000 -0.9600  0.0834  0.2672  0.0089
