
Used Primitive lattice vector

   -1.740124000000      1.740124000000      1.740124000000  
    1.740124000000     -1.740124000000      1.740124000000  
    1.740124000000      1.740124000000     -1.740124000000  

   1 Atom(s) in the Primitive cell

 0.0000000000 0.0000000000 0.0000000000 Ta    0


 Q= -0.287336 -0.287336 -0.287336, q= -0.500000 -0.500000 -0.500000

                       Ta X   0        Ta Y   0        Ta Z   0     
                    --------------- --------------- ---------------
    0   3.2049 THz   0.0000  0.0000 -0.1241  0.0000  0.9923  0.0000
    1   3.2049 THz   0.0000  0.0000 -0.9923 -0.0000 -0.1241 -0.0000
    2   3.2049 THz   1.0000  0.0000  0.0000  0.0000  0.0000  0.0000


 Q= -0.215502 -0.215502 -0.287336, q= -0.500000 -0.500000 -0.250000

                       Ta X   0        Ta Y   0        Ta Z   0     
                    --------------- --------------- ---------------
    0   0.2096 THz   0.7071  0.0000 -0.7071 -0.0000 -0.0000 -0.0000
    1   2.1297 THz  -0.7071  0.0000 -0.7071 -0.0000 -0.0000 -0.0000
    2   3.4196 THz   0.0000  0.0000  0.0000 -0.0000 -0.9563 -0.2923


 Q= -0.143668 -0.143668 -0.287336, q= -0.500000 -0.500000  0.000000

                       Ta X   0        Ta Y   0        Ta Z   0     
                    --------------- --------------- ---------------
    0  -1.4561 THz   0.7071  0.0000 -0.7071 -0.0000  0.0000  0.0000
    1   2.0757 THz  -0.7071  0.0000 -0.7071 -0.0000  0.0000  0.0000
    2   3.7034 THz   0.0000  0.0000 -0.0000  0.0000 -1.0000 -0.0000


 Q= -0.071834 -0.071834 -0.287336, q= -0.500000 -0.500000  0.250000

                       Ta X   0        Ta Y   0        Ta Z   0     
                    --------------- --------------- ---------------
    0   0.2096 THz   0.7071  0.0000 -0.7071  0.0000  0.0000  0.0000
    1   2.1297 THz  -0.7071  0.0000 -0.7071  0.0000  0.0000  0.0000
    2   3.4196 THz   0.0000  0.0000 -0.0000  0.0000 -0.9875 -0.1574


 Q= -0.215502 -0.287336 -0.215502, q= -0.500000 -0.250000 -0.500000

                       Ta X   0        Ta Y   0        Ta Z   0     
                    --------------- --------------- ---------------
    0   0.2096 THz   0.7071  0.0000 -0.0000  0.0000 -0.7071 -0.0000
    1   2.1297 THz  -0.7071  0.0000 -0.0000  0.0000 -0.7071 -0.0000
    2   3.4196 THz   0.0000  0.0000  0.9444 -0.3288 -0.0000  0.0000


 Q= -0.143668 -0.215502 -0.215502, q= -0.500000 -0.250000 -0.250000

                       Ta X   0        Ta Y   0        Ta Z   0     
                    --------------- --------------- ---------------
    0   1.4434 THz   0.0000  0.0000  0.5773  0.4084 -0.5773 -0.4084
    1   1.6484 THz   0.9864  0.0000 -0.1161  0.0000 -0.1161 -0.0000
    2   2.2192 THz  -0.1641  0.0000 -0.6975  0.0000 -0.6975 -0.0000


 Q= -0.071834 -0.143668 -0.215502, q= -0.500000 -0.250000  0.000000

                       Ta X   0        Ta Y   0        Ta Z   0     
                    --------------- --------------- ---------------
    0   1.4434 THz   0.7071  0.0000 -0.0000  0.0000  0.7071  0.0000
    1   1.6484 THz   0.1161  0.0000 -0.9864 -0.0000 -0.1161 -0.0000
    2   2.2192 THz   0.6975  0.0000  0.1641  0.0000 -0.6975 -0.0000


 Q=  0.000000 -0.071834 -0.215502, q= -0.500000 -0.250000  0.250000

                       Ta X   0        Ta Y   0        Ta Z   0     
                    --------------- --------------- ---------------
    0   0.2096 THz   0.0000  0.0000 -0.6932 -0.1396 -0.6932 -0.1396
    1   2.1297 THz   0.0000  0.0000  0.6703  0.2251 -0.6703 -0.2251
    2   3.4196 THz   1.0000  0.0000  0.0000  0.0000  0.0000  0.0000


 Q= -0.143668 -0.287336 -0.143668, q= -0.500000  0.000000 -0.500000

                       Ta X   0        Ta Y   0        Ta Z   0     
                    --------------- --------------- ---------------
    0  -1.4561 THz  -0.7071  0.0000  0.0000 -0.0000  0.7071 -0.0000
    1   2.0757 THz   0.7071  0.0000  0.0000 -0.0000  0.7071 -0.0000
    2   3.7034 THz   0.0000  0.0000 -1.0000  0.0000  0.0000  0.0000


 Q= -0.071834 -0.215502 -0.143668, q= -0.500000  0.000000 -0.250000

                       Ta X   0        Ta Y   0        Ta Z   0     
                    --------------- --------------- ---------------
    0   1.4434 THz   0.7071  0.0000  0.7071  0.0000 -0.0000  0.0000
    1   1.6484 THz   0.1161  0.0000 -0.1161 -0.0000 -0.9864  0.0000
    2   2.2192 THz  -0.6975  0.0000  0.6975 -0.0000 -0.1641  0.0000


 Q=  0.000000 -0.143668 -0.143668, q= -0.500000  0.000000  0.000000

                       Ta X   0        Ta Y   0        Ta Z   0     
                    --------------- --------------- ---------------
    0  -1.4561 THz   0.0000  0.0000 -0.7071 -0.0000 -0.7071 -0.0000
    1   2.0757 THz   0.0000  0.0000  0.7071  0.0000 -0.7071 -0.0000
    2   3.7034 THz   1.0000  0.0000  0.0000  0.0000  0.0000  0.0000


 Q=  0.071834 -0.071834 -0.143668, q= -0.500000  0.000000  0.250000

                       Ta X   0        Ta Y   0        Ta Z   0     
                    --------------- --------------- ---------------
    0   1.4434 THz   0.7071  0.0000  0.7071  0.0000 -0.0000  0.0000
    1   1.6484 THz   0.1161  0.0000 -0.1161 -0.0000 -0.9864 -0.0000
    2   2.2192 THz  -0.6975  0.0000  0.6975  0.0000 -0.1641  0.0000


 Q= -0.071834 -0.287336 -0.071834, q= -0.500000  0.250000 -0.500000

                       Ta X   0        Ta Y   0        Ta Z   0     
                    --------------- --------------- ---------------
    0   0.2096 THz   0.7071  0.0000  0.0000 -0.0000 -0.7071  0.0000
    1   2.1297 THz   0.7071  0.0000 -0.0000  0.0000  0.7071 -0.0000
    2   3.4196 THz   0.0000  0.0000 -0.9338  0.3579 -0.0000  0.0000


 Q=  0.000000 -0.215502 -0.071834, q= -0.500000  0.250000 -0.250000

                       Ta X   0        Ta Y   0        Ta Z   0     
                    --------------- --------------- ---------------
    0   0.2096 THz   0.0000  0.0000 -0.6711 -0.2229 -0.6711 -0.2229
    1   2.1297 THz   0.0000  0.0000  0.5000  0.5000 -0.5000 -0.5000
    2   3.4196 THz   1.0000  0.0000  0.0000  0.0000  0.0000  0.0000


 Q=  0.071834 -0.143668 -0.071834, q= -0.500000  0.250000  0.000000

                       Ta X   0        Ta Y   0        Ta Z   0     
                    --------------- --------------- ---------------
    0   1.4434 THz   0.7071  0.0000 -0.0000 -0.0000  0.7071 -0.0000
    1   1.6484 THz   0.1161  0.0000 -0.9864  0.0000 -0.1161  0.0000
    2   2.2192 THz   0.6975  0.0000  0.1641 -0.0000 -0.6975  0.0000


 Q=  0.143668 -0.071834 -0.071834, q= -0.500000  0.250000  0.250000

                       Ta X   0        Ta Y   0        Ta Z   0     
                    --------------- --------------- ---------------
    0   1.4434 THz   0.0000  0.0000  0.6412 -0.2981 -0.6412  0.2981
    1   1.6484 THz   0.9864  0.0000 -0.1161  0.0000 -0.1161  0.0000
    2   2.2192 THz  -0.1641  0.0000 -0.6975  0.0000 -0.6975  0.0000


 Q= -0.287336 -0.215502 -0.215502, q= -0.250000 -0.500000 -0.500000

                       Ta X   0        Ta Y   0        Ta Z   0     
                    --------------- --------------- ---------------
    0   0.2096 THz   0.0000  0.0000  0.0995  0.7001 -0.0995 -0.7001
    1   2.1297 THz   0.0000  0.0000 -0.7035  0.0717 -0.7035  0.0717
    2   3.4196 THz   1.0000  0.0000  0.0000  0.0000  0.0000  0.0000


 Q= -0.215502 -0.143668 -0.215502, q= -0.250000 -0.500000 -0.250000

                       Ta X   0        Ta Y   0        Ta Z   0     
                    --------------- --------------- ---------------
    0   1.4434 THz   0.7071  0.0000 -0.0000  0.0000 -0.7071 -0.0000
    1   1.6484 THz  -0.1161  0.0000  0.9864  0.0000 -0.1161 -0.0000
    2   2.2192 THz   0.6975  0.0000  0.1641 -0.0000  0.6975 -0.0000


 Q= -0.143668 -0.071834 -0.215502, q= -0.250000 -0.500000  0.000000

                       Ta X   0        Ta Y   0        Ta Z   0     
                    --------------- --------------- ---------------
    0   1.4434 THz   0.0000  0.0000 -0.6442 -0.2916 -0.6442 -0.2916
    1   1.6484 THz   0.9864  0.0000 -0.1161  0.0000  0.1161 -0.0000
    2   2.2192 THz  -0.1641  0.0000 -0.6975  0.0000  0.6975 -0.0000


 Q= -0.071834  0.000000 -0.215502, q= -0.250000 -0.500000  0.250000

                       Ta X   0        Ta Y   0        Ta Z   0     
                    --------------- --------------- ---------------
    0   0.2096 THz  -0.7071  0.0000  0.0000  0.0000 -0.7071 -0.0000
    1   2.1297 THz   0.7071  0.0000  0.0000  0.0000 -0.7071 -0.0000
    2   3.4196 THz   0.0000  0.0000  0.9031  0.4295  0.0000  0.0000


 Q= -0.215502 -0.215502 -0.143668, q= -0.250000 -0.250000 -0.500000

                       Ta X   0        Ta Y   0        Ta Z   0     
                    --------------- --------------- ---------------
    0   1.4434 THz   0.7071  0.0000 -0.7071  0.0000 -0.0000  0.0000
    1   1.6484 THz   0.1161  0.0000  0.1161  0.0000 -0.9864  0.0000
    2   2.2192 THz   0.6975  0.0000  0.6975 -0.0000  0.1641 -0.0000


 Q= -0.143668 -0.143668 -0.143668, q= -0.250000 -0.250000 -0.250000

                       Ta X   0        Ta Y   0        Ta Z   0     
                    --------------- --------------- ---------------
    0   1.4073 THz   1.0000  0.0000  0.0000  0.0000  0.0000  0.0000
    1   1.4073 THz   0.0000  0.0000  0.2183 -0.0202 -0.9756  0.0118
    2   1.4073 THz   0.0000  0.0000  0.9754 -0.0226  0.2189  0.0125


 Q= -0.071834 -0.071834 -0.143668, q= -0.250000 -0.250000  0.000000

                       Ta X   0        Ta Y   0        Ta Z   0     
                    --------------- --------------- ---------------
    0   1.4434 THz   0.7071  0.0000 -0.7071  0.0000  0.0000  0.0000
    1   1.6484 THz  -0.1161  0.0000 -0.1161  0.0000 -0.9864  0.0000
    2   2.2192 THz   0.6975  0.0000  0.6975  0.0000 -0.1641  0.0000


 Q=  0.000000  0.000000 -0.143668, q= -0.250000 -0.250000  0.250000

                       Ta X   0        Ta Y   0        Ta Z   0     
                    --------------- --------------- ---------------
    0   2.4018 THz   1.0000  0.0000  0.0000  0.0000  0.0000  0.0000
    1   2.4018 THz   0.0000  0.0000 -1.0000 -0.0000  0.0000  0.0000
    2   2.7959 THz   0.0000  0.0000 -0.0000  0.0000 -1.0000  0.0018


 Q= -0.143668 -0.215502 -0.071834, q= -0.250000  0.000000 -0.500000

                       Ta X   0        Ta Y   0        Ta Z   0     
                    --------------- --------------- ---------------
    0   1.4434 THz   0.0000  0.0000 -0.6778  0.2014 -0.6778  0.2014
    1   1.6484 THz   0.9864  0.0000  0.1161  0.0000 -0.1161 -0.0000
    2   2.2192 THz   0.1641  0.0000 -0.6975 -0.0000  0.6975  0.0000


 Q= -0.071834 -0.143668 -0.071834, q= -0.250000  0.000000 -0.250000

                       Ta X   0        Ta Y   0        Ta Z   0     
                    --------------- --------------- ---------------
    0   1.4434 THz   0.7071  0.0000  0.0000  0.0000 -0.7071  0.0000
    1   1.6484 THz  -0.1161  0.0000 -0.9864  0.0000 -0.1161  0.0000
    2   2.2192 THz  -0.6975  0.0000  0.1641  0.0000 -0.6975 -0.0000


 Q=  0.000000 -0.071834 -0.071834, q= -0.250000  0.000000  0.000000

                       Ta X   0        Ta Y   0        Ta Z   0     
                    --------------- --------------- ---------------
    0   1.4781 THz   0.0000  0.0000  0.0013  0.7071 -0.0013 -0.7071
    1   2.0303 THz   1.0000  0.0000  0.0000  0.0000  0.0000  0.0000
    2   2.3256 THz   0.0000  0.0000 -0.6321 -0.3169 -0.6321 -0.3169


 Q=  0.071834  0.000000 -0.071834, q= -0.250000  0.000000  0.250000

                       Ta X   0        Ta Y   0        Ta Z   0     
                    --------------- --------------- ---------------
    0   1.4781 THz   0.7071  0.0000  0.0000 -0.0000  0.7071  0.0000
    1   2.0303 THz  -0.0000  0.0000  0.9974 -0.0716 -0.0000  0.0000
    2   2.3256 THz   0.7071  0.0000  0.0000 -0.0000 -0.7071 -0.0000


 Q= -0.071834 -0.215502  0.000000, q= -0.250000  0.250000 -0.500000

                       Ta X   0        Ta Y   0        Ta Z   0     
                    --------------- --------------- ---------------
    0   0.2096 THz   0.7071  0.0000  0.7071 -0.0000  0.0000  0.0000
    1   2.1297 THz   0.7071  0.0000 -0.7071  0.0000 -0.0000 -0.0000
    2   3.4196 THz   0.0000  0.0000  0.0000 -0.0000 -0.3553 -0.9348


 Q=  0.000000 -0.143668  0.000000, q= -0.250000  0.250000 -0.250000

                       Ta X   0        Ta Y   0        Ta Z   0     
                    --------------- --------------- ---------------
    0   2.4018 THz   1.0000  0.0000  0.0000  0.0000  0.0000  0.0000
    1   2.4018 THz   0.0000  0.0000 -0.0000  0.0000 -1.0000  0.0056
    2   2.7959 THz   0.0000  0.0000 -1.0000  0.0000 -0.0000  0.0000


 Q=  0.071834 -0.071834  0.000000, q= -0.250000  0.250000  0.000000

                       Ta X   0        Ta Y   0        Ta Z   0     
                    --------------- --------------- ---------------
    0   1.4781 THz   0.7071  0.0000  0.7071  0.0000 -0.0000  0.0000
    1   2.0303 THz   0.0000  0.0000  0.0000 -0.0000 -0.4415 -0.8973
    2   2.3256 THz   0.7071  0.0000 -0.7071 -0.0000  0.0000 -0.0000


 Q=  0.143668  0.000000  0.000000, q= -0.250000  0.250000  0.250000

                       Ta X   0        Ta Y   0        Ta Z   0     
                    --------------- --------------- ---------------
    0   2.4018 THz   0.0000  0.0000 -0.7061  0.0000 -0.7081  0.0020
    1   2.4018 THz   0.0000  0.0000  0.7081 -0.0012 -0.7061  0.0032
    2   2.7959 THz   1.0000  0.0000  0.0000  0.0000  0.0000  0.0000


 Q= -0.287336 -0.143668 -0.143668, q=  0.000000 -0.500000 -0.500000

                       Ta X   0        Ta Y   0        Ta Z   0     
                    --------------- --------------- ---------------
    0  -1.4561 THz   0.0000  0.0000 -0.7071  0.0000  0.7071 -0.0000
    1   2.0757 THz   0.0000  0.0000 -0.7071 -0.0000 -0.7071 -0.0000
    2   3.7034 THz   1.0000  0.0000  0.0000  0.0000  0.0000  0.0000


 Q= -0.215502 -0.071834 -0.143668, q=  0.000000 -0.500000 -0.250000

                       Ta X   0        Ta Y   0        Ta Z   0     
                    --------------- --------------- ---------------
    0   1.4434 THz   0.7071  0.0000  0.7071 -0.0000  0.0000  0.0000
    1   1.6484 THz  -0.1161  0.0000  0.1161 -0.0000 -0.9864  0.0000
    2   2.2192 THz  -0.6975  0.0000  0.6975  0.0000  0.1641 -0.0000


 Q= -0.143668  0.000000 -0.143668, q=  0.000000 -0.500000  0.000000

                       Ta X   0        Ta Y   0        Ta Z   0     
                    --------------- --------------- ---------------
    0  -1.4561 THz  -0.7071  0.0000  0.0000 -0.0000 -0.7071 -0.0000
    1   2.0757 THz   0.7071  0.0000  0.0000 -0.0000 -0.7071 -0.0000
    2   3.7034 THz   0.0000  0.0000  1.0000 -0.0000  0.0000  0.0000


 Q= -0.071834  0.071834 -0.143668, q=  0.000000 -0.500000  0.250000

                       Ta X   0        Ta Y   0        Ta Z   0     
                    --------------- --------------- ---------------
    0   1.4434 THz   0.7071  0.0000  0.7071  0.0000  0.0000 -0.0000
    1   1.6484 THz  -0.1161  0.0000  0.1161  0.0000 -0.9864 -0.0000
    2   2.2192 THz  -0.6975  0.0000  0.6975 -0.0000  0.1641 -0.0000


 Q= -0.215502 -0.143668 -0.071834, q=  0.000000 -0.250000 -0.500000

                       Ta X   0        Ta Y   0        Ta Z   0     
                    --------------- --------------- ---------------
    0   1.4434 THz   0.7071  0.0000  0.0000 -0.0000  0.7071  0.0000
    1   1.6484 THz   0.1161  0.0000  0.9864  0.0000 -0.1161 -0.0000
    2   2.2192 THz  -0.6975  0.0000  0.1641 -0.0000  0.6975 -0.0000


 Q= -0.143668 -0.071834 -0.071834, q=  0.000000 -0.250000 -0.250000

                       Ta X   0        Ta Y   0        Ta Z   0     
                    --------------- --------------- ---------------
    0   1.4434 THz   0.0000  0.0000  0.6453  0.2892 -0.6453 -0.2892
    1   1.6484 THz   0.9864  0.0000  0.1161 -0.0000  0.1161  0.0000
    2   2.2192 THz   0.1641  0.0000 -0.6975  0.0000 -0.6975 -0.0000


 Q= -0.071834  0.000000 -0.071834, q=  0.000000 -0.250000  0.000000

                       Ta X   0        Ta Y   0        Ta Z   0     
                    --------------- --------------- ---------------
    0   1.4781 THz   0.7071  0.0000  0.0000  0.0000 -0.7071 -0.0000
    1   2.0303 THz   0.0000  0.0000  0.9327 -0.3607  0.0000  0.0000
    2   2.3256 THz  -0.7071  0.0000  0.0000  0.0000 -0.7071 -0.0000


 Q=  0.000000  0.071834 -0.071834, q=  0.000000 -0.250000  0.250000

                       Ta X   0        Ta Y   0        Ta Z   0     
                    --------------- --------------- ---------------
    0   1.4781 THz   0.0000  0.0000 -0.7071 -0.0013 -0.7071 -0.0013
    1   2.0303 THz   1.0000  0.0000  0.0000  0.0000  0.0000  0.0000
    2   2.3256 THz   0.0000  0.0000 -0.7071 -0.0013  0.7071  0.0013


 Q= -0.143668 -0.143668  0.000000, q=  0.000000  0.000000 -0.500000

                       Ta X   0        Ta Y   0        Ta Z   0     
                    --------------- --------------- ---------------
    0  -1.4561 THz   0.7071  0.0000  0.7071  0.0000 -0.0000 -0.0000
    1   2.0757 THz   0.7071  0.0000 -0.7071 -0.0000  0.0000  0.0000
    2   3.7034 THz   0.0000  0.0000 -0.0000  0.0000 -1.0000  0.0000


 Q= -0.071834 -0.071834  0.000000, q=  0.000000  0.000000 -0.250000

                       Ta X   0        Ta Y   0        Ta Z   0     
                    --------------- --------------- ---------------
    0   1.4781 THz   0.7071  0.0000 -0.7071  0.0000 -0.0000 -0.0000
    1   2.0303 THz   0.0000  0.0000  0.0000 -0.0000 -1.0000 -0.0099
    2   2.3256 THz  -0.7071  0.0000 -0.7071  0.0000 -0.0000 -0.0000


 Q=  0.000000  0.000000  0.000000, q=  0.000000  0.000000  0.000000

                       Ta X   0        Ta Y   0        Ta Z   0     
                    --------------- --------------- ---------------
    0  -0.0000 THz   0.0229  0.0000 -0.3059  0.0000 -0.9518  0.0000
    1  -0.0000 THz  -0.8643  0.0000 -0.4846  0.0000  0.1350  0.0000
    2  -0.0000 THz   0.5025  0.0000 -0.8195  0.0000  0.2755  0.0000


 Q=  0.071834  0.071834  0.000000, q=  0.000000  0.000000  0.250000

                       Ta X   0        Ta Y   0        Ta Z   0     
                    --------------- --------------- ---------------
    0   1.4781 THz   0.7071  0.0000 -0.7071 -0.0000 -0.0000  0.0000
    1   2.0303 THz   0.0000  0.0000  0.0000  0.0000 -1.0000  0.0099
    2   2.3256 THz  -0.7071  0.0000 -0.7071 -0.0000 -0.0000  0.0000


 Q= -0.071834 -0.143668  0.071834, q=  0.000000  0.250000 -0.500000

                       Ta X   0        Ta Y   0        Ta Z   0     
                    --------------- --------------- ---------------
    0   1.4434 THz   0.7071  0.0000  0.0000  0.0000  0.7071 -0.0000
    1   1.6484 THz   0.1161  0.0000  0.9864 -0.0000 -0.1161  0.0000
    2   2.2192 THz  -0.6975  0.0000  0.1641  0.0000  0.6975  0.0000


 Q=  0.000000 -0.071834  0.071834, q=  0.000000  0.250000 -0.250000

                       Ta X   0        Ta Y   0        Ta Z   0     
                    --------------- --------------- ---------------
    0   1.4781 THz   0.0000  0.0000 -0.7071  0.0013 -0.7071  0.0013
    1   2.0303 THz   1.0000  0.0000  0.0000  0.0000  0.0000  0.0000
    2   2.3256 THz   0.0000  0.0000 -0.7071  0.0013  0.7071 -0.0013


 Q=  0.071834  0.000000  0.071834, q=  0.000000  0.250000  0.000000

                       Ta X   0        Ta Y   0        Ta Z   0     
                    --------------- --------------- ---------------
    0   1.4781 THz   0.7071  0.0000  0.0000 -0.0000 -0.7071  0.0000
    1   2.0303 THz   0.0000  0.0000  0.9327  0.3607  0.0000  0.0000
    2   2.3256 THz  -0.7071  0.0000  0.0000 -0.0000 -0.7071  0.0000


 Q=  0.143668  0.071834  0.071834, q=  0.000000  0.250000  0.250000

                       Ta X   0        Ta Y   0        Ta Z   0     
                    --------------- --------------- ---------------
    0   1.4434 THz   0.0000  0.0000  0.6453 -0.2892 -0.6453  0.2892
    1   1.6484 THz   0.9864  0.0000  0.1161  0.0000  0.1161 -0.0000
    2   2.2192 THz   0.1641  0.0000 -0.6975 -0.0000 -0.6975  0.0000


 Q= -0.287336 -0.071834 -0.071834, q=  0.250000 -0.500000 -0.500000

                       Ta X   0        Ta Y   0        Ta Z   0     
                    --------------- --------------- ---------------
    0   0.2096 THz   0.0000  0.0000  0.4109 -0.5755 -0.4109  0.5755
    1   2.1297 THz   0.0000  0.0000 -0.7000  0.0999 -0.7000  0.0999
    2   3.4196 THz   1.0000  0.0000  0.0000  0.0000  0.0000  0.0000


 Q= -0.215502  0.000000 -0.071834, q=  0.250000 -0.500000 -0.250000

                       Ta X   0        Ta Y   0        Ta Z   0     
                    --------------- --------------- ---------------
    0   0.2096 THz  -0.7071 -0.0000 -0.0000 -0.0000 -0.7071  0.0000
    1   2.1297 THz   0.7071  0.0000  0.0000 -0.0000 -0.7071  0.0000
    2   3.4196 THz   0.0000  0.0000 -0.4625 -0.8866  0.0000  0.0000


 Q= -0.143668  0.071834 -0.071834, q=  0.250000 -0.500000  0.000000

                       Ta X   0        Ta Y   0        Ta Z   0     
                    --------------- --------------- ---------------
    0   1.4434 THz   0.0000  0.0000 -0.0000  0.7071  0.0000  0.7071
    1   1.6484 THz   0.9864  0.0000 -0.1161 -0.0000  0.1161  0.0000
    2   2.2192 THz  -0.1641  0.0000 -0.6975 -0.0000  0.6975  0.0000


 Q= -0.071834  0.143668 -0.071834, q=  0.250000 -0.500000  0.250000

                       Ta X   0        Ta Y   0        Ta Z   0     
                    --------------- --------------- ---------------
    0   1.4434 THz   0.7071  0.0000 -0.0000  0.0000 -0.7071  0.0000
    1   1.6484 THz  -0.1161  0.0000  0.9864  0.0000 -0.1161 -0.0000
    2   2.2192 THz   0.6975  0.0000  0.1641 -0.0000  0.6975 -0.0000


 Q= -0.215502 -0.071834  0.000000, q=  0.250000 -0.250000 -0.500000

                       Ta X   0        Ta Y   0        Ta Z   0     
                    --------------- --------------- ---------------
    0   0.2096 THz   0.7071  0.0000  0.7071  0.0000 -0.0000 -0.0000
    1   2.1297 THz   0.7071  0.0000 -0.7071 -0.0000  0.0000  0.0000
    2   3.4196 THz   0.0000  0.0000 -0.0000  0.0000 -0.5646 -0.8254


 Q= -0.143668  0.000000  0.000000, q=  0.250000 -0.250000 -0.250000

                       Ta X   0        Ta Y   0        Ta Z   0     
                    --------------- --------------- ---------------
    0   2.4018 THz   0.0000  0.0000 -0.7061  0.0000 -0.7081 -0.0020
    1   2.4018 THz   0.0000  0.0000  0.7081  0.0012 -0.7061 -0.0032
    2   2.7959 THz   1.0000  0.0000  0.0000  0.0000  0.0000  0.0000


 Q= -0.071834  0.071834  0.000000, q=  0.250000 -0.250000  0.000000

                       Ta X   0        Ta Y   0        Ta Z   0     
                    --------------- --------------- ---------------
    0   1.4781 THz   0.7071  0.0000  0.7071 -0.0000 -0.0000 -0.0000
    1   2.0303 THz   0.0000  0.0000  0.0000  0.0000 -0.4415  0.8973
    2   2.3256 THz   0.7071  0.0000 -0.7071  0.0000  0.0000  0.0000


 Q=  0.000000  0.143668  0.000000, q=  0.250000 -0.250000  0.250000

                       Ta X   0        Ta Y   0        Ta Z   0     
                    --------------- --------------- ---------------
    0   2.4018 THz   1.0000  0.0000  0.0000  0.0000  0.0000  0.0000
    1   2.4018 THz   0.0000  0.0000 -0.0000 -0.0000 -1.0000 -0.0056
    2   2.7959 THz   0.0000  0.0000 -1.0000 -0.0000 -0.0000 -0.0000


 Q= -0.143668 -0.071834  0.071834, q=  0.250000  0.000000 -0.500000

                       Ta X   0        Ta Y   0        Ta Z   0     
                    --------------- --------------- ---------------
    0   1.4434 THz   0.0000  0.0000 -0.6079 -0.3612 -0.6079 -0.3612
    1   1.6484 THz   0.9864  0.0000  0.1161 -0.0000 -0.1161  0.0000
    2   2.2192 THz   0.1641  0.0000 -0.6975  0.0000  0.6975 -0.0000


 Q= -0.071834  0.000000  0.071834, q=  0.250000  0.000000 -0.250000

                       Ta X   0        Ta Y   0        Ta Z   0     
                    --------------- --------------- ---------------
    0   1.4781 THz   0.7071  0.0000  0.0000  0.0000  0.7071 -0.0000
    1   2.0303 THz  -0.0000  0.0000  0.9974  0.0716 -0.0000 -0.0000
    2   2.3256 THz   0.7071  0.0000  0.0000  0.0000 -0.7071  0.0000


 Q=  0.000000  0.071834  0.071834, q=  0.250000  0.000000  0.000000

                       Ta X   0        Ta Y   0        Ta Z   0     
                    --------------- --------------- ---------------
    0   1.4781 THz   0.0000  0.0000  0.0013 -0.7071 -0.0013  0.7071
    1   2.0303 THz   1.0000  0.0000  0.0000  0.0000  0.0000  0.0000
    2   2.3256 THz   0.0000  0.0000 -0.6321  0.3169 -0.6321  0.3169


 Q=  0.071834  0.143668  0.071834, q=  0.250000  0.000000  0.250000

                       Ta X   0        Ta Y   0        Ta Z   0     
                    --------------- --------------- ---------------
    0   1.4434 THz   0.7071  0.0000  0.0000 -0.0000 -0.7071 -0.0000
    1   1.6484 THz  -0.1161  0.0000 -0.9864 -0.0000 -0.1161 -0.0000
    2   2.2192 THz  -0.6975  0.0000  0.1641 -0.0000 -0.6975  0.0000


 Q= -0.071834 -0.071834  0.143668, q=  0.250000  0.250000 -0.500000

                       Ta X   0        Ta Y   0        Ta Z   0     
                    --------------- --------------- ---------------
    0   1.4434 THz   0.7071  0.0000 -0.7071 -0.0000 -0.0000 -0.0000
    1   1.6484 THz   0.1161  0.0000  0.1161 -0.0000 -0.9864 -0.0000
    2   2.2192 THz   0.6975  0.0000  0.6975  0.0000  0.1641  0.0000


 Q=  0.000000  0.000000  0.143668, q=  0.250000  0.250000 -0.250000

                       Ta X   0        Ta Y   0        Ta Z   0     
                    --------------- --------------- ---------------
    0   2.4018 THz   1.0000  0.0000  0.0000  0.0000  0.0000  0.0000
    1   2.4018 THz   0.0000  0.0000 -1.0000  0.0000  0.0000 -0.0000
    2   2.7959 THz   0.0000  0.0000 -0.0000 -0.0000 -1.0000 -0.0018


 Q=  0.071834  0.071834  0.143668, q=  0.250000  0.250000  0.000000

                       Ta X   0        Ta Y   0        Ta Z   0     
                    --------------- --------------- ---------------
    0   1.4434 THz   0.7071  0.0000 -0.7071 -0.0000  0.0000 -0.0000
    1   1.6484 THz  -0.1161  0.0000 -0.1161 -0.0000 -0.9864 -0.0000
    2   2.2192 THz   0.6975  0.0000  0.6975 -0.0000 -0.1641 -0.0000


 Q=  0.143668  0.143668  0.143668, q=  0.250000  0.250000  0.250000

                       Ta X   0        Ta Y   0        Ta Z   0     
                    --------------- --------------- ---------------
    0   1.4073 THz   1.0000  0.0000  0.0000  0.0000  0.0000  0.0000
    1   1.4073 THz   0.0000  0.0000  0.2183  0.0202 -0.9756 -0.0118
    2   1.4073 THz   0.0000  0.0000  0.9754  0.0226  0.2189 -0.0125
