
Used Primitive lattice vector

    3.883260000000      0.000000000000      0.000000000000  
    0.000000000000      3.883260000000      0.000000000000  
    0.000000000000      0.000000000000      3.883260000000  

   5 Atom(s) in the Primitive cell

 0.5000000000 0.5000000000 0.5000000000 Ti    0
 0.0000000000 0.0000000000 0.0000000000 Pb    1
 0.5000000000 0.0000000000 0.5000000000  O    2
 0.5000000000 0.5000000000 -0.0000010000  O    3
 0.0000000000 0.5000000000 0.5000010000  O    4


 Q= -0.128758 -0.064379  0.000000, q= -0.500000 -0.250000  0.000000

                       Ti X   0        Ti Y   0        Ti Z   0        Pb X   1        Pb Y   1        Pb Z   1         O X   2         O Y   2         O Z   2         O X   3         O Y   3         O Z   3         O X   4         O Y   4         O Z   4     
                    --------------- --------------- --------------- --------------- --------------- --------------- --------------- --------------- --------------- --------------- --------------- --------------- --------------- --------------- ---------------
    0   1.7436 THz  -0.0000  0.0000  0.0130 -0.0003 -0.0000  0.0000 -0.0526  0.0012  0.0000 -0.0000  0.9977 -0.0228  0.0000 -0.0000 -0.0011  0.0000 -0.0000 -0.0000  0.0000 -0.0000 -0.0046  0.0001 -0.0000  0.0000  0.0001 -0.0000 -0.0000  0.0000 -0.0326  0.0007
    1   1.8490 THz  -0.1173  0.0000 -0.0000  0.0000  0.0002  0.0000  0.0000 -0.0000  0.9906  0.0000 -0.0000  0.0000  0.0116  0.0000  0.0000  0.0000 -0.0025  0.0000  0.0500  0.0000  0.0000 -0.0000 -0.0007  0.0000  0.0000 -0.0000 -0.0476 -0.0000  0.0000 -0.0000
    2   2.0441 THz   0.0000  0.0000 -0.2427  0.0011 -0.0000 -0.0000  0.9658 -0.0043 -0.0000 -0.0000  0.0545 -0.0002  0.0000 -0.0000  0.0069 -0.0000  0.0000 -0.0000 -0.0000 -0.0000  0.0719 -0.0003  0.0000 -0.0000  0.0080 -0.0000  0.0000 -0.0000  0.0012 -0.0000
    3   3.6723 THz  -0.0004  0.0000 -0.0000 -0.0000 -0.9958  0.0000 -0.0000  0.0000  0.0002 -0.0000 -0.0000 -0.0000  0.0005 -0.0000 -0.0000 -0.0000  0.0150 -0.0000 -0.0017  0.0000 -0.0000  0.0000 -0.0899  0.0000  0.0000  0.0000 -0.0004  0.0000  0.0000 -0.0000
    4   5.6639 THz  -0.1455  0.0000 -0.0000 -0.0000 -0.0006 -0.0000  0.0000 -0.0000  0.0254 -0.0000  0.0000  0.0000 -0.6806  0.0000 -0.0000 -0.0000  0.0010  0.0000 -0.0056  0.0000 -0.0000 -0.0000  0.0001  0.0000  0.0000 -0.0000  0.7176  0.0000 -0.0000 -0.0000
    5   7.4772 THz   0.0000  0.0000 -0.5157 -0.0059  0.0000 -0.0000 -0.0668 -0.0008  0.0000 -0.0000 -0.0009 -0.0000 -0.0000 -0.0000 -0.2207 -0.0025 -0.0000 -0.0000  0.0000  0.0000 -0.8248 -0.0095 -0.0000 -0.0000  0.0203  0.0002 -0.0000  0.0000 -0.0003 -0.0000
    6   8.2920 THz  -0.1094  0.0000  0.0000  0.0000 -0.0139  0.0000  0.0000  0.0000  0.0026  0.0000  0.0000  0.0000  0.0340 -0.0000 -0.0000  0.0000  0.9062 -0.0000 -0.2615 -0.0000 -0.0000  0.0000  0.3114  0.0000  0.0000  0.0000  0.0067  0.0000 -0.0000  0.0000
    7   8.8539 THz   0.3956  0.0000 -0.0000  0.0000 -0.0065  0.0000 -0.0000  0.0000  0.0044 -0.0000  0.0000 -0.0000 -0.1058  0.0000  0.0000  0.0000  0.2679 -0.0000  0.8664  0.0000  0.0000  0.0000  0.0982  0.0000 -0.0000  0.0000 -0.0140 -0.0000 -0.0000  0.0000
    8   9.6943 THz  -0.0000  0.0000  0.0001  0.0027 -0.0000 -0.0000 -0.0001 -0.0023  0.0000 -0.0000  0.0008  0.0325  0.0000 -0.0000 -0.0000 -0.0004 -0.0000  0.0000 -0.0000  0.0000 -0.0000 -0.0018 -0.0000  0.0000 -0.0000 -0.0009 -0.0000  0.0000  0.0247  0.9992
    9  10.0649 THz   0.0000  0.0000  0.8072 -0.0514  0.0000  0.0000  0.2405 -0.0153 -0.0000  0.0000 -0.0003  0.0000 -0.0000  0.0000 -0.0040  0.0003 -0.0000  0.0000  0.0000 -0.0000 -0.5199  0.0331 -0.0000  0.0000  0.1275 -0.0081 -0.0000  0.0000 -0.0025  0.0002
   10  11.7875 THz  -0.5915  0.0000 -0.0000 -0.0000 -0.0004 -0.0000 -0.0000 -0.0000 -0.1025 -0.0000  0.0000  0.0000 -0.5018  0.0000 -0.0000  0.0000  0.0076  0.0000  0.1970  0.0000  0.0000  0.0000  0.0039 -0.0000 -0.0000  0.0000 -0.5907 -0.0000 -0.0000  0.0000
   11  14.6728 THz   0.6681  0.0000 -0.0000 -0.0000  0.0031 -0.0000 -0.0000 -0.0000  0.0865  0.0000  0.0000 -0.0000 -0.5218  0.0000 -0.0000  0.0000  0.0055 -0.0000 -0.3733 -0.0000  0.0000 -0.0000 -0.0308  0.0000  0.0000 -0.0000 -0.3654 -0.0000  0.0000  0.0000
   12  15.5791 THz   0.0191  0.0000  0.0000 -0.0000 -0.0898  0.0000  0.0000 -0.0000  0.0027 -0.0000 -0.0000  0.0000 -0.0151  0.0000 -0.0000  0.0000 -0.3265  0.0000 -0.0171  0.0000  0.0000 -0.0000  0.9404 -0.0000  0.0000 -0.0000 -0.0104  0.0000 -0.0000 -0.0000
   13  16.8598 THz   0.0000  0.0000 -0.0423  0.0008 -0.0000  0.0000  0.0033 -0.0001 -0.0000  0.0000  0.0007 -0.0000 -0.0000 -0.0000  0.8112 -0.0145 -0.0000 -0.0000 -0.0000 -0.0000 -0.2043  0.0036  0.0000  0.0000 -0.5460  0.0097 -0.0000 -0.0000 -0.0004  0.0000
   14  24.0187 THz  -0.0000  0.0000  0.0756  0.1152 -0.0000 -0.0000  0.0234  0.0357 -0.0000 -0.0000  0.0000  0.0000 -0.0000  0.0000 -0.2971 -0.4524  0.0000 -0.0000  0.0000  0.0000  0.0191  0.0291  0.0000 -0.0000 -0.4544 -0.6918 -0.0000  0.0000 -0.0007 -0.0010


 Q= -0.128758  0.064379  0.000000, q= -0.500000  0.250000  0.000000

                       Ti X   0        Ti Y   0        Ti Z   0        Pb X   1        Pb Y   1        Pb Z   1         O X   2         O Y   2         O Z   2         O X   3         O Y   3         O Z   3         O X   4         O Y   4         O Z   4     
                    --------------- --------------- --------------- --------------- --------------- --------------- --------------- --------------- --------------- --------------- --------------- --------------- --------------- --------------- ---------------
    0   1.7436 THz   0.0000  0.0000  0.0115 -0.0061 -0.0000  0.0000  0.0464 -0.0248  0.0000 -0.0000 -0.8797  0.4713  0.0000  0.0000 -0.0010  0.0005  0.0000 -0.0000 -0.0000  0.0000 -0.0041  0.0022  0.0000 -0.0000 -0.0001  0.0000 -0.0000  0.0000  0.0288 -0.0154
    1   1.8490 THz   0.1173  0.0000 -0.0000 -0.0000 -0.0002  0.0000 -0.0000 -0.0000  0.9906  0.0000  0.0000 -0.0000 -0.0116  0.0000  0.0000 -0.0000  0.0025  0.0000 -0.0500 -0.0000  0.0000 -0.0000  0.0007  0.0000  0.0000  0.0000 -0.0476  0.0000 -0.0000  0.0000
    2   2.0441 THz  -0.0000  0.0000 -0.2423 -0.0139 -0.0000  0.0000 -0.9643 -0.0552 -0.0000 -0.0000 -0.0544 -0.0031  0.0000  0.0000  0.0068  0.0004  0.0000 -0.0000  0.0000 -0.0000  0.0718  0.0041 -0.0000  0.0000 -0.0079 -0.0005  0.0000  0.0000 -0.0012 -0.0001
    3   3.6723 THz   0.0004  0.0000 -0.0000 -0.0000  0.9958  0.0000 -0.0000 -0.0000  0.0002  0.0000 -0.0000  0.0000 -0.0005 -0.0000 -0.0000  0.0000 -0.0150 -0.0000  0.0017  0.0000  0.0000  0.0000  0.0899  0.0000 -0.0000 -0.0000 -0.0004 -0.0000  0.0000  0.0000
    4   5.6639 THz   0.1455  0.0000  0.0000 -0.0000  0.0006 -0.0000  0.0000  0.0000  0.0254  0.0000 -0.0000 -0.0000  0.6806  0.0000 -0.0000 -0.0000 -0.0010  0.0000  0.0056  0.0000  0.0000 -0.0000 -0.0001 -0.0000  0.0000  0.0000  0.7176  0.0000 -0.0000 -0.0000
    5   7.4772 THz   0.0000  0.0000 -0.5154  0.0180  0.0000  0.0000  0.0667 -0.0023 -0.0000  0.0000  0.0009 -0.0000  0.0000  0.0000 -0.2206  0.0077  0.0000  0.0000  0.0000 -0.0000 -0.8244  0.0289  0.0000  0.0000 -0.0203  0.0007  0.0000  0.0000  0.0003 -0.0000
    6   8.2920 THz  -0.1094  0.0000  0.0000 -0.0000 -0.0139 -0.0000 -0.0000  0.0000 -0.0026  0.0000  0.0000  0.0000  0.0340  0.0000  0.0000 -0.0000  0.9062  0.0000 -0.2615 -0.0000  0.0000 -0.0000  0.3114  0.0000  0.0000 -0.0000 -0.0067 -0.0000 -0.0000  0.0000
    7   8.8539 THz  -0.3956  0.0000  0.0000  0.0000  0.0065  0.0000 -0.0000 -0.0000  0.0044  0.0000 -0.0000  0.0000  0.1058  0.0000 -0.0000  0.0000 -0.2679 -0.0000 -0.8664 -0.0000 -0.0000  0.0000 -0.0982 -0.0000 -0.0000 -0.0000 -0.0140  0.0000 -0.0000  0.0000
    8   9.6943 THz   0.0000  0.0000 -0.0002 -0.0027 -0.0000  0.0000 -0.0002 -0.0023  0.0000 -0.0000  0.0026  0.0324  0.0000  0.0000  0.0000  0.0004 -0.0000  0.0000  0.0000 -0.0000  0.0001  0.0018  0.0000  0.0000 -0.0001 -0.0009  0.0000 -0.0000  0.0796  0.9963
    9  10.0649 THz   0.0000  0.0000  0.8037  0.0902 -0.0000 -0.0000 -0.2395 -0.0269  0.0000  0.0000  0.0003  0.0000 -0.0000 -0.0000 -0.0040 -0.0004  0.0000 -0.0000  0.0000  0.0000 -0.5177 -0.0581  0.0000 -0.0000 -0.1270 -0.0143  0.0000  0.0000  0.0025  0.0003
   10  11.7875 THz   0.5915  0.0000  0.0000 -0.0000  0.0004 -0.0000  0.0000  0.0000 -0.1025  0.0000 -0.0000 -0.0000  0.5018  0.0000  0.0000  0.0000 -0.0076  0.0000 -0.1970 -0.0000 -0.0000 -0.0000 -0.0039 -0.0000 -0.0000  0.0000 -0.5907 -0.0000 -0.0000 -0.0000
   11  14.6728 THz   0.6681  0.0000 -0.0000  0.0000  0.0031  0.0000  0.0000 -0.0000 -0.0865 -0.0000  0.0000 -0.0000 -0.5218 -0.0000 -0.0000 -0.0000  0.0055  0.0000 -0.3733 -0.0000  0.0000 -0.0000 -0.0308 -0.0000 -0.0000  0.0000  0.3654  0.0000  0.0000 -0.0000
   12  15.5791 THz   0.0191  0.0000 -0.0000  0.0000 -0.0898 -0.0000  0.0000  0.0000 -0.0027 -0.0000 -0.0000  0.0000 -0.0151 -0.0000 -0.0000 -0.0000 -0.3265 -0.0000 -0.0171 -0.0000  0.0000  0.0000  0.9404  0.0000 -0.0000 -0.0000  0.0104  0.0000 -0.0000 -0.0000
   13  16.8598 THz  -0.0000  0.0000  0.0406 -0.0118  0.0000 -0.0000  0.0031 -0.0009  0.0000  0.0000  0.0007 -0.0002  0.0000 -0.0000 -0.7793  0.2258  0.0000 -0.0000  0.0000 -0.0000  0.1963 -0.0569 -0.0000  0.0000 -0.5245  0.1520 -0.0000  0.0000 -0.0004  0.0001
   14  24.0187 THz  -0.0000  0.0000 -0.0810 -0.1115 -0.0000 -0.0000  0.0251  0.0345  0.0000 -0.0000  0.0000  0.0000 -0.0000 -0.0000  0.3181  0.4379 -0.0000 -0.0000  0.0000 -0.0000 -0.0205 -0.0282 -0.0000 -0.0000 -0.4865 -0.6696  0.0000 -0.0000 -0.0007 -0.0010


 Q= -0.085839 -0.128758  0.085839, q= -0.333333 -0.500000  0.333333

                       Ti X   0        Ti Y   0        Ti Z   0        Pb X   1        Pb Y   1        Pb Z   1         O X   2         O Y   2         O Z   2         O X   3         O Y   3         O Z   3         O X   4         O Y   4         O Z   4     
                    --------------- --------------- --------------- --------------- --------------- --------------- --------------- --------------- --------------- --------------- --------------- --------------- --------------- --------------- ---------------
    0   1.8999 THz  -0.0000  0.0000  0.0990 -0.0196  0.0000 -0.0000 -0.8590  0.1697  0.0000 -0.0000  0.4564 -0.0902 -0.0122  0.0024 -0.0000  0.0000 -0.0263  0.0052  0.0000 -0.0000 -0.0742  0.0147  0.0000  0.0000  0.0000 -0.0000 -0.0075  0.0015  0.0000 -0.0000
    1   2.0888 THz  -0.0000  0.0000 -0.0363 -0.0049  0.0000  0.0000 -0.4663 -0.0632  0.0000  0.0000 -0.8711 -0.1181  0.0574  0.0078 -0.0000  0.0000  0.0193  0.0026  0.0000  0.0000 -0.0251 -0.0034  0.0000  0.0000 -0.0000  0.0000  0.0056  0.0008 -0.0000  0.0000
    2   2.1183 THz  -0.1029  0.0000  0.0000  0.0000  0.1045 -0.0000  0.0000  0.0000  0.9875 -0.0000  0.0000  0.0000 -0.0000 -0.0000 -0.0024  0.0000 -0.0000 -0.0000  0.0485  0.0000  0.0000  0.0000  0.0042  0.0000 -0.0030  0.0000 -0.0000 -0.0000 -0.0318  0.0000
    3   4.0996 THz  -0.0000  0.0000 -0.0005 -0.0055 -0.0000  0.0000 -0.0029 -0.0332 -0.0000 -0.0000  0.0040  0.0457  0.0456  0.5174  0.0000  0.0000  0.0413  0.4688 -0.0000  0.0000  0.0406  0.4606  0.0000  0.0000  0.0000 -0.0000 -0.0474 -0.5380 -0.0000  0.0000
    4   4.4440 THz   0.0000  0.0000  0.1485  0.0571 -0.0000 -0.0000 -0.0441 -0.0170 -0.0000 -0.0000 -0.0104 -0.0040 -0.4111 -0.1580 -0.0000  0.0000  0.4798  0.1844  0.0000 -0.0000  0.4968  0.1909  0.0000 -0.0000  0.0000 -0.0000  0.4485  0.1723  0.0000 -0.0000
    5   5.2573 THz  -0.1128  0.0000  0.0000  0.0000 -0.1103 -0.0000 -0.0000  0.0000  0.0101 -0.0000 -0.0000  0.0000  0.0000 -0.0000 -0.0008 -0.0000  0.0000  0.0000 -0.6744 -0.0000  0.0000  0.0000 -0.0726 -0.0000 -0.0715  0.0000 -0.0000  0.0000 -0.7140  0.0000
    6  10.7072 THz   0.8436  0.0000  0.0000 -0.0000  0.4899  0.0000  0.0000 -0.0000  0.0291 -0.0000 -0.0000 -0.0000  0.0000 -0.0000  0.0159 -0.0000 -0.0000  0.0000  0.0075  0.0000  0.0000 -0.0000 -0.0468 -0.0000  0.0103 -0.0000 -0.0000 -0.0000 -0.2118  0.0000
    7  10.8641 THz  -0.3567  0.0000 -0.0000  0.0000  0.7710  0.0000 -0.0000 -0.0000 -0.0901 -0.0000  0.0000  0.0000 -0.0000  0.0000 -0.0584 -0.0000  0.0000  0.0000 -0.3940 -0.0000 -0.0000 -0.0000  0.0763  0.0000 -0.0974  0.0000 -0.0000  0.0000  0.3102 -0.0000
    8  11.6507 THz  -0.0000  0.0000 -0.0154  0.0080  0.0000 -0.0000  0.0331 -0.0172 -0.0000  0.0000  0.0377 -0.0196  0.4436 -0.2304 -0.0000 -0.0000  0.4466 -0.2320  0.0000 -0.0000 -0.4476  0.2325  0.0000 -0.0000 -0.0000 -0.0000  0.4339 -0.2254 -0.0000  0.0000
    9  11.7690 THz   0.3554  0.0000  0.0000 -0.0000 -0.3617 -0.0000  0.0000  0.0000  0.1246  0.0000 -0.0000 -0.0000  0.0000  0.0000  0.0933 -0.0000 -0.0000 -0.0000 -0.6154 -0.0000  0.0000  0.0000 -0.0078 -0.0000  0.0045 -0.0000  0.0000  0.0000  0.5830 -0.0000
   10  12.0421 THz  -0.0000  0.0000  0.6604 -0.0728  0.0000 -0.0000  0.0364 -0.0040 -0.0000  0.0000 -0.0336  0.0037  0.4422 -0.0488 -0.0000  0.0000 -0.4155  0.0458  0.0000 -0.0000  0.2967 -0.0327 -0.0000  0.0000  0.0000 -0.0000  0.3053 -0.0337 -0.0000  0.0000
   11  13.2474 THz  -0.0000  0.0000  0.7219 -0.0197 -0.0000  0.0000  0.0759 -0.0021  0.0000 -0.0000 -0.0746  0.0020 -0.2915  0.0080 -0.0000 -0.0000  0.2917 -0.0080  0.0000  0.0000 -0.3910  0.0107 -0.0000 -0.0000  0.0000 -0.0000 -0.3794  0.0104 -0.0000  0.0000
   12  16.1488 THz  -0.0058  0.0000  0.0000  0.0000 -0.0121 -0.0000  0.0000  0.0000  0.0001  0.0000  0.0000 -0.0000  0.0000  0.0000  0.0054 -0.0000  0.0000  0.0000  0.0768  0.0000 -0.0000 -0.0000 -0.6995 -0.0000 -0.7066  0.0000  0.0000 -0.0000  0.0722 -0.0000
   13  16.3658 THz   0.0005  0.0000  0.0000 -0.0000  0.0040  0.0000 -0.0000 -0.0000 -0.0061 -0.0000  0.0000  0.0000 -0.0000  0.0000  0.7642  0.0000  0.0000 -0.0000  0.0529  0.0000 -0.0000  0.0000  0.4582  0.0000 -0.4476  0.0000 -0.0000  0.0000 -0.0534  0.0000
   14  25.4533 THz   0.1072  0.0000  0.0000 -0.0000 -0.1073  0.0000  0.0000  0.0000  0.0162 -0.0000 -0.0000  0.0000  0.0000  0.0000 -0.6353  0.0000 -0.0000 -0.0000  0.0110  0.0000  0.0000 -0.0000  0.5360  0.0000 -0.5344  0.0000 -0.0000 -0.0000 -0.0108  0.0000


 Q= -0.085839  0.000000  0.085839, q= -0.333333  0.000000  0.333333

                       Ti X   0        Ti Y   0        Ti Z   0        Pb X   1        Pb Y   1        Pb Z   1         O X   2         O Y   2         O Z   2         O X   3         O Y   3         O Z   3         O X   4         O Y   4         O Z   4     
                    --------------- --------------- --------------- --------------- --------------- --------------- --------------- --------------- --------------- --------------- --------------- --------------- --------------- --------------- ---------------
    0   1.4130 THz   0.1174  0.0000 -0.0000 -0.0000  0.1338 -0.0000  0.7296 -0.0000 -0.0000 -0.0000  0.6515 -0.0000 -0.0563  0.0000 -0.0000 -0.0000 -0.0499  0.0000 -0.0552 -0.0000  0.0000  0.0000 -0.0047 -0.0000 -0.0052  0.0000  0.0000  0.0000 -0.0535  0.0000
    1   1.7746 THz   0.0000  0.0000  0.1743  0.0006  0.0000  0.0000  0.0000  0.0000  0.9840  0.0032  0.0000 -0.0000 -0.0000 -0.0000  0.0118  0.0000 -0.0000 -0.0000 -0.0000 -0.0000 -0.0258 -0.0001 -0.0000  0.0000 -0.0000 -0.0000 -0.0235 -0.0001 -0.0000 -0.0000
    2   2.1523 THz  -0.1192  0.0000  0.0000 -0.0000  0.1091 -0.0000  0.6567 -0.0000  0.0000  0.0000 -0.7337  0.0000  0.0535  0.0000  0.0000 -0.0000 -0.0300 -0.0000 -0.0129 -0.0000 -0.0000  0.0000 -0.0058 -0.0000  0.0077 -0.0000 -0.0000 -0.0000  0.0167 -0.0000
    3   3.7499 THz  -0.0000  0.0000 -0.9798 -0.0235 -0.0000  0.0000  0.0000  0.0000  0.1748  0.0042 -0.0000 -0.0000 -0.0000  0.0000 -0.0938 -0.0023 -0.0000  0.0000 -0.0000  0.0000  0.0014  0.0000  0.0000  0.0000 -0.0000  0.0000  0.0014  0.0000 -0.0000  0.0000
    4   5.2452 THz  -0.1119  0.0000  0.0000  0.0000 -0.1059 -0.0000 -0.0403 -0.0000 -0.0000 -0.0000 -0.0425 -0.0000 -0.0999  0.0000  0.0000  0.0000 -0.0661 -0.0000 -0.6710 -0.0000  0.0000 -0.0000 -0.0830 -0.0000 -0.0843  0.0000  0.0000  0.0000 -0.7031  0.0000
    5   7.5791 THz   0.2103  0.0000 -0.0000  0.0000  0.2652  0.0000 -0.0131 -0.0000 -0.0000 -0.0000  0.0071  0.0000  0.5854  0.0000  0.0000 -0.0000  0.7000  0.0000 -0.1268 -0.0000 -0.0000 -0.0000  0.1093  0.0000  0.0944 -0.0000  0.0000 -0.0000 -0.1252  0.0000
    6   8.2728 THz  -0.3693  0.0000  0.0000  0.0000  0.3136  0.0000 -0.0204 -0.0000  0.0000 -0.0000  0.0151  0.0000 -0.6619  0.0000 -0.0000 -0.0000  0.5561  0.0000  0.0488  0.0000 -0.0000 -0.0000  0.0775  0.0000 -0.0935  0.0000 -0.0000 -0.0000  0.0090 -0.0000
    7   8.5586 THz   0.0000  0.0000  0.0208  0.0117 -0.0000  0.0000 -0.0000 -0.0000 -0.0293 -0.0165 -0.0000  0.0000  0.0000  0.0000 -0.2890 -0.1628 -0.0000  0.0000 -0.0000 -0.0000 -0.5546 -0.3125 -0.0000  0.0000  0.0000  0.0000 -0.6055 -0.3412 -0.0000 -0.0000
    8   9.5665 THz   0.0000  0.0000  0.0008  0.0004 -0.0000 -0.0000  0.0000  0.0000 -0.0027 -0.0013 -0.0000 -0.0000  0.0000 -0.0000 -0.0143 -0.0072 -0.0000 -0.0000  0.0000  0.0000 -0.6554 -0.3291 -0.0000 -0.0000  0.0000  0.0000  0.6073  0.3050  0.0000 -0.0000
    9  11.2768 THz  -0.7599  0.0000  0.0000  0.0000  0.0556 -0.0000 -0.0114  0.0000 -0.0000 -0.0000  0.1651 -0.0000  0.3684 -0.0000  0.0000 -0.0000 -0.1027  0.0000 -0.3206 -0.0000 -0.0000 -0.0000  0.0922  0.0000 -0.0571  0.0000  0.0000  0.0000  0.3624 -0.0000
   10  11.4100 THz  -0.2703  0.0000  0.0000 -0.0000 -0.8085  0.0000  0.1744 -0.0000 -0.0000 -0.0000  0.0623  0.0000  0.0622  0.0000 -0.0000  0.0000  0.3498 -0.0000  0.2791  0.0000  0.0000  0.0000 -0.0149 -0.0000  0.0853 -0.0000 -0.0000 -0.0000 -0.1655  0.0000
   11  14.1079 THz  -0.3291  0.0000 -0.0000  0.0000  0.3365 -0.0000 -0.0536  0.0000  0.0000 -0.0000  0.0558 -0.0000  0.2216 -0.0000 -0.0000  0.0000 -0.2137 -0.0000  0.5850  0.0000 -0.0000 -0.0000  0.0797  0.0000 -0.0739  0.0000 -0.0000 -0.0000 -0.5689  0.0000
   12  15.5866 THz   0.0000  0.0000 -0.0841 -0.0367  0.0000  0.0000  0.0000  0.0000 -0.0063 -0.0027 -0.0000 -0.0000  0.0000  0.0000  0.8602  0.3753 -0.0000  0.0000 -0.0000  0.0000 -0.2172 -0.0948 -0.0000 -0.0000 -0.0000 -0.0000 -0.2141 -0.0934  0.0000  0.0000
   13  16.9543 THz   0.0137  0.0000  0.0000 -0.0000  0.0087 -0.0000  0.0072  0.0000  0.0000 -0.0000  0.0079  0.0000  0.1196  0.0000 -0.0000  0.0000  0.1189  0.0000  0.0705  0.0000  0.0000 -0.0000 -0.6921 -0.0000 -0.6950  0.0000  0.0000 -0.0000  0.0651 -0.0000
   14  24.1906 THz  -0.1412  0.0000 -0.0000 -0.0000  0.1424 -0.0000 -0.0286 -0.0000 -0.0000 -0.0000  0.0288  0.0000 -0.0161  0.0000 -0.0000  0.0000  0.0166  0.0000  0.0144  0.0000 -0.0000 -0.0000 -0.6936 -0.0000  0.6901 -0.0000  0.0000 -0.0000 -0.0130  0.0000


 Q= -0.042919 -0.064379 -0.085839, q= -0.166667 -0.250000 -0.333333

                       Ti X   0        Ti Y   0        Ti Z   0        Pb X   1        Pb Y   1        Pb Z   1         O X   2         O Y   2         O Z   2         O X   3         O Y   3         O Z   3         O X   4         O Y   4         O Z   4     
                    --------------- --------------- --------------- --------------- --------------- --------------- --------------- --------------- --------------- --------------- --------------- --------------- --------------- --------------- ---------------
    0   1.5726 THz   0.1094  0.0000  0.0653 -0.0000 -0.1000 -0.0000  0.7379  0.0000  0.3162 -0.0000 -0.5699  0.0000 -0.0267  0.0000 -0.0001 -0.0000  0.0330 -0.0000 -0.0269  0.0000 -0.0086  0.0000  0.0036 -0.0000  0.0038  0.0000 -0.0276 -0.0000  0.0319  0.0000
    1   1.6966 THz  -0.0219  0.0000  0.1320 -0.0000 -0.0393  0.0000 -0.6224 -0.0000  0.6313 -0.0000 -0.4346  0.0000  0.0097  0.0000 -0.0029  0.0000  0.0144 -0.0000  0.0288 -0.0000 -0.0485  0.0000  0.0025 -0.0000  0.0025  0.0000 -0.0372 -0.0000  0.0291  0.0000
    2   2.0259 THz  -0.1799  0.0000 -0.1093 -0.0000 -0.0858 -0.0000  0.2328  0.0000  0.6863 -0.0000  0.6496  0.0000  0.0113 -0.0000 -0.0052  0.0000 -0.0048  0.0000  0.0069 -0.0000 -0.0148  0.0000 -0.0005  0.0000 -0.0130 -0.0000  0.0138  0.0000  0.0189  0.0000
    3   5.5011 THz   0.0126  0.0000 -0.1230  0.0000  0.1668 -0.0000  0.0066 -0.0000 -0.0267  0.0000  0.0197 -0.0000  0.0596 -0.0000 -0.1422  0.0000  0.6577 -0.0000 -0.0565  0.0000 -0.6465  0.0000  0.1126 -0.0000  0.0072  0.0000 -0.2116 -0.0000  0.1439  0.0000
    4   6.2658 THz   0.3503  0.0000 -0.2164 -0.0000 -0.1139 -0.0000 -0.0094  0.0000  0.0252 -0.0000  0.0308 -0.0000  0.5678  0.0000 -0.1125 -0.0000 -0.1300 -0.0000  0.2869 -0.0000  0.0593 -0.0000 -0.0444  0.0000  0.2329  0.0000 -0.5277 -0.0000 -0.2083 -0.0000
    5   6.7248 THz  -0.0615  0.0000 -0.0827 -0.0000  0.1673  0.0000 -0.0109 -0.0000 -0.0025  0.0000 -0.0098  0.0000  0.1680  0.0000 -0.0559 -0.0000 -0.2015 -0.0000 -0.5208  0.0000  0.2032 -0.0000  0.0791 -0.0000 -0.0627 -0.0000 -0.3573 -0.0000  0.6625  0.0000
    6   7.0106 THz   0.8872  0.0000 -0.0600  0.0000  0.0161  0.0000 -0.0622 -0.0000  0.1003  0.0000  0.1481 -0.0000 -0.1651 -0.0000  0.0956 -0.0000  0.0318  0.0000 -0.1155  0.0000 -0.0004  0.0000  0.0682 -0.0000  0.0219  0.0000  0.2854  0.0000  0.1892  0.0000
    7   9.0425 THz  -0.0308  0.0000 -0.8209  0.0000 -0.0522  0.0000 -0.0586  0.0000  0.0182  0.0000 -0.1422  0.0000 -0.4652  0.0000 -0.0903  0.0000 -0.1228  0.0000  0.0033 -0.0000  0.0002 -0.0000 -0.0622  0.0000 -0.1488 -0.0000 -0.1469 -0.0000 -0.1056 -0.0000
    8  10.3779 THz  -0.0020  0.0000 -0.0888  0.0000 -0.5285  0.0000 -0.0551  0.0000 -0.0418  0.0000 -0.0183  0.0000  0.2786 -0.0000 -0.0124  0.0000  0.0152 -0.0000 -0.6729  0.0000 -0.1595  0.0000 -0.0782  0.0000 -0.0761 -0.0000  0.1668  0.0000 -0.3342 -0.0000
    9  10.4287 THz   0.1175  0.0000  0.3758  0.0000 -0.3622  0.0000 -0.0263  0.0000 -0.0404 -0.0000  0.1296  0.0000 -0.4866 -0.0000 -0.0309  0.0000  0.2077 -0.0000 -0.0875  0.0000  0.1975 -0.0000  0.0726 -0.0000 -0.0894 -0.0000 -0.5814 -0.0000 -0.1255 -0.0000
   10  10.9068 THz  -0.0211  0.0000  0.1057  0.0000 -0.5007 -0.0000 -0.0067  0.0000 -0.1016 -0.0000  0.0269  0.0000 -0.0972 -0.0000 -0.0841 -0.0000 -0.4467 -0.0000  0.2671 -0.0000 -0.5295  0.0000 -0.0191  0.0000  0.0098  0.0000  0.0056  0.0000  0.3979  0.0000
   11  13.9276 THz   0.0812  0.0000  0.1864  0.0000  0.4731  0.0000  0.0476 -0.0000  0.0658  0.0000  0.0398  0.0000 -0.1629 -0.0000  0.0842 -0.0000 -0.4902  0.0000 -0.2624  0.0000 -0.4219  0.0000  0.0861 -0.0000  0.0481  0.0000 -0.2160 -0.0000 -0.3867 -0.0000
   12  16.2702 THz  -0.0686  0.0000 -0.0006  0.0000 -0.0058  0.0000 -0.0084  0.0000  0.0013  0.0000  0.0009  0.0000 -0.2250 -0.0000 -0.2828  0.0000  0.0353 -0.0000 -0.1660  0.0000  0.0415 -0.0000 -0.2582  0.0000  0.8721  0.0000  0.0686  0.0000  0.0460  0.0000
   13  16.8018 THz   0.0119  0.0000  0.0366  0.0000  0.0030 -0.0000  0.0013  0.0000  0.0083  0.0000 -0.0052 -0.0000  0.0107  0.0000 -0.7418 -0.0000 -0.0886  0.0000  0.0100 -0.0000  0.0989 -0.0000  0.6246 -0.0000 -0.0585 -0.0000  0.1624  0.0000 -0.1023 -0.0000
   14  24.3648 THz  -0.1210  0.0000 -0.1537 -0.0000 -0.1560 -0.0000 -0.0147 -0.0000 -0.0236 -0.0000 -0.0367 -0.0000 -0.0112  0.0000  0.5488 -0.0000  0.0148  0.0000  0.0010 -0.0000  0.0112 -0.0000  0.7033 -0.0000  0.3726  0.0000 -0.0135 -0.0000  0.0031  0.0000


 Q= -0.042919  0.064379 -0.085839, q= -0.166667  0.250000 -0.333333

                       Ti X   0        Ti Y   0        Ti Z   0        Pb X   1        Pb Y   1        Pb Z   1         O X   2         O Y   2         O Z   2         O X   3         O Y   3         O Z   3         O X   4         O Y   4         O Z   4     
                    --------------- --------------- --------------- --------------- --------------- --------------- --------------- --------------- --------------- --------------- --------------- --------------- --------------- --------------- ---------------
    0   1.5726 THz   0.1094  0.0000 -0.0653  0.0000 -0.1000  0.0000  0.7379  0.0000 -0.3162  0.0000 -0.5699  0.0000 -0.0267 -0.0000  0.0001  0.0000  0.0330  0.0000 -0.0269  0.0000  0.0086 -0.0000  0.0036 -0.0000  0.0038  0.0000  0.0276  0.0000  0.0319  0.0000
    1   1.6966 THz   0.0219  0.0000  0.1320 -0.0000  0.0393 -0.0000  0.6224 -0.0000  0.6313 -0.0000  0.4346 -0.0000 -0.0097  0.0000 -0.0029  0.0000 -0.0144  0.0000 -0.0288  0.0000 -0.0485  0.0000 -0.0025  0.0000 -0.0025 -0.0000 -0.0372 -0.0000 -0.0291 -0.0000
    2   2.0259 THz  -0.1799  0.0000  0.1093  0.0000 -0.0858 -0.0000  0.2328  0.0000 -0.6863 -0.0000  0.6496 -0.0000  0.0113 -0.0000  0.0052  0.0000 -0.0048  0.0000  0.0069 -0.0000  0.0148 -0.0000 -0.0005  0.0000 -0.0130 -0.0000 -0.0138 -0.0000  0.0189  0.0000
    3   5.5011 THz   0.0126  0.0000  0.1230  0.0000  0.1668  0.0000  0.0066  0.0000  0.0267  0.0000  0.0197  0.0000  0.0596  0.0000  0.1422  0.0000  0.6577  0.0000 -0.0565  0.0000  0.6465 -0.0000  0.1126 -0.0000  0.0072  0.0000  0.2116  0.0000  0.1439  0.0000
    4   6.2658 THz  -0.3503  0.0000 -0.2164  0.0000  0.1139 -0.0000  0.0094  0.0000  0.0252  0.0000 -0.0308 -0.0000 -0.5678 -0.0000 -0.1125  0.0000  0.1300  0.0000 -0.2869  0.0000  0.0593 -0.0000  0.0444 -0.0000 -0.2329 -0.0000 -0.5277 -0.0000  0.2083  0.0000
    5   6.7248 THz  -0.0615  0.0000  0.0827 -0.0000  0.1673 -0.0000 -0.0109  0.0000  0.0025  0.0000 -0.0098 -0.0000  0.1680 -0.0000  0.0559 -0.0000 -0.2015  0.0000 -0.5208  0.0000 -0.2032  0.0000  0.0791 -0.0000 -0.0627 -0.0000  0.3573  0.0000  0.6625  0.0000
    6   7.0106 THz   0.8872  0.0000  0.0600 -0.0000  0.0161 -0.0000 -0.0622  0.0000 -0.1003 -0.0000  0.1481 -0.0000 -0.1651 -0.0000 -0.0956 -0.0000  0.0318  0.0000 -0.1155  0.0000  0.0004 -0.0000  0.0682 -0.0000  0.0219  0.0000 -0.2854 -0.0000  0.1892  0.0000
    7   9.0425 THz   0.0308  0.0000 -0.8209  0.0000  0.0522  0.0000  0.0586 -0.0000  0.0182 -0.0000  0.1422 -0.0000  0.4652 -0.0000 -0.0903  0.0000  0.1228 -0.0000 -0.0033  0.0000  0.0002 -0.0000  0.0622 -0.0000  0.1488  0.0000 -0.1469 -0.0000  0.1056  0.0000
    8  10.3779 THz  -0.0020  0.0000  0.0888  0.0000 -0.5285 -0.0000 -0.0551 -0.0000  0.0418  0.0000 -0.0183 -0.0000  0.2786  0.0000  0.0124  0.0000  0.0152  0.0000 -0.6729  0.0000  0.1595 -0.0000 -0.0782  0.0000 -0.0761 -0.0000 -0.1668 -0.0000 -0.3342 -0.0000
    9  10.4287 THz  -0.1175  0.0000  0.3758 -0.0000  0.3622  0.0000  0.0263  0.0000 -0.0404 -0.0000 -0.1296 -0.0000  0.4866  0.0000 -0.0309 -0.0000 -0.2077 -0.0000  0.0875 -0.0000  0.1975 -0.0000 -0.0726  0.0000  0.0894  0.0000 -0.5814 -0.0000  0.1255  0.0000
   10  10.9068 THz  -0.0211  0.0000 -0.1057  0.0000 -0.5007  0.0000 -0.0067  0.0000  0.1016 -0.0000  0.0269 -0.0000 -0.0972  0.0000  0.0841 -0.0000 -0.4467  0.0000  0.2671 -0.0000  0.5295 -0.0000 -0.0191  0.0000  0.0098  0.0000 -0.0056 -0.0000  0.3979  0.0000
   11  13.9276 THz   0.0812  0.0000 -0.1864  0.0000  0.4731 -0.0000  0.0476 -0.0000 -0.0658  0.0000  0.0398 -0.0000 -0.1629 -0.0000 -0.0842 -0.0000 -0.4902  0.0000 -0.2624  0.0000  0.4219 -0.0000  0.0861 -0.0000  0.0481  0.0000  0.2160  0.0000 -0.3867 -0.0000
   12  16.2702 THz  -0.0686  0.0000  0.0006 -0.0000 -0.0058  0.0000 -0.0084 -0.0000 -0.0013 -0.0000  0.0009 -0.0000 -0.2250 -0.0000  0.2828  0.0000  0.0353  0.0000 -0.1660  0.0000 -0.0415  0.0000 -0.2582  0.0000  0.8721  0.0000 -0.0686 -0.0000  0.0460  0.0000
   13  16.8018 THz  -0.0119  0.0000  0.0366  0.0000 -0.0030  0.0000 -0.0013  0.0000  0.0083  0.0000  0.0052  0.0000 -0.0107  0.0000 -0.7418 -0.0000  0.0886  0.0000 -0.0100  0.0000  0.0989 -0.0000 -0.6246  0.0000  0.0585  0.0000  0.1624  0.0000  0.1023  0.0000
   14  24.3648 THz  -0.1210  0.0000  0.1537 -0.0000 -0.1560 -0.0000 -0.0147 -0.0000  0.0236  0.0000 -0.0367 -0.0000 -0.0112 -0.0000 -0.5488 -0.0000  0.0148  0.0000  0.0010 -0.0000 -0.0112  0.0000  0.7033 -0.0000  0.3726  0.0000  0.0135  0.0000  0.0031  0.0000


 Q=  0.000000 -0.128758  0.000000, q=  0.000000 -0.500000  0.000000

                       Ti X   0        Ti Y   0        Ti Z   0        Pb X   1        Pb Y   1        Pb Z   1         O X   2         O Y   2         O Z   2         O X   3         O Y   3         O Z   3         O X   4         O Y   4         O Z   4     
                    --------------- --------------- --------------- --------------- --------------- --------------- --------------- --------------- --------------- --------------- --------------- --------------- --------------- --------------- ---------------
    0   1.6237 THz  -0.0000  0.0000 -0.0000 -0.0000  0.0000 -0.0000 -0.9252  0.1397 -0.0000 -0.0000 -0.3453  0.0521  0.0469 -0.0071 -0.0000 -0.0000  0.0171 -0.0026 -0.0000  0.0000  0.0000 -0.0000 -0.0000  0.0000 -0.0000  0.0000 -0.0000 -0.0000 -0.0000  0.0000
    1   1.7097 THz  -0.0000  0.0000  0.0000  0.0000  0.0000  0.0000 -0.2976 -0.1841  0.0000  0.0000  0.7958  0.4923  0.0026  0.0016 -0.0000  0.0000 -0.0366 -0.0226 -0.0000 -0.0000 -0.0000  0.0000  0.0000  0.0000 -0.0000 -0.0000 -0.0000 -0.0000  0.0000 -0.0000
    2   3.6737 THz   0.7834  0.0000  0.0000  0.0000 -0.6144  0.0000 -0.0000 -0.0000 -0.0000 -0.0000  0.0000  0.0000  0.0000  0.0000 -0.0000 -0.0000  0.0000  0.0000 -0.0242  0.0000  0.0000  0.0000 -0.0468  0.0000  0.0722  0.0000  0.0000  0.0000  0.0283 -0.0000
    3   3.7819 THz  -0.0000  0.0000  0.0000  0.0000 -0.0000 -0.0000 -0.0000 -0.0000 -0.8952 -0.4418 -0.0000  0.0000 -0.0000  0.0000 -0.0518 -0.0255 -0.0000  0.0000  0.0000 -0.0000  0.0000 -0.0000 -0.0000 -0.0000 -0.0000 -0.0000 -0.0000  0.0000  0.0000  0.0000
    4   3.7988 THz  -0.6135  0.0000 -0.0000  0.0000 -0.7840  0.0000 -0.0000 -0.0000  0.0000  0.0000  0.0000 -0.0000  0.0000 -0.0000  0.0000  0.0000  0.0000  0.0000  0.0059  0.0000 -0.0000  0.0000 -0.0715  0.0000 -0.0608  0.0000 -0.0000 -0.0000  0.0053 -0.0000
    5   6.7052 THz   0.0138  0.0000  0.0000 -0.0000  0.0109 -0.0000  0.0000  0.0000 -0.0000 -0.0000  0.0000  0.0000 -0.0000 -0.0000  0.0000  0.0000 -0.0000  0.0000  0.2527 -0.0000 -0.0000  0.0000 -0.3854  0.0000  0.1210 -0.0000  0.0000 -0.0000 -0.8790  0.0000
    6   7.0646 THz  -0.0228  0.0000  0.0000  0.0000 -0.0139 -0.0000 -0.0000  0.0000 -0.0000  0.0000  0.0000  0.0000  0.0000 -0.0000 -0.0000 -0.0000  0.0000 -0.0000  0.8768 -0.0000  0.0000  0.0000  0.1069  0.0000  0.3903 -0.0000  0.0000  0.0000  0.2584  0.0000
    7   8.9867 THz  -0.0000  0.0000  0.1882  0.1089 -0.0000  0.0000  0.0000 -0.0000 -0.0000 -0.0000  0.0000  0.0000  0.0000  0.0000  0.0000 -0.0000  0.0000  0.0000 -0.0000 -0.0000 -0.4188 -0.2424  0.0000 -0.0000 -0.0000 -0.0000  0.7337  0.4247 -0.0000  0.0000
    8   9.1313 THz   0.0000  0.0000 -0.6234 -0.0253 -0.0000  0.0000  0.0000  0.0000 -0.0000 -0.0000  0.0000  0.0000  0.0000  0.0000 -0.0000  0.0000  0.0000 -0.0000  0.0000 -0.0000 -0.7362 -0.0298  0.0000  0.0000 -0.0000 -0.0000 -0.2603 -0.0106  0.0000 -0.0000
    9   9.2570 THz   0.0000  0.0000  0.0000 -0.0000  0.0000 -0.0000  0.0073 -0.0033 -0.0000 -0.0000  0.0437 -0.0196  0.1385 -0.0621  0.0000 -0.0000  0.9008 -0.4038 -0.0000  0.0000  0.0000 -0.0000 -0.0000  0.0000 -0.0000 -0.0000  0.0000  0.0000 -0.0000  0.0000
   10   9.3970 THz  -0.0000  0.0000  0.0000 -0.0000 -0.0000  0.0000  0.0097  0.0437  0.0000 -0.0000  0.0014  0.0064  0.2140  0.9638 -0.0000 -0.0000 -0.0330 -0.1489  0.0000 -0.0000  0.0000 -0.0000  0.0000 -0.0000  0.0000  0.0000  0.0000 -0.0000 -0.0000 -0.0000
   11  15.2042 THz  -0.0000  0.0000  0.7504  0.0189 -0.0000  0.0000 -0.0000  0.0000  0.0000  0.0000 -0.0000  0.0000 -0.0000 -0.0000 -0.0000 -0.0000 -0.0000 -0.0000 -0.0000 -0.0000 -0.4721 -0.0119 -0.0000 -0.0000  0.0000  0.0000 -0.4620 -0.0117  0.0000  0.0000
   12  15.9509 THz   0.0638  0.0000  0.0000 -0.0000 -0.0658  0.0000 -0.0000 -0.0000  0.0000 -0.0000 -0.0000  0.0000  0.0000  0.0000 -0.0000  0.0000 -0.0000  0.0000  0.2729  0.0000 -0.0000  0.0000  0.6836  0.0000 -0.5981 -0.0000 -0.0000  0.0000 -0.3034 -0.0000
   13  16.1140 THz  -0.0711  0.0000 -0.0000 -0.0000 -0.0565 -0.0000 -0.0000  0.0000  0.0000 -0.0000  0.0000  0.0000 -0.0000 -0.0000 -0.0000  0.0000 -0.0000  0.0000 -0.3037  0.0000  0.0000  0.0000  0.6045  0.0000  0.6829 -0.0000  0.0000  0.0000 -0.2602 -0.0000
   14  22.9475 THz  -0.0000  0.0000  0.0000  0.0000  0.0000  0.0000  0.0000  0.0000 -0.0064 -0.0574  0.0000  0.0000 -0.0000 -0.0000  0.1111  0.9921  0.0000 -0.0000  0.0000  0.0000  0.0000 -0.0000 -0.0000  0.0000  0.0000  0.0000 -0.0000 -0.0000  0.0000 -0.0000


 Q=  0.000000  0.000000  0.000000, q=  0.000000  0.000000  0.000000

                       Ti X   0        Ti Y   0        Ti Z   0        Pb X   1        Pb Y   1        Pb Z   1         O X   2         O Y   2         O Z   2         O X   3         O Y   3         O Z   3         O X   4         O Y   4         O Z   4     
                    --------------- --------------- --------------- --------------- --------------- --------------- --------------- --------------- --------------- --------------- --------------- --------------- --------------- --------------- ---------------
    0   0.0000 THz  -0.1023  0.0000  0.0404  0.0000 -0.3819  0.0000 -0.2129  0.0000  0.0840  0.0000 -0.7945  0.0000 -0.0592  0.0000  0.0233  0.0000 -0.2208  0.0000 -0.0592  0.0000  0.0233  0.0000 -0.2208  0.0000 -0.0592  0.0000  0.0233  0.0000 -0.2208  0.0000
    1  -0.0000 THz   0.3836  0.0000 -0.0069  0.0000 -0.1035  0.0000  0.7982  0.0000 -0.0143  0.0000 -0.2154  0.0000  0.2218  0.0000 -0.0040  0.0000 -0.0599  0.0000  0.2218  0.0000 -0.0040  0.0000 -0.0599  0.0000  0.2218  0.0000 -0.0040  0.0000 -0.0599  0.0000
    2  -0.0000 THz  -0.0171  0.0000 -0.3953  0.0000 -0.0372  0.0000 -0.0356  0.0000 -0.8225  0.0000 -0.0774  0.0000 -0.0099  0.0000 -0.2285  0.0000 -0.0215  0.0000 -0.0099  0.0000 -0.2285  0.0000 -0.0215  0.0000 -0.0099  0.0000 -0.2285  0.0000 -0.0215  0.0000
    3  -2.3946 THz   0.0000  0.0000  0.2085  0.0000  0.0000  0.0000  0.0000  0.0000  0.3371  0.0000  0.0000  0.0000 -0.0000  0.0000 -0.4175  0.0000 -0.0000  0.0000 -0.0000  0.0000 -0.5750  0.0000 -0.0000  0.0000 -0.0000  0.0000 -0.5813  0.0000 -0.0000  0.0000
    4  -2.4274 THz   0.0032  0.0000  0.0000  0.0000 -0.1708  0.0000 -0.0440  0.0000  0.0000  0.0000 -0.3535  0.0000  0.0739  0.0000 -0.0000  0.0000  0.5822  0.0000  0.0387  0.0000 -0.0000  0.0000  0.4186  0.0000  0.0401  0.0000 -0.0000  0.0000  0.5667  0.0000
    5  -2.4784 THz   0.1534  0.0000 -0.0000  0.0000 -0.0445  0.0000  0.3618  0.0000 -0.0000  0.0000 -0.0213  0.0000 -0.5766  0.0000  0.0000  0.0000  0.0602  0.0000 -0.5728  0.0000  0.0000  0.0000  0.0415  0.0000 -0.4178  0.0000  0.0000  0.0000  0.0519  0.0000
    6   4.1798 THz   0.6517  0.0000 -0.0000  0.0000 -0.6127  0.0000 -0.3189  0.0000  0.0000  0.0000  0.3045  0.0000 -0.0227  0.0000 -0.0000  0.0000  0.0140  0.0000 -0.0059  0.0000 -0.0000  0.0000 -0.0479  0.0000  0.0490  0.0000  0.0000  0.0000 -0.0022  0.0000
    7   4.2494 THz  -0.0000  0.0000 -0.8898  0.0000  0.0000  0.0000  0.0000  0.0000  0.4498  0.0000 -0.0000  0.0000 -0.0000  0.0000 -0.0758  0.0000 -0.0000  0.0000  0.0000  0.0000 -0.0113  0.0000  0.0000  0.0000 -0.0000  0.0000  0.0072  0.0000 -0.0000  0.0000
    8   4.3466 THz  -0.6211  0.0000  0.0000  0.0000 -0.6543  0.0000  0.2854  0.0000 -0.0000  0.0000  0.3128  0.0000  0.0556  0.0000  0.0000  0.0000  0.0339  0.0000  0.0178  0.0000 -0.0000  0.0000 -0.0379  0.0000 -0.0260  0.0000  0.0000  0.0000  0.0100  0.0000
    9   7.9022 THz   0.0114  0.0000  0.0000  0.0000  0.0247  0.0000 -0.0063  0.0000 -0.0000  0.0000 -0.0027  0.0000  0.2794  0.0000 -0.0000  0.0000  0.6383  0.0000 -0.2808  0.0000 -0.0000  0.0000 -0.0119  0.0000  0.0044  0.0000  0.0000  0.0000 -0.6594  0.0000
   10   7.9303 THz   0.0000  0.0000 -0.0128  0.0000  0.0000  0.0000 -0.0000  0.0000  0.0043  0.0000  0.0000  0.0000  0.0000  0.0000  0.0037  0.0000  0.0000  0.0000 -0.0000  0.0000  0.7085  0.0000 -0.0000  0.0000  0.0000  0.0000 -0.7055  0.0000 -0.0000  0.0000
   11   8.2301 THz   0.0226  0.0000 -0.0000  0.0000  0.0054  0.0000 -0.0073  0.0000 -0.0000  0.0000  0.0056  0.0000  0.6470  0.0000 -0.0000  0.0000 -0.2903  0.0000 -0.6504  0.0000 -0.0000  0.0000 -0.0101  0.0000 -0.0095  0.0000  0.0000  0.0000  0.2708  0.0000
   12  16.5593 THz  -0.0536  0.0000  0.0000  0.0000  0.0654  0.0000 -0.0089  0.0000 -0.0000  0.0000  0.0121  0.0000 -0.2080  0.0000 -0.0000  0.0000  0.2601  0.0000 -0.2088  0.0000  0.0000  0.0000 -0.6871  0.0000  0.5413  0.0000  0.0000  0.0000  0.2703  0.0000
   13  16.6027 THz   0.0000  0.0000  0.0818  0.0000 -0.0000  0.0000 -0.0000  0.0000  0.0173  0.0000  0.0000  0.0000  0.0000  0.0000 -0.8758  0.0000 -0.0000  0.0000  0.0000  0.0000  0.3383  0.0000  0.0000  0.0000 -0.0000  0.0000  0.3338  0.0000 -0.0000  0.0000
   14  16.7312 THz   0.0672  0.0000  0.0000  0.0000  0.0496  0.0000  0.0134  0.0000 -0.0000  0.0000  0.0116  0.0000  0.2564  0.0000 -0.0000  0.0000  0.2095  0.0000  0.2681  0.0000  0.0000  0.0000 -0.5424  0.0000 -0.6891  0.0000  0.0000  0.0000  0.2053  0.0000


 Q=  0.042919 -0.064379  0.085839, q=  0.166667 -0.250000  0.333333

                       Ti X   0        Ti Y   0        Ti Z   0        Pb X   1        Pb Y   1        Pb Z   1         O X   2         O Y   2         O Z   2         O X   3         O Y   3         O Z   3         O X   4         O Y   4         O Z   4     
                    --------------- --------------- --------------- --------------- --------------- --------------- --------------- --------------- --------------- --------------- --------------- --------------- --------------- --------------- ---------------
    0   1.5726 THz   0.1094  0.0000 -0.0653 -0.0000 -0.1000 -0.0000  0.7379 -0.0000 -0.3162 -0.0000 -0.5699 -0.0000 -0.0267  0.0000  0.0001 -0.0000  0.0330 -0.0000 -0.0269 -0.0000  0.0086  0.0000  0.0036  0.0000  0.0038 -0.0000  0.0276 -0.0000  0.0319 -0.0000
    1   1.6966 THz   0.0219  0.0000  0.1320  0.0000  0.0393  0.0000  0.6224  0.0000  0.6313  0.0000  0.4346  0.0000 -0.0097 -0.0000 -0.0029 -0.0000 -0.0144 -0.0000 -0.0288 -0.0000 -0.0485 -0.0000 -0.0025 -0.0000 -0.0025  0.0000 -0.0372  0.0000 -0.0291  0.0000
    2   2.0259 THz  -0.1799  0.0000  0.1093 -0.0000 -0.0858  0.0000  0.2328 -0.0000 -0.6863  0.0000  0.6496  0.0000  0.0113  0.0000  0.0052 -0.0000 -0.0048 -0.0000  0.0069  0.0000  0.0148  0.0000 -0.0005 -0.0000 -0.0130  0.0000 -0.0138  0.0000  0.0189 -0.0000
    3   5.5011 THz   0.0126  0.0000  0.1230 -0.0000  0.1668 -0.0000  0.0066 -0.0000  0.0267 -0.0000  0.0197 -0.0000  0.0596 -0.0000  0.1422 -0.0000  0.6577 -0.0000 -0.0565 -0.0000  0.6465  0.0000  0.1126  0.0000  0.0072 -0.0000  0.2116 -0.0000  0.1439 -0.0000
    4   6.2658 THz  -0.3503  0.0000 -0.2164 -0.0000  0.1139  0.0000  0.0094 -0.0000  0.0252 -0.0000 -0.0308  0.0000 -0.5678  0.0000 -0.1125 -0.0000  0.1300 -0.0000 -0.2869 -0.0000  0.0593  0.0000  0.0444  0.0000 -0.2329  0.0000 -0.5277  0.0000  0.2083 -0.0000
    5   6.7248 THz  -0.0615  0.0000  0.0827  0.0000  0.1673  0.0000 -0.0109 -0.0000  0.0025 -0.0000 -0.0098  0.0000  0.1680  0.0000  0.0559  0.0000 -0.2015 -0.0000 -0.5208 -0.0000 -0.2032 -0.0000  0.0791  0.0000 -0.0627  0.0000  0.3573 -0.0000  0.6625 -0.0000
    6   7.0106 THz   0.8872  0.0000  0.0600  0.0000  0.0161  0.0000 -0.0622 -0.0000 -0.1003  0.0000  0.1481  0.0000 -0.1651  0.0000 -0.0956  0.0000  0.0318 -0.0000 -0.1155 -0.0000  0.0004  0.0000  0.0682  0.0000  0.0219 -0.0000 -0.2854  0.0000  0.1892 -0.0000
    7   9.0425 THz   0.0308  0.0000 -0.8209 -0.0000  0.0522 -0.0000  0.0586  0.0000  0.0182  0.0000  0.1422  0.0000  0.4652  0.0000 -0.0903 -0.0000  0.1228  0.0000 -0.0033 -0.0000  0.0002  0.0000  0.0622  0.0000  0.1488 -0.0000 -0.1469  0.0000  0.1056 -0.0000
    8  10.3779 THz  -0.0020  0.0000  0.0888 -0.0000 -0.5285  0.0000 -0.0551  0.0000  0.0418 -0.0000 -0.0183  0.0000  0.2786 -0.0000  0.0124 -0.0000  0.0152 -0.0000 -0.6729 -0.0000  0.1595  0.0000 -0.0782 -0.0000 -0.0761  0.0000 -0.1668  0.0000 -0.3342  0.0000
    9  10.4287 THz  -0.1175  0.0000  0.3758  0.0000  0.3622 -0.0000  0.0263 -0.0000 -0.0404  0.0000 -0.1296  0.0000  0.4866 -0.0000 -0.0309  0.0000 -0.2077  0.0000  0.0875  0.0000  0.1975  0.0000 -0.0726 -0.0000  0.0894 -0.0000 -0.5814  0.0000  0.1255 -0.0000
   10  10.9068 THz  -0.0211  0.0000 -0.1057 -0.0000 -0.5007 -0.0000 -0.0067 -0.0000  0.1016  0.0000  0.0269  0.0000 -0.0972 -0.0000  0.0841  0.0000 -0.4467 -0.0000  0.2671  0.0000  0.5295  0.0000 -0.0191 -0.0000  0.0098 -0.0000 -0.0056  0.0000  0.3979 -0.0000
   11  13.9276 THz   0.0812  0.0000 -0.1864 -0.0000  0.4731  0.0000  0.0476  0.0000 -0.0658 -0.0000  0.0398  0.0000 -0.1629  0.0000 -0.0842  0.0000 -0.4902 -0.0000 -0.2624 -0.0000  0.4219  0.0000  0.0861  0.0000  0.0481 -0.0000  0.2160 -0.0000 -0.3867  0.0000
   12  16.2702 THz  -0.0686  0.0000  0.0006  0.0000 -0.0058 -0.0000 -0.0084  0.0000 -0.0013  0.0000  0.0009  0.0000 -0.2250  0.0000  0.2828 -0.0000  0.0353 -0.0000 -0.1660 -0.0000 -0.0415 -0.0000 -0.2582 -0.0000  0.8721 -0.0000 -0.0686  0.0000  0.0460 -0.0000
   13  16.8018 THz  -0.0119  0.0000  0.0366 -0.0000 -0.0030 -0.0000 -0.0013 -0.0000  0.0083 -0.0000  0.0052 -0.0000 -0.0107 -0.0000 -0.7418  0.0000  0.0886 -0.0000 -0.0100 -0.0000  0.0989  0.0000 -0.6246 -0.0000  0.0585 -0.0000  0.1624 -0.0000  0.1023 -0.0000
   14  24.3648 THz  -0.1210  0.0000  0.1537  0.0000 -0.1560  0.0000 -0.0147  0.0000  0.0236 -0.0000 -0.0367  0.0000 -0.0112  0.0000 -0.5488  0.0000  0.0148 -0.0000  0.0010  0.0000 -0.0112 -0.0000  0.7033  0.0000  0.3726 -0.0000  0.0135 -0.0000  0.0031 -0.0000


 Q=  0.042919  0.064379  0.085839, q=  0.166667  0.250000  0.333333

                       Ti X   0        Ti Y   0        Ti Z   0        Pb X   1        Pb Y   1        Pb Z   1         O X   2         O Y   2         O Z   2         O X   3         O Y   3         O Z   3         O X   4         O Y   4         O Z   4     
                    --------------- --------------- --------------- --------------- --------------- --------------- --------------- --------------- --------------- --------------- --------------- --------------- --------------- --------------- ---------------
    0   1.5726 THz   0.1094  0.0000  0.0653  0.0000 -0.1000  0.0000  0.7379 -0.0000  0.3162  0.0000 -0.5699 -0.0000 -0.0267 -0.0000 -0.0001  0.0000  0.0330  0.0000 -0.0269 -0.0000 -0.0086 -0.0000  0.0036  0.0000  0.0038 -0.0000 -0.0276  0.0000  0.0319 -0.0000
    1   1.6966 THz  -0.0219  0.0000  0.1320  0.0000 -0.0393 -0.0000 -0.6224  0.0000  0.6313  0.0000 -0.4346 -0.0000  0.0097 -0.0000 -0.0029 -0.0000  0.0144  0.0000  0.0288  0.0000 -0.0485 -0.0000  0.0025  0.0000  0.0025 -0.0000 -0.0372  0.0000  0.0291 -0.0000
    2   2.0259 THz  -0.1799  0.0000 -0.1093  0.0000 -0.0858  0.0000  0.2328 -0.0000  0.6863  0.0000  0.6496 -0.0000  0.0113  0.0000 -0.0052 -0.0000 -0.0048 -0.0000  0.0069  0.0000 -0.0148 -0.0000 -0.0005 -0.0000 -0.0130  0.0000  0.0138 -0.0000  0.0189 -0.0000
    3   5.5011 THz   0.0126  0.0000 -0.1230 -0.0000  0.1668  0.0000  0.0066  0.0000 -0.0267 -0.0000  0.0197  0.0000  0.0596  0.0000 -0.1422 -0.0000  0.6577  0.0000 -0.0565 -0.0000 -0.6465 -0.0000  0.1126  0.0000  0.0072 -0.0000 -0.2116  0.0000  0.1439 -0.0000
    4   6.2658 THz   0.3503  0.0000 -0.2164  0.0000 -0.1139  0.0000 -0.0094 -0.0000  0.0252  0.0000  0.0308  0.0000  0.5678 -0.0000 -0.1125  0.0000 -0.1300  0.0000  0.2869  0.0000  0.0593  0.0000 -0.0444 -0.0000  0.2329 -0.0000 -0.5277  0.0000 -0.2083  0.0000
    5   6.7248 THz  -0.0615  0.0000 -0.0827  0.0000  0.1673 -0.0000 -0.0109  0.0000 -0.0025 -0.0000 -0.0098 -0.0000  0.1680 -0.0000 -0.0559  0.0000 -0.2015  0.0000 -0.5208 -0.0000  0.2032  0.0000  0.0791  0.0000 -0.0627  0.0000 -0.3573  0.0000  0.6625 -0.0000
    6   7.0106 THz   0.8872  0.0000 -0.0600 -0.0000  0.0161 -0.0000 -0.0622  0.0000  0.1003 -0.0000  0.1481  0.0000 -0.1651  0.0000  0.0956  0.0000  0.0318 -0.0000 -0.1155 -0.0000 -0.0004 -0.0000  0.0682  0.0000  0.0219 -0.0000  0.2854 -0.0000  0.1892 -0.0000
    7   9.0425 THz  -0.0308  0.0000 -0.8209 -0.0000 -0.0522 -0.0000 -0.0586 -0.0000  0.0182 -0.0000 -0.1422 -0.0000 -0.4652 -0.0000 -0.0903 -0.0000 -0.1228 -0.0000  0.0033  0.0000  0.0002  0.0000 -0.0622 -0.0000 -0.1488  0.0000 -0.1469  0.0000 -0.1056  0.0000
    8  10.3779 THz  -0.0020  0.0000 -0.0888 -0.0000 -0.5285 -0.0000 -0.0551 -0.0000 -0.0418 -0.0000 -0.0183 -0.0000  0.2786  0.0000 -0.0124 -0.0000  0.0152  0.0000 -0.6729 -0.0000 -0.1595 -0.0000 -0.0782 -0.0000 -0.0761  0.0000  0.1668 -0.0000 -0.3342  0.0000
    9  10.4287 THz   0.1175  0.0000  0.3758 -0.0000 -0.3622 -0.0000 -0.0263 -0.0000 -0.0404  0.0000  0.1296 -0.0000 -0.4866  0.0000 -0.0309 -0.0000  0.2077  0.0000 -0.0875 -0.0000  0.1975  0.0000  0.0726  0.0000 -0.0894  0.0000 -0.5814  0.0000 -0.1255  0.0000
   10  10.9068 THz  -0.0211  0.0000  0.1057 -0.0000 -0.5007  0.0000 -0.0067 -0.0000 -0.1016  0.0000  0.0269 -0.0000 -0.0972  0.0000 -0.0841  0.0000 -0.4467  0.0000  0.2671  0.0000 -0.5295 -0.0000 -0.0191 -0.0000  0.0098 -0.0000  0.0056 -0.0000  0.3979 -0.0000
   11  13.9276 THz   0.0812  0.0000  0.1864 -0.0000  0.4731 -0.0000  0.0476  0.0000  0.0658 -0.0000  0.0398 -0.0000 -0.1629  0.0000  0.0842  0.0000 -0.4902 -0.0000 -0.2624 -0.0000 -0.4219 -0.0000  0.0861  0.0000  0.0481 -0.0000 -0.2160  0.0000 -0.3867  0.0000
   12  16.2702 THz  -0.0686  0.0000 -0.0006 -0.0000 -0.0058 -0.0000 -0.0084 -0.0000  0.0013 -0.0000  0.0009 -0.0000 -0.2250  0.0000 -0.2828 -0.0000  0.0353  0.0000 -0.1660 -0.0000  0.0415  0.0000 -0.2582 -0.0000  0.8721 -0.0000  0.0686 -0.0000  0.0460 -0.0000
   13  16.8018 THz   0.0119  0.0000  0.0366 -0.0000  0.0030  0.0000  0.0013 -0.0000  0.0083 -0.0000 -0.0052  0.0000  0.0107 -0.0000 -0.7418  0.0000 -0.0886 -0.0000  0.0100  0.0000  0.0989  0.0000  0.6246  0.0000 -0.0585  0.0000  0.1624 -0.0000 -0.1023  0.0000
   14  24.3648 THz  -0.1210  0.0000 -0.1537  0.0000 -0.1560  0.0000 -0.0147  0.0000 -0.0236  0.0000 -0.0367  0.0000 -0.0112 -0.0000  0.5488  0.0000  0.0148 -0.0000  0.0010  0.0000  0.0112  0.0000  0.7033  0.0000  0.3726 -0.0000 -0.0135  0.0000  0.0031 -0.0000


 Q=  0.085839 -0.128758 -0.085839, q=  0.333333 -0.500000 -0.333333

                       Ti X   0        Ti Y   0        Ti Z   0        Pb X   1        Pb Y   1        Pb Z   1         O X   2         O Y   2         O Z   2         O X   3         O Y   3         O Z   3         O X   4         O Y   4         O Z   4     
                    --------------- --------------- --------------- --------------- --------------- --------------- --------------- --------------- --------------- --------------- --------------- --------------- --------------- --------------- ---------------
    0   1.8999 THz  -0.0000  0.0000 -0.0861 -0.0526  0.0000 -0.0000 -0.7471 -0.4566 -0.0000 -0.0000  0.3970  0.2426 -0.0106 -0.0065 -0.0000  0.0000 -0.0229 -0.0140  0.0000 -0.0000  0.0645  0.0395  0.0000 -0.0000  0.0000  0.0000  0.0065  0.0040 -0.0000 -0.0000
    1   2.0888 THz  -0.0000  0.0000  0.0365 -0.0027  0.0000 -0.0000 -0.4693  0.0342 -0.0000  0.0000 -0.8768  0.0639  0.0577 -0.0042 -0.0000  0.0000  0.0194 -0.0014  0.0000  0.0000  0.0252 -0.0018  0.0000  0.0000 -0.0000 -0.0000 -0.0057  0.0004 -0.0000  0.0000
    2   2.1183 THz  -0.1029  0.0000 -0.0000  0.0000  0.1045 -0.0000  0.0000  0.0000 -0.9875  0.0000  0.0000 -0.0000 -0.0000  0.0000  0.0024  0.0000 -0.0000  0.0000  0.0485 -0.0000 -0.0000 -0.0000  0.0042 -0.0000 -0.0030 -0.0000  0.0000  0.0000 -0.0318 -0.0000
    3   4.0996 THz  -0.0000  0.0000 -0.0001 -0.0056  0.0000  0.0000  0.0005  0.0333  0.0000  0.0000 -0.0007 -0.0459 -0.0083 -0.5193  0.0000 -0.0000 -0.0075 -0.4706 -0.0000 -0.0000  0.0073  0.4623  0.0000 -0.0000  0.0000 -0.0000 -0.0086 -0.5400 -0.0000 -0.0000
    4   4.4440 THz   0.0000  0.0000  0.1264 -0.0966 -0.0000  0.0000  0.0376 -0.0287  0.0000 -0.0000  0.0089 -0.0068  0.3499 -0.2674 -0.0000  0.0000 -0.4085  0.3121 -0.0000  0.0000  0.4229 -0.3232  0.0000 -0.0000 -0.0000 -0.0000  0.3818 -0.2917 -0.0000  0.0000
    5   5.2573 THz   0.1128  0.0000 -0.0000  0.0000  0.1103  0.0000 -0.0000 -0.0000  0.0101  0.0000 -0.0000  0.0000 -0.0000 -0.0000 -0.0008  0.0000 -0.0000 -0.0000  0.6744 -0.0000  0.0000  0.0000  0.0726 -0.0000  0.0715  0.0000 -0.0000 -0.0000  0.7140  0.0000
    6  10.7072 THz   0.8436  0.0000  0.0000 -0.0000  0.4899  0.0000  0.0000  0.0000 -0.0291  0.0000 -0.0000  0.0000 -0.0000 -0.0000 -0.0159  0.0000  0.0000 -0.0000  0.0075 -0.0000 -0.0000 -0.0000 -0.0468  0.0000  0.0103  0.0000  0.0000  0.0000 -0.2118 -0.0000
    7  10.8641 THz   0.3567  0.0000 -0.0000  0.0000 -0.7710 -0.0000  0.0000 -0.0000 -0.0901 -0.0000 -0.0000  0.0000  0.0000  0.0000 -0.0584 -0.0000  0.0000  0.0000  0.3940 -0.0000  0.0000  0.0000 -0.0763  0.0000  0.0974  0.0000 -0.0000 -0.0000 -0.3102 -0.0000
    8  11.6507 THz  -0.0000  0.0000  0.0153 -0.0081  0.0000 -0.0000  0.0331 -0.0174  0.0000 -0.0000  0.0376 -0.0197  0.4426 -0.2323  0.0000 -0.0000  0.4456 -0.2339  0.0000  0.0000  0.4466 -0.2344  0.0000 -0.0000 -0.0000  0.0000 -0.4329  0.2273 -0.0000 -0.0000
    9  11.7690 THz   0.3554  0.0000 -0.0000  0.0000 -0.3617 -0.0000 -0.0000 -0.0000 -0.1246 -0.0000 -0.0000 -0.0000  0.0000 -0.0000 -0.0933  0.0000 -0.0000 -0.0000 -0.6154  0.0000  0.0000 -0.0000 -0.0078  0.0000  0.0045  0.0000 -0.0000  0.0000  0.5830  0.0000
   10  12.0421 THz   0.0000  0.0000  0.6643 -0.0069 -0.0000 -0.0000 -0.0366  0.0004 -0.0000 -0.0000  0.0338 -0.0004 -0.4448  0.0046 -0.0000 -0.0000  0.4180 -0.0043 -0.0000 -0.0000  0.2985 -0.0031  0.0000 -0.0000 -0.0000 -0.0000  0.3071 -0.0032  0.0000  0.0000
   11  13.2474 THz  -0.0000  0.0000 -0.6647 -0.2821 -0.0000 -0.0000  0.0699  0.0296  0.0000 -0.0000 -0.0687 -0.0292 -0.2684 -0.1139  0.0000  0.0000  0.2686  0.1140  0.0000  0.0000  0.3601  0.1528 -0.0000 -0.0000  0.0000  0.0000  0.3493  0.1483 -0.0000 -0.0000
   12  16.1488 THz   0.0058  0.0000 -0.0000 -0.0000  0.0121  0.0000 -0.0000 -0.0000  0.0001 -0.0000  0.0000 -0.0000 -0.0000 -0.0000  0.0054  0.0000 -0.0000  0.0000 -0.0768  0.0000  0.0000  0.0000  0.6995 -0.0000  0.7066  0.0000  0.0000  0.0000 -0.0722 -0.0000
   13  16.3658 THz   0.0005  0.0000 -0.0000  0.0000  0.0040 -0.0000  0.0000  0.0000  0.0061 -0.0000 -0.0000  0.0000 -0.0000  0.0000 -0.7642  0.0000  0.0000  0.0000  0.0529 -0.0000  0.0000  0.0000  0.4582 -0.0000 -0.4476 -0.0000  0.0000 -0.0000 -0.0534 -0.0000
   14  25.4533 THz   0.1072  0.0000 -0.0000 -0.0000 -0.1073 -0.0000  0.0000 -0.0000 -0.0162  0.0000 -0.0000 -0.0000 -0.0000  0.0000  0.6353 -0.0000 -0.0000  0.0000  0.0110 -0.0000  0.0000 -0.0000  0.5360 -0.0000 -0.5344 -0.0000  0.0000  0.0000 -0.0108 -0.0000


 Q=  0.085839  0.000000 -0.085839, q=  0.333333  0.000000 -0.333333

                       Ti X   0        Ti Y   0        Ti Z   0        Pb X   1        Pb Y   1        Pb Z   1         O X   2         O Y   2         O Z   2         O X   3         O Y   3         O Z   3         O X   4         O Y   4         O Z   4     
                    --------------- --------------- --------------- --------------- --------------- --------------- --------------- --------------- --------------- --------------- --------------- --------------- --------------- --------------- ---------------
    0   1.4130 THz   0.1174  0.0000 -0.0000  0.0000  0.1338  0.0000  0.7296  0.0000 -0.0000  0.0000  0.6515  0.0000 -0.0563 -0.0000 -0.0000  0.0000 -0.0499 -0.0000 -0.0552  0.0000  0.0000 -0.0000 -0.0047  0.0000 -0.0052 -0.0000  0.0000 -0.0000 -0.0535 -0.0000
    1   1.7746 THz   0.0000  0.0000  0.1743 -0.0006  0.0000 -0.0000  0.0000 -0.0000  0.9840 -0.0032  0.0000  0.0000 -0.0000  0.0000  0.0118 -0.0000 -0.0000  0.0000 -0.0000  0.0000 -0.0258  0.0001 -0.0000 -0.0000 -0.0000  0.0000 -0.0235  0.0001 -0.0000  0.0000
    2   2.1523 THz  -0.1192  0.0000  0.0000  0.0000  0.1091  0.0000  0.6567  0.0000  0.0000 -0.0000 -0.7337 -0.0000  0.0535 -0.0000  0.0000  0.0000 -0.0300  0.0000 -0.0129  0.0000 -0.0000 -0.0000 -0.0058  0.0000  0.0077  0.0000 -0.0000  0.0000  0.0167  0.0000
    3   3.7499 THz  -0.0000  0.0000 -0.9798  0.0235 -0.0000 -0.0000  0.0000 -0.0000  0.1748 -0.0042 -0.0000  0.0000 -0.0000 -0.0000 -0.0938  0.0023 -0.0000 -0.0000 -0.0000 -0.0000  0.0014 -0.0000  0.0000 -0.0000 -0.0000 -0.0000  0.0014 -0.0000 -0.0000 -0.0000
    4   5.2452 THz  -0.1119  0.0000  0.0000 -0.0000 -0.1059  0.0000 -0.0403  0.0000 -0.0000  0.0000 -0.0425  0.0000 -0.0999 -0.0000  0.0000 -0.0000 -0.0661  0.0000 -0.6710  0.0000  0.0000  0.0000 -0.0830  0.0000 -0.0843 -0.0000  0.0000 -0.0000 -0.7031 -0.0000
    5   7.5791 THz   0.2103  0.0000 -0.0000 -0.0000  0.2652 -0.0000 -0.0131  0.0000 -0.0000  0.0000  0.0071 -0.0000  0.5854 -0.0000  0.0000  0.0000  0.7000 -0.0000 -0.1268  0.0000 -0.0000  0.0000  0.1093 -0.0000  0.0944  0.0000  0.0000  0.0000 -0.1252 -0.0000
    6   8.2728 THz  -0.3693  0.0000  0.0000 -0.0000  0.3136 -0.0000 -0.0204  0.0000  0.0000  0.0000  0.0151 -0.0000 -0.6619 -0.0000 -0.0000  0.0000  0.5561 -0.0000  0.0488 -0.0000 -0.0000  0.0000  0.0775 -0.0000 -0.0935 -0.0000 -0.0000  0.0000  0.0090  0.0000
    7   8.5586 THz   0.0000  0.0000  0.0208 -0.0117 -0.0000 -0.0000 -0.0000  0.0000 -0.0293  0.0165 -0.0000 -0.0000  0.0000 -0.0000 -0.2890  0.1628 -0.0000 -0.0000 -0.0000  0.0000 -0.5546  0.3125 -0.0000 -0.0000  0.0000 -0.0000 -0.6055  0.3412 -0.0000  0.0000
    8   9.5665 THz   0.0000  0.0000  0.0008 -0.0004 -0.0000  0.0000  0.0000 -0.0000 -0.0027  0.0013 -0.0000  0.0000  0.0000  0.0000 -0.0143  0.0072 -0.0000  0.0000  0.0000 -0.0000 -0.6554  0.3291 -0.0000  0.0000  0.0000 -0.0000  0.6073 -0.3050  0.0000  0.0000
    9  11.2768 THz  -0.7599  0.0000  0.0000 -0.0000  0.0556  0.0000 -0.0114 -0.0000 -0.0000  0.0000  0.1651  0.0000  0.3684  0.0000  0.0000  0.0000 -0.1027 -0.0000 -0.3206  0.0000 -0.0000  0.0000  0.0922 -0.0000 -0.0571 -0.0000  0.0000 -0.0000  0.3624  0.0000
   10  11.4100 THz  -0.2703  0.0000  0.0000  0.0000 -0.8085 -0.0000  0.1744  0.0000 -0.0000  0.0000  0.0623 -0.0000  0.0622 -0.0000 -0.0000 -0.0000  0.3498  0.0000  0.2791 -0.0000  0.0000 -0.0000 -0.0149  0.0000  0.0853  0.0000 -0.0000  0.0000 -0.1655 -0.0000
   11  14.1079 THz  -0.3291  0.0000 -0.0000 -0.0000  0.3365  0.0000 -0.0536 -0.0000  0.0000  0.0000  0.0558  0.0000  0.2216  0.0000 -0.0000 -0.0000 -0.2137  0.0000  0.5850 -0.0000 -0.0000  0.0000  0.0797 -0.0000 -0.0739 -0.0000 -0.0000  0.0000 -0.5689 -0.0000
   12  15.5866 THz   0.0000  0.0000 -0.0841  0.0367  0.0000 -0.0000  0.0000 -0.0000 -0.0063  0.0027 -0.0000  0.0000  0.0000 -0.0000  0.8602 -0.3753 -0.0000 -0.0000 -0.0000 -0.0000 -0.2172  0.0948 -0.0000  0.0000 -0.0000  0.0000 -0.2141  0.0934  0.0000 -0.0000
   13  16.9543 THz   0.0137  0.0000  0.0000  0.0000  0.0087  0.0000  0.0072 -0.0000  0.0000  0.0000  0.0079 -0.0000  0.1196 -0.0000 -0.0000 -0.0000  0.1189 -0.0000  0.0705 -0.0000  0.0000  0.0000 -0.6921  0.0000 -0.6950 -0.0000  0.0000  0.0000  0.0651  0.0000
   14  24.1906 THz  -0.1412  0.0000 -0.0000  0.0000  0.1424  0.0000 -0.0286  0.0000 -0.0000  0.0000  0.0288 -0.0000 -0.0161 -0.0000 -0.0000 -0.0000  0.0166 -0.0000  0.0144 -0.0000 -0.0000  0.0000 -0.6936  0.0000  0.6901  0.0000  0.0000  0.0000 -0.0130 -0.0000
