3.976629 0.000000 0.000000
0.000000 3.976629 0.000000
0.000000 0.000000 3.976629
0.500000 0.500000 0.500000 Ti
0.000000 0.000000 0.000000 Pb
0.500000 0.000000 0.500000 O
0.500000 0.500000 0.000000 O
0.000000 0.500000 0.500000 O
8.803429 0.0 0.0 
0.0 8.803429 0.0 
0.0 0.0 8.803429 
 ion  1
  1 7.33124 0.0 -0.0 
  2 0.0 7.33124 0.0 
  3 0.0 -0.0 7.33124 
 ion  2
  1 3.85976 0.0 -0.0 
  2 0.0 3.85976 0.0 
  3 0.0 -0.0 3.85976 
 ion  3
  1 -2.58308 0.0 0.0 
  2 -0.0 -6.02527 0.0 
  3 -0.0 -0.0 -2.58308 
 ion  4
  1 -2.58308 -0.0 -0.0 
  2 -0.0 -2.58308 -0.0 
  3 0.0 -0.0 -6.02527 
 ion  5
  1 -6.02527 -0.0 0.0 
  2 0.0 -2.58308 -0.0 
  3 0.0 0.0 -2.58308 
