
Used Primitive lattice vector

    0.000000000000      2.209308000000      2.209308000000  
    2.209308000000      0.000000000000      2.209308000000  
    2.209308000000      2.209308000000      0.000000000000  

   2 Atom(s) in the Primitive cell

 0.0000000000 0.0000000000 0.0000000000 Mg    0
 0.5000000000 0.5000000000 0.5000000000  O    1


 Q= -0.113158 -0.113158 -0.113158, q= -0.500000 -0.500000 -0.500000

                       Mg X   0        Mg Y   0        Mg Z   0         O X   1         O Y   1         O Z   1     
                    --------------- --------------- --------------- --------------- --------------- ---------------
    0   5.7326 THz   0.0000  0.0000  0.7071 -0.0000 -0.7071  0.0000  0.0000 -0.0000 -0.0000  0.0000  0.0000  0.0000
    1   5.7326 THz   0.8165  0.0000 -0.4082  0.0000 -0.4082 -0.0000  0.0000  0.0000  0.0000 -0.0000  0.0000 -0.0000
    2   8.5069 THz   0.0000  0.0000 -0.0000  0.0000  0.0000 -0.0000 -0.1490 -0.8026  0.0745  0.3880  0.0745  0.4146
    3   8.5069 THz   0.0000  0.0000  0.0000 -0.0000 -0.0000  0.0000 -0.0126 -0.0088  0.5009  0.5096 -0.4883 -0.5008
    4  13.6750 THz  -0.5774  0.0000 -0.5774  0.0000 -0.5774 -0.0000  0.0000  0.0000  0.0000 -0.0000  0.0000 -0.0000
    5  14.7606 THz   0.0000  0.0000 -0.0000 -0.0000  0.0000  0.0000  0.5133  0.2643  0.5133  0.2643  0.5133  0.2643


 Q= -0.056579 -0.056579 -0.169736, q= -0.500000 -0.500000 -0.250000

                       Mg X   0        Mg Y   0        Mg Z   0         O X   1         O Y   1         O Z   1     
                    --------------- --------------- --------------- --------------- --------------- ---------------
    0   6.4023 THz  -0.7054  0.0000  0.7054  0.0000  0.0000  0.0000  0.0495 -0.0000 -0.0495  0.0000 -0.0000  0.0000
    1   7.1692 THz   0.4409  0.0000  0.4409  0.0000 -0.7559 -0.0000  0.0164  0.0000  0.0164  0.0000 -0.1985 -0.0000
    2   9.4691 THz   0.4675  0.0000  0.4675 -0.0000  0.3997  0.0000 -0.2671  0.0000 -0.2671 -0.0000  0.5105 -0.0000
    3   9.6209 THz   0.0495  0.0000 -0.0495  0.0000  0.0000  0.0000  0.7054 -0.0000 -0.7054  0.0000  0.0000  0.0000
    4  11.8980 THz  -0.2621  0.0000 -0.2621  0.0000 -0.3708  0.0000 -0.5927  0.0000 -0.5927  0.0000  0.1501 -0.0000
    5  14.5641 THz  -0.1358  0.0000 -0.1358 -0.0000 -0.3626 -0.0000  0.2777  0.0000  0.2777  0.0000  0.8231  0.0000


 Q=  0.000000  0.000000 -0.226315, q= -0.500000 -0.500000  0.000000

                       Mg X   0        Mg Y   0        Mg Z   0         O X   1         O Y   1         O Z   1     
                    --------------- --------------- --------------- --------------- --------------- ---------------
    0   7.0181 THz   0.9976  0.0000  0.0000  0.0000  0.0000  0.0000 -0.0688  0.0000 -0.0000 -0.0000  0.0000 -0.0000
    1   7.0181 THz   0.0000  0.0000 -0.9976 -0.0000 -0.0000  0.0000 -0.0000  0.0000  0.0688  0.0000 -0.0000 -0.0000
    2   8.9292 THz   0.0000  0.0000  0.0000  0.0000 -0.9308  0.0000 -0.0000  0.0000  0.0000 -0.0000 -0.3656  0.0000
    3  10.4921 THz   0.0688  0.0000 -0.0000 -0.0000 -0.0000 -0.0000  0.9976 -0.0000  0.0000  0.0000 -0.0000  0.0000
    4  10.4921 THz   0.0000  0.0000 -0.0688  0.0000 -0.0000  0.0000  0.0000 -0.0000 -0.9976  0.0000  0.0000 -0.0000
    5  14.7088 THz   0.0000  0.0000  0.0000  0.0000 -0.3656  0.0000  0.0000  0.0000  0.0000 -0.0000  0.9308 -0.0000


 Q=  0.056579  0.056579 -0.282894, q= -0.500000 -0.500000  0.250000

                       Mg X   0        Mg Y   0        Mg Z   0         O X   1         O Y   1         O Z   1     
                    --------------- --------------- --------------- --------------- --------------- ---------------
    0   6.4023 THz  -0.7054  0.0000  0.7054 -0.0000 -0.0000  0.0000  0.0495  0.0000 -0.0495 -0.0000 -0.0000  0.0000
    1   7.1692 THz   0.4409  0.0000  0.4409 -0.0000 -0.7559  0.0000  0.0164 -0.0000  0.0164 -0.0000 -0.1985  0.0000
    2   9.4691 THz   0.4675  0.0000  0.4675  0.0000  0.3997 -0.0000 -0.2671 -0.0000 -0.2671  0.0000  0.5105 -0.0000
    3   9.6209 THz   0.0495  0.0000 -0.0495 -0.0000 -0.0000 -0.0000  0.7054  0.0000 -0.7054 -0.0000 -0.0000 -0.0000
    4  11.8980 THz  -0.2621  0.0000 -0.2621  0.0000 -0.3708 -0.0000 -0.5927 -0.0000 -0.5927 -0.0000  0.1501  0.0000
    5  14.5641 THz  -0.1358  0.0000 -0.1358  0.0000 -0.3626 -0.0000  0.2777  0.0000  0.2777  0.0000  0.8231 -0.0000


 Q= -0.056579 -0.169736 -0.056579, q= -0.500000 -0.250000 -0.500000

                       Mg X   0        Mg Y   0        Mg Z   0         O X   1         O Y   1         O Z   1     
                    --------------- --------------- --------------- --------------- --------------- ---------------
    0   6.4023 THz  -0.7054  0.0000  0.0000 -0.0000  0.7054  0.0000  0.0495 -0.0000  0.0000 -0.0000 -0.0495  0.0000
    1   7.1692 THz  -0.4409  0.0000  0.7559  0.0000 -0.4409 -0.0000 -0.0164 -0.0000  0.1985  0.0000 -0.0164 -0.0000
    2   9.4691 THz  -0.4675  0.0000 -0.3997 -0.0000 -0.4675  0.0000  0.2671 -0.0000 -0.5105 -0.0000  0.2671  0.0000
    3   9.6209 THz   0.0495  0.0000 -0.0000  0.0000 -0.0495  0.0000  0.7054 -0.0000 -0.0000  0.0000 -0.7054  0.0000
    4  11.8980 THz  -0.2621  0.0000 -0.3708  0.0000 -0.2621  0.0000 -0.5927  0.0000  0.1501 -0.0000 -0.5927  0.0000
    5  14.5641 THz  -0.1358  0.0000 -0.3626 -0.0000 -0.1358 -0.0000  0.2777  0.0000  0.8231  0.0000  0.2777  0.0000


 Q=  0.000000 -0.113158 -0.113158, q= -0.500000 -0.250000 -0.250000

                       Mg X   0        Mg Y   0        Mg Z   0         O X   1         O Y   1         O Z   1     
                    --------------- --------------- --------------- --------------- --------------- ---------------
    0   5.1607 THz   0.0000  0.0000  0.6619  0.1075 -0.6619 -0.1075  0.0000 -0.0000  0.2214  0.0360 -0.2214 -0.0360
    1   7.4569 THz   0.9876  0.0000  0.0000 -0.0000 -0.0000 -0.0000 -0.1568  0.0000 -0.0000  0.0000  0.0000  0.0000
    2   8.8841 THz   0.0000  0.0000 -0.0060 -0.2242  0.0060  0.2242 -0.0000 -0.0000  0.0179  0.6704 -0.0179 -0.6704
    3   9.8633 THz   0.0000  0.0000 -0.6125 -0.0597 -0.6125 -0.0597  0.0000 -0.0000 -0.3465 -0.0338 -0.3465 -0.0338
    4  11.1934 THz   0.1568  0.0000 -0.0000  0.0000  0.0000  0.0000  0.9876 -0.0000  0.0000 -0.0000 -0.0000 -0.0000
    5  15.0451 THz   0.0000  0.0000  0.3458 -0.0406  0.3458 -0.0406  0.0000  0.0000 -0.6113  0.0717 -0.6113  0.0717


 Q=  0.056579 -0.056579 -0.169736, q= -0.500000 -0.250000  0.000000

                       Mg X   0        Mg Y   0        Mg Z   0         O X   1         O Y   1         O Z   1     
                    --------------- --------------- --------------- --------------- --------------- ---------------
    0   6.4023 THz  -0.7054  0.0000 -0.7054 -0.0000  0.0000  0.0000  0.0495  0.0000  0.0495 -0.0000  0.0000  0.0000
    1   7.1692 THz  -0.4409  0.0000  0.4409  0.0000 -0.7559 -0.0000 -0.0164 -0.0000  0.0164  0.0000 -0.1985 -0.0000
    2   9.4691 THz  -0.4675  0.0000  0.4675  0.0000  0.3997  0.0000  0.2671  0.0000 -0.2671  0.0000  0.5105 -0.0000
    3   9.6209 THz  -0.0495  0.0000 -0.0495 -0.0000 -0.0000 -0.0000 -0.7054 -0.0000 -0.7054 -0.0000 -0.0000 -0.0000
    4  11.8980 THz  -0.2621  0.0000  0.2621  0.0000  0.3708 -0.0000 -0.5927  0.0000  0.5927  0.0000 -0.1501  0.0000
    5  14.5641 THz   0.1358  0.0000 -0.1358 -0.0000 -0.3626 -0.0000 -0.2777 -0.0000  0.2777  0.0000  0.8231  0.0000


 Q=  0.113158  0.000000 -0.226315, q= -0.500000 -0.250000  0.250000

                       Mg X   0        Mg Y   0        Mg Z   0         O X   1         O Y   1         O Z   1     
                    --------------- --------------- --------------- --------------- --------------- ---------------
    0   8.0485 THz   1.0000  0.0000  0.0000  0.0000  0.0000  0.0000  0.0000  0.0000  0.0000  0.0000  0.0000  0.0000
    1   8.1818 THz   0.0000  0.0000  0.1924  0.0344 -0.9341  0.0701 -0.0000  0.0000 -0.0584 -0.0104 -0.2835  0.0213
    2   8.1818 THz  -0.0000 -0.0000  0.8304 -0.4334  0.1453 -0.1308 -0.0000  0.0000 -0.2521  0.1316  0.0441 -0.0397
    3  10.9642 THz   0.0000  0.0000 -0.0000  0.0000  0.0000  0.0000 -0.9991 -0.0436  0.0000  0.0000 -0.0000 -0.0000
    4  12.9259 THz   0.0000  0.0000  0.0486  0.2673 -0.0988 -0.0280 -0.0000  0.0000  0.1602  0.8807  0.3254  0.0922
    5  12.9259 THz   0.0000  0.0000  0.0512  0.0890  0.2711 -0.0179  0.0000  0.0000  0.1686  0.2932 -0.8932  0.0589


 Q=  0.000000 -0.226315  0.000000, q= -0.500000  0.000000 -0.500000

                       Mg X   0        Mg Y   0        Mg Z   0         O X   1         O Y   1         O Z   1     
                    --------------- --------------- --------------- --------------- --------------- ---------------
    0   7.0181 THz   0.9976  0.0000  0.0000  0.0000 -0.0000  0.0000 -0.0688 -0.0000 -0.0000  0.0000  0.0000 -0.0000
    1   7.0181 THz   0.0000  0.0000 -0.0000  0.0000  0.9976 -0.0000 -0.0000 -0.0000 -0.0000  0.0000 -0.0688  0.0000
    2   8.9292 THz   0.0000  0.0000  0.9308 -0.0000  0.0000 -0.0000  0.0000 -0.0000  0.3656 -0.0000 -0.0000  0.0000
    3  10.4921 THz   0.0000  0.0000  0.0000 -0.0000  0.0688  0.0000 -0.0000  0.0000  0.0000 -0.0000  0.9976  0.0000
    4  10.4921 THz   0.0688  0.0000 -0.0000 -0.0000  0.0000 -0.0000  0.9976  0.0000  0.0000 -0.0000 -0.0000  0.0000
    5  14.7088 THz   0.0000  0.0000 -0.3656  0.0000 -0.0000 -0.0000 -0.0000 -0.0000  0.9308 -0.0000  0.0000  0.0000


 Q=  0.056579 -0.169736 -0.056579, q= -0.500000  0.000000 -0.250000

                       Mg X   0        Mg Y   0        Mg Z   0         O X   1         O Y   1         O Z   1     
                    --------------- --------------- --------------- --------------- --------------- ---------------
    0   6.4023 THz  -0.7054  0.0000 -0.0000 -0.0000 -0.7054  0.0000  0.0495 -0.0000 -0.0000 -0.0000  0.0495 -0.0000
    1   7.1692 THz   0.4409  0.0000  0.7559 -0.0000 -0.4409  0.0000  0.0164  0.0000  0.1985 -0.0000 -0.0164 -0.0000
    2   9.4691 THz   0.4675  0.0000 -0.3997 -0.0000 -0.4675 -0.0000 -0.2671 -0.0000 -0.5105 -0.0000  0.2671 -0.0000
    3   9.6209 THz  -0.0495  0.0000 -0.0000 -0.0000 -0.0495 -0.0000 -0.7054 -0.0000 -0.0000 -0.0000 -0.7054 -0.0000
    4  11.8980 THz  -0.2621  0.0000  0.3708 -0.0000  0.2621  0.0000 -0.5927  0.0000 -0.1501  0.0000  0.5927 -0.0000
    5  14.5641 THz   0.1358  0.0000 -0.3626 -0.0000 -0.1358 -0.0000 -0.2777 -0.0000  0.8231  0.0000  0.2777  0.0000


 Q=  0.113158 -0.113158 -0.113158, q= -0.500000  0.000000  0.000000

                       Mg X   0        Mg Y   0        Mg Z   0         O X   1         O Y   1         O Z   1     
                    --------------- --------------- --------------- --------------- --------------- ---------------
    0   5.7326 THz   0.8165  0.0000  0.4082 -0.0000  0.4082 -0.0000  0.0000  0.0000 -0.0000  0.0000 -0.0000  0.0000
    1   5.7326 THz   0.0000  0.0000  0.7071  0.0000 -0.7071 -0.0000 -0.0000 -0.0000 -0.0000 -0.0000 -0.0000  0.0000
    2   8.5069 THz   0.0000  0.0000 -0.0000 -0.0000  0.0000  0.0000 -0.1946 -0.7179 -0.0973 -0.0673 -0.0973 -0.6506
    3   8.5069 THz   0.0000  0.0000 -0.0000 -0.0000  0.0000  0.0000 -0.2949 -0.1626 -0.6104 -0.5292  0.3156  0.3665
    4  13.6750 THz   0.5774  0.0000 -0.5774  0.0000 -0.5774  0.0000 -0.0000 -0.0000  0.0000 -0.0000  0.0000 -0.0000
    5  14.7606 THz   0.0000  0.0000 -0.0000  0.0000  0.0000  0.0000  0.5734  0.0670 -0.5734 -0.0670 -0.5734 -0.0670


 Q=  0.169736 -0.056579 -0.169736, q= -0.500000  0.000000  0.250000

                       Mg X   0        Mg Y   0        Mg Z   0         O X   1         O Y   1         O Z   1     
                    --------------- --------------- --------------- --------------- --------------- ---------------
    0   6.4023 THz  -0.7054  0.0000 -0.0000  0.0000 -0.7054 -0.0000 -0.0495  0.0000  0.0000 -0.0000 -0.0495  0.0000
    1   7.1692 THz  -0.4409  0.0000 -0.7559 -0.0000  0.4409  0.0000  0.0164  0.0000  0.1985  0.0000 -0.0164 -0.0000
    2   9.4691 THz   0.4675  0.0000 -0.3997 -0.0000 -0.4675  0.0000  0.2671 -0.0000  0.5105  0.0000 -0.2671 -0.0000
    3   9.6209 THz   0.0495  0.0000  0.0000 -0.0000  0.0495 -0.0000 -0.7054  0.0000 -0.0000  0.0000 -0.7054  0.0000
    4  11.8980 THz   0.2621  0.0000 -0.3708  0.0000 -0.2621 -0.0000 -0.5927 -0.0000 -0.1501  0.0000  0.5927  0.0000
    5  14.5641 THz   0.1358  0.0000 -0.3626  0.0000 -0.1358 -0.0000  0.2777  0.0000 -0.8231 -0.0000 -0.2777 -0.0000


 Q=  0.056579 -0.282894  0.056579, q= -0.500000  0.250000 -0.500000

                       Mg X   0        Mg Y   0        Mg Z   0         O X   1         O Y   1         O Z   1     
                    --------------- --------------- --------------- --------------- --------------- ---------------
    0   6.4023 THz  -0.7054  0.0000  0.0000  0.0000  0.7054 -0.0000  0.0495  0.0000  0.0000  0.0000 -0.0495 -0.0000
    1   7.1692 THz  -0.4409  0.0000  0.7559 -0.0000 -0.4409  0.0000 -0.0164 -0.0000  0.1985 -0.0000 -0.0164  0.0000
    2   9.4691 THz  -0.4675  0.0000 -0.3997 -0.0000 -0.4675 -0.0000  0.2671  0.0000 -0.5105 -0.0000  0.2671 -0.0000
    3   9.6209 THz   0.0495  0.0000 -0.0000 -0.0000 -0.0495 -0.0000  0.7054  0.0000 -0.0000 -0.0000 -0.7054 -0.0000
    4  11.8980 THz  -0.2621  0.0000 -0.3708 -0.0000 -0.2621  0.0000 -0.5927 -0.0000  0.1501  0.0000 -0.5927 -0.0000
    5  14.5641 THz  -0.1358  0.0000 -0.3626  0.0000 -0.1358  0.0000  0.2777 -0.0000  0.8231 -0.0000  0.2777 -0.0000


 Q=  0.113158 -0.226315  0.000000, q= -0.500000  0.250000 -0.250000

                       Mg X   0        Mg Y   0        Mg Z   0         O X   1         O Y   1         O Z   1     
                    --------------- --------------- --------------- --------------- --------------- ---------------
    0   8.0485 THz   1.0000  0.0000  0.0000  0.0000  0.0000  0.0000  0.0000  0.0000  0.0000  0.0000  0.0000  0.0000
    1   8.1818 THz   0.0000  0.0000 -0.6487 -0.0711  0.6783 -0.1722 -0.0000 -0.0000 -0.1969 -0.0216 -0.2059  0.0523
    2   8.1818 THz   0.0000  0.0000 -0.6655 -0.2165 -0.6520  0.0283 -0.0000  0.0000 -0.2020 -0.0657  0.1979 -0.0086
    3  10.9642 THz   0.0000  0.0000  0.0000  0.0000 -0.0000  0.0000 -0.9978 -0.0665 -0.0000  0.0000  0.0000  0.0000
    4  12.9259 THz   0.0000  0.0000 -0.2558  0.0090  0.1372  0.0016 -0.0000 -0.0000  0.8429 -0.0298  0.4519  0.0052
    5  12.9259 THz   0.0000  0.0000 -0.1370 -0.0069 -0.2548 -0.0248 -0.0000 -0.0000  0.4514  0.0227 -0.8395 -0.0817


 Q=  0.169736 -0.169736 -0.056579, q= -0.500000  0.250000  0.000000

                       Mg X   0        Mg Y   0        Mg Z   0         O X   1         O Y   1         O Z   1     
                    --------------- --------------- --------------- --------------- --------------- ---------------
    0   6.4023 THz  -0.7054  0.0000 -0.7054  0.0000 -0.0000 -0.0000 -0.0495 -0.0000 -0.0495 -0.0000  0.0000 -0.0000
    1   7.1692 THz   0.4409  0.0000 -0.4409  0.0000  0.7559 -0.0000 -0.0164  0.0000  0.0164 -0.0000 -0.1985  0.0000
    2   9.4691 THz  -0.4675  0.0000  0.4675 -0.0000  0.3997 -0.0000 -0.2671 -0.0000  0.2671 -0.0000 -0.5105  0.0000
    3   9.6209 THz   0.0495  0.0000  0.0495  0.0000  0.0000  0.0000 -0.7054 -0.0000 -0.7054 -0.0000 -0.0000 -0.0000
    4  11.8980 THz   0.2621  0.0000 -0.2621 -0.0000 -0.3708 -0.0000 -0.5927 -0.0000  0.5927  0.0000 -0.1501 -0.0000
    5  14.5641 THz   0.1358  0.0000 -0.1358 -0.0000 -0.3626  0.0000  0.2777 -0.0000 -0.2777  0.0000 -0.8231  0.0000


 Q=  0.226315 -0.113158 -0.113158, q= -0.500000  0.250000  0.250000

                       Mg X   0        Mg Y   0        Mg Z   0         O X   1         O Y   1         O Z   1     
                    --------------- --------------- --------------- --------------- --------------- ---------------
    0   5.1607 THz   0.0000  0.0000  0.6249  0.2434 -0.6249 -0.2434 -0.0000 -0.0000 -0.2090 -0.0814  0.2090  0.0814
    1   7.4569 THz   0.9876  0.0000  0.0000  0.0000  0.0000  0.0000  0.1568  0.0000  0.0000 -0.0000  0.0000  0.0000
    2   8.8841 THz   0.0000  0.0000 -0.1795  0.1344  0.1795 -0.1344  0.0000 -0.0000 -0.5367  0.4020  0.5367 -0.4020
    3   9.8633 THz   0.0000  0.0000  0.6089  0.0897  0.6089  0.0897 -0.0000 -0.0000 -0.3444 -0.0508 -0.3444 -0.0508
    4  11.1934 THz   0.1568  0.0000 -0.0000 -0.0000 -0.0000 -0.0000 -0.9876 -0.0000 -0.0000  0.0000 -0.0000 -0.0000
    5  15.0451 THz   0.0000  0.0000 -0.3480 -0.0117 -0.3480 -0.0117  0.0000 -0.0000 -0.6151 -0.0206 -0.6151 -0.0206


 Q= -0.169736 -0.056579 -0.056579, q= -0.250000 -0.500000 -0.500000

                       Mg X   0        Mg Y   0        Mg Z   0         O X   1         O Y   1         O Z   1     
                    --------------- --------------- --------------- --------------- --------------- ---------------
    0   6.4023 THz  -0.0000  0.0000 -0.7053  0.0090  0.7053 -0.0090  0.0000  0.0000  0.0495 -0.0006 -0.0495  0.0006
    1   7.1692 THz   0.7559  0.0000 -0.4409  0.0000 -0.4409 -0.0000  0.1985 -0.0000 -0.0164 -0.0000 -0.0164  0.0000
    2   9.4691 THz  -0.3997  0.0000 -0.4675  0.0000 -0.4675 -0.0000 -0.5105  0.0000  0.2671  0.0000  0.2671 -0.0000
    3   9.6209 THz  -0.0000  0.0000  0.0493 -0.0042 -0.0493  0.0042 -0.0000  0.0000  0.7028 -0.0603 -0.7028  0.0603
    4  11.8980 THz   0.3708  0.0000  0.2621 -0.0000  0.2621  0.0000 -0.1501  0.0000  0.5927 -0.0000  0.5927  0.0000
    5  14.5641 THz   0.3626  0.0000  0.1358 -0.0000  0.1358 -0.0000 -0.8231 -0.0000 -0.2777 -0.0000 -0.2777 -0.0000


 Q= -0.113158  0.000000 -0.113158, q= -0.250000 -0.500000 -0.250000

                       Mg X   0        Mg Y   0        Mg Z   0         O X   1         O Y   1         O Z   1     
                    --------------- --------------- --------------- --------------- --------------- ---------------
    0   5.1607 THz  -0.6706  0.0000 -0.0000 -0.0000  0.6706  0.0000 -0.2243 -0.0000  0.0000  0.0000  0.2243  0.0000
    1   7.4569 THz  -0.0000  0.0000  0.9876 -0.0059 -0.0000 -0.0000 -0.0000  0.0000 -0.1568  0.0009  0.0000 -0.0000
    2   8.8841 THz   0.2243  0.0000 -0.0000  0.0000 -0.2243  0.0000 -0.6706 -0.0000  0.0000  0.0000  0.6706  0.0000
    3   9.8633 THz  -0.6155  0.0000 -0.0000  0.0000 -0.6155  0.0000 -0.3482  0.0000  0.0000  0.0000 -0.3482 -0.0000
    4  11.1934 THz   0.0000  0.0000  0.1566  0.0076  0.0000 -0.0000  0.0000 -0.0000  0.9865  0.0479  0.0000  0.0000
    5  15.0451 THz   0.3482  0.0000 -0.0000 -0.0000  0.3482  0.0000 -0.6155 -0.0000 -0.0000 -0.0000 -0.6155 -0.0000


 Q= -0.056579  0.056579 -0.169736, q= -0.250000 -0.500000  0.000000

                       Mg X   0        Mg Y   0        Mg Z   0         O X   1         O Y   1         O Z   1     
                    --------------- --------------- --------------- --------------- --------------- ---------------
    0   6.4023 THz  -0.7054  0.0000 -0.7054 -0.0000  0.0000 -0.0000  0.0495 -0.0000  0.0495  0.0000  0.0000  0.0000
    1   7.1692 THz  -0.4409  0.0000  0.4409  0.0000  0.7559  0.0000 -0.0164 -0.0000  0.0164 -0.0000  0.1985  0.0000
    2   9.4691 THz   0.4675  0.0000 -0.4675  0.0000  0.3997  0.0000 -0.2671  0.0000  0.2671  0.0000  0.5105 -0.0000
    3   9.6209 THz   0.0495  0.0000  0.0495 -0.0000  0.0000  0.0000  0.7054 -0.0000  0.7054 -0.0000  0.0000  0.0000
    4  11.8980 THz  -0.2621  0.0000  0.2621 -0.0000 -0.3708  0.0000 -0.5927  0.0000  0.5927 -0.0000  0.1501 -0.0000
    5  14.5641 THz   0.1358  0.0000 -0.1358 -0.0000  0.3626  0.0000 -0.2777 -0.0000  0.2777  0.0000 -0.8231 -0.0000


 Q=  0.000000  0.113158 -0.226315, q= -0.250000 -0.500000  0.250000

                       Mg X   0        Mg Y   0        Mg Z   0         O X   1         O Y   1         O Z   1     
                    --------------- --------------- --------------- --------------- --------------- ---------------
    0   8.0485 THz   0.0000  0.0000  0.9987  0.0505 -0.0000 -0.0000 -0.0000  0.0000  0.0000  0.0000 -0.0000 -0.0000
    1   8.1818 THz   0.9569  0.0000  0.0000 -0.0000  0.0000 -0.0000 -0.2904  0.0000 -0.0000 -0.0000 -0.0000  0.0000
    2   8.1818 THz   0.0000  0.0000 -0.0000  0.0000 -0.9567 -0.0210 -0.0000 -0.0000  0.0000 -0.0000 -0.2904 -0.0064
    3  10.9642 THz   0.0000  0.0000 -0.0000  0.0000  0.0000  0.0000  0.0000  0.0000  0.1798 -0.9837 -0.0000 -0.0000
    4  12.9259 THz   0.2904  0.0000 -0.0000  0.0000 -0.0000  0.0000  0.9569 -0.0000  0.0000  0.0000  0.0000 -0.0000
    5  12.9259 THz   0.0000  0.0000  0.0000 -0.0000  0.2843 -0.0596  0.0000  0.0000  0.0000  0.0000 -0.9365  0.1964


 Q= -0.113158 -0.113158  0.000000, q= -0.250000 -0.250000 -0.500000

                       Mg X   0        Mg Y   0        Mg Z   0         O X   1         O Y   1         O Z   1     
                    --------------- --------------- --------------- --------------- --------------- ---------------
    0   5.1607 THz  -0.6706  0.0000  0.6706 -0.0000  0.0000 -0.0000 -0.2243  0.0000  0.2243 -0.0000 -0.0000  0.0000
    1   7.4569 THz   0.0000  0.0000  0.0000  0.0000 -0.1343 -0.9785  0.0000 -0.0000 -0.0000  0.0000  0.0213  0.1553
    2   8.8841 THz   0.2243  0.0000 -0.2243 -0.0000 -0.0000 -0.0000 -0.6706 -0.0000  0.6706 -0.0000 -0.0000  0.0000
    3   9.8633 THz   0.6155  0.0000  0.6155  0.0000  0.0000  0.0000  0.3482  0.0000  0.3482 -0.0000  0.0000 -0.0000
    4  11.1934 THz   0.0000  0.0000 -0.0000 -0.0000  0.1547 -0.0258 -0.0000 -0.0000  0.0000  0.0000  0.9742 -0.1623
    5  15.0451 THz   0.3482  0.0000  0.3482 -0.0000  0.0000 -0.0000 -0.6155  0.0000 -0.6155  0.0000 -0.0000 -0.0000


 Q= -0.056579 -0.056579 -0.056579, q= -0.250000 -0.250000 -0.250000

                       Mg X   0        Mg Y   0        Mg Z   0         O X   1         O Y   1         O Z   1     
                    --------------- --------------- --------------- --------------- --------------- ---------------
    0   4.3670 THz   0.1204  0.0000  0.5770 -0.0461 -0.6975  0.0461  0.0529 -0.0000  0.2536 -0.0203 -0.3065  0.0203
    1   4.3670 THz  -0.7377  0.0000  0.4729 -0.0075  0.2648  0.0075 -0.3242  0.0000  0.2078 -0.0033  0.1164  0.0033
    2   8.3449 THz   0.2943  0.0000 -0.0208 -0.0020 -0.2735  0.0020 -0.6697 -0.0000  0.0473  0.0045  0.6224 -0.0045
    3   8.3449 THz   0.1459  0.0000 -0.3278  0.0040  0.1819 -0.0040 -0.3321 -0.0000  0.7459 -0.0090 -0.4139  0.0090
    4   8.4232 THz   0.4970  0.0000  0.4970  0.0000  0.4970  0.0000  0.2937  0.0000  0.2937  0.0000  0.2937 -0.0000
    5  14.9524 THz  -0.2937  0.0000 -0.2937  0.0000 -0.2937  0.0000  0.4970 -0.0000  0.4970 -0.0000  0.4970 -0.0000


 Q=  0.000000  0.000000 -0.113158, q= -0.250000 -0.250000  0.000000

                       Mg X   0        Mg Y   0        Mg Z   0         O X   1         O Y   1         O Z   1     
                    --------------- --------------- --------------- --------------- --------------- ---------------
    0   5.8842 THz   0.9774  0.0000  0.0000  0.0000 -0.0000 -0.0000  0.2112  0.0000  0.0000  0.0000 -0.0000 -0.0000
    1   5.8842 THz   0.0000  0.0000 -0.1360  0.9679  0.0000 -0.0000 -0.0000 -0.0000 -0.0294  0.2092  0.0000 -0.0000
    2   6.9662 THz   0.0000  0.0000 -0.0000  0.0000 -0.6293  0.5843  0.0000  0.0000 -0.0000  0.0000 -0.3755  0.3487
    3   9.1603 THz   0.0000  0.0000  0.0389  0.2076 -0.0000  0.0000  0.0000  0.0000 -0.1799 -0.9607 -0.0000  0.0000
    4   9.1603 THz   0.2112  0.0000 -0.0000 -0.0000  0.0000  0.0000 -0.9774 -0.0000 -0.0000 -0.0000  0.0000  0.0000
    5  15.4940 THz   0.0000  0.0000  0.0000 -0.0000 -0.1164 -0.4990  0.0000  0.0000  0.0000 -0.0000  0.1951  0.8363


 Q=  0.056579  0.056579 -0.169736, q= -0.250000 -0.250000  0.250000

                       Mg X   0        Mg Y   0        Mg Z   0         O X   1         O Y   1         O Z   1     
                    --------------- --------------- --------------- --------------- --------------- ---------------
    0   6.4023 THz  -0.7054  0.0000  0.7054  0.0000 -0.0000  0.0000  0.0495 -0.0000 -0.0495 -0.0000 -0.0000 -0.0000
    1   7.1692 THz   0.4409  0.0000  0.4409  0.0000  0.7559  0.0000  0.0164  0.0000  0.0164 -0.0000  0.1985  0.0000
    2   9.4691 THz  -0.4675  0.0000 -0.4675  0.0000  0.3997 -0.0000  0.2671 -0.0000  0.2671  0.0000  0.5105 -0.0000
    3   9.6209 THz  -0.0495  0.0000  0.0495 -0.0000 -0.0000  0.0000 -0.7054  0.0000  0.7054 -0.0000 -0.0000  0.0000
    4  11.8980 THz  -0.2621  0.0000 -0.2621  0.0000  0.3708 -0.0000 -0.5927  0.0000 -0.5927  0.0000 -0.1501  0.0000
    5  14.5641 THz  -0.1358  0.0000 -0.1358 -0.0000  0.3626  0.0000  0.2777  0.0000  0.2777  0.0000 -0.8231 -0.0000


 Q= -0.056579 -0.169736  0.056579, q= -0.250000  0.000000 -0.500000

                       Mg X   0        Mg Y   0        Mg Z   0         O X   1         O Y   1         O Z   1     
                    --------------- --------------- --------------- --------------- --------------- ---------------
    0   6.4023 THz  -0.7054  0.0000  0.0000 -0.0000 -0.7054 -0.0000  0.0495  0.0000  0.0000 -0.0000  0.0495  0.0000
    1   7.1692 THz  -0.4409  0.0000  0.7559  0.0000  0.4409  0.0000 -0.0164  0.0000  0.1985  0.0000  0.0164  0.0000
    2   9.4691 THz   0.4675  0.0000  0.3997  0.0000 -0.4675 -0.0000 -0.2671 -0.0000  0.5105  0.0000  0.2671 -0.0000
    3   9.6209 THz  -0.0495  0.0000 -0.0000  0.0000 -0.0495 -0.0000 -0.7054 -0.0000 -0.0000  0.0000 -0.7054 -0.0000
    4  11.8980 THz  -0.2621  0.0000 -0.3708 -0.0000  0.2621  0.0000 -0.5927 -0.0000  0.1501  0.0000  0.5927  0.0000
    5  14.5641 THz  -0.1358  0.0000 -0.3626  0.0000  0.1358 -0.0000  0.2777  0.0000  0.8231  0.0000 -0.2777 -0.0000


 Q=  0.000000 -0.113158  0.000000, q= -0.250000  0.000000 -0.250000

                       Mg X   0        Mg Y   0        Mg Z   0         O X   1         O Y   1         O Z   1     
                    --------------- --------------- --------------- --------------- --------------- ---------------
    0   5.8842 THz   0.9774  0.0000  0.0000 -0.0000  0.0000 -0.0000  0.2112 -0.0000  0.0000 -0.0000  0.0000  0.0000
    1   5.8842 THz   0.0000  0.0000  0.0000 -0.0000 -0.9745  0.0763  0.0000 -0.0000  0.0000 -0.0000 -0.2106  0.0165
    2   6.9662 THz   0.0000  0.0000 -0.1479 -0.8459 -0.0000 -0.0000 -0.0000  0.0000 -0.0882 -0.5048  0.0000 -0.0000
    3   9.1603 THz   0.0000  0.0000 -0.0000  0.0000 -0.2111 -0.0078 -0.0000  0.0000 -0.0000  0.0000  0.9768  0.0362
    4   9.1603 THz   0.2112  0.0000 -0.0000  0.0000 -0.0000  0.0000 -0.9774  0.0000 -0.0000  0.0000 -0.0000 -0.0000
    5  15.4940 THz  -0.0000 -0.0000 -0.0653 -0.5083 -0.0000  0.0000  0.0000  0.0000  0.1094  0.8517 -0.0000  0.0000


 Q=  0.056579 -0.056579 -0.056579, q= -0.250000  0.000000  0.000000

                       Mg X   0        Mg Y   0        Mg Z   0         O X   1         O Y   1         O Z   1     
                    --------------- --------------- --------------- --------------- --------------- ---------------
    0   4.3670 THz   0.7472  0.0000  0.3898 -0.0075  0.3575  0.0075  0.3284  0.0000  0.1713 -0.0033  0.1571  0.0033
    1   4.3670 THz  -0.0206  0.0000  0.5765 -0.2729 -0.5971  0.2729 -0.0090 -0.0000  0.2533 -0.1199 -0.2624  0.1199
    2   8.3449 THz   0.3135  0.0000  0.1108  0.0714  0.2027 -0.0714 -0.7135  0.0000 -0.2522 -0.1624 -0.4613  0.1624
    3   8.3449 THz  -0.0980  0.0000 -0.1960  0.2283  0.0980 -0.2283  0.2230 -0.0000  0.4460 -0.5195 -0.2230  0.5195
    4   8.4232 THz  -0.4970  0.0000  0.4970 -0.0000  0.4970 -0.0000 -0.2937  0.0000  0.2937  0.0000  0.2937  0.0000
    5  14.9524 THz  -0.2937  0.0000  0.2937  0.0000  0.2937  0.0000  0.4970  0.0000 -0.4970 -0.0000 -0.4970 -0.0000


 Q=  0.113158  0.000000 -0.113158, q= -0.250000  0.000000  0.250000

                       Mg X   0        Mg Y   0        Mg Z   0         O X   1         O Y   1         O Z   1     
                    --------------- --------------- --------------- --------------- --------------- ---------------
    0   5.1607 THz   0.6706  0.0000 -0.0000 -0.0000  0.6706  0.0000  0.2243  0.0000  0.0000 -0.0000  0.2243  0.0000
    1   7.4569 THz   0.0000  0.0000  0.9875 -0.0172  0.0000 -0.0000  0.0000 -0.0000 -0.1568  0.0027  0.0000 -0.0000
    2   8.8841 THz   0.2243  0.0000  0.0000  0.0000  0.2243 -0.0000 -0.6706  0.0000  0.0000  0.0000 -0.6706  0.0000
    3   9.8633 THz   0.6155  0.0000 -0.0000  0.0000 -0.6155  0.0000  0.3482 -0.0000  0.0000  0.0000 -0.3482 -0.0000
    4  11.1934 THz   0.0000  0.0000 -0.1466 -0.0555 -0.0000 -0.0000 -0.0000  0.0000 -0.9237 -0.3497 -0.0000  0.0000
    5  15.0451 THz  -0.3482  0.0000  0.0000  0.0000  0.3482  0.0000  0.6155  0.0000 -0.0000 -0.0000 -0.6155 -0.0000


 Q=  0.000000 -0.226315  0.113158, q= -0.250000  0.250000 -0.500000

                       Mg X   0        Mg Y   0        Mg Z   0         O X   1         O Y   1         O Z   1     
                    --------------- --------------- --------------- --------------- --------------- ---------------
    0   8.0485 THz   0.0000  0.0000  0.0000 -0.0000 -0.7655  0.6435  0.0000  0.0000  0.0000 -0.0000  0.0000  0.0000
    1   8.1818 THz   0.9569  0.0000  0.0000 -0.0000 -0.0000  0.0000 -0.2904 -0.0000  0.0000  0.0000 -0.0000 -0.0000
    2   8.1818 THz   0.0000  0.0000 -0.9569  0.0052 -0.0000  0.0000 -0.0000 -0.0000 -0.2904  0.0016  0.0000  0.0000
    3  10.9642 THz   0.0000  0.0000 -0.0000  0.0000  0.0000  0.0000  0.0000  0.0000 -0.0000 -0.0000 -0.5412 -0.8409
    4  12.9259 THz   0.0000  0.0000 -0.2900 -0.0161  0.0000  0.0000 -0.0000 -0.0000  0.9554  0.0532 -0.0000 -0.0000
    5  12.9259 THz   0.2904  0.0000 -0.0000  0.0000  0.0000 -0.0000  0.9569  0.0000 -0.0000 -0.0000  0.0000  0.0000


 Q=  0.056579 -0.169736  0.056579, q= -0.250000  0.250000 -0.250000

                       Mg X   0        Mg Y   0        Mg Z   0         O X   1         O Y   1         O Z   1     
                    --------------- --------------- --------------- --------------- --------------- ---------------
    0   6.4023 THz  -0.7054  0.0000  0.0000  0.0000  0.7054  0.0000  0.0495  0.0000  0.0000  0.0000 -0.0495 -0.0000
    1   7.1692 THz   0.4409  0.0000  0.7559  0.0000  0.4409  0.0000  0.0164 -0.0000  0.1985 -0.0000  0.0164 -0.0000
    2   9.4691 THz  -0.4675  0.0000  0.3997 -0.0000 -0.4675 -0.0000  0.2671  0.0000  0.5105  0.0000  0.2671 -0.0000
    3   9.6209 THz   0.0495  0.0000 -0.0000  0.0000 -0.0495 -0.0000  0.7054  0.0000 -0.0000  0.0000 -0.7054 -0.0000
    4  11.8980 THz  -0.2621  0.0000  0.3708  0.0000 -0.2621 -0.0000 -0.5927 -0.0000 -0.1501 -0.0000 -0.5927 -0.0000
    5  14.5641 THz   0.1358  0.0000 -0.3626  0.0000  0.1358 -0.0000 -0.2777  0.0000  0.8231 -0.0000 -0.2777  0.0000


 Q=  0.113158 -0.113158  0.000000, q= -0.250000  0.250000  0.000000

                       Mg X   0        Mg Y   0        Mg Z   0         O X   1         O Y   1         O Z   1     
                    --------------- --------------- --------------- --------------- --------------- ---------------
    0   5.1607 THz   0.6706  0.0000  0.6706 -0.0000 -0.0000 -0.0000  0.2243 -0.0000  0.2243 -0.0000 -0.0000 -0.0000
    1   7.4569 THz   0.0000  0.0000  0.0000 -0.0000 -0.3044  0.9395 -0.0000  0.0000 -0.0000  0.0000  0.0483 -0.1492
    2   8.8841 THz   0.2243  0.0000  0.2243  0.0000  0.0000 -0.0000 -0.6706 -0.0000 -0.6706  0.0000  0.0000  0.0000
    3   9.8633 THz   0.6155  0.0000 -0.6155 -0.0000 -0.0000  0.0000  0.3482  0.0000 -0.3482  0.0000 -0.0000 -0.0000
    4  11.1934 THz   0.0000  0.0000  0.0000  0.0000 -0.1567 -0.0049 -0.0000  0.0000 -0.0000  0.0000 -0.9871 -0.0309
    5  15.0451 THz   0.3482  0.0000 -0.3482  0.0000  0.0000  0.0000 -0.6155  0.0000  0.6155 -0.0000  0.0000  0.0000


 Q=  0.169736 -0.056579 -0.056579, q= -0.250000  0.250000  0.250000

                       Mg X   0        Mg Y   0        Mg Z   0         O X   1         O Y   1         O Z   1     
                    --------------- --------------- --------------- --------------- --------------- ---------------
    0   6.4023 THz   0.0000  0.0000 -0.7053  0.0102  0.7053 -0.0102  0.0000  0.0000  0.0495 -0.0007 -0.0495  0.0007
    1   7.1692 THz   0.7559  0.0000  0.4409 -0.0000  0.4409  0.0000  0.1985  0.0000  0.0164  0.0000  0.0164  0.0000
    2   9.4691 THz  -0.3997  0.0000  0.4675 -0.0000  0.4675 -0.0000 -0.5105  0.0000 -0.2671  0.0000 -0.2671 -0.0000
    3   9.6209 THz   0.0000  0.0000  0.0448  0.0212 -0.0448 -0.0212 -0.0000 -0.0000  0.6376  0.3017 -0.6376 -0.3017
    4  11.8980 THz  -0.3708  0.0000  0.2621  0.0000  0.2621  0.0000  0.1501 -0.0000  0.5927  0.0000  0.5927  0.0000
    5  14.5641 THz  -0.3626  0.0000  0.1358 -0.0000  0.1358 -0.0000  0.8231  0.0000 -0.2777 -0.0000 -0.2777 -0.0000


 Q= -0.226315  0.000000  0.000000, q=  0.000000 -0.500000 -0.500000

                       Mg X   0        Mg Y   0        Mg Z   0         O X   1         O Y   1         O Z   1     
                    --------------- --------------- --------------- --------------- --------------- ---------------
    0   7.0181 THz   0.0000  0.0000  0.9967  0.0000 -0.0434  0.0000 -0.0000  0.0000 -0.0687 -0.0000  0.0030 -0.0000
    1   7.0181 THz   0.0000  0.0000  0.0434  0.0000  0.9967  0.0000 -0.0000  0.0000 -0.0030 -0.0000 -0.0687 -0.0000
    2   8.9292 THz   0.9308  0.0000  0.0000  0.0000  0.0000  0.0000  0.3656  0.0000 -0.0000  0.0000  0.0000  0.0000
    3  10.4921 THz   0.0000  0.0000  0.0173 -0.0000  0.0666  0.0000 -0.0000  0.0000  0.2502 -0.0000  0.9658  0.0000
    4  10.4921 THz   0.0000  0.0000  0.0666 -0.0000 -0.0173 -0.0000  0.0000  0.0000  0.9658 -0.0000 -0.2502 -0.0000
    5  14.7088 THz   0.3656  0.0000  0.0000 -0.0000 -0.0000 -0.0000 -0.9308 -0.0000  0.0000 -0.0000 -0.0000 -0.0000


 Q= -0.169736  0.056579 -0.056579, q=  0.000000 -0.500000 -0.250000

                       Mg X   0        Mg Y   0        Mg Z   0         O X   1         O Y   1         O Z   1     
                    --------------- --------------- --------------- --------------- --------------- ---------------
    0   6.4023 THz   0.0000  0.0000 -0.7053 -0.0096 -0.7053 -0.0096  0.0000 -0.0000  0.0495  0.0007  0.0495  0.0007
    1   7.1692 THz   0.7559  0.0000  0.4409 -0.0000 -0.4409  0.0000  0.1985  0.0000  0.0164  0.0000 -0.0164 -0.0000
    2   9.4691 THz  -0.3997  0.0000  0.4675 -0.0000 -0.4675  0.0000 -0.5105  0.0000 -0.2671  0.0000  0.2671  0.0000
    3   9.6209 THz  -0.0000  0.0000 -0.0494 -0.0038 -0.0494 -0.0038 -0.0000  0.0000 -0.7033 -0.0544 -0.7033 -0.0544
    4  11.8980 THz   0.3708  0.0000 -0.2621 -0.0000  0.2621  0.0000 -0.1501 -0.0000 -0.5927 -0.0000  0.5927  0.0000
    5  14.5641 THz  -0.3626  0.0000  0.1358  0.0000 -0.1358 -0.0000  0.8231  0.0000 -0.2777 -0.0000  0.2777  0.0000


 Q= -0.113158  0.113158 -0.113158, q=  0.000000 -0.500000  0.000000

                       Mg X   0        Mg Y   0        Mg Z   0         O X   1         O Y   1         O Z   1     
                    --------------- --------------- --------------- --------------- --------------- ---------------
    0   5.7326 THz   0.0000  0.0000 -0.7071 -0.0000 -0.7071 -0.0000 -0.0000 -0.0000 -0.0000 -0.0000  0.0000  0.0000
    1   5.7326 THz   0.8165  0.0000  0.4082 -0.0000 -0.4082  0.0000  0.0000  0.0000 -0.0000 -0.0000  0.0000 -0.0000
    2   8.5069 THz   0.0000  0.0000 -0.0000  0.0000 -0.0000  0.0000  0.1937  0.0947 -0.3527 -0.4655 -0.5464 -0.5602
    3   8.5069 THz   0.0000  0.0000  0.0000  0.0000  0.0000  0.0000 -0.3039 -0.7265 -0.1520 -0.5500  0.1520  0.1765
    4  13.6750 THz   0.5774  0.0000 -0.5774  0.0000  0.5774 -0.0000 -0.0000 -0.0000  0.0000  0.0000 -0.0000  0.0000
    5  14.7606 THz   0.0000  0.0000  0.0000  0.0000  0.0000 -0.0000  0.5384  0.2085 -0.5384 -0.2085  0.5384  0.2085


 Q= -0.056579  0.169736 -0.169736, q=  0.000000 -0.500000  0.250000

                       Mg X   0        Mg Y   0        Mg Z   0         O X   1         O Y   1         O Z   1     
                    --------------- --------------- --------------- --------------- --------------- ---------------
    0   6.4023 THz  -0.0000  0.0000  0.7051 -0.0196  0.7051 -0.0196  0.0000  0.0000  0.0495 -0.0014  0.0495 -0.0014
    1   7.1692 THz   0.7559  0.0000  0.4409  0.0000 -0.4409 -0.0000 -0.1985  0.0000 -0.0164  0.0000  0.0164  0.0000
    2   9.4691 THz   0.3997  0.0000 -0.4675 -0.0000  0.4675  0.0000 -0.5105 -0.0000 -0.2671 -0.0000  0.2671 -0.0000
    3   9.6209 THz   0.0000  0.0000  0.0482 -0.0115  0.0482 -0.0115 -0.0000 -0.0000 -0.6862  0.1633 -0.6862  0.1633
    4  11.8980 THz   0.3708  0.0000 -0.2621  0.0000  0.2621 -0.0000  0.1501 -0.0000  0.5927 -0.0000 -0.5927  0.0000
    5  14.5641 THz  -0.3626  0.0000  0.1358 -0.0000 -0.1358  0.0000 -0.8231  0.0000  0.2777 -0.0000 -0.2777  0.0000


 Q= -0.169736 -0.056579  0.056579, q=  0.000000 -0.250000 -0.500000

                       Mg X   0        Mg Y   0        Mg Z   0         O X   1         O Y   1         O Z   1     
                    --------------- --------------- --------------- --------------- --------------- ---------------
    0   6.4023 THz  -0.0000  0.0000 -0.7050  0.0230 -0.7050  0.0230 -0.0000  0.0000  0.0495 -0.0016  0.0495 -0.0016
    1   7.1692 THz   0.7559  0.0000 -0.4409 -0.0000  0.4409  0.0000  0.1985 -0.0000 -0.0164  0.0000  0.0164 -0.0000
    2   9.4691 THz  -0.3997  0.0000 -0.4675 -0.0000  0.4675  0.0000 -0.5105 -0.0000  0.2671  0.0000 -0.2671  0.0000
    3   9.6209 THz  -0.0000  0.0000 -0.0386 -0.0310 -0.0386 -0.0310 -0.0000 -0.0000 -0.5497 -0.4421 -0.5497 -0.4421
    4  11.8980 THz  -0.3708  0.0000 -0.2621  0.0000  0.2621 -0.0000  0.1501  0.0000 -0.5927  0.0000  0.5927 -0.0000
    5  14.5641 THz   0.3626  0.0000  0.1358 -0.0000 -0.1358  0.0000 -0.8231  0.0000 -0.2777  0.0000  0.2777 -0.0000


 Q= -0.113158  0.000000  0.000000, q=  0.000000 -0.250000 -0.250000

                       Mg X   0        Mg Y   0        Mg Z   0         O X   1         O Y   1         O Z   1     
                    --------------- --------------- --------------- --------------- --------------- ---------------
    0   5.8842 THz   0.0000  0.0000 -0.1296  0.3070 -0.9027 -0.1716  0.0000  0.0000 -0.0280  0.0663 -0.1951 -0.0371
    1   5.8842 THz   0.0000  0.0000  0.9040 -0.1647 -0.1273 -0.3079  0.0000  0.0000  0.1954 -0.0356 -0.0275 -0.0665
    2   6.9662 THz   0.8587  0.0000  0.0000 -0.0000 -0.0000 -0.0000  0.5124  0.0000  0.0000 -0.0000  0.0000  0.0000
    3   9.1603 THz  -0.0000 -0.0000  0.0690  0.1002  0.0110 -0.1723 -0.0000  0.0000 -0.3195 -0.4637 -0.0509  0.7973
    4   9.1603 THz   0.0000  0.0000 -0.1480 -0.0889 -0.0432 -0.1138  0.0000  0.0000  0.6847  0.4116  0.1997  0.5265
    5  15.4940 THz   0.5124  0.0000  0.0000  0.0000  0.0000  0.0000 -0.8587 -0.0000 -0.0000  0.0000 -0.0000 -0.0000


 Q= -0.056579  0.056579 -0.056579, q=  0.000000 -0.250000  0.000000

                       Mg X   0        Mg Y   0        Mg Z   0         O X   1         O Y   1         O Z   1     
                    --------------- --------------- --------------- --------------- --------------- ---------------
    0   4.3670 THz   0.6815  0.0000  0.0785 -0.0441 -0.6030 -0.0441  0.2995  0.0000  0.0345 -0.0194 -0.2650 -0.0194
    1   4.3670 THz   0.3071  0.0000  0.7356  0.0979  0.4285  0.0979  0.1349 -0.0000  0.3232  0.0430  0.1883  0.0430
    2   8.3449 THz   0.3283  0.0000  0.1719 -0.0026 -0.1565 -0.0026 -0.7472  0.0000 -0.3911  0.0060  0.3561  0.0060
    3   8.3449 THz  -0.0094  0.0000  0.2644 -0.0918  0.2738 -0.0918  0.0214  0.0000 -0.6017  0.2090 -0.6231  0.2090
    4   8.4232 THz   0.4970  0.0000 -0.4970  0.0000  0.4970  0.0000  0.2937 -0.0000 -0.2937 -0.0000  0.2937 -0.0000
    5  14.9524 THz  -0.2937  0.0000  0.2937  0.0000 -0.2937  0.0000  0.4970  0.0000 -0.4970 -0.0000  0.4970  0.0000


 Q=  0.000000  0.113158 -0.113158, q=  0.000000 -0.250000  0.250000

                       Mg X   0        Mg Y   0        Mg Z   0         O X   1         O Y   1         O Z   1     
                    --------------- --------------- --------------- --------------- --------------- ---------------
    0   5.1607 THz   0.0000  0.0000 -0.2873  0.6059 -0.2873  0.6059  0.0000  0.0000 -0.0961  0.2027 -0.0961  0.2027
    1   7.4569 THz   0.9876  0.0000  0.0000  0.0000 -0.0000  0.0000 -0.1568  0.0000 -0.0000  0.0000 -0.0000 -0.0000
    2   8.8841 THz   0.0000  0.0000  0.2243 -0.0035  0.2243 -0.0035  0.0000 -0.0000 -0.6705  0.0104 -0.6705  0.0104
    3   9.8633 THz   0.0000  0.0000  0.6107 -0.0761 -0.6107  0.0761  0.0000 -0.0000  0.3455 -0.0430 -0.3455  0.0430
    4  11.1934 THz   0.1568  0.0000 -0.0000 -0.0000  0.0000 -0.0000  0.9876 -0.0000  0.0000 -0.0000  0.0000  0.0000
    5  15.0451 THz   0.0000  0.0000 -0.3439  0.0544  0.3439 -0.0544 -0.0000  0.0000  0.6079 -0.0961 -0.6079  0.0961


 Q= -0.113158 -0.113158  0.113158, q=  0.000000  0.000000 -0.500000

                       Mg X   0        Mg Y   0        Mg Z   0         O X   1         O Y   1         O Z   1     
                    --------------- --------------- --------------- --------------- --------------- ---------------
    0   5.7326 THz   0.8165  0.0000 -0.4082  0.0000  0.4082 -0.0000  0.0000 -0.0000  0.0000 -0.0000 -0.0000 -0.0000
    1   5.7326 THz   0.0000  0.0000 -0.7071 -0.0000 -0.7071 -0.0000 -0.0000  0.0000  0.0000 -0.0000  0.0000 -0.0000
    2   8.5069 THz   0.0000  0.0000  0.0000 -0.0000  0.0000  0.0000 -0.5773  0.2494  0.4585 -0.5425 -0.1188 -0.2931
    3   8.5069 THz   0.0000  0.0000 -0.0000 -0.0000 -0.0000 -0.0000  0.3651 -0.3713 -0.1826 -0.3589  0.1826 -0.7303
    4  13.6750 THz  -0.5774  0.0000 -0.5774  0.0000  0.5774 -0.0000  0.0000 -0.0000  0.0000 -0.0000 -0.0000 -0.0000
    5  14.7606 THz   0.0000  0.0000  0.0000  0.0000 -0.0000 -0.0000  0.5741 -0.0615  0.5741 -0.0615 -0.5741  0.0615


 Q= -0.056579 -0.056579  0.056579, q=  0.000000  0.000000 -0.250000

                       Mg X   0        Mg Y   0        Mg Z   0         O X   1         O Y   1         O Z   1     
                    --------------- --------------- --------------- --------------- --------------- ---------------
    0   4.3670 THz  -0.6721  0.0000  0.0546 -0.0323 -0.6175 -0.0323 -0.2953  0.0000  0.0240 -0.0142 -0.2714 -0.0142
    1   4.3670 THz   0.3272 -0.0000 -0.7418 -0.0664 -0.4147 -0.0664  0.1438 -0.0000 -0.3260 -0.0292 -0.1822 -0.0292
    2   8.3449 THz   0.3089  0.0000 -0.0577  0.0002  0.2512  0.0002 -0.7030 -0.0000  0.1313 -0.0004 -0.5716 -0.0004
    3   8.3449 THz  -0.1117  0.0000  0.3234  0.0005  0.2117  0.0005  0.2542 -0.0000 -0.7359 -0.0011 -0.4817 -0.0011
    4   8.4232 THz  -0.4970  0.0000 -0.4970 -0.0000  0.4970  0.0000 -0.2937 -0.0000 -0.2937 -0.0000  0.2937 -0.0000
    5  14.9524 THz  -0.2937  0.0000 -0.2937  0.0000  0.2937 -0.0000  0.4970 -0.0000  0.4970 -0.0000 -0.4970  0.0000


 Q=  0.000000  0.000000  0.000000, q=  0.000000  0.000000  0.000000

                       Mg X   0        Mg Y   0        Mg Z   0         O X   1         O Y   1         O Z   1     
                    --------------- --------------- --------------- --------------- --------------- ---------------
    0   0.0000 THz   0.7385  0.0000 -0.1482  0.0000  0.1888  0.0000  0.5992  0.0000 -0.1202  0.0000  0.1532  0.0000
    1   0.0000 THz  -0.2177  0.0000 -0.1565  0.0000  0.7288  0.0000 -0.1766  0.0000 -0.1270  0.0000  0.5913  0.0000
    2   0.0000 THz   0.1010  0.0000  0.7461  0.0000  0.1903  0.0000  0.0820  0.0000  0.6053  0.0000  0.1544  0.0000
    3   7.8848 THz  -0.0000  0.0000 -0.6229  0.0000  0.0949  0.0000 -0.0000  0.0000  0.7677  0.0000 -0.1169  0.0000
    4   7.8848 THz  -0.6301 -0.0000  0.0000 -0.0000  0.0000 -0.0000  0.7766 -0.0000 -0.0000 -0.0000 -0.0000 -0.0000
    5   7.8848 THz   0.0000  0.0000 -0.0949  0.0000 -0.6229  0.0000  0.0000  0.0000  0.1169  0.0000  0.7677  0.0000


 Q=  0.056579  0.056579 -0.056579, q=  0.000000  0.000000  0.250000

                       Mg X   0        Mg Y   0        Mg Z   0         O X   1         O Y   1         O Z   1     
                    --------------- --------------- --------------- --------------- --------------- ---------------
    0   4.3670 THz  -0.6721  0.0000  0.0546  0.0323 -0.6175  0.0323 -0.2953 -0.0000  0.0240  0.0142 -0.2714  0.0142
    1   4.3670 THz   0.3272 -0.0000 -0.7418  0.0664 -0.4147  0.0664  0.1438  0.0000 -0.3260  0.0292 -0.1822  0.0292
    2   8.3449 THz   0.3089  0.0000 -0.0577 -0.0002  0.2512 -0.0002 -0.7030  0.0000  0.1313  0.0004 -0.5716  0.0004
    3   8.3449 THz  -0.1117  0.0000  0.3234 -0.0005  0.2117 -0.0005  0.2542  0.0000 -0.7359  0.0011 -0.4817  0.0011
    4   8.4232 THz  -0.4970  0.0000 -0.4970  0.0000  0.4970 -0.0000 -0.2937  0.0000 -0.2937  0.0000  0.2937  0.0000
    5  14.9524 THz  -0.2937  0.0000 -0.2937 -0.0000  0.2937  0.0000  0.4970  0.0000  0.4970  0.0000 -0.4970 -0.0000


 Q= -0.056579 -0.169736  0.169736, q=  0.000000  0.250000 -0.500000

                       Mg X   0        Mg Y   0        Mg Z   0         O X   1         O Y   1         O Z   1     
                    --------------- --------------- --------------- --------------- --------------- ---------------
    0   6.4023 THz  -0.0000  0.0000  0.7050 -0.0218  0.7050 -0.0218  0.0000 -0.0000  0.0495 -0.0015  0.0495 -0.0015
    1   7.1692 THz   0.7559  0.0000 -0.4409 -0.0000  0.4409 -0.0000 -0.1985 -0.0000  0.0164 -0.0000 -0.0164  0.0000
    2   9.4691 THz   0.3997  0.0000  0.4675 -0.0000 -0.4675  0.0000 -0.5105 -0.0000  0.2671  0.0000 -0.2671 -0.0000
    3   9.6209 THz   0.0000  0.0000  0.0495 -0.0014  0.0495 -0.0014 -0.0000 -0.0000 -0.7051  0.0199 -0.7051  0.0199
    4  11.8980 THz  -0.3708  0.0000 -0.2621  0.0000  0.2621 -0.0000 -0.1501 -0.0000  0.5927  0.0000 -0.5927 -0.0000
    5  14.5641 THz   0.3626  0.0000  0.1358  0.0000 -0.1358 -0.0000  0.8231  0.0000  0.2777  0.0000 -0.2777 -0.0000


 Q=  0.000000 -0.113158  0.113158, q=  0.000000  0.250000 -0.250000

                       Mg X   0        Mg Y   0        Mg Z   0         O X   1         O Y   1         O Z   1     
                    --------------- --------------- --------------- --------------- --------------- ---------------
    0   5.1607 THz   0.0000  0.0000 -0.2873 -0.6059 -0.2873 -0.6059  0.0000 -0.0000 -0.0961 -0.2027 -0.0961 -0.2027
    1   7.4569 THz   0.9876  0.0000  0.0000 -0.0000 -0.0000 -0.0000 -0.1568 -0.0000 -0.0000 -0.0000 -0.0000  0.0000
    2   8.8841 THz   0.0000  0.0000  0.2243  0.0035  0.2243  0.0035  0.0000  0.0000 -0.6705 -0.0104 -0.6705 -0.0104
    3   9.8633 THz   0.0000  0.0000  0.6107  0.0761 -0.6107 -0.0761  0.0000  0.0000  0.3455  0.0430 -0.3455 -0.0430
    4  11.1934 THz   0.1568  0.0000 -0.0000  0.0000  0.0000  0.0000  0.9876  0.0000  0.0000  0.0000  0.0000 -0.0000
    5  15.0451 THz   0.0000  0.0000 -0.3439 -0.0544  0.3439  0.0544 -0.0000 -0.0000  0.6079  0.0961 -0.6079 -0.0961


 Q=  0.056579 -0.056579  0.056579, q=  0.000000  0.250000  0.000000

                       Mg X   0        Mg Y   0        Mg Z   0         O X   1         O Y   1         O Z   1     
                    --------------- --------------- --------------- --------------- --------------- ---------------
    0   4.3670 THz   0.6815  0.0000  0.0785  0.0441 -0.6030  0.0441  0.2995 -0.0000  0.0345  0.0194 -0.2650  0.0194
    1   4.3670 THz   0.3071  0.0000  0.7356 -0.0979  0.4285 -0.0979  0.1349  0.0000  0.3232 -0.0430  0.1883 -0.0430
    2   8.3449 THz   0.3283  0.0000  0.1719  0.0026 -0.1565  0.0026 -0.7472 -0.0000 -0.3911 -0.0060  0.3561 -0.0060
    3   8.3449 THz  -0.0094  0.0000  0.2644  0.0918  0.2738  0.0918  0.0214 -0.0000 -0.6017 -0.2090 -0.6231 -0.2090
    4   8.4232 THz   0.4970  0.0000 -0.4970 -0.0000  0.4970 -0.0000  0.2937  0.0000 -0.2937  0.0000  0.2937  0.0000
    5  14.9524 THz  -0.2937  0.0000  0.2937 -0.0000 -0.2937 -0.0000  0.4970 -0.0000 -0.4970  0.0000  0.4970 -0.0000


 Q=  0.113158  0.000000  0.000000, q=  0.000000  0.250000  0.250000

                       Mg X   0        Mg Y   0        Mg Z   0         O X   1         O Y   1         O Z   1     
                    --------------- --------------- --------------- --------------- --------------- ---------------
    0   5.8842 THz   0.0000  0.0000 -0.1296 -0.3070 -0.9027  0.1716  0.0000 -0.0000 -0.0280 -0.0663 -0.1951  0.0371
    1   5.8842 THz   0.0000  0.0000  0.9040  0.1647 -0.1273  0.3079  0.0000  0.0000  0.1954  0.0356 -0.0275  0.0665
    2   6.9662 THz   0.8587  0.0000  0.0000  0.0000 -0.0000  0.0000  0.5124 -0.0000  0.0000  0.0000  0.0000 -0.0000
    3   9.1603 THz  -0.0000 -0.0000  0.0690 -0.1002  0.0110  0.1723 -0.0000 -0.0000 -0.3195  0.4637 -0.0509 -0.7973
    4   9.1603 THz   0.0000  0.0000 -0.1480  0.0889 -0.0432  0.1138  0.0000 -0.0000  0.6847 -0.4116  0.1997 -0.5265
    5  15.4940 THz   0.5124  0.0000  0.0000 -0.0000  0.0000 -0.0000 -0.8587  0.0000 -0.0000 -0.0000 -0.0000  0.0000


 Q= -0.282894  0.056579  0.056579, q=  0.250000 -0.500000 -0.500000

                       Mg X   0        Mg Y   0        Mg Z   0         O X   1         O Y   1         O Z   1     
                    --------------- --------------- --------------- --------------- --------------- ---------------
    0   6.4023 THz  -0.0000  0.0000 -0.7043 -0.0395  0.7043  0.0395 -0.0000 -0.0000  0.0494  0.0028 -0.0494 -0.0028
    1   7.1692 THz   0.7559  0.0000 -0.4409 -0.0000 -0.4409  0.0000  0.1985  0.0000 -0.0164 -0.0000 -0.0164 -0.0000
    2   9.4691 THz  -0.3997  0.0000 -0.4675 -0.0000 -0.4675  0.0000 -0.5105 -0.0000  0.2671 -0.0000  0.2671  0.0000
    3   9.6209 THz   0.0000  0.0000  0.0230 -0.0439 -0.0230  0.0439  0.0000 -0.0000  0.3275 -0.6248 -0.3275  0.6248
    4  11.8980 THz   0.3708  0.0000  0.2621  0.0000  0.2621 -0.0000 -0.1501 -0.0000  0.5927  0.0000  0.5927  0.0000
    5  14.5641 THz   0.3626  0.0000  0.1358  0.0000  0.1358  0.0000 -0.8231 -0.0000 -0.2777 -0.0000 -0.2777 -0.0000


 Q= -0.226315  0.113158  0.000000, q=  0.250000 -0.500000 -0.250000

                       Mg X   0        Mg Y   0        Mg Z   0         O X   1         O Y   1         O Z   1     
                    --------------- --------------- --------------- --------------- --------------- ---------------
    0   8.0485 THz   0.0000  0.0000  0.9989 -0.0469 -0.0000 -0.0000  0.0000 -0.0000  0.0000  0.0000  0.0000  0.0000
    1   8.1818 THz   0.9569  0.0000 -0.0000  0.0000  0.0043  0.0008  0.2904  0.0000  0.0000 -0.0000 -0.0013 -0.0002
    2   8.1818 THz  -0.0044  0.0000  0.0000  0.0000  0.9405  0.1765 -0.0013  0.0000 -0.0000 -0.0000 -0.2855 -0.0536
    3  10.9642 THz  -0.0000  0.0000 -0.0000  0.0000  0.0000  0.0000  0.0000 -0.0000  0.9955 -0.0945 -0.0000 -0.0000
    4  12.9259 THz  -0.2904 -0.0000 -0.0000 -0.0000 -0.0000  0.0000  0.9569  0.0000 -0.0000 -0.0000  0.0000  0.0000
    5  12.9259 THz   0.0000  0.0000  0.0000  0.0000  0.2850  0.0558 -0.0000  0.0000  0.0000 -0.0000  0.9391  0.1838


 Q= -0.169736  0.169736 -0.056579, q=  0.250000 -0.500000  0.000000

                       Mg X   0        Mg Y   0        Mg Z   0         O X   1         O Y   1         O Z   1     
                    --------------- --------------- --------------- --------------- --------------- ---------------
    0   6.4023 THz  -0.7054  0.0000 -0.7054  0.0000  0.0000  0.0000 -0.0495 -0.0000 -0.0495 -0.0000 -0.0000  0.0000
    1   7.1692 THz   0.4409  0.0000 -0.4409  0.0000 -0.7559  0.0000 -0.0164  0.0000  0.0164  0.0000  0.1985 -0.0000
    2   9.4691 THz   0.4675  0.0000 -0.4675  0.0000  0.3997 -0.0000  0.2671  0.0000 -0.2671  0.0000 -0.5105  0.0000
    3   9.6209 THz  -0.0495  0.0000 -0.0495 -0.0000 -0.0000  0.0000  0.7054  0.0000  0.7054  0.0000  0.0000 -0.0000
    4  11.8980 THz   0.2621  0.0000 -0.2621 -0.0000  0.3708  0.0000 -0.5927 -0.0000  0.5927  0.0000  0.1501  0.0000
    5  14.5641 THz   0.1358  0.0000 -0.1358  0.0000  0.3626 -0.0000  0.2777 -0.0000 -0.2777  0.0000  0.8231 -0.0000


 Q= -0.113158  0.226315 -0.113158, q=  0.250000 -0.500000  0.250000

                       Mg X   0        Mg Y   0        Mg Z   0         O X   1         O Y   1         O Z   1     
                    --------------- --------------- --------------- --------------- --------------- ---------------
    0   5.1607 THz   0.6706  0.0000  0.0000  0.0000 -0.6706 -0.0000 -0.2243  0.0000  0.0000  0.0000  0.2243 -0.0000
    1   7.4569 THz   0.0000  0.0000 -0.9842 -0.0817  0.0000  0.0000 -0.0000 -0.0000 -0.1563 -0.0130  0.0000 -0.0000
    2   8.8841 THz  -0.2243  0.0000  0.0000  0.0000  0.2243  0.0000 -0.6706  0.0000  0.0000 -0.0000  0.6706 -0.0000
    3   9.8633 THz   0.6155  0.0000  0.0000 -0.0000  0.6155  0.0000 -0.3482 -0.0000 -0.0000 -0.0000 -0.3482  0.0000
    4  11.1934 THz  -0.0000  0.0000  0.1530  0.0344 -0.0000  0.0000  0.0000 -0.0000 -0.9636 -0.2167  0.0000  0.0000
    5  15.0451 THz   0.3482  0.0000 -0.0000  0.0000  0.3482 -0.0000  0.6155 -0.0000 -0.0000 -0.0000  0.6155 -0.0000


 Q= -0.226315  0.000000  0.113158, q=  0.250000 -0.250000 -0.500000

                       Mg X   0        Mg Y   0        Mg Z   0         O X   1         O Y   1         O Z   1     
                    --------------- --------------- --------------- --------------- --------------- ---------------
    0   8.0485 THz   0.0000  0.0000 -0.0000  0.0000 -0.9151  0.4031  0.0000 -0.0000  0.0000 -0.0000  0.0000  0.0000
    1   8.1818 THz   0.9569  0.0000  0.0000  0.0000  0.0000 -0.0000  0.2904 -0.0000  0.0000  0.0000 -0.0000 -0.0000
    2   8.1818 THz   0.0000  0.0000 -0.9568 -0.0164  0.0000  0.0000 -0.0000  0.0000  0.2904  0.0050 -0.0000  0.0000
    3  10.9642 THz   0.0000  0.0000 -0.0000 -0.0000  0.0000 -0.0000  0.0000 -0.0000 -0.0000  0.0000  0.9620 -0.2732
    4  12.9259 THz  -0.0000 -0.0000 -0.2901  0.0139  0.0000 -0.0000  0.0000 -0.0000 -0.9558  0.0458 -0.0000  0.0000
    5  12.9259 THz   0.2904  0.0000 -0.0000 -0.0000 -0.0000  0.0000 -0.9569  0.0000 -0.0000 -0.0000  0.0000  0.0000


 Q= -0.169736  0.056579  0.056579, q=  0.250000 -0.250000 -0.250000

                       Mg X   0        Mg Y   0        Mg Z   0         O X   1         O Y   1         O Z   1     
                    --------------- --------------- --------------- --------------- --------------- ---------------
    0   6.4023 THz   0.0000  0.0000 -0.7053 -0.0102  0.7053  0.0102  0.0000 -0.0000  0.0495  0.0007 -0.0495 -0.0007
    1   7.1692 THz   0.7559  0.0000  0.4409  0.0000  0.4409 -0.0000  0.1985 -0.0000  0.0164 -0.0000  0.0164 -0.0000
    2   9.4691 THz  -0.3997  0.0000  0.4675  0.0000  0.4675  0.0000 -0.5105 -0.0000 -0.2671 -0.0000 -0.2671  0.0000
    3   9.6209 THz   0.0000  0.0000  0.0448 -0.0212 -0.0448  0.0212 -0.0000  0.0000  0.6376 -0.3017 -0.6376  0.3017
    4  11.8980 THz  -0.3708  0.0000  0.2621 -0.0000  0.2621 -0.0000  0.1501  0.0000  0.5927 -0.0000  0.5927 -0.0000
    5  14.5641 THz  -0.3626  0.0000  0.1358  0.0000  0.1358  0.0000  0.8231 -0.0000 -0.2777  0.0000 -0.2777  0.0000


 Q= -0.113158  0.113158  0.000000, q=  0.250000 -0.250000  0.000000

                       Mg X   0        Mg Y   0        Mg Z   0         O X   1         O Y   1         O Z   1     
                    --------------- --------------- --------------- --------------- --------------- ---------------
    0   5.1607 THz   0.6706  0.0000  0.6706  0.0000 -0.0000  0.0000  0.2243  0.0000  0.2243  0.0000 -0.0000  0.0000
    1   7.4569 THz   0.0000  0.0000  0.0000  0.0000 -0.3044 -0.9395 -0.0000 -0.0000 -0.0000 -0.0000  0.0483  0.1492
    2   8.8841 THz   0.2243  0.0000  0.2243 -0.0000  0.0000  0.0000 -0.6706  0.0000 -0.6706 -0.0000  0.0000 -0.0000
    3   9.8633 THz   0.6155  0.0000 -0.6155  0.0000 -0.0000 -0.0000  0.3482 -0.0000 -0.3482 -0.0000 -0.0000  0.0000
    4  11.1934 THz   0.0000  0.0000  0.0000 -0.0000 -0.1567  0.0049 -0.0000 -0.0000 -0.0000 -0.0000 -0.9871  0.0309
    5  15.0451 THz   0.3482  0.0000 -0.3482 -0.0000  0.0000 -0.0000 -0.6155 -0.0000  0.6155  0.0000  0.0000 -0.0000


 Q= -0.056579  0.169736 -0.056579, q=  0.250000 -0.250000  0.250000

                       Mg X   0        Mg Y   0        Mg Z   0         O X   1         O Y   1         O Z   1     
                    --------------- --------------- --------------- --------------- --------------- ---------------
    0   6.4023 THz  -0.7054  0.0000  0.0000 -0.0000  0.7054 -0.0000  0.0495 -0.0000  0.0000 -0.0000 -0.0495  0.0000
    1   7.1692 THz   0.4409  0.0000  0.7559 -0.0000  0.4409 -0.0000  0.0164  0.0000  0.1985  0.0000  0.0164  0.0000
    2   9.4691 THz  -0.4675  0.0000  0.3997  0.0000 -0.4675  0.0000  0.2671 -0.0000  0.5105 -0.0000  0.2671  0.0000
    3   9.6209 THz   0.0495  0.0000 -0.0000 -0.0000 -0.0495  0.0000  0.7054 -0.0000 -0.0000 -0.0000 -0.7054  0.0000
    4  11.8980 THz  -0.2621  0.0000  0.3708 -0.0000 -0.2621  0.0000 -0.5927  0.0000 -0.1501  0.0000 -0.5927  0.0000
    5  14.5641 THz   0.1358  0.0000 -0.3626 -0.0000  0.1358  0.0000 -0.2777 -0.0000  0.8231  0.0000 -0.2777 -0.0000


 Q= -0.169736 -0.056579  0.169736, q=  0.250000  0.000000 -0.500000

                       Mg X   0        Mg Y   0        Mg Z   0         O X   1         O Y   1         O Z   1     
                    --------------- --------------- --------------- --------------- --------------- ---------------
    0   6.4023 THz  -0.7054  0.0000  0.0000  0.0000 -0.7054  0.0000 -0.0495  0.0000  0.0000 -0.0000 -0.0495  0.0000
    1   7.1692 THz   0.4409  0.0000 -0.7559  0.0000 -0.4409  0.0000 -0.0164 -0.0000  0.1985 -0.0000  0.0164 -0.0000
    2   9.4691 THz   0.4675  0.0000  0.3997 -0.0000 -0.4675  0.0000  0.2671 -0.0000 -0.5105  0.0000 -0.2671 -0.0000
    3   9.6209 THz   0.0495  0.0000  0.0000  0.0000  0.0495 -0.0000 -0.7054  0.0000 -0.0000 -0.0000 -0.7054  0.0000
    4  11.8980 THz   0.2621  0.0000  0.3708 -0.0000 -0.2621  0.0000 -0.5927  0.0000  0.1501 -0.0000  0.5927 -0.0000
    5  14.5641 THz  -0.1358  0.0000 -0.3626 -0.0000  0.1358  0.0000 -0.2777 -0.0000 -0.8231 -0.0000  0.2777 -0.0000


 Q= -0.113158  0.000000  0.113158, q=  0.250000  0.000000 -0.250000

                       Mg X   0        Mg Y   0        Mg Z   0         O X   1         O Y   1         O Z   1     
                    --------------- --------------- --------------- --------------- --------------- ---------------
    0   5.1607 THz   0.6706  0.0000 -0.0000  0.0000  0.6706 -0.0000  0.2243 -0.0000  0.0000  0.0000  0.2243 -0.0000
    1   7.4569 THz   0.0000  0.0000  0.9875  0.0172  0.0000  0.0000  0.0000  0.0000 -0.1568 -0.0027  0.0000  0.0000
    2   8.8841 THz   0.2243  0.0000  0.0000 -0.0000  0.2243  0.0000 -0.6706 -0.0000  0.0000 -0.0000 -0.6706 -0.0000
    3   9.8633 THz   0.6155  0.0000 -0.0000 -0.0000 -0.6155 -0.0000  0.3482  0.0000  0.0000 -0.0000 -0.3482  0.0000
    4  11.1934 THz   0.0000  0.0000 -0.1466  0.0555 -0.0000  0.0000 -0.0000 -0.0000 -0.9237  0.3497 -0.0000 -0.0000
    5  15.0451 THz  -0.3482  0.0000  0.0000 -0.0000  0.3482 -0.0000  0.6155 -0.0000 -0.0000  0.0000 -0.6155  0.0000


 Q= -0.056579  0.056579  0.056579, q=  0.250000  0.000000  0.000000

                       Mg X   0        Mg Y   0        Mg Z   0         O X   1         O Y   1         O Z   1     
                    --------------- --------------- --------------- --------------- --------------- ---------------
    0   4.3670 THz   0.7472  0.0000  0.3898  0.0075  0.3575 -0.0075  0.3284 -0.0000  0.1713  0.0033  0.1571 -0.0033
    1   4.3670 THz  -0.0206  0.0000  0.5765  0.2729 -0.5971 -0.2729 -0.0090  0.0000  0.2533  0.1199 -0.2624 -0.1199
    2   8.3449 THz   0.3135  0.0000  0.1108 -0.0714  0.2027  0.0714 -0.7135 -0.0000 -0.2522  0.1624 -0.4613 -0.1624
    3   8.3449 THz  -0.0980  0.0000 -0.1960 -0.2283  0.0980  0.2283  0.2230  0.0000  0.4460  0.5195 -0.2230 -0.5195
    4   8.4232 THz  -0.4970  0.0000  0.4970  0.0000  0.4970  0.0000 -0.2937 -0.0000  0.2937 -0.0000  0.2937 -0.0000
    5  14.9524 THz  -0.2937  0.0000  0.2937 -0.0000  0.2937 -0.0000  0.4970 -0.0000 -0.4970  0.0000 -0.4970  0.0000


 Q=  0.000000  0.113158  0.000000, q=  0.250000  0.000000  0.250000

                       Mg X   0        Mg Y   0        Mg Z   0         O X   1         O Y   1         O Z   1     
                    --------------- --------------- --------------- --------------- --------------- ---------------
    0   5.8842 THz   0.9774  0.0000  0.0000  0.0000  0.0000  0.0000  0.2112  0.0000  0.0000  0.0000  0.0000 -0.0000
    1   5.8842 THz   0.0000  0.0000  0.0000  0.0000 -0.9745 -0.0763  0.0000  0.0000  0.0000  0.0000 -0.2106 -0.0165
    2   6.9662 THz   0.0000  0.0000 -0.1479  0.8459 -0.0000  0.0000 -0.0000 -0.0000 -0.0882  0.5048  0.0000  0.0000
    3   9.1603 THz   0.0000  0.0000 -0.0000 -0.0000 -0.2111  0.0078 -0.0000 -0.0000 -0.0000 -0.0000  0.9768 -0.0362
    4   9.1603 THz   0.2112  0.0000 -0.0000 -0.0000 -0.0000 -0.0000 -0.9774 -0.0000 -0.0000 -0.0000 -0.0000  0.0000
    5  15.4940 THz  -0.0000 -0.0000 -0.0653  0.5083 -0.0000 -0.0000  0.0000 -0.0000  0.1094 -0.8517 -0.0000 -0.0000


 Q= -0.113158 -0.113158  0.226315, q=  0.250000  0.250000 -0.500000

                       Mg X   0        Mg Y   0        Mg Z   0         O X   1         O Y   1         O Z   1     
                    --------------- --------------- --------------- --------------- --------------- ---------------
    0   5.1607 THz  -0.6706  0.0000  0.6706  0.0000 -0.0000  0.0000  0.2243  0.0000 -0.2243 -0.0000  0.0000  0.0000
    1   7.4569 THz   0.0000  0.0000  0.0000  0.0000 -0.0825  0.9842 -0.0000  0.0000  0.0000  0.0000 -0.0131  0.1562
    2   8.8841 THz  -0.2243  0.0000  0.2243 -0.0000 -0.0000 -0.0000 -0.6706 -0.0000  0.6706  0.0000  0.0000 -0.0000
    3   9.8633 THz   0.6155  0.0000  0.6155 -0.0000 -0.0000 -0.0000 -0.3482  0.0000 -0.3482 -0.0000  0.0000 -0.0000
    4  11.1934 THz   0.0000  0.0000  0.0000  0.0000  0.1357 -0.0786 -0.0000 -0.0000  0.0000  0.0000 -0.8544  0.4953
    5  15.0451 THz  -0.3482  0.0000 -0.3482 -0.0000  0.0000 -0.0000 -0.6155 -0.0000 -0.6155 -0.0000  0.0000  0.0000


 Q= -0.056579 -0.056579  0.169736, q=  0.250000  0.250000 -0.250000

                       Mg X   0        Mg Y   0        Mg Z   0         O X   1         O Y   1         O Z   1     
                    --------------- --------------- --------------- --------------- --------------- ---------------
    0   6.4023 THz  -0.7054  0.0000  0.7054 -0.0000 -0.0000 -0.0000  0.0495  0.0000 -0.0495  0.0000 -0.0000  0.0000
    1   7.1692 THz   0.4409  0.0000  0.4409 -0.0000  0.7559 -0.0000  0.0164 -0.0000  0.0164  0.0000  0.1985 -0.0000
    2   9.4691 THz  -0.4675  0.0000 -0.4675 -0.0000  0.3997  0.0000  0.2671  0.0000  0.2671 -0.0000  0.5105  0.0000
    3   9.6209 THz  -0.0495  0.0000  0.0495  0.0000 -0.0000 -0.0000 -0.7054 -0.0000  0.7054  0.0000 -0.0000 -0.0000
    4  11.8980 THz  -0.2621  0.0000 -0.2621 -0.0000  0.3708  0.0000 -0.5927 -0.0000 -0.5927 -0.0000 -0.1501 -0.0000
    5  14.5641 THz  -0.1358  0.0000 -0.1358  0.0000  0.3626 -0.0000  0.2777 -0.0000  0.2777 -0.0000 -0.8231  0.0000


 Q=  0.000000  0.000000  0.113158, q=  0.250000  0.250000  0.000000

                       Mg X   0        Mg Y   0        Mg Z   0         O X   1         O Y   1         O Z   1     
                    --------------- --------------- --------------- --------------- --------------- ---------------
    0   5.8842 THz   0.9774  0.0000  0.0000 -0.0000 -0.0000  0.0000  0.2112 -0.0000  0.0000 -0.0000 -0.0000  0.0000
    1   5.8842 THz   0.0000  0.0000 -0.1360 -0.9679  0.0000  0.0000 -0.0000  0.0000 -0.0294 -0.2092  0.0000  0.0000
    2   6.9662 THz   0.0000  0.0000 -0.0000 -0.0000 -0.6293 -0.5843  0.0000 -0.0000 -0.0000 -0.0000 -0.3755 -0.3487
    3   9.1603 THz   0.0000  0.0000  0.0389 -0.2076 -0.0000 -0.0000  0.0000 -0.0000 -0.1799  0.9607 -0.0000 -0.0000
    4   9.1603 THz   0.2112  0.0000 -0.0000  0.0000  0.0000 -0.0000 -0.9774  0.0000 -0.0000  0.0000  0.0000 -0.0000
    5  15.4940 THz   0.0000  0.0000  0.0000  0.0000 -0.1164  0.4990  0.0000 -0.0000  0.0000  0.0000  0.1951 -0.8363


 Q=  0.056579  0.056579  0.056579, q=  0.250000  0.250000  0.250000

                       Mg X   0        Mg Y   0        Mg Z   0         O X   1         O Y   1         O Z   1     
                    --------------- --------------- --------------- --------------- --------------- ---------------
    0   4.3670 THz   0.1204  0.0000  0.5770  0.0461 -0.6975 -0.0461  0.0529  0.0000  0.2536  0.0203 -0.3065 -0.0203
    1   4.3670 THz  -0.7377  0.0000  0.4729  0.0075  0.2648 -0.0075 -0.3242 -0.0000  0.2078  0.0033  0.1164 -0.0033
    2   8.3449 THz   0.2943  0.0000 -0.0208  0.0020 -0.2735 -0.0020 -0.6697  0.0000  0.0473 -0.0045  0.6224  0.0045
    3   8.3449 THz   0.1459  0.0000 -0.3278 -0.0040  0.1819  0.0040 -0.3321  0.0000  0.7459  0.0090 -0.4139 -0.0090
    4   8.4232 THz   0.4970  0.0000  0.4970 -0.0000  0.4970 -0.0000  0.2937 -0.0000  0.2937 -0.0000  0.2937  0.0000
    5  14.9524 THz  -0.2937  0.0000 -0.2937 -0.0000 -0.2937 -0.0000  0.4970  0.0000  0.4970  0.0000  0.4970  0.0000
