
Used Primitive lattice vector

    2.818504000000      1.627248000000      2.305286000000  
   -2.818504000000      1.627248000000      2.305286000000  
    0.000000000000     -3.254556000000      2.305260000000  

   5 Atom(s) in the Primitive cell

 0.0032140000 0.0032140000 0.0032120000 Ba    0
 0.4928200000 0.4928200000 0.4928160000 Ti    1
 0.5126140000 0.0172280000 0.5126160000  O    2
 0.5126120000 0.5126120000 0.0172300000  O    3
 0.0172280000 0.5126140000 0.5126160000  O    4


 Q=  0.000000  0.000001 -0.216894, q= -0.500000 -0.500000 -0.500000

                       Ba X   0        Ba Y   0        Ba Z   0        Ti X   1        Ti Y   1        Ti Z   1         O X   2         O Y   2         O Z   2         O X   3         O Y   3         O Z   3         O X   4         O Y   4         O Z   4     
                    --------------- --------------- --------------- --------------- --------------- --------------- --------------- --------------- --------------- --------------- --------------- --------------- --------------- --------------- ---------------
    0   4.0685 THz  -0.9995  0.0000 -0.0000  0.0000 -0.0000  0.0000 -0.0006 -0.0062 -0.0000 -0.0000  0.0000  0.0000  0.0029  0.0003 -0.0086 -0.0009  0.0172  0.0018 -0.0121 -0.0013  0.0000  0.0000  0.0000  0.0000  0.0029  0.0003  0.0086  0.0009 -0.0172 -0.0018
    1   4.0685 THz  -0.0000  0.0000  0.9990 -0.0314  0.0002 -0.0000 -0.0000 -0.0000  0.0008  0.0061 -0.0000 -0.0000  0.0087  0.0006  0.0071  0.0005  0.0100  0.0007 -0.0000 -0.0000 -0.0079 -0.0006 -0.0199 -0.0014 -0.0087 -0.0006  0.0071  0.0005  0.0100  0.0007
    2   4.1085 THz   0.0000  0.0000 -0.0002 -0.0000  0.9863  0.1636  0.0000  0.0000  0.0000 -0.0000  0.0006 -0.0094 -0.0048 -0.0013  0.0028  0.0008 -0.0092 -0.0025 -0.0000 -0.0000 -0.0056 -0.0015 -0.0092 -0.0025  0.0048  0.0013  0.0028  0.0008 -0.0092 -0.0025
    3   6.3087 THz  -0.0000  0.0000  0.0000 -0.0000  0.0000 -0.0000 -0.0000 -0.0000  0.0000  0.0000 -0.0000 -0.0000 -0.2872 -0.0297 -0.4973 -0.0515 -0.0000 -0.0000  0.5743  0.0594  0.0000 -0.0000  0.0000 -0.0000 -0.2872 -0.0297  0.4973  0.0515  0.0000  0.0000
    4   6.4347 THz  -0.0135  0.0000  0.0000 -0.0000  0.0000  0.0000 -0.0098 -0.1001  0.0000  0.0000  0.0000 -0.0000 -0.4130 -0.0427 -0.0005 -0.0001 -0.4830 -0.0500 -0.4140 -0.0428  0.0000 -0.0000  0.0000 -0.0000 -0.4130 -0.0427  0.0005  0.0001  0.4830  0.0500
    5   6.4347 THz  -0.0000  0.0000 -0.0127  0.0047 -0.0000  0.0000 -0.0000 -0.0000 -0.0438 -0.0905 -0.0000 -0.0000 -0.0005  0.0001 -0.4030  0.1028  0.2717 -0.0693 -0.0000 -0.0000 -0.4020  0.1026 -0.5433  0.1386  0.0005 -0.0001 -0.4030  0.1028  0.2717 -0.0693
    6   9.4765 THz   0.0111  0.0000 -0.0000  0.0000 -0.0000  0.0000 -0.0756 -0.7692  0.0000  0.0000  0.0000  0.0000 -0.2749 -0.0284  0.1619  0.0168  0.3119  0.0323  0.0055  0.0006  0.0000 -0.0000 -0.0000  0.0000 -0.2749 -0.0284 -0.1619 -0.0168 -0.3119 -0.0323
    7   9.4765 THz  -0.0000  0.0000 -0.0020  0.0110 -0.0000  0.0000  0.0000  0.0000  0.7703  0.0635  0.0000  0.0000 -0.0455  0.1563  0.0247 -0.0849  0.0506 -0.1738 -0.0000 -0.0000  0.1035 -0.3556 -0.1012  0.3477  0.0455 -0.1563  0.0247 -0.0849  0.0506 -0.1738
    8  11.7054 THz  -0.0000  0.0000 -0.0000 -0.0000  0.0115  0.0054 -0.0000  0.0000  0.0000 -0.0000 -0.3295  0.9149 -0.0109 -0.0066  0.0063  0.0038  0.1141  0.0695 -0.0000  0.0000 -0.0126 -0.0076  0.1141  0.0695  0.0109  0.0066  0.0063  0.0038  0.1141  0.0695
    9  13.1776 THz  -0.0000  0.0000  0.0253 -0.0025 -0.0000  0.0000 -0.0000 -0.0000  0.0080  0.0399  0.0000  0.0000 -0.4140 -0.0017 -0.4631 -0.0019 -0.1640 -0.0007  0.0000  0.0000  0.2540  0.0010  0.3279  0.0013  0.4140  0.0017 -0.4631 -0.0019 -0.1640 -0.0007
   10  13.1777 THz   0.0254  0.0000  0.0000 -0.0000  0.0000  0.0000  0.0040  0.0405  0.0000  0.0000  0.0000 -0.0000  0.0149  0.0015 -0.4118 -0.0426  0.2825  0.0292 -0.6985 -0.0723  0.0000  0.0000  0.0000  0.0000  0.0149  0.0015  0.4118  0.0426 -0.2825 -0.0292
   11  13.3765 THz   0.0000  0.0000  0.0000 -0.0000  0.0172 -0.0003 -0.0000 -0.0000  0.0000  0.0000 -0.0206 -0.1769  0.2789  0.0238 -0.1610 -0.0138  0.4654  0.0398  0.0000 -0.0000  0.3220  0.0275  0.4654  0.0398 -0.2789 -0.0238 -0.1610 -0.0138  0.4654  0.0398
   12  15.8752 THz   0.0000  0.0000  0.0000 -0.0000 -0.0000 -0.0000  0.0611  0.6221 -0.0000  0.0000  0.0000 -0.0000 -0.4073 -0.0421  0.2268  0.0235  0.2898  0.0300 -0.0144 -0.0015 -0.0000 -0.0000  0.0000  0.0000 -0.4073 -0.0421 -0.2268 -0.0235 -0.2898 -0.0300
   13  15.8753 THz   0.0000  0.0000 -0.0000 -0.0000  0.0000  0.0000 -0.0000  0.0000  0.6050 -0.1571  0.0000 -0.0000 -0.0121 -0.2277  0.0077  0.1459  0.0089  0.1680 -0.0000 -0.0000  0.0287  0.5403 -0.0178 -0.3359  0.0121  0.2277  0.0077  0.1459  0.0089  0.1680
   14  23.1710 THz  -0.0000  0.0000  0.0000 -0.0000 -0.0008  0.0001 -0.0000 -0.0000  0.0000  0.0000 -0.0278 -0.1476 -0.4140 -0.0063  0.2390  0.0036  0.3117  0.0047 -0.0000 -0.0000 -0.4781 -0.0072  0.3117  0.0047  0.4140  0.0063  0.2390  0.0036  0.3117  0.0047


 Q=  0.000000 -0.102420 -0.144597, q= -0.500000 -0.500000  0.000000

                       Ba X   0        Ba Y   0        Ba Z   0        Ti X   1        Ti Y   1        Ti Z   1         O X   2         O Y   2         O Z   2         O X   3         O Y   3         O Z   3         O X   4         O Y   4         O Z   4     
                    --------------- --------------- --------------- --------------- --------------- --------------- --------------- --------------- --------------- --------------- --------------- --------------- --------------- --------------- ---------------
    0   3.2996 THz   0.9487  0.0000 -0.0000 -0.0000  0.0000  0.0000  0.2836 -0.0185 -0.0000  0.0000 -0.0000  0.0000  0.0045 -0.0604 -0.0016  0.0216 -0.0002  0.0034  0.1044  0.0062 -0.0000 -0.0000 -0.0000 -0.0000  0.0045 -0.0604  0.0016 -0.0216  0.0002 -0.0034
    1   3.3800 THz  -0.0000  0.0000 -0.8565 -0.0277  0.5138  0.0166 -0.0000  0.0000  0.0183 -0.0006  0.0122 -0.0004  0.0004 -0.0041 -0.0011  0.0100  0.0017 -0.0161 -0.0000 -0.0000  0.0033  0.0003  0.0101  0.0009 -0.0004  0.0041 -0.0011  0.0100  0.0017 -0.0161
    2   3.4539 THz  -0.0000  0.0000  0.4870 -0.0109  0.8242 -0.0184 -0.0000  0.0000 -0.2247  0.0198 -0.1486  0.0131  0.0009 -0.0184 -0.0011  0.0218 -0.0001  0.0019 -0.0000 -0.0000 -0.0468 -0.0017 -0.0783 -0.0029 -0.0009  0.0184 -0.0011  0.0218 -0.0001  0.0019
    3   5.2504 THz  -0.0000  0.0000  0.0545 -0.0072  0.0781 -0.0103  0.0000 -0.0000  0.7815 -0.1558 -0.5841  0.1164  0.0001  0.0025 -0.0012 -0.0204  0.0004  0.0076 -0.0000 -0.0000  0.0024 -0.0002 -0.0033  0.0002 -0.0001 -0.0025 -0.0012 -0.0204  0.0004  0.0076
    4   7.0799 THz  -0.0765  0.0000 -0.0000 -0.0000 -0.0000 -0.0000  0.0797 -0.0052  0.0000 -0.0000 -0.0000  0.0000  0.0370 -0.5021  0.0217 -0.2950  0.0287 -0.3889  0.0407  0.0024 -0.0000 -0.0000 -0.0000 -0.0000  0.0370 -0.5021 -0.0217  0.2950 -0.0287  0.3889
    5   8.5361 THz  -0.2729  0.0000 -0.0000  0.0000 -0.0000  0.0000  0.5839 -0.0382  0.0000  0.0000  0.0000 -0.0000  0.0079 -0.1069 -0.0121  0.1642 -0.0100  0.1358  0.6835  0.0404 -0.0000  0.0000  0.0000  0.0000  0.0079 -0.1069  0.0121 -0.1642  0.0100 -0.1358
    6   9.0754 THz   0.0000  0.0000  0.1265  0.0234  0.1797  0.0332 -0.0000  0.0000  0.2998  0.0353  0.4435  0.0523 -0.0081  0.0311  0.0296 -0.1130 -0.0014  0.0053 -0.0000  0.0000  0.4326  0.1066  0.6379  0.1572  0.0081 -0.0311  0.0296 -0.1130 -0.0014  0.0053
    7  10.9566 THz   0.0397  0.0000  0.0000  0.0000  0.0000 -0.0000 -0.2215  0.0145  0.0000  0.0000 -0.0000  0.0000 -0.0085  0.1156 -0.0320  0.4346  0.0364 -0.4936  0.2286  0.0135  0.0000 -0.0000  0.0000  0.0000 -0.0085  0.1156  0.0320 -0.4346 -0.0364  0.4936
    8  11.0317 THz  -0.0000  0.0000  0.0259  0.0210  0.0010  0.0008  0.0000 -0.0000  0.0710  0.0504  0.0571  0.0405 -0.0172  0.0183 -0.3815  0.4049  0.2768 -0.2938 -0.0000 -0.0000 -0.0731 -0.0669  0.1290  0.1180  0.0172 -0.0183 -0.3815  0.4049  0.2768 -0.2938
    9  11.5959 THz  -0.0950  0.0000  0.0000  0.0000 -0.0000 -0.0000  0.3925 -0.0257 -0.0000 -0.0000 -0.0000 -0.0000  0.0178 -0.2420 -0.0282  0.3821 -0.0028  0.0382 -0.6484 -0.0383  0.0000 -0.0000  0.0000  0.0000  0.0178 -0.2420  0.0282 -0.3821  0.0028 -0.0382
   10  12.7137 THz  -0.0000  0.0000  0.0022  0.0449  0.0030  0.0614  0.0000 -0.0000  0.0268  0.2351  0.0374  0.3281 -0.0493 -0.0012 -0.0329 -0.0008  0.1156  0.0029 -0.0000 -0.0000 -0.0057  0.5353  0.0077 -0.7133  0.0493  0.0012 -0.0329 -0.0008  0.1156  0.0029
   11  13.3821 THz  -0.0000  0.0000 -0.0365 -0.0645 -0.0527 -0.0932  0.0000 -0.0000 -0.2045 -0.3125 -0.2886 -0.4409 -0.0165  0.0078 -0.1305  0.0615 -0.0504  0.0237  0.0000  0.0000  0.3098  0.6328  0.0637  0.1301  0.0165 -0.0078 -0.1305  0.0615 -0.0504  0.0237
   12  14.3905 THz  -0.0000  0.0000 -0.0082  0.0003 -0.0333  0.0011  0.0000 -0.0000 -0.0741  0.0074 -0.1007  0.0100  0.0196 -0.4923  0.0106 -0.2657  0.0167 -0.4180 -0.0000 -0.0000  0.0746  0.0019  0.0239  0.0006 -0.0196  0.4923  0.0106 -0.2657  0.0167 -0.4180
   13  16.4654 THz   0.0951  0.0000 -0.0000 -0.0000 -0.0000 -0.0000 -0.6040  0.0395 -0.0000 -0.0000 -0.0000 -0.0000  0.0293 -0.3977 -0.0161  0.2189 -0.0212  0.2873  0.2100  0.0124  0.0000  0.0000  0.0000 -0.0000  0.0293 -0.3977  0.0161 -0.2189  0.0212 -0.2873
   14  22.5795 THz  -0.0000  0.0000 -0.0077  0.0048 -0.0107  0.0066 -0.0000  0.0000 -0.0966  0.0684 -0.1199  0.0849  0.2308  0.4463 -0.1326 -0.2564 -0.1750 -0.3385  0.0000  0.0000 -0.0267  0.0143  0.0306 -0.0164 -0.2308 -0.4463 -0.1326 -0.2564 -0.1750 -0.3385


 Q= -0.088700  0.051211 -0.144595, q= -0.500000  0.000000 -0.500000

                       Ba X   0        Ba Y   0        Ba Z   0        Ti X   1        Ti Y   1        Ti Z   1         O X   2         O Y   2         O Z   2         O X   3         O Y   3         O Z   3         O X   4         O Y   4         O Z   4     
                    --------------- --------------- --------------- --------------- --------------- --------------- --------------- --------------- --------------- --------------- --------------- --------------- --------------- --------------- ---------------
    0   3.2996 THz   0.4744  0.0000  0.8216 -0.0000  0.0000 -0.0000  0.1418 -0.0093  0.2456 -0.0161 -0.0000  0.0000  0.0522  0.0031  0.0904  0.0053 -0.0000 -0.0000  0.0008 -0.0115  0.0047 -0.0631 -0.0002  0.0034  0.0036 -0.0489  0.0031 -0.0416  0.0002 -0.0034
    1   3.3800 THz   0.7421  0.0000 -0.4285  0.0000 -0.5141  0.0000 -0.0158  0.0010  0.0091 -0.0006 -0.0122  0.0008 -0.0029 -0.0002  0.0017  0.0001 -0.0101 -0.0006  0.0005 -0.0067 -0.0006  0.0086 -0.0012  0.0161  0.0008 -0.0108 -0.0001  0.0015 -0.0012  0.0161
    2   3.4539 THz  -0.4219  0.0000  0.2436  0.0000 -0.8244  0.0000  0.1949 -0.0128 -0.1125  0.0074  0.1488 -0.0097  0.0405  0.0024 -0.0234 -0.0014  0.0782  0.0046  0.0007 -0.0097 -0.0020  0.0268  0.0001 -0.0019  0.0021 -0.0281  0.0004 -0.0050  0.0001 -0.0019
    3   5.2504 THz  -0.0476  0.0000  0.0275  0.0000 -0.0788 -0.0000 -0.6887  0.0450  0.3976 -0.0260  0.5943 -0.0389 -0.0021 -0.0001  0.0012  0.0001  0.0033  0.0002 -0.0012  0.0164  0.0009 -0.0124  0.0006 -0.0076 -0.0014  0.0189  0.0006 -0.0080  0.0006 -0.0076
    4   7.0799 THz  -0.0383  0.0000 -0.0663  0.0000 -0.0000  0.0000  0.0399 -0.0026  0.0691 -0.0045  0.0000 -0.0000  0.0204  0.0012  0.0353  0.0021  0.0000  0.0000  0.0373 -0.5066  0.0212 -0.2874  0.0287 -0.3889 -0.0003  0.0044  0.0429 -0.5824 -0.0287  0.3889
    5   8.5361 THz  -0.1365  0.0000 -0.2364 -0.0000  0.0000  0.0000  0.2920 -0.0191  0.5057 -0.0331  0.0000 -0.0000  0.3418  0.0202  0.5919  0.0350  0.0000  0.0000 -0.0065  0.0887  0.0129 -0.1747 -0.0100  0.1357  0.0144 -0.1957  0.0008 -0.0105  0.0100 -0.1357
    6   9.0754 THz   0.1114  0.0000 -0.0643 -0.0000  0.1827  0.0000  0.2609 -0.0171 -0.1506  0.0099  0.4456 -0.0291  0.3852  0.0228 -0.2224 -0.0132  0.6558  0.0388  0.0063 -0.0849 -0.0063  0.0860 -0.0004  0.0055  0.0086 -0.1169 -0.0022  0.0305 -0.0004  0.0055
    7  10.9565 THz   0.0198  0.0000  0.0344 -0.0000 -0.0000 -0.0000 -0.1107  0.0072 -0.1918  0.0125 -0.0000  0.0000  0.1143  0.0068  0.1980  0.0117  0.0000  0.0000 -0.0320  0.4342  0.0086 -0.1172  0.0364 -0.4936  0.0235 -0.3186 -0.0234  0.3174 -0.0364  0.4936
    8  11.0316 THz  -0.0289  0.0000  0.0167 -0.0000 -0.0012  0.0000 -0.0752  0.0049  0.0434 -0.0028 -0.0699  0.0046  0.0857  0.0051 -0.0495 -0.0029 -0.1745 -0.0103  0.0363 -0.4930 -0.0188  0.2557 -0.0297  0.4026  0.0345 -0.4679 -0.0220  0.2991 -0.0297  0.4026
    9  11.5959 THz  -0.0475  0.0000 -0.0823 -0.0000  0.0000 -0.0000  0.1963 -0.0128  0.3399 -0.0222  0.0000 -0.0000 -0.3242 -0.0192 -0.5616 -0.0332 -0.0000 -0.0000 -0.0155  0.2099  0.0295 -0.4006 -0.0028  0.0382  0.0333 -0.4519  0.0014 -0.0185  0.0028 -0.0382
   10  12.7136 THz   0.0390  0.0000 -0.0225  0.0000  0.0615 -0.0000  0.2045 -0.0134 -0.1181  0.0077  0.3295 -0.0216  0.4628  0.0274 -0.2672 -0.0158 -0.7121 -0.0421 -0.0039  0.0531 -0.0019  0.0262  0.0085 -0.1153 -0.0003  0.0039  0.0043 -0.0590  0.0085 -0.1153
   11  13.3821 THz  -0.0642  0.0000  0.0371  0.0000 -0.1071  0.0000 -0.3227  0.0211  0.1863 -0.0122 -0.5258  0.0344  0.6091  0.0360 -0.3517 -0.0208  0.1446  0.0086 -0.0099  0.1337  0.0041 -0.0562 -0.0041  0.0555 -0.0085  0.1155  0.0065 -0.0877 -0.0041  0.0555
   12  14.3905 THz  -0.0071  0.0000  0.0041 -0.0000 -0.0333 -0.0000 -0.0644  0.0042  0.0372 -0.0024 -0.1010  0.0066  0.0645  0.0038 -0.0372 -0.0022  0.0239  0.0014  0.0350 -0.4754  0.0216 -0.2929  0.0307 -0.4172 -0.0012  0.0160 -0.0411  0.5581  0.0307 -0.4172
   13  16.4655 THz   0.0476  0.0000  0.0824 -0.0000  0.0000  0.0000 -0.3020  0.0198 -0.5231  0.0342 -0.0000  0.0000  0.1050  0.0062  0.1818  0.0108  0.0000  0.0000  0.0007 -0.0093  0.0334 -0.4538 -0.0212  0.2873  0.0286 -0.3884  0.0173 -0.2350  0.0212 -0.2873
   14  22.5795 THz   0.0079  0.0000 -0.0045  0.0000  0.0126 -0.0000  0.1023 -0.0067 -0.0591  0.0039  0.1466 -0.0096  0.0261  0.0015 -0.0151 -0.0009 -0.0346 -0.0020  0.0001 -0.0013  0.0426 -0.5779 -0.0280  0.3801 -0.0368  0.4998 -0.0214  0.2900 -0.0280  0.3801


 Q= -0.088700 -0.051210 -0.072298, q= -0.500000  0.000000  0.000000

                       Ba X   0        Ba Y   0        Ba Z   0        Ti X   1        Ti Y   1        Ti Z   1         O X   2         O Y   2         O Z   2         O X   3         O Y   3         O Z   3         O X   4         O Y   4         O Z   4     
                    --------------- --------------- --------------- --------------- --------------- --------------- --------------- --------------- --------------- --------------- --------------- --------------- --------------- --------------- ---------------
    0   3.3705 THz  -0.4982  0.0000  0.8626  0.0000  0.0003 -0.0000 -0.0011 -0.0342  0.0019  0.0592  0.0000  0.0000 -0.0003  0.0118  0.0006 -0.0190 -0.0003  0.0093 -0.0003  0.0106  0.0006 -0.0197  0.0003 -0.0093 -0.0217 -0.0010  0.0375  0.0017  0.0000  0.0000
    1   3.3861 THz   0.4774  0.0000  0.2761  0.0000 -0.8302 -0.0000  0.0010  0.0320  0.0006  0.0185 -0.0016 -0.0490 -0.0001  0.0028  0.0001 -0.0047 -0.0006  0.0190  0.0001 -0.0027 -0.0001  0.0047 -0.0006  0.0190  0.0211  0.0009  0.0122  0.0005 -0.0400 -0.0018
    2   4.4001 THz   0.7063  0.0000  0.4078 -0.0000  0.5233  0.0000 -0.0030 -0.0913 -0.0017 -0.0527  0.0067  0.2052 -0.0004  0.0129 -0.0001  0.0048  0.0011 -0.0366 -0.0003  0.0106 -0.0003  0.0087  0.0011 -0.0366  0.0502  0.0022  0.0290  0.0013  0.0360  0.0016
    3   4.8893 THz  -0.0330  0.0000  0.0572  0.0000  0.0000  0.0000  0.0162  0.4956 -0.0280 -0.8583 -0.0000 -0.0000 -0.0002  0.0084  0.0020 -0.0671 -0.0010  0.0346 -0.0016  0.0539  0.0012 -0.0408  0.0010 -0.0346  0.0143  0.0006 -0.0248 -0.0011 -0.0000 -0.0000
    4   5.2827 THz   0.1236  0.0000  0.0714  0.0000  0.1592  0.0000  0.0157  0.4814  0.0091  0.2780 -0.0248 -0.7581 -0.0022  0.0761 -0.0028  0.0935  0.0041 -0.1395 -0.0035  0.1191 -0.0006  0.0192  0.0041 -0.1395  0.0310  0.0014  0.0179  0.0008 -0.0148 -0.0007
    5   7.7705 THz   0.0181  0.0000 -0.0314  0.0000 -0.0000 -0.0000 -0.0016 -0.0480  0.0027  0.0832  0.0000  0.0000 -0.0076  0.2573  0.0192 -0.6498 -0.0019  0.0652 -0.0128  0.4341  0.0162 -0.5478  0.0019 -0.0653  0.0277  0.0012 -0.0480 -0.0021 -0.0000 -0.0000
    6   8.2753 THz   0.0691  0.0000  0.0399 -0.0000  0.0894 -0.0000 -0.0005 -0.0145 -0.0003 -0.0083 -0.0100 -0.3051  0.0096 -0.3264  0.0099 -0.3347 -0.0139  0.4713  0.0134 -0.4530  0.0034 -0.1154 -0.0139  0.4713 -0.0847 -0.0037 -0.0489 -0.0022  0.0239  0.0011
    7   8.5163 THz   0.0126  0.0000  0.0073  0.0000 -0.0173 -0.0000 -0.0170 -0.5214 -0.0098 -0.3010 -0.0124 -0.3796  0.0074 -0.2492  0.0032 -0.1075  0.0118 -0.3986  0.0064 -0.2177  0.0048 -0.1621  0.0118 -0.3986 -0.1412 -0.0062 -0.0815 -0.0036 -0.0181 -0.0008
    8  10.2123 THz   0.0106  0.0000 -0.0184  0.0000 -0.0000 -0.0000  0.0003  0.0093 -0.0005 -0.0162  0.0000  0.0000  0.0115 -0.3879  0.0063 -0.2117  0.0085 -0.2883 -0.0111  0.3773 -0.0068  0.2301 -0.0085  0.2883 -0.3321 -0.0146  0.5751  0.0253  0.0000  0.0000
    9  10.7399 THz   0.0224  0.0000  0.0129 -0.0000 -0.0382  0.0000  0.0019  0.0596  0.0011  0.0344  0.0009  0.0277 -0.0006  0.0198 -0.0020  0.0669  0.0001 -0.0038 -0.0020  0.0677  0.0005 -0.0164  0.0001 -0.0040 -0.4626 -0.0204 -0.2669 -0.0118  0.8339  0.0367
   10  10.7950 THz   0.0199  0.0000 -0.0345  0.0000  0.0000 -0.0000  0.0002  0.0075 -0.0004 -0.0130 -0.0000 -0.0000 -0.0099  0.3364 -0.0039  0.1323 -0.0090  0.3058  0.0084 -0.2829  0.0067 -0.2252  0.0090 -0.3058 -0.3701 -0.0163  0.6413  0.0283 -0.0002 -0.0000
   11  14.0752 THz   0.0027  0.0000 -0.0047 -0.0000  0.0000 -0.0000 -0.0008 -0.0236  0.0013  0.0408 -0.0000 -0.0000  0.0122 -0.4117  0.0030 -0.1004 -0.0166  0.5634 -0.0086  0.2928 -0.0090  0.3062  0.0166 -0.5634  0.0273  0.0012 -0.0473 -0.0021 -0.0000 -0.0000
   12  14.4357 THz   0.0244  0.0000  0.0141 -0.0000  0.0225  0.0000 -0.0068 -0.2081 -0.0039 -0.1202 -0.0047 -0.1448  0.0051 -0.1728 -0.0175  0.5926 -0.0069  0.2336 -0.0126  0.4267  0.0132 -0.4460 -0.0069  0.2336 -0.1317 -0.0058 -0.0760 -0.0033 -0.1572 -0.0069
   13  15.5375 THz   0.0187  0.0000  0.0108  0.0000  0.0246 -0.0000 -0.0123 -0.3768 -0.0071 -0.2175 -0.0098 -0.2989 -0.0160  0.5427  0.0023 -0.0793 -0.0057  0.1935 -0.0060  0.2027 -0.0151  0.5096 -0.0057  0.1935 -0.1633 -0.0072 -0.0943 -0.0042 -0.0857 -0.0038
   14  20.9273 THz   0.0371  0.0000  0.0214  0.0000  0.0284  0.0000  0.0071  0.2172  0.0041  0.1254  0.0058  0.1774  0.0004 -0.0134  0.0022 -0.0730  0.0022 -0.0737  0.0021 -0.0699 -0.0007  0.0249  0.0022 -0.0737 -0.6779 -0.0299 -0.3914 -0.0172 -0.5163 -0.0227


 Q=  0.088700  0.051211 -0.144595, q=  0.000000 -0.500000 -0.500000

                       Ba X   0        Ba Y   0        Ba Z   0        Ti X   1        Ti Y   1        Ti Z   1         O X   2         O Y   2         O Z   2         O X   3         O Y   3         O Z   3         O X   4         O Y   4         O Z   4     
                    --------------- --------------- --------------- --------------- --------------- --------------- --------------- --------------- --------------- --------------- --------------- --------------- --------------- --------------- ---------------
    0   3.2996 THz  -0.4744  0.0000  0.8216 -0.0000  0.0000 -0.0000 -0.1418  0.0093  0.2456 -0.0161 -0.0000  0.0000 -0.0036  0.0489  0.0031 -0.0416  0.0002 -0.0034 -0.0008  0.0115  0.0047 -0.0631 -0.0002  0.0034 -0.0522 -0.0031  0.0904  0.0053 -0.0000 -0.0000
    1   3.3800 THz   0.7421  0.0000  0.4285 -0.0000  0.5141 -0.0000 -0.0158  0.0010 -0.0091  0.0006  0.0122 -0.0008  0.0008 -0.0108  0.0001 -0.0015  0.0012 -0.0161  0.0005 -0.0067  0.0006 -0.0086  0.0012 -0.0161 -0.0029 -0.0002 -0.0017 -0.0001  0.0101  0.0006
    2   3.4539 THz   0.4219  0.0000  0.2436  0.0000 -0.8244  0.0000 -0.1949  0.0128 -0.1125  0.0074  0.1488 -0.0097 -0.0021  0.0281  0.0004 -0.0050  0.0001 -0.0019 -0.0007  0.0097 -0.0020  0.0268  0.0001 -0.0019 -0.0405 -0.0024 -0.0234 -0.0014  0.0782  0.0046
    3   5.2504 THz   0.0476  0.0000  0.0275 -0.0000 -0.0788 -0.0000  0.6887 -0.0450  0.3976 -0.0260  0.5943 -0.0389  0.0014 -0.0189  0.0006 -0.0080  0.0006 -0.0076  0.0012 -0.0164  0.0009 -0.0124  0.0006 -0.0076  0.0021  0.0001  0.0012  0.0001  0.0033  0.0002
    4   7.0799 THz  -0.0383  0.0000  0.0663 -0.0000  0.0000 -0.0000  0.0399 -0.0026 -0.0691  0.0045 -0.0000  0.0000 -0.0003  0.0044 -0.0429  0.5824  0.0287 -0.3889  0.0373 -0.5066 -0.0212  0.2874 -0.0287  0.3889  0.0204  0.0012 -0.0353 -0.0021 -0.0000 -0.0000
    5   8.5361 THz   0.1365  0.0000 -0.2364  0.0000  0.0000  0.0000 -0.2920  0.0191  0.5057 -0.0331  0.0000 -0.0000 -0.0144  0.1957  0.0008 -0.0105  0.0100 -0.1357  0.0065 -0.0887  0.0129 -0.1747 -0.0100  0.1357 -0.3418 -0.0202  0.5919  0.0350  0.0000  0.0000
    6   9.0754 THz   0.1114  0.0000  0.0643 -0.0000 -0.1827 -0.0000  0.2609 -0.0171  0.1506 -0.0099 -0.4456  0.0291  0.0086 -0.1169  0.0022 -0.0305  0.0004 -0.0055  0.0063 -0.0849  0.0063 -0.0860  0.0004 -0.0055  0.3852  0.0228  0.2224  0.0132 -0.6558 -0.0388
    7  10.9565 THz  -0.0198  0.0000  0.0344 -0.0000 -0.0000 -0.0000  0.1107 -0.0072 -0.1918  0.0125 -0.0000  0.0000 -0.0235  0.3186 -0.0234  0.3174 -0.0364  0.4936  0.0320 -0.4342  0.0086 -0.1172  0.0364 -0.4936 -0.1143 -0.0068  0.1980  0.0117  0.0000  0.0000
    8  11.0316 THz  -0.0289  0.0000 -0.0167  0.0000  0.0012 -0.0000 -0.0752  0.0049 -0.0434  0.0028  0.0699 -0.0046  0.0345 -0.4679  0.0220 -0.2991  0.0297 -0.4026  0.0363 -0.4930  0.0188 -0.2557  0.0297 -0.4026  0.0857  0.0051  0.0495  0.0029  0.1745  0.0103
    9  11.5959 THz  -0.0475  0.0000  0.0823 -0.0000 -0.0000  0.0000  0.1963 -0.0128 -0.3399  0.0222 -0.0000  0.0000  0.0333 -0.4519 -0.0014  0.0185 -0.0028  0.0382 -0.0155  0.2099 -0.0295  0.4006  0.0028 -0.0382 -0.3242 -0.0192  0.5616  0.0332  0.0000  0.0000
   10  12.7136 THz   0.0390  0.0000  0.0225 -0.0000 -0.0615  0.0000  0.2045 -0.0134  0.1181 -0.0077 -0.3295  0.0216 -0.0003  0.0039 -0.0043  0.0590 -0.0085  0.1153 -0.0039  0.0531  0.0019 -0.0262 -0.0085  0.1153  0.4628  0.0274  0.2672  0.0158  0.7121  0.0421
   11  13.3821 THz   0.0642  0.0000  0.0371 -0.0000 -0.1071  0.0000  0.3227 -0.0211  0.1863 -0.0122 -0.5258  0.0344  0.0085 -0.1155  0.0065 -0.0877 -0.0041  0.0555  0.0099 -0.1337  0.0041 -0.0562 -0.0041  0.0555 -0.6091 -0.0360 -0.3517 -0.0208  0.1446  0.0086
   12  14.3905 THz   0.0071  0.0000  0.0041  0.0000 -0.0333 -0.0000  0.0644 -0.0042  0.0372 -0.0024 -0.1010  0.0066  0.0012 -0.0160 -0.0411  0.5581  0.0307 -0.4172 -0.0350  0.4754  0.0216 -0.2929  0.0307 -0.4172 -0.0645 -0.0038 -0.0372 -0.0022  0.0239  0.0014
   13  16.4655 THz  -0.0476  0.0000  0.0824 -0.0000  0.0000  0.0000  0.3020 -0.0198 -0.5231  0.0342 -0.0000  0.0000 -0.0286  0.3884  0.0173 -0.2350  0.0212 -0.2873 -0.0007  0.0093  0.0334 -0.4538 -0.0212  0.2873 -0.1050 -0.0062  0.1818  0.0108  0.0000  0.0000
   14  22.5795 THz   0.0079  0.0000  0.0045 -0.0000 -0.0126  0.0000  0.1023 -0.0067  0.0591 -0.0039 -0.1466  0.0096 -0.0368  0.4998  0.0214 -0.2900  0.0280 -0.3801  0.0001 -0.0013 -0.0426  0.5779  0.0280 -0.3801  0.0261  0.0015  0.0151  0.0009  0.0346  0.0020


 Q=  0.088700 -0.051210 -0.072298, q=  0.000000 -0.500000  0.000000

                       Ba X   0        Ba Y   0        Ba Z   0        Ti X   1        Ti Y   1        Ti Z   1         O X   2         O Y   2         O Z   2         O X   3         O Y   3         O Z   3         O X   4         O Y   4         O Z   4     
                    --------------- --------------- --------------- --------------- --------------- --------------- --------------- --------------- --------------- --------------- --------------- --------------- --------------- --------------- ---------------
    0   3.3705 THz   0.4982  0.0000  0.8626 -0.0000  0.0003  0.0000  0.0011  0.0342  0.0019  0.0592  0.0000  0.0000  0.0217  0.0010  0.0375  0.0017  0.0000  0.0000  0.0003 -0.0106  0.0006 -0.0197  0.0003 -0.0093  0.0003 -0.0118  0.0006 -0.0190 -0.0003  0.0093
    1   3.3861 THz   0.4774  0.0000 -0.2761  0.0000  0.8302 -0.0000  0.0010  0.0320 -0.0006 -0.0185  0.0016  0.0490  0.0211  0.0009 -0.0122 -0.0005  0.0400  0.0018  0.0001 -0.0027  0.0001 -0.0047  0.0006 -0.0190 -0.0001  0.0028 -0.0001  0.0047  0.0006 -0.0190
    2   4.4001 THz  -0.7063  0.0000  0.4078  0.0000  0.5233 -0.0000  0.0030  0.0913 -0.0017 -0.0527  0.0067  0.2052 -0.0502 -0.0022  0.0290  0.0013  0.0360  0.0016  0.0003 -0.0106 -0.0003  0.0087  0.0011 -0.0366  0.0004 -0.0129 -0.0001  0.0048  0.0011 -0.0366
    3   4.8893 THz   0.0330  0.0000  0.0572  0.0000  0.0000  0.0000 -0.0162 -0.4956 -0.0280 -0.8583 -0.0000 -0.0000 -0.0143 -0.0006 -0.0248 -0.0011 -0.0000 -0.0000  0.0016 -0.0539  0.0012 -0.0408  0.0010 -0.0346  0.0002 -0.0084  0.0020 -0.0671 -0.0010  0.0346
    4   5.2827 THz   0.1236  0.0000 -0.0714 -0.0000 -0.1592 -0.0000  0.0157  0.4814 -0.0091 -0.2780  0.0248  0.7581  0.0310  0.0014 -0.0179 -0.0008  0.0148  0.0007 -0.0035  0.1191  0.0006 -0.0192 -0.0041  0.1395 -0.0022  0.0761  0.0028 -0.0935 -0.0041  0.1395
    5   7.7705 THz  -0.0181  0.0000 -0.0314  0.0000 -0.0000 -0.0000  0.0016  0.0480  0.0027  0.0832  0.0000  0.0000 -0.0277 -0.0012 -0.0480 -0.0021 -0.0000 -0.0000  0.0128 -0.4341  0.0162 -0.5478  0.0019 -0.0653  0.0076 -0.2573  0.0192 -0.6498 -0.0019  0.0652
    6   8.2753 THz  -0.0691  0.0000  0.0399  0.0000  0.0894  0.0000  0.0005  0.0145 -0.0003 -0.0083 -0.0100 -0.3051  0.0847  0.0037 -0.0489 -0.0022  0.0239  0.0011 -0.0134  0.4530  0.0034 -0.1154 -0.0139  0.4713 -0.0096  0.3264  0.0099 -0.3347 -0.0139  0.4713
    7   8.5163 THz   0.0126  0.0000 -0.0073  0.0000  0.0173  0.0000 -0.0170 -0.5214  0.0098  0.3010  0.0124  0.3796 -0.1412 -0.0062  0.0815  0.0036  0.0181  0.0008  0.0064 -0.2177 -0.0048  0.1621 -0.0118  0.3986  0.0074 -0.2492 -0.0032  0.1075 -0.0118  0.3986
    8  10.2123 THz   0.0106  0.0000  0.0184 -0.0000  0.0000 -0.0000  0.0003  0.0093  0.0005  0.0162 -0.0000 -0.0000 -0.3321 -0.0146 -0.5751 -0.0253 -0.0000 -0.0000 -0.0111  0.3773  0.0068 -0.2301  0.0085 -0.2883  0.0115 -0.3879 -0.0063  0.2117 -0.0085  0.2883
    9  10.7399 THz   0.0224  0.0000 -0.0129  0.0000  0.0382 -0.0000  0.0019  0.0596 -0.0011 -0.0344 -0.0009 -0.0277 -0.4626 -0.0204  0.2669  0.0118 -0.8339 -0.0367 -0.0020  0.0677 -0.0005  0.0164 -0.0001  0.0040 -0.0006  0.0198  0.0020 -0.0669 -0.0001  0.0038
   10  10.7950 THz  -0.0199  0.0000 -0.0345  0.0000  0.0000 -0.0000 -0.0002 -0.0075 -0.0004 -0.0130 -0.0000 -0.0000  0.3701  0.0163  0.6413  0.0283 -0.0002 -0.0000 -0.0084  0.2829  0.0067 -0.2252  0.0090 -0.3058  0.0099 -0.3364 -0.0039  0.1323 -0.0090  0.3058
   11  14.0752 THz  -0.0027  0.0000 -0.0047 -0.0000  0.0000  0.0000  0.0008  0.0236  0.0013  0.0408 -0.0000 -0.0000 -0.0273 -0.0012 -0.0473 -0.0021 -0.0000 -0.0000  0.0086 -0.2928 -0.0090  0.3062  0.0166 -0.5634 -0.0122  0.4117  0.0030 -0.1004 -0.0166  0.5634
   12  14.4357 THz   0.0244  0.0000 -0.0141  0.0000 -0.0225 -0.0000 -0.0068 -0.2081  0.0039  0.1202  0.0047  0.1448 -0.1317 -0.0058  0.0760  0.0033  0.1572  0.0069 -0.0126  0.4267 -0.0132  0.4460  0.0069 -0.2336  0.0051 -0.1728  0.0175 -0.5926  0.0069 -0.2336
   13  15.5375 THz   0.0187  0.0000 -0.0108  0.0000 -0.0246  0.0000 -0.0123 -0.3768  0.0071  0.2175  0.0098  0.2989 -0.1633 -0.0072  0.0943  0.0042  0.0857  0.0038 -0.0060  0.2027  0.0151 -0.5096  0.0057 -0.1935 -0.0160  0.5427 -0.0023  0.0793  0.0057 -0.1935
   14  20.9273 THz  -0.0371  0.0000  0.0214  0.0000  0.0284  0.0000 -0.0071 -0.2172  0.0041  0.1254  0.0058  0.1774  0.6779  0.0299 -0.3914 -0.0172 -0.5163 -0.0227 -0.0021  0.0699 -0.0007  0.0249  0.0022 -0.0737 -0.0004  0.0134  0.0022 -0.0730  0.0022 -0.0737


 Q=  0.000000  0.102422 -0.072297, q=  0.000000  0.000000 -0.500000

                       Ba X   0        Ba Y   0        Ba Z   0        Ti X   1        Ti Y   1        Ti Z   1         O X   2         O Y   2         O Z   2         O X   3         O Y   3         O Z   3         O X   4         O Y   4         O Z   4     
                    --------------- --------------- --------------- --------------- --------------- --------------- --------------- --------------- --------------- --------------- --------------- --------------- --------------- --------------- ---------------
    0   3.3705 THz   0.9961  0.0000 -0.0000  0.0000 -0.0000  0.0000  0.0022  0.0684 -0.0000 -0.0000 -0.0000 -0.0000  0.0007 -0.0223 -0.0000  0.0007  0.0003 -0.0093  0.0434  0.0019 -0.0000  0.0000 -0.0000  0.0000  0.0007 -0.0223  0.0000 -0.0007 -0.0003  0.0093
    1   3.3861 THz   0.0000  0.0000  0.4529 -0.3146  0.6818 -0.4736  0.0000  0.0000  0.0221  0.0297  0.0293  0.0393 -0.0030 -0.0046  0.0000  0.0000 -0.0104 -0.0159  0.0000  0.0000  0.0206 -0.0130  0.0339 -0.0214  0.0030  0.0046  0.0000  0.0000 -0.0104 -0.0159
    2   4.4001 THz   0.0000  0.0000 -0.3849 -0.7191  0.2469  0.4613 -0.0000 -0.0000 -0.0913  0.0528 -0.1777  0.1027 -0.0021  0.0010  0.0121 -0.0060  0.0328 -0.0163 -0.0000 -0.0000 -0.0251 -0.0523  0.0156  0.0325  0.0021 -0.0010  0.0121 -0.0060  0.0328 -0.0163
    3   4.8893 THz  -0.0660  0.0000 -0.0000 -0.0000 -0.0000  0.0000  0.0324  0.9911  0.0000 -0.0000  0.0000 -0.0000 -0.0018  0.0623 -0.0008  0.0263 -0.0010  0.0346  0.0287  0.0013 -0.0000 -0.0000  0.0000  0.0000 -0.0018  0.0623  0.0008 -0.0263  0.0010 -0.0346
    4   5.2827 THz   0.0000  0.0000 -0.0111 -0.1423  0.0124  0.1588  0.0000 -0.0000  0.5528 -0.0614  0.7538 -0.0837  0.0429 -0.0021  0.1126 -0.0055  0.1394 -0.0068 -0.0000 -0.0000 -0.0012 -0.0358 -0.0005 -0.0148 -0.0429  0.0021  0.1126 -0.0055  0.1394 -0.0068
    5   7.7705 THz  -0.0363  0.0000 -0.0000 -0.0000  0.0000 -0.0000  0.0031  0.0960  0.0000  0.0000  0.0000 -0.0000  0.0204 -0.6914  0.0030 -0.1021  0.0019 -0.0653 -0.0554 -0.0024  0.0000 -0.0000  0.0000 -0.0000  0.0204 -0.6914 -0.0030  0.1021 -0.0019  0.0653
    6   8.2753 THz  -0.0000  0.0000  0.0313 -0.0734 -0.0351  0.0823  0.0000 -0.0000 -0.0156 -0.0060  0.2846  0.1104 -0.1150 -0.0531 -0.4087 -0.1886 -0.4281 -0.1976  0.0000 -0.0000 -0.0423  0.0882 -0.0104  0.0216  0.1150  0.0531 -0.4087 -0.1886 -0.4281 -0.1976
    7   8.5163 THz   0.0000  0.0000 -0.0093 -0.0112 -0.0111 -0.0133  0.0000  0.0000 -0.4498  0.4006  0.2837 -0.2526  0.0248 -0.0195 -0.2122  0.1665  0.3137 -0.2461  0.0000 -0.0000  0.0989  0.1299 -0.0110 -0.0144 -0.0248  0.0195 -0.2122  0.1665  0.3137 -0.2461
    8  10.2123 THz  -0.0212  0.0000 -0.0000  0.0000  0.0000  0.0000 -0.0006 -0.0187  0.0000 -0.0000 -0.0000  0.0000 -0.0003  0.0106  0.0131 -0.4418 -0.0085  0.2883  0.6641  0.0293 -0.0000 -0.0000 -0.0000 -0.0000 -0.0003  0.0106 -0.0131  0.4418  0.0085 -0.2883
    9  10.7399 THz   0.0000  0.0000 -0.0123  0.0227 -0.0182  0.0336 -0.0000  0.0000 -0.0616 -0.0309  0.0248  0.0124 -0.0415 -0.0242 -0.0437 -0.0254 -0.0034 -0.0019 -0.0000 -0.0000  0.2754 -0.4582  0.4301 -0.7154  0.0415  0.0242 -0.0437 -0.0254 -0.0034 -0.0019
   10  10.7950 THz  -0.0399  0.0000 -0.0000  0.0000 -0.0000  0.0000 -0.0005 -0.0150 -0.0000 -0.0000  0.0000  0.0000  0.0016 -0.0536 -0.0106  0.3576  0.0090 -0.3058  0.7404  0.0326  0.0000 -0.0000  0.0000 -0.0000  0.0016 -0.0536  0.0106 -0.3576 -0.0090  0.3058
   11  14.0752 THz   0.0055  0.0000 -0.0000  0.0000  0.0000  0.0000 -0.0015 -0.0472  0.0000 -0.0000 -0.0000 -0.0000  0.0035 -0.1188 -0.0120  0.4067 -0.0166  0.5634  0.0546  0.0024 -0.0000 -0.0000 -0.0000  0.0000  0.0035 -0.1188  0.0120 -0.4067  0.0166 -0.5634
   12  14.4356 THz   0.0000  0.0000  0.0235 -0.0156 -0.0188  0.0125 -0.0000 -0.0000 -0.1394 -0.1959  0.0840  0.1180  0.3168  0.5094  0.0774  0.1245 -0.1234 -0.1984 -0.0000  0.0000 -0.1304  0.0785  0.1348 -0.0811 -0.3168 -0.5094  0.0774  0.1245 -0.1234 -0.1984
   13  15.5375 THz  -0.0000  0.0000  0.0147 -0.0158 -0.0167  0.0181 -0.0000  0.0000 -0.3290 -0.2851  0.2260  0.1958 -0.2427 -0.2383  0.3072  0.3016 -0.1381 -0.1356 -0.0000  0.0000 -0.1342  0.1328  0.0610 -0.0603  0.2427  0.2383  0.3072  0.3016 -0.1381 -0.1356
   14  20.9274 THz  -0.0000  0.0000 -0.0428 -0.0003  0.0284  0.0002 -0.0000 -0.0000 -0.0066 -0.2508  0.0047  0.1774 -0.0020  0.0565 -0.0017  0.0481  0.0026 -0.0737  0.0000 -0.0000  0.7826  0.0394 -0.5161 -0.0260  0.0020 -0.0565 -0.0017  0.0481  0.0026 -0.0737


 Q=  0.000000  0.000000  0.000000, q=  0.000000  0.000000  0.000000

                       Ba X   0        Ba Y   0        Ba Z   0        Ti X   1        Ti Y   1        Ti Z   1         O X   2         O Y   2         O Z   2         O X   3         O Y   3         O Z   3         O X   4         O Y   4         O Z   4     
                    --------------- --------------- --------------- --------------- --------------- --------------- --------------- --------------- --------------- --------------- --------------- --------------- --------------- --------------- ---------------
    0  -0.0000 THz   0.1427  0.0000 -0.6781  0.0000 -0.3297  0.0000  0.0843  0.0000 -0.4003  0.0000 -0.1947  0.0000  0.0487  0.0000 -0.2315  0.0000 -0.1126  0.0000  0.0487  0.0000 -0.2315  0.0000 -0.1126  0.0000  0.0487  0.0000 -0.2315  0.0000 -0.1126  0.0000
    1  -0.0000 THz  -0.0275  0.0000  0.3307  0.0000 -0.6919  0.0000 -0.0162  0.0000  0.1952  0.0000 -0.4085  0.0000 -0.0094  0.0000  0.1129  0.0000 -0.2362  0.0000 -0.0094  0.0000  0.1129  0.0000 -0.2362  0.0000 -0.0094  0.0000  0.1129  0.0000 -0.2362  0.0000
    2  -0.0000 THz   0.7535  0.0000  0.1405  0.0000  0.0372  0.0000  0.4449  0.0000  0.0830  0.0000  0.0220  0.0000  0.2572  0.0000  0.0480  0.0000  0.0127  0.0000  0.2572  0.0000  0.0480  0.0000  0.0127  0.0000  0.2572  0.0000  0.0480  0.0000  0.0127  0.0000
    3   5.4236 THz   0.4865  0.0000 -0.0000  0.0000 -0.0000  0.0000  0.0484  0.0000 -0.0000  0.0000  0.0000  0.0000 -0.5093  0.0000  0.0110  0.0000  0.0277  0.0000 -0.4903  0.0000  0.0000  0.0000 -0.0000  0.0000 -0.5093  0.0000 -0.0110  0.0000 -0.0277  0.0000
    4   5.4236 THz   0.0000  0.0000  0.4865  0.0000  0.0001  0.0000  0.0000  0.0000  0.0484  0.0000 -0.0001  0.0000  0.0110  0.0000 -0.4967  0.0000 -0.0160  0.0000 -0.0000  0.0000 -0.5156  0.0000  0.0319  0.0000 -0.0110  0.0000 -0.4967  0.0000 -0.0160  0.0000
    5   5.4713 THz  -0.0000  0.0000  0.0025  0.0000  0.6411  0.0000  0.0000  0.0000 -0.0054  0.0000 -0.5361  0.0000 -0.0031  0.0000  0.0023  0.0000 -0.3169  0.0000 -0.0000  0.0000 -0.0025  0.0000 -0.3172  0.0000  0.0031  0.0000  0.0023  0.0000 -0.3169  0.0000
    6   5.4723 THz  -0.4175  0.0000  0.0000  0.0000 -0.0000  0.0000  0.8885  0.0000 -0.0000  0.0000  0.0000  0.0000 -0.1185  0.0000  0.0243  0.0000  0.0239  0.0000 -0.0764  0.0000  0.0000  0.0000  0.0000  0.0000 -0.1185  0.0000 -0.0243  0.0000 -0.0239  0.0000
    7   5.4723 THz   0.0000  0.0000  0.4175  0.0000 -0.0039  0.0000 -0.0000  0.0000 -0.8885  0.0000  0.0033  0.0000 -0.0243  0.0000  0.0905  0.0000  0.0157  0.0000  0.0000  0.0000  0.1326  0.0000 -0.0257  0.0000  0.0243  0.0000  0.0905  0.0000  0.0157  0.0000
    8   7.2197 THz   0.0000  0.0000 -0.0000  0.0000  0.0055  0.0000 -0.0000  0.0000  0.0000  0.0000 -0.7123  0.0000  0.0019  0.0000 -0.0011  0.0000  0.4052  0.0000  0.0000  0.0000  0.0022  0.0000  0.4052  0.0000 -0.0019  0.0000 -0.0011  0.0000  0.4052  0.0000
    9   9.1882 THz  -0.0000  0.0000  0.0000  0.0000 -0.0000  0.0000  0.0000  0.0000 -0.0000  0.0000 -0.0000  0.0000  0.2887  0.0000  0.5000  0.0000  0.0000  0.0000 -0.5774  0.0000 -0.0000  0.0000 -0.0000  0.0000  0.2887  0.0000 -0.5000  0.0000 -0.0000  0.0000
   10   9.6431 THz  -0.0000  0.0000 -0.0102  0.0000 -0.0000  0.0000  0.0000  0.0000  0.0077  0.0000 -0.0000  0.0000 -0.3468  0.0000 -0.1946  0.0000 -0.2941  0.0000 -0.0000  0.0000  0.4060  0.0000  0.5881  0.0000  0.3468  0.0000 -0.1946  0.0000 -0.2941  0.0000
   11   9.6431 THz  -0.0102  0.0000  0.0000  0.0000  0.0000  0.0000  0.0077  0.0000 -0.0000  0.0000 -0.0000  0.0000  0.2057  0.0000 -0.3468  0.0000  0.5093  0.0000 -0.3948  0.0000 -0.0000  0.0000 -0.0000  0.0000  0.2057  0.0000  0.3468  0.0000 -0.5093  0.0000
   12  14.9348 THz   0.0035  0.0000 -0.0000  0.0000 -0.0000  0.0000 -0.0542  0.0000  0.0000  0.0000 -0.0000  0.0000 -0.1796  0.0000  0.3592  0.0000  0.4891  0.0000  0.4426  0.0000  0.0000  0.0000 -0.0000  0.0000 -0.1796  0.0000 -0.3592  0.0000 -0.4891  0.0000
   13  14.9349 THz   0.0000  0.0000  0.0035  0.0000  0.0000  0.0000 -0.0000  0.0000 -0.0542  0.0000 -0.0000  0.0000  0.3592  0.0000  0.2352  0.0000 -0.2824  0.0000  0.0000  0.0000 -0.3870  0.0000  0.5648  0.0000 -0.3592  0.0000  0.2352  0.0000 -0.2824  0.0000
   14  15.9396 THz   0.0000  0.0000 -0.0000  0.0000  0.0038  0.0000 -0.0000  0.0000  0.0000  0.0000 -0.0004  0.0000  0.5000  0.0000 -0.2887  0.0000 -0.0034  0.0000  0.0000  0.0000  0.5773  0.0000 -0.0034  0.0000 -0.5000  0.0000 -0.2887  0.0000 -0.0034  0.0000
