
Used Primitive lattice vector

    0.000000000000      1.766808000000      1.766808000000  
    1.766808000000      0.000000000000      1.766808000000  
    1.766808000000      1.766808000000      0.000000000000  

   2 Atom(s) in the Primitive cell

 0.0000000000 0.0000000000 0.0000000000  C    0
 0.2500000000 0.2500000000 0.2500000000  C    1


 Q= -0.141498 -0.141498 -0.141498, q= -0.500000 -0.500000 -0.500000

                        C X   0         C Y   0         C Z   0         C X   1         C Y   1         C Z   1     
                    --------------- --------------- --------------- --------------- --------------- ---------------
    0  16.4077 THz  -0.3683  0.0000  0.5688  0.0177 -0.2005 -0.0177 -0.2604  0.2604  0.4147 -0.3897 -0.1543  0.1293
    1  16.4077 THz  -0.4446  0.0000 -0.0963 -0.0147  0.5409  0.0147 -0.3144  0.3144 -0.0785  0.0577  0.3929 -0.3721
    2  33.2320 THz  -0.4082  0.0000 -0.4082 -0.0000 -0.4082  0.0000 -0.2887  0.2887 -0.2887  0.2887 -0.2887  0.2887
    3  37.4227 THz   0.4731  0.0000 -0.0240  0.1921 -0.4491 -0.1921 -0.3346  0.3346 -0.1189 -0.1528  0.4534 -0.1817
    4  37.4227 THz   0.3309  0.0000 -0.4694 -0.2748  0.1386  0.2748 -0.2340  0.2340  0.5262 -0.1376 -0.2923 -0.0963
    5  37.9562 THz  -0.4082  0.0000 -0.4082 -0.0000 -0.4082  0.0000  0.2887 -0.2887  0.2887 -0.2887  0.2887 -0.2887


 Q= -0.070749 -0.070749 -0.212247, q= -0.500000 -0.500000 -0.250000

                        C X   0         C Y   0         C Z   0         C X   1         C Y   1         C Z   1     
                    --------------- --------------- --------------- --------------- --------------- ---------------
    0  20.5510 THz   0.5000  0.0000 -0.5000 -0.0000 -0.0000  0.0000  0.3399 -0.3667 -0.3399  0.3667 -0.0000  0.0000
    1  25.2002 THz  -0.3992  0.0000 -0.3992 -0.0000  0.4241  0.0383 -0.3974  0.0376 -0.3974  0.0376  0.4186 -0.0780
    2  30.1332 THz   0.3593  0.0000  0.3593  0.0000  0.2597  0.4175  0.0476  0.3562  0.0476  0.3562  0.4482  0.2022
    3  35.3589 THz  -0.5000  0.0000  0.5000  0.0000 -0.0000  0.0000  0.3399 -0.3667 -0.3399  0.3667  0.0000  0.0000
    4  35.8152 THz   0.4449  0.0000  0.4449  0.0000  0.2805 -0.1597 -0.3833 -0.2257 -0.3833 -0.2257 -0.1607 -0.2800
    5  38.3153 THz   0.1167  0.0000  0.1167 -0.0000 -0.4185 -0.5456 -0.0447 -0.1078 -0.0447 -0.1078  0.6642  0.1778


 Q=  0.000000  0.000000 -0.282996, q= -0.500000 -0.500000  0.000000

                        C X   0         C Y   0         C Z   0         C X   1         C Y   1         C Z   1     
                    --------------- --------------- --------------- --------------- --------------- ---------------
    0  23.5148 THz   0.0000  0.0000 -0.7071 -0.0000 -0.0000  0.0000  0.0000 -0.7071 -0.0000  0.0000  0.0000  0.0000
    1  23.5148 THz   0.7071  0.0000 -0.0000  0.0000 -0.0000  0.0000  0.0000  0.0000  0.0000  0.7071 -0.0000 -0.0000
    2  33.7183 THz  -0.7071  0.0000 -0.0000  0.0000 -0.0000  0.0000  0.0000  0.0000  0.0000  0.7071 -0.0000 -0.0000
    3  33.7183 THz  -0.0000 -0.0000  0.7071  0.0000 -0.0000  0.0000  0.0000 -0.7071 -0.0000  0.0000 -0.0000 -0.0000
    4  37.0145 THz   0.0000  0.0000 -0.0000  0.0000 -0.3115  0.0382  0.0000  0.0000  0.0000 -0.0000 -0.1675 -0.9346
    5  37.0145 THz   0.0000  0.0000 -0.0000  0.0000 -0.9146  0.2549  0.0000  0.0000 -0.0000 -0.0000  0.1008  0.2972


 Q=  0.070749  0.070749 -0.353745, q= -0.500000 -0.500000  0.250000

                        C X   0         C Y   0         C Z   0         C X   1         C Y   1         C Z   1     
                    --------------- --------------- --------------- --------------- --------------- ---------------
    0  20.5510 THz   0.5000  0.0000 -0.5000 -0.0000  0.0000  0.0000 -0.3399 -0.3667  0.3399  0.3667  0.0000 -0.0000
    1  25.2002 THz  -0.3992  0.0000 -0.3992 -0.0000  0.4241 -0.0383  0.3974  0.0376  0.3974  0.0376 -0.4186 -0.0780
    2  30.1332 THz  -0.3593  0.0000 -0.3593  0.0000 -0.2597  0.4175  0.0476 -0.3562  0.0476 -0.3562  0.4482 -0.2022
    3  35.3589 THz  -0.5000  0.0000  0.5000 -0.0000 -0.0000 -0.0000 -0.3399 -0.3667  0.3399  0.3667 -0.0000  0.0000
    4  35.8152 THz  -0.4449  0.0000 -0.4449  0.0000 -0.2805 -0.1597 -0.3833  0.2257 -0.3833  0.2257 -0.1607  0.2800
    5  38.3153 THz  -0.1167  0.0000 -0.1167  0.0000  0.4185 -0.5456 -0.0447  0.1078 -0.0447  0.1078  0.6642 -0.1778


 Q= -0.070749 -0.212247 -0.070749, q= -0.500000 -0.250000 -0.500000

                        C X   0         C Y   0         C Z   0         C X   1         C Y   1         C Z   1     
                    --------------- --------------- --------------- --------------- --------------- ---------------
    0  20.5510 THz   0.5000  0.0000  0.0000  0.0000 -0.5000  0.0000  0.3399 -0.3667  0.0000  0.0000 -0.3399  0.3667
    1  25.2002 THz   0.3992  0.0000 -0.4241 -0.0383  0.3992 -0.0000  0.3974 -0.0376 -0.4186  0.0780  0.3974 -0.0376
    2  30.1332 THz  -0.3593  0.0000 -0.2597 -0.4175 -0.3593 -0.0000 -0.0476 -0.3562 -0.4482 -0.2022 -0.0476 -0.3562
    3  35.3589 THz  -0.5000  0.0000 -0.0000  0.0000  0.5000  0.0000  0.3399 -0.3667  0.0000  0.0000 -0.3399  0.3667
    4  35.8152 THz   0.4449  0.0000  0.2805 -0.1597  0.4449  0.0000 -0.3833 -0.2257 -0.1607 -0.2800 -0.3833 -0.2257
    5  38.3153 THz  -0.1167  0.0000  0.4185  0.5456 -0.1167 -0.0000  0.0447  0.1078 -0.6642 -0.1778  0.0447  0.1078


 Q=  0.000000 -0.141498 -0.141498, q= -0.500000 -0.250000 -0.250000

                        C X   0         C Y   0         C Z   0         C X   1         C Y   1         C Z   1     
                    --------------- --------------- --------------- --------------- --------------- ---------------
    0  18.5866 THz  -0.0000  0.0000 -0.4929  0.0842  0.4929 -0.0842 -0.0000 -0.0000 -0.4929  0.0842  0.4929 -0.0842
    1  23.8722 THz  -0.7034  0.0000 -0.0000  0.0509 -0.0000  0.0509 -0.7034 -0.0000  0.0000 -0.0509 -0.0000 -0.0509
    2  26.9051 THz  -0.2363  0.0000  0.0000 -0.4713  0.0000 -0.4713  0.2363  0.0000  0.0000 -0.4713  0.0000 -0.4713
    3  36.0499 THz   0.0000  0.0000 -0.5000  0.0056  0.5000 -0.0056 -0.0000 -0.0000  0.5000 -0.0056 -0.5000  0.0056
    4  37.3677 THz  -0.0719  0.0000  0.0000 -0.4974  0.0000 -0.4974 -0.0719 -0.0000 -0.0000  0.4974 -0.0000  0.4974
    5  38.4509 THz   0.6665  0.0000  0.0000 -0.1671  0.0000 -0.1671 -0.6665 -0.0000 -0.0000 -0.1671 -0.0000 -0.1671


 Q=  0.070749 -0.070749 -0.212247, q= -0.500000 -0.250000  0.000000

                        C X   0         C Y   0         C Z   0         C X   1         C Y   1         C Z   1     
                    --------------- --------------- --------------- --------------- --------------- ---------------
    0  20.5510 THz   0.5000  0.0000  0.5000  0.0000 -0.0000  0.0000  0.3399  0.3667  0.3399  0.3667 -0.0000 -0.0000
    1  25.2002 THz   0.3992  0.0000 -0.3992 -0.0000  0.4241 -0.0383  0.3974  0.0376 -0.3974 -0.0376  0.4186  0.0780
    2  30.1332 THz  -0.3593  0.0000  0.3593 -0.0000  0.2597 -0.4175 -0.0476  0.3562  0.0476 -0.3562  0.4482 -0.2022
    3  35.3589 THz   0.5000  0.0000  0.5000 -0.0000  0.0000  0.0000 -0.3399 -0.3667 -0.3399 -0.3667  0.0000  0.0000
    4  35.8152 THz  -0.4449  0.0000  0.4449 -0.0000  0.2805  0.1597  0.3833 -0.2257 -0.3833  0.2257 -0.1607  0.2800
    5  38.3153 THz   0.1167  0.0000 -0.1167 -0.0000  0.4185 -0.5456 -0.0447  0.1078  0.0447 -0.1078 -0.6642  0.1778


 Q=  0.141498  0.000000 -0.282996, q= -0.500000 -0.250000  0.250000

                        C X   0         C Y   0         C Z   0         C X   1         C Y   1         C Z   1     
                    --------------- --------------- --------------- --------------- --------------- ---------------
    0  27.7335 THz   0.0000  0.0000 -0.1808  0.2540 -0.2540 -0.1808 -0.7313 -0.5204 -0.0000 -0.0000 -0.0000 -0.0000
    1  27.7335 THz   0.8975  0.0000 -0.0000 -0.0000 -0.0000 -0.0000 -0.0000 -0.0000  0.0000  0.3118  0.3118 -0.0000
    2  31.0963 THz   0.0000  0.0000 -0.0702 -0.1128 -0.1128  0.0702  0.0000 -0.0000 -0.3028 -0.6250  0.6250 -0.3028
    3  31.0963 THz   0.0000  0.0000 -0.4681  0.5130  0.5130  0.4681 -0.0000 -0.0000  0.0994 -0.0882  0.0882  0.0994
    4  36.2319 THz  -0.4409  0.0000 -0.0000 -0.0000 -0.0000 -0.0000 -0.0000 -0.0000  0.0000  0.6347  0.6347 -0.0000
    5  36.2319 THz   0.0000  0.0000 -0.6138  0.1613 -0.1613 -0.6138  0.1121  0.4265 -0.0000 -0.0000  0.0000  0.0000


 Q=  0.000000 -0.282996  0.000000, q= -0.500000  0.000000 -0.500000

                        C X   0         C Y   0         C Z   0         C X   1         C Y   1         C Z   1     
                    --------------- --------------- --------------- --------------- --------------- ---------------
    0  23.5148 THz   0.7071  0.0000 -0.0000  0.0000 -0.0000  0.0000  0.0000  0.0000 -0.0000 -0.0000  0.0000  0.7071
    1  23.5148 THz   0.0000  0.0000  0.0000 -0.0000 -0.6880 -0.1631  0.1631 -0.6880 -0.0000  0.0000 -0.0000  0.0000
    2  33.7183 THz  -0.7071  0.0000 -0.0000  0.0000 -0.0000  0.0000  0.0000  0.0000 -0.0000 -0.0000  0.0000  0.7071
    3  33.7183 THz   0.0000  0.0000  0.0000  0.0000  0.7070  0.0109  0.0109 -0.7070  0.0000  0.0000 -0.0000  0.0000
    4  37.0145 THz   0.0000  0.0000 -0.9790  0.1926  0.0000 -0.0000 -0.0000 -0.0000 -0.0032 -0.0670 -0.0000 -0.0000
    5  37.0145 THz   0.0000  0.0000  0.0664 -0.0097  0.0000  0.0000  0.0000 -0.0000  0.0019 -0.9977 -0.0000  0.0000


 Q=  0.070749 -0.212247 -0.070749, q= -0.500000  0.000000 -0.250000

                        C X   0         C Y   0         C Z   0         C X   1         C Y   1         C Z   1     
                    --------------- --------------- --------------- --------------- --------------- ---------------
    0  20.5510 THz   0.5000  0.0000  0.0000 -0.0000  0.5000 -0.0000  0.3399  0.3667  0.0000  0.0000  0.3399  0.3667
    1  25.2002 THz  -0.3992  0.0000 -0.4241  0.0383  0.3992  0.0000 -0.3974 -0.0376 -0.4186 -0.0780  0.3974  0.0376
    2  30.1332 THz   0.3593  0.0000 -0.2597  0.4175 -0.3593  0.0000  0.0476 -0.3562 -0.4482  0.2022 -0.0476  0.3562
    3  35.3589 THz   0.5000  0.0000 -0.0000 -0.0000  0.5000 -0.0000 -0.3399 -0.3667  0.0000 -0.0000 -0.3399 -0.3667
    4  35.8152 THz  -0.4449  0.0000  0.2805  0.1597  0.4449 -0.0000  0.3833 -0.2257 -0.1607  0.2800 -0.3833  0.2257
    5  38.3153 THz  -0.1167  0.0000 -0.4185  0.5456  0.1167  0.0000  0.0447 -0.1078  0.6642 -0.1778 -0.0447  0.1078


 Q=  0.141498 -0.141498 -0.141498, q= -0.500000  0.000000  0.000000

                        C X   0         C Y   0         C Z   0         C X   1         C Y   1         C Z   1     
                    --------------- --------------- --------------- --------------- --------------- ---------------
    0  16.4077 THz   0.0046  0.0000 -0.1260 -0.4832  0.1306  0.4832  0.0033  0.0033  0.2526 -0.4308 -0.2494  0.4341
    1  16.4077 THz   0.5773  0.0000  0.2897  0.0039  0.2876 -0.0039  0.4082  0.4082  0.2021  0.2076  0.2061  0.2007
    2  33.2320 THz   0.4082  0.0000 -0.4082  0.0000 -0.4082 -0.0000  0.2887  0.2887 -0.2887 -0.2887 -0.2887 -0.2887
    3  37.4227 THz   0.4345  0.0000  0.4878 -0.1876 -0.0533  0.1876 -0.3073 -0.3073 -0.4776 -0.2123  0.1703 -0.0950
    4  37.4227 THz  -0.3801  0.0000  0.1192 -0.2144 -0.4993  0.2144  0.2688  0.2688 -0.2359  0.0673  0.5047  0.2015
    5  37.9562 THz  -0.4082  0.0000  0.4082  0.0000  0.4082 -0.0000  0.2887  0.2887 -0.2887 -0.2887 -0.2887 -0.2887


 Q=  0.212247 -0.070749 -0.212247, q= -0.500000  0.000000  0.250000

                        C X   0         C Y   0         C Z   0         C X   1         C Y   1         C Z   1     
                    --------------- --------------- --------------- --------------- --------------- ---------------
    0  20.5510 THz   0.5000  0.0000 -0.0000  0.0000  0.5000 -0.0000  0.3667  0.3399 -0.0000 -0.0000  0.3667  0.3399
    1  25.2002 THz  -0.3992  0.0000 -0.4241 -0.0383  0.3992 -0.0000 -0.0376 -0.3974 -0.0780 -0.4186  0.0376  0.3974
    2  30.1332 THz  -0.3593  0.0000  0.2597  0.4175  0.3593  0.0000  0.3562 -0.0476 -0.2022  0.4482 -0.3562  0.0476
    3  35.3589 THz   0.5000  0.0000  0.0000  0.0000  0.5000  0.0000 -0.3667 -0.3399  0.0000 -0.0000 -0.3667 -0.3399
    4  35.8152 THz  -0.4449  0.0000  0.2805 -0.1597  0.4449  0.0000 -0.2257  0.3833  0.2800 -0.1607  0.2257 -0.3833
    5  38.3153 THz   0.1167  0.0000  0.4185  0.5456 -0.1167 -0.0000  0.1078 -0.0447  0.1778 -0.6642 -0.1078  0.0447


 Q=  0.070749 -0.353745  0.070749, q= -0.500000  0.250000 -0.500000

                        C X   0         C Y   0         C Z   0         C X   1         C Y   1         C Z   1     
                    --------------- --------------- --------------- --------------- --------------- ---------------
    0  20.5510 THz   0.5000  0.0000 -0.0000 -0.0000 -0.5000  0.0000 -0.3399 -0.3667  0.0000  0.0000  0.3399  0.3667
    1  25.2002 THz   0.3992  0.0000 -0.4241  0.0383  0.3992 -0.0000 -0.3974 -0.0376  0.4186  0.0780 -0.3974 -0.0376
    2  30.1332 THz   0.3593  0.0000  0.2597 -0.4175  0.3593  0.0000 -0.0476  0.3562 -0.4482  0.2022 -0.0476  0.3562
    3  35.3589 THz  -0.5000  0.0000 -0.0000 -0.0000  0.5000  0.0000 -0.3399 -0.3667 -0.0000  0.0000  0.3399  0.3667
    4  35.8152 THz  -0.4449  0.0000 -0.2805 -0.1597 -0.4449 -0.0000 -0.3833  0.2257 -0.1607  0.2800 -0.3833  0.2257
    5  38.3153 THz   0.1167  0.0000 -0.4185  0.5456  0.1167 -0.0000  0.0447 -0.1078 -0.6642  0.1778  0.0447 -0.1078


 Q=  0.141498 -0.282996  0.000000, q= -0.500000  0.250000 -0.250000

                        C X   0         C Y   0         C Z   0         C X   1         C Y   1         C Z   1     
                    --------------- --------------- --------------- --------------- --------------- ---------------
    0  27.7335 THz   0.8975  0.0000 -0.0000 -0.0000 -0.0000  0.0000 -0.0000 -0.0000  0.3118  0.0000  0.0000  0.3118
    1  27.7335 THz   0.0000  0.0000 -0.0457 -0.3084 -0.3084  0.0457 -0.1316 -0.8878 -0.0000 -0.0000 -0.0000 -0.0000
    2  31.0963 THz   0.0000  0.0000 -0.3452 -0.3809  0.3809 -0.3452 -0.0000 -0.0000 -0.3643 -0.3209 -0.3209  0.3643
    3  31.0963 THz   0.0000  0.0000  0.3470  0.3396 -0.3396  0.3470  0.0000  0.0000 -0.4054 -0.3161 -0.3161  0.4054
    4  36.2319 THz   0.0000  0.0000 -0.5610 -0.2968 -0.2968  0.5610  0.3898  0.2062 -0.0000 -0.0000  0.0000 -0.0000
    5  36.2319 THz  -0.4409  0.0000 -0.0000 -0.0000 -0.0000  0.0000 -0.0000 -0.0000  0.6347  0.0000  0.0000  0.6347


 Q=  0.212247 -0.212247 -0.070749, q= -0.500000  0.250000  0.000000

                        C X   0         C Y   0         C Z   0         C X   1         C Y   1         C Z   1     
                    --------------- --------------- --------------- --------------- --------------- ---------------
    0  20.5510 THz   0.5000  0.0000  0.5000 -0.0000 -0.0000  0.0000  0.3667  0.3399  0.3667  0.3399  0.0000 -0.0000
    1  25.2002 THz   0.3992  0.0000 -0.3992 -0.0000  0.4241  0.0383  0.0376  0.3974 -0.0376 -0.3974  0.0780  0.4186
    2  30.1332 THz  -0.3593  0.0000  0.3593 -0.0000  0.2597  0.4175  0.3562 -0.0476 -0.3562  0.0476 -0.2022  0.4482
    3  35.3589 THz   0.5000  0.0000  0.5000  0.0000  0.0000 -0.0000 -0.3667 -0.3399 -0.3667 -0.3399  0.0000 -0.0000
    4  35.8152 THz   0.4449  0.0000 -0.4449 -0.0000 -0.2805  0.1597  0.2257 -0.3833 -0.2257  0.3833 -0.2800  0.1607
    5  38.3153 THz   0.1167  0.0000 -0.1167 -0.0000  0.4185  0.5456  0.1078 -0.0447 -0.1078  0.0447  0.1778 -0.6642


 Q=  0.282996 -0.141498 -0.141498, q= -0.500000  0.250000  0.250000

                        C X   0         C Y   0         C Z   0         C X   1         C Y   1         C Z   1     
                    --------------- --------------- --------------- --------------- --------------- ---------------
    0  18.5866 THz   0.0000  0.0000  0.4968  0.0565 -0.4968 -0.0565  0.0000  0.0000 -0.0565  0.4968  0.0565 -0.4968
    1  23.8722 THz  -0.7034  0.0000 -0.0000 -0.0509 -0.0000 -0.0509 -0.0000 -0.7034 -0.0509  0.0000 -0.0509 -0.0000
    2  26.9051 THz  -0.2363  0.0000  0.0000  0.4713  0.0000  0.4713  0.0000  0.2363 -0.4713  0.0000 -0.4713  0.0000
    3  36.0499 THz  -0.0000  0.0000  0.4966  0.0586 -0.4966 -0.0586  0.0000  0.0000  0.0586 -0.4966 -0.0586  0.4966
    4  37.3677 THz  -0.0719  0.0000  0.0000  0.4974  0.0000  0.4974 -0.0000 -0.0719  0.4974 -0.0000  0.4974 -0.0000
    5  38.4509 THz   0.6665  0.0000  0.0000  0.1671  0.0000  0.1671 -0.0000 -0.6665 -0.1671 -0.0000 -0.1671 -0.0000


 Q= -0.212247 -0.070749 -0.070749, q= -0.250000 -0.500000 -0.500000

                        C X   0         C Y   0         C Z   0         C X   1         C Y   1         C Z   1     
                    --------------- --------------- --------------- --------------- --------------- ---------------
    0  20.5510 THz   0.0000  0.0000 -0.4986  0.0377  0.4986 -0.0377  0.0000 -0.0000 -0.3112  0.3913  0.3112 -0.3913
    1  25.2002 THz  -0.4258  0.0000  0.3976 -0.0359  0.3976 -0.0359 -0.4098  0.1154  0.3924 -0.0732  0.3924 -0.0732
    2  30.1332 THz  -0.4917  0.0000 -0.1898  0.3051 -0.1898  0.3051 -0.4084  0.2738 -0.3276 -0.1477 -0.3276 -0.1477
    3  35.3589 THz  -0.0000  0.0000 -0.2728 -0.4190  0.2728  0.4190  0.0000  0.0000  0.4928  0.0847 -0.4928 -0.0847
    4  35.8152 THz  -0.3228  0.0000 -0.3866 -0.2202 -0.3866 -0.2202  0.0010  0.3228  0.2214  0.3859  0.2214  0.3859
    5  38.3153 THz  -0.6876  0.0000  0.0710 -0.0926  0.0710 -0.0926  0.5454 -0.4188 -0.1127 -0.0302 -0.1127 -0.0302


 Q= -0.141498  0.000000 -0.141498, q= -0.250000 -0.500000 -0.250000

                        C X   0         C Y   0         C Z   0         C X   1         C Y   1         C Z   1     
                    --------------- --------------- --------------- --------------- --------------- ---------------
    0  18.5866 THz   0.5000  0.0000 -0.0000 -0.0000 -0.5000  0.0000  0.5000 -0.0000 -0.0000 -0.0000 -0.5000  0.0000
    1  23.8722 THz  -0.0509  0.0000 -0.0000 -0.7034 -0.0509  0.0000  0.0509 -0.0000 -0.0000 -0.7034  0.0509 -0.0000
    2  26.9051 THz   0.4713  0.0000 -0.0000 -0.2363  0.4713 -0.0000  0.4713 -0.0000 -0.0000  0.2363  0.4713 -0.0000
    3  36.0499 THz  -0.5000  0.0000  0.0000  0.0000  0.5000 -0.0000  0.5000 -0.0000 -0.0000  0.0000 -0.5000  0.0000
    4  37.3677 THz  -0.4974  0.0000  0.0000  0.0719 -0.4974 -0.0000  0.4974 -0.0000 -0.0000  0.0719  0.4974 -0.0000
    5  38.4509 THz   0.1671  0.0000  0.0000  0.6665  0.1671 -0.0000  0.1671 -0.0000 -0.0000 -0.6665  0.1671 -0.0000


 Q= -0.070749  0.070749 -0.212247, q= -0.250000 -0.500000  0.000000

                        C X   0         C Y   0         C Z   0         C X   1         C Y   1         C Z   1     
                    --------------- --------------- --------------- --------------- --------------- ---------------
    0  20.5510 THz   0.5000  0.0000  0.5000 -0.0000 -0.0000 -0.0000  0.3399  0.3667  0.3399  0.3667 -0.0000 -0.0000
    1  25.2002 THz  -0.3992  0.0000  0.3992 -0.0000  0.4241 -0.0383 -0.3974 -0.0376  0.3974  0.0376  0.4186  0.0780
    2  30.1332 THz  -0.3593  0.0000  0.3593  0.0000 -0.2597  0.4175 -0.0476  0.3562  0.0476 -0.3562 -0.4482  0.2022
    3  35.3589 THz   0.5000  0.0000  0.5000 -0.0000  0.0000  0.0000 -0.3399 -0.3667 -0.3399 -0.3667 -0.0000  0.0000
    4  35.8152 THz   0.4449  0.0000 -0.4449  0.0000  0.2805  0.1597 -0.3833  0.2257  0.3833 -0.2257 -0.1607  0.2800
    5  38.3153 THz   0.1167  0.0000 -0.1167  0.0000 -0.4185  0.5456 -0.0447  0.1078  0.0447 -0.1078  0.6642 -0.1778


 Q=  0.000000  0.141498 -0.282996, q= -0.250000 -0.500000  0.250000

                        C X   0         C Y   0         C Z   0         C X   1         C Y   1         C Z   1     
                    --------------- --------------- --------------- --------------- --------------- ---------------
    0  27.7335 THz   0.3118  0.0000 -0.0000 -0.0000 -0.0000  0.3118 -0.0000 -0.0000 -0.0000  0.8975 -0.0000  0.0000
    1  27.7335 THz   0.0000  0.0000  0.8885 -0.1269  0.0000  0.0000  0.0441  0.3087  0.0000  0.0000  0.3087 -0.0441
    2  31.0963 THz   0.7071  0.0000  0.0000  0.0000  0.0000 -0.7071  0.0000  0.0000  0.0000  0.0000  0.0000 -0.0000
    3  31.0963 THz   0.0000  0.0000 -0.0000  0.0000  0.0000  0.0000  0.5986 -0.3763 -0.0000  0.0000  0.3763  0.5986
    4  36.2319 THz   0.6347  0.0000 -0.0000 -0.0000  0.0000  0.6347 -0.0000 -0.0000 -0.0000 -0.4409 -0.0000  0.0000
    5  36.2319 THz   0.0000  0.0000 -0.2294  0.3766  0.0000  0.0000  0.5420  0.3301 -0.0000 -0.0000  0.3301 -0.5420


 Q= -0.141498 -0.141498  0.000000, q= -0.250000 -0.250000 -0.500000

                        C X   0         C Y   0         C Z   0         C X   1         C Y   1         C Z   1     
                    --------------- --------------- --------------- --------------- --------------- ---------------
    0  18.5866 THz   0.5000  0.0000 -0.5000  0.0000 -0.0000  0.0000  0.5000 -0.0000 -0.5000  0.0000 -0.0000 -0.0000
    1  23.8722 THz   0.0509  0.0000  0.0509 -0.0000  0.0000  0.7034 -0.0509  0.0000 -0.0509  0.0000  0.0000  0.7034
    2  26.9051 THz   0.4713  0.0000  0.4713 -0.0000 -0.0000 -0.2363  0.4713 -0.0000  0.4713 -0.0000  0.0000  0.2363
    3  36.0499 THz  -0.5000  0.0000  0.5000  0.0000  0.0000 -0.0000  0.5000 -0.0000 -0.5000 -0.0000 -0.0000  0.0000
    4  37.3677 THz   0.4974  0.0000  0.4974  0.0000  0.0000 -0.0719 -0.4974 -0.0000 -0.4974 -0.0000 -0.0000 -0.0719
    5  38.4509 THz   0.1671  0.0000  0.1671 -0.0000 -0.0000  0.6665  0.1671  0.0000  0.1671  0.0000  0.0000 -0.6665


 Q= -0.070749 -0.070749 -0.070749, q= -0.250000 -0.250000 -0.250000

                        C X   0         C Y   0         C Z   0         C X   1         C Y   1         C Z   1     
                    --------------- --------------- --------------- --------------- --------------- ---------------
    0  12.3949 THz   0.5774  0.0000 -0.2887  0.0000 -0.2887  0.0000  0.5666 -0.1109 -0.2833  0.0555 -0.2833  0.0555
    1  12.3949 THz   0.0000  0.0000 -0.3932 -0.3088  0.3932  0.3088 -0.0000 -0.0000 -0.4452 -0.2275  0.4452  0.2275
    2  21.7582 THz   0.4082  0.0000  0.4082 -0.0000  0.4082 -0.0000  0.4050  0.0511  0.4050  0.0511  0.4050  0.0511
    3  38.5316 THz  -0.5774  0.0000  0.2887  0.0000  0.2887  0.0000  0.5666 -0.1109 -0.2833  0.0555 -0.2833  0.0555
    4  38.5316 THz   0.0000  0.0000 -0.4409 -0.2358  0.4409  0.2358 -0.0000 -0.0000  0.4780  0.1467 -0.4780 -0.1467
    5  40.3284 THz  -0.4082  0.0000 -0.4082 -0.0000 -0.4082 -0.0000  0.4050  0.0511  0.4050  0.0511  0.4050  0.0511


 Q=  0.000000  0.000000 -0.141498, q= -0.250000 -0.250000  0.000000

                        C X   0         C Y   0         C Z   0         C X   1         C Y   1         C Z   1     
                    --------------- --------------- --------------- --------------- --------------- ---------------
    0  16.3208 THz   0.0000  0.0000  0.6435 -0.2930 -0.0000  0.0000  0.0804  0.1766  0.6188 -0.2818 -0.0000 -0.0000
    1  16.3208 THz   0.7071  0.0000  0.0000  0.0000 -0.0000  0.0000  0.6800 -0.0000  0.0000  0.1940 -0.0000  0.0000
    2  23.2472 THz   0.0000  0.0000 -0.0000 -0.0000 -0.7025  0.0809 -0.0000 -0.0000 -0.0000  0.0000 -0.7025  0.0809
    3  37.2453 THz  -0.7071  0.0000  0.0000  0.0000 -0.0000  0.0000  0.6800 -0.0000  0.0000  0.1940 -0.0000  0.0000
    4  37.2453 THz   0.0000  0.0000  0.1118 -0.6982 -0.0000  0.0000 -0.1916 -0.0307 -0.1075  0.6714  0.0000  0.0000
    5  40.6934 THz   0.0000  0.0000 -0.0000 -0.0000  0.6873 -0.1663 -0.0000  0.0000  0.0000  0.0000 -0.6873  0.1663


 Q=  0.070749  0.070749 -0.212247, q= -0.250000 -0.250000  0.250000

                        C X   0         C Y   0         C Z   0         C X   1         C Y   1         C Z   1     
                    --------------- --------------- --------------- --------------- --------------- ---------------
    0  20.5510 THz   0.5000  0.0000 -0.5000  0.0000  0.0000  0.0000  0.3399 -0.3667 -0.3399  0.3667  0.0000  0.0000
    1  25.2002 THz   0.3992  0.0000  0.3992 -0.0000  0.4241  0.0383  0.3974 -0.0376  0.3974 -0.0376  0.4186 -0.0780
    2  30.1332 THz   0.3593  0.0000  0.3593  0.0000 -0.2597 -0.4175  0.0476  0.3562  0.0476  0.3562 -0.4482 -0.2022
    3  35.3589 THz  -0.5000  0.0000  0.5000  0.0000 -0.0000 -0.0000  0.3399 -0.3667 -0.3399  0.3667  0.0000  0.0000
    4  35.8152 THz  -0.4449  0.0000 -0.4449 -0.0000  0.2805 -0.1597  0.3833  0.2257  0.3833  0.2257 -0.1607 -0.2800
    5  38.3153 THz   0.1167  0.0000  0.1167 -0.0000  0.4185  0.5456 -0.0447 -0.1078 -0.0447 -0.1078 -0.6642 -0.1778


 Q= -0.070749 -0.212247  0.070749, q= -0.250000  0.000000 -0.500000

                        C X   0         C Y   0         C Z   0         C X   1         C Y   1         C Z   1     
                    --------------- --------------- --------------- --------------- --------------- ---------------
    0  20.5510 THz   0.5000  0.0000  0.0000 -0.0000  0.5000  0.0000  0.3399  0.3667 -0.0000 -0.0000  0.3399  0.3667
    1  25.2002 THz  -0.3992  0.0000  0.4241 -0.0383  0.3992  0.0000 -0.3974 -0.0376  0.4186  0.0780  0.3974  0.0376
    2  30.1332 THz  -0.3593  0.0000 -0.2597  0.4175  0.3593 -0.0000 -0.0476  0.3562 -0.4482  0.2022  0.0476 -0.3562
    3  35.3589 THz  -0.5000  0.0000  0.0000 -0.0000 -0.5000  0.0000  0.3399  0.3667  0.0000 -0.0000  0.3399  0.3667
    4  35.8152 THz  -0.4449  0.0000 -0.2805 -0.1597  0.4449 -0.0000  0.3833 -0.2257  0.1607 -0.2800 -0.3833  0.2257
    5  38.3153 THz  -0.1167  0.0000  0.4185 -0.5456  0.1167 -0.0000  0.0447 -0.1078 -0.6642  0.1778 -0.0447  0.1078


 Q=  0.000000 -0.141498  0.000000, q= -0.250000  0.000000 -0.250000

                        C X   0         C Y   0         C Z   0         C X   1         C Y   1         C Z   1     
                    --------------- --------------- --------------- --------------- --------------- ---------------
    0  16.3208 THz   0.0000  0.0000 -0.0000 -0.0000 -0.7007  0.0948 -0.0260 -0.1923 -0.0000 -0.0000 -0.6738  0.0912
    1  16.3208 THz   0.7071  0.0000  0.0000  0.0000 -0.0000 -0.0000  0.6800 -0.0000 -0.0000  0.0000 -0.0000  0.1940
    2  23.2472 THz   0.0000  0.0000  0.6927 -0.1420 -0.0000  0.0000 -0.0000  0.0000  0.6927 -0.1420  0.0000  0.0000
    3  37.2453 THz   0.0000  0.0000  0.0000 -0.0000 -0.2138 -0.6740 -0.1850  0.0587  0.0000  0.0000  0.2056  0.6482
    4  37.2453 THz  -0.7071  0.0000  0.0000  0.0000 -0.0000 -0.0000  0.6800 -0.0000 -0.0000  0.0000 -0.0000  0.1940
    5  40.6934 THz   0.0000  0.0000 -0.6511 -0.2758  0.0000  0.0000  0.0000 -0.0000  0.6511  0.2758 -0.0000 -0.0000


 Q=  0.070749 -0.070749 -0.070749, q= -0.250000  0.000000  0.000000

                        C X   0         C Y   0         C Z   0         C X   1         C Y   1         C Z   1     
                    --------------- --------------- --------------- --------------- --------------- ---------------
    0  12.3949 THz   0.4893  0.0000  0.5097 -0.0138 -0.0204  0.0138  0.4802  0.0940  0.5028  0.0844 -0.0226  0.0096
    1  12.3949 THz  -0.3064  0.0000  0.2700 -0.0220 -0.5764  0.0220 -0.3007 -0.0589  0.2692  0.0302 -0.5699 -0.0891
    2  21.7582 THz   0.4082  0.0000 -0.4082 -0.0000 -0.4082  0.0000  0.4050 -0.0511 -0.4050  0.0511 -0.4050  0.0511
    3  38.5316 THz   0.5119  0.0000  0.4867 -0.0147  0.0253  0.0147 -0.5024 -0.0984 -0.4804 -0.0791 -0.0220 -0.0193
    4  38.5316 THz   0.2669  0.0000 -0.3090  0.0281  0.5759 -0.0281 -0.2620 -0.0513  0.3086  0.0318 -0.5706 -0.0830
    5  40.3284 THz  -0.4082  0.0000  0.4082  0.0000  0.4082 -0.0000  0.4050 -0.0511 -0.4050  0.0511 -0.4050  0.0511


 Q=  0.141498  0.000000 -0.141498, q= -0.250000  0.000000  0.250000

                        C X   0         C Y   0         C Z   0         C X   1         C Y   1         C Z   1     
                    --------------- --------------- --------------- --------------- --------------- ---------------
    0  18.5866 THz   0.5000  0.0000 -0.0000 -0.0000  0.5000  0.0000  0.5000  0.0000 -0.0000  0.0000  0.5000  0.0000
    1  23.8722 THz   0.0509  0.0000  0.0000  0.7034 -0.0509  0.0000 -0.0509  0.0000  0.0000  0.7034  0.0509  0.0000
    2  26.9051 THz   0.4713  0.0000  0.0000 -0.2363 -0.4713 -0.0000  0.4713  0.0000  0.0000  0.2363 -0.4713 -0.0000
    3  36.0499 THz  -0.5000  0.0000 -0.0000 -0.0000 -0.5000  0.0000  0.5000  0.0000  0.0000  0.0000  0.5000 -0.0000
    4  37.3677 THz   0.4974  0.0000 -0.0000 -0.0719 -0.4974  0.0000 -0.4974 -0.0000  0.0000 -0.0719  0.4974 -0.0000
    5  38.4509 THz   0.1671  0.0000  0.0000  0.6665 -0.1671  0.0000  0.1671  0.0000 -0.0000 -0.6665 -0.1671  0.0000


 Q=  0.000000 -0.282996  0.141498, q= -0.250000  0.250000 -0.500000

                        C X   0         C Y   0         C Z   0         C X   1         C Y   1         C Z   1     
                    --------------- --------------- --------------- --------------- --------------- ---------------
    0  27.7335 THz  -0.2959  0.0000 -0.0000 -0.2959  0.2303 -0.1645  0.0571  0.0800  0.0800 -0.0571  0.0000 -0.8518
    1  27.7335 THz   0.0983  0.0000  0.0000  0.0983  0.6931 -0.4951  0.1720  0.2408  0.2408 -0.1720  0.0000  0.2830
    2  31.0963 THz   0.0000  0.0000  0.0000 -0.0000 -0.0000  0.0000 -0.5224 -0.4765  0.4765 -0.5224 -0.0000 -0.0000
    3  31.0963 THz   0.7071  0.0000 -0.0000 -0.7071  0.0000 -0.0000  0.0000  0.0000 -0.0000  0.0000  0.0000 -0.0000
    4  36.2319 THz   0.6347  0.0000  0.0000  0.6347  0.0000 -0.0000 -0.0000 -0.0000 -0.0000  0.0000  0.0000 -0.4409
    5  36.2319 THz  -0.0000  0.0000  0.0000 -0.0000  0.3342 -0.2876 -0.4139 -0.4811 -0.4811  0.4139 -0.0000  0.0000


 Q=  0.070749 -0.212247  0.070749, q= -0.250000  0.250000 -0.250000

                        C X   0         C Y   0         C Z   0         C X   1         C Y   1         C Z   1     
                    --------------- --------------- --------------- --------------- --------------- ---------------
    0  20.5510 THz   0.5000  0.0000 -0.0000 -0.0000 -0.5000  0.0000  0.3399 -0.3667 -0.0000  0.0000 -0.3399  0.3667
    1  25.2002 THz   0.3992  0.0000  0.4241  0.0383  0.3992 -0.0000  0.3974 -0.0376  0.4186 -0.0780  0.3974 -0.0376
    2  30.1332 THz   0.3593  0.0000 -0.2597 -0.4175  0.3593  0.0000  0.0476  0.3562 -0.4482 -0.2022  0.0476  0.3562
    3  35.3589 THz   0.5000  0.0000  0.0000  0.0000 -0.5000 -0.0000 -0.3399  0.3667  0.0000  0.0000  0.3399 -0.3667
    4  35.8152 THz   0.4449  0.0000 -0.2805  0.1597  0.4449  0.0000 -0.3833 -0.2257  0.1607  0.2800 -0.3833 -0.2257
    5  38.3153 THz  -0.1167  0.0000 -0.4185 -0.5456 -0.1167 -0.0000  0.0447  0.1078  0.6642  0.1778  0.0447  0.1078


 Q=  0.141498 -0.141498  0.000000, q= -0.250000  0.250000  0.000000

                        C X   0         C Y   0         C Z   0         C X   1         C Y   1         C Z   1     
                    --------------- --------------- --------------- --------------- --------------- ---------------
    0  18.5866 THz   0.5000  0.0000  0.5000 -0.0000 -0.0000 -0.0000  0.5000  0.0000  0.5000  0.0000 -0.0000 -0.0000
    1  23.8722 THz   0.0509  0.0000 -0.0509  0.0000  0.0000  0.7034 -0.0509  0.0000  0.0509 -0.0000  0.0000  0.7034
    2  26.9051 THz  -0.4713  0.0000  0.4713 -0.0000  0.0000  0.2363 -0.4713  0.0000  0.4713 -0.0000  0.0000 -0.2363
    3  36.0499 THz  -0.5000  0.0000 -0.5000  0.0000  0.0000  0.0000  0.5000 -0.0000  0.5000  0.0000 -0.0000 -0.0000
    4  37.3677 THz   0.4974  0.0000 -0.4974 -0.0000 -0.0000 -0.0719 -0.4974  0.0000  0.4974 -0.0000  0.0000 -0.0719
    5  38.4509 THz  -0.1671  0.0000  0.1671 -0.0000 -0.0000 -0.6665 -0.1671  0.0000  0.1671 -0.0000  0.0000  0.6665


 Q=  0.212247 -0.070749 -0.070749, q= -0.250000  0.250000  0.250000

                        C X   0         C Y   0         C Z   0         C X   1         C Y   1         C Z   1     
                    --------------- --------------- --------------- --------------- --------------- ---------------
    0  20.5510 THz  -0.0000  0.0000 -0.4977  0.0481  0.4977 -0.0481 -0.0000 -0.0000 -0.3736 -0.3324  0.3736  0.3324
    1  25.2002 THz   0.4258  0.0000  0.3976  0.0359  0.3976  0.0359  0.4098  0.1154  0.3924  0.0732  0.3924  0.0732
    2  30.1332 THz  -0.4917  0.0000  0.1898  0.3051  0.1898  0.3051 -0.4084 -0.2738  0.3276 -0.1477  0.3276 -0.1477
    3  35.3589 THz   0.0000  0.0000 -0.3650  0.3418  0.3650 -0.3418  0.0000  0.0000  0.4987  0.0354 -0.4987 -0.0354
    4  35.8152 THz  -0.3228  0.0000  0.3866 -0.2202  0.3866 -0.2202  0.0010 -0.3228 -0.2214  0.3859 -0.2214  0.3859
    5  38.3153 THz   0.6876  0.0000  0.0710  0.0926  0.0710  0.0926 -0.5454 -0.4188 -0.1127  0.0302 -0.1127  0.0302


 Q= -0.282996  0.000000  0.000000, q=  0.000000 -0.500000 -0.500000

                        C X   0         C Y   0         C Z   0         C X   1         C Y   1         C Z   1     
                    --------------- --------------- --------------- --------------- --------------- ---------------
    0  23.5148 THz   0.0000  0.0000  0.6883 -0.0278  0.1593  0.0122  0.0000 -0.0000 -0.0122  0.1593  0.0278  0.6883
    1  23.5148 THz   0.0000  0.0000  0.1597 -0.0047 -0.6862 -0.0601 -0.0000  0.0000  0.0601 -0.6862  0.0047  0.1597
    2  33.7183 THz   0.0000  0.0000 -0.5449 -0.0552  0.4124 -0.1731  0.0000 -0.0000 -0.1731 -0.4124 -0.0552  0.5449
    3  33.7183 THz   0.0000  0.0000  0.4471 -0.0129  0.4734 -0.2755 -0.0000  0.0000 -0.2755 -0.4734 -0.0129 -0.4471
    4  37.0145 THz   1.0000  0.0000  0.0000  0.0000  0.0000  0.0000  0.0000  0.0000  0.0000  0.0000  0.0000  0.0000
    5  37.0145 THz   0.0000  0.0000 -0.0000 -0.0000 -0.0000  0.0000 -0.9333  0.3592 -0.0000  0.0000 -0.0000  0.0000


 Q= -0.212247  0.070749 -0.070749, q=  0.000000 -0.500000 -0.250000

                        C X   0         C Y   0         C Z   0         C X   1         C Y   1         C Z   1     
                    --------------- --------------- --------------- --------------- --------------- ---------------
    0  20.5510 THz  -0.0000  0.0000 -0.4955  0.0666 -0.4955  0.0666 -0.0000  0.0000 -0.3857 -0.3182 -0.3857 -0.3182
    1  25.2002 THz   0.4258  0.0000  0.3976  0.0359 -0.3976 -0.0359  0.4098  0.1154  0.3924  0.0732 -0.3924 -0.0732
    2  30.1332 THz  -0.4917  0.0000  0.1898  0.3051 -0.1898 -0.3051 -0.4084 -0.2738  0.3276 -0.1477 -0.3276  0.1477
    3  35.3589 THz  -0.0000  0.0000  0.4717 -0.1657  0.4717 -0.1657 -0.0000  0.0000 -0.4422 -0.2334 -0.4422 -0.2334
    4  35.8152 THz  -0.3228  0.0000  0.3866 -0.2202 -0.3866  0.2202  0.0010 -0.3228 -0.2214  0.3859  0.2214 -0.3859
    5  38.3153 THz  -0.6876  0.0000 -0.0710 -0.0926  0.0710  0.0926  0.5454  0.4188  0.1127 -0.0302 -0.1127  0.0302


 Q= -0.141498  0.141498 -0.141498, q=  0.000000 -0.500000  0.000000

                        C X   0         C Y   0         C Z   0         C X   1         C Y   1         C Z   1     
                    --------------- --------------- --------------- --------------- --------------- ---------------
    0  16.4077 THz   0.5680  0.0000  0.3226  0.0810 -0.2454  0.0810  0.4016  0.4016  0.1709  0.2854 -0.2307 -0.1162
    1  16.4077 THz   0.1036  0.0000 -0.1600 -0.4439 -0.2636 -0.4439  0.0732  0.0732  0.2008 -0.4271  0.1275 -0.5003
    2  33.2320 THz  -0.4082  0.0000  0.4082 -0.0000 -0.4082  0.0000 -0.2887 -0.2887  0.2887  0.2887 -0.2887 -0.2887
    3  37.4227 THz   0.3633  0.0000 -0.0447  0.3158 -0.4080  0.3158 -0.2569 -0.2569  0.2549 -0.1917  0.5118  0.0652
    4  37.4227 THz   0.4487  0.0000  0.4076 -0.2558 -0.0410 -0.2558 -0.3173 -0.3173 -0.4691 -0.1074 -0.1518  0.2099
    5  37.9562 THz  -0.4082  0.0000  0.4082 -0.0000 -0.4082  0.0000  0.2887  0.2887 -0.2887 -0.2887  0.2887  0.2887


 Q= -0.070749  0.212247 -0.212247, q=  0.000000 -0.500000  0.250000

                        C X   0         C Y   0         C Z   0         C X   1         C Y   1         C Z   1     
                    --------------- --------------- --------------- --------------- --------------- ---------------
    0  20.5510 THz   0.0000  0.0000  0.2714  0.4199  0.2714  0.4199  0.0000 -0.0000 -0.0863  0.4925 -0.0863  0.4925
    1  25.2002 THz   0.4258  0.0000  0.3976 -0.0359 -0.3976  0.0359  0.1154  0.4098  0.0732  0.3924 -0.0732 -0.3924
    2  30.1332 THz   0.4917  0.0000 -0.1898  0.3051  0.1898 -0.3051  0.2738  0.4084  0.1477 -0.3276 -0.1477  0.3276
    3  35.3589 THz   0.0000  0.0000  0.0413 -0.4983  0.0413 -0.4983 -0.0000 -0.0000 -0.3690  0.3374 -0.3690  0.3374
    4  35.8152 THz  -0.3228  0.0000  0.3866  0.2202 -0.3866 -0.2202 -0.3228  0.0010  0.3859 -0.2214 -0.3859  0.2214
    5  38.3153 THz   0.6876  0.0000  0.0710 -0.0926 -0.0710  0.0926 -0.4188 -0.5454  0.0302 -0.1127 -0.0302  0.1127


 Q= -0.212247 -0.070749  0.070749, q=  0.000000 -0.250000 -0.500000

                        C X   0         C Y   0         C Z   0         C X   1         C Y   1         C Z   1     
                    --------------- --------------- --------------- --------------- --------------- ---------------
    0  20.5510 THz   0.0000  0.0000 -0.4995 -0.0222 -0.4995 -0.0222  0.0000  0.0000 -0.3233 -0.3814 -0.3233 -0.3814
    1  25.2002 THz  -0.4258  0.0000  0.3976  0.0359 -0.3976 -0.0359 -0.4098 -0.1154  0.3924  0.0732 -0.3924 -0.0732
    2  30.1332 THz  -0.4917  0.0000 -0.1898 -0.3051  0.1898  0.3051 -0.4084 -0.2738 -0.3276  0.1477  0.3276 -0.1477
    3  35.3589 THz   0.0000  0.0000  0.4578 -0.2011  0.4578 -0.2011  0.0000  0.0000 -0.4586 -0.1991 -0.4586 -0.1991
    4  35.8152 THz  -0.3228  0.0000 -0.3866  0.2202  0.3866 -0.2202  0.0010 -0.3228  0.2214 -0.3859 -0.2214  0.3859
    5  38.3153 THz   0.6876  0.0000 -0.0710 -0.0926  0.0710  0.0926 -0.5454 -0.4188  0.1127 -0.0302 -0.1127  0.0302


 Q= -0.141498  0.000000  0.000000, q=  0.000000 -0.250000 -0.250000

                        C X   0         C Y   0         C Z   0         C X   1         C Y   1         C Z   1     
                    --------------- --------------- --------------- --------------- --------------- ---------------
    0  16.3208 THz   0.0000  0.0000 -0.0270  0.0705 -0.7016  0.0448 -0.0000 -0.0000 -0.0383 -0.1248 -0.6940  0.0357
    1  16.3208 THz   0.0000  0.0000  0.6847  0.1598 -0.0150 -0.0739 -0.0000  0.0000  0.6787  0.1495 -0.0583  0.1168
    2  23.2472 THz   0.7071  0.0000  0.0000  0.0000 -0.0000  0.0000  0.7071 -0.0000  0.0000  0.0000  0.0000  0.0000
    3  37.2453 THz   0.0000  0.0000  0.6303  0.2808  0.1124 -0.1061  0.0000  0.0000 -0.6352 -0.3008 -0.0310 -0.0709
    4  37.2453 THz   0.0000  0.0000 -0.0440 -0.1481  0.6861  0.0731  0.0000  0.0000  0.0624 -0.0458 -0.7004 -0.0582
    5  40.6934 THz  -0.7071  0.0000  0.0000  0.0000 -0.0000  0.0000  0.7071 -0.0000  0.0000  0.0000  0.0000  0.0000


 Q= -0.070749  0.070749 -0.070749, q=  0.000000 -0.250000  0.000000

                        C X   0         C Y   0         C Z   0         C X   1         C Y   1         C Z   1     
                    --------------- --------------- --------------- --------------- --------------- ---------------
    0  12.3949 THz  -0.4855  0.0000 -0.5131  0.0093 -0.0276  0.0093 -0.4765 -0.0933 -0.5054 -0.0895 -0.0289  0.0038
    1  12.3949 THz   0.3124  0.0000 -0.2641  0.0144 -0.5764  0.0144  0.3066  0.0600 -0.2619 -0.0366 -0.5685 -0.0966
    2  21.7582 THz  -0.4082  0.0000  0.4082  0.0000 -0.4082  0.0000 -0.4050  0.0511  0.4050 -0.0511 -0.4050  0.0511
    3  38.5316 THz   0.5774  0.0000  0.2887  0.0000 -0.2887  0.0000 -0.5666 -0.1109 -0.2833 -0.0555  0.2833  0.0555
    4  38.5316 THz   0.0000  0.0000 -0.4878 -0.1099 -0.4878 -0.1099 -0.0000 -0.0000  0.4576  0.2015  0.4576  0.2015
    5  40.3284 THz  -0.4082  0.0000  0.4082 -0.0000 -0.4082  0.0000  0.4050 -0.0511 -0.4050  0.0511  0.4050 -0.0511


 Q=  0.000000  0.141498 -0.141498, q=  0.000000 -0.250000  0.250000

                        C X   0         C Y   0         C Z   0         C X   1         C Y   1         C Z   1     
                    --------------- --------------- --------------- --------------- --------------- ---------------
    0  18.5866 THz  -0.0000  0.0000 -0.2459 -0.4353 -0.2459 -0.4353 -0.0000  0.0000 -0.2459 -0.4353 -0.2459 -0.4353
    1  23.8722 THz  -0.7034  0.0000 -0.0000  0.0509  0.0000 -0.0509 -0.7034 -0.0000 -0.0000 -0.0509  0.0000  0.0509
    2  26.9051 THz   0.2363  0.0000 -0.0000  0.4713  0.0000 -0.4713 -0.2363 -0.0000 -0.0000  0.4713  0.0000 -0.4713
    3  36.0499 THz  -0.0000  0.0000  0.4866 -0.1151  0.4866 -0.1151  0.0000 -0.0000 -0.4866  0.1151 -0.4866  0.1151
    4  37.3677 THz  -0.0719  0.0000  0.0000 -0.4974 -0.0000  0.4974 -0.0719 -0.0000 -0.0000  0.4974  0.0000 -0.4974
    5  38.4509 THz   0.6665  0.0000  0.0000 -0.1671 -0.0000  0.1671 -0.6665 -0.0000 -0.0000 -0.1671  0.0000  0.1671


 Q= -0.141498 -0.141498  0.141498, q=  0.000000  0.000000 -0.500000

                        C X   0         C Y   0         C Z   0         C X   1         C Y   1         C Z   1     
                    --------------- --------------- --------------- --------------- --------------- ---------------
    0  16.4077 THz   0.3517  0.0000  0.2176  0.0491  0.5693  0.0491  0.2487  0.2487  0.1192  0.1886  0.3679  0.4373
    1  16.4077 THz  -0.4579  0.0000  0.5312  0.0377  0.0733  0.0377 -0.3237 -0.3237  0.3490  0.4023  0.0252  0.0785
    2  33.2320 THz   0.4082  0.0000  0.4082  0.0000 -0.4082 -0.0000  0.2887  0.2887  0.2887  0.2887 -0.2887 -0.2887
    3  37.4227 THz   0.3898  0.0000 -0.5277  0.1591 -0.1379  0.1591 -0.2756 -0.2756  0.4856  0.2606  0.2100 -0.0150
    4  37.4227 THz   0.4259  0.0000  0.0916 -0.1456  0.5175 -0.1456 -0.3012 -0.3012 -0.1677  0.0382 -0.4689 -0.2629
    5  37.9562 THz  -0.4082  0.0000 -0.4082  0.0000  0.4082  0.0000  0.2887  0.2887  0.2887  0.2887 -0.2887 -0.2887


 Q= -0.070749 -0.070749  0.070749, q=  0.000000  0.000000 -0.250000

                        C X   0         C Y   0         C Z   0         C X   1         C Y   1         C Z   1     
                    --------------- --------------- --------------- --------------- --------------- ---------------
    0  12.3949 THz  -0.4200  0.0000  0.5525 -0.0200  0.1325 -0.0200 -0.4121 -0.0807  0.5460  0.0866  0.1339  0.0059
    1  12.3949 THz   0.3962  0.0000  0.1650 -0.0212  0.5612 -0.0212  0.3888  0.0761  0.1660  0.0109  0.5548  0.0871
    2  21.7582 THz   0.4082  0.0000  0.4082  0.0000 -0.4082 -0.0000  0.4050 -0.0511  0.4050 -0.0511 -0.4050  0.0511
    3  38.5316 THz   0.5529  0.0000 -0.1329 -0.0112  0.4200 -0.0112 -0.5426 -0.1062  0.1283  0.0365 -0.4143 -0.0697
    4  38.5316 THz   0.1663  0.0000 -0.5605  0.0372 -0.3942  0.0372 -0.1632 -0.0319  0.5572  0.0712  0.3940  0.0393
    5  40.3284 THz  -0.4082  0.0000 -0.4082 -0.0000  0.4082 -0.0000  0.4050 -0.0511  0.4050 -0.0511 -0.4050  0.0511


 Q=  0.000000  0.000000  0.000000, q=  0.000000  0.000000  0.000000

                        C X   0         C Y   0         C Z   0         C X   1         C Y   1         C Z   1     
                    --------------- --------------- --------------- --------------- --------------- ---------------
    0   0.0000 THz   0.7071  0.0000  0.0000  0.0000 -0.0000  0.0000  0.7071  0.0000 -0.0000  0.0000  0.0000  0.0000
    1   0.0000 THz   0.0000  0.0000 -0.3078  0.0000 -0.6366  0.0000 -0.0000  0.0000 -0.3078  0.0000 -0.6366  0.0000
    2   0.0000 THz   0.0000  0.0000 -0.6366  0.0000  0.3078  0.0000  0.0000  0.0000 -0.6366  0.0000  0.3078  0.0000
    3  39.7496 THz   0.0000  0.0000 -0.5880  0.0000 -0.3927  0.0000 -0.0000  0.0000  0.5880  0.0000  0.3927  0.0000
    4  39.7496 THz   0.7071  0.0000  0.0000  0.0000  0.0000  0.0000 -0.7071  0.0000  0.0000  0.0000 -0.0000  0.0000
    5  39.7496 THz   0.0000  0.0000  0.3927  0.0000 -0.5880  0.0000 -0.0000  0.0000 -0.3927  0.0000  0.5880  0.0000


 Q=  0.070749  0.070749 -0.070749, q=  0.000000  0.000000  0.250000

                        C X   0         C Y   0         C Z   0         C X   1         C Y   1         C Z   1     
                    --------------- --------------- --------------- --------------- --------------- ---------------
    0  12.3949 THz  -0.4200  0.0000  0.5525  0.0200  0.1325  0.0200 -0.4121  0.0807  0.5460 -0.0866  0.1339 -0.0059
    1  12.3949 THz   0.3962  0.0000  0.1650  0.0212  0.5612  0.0212  0.3888 -0.0761  0.1660 -0.0109  0.5548 -0.0871
    2  21.7582 THz   0.4082  0.0000  0.4082 -0.0000 -0.4082  0.0000  0.4050  0.0511  0.4050  0.0511 -0.4050 -0.0511
    3  38.5316 THz   0.5529  0.0000 -0.1329  0.0112  0.4200  0.0112 -0.5426  0.1062  0.1283 -0.0365 -0.4143  0.0697
    4  38.5316 THz   0.1663  0.0000 -0.5605 -0.0372 -0.3942 -0.0372 -0.1632  0.0319  0.5572 -0.0712  0.3940 -0.0393
    5  40.3284 THz  -0.4082  0.0000 -0.4082  0.0000  0.4082  0.0000  0.4050  0.0511  0.4050  0.0511 -0.4050 -0.0511


 Q= -0.070749 -0.212247  0.212247, q=  0.000000  0.250000 -0.500000

                        C X   0         C Y   0         C Z   0         C X   1         C Y   1         C Z   1     
                    --------------- --------------- --------------- --------------- --------------- ---------------
    0  20.5510 THz   0.0000  0.0000 -0.3192 -0.3849 -0.3192 -0.3849  0.0000  0.0000  0.0275 -0.4992  0.0275 -0.4992
    1  25.2002 THz  -0.4258  0.0000  0.3976 -0.0359 -0.3976  0.0359 -0.1154 -0.4098  0.0732  0.3924 -0.0732 -0.3924
    2  30.1332 THz  -0.4917  0.0000 -0.1898  0.3051  0.1898 -0.3051 -0.2738 -0.4084  0.1477 -0.3276 -0.1477  0.3276
    3  35.3589 THz  -0.0000  0.0000  0.4175 -0.2751  0.4175 -0.2751 -0.0000 -0.0000 -0.4932 -0.0821 -0.4932 -0.0821
    4  35.8152 THz   0.3228  0.0000  0.3866  0.2202 -0.3866 -0.2202  0.3228 -0.0010  0.3859 -0.2214 -0.3859  0.2214
    5  38.3153 THz  -0.6876  0.0000  0.0710 -0.0926 -0.0710  0.0926  0.4188  0.5454  0.0302 -0.1127 -0.0302  0.1127


 Q=  0.000000 -0.141498  0.141498, q=  0.000000  0.250000 -0.250000

                        C X   0         C Y   0         C Z   0         C X   1         C Y   1         C Z   1     
                    --------------- --------------- --------------- --------------- --------------- ---------------
    0  18.5866 THz  -0.0000  0.0000 -0.2459  0.4353 -0.2459  0.4353 -0.0000 -0.0000 -0.2459  0.4353 -0.2459  0.4353
    1  23.8722 THz  -0.7034  0.0000 -0.0000 -0.0509  0.0000  0.0509 -0.7034  0.0000 -0.0000  0.0509  0.0000 -0.0509
    2  26.9051 THz   0.2363  0.0000 -0.0000 -0.4713  0.0000  0.4713 -0.2363  0.0000 -0.0000 -0.4713  0.0000  0.4713
    3  36.0499 THz  -0.0000  0.0000  0.4866  0.1151  0.4866  0.1151  0.0000  0.0000 -0.4866 -0.1151 -0.4866 -0.1151
    4  37.3677 THz  -0.0719  0.0000  0.0000  0.4974 -0.0000 -0.4974 -0.0719  0.0000 -0.0000 -0.4974  0.0000  0.4974
    5  38.4509 THz   0.6665  0.0000  0.0000  0.1671 -0.0000 -0.1671 -0.6665  0.0000 -0.0000  0.1671  0.0000 -0.1671


 Q=  0.070749 -0.070749  0.070749, q=  0.000000  0.250000  0.000000

                        C X   0         C Y   0         C Z   0         C X   1         C Y   1         C Z   1     
                    --------------- --------------- --------------- --------------- --------------- ---------------
    0  12.3949 THz  -0.4855  0.0000 -0.5131 -0.0093 -0.0276 -0.0093 -0.4765  0.0933 -0.5054  0.0895 -0.0289 -0.0038
    1  12.3949 THz   0.3124  0.0000 -0.2641 -0.0144 -0.5764 -0.0144  0.3066 -0.0600 -0.2619  0.0366 -0.5685  0.0966
    2  21.7582 THz  -0.4082  0.0000  0.4082 -0.0000 -0.4082 -0.0000 -0.4050 -0.0511  0.4050  0.0511 -0.4050 -0.0511
    3  38.5316 THz   0.5774  0.0000  0.2887 -0.0000 -0.2887 -0.0000 -0.5666  0.1109 -0.2833  0.0555  0.2833 -0.0555
    4  38.5316 THz   0.0000  0.0000 -0.4878  0.1099 -0.4878  0.1099 -0.0000  0.0000  0.4576 -0.2015  0.4576 -0.2015
    5  40.3284 THz  -0.4082  0.0000  0.4082  0.0000 -0.4082 -0.0000  0.4050  0.0511 -0.4050 -0.0511  0.4050  0.0511


 Q=  0.141498  0.000000  0.000000, q=  0.000000  0.250000  0.250000

                        C X   0         C Y   0         C Z   0         C X   1         C Y   1         C Z   1     
                    --------------- --------------- --------------- --------------- --------------- ---------------
    0  16.3208 THz   0.0000  0.0000 -0.0270 -0.0705 -0.7016 -0.0448 -0.0000  0.0000 -0.0383  0.1248 -0.6940 -0.0357
    1  16.3208 THz   0.0000  0.0000  0.6847 -0.1598 -0.0150  0.0739 -0.0000  0.0000  0.6787 -0.1495 -0.0583 -0.1168
    2  23.2472 THz   0.7071  0.0000  0.0000 -0.0000 -0.0000 -0.0000  0.7071  0.0000  0.0000 -0.0000  0.0000 -0.0000
    3  37.2453 THz   0.0000  0.0000  0.6303 -0.2808  0.1124  0.1061  0.0000  0.0000 -0.6352  0.3008 -0.0310  0.0709
    4  37.2453 THz   0.0000  0.0000 -0.0440  0.1481  0.6861 -0.0731  0.0000 -0.0000  0.0624  0.0458 -0.7004  0.0582
    5  40.6934 THz  -0.7071  0.0000  0.0000 -0.0000 -0.0000 -0.0000  0.7071  0.0000  0.0000 -0.0000  0.0000 -0.0000


 Q= -0.353745  0.070749  0.070749, q=  0.250000 -0.500000 -0.500000

                        C X   0         C Y   0         C Z   0         C X   1         C Y   1         C Z   1     
                    --------------- --------------- --------------- --------------- --------------- ---------------
    0  20.5510 THz  -0.0000  0.0000  0.4965 -0.0588 -0.4965  0.0588  0.0000  0.0000 -0.3806 -0.3242  0.3806  0.3242
    1  25.2002 THz  -0.4258  0.0000  0.3976  0.0359  0.3976  0.0359  0.4098  0.1154 -0.3924 -0.0732 -0.3924 -0.0732
    2  30.1332 THz  -0.4917  0.0000 -0.1898 -0.3051 -0.1898 -0.3051  0.4084  0.2738  0.3276 -0.1477  0.3276 -0.1477
    3  35.3589 THz   0.0000  0.0000  0.4199 -0.2715 -0.4199  0.2715 -0.0000 -0.0000  0.4845  0.1235 -0.4845 -0.1235
    4  35.8152 THz   0.3228  0.0000  0.3866 -0.2202  0.3866 -0.2202  0.0010 -0.3228  0.2214 -0.3859  0.2214 -0.3859
    5  38.3153 THz  -0.6876  0.0000  0.0710  0.0926  0.0710  0.0926 -0.5454 -0.4188  0.1127 -0.0302  0.1127 -0.0302


 Q= -0.282996  0.141498  0.000000, q=  0.250000 -0.500000 -0.250000

                        C X   0         C Y   0         C Z   0         C X   1         C Y   1         C Z   1     
                    --------------- --------------- --------------- --------------- --------------- ---------------
    0  27.7335 THz   0.3118  0.0000 -0.0000  0.0000 -0.0000 -0.3118 -0.0000 -0.0000  0.8975 -0.0000 -0.0000 -0.0000
    1  27.7335 THz   0.0000  0.0000  0.4838  0.7560  0.0000  0.0000  0.1681  0.2626  0.0000  0.0000 -0.2626  0.1681
    2  31.0963 THz   0.0000  0.0000  0.0000  0.0000 -0.0000  0.0000 -0.3519  0.6133  0.0000 -0.0000  0.6133  0.3519
    3  31.0963 THz   0.7071  0.0000  0.0000 -0.0000  0.0000  0.7071  0.0000 -0.0000  0.0000  0.0000  0.0000  0.0000
    4  36.2319 THz   0.0000  0.0000 -0.0552  0.4375 -0.0000 -0.0000  0.0795 -0.6297 -0.0000 -0.0000  0.6297  0.0795
    5  36.2319 THz   0.6347  0.0000  0.0000  0.0000  0.0000 -0.6347 -0.0000  0.0000 -0.4409 -0.0000 -0.0000 -0.0000


 Q= -0.212247  0.212247 -0.070749, q=  0.250000 -0.500000  0.000000

                        C X   0         C Y   0         C Z   0         C X   1         C Y   1         C Z   1     
                    --------------- --------------- --------------- --------------- --------------- ---------------
    0  20.5510 THz   0.5000  0.0000  0.5000 -0.0000  0.0000 -0.0000  0.3667  0.3399  0.3667  0.3399  0.0000 -0.0000
    1  25.2002 THz  -0.3992  0.0000  0.3992 -0.0000  0.4241  0.0383 -0.0376 -0.3974  0.0376  0.3974  0.0780  0.4186
    2  30.1332 THz  -0.3593  0.0000  0.3593  0.0000 -0.2597 -0.4175  0.3562 -0.0476 -0.3562  0.0476  0.2022 -0.4482
    3  35.3589 THz   0.5000  0.0000  0.5000  0.0000  0.0000 -0.0000 -0.3667 -0.3399 -0.3667 -0.3399  0.0000 -0.0000
    4  35.8152 THz  -0.4449  0.0000  0.4449  0.0000 -0.2805  0.1597 -0.2257  0.3833  0.2257 -0.3833 -0.2800  0.1607
    5  38.3153 THz   0.1167  0.0000 -0.1167  0.0000 -0.4185 -0.5456  0.1078 -0.0447 -0.1078  0.0447 -0.1778  0.6642


 Q= -0.141498  0.282996 -0.141498, q=  0.250000 -0.500000  0.250000

                        C X   0         C Y   0         C Z   0         C X   1         C Y   1         C Z   1     
                    --------------- --------------- --------------- --------------- --------------- ---------------
    0  18.5866 THz   0.5000  0.0000 -0.0000  0.0000 -0.5000  0.0000  0.0000  0.5000  0.0000 -0.0000 -0.0000 -0.5000
    1  23.8722 THz   0.0509  0.0000  0.0000 -0.7034  0.0509  0.0000  0.0000 -0.0509  0.7034  0.0000 -0.0000 -0.0509
    2  26.9051 THz  -0.4713  0.0000 -0.0000 -0.2363 -0.4713  0.0000 -0.0000 -0.4713 -0.2363 -0.0000 -0.0000 -0.4713
    3  36.0499 THz  -0.5000  0.0000  0.0000  0.0000  0.5000 -0.0000  0.0000  0.5000  0.0000 -0.0000 -0.0000 -0.5000
    4  37.3677 THz  -0.4974  0.0000 -0.0000 -0.0719 -0.4974  0.0000  0.0000  0.4974  0.0719  0.0000  0.0000  0.4974
    5  38.4509 THz   0.1671  0.0000 -0.0000 -0.6665  0.1671  0.0000  0.0000  0.1671 -0.6665  0.0000  0.0000  0.1671


 Q= -0.282996  0.000000  0.141498, q=  0.250000 -0.250000 -0.500000

                        C X   0         C Y   0         C Z   0         C X   1         C Y   1         C Z   1     
                    --------------- --------------- --------------- --------------- --------------- ---------------
    0  27.7335 THz   0.3118  0.0000 -0.0000 -0.3118 -0.0000 -0.0000 -0.0000  0.0000  0.0000 -0.0000  0.8975 -0.0000
    1  27.7335 THz   0.0000  0.0000  0.0000  0.0000 -0.7192  0.5370 -0.2498  0.1865 -0.1865 -0.2498 -0.0000  0.0000
    2  31.0963 THz   0.0000  0.0000  0.0000  0.0000  0.0000  0.0000  0.6630  0.2457  0.2457 -0.6630 -0.0000  0.0000
    3  31.0963 THz   0.7071  0.0000  0.0000  0.7071  0.0000  0.0000  0.0000 -0.0000 -0.0000  0.0000 -0.0000  0.0000
    4  36.2319 THz   0.6347  0.0000  0.0000 -0.6347 -0.0000 -0.0000  0.0000  0.0000  0.0000 -0.0000 -0.4409 -0.0000
    5  36.2319 THz   0.0000  0.0000 -0.0000  0.0000  0.4304  0.0959 -0.6194 -0.1381  0.1381 -0.6194 -0.0000  0.0000


 Q= -0.212247  0.070749  0.070749, q=  0.250000 -0.250000 -0.250000

                        C X   0         C Y   0         C Z   0         C X   1         C Y   1         C Z   1     
                    --------------- --------------- --------------- --------------- --------------- ---------------
    0  20.5510 THz  -0.0000  0.0000 -0.4977 -0.0481  0.4977  0.0481 -0.0000  0.0000 -0.3736  0.3324  0.3736 -0.3324
    1  25.2002 THz   0.4258  0.0000  0.3976 -0.0359  0.3976 -0.0359  0.4098 -0.1154  0.3924 -0.0732  0.3924 -0.0732
    2  30.1332 THz  -0.4917  0.0000  0.1898 -0.3051  0.1898 -0.3051 -0.4084  0.2738  0.3276  0.1477  0.3276  0.1477
    3  35.3589 THz   0.0000  0.0000 -0.3650 -0.3418  0.3650  0.3418  0.0000 -0.0000  0.4987 -0.0354 -0.4987  0.0354
    4  35.8152 THz  -0.3228  0.0000  0.3866  0.2202  0.3866  0.2202  0.0010  0.3228 -0.2214 -0.3859 -0.2214 -0.3859
    5  38.3153 THz   0.6876  0.0000  0.0710 -0.0926  0.0710 -0.0926 -0.5454  0.4188 -0.1127 -0.0302 -0.1127 -0.0302


 Q= -0.141498  0.141498  0.000000, q=  0.250000 -0.250000  0.000000

                        C X   0         C Y   0         C Z   0         C X   1         C Y   1         C Z   1     
                    --------------- --------------- --------------- --------------- --------------- ---------------
    0  18.5866 THz   0.5000  0.0000  0.5000  0.0000 -0.0000  0.0000  0.5000 -0.0000  0.5000 -0.0000 -0.0000  0.0000
    1  23.8722 THz   0.0509  0.0000 -0.0509 -0.0000  0.0000 -0.7034 -0.0509 -0.0000  0.0509  0.0000  0.0000 -0.7034
    2  26.9051 THz  -0.4713  0.0000  0.4713  0.0000  0.0000 -0.2363 -0.4713 -0.0000  0.4713  0.0000  0.0000  0.2363
    3  36.0499 THz  -0.5000  0.0000 -0.5000 -0.0000  0.0000 -0.0000  0.5000  0.0000  0.5000 -0.0000 -0.0000  0.0000
    4  37.3677 THz   0.4974  0.0000 -0.4974  0.0000 -0.0000  0.0719 -0.4974 -0.0000  0.4974  0.0000  0.0000  0.0719
    5  38.4509 THz  -0.1671  0.0000  0.1671  0.0000 -0.0000  0.6665 -0.1671 -0.0000  0.1671  0.0000  0.0000 -0.6665


 Q= -0.070749  0.212247 -0.070749, q=  0.250000 -0.250000  0.250000

                        C X   0         C Y   0         C Z   0         C X   1         C Y   1         C Z   1     
                    --------------- --------------- --------------- --------------- --------------- ---------------
    0  20.5510 THz   0.5000  0.0000 -0.0000  0.0000 -0.5000 -0.0000  0.3399  0.3667 -0.0000 -0.0000 -0.3399 -0.3667
    1  25.2002 THz   0.3992  0.0000  0.4241 -0.0383  0.3992  0.0000  0.3974  0.0376  0.4186  0.0780  0.3974  0.0376
    2  30.1332 THz   0.3593  0.0000 -0.2597  0.4175  0.3593 -0.0000  0.0476 -0.3562 -0.4482  0.2022  0.0476 -0.3562
    3  35.3589 THz   0.5000  0.0000  0.0000 -0.0000 -0.5000  0.0000 -0.3399 -0.3667  0.0000 -0.0000  0.3399  0.3667
    4  35.8152 THz   0.4449  0.0000 -0.2805 -0.1597  0.4449 -0.0000 -0.3833  0.2257  0.1607 -0.2800 -0.3833  0.2257
    5  38.3153 THz  -0.1167  0.0000 -0.4185  0.5456 -0.1167  0.0000  0.0447 -0.1078  0.6642 -0.1778  0.0447 -0.1078


 Q= -0.212247 -0.070749  0.212247, q=  0.250000  0.000000 -0.500000

                        C X   0         C Y   0         C Z   0         C X   1         C Y   1         C Z   1     
                    --------------- --------------- --------------- --------------- --------------- ---------------
    0  20.5510 THz   0.5000  0.0000  0.0000 -0.0000  0.5000 -0.0000  0.3667  0.3399  0.0000  0.0000  0.3667  0.3399
    1  25.2002 THz  -0.3992  0.0000  0.4241  0.0383  0.3992  0.0000 -0.0376 -0.3974  0.0780  0.4186  0.0376  0.3974
    2  30.1332 THz   0.3593  0.0000  0.2597  0.4175 -0.3593 -0.0000 -0.3562  0.0476 -0.2022  0.4482  0.3562 -0.0476
    3  35.3589 THz  -0.5000  0.0000  0.0000  0.0000 -0.5000 -0.0000  0.3667  0.3399  0.0000  0.0000  0.3667  0.3399
    4  35.8152 THz  -0.4449  0.0000 -0.2805  0.1597  0.4449  0.0000 -0.2257  0.3833 -0.2800  0.1607  0.2257 -0.3833
    5  38.3153 THz   0.1167  0.0000 -0.4185 -0.5456 -0.1167 -0.0000  0.1078 -0.0447 -0.1778  0.6642 -0.1078  0.0447


 Q= -0.141498  0.000000  0.141498, q=  0.250000  0.000000 -0.250000

                        C X   0         C Y   0         C Z   0         C X   1         C Y   1         C Z   1     
                    --------------- --------------- --------------- --------------- --------------- ---------------
    0  18.5866 THz   0.5000  0.0000 -0.0000  0.0000  0.5000 -0.0000  0.5000 -0.0000 -0.0000 -0.0000  0.5000 -0.0000
    1  23.8722 THz   0.0509  0.0000  0.0000 -0.7034 -0.0509 -0.0000 -0.0509 -0.0000  0.0000 -0.7034  0.0509 -0.0000
    2  26.9051 THz   0.4713  0.0000  0.0000  0.2363 -0.4713  0.0000  0.4713 -0.0000  0.0000 -0.2363 -0.4713  0.0000
    3  36.0499 THz  -0.5000  0.0000 -0.0000  0.0000 -0.5000 -0.0000  0.5000 -0.0000  0.0000 -0.0000  0.5000  0.0000
    4  37.3677 THz   0.4974  0.0000 -0.0000  0.0719 -0.4974 -0.0000 -0.4974  0.0000  0.0000  0.0719  0.4974  0.0000
    5  38.4509 THz   0.1671  0.0000  0.0000 -0.6665 -0.1671 -0.0000  0.1671 -0.0000 -0.0000  0.6665 -0.1671 -0.0000


 Q= -0.070749  0.070749  0.070749, q=  0.250000  0.000000  0.000000

                        C X   0         C Y   0         C Z   0         C X   1         C Y   1         C Z   1     
                    --------------- --------------- --------------- --------------- --------------- ---------------
    0  12.3949 THz   0.4893  0.0000  0.5097  0.0138 -0.0204 -0.0138  0.4802 -0.0940  0.5028 -0.0844 -0.0226 -0.0096
    1  12.3949 THz  -0.3064  0.0000  0.2700  0.0220 -0.5764 -0.0220 -0.3007  0.0589  0.2692 -0.0302 -0.5699  0.0891
    2  21.7582 THz   0.4082  0.0000 -0.4082  0.0000 -0.4082 -0.0000  0.4050  0.0511 -0.4050 -0.0511 -0.4050 -0.0511
    3  38.5316 THz   0.5119  0.0000  0.4867  0.0147  0.0253 -0.0147 -0.5024  0.0984 -0.4804  0.0791 -0.0220  0.0193
    4  38.5316 THz   0.2669  0.0000 -0.3090 -0.0281  0.5759  0.0281 -0.2620  0.0513  0.3086 -0.0318 -0.5706  0.0830
    5  40.3284 THz  -0.4082  0.0000  0.4082 -0.0000  0.4082  0.0000  0.4050  0.0511 -0.4050 -0.0511 -0.4050 -0.0511


 Q=  0.000000  0.141498  0.000000, q=  0.250000  0.000000  0.250000

                        C X   0         C Y   0         C Z   0         C X   1         C Y   1         C Z   1     
                    --------------- --------------- --------------- --------------- --------------- ---------------
    0  16.3208 THz   0.0000  0.0000 -0.0000  0.0000 -0.7007 -0.0948 -0.0260  0.1923 -0.0000  0.0000 -0.6738 -0.0912
    1  16.3208 THz   0.7071  0.0000  0.0000 -0.0000 -0.0000  0.0000  0.6800  0.0000 -0.0000 -0.0000 -0.0000 -0.1940
    2  23.2472 THz   0.0000  0.0000  0.6927  0.1420 -0.0000 -0.0000 -0.0000 -0.0000  0.6927  0.1420  0.0000 -0.0000
    3  37.2453 THz   0.0000  0.0000  0.0000  0.0000 -0.2138  0.6740 -0.1850 -0.0587  0.0000 -0.0000  0.2056 -0.6482
    4  37.2453 THz  -0.7071  0.0000  0.0000 -0.0000 -0.0000  0.0000  0.6800  0.0000 -0.0000 -0.0000 -0.0000 -0.1940
    5  40.6934 THz   0.0000  0.0000 -0.6511  0.2758  0.0000 -0.0000  0.0000  0.0000  0.6511 -0.2758 -0.0000  0.0000


 Q= -0.141498 -0.141498  0.282996, q=  0.250000  0.250000 -0.500000

                        C X   0         C Y   0         C Z   0         C X   1         C Y   1         C Z   1     
                    --------------- --------------- --------------- --------------- --------------- ---------------
    0  18.5866 THz   0.5000  0.0000 -0.5000 -0.0000 -0.0000  0.0000  0.0000  0.5000 -0.0000 -0.5000 -0.0000 -0.0000
    1  23.8722 THz  -0.0509  0.0000 -0.0509 -0.0000 -0.0000  0.7034 -0.0000  0.0509 -0.0000  0.0509 -0.7034 -0.0000
    2  26.9051 THz   0.4713  0.0000  0.4713  0.0000 -0.0000  0.2363 -0.0000  0.4713 -0.0000  0.4713  0.2363 -0.0000
    3  36.0499 THz  -0.5000  0.0000  0.5000  0.0000  0.0000 -0.0000 -0.0000  0.5000  0.0000 -0.5000 -0.0000 -0.0000
    4  37.3677 THz   0.4974  0.0000  0.4974  0.0000 -0.0000  0.0719  0.0000 -0.4974  0.0000 -0.4974 -0.0719  0.0000
    5  38.4509 THz   0.1671  0.0000  0.1671  0.0000  0.0000 -0.6665 -0.0000  0.1671 -0.0000  0.1671 -0.6665 -0.0000


 Q= -0.070749 -0.070749  0.212247, q=  0.250000  0.250000 -0.250000

                        C X   0         C Y   0         C Z   0         C X   1         C Y   1         C Z   1     
                    --------------- --------------- --------------- --------------- --------------- ---------------
    0  20.5510 THz   0.5000  0.0000 -0.5000 -0.0000  0.0000 -0.0000  0.3399  0.3667 -0.3399 -0.3667  0.0000 -0.0000
    1  25.2002 THz   0.3992  0.0000  0.3992  0.0000  0.4241 -0.0383  0.3974  0.0376  0.3974  0.0376  0.4186  0.0780
    2  30.1332 THz   0.3593  0.0000  0.3593 -0.0000 -0.2597  0.4175  0.0476 -0.3562  0.0476 -0.3562 -0.4482  0.2022
    3  35.3589 THz  -0.5000  0.0000  0.5000 -0.0000 -0.0000  0.0000  0.3399  0.3667 -0.3399 -0.3667  0.0000 -0.0000
    4  35.8152 THz  -0.4449  0.0000 -0.4449  0.0000  0.2805  0.1597  0.3833 -0.2257  0.3833 -0.2257 -0.1607  0.2800
    5  38.3153 THz   0.1167  0.0000  0.1167  0.0000  0.4185 -0.5456 -0.0447  0.1078 -0.0447  0.1078 -0.6642  0.1778


 Q=  0.000000  0.000000  0.141498, q=  0.250000  0.250000  0.000000

                        C X   0         C Y   0         C Z   0         C X   1         C Y   1         C Z   1     
                    --------------- --------------- --------------- --------------- --------------- ---------------
    0  16.3208 THz   0.0000  0.0000  0.6435  0.2930 -0.0000 -0.0000  0.0804 -0.1766  0.6188  0.2818 -0.0000  0.0000
    1  16.3208 THz   0.7071  0.0000  0.0000 -0.0000 -0.0000 -0.0000  0.6800  0.0000  0.0000 -0.1940 -0.0000 -0.0000
    2  23.2472 THz   0.0000  0.0000 -0.0000  0.0000 -0.7025 -0.0809 -0.0000  0.0000 -0.0000 -0.0000 -0.7025 -0.0809
    3  37.2453 THz  -0.7071  0.0000  0.0000 -0.0000 -0.0000 -0.0000  0.6800  0.0000  0.0000 -0.1940 -0.0000 -0.0000
    4  37.2453 THz   0.0000  0.0000  0.1118  0.6982 -0.0000  0.0000 -0.1916  0.0307 -0.1075 -0.6714  0.0000 -0.0000
    5  40.6934 THz   0.0000  0.0000 -0.0000  0.0000  0.6873  0.1663 -0.0000 -0.0000  0.0000 -0.0000 -0.6873 -0.1663


 Q=  0.070749  0.070749  0.070749, q=  0.250000  0.250000  0.250000

                        C X   0         C Y   0         C Z   0         C X   1         C Y   1         C Z   1     
                    --------------- --------------- --------------- --------------- --------------- ---------------
    0  12.3949 THz   0.5774  0.0000 -0.2887 -0.0000 -0.2887 -0.0000  0.5666  0.1109 -0.2833 -0.0555 -0.2833 -0.0555
    1  12.3949 THz   0.0000  0.0000 -0.3932  0.3088  0.3932 -0.3088 -0.0000  0.0000 -0.4452  0.2275  0.4452 -0.2275
    2  21.7582 THz   0.4082  0.0000  0.4082  0.0000  0.4082  0.0000  0.4050 -0.0511  0.4050 -0.0511  0.4050 -0.0511
    3  38.5316 THz  -0.5774  0.0000  0.2887 -0.0000  0.2887 -0.0000  0.5666  0.1109 -0.2833 -0.0555 -0.2833 -0.0555
    4  38.5316 THz   0.0000  0.0000 -0.4409  0.2358  0.4409 -0.2358 -0.0000  0.0000  0.4780 -0.1467 -0.4780  0.1467
    5  40.3284 THz  -0.4082  0.0000 -0.4082  0.0000 -0.4082  0.0000  0.4050 -0.0511  0.4050 -0.0511  0.4050 -0.0511
