
Used Primitive lattice vector

    0.000000000000      1.776403000000      1.776403000000  
    1.776403000000      0.000000000000      1.776403000000  
    1.776403000000      1.776403000000      0.000000000000  

   1 Atom(s) in the Primitive cell

 0.0000000000 0.0000000000 0.0000000000 Ni    0


 Q= -0.140734 -0.140734 -0.140734, q= -0.500000 -0.500000 -0.500000

                       Ni X   0        Ni Y   0        Ni Z   0     
                    --------------- --------------- ---------------
    0   3.8070 THz   0.0000  0.0000  0.7071  0.0000 -0.7071 -0.0000
    1   3.8070 THz   0.8165  0.0000 -0.4082  0.0000 -0.4082 -0.0000
    2   7.4251 THz  -0.5774  0.0000 -0.5774  0.0000 -0.5774 -0.0000


 Q= -0.070367 -0.070367 -0.211101, q= -0.500000 -0.500000 -0.250000

                       Ni X   0        Ni Y   0        Ni Z   0     
                    --------------- --------------- ---------------
    0   4.9230 THz   0.7071  0.0000 -0.7071 -0.0000  0.0000  0.0000
    1   5.2057 THz   0.5838  0.0000  0.5838  0.0000 -0.5643 -0.0000
    2   7.0600 THz   0.3990  0.0000  0.3990  0.0000  0.8256  0.0000


 Q=  0.000000  0.000000 -0.281468, q= -0.500000 -0.500000  0.000000

                       Ni X   0        Ni Y   0        Ni Z   0     
                    --------------- --------------- ---------------
    0   5.7888 THz   0.0000  0.0000  1.0000  0.0000  0.0000  0.0000
    1   5.7888 THz   1.0000  0.0000  0.0000  0.0000  0.0000  0.0000
    2   7.3277 THz   0.0000  0.0000  0.0000  0.0000 -1.0000  0.0000


 Q=  0.070367  0.070367 -0.351835, q= -0.500000 -0.500000  0.250000

                       Ni X   0        Ni Y   0        Ni Z   0     
                    --------------- --------------- ---------------
    0   4.9230 THz   0.7071  0.0000 -0.7071  0.0000 -0.0000 -0.0000
    1   5.2057 THz   0.5838  0.0000  0.5838 -0.0000 -0.5643  0.0000
    2   7.0600 THz   0.3990  0.0000  0.3990  0.0000  0.8256  0.0000


 Q= -0.070367 -0.211101 -0.070367, q= -0.500000 -0.250000 -0.500000

                       Ni X   0        Ni Y   0        Ni Z   0     
                    --------------- --------------- ---------------
    0   4.9230 THz  -0.7071  0.0000  0.0000 -0.0000  0.7071 -0.0000
    1   5.2057 THz   0.5838  0.0000 -0.5643  0.0000  0.5838 -0.0000
    2   7.0600 THz   0.3990  0.0000  0.8256 -0.0000  0.3990 -0.0000


 Q=  0.000000 -0.140734 -0.140734, q= -0.500000 -0.250000 -0.250000

                       Ni X   0        Ni Y   0        Ni Z   0     
                    --------------- --------------- ---------------
    0   3.6142 THz   0.0000  0.0000 -0.0764 -0.7030  0.0764  0.7030
    1   5.2508 THz   1.0000  0.0000  0.0000  0.0000  0.0000  0.0000
    2   6.7653 THz   0.0000  0.0000 -0.5392  0.4575 -0.5392  0.4575


 Q=  0.070367 -0.070367 -0.211101, q= -0.500000 -0.250000  0.000000

                       Ni X   0        Ni Y   0        Ni Z   0     
                    --------------- --------------- ---------------
    0   4.9230 THz  -0.7071  0.0000 -0.7071 -0.0000 -0.0000  0.0000
    1   5.2057 THz   0.5838  0.0000 -0.5838 -0.0000  0.5643  0.0000
    2   7.0600 THz  -0.3990  0.0000  0.3990  0.0000  0.8256  0.0000


 Q=  0.140734  0.000000 -0.281468, q= -0.500000 -0.250000  0.250000

                       Ni X   0        Ni Y   0        Ni Z   0     
                    --------------- --------------- ---------------
    0   5.2372 THz   1.0000  0.0000  0.0000  0.0000  0.0000  0.0000
    1   6.4628 THz   0.0000  0.0000 -0.6310  0.3807  0.6529  0.1751
    2   6.4628 THz   0.0000  0.0000 -0.6691 -0.0963 -0.4300 -0.5985


 Q=  0.000000 -0.281468  0.000000, q= -0.500000  0.000000 -0.500000

                       Ni X   0        Ni Y   0        Ni Z   0     
                    --------------- --------------- ---------------
    0   5.7888 THz   1.0000  0.0000  0.0000  0.0000  0.0000  0.0000
    1   5.7888 THz   0.0000  0.0000 -0.0000  0.0000 -1.0000  0.0000
    2   7.3277 THz   0.0000  0.0000 -1.0000 -0.0000  0.0000 -0.0000


 Q=  0.070367 -0.211101 -0.070367, q= -0.500000  0.000000 -0.250000

                       Ni X   0        Ni Y   0        Ni Z   0     
                    --------------- --------------- ---------------
    0   4.9230 THz   0.7071  0.0000 -0.0000  0.0000  0.7071 -0.0000
    1   5.2057 THz   0.5838  0.0000  0.5643 -0.0000 -0.5838  0.0000
    2   7.0600 THz  -0.3990  0.0000  0.8256  0.0000  0.3990  0.0000


 Q=  0.140734 -0.140734 -0.140734, q= -0.500000  0.000000  0.000000

                       Ni X   0        Ni Y   0        Ni Z   0     
                    --------------- --------------- ---------------
    0   3.8070 THz   0.0000  0.0000  0.7071  0.0000 -0.7071 -0.0000
    1   3.8070 THz   0.8165  0.0000  0.4082 -0.0000  0.4082 -0.0000
    2   7.4251 THz   0.5774  0.0000 -0.5774  0.0000 -0.5774  0.0000


 Q=  0.211101 -0.070367 -0.211101, q= -0.500000  0.000000  0.250000

                       Ni X   0        Ni Y   0        Ni Z   0     
                    --------------- --------------- ---------------
    0   4.9230 THz   0.7071  0.0000 -0.0000 -0.0000  0.7071  0.0000
    1   5.2057 THz   0.5838  0.0000  0.5643  0.0000 -0.5838 -0.0000
    2   7.0600 THz  -0.3990  0.0000  0.8256  0.0000  0.3990  0.0000


 Q=  0.070367 -0.351835  0.070367, q= -0.500000  0.250000 -0.500000

                       Ni X   0        Ni Y   0        Ni Z   0     
                    --------------- --------------- ---------------
    0   4.9230 THz  -0.7071  0.0000  0.0000 -0.0000  0.7071  0.0000
    1   5.2057 THz   0.5838  0.0000 -0.5643 -0.0000  0.5838  0.0000
    2   7.0600 THz   0.3990  0.0000  0.8256  0.0000  0.3990  0.0000


 Q=  0.140734 -0.281468  0.000000, q= -0.500000  0.250000 -0.250000

                       Ni X   0        Ni Y   0        Ni Z   0     
                    --------------- --------------- ---------------
    0   5.2372 THz   1.0000  0.0000  0.0000  0.0000  0.0000  0.0000
    1   6.4628 THz   0.0000  0.0000 -0.1435  0.0060 -0.9450  0.2938
    2   6.4628 THz   0.0000  0.0000 -0.9112  0.3860  0.1134 -0.0882


 Q=  0.211101 -0.211101 -0.070367, q= -0.500000  0.250000  0.000000

                       Ni X   0        Ni Y   0        Ni Z   0     
                    --------------- --------------- ---------------
    0   4.9230 THz  -0.7071  0.0000 -0.7071 -0.0000 -0.0000  0.0000
    1   5.2057 THz   0.5838  0.0000 -0.5838 -0.0000  0.5643  0.0000
    2   7.0600 THz  -0.3990  0.0000  0.3990 -0.0000  0.8256 -0.0000


 Q=  0.281468 -0.140734 -0.140734, q= -0.500000  0.250000  0.250000

                       Ni X   0        Ni Y   0        Ni Z   0     
                    --------------- --------------- ---------------
    0   3.6142 THz   0.0000  0.0000  0.0669  0.7039 -0.0669 -0.7039
    1   5.2508 THz   1.0000  0.0000  0.0000  0.0000  0.0000  0.0000
    2   6.7653 THz   0.0000  0.0000 -0.6913 -0.1488 -0.6913 -0.1488


 Q= -0.211101 -0.070367 -0.070367, q= -0.250000 -0.500000 -0.500000

                       Ni X   0        Ni Y   0        Ni Z   0     
                    --------------- --------------- ---------------
    0   4.9230 THz   0.0000  0.0000  0.7063 -0.0339 -0.7063  0.0339
    1   5.2057 THz   0.5643  0.0000 -0.5838 -0.0000 -0.5838  0.0000
    2   7.0600 THz   0.8256  0.0000  0.3990  0.0000  0.3990 -0.0000


 Q= -0.140734  0.000000 -0.140734, q= -0.250000 -0.500000 -0.250000

                       Ni X   0        Ni Y   0        Ni Z   0     
                    --------------- --------------- ---------------
    0   3.6142 THz   0.7071  0.0000  0.0000  0.0000 -0.7071 -0.0000
    1   5.2508 THz   0.0000  0.0000  0.1679 -0.9858  0.0000  0.0000
    2   6.7653 THz   0.7071  0.0000  0.0000 -0.0000  0.7071  0.0000


 Q= -0.070367  0.070367 -0.211101, q= -0.250000 -0.500000  0.000000

                       Ni X   0        Ni Y   0        Ni Z   0     
                    --------------- --------------- ---------------
    0   4.9230 THz   0.7071  0.0000  0.7071 -0.0000 -0.0000 -0.0000
    1   5.2057 THz   0.5838  0.0000 -0.5838  0.0000 -0.5643  0.0000
    2   7.0600 THz  -0.3990  0.0000  0.3990 -0.0000 -0.8256  0.0000


 Q=  0.000000  0.140734 -0.281468, q= -0.250000 -0.500000  0.250000

                       Ni X   0        Ni Y   0        Ni Z   0     
                    --------------- --------------- ---------------
    0   5.2372 THz   0.0000  0.0000 -0.7610 -0.6487  0.0000 -0.0000
    1   6.4628 THz   1.0000  0.0000  0.0000  0.0000  0.0000  0.0000
    2   6.4628 THz   0.0000  0.0000 -0.0000 -0.0000 -0.8600  0.5104


 Q= -0.140734 -0.140734  0.000000, q= -0.250000 -0.250000 -0.500000

                       Ni X   0        Ni Y   0        Ni Z   0     
                    --------------- --------------- ---------------
    0   3.6142 THz   0.7071  0.0000 -0.7071 -0.0000 -0.0000  0.0000
    1   5.2508 THz   0.0000  0.0000  0.0000  0.0000 -0.6874 -0.7263
    2   6.7653 THz  -0.7071  0.0000 -0.7071 -0.0000 -0.0000  0.0000


 Q= -0.070367 -0.070367 -0.070367, q= -0.250000 -0.250000 -0.250000

                       Ni X   0        Ni Y   0        Ni Z   0     
                    --------------- --------------- ---------------
    0   2.0182 THz   0.4829  0.0000  0.3244  0.0697 -0.8074 -0.0697
    1   2.0182 THz   0.6584  0.0000 -0.7443 -0.0511  0.0859  0.0511
    2   6.0809 THz   0.5774  0.0000  0.5774  0.0000  0.5774  0.0000


 Q=  0.000000  0.000000 -0.140734, q= -0.250000 -0.250000  0.000000

                       Ni X   0        Ni Y   0        Ni Z   0     
                    --------------- --------------- ---------------
    0   3.8462 THz   1.0000  0.0000  0.0000  0.0000  0.0000  0.0000
    1   3.8462 THz   0.0000  0.0000 -0.9674 -0.2534  0.0000  0.0000
    2   5.2153 THz   0.0000  0.0000 -0.0000 -0.0000 -0.9959 -0.0903


 Q=  0.070367  0.070367 -0.211101, q= -0.250000 -0.250000  0.250000

                       Ni X   0        Ni Y   0        Ni Z   0     
                    --------------- --------------- ---------------
    0   4.9230 THz  -0.7071  0.0000  0.7071 -0.0000  0.0000  0.0000
    1   5.2057 THz   0.5838  0.0000  0.5838 -0.0000  0.5643 -0.0000
    2   7.0600 THz   0.3990  0.0000  0.3990 -0.0000 -0.8256  0.0000


 Q= -0.070367 -0.211101  0.070367, q= -0.250000  0.000000 -0.500000

                       Ni X   0        Ni Y   0        Ni Z   0     
                    --------------- --------------- ---------------
    0   4.9230 THz   0.7071  0.0000  0.0000 -0.0000  0.7071  0.0000
    1   5.2057 THz   0.5838  0.0000 -0.5643 -0.0000 -0.5838  0.0000
    2   7.0600 THz   0.3990  0.0000  0.8256  0.0000 -0.3990 -0.0000


 Q=  0.000000 -0.140734  0.000000, q= -0.250000  0.000000 -0.250000

                       Ni X   0        Ni Y   0        Ni Z   0     
                    --------------- --------------- ---------------
    0   3.8462 THz   1.0000  0.0000  0.0000  0.0000  0.0000  0.0000
    1   3.8462 THz   0.0000  0.0000  0.0000 -0.0000  0.1112 -0.9938
    2   5.2153 THz   0.0000  0.0000 -0.5588  0.8293 -0.0000 -0.0000


 Q=  0.070367 -0.070367 -0.070367, q= -0.250000  0.000000  0.000000

                       Ni X   0        Ni Y   0        Ni Z   0     
                    --------------- --------------- ---------------
    0   2.0182 THz   0.0000  0.0000  0.6833 -0.1819 -0.6833  0.1819
    1   2.0182 THz   0.8165  0.0000  0.4082 -0.0000  0.4082 -0.0000
    2   6.0809 THz   0.5774  0.0000 -0.5774  0.0000 -0.5774  0.0000


 Q=  0.140734  0.000000 -0.140734, q= -0.250000  0.000000  0.250000

                       Ni X   0        Ni Y   0        Ni Z   0     
                    --------------- --------------- ---------------
    0   3.6142 THz   0.7071  0.0000  0.0000 -0.0000  0.7071 -0.0000
    1   5.2508 THz   0.0000  0.0000 -0.9988  0.0495  0.0000  0.0000
    2   6.7653 THz   0.7071  0.0000  0.0000  0.0000 -0.7071  0.0000


 Q=  0.000000 -0.281468  0.140734, q= -0.250000  0.250000 -0.500000

                       Ni X   0        Ni Y   0        Ni Z   0     
                    --------------- --------------- ---------------
    0   5.2372 THz   0.0000  0.0000 -0.0000  0.0000 -0.9772  0.2121
    1   6.4628 THz   1.0000  0.0000  0.0000  0.0000  0.0000  0.0000
    2   6.4628 THz   0.0000  0.0000 -0.9620  0.2732  0.0000 -0.0000


 Q=  0.070367 -0.211101  0.070367, q= -0.250000  0.250000 -0.250000

                       Ni X   0        Ni Y   0        Ni Z   0     
                    --------------- --------------- ---------------
    0   4.9230 THz  -0.7071  0.0000 -0.0000 -0.0000  0.7071 -0.0000
    1   5.2057 THz   0.5838  0.0000  0.5643 -0.0000  0.5838 -0.0000
    2   7.0600 THz  -0.3990  0.0000  0.8256 -0.0000 -0.3990  0.0000


 Q=  0.140734 -0.140734  0.000000, q= -0.250000  0.250000  0.000000

                       Ni X   0        Ni Y   0        Ni Z   0     
                    --------------- --------------- ---------------
    0   3.6142 THz   0.7071  0.0000  0.7071  0.0000 -0.0000 -0.0000
    1   5.2508 THz   0.0000  0.0000 -0.0000 -0.0000 -0.1720 -0.9851
    2   6.7653 THz   0.7071  0.0000 -0.7071 -0.0000  0.0000  0.0000


 Q=  0.211101 -0.070367 -0.070367, q= -0.250000  0.250000  0.250000

                       Ni X   0        Ni Y   0        Ni Z   0     
                    --------------- --------------- ---------------
    0   4.9230 THz   0.0000  0.0000  0.7065  0.0287 -0.7065 -0.0287
    1   5.2057 THz  -0.5643  0.0000 -0.5838 -0.0000 -0.5838  0.0000
    2   7.0600 THz   0.8256  0.0000 -0.3990 -0.0000 -0.3990  0.0000


 Q= -0.281468  0.000000  0.000000, q=  0.000000 -0.500000 -0.500000

                       Ni X   0        Ni Y   0        Ni Z   0     
                    --------------- --------------- ---------------
    0   5.7888 THz   0.0000  0.0000 -0.6462 -0.0000 -0.7631 -0.0000
    1   5.7888 THz   0.0000  0.0000  0.7631  0.0000 -0.6462 -0.0000
    2   7.3277 THz   1.0000  0.0000  0.0000  0.0000  0.0000  0.0000


 Q= -0.211101  0.070367 -0.070367, q=  0.000000 -0.500000 -0.250000

                       Ni X   0        Ni Y   0        Ni Z   0     
                    --------------- --------------- ---------------
    0   4.9230 THz   0.0000  0.0000 -0.7067  0.0248 -0.7067  0.0248
    1   5.2057 THz  -0.5643  0.0000 -0.5838  0.0000  0.5838  0.0000
    2   7.0600 THz   0.8256  0.0000 -0.3990  0.0000  0.3990 -0.0000


 Q= -0.140734  0.140734 -0.140734, q=  0.000000 -0.500000  0.000000

                       Ni X   0        Ni Y   0        Ni Z   0     
                    --------------- --------------- ---------------
    0   3.8070 THz   0.0000  0.0000 -0.7071  0.0000 -0.7071  0.0000
    1   3.8070 THz   0.8165  0.0000  0.4082 -0.0000 -0.4082  0.0000
    2   7.4251 THz   0.5774  0.0000 -0.5774  0.0000  0.5774 -0.0000


 Q= -0.070367  0.211101 -0.211101, q=  0.000000 -0.500000  0.250000

                       Ni X   0        Ni Y   0        Ni Z   0     
                    --------------- --------------- ---------------
    0   4.9230 THz   0.0000  0.0000 -0.7067 -0.0252 -0.7067 -0.0252
    1   5.2057 THz  -0.5643  0.0000 -0.5838  0.0000  0.5838  0.0000
    2   7.0600 THz   0.8256  0.0000 -0.3990  0.0000  0.3990  0.0000


 Q= -0.211101 -0.070367  0.070367, q=  0.000000 -0.250000 -0.500000

                       Ni X   0        Ni Y   0        Ni Z   0     
                    --------------- --------------- ---------------
    0   4.9230 THz   0.0000  0.0000 -0.7066  0.0264 -0.7066  0.0264
    1   5.2057 THz   0.5643  0.0000 -0.5838 -0.0000  0.5838  0.0000
    2   7.0600 THz   0.8256  0.0000  0.3990  0.0000 -0.3990 -0.0000


 Q= -0.140734  0.000000  0.000000, q=  0.000000 -0.250000 -0.250000

                       Ni X   0        Ni Y   0        Ni Z   0     
                    --------------- --------------- ---------------
    0   3.8462 THz   0.0000  0.0000 -0.2162  0.5157 -0.5707  0.6013
    1   3.8462 THz   0.0000  0.0000  0.8284 -0.0337 -0.5305 -0.1768
    2   5.2153 THz   1.0000  0.0000  0.0000  0.0000  0.0000  0.0000


 Q= -0.070367  0.070367 -0.070367, q=  0.000000 -0.250000  0.000000

                       Ni X   0        Ni Y   0        Ni Z   0     
                    --------------- --------------- ---------------
    0   2.0182 THz   0.8165  0.0000  0.4082 -0.0000 -0.4082 -0.0000
    1   2.0182 THz   0.0000  0.0000 -0.6960  0.1251 -0.6960  0.1251
    2   6.0809 THz   0.5774  0.0000 -0.5774  0.0000  0.5774  0.0000


 Q=  0.000000  0.140734 -0.140734, q=  0.000000 -0.250000  0.250000

                       Ni X   0        Ni Y   0        Ni Z   0     
                    --------------- --------------- ---------------
    0   3.6142 THz   0.0000  0.0000 -0.6937  0.1372 -0.6937  0.1372
    1   5.2508 THz   1.0000  0.0000  0.0000  0.0000  0.0000  0.0000
    2   6.7653 THz   0.0000  0.0000 -0.1758  0.6849  0.1758 -0.6849


 Q= -0.140734 -0.140734  0.140734, q=  0.000000  0.000000 -0.500000

                       Ni X   0        Ni Y   0        Ni Z   0     
                    --------------- --------------- ---------------
    0   3.8070 THz   0.0000  0.0000 -0.7071  0.0000 -0.7071  0.0000
    1   3.8070 THz   0.8165  0.0000 -0.4082 -0.0000  0.4082 -0.0000
    2   7.4251 THz  -0.5774  0.0000 -0.5774 -0.0000  0.5774 -0.0000


 Q= -0.070367 -0.070367  0.070367, q=  0.000000  0.000000 -0.250000

                       Ni X   0        Ni Y   0        Ni Z   0     
                    --------------- --------------- ---------------
    0   2.0182 THz   0.5098  0.0000  0.2972 -0.0139  0.8071 -0.0139
    1   2.0182 THz  -0.6378  0.0000  0.7603 -0.0111  0.1225 -0.0111
    2   6.0809 THz   0.5774  0.0000  0.5774  0.0000 -0.5774 -0.0000


 Q=  0.000000  0.000000  0.000000, q=  0.000000  0.000000  0.000000

                       Ni X   0        Ni Y   0        Ni Z   0     
                    --------------- --------------- ---------------
    0   0.0000 THz  -0.6524  0.0000 -0.2622  0.0000  0.7111  0.0000
    1  -0.0000 THz   0.2707  0.0000 -0.9570  0.0000 -0.1045  0.0000
    2   0.0000 THz   0.7079  0.0000  0.1244  0.0000  0.6953  0.0000


 Q=  0.070367  0.070367 -0.070367, q=  0.000000  0.000000  0.250000

                       Ni X   0        Ni Y   0        Ni Z   0     
                    --------------- --------------- ---------------
    0   2.0182 THz   0.5098  0.0000  0.2972  0.0139  0.8071  0.0139
    1   2.0182 THz  -0.6378  0.0000  0.7603  0.0111  0.1225  0.0111
    2   6.0809 THz   0.5774  0.0000  0.5774 -0.0000 -0.5774  0.0000


 Q= -0.070367 -0.211101  0.211101, q=  0.000000  0.250000 -0.500000

                       Ni X   0        Ni Y   0        Ni Z   0     
                    --------------- --------------- ---------------
    0   4.9230 THz   0.0000  0.0000 -0.7070 -0.0146 -0.7070 -0.0146
    1   5.2057 THz   0.5643  0.0000 -0.5838 -0.0000  0.5838 -0.0000
    2   7.0600 THz   0.8256  0.0000  0.3990  0.0000 -0.3990  0.0000


 Q=  0.000000 -0.140734  0.140734, q=  0.000000  0.250000 -0.250000

                       Ni X   0        Ni Y   0        Ni Z   0     
                    --------------- --------------- ---------------
    0   3.6142 THz   0.0000  0.0000 -0.6937 -0.1372 -0.6937 -0.1372
    1   5.2508 THz   1.0000  0.0000  0.0000  0.0000  0.0000  0.0000
    2   6.7653 THz   0.0000  0.0000 -0.1758 -0.6849  0.1758  0.6849


 Q=  0.070367 -0.070367  0.070367, q=  0.000000  0.250000  0.000000

                       Ni X   0        Ni Y   0        Ni Z   0     
                    --------------- --------------- ---------------
    0   2.0182 THz   0.8165  0.0000  0.4082  0.0000 -0.4082  0.0000
    1   2.0182 THz   0.0000  0.0000 -0.6960 -0.1251 -0.6960 -0.1251
    2   6.0809 THz   0.5774  0.0000 -0.5774 -0.0000  0.5774 -0.0000


 Q=  0.140734  0.000000  0.000000, q=  0.000000  0.250000  0.250000

                       Ni X   0        Ni Y   0        Ni Z   0     
                    --------------- --------------- ---------------
    0   3.8462 THz   0.0000  0.0000 -0.2162 -0.5157 -0.5707 -0.6013
    1   3.8462 THz   0.0000  0.0000  0.8284  0.0337 -0.5305  0.1768
    2   5.2153 THz   1.0000  0.0000  0.0000  0.0000  0.0000  0.0000


 Q= -0.351835  0.070367  0.070367, q=  0.250000 -0.500000 -0.500000

                       Ni X   0        Ni Y   0        Ni Z   0     
                    --------------- --------------- ---------------
    0   4.9230 THz   0.0000  0.0000  0.7063  0.0339 -0.7063 -0.0339
    1   5.2057 THz   0.5643  0.0000 -0.5838  0.0000 -0.5838 -0.0000
    2   7.0600 THz   0.8256  0.0000  0.3990 -0.0000  0.3990  0.0000


 Q= -0.281468  0.140734  0.000000, q=  0.250000 -0.500000 -0.250000

                       Ni X   0        Ni Y   0        Ni Z   0     
                    --------------- --------------- ---------------
    0   5.2372 THz   0.0000  0.0000 -0.9791  0.2034  0.0000  0.0000
    1   6.4628 THz   0.0000  0.0000  0.0000  0.0000 -0.7702  0.6378
    2   6.4628 THz   1.0000  0.0000  0.0000  0.0000  0.0000  0.0000


 Q= -0.211101  0.211101 -0.070367, q=  0.250000 -0.500000  0.000000

                       Ni X   0        Ni Y   0        Ni Z   0     
                    --------------- --------------- ---------------
    0   4.9230 THz   0.7071  0.0000  0.7071  0.0000  0.0000  0.0000
    1   5.2057 THz   0.5838  0.0000 -0.5838 -0.0000 -0.5643 -0.0000
    2   7.0600 THz  -0.3990  0.0000  0.3990  0.0000 -0.8256 -0.0000


 Q= -0.140734  0.281468 -0.140734, q=  0.250000 -0.500000  0.250000

                       Ni X   0        Ni Y   0        Ni Z   0     
                    --------------- --------------- ---------------
    0   3.6142 THz  -0.7071  0.0000  0.0000  0.0000  0.7071 -0.0000
    1   5.2508 THz   0.0000  0.0000 -0.9674 -0.2532  0.0000  0.0000
    2   6.7653 THz   0.7071  0.0000  0.0000  0.0000  0.7071 -0.0000


 Q= -0.281468  0.000000  0.140734, q=  0.250000 -0.250000 -0.500000

                       Ni X   0        Ni Y   0        Ni Z   0     
                    --------------- --------------- ---------------
    0   5.2372 THz   0.0000  0.0000  0.0000 -0.0000  0.9126 -0.4089
    1   6.4628 THz   1.0000  0.0000  0.0000  0.0000  0.0000  0.0000
    2   6.4628 THz   0.0000  0.0000 -0.8094 -0.5873  0.0000  0.0000


 Q= -0.211101  0.070367  0.070367, q=  0.250000 -0.250000 -0.250000

                       Ni X   0        Ni Y   0        Ni Z   0     
                    --------------- --------------- ---------------
    0   4.9230 THz   0.0000  0.0000  0.7065 -0.0287 -0.7065  0.0287
    1   5.2057 THz  -0.5643  0.0000 -0.5838  0.0000 -0.5838 -0.0000
    2   7.0600 THz   0.8256  0.0000 -0.3990  0.0000 -0.3990 -0.0000


 Q= -0.140734  0.140734  0.000000, q=  0.250000 -0.250000  0.000000

                       Ni X   0        Ni Y   0        Ni Z   0     
                    --------------- --------------- ---------------
    0   3.6142 THz   0.7071  0.0000  0.7071 -0.0000 -0.0000  0.0000
    1   5.2508 THz   0.0000  0.0000 -0.0000  0.0000 -0.1720  0.9851
    2   6.7653 THz   0.7071  0.0000 -0.7071  0.0000  0.0000 -0.0000


 Q= -0.070367  0.211101 -0.070367, q=  0.250000 -0.250000  0.250000

                       Ni X   0        Ni Y   0        Ni Z   0     
                    --------------- --------------- ---------------
    0   4.9230 THz  -0.7071  0.0000 -0.0000  0.0000  0.7071  0.0000
    1   5.2057 THz   0.5838  0.0000  0.5643  0.0000  0.5838  0.0000
    2   7.0600 THz  -0.3990  0.0000  0.8256  0.0000 -0.3990 -0.0000


 Q= -0.211101 -0.070367  0.211101, q=  0.250000  0.000000 -0.500000

                       Ni X   0        Ni Y   0        Ni Z   0     
                    --------------- --------------- ---------------
    0   4.9230 THz   0.7071  0.0000 -0.0000  0.0000  0.7071 -0.0000
    1   5.2057 THz   0.5838  0.0000 -0.5643  0.0000 -0.5838 -0.0000
    2   7.0600 THz   0.3990  0.0000  0.8256 -0.0000 -0.3990  0.0000


 Q= -0.140734  0.000000  0.140734, q=  0.250000  0.000000 -0.250000

                       Ni X   0        Ni Y   0        Ni Z   0     
                    --------------- --------------- ---------------
    0   3.6142 THz   0.7071  0.0000  0.0000  0.0000  0.7071  0.0000
    1   5.2508 THz   0.0000  0.0000 -0.9988 -0.0495  0.0000 -0.0000
    2   6.7653 THz   0.7071  0.0000  0.0000 -0.0000 -0.7071 -0.0000


 Q= -0.070367  0.070367  0.070367, q=  0.250000  0.000000  0.000000

                       Ni X   0        Ni Y   0        Ni Z   0     
                    --------------- --------------- ---------------
    0   2.0182 THz   0.0000  0.0000  0.6833  0.1819 -0.6833 -0.1819
    1   2.0182 THz   0.8165  0.0000  0.4082  0.0000  0.4082  0.0000
    2   6.0809 THz   0.5774  0.0000 -0.5774 -0.0000 -0.5774 -0.0000


 Q=  0.000000  0.140734  0.000000, q=  0.250000  0.000000  0.250000

                       Ni X   0        Ni Y   0        Ni Z   0     
                    --------------- --------------- ---------------
    0   3.8462 THz   1.0000  0.0000  0.0000  0.0000  0.0000  0.0000
    1   3.8462 THz   0.0000  0.0000  0.0000  0.0000  0.1112  0.9938
    2   5.2153 THz   0.0000  0.0000 -0.5588 -0.8293 -0.0000  0.0000


 Q= -0.140734 -0.140734  0.281468, q=  0.250000  0.250000 -0.500000

                       Ni X   0        Ni Y   0        Ni Z   0     
                    --------------- --------------- ---------------
    0   3.6142 THz   0.7071  0.0000 -0.7071  0.0000  0.0000  0.0000
    1   5.2508 THz   0.0000  0.0000 -0.0000  0.0000 -0.9992 -0.0410
    2   6.7653 THz  -0.7071  0.0000 -0.7071  0.0000  0.0000  0.0000


 Q= -0.070367 -0.070367  0.211101, q=  0.250000  0.250000 -0.250000

                       Ni X   0        Ni Y   0        Ni Z   0     
                    --------------- --------------- ---------------
    0   4.9230 THz  -0.7071  0.0000  0.7071  0.0000  0.0000 -0.0000
    1   5.2057 THz   0.5838  0.0000  0.5838  0.0000  0.5643  0.0000
    2   7.0600 THz   0.3990  0.0000  0.3990  0.0000 -0.8256 -0.0000


 Q=  0.000000  0.000000  0.140734, q=  0.250000  0.250000  0.000000

                       Ni X   0        Ni Y   0        Ni Z   0     
                    --------------- --------------- ---------------
    0   3.8462 THz   1.0000  0.0000  0.0000  0.0000  0.0000  0.0000
    1   3.8462 THz   0.0000  0.0000 -0.9674  0.2534  0.0000 -0.0000
    2   5.2153 THz   0.0000  0.0000 -0.0000  0.0000 -0.9959  0.0903


 Q=  0.070367  0.070367  0.070367, q=  0.250000  0.250000  0.250000

                       Ni X   0        Ni Y   0        Ni Z   0     
                    --------------- --------------- ---------------
    0   2.0182 THz   0.4829  0.0000  0.3244 -0.0697 -0.8074  0.0697
    1   2.0182 THz   0.6584  0.0000 -0.7443  0.0511  0.0859 -0.0511
    2   6.0809 THz   0.5774  0.0000  0.5774 -0.0000  0.5774 -0.0000
