 9.226199852545248 0.000000 0.000000
 0.000000 9.226199852545248 0.000000
 0.000000 0.000000 9.226199852545248
 0.05671503750037052 0.2978200985269829 0.05783563209831971 O
 0.4432849624996295 0.7021799014730171 0.5578356320983197 O
 0.9432849624996296 0.7978200985269829 0.4421643679016803 O
 0.5567150375003704 0.20217990147301712 0.9421643679016803 O
 0.05783563209831971 0.05671503750037052 0.2978200985269829 O
 0.5578356320983197 0.4432849624996295 0.7021799014730171 O
 0.4421643679016803 0.9432849624996296 0.7978200985269829 O
 0.9421643679016803 0.5567150375003704 0.20217990147301712 O
 0.2978200985269829 0.05783563209831971 0.05671503750037052 O
 0.7021799014730171 0.5578356320983197 0.4432849624996295 O
 0.7978200985269829 0.4421643679016803 0.9432849624996296 O
 0.20217990147301712 0.9421643679016803 0.5567150375003704 O
 0.04969633133931306 0.2178387733037311 0.5644528771427725 O
 0.45030366866068694 0.7821612266962689 0.06445287714277245 O
 0.9503036686606869 0.7178387733037311 0.9355471228572275 O
 0.5496963313393131 0.2821612266962689 0.4355471228572275 O
 0.5644528771427725 0.04969633133931306 0.2178387733037311 O
 0.06445287714277245 0.45030366866068694 0.7821612266962689 O
 0.9355471228572275 0.9503036686606869 0.7178387733037311 O
 0.4355471228572275 0.5496963313393131 0.2821612266962689 O
 0.2178387733037311 0.5644528771427725 0.04969633133931306 O
 0.7821612266962689 0.06445287714277245 0.45030366866068694 O
 0.7178387733037311 0.9355471228572275 0.9503036686606869 O
 0.2821612266962689 0.4355471228572275 0.5496963313393131 O
 0.016288428794292188 0.016288428794292188 0.016288428794292188 O
 0.48371157120570785 0.9837115712057077 0.5162884287942923 O
 0.9837115712057077 0.5162884287942923 0.48371157120570785 O
 0.5162884287942923 0.48371157120570785 0.9837115712057077 O
 0.2655320478564865 0.2655320478564865 0.2655320478564865 O
 0.2344679521435135 0.7344679521435135 0.7655320478564865 O
 0.7344679521435135 0.7655320478564865 0.2344679521435135 O
 0.7655320478564865 0.2344679521435135 0.7344679521435135 O
 0.1564851588835929 0.1564851588835929 0.1564851588835929 W
 0.3435148411164071 0.8435148411164072 0.6564851588835928 W
 0.8435148411164072 0.6564851588835928 0.3435148411164071 W
 0.6564851588835928 0.3435148411164071 0.8435148411164072 W
 0.905516668392686 0.905516668392686 0.905516668392686 W
 0.594483331607314 0.09448333160731401 0.405516668392686 W
 0.09448333160731401 0.405516668392686 0.594483331607314 W
 0.405516668392686 0.594483331607314 0.09448333160731401 W
 0.4963095031920311 0.4963095031920311 0.4963095031920311 Zr
 0.0036904968079688894 0.5036904968079688 0.9963095031920312 Zr
 0.5036904968079688 0.9963095031920312 0.0036904968079688894 Zr
 0.9963095031920312 0.0036904968079688894 0.5036904968079688 Zr
 3.72634224999259 0.0 0.0 
 0.0 3.72634224999259 0.0 
 0.0 -0.0 3.72634224999259 
 ion 1
 1 -1.5862952113821354 1.5000335774656501 -0.9450852732127507 
 2 1.4766320303602656 -4.381528002469849 1.5452982223222136 
 3 -0.903923244862492 1.461450130361254 -1.5819740399504587 
 ion 2
 1 -1.586218462944651 1.5001683627335027 0.9450937395074135 
 2 1.476460926119223 -4.38164714354126 -1.545147118081171 
 3 0.903923244862492 -1.461450130361254 -1.5819740399504587 
 ion 3
 1 -1.586218462944651 -1.5001683627335027 -0.9450937395074135 
 2 -1.4766320303602656 -4.381528002469849 -1.5452982223222136 
 3 -0.9039888890589338 -1.4615425229951802 -1.5820253283433425 
 ion 4
 1 -1.5862952113821354 -1.5000335774656501 0.9450852732127507 
 2 -1.476460926119223 -4.38164714354126 1.545147118081171 
 3 0.9039888890589338 1.4615425229951802 -1.5820253283433425 
 ion 5
 1 -1.5819764325843853 -0.9039256374964183 1.4614473082630328 
 2 -0.9450776658466771 -1.5862799966499883 1.5000335774656501 
 3 1.545303437054361 1.4766296377263393 -4.3815203951037756 
 ion 6
 1 -1.5819764325843853 0.9039256374964183 -1.4614473082630328 
 2 0.9450937395074135 -1.586218462944651 1.500160755367429 
 3 -1.5451447254472446 1.4764637482174439 -4.381662358273407 
 ion 7
 1 -1.5820153283433425 -0.903994103791081 -1.4615225229951803 
 2 -0.9450937395074135 -1.586218462944651 -1.500160755367429 
 3 -1.545303437054361 -1.4766296377263393 -4.3815203951037756 
 ion 8
 1 -1.5820153283433425 0.903994103791081 1.4615225229951803 
 2 0.9450776658466771 -1.5862799966499883 -1.5000335774656501 
 3 1.5451447254472446 -1.4764637482174439 -4.381662358273407 
 ion 9
 1 -4.381528002469849 1.5453058296882873 1.4766168156281185 
 2 1.4614497008969594 -1.5819764325843853 -0.9039204227642711 
 3 1.5000411848317237 -0.9450852732127507 -1.5862899966499884 
 ion 10
 1 -4.381662358273407 -1.5451347254472445 1.4764585334852967 
 2 -1.4614497008969594 -1.5819764325843853 0.9039204227642711 
 3 1.5001659700995764 0.9450861321413397 -1.5862108555785772 
 ion 11
 1 -4.381528002469849 -1.5453058296882873 -1.4766168156281185 
 2 -1.461527308263033 -1.582010113611195 -0.9039736743267865 
 3 -1.5001659700995764 -0.9450861321413397 -1.5862108555785772 
 ion 12
 1 -4.381662358273407 1.5451347254472445 -1.4764585334852967 
 2 1.461527308263033 -1.582010113611195 0.9039736743267865 
 3 -1.5000411848317237 0.9450852732127507 -1.5862899966499884 
 ion 13
 1 -0.9521785234352614 -0.9406956993270336 -0.12429086160859847 
 2 -0.9908531312512968 -4.834160292403017 -0.9252322683026937 
 3 -0.11883221585211132 -0.8864339357192965 -0.9400496323663207 
 ion 14
 1 -0.952105271872746 -0.9406782761128007 0.12429086160859847 
 2 -0.9904370575905606 -4.833785322983323 0.9249518388383992 
 3 0.11883221585211132 0.8864339357192965 -0.9400496323663207 
 ion 15
 1 -0.952105271872746 0.9406782761128007 -0.12429086160859847 
 2 0.9908531312512968 -4.834160292403017 0.9252322683026937 
 3 -0.11901221585211132 0.8865915430853701 -0.9400428839288361 
 ion 16
 1 -0.9521785234352614 0.9406956993270336 0.12429086160859847 
 2 0.9904370575905606 -4.833785322983323 -0.9249518388383992 
 3 0.11901221585211132 -0.8865915430853701 -0.9400428839288361 
 ion 17
 1 -0.9400496323663207 -0.11883221585211132 -0.8864439357192965 
 2 -0.12429086160859847 -0.9521709160691878 -0.9406756993270335 
 3 -0.9252322683026937 -0.9908607386173705 -4.834165507135165 
 ion 18
 1 -0.9400496323663207 0.11883221585211132 0.8864439357192965 
 2 0.12429086160859847 -0.9521128792388197 -0.9406702392824325 
 3 0.9249542314723255 -0.9904394502244869 -4.8337901082511765 
 ion 19
 1 -0.9400352765627625 -0.11901221585211132 0.8865891504514438 
 2 -0.12429086160859847 -0.9521128792388197 0.9406702392824325 
 3 0.9252322683026937 0.9908607386173705 -4.834165507135165 
 ion 20
 1 -0.9400352765627625 0.11901221585211132 -0.8865891504514438 
 2 0.12429086160859847 -0.9521709160691878 0.9406756993270335 
 3 -0.9249542314723255 0.9904394502244869 -4.8337901082511765 
 ion 21
 1 -4.8341426850369436 -0.9252322683026937 -0.9908531312512968 
 2 -0.8864539357192964 -0.9400496323663207 -0.11883982321818495 
 3 -0.9406880919609599 -0.12429846897467209 -0.9521785234352614 
 ion 22
 1 -4.833772500885103 0.9249466241062518 -0.9904370575905606 
 2 0.8864539357192964 -0.9400496323663207 0.11883982321818495 
 3 -0.9406758834788744 0.12429607634074571 -0.952105271872746 
 ion 23
 1 -4.8341426850369436 0.9252322683026937 0.9908531312512968 
 2 0.8865895799157384 -0.9400352765627625 -0.1190174305842586 
 3 0.9406758834788744 -0.12429607634074571 -0.952105271872746 
 ion 24
 1 -4.833772500885103 -0.9249466241062518 0.9904370575905606 
 2 -0.8865895799157384 -0.9400352765627625 0.1190174305842586 
 3 0.9406880919609599 0.12429846897467209 -0.9521785234352614 
 ion 25
 1 -1.7687193265632564 -1.1339986537965154 -1.1557701270112422 
 2 -1.1557925196451686 -1.7687593265632564 -1.134023439064368 
 3 -1.1340086537965153 -1.155780127011242 -1.7687369339293302 
 ion 26
 1 -1.7684708602685937 -1.134112580135779 1.1559179185291566 
 2 -1.1559579185291566 -1.7685008602685939 1.1341501875018527 
 3 1.1340086537965153 1.155780127011242 -1.7687369339293302 
 ion 27
 1 -1.7684708602685937 1.134112580135779 -1.1559179185291566 
 2 1.1557925196451686 -1.7687593265632564 1.134023439064368 
 3 -1.1341201875018527 1.1559231332613038 -1.7684808602685937 
 ion 28
 1 -1.7687193265632564 1.1339986537965154 1.1557701270112422 
 2 1.1559579185291566 -1.7685008602685939 -1.1341501875018527 
 3 1.1341201875018527 -1.1559231332613038 -1.7684808602685937 
 ion 29
 1 -1.2442907803479153 -0.39423250088510275 -0.4211479615997061 
 2 -0.4213745258853498 -1.2445077740978534 -0.39443385043859924 
 3 -0.3942812124922192 -0.4212342805728961 -1.2443475287853998 
 ion 30
 1 -1.2444788171782835 -0.3943461819119128 0.42129967945688424 
 2 -0.4215631763318533 -1.2447251361514733 0.39461207142080823 
 3 0.3942812124922192 0.4212342805728961 -1.2443475287853998 
 ion 31
 1 -1.2444788171782835 0.3943461819119128 -0.42129967945688424 
 2 0.4213745258853498 -1.2445077740978534 0.39443385043859924 
 3 -0.3944090040101336 0.4213348941890315 -1.2445440319104306 
 ion 32
 1 -1.2442907803479153 0.39423250088510275 0.4211479615997061 
 2 0.4215631763318533 -1.2447251361514733 -0.39461207142080823 
 3 0.3944090040101336 -0.4213348941890315 -1.2445440319104306 
 ion 33
 1 5.413971722547195 -0.05308757434555932 -0.02007130246293287 
 2 -0.020024124561153774 5.414038900448974 -0.053038862738442924 
 3 -0.0530984332741484 -0.020084124561153775 5.413976507815048 
 ion 34
 1 5.413815219422164 -0.053257144881264776 0.020302161391521942 
 2 -0.02025823505225828 5.4138880415203845 0.05320757434555932 
 3 0.0530984332741484 0.020084124561153775 5.413976507815048 
 ion 35
 1 5.413815219422164 0.053257144881264776 -0.020302161391521942 
 2 0.020024124561153774 5.414038900448974 0.053038862738442924 
 3 -0.05324996697948568 0.020315412954037382 5.41382761205609 
 ion 36
 1 5.413971722547195 0.05308757434555932 0.02007130246293287 
 2 0.02025823505225828 5.4138880415203845 -0.05320757434555932 
 3 0.05324996697948568 -0.020315412954037382 5.41382761205609 
 ion 37
 1 4.601075873428839 -0.4070324450845087 -0.2940104348243133 
 2 -0.2940032569225342 4.601097836598471 -0.40701440825414054 
 3 -0.4070224450845087 -0.2939904348243133 4.601060229232397 
 ion 38
 1 4.6004500450805565 -0.406498518745245 0.2933112937529024 
 2 -0.2932960790207551 4.600452437714483 0.406471340843466 
 3 0.4070224450845087 0.2939904348243133 4.601060229232397 
 ion 39
 1 4.6004500450805565 0.406498518745245 -0.2933112937529024 
 2 0.2940032569225342 4.601097836598471 0.40701440825414054 
 3 -0.40650134084346595 0.29330368638682874 4.600462437714483 
 ion 40
 1 4.601075873428839 0.4070324450845087 0.2940104348243133 
 2 0.2932960790207551 4.600452437714483 -0.406471340843466 
 3 0.40650134084346595 -0.29330368638682874 4.600462437714483 
 ion 41
 1 7.30975858325587 -0.42224810871101853 -0.06225578058771673 
 2 -0.0622581732216431 7.309748583255869 -0.42226007188065035 
 3 -0.42224289397887127 -0.06225774375734856 7.3096551475415135 
 ion 42
 1 7.310020301113047 -0.42230007188065033 0.0621968848287595 
 2 -0.06219927746268586 7.310045945309489 0.4223028939788713 
 3 0.42224289397887127 0.06225774375734856 7.3096551475415135 
 ion 43
 1 7.310020301113047 0.42230007188065033 -0.0621968848287595 
 2 0.0622581732216431 7.309748583255869 0.42226007188065035 
 3 -0.42231528661279766 0.062176455364464964 7.3099225095951335 
 ion 44
 1 7.30975858325587 0.42224810871101853 0.06225578058771673 
 2 0.06219927746268586 7.310045945309489 -0.4223028939788713 
 3 0.42231528661279766 -0.062176455364464964 7.3099225095951335 
