
Used Primitive lattice vector

   -1.777325000000     -1.777325000000      0.000000000000  
   -1.777325000000      0.000000000000     -1.777325000000  
    0.000000000000     -1.777325000000     -1.777325000000  

   1 Atom(s) in the Primitive cell

 0.0000000000 0.0000000000 0.0000000000 Cu    0


 Q=  0.140661  0.140661  0.140661, q= -0.500000 -0.500000 -0.500000

                       Cu X   0        Cu Y   0        Cu Z   0     
                    --------------- --------------- ---------------
    0   4.2330 THz   0.0000  0.0000 -0.0000  0.7071 -0.0000 -0.7071
    1   4.2330 THz   0.8165  0.0000 -0.4082 -0.0000 -0.4082  0.0000
    2   8.3169 THz  -0.5774  0.0000 -0.5774 -0.0000 -0.5774  0.0000


 Q=  0.210991  0.070330  0.070330, q= -0.500000 -0.500000 -0.250000

                       Cu X   0        Cu Y   0        Cu Z   0     
                    --------------- --------------- ---------------
    0   5.1087 THz   0.0000  0.0000  0.6786 -0.1989 -0.6786  0.1989
    1   5.8041 THz   0.5563  0.0000 -0.5876  0.0000 -0.5876 -0.0000
    2   7.6785 THz   0.8310  0.0000  0.3934 -0.0000  0.3934  0.0000


 Q=  0.281322  0.000000  0.000000, q= -0.500000 -0.500000  0.000000

                       Cu X   0        Cu Y   0        Cu Z   0     
                    --------------- --------------- ---------------
    0   6.0264 THz   0.0000  0.0000 -0.6814  0.0000 -0.7319 -0.0000
    1   6.0264 THz   0.0000  0.0000  0.7319  0.0000 -0.6814 -0.0000
    2   8.1888 THz   1.0000  0.0000  0.0000  0.0000  0.0000  0.0000


 Q=  0.351652 -0.070330 -0.070330, q= -0.500000 -0.500000  0.250000

                       Cu X   0        Cu Y   0        Cu Z   0     
                    --------------- --------------- ---------------
    0   5.1087 THz   0.0000  0.0000  0.6940  0.1356 -0.6940 -0.1356
    1   5.8041 THz   0.5563  0.0000 -0.5876 -0.0000 -0.5876  0.0000
    2   7.6785 THz   0.8310  0.0000  0.3934  0.0000  0.3934 -0.0000


 Q=  0.070330  0.210991  0.070330, q= -0.500000 -0.250000 -0.500000

                       Cu X   0        Cu Y   0        Cu Z   0     
                    --------------- --------------- ---------------
    0   5.1087 THz  -0.7071  0.0000  0.0000  0.0000  0.7071 -0.0000
    1   5.8041 THz   0.5876  0.0000 -0.5563  0.0000  0.5876 -0.0000
    2   7.6785 THz   0.3934  0.0000  0.8310 -0.0000  0.3934 -0.0000


 Q=  0.140661  0.140661  0.000000, q= -0.500000 -0.250000 -0.250000

                       Cu X   0        Cu Y   0        Cu Z   0     
                    --------------- --------------- ---------------
    0   4.2094 THz  -0.7071 -0.0000  0.7071  0.0000  0.0000 -0.0000
    1   5.9329 THz   0.0000  0.0000  0.0000 -0.0000 -0.1403  0.9901
    2   7.3235 THz   0.7071  0.0000  0.7071  0.0000  0.0000 -0.0000


 Q=  0.210991  0.070330 -0.070330, q= -0.500000 -0.250000  0.000000

                       Cu X   0        Cu Y   0        Cu Z   0     
                    --------------- --------------- ---------------
    0   5.1087 THz   0.0000  0.0000 -0.7048  0.0569 -0.7048  0.0569
    1   5.8041 THz   0.5563  0.0000 -0.5876 -0.0000  0.5876 -0.0000
    2   7.6785 THz   0.8310  0.0000  0.3934  0.0000 -0.3934  0.0000


 Q=  0.281322  0.000000 -0.140661, q= -0.500000 -0.250000  0.250000

                       Cu X   0        Cu Y   0        Cu Z   0     
                    --------------- --------------- ---------------
    0   5.8691 THz   0.0000  0.0000  0.0000 -0.0000 -0.9673  0.2537
    1   7.1165 THz   1.0000  0.0000  0.0000  0.0000  0.0000  0.0000
    2   7.1165 THz   0.0000  0.0000 -0.9962  0.0871 -0.0000  0.0000


 Q=  0.000000  0.281322  0.000000, q= -0.500000  0.000000 -0.500000

                       Cu X   0        Cu Y   0        Cu Z   0     
                    --------------- --------------- ---------------
    0   6.0264 THz   1.0000  0.0000  0.0000  0.0000  0.0000  0.0000
    1   6.0264 THz   0.0000  0.0000  0.0000  0.0000 -1.0000  0.0000
    2   8.1888 THz   0.0000  0.0000  1.0000  0.0000  0.0000  0.0000


 Q=  0.070330  0.210991 -0.070330, q= -0.500000  0.000000 -0.250000

                       Cu X   0        Cu Y   0        Cu Z   0     
                    --------------- --------------- ---------------
    0   5.1087 THz   0.7071  0.0000 -0.0000 -0.0000  0.7071 -0.0000
    1   5.8041 THz   0.5876  0.0000 -0.5563  0.0000 -0.5876  0.0000
    2   7.6785 THz   0.3934  0.0000  0.8310  0.0000 -0.3934  0.0000


 Q=  0.140661  0.140661 -0.140661, q= -0.500000  0.000000  0.000000

                       Cu X   0        Cu Y   0        Cu Z   0     
                    --------------- --------------- ---------------
    0   4.2330 THz   0.8165  0.0000 -0.4082  0.0000  0.4082 -0.0000
    1   4.2330 THz   0.0000  0.0000 -0.7071  0.0000 -0.7071  0.0000
    2   8.3169 THz  -0.5774  0.0000 -0.5774  0.0000  0.5774 -0.0000


 Q=  0.210991  0.070330 -0.210991, q= -0.500000  0.000000  0.250000

                       Cu X   0        Cu Y   0        Cu Z   0     
                    --------------- --------------- ---------------
    0   5.1087 THz   0.7071  0.0000 -0.0000  0.0000  0.7071  0.0000
    1   5.8041 THz   0.5876  0.0000 -0.5563 -0.0000 -0.5876 -0.0000
    2   7.6785 THz   0.3934  0.0000  0.8310 -0.0000 -0.3934 -0.0000


 Q= -0.070330  0.351652 -0.070330, q= -0.500000  0.250000 -0.500000

                       Cu X   0        Cu Y   0        Cu Z   0     
                    --------------- --------------- ---------------
    0   5.1087 THz  -0.7071  0.0000 -0.0000 -0.0000  0.7071  0.0000
    1   5.8041 THz   0.5876  0.0000 -0.5563 -0.0000  0.5876  0.0000
    2   7.6785 THz   0.3934  0.0000  0.8310  0.0000  0.3934  0.0000


 Q=  0.000000  0.281322 -0.140661, q= -0.500000  0.250000 -0.250000

                       Cu X   0        Cu Y   0        Cu Z   0     
                    --------------- --------------- ---------------
    0   5.8691 THz   0.0000  0.0000 -0.0000  0.0000 -0.8325  0.5540
    1   7.1165 THz   1.0000  0.0000  0.0000  0.0000  0.0000  0.0000
    2   7.1165 THz   0.0000  0.0000 -0.9972 -0.0747  0.0000 -0.0000


 Q=  0.070330  0.210991 -0.210991, q= -0.500000  0.250000  0.000000

                       Cu X   0        Cu Y   0        Cu Z   0     
                    --------------- --------------- ---------------
    0   5.1087 THz   0.0000  0.0000 -0.7069  0.0170 -0.7069  0.0170
    1   5.8041 THz   0.5563  0.0000 -0.5876  0.0000  0.5876  0.0000
    2   7.6785 THz   0.8310  0.0000  0.3934 -0.0000 -0.3934 -0.0000


 Q=  0.140661  0.140661 -0.281322, q= -0.500000  0.250000  0.250000

                       Cu X   0        Cu Y   0        Cu Z   0     
                    --------------- --------------- ---------------
    0   4.2094 THz   0.7071  0.0000 -0.7071  0.0000  0.0000 -0.0000
    1   5.9329 THz   0.0000  0.0000 -0.0000  0.0000 -0.7120  0.7021
    2   7.3235 THz  -0.7071  0.0000 -0.7071  0.0000  0.0000 -0.0000


 Q=  0.070330  0.070330  0.210991, q= -0.250000 -0.500000 -0.500000

                       Cu X   0        Cu Y   0        Cu Z   0     
                    --------------- --------------- ---------------
    0   5.1087 THz   0.7071  0.0000 -0.7071  0.0000  0.0000 -0.0000
    1   5.8041 THz   0.5876  0.0000  0.5876 -0.0000 -0.5563  0.0000
    2   7.6785 THz   0.3934  0.0000  0.3934  0.0000  0.8310  0.0000


 Q=  0.140661  0.000000  0.140661, q= -0.250000 -0.500000 -0.250000

                       Cu X   0        Cu Y   0        Cu Z   0     
                    --------------- --------------- ---------------
    0   4.2094 THz   0.7071  0.0000  0.0000  0.0000 -0.7071  0.0000
    1   5.9329 THz   0.0000  0.0000 -0.9939 -0.1100  0.0000  0.0000
    2   7.3235 THz   0.7071  0.0000  0.0000 -0.0000  0.7071 -0.0000


 Q=  0.210991 -0.070330  0.070330, q= -0.250000 -0.500000  0.000000

                       Cu X   0        Cu Y   0        Cu Z   0     
                    --------------- --------------- ---------------
    0   5.1087 THz   0.0000  0.0000 -0.7048 -0.0567 -0.7048 -0.0567
    1   5.8041 THz  -0.5563  0.0000 -0.5876  0.0000  0.5876 -0.0000
    2   7.6785 THz   0.8310  0.0000 -0.3934  0.0000  0.3934 -0.0000


 Q=  0.281322 -0.140661  0.000000, q= -0.250000 -0.500000  0.250000

                       Cu X   0        Cu Y   0        Cu Z   0     
                    --------------- --------------- ---------------
    0   5.8691 THz   0.0000  0.0000 -0.9623  0.2721  0.0000 -0.0000
    1   7.1165 THz   0.0000  0.0000 -0.0000  0.0000 -0.9691  0.2467
    2   7.1165 THz   1.0000  0.0000  0.0000  0.0000  0.0000  0.0000


 Q=  0.000000  0.140661  0.140661, q= -0.250000 -0.250000 -0.500000

                       Cu X   0        Cu Y   0        Cu Z   0     
                    --------------- --------------- ---------------
    0   4.2094 THz   0.0000  0.0000 -0.6286  0.3239  0.6286 -0.3239
    1   5.9329 THz   1.0000  0.0000  0.0000  0.0000  0.0000  0.0000
    2   7.3235 THz   0.0000  0.0000 -0.4816 -0.5178 -0.4816 -0.5178


 Q=  0.070330  0.070330  0.070330, q= -0.250000 -0.250000 -0.250000

                       Cu X   0        Cu Y   0        Cu Z   0     
                    --------------- --------------- ---------------
    0   3.1317 THz   0.0000  0.0000 -0.0000 -0.7071 -0.0000  0.7071
    1   3.1317 THz   0.8165  0.0000 -0.4082  0.0000 -0.4082 -0.0000
    2   6.5524 THz  -0.5774  0.0000 -0.5774  0.0000 -0.5774 -0.0000


 Q=  0.140661  0.000000  0.000000, q= -0.250000 -0.250000  0.000000

                       Cu X   0        Cu Y   0        Cu Z   0     
                    --------------- --------------- ---------------
    0   4.5299 THz   0.0000  0.0000 -0.2577  0.7056 -0.5095  0.4197
    1   4.5299 THz   0.0000  0.0000 -0.3749 -0.5434  0.0543  0.7492
    2   6.3349 THz   1.0000  0.0000  0.0000  0.0000  0.0000  0.0000


 Q=  0.210991 -0.070330 -0.070330, q= -0.250000 -0.250000  0.250000

                       Cu X   0        Cu Y   0        Cu Z   0     
                    --------------- --------------- ---------------
    0   5.1087 THz   0.0000  0.0000  0.7069 -0.0180 -0.7069  0.0180
    1   5.8041 THz  -0.5563  0.0000 -0.5876  0.0000 -0.5876  0.0000
    2   7.6785 THz   0.8310  0.0000 -0.3934  0.0000 -0.3934  0.0000


 Q= -0.070330  0.210991  0.070330, q= -0.250000  0.000000 -0.500000

                       Cu X   0        Cu Y   0        Cu Z   0     
                    --------------- --------------- ---------------
    0   5.1087 THz   0.7071  0.0000 -0.0000  0.0000  0.7071 -0.0000
    1   5.8041 THz   0.5876  0.0000  0.5563 -0.0000 -0.5876  0.0000
    2   7.6785 THz  -0.3934  0.0000  0.8310 -0.0000  0.3934 -0.0000


 Q=  0.000000  0.140661  0.000000, q= -0.250000  0.000000 -0.250000

                       Cu X   0        Cu Y   0        Cu Z   0     
                    --------------- --------------- ---------------
    0   4.5299 THz   1.0000  0.0000  0.0000  0.0000  0.0000  0.0000
    1   4.5299 THz   0.0000  0.0000  0.0000 -0.0000 -0.4201  0.9075
    2   6.3349 THz   0.0000  0.0000 -0.9794  0.2022 -0.0000  0.0000


 Q=  0.070330  0.070330 -0.070330, q= -0.250000  0.000000  0.000000

                       Cu X   0        Cu Y   0        Cu Z   0     
                    --------------- --------------- ---------------
    0   3.1317 THz   0.8165  0.0000 -0.4082  0.0000  0.4082  0.0000
    1   3.1317 THz   0.0000  0.0000 -0.7045  0.0607 -0.7045  0.0607
    2   6.5524 THz  -0.5774  0.0000 -0.5774  0.0000  0.5774  0.0000


 Q=  0.140661  0.000000 -0.140661, q= -0.250000  0.000000  0.250000

                       Cu X   0        Cu Y   0        Cu Z   0     
                    --------------- --------------- ---------------
    0   4.2094 THz   0.7071  0.0000  0.0000 -0.0000  0.7071  0.0000
    1   5.9329 THz   0.0000  0.0000  0.9933  0.1159  0.0000 -0.0000
    2   7.3235 THz   0.7071  0.0000  0.0000  0.0000 -0.7071 -0.0000


 Q= -0.140661  0.281322  0.000000, q= -0.250000  0.250000 -0.500000

                       Cu X   0        Cu Y   0        Cu Z   0     
                    --------------- --------------- ---------------
    0   5.8691 THz   1.0000  0.0000  0.0000  0.0000  0.0000  0.0000
    1   7.1165 THz   0.0000  0.0000 -0.1979  0.0694 -0.9351  0.2857
    2   7.1165 THz   0.0000  0.0000 -0.9555 -0.2075  0.2030  0.0529


 Q= -0.070330  0.210991 -0.070330, q= -0.250000  0.250000 -0.250000

                       Cu X   0        Cu Y   0        Cu Z   0     
                    --------------- --------------- ---------------
    0   5.1087 THz  -0.7071  0.0000  0.0000 -0.0000  0.7071 -0.0000
    1   5.8041 THz   0.5876  0.0000  0.5563 -0.0000  0.5876 -0.0000
    2   7.6785 THz  -0.3934  0.0000  0.8310 -0.0000 -0.3934  0.0000


 Q=  0.000000  0.140661 -0.140661, q= -0.250000  0.250000  0.000000

                       Cu X   0        Cu Y   0        Cu Z   0     
                    --------------- --------------- ---------------
    0   4.2094 THz   0.0000  0.0000 -0.3506  0.6140 -0.3506  0.6140
    1   5.9329 THz   1.0000  0.0000  0.0000  0.0000  0.0000  0.0000
    2   7.3235 THz   0.0000  0.0000 -0.7006  0.0953  0.7006 -0.0953


 Q=  0.070330  0.070330 -0.210991, q= -0.250000  0.250000  0.250000

                       Cu X   0        Cu Y   0        Cu Z   0     
                    --------------- --------------- ---------------
    0   5.1087 THz  -0.7071  0.0000  0.7071 -0.0000 -0.0000 -0.0000
    1   5.8041 THz   0.5876  0.0000  0.5876 -0.0000  0.5563 -0.0000
    2   7.6785 THz   0.3934  0.0000  0.3934  0.0000 -0.8310 -0.0000


 Q=  0.000000  0.000000  0.281322, q=  0.000000 -0.500000 -0.500000

                       Cu X   0        Cu Y   0        Cu Z   0     
                    --------------- --------------- ---------------
    0   6.0264 THz   1.0000  0.0000  0.0000  0.0000  0.0000  0.0000
    1   6.0264 THz   0.0000  0.0000 -1.0000 -0.0000  0.0000  0.0000
    2   8.1888 THz   0.0000  0.0000  0.0000 -0.0000  1.0000  0.0000


 Q=  0.070330 -0.070330  0.210991, q=  0.000000 -0.500000 -0.250000

                       Cu X   0        Cu Y   0        Cu Z   0     
                    --------------- --------------- ---------------
    0   5.1087 THz   0.7071  0.0000  0.7071  0.0000  0.0000  0.0000
    1   5.8041 THz   0.5876  0.0000 -0.5876 -0.0000 -0.5563 -0.0000
    2   7.6785 THz  -0.3934  0.0000  0.3934  0.0000 -0.8310 -0.0000


 Q=  0.140661 -0.140661  0.140661, q=  0.000000 -0.500000  0.000000

                       Cu X   0        Cu Y   0        Cu Z   0     
                    --------------- --------------- ---------------
    0   4.2330 THz   0.8165  0.0000  0.4082 -0.0000 -0.4082  0.0000
    1   4.2330 THz   0.0000  0.0000 -0.7071  0.0000 -0.7071  0.0000
    2   8.3169 THz   0.5774  0.0000 -0.5774  0.0000  0.5774 -0.0000


 Q=  0.210991 -0.210991  0.070330, q=  0.000000 -0.500000  0.250000

                       Cu X   0        Cu Y   0        Cu Z   0     
                    --------------- --------------- ---------------
    0   5.1087 THz   0.7071  0.0000  0.7071 -0.0000  0.0000 -0.0000
    1   5.8041 THz   0.5876  0.0000 -0.5876  0.0000 -0.5563  0.0000
    2   7.6785 THz  -0.3934  0.0000  0.3934 -0.0000 -0.8310  0.0000


 Q= -0.070330  0.070330  0.210991, q=  0.000000 -0.250000 -0.500000

                       Cu X   0        Cu Y   0        Cu Z   0     
                    --------------- --------------- ---------------
    0   5.1087 THz  -0.7071  0.0000 -0.7071 -0.0000  0.0000  0.0000
    1   5.8041 THz   0.5876  0.0000 -0.5876 -0.0000  0.5563  0.0000
    2   7.6785 THz  -0.3934  0.0000  0.3934 -0.0000  0.8310  0.0000


 Q=  0.000000  0.000000  0.140661, q=  0.000000 -0.250000 -0.250000

                       Cu X   0        Cu Y   0        Cu Z   0     
                    --------------- --------------- ---------------
    0   4.5299 THz   0.0000  0.0000  0.2576  0.9663  0.0000 -0.0000
    1   4.5299 THz   1.0000  0.0000  0.0000  0.0000  0.0000  0.0000
    2   6.3349 THz   0.0000  0.0000  0.0000 -0.0000 -0.5409 -0.8411


 Q=  0.070330 -0.070330  0.070330, q=  0.000000 -0.250000  0.000000

                       Cu X   0        Cu Y   0        Cu Z   0     
                    --------------- --------------- ---------------
    0   3.1317 THz   0.0000  0.0000 -0.7064 -0.0306 -0.7064 -0.0306
    1   3.1317 THz   0.8165  0.0000  0.4082 -0.0000 -0.4082  0.0000
    2   6.5524 THz   0.5774  0.0000 -0.5774  0.0000  0.5774 -0.0000


 Q=  0.140661 -0.140661  0.000000, q=  0.000000 -0.250000  0.250000

                       Cu X   0        Cu Y   0        Cu Z   0     
                    --------------- --------------- ---------------
    0   4.2094 THz   0.7071  0.0000  0.7071 -0.0000 -0.0000  0.0000
    1   5.9329 THz   0.0000  0.0000  0.0000 -0.0000 -0.5448 -0.8386
    2   7.3235 THz   0.7071  0.0000 -0.7071  0.0000  0.0000 -0.0000


 Q= -0.140661  0.140661  0.140661, q=  0.000000  0.000000 -0.500000

                       Cu X   0        Cu Y   0        Cu Z   0     
                    --------------- --------------- ---------------
    0   4.2330 THz   0.0000  0.0000 -0.0000 -0.7071 -0.0000  0.7071
    1   4.2330 THz   0.8165  0.0000  0.4082 -0.0000  0.4082  0.0000
    2   8.3169 THz   0.5774  0.0000 -0.5774  0.0000 -0.5774 -0.0000


 Q= -0.070330  0.070330  0.070330, q=  0.000000  0.000000 -0.250000

                       Cu X   0        Cu Y   0        Cu Z   0     
                    --------------- --------------- ---------------
    0   3.1317 THz   0.8165  0.0000  0.4082  0.0000  0.4082 -0.0000
    1   3.1317 THz   0.0000  0.0000  0.6964  0.1228 -0.6964 -0.1228
    2   6.5524 THz   0.5774  0.0000 -0.5774 -0.0000 -0.5774  0.0000


 Q=  0.000000  0.000000  0.000000, q=  0.000000  0.000000  0.000000

                       Cu X   0        Cu Y   0        Cu Z   0     
                    --------------- --------------- ---------------
    0   0.0000 THz  -0.4210  0.0000  0.5594  0.0000  0.7140  0.0000
    1  -0.0000 THz  -0.0769  0.0000  0.7623  0.0000 -0.6426  0.0000
    2  -0.0000 THz   0.9038  0.0000  0.3254  0.0000  0.2779  0.0000


 Q=  0.070330 -0.070330 -0.070330, q=  0.000000  0.000000  0.250000

                       Cu X   0        Cu Y   0        Cu Z   0     
                    --------------- --------------- ---------------
    0   3.1317 THz   0.8165  0.0000  0.4082 -0.0000  0.4082  0.0000
    1   3.1317 THz   0.0000  0.0000  0.6964 -0.1228 -0.6964  0.1228
    2   6.5524 THz   0.5774  0.0000 -0.5774  0.0000 -0.5774 -0.0000


 Q= -0.210991  0.210991  0.070330, q=  0.000000  0.250000 -0.500000

                       Cu X   0        Cu Y   0        Cu Z   0     
                    --------------- --------------- ---------------
    0   5.1087 THz  -0.7071  0.0000 -0.7071  0.0000  0.0000 -0.0000
    1   5.8041 THz   0.5876  0.0000 -0.5876  0.0000  0.5563 -0.0000
    2   7.6785 THz  -0.3934  0.0000  0.3934  0.0000  0.8310 -0.0000


 Q= -0.140661  0.140661  0.000000, q=  0.000000  0.250000 -0.250000

                       Cu X   0        Cu Y   0        Cu Z   0     
                    --------------- --------------- ---------------
    0   4.2094 THz   0.7071  0.0000  0.7071  0.0000 -0.0000 -0.0000
    1   5.9329 THz   0.0000  0.0000  0.0000  0.0000 -0.5448  0.8386
    2   7.3235 THz   0.7071  0.0000 -0.7071 -0.0000  0.0000  0.0000


 Q= -0.070330  0.070330 -0.070330, q=  0.000000  0.250000  0.000000

                       Cu X   0        Cu Y   0        Cu Z   0     
                    --------------- --------------- ---------------
    0   3.1317 THz   0.0000  0.0000 -0.7064  0.0306 -0.7064  0.0306
    1   3.1317 THz   0.8165  0.0000  0.4082  0.0000 -0.4082 -0.0000
    2   6.5524 THz   0.5774  0.0000 -0.5774 -0.0000  0.5774  0.0000


 Q=  0.000000  0.000000 -0.140661, q=  0.000000  0.250000  0.250000

                       Cu X   0        Cu Y   0        Cu Z   0     
                    --------------- --------------- ---------------
    0   4.5299 THz   0.0000  0.0000  0.2576 -0.9663  0.0000  0.0000
    1   4.5299 THz   1.0000  0.0000  0.0000  0.0000  0.0000  0.0000
    2   6.3349 THz   0.0000  0.0000  0.0000  0.0000 -0.5409  0.8411


 Q= -0.070330 -0.070330  0.351652, q=  0.250000 -0.500000 -0.500000

                       Cu X   0        Cu Y   0        Cu Z   0     
                    --------------- --------------- ---------------
    0   5.1087 THz   0.7071  0.0000 -0.7071 -0.0000 -0.0000  0.0000
    1   5.8041 THz   0.5876  0.0000  0.5876  0.0000 -0.5563 -0.0000
    2   7.6785 THz   0.3934  0.0000  0.3934 -0.0000  0.8310 -0.0000


 Q=  0.000000 -0.140661  0.281322, q=  0.250000 -0.500000 -0.250000

                       Cu X   0        Cu Y   0        Cu Z   0     
                    --------------- --------------- ---------------
    0   5.8691 THz   0.0000  0.0000 -0.8227 -0.5685  0.0000  0.0000
    1   7.1165 THz   0.0000  0.0000 -0.0000 -0.0000 -0.9751 -0.2217
    2   7.1165 THz   1.0000  0.0000  0.0000  0.0000  0.0000  0.0000


 Q=  0.070330 -0.210991  0.210991, q=  0.250000 -0.500000  0.000000

                       Cu X   0        Cu Y   0        Cu Z   0     
                    --------------- --------------- ---------------
    0   5.1087 THz   0.0000  0.0000 -0.6779  0.2012 -0.6779  0.2012
    1   5.8041 THz  -0.5563  0.0000 -0.5876 -0.0000  0.5876  0.0000
    2   7.6785 THz   0.8310  0.0000 -0.3934 -0.0000  0.3934  0.0000


 Q=  0.140661 -0.281322  0.140661, q=  0.250000 -0.500000  0.250000

                       Cu X   0        Cu Y   0        Cu Z   0     
                    --------------- --------------- ---------------
    0   4.2094 THz  -0.7071  0.0000 -0.0000  0.0000  0.7071  0.0000
    1   5.9329 THz   0.0000  0.0000 -0.9843 -0.1765 -0.0000 -0.0000
    2   7.3235 THz   0.7071  0.0000 -0.0000  0.0000  0.7071  0.0000


 Q= -0.140661  0.000000  0.281322, q=  0.250000 -0.250000 -0.500000

                       Cu X   0        Cu Y   0        Cu Z   0     
                    --------------- --------------- ---------------
    0   5.8691 THz   1.0000  0.0000  0.0000  0.0000  0.0000  0.0000
    1   7.1165 THz   0.0000  0.0000 -0.5991  0.3773 -0.7034 -0.0633
    2   7.1165 THz   0.0000  0.0000  0.1334 -0.6935 -0.5281  0.4716


 Q= -0.070330 -0.070330  0.210991, q=  0.250000 -0.250000 -0.250000

                       Cu X   0        Cu Y   0        Cu Z   0     
                    --------------- --------------- ---------------
    0   5.1087 THz  -0.7071  0.0000  0.7071  0.0000 -0.0000  0.0000
    1   5.8041 THz   0.5876  0.0000  0.5876  0.0000  0.5563  0.0000
    2   7.6785 THz   0.3934  0.0000  0.3934 -0.0000 -0.8310  0.0000


 Q=  0.000000 -0.140661  0.140661, q=  0.250000 -0.250000  0.000000

                       Cu X   0        Cu Y   0        Cu Z   0     
                    --------------- --------------- ---------------
    0   4.2094 THz   0.0000  0.0000 -0.3506 -0.6140 -0.3506 -0.6140
    1   5.9329 THz   1.0000  0.0000  0.0000  0.0000  0.0000  0.0000
    2   7.3235 THz   0.0000  0.0000 -0.7006 -0.0953  0.7006  0.0953


 Q=  0.070330 -0.210991  0.070330, q=  0.250000 -0.250000  0.250000

                       Cu X   0        Cu Y   0        Cu Z   0     
                    --------------- --------------- ---------------
    0   5.1087 THz  -0.7071  0.0000  0.0000  0.0000  0.7071  0.0000
    1   5.8041 THz   0.5876  0.0000  0.5563  0.0000  0.5876  0.0000
    2   7.6785 THz  -0.3934  0.0000  0.8310  0.0000 -0.3934 -0.0000


 Q= -0.210991  0.070330  0.210991, q=  0.250000  0.000000 -0.500000

                       Cu X   0        Cu Y   0        Cu Z   0     
                    --------------- --------------- ---------------
    0   5.1087 THz   0.7071  0.0000 -0.0000  0.0000  0.7071  0.0000
    1   5.8041 THz   0.5876  0.0000  0.5563  0.0000 -0.5876 -0.0000
    2   7.6785 THz  -0.3934  0.0000  0.8310  0.0000  0.3934  0.0000


 Q= -0.140661  0.000000  0.140661, q=  0.250000  0.000000 -0.250000

                       Cu X   0        Cu Y   0        Cu Z   0     
                    --------------- --------------- ---------------
    0   4.2094 THz   0.7071  0.0000  0.0000  0.0000  0.7071 -0.0000
    1   5.9329 THz   0.0000  0.0000  0.9933 -0.1159  0.0000  0.0000
    2   7.3235 THz   0.7071  0.0000  0.0000 -0.0000 -0.7071  0.0000


 Q= -0.070330 -0.070330  0.070330, q=  0.250000  0.000000  0.000000

                       Cu X   0        Cu Y   0        Cu Z   0     
                    --------------- --------------- ---------------
    0   3.1317 THz   0.8165  0.0000 -0.4082 -0.0000  0.4082 -0.0000
    1   3.1317 THz   0.0000  0.0000 -0.7045 -0.0607 -0.7045 -0.0607
    2   6.5524 THz  -0.5774  0.0000 -0.5774 -0.0000  0.5774 -0.0000


 Q=  0.000000 -0.140661  0.000000, q=  0.250000  0.000000  0.250000

                       Cu X   0        Cu Y   0        Cu Z   0     
                    --------------- --------------- ---------------
    0   4.5299 THz   1.0000  0.0000  0.0000  0.0000  0.0000  0.0000
    1   4.5299 THz   0.0000  0.0000  0.0000  0.0000 -0.4201 -0.9075
    2   6.3349 THz   0.0000  0.0000 -0.9794 -0.2022 -0.0000  0.0000


 Q= -0.281322  0.140661  0.140661, q=  0.250000  0.250000 -0.500000

                       Cu X   0        Cu Y   0        Cu Z   0     
                    --------------- --------------- ---------------
    0   4.2094 THz   0.0000  0.0000  0.6141  0.3506 -0.6141 -0.3506
    1   5.9329 THz   1.0000  0.0000  0.0000  0.0000  0.0000  0.0000
    2   7.3235 THz   0.0000  0.0000 -0.7047  0.0578 -0.7047  0.0578


 Q= -0.210991  0.070330  0.070330, q=  0.250000  0.250000 -0.250000

                       Cu X   0        Cu Y   0        Cu Z   0     
                    --------------- --------------- ---------------
    0   5.1087 THz   0.0000  0.0000  0.7069  0.0180 -0.7069 -0.0180
    1   5.8041 THz  -0.5563  0.0000 -0.5876 -0.0000 -0.5876 -0.0000
    2   7.6785 THz   0.8310  0.0000 -0.3934 -0.0000 -0.3934 -0.0000


 Q= -0.140661  0.000000  0.000000, q=  0.250000  0.250000  0.000000

                       Cu X   0        Cu Y   0        Cu Z   0     
                    --------------- --------------- ---------------
    0   4.5299 THz   0.0000  0.0000 -0.2577 -0.7056 -0.5095 -0.4197
    1   4.5299 THz   0.0000  0.0000 -0.3749  0.5434  0.0543 -0.7492
    2   6.3349 THz   1.0000  0.0000  0.0000  0.0000  0.0000  0.0000


 Q= -0.070330 -0.070330 -0.070330, q=  0.250000  0.250000  0.250000

                       Cu X   0        Cu Y   0        Cu Z   0     
                    --------------- --------------- ---------------
    0   3.1317 THz   0.0000  0.0000 -0.0000  0.7071 -0.0000 -0.7071
    1   3.1317 THz   0.8165  0.0000 -0.4082 -0.0000 -0.4082  0.0000
    2   6.5524 THz  -0.5774  0.0000 -0.5774 -0.0000 -0.5774  0.0000
