
Used Primitive lattice vector

    0.000000000000      1.841812500000      1.841812500000  
    1.841812500000      0.000000000000      1.841812500000  
    1.841812500000      1.841812500000      0.000000000000  

   1 Atom(s) in the Primitive cell

 0.0000000000 0.0000000000 0.0000000000 Ni    0


 Q= -0.135736 -0.135736 -0.135736, q= -0.500000 -0.500000 -0.500000

                       Ni X   0        Ni Y   0        Ni Z   0     
                    --------------- --------------- ---------------
    0   3.8000 THz   0.0000  0.0000  0.7071 -0.0000 -0.7071  0.0000
    1   3.8000 THz   0.8165  0.0000 -0.4082 -0.0000 -0.4082 -0.0000
    2   6.3531 THz  -0.5774  0.0000 -0.5774 -0.0000 -0.5774 -0.0000


 Q=  0.000000  0.000000 -0.271472, q= -0.500000 -0.500000  0.000000

                       Ni X   0        Ni Y   0        Ni Z   0     
                    --------------- --------------- ---------------
    0   4.9881 THz   1.0000  0.0000  0.0000  0.0000  0.0000  0.0000
    1   4.9881 THz   0.0000  0.0000  1.0000  0.0000  0.0000 -0.0000
    2   6.2475 THz   0.0000  0.0000  0.0000  0.0000 -1.0000 -0.0000


 Q=  0.000000 -0.271472  0.000000, q= -0.500000  0.000000 -0.500000

                       Ni X   0        Ni Y   0        Ni Z   0     
                    --------------- --------------- ---------------
    0   4.9881 THz   0.0000  0.0000  0.0000  0.0000 -1.0000  0.0000
    1   4.9881 THz   1.0000  0.0000  0.0000  0.0000  0.0000  0.0000
    2   6.2475 THz   0.0000  0.0000 -1.0000 -0.0000 -0.0000  0.0000


 Q=  0.135736 -0.135736 -0.135736, q= -0.500000  0.000000  0.000000

                       Ni X   0        Ni Y   0        Ni Z   0     
                    --------------- --------------- ---------------
    0   3.8000 THz   0.0000  0.0000 -0.0000  0.7071 -0.0000 -0.7071
    1   3.8000 THz   0.8165  0.0000  0.4082  0.0000  0.4082 -0.0000
    2   6.3531 THz   0.5774  0.0000 -0.5774 -0.0000 -0.5774  0.0000


 Q= -0.271472  0.000000  0.000000, q=  0.000000 -0.500000 -0.500000

                       Ni X   0        Ni Y   0        Ni Z   0     
                    --------------- --------------- ---------------
    0   4.9881 THz   0.0000  0.0000 -0.7123 -0.0000 -0.7019 -0.0000
    1   4.9881 THz   0.0000  0.0000  0.7019 -0.0000 -0.7123 -0.0000
    2   6.2475 THz   1.0000  0.0000  0.0000  0.0000  0.0000  0.0000


 Q= -0.135736  0.135736 -0.135736, q=  0.000000 -0.500000  0.000000

                       Ni X   0        Ni Y   0        Ni Z   0     
                    --------------- --------------- ---------------
    0   3.8000 THz   0.8165  0.0000  0.4082 -0.0000 -0.4082 -0.0000
    1   3.8000 THz   0.0000  0.0000 -0.0000 -0.7071  0.0000 -0.7071
    2   6.3531 THz   0.5774  0.0000 -0.5774  0.0000  0.5774  0.0000


 Q= -0.135736 -0.135736  0.135736, q=  0.000000  0.000000 -0.500000

                       Ni X   0        Ni Y   0        Ni Z   0     
                    --------------- --------------- ---------------
    0   3.8000 THz   0.0000  0.0000 -0.7071 -0.0000 -0.7071 -0.0000
    1   3.8000 THz   0.8165  0.0000 -0.4082  0.0000  0.4082  0.0000
    2   6.3531 THz  -0.5774  0.0000 -0.5774  0.0000  0.5774  0.0000


 Q=  0.000000  0.000000  0.000000, q=  0.000000  0.000000  0.000000

                       Ni X   0        Ni Y   0        Ni Z   0     
                    --------------- --------------- ---------------
    0  -0.0000 THz  -0.3880  0.0000  0.0129  0.0000 -0.9216  0.0000
    1  -0.0000 THz   0.9184  0.0000 -0.0780  0.0000 -0.3878  0.0000
    2   0.0000 THz   0.0769  0.0000  0.9969  0.0000 -0.0184  0.0000
