
Used Primitive lattice vector

    0.000000000000      1.729633000000      1.729633000000  
    1.729633000000      0.000000000000      1.729633000000  
    1.729633000000      1.729633000000      0.000000000000  

   1 Atom(s) in the Primitive cell

 0.0000000000 0.0000000000 0.0000000000 Ni    0


 Q= -0.144539 -0.144539 -0.144539, q= -0.500000 -0.500000 -0.500000

                       Ni X   0        Ni Y   0        Ni Z   0     
                    --------------- --------------- ---------------
    0   4.4779 THz   0.8165  0.0000 -0.4082 -0.0000 -0.4082  0.0000
    1   4.4779 THz   0.0000  0.0000  0.7071 -0.0000 -0.7071  0.0000
    2   9.2219 THz  -0.5774  0.0000 -0.5774 -0.0000 -0.5774  0.0000


 Q= -0.072270 -0.072270 -0.216809, q= -0.500000 -0.500000 -0.250000

                       Ni X   0        Ni Y   0        Ni Z   0     
                    --------------- --------------- ---------------
    0   5.7760 THz   0.7071  0.0000 -0.7071  0.0000 -0.0000 -0.0000
    1   6.3036 THz   0.5813  0.0000  0.5813 -0.0000 -0.5694 -0.0000
    2   8.6631 THz   0.4026  0.0000  0.4026  0.0000  0.8221  0.0000


 Q=  0.000000  0.000000 -0.289079, q= -0.500000 -0.500000  0.000000

                       Ni X   0        Ni Y   0        Ni Z   0     
                    --------------- --------------- ---------------
    0   6.8103 THz   1.0000  0.0000  0.0000  0.0000  0.0000  0.0000
    1   6.8103 THz   0.0000  0.0000 -1.0000 -0.0000  0.0000  0.0000
    2   9.0305 THz   0.0000  0.0000 -0.0000  0.0000 -1.0000  0.0000


 Q=  0.072270  0.072270 -0.361348, q= -0.500000 -0.500000  0.250000

                       Ni X   0        Ni Y   0        Ni Z   0     
                    --------------- --------------- ---------------
    0   5.7760 THz   0.7071  0.0000 -0.7071  0.0000 -0.0000 -0.0000
    1   6.3036 THz   0.5813  0.0000  0.5813 -0.0000 -0.5694  0.0000
    2   8.6631 THz   0.4026  0.0000  0.4026 -0.0000  0.8221 -0.0000


 Q= -0.072270 -0.216809 -0.072270, q= -0.500000 -0.250000 -0.500000

                       Ni X   0        Ni Y   0        Ni Z   0     
                    --------------- --------------- ---------------
    0   5.7760 THz  -0.7071  0.0000 -0.0000 -0.0000  0.7071  0.0000
    1   6.3036 THz   0.5813  0.0000 -0.5694 -0.0000  0.5813  0.0000
    2   8.6631 THz   0.4026  0.0000  0.8221  0.0000  0.4026  0.0000


 Q=  0.000000 -0.144539 -0.144539, q= -0.500000 -0.250000 -0.250000

                       Ni X   0        Ni Y   0        Ni Z   0     
                    --------------- --------------- ---------------
    0   4.2718 THz   0.0000  0.0000 -0.5104 -0.4894  0.5104  0.4894
    1   6.3928 THz   1.0000  0.0000  0.0000  0.0000  0.0000  0.0000
    2   8.2477 THz   0.0000  0.0000 -0.5526  0.4412 -0.5526  0.4412


 Q=  0.072270 -0.072270 -0.216809, q= -0.500000 -0.250000  0.000000

                       Ni X   0        Ni Y   0        Ni Z   0     
                    --------------- --------------- ---------------
    0   5.7760 THz  -0.7071  0.0000 -0.7071 -0.0000 -0.0000  0.0000
    1   6.3036 THz   0.5813  0.0000 -0.5813 -0.0000  0.5694  0.0000
    2   8.6631 THz  -0.4026  0.0000  0.4026  0.0000  0.8221  0.0000


 Q=  0.144539  0.000000 -0.289079, q= -0.500000 -0.250000  0.250000

                       Ni X   0        Ni Y   0        Ni Z   0     
                    --------------- --------------- ---------------
    0   6.2870 THz   1.0000  0.0000  0.0000  0.0000  0.0000  0.0000
    1   7.8752 THz   0.0000  0.0000 -0.4533 -0.5095  0.6996  0.2133
    2   7.8752 THz   0.0000  0.0000 -0.7170  0.1440 -0.5009  0.4629


 Q=  0.000000 -0.289079  0.000000, q= -0.500000  0.000000 -0.500000

                       Ni X   0        Ni Y   0        Ni Z   0     
                    --------------- --------------- ---------------
    0   6.8103 THz   0.0000  0.0000  0.0000 -0.0000 -1.0000  0.0000
    1   6.8103 THz   1.0000  0.0000  0.0000  0.0000  0.0000  0.0000
    2   9.0305 THz   0.0000  0.0000  1.0000 -0.0000  0.0000  0.0000


 Q=  0.072270 -0.216809 -0.072270, q= -0.500000  0.000000 -0.250000

                       Ni X   0        Ni Y   0        Ni Z   0     
                    --------------- --------------- ---------------
    0   5.7760 THz   0.7071  0.0000 -0.0000 -0.0000  0.7071  0.0000
    1   6.3036 THz   0.5813  0.0000  0.5694  0.0000 -0.5813 -0.0000
    2   8.6631 THz  -0.4026  0.0000  0.8221 -0.0000  0.4026  0.0000


 Q=  0.144539 -0.144539 -0.144539, q= -0.500000  0.000000  0.000000

                       Ni X   0        Ni Y   0        Ni Z   0     
                    --------------- --------------- ---------------
    0   4.4779 THz   0.8165  0.0000  0.4082 -0.0000  0.4082 -0.0000
    1   4.4779 THz   0.0000  0.0000  0.7071 -0.0000 -0.7071  0.0000
    2   9.2219 THz   0.5774  0.0000 -0.5774  0.0000 -0.5774  0.0000


 Q=  0.216809 -0.072270 -0.216809, q= -0.500000  0.000000  0.250000

                       Ni X   0        Ni Y   0        Ni Z   0     
                    --------------- --------------- ---------------
    0   5.7760 THz   0.7071  0.0000  0.0000  0.0000  0.7071 -0.0000
    1   6.3036 THz   0.5813  0.0000  0.5694  0.0000 -0.5813  0.0000
    2   8.6631 THz  -0.4026  0.0000  0.8221  0.0000  0.4026 -0.0000


 Q=  0.072270 -0.361348  0.072270, q= -0.500000  0.250000 -0.500000

                       Ni X   0        Ni Y   0        Ni Z   0     
                    --------------- --------------- ---------------
    0   5.7760 THz  -0.7071  0.0000 -0.0000  0.0000  0.7071 -0.0000
    1   6.3036 THz   0.5813  0.0000 -0.5694 -0.0000  0.5813 -0.0000
    2   8.6631 THz   0.4026  0.0000  0.8221  0.0000  0.4026 -0.0000


 Q=  0.144539 -0.289079  0.000000, q= -0.500000  0.250000 -0.250000

                       Ni X   0        Ni Y   0        Ni Z   0     
                    --------------- --------------- ---------------
    0   6.2870 THz   1.0000  0.0000  0.0000  0.0000  0.0000  0.0000
    1   7.8752 THz   0.0000  0.0000  0.1419  0.1150 -0.8272 -0.5314
    2   7.8752 THz   0.0000  0.0000 -0.7993 -0.5725 -0.1592 -0.0894


 Q=  0.216809 -0.216809 -0.072270, q= -0.500000  0.250000  0.000000

                       Ni X   0        Ni Y   0        Ni Z   0     
                    --------------- --------------- ---------------
    0   5.7760 THz  -0.7071  0.0000 -0.7071  0.0000 -0.0000 -0.0000
    1   6.3036 THz   0.5813  0.0000 -0.5813  0.0000  0.5694 -0.0000
    2   8.6631 THz  -0.4026  0.0000  0.4026  0.0000  0.8221 -0.0000


 Q=  0.289079 -0.144539 -0.144539, q= -0.500000  0.250000  0.250000

                       Ni X   0        Ni Y   0        Ni Z   0     
                    --------------- --------------- ---------------
    0   4.2718 THz   0.0000  0.0000  0.2985 -0.6410 -0.2985  0.6410
    1   6.3928 THz   1.0000  0.0000  0.0000  0.0000  0.0000  0.0000
    2   8.2477 THz   0.0000  0.0000 -0.7071  0.0068 -0.7071  0.0068


 Q= -0.216809 -0.072270 -0.072270, q= -0.250000 -0.500000 -0.500000

                       Ni X   0        Ni Y   0        Ni Z   0     
                    --------------- --------------- ---------------
    0   5.7760 THz   0.0000  0.0000  0.7067 -0.0233 -0.7067  0.0233
    1   6.3036 THz   0.5694  0.0000 -0.5813 -0.0000 -0.5813 -0.0000
    2   8.6631 THz   0.8221  0.0000  0.4026  0.0000  0.4026  0.0000


 Q= -0.144539  0.000000 -0.144539, q= -0.250000 -0.500000 -0.250000

                       Ni X   0        Ni Y   0        Ni Z   0     
                    --------------- --------------- ---------------
    0   4.2718 THz   0.7071  0.0000  0.0000  0.0000 -0.7071  0.0000
    1   6.3928 THz   0.0000  0.0000 -0.1324  0.9912  0.0000  0.0000
    2   8.2477 THz   0.7071  0.0000  0.0000 -0.0000  0.7071 -0.0000


 Q= -0.072270  0.072270 -0.216809, q= -0.250000 -0.500000  0.000000

                       Ni X   0        Ni Y   0        Ni Z   0     
                    --------------- --------------- ---------------
    0   5.7760 THz   0.7071  0.0000  0.7071  0.0000 -0.0000 -0.0000
    1   6.3036 THz   0.5813  0.0000 -0.5813 -0.0000 -0.5694 -0.0000
    2   8.6631 THz  -0.4026  0.0000  0.4026  0.0000 -0.8221 -0.0000


 Q=  0.000000  0.144539 -0.289079, q= -0.250000 -0.500000  0.250000

                       Ni X   0        Ni Y   0        Ni Z   0     
                    --------------- --------------- ---------------
    0   6.2870 THz   0.0000  0.0000 -0.7786 -0.6275 -0.0000 -0.0000
    1   7.8752 THz   0.0000  0.0000  0.0000  0.0000 -0.8733  0.4871
    2   7.8752 THz   1.0000  0.0000  0.0000  0.0000  0.0000  0.0000


 Q= -0.144539 -0.144539  0.000000, q= -0.250000 -0.250000 -0.500000

                       Ni X   0        Ni Y   0        Ni Z   0     
                    --------------- --------------- ---------------
    0   4.2718 THz   0.7071  0.0000 -0.7071 -0.0000  0.0000  0.0000
    1   6.3928 THz   0.0000  0.0000 -0.0000  0.0000 -0.5286 -0.8488
    2   8.2477 THz  -0.7071  0.0000 -0.7071 -0.0000  0.0000  0.0000


 Q= -0.072270 -0.072270 -0.072270, q= -0.250000 -0.250000 -0.250000

                       Ni X   0        Ni Y   0        Ni Z   0     
                    --------------- --------------- ---------------
    0   2.6094 THz   0.4340  0.0000  0.3767 -0.0788 -0.8107  0.0788
    1   2.6094 THz   0.6916  0.0000 -0.7184  0.0494  0.0268 -0.0494
    2   7.3607 THz   0.5774  0.0000  0.5774 -0.0000  0.5774 -0.0000


 Q=  0.000000  0.000000 -0.144539, q= -0.250000 -0.250000  0.000000

                       Ni X   0        Ni Y   0        Ni Z   0     
                    --------------- --------------- ---------------
    0   4.6032 THz   1.0000  0.0000  0.0000  0.0000  0.0000  0.0000
    1   4.6032 THz   0.0000  0.0000 -1.0000 -0.0016  0.0000  0.0000
    2   6.3964 THz   0.0000  0.0000  0.0000  0.0000 -0.8203  0.5719


 Q=  0.072270  0.072270 -0.216809, q= -0.250000 -0.250000  0.250000

                       Ni X   0        Ni Y   0        Ni Z   0     
                    --------------- --------------- ---------------
    0   5.7760 THz  -0.7071  0.0000  0.7071 -0.0000  0.0000  0.0000
    1   6.3036 THz   0.5813  0.0000  0.5813 -0.0000  0.5694  0.0000
    2   8.6631 THz   0.4026  0.0000  0.4026 -0.0000 -0.8221 -0.0000


 Q= -0.072270 -0.216809  0.072270, q= -0.250000  0.000000 -0.500000

                       Ni X   0        Ni Y   0        Ni Z   0     
                    --------------- --------------- ---------------
    0   5.7760 THz   0.7071  0.0000  0.0000  0.0000  0.7071  0.0000
    1   6.3036 THz   0.5813  0.0000 -0.5694  0.0000 -0.5813 -0.0000
    2   8.6631 THz   0.4026  0.0000  0.8221 -0.0000 -0.4026 -0.0000


 Q=  0.000000 -0.144539  0.000000, q= -0.250000  0.000000 -0.250000

                       Ni X   0        Ni Y   0        Ni Z   0     
                    --------------- --------------- ---------------
    0   4.6032 THz   1.0000  0.0000  0.0000  0.0000  0.0000  0.0000
    1   4.6032 THz   0.0000  0.0000  0.0000 -0.0000  0.9708 -0.2398
    2   6.3964 THz   0.0000  0.0000 -0.4266 -0.9045  0.0000  0.0000


 Q=  0.072270 -0.072270 -0.072270, q= -0.250000  0.000000  0.000000

                       Ni X   0        Ni Y   0        Ni Z   0     
                    --------------- --------------- ---------------
    0   2.6094 THz   0.7237  0.0000  0.0387  0.0523  0.6851 -0.0523
    1   2.6094 THz   0.3780  0.0000  0.8077 -0.1001 -0.4297  0.1001
    2   7.3607 THz  -0.5774 -0.0000  0.5774  0.0000  0.5774 -0.0000


 Q=  0.144539  0.000000 -0.144539, q= -0.250000  0.000000  0.250000

                       Ni X   0        Ni Y   0        Ni Z   0     
                    --------------- --------------- ---------------
    0   4.2718 THz  -0.7071  0.0000  0.0000  0.0000 -0.7071  0.0000
    1   6.3928 THz   0.0000  0.0000  0.9971 -0.0767  0.0000 -0.0000
    2   8.2477 THz   0.7071  0.0000  0.0000  0.0000 -0.7071  0.0000


 Q=  0.000000 -0.289079  0.144539, q= -0.250000  0.250000 -0.500000

                       Ni X   0        Ni Y   0        Ni Z   0     
                    --------------- --------------- ---------------
    0   6.2870 THz   0.0000  0.0000  0.0000  0.0000 -0.7792  0.6268
    1   7.8752 THz   1.0000  0.0000  0.0000  0.0000  0.0000  0.0000
    2   7.8752 THz   0.0000  0.0000 -0.8578 -0.5140 -0.0000  0.0000


 Q=  0.072270 -0.216809  0.072270, q= -0.250000  0.250000 -0.250000

                       Ni X   0        Ni Y   0        Ni Z   0     
                    --------------- --------------- ---------------
    0   5.7760 THz  -0.7071  0.0000  0.0000  0.0000  0.7071  0.0000
    1   6.3036 THz   0.5813  0.0000  0.5694  0.0000  0.5813  0.0000
    2   8.6631 THz  -0.4026  0.0000  0.8221  0.0000 -0.4026  0.0000


 Q=  0.144539 -0.144539  0.000000, q= -0.250000  0.250000  0.000000

                       Ni X   0        Ni Y   0        Ni Z   0     
                    --------------- --------------- ---------------
    0   4.2718 THz   0.7071  0.0000  0.7071 -0.0000 -0.0000 -0.0000
    1   6.3928 THz   0.0000  0.0000 -0.0000  0.0000 -0.2607  0.9654
    2   8.2477 THz   0.7071  0.0000 -0.7071  0.0000  0.0000  0.0000


 Q=  0.216809 -0.072270 -0.072270, q= -0.250000  0.250000  0.250000

                       Ni X   0        Ni Y   0        Ni Z   0     
                    --------------- --------------- ---------------
    0   5.7760 THz   0.0000  0.0000  0.7066 -0.0278 -0.7066  0.0278
    1   6.3036 THz  -0.5694  0.0000 -0.5813 -0.0000 -0.5813  0.0000
    2   8.6631 THz   0.8221  0.0000 -0.4026 -0.0000 -0.4026  0.0000


 Q= -0.289079  0.000000  0.000000, q=  0.000000 -0.500000 -0.500000

                       Ni X   0        Ni Y   0        Ni Z   0     
                    --------------- --------------- ---------------
    0   6.8103 THz   0.0000  0.0000 -0.2435  0.0000  0.9699 -0.0000
    1   6.8103 THz   0.0000  0.0000 -0.9699  0.0000 -0.2435  0.0000
    2   9.0305 THz   1.0000  0.0000  0.0000  0.0000  0.0000  0.0000


 Q= -0.216809  0.072270 -0.072270, q=  0.000000 -0.500000 -0.250000

                       Ni X   0        Ni Y   0        Ni Z   0     
                    --------------- --------------- ---------------
    0   5.7760 THz   0.0000  0.0000 -0.7069  0.0182 -0.7069  0.0182
    1   6.3036 THz  -0.5694  0.0000 -0.5813 -0.0000  0.5813  0.0000
    2   8.6631 THz   0.8221  0.0000 -0.4026 -0.0000  0.4026  0.0000


 Q= -0.144539  0.144539 -0.144539, q=  0.000000 -0.500000  0.000000

                       Ni X   0        Ni Y   0        Ni Z   0     
                    --------------- --------------- ---------------
    0   4.4779 THz   0.8165  0.0000  0.4082 -0.0000 -0.4082  0.0000
    1   4.4779 THz   0.0000  0.0000 -0.7071  0.0000 -0.7071  0.0000
    2   9.2219 THz   0.5774  0.0000 -0.5774  0.0000  0.5774 -0.0000


 Q= -0.072270  0.216809 -0.216809, q=  0.000000 -0.500000  0.250000

                       Ni X   0        Ni Y   0        Ni Z   0     
                    --------------- --------------- ---------------
    0   5.7760 THz   0.0000  0.0000 -0.7058  0.0423 -0.7058  0.0423
    1   6.3036 THz  -0.5694  0.0000 -0.5813 -0.0000  0.5813 -0.0000
    2   8.6631 THz   0.8221  0.0000 -0.4026 -0.0000  0.4026 -0.0000


 Q= -0.216809 -0.072270  0.072270, q=  0.000000 -0.250000 -0.500000

                       Ni X   0        Ni Y   0        Ni Z   0     
                    --------------- --------------- ---------------
    0   5.7760 THz   0.0000  0.0000 -0.7071  0.0056 -0.7071  0.0056
    1   6.3036 THz   0.5694  0.0000 -0.5813  0.0000  0.5813 -0.0000
    2   8.6631 THz   0.8221  0.0000  0.4026 -0.0000 -0.4026  0.0000


 Q= -0.144539  0.000000  0.000000, q=  0.000000 -0.250000 -0.250000

                       Ni X   0        Ni Y   0        Ni Z   0     
                    --------------- --------------- ---------------
    0   4.6032 THz   0.0000  0.0000 -0.0617 -0.0209 -0.0314  0.9974
    1   4.6032 THz   0.0000  0.0000 -0.9021 -0.4267  0.0096 -0.0645
    2   6.3964 THz   1.0000  0.0000  0.0000  0.0000  0.0000  0.0000


 Q= -0.072270  0.072270 -0.072270, q=  0.000000 -0.250000  0.000000

                       Ni X   0        Ni Y   0        Ni Z   0     
                    --------------- --------------- ---------------
    0   2.6094 THz   0.7255  0.0000  0.0471 -0.0750 -0.6784 -0.0750
    1   2.6094 THz  -0.3747  0.0000 -0.7986 -0.1451 -0.4240 -0.1451
    2   7.3607 THz  -0.5774 -0.0000  0.5774 -0.0000 -0.5774  0.0000


 Q=  0.000000  0.144539 -0.144539, q=  0.000000 -0.250000  0.250000

                       Ni X   0        Ni Y   0        Ni Z   0     
                    --------------- --------------- ---------------
    0   4.2718 THz   0.0000  0.0000 -0.6738 -0.2144 -0.6738 -0.2144
    1   6.3928 THz   1.0000  0.0000  0.0000  0.0000  0.0000  0.0000
    2   8.2477 THz   0.0000  0.0000  0.1308  0.6949 -0.1308 -0.6949


 Q= -0.144539 -0.144539  0.144539, q=  0.000000  0.000000 -0.500000

                       Ni X   0        Ni Y   0        Ni Z   0     
                    --------------- --------------- ---------------
    0   4.4779 THz   0.8165  0.0000 -0.4082  0.0000  0.4082  0.0000
    1   4.4779 THz   0.0000  0.0000 -0.7071 -0.0000 -0.7071 -0.0000
    2   9.2219 THz  -0.5774  0.0000 -0.5774  0.0000  0.5774  0.0000


 Q= -0.072270 -0.072270  0.072270, q=  0.000000  0.000000 -0.250000

                       Ni X   0        Ni Y   0        Ni Z   0     
                    --------------- --------------- ---------------
    0   2.6094 THz   0.6876  0.0000  0.0374 -0.0103  0.7250 -0.0103
    1   2.6094 THz   0.4404  0.0000 -0.8154  0.0161 -0.3751  0.0161
    2   7.3607 THz   0.5774  0.0000  0.5774 -0.0000 -0.5774 -0.0000


 Q=  0.000000  0.000000  0.000000, q=  0.000000  0.000000  0.000000

                       Ni X   0        Ni Y   0        Ni Z   0     
                    --------------- --------------- ---------------
    0   0.0000 THz  -0.9554  0.0000 -0.2949  0.0000  0.0136  0.0000
    1   0.0000 THz   0.2952  0.0000 -0.9549  0.0000  0.0306  0.0000
    2  -0.0000 THz  -0.0039  0.0000 -0.0333  0.0000 -0.9994  0.0000


 Q=  0.072270  0.072270 -0.072270, q=  0.000000  0.000000  0.250000

                       Ni X   0        Ni Y   0        Ni Z   0     
                    --------------- --------------- ---------------
    0   2.6094 THz   0.6876  0.0000  0.0374  0.0103  0.7250  0.0103
    1   2.6094 THz   0.4404  0.0000 -0.8154 -0.0161 -0.3751 -0.0161
    2   7.3607 THz   0.5774  0.0000  0.5774  0.0000 -0.5774  0.0000


 Q= -0.072270 -0.216809  0.216809, q=  0.000000  0.250000 -0.500000

                       Ni X   0        Ni Y   0        Ni Z   0     
                    --------------- --------------- ---------------
    0   5.7760 THz   0.0000  0.0000 -0.7058  0.0431 -0.7058  0.0431
    1   6.3036 THz   0.5694  0.0000 -0.5813  0.0000  0.5813  0.0000
    2   8.6631 THz   0.8221  0.0000  0.4026 -0.0000 -0.4026 -0.0000


 Q=  0.000000 -0.144539  0.144539, q=  0.000000  0.250000 -0.250000

                       Ni X   0        Ni Y   0        Ni Z   0     
                    --------------- --------------- ---------------
    0   4.2718 THz   0.0000  0.0000 -0.6738  0.2144 -0.6738  0.2144
    1   6.3928 THz   1.0000  0.0000  0.0000  0.0000  0.0000  0.0000
    2   8.2477 THz   0.0000  0.0000  0.1308 -0.6949 -0.1308  0.6949


 Q=  0.072270 -0.072270  0.072270, q=  0.000000  0.250000  0.000000

                       Ni X   0        Ni Y   0        Ni Z   0     
                    --------------- --------------- ---------------
    0   2.6094 THz   0.7255  0.0000  0.0471  0.0750 -0.6784  0.0750
    1   2.6094 THz  -0.3747  0.0000 -0.7986  0.1451 -0.4240  0.1451
    2   7.3607 THz  -0.5774 -0.0000  0.5774  0.0000 -0.5774 -0.0000


 Q=  0.144539  0.000000  0.000000, q=  0.000000  0.250000  0.250000

                       Ni X   0        Ni Y   0        Ni Z   0     
                    --------------- --------------- ---------------
    0   4.6032 THz   0.0000  0.0000 -0.0617  0.0209 -0.0314 -0.9974
    1   4.6032 THz   0.0000  0.0000 -0.9021  0.4267  0.0096  0.0645
    2   6.3964 THz   1.0000  0.0000  0.0000  0.0000  0.0000  0.0000


 Q= -0.361348  0.072270  0.072270, q=  0.250000 -0.500000 -0.500000

                       Ni X   0        Ni Y   0        Ni Z   0     
                    --------------- --------------- ---------------
    0   5.7760 THz   0.0000  0.0000  0.7067  0.0233 -0.7067 -0.0233
    1   6.3036 THz   0.5694  0.0000 -0.5813  0.0000 -0.5813  0.0000
    2   8.6631 THz   0.8221  0.0000  0.4026 -0.0000  0.4026 -0.0000


 Q= -0.289079  0.144539  0.000000, q=  0.250000 -0.500000 -0.250000

                       Ni X   0        Ni Y   0        Ni Z   0     
                    --------------- --------------- ---------------
    0   6.2870 THz   0.0000  0.0000 -0.9850  0.1728  0.0000  0.0000
    1   7.8752 THz   1.0000  0.0000  0.0000  0.0000  0.0000  0.0000
    2   7.8752 THz   0.0000  0.0000 -0.0000  0.0000 -0.9852 -0.1717


 Q= -0.216809  0.216809 -0.072270, q=  0.250000 -0.500000  0.000000

                       Ni X   0        Ni Y   0        Ni Z   0     
                    --------------- --------------- ---------------
    0   5.7760 THz   0.7071  0.0000  0.7071 -0.0000 -0.0000  0.0000
    1   6.3036 THz   0.5813  0.0000 -0.5813  0.0000 -0.5694  0.0000
    2   8.6631 THz  -0.4026  0.0000  0.4026 -0.0000 -0.8221  0.0000


 Q= -0.144539  0.289079 -0.144539, q=  0.250000 -0.500000  0.250000

                       Ni X   0        Ni Y   0        Ni Z   0     
                    --------------- --------------- ---------------
    0   4.2718 THz   0.7071  0.0000  0.0000 -0.0000 -0.7071 -0.0000
    1   6.3928 THz   0.0000  0.0000 -0.9215 -0.3883  0.0000 -0.0000
    2   8.2477 THz   0.7071  0.0000 -0.0000  0.0000  0.7071  0.0000


 Q= -0.289079  0.000000  0.144539, q=  0.250000 -0.250000 -0.500000

                       Ni X   0        Ni Y   0        Ni Z   0     
                    --------------- --------------- ---------------
    0   6.2870 THz   0.0000  0.0000  0.0000  0.0000 -0.9994 -0.0352
    1   7.8752 THz   1.0000  0.0000  0.0000  0.0000  0.0000  0.0000
    2   7.8752 THz   0.0000  0.0000  0.9460 -0.3242  0.0000 -0.0000


 Q= -0.216809  0.072270  0.072270, q=  0.250000 -0.250000 -0.250000

                       Ni X   0        Ni Y   0        Ni Z   0     
                    --------------- --------------- ---------------
    0   5.7760 THz   0.0000  0.0000  0.7066  0.0278 -0.7066 -0.0278
    1   6.3036 THz  -0.5694  0.0000 -0.5813  0.0000 -0.5813 -0.0000
    2   8.6631 THz   0.8221  0.0000 -0.4026  0.0000 -0.4026 -0.0000


 Q= -0.144539  0.144539  0.000000, q=  0.250000 -0.250000  0.000000

                       Ni X   0        Ni Y   0        Ni Z   0     
                    --------------- --------------- ---------------
    0   4.2718 THz   0.7071  0.0000  0.7071  0.0000 -0.0000  0.0000
    1   6.3928 THz   0.0000  0.0000 -0.0000 -0.0000 -0.2607 -0.9654
    2   8.2477 THz   0.7071  0.0000 -0.7071 -0.0000  0.0000 -0.0000


 Q= -0.072270  0.216809 -0.072270, q=  0.250000 -0.250000  0.250000

                       Ni X   0        Ni Y   0        Ni Z   0     
                    --------------- --------------- ---------------
    0   5.7760 THz  -0.7071  0.0000  0.0000 -0.0000  0.7071 -0.0000
    1   6.3036 THz   0.5813  0.0000  0.5694 -0.0000  0.5813 -0.0000
    2   8.6631 THz  -0.4026  0.0000  0.8221 -0.0000 -0.4026 -0.0000


 Q= -0.216809 -0.072270  0.216809, q=  0.250000  0.000000 -0.500000

                       Ni X   0        Ni Y   0        Ni Z   0     
                    --------------- --------------- ---------------
    0   5.7760 THz   0.7071  0.0000 -0.0000 -0.0000  0.7071 -0.0000
    1   6.3036 THz   0.5813  0.0000 -0.5694 -0.0000 -0.5813  0.0000
    2   8.6631 THz   0.4026  0.0000  0.8221  0.0000 -0.4026  0.0000


 Q= -0.144539  0.000000  0.144539, q=  0.250000  0.000000 -0.250000

                       Ni X   0        Ni Y   0        Ni Z   0     
                    --------------- --------------- ---------------
    0   4.2718 THz  -0.7071  0.0000  0.0000 -0.0000 -0.7071 -0.0000
    1   6.3928 THz   0.0000  0.0000  0.9971  0.0767  0.0000  0.0000
    2   8.2477 THz   0.7071  0.0000  0.0000 -0.0000 -0.7071 -0.0000


 Q= -0.072270  0.072270  0.072270, q=  0.250000  0.000000  0.000000

                       Ni X   0        Ni Y   0        Ni Z   0     
                    --------------- --------------- ---------------
    0   2.6094 THz   0.7237  0.0000  0.0387 -0.0523  0.6851  0.0523
    1   2.6094 THz   0.3780  0.0000  0.8077  0.1001 -0.4297 -0.1001
    2   7.3607 THz  -0.5774 -0.0000  0.5774 -0.0000  0.5774  0.0000


 Q=  0.000000  0.144539  0.000000, q=  0.250000  0.000000  0.250000

                       Ni X   0        Ni Y   0        Ni Z   0     
                    --------------- --------------- ---------------
    0   4.6032 THz   1.0000  0.0000  0.0000  0.0000  0.0000  0.0000
    1   4.6032 THz   0.0000  0.0000  0.0000  0.0000  0.9708  0.2398
    2   6.3964 THz   0.0000  0.0000 -0.4266  0.9045  0.0000 -0.0000


 Q= -0.144539 -0.144539  0.289079, q=  0.250000  0.250000 -0.500000

                       Ni X   0        Ni Y   0        Ni Z   0     
                    --------------- --------------- ---------------
    0   4.2718 THz   0.7071  0.0000 -0.7071  0.0000  0.0000  0.0000
    1   6.3928 THz   0.0000  0.0000 -0.0000  0.0000 -0.9987 -0.0503
    2   8.2477 THz  -0.7071  0.0000 -0.7071  0.0000  0.0000  0.0000


 Q= -0.072270 -0.072270  0.216809, q=  0.250000  0.250000 -0.250000

                       Ni X   0        Ni Y   0        Ni Z   0     
                    --------------- --------------- ---------------
    0   5.7760 THz  -0.7071  0.0000  0.7071  0.0000  0.0000 -0.0000
    1   6.3036 THz   0.5813  0.0000  0.5813  0.0000  0.5694 -0.0000
    2   8.6631 THz   0.4026  0.0000  0.4026  0.0000 -0.8221  0.0000


 Q=  0.000000  0.000000  0.144539, q=  0.250000  0.250000  0.000000

                       Ni X   0        Ni Y   0        Ni Z   0     
                    --------------- --------------- ---------------
    0   4.6032 THz   1.0000  0.0000  0.0000  0.0000  0.0000  0.0000
    1   4.6032 THz   0.0000  0.0000 -1.0000  0.0016  0.0000 -0.0000
    2   6.3964 THz   0.0000  0.0000  0.0000 -0.0000 -0.8203 -0.5719


 Q=  0.072270  0.072270  0.072270, q=  0.250000  0.250000  0.250000

                       Ni X   0        Ni Y   0        Ni Z   0     
                    --------------- --------------- ---------------
    0   2.6094 THz   0.4340  0.0000  0.3767  0.0788 -0.8107 -0.0788
    1   2.6094 THz   0.6916  0.0000 -0.7184 -0.0494  0.0268  0.0494
    2   7.3607 THz   0.5774  0.0000  0.5774  0.0000  0.5774  0.0000
