
Used Primitive lattice vector

    4.467109000000      0.000000000000      0.000000000000  
   -2.233554000000      3.868629000000      0.000000000000  
    0.000000000000      0.000000000000      2.771419000000  

   3 Atom(s) in the Primitive cell

 0.0000000000 0.0000000000 0.0000000000 Ti    0
 0.6666690000 0.3333330000 0.5000000000 Ti    1
 0.3333330000 0.6666690000 0.5000000000 Ti    2


 Q=  0.000000  0.000000  0.000000, q=  0.000000  0.000000  0.000000

                       Ti X   0        Ti Y   0        Ti Z   0        Ti X   1        Ti Y   1        Ti Z   1        Ti X   2        Ti Y   2        Ti Z   2     
                    --------------- --------------- --------------- --------------- --------------- --------------- --------------- --------------- ---------------
    0   0.0000 THz   0.5679  0.0000  0.1038  0.0000  0.0003  0.0000  0.5679  0.0000  0.1038  0.0000  0.0003  0.0000  0.5679  0.0000  0.1038  0.0000  0.0003  0.0000
    1  -0.0000 THz   0.0001  0.0000  0.0012  0.0000 -0.5773  0.0000  0.0001  0.0000  0.0012  0.0000 -0.5773  0.0000  0.0001  0.0000  0.0012  0.0000 -0.5773  0.0000
    2   0.0000 THz   0.1038  0.0000 -0.5679  0.0000 -0.0011  0.0000  0.1038  0.0000 -0.5679  0.0000 -0.0011  0.0000  0.1038  0.0000 -0.5679  0.0000 -0.0011  0.0000
    3   4.1839 THz   0.0000  0.0000  0.0000  0.0000 -0.0000  0.0000 -0.0000  0.0000  0.0000  0.0000  0.7071  0.0000  0.0000  0.0000 -0.0000  0.0000 -0.7071  0.0000
    4   5.3026 THz  -0.1544  0.0000  0.8018  0.0000 -0.0000  0.0000  0.0772  0.0000 -0.4009  0.0000  0.0000  0.0000  0.0772  0.0000 -0.4009  0.0000  0.0000  0.0000
    5   5.3026 THz   0.8018  0.0000  0.1544  0.0000  0.0000  0.0000 -0.4009  0.0000 -0.0772  0.0000 -0.0000  0.0000 -0.4009  0.0000 -0.0772  0.0000 -0.0000  0.0000
    6   6.4191 THz  -0.0000  0.0000 -0.0000  0.0000  0.0000  0.0000 -0.1792  0.0000  0.6840  0.0000 -0.0000  0.0000  0.1792  0.0000 -0.6840  0.0000  0.0000  0.0000
    7   6.4191 THz  -0.0000  0.0000  0.0000  0.0000 -0.0000  0.0000 -0.6840  0.0000 -0.1792  0.0000 -0.0000  0.0000  0.6840  0.0000  0.1792  0.0000  0.0000  0.0000
    8   7.0451 THz   0.0000  0.0000  0.0000  0.0000 -0.8165  0.0000 -0.0000  0.0000 -0.0000  0.0000  0.4082  0.0000 -0.0000  0.0000 -0.0000  0.0000  0.4082  0.0000
