
Used Primitive lattice vector

    0.000000000000      2.813868000000      2.813868000000  
    2.813868000000      0.000000000000      2.813868000000  
    2.813868000000      2.813868000000      0.000000000000  

   2 Atom(s) in the Primitive cell

 0.0000000000 0.0000000000 0.0000000000 Na    0
 0.5000000000 0.5000000000 0.5000000000 Cl    1


 Q= -0.088846 -0.088846 -0.088846, q= -0.500000 -0.500000 -0.500000

                       Na X   0        Na Y   0        Na Z   0        Cl X   1        Cl Y   1        Cl Z   1     
                    --------------- --------------- --------------- --------------- --------------- ---------------
    0   4.4450 THz   0.0000  0.0000 -0.0000 -0.0000  0.0000  0.0000 -0.2997  0.7584  0.1499 -0.4151  0.1499 -0.3433
    1   4.4450 THz   0.0000  0.0000 -0.0000 -0.0000  0.0000  0.0000  0.0195 -0.0366  0.0697 -0.6834 -0.0892  0.7200
    2   4.8805 THz   0.8165  0.0000 -0.4082 -0.0000 -0.4082  0.0000  0.0000 -0.0000  0.0000  0.0000  0.0000  0.0000
    3   4.8805 THz   0.0000  0.0000 -0.7071 -0.0000  0.7071  0.0000  0.0000 -0.0000 -0.0000  0.0000 -0.0000  0.0000
    4   5.2459 THz   0.0000  0.0000 -0.0000  0.0000  0.0000 -0.0000 -0.0544 -0.5748 -0.0544 -0.5748 -0.0544 -0.5748
    5   6.5156 THz  -0.5774  0.0000 -0.5774 -0.0000 -0.5774  0.0000  0.0000 -0.0000  0.0000  0.0000  0.0000  0.0000


 Q= -0.044423 -0.044423 -0.133269, q= -0.500000 -0.500000 -0.250000

                       Na X   0        Na Y   0        Na Z   0        Cl X   1        Cl Y   1        Cl Z   1     
                    --------------- --------------- --------------- --------------- --------------- ---------------
    0   4.2094 THz  -0.4118  0.0000  0.4118 -0.0000 -0.0000  0.0000 -0.5748  0.0000  0.5748 -0.0000  0.0000 -0.0000
    1   4.5868 THz   0.2832  0.0000  0.2832 -0.0000 -0.1809 -0.0000  0.5918 -0.0000  0.5918 -0.0000 -0.3262  0.0000
    2   4.9323 THz  -0.2655  0.0000 -0.2655  0.0000  0.3230 -0.0000 -0.0617 -0.0000 -0.0617 -0.0000 -0.8643  0.0000
    3   5.2680 THz   0.5748  0.0000 -0.5748  0.0000 -0.0000 -0.0000 -0.4118  0.0000  0.4118 -0.0000 -0.0000 -0.0000
    4   5.2922 THz   0.2923  0.0000  0.2923 -0.0000 -0.6671  0.0000 -0.3464  0.0000 -0.3464  0.0000 -0.3795  0.0000
    5   6.2376 THz  -0.5136  0.0000 -0.5136 -0.0000 -0.6464 -0.0000  0.1611 -0.0000  0.1611 -0.0000  0.0510 -0.0000


 Q=  0.000000  0.000000 -0.177691, q= -0.500000 -0.500000  0.000000

                       Na X   0        Na Y   0        Na Z   0        Cl X   1        Cl Y   1        Cl Z   1     
                    --------------- --------------- --------------- --------------- --------------- ---------------
    0   4.0504 THz   0.0000  0.0000  0.6437 -0.0000  0.0000 -0.0000 -0.0000 -0.0000  0.7653 -0.0000 -0.0000 -0.0000
    1   4.0504 THz   0.6437  0.0000  0.0000 -0.0000  0.0000 -0.0000  0.7653 -0.0000 -0.0000  0.0000  0.0000 -0.0000
    2   5.2288 THz   0.0000  0.0000  0.0000  0.0000 -0.0364 -0.0000  0.0000 -0.0000 -0.0000  0.0000  0.9993  0.0000
    3   5.5445 THz   0.0000  0.0000  0.0000  0.0000 -0.9993 -0.0000  0.0000  0.0000 -0.0000 -0.0000 -0.0364 -0.0000
    4   5.5537 THz   0.7653  0.0000  0.0000  0.0000 -0.0000  0.0000 -0.6437  0.0000  0.0000 -0.0000 -0.0000  0.0000
    5   5.5537 THz   0.0000  0.0000  0.7653  0.0000  0.0000 -0.0000 -0.0000 -0.0000 -0.6437 -0.0000  0.0000 -0.0000


 Q=  0.044423  0.044423 -0.222114, q= -0.500000 -0.500000  0.250000

                       Na X   0        Na Y   0        Na Z   0        Cl X   1        Cl Y   1        Cl Z   1     
                    --------------- --------------- --------------- --------------- --------------- ---------------
    0   4.2094 THz  -0.4118  0.0000  0.4118  0.0000 -0.0000 -0.0000 -0.5748 -0.0000  0.5748  0.0000  0.0000 -0.0000
    1   4.5868 THz   0.2832  0.0000  0.2832  0.0000 -0.1809 -0.0000  0.5918  0.0000  0.5918  0.0000 -0.3262 -0.0000
    2   4.9323 THz  -0.2655  0.0000 -0.2655  0.0000  0.3230 -0.0000 -0.0617 -0.0000 -0.0617 -0.0000 -0.8643 -0.0000
    3   5.2680 THz   0.5748  0.0000 -0.5748 -0.0000 -0.0000  0.0000 -0.4118 -0.0000  0.4118  0.0000 -0.0000  0.0000
    4   5.2922 THz   0.2923  0.0000  0.2923  0.0000 -0.6671 -0.0000 -0.3464 -0.0000 -0.3464 -0.0000 -0.3795 -0.0000
    5   6.2376 THz  -0.5136  0.0000 -0.5136  0.0000 -0.6464  0.0000  0.1611  0.0000  0.1611  0.0000  0.0510 -0.0000


 Q= -0.044423 -0.133269 -0.044423, q= -0.500000 -0.250000 -0.500000

                       Na X   0        Na Y   0        Na Z   0        Cl X   1        Cl Y   1        Cl Z   1     
                    --------------- --------------- --------------- --------------- --------------- ---------------
    0   4.2094 THz  -0.4118  0.0000  0.0000  0.0000  0.4118 -0.0000 -0.5748  0.0000  0.0000 -0.0000  0.5748 -0.0000
    1   4.5868 THz  -0.2832  0.0000  0.1809  0.0000 -0.2832  0.0000 -0.5918  0.0000  0.3262 -0.0000 -0.5918  0.0000
    2   4.9323 THz   0.2655  0.0000 -0.3230  0.0000  0.2655 -0.0000  0.0617  0.0000  0.8643 -0.0000  0.0617  0.0000
    3   5.2680 THz   0.5748  0.0000 -0.0000 -0.0000 -0.5748  0.0000 -0.4118  0.0000 -0.0000 -0.0000  0.4118 -0.0000
    4   5.2922 THz   0.2923  0.0000 -0.6671  0.0000  0.2923 -0.0000 -0.3464  0.0000 -0.3795  0.0000 -0.3464  0.0000
    5   6.2376 THz  -0.5136  0.0000 -0.6464 -0.0000 -0.5136 -0.0000  0.1611 -0.0000  0.0510 -0.0000  0.1611 -0.0000


 Q=  0.000000 -0.088846 -0.088846, q= -0.500000 -0.250000 -0.250000

                       Na X   0        Na Y   0        Na Z   0        Cl X   1        Cl Y   1        Cl Z   1     
                    --------------- --------------- --------------- --------------- --------------- ---------------
    0   4.3198 THz  -0.5933  0.0000  0.0000  0.0000 -0.0000  0.0000 -0.8050  0.0000 -0.0000 -0.0000 -0.0000  0.0000
    1   4.4264 THz   0.0000  0.0000  0.2032  0.0007 -0.2032 -0.0007 -0.0000  0.0000  0.6773  0.0023 -0.6773 -0.0023
    2   4.8970 THz   0.0000  0.0000  0.6773 -0.0004 -0.6773  0.0004 -0.0000  0.0000 -0.2032  0.0001  0.2032 -0.0001
    3   4.8974 THz   0.0000  0.0000 -0.1555  0.0019 -0.1555  0.0019  0.0000  0.0000 -0.6897  0.0084 -0.6897  0.0084
    4   5.4677 THz   0.8050  0.0000  0.0000  0.0000 -0.0000  0.0000 -0.5933  0.0000 -0.0000 -0.0000 -0.0000  0.0000
    5   6.2628 THz   0.0000  0.0000 -0.6891 -0.0309 -0.6891 -0.0309  0.0000  0.0000  0.1553  0.0070  0.1553  0.0070


 Q=  0.044423 -0.044423 -0.133269, q= -0.500000 -0.250000  0.000000

                       Na X   0        Na Y   0        Na Z   0        Cl X   1        Cl Y   1        Cl Z   1     
                    --------------- --------------- --------------- --------------- --------------- ---------------
    0   4.2094 THz   0.4118  0.0000  0.4118  0.0000  0.0000  0.0000  0.5748  0.0000  0.5748 -0.0000  0.0000  0.0000
    1   4.5868 THz   0.2832  0.0000 -0.2832 -0.0000  0.1809  0.0000  0.5918  0.0000 -0.5918  0.0000  0.3262  0.0000
    2   4.9323 THz   0.2655  0.0000 -0.2655 -0.0000  0.3230 -0.0000  0.0617  0.0000 -0.0617 -0.0000 -0.8643 -0.0000
    3   5.2680 THz  -0.5748  0.0000 -0.5748  0.0000 -0.0000 -0.0000  0.4118  0.0000  0.4118 -0.0000 -0.0000 -0.0000
    4   5.2922 THz  -0.2923  0.0000  0.2923 -0.0000 -0.6671  0.0000  0.3464  0.0000 -0.3464  0.0000 -0.3795  0.0000
    5   6.2376 THz  -0.5136  0.0000  0.5136 -0.0000  0.6464 -0.0000  0.1611  0.0000 -0.1611  0.0000 -0.0510  0.0000


 Q=  0.088846  0.000000 -0.177691, q= -0.500000 -0.250000  0.250000

                       Na X   0        Na Y   0        Na Z   0        Cl X   1        Cl Y   1        Cl Z   1     
                    --------------- --------------- --------------- --------------- --------------- ---------------
    0   4.7247 THz  -0.0000 -0.0000 -0.0000 -0.0000  0.0000  0.0000  0.6190  0.7854 -0.0000 -0.0000 -0.0000 -0.0000
    1   4.7376 THz   0.0000  0.0000 -0.1332  0.1712  0.4622 -0.1396 -0.0000  0.0000 -0.2135  0.2744 -0.7408  0.2238
    2   4.7376 THz   0.0000  0.0000 -0.4675 -0.1208 -0.1400 -0.1657 -0.0000 -0.0000 -0.7493 -0.1936  0.2244  0.2656
    3   5.4956 THz   0.0000  0.0000 -0.2579  0.0603  0.7519 -0.2903 -0.0000 -0.0000  0.1609 -0.0376  0.4691 -0.1812
    4   5.4956 THz   0.0000  0.0000 -0.4856 -0.6433 -0.1873 -0.1873  0.0000 -0.0000  0.3030  0.4014 -0.1169 -0.1168
    5   5.5462 THz   1.0000  0.0000  0.0000  0.0000  0.0000  0.0000  0.0000  0.0000  0.0000  0.0000  0.0000  0.0000


 Q=  0.000000 -0.177691  0.000000, q= -0.500000  0.000000 -0.500000

                       Na X   0        Na Y   0        Na Z   0        Cl X   1        Cl Y   1        Cl Z   1     
                    --------------- --------------- --------------- --------------- --------------- ---------------
    0   4.0504 THz  -0.6437  0.0000  0.0000 -0.0000  0.0000  0.0000 -0.7653  0.0000 -0.0000  0.0000  0.0000 -0.0000
    1   4.0504 THz   0.0000  0.0000  0.0000 -0.0000  0.6437 -0.0000  0.0000 -0.0000 -0.0000  0.0000  0.7653 -0.0000
    2   5.2288 THz   0.0000  0.0000 -0.0364 -0.0000  0.0000 -0.0000 -0.0000 -0.0000  0.9993  0.0000  0.0000  0.0000
    3   5.5445 THz   0.0000  0.0000 -0.9993 -0.0000 -0.0000 -0.0000  0.0000  0.0000 -0.0364 -0.0000  0.0000  0.0000
    4   5.5537 THz   0.0000  0.0000 -0.0000  0.0000  0.7653 -0.0000 -0.0000 -0.0000 -0.0000  0.0000 -0.6437  0.0000
    5   5.5537 THz   0.7653  0.0000  0.0000 -0.0000  0.0000  0.0000 -0.6437  0.0000 -0.0000  0.0000  0.0000 -0.0000


 Q=  0.044423 -0.133269 -0.044423, q= -0.500000  0.000000 -0.250000

                       Na X   0        Na Y   0        Na Z   0        Cl X   1        Cl Y   1        Cl Z   1     
                    --------------- --------------- --------------- --------------- --------------- ---------------
    0   4.2094 THz   0.4118  0.0000  0.0000  0.0000  0.4118 -0.0000  0.5748  0.0000  0.0000  0.0000  0.5748  0.0000
    1   4.5868 THz  -0.2832  0.0000 -0.1809 -0.0000  0.2832 -0.0000 -0.5918 -0.0000 -0.3262  0.0000  0.5918 -0.0000
    2   4.9323 THz  -0.2655  0.0000 -0.3230  0.0000  0.2655  0.0000 -0.0617 -0.0000  0.8643  0.0000  0.0617  0.0000
    3   5.2680 THz  -0.5748  0.0000 -0.0000 -0.0000 -0.5748  0.0000  0.4118  0.0000 -0.0000 -0.0000  0.4118 -0.0000
    4   5.2922 THz  -0.2923  0.0000 -0.6671  0.0000  0.2923 -0.0000  0.3464 -0.0000 -0.3795  0.0000 -0.3464  0.0000
    5   6.2376 THz  -0.5136  0.0000  0.6464  0.0000  0.5136 -0.0000  0.1611  0.0000 -0.0510  0.0000 -0.1611 -0.0000


 Q=  0.088846 -0.088846 -0.088846, q= -0.500000  0.000000  0.000000

                       Na X   0        Na Y   0        Na Z   0        Cl X   1        Cl Y   1        Cl Z   1     
                    --------------- --------------- --------------- --------------- --------------- ---------------
    0   4.4450 THz   0.0000  0.0000  0.0000  0.0000 -0.0000 -0.0000  0.2864  0.7496  0.0467  0.2868  0.2397  0.4628
    1   4.4450 THz   0.0000  0.0000  0.0000  0.0000 -0.0000 -0.0000  0.0551  0.1404  0.5451  0.5340 -0.4900 -0.3936
    2   4.8805 THz   0.8165  0.0000  0.4082 -0.0000  0.4082  0.0000  0.0000  0.0000 -0.0000  0.0000 -0.0000 -0.0000
    3   4.8805 THz   0.0000  0.0000 -0.7071  0.0000  0.7071 -0.0000  0.0000 -0.0000  0.0000  0.0000 -0.0000  0.0000
    4   5.2459 THz   0.0000  0.0000  0.0000 -0.0000 -0.0000  0.0000  0.0608 -0.5741 -0.0608  0.5741 -0.0608  0.5741
    5   6.5156 THz   0.5774  0.0000 -0.5774  0.0000 -0.5774 -0.0000 -0.0000 -0.0000  0.0000 -0.0000  0.0000  0.0000


 Q=  0.133269 -0.044423 -0.133269, q= -0.500000  0.000000  0.250000

                       Na X   0        Na Y   0        Na Z   0        Cl X   1        Cl Y   1        Cl Z   1     
                    --------------- --------------- --------------- --------------- --------------- ---------------
    0   4.2094 THz   0.4118  0.0000  0.0000 -0.0000  0.4118  0.0000 -0.5748  0.0000 -0.0000 -0.0000 -0.5748  0.0000
    1   4.5868 THz   0.2832  0.0000  0.1809 -0.0000 -0.2832 -0.0000 -0.5918 -0.0000 -0.3262 -0.0000  0.5918  0.0000
    2   4.9323 THz   0.2655  0.0000  0.3230  0.0000 -0.2655 -0.0000 -0.0617  0.0000  0.8643 -0.0000  0.0617 -0.0000
    3   5.2680 THz  -0.5748  0.0000  0.0000  0.0000 -0.5748 -0.0000 -0.4118  0.0000 -0.0000 -0.0000 -0.4118 -0.0000
    4   5.2922 THz   0.2923  0.0000  0.6671  0.0000 -0.2923 -0.0000  0.3464  0.0000 -0.3795 -0.0000 -0.3464 -0.0000
    5   6.2376 THz  -0.5136  0.0000  0.6464 -0.0000  0.5136  0.0000 -0.1611 -0.0000  0.0510  0.0000  0.1611 -0.0000


 Q=  0.044423 -0.222114  0.044423, q= -0.500000  0.250000 -0.500000

                       Na X   0        Na Y   0        Na Z   0        Cl X   1        Cl Y   1        Cl Z   1     
                    --------------- --------------- --------------- --------------- --------------- ---------------
    0   4.2094 THz  -0.4118  0.0000  0.0000 -0.0000  0.4118  0.0000 -0.5748 -0.0000  0.0000  0.0000  0.5748  0.0000
    1   4.5868 THz  -0.2832  0.0000  0.1809 -0.0000 -0.2832 -0.0000 -0.5918 -0.0000  0.3262  0.0000 -0.5918 -0.0000
    2   4.9323 THz   0.2655  0.0000 -0.3230 -0.0000  0.2655  0.0000  0.0617 -0.0000  0.8643  0.0000  0.0617 -0.0000
    3   5.2680 THz   0.5748  0.0000 -0.0000  0.0000 -0.5748 -0.0000 -0.4118 -0.0000 -0.0000  0.0000  0.4118  0.0000
    4   5.2922 THz   0.2923  0.0000 -0.6671 -0.0000  0.2923  0.0000 -0.3464 -0.0000 -0.3795 -0.0000 -0.3464 -0.0000
    5   6.2376 THz  -0.5136  0.0000 -0.6464  0.0000 -0.5136  0.0000  0.1611  0.0000  0.0510  0.0000  0.1611  0.0000


 Q=  0.088846 -0.177691  0.000000, q= -0.500000  0.250000 -0.250000

                       Na X   0        Na Y   0        Na Z   0        Cl X   1        Cl Y   1        Cl Z   1     
                    --------------- --------------- --------------- --------------- --------------- ---------------
    0   4.7247 THz  -0.0000 -0.0000  0.0000 -0.0000 -0.0000 -0.0000 -0.2703  0.9628 -0.0000  0.0000 -0.0000 -0.0000
    1   4.7376 THz   0.0000  0.0000 -0.3378  0.2126  0.3239 -0.1265  0.0000  0.0000  0.5414 -0.3407  0.5192 -0.2027
    2   4.7376 THz  -0.0000 -0.0000  0.3395 -0.0754  0.3989 -0.0116  0.0000  0.0000 -0.5441  0.1208  0.6394 -0.0186
    3   5.4956 THz   0.0000  0.0000  0.4547 -0.1408  0.6872  0.1449 -0.0000  0.0000  0.2837 -0.0879 -0.4288 -0.0904
    4   5.4956 THz   0.0000  0.0000  0.5510 -0.4355 -0.4699  0.0761 -0.0000 -0.0000  0.3438 -0.2717  0.2932 -0.0475
    5   5.5462 THz   1.0000  0.0000  0.0000  0.0000  0.0000  0.0000  0.0000  0.0000  0.0000  0.0000  0.0000  0.0000


 Q=  0.133269 -0.133269 -0.044423, q= -0.500000  0.250000  0.000000

                       Na X   0        Na Y   0        Na Z   0        Cl X   1        Cl Y   1        Cl Z   1     
                    --------------- --------------- --------------- --------------- --------------- ---------------
    0   4.2094 THz   0.4118  0.0000  0.4118  0.0000  0.0000 -0.0000 -0.5748  0.0000 -0.5748 -0.0000 -0.0000  0.0000
    1   4.5868 THz  -0.2832  0.0000  0.2832 -0.0000 -0.1809  0.0000  0.5918 -0.0000 -0.5918 -0.0000  0.3262  0.0000
    2   4.9323 THz  -0.2655  0.0000  0.2655 -0.0000 -0.3230 -0.0000  0.0617 -0.0000 -0.0617  0.0000 -0.8643  0.0000
    3   5.2680 THz  -0.5748  0.0000 -0.5748 -0.0000  0.0000  0.0000 -0.4118  0.0000 -0.4118 -0.0000 -0.0000 -0.0000
    4   5.2922 THz   0.2923  0.0000 -0.2923 -0.0000  0.6671  0.0000  0.3464  0.0000 -0.3464 -0.0000 -0.3795  0.0000
    5   6.2376 THz  -0.5136  0.0000  0.5136  0.0000  0.6464  0.0000 -0.1611  0.0000  0.1611  0.0000  0.0510  0.0000


 Q=  0.177691 -0.088846 -0.088846, q= -0.500000  0.250000  0.250000

                       Na X   0        Na Y   0        Na Z   0        Cl X   1        Cl Y   1        Cl Z   1     
                    --------------- --------------- --------------- --------------- --------------- ---------------
    0   4.3198 THz  -0.5933  0.0000 -0.0000 -0.0000 -0.0000 -0.0000  0.8050  0.0000  0.0000 -0.0000 -0.0000  0.0000
    1   4.4264 THz   0.0000  0.0000 -0.2032  0.0011  0.2032 -0.0011 -0.0000 -0.0000  0.6773 -0.0037 -0.6773  0.0037
    2   4.8970 THz   0.0000  0.0000  0.6773  0.0000 -0.6773 -0.0000  0.0000  0.0000  0.2032  0.0000 -0.2032 -0.0000
    3   4.8974 THz   0.0000  0.0000  0.1555  0.0018  0.1555  0.0018  0.0000  0.0000 -0.6898 -0.0079 -0.6898 -0.0079
    4   5.4677 THz   0.8050  0.0000 -0.0000 -0.0000 -0.0000 -0.0000  0.5933  0.0000  0.0000 -0.0000 -0.0000  0.0000
    5   6.2628 THz   0.0000  0.0000  0.6854  0.0778  0.6854  0.0778  0.0000  0.0000  0.1545  0.0175  0.1545  0.0175


 Q= -0.133269 -0.044423 -0.044423, q= -0.250000 -0.500000 -0.500000

                       Na X   0        Na Y   0        Na Z   0        Cl X   1        Cl Y   1        Cl Z   1     
                    --------------- --------------- --------------- --------------- --------------- ---------------
    0   4.2094 THz   0.0000  0.0000 -0.4112 -0.0213  0.4112  0.0213 -0.0000 -0.0000 -0.5741 -0.0298  0.5741  0.0298
    1   4.5868 THz  -0.1809  0.0000  0.2832 -0.0000  0.2832 -0.0000 -0.3262  0.0000  0.5918 -0.0000  0.5918 -0.0000
    2   4.9323 THz  -0.3230  0.0000  0.2655  0.0000  0.2655  0.0000  0.8643  0.0000  0.0617  0.0000  0.0617  0.0000
    3   5.2680 THz   0.0000  0.0000  0.5748 -0.0040 -0.5748  0.0040  0.0000 -0.0000 -0.4118  0.0029  0.4118 -0.0029
    4   5.2922 THz   0.6671  0.0000 -0.2923  0.0000 -0.2923 -0.0000  0.3795  0.0000  0.3464 -0.0000  0.3464  0.0000
    5   6.2376 THz   0.6464  0.0000  0.5136 -0.0000  0.5136 -0.0000 -0.0510  0.0000 -0.1611  0.0000 -0.1611  0.0000


 Q= -0.088846  0.000000 -0.088846, q= -0.250000 -0.500000 -0.250000

                       Na X   0        Na Y   0        Na Z   0        Cl X   1        Cl Y   1        Cl Z   1     
                    --------------- --------------- --------------- --------------- --------------- ---------------
    0   4.3198 THz   0.0000  0.0000  0.5918 -0.0431 -0.0000 -0.0000  0.0000 -0.0000  0.8028 -0.0584 -0.0000  0.0000
    1   4.4264 THz   0.2032  0.0000 -0.0000  0.0000 -0.2032  0.0000  0.6773 -0.0000 -0.0000  0.0000 -0.6773  0.0000
    2   4.8970 THz   0.6773  0.0000 -0.0000 -0.0000 -0.6773 -0.0000 -0.2032 -0.0000  0.0000  0.0000  0.2032 -0.0000
    3   4.8974 THz  -0.1555  0.0000 -0.0000  0.0000 -0.1555 -0.0000 -0.6898 -0.0000  0.0000 -0.0000 -0.6898 -0.0000
    4   5.4677 THz  -0.0000  0.0000  0.8049 -0.0059 -0.0000  0.0000 -0.0000  0.0000 -0.5933  0.0044 -0.0000 -0.0000
    5   6.2628 THz   0.6898  0.0000  0.0000  0.0000  0.6898 -0.0000 -0.1555  0.0000 -0.0000 -0.0000 -0.1555  0.0000


 Q= -0.044423  0.044423 -0.133269, q= -0.250000 -0.500000  0.000000

                       Na X   0        Na Y   0        Na Z   0        Cl X   1        Cl Y   1        Cl Z   1     
                    --------------- --------------- --------------- --------------- --------------- ---------------
    0   4.2094 THz   0.4118  0.0000  0.4118 -0.0000 -0.0000 -0.0000  0.5748 -0.0000  0.5748 -0.0000 -0.0000  0.0000
    1   4.5868 THz   0.2832  0.0000 -0.2832  0.0000 -0.1809  0.0000  0.5918 -0.0000 -0.5918  0.0000 -0.3262  0.0000
    2   4.9323 THz   0.2655  0.0000 -0.2655  0.0000 -0.3230  0.0000  0.0617 -0.0000 -0.0617 -0.0000  0.8643 -0.0000
    3   5.2680 THz   0.5748  0.0000  0.5748 -0.0000 -0.0000 -0.0000 -0.4118  0.0000 -0.4118  0.0000 -0.0000 -0.0000
    4   5.2922 THz   0.2923  0.0000 -0.2923  0.0000 -0.6671  0.0000 -0.3464  0.0000  0.3464 -0.0000 -0.3795  0.0000
    5   6.2376 THz  -0.5136  0.0000  0.5136 -0.0000 -0.6464 -0.0000  0.1611 -0.0000 -0.1611 -0.0000  0.0510 -0.0000


 Q=  0.000000  0.088846 -0.177691, q= -0.250000 -0.500000  0.250000

                       Na X   0        Na Y   0        Na Z   0        Cl X   1        Cl Y   1        Cl Z   1     
                    --------------- --------------- --------------- --------------- --------------- ---------------
    0   4.7247 THz   0.0000  0.0000  0.0000 -0.0000  0.0000 -0.0000  0.0000  0.0000  0.2938  0.9559 -0.0000  0.0000
    1   4.7376 THz  -0.5294  0.0000  0.0000  0.0000 -0.0000 -0.0000 -0.8484 -0.0000  0.0000 -0.0000  0.0000  0.0000
    2   4.7376 THz   0.0000  0.0000 -0.0000 -0.0000 -0.4780 -0.2275  0.0000  0.0000 -0.0000  0.0000  0.7661  0.3646
    3   5.4956 THz   0.8484  0.0000  0.0000  0.0000 -0.0000 -0.0000 -0.5294 -0.0000  0.0000 -0.0000  0.0000  0.0000
    4   5.4956 THz   0.0000  0.0000  0.0000  0.0000  0.8484  0.0090 -0.0000  0.0000 -0.0000 -0.0000  0.5293  0.0056
    5   5.5462 THz   0.0000  0.0000  0.9908  0.1355 -0.0000  0.0000 -0.0000 -0.0000 -0.0000 -0.0000 -0.0000  0.0000


 Q= -0.088846 -0.088846  0.000000, q= -0.250000 -0.250000 -0.500000

                       Na X   0        Na Y   0        Na Z   0        Cl X   1        Cl Y   1        Cl Z   1     
                    --------------- --------------- --------------- --------------- --------------- ---------------
    0   4.3198 THz  -0.0000  0.0000  0.0000 -0.0000 -0.5920  0.0393 -0.0000 -0.0000  0.0000 -0.0000 -0.8032  0.0533
    1   4.4264 THz   0.2032  0.0000 -0.2032  0.0000 -0.0000  0.0000  0.6773 -0.0000 -0.6773  0.0000 -0.0000  0.0000
    2   4.8970 THz   0.6773  0.0000 -0.6773 -0.0000  0.0000 -0.0000 -0.2032 -0.0000  0.2032 -0.0000 -0.0000 -0.0000
    3   4.8974 THz  -0.1555  0.0000 -0.1555 -0.0000  0.0000  0.0000 -0.6898 -0.0000 -0.6898 -0.0000 -0.0000 -0.0000
    4   5.4677 THz  -0.0000  0.0000 -0.0000  0.0000 -0.7970  0.1127 -0.0000  0.0000 -0.0000  0.0000  0.5875 -0.0831
    5   6.2628 THz   0.6898  0.0000  0.6898 -0.0000 -0.0000  0.0000 -0.1555  0.0000 -0.1555  0.0000  0.0000 -0.0000


 Q= -0.044423 -0.044423 -0.044423, q= -0.250000 -0.250000 -0.250000

                       Na X   0        Na Y   0        Na Z   0        Cl X   1        Cl Y   1        Cl Z   1     
                    --------------- --------------- --------------- --------------- --------------- ---------------
    0   3.8256 THz   0.3900  0.0000  0.0615  0.0019 -0.4514 -0.0019  0.5204 -0.0000  0.0820  0.0026 -0.6024 -0.0026
    1   3.8256 THz  -0.2961  0.0000  0.4858  0.0025 -0.1896 -0.0025 -0.3951  0.0000  0.6482  0.0034 -0.2531 -0.0034
    2   4.3732 THz  -0.2803  0.0000 -0.2803  0.0000 -0.2803  0.0000 -0.5047  0.0000 -0.5047  0.0000 -0.5047  0.0000
    3   5.1979 THz  -0.6420  0.0000  0.4263  0.0019  0.2156 -0.0019  0.4811 -0.0000 -0.3195 -0.0015 -0.1616  0.0015
    4   5.1979 THz  -0.1217  0.0000 -0.4950 -0.0102  0.6167  0.0102  0.0912 -0.0000  0.3710  0.0077 -0.4622 -0.0077
    5   5.9647 THz   0.5047  0.0000  0.5047 -0.0000  0.5047 -0.0000 -0.2803  0.0000 -0.2803  0.0000 -0.2803 -0.0000


 Q=  0.000000  0.000000 -0.088846, q= -0.250000 -0.250000  0.000000

                       Na X   0        Na Y   0        Na Z   0        Cl X   1        Cl Y   1        Cl Z   1     
                    --------------- --------------- --------------- --------------- --------------- ---------------
    0   3.7528 THz  -0.6305  0.0000  0.0000  0.0000  0.0000  0.0000 -0.7762 -0.0000  0.0000  0.0000  0.0000  0.0000
    1   3.7528 THz  -0.0000  0.0000 -0.6305 -0.0012 -0.0000  0.0000 -0.0000  0.0000 -0.7762 -0.0015 -0.0000  0.0000
    2   4.5330 THz   0.0000  0.0000  0.0000 -0.0000 -0.1585  0.2709 -0.0000  0.0000  0.0000 -0.0000 -0.4795  0.8195
    3   5.4331 THz  -0.2493  0.0000 -0.7350  0.0040 -0.0000 -0.0000  0.2025  0.0000  0.5971 -0.0032  0.0000  0.0000
    4   5.4331 THz   0.7350  0.0000 -0.2493  0.0013 -0.0000 -0.0000 -0.5971 -0.0000  0.2025 -0.0011  0.0000  0.0000
    5   5.9280 THz   0.0000  0.0000  0.0000 -0.0000 -0.4834  0.8172 -0.0000  0.0000  0.0000  0.0000  0.1598 -0.2701


 Q=  0.044423  0.044423 -0.133269, q= -0.250000 -0.250000  0.250000

                       Na X   0        Na Y   0        Na Z   0        Cl X   1        Cl Y   1        Cl Z   1     
                    --------------- --------------- --------------- --------------- --------------- ---------------
    0   4.2094 THz  -0.4118  0.0000  0.4118  0.0000  0.0000  0.0000 -0.5748 -0.0000  0.5748  0.0000 -0.0000 -0.0000
    1   4.5868 THz   0.2832  0.0000  0.2832  0.0000  0.1809  0.0000  0.5918  0.0000  0.5918 -0.0000  0.3262 -0.0000
    2   4.9323 THz  -0.2655  0.0000 -0.2655 -0.0000 -0.3230  0.0000 -0.0617 -0.0000 -0.0617 -0.0000  0.8643  0.0000
    3   5.2680 THz  -0.5748  0.0000  0.5748  0.0000 -0.0000  0.0000  0.4118  0.0000 -0.4118 -0.0000 -0.0000  0.0000
    4   5.2922 THz  -0.2923  0.0000 -0.2923 -0.0000 -0.6671 -0.0000  0.3464  0.0000  0.3464  0.0000 -0.3795 -0.0000
    5   6.2376 THz  -0.5136  0.0000 -0.5136  0.0000  0.6464  0.0000  0.1611  0.0000  0.1611 -0.0000 -0.0510  0.0000


 Q= -0.044423 -0.133269  0.044423, q= -0.250000  0.000000 -0.500000

                       Na X   0        Na Y   0        Na Z   0        Cl X   1        Cl Y   1        Cl Z   1     
                    --------------- --------------- --------------- --------------- --------------- ---------------
    0   4.2094 THz  -0.4118  0.0000  0.0000  0.0000 -0.4118  0.0000 -0.5748  0.0000 -0.0000 -0.0000 -0.5748  0.0000
    1   4.5868 THz  -0.2832  0.0000  0.1809 -0.0000  0.2832 -0.0000 -0.5918  0.0000  0.3262 -0.0000  0.5918 -0.0000
    2   4.9323 THz   0.2655  0.0000 -0.3230  0.0000 -0.2655  0.0000  0.0617 -0.0000  0.8643 -0.0000 -0.0617  0.0000
    3   5.2680 THz  -0.5748  0.0000 -0.0000  0.0000 -0.5748  0.0000  0.4118 -0.0000 -0.0000  0.0000  0.4118 -0.0000
    4   5.2922 THz  -0.2923  0.0000  0.6671 -0.0000  0.2923 -0.0000  0.3464 -0.0000  0.3795 -0.0000 -0.3464  0.0000
    5   6.2376 THz  -0.5136  0.0000 -0.6464 -0.0000  0.5136 -0.0000  0.1611 -0.0000  0.0510 -0.0000 -0.1611  0.0000


 Q=  0.000000 -0.088846  0.000000, q= -0.250000  0.000000 -0.250000

                       Na X   0        Na Y   0        Na Z   0        Cl X   1        Cl Y   1        Cl Z   1     
                    --------------- --------------- --------------- --------------- --------------- ---------------
    0   3.7528 THz  -0.6305 -0.0000  0.0000 -0.0000  0.0000 -0.0000 -0.7762  0.0000 -0.0000 -0.0000  0.0000  0.0000
    1   3.7528 THz  -0.0000  0.0000 -0.0000 -0.0000  0.0870  0.6245  0.0000  0.0000 -0.0000 -0.0000  0.1070  0.7688
    2   4.5330 THz   0.0000  0.0000  0.3138 -0.0061  0.0000  0.0000  0.0000 -0.0000  0.9493 -0.0184  0.0000  0.0000
    3   5.4331 THz   0.7762  0.0000  0.0000 -0.0000 -0.0003 -0.0039 -0.6305  0.0000 -0.0000 -0.0000  0.0002  0.0031
    4   5.4331 THz  -0.0039  0.0000 -0.0000 -0.0000 -0.0553 -0.7742  0.0031 -0.0000 -0.0000 -0.0000  0.0449  0.6289
    5   5.9280 THz  -0.0000  0.0000  0.9495  0.0024 -0.0000 -0.0000  0.0000  0.0000 -0.3138 -0.0008  0.0000 -0.0000


 Q=  0.044423 -0.044423 -0.044423, q= -0.250000  0.000000  0.000000

                       Na X   0        Na Y   0        Na Z   0        Cl X   1        Cl Y   1        Cl Z   1     
                    --------------- --------------- --------------- --------------- --------------- ---------------
    0   3.8256 THz  -0.4053  0.0000  0.0354 -0.0014 -0.4406  0.0014 -0.5408  0.0000  0.0472 -0.0019 -0.5880  0.0019
    1   3.8256 THz   0.2748  0.0000  0.4884 -0.0021 -0.2135  0.0021  0.3667  0.0000  0.6517 -0.0028 -0.2850  0.0028
    2   4.3732 THz  -0.2803  0.0000  0.2803  0.0000  0.2803  0.0000 -0.5047 -0.0000  0.5047  0.0000  0.5047 -0.0000
    3   5.1979 THz   0.6234  0.0000  0.4811  0.0027  0.1423 -0.0027 -0.4672 -0.0000 -0.3605 -0.0020 -0.1066  0.0020
    4   5.1979 THz  -0.1956  0.0000  0.4420  0.0086 -0.6376 -0.0086  0.1466  0.0000 -0.3312 -0.0064  0.4779  0.0064
    5   5.9647 THz  -0.5047  0.0000  0.5047  0.0000  0.5047  0.0000  0.2803 -0.0000 -0.2803  0.0000 -0.2803  0.0000


 Q=  0.088846  0.000000 -0.088846, q= -0.250000  0.000000  0.250000

                       Na X   0        Na Y   0        Na Z   0        Cl X   1        Cl Y   1        Cl Z   1     
                    --------------- --------------- --------------- --------------- --------------- ---------------
    0   4.3198 THz  -0.0000  0.0000  0.5450  0.2345  0.0000  0.0000 -0.0000 -0.0000  0.7394  0.3181 -0.0000 -0.0000
    1   4.4264 THz  -0.2032  0.0000 -0.0000 -0.0000 -0.2032 -0.0000 -0.6773 -0.0000 -0.0000 -0.0000 -0.6773 -0.0000
    2   4.8970 THz  -0.6773  0.0000 -0.0000  0.0000 -0.6773  0.0000  0.2032 -0.0000  0.0000 -0.0000  0.2032  0.0000
    3   4.8974 THz  -0.1555  0.0000  0.0000 -0.0000  0.1555 -0.0000 -0.6898  0.0000 -0.0000  0.0000  0.6898 -0.0000
    4   5.4677 THz  -0.0000  0.0000  0.8043 -0.0320 -0.0000  0.0000 -0.0000  0.0000 -0.5929  0.0236  0.0000 -0.0000
    5   6.2628 THz   0.6898  0.0000  0.0000 -0.0000 -0.6898 -0.0000 -0.1555 -0.0000 -0.0000  0.0000  0.1555  0.0000


 Q=  0.000000 -0.177691  0.088846, q= -0.250000  0.250000 -0.500000

                       Na X   0        Na Y   0        Na Z   0        Cl X   1        Cl Y   1        Cl Z   1     
                    --------------- --------------- --------------- --------------- --------------- ---------------
    0   4.7247 THz   0.0000  0.0000  0.0000  0.0000 -0.0000  0.0000  0.0000 -0.0000 -0.0000 -0.0000 -0.8179 -0.5754
    1   4.7376 THz  -0.5294  0.0000 -0.0000 -0.0000 -0.0000 -0.0000 -0.8484  0.0000  0.0000  0.0000  0.0000 -0.0000
    2   4.7376 THz   0.0000  0.0000  0.5293  0.0072  0.0000  0.0000 -0.0000  0.0000 -0.8483 -0.0115  0.0000  0.0000
    3   5.4956 THz   0.8484  0.0000 -0.0000 -0.0000 -0.0000 -0.0000 -0.5294  0.0000  0.0000  0.0000  0.0000 -0.0000
    4   5.4956 THz   0.0000  0.0000 -0.8484 -0.0005 -0.0000 -0.0000  0.0000 -0.0000 -0.5294 -0.0003 -0.0000 -0.0000
    5   5.5462 THz   0.0000  0.0000  0.0000  0.0000 -0.6614 -0.7501  0.0000 -0.0000  0.0000  0.0000 -0.0000  0.0000


 Q=  0.044423 -0.133269  0.044423, q= -0.250000  0.250000 -0.250000

                       Na X   0        Na Y   0        Na Z   0        Cl X   1        Cl Y   1        Cl Z   1     
                    --------------- --------------- --------------- --------------- --------------- ---------------
    0   4.2094 THz   0.4118  0.0000  0.0000 -0.0000 -0.4118 -0.0000  0.5748  0.0000 -0.0000  0.0000 -0.5748  0.0000
    1   4.5868 THz  -0.2832  0.0000 -0.1809 -0.0000 -0.2832 -0.0000 -0.5918 -0.0000 -0.3262 -0.0000 -0.5918  0.0000
    2   4.9323 THz  -0.2655  0.0000 -0.3230 -0.0000 -0.2655 -0.0000 -0.0617 -0.0000  0.8643  0.0000 -0.0617 -0.0000
    3   5.2680 THz   0.5748  0.0000  0.0000 -0.0000 -0.5748 -0.0000 -0.4118 -0.0000  0.0000  0.0000  0.4118 -0.0000
    4   5.2922 THz   0.2923  0.0000  0.6671  0.0000  0.2923 -0.0000 -0.3464 -0.0000  0.3795  0.0000 -0.3464  0.0000
    5   6.2376 THz  -0.5136  0.0000  0.6464  0.0000 -0.5136 -0.0000  0.1611  0.0000 -0.0510  0.0000  0.1611 -0.0000


 Q=  0.088846 -0.088846  0.000000, q= -0.250000  0.250000  0.000000

                       Na X   0        Na Y   0        Na Z   0        Cl X   1        Cl Y   1        Cl Z   1     
                    --------------- --------------- --------------- --------------- --------------- ---------------
    0   4.3198 THz   0.0000  0.0000  0.0000 -0.0000 -0.5932 -0.0129  0.0000  0.0000  0.0000  0.0000 -0.8048 -0.0175
    1   4.4264 THz   0.2032  0.0000  0.2032  0.0000  0.0000  0.0000  0.6773 -0.0000  0.6773 -0.0000  0.0000  0.0000
    2   4.8970 THz  -0.6773  0.0000 -0.6773  0.0000 -0.0000  0.0000  0.2032 -0.0000  0.2032  0.0000  0.0000 -0.0000
    3   4.8974 THz  -0.1555  0.0000  0.1555 -0.0000 -0.0000 -0.0000 -0.6898  0.0000  0.6898 -0.0000  0.0000  0.0000
    4   5.4677 THz  -0.0000  0.0000  0.0000 -0.0000  0.7964 -0.1168 -0.0000  0.0000  0.0000 -0.0000 -0.5870  0.0861
    5   6.2628 THz   0.6898  0.0000 -0.6898 -0.0000  0.0000 -0.0000 -0.1555 -0.0000  0.1555 -0.0000 -0.0000  0.0000


 Q=  0.133269 -0.044423 -0.044423, q= -0.250000  0.250000  0.250000

                       Na X   0        Na Y   0        Na Z   0        Cl X   1        Cl Y   1        Cl Z   1     
                    --------------- --------------- --------------- --------------- --------------- ---------------
    0   4.2094 THz  -0.0000  0.0000 -0.4092  0.0458  0.4092 -0.0458 -0.0000  0.0000 -0.5713  0.0640  0.5713 -0.0640
    1   4.5868 THz   0.1809  0.0000  0.2832  0.0000  0.2832 -0.0000  0.3262 -0.0000  0.5918 -0.0000  0.5918 -0.0000
    2   4.9323 THz  -0.3230  0.0000 -0.2655 -0.0000 -0.2655  0.0000  0.8643 -0.0000 -0.0617 -0.0000 -0.0617 -0.0000
    3   5.2680 THz  -0.0000  0.0000  0.5748  0.0102 -0.5748 -0.0102 -0.0000  0.0000 -0.4117 -0.0073  0.4117  0.0073
    4   5.2922 THz  -0.6671  0.0000 -0.2923 -0.0000 -0.2923  0.0000 -0.3795  0.0000  0.3464  0.0000  0.3464 -0.0000
    5   6.2376 THz   0.6464  0.0000 -0.5136 -0.0000 -0.5136  0.0000 -0.0510  0.0000  0.1611 -0.0000  0.1611  0.0000


 Q= -0.177691  0.000000  0.000000, q=  0.000000 -0.500000 -0.500000

                       Na X   0        Na Y   0        Na Z   0        Cl X   1        Cl Y   1        Cl Z   1     
                    --------------- --------------- --------------- --------------- --------------- ---------------
    0   4.0504 THz   0.0000  0.0000 -0.0535 -0.0000  0.6414 -0.0000  0.0000 -0.0000 -0.0636 -0.0000  0.7627 -0.0000
    1   4.0504 THz  -0.0000  0.0000 -0.6414  0.0000 -0.0535  0.0000 -0.0000 -0.0000 -0.7627  0.0000 -0.0636  0.0000
    2   5.2288 THz  -0.0364  0.0000 -0.0000  0.0000 -0.0000 -0.0000  0.9993  0.0000 -0.0000 -0.0000  0.0000  0.0000
    3   5.5445 THz   0.9993  0.0000  0.0000 -0.0000 -0.0000  0.0000  0.0364  0.0000 -0.0000  0.0000  0.0000 -0.0000
    4   5.5537 THz   0.0000  0.0000  0.0402  0.0000  0.7643  0.0000  0.0000  0.0000 -0.0338 -0.0000 -0.6428 -0.0000
    5   5.5537 THz   0.0000  0.0000 -0.7643  0.0000  0.0402 -0.0000  0.0000 -0.0000  0.6428 -0.0000 -0.0338  0.0000


 Q= -0.133269  0.044423 -0.044423, q=  0.000000 -0.500000 -0.250000

                       Na X   0        Na Y   0        Na Z   0        Cl X   1        Cl Y   1        Cl Z   1     
                    --------------- --------------- --------------- --------------- --------------- ---------------
    0   4.2094 THz  -0.0000  0.0000  0.4083 -0.0537  0.4083 -0.0537 -0.0000  0.0000  0.5699 -0.0749  0.5699 -0.0749
    1   4.5868 THz  -0.1809  0.0000 -0.2832 -0.0000  0.2832 -0.0000 -0.3262 -0.0000 -0.5918 -0.0000  0.5918  0.0000
    2   4.9323 THz  -0.3230  0.0000 -0.2655 -0.0000  0.2655 -0.0000  0.8643  0.0000 -0.0617  0.0000  0.0617  0.0000
    3   5.2680 THz   0.0000  0.0000  0.5748  0.0053  0.5748  0.0053  0.0000 -0.0000 -0.4118 -0.0038 -0.4118 -0.0038
    4   5.2922 THz  -0.6671  0.0000 -0.2923  0.0000  0.2923  0.0000 -0.3795 -0.0000  0.3464 -0.0000 -0.3464 -0.0000
    5   6.2376 THz   0.6464  0.0000 -0.5136  0.0000  0.5136 -0.0000 -0.0510 -0.0000  0.1611  0.0000 -0.1611 -0.0000


 Q= -0.088846  0.088846 -0.088846, q=  0.000000 -0.500000  0.000000

                       Na X   0        Na Y   0        Na Z   0        Cl X   1        Cl Y   1        Cl Z   1     
                    --------------- --------------- --------------- --------------- --------------- ---------------
    0   4.4450 THz  -0.0000  0.0000  0.0000  0.0000  0.0000  0.0000 -0.4221  0.6970 -0.2110  0.3032  0.2110 -0.3938
    1   4.4450 THz   0.0000  0.0000 -0.0000  0.0000 -0.0000  0.0000 -0.0402 -0.0334 -0.7181 -0.1206 -0.6778 -0.0872
    2   4.8805 THz   0.3865  0.0000  0.8161  0.0000  0.4296  0.0000  0.0000 -0.0000  0.0000 -0.0000 -0.0000  0.0000
    3   4.8805 THz  -0.7192 -0.0000 -0.0249  0.0000  0.6943  0.0000  0.0000 -0.0000  0.0000 -0.0000 -0.0000  0.0000
    4   5.2459 THz   0.0000  0.0000  0.0000 -0.0000 -0.0000  0.0000  0.0493  0.5752 -0.0493 -0.5752  0.0493  0.5752
    5   6.5156 THz  -0.5774  0.0000  0.5774 -0.0000 -0.5774  0.0000  0.0000 -0.0000 -0.0000 -0.0000  0.0000  0.0000


 Q= -0.044423  0.133269 -0.133269, q=  0.000000 -0.500000  0.250000

                       Na X   0        Na Y   0        Na Z   0        Cl X   1        Cl Y   1        Cl Z   1     
                    --------------- --------------- --------------- --------------- --------------- ---------------
    0   4.2094 THz   0.0000  0.0000 -0.4039 -0.0803 -0.4039 -0.0803 -0.0000 -0.0000  0.5638  0.1122  0.5638  0.1122
    1   4.5868 THz  -0.1809  0.0000 -0.2832 -0.0000  0.2832  0.0000  0.3262 -0.0000  0.5918 -0.0000 -0.5918  0.0000
    2   4.9323 THz   0.3230  0.0000  0.2655 -0.0000 -0.2655  0.0000  0.8643 -0.0000 -0.0617  0.0000  0.0617 -0.0000
    3   5.2680 THz  -0.0000  0.0000 -0.5748 -0.0024 -0.5748 -0.0024  0.0000  0.0000 -0.4118 -0.0018 -0.4118 -0.0018
    4   5.2922 THz  -0.6671  0.0000 -0.2923 -0.0000  0.2923  0.0000  0.3795 -0.0000 -0.3464  0.0000  0.3464 -0.0000
    5   6.2376 THz   0.6464  0.0000 -0.5136 -0.0000  0.5136  0.0000  0.0510  0.0000 -0.1611  0.0000  0.1611 -0.0000


 Q= -0.133269 -0.044423  0.044423, q=  0.000000 -0.250000 -0.500000

                       Na X   0        Na Y   0        Na Z   0        Cl X   1        Cl Y   1        Cl Z   1     
                    --------------- --------------- --------------- --------------- --------------- ---------------
    0   4.2094 THz   0.0000  0.0000 -0.4092  0.0462 -0.4092  0.0462 -0.0000 -0.0000 -0.5712  0.0645 -0.5712  0.0645
    1   4.5868 THz   0.1809  0.0000 -0.2832 -0.0000  0.2832 -0.0000  0.3262 -0.0000 -0.5918  0.0000  0.5918  0.0000
    2   4.9323 THz  -0.3230  0.0000  0.2655  0.0000 -0.2655 -0.0000  0.8643  0.0000  0.0617  0.0000 -0.0617 -0.0000
    3   5.2680 THz   0.0000  0.0000  0.5744  0.0237  0.5744  0.0237  0.0000 -0.0000 -0.4114 -0.0170 -0.4114 -0.0170
    4   5.2922 THz   0.6671  0.0000 -0.2923 -0.0000  0.2923 -0.0000  0.3795  0.0000  0.3464  0.0000 -0.3464  0.0000
    5   6.2376 THz   0.6464  0.0000  0.5136 -0.0000 -0.5136  0.0000 -0.0510  0.0000 -0.1611  0.0000  0.1611  0.0000


 Q= -0.088846  0.000000  0.000000, q=  0.000000 -0.250000 -0.250000

                       Na X   0        Na Y   0        Na Z   0        Cl X   1        Cl Y   1        Cl Z   1     
                    --------------- --------------- --------------- --------------- --------------- ---------------
    0   3.7528 THz   0.0000  0.0000 -0.6294  0.0013  0.0195 -0.0329 -0.0000  0.0000 -0.7747  0.0016  0.0239 -0.0405
    1   3.7528 THz   0.0000  0.0000  0.0245  0.0293  0.6214 -0.0996 -0.0000 -0.0000  0.0301  0.0361  0.7650 -0.1227
    2   4.5330 THz   0.3138  0.0000  0.0000  0.0000  0.0000 -0.0000  0.9495 -0.0000 -0.0000 -0.0000 -0.0000 -0.0000
    3   5.4331 THz   0.0000  0.0000 -0.0250 -0.0300  0.7747 -0.0262 -0.0000 -0.0000  0.0203  0.0243 -0.6294  0.0213
    4   5.4331 THz   0.0000  0.0000 -0.7749 -0.0205 -0.0248  0.0301  0.0000 -0.0000  0.6295  0.0166  0.0202 -0.0245
    5   5.9280 THz   0.9495  0.0000  0.0000 -0.0000 -0.0000  0.0000 -0.3138  0.0000  0.0000  0.0000  0.0000  0.0000


 Q= -0.044423  0.044423 -0.044423, q=  0.000000 -0.250000  0.000000

                       Na X   0        Na Y   0        Na Z   0        Cl X   1        Cl Y   1        Cl Z   1     
                    --------------- --------------- --------------- --------------- --------------- ---------------
    0   3.8256 THz   0.0000  0.0000  0.4238  0.0151  0.4238  0.0151 -0.0000  0.0000  0.5655  0.0201  0.5655  0.0201
    1   3.8256 THz   0.4897  0.0000  0.2448 -0.0000 -0.2448  0.0000  0.6534 -0.0000  0.3267 -0.0000 -0.3267  0.0000
    2   4.3732 THz  -0.2803  0.0000  0.2803 -0.0000 -0.2803  0.0000 -0.5047  0.0000  0.5047 -0.0000 -0.5047  0.0000
    3   5.1979 THz   0.0000  0.0000  0.5625  0.0618  0.5625  0.0618  0.0000 -0.0000 -0.4215 -0.0463 -0.4215 -0.0463
    4   5.1979 THz  -0.6534  0.0000 -0.3267  0.0000  0.3267 -0.0000  0.4897 -0.0000  0.2448  0.0000 -0.2448  0.0000
    5   5.9647 THz  -0.5047 -0.0000  0.5047 -0.0000 -0.5047  0.0000  0.2803 -0.0000 -0.2803  0.0000  0.2803 -0.0000


 Q=  0.000000  0.088846 -0.088846, q=  0.000000 -0.250000  0.250000

                       Na X   0        Na Y   0        Na Z   0        Cl X   1        Cl Y   1        Cl Z   1     
                    --------------- --------------- --------------- --------------- --------------- ---------------
    0   4.3198 THz   0.5933  0.0000  0.0000 -0.0000  0.0000 -0.0000  0.8050  0.0000  0.0000 -0.0000  0.0000 -0.0000
    1   4.4264 THz   0.0000  0.0000  0.2032 -0.0049  0.2032 -0.0049  0.0000 -0.0000  0.6771 -0.0163  0.6771 -0.0163
    2   4.8970 THz   0.0000  0.0000  0.6772 -0.0066  0.6772 -0.0066  0.0000 -0.0000 -0.2032  0.0020 -0.2032  0.0020
    3   4.8974 THz   0.0000  0.0000  0.1554 -0.0047 -0.1554  0.0047  0.0000 -0.0000  0.6895 -0.0210 -0.6895  0.0210
    4   5.4677 THz   0.8050  0.0000  0.0000  0.0000 -0.0000  0.0000 -0.5933 -0.0000 -0.0000  0.0000 -0.0000  0.0000
    5   6.2628 THz   0.0000  0.0000 -0.6894  0.0234  0.6894 -0.0234 -0.0000  0.0000  0.1554 -0.0053 -0.1554  0.0053


 Q= -0.088846 -0.088846  0.088846, q=  0.000000  0.000000 -0.500000

                       Na X   0        Na Y   0        Na Z   0        Cl X   1        Cl Y   1        Cl Z   1     
                    --------------- --------------- --------------- --------------- --------------- ---------------
    0   4.4450 THz  -0.0000 -0.0000 -0.0000  0.0000 -0.0000  0.0000 -0.0587  0.1332  0.0174 -0.7623 -0.0413 -0.6291
    1   4.4450 THz   0.0000  0.0000  0.0000 -0.0000 -0.0000 -0.0000  0.3040 -0.7437 -0.1575  0.2460  0.1464 -0.4977
    2   4.8805 THz   0.8165  0.0000 -0.4082  0.0000  0.4082 -0.0000  0.0000 -0.0000  0.0000 -0.0000 -0.0000 -0.0000
    3   4.8805 THz   0.0000  0.0000 -0.7071  0.0000 -0.7071  0.0000  0.0000  0.0000  0.0000  0.0000 -0.0000 -0.0000
    4   5.2459 THz   0.0000  0.0000  0.0000  0.0000  0.0000  0.0000  0.0751  0.5724  0.0751  0.5724 -0.0751 -0.5724
    5   6.5156 THz  -0.5774  0.0000 -0.5774  0.0000  0.5774 -0.0000  0.0000 -0.0000  0.0000 -0.0000 -0.0000 -0.0000


 Q= -0.044423 -0.044423  0.044423, q=  0.000000  0.000000 -0.250000

                       Na X   0        Na Y   0        Na Z   0        Cl X   1        Cl Y   1        Cl Z   1     
                    --------------- --------------- --------------- --------------- --------------- ---------------
    0   3.8256 THz  -0.3787 -0.0000  0.4580 -0.0082  0.0793 -0.0082 -0.5054  0.0000  0.6112 -0.0110  0.1058 -0.0110
    1   3.8256 THz   0.3104  0.0000  0.1727 -0.0100  0.4830 -0.0100  0.4141 -0.0000  0.2304 -0.0134  0.6445 -0.0134
    2   4.3732 THz  -0.2803  0.0000 -0.2803  0.0000  0.2803 -0.0000 -0.5047  0.0000 -0.5047  0.0000  0.5047 -0.0000
    3   5.1979 THz   0.6267  0.0000 -0.4734 -0.0052  0.1532 -0.0052 -0.4696  0.0000  0.3548  0.0039 -0.1148  0.0039
    4   5.1979 THz  -0.1850  0.0000 -0.4499 -0.0175 -0.6349 -0.0175  0.1386 -0.0000  0.3372  0.0131  0.4758  0.0131
    5   5.9647 THz   0.5047  0.0000  0.5047 -0.0000 -0.5047  0.0000 -0.2803  0.0000 -0.2803 -0.0000  0.2803  0.0000


 Q=  0.000000  0.000000  0.000000, q=  0.000000  0.000000  0.000000

                       Na X   0        Na Y   0        Na Z   0        Cl X   1        Cl Y   1        Cl Z   1     
                    --------------- --------------- --------------- --------------- --------------- ---------------
    0  -0.0000 THz   0.6272  0.0000  0.0000  0.0000  0.0000  0.0000  0.7789  0.0000  0.0000  0.0000  0.0000  0.0000
    1  -0.0000 THz   0.0000  0.0000  0.6271  0.0000 -0.0084  0.0000  0.0000  0.0000  0.7788  0.0000 -0.0105  0.0000
    2  -0.0000 THz   0.0000  0.0000 -0.0084  0.0000 -0.6271  0.0000  0.0000  0.0000 -0.0105  0.0000 -0.7788  0.0000
    3   5.3741 THz   0.7789  0.0000  0.0000  0.0000 -0.0000  0.0000 -0.6272  0.0000 -0.0000  0.0000 -0.0000  0.0000
    4   5.3741 THz   0.0000  0.0000 -0.7034  0.0000 -0.3344  0.0000  0.0000  0.0000  0.5664  0.0000  0.2693  0.0000
    5   5.3741 THz   0.0000  0.0000 -0.3344  0.0000  0.7034  0.0000 -0.0000  0.0000  0.2693  0.0000 -0.5664  0.0000


 Q=  0.044423  0.044423 -0.044423, q=  0.000000  0.000000  0.250000

                       Na X   0        Na Y   0        Na Z   0        Cl X   1        Cl Y   1        Cl Z   1     
                    --------------- --------------- --------------- --------------- --------------- ---------------
    0   3.8256 THz  -0.3787 -0.0000  0.4580  0.0082  0.0793  0.0082 -0.5054 -0.0000  0.6112  0.0110  0.1058  0.0110
    1   3.8256 THz   0.3104  0.0000  0.1727  0.0100  0.4830  0.0100  0.4141  0.0000  0.2304  0.0134  0.6445  0.0134
    2   4.3732 THz  -0.2803  0.0000 -0.2803 -0.0000  0.2803  0.0000 -0.5047 -0.0000 -0.5047 -0.0000  0.5047  0.0000
    3   5.1979 THz   0.6267  0.0000 -0.4734  0.0052  0.1532  0.0052 -0.4696 -0.0000  0.3548 -0.0039 -0.1148 -0.0039
    4   5.1979 THz  -0.1850  0.0000 -0.4499  0.0175 -0.6349  0.0175  0.1386  0.0000  0.3372 -0.0131  0.4758 -0.0131
    5   5.9647 THz   0.5047  0.0000  0.5047  0.0000 -0.5047 -0.0000 -0.2803 -0.0000 -0.2803  0.0000  0.2803 -0.0000


 Q= -0.044423 -0.133269  0.133269, q=  0.000000  0.250000 -0.500000

                       Na X   0        Na Y   0        Na Z   0        Cl X   1        Cl Y   1        Cl Z   1     
                    --------------- --------------- --------------- --------------- --------------- ---------------
    0   4.2094 THz   0.0000  0.0000  0.4083 -0.0532  0.4083 -0.0532 -0.0000  0.0000 -0.5700  0.0743 -0.5700  0.0743
    1   4.5868 THz   0.1809  0.0000 -0.2832  0.0000  0.2832  0.0000 -0.3262  0.0000  0.5918 -0.0000 -0.5918  0.0000
    2   4.9323 THz   0.3230  0.0000 -0.2655  0.0000  0.2655  0.0000  0.8643 -0.0000  0.0617  0.0000 -0.0617  0.0000
    3   5.2680 THz   0.0000  0.0000 -0.5543 -0.1523 -0.5543 -0.1523 -0.0000 -0.0000 -0.3971 -0.1091 -0.3971 -0.1091
    4   5.2922 THz   0.6671  0.0000 -0.2923  0.0000  0.2923  0.0000 -0.3795  0.0000 -0.3464  0.0000  0.3464  0.0000
    5   6.2376 THz   0.6464  0.0000  0.5136  0.0000 -0.5136 -0.0000  0.0510  0.0000  0.1611  0.0000 -0.1611  0.0000


 Q=  0.000000 -0.088846  0.088846, q=  0.000000  0.250000 -0.250000

                       Na X   0        Na Y   0        Na Z   0        Cl X   1        Cl Y   1        Cl Z   1     
                    --------------- --------------- --------------- --------------- --------------- ---------------
    0   4.3198 THz   0.5933  0.0000  0.0000  0.0000  0.0000  0.0000  0.8050 -0.0000  0.0000  0.0000  0.0000  0.0000
    1   4.4264 THz   0.0000  0.0000  0.2032  0.0049  0.2032  0.0049  0.0000  0.0000  0.6771  0.0163  0.6771  0.0163
    2   4.8970 THz   0.0000  0.0000  0.6772  0.0066  0.6772  0.0066  0.0000  0.0000 -0.2032 -0.0020 -0.2032 -0.0020
    3   4.8974 THz   0.0000  0.0000  0.1554  0.0047 -0.1554 -0.0047  0.0000  0.0000  0.6895  0.0210 -0.6895 -0.0210
    4   5.4677 THz   0.8050  0.0000  0.0000 -0.0000 -0.0000 -0.0000 -0.5933  0.0000 -0.0000 -0.0000 -0.0000 -0.0000
    5   6.2628 THz   0.0000  0.0000 -0.6894 -0.0234  0.6894  0.0234 -0.0000 -0.0000  0.1554  0.0053 -0.1554 -0.0053


 Q=  0.044423 -0.044423  0.044423, q=  0.000000  0.250000  0.000000

                       Na X   0        Na Y   0        Na Z   0        Cl X   1        Cl Y   1        Cl Z   1     
                    --------------- --------------- --------------- --------------- --------------- ---------------
    0   3.8256 THz   0.0000  0.0000  0.4238 -0.0151  0.4238 -0.0151 -0.0000 -0.0000  0.5655 -0.0201  0.5655 -0.0201
    1   3.8256 THz   0.4897  0.0000  0.2448  0.0000 -0.2448 -0.0000  0.6534  0.0000  0.3267  0.0000 -0.3267 -0.0000
    2   4.3732 THz  -0.2803  0.0000  0.2803  0.0000 -0.2803 -0.0000 -0.5047 -0.0000  0.5047  0.0000 -0.5047 -0.0000
    3   5.1979 THz   0.0000  0.0000  0.5625 -0.0618  0.5625 -0.0618  0.0000  0.0000 -0.4215  0.0463 -0.4215  0.0463
    4   5.1979 THz  -0.6534  0.0000 -0.3267 -0.0000  0.3267  0.0000  0.4897  0.0000  0.2448 -0.0000 -0.2448 -0.0000
    5   5.9647 THz  -0.5047 -0.0000  0.5047  0.0000 -0.5047 -0.0000  0.2803  0.0000 -0.2803 -0.0000  0.2803  0.0000


 Q=  0.088846  0.000000  0.000000, q=  0.000000  0.250000  0.250000

                       Na X   0        Na Y   0        Na Z   0        Cl X   1        Cl Y   1        Cl Z   1     
                    --------------- --------------- --------------- --------------- --------------- ---------------
    0   3.7528 THz   0.0000  0.0000 -0.6294 -0.0013  0.0195  0.0329 -0.0000 -0.0000 -0.7747 -0.0016  0.0239  0.0405
    1   3.7528 THz   0.0000  0.0000  0.0245 -0.0293  0.6214  0.0996 -0.0000  0.0000  0.0301 -0.0361  0.7650  0.1227
    2   4.5330 THz   0.3138  0.0000  0.0000 -0.0000  0.0000  0.0000  0.9495  0.0000 -0.0000  0.0000 -0.0000  0.0000
    3   5.4331 THz   0.0000  0.0000 -0.0250  0.0300  0.7747  0.0262 -0.0000  0.0000  0.0203 -0.0243 -0.6294 -0.0213
    4   5.4331 THz   0.0000  0.0000 -0.7749  0.0205 -0.0248 -0.0301  0.0000  0.0000  0.6295 -0.0166  0.0202  0.0245
    5   5.9280 THz   0.9495  0.0000  0.0000  0.0000 -0.0000 -0.0000 -0.3138 -0.0000  0.0000 -0.0000  0.0000 -0.0000


 Q= -0.222114  0.044423  0.044423, q=  0.250000 -0.500000 -0.500000

                       Na X   0        Na Y   0        Na Z   0        Cl X   1        Cl Y   1        Cl Z   1     
                    --------------- --------------- --------------- --------------- --------------- ---------------
    0   4.2094 THz   0.0000  0.0000 -0.4116 -0.0134  0.4116  0.0134 -0.0000 -0.0000 -0.5745 -0.0187  0.5745  0.0187
    1   4.5868 THz  -0.1809  0.0000  0.2832  0.0000  0.2832  0.0000 -0.3262 -0.0000  0.5918  0.0000  0.5918  0.0000
    2   4.9323 THz  -0.3230  0.0000  0.2655 -0.0000  0.2655 -0.0000  0.8643 -0.0000  0.0617 -0.0000  0.0617 -0.0000
    3   5.2680 THz   0.0000  0.0000  0.5748 -0.0006 -0.5748  0.0006  0.0000 -0.0000 -0.4118  0.0004  0.4118 -0.0004
    4   5.2922 THz   0.6671  0.0000 -0.2923 -0.0000 -0.2923 -0.0000  0.3795 -0.0000  0.3464  0.0000  0.3464  0.0000
    5   6.2376 THz   0.6464  0.0000  0.5136  0.0000  0.5136  0.0000 -0.0510 -0.0000 -0.1611 -0.0000 -0.1611 -0.0000


 Q= -0.177691  0.088846  0.000000, q=  0.250000 -0.500000 -0.250000

                       Na X   0        Na Y   0        Na Z   0        Cl X   1        Cl Y   1        Cl Z   1     
                    --------------- --------------- --------------- --------------- --------------- ---------------
    0   4.7247 THz   0.0000  0.0000 -0.0000 -0.0000 -0.0000  0.0000 -0.0000  0.0000  0.9811 -0.1938 -0.0000  0.0000
    1   4.7376 THz  -0.5294  0.0000 -0.0000 -0.0000 -0.0000  0.0000  0.8484  0.0000  0.0000 -0.0000  0.0000  0.0000
    2   4.7376 THz   0.0000  0.0000  0.0000 -0.0000 -0.4990  0.1767 -0.0000  0.0000 -0.0000 -0.0000 -0.7997  0.2833
    3   5.4956 THz   0.0000  0.0000  0.0000  0.0000 -0.8484  0.0056 -0.0000 -0.0000  0.0000 -0.0000  0.5293 -0.0035
    4   5.4956 THz   0.8484  0.0000 -0.0000 -0.0000 -0.0000  0.0000  0.5294  0.0000  0.0000 -0.0000  0.0000  0.0000
    5   5.5462 THz   0.0000  0.0000 -0.9955 -0.0947 -0.0000  0.0000 -0.0000  0.0000 -0.0000  0.0000  0.0000 -0.0000


 Q= -0.133269  0.133269 -0.044423, q=  0.250000 -0.500000  0.000000

                       Na X   0        Na Y   0        Na Z   0        Cl X   1        Cl Y   1        Cl Z   1     
                    --------------- --------------- --------------- --------------- --------------- ---------------
    0   4.2094 THz   0.4118  0.0000  0.4118  0.0000 -0.0000  0.0000 -0.5748 -0.0000 -0.5748 -0.0000  0.0000  0.0000
    1   4.5868 THz  -0.2832  0.0000  0.2832  0.0000  0.1809  0.0000  0.5918  0.0000 -0.5918 -0.0000 -0.3262 -0.0000
    2   4.9323 THz  -0.2655  0.0000  0.2655  0.0000  0.3230  0.0000  0.0617  0.0000 -0.0617 -0.0000  0.8643  0.0000
    3   5.2680 THz   0.5748  0.0000  0.5748 -0.0000 -0.0000 -0.0000  0.4118  0.0000  0.4118 -0.0000  0.0000  0.0000
    4   5.2922 THz  -0.2923  0.0000  0.2923 -0.0000  0.6671 -0.0000 -0.3464 -0.0000  0.3464 -0.0000 -0.3795  0.0000
    5   6.2376 THz  -0.5136  0.0000  0.5136  0.0000 -0.6464  0.0000 -0.1611 -0.0000  0.1611 -0.0000 -0.0510  0.0000


 Q= -0.088846  0.177691 -0.088846, q=  0.250000 -0.500000  0.250000

                       Na X   0        Na Y   0        Na Z   0        Cl X   1        Cl Y   1        Cl Z   1     
                    --------------- --------------- --------------- --------------- --------------- ---------------
    0   4.3198 THz  -0.0000  0.0000  0.5925 -0.0313  0.0000 -0.0000  0.0000 -0.0000 -0.8038  0.0425 -0.0000  0.0000
    1   4.4264 THz   0.2032  0.0000  0.0000 -0.0000 -0.2032 -0.0000 -0.6773 -0.0000 -0.0000  0.0000  0.6773  0.0000
    2   4.8970 THz  -0.6773  0.0000 -0.0000 -0.0000  0.6773 -0.0000 -0.2032  0.0000 -0.0000 -0.0000  0.2032  0.0000
    3   4.8974 THz   0.1555  0.0000 -0.0000  0.0000  0.1555 -0.0000 -0.6898  0.0000 -0.0000  0.0000 -0.6898  0.0000
    4   5.4677 THz  -0.0000  0.0000 -0.8049  0.0096 -0.0000  0.0000  0.0000  0.0000 -0.5933  0.0071 -0.0000  0.0000
    5   6.2628 THz   0.6898  0.0000 -0.0000 -0.0000  0.6898  0.0000  0.1555  0.0000 -0.0000 -0.0000  0.1555  0.0000


 Q= -0.177691  0.000000  0.088846, q=  0.250000 -0.250000 -0.500000

                       Na X   0        Na Y   0        Na Z   0        Cl X   1        Cl Y   1        Cl Z   1     
                    --------------- --------------- --------------- --------------- --------------- ---------------
    0   4.7247 THz   0.0000  0.0000 -0.0000 -0.0000 -0.0000  0.0000  0.0000  0.0000 -0.0000 -0.0000 -0.9933  0.1157
    1   4.7376 THz  -0.5294  0.0000 -0.0000  0.0000 -0.0000  0.0000  0.8484 -0.0000  0.0000  0.0000  0.0000 -0.0000
    2   4.7376 THz   0.0000  0.0000 -0.5293  0.0071  0.0000 -0.0000 -0.0000 -0.0000 -0.8483  0.0114  0.0000 -0.0000
    3   5.4956 THz   0.8484  0.0000 -0.0000  0.0000 -0.0000  0.0000  0.5294 -0.0000  0.0000  0.0000  0.0000 -0.0000
    4   5.4956 THz   0.0000  0.0000 -0.8484  0.0005  0.0000 -0.0000 -0.0000 -0.0000  0.5294 -0.0003  0.0000  0.0000
    5   5.5462 THz   0.0000  0.0000 -0.0000 -0.0000 -0.9808  0.1948 -0.0000  0.0000  0.0000  0.0000  0.0000 -0.0000


 Q= -0.133269  0.044423  0.044423, q=  0.250000 -0.250000 -0.250000

                       Na X   0        Na Y   0        Na Z   0        Cl X   1        Cl Y   1        Cl Z   1     
                    --------------- --------------- --------------- --------------- --------------- ---------------
    0   4.2094 THz  -0.0000  0.0000 -0.4092 -0.0458  0.4092  0.0458 -0.0000 -0.0000 -0.5713 -0.0640  0.5713  0.0640
    1   4.5868 THz   0.1809  0.0000  0.2832 -0.0000  0.2832  0.0000  0.3262  0.0000  0.5918  0.0000  0.5918  0.0000
    2   4.9323 THz  -0.3230  0.0000 -0.2655  0.0000 -0.2655 -0.0000  0.8643  0.0000 -0.0617  0.0000 -0.0617  0.0000
    3   5.2680 THz  -0.0000  0.0000  0.5748 -0.0102 -0.5748  0.0102 -0.0000 -0.0000 -0.4117  0.0073  0.4117 -0.0073
    4   5.2922 THz  -0.6671  0.0000 -0.2923  0.0000 -0.2923 -0.0000 -0.3795 -0.0000  0.3464 -0.0000  0.3464  0.0000
    5   6.2376 THz   0.6464  0.0000 -0.5136  0.0000 -0.5136 -0.0000 -0.0510 -0.0000  0.1611  0.0000  0.1611 -0.0000


 Q= -0.088846  0.088846  0.000000, q=  0.250000 -0.250000  0.000000

                       Na X   0        Na Y   0        Na Z   0        Cl X   1        Cl Y   1        Cl Z   1     
                    --------------- --------------- --------------- --------------- --------------- ---------------
    0   4.3198 THz   0.0000  0.0000  0.0000  0.0000 -0.5932  0.0129  0.0000 -0.0000  0.0000 -0.0000 -0.8048  0.0175
    1   4.4264 THz   0.2032  0.0000  0.2032 -0.0000  0.0000 -0.0000  0.6773  0.0000  0.6773  0.0000  0.0000 -0.0000
    2   4.8970 THz  -0.6773  0.0000 -0.6773 -0.0000 -0.0000 -0.0000  0.2032  0.0000  0.2032 -0.0000  0.0000  0.0000
    3   4.8974 THz  -0.1555  0.0000  0.1555  0.0000 -0.0000  0.0000 -0.6898 -0.0000  0.6898  0.0000  0.0000 -0.0000
    4   5.4677 THz  -0.0000  0.0000  0.0000  0.0000  0.7964  0.1168 -0.0000 -0.0000  0.0000  0.0000 -0.5870 -0.0861
    5   6.2628 THz   0.6898  0.0000 -0.6898  0.0000  0.0000  0.0000 -0.1555  0.0000  0.1555  0.0000 -0.0000 -0.0000


 Q= -0.044423  0.133269 -0.044423, q=  0.250000 -0.250000  0.250000

                       Na X   0        Na Y   0        Na Z   0        Cl X   1        Cl Y   1        Cl Z   1     
                    --------------- --------------- --------------- --------------- --------------- ---------------
    0   4.2094 THz   0.4118  0.0000  0.0000  0.0000 -0.4118  0.0000  0.5748 -0.0000 -0.0000 -0.0000 -0.5748 -0.0000
    1   4.5868 THz  -0.2832  0.0000 -0.1809  0.0000 -0.2832  0.0000 -0.5918  0.0000 -0.3262  0.0000 -0.5918 -0.0000
    2   4.9323 THz  -0.2655  0.0000 -0.3230  0.0000 -0.2655  0.0000 -0.0617  0.0000  0.8643 -0.0000 -0.0617  0.0000
    3   5.2680 THz   0.5748  0.0000  0.0000  0.0000 -0.5748  0.0000 -0.4118  0.0000  0.0000 -0.0000  0.4118  0.0000
    4   5.2922 THz   0.2923  0.0000  0.6671 -0.0000  0.2923  0.0000 -0.3464  0.0000  0.3795 -0.0000 -0.3464 -0.0000
    5   6.2376 THz  -0.5136  0.0000  0.6464 -0.0000 -0.5136  0.0000  0.1611 -0.0000 -0.0510 -0.0000  0.1611  0.0000


 Q= -0.133269 -0.044423  0.133269, q=  0.250000  0.000000 -0.500000

                       Na X   0        Na Y   0        Na Z   0        Cl X   1        Cl Y   1        Cl Z   1     
                    --------------- --------------- --------------- --------------- --------------- ---------------
    0   4.2094 THz  -0.4118  0.0000  0.0000 -0.0000 -0.4118 -0.0000  0.5748  0.0000  0.0000 -0.0000  0.5748  0.0000
    1   4.5868 THz   0.2832  0.0000 -0.1809  0.0000 -0.2832 -0.0000 -0.5918 -0.0000  0.3262  0.0000  0.5918  0.0000
    2   4.9323 THz  -0.2655  0.0000  0.3230  0.0000  0.2655  0.0000  0.0617 -0.0000  0.8643  0.0000 -0.0617  0.0000
    3   5.2680 THz  -0.5748  0.0000 -0.0000 -0.0000 -0.5748 -0.0000 -0.4118 -0.0000  0.0000  0.0000 -0.4118 -0.0000
    4   5.2922 THz   0.2923  0.0000 -0.6671 -0.0000 -0.2923 -0.0000  0.3464  0.0000  0.3795  0.0000 -0.3464 -0.0000
    5   6.2376 THz  -0.5136  0.0000 -0.6464  0.0000  0.5136  0.0000 -0.1611 -0.0000 -0.0510 -0.0000  0.1611 -0.0000


 Q= -0.088846  0.000000  0.088846, q=  0.250000  0.000000 -0.250000

                       Na X   0        Na Y   0        Na Z   0        Cl X   1        Cl Y   1        Cl Z   1     
                    --------------- --------------- --------------- --------------- --------------- ---------------
    0   4.3198 THz  -0.0000  0.0000  0.5450 -0.2345  0.0000 -0.0000 -0.0000  0.0000  0.7394 -0.3181 -0.0000  0.0000
    1   4.4264 THz  -0.2032  0.0000 -0.0000  0.0000 -0.2032  0.0000 -0.6773  0.0000 -0.0000  0.0000 -0.6773  0.0000
    2   4.8970 THz  -0.6773  0.0000 -0.0000 -0.0000 -0.6773 -0.0000  0.2032  0.0000  0.0000  0.0000  0.2032 -0.0000
    3   4.8974 THz  -0.1555  0.0000  0.0000  0.0000  0.1555  0.0000 -0.6898 -0.0000 -0.0000 -0.0000  0.6898  0.0000
    4   5.4677 THz  -0.0000  0.0000  0.8043  0.0320 -0.0000 -0.0000 -0.0000 -0.0000 -0.5929 -0.0236  0.0000  0.0000
    5   6.2628 THz   0.6898  0.0000  0.0000  0.0000 -0.6898  0.0000 -0.1555  0.0000 -0.0000 -0.0000  0.1555 -0.0000


 Q= -0.044423  0.044423  0.044423, q=  0.250000  0.000000  0.000000

                       Na X   0        Na Y   0        Na Z   0        Cl X   1        Cl Y   1        Cl Z   1     
                    --------------- --------------- --------------- --------------- --------------- ---------------
    0   3.8256 THz  -0.4053  0.0000  0.0354  0.0014 -0.4406 -0.0014 -0.5408 -0.0000  0.0472  0.0019 -0.5880 -0.0019
    1   3.8256 THz   0.2748  0.0000  0.4884  0.0021 -0.2135 -0.0021  0.3667 -0.0000  0.6517  0.0028 -0.2850 -0.0028
    2   4.3732 THz  -0.2803  0.0000  0.2803 -0.0000  0.2803 -0.0000 -0.5047  0.0000  0.5047 -0.0000  0.5047  0.0000
    3   5.1979 THz   0.6234  0.0000  0.4811 -0.0027  0.1423  0.0027 -0.4672  0.0000 -0.3605  0.0020 -0.1066 -0.0020
    4   5.1979 THz  -0.1956  0.0000  0.4420 -0.0086 -0.6376  0.0086  0.1466 -0.0000 -0.3312  0.0064  0.4779 -0.0064
    5   5.9647 THz  -0.5047  0.0000  0.5047 -0.0000  0.5047 -0.0000  0.2803  0.0000 -0.2803 -0.0000 -0.2803 -0.0000


 Q=  0.000000  0.088846  0.000000, q=  0.250000  0.000000  0.250000

                       Na X   0        Na Y   0        Na Z   0        Cl X   1        Cl Y   1        Cl Z   1     
                    --------------- --------------- --------------- --------------- --------------- ---------------
    0   3.7528 THz  -0.6305 -0.0000  0.0000  0.0000  0.0000  0.0000 -0.7762 -0.0000 -0.0000  0.0000  0.0000 -0.0000
    1   3.7528 THz  -0.0000  0.0000 -0.0000  0.0000  0.0870 -0.6245  0.0000 -0.0000 -0.0000  0.0000  0.1070 -0.7688
    2   4.5330 THz   0.0000  0.0000  0.3138  0.0061  0.0000 -0.0000  0.0000  0.0000  0.9493  0.0184  0.0000 -0.0000
    3   5.4331 THz   0.7762  0.0000  0.0000  0.0000 -0.0003  0.0039 -0.6305 -0.0000 -0.0000  0.0000  0.0002 -0.0031
    4   5.4331 THz  -0.0039  0.0000 -0.0000  0.0000 -0.0553  0.7742  0.0031  0.0000 -0.0000  0.0000  0.0449 -0.6289
    5   5.9280 THz  -0.0000  0.0000  0.9495 -0.0024 -0.0000  0.0000  0.0000 -0.0000 -0.3138  0.0008  0.0000  0.0000


 Q= -0.088846 -0.088846  0.177691, q=  0.250000  0.250000 -0.500000

                       Na X   0        Na Y   0        Na Z   0        Cl X   1        Cl Y   1        Cl Z   1     
                    --------------- --------------- --------------- --------------- --------------- ---------------
    0   4.3198 THz   0.0000  0.0000 -0.0000 -0.0000  0.5929  0.0222 -0.0000 -0.0000  0.0000 -0.0000 -0.8044 -0.0301
    1   4.4264 THz  -0.2032  0.0000  0.2032  0.0000  0.0000  0.0000  0.6773  0.0000 -0.6773 -0.0000 -0.0000 -0.0000
    2   4.8970 THz   0.6773  0.0000 -0.6773  0.0000 -0.0000  0.0000  0.2032 -0.0000 -0.2032 -0.0000 -0.0000 -0.0000
    3   4.8974 THz   0.1555  0.0000  0.1555 -0.0000  0.0000  0.0000 -0.6898  0.0000 -0.6898  0.0000  0.0000  0.0000
    4   5.4677 THz  -0.0000  0.0000  0.0000  0.0000 -0.8033 -0.0514 -0.0000 -0.0000  0.0000  0.0000 -0.5921 -0.0379
    5   6.2628 THz   0.6898  0.0000  0.6898  0.0000 -0.0000 -0.0000  0.1555  0.0000  0.1555  0.0000 -0.0000 -0.0000


 Q= -0.044423 -0.044423  0.133269, q=  0.250000  0.250000 -0.250000

                       Na X   0        Na Y   0        Na Z   0        Cl X   1        Cl Y   1        Cl Z   1     
                    --------------- --------------- --------------- --------------- --------------- ---------------
    0   4.2094 THz  -0.4118  0.0000  0.4118 -0.0000  0.0000 -0.0000 -0.5748  0.0000  0.5748 -0.0000 -0.0000  0.0000
    1   4.5868 THz   0.2832  0.0000  0.2832 -0.0000  0.1809 -0.0000  0.5918 -0.0000  0.5918  0.0000  0.3262  0.0000
    2   4.9323 THz  -0.2655  0.0000 -0.2655  0.0000 -0.3230 -0.0000 -0.0617  0.0000 -0.0617  0.0000  0.8643 -0.0000
    3   5.2680 THz  -0.5748  0.0000  0.5748 -0.0000 -0.0000 -0.0000  0.4118 -0.0000 -0.4118  0.0000 -0.0000 -0.0000
    4   5.2922 THz  -0.2923  0.0000 -0.2923  0.0000 -0.6671  0.0000  0.3464 -0.0000  0.3464 -0.0000 -0.3795  0.0000
    5   6.2376 THz  -0.5136  0.0000 -0.5136 -0.0000  0.6464 -0.0000  0.1611 -0.0000  0.1611  0.0000 -0.0510 -0.0000


 Q=  0.000000  0.000000  0.088846, q=  0.250000  0.250000  0.000000

                       Na X   0        Na Y   0        Na Z   0        Cl X   1        Cl Y   1        Cl Z   1     
                    --------------- --------------- --------------- --------------- --------------- ---------------
    0   3.7528 THz  -0.6305  0.0000  0.0000 -0.0000  0.0000 -0.0000 -0.7762  0.0000  0.0000 -0.0000  0.0000 -0.0000
    1   3.7528 THz  -0.0000  0.0000 -0.6305  0.0012 -0.0000 -0.0000 -0.0000 -0.0000 -0.7762  0.0015 -0.0000 -0.0000
    2   4.5330 THz   0.0000  0.0000  0.0000  0.0000 -0.1585 -0.2709 -0.0000 -0.0000  0.0000  0.0000 -0.4795 -0.8195
    3   5.4331 THz  -0.2493  0.0000 -0.7350 -0.0040 -0.0000  0.0000  0.2025 -0.0000  0.5971  0.0032  0.0000 -0.0000
    4   5.4331 THz   0.7350  0.0000 -0.2493 -0.0013 -0.0000  0.0000 -0.5971  0.0000  0.2025  0.0011  0.0000 -0.0000
    5   5.9280 THz   0.0000  0.0000  0.0000  0.0000 -0.4834 -0.8172 -0.0000 -0.0000  0.0000 -0.0000  0.1598  0.2701


 Q=  0.044423  0.044423  0.044423, q=  0.250000  0.250000  0.250000

                       Na X   0        Na Y   0        Na Z   0        Cl X   1        Cl Y   1        Cl Z   1     
                    --------------- --------------- --------------- --------------- --------------- ---------------
    0   3.8256 THz   0.3900  0.0000  0.0615 -0.0019 -0.4514  0.0019  0.5204  0.0000  0.0820 -0.0026 -0.6024  0.0026
    1   3.8256 THz  -0.2961  0.0000  0.4858 -0.0025 -0.1896  0.0025 -0.3951 -0.0000  0.6482 -0.0034 -0.2531  0.0034
    2   4.3732 THz  -0.2803  0.0000 -0.2803 -0.0000 -0.2803 -0.0000 -0.5047 -0.0000 -0.5047 -0.0000 -0.5047 -0.0000
    3   5.1979 THz  -0.6420  0.0000  0.4263 -0.0019  0.2156  0.0019  0.4811  0.0000 -0.3195  0.0015 -0.1616 -0.0015
    4   5.1979 THz  -0.1217  0.0000 -0.4950  0.0102  0.6167 -0.0102  0.0912  0.0000  0.3710 -0.0077 -0.4622  0.0077
    5   5.9647 THz   0.5047  0.0000  0.5047  0.0000  0.5047  0.0000 -0.2803 -0.0000 -0.2803 -0.0000 -0.2803  0.0000
