
Used Primitive lattice vector

    0.000000000000      2.215556000000      2.215556000000  
    2.215556000000      0.000000000000      2.215556000000  
    2.215556000000      2.215556000000      0.000000000000  

   1 Atom(s) in the Primitive cell

 0.0000000000 0.0000000000 0.0000000000 Hf    0


 Q= -0.112838 -0.112838 -0.112838, q= -0.500000 -0.500000 -0.500000

                       Hf X   0        Hf Y   0        Hf Z   0     
                    --------------- --------------- ---------------
    0   1.8157 THz   0.6625  0.0000  0.0821 -0.0000 -0.7446  0.0000
    1   1.8157 THz   0.4773  0.0000 -0.8124  0.0000  0.3351 -0.0000
    2   2.5134 THz   0.5774  0.0000  0.5774 -0.0000  0.5774 -0.0000


 Q= -0.056419 -0.056419 -0.169258, q= -0.500000 -0.500000 -0.250000

                       Hf X   0        Hf Y   0        Hf Z   0     
                    --------------- --------------- ---------------
    0   2.3598 THz   0.4617  0.0000  0.4617  0.0000  0.7574  0.0000
    1   2.3676 THz  -0.7071  0.0000  0.7071  0.0000  0.0000  0.0000
    2   2.9405 THz   0.5356  0.0000  0.5356  0.0000 -0.6529 -0.0000


 Q=  0.000000  0.000000 -0.225677, q= -0.500000 -0.500000  0.000000

                       Hf X   0        Hf Y   0        Hf Z   0     
                    --------------- --------------- ---------------
    0   2.8193 THz   1.0000  0.0000  0.0000  0.0000  0.0000  0.0000
    1   2.8193 THz   0.0000  0.0000  1.0000 -0.0000 -0.0000 -0.0000
    2   3.6330 THz   0.0000  0.0000 -0.0000 -0.0000 -1.0000 -0.0000


 Q=  0.056419  0.056419 -0.282096, q= -0.500000 -0.500000  0.250000

                       Hf X   0        Hf Y   0        Hf Z   0     
                    --------------- --------------- ---------------
    0   2.3598 THz   0.4617  0.0000  0.4617 -0.0000  0.7574 -0.0000
    1   2.3676 THz  -0.7071  0.0000  0.7071 -0.0000  0.0000 -0.0000
    2   2.9405 THz   0.5356  0.0000  0.5356 -0.0000 -0.6529 -0.0000


 Q= -0.056419 -0.169258 -0.056419, q= -0.500000 -0.250000 -0.500000

                       Hf X   0        Hf Y   0        Hf Z   0     
                    --------------- --------------- ---------------
    0   2.3598 THz   0.4617  0.0000  0.7574 -0.0000  0.4617 -0.0000
    1   2.3676 THz  -0.7071  0.0000 -0.0000 -0.0000  0.7071 -0.0000
    2   2.9405 THz  -0.5356  0.0000  0.6529 -0.0000 -0.5356  0.0000


 Q=  0.000000 -0.112838 -0.112838, q= -0.500000 -0.250000 -0.250000

                       Hf X   0        Hf Y   0        Hf Z   0     
                    --------------- --------------- ---------------
    0   1.8301 THz   0.0000  0.0000  0.6133 -0.3519 -0.6133  0.3519
    1   2.9499 THz   0.0000  0.0000 -0.7044 -0.0616 -0.7044 -0.0616
    2   3.2410 THz   1.0000  0.0000  0.0000  0.0000  0.0000  0.0000


 Q=  0.056419 -0.056419 -0.169258, q= -0.500000 -0.250000  0.000000

                       Hf X   0        Hf Y   0        Hf Z   0     
                    --------------- --------------- ---------------
    0   2.3598 THz   0.4617  0.0000 -0.4617 -0.0000 -0.7574 -0.0000
    1   2.3676 THz   0.7071  0.0000  0.7071  0.0000  0.0000  0.0000
    2   2.9405 THz  -0.5356  0.0000  0.5356 -0.0000 -0.6529 -0.0000


 Q=  0.112838  0.000000 -0.225677, q= -0.500000 -0.250000  0.250000

                       Hf X   0        Hf Y   0        Hf Z   0     
                    --------------- --------------- ---------------
    0   2.7592 THz   1.0000  0.0000  0.0000  0.0000  0.0000  0.0000
    1   3.3574 THz   0.0000  0.0000 -0.7728 -0.2057 -0.5919  0.1002
    2   3.3574 THz   0.0000  0.0000  0.5533  0.2330 -0.7994  0.0234


 Q=  0.000000 -0.225677  0.000000, q= -0.500000  0.000000 -0.500000

                       Hf X   0        Hf Y   0        Hf Z   0     
                    --------------- --------------- ---------------
    0   2.8193 THz   1.0000  0.0000  0.0000  0.0000  0.0000  0.0000
    1   2.8193 THz   0.0000  0.0000 -0.0000  0.0000 -1.0000  0.0000
    2   3.6330 THz   0.0000  0.0000 -1.0000 -0.0000  0.0000  0.0000


 Q=  0.056419 -0.169258 -0.056419, q= -0.500000  0.000000 -0.250000

                       Hf X   0        Hf Y   0        Hf Z   0     
                    --------------- --------------- ---------------
    0   2.3598 THz   0.4617  0.0000 -0.7574  0.0000 -0.4617  0.0000
    1   2.3676 THz   0.7071  0.0000  0.0000 -0.0000  0.7071 -0.0000
    2   2.9405 THz   0.5356  0.0000  0.6529 -0.0000 -0.5356  0.0000


 Q=  0.112838 -0.112838 -0.112838, q= -0.500000  0.000000  0.000000

                       Hf X   0        Hf Y   0        Hf Z   0     
                    --------------- --------------- ---------------
    0   1.8157 THz   0.5128  0.0000 -0.2938  0.0000  0.8066 -0.0000
    1   1.8157 THz  -0.6354 -0.0000 -0.7618  0.0000  0.1264 -0.0000
    2   2.5134 THz  -0.5774  0.0000  0.5774  0.0000  0.5774  0.0000


 Q=  0.169258 -0.056419 -0.169258, q= -0.500000  0.000000  0.250000

                       Hf X   0        Hf Y   0        Hf Z   0     
                    --------------- --------------- ---------------
    0   2.3598 THz   0.4617  0.0000 -0.7574  0.0000 -0.4617  0.0000
    1   2.3676 THz   0.7071  0.0000  0.0000 -0.0000  0.7071 -0.0000
    2   2.9405 THz   0.5356  0.0000  0.6529  0.0000 -0.5356 -0.0000


 Q=  0.056419 -0.282096  0.056419, q= -0.500000  0.250000 -0.500000

                       Hf X   0        Hf Y   0        Hf Z   0     
                    --------------- --------------- ---------------
    0   2.3598 THz   0.4617  0.0000  0.7574  0.0000  0.4617  0.0000
    1   2.3676 THz  -0.7071  0.0000 -0.0000  0.0000  0.7071  0.0000
    2   2.9405 THz  -0.5356  0.0000  0.6529  0.0000 -0.5356 -0.0000


 Q=  0.112838 -0.225677  0.000000, q= -0.500000  0.250000 -0.250000

                       Hf X   0        Hf Y   0        Hf Z   0     
                    --------------- --------------- ---------------
    0   2.7592 THz   1.0000  0.0000  0.0000  0.0000  0.0000  0.0000
    1   3.3574 THz   0.0000  0.0000  0.4737 -0.0636 -0.5006  0.7217
    2   3.3574 THz   0.0000  0.0000 -0.8784 -0.0019 -0.3230  0.3523


 Q=  0.169258 -0.169258 -0.056419, q= -0.500000  0.250000  0.000000

                       Hf X   0        Hf Y   0        Hf Z   0     
                    --------------- --------------- ---------------
    0   2.3598 THz   0.4617  0.0000 -0.4617 -0.0000 -0.7574 -0.0000
    1   2.3676 THz   0.7071  0.0000  0.7071  0.0000  0.0000  0.0000
    2   2.9405 THz  -0.5356  0.0000  0.5356  0.0000 -0.6529  0.0000


 Q=  0.225677 -0.112838 -0.112838, q= -0.500000  0.250000  0.250000

                       Hf X   0        Hf Y   0        Hf Z   0     
                    --------------- --------------- ---------------
    0   1.8301 THz   0.0000  0.0000  0.4485 -0.5467 -0.4485  0.5467
    1   2.9499 THz   0.0000  0.0000 -0.3041 -0.6384 -0.3041 -0.6384
    2   3.2410 THz   1.0000  0.0000  0.0000  0.0000  0.0000  0.0000


 Q= -0.169258 -0.056419 -0.056419, q= -0.250000 -0.500000 -0.500000

                       Hf X   0        Hf Y   0        Hf Z   0     
                    --------------- --------------- ---------------
    0   2.3598 THz   0.7574  0.0000  0.4617  0.0000  0.4617 -0.0000
    1   2.3676 THz   0.0000  0.0000  0.7056 -0.0454 -0.7056  0.0454
    2   2.9405 THz   0.6529  0.0000 -0.5356 -0.0000 -0.5356  0.0000


 Q= -0.112838  0.000000 -0.112838, q= -0.250000 -0.500000 -0.250000

                       Hf X   0        Hf Y   0        Hf Z   0     
                    --------------- --------------- ---------------
    0   1.8301 THz   0.7071  0.0000  0.0000 -0.0000 -0.7071 -0.0000
    1   2.9499 THz   0.7071  0.0000  0.0000  0.0000  0.7071  0.0000
    2   3.2410 THz   0.0000  0.0000 -0.9822  0.1876  0.0000 -0.0000


 Q= -0.056419  0.056419 -0.169258, q= -0.250000 -0.500000  0.000000

                       Hf X   0        Hf Y   0        Hf Z   0     
                    --------------- --------------- ---------------
    0   2.3598 THz   0.4617  0.0000 -0.4617  0.0000  0.7574 -0.0000
    1   2.3676 THz  -0.7071  0.0000 -0.7071  0.0000  0.0000 -0.0000
    2   2.9405 THz  -0.5356  0.0000  0.5356 -0.0000  0.6529 -0.0000


 Q=  0.000000  0.112838 -0.225677, q= -0.250000 -0.500000  0.250000

                       Hf X   0        Hf Y   0        Hf Z   0     
                    --------------- --------------- ---------------
    0   2.7592 THz   0.0000  0.0000 -0.9965 -0.0838  0.0000 -0.0000
    1   3.3574 THz   1.0000  0.0000  0.0000  0.0000  0.0000  0.0000
    2   3.3574 THz   0.0000  0.0000 -0.0000 -0.0000 -0.9861  0.1664


 Q= -0.112838 -0.112838  0.000000, q= -0.250000 -0.250000 -0.500000

                       Hf X   0        Hf Y   0        Hf Z   0     
                    --------------- --------------- ---------------
    0   1.8301 THz   0.7071  0.0000 -0.7071 -0.0000  0.0000 -0.0000
    1   2.9499 THz  -0.7071  0.0000 -0.7071 -0.0000  0.0000 -0.0000
    2   3.2410 THz   0.0000  0.0000 -0.0000  0.0000 -0.1796  0.9837


 Q= -0.056419 -0.056419 -0.056419, q= -0.250000 -0.250000 -0.250000

                       Hf X   0        Hf Y   0        Hf Z   0     
                    --------------- --------------- ---------------
    0   1.4009 THz  -0.6989 -0.0000 -0.0159  0.0129  0.7148 -0.0129
    1   1.4009 THz   0.4221  0.0000 -0.8160  0.0213  0.3938 -0.0213
    2   3.2982 THz   0.5774  0.0000  0.5774 -0.0000  0.5774 -0.0000


 Q=  0.000000  0.000000 -0.112838, q= -0.250000 -0.250000  0.000000

                       Hf X   0        Hf Y   0        Hf Z   0     
                    --------------- --------------- ---------------
    0   2.1590 THz   1.0000  0.0000  0.0000  0.0000  0.0000  0.0000
    1   2.1590 THz   0.0000  0.0000 -0.7925 -0.6099  0.0000  0.0000
    2   3.1102 THz   0.0000  0.0000  0.0000  0.0000 -0.7068  0.7074


 Q=  0.056419  0.056419 -0.169258, q= -0.250000 -0.250000  0.250000

                       Hf X   0        Hf Y   0        Hf Z   0     
                    --------------- --------------- ---------------
    0   2.3598 THz   0.4617  0.0000  0.4617 -0.0000 -0.7574  0.0000
    1   2.3676 THz   0.7071  0.0000 -0.7071  0.0000 -0.0000 -0.0000
    2   2.9405 THz   0.5356  0.0000  0.5356 -0.0000  0.6529 -0.0000


 Q= -0.056419 -0.169258  0.056419, q= -0.250000  0.000000 -0.500000

                       Hf X   0        Hf Y   0        Hf Z   0     
                    --------------- --------------- ---------------
    0   2.3598 THz   0.4617  0.0000  0.7574  0.0000 -0.4617 -0.0000
    1   2.3676 THz   0.7071  0.0000 -0.0000 -0.0000  0.7071  0.0000
    2   2.9405 THz  -0.5356  0.0000  0.6529  0.0000  0.5356  0.0000


 Q=  0.000000 -0.112838  0.000000, q= -0.250000  0.000000 -0.250000

                       Hf X   0        Hf Y   0        Hf Z   0     
                    --------------- --------------- ---------------
    0   2.1590 THz   1.0000  0.0000  0.0000  0.0000  0.0000  0.0000
    1   2.1590 THz   0.0000  0.0000  0.0000  0.0000 -0.5834  0.8122
    2   3.1102 THz   0.0000  0.0000 -0.9859  0.1672  0.0000  0.0000


 Q=  0.056419 -0.056419 -0.056419, q= -0.250000  0.000000  0.000000

                       Hf X   0        Hf Y   0        Hf Z   0     
                    --------------- --------------- ---------------
    0   1.4009 THz   0.8165  0.0000  0.4082  0.0000  0.4082  0.0000
    1   1.4009 THz   0.0000  0.0000  0.6970 -0.1193 -0.6970  0.1193
    2   3.2982 THz   0.5774  0.0000 -0.5774 -0.0000 -0.5774 -0.0000


 Q=  0.112838  0.000000 -0.112838, q= -0.250000  0.000000  0.250000

                       Hf X   0        Hf Y   0        Hf Z   0     
                    --------------- --------------- ---------------
    0   1.8301 THz   0.7071  0.0000  0.0000  0.0000  0.7071 -0.0000
    1   2.9499 THz   0.7071  0.0000  0.0000 -0.0000 -0.7071  0.0000
    2   3.2410 THz   0.0000  0.0000 -0.9889 -0.1483  0.0000 -0.0000


 Q=  0.000000 -0.225677  0.112838, q= -0.250000  0.250000 -0.500000

                       Hf X   0        Hf Y   0        Hf Z   0     
                    --------------- --------------- ---------------
    0   2.7592 THz   0.0000  0.0000  0.0000  0.0000 -0.6113  0.7914
    1   3.3574 THz   0.0000  0.0000 -0.8140  0.5809  0.0000 -0.0000
    2   3.3574 THz   1.0000  0.0000  0.0000  0.0000  0.0000  0.0000


 Q=  0.056419 -0.169258  0.056419, q= -0.250000  0.250000 -0.250000

                       Hf X   0        Hf Y   0        Hf Z   0     
                    --------------- --------------- ---------------
    0   2.3598 THz   0.4617  0.0000 -0.7574  0.0000  0.4617 -0.0000
    1   2.3676 THz  -0.7071  0.0000  0.0000  0.0000  0.7071 -0.0000
    2   2.9405 THz   0.5356  0.0000  0.6529 -0.0000  0.5356 -0.0000


 Q=  0.112838 -0.112838  0.000000, q= -0.250000  0.250000  0.000000

                       Hf X   0        Hf Y   0        Hf Z   0     
                    --------------- --------------- ---------------
    0   1.8301 THz   0.7071  0.0000  0.7071  0.0000  0.0000 -0.0000
    1   2.9499 THz   0.7071  0.0000 -0.7071 -0.0000 -0.0000  0.0000
    2   3.2410 THz   0.0000  0.0000  0.0000  0.0000 -0.9728  0.2316


 Q=  0.169258 -0.056419 -0.056419, q= -0.250000  0.250000  0.250000

                       Hf X   0        Hf Y   0        Hf Z   0     
                    --------------- --------------- ---------------
    0   2.3598 THz   0.7574  0.0000 -0.4617  0.0000 -0.4617  0.0000
    1   2.3676 THz   0.0000  0.0000  0.7071  0.0039 -0.7071 -0.0039
    2   2.9405 THz  -0.6529  0.0000 -0.5356  0.0000 -0.5356  0.0000


 Q= -0.225677  0.000000  0.000000, q=  0.000000 -0.500000 -0.500000

                       Hf X   0        Hf Y   0        Hf Z   0     
                    --------------- --------------- ---------------
    0   2.8193 THz   0.0000  0.0000  0.6629 -0.0000 -0.7487  0.0000
    1   2.8193 THz   0.0000  0.0000 -0.7487  0.0000 -0.6629  0.0000
    2   3.6330 THz   1.0000  0.0000  0.0000  0.0000  0.0000  0.0000


 Q= -0.169258  0.056419 -0.056419, q=  0.000000 -0.500000 -0.250000

                       Hf X   0        Hf Y   0        Hf Z   0     
                    --------------- --------------- ---------------
    0   2.3598 THz   0.7574  0.0000 -0.4617  0.0000  0.4617 -0.0000
    1   2.3676 THz   0.0000  0.0000 -0.7062 -0.0363 -0.7062 -0.0363
    2   2.9405 THz  -0.6529  0.0000 -0.5356  0.0000  0.5356 -0.0000


 Q= -0.112838  0.112838 -0.112838, q=  0.000000 -0.500000  0.000000

                       Hf X   0        Hf Y   0        Hf Z   0     
                    --------------- --------------- ---------------
    0   1.8157 THz   0.8165  0.0000  0.4082  0.0000 -0.4082 -0.0000
    1   1.8157 THz   0.0000  0.0000 -0.0000  0.7071  0.0000  0.7071
    2   2.5134 THz   0.5774  0.0000 -0.5774 -0.0000  0.5774  0.0000


 Q= -0.056419  0.169258 -0.169258, q=  0.000000 -0.500000  0.250000

                       Hf X   0        Hf Y   0        Hf Z   0     
                    --------------- --------------- ---------------
    0   2.3598 THz   0.7574  0.0000 -0.4617 -0.0000  0.4617 -0.0000
    1   2.3676 THz   0.0000  0.0000 -0.7071  0.0048 -0.7071  0.0048
    2   2.9405 THz   0.6529  0.0000  0.5356  0.0000 -0.5356 -0.0000


 Q= -0.169258 -0.056419  0.056419, q=  0.000000 -0.250000 -0.500000

                       Hf X   0        Hf Y   0        Hf Z   0     
                    --------------- --------------- ---------------
    0   2.3598 THz   0.7574  0.0000  0.4617  0.0000 -0.4617 -0.0000
    1   2.3676 THz   0.0000  0.0000 -0.7071  0.0050 -0.7071  0.0050
    2   2.9405 THz   0.6529  0.0000 -0.5356 -0.0000  0.5356  0.0000


 Q= -0.112838  0.000000  0.000000, q=  0.000000 -0.250000 -0.250000

                       Hf X   0        Hf Y   0        Hf Z   0     
                    --------------- --------------- ---------------
    0   2.1590 THz   0.0000  0.0000  0.1346 -0.0288 -0.7357 -0.6631
    1   2.1590 THz   0.0000  0.0000 -0.5891  0.7963 -0.1376 -0.0014
    2   3.1102 THz   1.0000  0.0000  0.0000  0.0000  0.0000  0.0000


 Q= -0.056419  0.056419 -0.056419, q=  0.000000 -0.250000  0.000000

                       Hf X   0        Hf Y   0        Hf Z   0     
                    --------------- --------------- ---------------
    0   1.4009 THz   0.8165  0.0000  0.4082 -0.0000 -0.4082  0.0000
    1   1.4009 THz   0.0000  0.0000 -0.7064 -0.0310 -0.7064 -0.0310
    2   3.2982 THz   0.5774  0.0000 -0.5774  0.0000  0.5774 -0.0000


 Q=  0.000000  0.112838 -0.112838, q=  0.000000 -0.250000  0.250000

                       Hf X   0        Hf Y   0        Hf Z   0     
                    --------------- --------------- ---------------
    0   1.8301 THz   0.0000  0.0000 -0.6972 -0.1179 -0.6972 -0.1179
    1   2.9499 THz   0.0000  0.0000  0.5254  0.4732 -0.5254 -0.4732
    2   3.2410 THz   1.0000  0.0000  0.0000  0.0000  0.0000  0.0000


 Q= -0.112838 -0.112838  0.112838, q=  0.000000  0.000000 -0.500000

                       Hf X   0        Hf Y   0        Hf Z   0     
                    --------------- --------------- ---------------
    0   1.8157 THz   0.8165  0.0000 -0.4082  0.0000  0.4082 -0.0000
    1   1.8157 THz   0.0000  0.0000 -0.7071 -0.0000 -0.7071 -0.0000
    2   2.5134 THz  -0.5774  0.0000 -0.5774  0.0000  0.5774 -0.0000


 Q= -0.056419 -0.056419  0.056419, q=  0.000000  0.000000 -0.250000

                       Hf X   0        Hf Y   0        Hf Z   0     
                    --------------- --------------- ---------------
    0   1.4009 THz   0.8165  0.0000 -0.4082  0.0000  0.4082 -0.0000
    1   1.4009 THz   0.0000  0.0000 -0.7032  0.0740 -0.7032  0.0740
    2   3.2982 THz  -0.5774  0.0000 -0.5774  0.0000  0.5774 -0.0000


 Q=  0.000000  0.000000  0.000000, q=  0.000000  0.000000  0.000000

                       Hf X   0        Hf Y   0        Hf Z   0     
                    --------------- --------------- ---------------
    0   0.0000 THz  -0.3440  0.0000 -0.3432  0.0000 -0.8740  0.0000
    1   0.0000 THz  -0.3700  0.0000 -0.8059  0.0000  0.4621  0.0000
    2   0.0000 THz   0.8630  0.0000 -0.4823  0.0000 -0.1502  0.0000


 Q=  0.056419  0.056419 -0.056419, q=  0.000000  0.000000  0.250000

                       Hf X   0        Hf Y   0        Hf Z   0     
                    --------------- --------------- ---------------
    0   1.4009 THz   0.8165  0.0000 -0.4082 -0.0000  0.4082  0.0000
    1   1.4009 THz   0.0000  0.0000 -0.7032 -0.0740 -0.7032 -0.0740
    2   3.2982 THz  -0.5774  0.0000 -0.5774 -0.0000  0.5774  0.0000


 Q= -0.056419 -0.169258  0.169258, q=  0.000000  0.250000 -0.500000

                       Hf X   0        Hf Y   0        Hf Z   0     
                    --------------- --------------- ---------------
    0   2.3598 THz   0.7574  0.0000  0.4617 -0.0000 -0.4617  0.0000
    1   2.3676 THz   0.0000  0.0000 -0.7071  0.0068 -0.7071  0.0068
    2   2.9405 THz   0.6529  0.0000 -0.5356  0.0000  0.5356 -0.0000


 Q=  0.000000 -0.112838  0.112838, q=  0.000000  0.250000 -0.250000

                       Hf X   0        Hf Y   0        Hf Z   0     
                    --------------- --------------- ---------------
    0   1.8301 THz   0.0000  0.0000 -0.6972  0.1179 -0.6972  0.1179
    1   2.9499 THz   0.0000  0.0000  0.5254 -0.4732 -0.5254  0.4732
    2   3.2410 THz   1.0000  0.0000  0.0000  0.0000  0.0000  0.0000


 Q=  0.056419 -0.056419  0.056419, q=  0.000000  0.250000  0.000000

                       Hf X   0        Hf Y   0        Hf Z   0     
                    --------------- --------------- ---------------
    0   1.4009 THz   0.8165  0.0000  0.4082  0.0000 -0.4082 -0.0000
    1   1.4009 THz   0.0000  0.0000 -0.7064  0.0310 -0.7064  0.0310
    2   3.2982 THz   0.5774  0.0000 -0.5774 -0.0000  0.5774  0.0000


 Q=  0.112838  0.000000  0.000000, q=  0.000000  0.250000  0.250000

                       Hf X   0        Hf Y   0        Hf Z   0     
                    --------------- --------------- ---------------
    0   2.1590 THz   0.0000  0.0000  0.1346  0.0288 -0.7357  0.6631
    1   2.1590 THz   0.0000  0.0000 -0.5891 -0.7963 -0.1376  0.0014
    2   3.1102 THz   1.0000  0.0000  0.0000  0.0000  0.0000  0.0000


 Q= -0.282096  0.056419  0.056419, q=  0.250000 -0.500000 -0.500000

                       Hf X   0        Hf Y   0        Hf Z   0     
                    --------------- --------------- ---------------
    0   2.3598 THz   0.7574  0.0000  0.4617 -0.0000  0.4617  0.0000
    1   2.3676 THz   0.0000  0.0000  0.7024  0.0814 -0.7024 -0.0814
    2   2.9405 THz   0.6529  0.0000 -0.5356  0.0000 -0.5356 -0.0000


 Q= -0.225677  0.112838  0.000000, q=  0.250000 -0.500000 -0.250000

                       Hf X   0        Hf Y   0        Hf Z   0     
                    --------------- --------------- ---------------
    0   2.7592 THz   0.0000  0.0000 -0.9324  0.3615  0.0000 -0.0000
    1   3.3574 THz   1.0000  0.0000  0.0000  0.0000  0.0000  0.0000
    2   3.3574 THz   0.0000  0.0000 -0.0000  0.0000 -0.9798 -0.2000


 Q= -0.169258  0.169258 -0.056419, q=  0.250000 -0.500000  0.000000

                       Hf X   0        Hf Y   0        Hf Z   0     
                    --------------- --------------- ---------------
    0   2.3598 THz   0.4617  0.0000 -0.4617 -0.0000  0.7574  0.0000
    1   2.3676 THz  -0.7071  0.0000 -0.7071 -0.0000  0.0000  0.0000
    2   2.9405 THz  -0.5356  0.0000  0.5356  0.0000  0.6529  0.0000


 Q= -0.112838  0.225677 -0.112838, q=  0.250000 -0.500000  0.250000

                       Hf X   0        Hf Y   0        Hf Z   0     
                    --------------- --------------- ---------------
    0   1.8301 THz   0.7071  0.0000  0.0000  0.0000 -0.7071  0.0000
    1   2.9499 THz   0.7071  0.0000  0.0000 -0.0000  0.7071 -0.0000
    2   3.2410 THz   0.0000  0.0000 -0.9671 -0.2542  0.0000  0.0000


 Q= -0.225677  0.000000  0.112838, q=  0.250000 -0.250000 -0.500000

                       Hf X   0        Hf Y   0        Hf Z   0     
                    --------------- --------------- ---------------
    0   2.7592 THz   0.0000  0.0000  0.0000  0.0000 -0.8622 -0.5066
    1   3.3574 THz   1.0000  0.0000  0.0000  0.0000  0.0000  0.0000
    2   3.3574 THz   0.0000  0.0000 -0.8140 -0.5809 -0.0000 -0.0000


 Q= -0.169258  0.056419  0.056419, q=  0.250000 -0.250000 -0.250000

                       Hf X   0        Hf Y   0        Hf Z   0     
                    --------------- --------------- ---------------
    0   2.3598 THz   0.7574  0.0000 -0.4617 -0.0000 -0.4617 -0.0000
    1   2.3676 THz   0.0000  0.0000  0.7071 -0.0039 -0.7071  0.0039
    2   2.9405 THz  -0.6529  0.0000 -0.5356 -0.0000 -0.5356 -0.0000


 Q= -0.112838  0.112838  0.000000, q=  0.250000 -0.250000  0.000000

                       Hf X   0        Hf Y   0        Hf Z   0     
                    --------------- --------------- ---------------
    0   1.8301 THz   0.7071  0.0000  0.7071 -0.0000  0.0000  0.0000
    1   2.9499 THz   0.7071  0.0000 -0.7071  0.0000 -0.0000 -0.0000
    2   3.2410 THz   0.0000  0.0000  0.0000 -0.0000 -0.9728 -0.2316


 Q= -0.056419  0.169258 -0.056419, q=  0.250000 -0.250000  0.250000

                       Hf X   0        Hf Y   0        Hf Z   0     
                    --------------- --------------- ---------------
    0   2.3598 THz   0.4617  0.0000 -0.7574 -0.0000  0.4617  0.0000
    1   2.3676 THz  -0.7071  0.0000  0.0000 -0.0000  0.7071  0.0000
    2   2.9405 THz   0.5356  0.0000  0.6529  0.0000  0.5356  0.0000


 Q= -0.169258 -0.056419  0.169258, q=  0.250000  0.000000 -0.500000

                       Hf X   0        Hf Y   0        Hf Z   0     
                    --------------- --------------- ---------------
    0   2.3598 THz   0.4617  0.0000  0.7574 -0.0000 -0.4617  0.0000
    1   2.3676 THz   0.7071  0.0000  0.0000  0.0000  0.7071 -0.0000
    2   2.9405 THz  -0.5356  0.0000  0.6529 -0.0000  0.5356 -0.0000


 Q= -0.112838  0.000000  0.112838, q=  0.250000  0.000000 -0.250000

                       Hf X   0        Hf Y   0        Hf Z   0     
                    --------------- --------------- ---------------
    0   1.8301 THz   0.7071  0.0000  0.0000 -0.0000  0.7071  0.0000
    1   2.9499 THz   0.7071  0.0000  0.0000  0.0000 -0.7071 -0.0000
    2   3.2410 THz   0.0000  0.0000 -0.9889  0.1483  0.0000  0.0000


 Q= -0.056419  0.056419  0.056419, q=  0.250000  0.000000  0.000000

                       Hf X   0        Hf Y   0        Hf Z   0     
                    --------------- --------------- ---------------
    0   1.4009 THz   0.8165  0.0000  0.4082 -0.0000  0.4082 -0.0000
    1   1.4009 THz   0.0000  0.0000  0.6970  0.1193 -0.6970 -0.1193
    2   3.2982 THz   0.5774  0.0000 -0.5774  0.0000 -0.5774  0.0000


 Q=  0.000000  0.112838  0.000000, q=  0.250000  0.000000  0.250000

                       Hf X   0        Hf Y   0        Hf Z   0     
                    --------------- --------------- ---------------
    0   2.1590 THz   1.0000  0.0000  0.0000  0.0000  0.0000  0.0000
    1   2.1590 THz   0.0000  0.0000  0.0000 -0.0000 -0.5834 -0.8122
    2   3.1102 THz   0.0000  0.0000 -0.9859 -0.1672  0.0000 -0.0000


 Q= -0.112838 -0.112838  0.225677, q=  0.250000  0.250000 -0.500000

                       Hf X   0        Hf Y   0        Hf Z   0     
                    --------------- --------------- ---------------
    0   1.8301 THz   0.7071  0.0000 -0.7071  0.0000  0.0000  0.0000
    1   2.9499 THz  -0.7071  0.0000 -0.7071  0.0000  0.0000  0.0000
    2   3.2410 THz   0.0000  0.0000 -0.0000  0.0000 -0.9710  0.2389


 Q= -0.056419 -0.056419  0.169258, q=  0.250000  0.250000 -0.250000

                       Hf X   0        Hf Y   0        Hf Z   0     
                    --------------- --------------- ---------------
    0   2.3598 THz   0.4617  0.0000  0.4617  0.0000 -0.7574 -0.0000
    1   2.3676 THz   0.7071  0.0000 -0.7071 -0.0000 -0.0000  0.0000
    2   2.9405 THz   0.5356  0.0000  0.5356  0.0000  0.6529  0.0000


 Q=  0.000000  0.000000  0.112838, q=  0.250000  0.250000  0.000000

                       Hf X   0        Hf Y   0        Hf Z   0     
                    --------------- --------------- ---------------
    0   2.1590 THz   1.0000  0.0000  0.0000  0.0000  0.0000  0.0000
    1   2.1590 THz   0.0000  0.0000 -0.7925  0.6099  0.0000  0.0000
    2   3.1102 THz   0.0000  0.0000  0.0000  0.0000 -0.7068 -0.7074


 Q=  0.056419  0.056419  0.056419, q=  0.250000  0.250000  0.250000

                       Hf X   0        Hf Y   0        Hf Z   0     
                    --------------- --------------- ---------------
    0   1.4009 THz  -0.6989 -0.0000 -0.0159 -0.0129  0.7148  0.0129
    1   1.4009 THz   0.4221  0.0000 -0.8160 -0.0213  0.3938  0.0213
    2   3.2982 THz   0.5774  0.0000  0.5774  0.0000  0.5774  0.0000
