
Used Primitive lattice vector

    0.000000000000      2.142737000000      2.142737000000  
    2.142737000000      0.000000000000      2.142737000000  
    2.142737000000      2.142737000000      0.000000000000  

   2 Atom(s) in the Primitive cell

 0.0000000000 0.0000000000 0.0000000000 Mg    0
 0.5000000000 0.5000000000 0.5000000000  O    1


 Q= -0.116673 -0.116673 -0.116673, q= -0.500000 -0.500000 -0.500000

                       Mg X   0        Mg Y   0        Mg Z   0         O X   1         O Y   1         O Z   1     
                    --------------- --------------- --------------- --------------- --------------- ---------------
    0   7.2409 THz   0.0000  0.0000  0.7071 -0.0000 -0.7071  0.0000  0.0000  0.0000 -0.0000  0.0000  0.0000 -0.0000
    1   7.2409 THz   0.8165  0.0000 -0.4082  0.0000 -0.4082 -0.0000  0.0000  0.0000  0.0000 -0.0000  0.0000 -0.0000
    2  10.2275 THz   0.0000  0.0000  0.0000 -0.0000 -0.0000  0.0000 -0.4187  0.5497  0.5826 -0.2244 -0.1639 -0.3253
    3  10.2275 THz   0.0000  0.0000 -0.0000  0.0000  0.0000 -0.0000  0.3782  0.2148 -0.1891  0.4911 -0.1891 -0.7058
    4  15.0433 THz  -0.5774  0.0000 -0.5774  0.0000 -0.5774 -0.0000  0.0000  0.0000  0.0000 -0.0000  0.0000 -0.0000
    5  16.3573 THz   0.0000  0.0000  0.0000 -0.0000  0.0000 -0.0000  0.5773 -0.0047  0.5773 -0.0047  0.5773 -0.0047


 Q= -0.058337 -0.058337 -0.175010, q= -0.500000 -0.500000 -0.250000

                       Mg X   0        Mg Y   0        Mg Z   0         O X   1         O Y   1         O Z   1     
                    --------------- --------------- --------------- --------------- --------------- ---------------
    0   7.7552 THz  -0.6936  0.0000  0.6936 -0.0000 -0.0000  0.0000 -0.1374  0.0000  0.1374 -0.0000 -0.0000  0.0000
    1   8.8340 THz   0.5090  0.0000  0.5090 -0.0000 -0.6849  0.0000  0.0593 -0.0000  0.0593 -0.0000 -0.0756  0.0000
    2  11.3778 THz  -0.1374  0.0000  0.1374 -0.0000  0.0000 -0.0000  0.6936 -0.0000 -0.6936  0.0000  0.0000 -0.0000
    3  11.7275 THz  -0.4419  0.0000 -0.4419  0.0000 -0.5766  0.0000  0.1602  0.0000  0.1602 -0.0000 -0.4751  0.0000
    4  12.9595 THz  -0.1536  0.0000 -0.1536  0.0000 -0.3678 -0.0000 -0.5950  0.0000 -0.5950  0.0000  0.3309 -0.0000
    5  15.9118 THz   0.1486  0.0000  0.1486  0.0000  0.2513  0.0000 -0.3418  0.0000 -0.3418  0.0000 -0.8118  0.0000


 Q=  0.000000  0.000000 -0.233346, q= -0.500000 -0.500000  0.000000

                       Mg X   0        Mg Y   0        Mg Z   0         O X   1         O Y   1         O Z   1     
                    --------------- --------------- --------------- --------------- --------------- ---------------
    0   8.2600 THz  -0.0000  0.0000  0.9707  0.0000 -0.0000  0.0000 -0.0000  0.0000  0.2403  0.0000  0.0000 -0.0000
    1   8.2600 THz   0.9707  0.0000  0.0000  0.0000  0.0000 -0.0000  0.2403 -0.0000  0.0000  0.0000 -0.0000  0.0000
    2  11.2634 THz   0.0000  0.0000 -0.0000  0.0000 -0.9800  0.0000 -0.0000  0.0000 -0.0000  0.0000 -0.1988  0.0000
    3  12.3148 THz   0.2376  0.0000 -0.0359  0.0000  0.0000  0.0000 -0.9598  0.0000  0.1449 -0.0000  0.0000  0.0000
    4  12.3148 THz   0.0359  0.0000  0.2376 -0.0000  0.0000  0.0000 -0.1449  0.0000 -0.9598  0.0000  0.0000 -0.0000
    5  15.8377 THz   0.0000  0.0000 -0.0000 -0.0000 -0.1988  0.0000  0.0000 -0.0000 -0.0000  0.0000  0.9800 -0.0000


 Q=  0.058337  0.058337 -0.291683, q= -0.500000 -0.500000  0.250000

                       Mg X   0        Mg Y   0        Mg Z   0         O X   1         O Y   1         O Z   1     
                    --------------- --------------- --------------- --------------- --------------- ---------------
    0   7.7552 THz  -0.6936  0.0000  0.6936  0.0000 -0.0000 -0.0000 -0.1374 -0.0000  0.1374  0.0000 -0.0000  0.0000
    1   8.8340 THz   0.5090  0.0000  0.5090  0.0000 -0.6849 -0.0000  0.0593  0.0000  0.0593  0.0000 -0.0756 -0.0000
    2  11.3778 THz  -0.1374  0.0000  0.1374 -0.0000 -0.0000 -0.0000  0.6936  0.0000 -0.6936 -0.0000 -0.0000 -0.0000
    3  11.7275 THz  -0.4419  0.0000 -0.4419  0.0000 -0.5766 -0.0000  0.1602  0.0000  0.1602 -0.0000 -0.4751 -0.0000
    4  12.9595 THz  -0.1536  0.0000 -0.1536  0.0000 -0.3678  0.0000 -0.5950  0.0000 -0.5950 -0.0000  0.3309 -0.0000
    5  15.9118 THz   0.1486  0.0000  0.1486 -0.0000  0.2513 -0.0000 -0.3418 -0.0000 -0.3418 -0.0000 -0.8118 -0.0000


 Q= -0.058337 -0.175010 -0.058337, q= -0.500000 -0.250000 -0.500000

                       Mg X   0        Mg Y   0        Mg Z   0         O X   1         O Y   1         O Z   1     
                    --------------- --------------- --------------- --------------- --------------- ---------------
    0   7.7552 THz   0.6936  0.0000 -0.0000 -0.0000 -0.6936  0.0000  0.1374 -0.0000  0.0000 -0.0000 -0.1374  0.0000
    1   8.8340 THz   0.5090  0.0000 -0.6849  0.0000  0.5090 -0.0000  0.0593 -0.0000 -0.0756  0.0000  0.0593 -0.0000
    2  11.3778 THz  -0.1374  0.0000 -0.0000 -0.0000  0.1374 -0.0000  0.6936 -0.0000 -0.0000 -0.0000 -0.6936  0.0000
    3  11.7275 THz  -0.4419  0.0000 -0.5766  0.0000 -0.4419  0.0000  0.1602  0.0000 -0.4751  0.0000  0.1602 -0.0000
    4  12.9595 THz   0.1536  0.0000  0.3678  0.0000  0.1536 -0.0000  0.5950 -0.0000 -0.3309  0.0000  0.5950 -0.0000
    5  15.9118 THz   0.1486  0.0000  0.2513  0.0000  0.1486 -0.0000 -0.3418  0.0000 -0.8118  0.0000 -0.3418  0.0000


 Q=  0.000000 -0.116673 -0.116673, q= -0.500000 -0.250000 -0.250000

                       Mg X   0        Mg Y   0        Mg Z   0         O X   1         O Y   1         O Z   1     
                    --------------- --------------- --------------- --------------- --------------- ---------------
    0   6.8943 THz   0.0000  0.0000  0.3924 -0.5604 -0.3924  0.5604  0.0000 -0.0000  0.1026 -0.1465 -0.1026  0.1465
    1   8.9624 THz   0.9891  0.0000  0.0000  0.0000  0.0000  0.0000  0.1475 -0.0000 -0.0000  0.0000 -0.0000  0.0000
    2  10.4882 THz   0.0000  0.0000  0.1476  0.1010 -0.1476 -0.1010 -0.0000 -0.0000 -0.5647 -0.3862  0.5647  0.3862
    3  11.4071 THz   0.0000  0.0000 -0.3776 -0.4958 -0.3776 -0.4958  0.0000 -0.0000 -0.2024 -0.2658 -0.2024 -0.2658
    4  12.7789 THz  -0.1475  0.0000  0.0000  0.0000  0.0000  0.0000  0.9891 -0.0000 -0.0000  0.0000 -0.0000  0.0000
    5  16.5725 THz   0.0000  0.0000  0.3242 -0.0805  0.3242 -0.0805 -0.0000 -0.0000 -0.6049  0.1502 -0.6049  0.1502


 Q=  0.058337 -0.058337 -0.175010, q= -0.500000 -0.250000  0.000000

                       Mg X   0        Mg Y   0        Mg Z   0         O X   1         O Y   1         O Z   1     
                    --------------- --------------- --------------- --------------- --------------- ---------------
    0   7.7552 THz   0.6936  0.0000  0.6936 -0.0000 -0.0000  0.0000  0.1374 -0.0000  0.1374 -0.0000 -0.0000  0.0000
    1   8.8340 THz   0.5090  0.0000 -0.5090  0.0000  0.6849  0.0000  0.0593 -0.0000 -0.0593  0.0000  0.0756  0.0000
    2  11.3778 THz   0.1374  0.0000  0.1374 -0.0000 -0.0000 -0.0000 -0.6936  0.0000 -0.6936  0.0000 -0.0000 -0.0000
    3  11.7275 THz   0.4419  0.0000 -0.4419  0.0000 -0.5766  0.0000 -0.1602 -0.0000  0.1602  0.0000 -0.4751 -0.0000
    4  12.9595 THz   0.1536  0.0000 -0.1536  0.0000 -0.3678 -0.0000  0.5950  0.0000 -0.5950 -0.0000  0.3309  0.0000
    5  15.9118 THz   0.1486  0.0000 -0.1486 -0.0000 -0.2513  0.0000 -0.3418  0.0000  0.3418 -0.0000  0.8118 -0.0000


 Q=  0.116673  0.000000 -0.233346, q= -0.500000 -0.250000  0.250000

                       Mg X   0        Mg Y   0        Mg Z   0         O X   1         O Y   1         O Z   1     
                    --------------- --------------- --------------- --------------- --------------- ---------------
    0   9.3738 THz   1.0000  0.0000  0.0000  0.0000  0.0000  0.0000  0.0000  0.0000  0.0000  0.0000  0.0000  0.0000
    1  10.1886 THz   0.0000  0.0000  0.4746  0.0923  0.7461 -0.4548  0.0000  0.0000 -0.0249 -0.0048  0.0392 -0.0239
    2  10.1886 THz   0.0000  0.0000 -0.8590 -0.1603  0.4109 -0.2548  0.0000  0.0000  0.0451  0.0084  0.0216 -0.0134
    3  12.5537 THz  -0.0000 -0.0000  0.0000 -0.0000 -0.0000  0.0000  0.8718  0.4899 -0.0000 -0.0000 -0.0000  0.0000
    4  14.2098 THz  -0.0000 -0.0000 -0.0192 -0.0482  0.0069 -0.0024 -0.0000 -0.0000 -0.3664 -0.9186 -0.1306  0.0464
    5  14.2098 THz   0.0000  0.0000 -0.0021 -0.0070 -0.0502  0.0134  0.0000  0.0000 -0.0409 -0.1324  0.9553 -0.2559


 Q=  0.000000 -0.233346  0.000000, q= -0.500000  0.000000 -0.500000

                       Mg X   0        Mg Y   0        Mg Z   0         O X   1         O Y   1         O Z   1     
                    --------------- --------------- --------------- --------------- --------------- ---------------
    0   8.2600 THz   0.0000  0.0000  0.0000  0.0000  0.9707 -0.0000 -0.0000 -0.0000  0.0000 -0.0000  0.2403 -0.0000
    1   8.2600 THz   0.9707  0.0000 -0.0000 -0.0000  0.0000 -0.0000  0.2403 -0.0000 -0.0000 -0.0000 -0.0000 -0.0000
    2  11.2634 THz   0.0000  0.0000 -0.9800 -0.0000  0.0000 -0.0000 -0.0000 -0.0000 -0.1988 -0.0000  0.0000 -0.0000
    3  12.3148 THz   0.0000  0.0000  0.0000 -0.0000  0.2403  0.0000 -0.0000 -0.0000 -0.0000 -0.0000 -0.9707 -0.0000
    4  12.3148 THz  -0.2403  0.0000 -0.0000 -0.0000  0.0000 -0.0000  0.9707 -0.0000 -0.0000 -0.0000 -0.0000 -0.0000
    5  15.8377 THz   0.0000  0.0000 -0.1988  0.0000 -0.0000 -0.0000  0.0000 -0.0000  0.9800 -0.0000 -0.0000  0.0000


 Q=  0.058337 -0.175010 -0.058337, q= -0.500000  0.000000 -0.250000

                       Mg X   0        Mg Y   0        Mg Z   0         O X   1         O Y   1         O Z   1     
                    --------------- --------------- --------------- --------------- --------------- ---------------
    0   7.7552 THz  -0.6936  0.0000 -0.0000 -0.0000 -0.6936  0.0000 -0.1374  0.0000 -0.0000  0.0000 -0.1374  0.0000
    1   8.8340 THz   0.5090  0.0000  0.6849 -0.0000 -0.5090  0.0000  0.0593 -0.0000  0.0756 -0.0000 -0.0593  0.0000
    2  11.3778 THz   0.1374  0.0000  0.0000  0.0000  0.1374  0.0000 -0.6936  0.0000  0.0000  0.0000 -0.6936  0.0000
    3  11.7275 THz   0.4419  0.0000 -0.5766  0.0000 -0.4419 -0.0000 -0.1602  0.0000 -0.4751  0.0000  0.1602  0.0000
    4  12.9595 THz  -0.1536  0.0000  0.3678  0.0000  0.1536  0.0000 -0.5950 -0.0000 -0.3309 -0.0000  0.5950  0.0000
    5  15.9118 THz   0.1486  0.0000 -0.2513 -0.0000 -0.1486 -0.0000 -0.3418  0.0000  0.8118 -0.0000  0.3418 -0.0000


 Q=  0.116673 -0.116673 -0.116673, q= -0.500000  0.000000  0.000000

                       Mg X   0        Mg Y   0        Mg Z   0         O X   1         O Y   1         O Z   1     
                    --------------- --------------- --------------- --------------- --------------- ---------------
    0   7.2409 THz   0.7065  0.0000 -0.0012  0.0000  0.7077 -0.0000  0.0000 -0.0000 -0.0000  0.0000  0.0000 -0.0000
    1   7.2409 THz  -0.4093  0.0000 -0.8165  0.0000  0.4072 -0.0000  0.0000  0.0000 -0.0000  0.0000  0.0000 -0.0000
    2  10.2275 THz   0.0000  0.0000 -0.0000 -0.0000  0.0000  0.0000  0.0137  0.0091  0.6678  0.2555 -0.6541 -0.2464
    3  10.2275 THz  -0.0000  0.0000 -0.0000 -0.0000 -0.0000  0.0000  0.1819 -0.7958  0.0909 -0.3837  0.0909 -0.4121
    4  15.0433 THz  -0.5774  0.0000  0.5774 -0.0000  0.5774  0.0000  0.0000 -0.0000 -0.0000  0.0000 -0.0000  0.0000
    5  16.3573 THz   0.0000  0.0000 -0.0000 -0.0000 -0.0000  0.0000  0.3752 -0.4388 -0.3752  0.4388 -0.3752  0.4388


 Q=  0.175010 -0.058337 -0.175010, q= -0.500000  0.000000  0.250000

                       Mg X   0        Mg Y   0        Mg Z   0         O X   1         O Y   1         O Z   1     
                    --------------- --------------- --------------- --------------- --------------- ---------------
    0   7.7552 THz  -0.6936  0.0000 -0.0000  0.0000 -0.6936 -0.0000  0.1374  0.0000 -0.0000  0.0000  0.1374  0.0000
    1   8.8340 THz  -0.5090  0.0000 -0.6849 -0.0000  0.5090  0.0000  0.0593  0.0000  0.0756  0.0000 -0.0593 -0.0000
    2  11.3778 THz  -0.1374  0.0000  0.0000  0.0000 -0.1374  0.0000 -0.6936 -0.0000 -0.0000 -0.0000 -0.6936 -0.0000
    3  11.7275 THz   0.4419  0.0000 -0.5766 -0.0000 -0.4419  0.0000  0.1602  0.0000  0.4751 -0.0000 -0.1602  0.0000
    4  12.9595 THz   0.1536  0.0000 -0.3678  0.0000 -0.1536  0.0000 -0.5950  0.0000 -0.3309  0.0000  0.5950 -0.0000
    5  15.9118 THz   0.1486  0.0000 -0.2513 -0.0000 -0.1486 -0.0000  0.3418  0.0000 -0.8118 -0.0000 -0.3418 -0.0000


 Q=  0.058337 -0.291683  0.058337, q= -0.500000  0.250000 -0.500000

                       Mg X   0        Mg Y   0        Mg Z   0         O X   1         O Y   1         O Z   1     
                    --------------- --------------- --------------- --------------- --------------- ---------------
    0   7.7552 THz   0.6936  0.0000 -0.0000  0.0000 -0.6936 -0.0000  0.1374  0.0000  0.0000 -0.0000 -0.1374 -0.0000
    1   8.8340 THz   0.5090  0.0000 -0.6849 -0.0000  0.5090  0.0000  0.0593  0.0000 -0.0756 -0.0000  0.0593  0.0000
    2  11.3778 THz  -0.1374  0.0000  0.0000 -0.0000  0.1374  0.0000  0.6936  0.0000 -0.0000 -0.0000 -0.6936 -0.0000
    3  11.7275 THz  -0.4419  0.0000 -0.5766 -0.0000 -0.4419 -0.0000  0.1602 -0.0000 -0.4751  0.0000  0.1602 -0.0000
    4  12.9595 THz   0.1536  0.0000  0.3678 -0.0000  0.1536 -0.0000  0.5950 -0.0000 -0.3309  0.0000  0.5950 -0.0000
    5  15.9118 THz   0.1486  0.0000  0.2513  0.0000  0.1486 -0.0000 -0.3418  0.0000 -0.8118 -0.0000 -0.3418 -0.0000


 Q=  0.116673 -0.233346  0.000000, q= -0.500000  0.250000 -0.250000

                       Mg X   0        Mg Y   0        Mg Z   0         O X   1         O Y   1         O Z   1     
                    --------------- --------------- --------------- --------------- --------------- ---------------
    0   9.3738 THz   1.0000  0.0000  0.0000  0.0000  0.0000  0.0000  0.0000  0.0000  0.0000  0.0000  0.0000  0.0000
    1  10.1886 THz   0.0000  0.0000 -0.2444 -0.3675 -0.5164 -0.7320  0.0000 -0.0000 -0.0128 -0.0193  0.0271  0.0384
    2  10.1886 THz   0.0000  0.0000 -0.8614  0.2456  0.4210 -0.1327 -0.0000  0.0000 -0.0452  0.0129 -0.0221  0.0070
    3  12.5537 THz   0.0000  0.0000  0.0000 -0.0000 -0.0000 -0.0000 -0.8824  0.4706  0.0000  0.0000 -0.0000 -0.0000
    4  14.2098 THz   0.0000  0.0000  0.0155  0.0039  0.0228  0.0445 -0.0000  0.0000 -0.2948 -0.0746  0.4333  0.8468
    5  14.2098 THz   0.0000  0.0000  0.0499 -0.0030 -0.0112 -0.0113 -0.0000  0.0000 -0.9494  0.0575 -0.2142 -0.2159


 Q=  0.175010 -0.175010 -0.058337, q= -0.500000  0.250000  0.000000

                       Mg X   0        Mg Y   0        Mg Z   0         O X   1         O Y   1         O Z   1     
                    --------------- --------------- --------------- --------------- --------------- ---------------
    0   7.7552 THz   0.6936  0.0000  0.6936  0.0000 -0.0000  0.0000 -0.1374 -0.0000 -0.1374 -0.0000  0.0000  0.0000
    1   8.8340 THz  -0.5090  0.0000  0.5090 -0.0000 -0.6849 -0.0000  0.0593  0.0000 -0.0593 -0.0000  0.0756  0.0000
    2  11.3778 THz  -0.1374  0.0000 -0.1374 -0.0000 -0.0000 -0.0000 -0.6936 -0.0000 -0.6936 -0.0000  0.0000  0.0000
    3  11.7275 THz   0.4419  0.0000 -0.4419 -0.0000 -0.5766 -0.0000  0.1602 -0.0000 -0.1602  0.0000  0.4751 -0.0000
    4  12.9595 THz  -0.1536  0.0000  0.1536  0.0000  0.3678 -0.0000  0.5950 -0.0000 -0.5950  0.0000  0.3309 -0.0000
    5  15.9118 THz   0.1486  0.0000 -0.1486  0.0000 -0.2513 -0.0000  0.3418  0.0000 -0.3418 -0.0000 -0.8118 -0.0000


 Q=  0.233346 -0.116673 -0.116673, q= -0.500000  0.250000  0.250000

                       Mg X   0        Mg Y   0        Mg Z   0         O X   1         O Y   1         O Z   1     
                    --------------- --------------- --------------- --------------- --------------- ---------------
    0   6.8943 THz   0.0000  0.0000  0.6285  0.2702 -0.6285 -0.2702 -0.0000 -0.0000 -0.1643 -0.0706  0.1643  0.0706
    1   8.9624 THz  -0.9891  0.0000 -0.0000  0.0000 -0.0000  0.0000  0.1475  0.0000  0.0000 -0.0000  0.0000  0.0000
    2  10.4882 THz   0.0000  0.0000  0.1566 -0.0863 -0.1566  0.0863 -0.0000  0.0000  0.5991 -0.3303 -0.5991  0.3303
    3  11.4071 THz   0.0000  0.0000 -0.6227  0.0250 -0.6227  0.0250  0.0000 -0.0000  0.3338 -0.0134  0.3338 -0.0134
    4  12.7789 THz  -0.1475  0.0000 -0.0000 -0.0000 -0.0000 -0.0000 -0.9891 -0.0000  0.0000  0.0000  0.0000 -0.0000
    5  16.5725 THz   0.0000  0.0000 -0.3341 -0.0017 -0.3341 -0.0017  0.0000 -0.0000 -0.6232 -0.0032 -0.6232 -0.0032


 Q= -0.175010 -0.058337 -0.058337, q= -0.250000 -0.500000 -0.500000

                       Mg X   0        Mg Y   0        Mg Z   0         O X   1         O Y   1         O Z   1     
                    --------------- --------------- --------------- --------------- --------------- ---------------
    0   7.7552 THz   0.0000  0.0000 -0.6924  0.0418  0.6924 -0.0418  0.0000 -0.0000 -0.1371  0.0083  0.1371 -0.0083
    1   8.8340 THz  -0.6849  0.0000  0.5090  0.0000  0.5090 -0.0000 -0.0756  0.0000  0.0593 -0.0000  0.0593 -0.0000
    2  11.3778 THz   0.0000  0.0000 -0.1356  0.0223  0.1356 -0.0223  0.0000 -0.0000  0.6845 -0.1125 -0.6845  0.1125
    3  11.7275 THz  -0.5766  0.0000 -0.4419 -0.0000 -0.4419 -0.0000 -0.4751 -0.0000  0.1602  0.0000  0.1602  0.0000
    4  12.9595 THz   0.3678  0.0000  0.1536 -0.0000  0.1536 -0.0000 -0.3309 -0.0000  0.5950  0.0000  0.5950 -0.0000
    5  15.9118 THz   0.2513  0.0000  0.1486  0.0000  0.1486  0.0000 -0.8118  0.0000 -0.3418  0.0000 -0.3418  0.0000


 Q= -0.116673  0.000000 -0.116673, q= -0.250000 -0.500000 -0.250000

                       Mg X   0        Mg Y   0        Mg Z   0         O X   1         O Y   1         O Z   1     
                    --------------- --------------- --------------- --------------- --------------- ---------------
    0   6.8943 THz  -0.6841  0.0000  0.0000 -0.0000  0.6841 -0.0000 -0.1788  0.0000  0.0000 -0.0000  0.1788 -0.0000
    1   8.9624 THz  -0.0000  0.0000 -0.9887  0.0256  0.0000 -0.0000 -0.0000  0.0000 -0.1474  0.0038 -0.0000 -0.0000
    2  10.4882 THz   0.1788  0.0000 -0.0000  0.0000 -0.1788 -0.0000 -0.6841  0.0000 -0.0000  0.0000  0.6841 -0.0000
    3  11.4071 THz   0.6232  0.0000 -0.0000  0.0000  0.6232  0.0000  0.3341 -0.0000 -0.0000  0.0000  0.3341 -0.0000
    4  12.7789 THz  -0.0000  0.0000 -0.0600 -0.1347 -0.0000  0.0000 -0.0000 -0.0000  0.4023  0.9035  0.0000  0.0000
    5  16.5725 THz   0.3341  0.0000 -0.0000 -0.0000  0.3341  0.0000 -0.6232  0.0000  0.0000  0.0000 -0.6232  0.0000


 Q= -0.058337  0.058337 -0.175010, q= -0.250000 -0.500000  0.000000

                       Mg X   0        Mg Y   0        Mg Z   0         O X   1         O Y   1         O Z   1     
                    --------------- --------------- --------------- --------------- --------------- ---------------
    0   7.7552 THz  -0.6936  0.0000 -0.6936  0.0000  0.0000  0.0000 -0.1374  0.0000 -0.1374 -0.0000  0.0000 -0.0000
    1   8.8340 THz   0.5090  0.0000 -0.5090  0.0000 -0.6849 -0.0000  0.0593 -0.0000 -0.0593 -0.0000 -0.0756 -0.0000
    2  11.3778 THz  -0.1374  0.0000 -0.1374 -0.0000 -0.0000  0.0000  0.6936  0.0000  0.6936  0.0000 -0.0000  0.0000
    3  11.7275 THz   0.4419  0.0000 -0.4419 -0.0000  0.5766  0.0000 -0.1602  0.0000  0.1602  0.0000  0.4751  0.0000
    4  12.9595 THz   0.1536  0.0000 -0.1536 -0.0000  0.3678  0.0000  0.5950  0.0000 -0.5950 -0.0000 -0.3309 -0.0000
    5  15.9118 THz   0.1486  0.0000 -0.1486  0.0000  0.2513 -0.0000 -0.3418 -0.0000  0.3418  0.0000 -0.8118 -0.0000


 Q=  0.000000  0.116673 -0.233346, q= -0.250000 -0.500000  0.250000

                       Mg X   0        Mg Y   0        Mg Z   0         O X   1         O Y   1         O Z   1     
                    --------------- --------------- --------------- --------------- --------------- ---------------
    0   9.3738 THz   0.0000  0.0000 -0.7440 -0.6682  0.0000 -0.0000  0.0000 -0.0000  0.0000  0.0000  0.0000  0.0000
    1  10.1886 THz   0.9986  0.0000 -0.0000 -0.0000 -0.0000 -0.0000 -0.0524  0.0000  0.0000  0.0000  0.0000  0.0000
    2  10.1886 THz   0.0000  0.0000 -0.0000 -0.0000 -0.9963  0.0686  0.0000 -0.0000 -0.0000 -0.0000 -0.0523  0.0036
    3  12.5537 THz   0.0000  0.0000 -0.0000  0.0000 -0.0000 -0.0000  0.0000 -0.0000  0.4004  0.9163 -0.0000  0.0000
    4  14.2098 THz  -0.0524  0.0000 -0.0000 -0.0000 -0.0000 -0.0000 -0.9986  0.0000  0.0000  0.0000  0.0000  0.0000
    5  14.2098 THz   0.0000  0.0000 -0.0000 -0.0000 -0.0521 -0.0059  0.0000  0.0000 -0.0000  0.0000  0.9922  0.1128


 Q= -0.116673 -0.116673  0.000000, q= -0.250000 -0.250000 -0.500000

                       Mg X   0        Mg Y   0        Mg Z   0         O X   1         O Y   1         O Z   1     
                    --------------- --------------- --------------- --------------- --------------- ---------------
    0   6.8943 THz  -0.6841  0.0000  0.6841 -0.0000  0.0000 -0.0000 -0.1788 -0.0000  0.1788 -0.0000  0.0000 -0.0000
    1   8.9624 THz  -0.0000  0.0000  0.0000  0.0000 -0.9851  0.0879 -0.0000  0.0000  0.0000 -0.0000 -0.1469  0.0131
    2  10.4882 THz   0.1788  0.0000 -0.1788  0.0000  0.0000  0.0000 -0.6841  0.0000  0.6841 -0.0000  0.0000 -0.0000
    3  11.4071 THz   0.6232  0.0000  0.6232 -0.0000 -0.0000  0.0000  0.3341 -0.0000  0.3341  0.0000 -0.0000  0.0000
    4  12.7789 THz  -0.0000  0.0000 -0.0000 -0.0000  0.1469  0.0125 -0.0000 -0.0000 -0.0000  0.0000 -0.9855 -0.0841
    5  16.5725 THz  -0.3341  0.0000 -0.3341 -0.0000 -0.0000 -0.0000  0.6232  0.0000  0.6232  0.0000  0.0000  0.0000


 Q= -0.058337 -0.058337 -0.058337, q= -0.250000 -0.250000 -0.250000

                       Mg X   0        Mg Y   0        Mg Z   0         O X   1         O Y   1         O Z   1     
                    --------------- --------------- --------------- --------------- --------------- ---------------
    0   5.2184 THz   0.4744  0.0000  0.2275  0.0244 -0.7020 -0.0244  0.2587 -0.0000  0.1241  0.0133 -0.3827 -0.0133
    1   5.2184 THz  -0.5374  0.0000  0.6790  0.0215 -0.1416 -0.0215 -0.2930 -0.0000  0.3702  0.0117 -0.0772 -0.0117
    2   9.3345 THz   0.4878  0.0000  0.4878  0.0000  0.4878  0.0000  0.3088  0.0000  0.3088 -0.0000  0.3088 -0.0000
    3  10.5138 THz   0.3792  0.0000 -0.2317  0.0702 -0.1475 -0.0702 -0.6956 -0.0000  0.4250 -0.1288  0.2706  0.1288
    4  10.5138 THz  -0.0945  0.0000 -0.1215  0.2817  0.2161 -0.2817  0.1734  0.0000  0.2229 -0.5167 -0.3963  0.5167
    5  17.0284 THz  -0.3088  0.0000 -0.3088 -0.0000 -0.3088 -0.0000  0.4878  0.0000  0.4878  0.0000  0.4878 -0.0000


 Q=  0.000000  0.000000 -0.116673, q= -0.250000 -0.250000  0.000000

                       Mg X   0        Mg Y   0        Mg Z   0         O X   1         O Y   1         O Z   1     
                    --------------- --------------- --------------- --------------- --------------- ---------------
    0   6.4889 THz   0.0000  0.0000  0.8957 -0.1396  0.0000 -0.0000  0.0000 -0.0000  0.4172 -0.0650  0.0000  0.0000
    1   6.4889 THz   0.9065  0.0000 -0.0000 -0.0000  0.0000 -0.0000  0.4222 -0.0000  0.0000  0.0000 -0.0000  0.0000
    2   8.8177 THz   0.0000  0.0000  0.0000  0.0000 -0.8330 -0.2520  0.0000  0.0000  0.0000  0.0000 -0.4715 -0.1426
    3  11.3887 THz   0.0000  0.0000 -0.4166 -0.0686  0.0000 -0.0000  0.0000 -0.0000  0.8945  0.1473  0.0000 -0.0000
    4  11.3887 THz  -0.4222  0.0000 -0.0000 -0.0000  0.0000 -0.0000  0.9065 -0.0000  0.0000  0.0000 -0.0000  0.0000
    5  16.9717 THz   0.0000  0.0000 -0.0000  0.0000  0.4202 -0.2572  0.0000  0.0000 -0.0000  0.0000 -0.7422  0.4543


 Q=  0.058337  0.058337 -0.175010, q= -0.250000 -0.250000  0.250000

                       Mg X   0        Mg Y   0        Mg Z   0         O X   1         O Y   1         O Z   1     
                    --------------- --------------- --------------- --------------- --------------- ---------------
    0   7.7552 THz   0.6936  0.0000 -0.6936 -0.0000 -0.0000 -0.0000  0.1374 -0.0000 -0.1374  0.0000 -0.0000  0.0000
    1   8.8340 THz   0.5090  0.0000  0.5090  0.0000  0.6849  0.0000  0.0593  0.0000  0.0593 -0.0000  0.0756  0.0000
    2  11.3778 THz   0.1374  0.0000 -0.1374  0.0000  0.0000 -0.0000 -0.6936  0.0000  0.6936 -0.0000  0.0000 -0.0000
    3  11.7275 THz  -0.4419  0.0000 -0.4419  0.0000  0.5766 -0.0000  0.1602  0.0000  0.1602 -0.0000  0.4751  0.0000
    4  12.9595 THz  -0.1536  0.0000 -0.1536  0.0000  0.3678  0.0000 -0.5950 -0.0000 -0.5950 -0.0000 -0.3309 -0.0000
    5  15.9118 THz   0.1486  0.0000  0.1486  0.0000 -0.2513  0.0000 -0.3418  0.0000 -0.3418  0.0000  0.8118 -0.0000


 Q= -0.058337 -0.175010  0.058337, q= -0.250000  0.000000 -0.500000

                       Mg X   0        Mg Y   0        Mg Z   0         O X   1         O Y   1         O Z   1     
                    --------------- --------------- --------------- --------------- --------------- ---------------
    0   7.7552 THz  -0.6936  0.0000 -0.0000  0.0000 -0.6936 -0.0000 -0.1374 -0.0000  0.0000  0.0000 -0.1374  0.0000
    1   8.8340 THz   0.5090  0.0000 -0.6849 -0.0000 -0.5090 -0.0000  0.0593  0.0000 -0.0756 -0.0000 -0.0593  0.0000
    2  11.3778 THz   0.1374  0.0000 -0.0000  0.0000  0.1374 -0.0000 -0.6936  0.0000 -0.0000  0.0000 -0.6936  0.0000
    3  11.7275 THz  -0.4419  0.0000 -0.5766 -0.0000  0.4419 -0.0000  0.1602  0.0000 -0.4751 -0.0000 -0.1602  0.0000
    4  12.9595 THz   0.1536  0.0000  0.3678 -0.0000 -0.1536  0.0000  0.5950 -0.0000 -0.3309  0.0000 -0.5950  0.0000
    5  15.9118 THz   0.1486  0.0000  0.2513  0.0000 -0.1486 -0.0000 -0.3418 -0.0000 -0.8118 -0.0000  0.3418  0.0000


 Q=  0.000000 -0.116673  0.000000, q= -0.250000  0.000000 -0.250000

                       Mg X   0        Mg Y   0        Mg Z   0         O X   1         O Y   1         O Z   1     
                    --------------- --------------- --------------- --------------- --------------- ---------------
    0   6.4889 THz   0.9065  0.0000  0.0000 -0.0000 -0.0000  0.0000  0.4222 -0.0000 -0.0000 -0.0000  0.0000 -0.0000
    1   6.4889 THz   0.0000  0.0000 -0.0000 -0.0000  0.9026 -0.0845  0.0000 -0.0000 -0.0000 -0.0000  0.4204 -0.0393
    2   8.8177 THz   0.0000  0.0000 -0.8671 -0.0735 -0.0000  0.0000 -0.0000  0.0000 -0.4909 -0.0416 -0.0000  0.0000
    3  11.3887 THz   0.0000  0.0000 -0.0000  0.0000  0.4180 -0.0594  0.0000 -0.0000 -0.0000 -0.0000 -0.8975  0.1276
    4  11.3887 THz   0.4222  0.0000  0.0000  0.0000  0.0000 -0.0000 -0.9065  0.0000  0.0000  0.0000 -0.0000  0.0000
    5  16.9717 THz   0.0000  0.0000  0.4520  0.1958  0.0000  0.0000 -0.0000  0.0000 -0.7985 -0.3460  0.0000 -0.0000


 Q=  0.058337 -0.058337 -0.058337, q= -0.250000  0.000000  0.000000

                       Mg X   0        Mg Y   0        Mg Z   0         O X   1         O Y   1         O Z   1     
                    --------------- --------------- --------------- --------------- --------------- ---------------
    0   5.2184 THz   0.6828  0.0000  0.5305 -0.0052  0.1522  0.0052  0.3723 -0.0000  0.2893 -0.0028  0.0830  0.0028
    1   5.2184 THz  -0.2185  0.0000  0.4818 -0.0161 -0.7003  0.0161 -0.1191  0.0000  0.2627 -0.0088 -0.3818  0.0088
    2   9.3345 THz  -0.4878  0.0000  0.4878  0.0000  0.4878 -0.0000 -0.3088 -0.0000  0.3088 -0.0000  0.3088  0.0000
    3  10.5138 THz  -0.1156  0.0000 -0.3707  0.0815  0.2551 -0.0815  0.2120  0.0000  0.6799 -0.1495 -0.4679  0.1495
    4  10.5138 THz   0.3734  0.0000  0.0898  0.0252  0.2836 -0.0252 -0.6848  0.0000 -0.1647 -0.0463 -0.5201  0.0463
    5  17.0284 THz  -0.3088  0.0000  0.3088  0.0000  0.3088 -0.0000  0.4878 -0.0000 -0.4878  0.0000 -0.4878  0.0000


 Q=  0.116673  0.000000 -0.116673, q= -0.250000  0.000000  0.250000

                       Mg X   0        Mg Y   0        Mg Z   0         O X   1         O Y   1         O Z   1     
                    --------------- --------------- --------------- --------------- --------------- ---------------
    0   6.8943 THz  -0.6841  0.0000  0.0000 -0.0000 -0.6841 -0.0000 -0.1788  0.0000  0.0000 -0.0000 -0.1788 -0.0000
    1   8.9624 THz   0.0000  0.0000  0.9875 -0.0549  0.0000 -0.0000  0.0000 -0.0000  0.1473 -0.0082  0.0000 -0.0000
    2  10.4882 THz   0.1788  0.0000  0.0000  0.0000  0.1788  0.0000 -0.6841 -0.0000  0.0000 -0.0000 -0.6841 -0.0000
    3  11.4071 THz   0.6232  0.0000  0.0000  0.0000 -0.6232 -0.0000  0.3341  0.0000  0.0000  0.0000 -0.3341  0.0000
    4  12.7789 THz  -0.0000  0.0000 -0.1412 -0.0424 -0.0000 -0.0000  0.0000  0.0000  0.9473  0.2845 -0.0000  0.0000
    5  16.5725 THz  -0.3341  0.0000  0.0000  0.0000  0.3341 -0.0000  0.6232 -0.0000 -0.0000 -0.0000 -0.6232  0.0000


 Q=  0.000000 -0.233346  0.116673, q= -0.250000  0.250000 -0.500000

                       Mg X   0        Mg Y   0        Mg Z   0         O X   1         O Y   1         O Z   1     
                    --------------- --------------- --------------- --------------- --------------- ---------------
    0   9.3738 THz   0.0000  0.0000  0.0000  0.0000  0.6646  0.7472 -0.0000  0.0000 -0.0000  0.0000 -0.0000  0.0000
    1  10.1886 THz   0.0000  0.0000  0.9984  0.0222 -0.0000 -0.0000  0.0000  0.0000  0.0524  0.0012  0.0000 -0.0000
    2  10.1886 THz   0.9986  0.0000 -0.0000 -0.0000 -0.0000 -0.0000 -0.0524  0.0000 -0.0000  0.0000  0.0000 -0.0000
    3  12.5537 THz   0.0000  0.0000  0.0000  0.0000 -0.0000 -0.0000  0.0000 -0.0000  0.0000 -0.0000 -0.9981 -0.0609
    4  14.2098 THz  -0.0523  0.0000 -0.0033  0.0001  0.0000  0.0000 -0.9966  0.0000  0.0630 -0.0010 -0.0000 -0.0000
    5  14.2098 THz  -0.0033  0.0000  0.0523 -0.0008 -0.0000 -0.0000 -0.0630  0.0000 -0.9965  0.0157 -0.0000 -0.0000


 Q=  0.058337 -0.175010  0.058337, q= -0.250000  0.250000 -0.250000

                       Mg X   0        Mg Y   0        Mg Z   0         O X   1         O Y   1         O Z   1     
                    --------------- --------------- --------------- --------------- --------------- ---------------
    0   7.7552 THz   0.6936  0.0000 -0.0000  0.0000 -0.6936 -0.0000  0.1374 -0.0000  0.0000  0.0000 -0.1374  0.0000
    1   8.8340 THz   0.5090  0.0000  0.6849 -0.0000  0.5090  0.0000  0.0593 -0.0000  0.0756 -0.0000  0.0593 -0.0000
    2  11.3778 THz  -0.1374  0.0000 -0.0000  0.0000  0.1374 -0.0000  0.6936 -0.0000 -0.0000  0.0000 -0.6936  0.0000
    3  11.7275 THz   0.4419  0.0000 -0.5766  0.0000  0.4419 -0.0000 -0.1602 -0.0000 -0.4751  0.0000 -0.1602  0.0000
    4  12.9595 THz  -0.1536  0.0000  0.3678  0.0000 -0.1536  0.0000 -0.5950 -0.0000 -0.3309 -0.0000 -0.5950 -0.0000
    5  15.9118 THz   0.1486  0.0000 -0.2513  0.0000  0.1486  0.0000 -0.3418  0.0000  0.8118 -0.0000 -0.3418  0.0000


 Q=  0.116673 -0.116673  0.000000, q= -0.250000  0.250000  0.000000

                       Mg X   0        Mg Y   0        Mg Z   0         O X   1         O Y   1         O Z   1     
                    --------------- --------------- --------------- --------------- --------------- ---------------
    0   6.8943 THz   0.6841  0.0000  0.6841 -0.0000  0.0000 -0.0000  0.1788 -0.0000  0.1788 -0.0000  0.0000 -0.0000
    1   8.9624 THz   0.0000  0.0000  0.0000 -0.0000  0.9315 -0.3326 -0.0000  0.0000 -0.0000  0.0000  0.1389 -0.0496
    2  10.4882 THz   0.1788  0.0000  0.1788 -0.0000 -0.0000  0.0000 -0.6841  0.0000 -0.6841  0.0000 -0.0000  0.0000
    3  11.4071 THz   0.6232  0.0000 -0.6232  0.0000  0.0000 -0.0000  0.3341 -0.0000 -0.3341 -0.0000  0.0000 -0.0000
    4  12.7789 THz   0.0000  0.0000  0.0000 -0.0000  0.0216  0.1459 -0.0000  0.0000 -0.0000  0.0000 -0.1446 -0.9784
    5  16.5725 THz  -0.3341  0.0000  0.3341  0.0000  0.0000  0.0000  0.6232 -0.0000 -0.6232  0.0000 -0.0000 -0.0000


 Q=  0.175010 -0.058337 -0.058337, q= -0.250000  0.250000  0.250000

                       Mg X   0        Mg Y   0        Mg Z   0         O X   1         O Y   1         O Z   1     
                    --------------- --------------- --------------- --------------- --------------- ---------------
    0   7.7552 THz  -0.0000  0.0000 -0.6853  0.1074  0.6853 -0.1074 -0.0000  0.0000 -0.1357  0.0213  0.1357 -0.0213
    1   8.8340 THz  -0.6849  0.0000 -0.5090 -0.0000 -0.5090  0.0000 -0.0756  0.0000 -0.0593  0.0000 -0.0593  0.0000
    2  11.3778 THz   0.0000  0.0000 -0.0515 -0.1274  0.0515  0.1274 -0.0000 -0.0000  0.2602  0.6430 -0.2602 -0.6430
    3  11.7275 THz  -0.5766  0.0000  0.4419  0.0000  0.4419  0.0000 -0.4751 -0.0000 -0.1602  0.0000 -0.1602 -0.0000
    4  12.9595 THz  -0.3678  0.0000  0.1536 -0.0000  0.1536 -0.0000  0.3309  0.0000  0.5950  0.0000  0.5950  0.0000
    5  15.9118 THz  -0.2513  0.0000  0.1486  0.0000  0.1486  0.0000  0.8118 -0.0000 -0.3418  0.0000 -0.3418  0.0000


 Q= -0.233346  0.000000  0.000000, q=  0.000000 -0.500000 -0.500000

                       Mg X   0        Mg Y   0        Mg Z   0         O X   1         O Y   1         O Z   1     
                    --------------- --------------- --------------- --------------- --------------- ---------------
    0   8.2600 THz   0.0000  0.0000 -0.5038  0.0000 -0.8298  0.0000 -0.0000 -0.0000 -0.1247  0.0000 -0.2054  0.0000
    1   8.2600 THz   0.0000  0.0000 -0.8298 -0.0000  0.5038  0.0000  0.0000  0.0000 -0.2054 -0.0000  0.1247  0.0000
    2  11.2634 THz   0.9800  0.0000 -0.0000 -0.0000 -0.0000  0.0000  0.1988 -0.0000 -0.0000  0.0000 -0.0000  0.0000
    3  12.3148 THz   0.0000  0.0000 -0.1576 -0.0000  0.1813  0.0000  0.0000  0.0000  0.6368  0.0000 -0.7327 -0.0000
    4  12.3148 THz   0.0000  0.0000  0.1813 -0.0000  0.1576 -0.0000 -0.0000  0.0000 -0.7327  0.0000 -0.6368  0.0000
    5  15.8377 THz  -0.1988  0.0000 -0.0000 -0.0000 -0.0000  0.0000  0.9800 -0.0000 -0.0000  0.0000 -0.0000  0.0000


 Q= -0.175010  0.058337 -0.058337, q=  0.000000 -0.500000 -0.250000

                       Mg X   0        Mg Y   0        Mg Z   0         O X   1         O Y   1         O Z   1     
                    --------------- --------------- --------------- --------------- --------------- ---------------
    0   7.7552 THz  -0.0000  0.0000 -0.6900 -0.0705 -0.6900 -0.0705  0.0000  0.0000 -0.1367 -0.0140 -0.1367 -0.0140
    1   8.8340 THz  -0.6849  0.0000 -0.5090  0.0000  0.5090  0.0000 -0.0756  0.0000 -0.0593 -0.0000  0.0593  0.0000
    2  11.3778 THz  -0.0000  0.0000  0.1367  0.0132  0.1367  0.0132 -0.0000 -0.0000 -0.6904 -0.0667 -0.6904 -0.0667
    3  11.7275 THz  -0.5766  0.0000  0.4419 -0.0000 -0.4419  0.0000 -0.4751  0.0000 -0.1602  0.0000  0.1602 -0.0000
    4  12.9595 THz   0.3678  0.0000 -0.1536 -0.0000  0.1536  0.0000 -0.3309  0.0000 -0.5950  0.0000  0.5950 -0.0000
    5  15.9118 THz  -0.2513  0.0000  0.1486 -0.0000 -0.1486  0.0000  0.8118 -0.0000 -0.3418  0.0000  0.3418 -0.0000


 Q= -0.116673  0.116673 -0.116673, q=  0.000000 -0.500000  0.000000

                       Mg X   0        Mg Y   0        Mg Z   0         O X   1         O Y   1         O Z   1     
                    --------------- --------------- --------------- --------------- --------------- ---------------
    0   7.2409 THz   0.0000  0.0000 -0.7071  0.0000 -0.7071  0.0000 -0.0000  0.0000  0.0000  0.0000  0.0000 -0.0000
    1   7.2409 THz   0.8165  0.0000  0.4082  0.0000 -0.4082 -0.0000  0.0000  0.0000 -0.0000 -0.0000  0.0000  0.0000
    2  10.2275 THz   0.0000  0.0000 -0.0000  0.0000 -0.0000  0.0000 -0.1112 -0.4897 -0.2332  0.2836 -0.1220  0.7734
    3  10.2275 THz   0.0000  0.0000 -0.0000  0.0000 -0.0000  0.0000 -0.3351 -0.5497 -0.1675 -0.7098  0.1675 -0.1601
    4  15.0433 THz   0.5774  0.0000 -0.5774 -0.0000  0.5774  0.0000 -0.0000 -0.0000  0.0000  0.0000 -0.0000 -0.0000
    5  16.3573 THz   0.0000  0.0000 -0.0000  0.0000 -0.0000  0.0000  0.5284  0.2327 -0.5284 -0.2327  0.5284  0.2327


 Q= -0.058337  0.175010 -0.175010, q=  0.000000 -0.500000  0.250000

                       Mg X   0        Mg Y   0        Mg Z   0         O X   1         O Y   1         O Z   1     
                    --------------- --------------- --------------- --------------- --------------- ---------------
    0   7.7552 THz   0.0000  0.0000  0.6532 -0.2335  0.6532 -0.2335  0.0000 -0.0000 -0.1294  0.0462 -0.1294  0.0462
    1   8.8340 THz  -0.6849  0.0000 -0.5090 -0.0000  0.5090 -0.0000  0.0756  0.0000  0.0593 -0.0000 -0.0593  0.0000
    2  11.3778 THz   0.0000  0.0000 -0.1373 -0.0040 -0.1373 -0.0040 -0.0000 -0.0000 -0.6933 -0.0203 -0.6933 -0.0203
    3  11.7275 THz   0.5766  0.0000 -0.4419 -0.0000  0.4419  0.0000 -0.4751 -0.0000 -0.1602 -0.0000  0.1602  0.0000
    4  12.9595 THz   0.3678  0.0000 -0.1536  0.0000  0.1536 -0.0000  0.3309  0.0000  0.5950  0.0000 -0.5950 -0.0000
    5  15.9118 THz  -0.2513  0.0000  0.1486  0.0000 -0.1486 -0.0000 -0.8118 -0.0000  0.3418 -0.0000 -0.3418 -0.0000


 Q= -0.175010 -0.058337  0.058337, q=  0.000000 -0.250000 -0.500000

                       Mg X   0        Mg Y   0        Mg Z   0         O X   1         O Y   1         O Z   1     
                    --------------- --------------- --------------- --------------- --------------- ---------------
    0   7.7552 THz   0.0000  0.0000 -0.6926  0.0378 -0.6926  0.0378 -0.0000  0.0000 -0.1372  0.0075 -0.1372  0.0075
    1   8.8340 THz  -0.6849  0.0000  0.5090  0.0000 -0.5090  0.0000 -0.0756 -0.0000  0.0593  0.0000 -0.0593  0.0000
    2  11.3778 THz   0.0000  0.0000  0.1229  0.0614  0.1229  0.0614  0.0000 -0.0000 -0.6204 -0.3102 -0.6204 -0.3102
    3  11.7275 THz  -0.5766  0.0000 -0.4419  0.0000  0.4419  0.0000 -0.4751 -0.0000  0.1602 -0.0000 -0.1602 -0.0000
    4  12.9595 THz  -0.3678  0.0000 -0.1536  0.0000  0.1536  0.0000  0.3309  0.0000 -0.5950 -0.0000  0.5950  0.0000
    5  15.9118 THz   0.2513  0.0000  0.1486  0.0000 -0.1486 -0.0000 -0.8118 -0.0000 -0.3418 -0.0000  0.3418  0.0000


 Q= -0.116673  0.000000  0.000000, q=  0.000000 -0.250000 -0.250000

                       Mg X   0        Mg Y   0        Mg Z   0         O X   1         O Y   1         O Z   1     
                    --------------- --------------- --------------- --------------- --------------- ---------------
    0   6.4889 THz  -0.0000 -0.0000 -0.6270 -0.1278 -0.5400  0.3474  0.0000  0.0000 -0.2920 -0.0595 -0.2515  0.1618
    1   6.4889 THz   0.0000  0.0000  0.6365 -0.0842 -0.3956  0.5030  0.0000  0.0000  0.2965 -0.0392 -0.1842  0.2343
    2   8.8177 THz   0.8702  0.0000  0.0000  0.0000  0.0000 -0.0000  0.4926  0.0000  0.0000 -0.0000 -0.0000  0.0000
    3  11.3887 THz   0.0000  0.0000 -0.3877 -0.1292  0.0781 -0.0717 -0.0000 -0.0000  0.8325  0.2774 -0.1676  0.1540
    4  11.3887 THz   0.0000  0.0000  0.1028 -0.0257  0.1056 -0.3948 -0.0000 -0.0000 -0.2208  0.0552 -0.2267  0.8477
    5  16.9717 THz  -0.4926  0.0000  0.0000  0.0000  0.0000 -0.0000  0.8702  0.0000  0.0000 -0.0000 -0.0000  0.0000


 Q= -0.058337  0.058337 -0.058337, q=  0.000000 -0.250000  0.000000

                       Mg X   0        Mg Y   0        Mg Z   0         O X   1         O Y   1         O Z   1     
                    --------------- --------------- --------------- --------------- --------------- ---------------
    0   5.2184 THz   0.3875  0.0000 -0.3285 -0.0060 -0.7160 -0.0060  0.2113 -0.0000 -0.1791 -0.0033 -0.3904 -0.0033
    1   5.2184 THz   0.6031  0.0000  0.6371  0.0039  0.0340  0.0039  0.3288 -0.0000  0.3474  0.0021  0.0185  0.0021
    2   9.3345 THz   0.4878  0.0000 -0.4878  0.0000  0.4878  0.0000  0.3088 -0.0000 -0.3088 -0.0000  0.3088 -0.0000
    3  10.5138 THz   0.2266  0.0000 -0.1625  0.0025 -0.3891  0.0025 -0.4155 -0.0000  0.2981 -0.0046  0.7136 -0.0046
    4  10.5138 THz   0.3185  0.0000  0.3555 -0.0018  0.0370 -0.0018 -0.5841  0.0000 -0.6519  0.0032 -0.0678  0.0032
    5  17.0284 THz  -0.3088  0.0000  0.3088 -0.0000 -0.3088 -0.0000  0.4878  0.0000 -0.4878 -0.0000  0.4878  0.0000


 Q=  0.000000  0.116673 -0.116673, q=  0.000000 -0.250000  0.250000

                       Mg X   0        Mg Y   0        Mg Z   0         O X   1         O Y   1         O Z   1     
                    --------------- --------------- --------------- --------------- --------------- ---------------
    0   6.8943 THz   0.0000  0.0000 -0.6840  0.0138 -0.6840  0.0138 -0.0000 -0.0000 -0.1788  0.0036 -0.1788  0.0036
    1   8.9624 THz   0.9891  0.0000  0.0000  0.0000  0.0000 -0.0000  0.1475 -0.0000 -0.0000 -0.0000  0.0000  0.0000
    2  10.4882 THz   0.0000  0.0000  0.1750  0.0370  0.1750  0.0370 -0.0000 -0.0000 -0.6693 -0.1414 -0.6693 -0.1414
    3  11.4071 THz   0.0000  0.0000  0.5030  0.3679 -0.5030 -0.3679  0.0000  0.0000  0.2696  0.1972 -0.2696 -0.1972
    4  12.7789 THz  -0.1475  0.0000  0.0000  0.0000  0.0000 -0.0000  0.9891 -0.0000 -0.0000 -0.0000  0.0000  0.0000
    5  16.5725 THz   0.0000  0.0000  0.2740  0.1911 -0.2740 -0.1911 -0.0000  0.0000 -0.5111 -0.3566  0.5111  0.3566


 Q= -0.116673 -0.116673  0.116673, q=  0.000000  0.000000 -0.500000

                       Mg X   0        Mg Y   0        Mg Z   0         O X   1         O Y   1         O Z   1     
                    --------------- --------------- --------------- --------------- --------------- ---------------
    0   7.2409 THz   0.8165  0.0000 -0.4082  0.0000  0.4082  0.0000  0.0000  0.0000  0.0000  0.0000 -0.0000 -0.0000
    1   7.2409 THz   0.0000  0.0000 -0.7071  0.0000 -0.7071  0.0000  0.0000  0.0000 -0.0000 -0.0000 -0.0000 -0.0000
    2  10.2275 THz   0.0000  0.0000  0.0000  0.0000  0.0000  0.0000  0.0635  0.2720 -0.6730 -0.3101 -0.6095 -0.0381
    3  10.2275 THz   0.0000  0.0000  0.0000  0.0000  0.0000  0.0000  0.6754 -0.3640 -0.3377 -0.0599  0.3377 -0.4239
    4  15.0433 THz  -0.5774  0.0000 -0.5774  0.0000  0.5774  0.0000  0.0000  0.0000  0.0000  0.0000 -0.0000 -0.0000
    5  16.3573 THz   0.0000  0.0000 -0.0000 -0.0000 -0.0000  0.0000  0.5760 -0.0401  0.5760 -0.0401 -0.5760  0.0401


 Q= -0.058337 -0.058337  0.058337, q=  0.000000  0.000000 -0.250000

                       Mg X   0        Mg Y   0        Mg Z   0         O X   1         O Y   1         O Z   1     
                    --------------- --------------- --------------- --------------- --------------- ---------------
    0   5.2184 THz   0.3700  0.0000  0.3461  0.0275  0.7160  0.0275  0.2017 -0.0000  0.1887  0.0150  0.3904  0.0150
    1   5.2184 THz  -0.6140  0.0000  0.6270  0.0166  0.0130  0.0166 -0.3348 -0.0000  0.3419  0.0090  0.0071  0.0090
    2   9.3345 THz  -0.4878  0.0000 -0.4878  0.0000  0.4878  0.0000 -0.3088 -0.0000 -0.3088 -0.0000  0.3088 -0.0000
    3  10.5138 THz   0.3745  0.0000 -0.0941  0.0262  0.2804  0.0262 -0.6869 -0.0000  0.1726 -0.0481 -0.5144 -0.0481
    4  10.5138 THz  -0.1118  0.0000  0.3681  0.0879  0.2563  0.0879  0.2050 -0.0000 -0.6752 -0.1612 -0.4702 -0.1612
    5  17.0284 THz  -0.3088  0.0000 -0.3088  0.0000  0.3088  0.0000  0.4878  0.0000  0.4878  0.0000 -0.4878 -0.0000


 Q=  0.000000  0.000000  0.000000, q=  0.000000  0.000000  0.000000

                       Mg X   0        Mg Y   0        Mg Z   0         O X   1         O Y   1         O Z   1     
                    --------------- --------------- --------------- --------------- --------------- ---------------
    0   0.0000 THz   0.7766  0.0000  0.0000  0.0000  0.0000  0.0000  0.6301  0.0000  0.0000  0.0000 -0.0000  0.0000
    1   0.0000 THz   0.0000  0.0000 -0.7675  0.0000 -0.1186  0.0000  0.0000  0.0000 -0.6227  0.0000 -0.0962  0.0000
    2   0.0000 THz   0.0000  0.0000  0.1186  0.0000 -0.7675  0.0000 -0.0000  0.0000  0.0962  0.0000 -0.6227  0.0000
    3  10.4313 THz   0.0000  0.0000 -0.4536  0.0000  0.4373  0.0000 -0.0000  0.0000  0.5591  0.0000 -0.5390  0.0000
    4  10.4313 THz  -0.6301  0.0000  0.0000  0.0000  0.0000  0.0000  0.7766  0.0000  0.0000  0.0000 -0.0000  0.0000
    5  10.4313 THz   0.0000  0.0000 -0.4373  0.0000 -0.4536  0.0000 -0.0000  0.0000  0.5390  0.0000  0.5591  0.0000


 Q=  0.058337  0.058337 -0.058337, q=  0.000000  0.000000  0.250000

                       Mg X   0        Mg Y   0        Mg Z   0         O X   1         O Y   1         O Z   1     
                    --------------- --------------- --------------- --------------- --------------- ---------------
    0   5.2184 THz   0.3700  0.0000  0.3461 -0.0275  0.7160 -0.0275  0.2017  0.0000  0.1887 -0.0150  0.3904 -0.0150
    1   5.2184 THz  -0.6140  0.0000  0.6270 -0.0166  0.0130 -0.0166 -0.3348  0.0000  0.3419 -0.0090  0.0071 -0.0090
    2   9.3345 THz  -0.4878  0.0000 -0.4878 -0.0000  0.4878 -0.0000 -0.3088  0.0000 -0.3088  0.0000  0.3088  0.0000
    3  10.5138 THz   0.3745  0.0000 -0.0941 -0.0262  0.2804 -0.0262 -0.6869  0.0000  0.1726  0.0481 -0.5144  0.0481
    4  10.5138 THz  -0.1118  0.0000  0.3681 -0.0879  0.2563 -0.0879  0.2050  0.0000 -0.6752  0.1612 -0.4702  0.1612
    5  17.0284 THz  -0.3088  0.0000 -0.3088 -0.0000  0.3088 -0.0000  0.4878 -0.0000  0.4878 -0.0000 -0.4878  0.0000


 Q= -0.058337 -0.175010  0.175010, q=  0.000000  0.250000 -0.500000

                       Mg X   0        Mg Y   0        Mg Z   0         O X   1         O Y   1         O Z   1     
                    --------------- --------------- --------------- --------------- --------------- ---------------
    0   7.7552 THz  -0.0000  0.0000  0.6935  0.0129  0.6935  0.0129  0.0000 -0.0000 -0.1374 -0.0026 -0.1374 -0.0026
    1   8.8340 THz  -0.6849  0.0000  0.5090 -0.0000 -0.5090 -0.0000  0.0756 -0.0000 -0.0593 -0.0000  0.0593  0.0000
    2  11.3778 THz   0.0000  0.0000 -0.0649 -0.1211 -0.0649 -0.1211 -0.0000 -0.0000 -0.3277 -0.6114 -0.3277 -0.6114
    3  11.7275 THz   0.5766  0.0000  0.4419  0.0000 -0.4419  0.0000 -0.4751  0.0000  0.1602  0.0000 -0.1602  0.0000
    4  12.9595 THz  -0.3678  0.0000 -0.1536 -0.0000  0.1536  0.0000 -0.3309  0.0000  0.5950 -0.0000 -0.5950  0.0000
    5  15.9118 THz   0.2513  0.0000  0.1486 -0.0000 -0.1486  0.0000  0.8118 -0.0000  0.3418 -0.0000 -0.3418  0.0000


 Q=  0.000000 -0.116673  0.116673, q=  0.000000  0.250000 -0.250000

                       Mg X   0        Mg Y   0        Mg Z   0         O X   1         O Y   1         O Z   1     
                    --------------- --------------- --------------- --------------- --------------- ---------------
    0   6.8943 THz   0.0000  0.0000 -0.6840 -0.0138 -0.6840 -0.0138 -0.0000  0.0000 -0.1788 -0.0036 -0.1788 -0.0036
    1   8.9624 THz   0.9891  0.0000  0.0000 -0.0000  0.0000  0.0000  0.1475  0.0000 -0.0000  0.0000  0.0000 -0.0000
    2  10.4882 THz   0.0000  0.0000  0.1750 -0.0370  0.1750 -0.0370 -0.0000  0.0000 -0.6693  0.1414 -0.6693  0.1414
    3  11.4071 THz   0.0000  0.0000  0.5030 -0.3679 -0.5030  0.3679  0.0000 -0.0000  0.2696 -0.1972 -0.2696  0.1972
    4  12.7789 THz  -0.1475  0.0000  0.0000 -0.0000  0.0000  0.0000  0.9891  0.0000 -0.0000  0.0000  0.0000 -0.0000
    5  16.5725 THz   0.0000  0.0000  0.2740 -0.1911 -0.2740  0.1911 -0.0000 -0.0000 -0.5111  0.3566  0.5111 -0.3566


 Q=  0.058337 -0.058337  0.058337, q=  0.000000  0.250000  0.000000

                       Mg X   0        Mg Y   0        Mg Z   0         O X   1         O Y   1         O Z   1     
                    --------------- --------------- --------------- --------------- --------------- ---------------
    0   5.2184 THz   0.3875  0.0000 -0.3285  0.0060 -0.7160  0.0060  0.2113  0.0000 -0.1791  0.0033 -0.3904  0.0033
    1   5.2184 THz   0.6031  0.0000  0.6371 -0.0039  0.0340 -0.0039  0.3288  0.0000  0.3474 -0.0021  0.0185 -0.0021
    2   9.3345 THz   0.4878  0.0000 -0.4878 -0.0000  0.4878 -0.0000  0.3088  0.0000 -0.3088  0.0000  0.3088  0.0000
    3  10.5138 THz   0.2266  0.0000 -0.1625 -0.0025 -0.3891 -0.0025 -0.4155  0.0000  0.2981  0.0046  0.7136  0.0046
    4  10.5138 THz   0.3185  0.0000  0.3555  0.0018  0.0370  0.0018 -0.5841 -0.0000 -0.6519 -0.0032 -0.0678 -0.0032
    5  17.0284 THz  -0.3088  0.0000  0.3088  0.0000 -0.3088  0.0000  0.4878 -0.0000 -0.4878  0.0000  0.4878 -0.0000


 Q=  0.116673  0.000000  0.000000, q=  0.000000  0.250000  0.250000

                       Mg X   0        Mg Y   0        Mg Z   0         O X   1         O Y   1         O Z   1     
                    --------------- --------------- --------------- --------------- --------------- ---------------
    0   6.4889 THz  -0.0000 -0.0000 -0.6270  0.1278 -0.5400 -0.3474  0.0000 -0.0000 -0.2920  0.0595 -0.2515 -0.1618
    1   6.4889 THz   0.0000  0.0000  0.6365  0.0842 -0.3956 -0.5030  0.0000 -0.0000  0.2965  0.0392 -0.1842 -0.2343
    2   8.8177 THz   0.8702  0.0000  0.0000 -0.0000  0.0000  0.0000  0.4926 -0.0000  0.0000  0.0000 -0.0000 -0.0000
    3  11.3887 THz   0.0000  0.0000 -0.3877  0.1292  0.0781  0.0717 -0.0000  0.0000  0.8325 -0.2774 -0.1676 -0.1540
    4  11.3887 THz   0.0000  0.0000  0.1028  0.0257  0.1056  0.3948 -0.0000  0.0000 -0.2208 -0.0552 -0.2267 -0.8477
    5  16.9717 THz  -0.4926  0.0000  0.0000 -0.0000  0.0000  0.0000  0.8702 -0.0000  0.0000  0.0000 -0.0000 -0.0000


 Q= -0.291683  0.058337  0.058337, q=  0.250000 -0.500000 -0.500000

                       Mg X   0        Mg Y   0        Mg Z   0         O X   1         O Y   1         O Z   1     
                    --------------- --------------- --------------- --------------- --------------- ---------------
    0   7.7552 THz   0.0000  0.0000 -0.6931 -0.0270  0.6931  0.0270  0.0000  0.0000 -0.1373 -0.0053  0.1373  0.0053
    1   8.8340 THz  -0.6849  0.0000  0.5090 -0.0000  0.5090  0.0000 -0.0756 -0.0000  0.0593  0.0000  0.0593  0.0000
    2  11.3778 THz   0.0000  0.0000 -0.1313 -0.0404  0.1313  0.0404  0.0000  0.0000  0.6629  0.2041 -0.6629 -0.2041
    3  11.7275 THz  -0.5766  0.0000 -0.4419  0.0000 -0.4419  0.0000 -0.4751  0.0000  0.1602  0.0000  0.1602 -0.0000
    4  12.9595 THz   0.3678  0.0000  0.1536  0.0000  0.1536  0.0000 -0.3309  0.0000  0.5950 -0.0000  0.5950  0.0000
    5  15.9118 THz   0.2513  0.0000  0.1486 -0.0000  0.1486  0.0000 -0.8118 -0.0000 -0.3418 -0.0000 -0.3418 -0.0000


 Q= -0.233346  0.116673  0.000000, q=  0.250000 -0.500000 -0.250000

                       Mg X   0        Mg Y   0        Mg Z   0         O X   1         O Y   1         O Z   1     
                    --------------- --------------- --------------- --------------- --------------- ---------------
    0   9.3738 THz   0.0000  0.0000 -0.9598 -0.2807 -0.0000 -0.0000  0.0000  0.0000  0.0000  0.0000  0.0000 -0.0000
    1  10.1886 THz  -0.0000  0.0000  0.0000  0.0000 -0.9340 -0.3534 -0.0000 -0.0000  0.0000  0.0000  0.0491  0.0186
    2  10.1886 THz   0.9986  0.0000  0.0000  0.0000 -0.0000 -0.0000  0.0524  0.0000 -0.0000  0.0000  0.0000  0.0000
    3  12.5537 THz  -0.0000  0.0000  0.0000  0.0000  0.0000  0.0000  0.0000  0.0000  0.5203  0.8540 -0.0000  0.0000
    4  14.2098 THz  -0.0016  0.0000 -0.0000 -0.0000 -0.0523  0.0039  0.0297 -0.0000  0.0000  0.0000 -0.9954  0.0747
    5  14.2098 THz   0.0524  0.0000  0.0000 -0.0000 -0.0016  0.0001 -0.9982 -0.0000  0.0000  0.0000 -0.0296  0.0022


 Q= -0.175010  0.175010 -0.058337, q=  0.250000 -0.500000  0.000000

                       Mg X   0        Mg Y   0        Mg Z   0         O X   1         O Y   1         O Z   1     
                    --------------- --------------- --------------- --------------- --------------- ---------------
    0   7.7552 THz  -0.6936  0.0000 -0.6936 -0.0000 -0.0000 -0.0000  0.1374  0.0000  0.1374 -0.0000  0.0000 -0.0000
    1   8.8340 THz  -0.5090  0.0000  0.5090  0.0000  0.6849 -0.0000  0.0593  0.0000 -0.0593  0.0000 -0.0756  0.0000
    2  11.3778 THz   0.1374  0.0000  0.1374 -0.0000 -0.0000  0.0000  0.6936 -0.0000  0.6936 -0.0000  0.0000 -0.0000
    3  11.7275 THz   0.4419  0.0000 -0.4419  0.0000  0.5766 -0.0000  0.1602  0.0000 -0.1602  0.0000 -0.4751  0.0000
    4  12.9595 THz  -0.1536  0.0000  0.1536 -0.0000 -0.3678  0.0000  0.5950 -0.0000 -0.5950  0.0000 -0.3309  0.0000
    5  15.9118 THz   0.1486  0.0000 -0.1486 -0.0000  0.2513  0.0000  0.3418 -0.0000 -0.3418  0.0000  0.8118 -0.0000


 Q= -0.116673  0.233346 -0.116673, q=  0.250000 -0.500000  0.250000

                       Mg X   0        Mg Y   0        Mg Z   0         O X   1         O Y   1         O Z   1     
                    --------------- --------------- --------------- --------------- --------------- ---------------
    0   6.8943 THz   0.6841  0.0000  0.0000 -0.0000 -0.6841  0.0000 -0.1788 -0.0000 -0.0000  0.0000  0.1788  0.0000
    1   8.9624 THz  -0.0000  0.0000  0.9888 -0.0234  0.0000  0.0000  0.0000 -0.0000 -0.1474  0.0035  0.0000  0.0000
    2  10.4882 THz  -0.1788  0.0000  0.0000  0.0000  0.1788 -0.0000 -0.6841  0.0000  0.0000 -0.0000  0.6841 -0.0000
    3  11.4071 THz   0.6232  0.0000  0.0000 -0.0000  0.6232 -0.0000 -0.3341  0.0000 -0.0000  0.0000 -0.3341 -0.0000
    4  12.7789 THz  -0.0000  0.0000 -0.1466  0.0161 -0.0000  0.0000  0.0000 -0.0000 -0.9832  0.1077  0.0000  0.0000
    5  16.5725 THz   0.3341  0.0000 -0.0000  0.0000  0.3341  0.0000  0.6232  0.0000 -0.0000  0.0000  0.6232  0.0000


 Q= -0.233346  0.000000  0.116673, q=  0.250000 -0.250000 -0.500000

                       Mg X   0        Mg Y   0        Mg Z   0         O X   1         O Y   1         O Z   1     
                    --------------- --------------- --------------- --------------- --------------- ---------------
    0   9.3738 THz  -0.0000  0.0000 -0.0000  0.0000  0.9877 -0.1564 -0.0000  0.0000  0.0000 -0.0000 -0.0000  0.0000
    1  10.1886 THz   0.0000  0.0000  0.9978 -0.0412  0.0000 -0.0000 -0.0000  0.0000 -0.0524  0.0022 -0.0000  0.0000
    2  10.1886 THz   0.9986  0.0000 -0.0000  0.0000  0.0000 -0.0000  0.0524  0.0000  0.0000  0.0000 -0.0000  0.0000
    3  12.5537 THz  -0.0000  0.0000 -0.0000  0.0000 -0.0000  0.0000  0.0000  0.0000  0.0000  0.0000 -0.2245  0.9745
    4  14.2098 THz  -0.0000  0.0000 -0.0522 -0.0053  0.0000  0.0000  0.0007 -0.0000 -0.9934 -0.1016 -0.0000  0.0000
    5  14.2098 THz  -0.0524  0.0000  0.0000  0.0000  0.0000 -0.0000  0.9986  0.0000  0.0007  0.0001 -0.0000 -0.0000


 Q= -0.175010  0.058337  0.058337, q=  0.250000 -0.250000 -0.250000

                       Mg X   0        Mg Y   0        Mg Z   0         O X   1         O Y   1         O Z   1     
                    --------------- --------------- --------------- --------------- --------------- ---------------
    0   7.7552 THz  -0.0000  0.0000 -0.6853 -0.1074  0.6853  0.1074 -0.0000 -0.0000 -0.1357 -0.0213  0.1357  0.0213
    1   8.8340 THz  -0.6849  0.0000 -0.5090  0.0000 -0.5090 -0.0000 -0.0756 -0.0000 -0.0593 -0.0000 -0.0593 -0.0000
    2  11.3778 THz   0.0000  0.0000 -0.0515  0.1274  0.0515 -0.1274 -0.0000  0.0000  0.2602 -0.6430 -0.2602  0.6430
    3  11.7275 THz  -0.5766  0.0000  0.4419 -0.0000  0.4419 -0.0000 -0.4751  0.0000 -0.1602 -0.0000 -0.1602  0.0000
    4  12.9595 THz  -0.3678  0.0000  0.1536  0.0000  0.1536  0.0000  0.3309 -0.0000  0.5950 -0.0000  0.5950 -0.0000
    5  15.9118 THz  -0.2513  0.0000  0.1486 -0.0000  0.1486 -0.0000  0.8118  0.0000 -0.3418 -0.0000 -0.3418 -0.0000


 Q= -0.116673  0.116673  0.000000, q=  0.250000 -0.250000  0.000000

                       Mg X   0        Mg Y   0        Mg Z   0         O X   1         O Y   1         O Z   1     
                    --------------- --------------- --------------- --------------- --------------- ---------------
    0   6.8943 THz   0.6841  0.0000  0.6841  0.0000  0.0000  0.0000  0.1788  0.0000  0.1788  0.0000  0.0000  0.0000
    1   8.9624 THz   0.0000  0.0000  0.0000  0.0000  0.9315  0.3326 -0.0000 -0.0000 -0.0000 -0.0000  0.1389  0.0496
    2  10.4882 THz   0.1788  0.0000  0.1788  0.0000 -0.0000 -0.0000 -0.6841 -0.0000 -0.6841 -0.0000 -0.0000 -0.0000
    3  11.4071 THz   0.6232  0.0000 -0.6232 -0.0000  0.0000  0.0000  0.3341  0.0000 -0.3341  0.0000  0.0000  0.0000
    4  12.7789 THz   0.0000  0.0000  0.0000  0.0000  0.0216 -0.1459 -0.0000 -0.0000 -0.0000 -0.0000 -0.1446  0.9784
    5  16.5725 THz  -0.3341  0.0000  0.3341 -0.0000  0.0000 -0.0000  0.6232  0.0000 -0.6232 -0.0000 -0.0000  0.0000


 Q= -0.058337  0.175010 -0.058337, q=  0.250000 -0.250000  0.250000

                       Mg X   0        Mg Y   0        Mg Z   0         O X   1         O Y   1         O Z   1     
                    --------------- --------------- --------------- --------------- --------------- ---------------
    0   7.7552 THz   0.6936  0.0000 -0.0000 -0.0000 -0.6936  0.0000  0.1374  0.0000  0.0000 -0.0000 -0.1374 -0.0000
    1   8.8340 THz   0.5090  0.0000  0.6849  0.0000  0.5090 -0.0000  0.0593  0.0000  0.0756  0.0000  0.0593  0.0000
    2  11.3778 THz  -0.1374  0.0000 -0.0000 -0.0000  0.1374  0.0000  0.6936  0.0000 -0.0000 -0.0000 -0.6936 -0.0000
    3  11.7275 THz   0.4419  0.0000 -0.5766 -0.0000  0.4419  0.0000 -0.1602  0.0000 -0.4751 -0.0000 -0.1602 -0.0000
    4  12.9595 THz  -0.1536  0.0000  0.3678 -0.0000 -0.1536 -0.0000 -0.5950  0.0000 -0.3309  0.0000 -0.5950  0.0000
    5  15.9118 THz   0.1486  0.0000 -0.2513 -0.0000  0.1486 -0.0000 -0.3418 -0.0000  0.8118  0.0000 -0.3418 -0.0000


 Q= -0.175010 -0.058337  0.175010, q=  0.250000  0.000000 -0.500000

                       Mg X   0        Mg Y   0        Mg Z   0         O X   1         O Y   1         O Z   1     
                    --------------- --------------- --------------- --------------- --------------- ---------------
    0   7.7552 THz  -0.6936  0.0000 -0.0000 -0.0000 -0.6936  0.0000  0.1374 -0.0000  0.0000  0.0000  0.1374  0.0000
    1   8.8340 THz  -0.5090  0.0000  0.6849 -0.0000  0.5090  0.0000  0.0593 -0.0000 -0.0756  0.0000 -0.0593 -0.0000
    2  11.3778 THz  -0.1374  0.0000 -0.0000  0.0000 -0.1374 -0.0000 -0.6936 -0.0000  0.0000 -0.0000 -0.6936 -0.0000
    3  11.7275 THz  -0.4419  0.0000 -0.5766  0.0000  0.4419  0.0000 -0.1602  0.0000  0.4751 -0.0000  0.1602  0.0000
    4  12.9595 THz  -0.1536  0.0000 -0.3678 -0.0000  0.1536  0.0000  0.5950  0.0000 -0.3309 -0.0000 -0.5950 -0.0000
    5  15.9118 THz   0.1486  0.0000  0.2513  0.0000 -0.1486  0.0000  0.3418 -0.0000  0.8118 -0.0000 -0.3418  0.0000


 Q= -0.116673  0.000000  0.116673, q=  0.250000  0.000000 -0.250000

                       Mg X   0        Mg Y   0        Mg Z   0         O X   1         O Y   1         O Z   1     
                    --------------- --------------- --------------- --------------- --------------- ---------------
    0   6.8943 THz  -0.6841  0.0000  0.0000  0.0000 -0.6841  0.0000 -0.1788 -0.0000  0.0000  0.0000 -0.1788  0.0000
    1   8.9624 THz   0.0000  0.0000  0.9875  0.0549  0.0000  0.0000  0.0000  0.0000  0.1473  0.0082  0.0000  0.0000
    2  10.4882 THz   0.1788  0.0000  0.0000 -0.0000  0.1788 -0.0000 -0.6841  0.0000  0.0000  0.0000 -0.6841  0.0000
    3  11.4071 THz   0.6232  0.0000  0.0000 -0.0000 -0.6232  0.0000  0.3341 -0.0000  0.0000 -0.0000 -0.3341 -0.0000
    4  12.7789 THz  -0.0000  0.0000 -0.1412  0.0424 -0.0000  0.0000  0.0000 -0.0000  0.9473 -0.2845 -0.0000 -0.0000
    5  16.5725 THz  -0.3341  0.0000  0.0000 -0.0000  0.3341  0.0000  0.6232  0.0000 -0.0000  0.0000 -0.6232 -0.0000


 Q= -0.058337  0.058337  0.058337, q=  0.250000  0.000000  0.000000

                       Mg X   0        Mg Y   0        Mg Z   0         O X   1         O Y   1         O Z   1     
                    --------------- --------------- --------------- --------------- --------------- ---------------
    0   5.2184 THz   0.6828  0.0000  0.5305  0.0052  0.1522 -0.0052  0.3723  0.0000  0.2893  0.0028  0.0830 -0.0028
    1   5.2184 THz  -0.2185  0.0000  0.4818  0.0161 -0.7003 -0.0161 -0.1191 -0.0000  0.2627  0.0088 -0.3818 -0.0088
    2   9.3345 THz  -0.4878  0.0000  0.4878 -0.0000  0.4878  0.0000 -0.3088  0.0000  0.3088  0.0000  0.3088 -0.0000
    3  10.5138 THz  -0.1156  0.0000 -0.3707 -0.0815  0.2551  0.0815  0.2120 -0.0000  0.6799  0.1495 -0.4679 -0.1495
    4  10.5138 THz   0.3734  0.0000  0.0898 -0.0252  0.2836  0.0252 -0.6848 -0.0000 -0.1647  0.0463 -0.5201 -0.0463
    5  17.0284 THz  -0.3088  0.0000  0.3088 -0.0000  0.3088  0.0000  0.4878  0.0000 -0.4878 -0.0000 -0.4878 -0.0000


 Q=  0.000000  0.116673  0.000000, q=  0.250000  0.000000  0.250000

                       Mg X   0        Mg Y   0        Mg Z   0         O X   1         O Y   1         O Z   1     
                    --------------- --------------- --------------- --------------- --------------- ---------------
    0   6.4889 THz   0.9065  0.0000  0.0000  0.0000 -0.0000 -0.0000  0.4222  0.0000 -0.0000  0.0000  0.0000  0.0000
    1   6.4889 THz   0.0000  0.0000 -0.0000  0.0000  0.9026  0.0845  0.0000  0.0000 -0.0000  0.0000  0.4204  0.0393
    2   8.8177 THz   0.0000  0.0000 -0.8671  0.0735 -0.0000 -0.0000 -0.0000 -0.0000 -0.4909  0.0416 -0.0000 -0.0000
    3  11.3887 THz   0.0000  0.0000 -0.0000 -0.0000  0.4180  0.0594  0.0000  0.0000 -0.0000  0.0000 -0.8975 -0.1276
    4  11.3887 THz   0.4222  0.0000  0.0000 -0.0000  0.0000  0.0000 -0.9065 -0.0000  0.0000 -0.0000 -0.0000 -0.0000
    5  16.9717 THz   0.0000  0.0000  0.4520 -0.1958  0.0000 -0.0000 -0.0000 -0.0000 -0.7985  0.3460  0.0000  0.0000


 Q= -0.116673 -0.116673  0.233346, q=  0.250000  0.250000 -0.500000

                       Mg X   0        Mg Y   0        Mg Z   0         O X   1         O Y   1         O Z   1     
                    --------------- --------------- --------------- --------------- --------------- ---------------
    0   6.8943 THz  -0.6841  0.0000  0.6841  0.0000  0.0000  0.0000  0.1788 -0.0000 -0.1788  0.0000 -0.0000 -0.0000
    1   8.9624 THz   0.0000  0.0000  0.0000  0.0000  0.9690  0.1984 -0.0000 -0.0000  0.0000  0.0000 -0.1445 -0.0296
    2  10.4882 THz  -0.1788  0.0000  0.1788  0.0000 -0.0000  0.0000 -0.6841 -0.0000  0.6841  0.0000  0.0000  0.0000
    3  11.4071 THz   0.6232  0.0000  0.6232  0.0000 -0.0000 -0.0000 -0.3341 -0.0000 -0.3341  0.0000 -0.0000  0.0000
    4  12.7789 THz  -0.0000  0.0000 -0.0000 -0.0000 -0.1475  0.0028 -0.0000  0.0000 -0.0000 -0.0000 -0.9889  0.0189
    5  16.5725 THz  -0.3341  0.0000 -0.3341  0.0000  0.0000  0.0000 -0.6232  0.0000 -0.6232  0.0000  0.0000 -0.0000


 Q= -0.058337 -0.058337  0.175010, q=  0.250000  0.250000 -0.250000

                       Mg X   0        Mg Y   0        Mg Z   0         O X   1         O Y   1         O Z   1     
                    --------------- --------------- --------------- --------------- --------------- ---------------
    0   7.7552 THz   0.6936  0.0000 -0.6936  0.0000 -0.0000  0.0000  0.1374  0.0000 -0.1374 -0.0000 -0.0000 -0.0000
    1   8.8340 THz   0.5090  0.0000  0.5090 -0.0000  0.6849 -0.0000  0.0593 -0.0000  0.0593  0.0000  0.0756 -0.0000
    2  11.3778 THz   0.1374  0.0000 -0.1374 -0.0000  0.0000  0.0000 -0.6936 -0.0000  0.6936  0.0000  0.0000  0.0000
    3  11.7275 THz  -0.4419  0.0000 -0.4419 -0.0000  0.5766  0.0000  0.1602 -0.0000  0.1602  0.0000  0.4751 -0.0000
    4  12.9595 THz  -0.1536  0.0000 -0.1536 -0.0000  0.3678 -0.0000 -0.5950  0.0000 -0.5950  0.0000 -0.3309  0.0000
    5  15.9118 THz   0.1486  0.0000  0.1486 -0.0000 -0.2513 -0.0000 -0.3418 -0.0000 -0.3418 -0.0000  0.8118  0.0000


 Q=  0.000000  0.000000  0.116673, q=  0.250000  0.250000  0.000000

                       Mg X   0        Mg Y   0        Mg Z   0         O X   1         O Y   1         O Z   1     
                    --------------- --------------- --------------- --------------- --------------- ---------------
    0   6.4889 THz   0.0000  0.0000  0.8957  0.1396  0.0000  0.0000  0.0000  0.0000  0.4172  0.0650  0.0000 -0.0000
    1   6.4889 THz   0.9065  0.0000 -0.0000  0.0000  0.0000  0.0000  0.4222  0.0000  0.0000 -0.0000 -0.0000 -0.0000
    2   8.8177 THz   0.0000  0.0000  0.0000 -0.0000 -0.8330  0.2520  0.0000 -0.0000  0.0000 -0.0000 -0.4715  0.1426
    3  11.3887 THz   0.0000  0.0000 -0.4166  0.0686  0.0000  0.0000  0.0000  0.0000  0.8945 -0.1473  0.0000  0.0000
    4  11.3887 THz  -0.4222  0.0000 -0.0000  0.0000  0.0000  0.0000  0.9065  0.0000  0.0000 -0.0000 -0.0000 -0.0000
    5  16.9717 THz   0.0000  0.0000 -0.0000 -0.0000  0.4202  0.2572  0.0000 -0.0000 -0.0000 -0.0000 -0.7422 -0.4543


 Q=  0.058337  0.058337  0.058337, q=  0.250000  0.250000  0.250000

                       Mg X   0        Mg Y   0        Mg Z   0         O X   1         O Y   1         O Z   1     
                    --------------- --------------- --------------- --------------- --------------- ---------------
    0   5.2184 THz   0.4744  0.0000  0.2275 -0.0244 -0.7020  0.0244  0.2587  0.0000  0.1241 -0.0133 -0.3827  0.0133
    1   5.2184 THz  -0.5374  0.0000  0.6790 -0.0215 -0.1416  0.0215 -0.2930  0.0000  0.3702 -0.0117 -0.0772  0.0117
    2   9.3345 THz   0.4878  0.0000  0.4878 -0.0000  0.4878 -0.0000  0.3088 -0.0000  0.3088  0.0000  0.3088  0.0000
    3  10.5138 THz   0.3792  0.0000 -0.2317 -0.0702 -0.1475  0.0702 -0.6956  0.0000  0.4250  0.1288  0.2706 -0.1288
    4  10.5138 THz  -0.0945  0.0000 -0.1215 -0.2817  0.2161  0.2817  0.1734 -0.0000  0.2229  0.5167 -0.3963 -0.5167
    5  17.0284 THz  -0.3088  0.0000 -0.3088  0.0000 -0.3088  0.0000  0.4878 -0.0000  0.4878 -0.0000  0.4878  0.0000
