
Used Primitive lattice vector

    0.000000000000      2.757663977617      2.757663977617  
    2.757663977617      0.000000000000      2.757663977617  
    2.757663977617      2.757663977617      0.000000000000  

   2 Atom(s) in the Primitive cell

 0.0000000000 0.0000000000 0.0000000000 Na    0
 0.5000000000 0.5000000000 0.5000000000 Cl    1


 Q= -0.090656 -0.090656 -0.090656, q= -0.500000 -0.500000 -0.500000

                       Na X   0        Na Y   0        Na Z   0        Cl X   1        Cl Y   1        Cl Z   1     
                    --------------- --------------- --------------- --------------- --------------- ---------------
    0   4.4925 THz   0.0000  0.0000  0.0000  0.0000 -0.0000  0.0000 -0.1439 -0.3461 -0.0004 -0.4510  0.1443  0.7971
    1   4.4925 THz  -0.0000  0.0000 -0.0000  0.0000  0.0000 -0.0000  0.0165  0.7252  0.0739 -0.6766 -0.0904 -0.0486
    2   5.2628 THz  -0.0000  0.0000  0.0000 -0.0000 -0.0000  0.0000  0.2018  0.5409  0.2018  0.5409  0.2018  0.5409
    3   5.7548 THz  -0.0000  0.0000  0.7070 -0.0127 -0.7070  0.0127  0.0000  0.0000  0.0000 -0.0000  0.0000 -0.0000
    4   5.7548 THz   0.8165  0.0000 -0.4082 -0.0000 -0.4082  0.0000  0.0000  0.0000 -0.0000  0.0000 -0.0000 -0.0000
    5   7.4434 THz   0.5774  0.0000  0.5774 -0.0000  0.5774 -0.0000  0.0000  0.0000  0.0000 -0.0000  0.0000  0.0000


 Q= -0.045328 -0.045328 -0.135985, q= -0.500000 -0.500000 -0.250000

                       Na X   0        Na Y   0        Na Z   0        Cl X   1        Cl Y   1        Cl Z   1     
                    --------------- --------------- --------------- --------------- --------------- ---------------
    0   4.3372 THz   0.2786  0.0000 -0.2786  0.0000 -0.0000 -0.0000  0.6499 -0.0000 -0.6499  0.0000  0.0000  0.0000
    1   4.6671 THz   0.1692  0.0000  0.1692 -0.0000 -0.0230 -0.0000  0.6359 -0.0000  0.6359 -0.0000 -0.3652  0.0000
    2   5.0048 THz   0.1644  0.0000  0.1644 -0.0000 -0.1739  0.0000  0.2138 -0.0000  0.2138 -0.0000  0.9079 -0.0000
    3   6.0202 THz  -0.6499  0.0000  0.6499  0.0000 -0.0000 -0.0000  0.2786 -0.0000 -0.2786 -0.0000 -0.0000 -0.0000
    4   6.0553 THz   0.4079  0.0000  0.4079  0.0000 -0.7479 -0.0000 -0.1811  0.0000 -0.1811 -0.0000 -0.2057 -0.0000
    5   6.9487 THz   0.5272  0.0000  0.5272 -0.0000  0.6402 -0.0000 -0.1306  0.0000 -0.1306  0.0000 -0.0068  0.0000


 Q=  0.000000  0.000000 -0.181313, q= -0.500000 -0.500000  0.000000

                       Na X   0        Na Y   0        Na Z   0        Cl X   1        Cl Y   1        Cl Z   1     
                    --------------- --------------- --------------- --------------- --------------- ---------------
    0   4.1877 THz   0.4859  0.0000  0.0000  0.0000  0.0000 -0.0000  0.8740 -0.0000 -0.0000 -0.0000 -0.0000  0.0000
    1   4.1877 THz   0.0000  0.0000  0.3948  0.2832 -0.0000 -0.0000 -0.0000 -0.0000  0.7102  0.5094  0.0000 -0.0000
    2   5.2255 THz   0.0000  0.0000  0.0000 -0.0000 -0.2043  0.0966  0.0000  0.0000 -0.0000 -0.0000  0.8806 -0.4164
    3   6.2368 THz   0.8740  0.0000  0.0000 -0.0000 -0.0000  0.0000 -0.4859  0.0000  0.0000  0.0000  0.0000 -0.0000
    4   6.2368 THz   0.0000  0.0000 -0.8533  0.1892 -0.0000  0.0000  0.0000  0.0000  0.4744 -0.1052  0.0000 -0.0000
    5   6.3429 THz   0.0000  0.0000  0.0000  0.0000 -0.2058  0.9521  0.0000 -0.0000 -0.0000  0.0000 -0.0477  0.2209


 Q=  0.045328  0.045328 -0.226641, q= -0.500000 -0.500000  0.250000

                       Na X   0        Na Y   0        Na Z   0        Cl X   1        Cl Y   1        Cl Z   1     
                    --------------- --------------- --------------- --------------- --------------- ---------------
    0   4.3372 THz   0.2786  0.0000 -0.2786 -0.0000  0.0000  0.0000  0.6499 -0.0000 -0.6499  0.0000  0.0000 -0.0000
    1   4.6671 THz   0.1692  0.0000  0.1692  0.0000 -0.0230 -0.0000  0.6359 -0.0000  0.6359 -0.0000 -0.3652  0.0000
    2   5.0048 THz   0.1644  0.0000  0.1644  0.0000 -0.1739  0.0000  0.2138 -0.0000  0.2138 -0.0000  0.9079 -0.0000
    3   6.0202 THz  -0.6499  0.0000  0.6499  0.0000 -0.0000 -0.0000  0.2786 -0.0000 -0.2786  0.0000 -0.0000 -0.0000
    4   6.0553 THz   0.4079  0.0000  0.4079  0.0000 -0.7479 -0.0000 -0.1811  0.0000 -0.1811  0.0000 -0.2057 -0.0000
    5   6.9487 THz   0.5272  0.0000  0.5272 -0.0000  0.6402 -0.0000 -0.1306  0.0000 -0.1306  0.0000 -0.0068  0.0000


 Q= -0.045328 -0.135985 -0.045328, q= -0.500000 -0.250000 -0.500000

                       Na X   0        Na Y   0        Na Z   0        Cl X   1        Cl Y   1        Cl Z   1     
                    --------------- --------------- --------------- --------------- --------------- ---------------
    0   4.3372 THz   0.2786  0.0000  0.0000 -0.0000 -0.2786 -0.0000  0.6499 -0.0000 -0.0000  0.0000 -0.6499  0.0000
    1   4.6671 THz  -0.1692  0.0000  0.0230 -0.0000 -0.1692 -0.0000 -0.6359  0.0000  0.3652 -0.0000 -0.6359  0.0000
    2   5.0048 THz   0.1644  0.0000 -0.1739 -0.0000  0.1644  0.0000  0.2138 -0.0000  0.9079 -0.0000  0.2138 -0.0000
    3   6.0202 THz  -0.6499  0.0000 -0.0000 -0.0000  0.6499  0.0000  0.2786 -0.0000 -0.0000 -0.0000 -0.2786  0.0000
    4   6.0553 THz  -0.4079  0.0000  0.7479  0.0000 -0.4079 -0.0000  0.1811 -0.0000  0.2057 -0.0000  0.1811  0.0000
    5   6.9487 THz   0.5272  0.0000  0.6402 -0.0000  0.5272  0.0000 -0.1306  0.0000 -0.0068 -0.0000 -0.1306  0.0000


 Q=  0.000000 -0.090656 -0.090656, q= -0.500000 -0.250000 -0.250000

                       Na X   0        Na Y   0        Na Z   0        Cl X   1        Cl Y   1        Cl Z   1     
                    --------------- --------------- --------------- --------------- --------------- ---------------
    0   4.3929 THz   0.4362  0.0000  0.0000  0.0000 -0.0000  0.0000  0.8999 -0.0000 -0.0000 -0.0000  0.0000  0.0000
    1   4.5033 THz   0.0000  0.0000 -0.0617  0.0024  0.0617 -0.0024 -0.0000  0.0000 -0.7039  0.0269  0.7039 -0.0269
    2   4.9451 THz   0.0000  0.0000 -0.1135 -0.0386 -0.1135 -0.0386 -0.0000 -0.0000 -0.6598 -0.2242 -0.6598 -0.2242
    3   5.7495 THz   0.0000  0.0000 -0.6490 -0.2737  0.6490  0.2737  0.0000  0.0000  0.0569  0.0240 -0.0569 -0.0240
    4   6.2314 THz   0.8999  0.0000  0.0000 -0.0000  0.0000 -0.0000 -0.4362  0.0000  0.0000  0.0000 -0.0000 -0.0000
    5   7.0207 THz   0.0000  0.0000 -0.0314  0.6962 -0.0314  0.6962 -0.0000  0.0000  0.0054 -0.1198  0.0054 -0.1198


 Q=  0.045328 -0.045328 -0.135985, q= -0.500000 -0.250000  0.000000

                       Na X   0        Na Y   0        Na Z   0        Cl X   1        Cl Y   1        Cl Z   1     
                    --------------- --------------- --------------- --------------- --------------- ---------------
    0   4.3372 THz  -0.2786  0.0000 -0.2786  0.0000  0.0000  0.0000 -0.6499  0.0000 -0.6499  0.0000 -0.0000 -0.0000
    1   4.6671 THz   0.1692  0.0000 -0.1692  0.0000  0.0230 -0.0000  0.6359 -0.0000 -0.6359  0.0000  0.3652 -0.0000
    2   5.0048 THz  -0.1644  0.0000  0.1644 -0.0000 -0.1739  0.0000 -0.2138  0.0000  0.2138 -0.0000  0.9079 -0.0000
    3   6.0202 THz  -0.6499  0.0000 -0.6499  0.0000 -0.0000 -0.0000  0.2786 -0.0000  0.2786 -0.0000 -0.0000 -0.0000
    4   6.0553 THz  -0.4079  0.0000  0.4079 -0.0000 -0.7479  0.0000  0.1811 -0.0000 -0.1811  0.0000 -0.2057  0.0000
    5   6.9487 THz  -0.5272  0.0000  0.5272 -0.0000  0.6402  0.0000  0.1306 -0.0000 -0.1306  0.0000 -0.0068  0.0000


 Q=  0.090656  0.000000 -0.181313, q= -0.500000 -0.250000  0.250000

                       Na X   0        Na Y   0        Na Z   0        Cl X   1        Cl Y   1        Cl Z   1     
                    --------------- --------------- --------------- --------------- --------------- ---------------
    0   4.7691 THz   0.0000  0.0000  0.1344 -0.0125  0.3471  0.0081  0.0000  0.0000  0.3349 -0.0312 -0.8647 -0.0201
    1   4.7691 THz   0.0000  0.0000 -0.2587 -0.2316  0.0895  0.1011  0.0000 -0.0000 -0.6445 -0.5769 -0.2229 -0.2518
    2   4.7736 THz   0.0000  0.0000 -0.0000  0.0000 -0.0000 -0.0000  0.7416  0.6708 -0.0000  0.0000  0.0000  0.0000
    3   6.2756 THz   0.0000  0.0000 -0.6178  0.0527 -0.3655  0.5858  0.0000  0.0000  0.2480 -0.0212 -0.1467  0.2351
    4   6.2756 THz   0.0000  0.0000 -0.6699 -0.1674  0.4810 -0.3913  0.0000  0.0000  0.2689  0.0672  0.1931 -0.1571
    5   6.2987 THz   1.0000  0.0000  0.0000  0.0000  0.0000  0.0000  0.0000  0.0000  0.0000  0.0000  0.0000  0.0000


 Q=  0.000000 -0.181313  0.000000, q= -0.500000  0.000000 -0.500000

                       Na X   0        Na Y   0        Na Z   0        Cl X   1        Cl Y   1        Cl Z   1     
                    --------------- --------------- --------------- --------------- --------------- ---------------
    0   4.1877 THz  -0.4859  0.0000  0.0000  0.0000  0.0000 -0.0000 -0.8740  0.0000 -0.0000 -0.0000 -0.0000  0.0000
    1   4.1877 THz   0.0000  0.0000  0.0000  0.0000  0.4859 -0.0000  0.0000 -0.0000 -0.0000 -0.0000  0.8740 -0.0000
    2   5.2255 THz   0.0000  0.0000 -0.2240 -0.0296 -0.0000  0.0000  0.0000  0.0000  0.9658  0.1275  0.0000 -0.0000
    3   6.2368 THz   0.0000  0.0000  0.0000 -0.0000  0.8740  0.0000  0.0000  0.0000  0.0000  0.0000 -0.4859 -0.0000
    4   6.2368 THz   0.8740  0.0000  0.0000  0.0000  0.0000 -0.0000 -0.4859  0.0000 -0.0000 -0.0000 -0.0000  0.0000
    5   6.3429 THz   0.0000  0.0000 -0.9718 -0.0677  0.0000  0.0000  0.0000  0.0000 -0.2254 -0.0157 -0.0000 -0.0000


 Q=  0.045328 -0.135985 -0.045328, q= -0.500000  0.000000 -0.250000

                       Na X   0        Na Y   0        Na Z   0        Cl X   1        Cl Y   1        Cl Z   1     
                    --------------- --------------- --------------- --------------- --------------- ---------------
    0   4.3372 THz  -0.2786  0.0000 -0.0000  0.0000 -0.2786  0.0000 -0.6499  0.0000 -0.0000 -0.0000 -0.6499  0.0000
    1   4.6671 THz  -0.1692  0.0000 -0.0230  0.0000  0.1692 -0.0000 -0.6359  0.0000 -0.3652  0.0000  0.6359 -0.0000
    2   5.0048 THz  -0.1644  0.0000 -0.1739 -0.0000  0.1644  0.0000 -0.2138  0.0000  0.9079 -0.0000  0.2138 -0.0000
    3   6.0202 THz  -0.6499  0.0000 -0.0000  0.0000 -0.6499 -0.0000  0.2786 -0.0000  0.0000  0.0000  0.2786 -0.0000
    4   6.0553 THz   0.4079  0.0000  0.7479  0.0000 -0.4079 -0.0000 -0.1811  0.0000  0.2057 -0.0000  0.1811  0.0000
    5   6.9487 THz  -0.5272  0.0000  0.6402 -0.0000  0.5272 -0.0000  0.1306 -0.0000 -0.0068 -0.0000 -0.1306  0.0000


 Q=  0.090656 -0.090656 -0.090656, q= -0.500000  0.000000  0.000000

                       Na X   0        Na Y   0        Na Z   0        Cl X   1        Cl Y   1        Cl Z   1     
                    --------------- --------------- --------------- --------------- --------------- ---------------
    0   4.4925 THz   0.0000  0.0000  0.0000  0.0000 -0.0000 -0.0000 -0.2206  0.6268  0.2812  0.4382 -0.5018  0.1886
    1   4.4925 THz   0.0000  0.0000  0.0000 -0.0000 -0.0000  0.0000 -0.1999  0.4303 -0.6289 -0.0115  0.4290  0.4418
    2   5.2628 THz   0.0000  0.0000  0.0000 -0.0000  0.0000  0.0000 -0.3022  0.4920  0.3022 -0.4920  0.3022 -0.4920
    3   5.7548 THz   0.0000  0.0000  0.6991  0.1061 -0.6991 -0.1061  0.0000 -0.0000 -0.0000 -0.0000  0.0000 -0.0000
    4   5.7548 THz   0.8165  0.0000  0.4082 -0.0000  0.4082 -0.0000  0.0000 -0.0000 -0.0000 -0.0000 -0.0000  0.0000
    5   7.4434 THz   0.5774  0.0000 -0.5774  0.0000 -0.5774  0.0000 -0.0000  0.0000  0.0000  0.0000  0.0000 -0.0000


 Q=  0.135985 -0.045328 -0.135985, q= -0.500000  0.000000  0.250000

                       Na X   0        Na Y   0        Na Z   0        Cl X   1        Cl Y   1        Cl Z   1     
                    --------------- --------------- --------------- --------------- --------------- ---------------
    0   4.3372 THz  -0.2786  0.0000  0.0000 -0.0000 -0.2786  0.0000  0.6499  0.0000  0.0000 -0.0000  0.6499  0.0000
    1   4.6671 THz   0.1692  0.0000  0.0230 -0.0000 -0.1692  0.0000 -0.6359 -0.0000 -0.3652 -0.0000  0.6359  0.0000
    2   5.0048 THz   0.1644  0.0000  0.1739 -0.0000 -0.1644  0.0000 -0.2138  0.0000  0.9079  0.0000  0.2138 -0.0000
    3   6.0202 THz  -0.6499  0.0000  0.0000  0.0000 -0.6499 -0.0000 -0.2786 -0.0000 -0.0000 -0.0000 -0.2786 -0.0000
    4   6.0553 THz  -0.4079  0.0000 -0.7479 -0.0000  0.4079  0.0000 -0.1811 -0.0000  0.2057  0.0000  0.1811  0.0000
    5   6.9487 THz  -0.5272  0.0000  0.6402  0.0000  0.5272  0.0000 -0.1306 -0.0000  0.0068 -0.0000  0.1306  0.0000


 Q=  0.045328 -0.226641  0.045328, q= -0.500000  0.250000 -0.500000

                       Na X   0        Na Y   0        Na Z   0        Cl X   1        Cl Y   1        Cl Z   1     
                    --------------- --------------- --------------- --------------- --------------- ---------------
    0   4.3372 THz   0.2786  0.0000 -0.0000 -0.0000 -0.2786  0.0000  0.6499 -0.0000  0.0000  0.0000 -0.6499  0.0000
    1   4.6671 THz  -0.1692  0.0000  0.0230  0.0000 -0.1692  0.0000 -0.6359  0.0000  0.3652 -0.0000 -0.6359  0.0000
    2   5.0048 THz   0.1644  0.0000 -0.1739  0.0000  0.1644 -0.0000  0.2138  0.0000  0.9079 -0.0000  0.2138 -0.0000
    3   6.0202 THz  -0.6499  0.0000 -0.0000 -0.0000  0.6499  0.0000  0.2786 -0.0000 -0.0000 -0.0000 -0.2786  0.0000
    4   6.0553 THz  -0.4079  0.0000  0.7479  0.0000 -0.4079 -0.0000  0.1811 -0.0000  0.2057  0.0000  0.1811  0.0000
    5   6.9487 THz   0.5272  0.0000  0.6402 -0.0000  0.5272 -0.0000 -0.1306  0.0000 -0.0068  0.0000 -0.1306  0.0000


 Q=  0.090656 -0.181313  0.000000, q= -0.500000  0.250000 -0.250000

                       Na X   0        Na Y   0        Na Z   0        Cl X   1        Cl Y   1        Cl Z   1     
                    --------------- --------------- --------------- --------------- --------------- ---------------
    0   4.7691 THz   0.0000  0.0000 -0.3562  0.0643 -0.0876 -0.0063  0.0000  0.0000  0.8875 -0.1601 -0.2183 -0.0156
    1   4.7691 THz   0.0000  0.0000  0.0253 -0.0841 -0.1869  0.3100 -0.0000  0.0000 -0.0631  0.2095 -0.4656  0.7724
    2   4.7736 THz   0.0000  0.0000 -0.0000  0.0000  0.0000  0.0000 -0.8944 -0.4472  0.0000 -0.0000  0.0000  0.0000
    3   6.2756 THz   0.0000  0.0000 -0.8882 -0.2485  0.0901  0.0501  0.0000  0.0000 -0.3565 -0.0997 -0.0361 -0.0201
    4   6.2756 THz   0.0000  0.0000 -0.0391 -0.0953 -0.1422 -0.9113  0.0000  0.0000 -0.0157 -0.0383  0.0571  0.3658
    5   6.2987 THz   1.0000  0.0000  0.0000  0.0000  0.0000  0.0000  0.0000  0.0000  0.0000  0.0000  0.0000  0.0000


 Q=  0.135985 -0.135985 -0.045328, q= -0.500000  0.250000  0.000000

                       Na X   0        Na Y   0        Na Z   0        Cl X   1        Cl Y   1        Cl Z   1     
                    --------------- --------------- --------------- --------------- --------------- ---------------
    0   4.3372 THz  -0.2786  0.0000 -0.2786 -0.0000  0.0000  0.0000  0.6499 -0.0000  0.6499 -0.0000  0.0000  0.0000
    1   4.6671 THz  -0.1692  0.0000  0.1692 -0.0000 -0.0230  0.0000  0.6359 -0.0000 -0.6359  0.0000  0.3652 -0.0000
    2   5.0048 THz   0.1644  0.0000 -0.1644 -0.0000  0.1739  0.0000 -0.2138  0.0000  0.2138 -0.0000  0.9079 -0.0000
    3   6.0202 THz  -0.6499  0.0000 -0.6499  0.0000  0.0000 -0.0000 -0.2786  0.0000 -0.2786  0.0000 -0.0000  0.0000
    4   6.0553 THz   0.4079  0.0000 -0.4079  0.0000  0.7479 -0.0000  0.1811 -0.0000 -0.1811  0.0000 -0.2057  0.0000
    5   6.9487 THz  -0.5272  0.0000  0.5272  0.0000  0.6402 -0.0000 -0.1306  0.0000  0.1306 -0.0000  0.0068  0.0000


 Q=  0.181313 -0.090656 -0.090656, q= -0.500000  0.250000  0.250000

                       Na X   0        Na Y   0        Na Z   0        Cl X   1        Cl Y   1        Cl Z   1     
                    --------------- --------------- --------------- --------------- --------------- ---------------
    0   4.3929 THz  -0.4362  0.0000 -0.0000  0.0000 -0.0000 -0.0000  0.8999  0.0000 -0.0000  0.0000 -0.0000 -0.0000
    1   4.5033 THz   0.0000  0.0000 -0.0618 -0.0003  0.0618  0.0003 -0.0000  0.0000  0.7044  0.0030 -0.7044 -0.0030
    2   4.9451 THz   0.0000  0.0000 -0.1192 -0.0127 -0.1192 -0.0127  0.0000 -0.0000  0.6929  0.0738  0.6929  0.0738
    3   5.7495 THz   0.0000  0.0000  0.7033  0.0386 -0.7033 -0.0386  0.0000  0.0000  0.0617  0.0034 -0.0617 -0.0034
    4   6.2314 THz   0.8999  0.0000 -0.0000  0.0000 -0.0000 -0.0000  0.4362  0.0000 -0.0000  0.0000 -0.0000 -0.0000
    5   7.0207 THz   0.0000  0.0000 -0.6968 -0.0048 -0.6968 -0.0048 -0.0000  0.0000 -0.1199 -0.0008 -0.1199 -0.0008


 Q= -0.135985 -0.045328 -0.045328, q= -0.250000 -0.500000 -0.500000

                       Na X   0        Na Y   0        Na Z   0        Cl X   1        Cl Y   1        Cl Z   1     
                    --------------- --------------- --------------- --------------- --------------- ---------------
    0   4.3372 THz   0.0000  0.0000  0.2660  0.0829 -0.2660 -0.0829  0.0000  0.0000  0.6205  0.1934 -0.6205 -0.1934
    1   4.6671 THz  -0.0230  0.0000  0.1692 -0.0000  0.1692 -0.0000 -0.3652  0.0000  0.6359 -0.0000  0.6359 -0.0000
    2   5.0048 THz   0.1739  0.0000 -0.1644 -0.0000 -0.1644 -0.0000 -0.9079  0.0000 -0.2138  0.0000 -0.2138  0.0000
    3   6.0202 THz   0.0000  0.0000  0.6498 -0.0102 -0.6498  0.0102  0.0000 -0.0000 -0.2786  0.0044  0.2786 -0.0044
    4   6.0553 THz  -0.7479  0.0000  0.4079 -0.0000  0.4079  0.0000 -0.2057  0.0000 -0.1811  0.0000 -0.1811  0.0000
    5   6.9487 THz   0.6402  0.0000  0.5272 -0.0000  0.5272 -0.0000 -0.0068  0.0000 -0.1306  0.0000 -0.1306  0.0000


 Q= -0.090656  0.000000 -0.090656, q= -0.250000 -0.500000 -0.250000

                       Na X   0        Na Y   0        Na Z   0        Cl X   1        Cl Y   1        Cl Z   1     
                    --------------- --------------- --------------- --------------- --------------- ---------------
    0   4.3929 THz  -0.0000  0.0000 -0.4358 -0.0183 -0.0000 -0.0000 -0.0000 -0.0000 -0.8991 -0.0377  0.0000  0.0000
    1   4.5033 THz  -0.0618  0.0000  0.0000  0.0000  0.0618 -0.0000 -0.7044  0.0000  0.0000  0.0000  0.7044 -0.0000
    2   4.9451 THz  -0.1199  0.0000 -0.0000 -0.0000 -0.1199  0.0000 -0.6969  0.0000  0.0000 -0.0000 -0.6969  0.0000
    3   5.7495 THz   0.7044  0.0000 -0.0000  0.0000 -0.7044 -0.0000 -0.0618  0.0000  0.0000 -0.0000  0.0618 -0.0000
    4   6.2314 THz   0.0000  0.0000  0.8998 -0.0049 -0.0000 -0.0000 -0.0000  0.0000 -0.4362  0.0024  0.0000 -0.0000
    5   7.0207 THz   0.6969  0.0000 -0.0000 -0.0000  0.6969  0.0000 -0.1199  0.0000  0.0000  0.0000 -0.1199  0.0000


 Q= -0.045328  0.045328 -0.135985, q= -0.250000 -0.500000  0.000000

                       Na X   0        Na Y   0        Na Z   0        Cl X   1        Cl Y   1        Cl Z   1     
                    --------------- --------------- --------------- --------------- --------------- ---------------
    0   4.3372 THz  -0.2786  0.0000 -0.2786  0.0000  0.0000  0.0000 -0.6499  0.0000 -0.6499  0.0000  0.0000 -0.0000
    1   4.6671 THz   0.1692  0.0000 -0.1692  0.0000 -0.0230 -0.0000  0.6359 -0.0000 -0.6359  0.0000 -0.3652  0.0000
    2   5.0048 THz  -0.1644  0.0000  0.1644 -0.0000  0.1739 -0.0000 -0.2138  0.0000  0.2138 -0.0000 -0.9079  0.0000
    3   6.0202 THz  -0.6499  0.0000 -0.6499  0.0000 -0.0000  0.0000  0.2786 -0.0000  0.2786 -0.0000 -0.0000  0.0000
    4   6.0553 THz   0.4079  0.0000 -0.4079  0.0000 -0.7479  0.0000 -0.1811  0.0000  0.1811 -0.0000 -0.2057  0.0000
    5   6.9487 THz   0.5272  0.0000 -0.5272 -0.0000  0.6402  0.0000 -0.1306  0.0000  0.1306 -0.0000 -0.0068  0.0000


 Q=  0.000000  0.090656 -0.181313, q= -0.250000 -0.500000  0.250000

                       Na X   0        Na Y   0        Na Z   0        Cl X   1        Cl Y   1        Cl Z   1     
                    --------------- --------------- --------------- --------------- --------------- ---------------
    0   4.7691 THz   0.0000  0.0000 -0.0000 -0.0000  0.0968  0.3597  0.0000 -0.0000  0.0000  0.0000 -0.2411 -0.8962
    1   4.7691 THz  -0.3725  0.0000  0.0000 -0.0000 -0.0000  0.0000 -0.9280  0.0000 -0.0000 -0.0000  0.0000 -0.0000
    2   4.7736 THz   0.0000  0.0000 -0.0000 -0.0000  0.0000  0.0000  0.0000 -0.0000 -0.9237 -0.3832 -0.0000 -0.0000
    3   6.2756 THz   0.0000  0.0000 -0.0000 -0.0000 -0.0362  0.9273  0.0000 -0.0000  0.0000 -0.0000 -0.0145  0.3722
    4   6.2756 THz   0.9280  0.0000  0.0000 -0.0000 -0.0000  0.0000 -0.3725  0.0000 -0.0000 -0.0000  0.0000 -0.0000
    5   6.2987 THz   0.0000  0.0000  0.6164 -0.7874  0.0000 -0.0000  0.0000 -0.0000 -0.0000  0.0000  0.0000 -0.0000


 Q= -0.090656 -0.090656  0.000000, q= -0.250000 -0.250000 -0.500000

                       Na X   0        Na Y   0        Na Z   0        Cl X   1        Cl Y   1        Cl Z   1     
                    --------------- --------------- --------------- --------------- --------------- ---------------
    0   4.3929 THz   0.0000  0.0000  0.0000 -0.0000 -0.3896  0.1961  0.0000 -0.0000  0.0000 -0.0000 -0.8038  0.4045
    1   4.5033 THz  -0.0618  0.0000  0.0618 -0.0000 -0.0000  0.0000 -0.7044 -0.0000  0.7044  0.0000  0.0000  0.0000
    2   4.9451 THz  -0.1199  0.0000 -0.1199  0.0000  0.0000 -0.0000 -0.6969  0.0000 -0.6969  0.0000 -0.0000  0.0000
    3   5.7495 THz   0.7044  0.0000 -0.7044  0.0000  0.0000  0.0000 -0.0618  0.0000  0.0618  0.0000 -0.0000 -0.0000
    4   6.2314 THz  -0.0000  0.0000  0.0000 -0.0000  0.8984  0.0515  0.0000  0.0000  0.0000  0.0000 -0.4355 -0.0249
    5   7.0207 THz   0.6969  0.0000  0.6969 -0.0000  0.0000 -0.0000 -0.1199  0.0000 -0.1199 -0.0000 -0.0000  0.0000


 Q= -0.045328 -0.045328 -0.045328, q= -0.250000 -0.250000 -0.250000

                       Na X   0        Na Y   0        Na Z   0        Cl X   1        Cl Y   1        Cl Z   1     
                    --------------- --------------- --------------- --------------- --------------- ---------------
    0   3.9606 THz  -0.0318  0.0000  0.3129  0.0682 -0.2811 -0.0682 -0.0663  0.0000  0.6519  0.1421 -0.5856 -0.1421
    1   3.9606 THz   0.3518  0.0000 -0.1491  0.0062 -0.2028 -0.0062  0.7331 -0.0000 -0.3106  0.0128 -0.4225 -0.0128
    2   4.4084 THz  -0.2238  0.0000 -0.2238  0.0000 -0.2238 -0.0000 -0.5322  0.0000 -0.5322  0.0000 -0.5322  0.0000
    3   5.9659 THz  -0.3832  0.0000 -0.3519  0.0295  0.7351 -0.0295  0.1839 -0.0000  0.1689 -0.0142 -0.3528  0.0142
    4   5.9659 THz  -0.6285  0.0000  0.6456 -0.0180 -0.0171  0.0180  0.3016 -0.0000 -0.3098  0.0086  0.0082 -0.0086
    5   6.8411 THz   0.5322  0.0000  0.5322 -0.0000  0.5322  0.0000 -0.2238  0.0000 -0.2238  0.0000 -0.2238  0.0000


 Q=  0.000000  0.000000 -0.090656, q= -0.250000 -0.250000  0.000000

                       Na X   0        Na Y   0        Na Z   0        Cl X   1        Cl Y   1        Cl Z   1     
                    --------------- --------------- --------------- --------------- --------------- ---------------
    0   3.8741 THz   0.4922  0.0000  0.0000 -0.0000  0.0000  0.0000  0.8705 -0.0000  0.0000 -0.0000  0.0000  0.0000
    1   3.8741 THz   0.0000  0.0000 -0.0574  0.4889 -0.0000 -0.0000 -0.0000  0.0000 -0.1015  0.8645 -0.0000  0.0000
    2   4.6205 THz   0.0000  0.0000 -0.0000 -0.0000 -0.2252 -0.0425  0.0000  0.0000  0.0000  0.0000 -0.9565 -0.1805
    3   6.1823 THz   0.8705  0.0000  0.0000  0.0000 -0.0000 -0.0000 -0.4922  0.0000 -0.0000  0.0000 -0.0000 -0.0000
    4   6.1823 THz   0.0000  0.0000 -0.5057 -0.7085  0.0000 -0.0000  0.0000  0.0000  0.2860  0.4006 -0.0000  0.0000
    5   6.6998 THz   0.0000  0.0000  0.0000 -0.0000 -0.9520 -0.2027  0.0000  0.0000  0.0000 -0.0000  0.2242  0.0477


 Q=  0.045328  0.045328 -0.135985, q= -0.250000 -0.250000  0.250000

                       Na X   0        Na Y   0        Na Z   0        Cl X   1        Cl Y   1        Cl Z   1     
                    --------------- --------------- --------------- --------------- --------------- ---------------
    0   4.3372 THz   0.2786  0.0000 -0.2786 -0.0000 -0.0000 -0.0000  0.6499  0.0000 -0.6499  0.0000  0.0000  0.0000
    1   4.6671 THz   0.1692  0.0000  0.1692  0.0000  0.0230  0.0000  0.6359 -0.0000  0.6359 -0.0000  0.3652  0.0000
    2   5.0048 THz   0.1644  0.0000  0.1644  0.0000  0.1739 -0.0000  0.2138  0.0000  0.2138  0.0000 -0.9079 -0.0000
    3   6.0202 THz  -0.6499  0.0000  0.6499 -0.0000  0.0000 -0.0000  0.2786  0.0000 -0.2786  0.0000  0.0000 -0.0000
    4   6.0553 THz  -0.4079  0.0000 -0.4079  0.0000 -0.7479  0.0000  0.1811  0.0000  0.1811 -0.0000 -0.2057 -0.0000
    5   6.9487 THz  -0.5272  0.0000 -0.5272 -0.0000  0.6402 -0.0000  0.1306 -0.0000  0.1306 -0.0000 -0.0068  0.0000


 Q= -0.045328 -0.135985  0.045328, q= -0.250000  0.000000 -0.500000

                       Na X   0        Na Y   0        Na Z   0        Cl X   1        Cl Y   1        Cl Z   1     
                    --------------- --------------- --------------- --------------- --------------- ---------------
    0   4.3372 THz   0.2786  0.0000 -0.0000 -0.0000  0.2786 -0.0000  0.6499 -0.0000  0.0000  0.0000  0.6499 -0.0000
    1   4.6671 THz  -0.1692  0.0000  0.0230 -0.0000  0.1692 -0.0000 -0.6359  0.0000  0.3652 -0.0000  0.6359 -0.0000
    2   5.0048 THz   0.1644  0.0000 -0.1739  0.0000 -0.1644  0.0000  0.2138 -0.0000  0.9079 -0.0000 -0.2138  0.0000
    3   6.0202 THz  -0.6499  0.0000  0.0000  0.0000 -0.6499  0.0000  0.2786 -0.0000  0.0000  0.0000  0.2786 -0.0000
    4   6.0553 THz   0.4079  0.0000 -0.7479  0.0000 -0.4079  0.0000 -0.1811  0.0000 -0.2057  0.0000  0.1811 -0.0000
    5   6.9487 THz  -0.5272  0.0000 -0.6402  0.0000  0.5272 -0.0000  0.1306 -0.0000  0.0068 -0.0000 -0.1306  0.0000


 Q=  0.000000 -0.090656  0.000000, q= -0.250000  0.000000 -0.250000

                       Na X   0        Na Y   0        Na Z   0        Cl X   1        Cl Y   1        Cl Z   1     
                    --------------- --------------- --------------- --------------- --------------- ---------------
    0   3.8741 THz   0.0000  0.0000  0.0000  0.0000 -0.4630 -0.1670  0.0000 -0.0000  0.0000  0.0000 -0.8189 -0.2953
    1   3.8741 THz  -0.4922  0.0000  0.0000 -0.0000  0.0000 -0.0000 -0.8705  0.0000  0.0000 -0.0000 -0.0000 -0.0000
    2   4.6205 THz   0.0000  0.0000 -0.2292 -0.0004  0.0000 -0.0000 -0.0000 -0.0000 -0.9734 -0.0017 -0.0000  0.0000
    3   6.1823 THz   0.0000  0.0000  0.0000 -0.0000 -0.8697  0.0374 -0.0000 -0.0000 -0.0000  0.0000  0.4918 -0.0211
    4   6.1823 THz   0.8705  0.0000  0.0000 -0.0000  0.0000 -0.0000 -0.4922  0.0000  0.0000 -0.0000 -0.0000 -0.0000
    5   6.6998 THz   0.0000  0.0000 -0.9296  0.2887 -0.0000  0.0000  0.0000 -0.0000  0.2189 -0.0680  0.0000 -0.0000


 Q=  0.045328 -0.045328 -0.045328, q= -0.250000  0.000000  0.000000

                       Na X   0        Na Y   0        Na Z   0        Cl X   1        Cl Y   1        Cl Z   1     
                    --------------- --------------- --------------- --------------- --------------- ---------------
    0   3.9606 THz   0.0904 -0.0000 -0.2493  0.0277  0.3397 -0.0277  0.1883  0.0000 -0.5194  0.0577  0.7077 -0.0577
    1   3.9606 THz  -0.3415  0.0000 -0.2487  0.0073 -0.0928 -0.0073 -0.7116 -0.0000 -0.5182  0.0153 -0.1935 -0.0153
    2   4.4084 THz  -0.2238  0.0000  0.2238  0.0000  0.2238  0.0000 -0.5322 -0.0000  0.5322  0.0000  0.5322  0.0000
    3   5.9659 THz   0.7244  0.0000  0.4755  0.0025  0.2488 -0.0025 -0.3476 -0.0000 -0.2282 -0.0012 -0.1194  0.0012
    4   5.9659 THz  -0.1309 -0.0000  0.5617  0.0136 -0.6926 -0.0136  0.0628  0.0000 -0.2696 -0.0065  0.3324  0.0065
    5   6.8411 THz   0.5322  0.0000 -0.5322 -0.0000 -0.5322 -0.0000 -0.2238 -0.0000  0.2238  0.0000  0.2238  0.0000


 Q=  0.090656  0.000000 -0.090656, q= -0.250000  0.000000  0.250000

                       Na X   0        Na Y   0        Na Z   0        Cl X   1        Cl Y   1        Cl Z   1     
                    --------------- --------------- --------------- --------------- --------------- ---------------
    0   4.3929 THz  -0.0000  0.0000 -0.4362 -0.0049 -0.0000  0.0000 -0.0000 -0.0000 -0.8998 -0.0101 -0.0000 -0.0000
    1   4.5033 THz  -0.0618  0.0000  0.0000 -0.0000 -0.0618 -0.0000 -0.7044  0.0000  0.0000 -0.0000 -0.7044  0.0000
    2   4.9451 THz   0.1199  0.0000  0.0000  0.0000 -0.1199 -0.0000  0.6969  0.0000 -0.0000 -0.0000 -0.6969 -0.0000
    3   5.7495 THz  -0.7044  0.0000 -0.0000 -0.0000 -0.7044 -0.0000  0.0618  0.0000  0.0000  0.0000  0.0618 -0.0000
    4   6.2314 THz  -0.0000  0.0000  0.8980  0.0572 -0.0000  0.0000 -0.0000 -0.0000 -0.4353 -0.0277 -0.0000 -0.0000
    5   7.0207 THz   0.6969  0.0000  0.0000 -0.0000 -0.6969  0.0000 -0.1199  0.0000 -0.0000  0.0000  0.1199 -0.0000


 Q=  0.000000 -0.181313  0.090656, q= -0.250000  0.250000 -0.500000

                       Na X   0        Na Y   0        Na Z   0        Cl X   1        Cl Y   1        Cl Z   1     
                    --------------- --------------- --------------- --------------- --------------- ---------------
    0   4.7691 THz  -0.3725  0.0000 -0.0000  0.0000  0.0000 -0.0000 -0.9280  0.0000 -0.0000 -0.0000  0.0000 -0.0000
    1   4.7691 THz   0.0000  0.0000  0.3666  0.0659  0.0000  0.0000 -0.0000 -0.0000 -0.9134 -0.1642 -0.0000 -0.0000
    2   4.7736 THz   0.0000  0.0000 -0.0000 -0.0000 -0.0000 -0.0000 -0.0000 -0.0000  0.0000  0.0000 -0.9623 -0.2720
    3   6.2756 THz   0.9280  0.0000 -0.0000  0.0000  0.0000 -0.0000 -0.3725  0.0000 -0.0000 -0.0000  0.0000 -0.0000
    4   6.2756 THz   0.0000  0.0000 -0.9127  0.1681  0.0000 -0.0000  0.0000  0.0000 -0.3663  0.0675 -0.0000 -0.0000
    5   6.2987 THz   0.0000  0.0000  0.0000 -0.0000 -0.3739 -0.9275  0.0000 -0.0000 -0.0000 -0.0000  0.0000  0.0000


 Q=  0.045328 -0.135985  0.045328, q= -0.250000  0.250000 -0.250000

                       Na X   0        Na Y   0        Na Z   0        Cl X   1        Cl Y   1        Cl Z   1     
                    --------------- --------------- --------------- --------------- --------------- ---------------
    0   4.3372 THz  -0.2786  0.0000 -0.0000  0.0000  0.2786  0.0000 -0.6499 -0.0000  0.0000 -0.0000  0.6499  0.0000
    1   4.6671 THz  -0.1692  0.0000 -0.0230  0.0000 -0.1692 -0.0000 -0.6359 -0.0000 -0.3652 -0.0000 -0.6359 -0.0000
    2   5.0048 THz  -0.1644  0.0000 -0.1739 -0.0000 -0.1644 -0.0000 -0.2138  0.0000  0.9079  0.0000 -0.2138 -0.0000
    3   6.0202 THz  -0.6499  0.0000  0.0000  0.0000  0.6499  0.0000  0.2786  0.0000  0.0000  0.0000 -0.2786 -0.0000
    4   6.0553 THz  -0.4079  0.0000 -0.7479 -0.0000 -0.4079 -0.0000  0.1811  0.0000 -0.2057 -0.0000  0.1811  0.0000
    5   6.9487 THz   0.5272  0.0000 -0.6402 -0.0000  0.5272 -0.0000 -0.1306 -0.0000  0.0068 -0.0000 -0.1306  0.0000


 Q=  0.090656 -0.090656  0.000000, q= -0.250000  0.250000  0.000000

                       Na X   0        Na Y   0        Na Z   0        Cl X   1        Cl Y   1        Cl Z   1     
                    --------------- --------------- --------------- --------------- --------------- ---------------
    0   4.3929 THz  -0.0000  0.0000 -0.0000  0.0000 -0.4311  0.0662 -0.0000  0.0000 -0.0000  0.0000 -0.8894  0.1365
    1   4.5033 THz  -0.0618  0.0000 -0.0618 -0.0000  0.0000 -0.0000 -0.7044 -0.0000 -0.7044 -0.0000  0.0000 -0.0000
    2   4.9451 THz  -0.1199  0.0000  0.1199  0.0000  0.0000  0.0000 -0.6969 -0.0000  0.6969  0.0000 -0.0000 -0.0000
    3   5.7495 THz  -0.7044  0.0000 -0.7044  0.0000 -0.0000 -0.0000  0.0618  0.0000  0.0618 -0.0000  0.0000  0.0000
    4   6.2314 THz   0.0000  0.0000  0.0000  0.0000 -0.8823 -0.1771 -0.0000 -0.0000  0.0000  0.0000  0.4277  0.0858
    5   7.0207 THz   0.6969  0.0000 -0.6969  0.0000  0.0000  0.0000 -0.1199 -0.0000  0.1199 -0.0000 -0.0000 -0.0000


 Q=  0.135985 -0.045328 -0.045328, q= -0.250000  0.250000  0.250000

                       Na X   0        Na Y   0        Na Z   0        Cl X   1        Cl Y   1        Cl Z   1     
                    --------------- --------------- --------------- --------------- --------------- ---------------
    0   4.3372 THz  -0.0000  0.0000  0.2700  0.0687 -0.2700 -0.0687 -0.0000 -0.0000  0.6299  0.1602 -0.6299 -0.1602
    1   4.6671 THz  -0.0230  0.0000 -0.1692 -0.0000 -0.1692 -0.0000 -0.3652 -0.0000 -0.6359 -0.0000 -0.6359 -0.0000
    2   5.0048 THz  -0.1739  0.0000 -0.1644  0.0000 -0.1644  0.0000  0.9079 -0.0000 -0.2138  0.0000 -0.2138  0.0000
    3   6.0202 THz  -0.0000  0.0000  0.6499  0.0063 -0.6499 -0.0063 -0.0000  0.0000 -0.2786 -0.0027  0.2786  0.0027
    4   6.0553 THz   0.7479  0.0000  0.4079  0.0000  0.4079 -0.0000  0.2057 -0.0000 -0.1811 -0.0000 -0.1811 -0.0000
    5   6.9487 THz   0.6402  0.0000 -0.5272  0.0000 -0.5272  0.0000 -0.0068 -0.0000  0.1306  0.0000  0.1306  0.0000


 Q= -0.181313  0.000000  0.000000, q=  0.000000 -0.500000 -0.500000

                       Na X   0        Na Y   0        Na Z   0        Cl X   1        Cl Y   1        Cl Z   1     
                    --------------- --------------- --------------- --------------- --------------- ---------------
    0   4.1877 THz   0.0000  0.0000  0.1683 -0.0779 -0.3916  0.2199 -0.0000 -0.0000  0.3027 -0.1401 -0.7044  0.3956
    1   4.1877 THz   0.0000  0.0000  0.4455 -0.0566  0.1815 -0.0377 -0.0000 -0.0000  0.8014 -0.1019  0.3266 -0.0678
    2   5.2255 THz   0.2260  0.0000  0.0000 -0.0000  0.0000  0.0000 -0.9741  0.0000  0.0000  0.0000 -0.0000 -0.0000
    3   6.2368 THz   0.0000  0.0000 -0.6813  0.0404 -0.5279 -0.1397  0.0000 -0.0000  0.3787 -0.0225  0.2935  0.0776
    4   6.2368 THz   0.0000  0.0000 -0.5335  0.1164  0.6788  0.0703  0.0000 -0.0000  0.2966 -0.0647 -0.3774 -0.0391
    5   6.3429 THz   0.9741  0.0000  0.0000  0.0000 -0.0000 -0.0000  0.2260 -0.0000 -0.0000 -0.0000  0.0000  0.0000


 Q= -0.135985  0.045328 -0.045328, q=  0.000000 -0.500000 -0.250000

                       Na X   0        Na Y   0        Na Z   0        Cl X   1        Cl Y   1        Cl Z   1     
                    --------------- --------------- --------------- --------------- --------------- ---------------
    0   4.3372 THz   0.0000  0.0000 -0.2652 -0.0853 -0.2652 -0.0853  0.0000  0.0000 -0.6187 -0.1990 -0.6187 -0.1990
    1   4.6671 THz  -0.0230  0.0000 -0.1692  0.0000  0.1692 -0.0000 -0.3652  0.0000 -0.6359  0.0000  0.6359 -0.0000
    2   5.0048 THz  -0.1739  0.0000 -0.1644 -0.0000  0.1644  0.0000  0.9079  0.0000 -0.2138 -0.0000  0.2138  0.0000
    3   6.0202 THz  -0.0000  0.0000  0.6475  0.0564  0.6475  0.0564 -0.0000  0.0000 -0.2776 -0.0242 -0.2776 -0.0242
    4   6.0553 THz  -0.7479  0.0000 -0.4079 -0.0000  0.4079 -0.0000 -0.2057 -0.0000  0.1811  0.0000 -0.1811  0.0000
    5   6.9487 THz   0.6402  0.0000 -0.5272 -0.0000  0.5272  0.0000 -0.0068  0.0000  0.1306 -0.0000 -0.1306  0.0000


 Q= -0.090656  0.090656 -0.090656, q=  0.000000 -0.500000  0.000000

                       Na X   0        Na Y   0        Na Z   0        Cl X   1        Cl Y   1        Cl Z   1     
                    --------------- --------------- --------------- --------------- --------------- ---------------
    0   4.4925 THz   0.0000  0.0000 -0.0000  0.0000 -0.0000  0.0000  0.0884 -0.2078 -0.4811  0.3271 -0.5695  0.5349
    1   4.4925 THz   0.0000  0.0000  0.0000 -0.0000  0.0000 -0.0000 -0.5936  0.5131 -0.4872  0.3014  0.1064 -0.2117
    2   5.2628 THz   0.0000  0.0000  0.0000 -0.0000  0.0000 -0.0000 -0.3640  0.4481  0.3640 -0.4481 -0.3640  0.4481
    3   5.7548 THz   0.8165  0.0000  0.4082  0.0000 -0.4082 -0.0000  0.0000 -0.0000 -0.0000 -0.0000  0.0000  0.0000
    4   5.7548 THz   0.0000  0.0000 -0.6991  0.1061 -0.6991  0.1061 -0.0000  0.0000  0.0000  0.0000 -0.0000 -0.0000
    5   7.4434 THz   0.5774  0.0000 -0.5774 -0.0000  0.5774  0.0000 -0.0000  0.0000  0.0000  0.0000 -0.0000 -0.0000


 Q= -0.045328  0.135985 -0.135985, q=  0.000000 -0.500000  0.250000

                       Na X   0        Na Y   0        Na Z   0        Cl X   1        Cl Y   1        Cl Z   1     
                    --------------- --------------- --------------- --------------- --------------- ---------------
    0   4.3372 THz  -0.0000  0.0000  0.1426  0.2393  0.1426  0.2393  0.0000  0.0000 -0.3327 -0.5583 -0.3327 -0.5583
    1   4.6671 THz   0.0230  0.0000  0.1692  0.0000 -0.1692 -0.0000 -0.3652 -0.0000 -0.6359 -0.0000  0.6359  0.0000
    2   5.0048 THz  -0.1739  0.0000 -0.1644 -0.0000  0.1644 -0.0000 -0.9079  0.0000  0.2138  0.0000 -0.2138  0.0000
    3   6.0202 THz   0.0000  0.0000 -0.6495 -0.0229 -0.6495 -0.0229 -0.0000  0.0000 -0.2784 -0.0098 -0.2784 -0.0098
    4   6.0553 THz  -0.7479  0.0000 -0.4079 -0.0000  0.4079 -0.0000  0.2057 -0.0000 -0.1811 -0.0000  0.1811 -0.0000
    5   6.9487 THz   0.6402  0.0000 -0.5272 -0.0000  0.5272 -0.0000  0.0068 -0.0000 -0.1306  0.0000  0.1306  0.0000


 Q= -0.135985 -0.045328  0.045328, q=  0.000000 -0.250000 -0.500000

                       Na X   0        Na Y   0        Na Z   0        Cl X   1        Cl Y   1        Cl Z   1     
                    --------------- --------------- --------------- --------------- --------------- ---------------
    0   4.3372 THz  -0.0000  0.0000 -0.2784 -0.0114 -0.2784 -0.0114 -0.0000 -0.0000 -0.6494 -0.0267 -0.6494 -0.0267
    1   4.6671 THz  -0.0230  0.0000  0.1692  0.0000 -0.1692 -0.0000 -0.3652 -0.0000  0.6359  0.0000 -0.6359 -0.0000
    2   5.0048 THz   0.1739  0.0000 -0.1644 -0.0000  0.1644  0.0000 -0.9079 -0.0000 -0.2138  0.0000  0.2138 -0.0000
    3   6.0202 THz   0.0000  0.0000  0.6499  0.0041  0.6499  0.0041  0.0000  0.0000 -0.2786 -0.0017 -0.2786 -0.0017
    4   6.0553 THz   0.7479  0.0000 -0.4079 -0.0000  0.4079 -0.0000  0.2057 -0.0000  0.1811  0.0000 -0.1811  0.0000
    5   6.9487 THz   0.6402  0.0000  0.5272 -0.0000 -0.5272 -0.0000 -0.0068  0.0000 -0.1306  0.0000  0.1306 -0.0000


 Q= -0.090656  0.000000  0.000000, q=  0.000000 -0.250000 -0.250000

                       Na X   0        Na Y   0        Na Z   0        Cl X   1        Cl Y   1        Cl Z   1     
                    --------------- --------------- --------------- --------------- --------------- ---------------
    0   3.8741 THz   0.0000  0.0000 -0.1669  0.2586 -0.2326  0.3057  0.0000  0.0000 -0.2951  0.4573 -0.4113  0.5406
    1   3.8741 THz   0.0000  0.0000  0.2687 -0.2745 -0.2317  0.2026  0.0000  0.0000  0.4753 -0.4854 -0.4097  0.3583
    2   4.6205 THz  -0.2292  0.0000  0.0000  0.0000 -0.0000  0.0000 -0.9734  0.0000  0.0000 -0.0000 -0.0000  0.0000
    3   6.1823 THz   0.0000  0.0000 -0.2030  0.2393  0.6849  0.4360  0.0000 -0.0000  0.1148 -0.1353 -0.3873 -0.2465
    4   6.1823 THz   0.0000  0.0000 -0.7862 -0.2028  0.0362 -0.3117 -0.0000  0.0000  0.4446  0.1147 -0.0205  0.1763
    5   6.6998 THz   0.9734  0.0000  0.0000  0.0000 -0.0000  0.0000 -0.2292  0.0000  0.0000 -0.0000 -0.0000  0.0000


 Q= -0.045328  0.045328 -0.045328, q=  0.000000 -0.250000  0.000000

                       Na X   0        Na Y   0        Na Z   0        Cl X   1        Cl Y   1        Cl Z   1     
                    --------------- --------------- --------------- --------------- --------------- ---------------
    0   3.9606 THz  -0.3528  0.0000 -0.1886  0.0091  0.1642  0.0091 -0.7352  0.0000 -0.3930  0.0189  0.3422  0.0189
    1   3.9606 THz   0.0175  0.0000 -0.2363  0.1825 -0.2538  0.1825  0.0365  0.0000 -0.4923  0.3804 -0.5289  0.3804
    2   4.4084 THz  -0.2238  0.0000  0.2238  0.0000 -0.2238 -0.0000 -0.5322 -0.0000  0.5322  0.0000 -0.5322 -0.0000
    3   5.9659 THz   0.3254  0.0000 -0.4078  0.0390 -0.7332  0.0390 -0.1562 -0.0000  0.1957 -0.0187  0.3519 -0.0187
    4   5.9659 THz  -0.6603  0.0000 -0.6113  0.0192  0.0490  0.0192  0.3169  0.0000  0.2934 -0.0092 -0.0235 -0.0092
    5   6.8411 THz   0.5322  0.0000 -0.5322  0.0000  0.5322 -0.0000 -0.2238  0.0000  0.2238 -0.0000 -0.2238  0.0000


 Q=  0.000000  0.090656 -0.090656, q=  0.000000 -0.250000  0.250000

                       Na X   0        Na Y   0        Na Z   0        Cl X   1        Cl Y   1        Cl Z   1     
                    --------------- --------------- --------------- --------------- --------------- ---------------
    0   4.3929 THz  -0.4362  0.0000  0.0000 -0.0000 -0.0000 -0.0000 -0.8999  0.0000  0.0000  0.0000 -0.0000 -0.0000
    1   4.5033 THz   0.0000  0.0000 -0.0617 -0.0039 -0.0617 -0.0039  0.0000  0.0000 -0.7030 -0.0442 -0.7030 -0.0442
    2   4.9451 THz   0.0000  0.0000 -0.1177  0.0231  0.1177 -0.0231 -0.0000  0.0000 -0.6838  0.1343  0.6838 -0.1343
    3   5.7495 THz   0.0000  0.0000 -0.7038 -0.0281 -0.7038 -0.0281  0.0000 -0.0000  0.0617  0.0025  0.0617  0.0025
    4   6.2314 THz   0.8999  0.0000  0.0000 -0.0000 -0.0000 -0.0000 -0.4362  0.0000  0.0000  0.0000 -0.0000 -0.0000
    5   7.0207 THz   0.0000  0.0000 -0.6968 -0.0110  0.6968  0.0110 -0.0000 -0.0000  0.1199  0.0019 -0.1199 -0.0019


 Q= -0.090656 -0.090656  0.090656, q=  0.000000  0.000000 -0.500000

                       Na X   0        Na Y   0        Na Z   0        Cl X   1        Cl Y   1        Cl Z   1     
                    --------------- --------------- --------------- --------------- --------------- ---------------
    0   4.4925 THz   0.0000  0.0000 -0.0000  0.0000 -0.0000  0.0000  0.4221 -0.4073 -0.0268 -0.2525  0.3952 -0.6598
    1   4.4925 THz   0.0000  0.0000 -0.0000  0.0000 -0.0000  0.0000  0.5397  0.1772 -0.7751 -0.0368 -0.2355  0.1404
    2   5.2628 THz   0.0000  0.0000  0.0000 -0.0000  0.0000 -0.0000  0.4054  0.4111  0.4054  0.4111 -0.4054 -0.4111
    3   5.7548 THz   0.0000  0.0000  0.6044 -0.3669  0.6044 -0.3669  0.0000 -0.0000 -0.0000 -0.0000  0.0000  0.0000
    4   5.7548 THz   0.8165  0.0000 -0.4082 -0.0000  0.4082  0.0000 -0.0000  0.0000 -0.0000  0.0000  0.0000  0.0000
    5   7.4434 THz  -0.5774  0.0000 -0.5774 -0.0000  0.5774  0.0000 -0.0000  0.0000 -0.0000  0.0000  0.0000  0.0000


 Q= -0.045328 -0.045328  0.045328, q=  0.000000  0.000000 -0.250000

                       Na X   0        Na Y   0        Na Z   0        Cl X   1        Cl Y   1        Cl Z   1     
                    --------------- --------------- --------------- --------------- --------------- ---------------
    0   3.9606 THz   0.1481  0.0000 -0.3172  0.1342 -0.1691  0.1342  0.3086 -0.0000 -0.6610  0.2797 -0.3524  0.2797
    1   3.9606 THz   0.3207  0.0000 -0.0481 -0.0620  0.2727 -0.0620  0.6683 -0.0000 -0.1002 -0.1291  0.5681 -0.1291
    2   4.4084 THz  -0.2238  0.0000 -0.2238  0.0000  0.2238 -0.0000 -0.5322  0.0000 -0.5322  0.0000  0.5322 -0.0000
    3   5.9659 THz  -0.3054  0.0000 -0.4175  0.1060 -0.7230  0.1060  0.1466  0.0000  0.2004 -0.0509  0.3470 -0.0509
    4   5.9659 THz   0.6698  0.0000 -0.5949  0.0484  0.0748  0.0484 -0.3214  0.0000  0.2855 -0.0232 -0.0359 -0.0232
    5   6.8411 THz   0.5322  0.0000  0.5322 -0.0000 -0.5322  0.0000 -0.2238  0.0000 -0.2238  0.0000  0.2238 -0.0000


 Q=  0.000000  0.000000  0.000000, q=  0.000000  0.000000  0.000000

                       Na X   0        Na Y   0        Na Z   0        Cl X   1        Cl Y   1        Cl Z   1     
                    --------------- --------------- --------------- --------------- --------------- ---------------
    0  -0.0000 THz   0.3781  0.0000 -0.0204  0.0000 -0.5000  0.0000  0.4695  0.0000 -0.0253  0.0000 -0.6209  0.0000
    1  -0.0000 THz   0.4967  0.0000 -0.0616  0.0000  0.3780  0.0000  0.6168  0.0000 -0.0765  0.0000  0.4695  0.0000
    2  -0.0000 THz   0.0614  0.0000  0.6238  0.0000  0.0210  0.0000  0.0763  0.0000  0.7747  0.0000  0.0261  0.0000
    3   5.9870 THz  -0.6359  0.0000  0.3180  0.0000  0.3180  0.0000  0.5121  0.0000 -0.2561  0.0000 -0.2561  0.0000
    4   5.9870 THz  -0.0000  0.0000 -0.5507  0.0000  0.5507  0.0000  0.0000  0.0000  0.4435  0.0000 -0.4435  0.0000
    5   8.3179 THz   0.4497  0.0000  0.4497  0.0000  0.4497  0.0000 -0.3621  0.0000 -0.3621  0.0000 -0.3621  0.0000


 Q=  0.045328  0.045328 -0.045328, q=  0.000000  0.000000  0.250000

                       Na X   0        Na Y   0        Na Z   0        Cl X   1        Cl Y   1        Cl Z   1     
                    --------------- --------------- --------------- --------------- --------------- ---------------
    0   3.9606 THz   0.1481  0.0000 -0.3172 -0.1342 -0.1691 -0.1342  0.3086  0.0000 -0.6610 -0.2797 -0.3524 -0.2797
    1   3.9606 THz   0.3207  0.0000 -0.0481  0.0620  0.2727  0.0620  0.6683  0.0000 -0.1002  0.1291  0.5681  0.1291
    2   4.4084 THz  -0.2238  0.0000 -0.2238 -0.0000  0.2238  0.0000 -0.5322 -0.0000 -0.5322 -0.0000  0.5322  0.0000
    3   5.9659 THz  -0.3054  0.0000 -0.4175 -0.1060 -0.7230 -0.1060  0.1466 -0.0000  0.2004  0.0509  0.3470  0.0509
    4   5.9659 THz   0.6698  0.0000 -0.5949 -0.0484  0.0748 -0.0484 -0.3214 -0.0000  0.2855  0.0232 -0.0359  0.0232
    5   6.8411 THz   0.5322  0.0000  0.5322  0.0000 -0.5322 -0.0000 -0.2238 -0.0000 -0.2238 -0.0000  0.2238  0.0000


 Q= -0.045328 -0.135985  0.135985, q=  0.000000  0.250000 -0.500000

                       Na X   0        Na Y   0        Na Z   0        Cl X   1        Cl Y   1        Cl Z   1     
                    --------------- --------------- --------------- --------------- --------------- ---------------
    0   4.3372 THz   0.0000  0.0000  0.2784 -0.0107  0.2784 -0.0107  0.0000 -0.0000 -0.6494  0.0251 -0.6494  0.0251
    1   4.6671 THz   0.0230  0.0000 -0.1692  0.0000  0.1692 -0.0000 -0.3652  0.0000  0.6359 -0.0000 -0.6359  0.0000
    2   5.0048 THz   0.1739  0.0000 -0.1644  0.0000  0.1644  0.0000  0.9079  0.0000  0.2138  0.0000 -0.2138  0.0000
    3   6.0202 THz   0.0000  0.0000 -0.6499  0.0032 -0.6499  0.0032 -0.0000 -0.0000 -0.2786  0.0014 -0.2786  0.0014
    4   6.0553 THz   0.7479  0.0000 -0.4079 -0.0000  0.4079 -0.0000 -0.2057 -0.0000 -0.1811 -0.0000  0.1811 -0.0000
    5   6.9487 THz   0.6402  0.0000  0.5272 -0.0000 -0.5272 -0.0000  0.0068  0.0000  0.1306 -0.0000 -0.1306  0.0000


 Q=  0.000000 -0.090656  0.090656, q=  0.000000  0.250000 -0.250000

                       Na X   0        Na Y   0        Na Z   0        Cl X   1        Cl Y   1        Cl Z   1     
                    --------------- --------------- --------------- --------------- --------------- ---------------
    0   4.3929 THz  -0.4362  0.0000  0.0000  0.0000 -0.0000  0.0000 -0.8999 -0.0000  0.0000 -0.0000 -0.0000  0.0000
    1   4.5033 THz   0.0000  0.0000 -0.0617  0.0039 -0.0617  0.0039  0.0000 -0.0000 -0.7030  0.0442 -0.7030  0.0442
    2   4.9451 THz   0.0000  0.0000 -0.1177 -0.0231  0.1177  0.0231 -0.0000 -0.0000 -0.6838 -0.1343  0.6838  0.1343
    3   5.7495 THz   0.0000  0.0000 -0.7038  0.0281 -0.7038  0.0281  0.0000  0.0000  0.0617 -0.0025  0.0617 -0.0025
    4   6.2314 THz   0.8999  0.0000  0.0000  0.0000 -0.0000  0.0000 -0.4362 -0.0000  0.0000 -0.0000 -0.0000  0.0000
    5   7.0207 THz   0.0000  0.0000 -0.6968  0.0110  0.6968 -0.0110 -0.0000  0.0000  0.1199 -0.0019 -0.1199  0.0019


 Q=  0.045328 -0.045328  0.045328, q=  0.000000  0.250000  0.000000

                       Na X   0        Na Y   0        Na Z   0        Cl X   1        Cl Y   1        Cl Z   1     
                    --------------- --------------- --------------- --------------- --------------- ---------------
    0   3.9606 THz  -0.3528  0.0000 -0.1886 -0.0091  0.1642 -0.0091 -0.7352 -0.0000 -0.3930 -0.0189  0.3422 -0.0189
    1   3.9606 THz   0.0175  0.0000 -0.2363 -0.1825 -0.2538 -0.1825  0.0365 -0.0000 -0.4923 -0.3804 -0.5289 -0.3804
    2   4.4084 THz  -0.2238  0.0000  0.2238 -0.0000 -0.2238  0.0000 -0.5322  0.0000  0.5322 -0.0000 -0.5322  0.0000
    3   5.9659 THz   0.3254  0.0000 -0.4078 -0.0390 -0.7332 -0.0390 -0.1562  0.0000  0.1957  0.0187  0.3519  0.0187
    4   5.9659 THz  -0.6603  0.0000 -0.6113 -0.0192  0.0490 -0.0192  0.3169 -0.0000  0.2934  0.0092 -0.0235  0.0092
    5   6.8411 THz   0.5322  0.0000 -0.5322 -0.0000  0.5322  0.0000 -0.2238 -0.0000  0.2238  0.0000 -0.2238 -0.0000


 Q=  0.090656  0.000000  0.000000, q=  0.000000  0.250000  0.250000

                       Na X   0        Na Y   0        Na Z   0        Cl X   1        Cl Y   1        Cl Z   1     
                    --------------- --------------- --------------- --------------- --------------- ---------------
    0   3.8741 THz   0.0000  0.0000 -0.1669 -0.2586 -0.2326 -0.3057  0.0000 -0.0000 -0.2951 -0.4573 -0.4113 -0.5406
    1   3.8741 THz   0.0000  0.0000  0.2687  0.2745 -0.2317 -0.2026  0.0000 -0.0000  0.4753  0.4854 -0.4097 -0.3583
    2   4.6205 THz  -0.2292  0.0000  0.0000 -0.0000 -0.0000 -0.0000 -0.9734 -0.0000  0.0000  0.0000 -0.0000 -0.0000
    3   6.1823 THz   0.0000  0.0000 -0.2030 -0.2393  0.6849 -0.4360  0.0000  0.0000  0.1148  0.1353 -0.3873  0.2465
    4   6.1823 THz   0.0000  0.0000 -0.7862  0.2028  0.0362  0.3117 -0.0000 -0.0000  0.4446 -0.1147 -0.0205 -0.1763
    5   6.6998 THz   0.9734  0.0000  0.0000 -0.0000 -0.0000 -0.0000 -0.2292 -0.0000  0.0000  0.0000 -0.0000 -0.0000


 Q= -0.226641  0.045328  0.045328, q=  0.250000 -0.500000 -0.500000

                       Na X   0        Na Y   0        Na Z   0        Cl X   1        Cl Y   1        Cl Z   1     
                    --------------- --------------- --------------- --------------- --------------- ---------------
    0   4.3372 THz  -0.0000  0.0000  0.2759 -0.0385 -0.2759  0.0385  0.0000 -0.0000  0.6437 -0.0898 -0.6437  0.0898
    1   4.6671 THz  -0.0230  0.0000  0.1692 -0.0000  0.1692 -0.0000 -0.3652  0.0000  0.6359 -0.0000  0.6359 -0.0000
    2   5.0048 THz   0.1739  0.0000 -0.1644 -0.0000 -0.1644 -0.0000 -0.9079  0.0000 -0.2138 -0.0000 -0.2138 -0.0000
    3   6.0202 THz   0.0000  0.0000  0.6494 -0.0251 -0.6494  0.0251  0.0000  0.0000 -0.2784  0.0108  0.2784 -0.0108
    4   6.0553 THz  -0.7479  0.0000  0.4079 -0.0000  0.4079  0.0000 -0.2057  0.0000 -0.1811  0.0000 -0.1811 -0.0000
    5   6.9487 THz   0.6402  0.0000  0.5272  0.0000  0.5272  0.0000 -0.0068  0.0000 -0.1306  0.0000 -0.1306  0.0000


 Q= -0.181313  0.090656  0.000000, q=  0.250000 -0.500000 -0.250000

                       Na X   0        Na Y   0        Na Z   0        Cl X   1        Cl Y   1        Cl Z   1     
                    --------------- --------------- --------------- --------------- --------------- ---------------
    0   4.7691 THz  -0.3725  0.0000 -0.0000  0.0000 -0.0000 -0.0000  0.9280  0.0000  0.0000 -0.0000 -0.0000 -0.0000
    1   4.7691 THz   0.0000  0.0000 -0.0000 -0.0000 -0.3500 -0.1276 -0.0000 -0.0000 -0.0000 -0.0000 -0.8719 -0.3180
    2   4.7736 THz   0.0000  0.0000 -0.0000  0.0000 -0.0000 -0.0000 -0.0000 -0.0000  0.8639  0.5037 -0.0000 -0.0000
    3   6.2756 THz   0.0000  0.0000  0.0000  0.0000  0.2832  0.8838 -0.0000 -0.0000  0.0000 -0.0000 -0.1137 -0.3547
    4   6.2756 THz   0.9280  0.0000 -0.0000  0.0000 -0.0000 -0.0000  0.3725  0.0000  0.0000 -0.0000 -0.0000 -0.0000
    5   6.2987 THz   0.0000  0.0000 -1.0000  0.0044  0.0000  0.0000 -0.0000  0.0000 -0.0000 -0.0000 -0.0000 -0.0000


 Q= -0.135985  0.135985 -0.045328, q=  0.250000 -0.500000  0.000000

                       Na X   0        Na Y   0        Na Z   0        Cl X   1        Cl Y   1        Cl Z   1     
                    --------------- --------------- --------------- --------------- --------------- ---------------
    0   4.3372 THz  -0.2786  0.0000 -0.2786 -0.0000  0.0000 -0.0000  0.6499  0.0000  0.6499  0.0000 -0.0000 -0.0000
    1   4.6671 THz  -0.1692  0.0000  0.1692  0.0000  0.0230 -0.0000  0.6359  0.0000 -0.6359 -0.0000 -0.3652 -0.0000
    2   5.0048 THz   0.1644  0.0000 -0.1644 -0.0000 -0.1739 -0.0000 -0.2138  0.0000  0.2138 -0.0000 -0.9079 -0.0000
    3   6.0202 THz  -0.6499  0.0000 -0.6499  0.0000 -0.0000  0.0000 -0.2786 -0.0000 -0.2786  0.0000  0.0000 -0.0000
    4   6.0553 THz  -0.4079  0.0000  0.4079 -0.0000  0.7479  0.0000 -0.1811  0.0000  0.1811 -0.0000 -0.2057  0.0000
    5   6.9487 THz   0.5272  0.0000 -0.5272  0.0000  0.6402  0.0000  0.1306 -0.0000 -0.1306  0.0000  0.0068 -0.0000


 Q= -0.090656  0.181313 -0.090656, q=  0.250000 -0.500000  0.250000

                       Na X   0        Na Y   0        Na Z   0        Cl X   1        Cl Y   1        Cl Z   1     
                    --------------- --------------- --------------- --------------- --------------- ---------------
    0   4.3929 THz  -0.0000  0.0000 -0.4199  0.1182  0.0000 -0.0000 -0.0000  0.0000  0.8662 -0.2438  0.0000 -0.0000
    1   4.5033 THz   0.0618  0.0000  0.0000  0.0000 -0.0618 -0.0000 -0.7044 -0.0000 -0.0000 -0.0000  0.7044  0.0000
    2   4.9451 THz  -0.1199  0.0000  0.0000 -0.0000 -0.1199 -0.0000  0.6969  0.0000 -0.0000 -0.0000  0.6969  0.0000
    3   5.7495 THz  -0.7044  0.0000 -0.0000  0.0000  0.7044  0.0000 -0.0618 -0.0000 -0.0000  0.0000  0.0618 -0.0000
    4   6.2314 THz   0.0000  0.0000 -0.8898  0.1342 -0.0000 -0.0000 -0.0000 -0.0000 -0.4313  0.0651 -0.0000  0.0000
    5   7.0207 THz   0.6969  0.0000  0.0000 -0.0000  0.6969  0.0000  0.1199  0.0000  0.0000 -0.0000  0.1199 -0.0000


 Q= -0.181313  0.000000  0.090656, q=  0.250000 -0.250000 -0.500000

                       Na X   0        Na Y   0        Na Z   0        Cl X   1        Cl Y   1        Cl Z   1     
                    --------------- --------------- --------------- --------------- --------------- ---------------
    0   4.7691 THz  -0.3725  0.0000 -0.0000 -0.0000 -0.0000 -0.0000  0.9280 -0.0000 -0.0000  0.0000  0.0000  0.0000
    1   4.7691 THz   0.0000  0.0000 -0.3725 -0.0010 -0.0000 -0.0000 -0.0000 -0.0000 -0.9280 -0.0025  0.0000  0.0000
    2   4.7736 THz   0.0000  0.0000 -0.0000  0.0000 -0.0000  0.0000  0.0000  0.0000 -0.0000  0.0000 -0.9599 -0.2805
    3   6.2756 THz   0.9280  0.0000 -0.0000 -0.0000 -0.0000 -0.0000  0.3725 -0.0000 -0.0000  0.0000  0.0000  0.0000
    4   6.2756 THz   0.0000  0.0000 -0.9280 -0.0080  0.0000  0.0000 -0.0000  0.0000  0.3725  0.0032  0.0000  0.0000
    5   6.2987 THz   0.0000  0.0000  0.0000 -0.0000  0.9452  0.3264  0.0000 -0.0000 -0.0000  0.0000 -0.0000 -0.0000


 Q= -0.135985  0.045328  0.045328, q=  0.250000 -0.250000 -0.250000

                       Na X   0        Na Y   0        Na Z   0        Cl X   1        Cl Y   1        Cl Z   1     
                    --------------- --------------- --------------- --------------- --------------- ---------------
    0   4.3372 THz  -0.0000  0.0000  0.2700 -0.0687 -0.2700  0.0687 -0.0000  0.0000  0.6299 -0.1602 -0.6299  0.1602
    1   4.6671 THz  -0.0230  0.0000 -0.1692  0.0000 -0.1692  0.0000 -0.3652  0.0000 -0.6359  0.0000 -0.6359  0.0000
    2   5.0048 THz  -0.1739  0.0000 -0.1644 -0.0000 -0.1644 -0.0000  0.9079  0.0000 -0.2138 -0.0000 -0.2138 -0.0000
    3   6.0202 THz  -0.0000  0.0000  0.6499 -0.0063 -0.6499  0.0063 -0.0000 -0.0000 -0.2786  0.0027  0.2786 -0.0027
    4   6.0553 THz   0.7479  0.0000  0.4079 -0.0000  0.4079  0.0000  0.2057  0.0000 -0.1811  0.0000 -0.1811  0.0000
    5   6.9487 THz   0.6402  0.0000 -0.5272 -0.0000 -0.5272 -0.0000 -0.0068  0.0000  0.1306 -0.0000  0.1306 -0.0000


 Q= -0.090656  0.090656  0.000000, q=  0.250000 -0.250000  0.000000

                       Na X   0        Na Y   0        Na Z   0        Cl X   1        Cl Y   1        Cl Z   1     
                    --------------- --------------- --------------- --------------- --------------- ---------------
    0   4.3929 THz  -0.0000  0.0000 -0.0000 -0.0000 -0.4311 -0.0662 -0.0000 -0.0000 -0.0000 -0.0000 -0.8894 -0.1365
    1   4.5033 THz  -0.0618  0.0000 -0.0618  0.0000  0.0000  0.0000 -0.7044  0.0000 -0.7044  0.0000  0.0000  0.0000
    2   4.9451 THz  -0.1199  0.0000  0.1199 -0.0000  0.0000 -0.0000 -0.6969  0.0000  0.6969 -0.0000 -0.0000  0.0000
    3   5.7495 THz  -0.7044  0.0000 -0.7044 -0.0000 -0.0000  0.0000  0.0618 -0.0000  0.0618  0.0000  0.0000 -0.0000
    4   6.2314 THz   0.0000  0.0000  0.0000 -0.0000 -0.8823  0.1771 -0.0000  0.0000  0.0000 -0.0000  0.4277 -0.0858
    5   7.0207 THz   0.6969  0.0000 -0.6969 -0.0000  0.0000 -0.0000 -0.1199  0.0000  0.1199  0.0000 -0.0000  0.0000


 Q= -0.045328  0.135985 -0.045328, q=  0.250000 -0.250000  0.250000

                       Na X   0        Na Y   0        Na Z   0        Cl X   1        Cl Y   1        Cl Z   1     
                    --------------- --------------- --------------- --------------- --------------- ---------------
    0   4.3372 THz  -0.2786  0.0000 -0.0000 -0.0000  0.2786 -0.0000 -0.6499  0.0000  0.0000  0.0000  0.6499 -0.0000
    1   4.6671 THz  -0.1692  0.0000 -0.0230 -0.0000 -0.1692  0.0000 -0.6359  0.0000 -0.3652  0.0000 -0.6359  0.0000
    2   5.0048 THz  -0.1644  0.0000 -0.1739  0.0000 -0.1644  0.0000 -0.2138 -0.0000  0.9079 -0.0000 -0.2138  0.0000
    3   6.0202 THz  -0.6499  0.0000  0.0000 -0.0000  0.6499 -0.0000  0.2786 -0.0000  0.0000 -0.0000 -0.2786  0.0000
    4   6.0553 THz  -0.4079  0.0000 -0.7479  0.0000 -0.4079  0.0000  0.1811 -0.0000 -0.2057  0.0000  0.1811 -0.0000
    5   6.9487 THz   0.5272  0.0000 -0.6402  0.0000  0.5272  0.0000 -0.1306  0.0000  0.0068  0.0000 -0.1306 -0.0000


 Q= -0.135985 -0.045328  0.135985, q=  0.250000  0.000000 -0.500000

                       Na X   0        Na Y   0        Na Z   0        Cl X   1        Cl Y   1        Cl Z   1     
                    --------------- --------------- --------------- --------------- --------------- ---------------
    0   4.3372 THz   0.2786  0.0000  0.0000 -0.0000  0.2786  0.0000 -0.6499  0.0000  0.0000 -0.0000 -0.6499  0.0000
    1   4.6671 THz   0.1692  0.0000 -0.0230 -0.0000 -0.1692 -0.0000 -0.6359 -0.0000  0.3652 -0.0000  0.6359  0.0000
    2   5.0048 THz  -0.1644  0.0000  0.1739  0.0000  0.1644  0.0000  0.2138  0.0000  0.9079 -0.0000 -0.2138 -0.0000
    3   6.0202 THz  -0.6499  0.0000  0.0000  0.0000 -0.6499  0.0000 -0.2786 -0.0000 -0.0000 -0.0000 -0.2786  0.0000
    4   6.0553 THz  -0.4079  0.0000  0.7479 -0.0000  0.4079 -0.0000 -0.1811  0.0000 -0.2057  0.0000  0.1811 -0.0000
    5   6.9487 THz  -0.5272  0.0000 -0.6402  0.0000  0.5272  0.0000 -0.1306 -0.0000 -0.0068 -0.0000  0.1306 -0.0000


 Q= -0.090656  0.000000  0.090656, q=  0.250000  0.000000 -0.250000

                       Na X   0        Na Y   0        Na Z   0        Cl X   1        Cl Y   1        Cl Z   1     
                    --------------- --------------- --------------- --------------- --------------- ---------------
    0   4.3929 THz  -0.0000  0.0000 -0.4362  0.0049 -0.0000 -0.0000 -0.0000  0.0000 -0.8998  0.0101 -0.0000  0.0000
    1   4.5033 THz  -0.0618  0.0000  0.0000  0.0000 -0.0618  0.0000 -0.7044 -0.0000  0.0000  0.0000 -0.7044 -0.0000
    2   4.9451 THz   0.1199  0.0000  0.0000 -0.0000 -0.1199  0.0000  0.6969 -0.0000 -0.0000  0.0000 -0.6969  0.0000
    3   5.7495 THz  -0.7044  0.0000 -0.0000  0.0000 -0.7044  0.0000  0.0618 -0.0000  0.0000 -0.0000  0.0618  0.0000
    4   6.2314 THz  -0.0000  0.0000  0.8980 -0.0572 -0.0000 -0.0000 -0.0000  0.0000 -0.4353  0.0277 -0.0000  0.0000
    5   7.0207 THz   0.6969  0.0000  0.0000  0.0000 -0.6969 -0.0000 -0.1199 -0.0000 -0.0000 -0.0000  0.1199  0.0000


 Q= -0.045328  0.045328  0.045328, q=  0.250000  0.000000  0.000000

                       Na X   0        Na Y   0        Na Z   0        Cl X   1        Cl Y   1        Cl Z   1     
                    --------------- --------------- --------------- --------------- --------------- ---------------
    0   3.9606 THz   0.0904 -0.0000 -0.2493 -0.0277  0.3397  0.0277  0.1883 -0.0000 -0.5194 -0.0577  0.7077  0.0577
    1   3.9606 THz  -0.3415  0.0000 -0.2487 -0.0073 -0.0928  0.0073 -0.7116  0.0000 -0.5182 -0.0153 -0.1935  0.0153
    2   4.4084 THz  -0.2238  0.0000  0.2238 -0.0000  0.2238 -0.0000 -0.5322  0.0000  0.5322 -0.0000  0.5322 -0.0000
    3   5.9659 THz   0.7244  0.0000  0.4755 -0.0025  0.2488  0.0025 -0.3476  0.0000 -0.2282  0.0012 -0.1194 -0.0012
    4   5.9659 THz  -0.1309 -0.0000  0.5617 -0.0136 -0.6926  0.0136  0.0628 -0.0000 -0.2696  0.0065  0.3324 -0.0065
    5   6.8411 THz   0.5322  0.0000 -0.5322  0.0000 -0.5322  0.0000 -0.2238  0.0000  0.2238 -0.0000  0.2238 -0.0000


 Q=  0.000000  0.090656  0.000000, q=  0.250000  0.000000  0.250000

                       Na X   0        Na Y   0        Na Z   0        Cl X   1        Cl Y   1        Cl Z   1     
                    --------------- --------------- --------------- --------------- --------------- ---------------
    0   3.8741 THz   0.0000  0.0000  0.0000 -0.0000 -0.4630  0.1670  0.0000  0.0000  0.0000 -0.0000 -0.8189  0.2953
    1   3.8741 THz  -0.4922  0.0000  0.0000  0.0000  0.0000  0.0000 -0.8705 -0.0000  0.0000  0.0000 -0.0000  0.0000
    2   4.6205 THz   0.0000  0.0000 -0.2292  0.0004  0.0000  0.0000 -0.0000  0.0000 -0.9734  0.0017 -0.0000 -0.0000
    3   6.1823 THz   0.0000  0.0000  0.0000  0.0000 -0.8697 -0.0374 -0.0000  0.0000 -0.0000 -0.0000  0.4918  0.0211
    4   6.1823 THz   0.8705  0.0000  0.0000  0.0000  0.0000  0.0000 -0.4922 -0.0000  0.0000  0.0000 -0.0000  0.0000
    5   6.6998 THz   0.0000  0.0000 -0.9296 -0.2887 -0.0000 -0.0000  0.0000  0.0000  0.2189  0.0680  0.0000  0.0000


 Q= -0.090656 -0.090656  0.181313, q=  0.250000  0.250000 -0.500000

                       Na X   0        Na Y   0        Na Z   0        Cl X   1        Cl Y   1        Cl Z   1     
                    --------------- --------------- --------------- --------------- --------------- ---------------
    0   4.3929 THz   0.0000  0.0000 -0.0000  0.0000  0.4359 -0.0166 -0.0000  0.0000  0.0000 -0.0000 -0.8992  0.0343
    1   4.5033 THz   0.0618  0.0000 -0.0618 -0.0000 -0.0000 -0.0000 -0.7044 -0.0000  0.7044  0.0000  0.0000  0.0000
    2   4.9451 THz   0.1199  0.0000  0.1199  0.0000 -0.0000  0.0000 -0.6969 -0.0000 -0.6969 -0.0000 -0.0000  0.0000
    3   5.7495 THz   0.7044  0.0000 -0.7044 -0.0000  0.0000  0.0000  0.0618  0.0000 -0.0618  0.0000  0.0000  0.0000
    4   6.2314 THz   0.0000  0.0000  0.0000 -0.0000  0.8582 -0.2705  0.0000 -0.0000 -0.0000  0.0000  0.4160 -0.1311
    5   7.0207 THz   0.6969  0.0000  0.6969  0.0000 -0.0000  0.0000  0.1199  0.0000  0.1199 -0.0000 -0.0000 -0.0000


 Q= -0.045328 -0.045328  0.135985, q=  0.250000  0.250000 -0.250000

                       Na X   0        Na Y   0        Na Z   0        Cl X   1        Cl Y   1        Cl Z   1     
                    --------------- --------------- --------------- --------------- --------------- ---------------
    0   4.3372 THz   0.2786  0.0000 -0.2786  0.0000 -0.0000  0.0000  0.6499 -0.0000 -0.6499 -0.0000  0.0000 -0.0000
    1   4.6671 THz   0.1692  0.0000  0.1692 -0.0000  0.0230 -0.0000  0.6359  0.0000  0.6359  0.0000  0.3652 -0.0000
    2   5.0048 THz   0.1644  0.0000  0.1644 -0.0000  0.1739  0.0000  0.2138 -0.0000  0.2138 -0.0000 -0.9079  0.0000
    3   6.0202 THz  -0.6499  0.0000  0.6499  0.0000  0.0000  0.0000  0.2786 -0.0000 -0.2786 -0.0000  0.0000  0.0000
    4   6.0553 THz  -0.4079  0.0000 -0.4079 -0.0000 -0.7479 -0.0000  0.1811 -0.0000  0.1811  0.0000 -0.2057  0.0000
    5   6.9487 THz  -0.5272  0.0000 -0.5272  0.0000  0.6402  0.0000  0.1306  0.0000  0.1306  0.0000 -0.0068 -0.0000


 Q=  0.000000  0.000000  0.090656, q=  0.250000  0.250000  0.000000

                       Na X   0        Na Y   0        Na Z   0        Cl X   1        Cl Y   1        Cl Z   1     
                    --------------- --------------- --------------- --------------- --------------- ---------------
    0   3.8741 THz   0.4922  0.0000  0.0000  0.0000  0.0000 -0.0000  0.8705  0.0000  0.0000  0.0000  0.0000 -0.0000
    1   3.8741 THz   0.0000  0.0000 -0.0574 -0.4889 -0.0000  0.0000 -0.0000  0.0000 -0.1015 -0.8645 -0.0000 -0.0000
    2   4.6205 THz   0.0000  0.0000 -0.0000  0.0000 -0.2252  0.0425  0.0000  0.0000  0.0000 -0.0000 -0.9565  0.1805
    3   6.1823 THz   0.8705  0.0000  0.0000 -0.0000 -0.0000  0.0000 -0.4922 -0.0000 -0.0000 -0.0000 -0.0000  0.0000
    4   6.1823 THz   0.0000  0.0000 -0.5057  0.7085  0.0000  0.0000  0.0000  0.0000  0.2860 -0.4006 -0.0000 -0.0000
    5   6.6998 THz   0.0000  0.0000  0.0000  0.0000 -0.9520  0.2027  0.0000  0.0000  0.0000  0.0000  0.2242 -0.0477


 Q=  0.045328  0.045328  0.045328, q=  0.250000  0.250000  0.250000

                       Na X   0        Na Y   0        Na Z   0        Cl X   1        Cl Y   1        Cl Z   1     
                    --------------- --------------- --------------- --------------- --------------- ---------------
    0   3.9606 THz  -0.0318  0.0000  0.3129 -0.0682 -0.2811  0.0682 -0.0663 -0.0000  0.6519 -0.1421 -0.5856  0.1421
    1   3.9606 THz   0.3518  0.0000 -0.1491 -0.0062 -0.2028  0.0062  0.7331  0.0000 -0.3106 -0.0128 -0.4225  0.0128
    2   4.4084 THz  -0.2238  0.0000 -0.2238 -0.0000 -0.2238  0.0000 -0.5322 -0.0000 -0.5322 -0.0000 -0.5322 -0.0000
    3   5.9659 THz  -0.3832  0.0000 -0.3519 -0.0295  0.7351  0.0295  0.1839  0.0000  0.1689  0.0142 -0.3528 -0.0142
    4   5.9659 THz  -0.6285  0.0000  0.6456  0.0180 -0.0171 -0.0180  0.3016  0.0000 -0.3098 -0.0086  0.0082  0.0086
    5   6.8411 THz   0.5322  0.0000  0.5322  0.0000  0.5322 -0.0000 -0.2238 -0.0000 -0.2238 -0.0000 -0.2238 -0.0000
