
Used Primitive lattice vector

   -1.390225000000      1.390225000000      1.390225000000  
    1.390225000000     -1.390225000000      1.390225000000  
    1.390225000000      1.390225000000     -1.390225000000  

   1 Atom(s) in the Primitive cell

 0.0000000000 0.0000000000 0.0000000000 Fe    0


 Q= -0.359654 -0.359654 -0.359654, q= -0.500000 -0.500000 -0.500000

                       Fe X   0        Fe Y   0        Fe Z   0     
                    --------------- --------------- ---------------
    0   9.4506 THz   0.0000  0.0000 -0.0158 -0.0042 -0.9381  0.3461
    1   9.4506 THz   0.0000  0.0000  0.1453 -0.9893  0.0074  0.0146
    2   9.4506 THz   1.0000  0.0000  0.0000  0.0000  0.0000  0.0000


 Q= -0.269741 -0.269741 -0.359654, q= -0.500000 -0.500000 -0.250000

                       Fe X   0        Fe Y   0        Fe Z   0     
                    --------------- --------------- ---------------
    0   7.8090 THz   0.0000  0.0000  0.0000  0.0000 -0.9965  0.0831
    1   7.8379 THz  -0.7071  0.0000 -0.7071  0.0000 -0.0000  0.0000
    2   9.9594 THz   0.7071  0.0000 -0.7071  0.0000 -0.0000  0.0000


 Q= -0.179827 -0.179827 -0.359654, q= -0.500000 -0.500000  0.000000

                       Fe X   0        Fe Y   0        Fe Z   0     
                    --------------- --------------- ---------------
    0   5.7062 THz  -0.7071  0.0000 -0.7071  0.0000 -0.0000 -0.0000
    1   6.5762 THz   0.0000  0.0000  0.0000 -0.0000 -0.9928 -0.1200
    2  10.3927 THz   0.7071  0.0000 -0.7071  0.0000 -0.0000 -0.0000


 Q= -0.089914 -0.089914 -0.359654, q= -0.500000 -0.500000  0.250000

                       Fe X   0        Fe Y   0        Fe Z   0     
                    --------------- --------------- ---------------
    0   7.8090 THz   0.0000  0.0000 -0.0000 -0.0000 -0.9926 -0.1214
    1   7.8379 THz  -0.7071  0.0000 -0.7071 -0.0000  0.0000 -0.0000
    2   9.9594 THz   0.7071  0.0000 -0.7071 -0.0000  0.0000 -0.0000


 Q= -0.269741 -0.359654 -0.269741, q= -0.500000 -0.250000 -0.500000

                       Fe X   0        Fe Y   0        Fe Z   0     
                    --------------- --------------- ---------------
    0   7.8090 THz   0.0000  0.0000  0.9393  0.3432  0.0000 -0.0000
    1   7.8379 THz  -0.7071  0.0000 -0.0000  0.0000 -0.7071  0.0000
    2   9.9594 THz   0.7071  0.0000 -0.0000  0.0000 -0.7071  0.0000


 Q= -0.179827 -0.269741 -0.269741, q= -0.500000 -0.250000 -0.250000

                       Fe X   0        Fe Y   0        Fe Z   0     
                    --------------- --------------- ---------------
    0   6.0385 THz  -0.6042  0.0000 -0.5634  0.0000 -0.5634 -0.0000
    1   7.5263 THz   0.0000  0.0000  0.7071  0.0048 -0.7071 -0.0048
    2   9.3401 THz   0.7968  0.0000 -0.4273  0.0000 -0.4273 -0.0000


 Q= -0.089914 -0.179827 -0.269741, q= -0.500000 -0.250000  0.000000

                       Fe X   0        Fe Y   0        Fe Z   0     
                    --------------- --------------- ---------------
    0   6.0385 THz   0.5634  0.0000  0.6042  0.0000 -0.5634  0.0000
    1   7.5263 THz   0.7071  0.0000  0.0000  0.0000  0.7071  0.0000
    2   9.3401 THz  -0.4273  0.0000  0.7968  0.0000  0.4273  0.0000


 Q=  0.000000 -0.089914 -0.269741, q= -0.500000 -0.250000  0.250000

                       Fe X   0        Fe Y   0        Fe Z   0     
                    --------------- --------------- ---------------
    0   7.8090 THz   1.0000  0.0000  0.0000  0.0000  0.0000  0.0000
    1   7.8379 THz   0.0000  0.0000 -0.0615  0.7044  0.0615 -0.7044
    2   9.9594 THz   0.0000  0.0000 -0.6947  0.1319 -0.6947  0.1319


 Q= -0.179827 -0.359654 -0.179827, q= -0.500000  0.000000 -0.500000

                       Fe X   0        Fe Y   0        Fe Z   0     
                    --------------- --------------- ---------------
    0   5.7062 THz   0.7071  0.0000  0.0000  0.0000  0.7071 -0.0000
    1   6.5762 THz   0.0000  0.0000 -1.0000  0.0095  0.0000 -0.0000
    2  10.3927 THz   0.7071  0.0000  0.0000 -0.0000 -0.7071  0.0000


 Q= -0.089914 -0.269741 -0.179827, q= -0.500000  0.000000 -0.250000

                       Fe X   0        Fe Y   0        Fe Z   0     
                    --------------- --------------- ---------------
    0   6.0385 THz   0.5634  0.0000 -0.5634  0.0000  0.6042  0.0000
    1   7.5263 THz   0.7071  0.0000  0.7071  0.0000  0.0000  0.0000
    2   9.3401 THz   0.4273  0.0000 -0.4273 -0.0000 -0.7968 -0.0000


 Q=  0.000000 -0.179827 -0.179827, q= -0.500000  0.000000  0.000000

                       Fe X   0        Fe Y   0        Fe Z   0     
                    --------------- --------------- ---------------
    0   5.7062 THz   0.0000  0.0000 -0.7071 -0.0000  0.7071  0.0000
    1   6.5762 THz   1.0000  0.0000  0.0000  0.0000  0.0000  0.0000
    2  10.3927 THz   0.0000  0.0000 -0.7071  0.0000 -0.7071  0.0000


 Q=  0.089914 -0.089914 -0.179827, q= -0.500000  0.000000  0.250000

                       Fe X   0        Fe Y   0        Fe Z   0     
                    --------------- --------------- ---------------
    0   6.0385 THz   0.5634  0.0000 -0.5634 -0.0000  0.6042  0.0000
    1   7.5263 THz   0.7071  0.0000  0.7071  0.0000  0.0000  0.0000
    2   9.3401 THz   0.4273  0.0000 -0.4273 -0.0000 -0.7968 -0.0000


 Q= -0.089914 -0.359654 -0.089914, q= -0.500000  0.250000 -0.500000

                       Fe X   0        Fe Y   0        Fe Z   0     
                    --------------- --------------- ---------------
    0   7.8090 THz   0.0000  0.0000 -0.9891 -0.1472  0.0000 -0.0000
    1   7.8379 THz   0.7071  0.0000  0.0000  0.0000  0.7071 -0.0000
    2   9.9594 THz   0.7071  0.0000  0.0000 -0.0000 -0.7071  0.0000


 Q=  0.000000 -0.269741 -0.089914, q= -0.500000  0.250000 -0.250000

                       Fe X   0        Fe Y   0        Fe Z   0     
                    --------------- --------------- ---------------
    0   7.8090 THz   1.0000  0.0000  0.0000  0.0000  0.0000  0.0000
    1   7.8379 THz   0.0000  0.0000 -0.1527 -0.6904  0.1527  0.6904
    2   9.9594 THz   0.0000  0.0000 -0.6926 -0.1424 -0.6926 -0.1424


 Q=  0.089914 -0.179827 -0.089914, q= -0.500000  0.250000  0.000000

                       Fe X   0        Fe Y   0        Fe Z   0     
                    --------------- --------------- ---------------
    0   6.0385 THz   0.5634  0.0000  0.6042  0.0000 -0.5634 -0.0000
    1   7.5263 THz   0.7071  0.0000  0.0000  0.0000  0.7071  0.0000
    2   9.3401 THz  -0.4273  0.0000  0.7968  0.0000  0.4273  0.0000


 Q=  0.179827 -0.089914 -0.089914, q= -0.500000  0.250000  0.250000

                       Fe X   0        Fe Y   0        Fe Z   0     
                    --------------- --------------- ---------------
    0   6.0385 THz  -0.6042  0.0000 -0.5634  0.0000 -0.5634  0.0000
    1   7.5263 THz   0.0000  0.0000  0.7062 -0.0361 -0.7062  0.0361
    2   9.3401 THz   0.7968  0.0000 -0.4273  0.0000 -0.4273  0.0000


 Q= -0.359654 -0.269741 -0.269741, q= -0.250000 -0.500000 -0.500000

                       Fe X   0        Fe Y   0        Fe Z   0     
                    --------------- --------------- ---------------
    0   7.8090 THz   1.0000  0.0000  0.0000  0.0000  0.0000  0.0000
    1   7.8379 THz   0.0000  0.0000 -0.7029  0.0766 -0.7029  0.0766
    2   9.9594 THz   0.0000  0.0000  0.5448  0.4508 -0.5448 -0.4508


 Q= -0.269741 -0.179827 -0.269741, q= -0.250000 -0.500000 -0.250000

                       Fe X   0        Fe Y   0        Fe Z   0     
                    --------------- --------------- ---------------
    0   6.0385 THz   0.5634  0.0000  0.6042 -0.0000  0.5634  0.0000
    1   7.5263 THz  -0.7071  0.0000 -0.0000  0.0000  0.7071 -0.0000
    2   9.3401 THz  -0.4273 -0.0000  0.7968 -0.0000 -0.4273  0.0000


 Q= -0.179827 -0.089914 -0.269741, q= -0.250000 -0.500000  0.000000

                       Fe X   0        Fe Y   0        Fe Z   0     
                    --------------- --------------- ---------------
    0   6.0385 THz  -0.6042  0.0000 -0.5634 -0.0000  0.5634 -0.0000
    1   7.5263 THz   0.0000  0.0000 -0.7045  0.0608 -0.7045  0.0608
    2   9.3401 THz   0.7968  0.0000 -0.4273 -0.0000  0.4273 -0.0000


 Q= -0.089914  0.000000 -0.269741, q= -0.250000 -0.500000  0.250000

                       Fe X   0        Fe Y   0        Fe Z   0     
                    --------------- --------------- ---------------
    0   7.8090 THz   0.0000  0.0000 -0.9973  0.0731  0.0000  0.0000
    1   7.8379 THz  -0.7071  0.0000  0.0000 -0.0000  0.7071 -0.0000
    2   9.9594 THz   0.7071  0.0000  0.0000 -0.0000  0.7071 -0.0000


 Q= -0.269741 -0.269741 -0.179827, q= -0.250000 -0.250000 -0.500000

                       Fe X   0        Fe Y   0        Fe Z   0     
                    --------------- --------------- ---------------
    0   6.0385 THz   0.5634  0.0000  0.5634 -0.0000  0.6042 -0.0000
    1   7.5263 THz   0.7071  0.0000 -0.7071  0.0000  0.0000  0.0000
    2   9.3401 THz  -0.4273  0.0000 -0.4273 -0.0000  0.7968  0.0000


 Q= -0.179827 -0.179827 -0.179827, q= -0.250000 -0.250000 -0.250000

                       Fe X   0        Fe Y   0        Fe Z   0     
                    --------------- --------------- ---------------
    0   7.9177 THz   0.0000  0.0000  0.1165 -0.2681 -0.1352  0.9467
    1   7.9177 THz   0.0000  0.0000 -0.2318  0.9278  0.0068  0.2922
    2   7.9177 THz   1.0000  0.0000  0.0000  0.0000  0.0000  0.0000


 Q= -0.089914 -0.089914 -0.179827, q= -0.250000 -0.250000  0.000000

                       Fe X   0        Fe Y   0        Fe Z   0     
                    --------------- --------------- ---------------
    0   6.0385 THz   0.5634  0.0000  0.5634  0.0000 -0.6042 -0.0000
    1   7.5263 THz  -0.7071  0.0000  0.7071  0.0000  0.0000 -0.0000
    2   9.3401 THz  -0.4273 -0.0000 -0.4273 -0.0000 -0.7968 -0.0000


 Q=  0.000000  0.000000 -0.179827, q= -0.250000 -0.250000  0.250000

                       Fe X   0        Fe Y   0        Fe Z   0     
                    --------------- --------------- ---------------
    0   6.2742 THz   0.0000  0.0000 -0.2140  0.9768  0.0000 -0.0000
    1   6.2742 THz   1.0000  0.0000  0.0000  0.0000  0.0000  0.0000
    2   8.1608 THz   0.0000  0.0000  0.0000  0.0000 -0.5722  0.8201


 Q= -0.179827 -0.269741 -0.089914, q= -0.250000  0.000000 -0.500000

                       Fe X   0        Fe Y   0        Fe Z   0     
                    --------------- --------------- ---------------
    0   6.0385 THz   0.6042  0.0000 -0.5634  0.0000  0.5634  0.0000
    1   7.5263 THz   0.0000  0.0000 -0.7067  0.0241 -0.7067  0.0241
    2   9.3401 THz   0.7968  0.0000  0.4273 -0.0000 -0.4273 -0.0000


 Q= -0.089914 -0.179827 -0.089914, q= -0.250000  0.000000 -0.250000

                       Fe X   0        Fe Y   0        Fe Z   0     
                    --------------- --------------- ---------------
    0   6.0385 THz   0.5634  0.0000 -0.6042 -0.0000  0.5634  0.0000
    1   7.5263 THz  -0.7071  0.0000  0.0000 -0.0000  0.7071  0.0000
    2   9.3401 THz   0.4273  0.0000  0.7968  0.0000  0.4273  0.0000


 Q=  0.000000 -0.089914 -0.089914, q= -0.250000  0.000000  0.000000

                       Fe X   0        Fe Y   0        Fe Z   0     
                    --------------- --------------- ---------------
    0   3.6643 THz   0.0000  0.0000  0.6113 -0.3554 -0.6113  0.3554
    1   4.7217 THz   1.0000  0.0000  0.0000  0.0000  0.0000  0.0000
    2   7.3028 THz   0.0000  0.0000 -0.5974 -0.3783 -0.5974 -0.3783


 Q=  0.089914  0.000000 -0.089914, q= -0.250000  0.000000  0.250000

                       Fe X   0        Fe Y   0        Fe Z   0     
                    --------------- --------------- ---------------
    0   3.6643 THz  -0.7071  0.0000  0.0000  0.0000 -0.7071 -0.0000
    1   4.7217 THz   0.0000  0.0000  0.9921 -0.1257  0.0000 -0.0000
    2   7.3028 THz   0.7071  0.0000  0.0000  0.0000 -0.7071 -0.0000


 Q= -0.089914 -0.269741  0.000000, q= -0.250000  0.250000 -0.500000

                       Fe X   0        Fe Y   0        Fe Z   0     
                    --------------- --------------- ---------------
    0   7.8090 THz   0.0000  0.0000 -0.0000 -0.0000 -0.8420 -0.5395
    1   7.8379 THz   0.7071  0.0000 -0.7071  0.0000  0.0000 -0.0000
    2   9.9594 THz   0.7071  0.0000  0.7071 -0.0000 -0.0000  0.0000


 Q=  0.000000 -0.179827  0.000000, q= -0.250000  0.250000 -0.250000

                       Fe X   0        Fe Y   0        Fe Z   0     
                    --------------- --------------- ---------------
    0   6.2742 THz   0.0000  0.0000  0.0000 -0.0000  0.7284  0.6852
    1   6.2742 THz   1.0000  0.0000  0.0000  0.0000  0.0000  0.0000
    2   8.1608 THz   0.0000  0.0000 -0.6384 -0.7697 -0.0000  0.0000


 Q=  0.089914 -0.089914  0.000000, q= -0.250000  0.250000  0.000000

                       Fe X   0        Fe Y   0        Fe Z   0     
                    --------------- --------------- ---------------
    0   3.6643 THz  -0.7071  0.0000 -0.7071 -0.0000 -0.0000  0.0000
    1   4.7217 THz   0.0000  0.0000  0.0000  0.0000 -0.9639  0.2662
    2   7.3028 THz   0.7071  0.0000 -0.7071 -0.0000 -0.0000  0.0000


 Q=  0.179827  0.000000  0.000000, q= -0.250000  0.250000  0.250000

                       Fe X   0        Fe Y   0        Fe Z   0     
                    --------------- --------------- ---------------
    0   6.2742 THz   0.0000  0.0000 -0.0880 -0.2025 -0.8535 -0.4720
    1   6.2742 THz   0.0000  0.0000 -0.0613 -0.9734  0.1454  0.1662
    2   8.1608 THz   1.0000  0.0000  0.0000  0.0000  0.0000  0.0000


 Q= -0.359654 -0.179827 -0.179827, q=  0.000000 -0.500000 -0.500000

                       Fe X   0        Fe Y   0        Fe Z   0     
                    --------------- --------------- ---------------
    0   5.7062 THz   0.0000  0.0000 -0.6195 -0.3409 -0.6195 -0.3409
    1   6.5762 THz   1.0000  0.0000  0.0000  0.0000  0.0000  0.0000
    2  10.3927 THz   0.0000  0.0000  0.7071 -0.0000 -0.7071  0.0000


 Q= -0.269741 -0.089914 -0.179827, q=  0.000000 -0.500000 -0.250000

                       Fe X   0        Fe Y   0        Fe Z   0     
                    --------------- --------------- ---------------
    0   6.0385 THz   0.5634  0.0000 -0.5634  0.0000 -0.6042  0.0000
    1   7.5263 THz  -0.7071  0.0000 -0.7071  0.0000  0.0000  0.0000
    2   9.3401 THz   0.4273  0.0000 -0.4273 -0.0000  0.7968  0.0000


 Q= -0.179827  0.000000 -0.179827, q=  0.000000 -0.500000  0.000000

                       Fe X   0        Fe Y   0        Fe Z   0     
                    --------------- --------------- ---------------
    0   5.7062 THz  -0.7071  0.0000  0.0000  0.0000  0.7071  0.0000
    1   6.5762 THz   0.0000  0.0000 -1.0000 -0.0000  0.0000  0.0000
    2  10.3927 THz   0.7071  0.0000  0.0000  0.0000  0.7071  0.0000


 Q= -0.089914  0.089914 -0.179827, q=  0.000000 -0.500000  0.250000

                       Fe X   0        Fe Y   0        Fe Z   0     
                    --------------- --------------- ---------------
    0   6.0385 THz   0.5634  0.0000 -0.5634  0.0000 -0.6042 -0.0000
    1   7.5263 THz  -0.7071  0.0000 -0.7071  0.0000  0.0000  0.0000
    2   9.3401 THz   0.4273  0.0000 -0.4273 -0.0000  0.7968  0.0000


 Q= -0.269741 -0.179827 -0.089914, q=  0.000000 -0.250000 -0.500000

                       Fe X   0        Fe Y   0        Fe Z   0     
                    --------------- --------------- ---------------
    0   6.0385 THz   0.5634  0.0000 -0.6042  0.0000 -0.5634 -0.0000
    1   7.5263 THz   0.7071  0.0000 -0.0000 -0.0000  0.7071  0.0000
    2   9.3401 THz   0.4273  0.0000  0.7968  0.0000 -0.4273 -0.0000


 Q= -0.179827 -0.089914 -0.089914, q=  0.000000 -0.250000 -0.250000

                       Fe X   0        Fe Y   0        Fe Z   0     
                    --------------- --------------- ---------------
    0   6.0385 THz   0.6042  0.0000 -0.5634  0.0000 -0.5634 -0.0000
    1   7.5263 THz   0.0000  0.0000  0.7068 -0.0222 -0.7068  0.0222
    2   9.3401 THz   0.7968  0.0000  0.4273 -0.0000  0.4273  0.0000


 Q= -0.089914  0.000000 -0.089914, q=  0.000000 -0.250000  0.000000

                       Fe X   0        Fe Y   0        Fe Z   0     
                    --------------- --------------- ---------------
    0   3.6643 THz  -0.7071  0.0000  0.0000 -0.0000  0.7071  0.0000
    1   4.7217 THz   0.0000  0.0000 -0.8402  0.5423  0.0000  0.0000
    2   7.3028 THz   0.7071  0.0000  0.0000 -0.0000  0.7071  0.0000


 Q=  0.000000  0.089914 -0.089914, q=  0.000000 -0.250000  0.250000

                       Fe X   0        Fe Y   0        Fe Z   0     
                    --------------- --------------- ---------------
    0   3.6643 THz   0.0000  0.0000 -0.4637  0.5338 -0.4637  0.5338
    1   4.7217 THz   1.0000  0.0000  0.0000  0.0000  0.0000  0.0000
    2   7.3028 THz   0.0000  0.0000 -0.4966  0.5034  0.4966 -0.5034


 Q= -0.179827 -0.179827  0.000000, q=  0.000000  0.000000 -0.500000

                       Fe X   0        Fe Y   0        Fe Z   0     
                    --------------- --------------- ---------------
    0   5.7062 THz   0.7071  0.0000 -0.7071 -0.0000  0.0000 -0.0000
    1   6.5762 THz   0.0000  0.0000 -0.0000 -0.0000 -1.0000  0.0000
    2  10.3927 THz   0.7071  0.0000  0.7071  0.0000 -0.0000  0.0000


 Q= -0.089914 -0.089914  0.000000, q=  0.000000  0.000000 -0.250000

                       Fe X   0        Fe Y   0        Fe Z   0     
                    --------------- --------------- ---------------
    0   3.6643 THz   0.7071  0.0000 -0.7071  0.0000  0.0000  0.0000
    1   4.7217 THz   0.0000  0.0000 -0.0000  0.0000 -0.9950  0.0999
    2   7.3028 THz   0.7071  0.0000  0.7071 -0.0000 -0.0000 -0.0000


 Q=  0.000000  0.000000  0.000000, q=  0.000000  0.000000  0.000000

                       Fe X   0        Fe Y   0        Fe Z   0     
                    --------------- --------------- ---------------
    0  -0.0000 THz   0.9934  0.0000 -0.1008  0.0000 -0.0557  0.0000
    1  -0.0000 THz  -0.0140  0.0000  0.3746  0.0000 -0.9271  0.0000
    2  -0.0000 THz  -0.1143  0.0000 -0.9217  0.0000 -0.3707  0.0000


 Q=  0.089914  0.089914  0.000000, q=  0.000000  0.000000  0.250000

                       Fe X   0        Fe Y   0        Fe Z   0     
                    --------------- --------------- ---------------
    0   3.6643 THz   0.7071  0.0000 -0.7071 -0.0000  0.0000 -0.0000
    1   4.7217 THz   0.0000  0.0000 -0.0000 -0.0000 -0.9950 -0.0999
    2   7.3028 THz   0.7071  0.0000  0.7071  0.0000 -0.0000  0.0000


 Q= -0.089914 -0.179827  0.089914, q=  0.000000  0.250000 -0.500000

                       Fe X   0        Fe Y   0        Fe Z   0     
                    --------------- --------------- ---------------
    0   6.0385 THz   0.5634  0.0000 -0.6042  0.0000 -0.5634  0.0000
    1   7.5263 THz   0.7071  0.0000 -0.0000 -0.0000  0.7071 -0.0000
    2   9.3401 THz   0.4273  0.0000  0.7968 -0.0000 -0.4273 -0.0000


 Q=  0.000000 -0.089914  0.089914, q=  0.000000  0.250000 -0.250000

                       Fe X   0        Fe Y   0        Fe Z   0     
                    --------------- --------------- ---------------
    0   3.6643 THz   0.0000  0.0000 -0.4637 -0.5338 -0.4637 -0.5338
    1   4.7217 THz   1.0000  0.0000  0.0000  0.0000  0.0000  0.0000
    2   7.3028 THz   0.0000  0.0000 -0.4966 -0.5034  0.4966  0.5034


 Q=  0.089914  0.000000  0.089914, q=  0.000000  0.250000  0.000000

                       Fe X   0        Fe Y   0        Fe Z   0     
                    --------------- --------------- ---------------
    0   3.6643 THz  -0.7071  0.0000  0.0000  0.0000  0.7071 -0.0000
    1   4.7217 THz   0.0000  0.0000 -0.8402 -0.5423  0.0000  0.0000
    2   7.3028 THz   0.7071  0.0000  0.0000  0.0000  0.7071 -0.0000


 Q=  0.179827  0.089914  0.089914, q=  0.000000  0.250000  0.250000

                       Fe X   0        Fe Y   0        Fe Z   0     
                    --------------- --------------- ---------------
    0   6.0385 THz   0.6042  0.0000 -0.5634 -0.0000 -0.5634  0.0000
    1   7.5263 THz   0.0000  0.0000  0.7068  0.0222 -0.7068 -0.0222
    2   9.3401 THz   0.7968  0.0000  0.4273  0.0000  0.4273 -0.0000


 Q= -0.359654 -0.089914 -0.089914, q=  0.250000 -0.500000 -0.500000

                       Fe X   0        Fe Y   0        Fe Z   0     
                    --------------- --------------- ---------------
    0   7.8090 THz   1.0000  0.0000  0.0000  0.0000  0.0000  0.0000
    1   7.8379 THz   0.0000  0.0000 -0.6928 -0.1416 -0.6928 -0.1416
    2   9.9594 THz   0.0000  0.0000  0.5448 -0.4508 -0.5448  0.4508


 Q= -0.269741  0.000000 -0.089914, q=  0.250000 -0.500000 -0.250000

                       Fe X   0        Fe Y   0        Fe Z   0     
                    --------------- --------------- ---------------
    0   7.8090 THz   0.0000  0.0000 -0.9983  0.0577  0.0000 -0.0000
    1   7.8379 THz  -0.7071  0.0000  0.0000  0.0000  0.7071  0.0000
    2   9.9594 THz   0.7071  0.0000  0.0000  0.0000  0.7071  0.0000


 Q= -0.179827  0.089914 -0.089914, q=  0.250000 -0.500000  0.000000

                       Fe X   0        Fe Y   0        Fe Z   0     
                    --------------- --------------- ---------------
    0   6.0385 THz   0.6042  0.0000  0.5634 -0.0000 -0.5634  0.0000
    1   7.5263 THz  -0.0000  0.0000 -0.7069  0.0182 -0.7069  0.0182
    2   9.3401 THz  -0.7968 -0.0000  0.4273 -0.0000 -0.4273 -0.0000


 Q= -0.089914  0.179827 -0.089914, q=  0.250000 -0.500000  0.250000

                       Fe X   0        Fe Y   0        Fe Z   0     
                    --------------- --------------- ---------------
    0   6.0385 THz   0.5634  0.0000  0.6042  0.0000  0.5634  0.0000
    1   7.5263 THz  -0.7071  0.0000 -0.0000  0.0000  0.7071  0.0000
    2   9.3401 THz  -0.4273 -0.0000  0.7968  0.0000 -0.4273  0.0000


 Q= -0.269741 -0.089914  0.000000, q=  0.250000 -0.250000 -0.500000

                       Fe X   0        Fe Y   0        Fe Z   0     
                    --------------- --------------- ---------------
    0   7.8090 THz   0.0000  0.0000 -0.0000 -0.0000 -0.8110 -0.5850
    1   7.8379 THz   0.7071  0.0000 -0.7071  0.0000  0.0000 -0.0000
    2   9.9594 THz   0.7071  0.0000  0.7071 -0.0000 -0.0000  0.0000


 Q= -0.179827  0.000000  0.000000, q=  0.250000 -0.250000 -0.250000

                       Fe X   0        Fe Y   0        Fe Z   0     
                    --------------- --------------- ---------------
    0   6.2742 THz   0.0000  0.0000 -0.0880  0.2025 -0.8535  0.4720
    1   6.2742 THz   0.0000  0.0000 -0.0613  0.9734  0.1454 -0.1662
    2   8.1608 THz   1.0000  0.0000  0.0000  0.0000  0.0000  0.0000


 Q= -0.089914  0.089914  0.000000, q=  0.250000 -0.250000  0.000000

                       Fe X   0        Fe Y   0        Fe Z   0     
                    --------------- --------------- ---------------
    0   3.6643 THz  -0.7071  0.0000 -0.7071  0.0000 -0.0000 -0.0000
    1   4.7217 THz   0.0000  0.0000  0.0000 -0.0000 -0.9639 -0.2662
    2   7.3028 THz   0.7071  0.0000 -0.7071  0.0000 -0.0000 -0.0000


 Q=  0.000000  0.179827  0.000000, q=  0.250000 -0.250000  0.250000

                       Fe X   0        Fe Y   0        Fe Z   0     
                    --------------- --------------- ---------------
    0   6.2742 THz   0.0000  0.0000  0.0000  0.0000  0.7284 -0.6852
    1   6.2742 THz   1.0000  0.0000  0.0000  0.0000  0.0000  0.0000
    2   8.1608 THz   0.0000  0.0000 -0.6384  0.7697 -0.0000 -0.0000


 Q= -0.179827 -0.089914  0.089914, q=  0.250000  0.000000 -0.500000

                       Fe X   0        Fe Y   0        Fe Z   0     
                    --------------- --------------- ---------------
    0   6.0385 THz   0.6042  0.0000 -0.5634 -0.0000  0.5634 -0.0000
    1   7.5263 THz   0.0000  0.0000 -0.7068  0.0222 -0.7068  0.0222
    2   9.3401 THz   0.7968  0.0000  0.4273  0.0000 -0.4273  0.0000


 Q= -0.089914  0.000000  0.089914, q=  0.250000  0.000000 -0.250000

                       Fe X   0        Fe Y   0        Fe Z   0     
                    --------------- --------------- ---------------
    0   3.6643 THz  -0.7071  0.0000  0.0000 -0.0000 -0.7071  0.0000
    1   4.7217 THz   0.0000  0.0000  0.9921  0.1257  0.0000  0.0000
    2   7.3028 THz   0.7071  0.0000  0.0000 -0.0000 -0.7071  0.0000


 Q=  0.000000  0.089914  0.089914, q=  0.250000  0.000000  0.000000

                       Fe X   0        Fe Y   0        Fe Z   0     
                    --------------- --------------- ---------------
    0   3.6643 THz   0.0000  0.0000  0.6113  0.3554 -0.6113 -0.3554
    1   4.7217 THz   1.0000  0.0000  0.0000  0.0000  0.0000  0.0000
    2   7.3028 THz   0.0000  0.0000 -0.5974  0.3783 -0.5974  0.3783


 Q=  0.089914  0.179827  0.089914, q=  0.250000  0.000000  0.250000

                       Fe X   0        Fe Y   0        Fe Z   0     
                    --------------- --------------- ---------------
    0   6.0385 THz   0.5634  0.0000 -0.6042  0.0000  0.5634 -0.0000
    1   7.5263 THz  -0.7071  0.0000  0.0000  0.0000  0.7071 -0.0000
    2   9.3401 THz   0.4273  0.0000  0.7968 -0.0000  0.4273 -0.0000


 Q= -0.089914 -0.089914  0.179827, q=  0.250000  0.250000 -0.500000

                       Fe X   0        Fe Y   0        Fe Z   0     
                    --------------- --------------- ---------------
    0   6.0385 THz   0.5634  0.0000  0.5634 -0.0000  0.6042 -0.0000
    1   7.5263 THz   0.7071  0.0000 -0.7071  0.0000  0.0000  0.0000
    2   9.3401 THz  -0.4273  0.0000 -0.4273  0.0000  0.7968 -0.0000


 Q=  0.000000  0.000000  0.179827, q=  0.250000  0.250000 -0.250000

                       Fe X   0        Fe Y   0        Fe Z   0     
                    --------------- --------------- ---------------
    0   6.2742 THz   0.0000  0.0000 -0.2140 -0.9768  0.0000  0.0000
    1   6.2742 THz   1.0000  0.0000  0.0000  0.0000  0.0000  0.0000
    2   8.1608 THz   0.0000  0.0000  0.0000 -0.0000 -0.5722 -0.8201


 Q=  0.089914  0.089914  0.179827, q=  0.250000  0.250000  0.000000

                       Fe X   0        Fe Y   0        Fe Z   0     
                    --------------- --------------- ---------------
    0   6.0385 THz   0.5634  0.0000  0.5634 -0.0000 -0.6042  0.0000
    1   7.5263 THz  -0.7071  0.0000  0.7071 -0.0000  0.0000  0.0000
    2   9.3401 THz  -0.4273 -0.0000 -0.4273  0.0000 -0.7968  0.0000


 Q=  0.179827  0.179827  0.179827, q=  0.250000  0.250000  0.250000

                       Fe X   0        Fe Y   0        Fe Z   0     
                    --------------- --------------- ---------------
    0   7.9177 THz   0.0000  0.0000  0.1165  0.2681 -0.1352 -0.9467
    1   7.9177 THz   0.0000  0.0000 -0.2318 -0.9278  0.0068 -0.2922
    2   7.9177 THz   1.0000  0.0000  0.0000  0.0000  0.0000  0.0000
