
Used Primitive lattice vector

    0.000000000000      2.095629000000      2.095629000000  
    2.095629000000      0.000000000000      2.095629000000  
    2.095629000000      2.095629000000      0.000000000000  

   2 Atom(s) in the Primitive cell

 0.0000000000 0.0000000000 0.0000000000 Mg    0
 0.5000000000 0.5000000000 0.5000000000  O    1


 Q= -0.119296 -0.119296 -0.119296, q= -0.500000 -0.500000 -0.500000

                       Mg X   0        Mg Y   0        Mg Z   0         O X   1         O Y   1         O Z   1     
                    --------------- --------------- --------------- --------------- --------------- ---------------
    0   8.3899 THz   0.8165  0.0000 -0.4082 -0.0000 -0.4082  0.0000  0.0000  0.0000  0.0000 -0.0000  0.0000  0.0000
    1   8.3899 THz   0.0000  0.0000  0.7071  0.0000 -0.7071 -0.0000  0.0000 -0.0000 -0.0000 -0.0000 -0.0000  0.0000
    2  11.5479 THz   0.0000  0.0000 -0.0000  0.0000  0.0000 -0.0000  0.4852 -0.5629 -0.2426  0.5744 -0.2426 -0.0114
    3  11.5479 THz   0.0000  0.0000 -0.0000 -0.0000  0.0000  0.0000  0.3374 -0.0229  0.2893 -0.4407 -0.6267  0.4636
    4  16.0931 THz  -0.5774  0.0000 -0.5774 -0.0000 -0.5774  0.0000  0.0000  0.0000  0.0000 -0.0000  0.0000  0.0000
    5  17.6592 THz   0.0000  0.0000  0.0000 -0.0000 -0.0000 -0.0000  0.5551 -0.1589  0.5551 -0.1589  0.5551 -0.1589


 Q= -0.059648 -0.059648 -0.178944, q= -0.500000 -0.500000 -0.250000

                       Mg X   0        Mg Y   0        Mg Z   0         O X   1         O Y   1         O Z   1     
                    --------------- --------------- --------------- --------------- --------------- ---------------
    0   8.5209 THz  -0.6702  0.0000  0.6702 -0.0000  0.0000  0.0000 -0.2253 -0.0000  0.2253 -0.0000 -0.0000  0.0000
    1   9.9056 THz   0.5376  0.0000  0.5376 -0.0000 -0.6330 -0.0000  0.1029  0.0000  0.1029 -0.0000 -0.0078  0.0000
    2  12.9396 THz  -0.2253  0.0000  0.2253 -0.0000  0.0000 -0.0000  0.6702 -0.0000 -0.6702  0.0000  0.0000 -0.0000
    3  13.2403 THz   0.4247  0.0000  0.4247 -0.0000  0.7543 -0.0000  0.1096 -0.0000  0.1096  0.0000  0.2151 -0.0000
    4  14.0253 THz  -0.0707  0.0000 -0.0707 -0.0000  0.0741  0.0000  0.5756  0.0000  0.5756  0.0000 -0.5673 -0.0000
    5  17.1197 THz   0.1601  0.0000  0.1601  0.0000  0.1575  0.0000 -0.3822 -0.0000 -0.3822  0.0000 -0.7949  0.0000


 Q=  0.000000  0.000000 -0.238592, q= -0.500000 -0.500000  0.000000

                       Mg X   0        Mg Y   0        Mg Z   0         O X   1         O Y   1         O Z   1     
                    --------------- --------------- --------------- --------------- --------------- ---------------
    0   8.8030 THz   0.0000  0.0000  0.9279  0.0000  0.0000 -0.0000 -0.0000  0.0000  0.3729  0.0000  0.0000 -0.0000
    1   8.8030 THz   0.9279  0.0000  0.0000  0.0000 -0.0000  0.0000  0.3729  0.0000 -0.0000  0.0000  0.0000 -0.0000
    2  12.6942 THz   0.0000  0.0000 -0.0000 -0.0000  0.9998  0.0000  0.0000  0.0000 -0.0000 -0.0000  0.0221  0.0000
    3  14.0157 THz   0.3729  0.0000 -0.0000 -0.0000  0.0000 -0.0000 -0.9279 -0.0000  0.0000 -0.0000 -0.0000  0.0000
    4  14.0157 THz   0.0000  0.0000  0.3729 -0.0000 -0.0000  0.0000 -0.0000  0.0000 -0.9279  0.0000  0.0000 -0.0000
    5  17.0090 THz   0.0000  0.0000 -0.0000  0.0000 -0.0221  0.0000 -0.0000  0.0000  0.0000 -0.0000  0.9998 -0.0000


 Q=  0.059648  0.059648 -0.298240, q= -0.500000 -0.500000  0.250000

                       Mg X   0        Mg Y   0        Mg Z   0         O X   1         O Y   1         O Z   1     
                    --------------- --------------- --------------- --------------- --------------- ---------------
    0   8.5209 THz  -0.6702  0.0000  0.6702 -0.0000 -0.0000  0.0000 -0.2253  0.0000  0.2253  0.0000 -0.0000 -0.0000
    1   9.9056 THz   0.5376  0.0000  0.5376 -0.0000 -0.6330  0.0000  0.1029 -0.0000  0.1029  0.0000 -0.0078 -0.0000
    2  12.9396 THz  -0.2253  0.0000  0.2253  0.0000 -0.0000  0.0000  0.6702  0.0000 -0.6702 -0.0000 -0.0000  0.0000
    3  13.2403 THz   0.4247  0.0000  0.4247  0.0000  0.7543  0.0000  0.1096  0.0000  0.1096 -0.0000  0.2151  0.0000
    4  14.0253 THz  -0.0707  0.0000 -0.0707  0.0000  0.0741 -0.0000  0.5756 -0.0000  0.5756 -0.0000 -0.5673  0.0000
    5  17.1197 THz   0.1601  0.0000  0.1601 -0.0000  0.1575 -0.0000 -0.3822 -0.0000 -0.3822 -0.0000 -0.7949 -0.0000


 Q= -0.059648 -0.178944 -0.059648, q= -0.500000 -0.250000 -0.500000

                       Mg X   0        Mg Y   0        Mg Z   0         O X   1         O Y   1         O Z   1     
                    --------------- --------------- --------------- --------------- --------------- ---------------
    0   8.5209 THz  -0.6702  0.0000  0.0000 -0.0000  0.6702  0.0000 -0.2253 -0.0000 -0.0000  0.0000  0.2253  0.0000
    1   9.9056 THz  -0.5376  0.0000  0.6330  0.0000 -0.5376 -0.0000 -0.1029 -0.0000  0.0078  0.0000 -0.1029  0.0000
    2  12.9396 THz   0.2253  0.0000  0.0000  0.0000 -0.2253  0.0000 -0.6702  0.0000  0.0000  0.0000  0.6702 -0.0000
    3  13.2403 THz  -0.4247  0.0000 -0.7543  0.0000 -0.4247  0.0000 -0.1096  0.0000 -0.2151  0.0000 -0.1096 -0.0000
    4  14.0253 THz  -0.0707  0.0000  0.0741  0.0000 -0.0707 -0.0000  0.5756  0.0000 -0.5673 -0.0000  0.5756  0.0000
    5  17.1197 THz  -0.1601  0.0000 -0.1575 -0.0000 -0.1601 -0.0000  0.3822  0.0000  0.7949  0.0000  0.3822  0.0000


 Q=  0.000000 -0.119296 -0.119296, q= -0.500000 -0.250000 -0.250000

                       Mg X   0        Mg Y   0        Mg Z   0         O X   1         O Y   1         O Z   1     
                    --------------- --------------- --------------- --------------- --------------- ---------------
    0   8.1494 THz   0.0000  0.0000  0.0557 -0.6893 -0.0557  0.6893 -0.0000  0.0000  0.0119 -0.1473 -0.0119  0.1473
    1   9.6600 THz   0.9510  0.0000  0.0000  0.0000  0.0000  0.0000  0.3092  0.0000  0.0000  0.0000 -0.0000 -0.0000
    2  11.7570 THz   0.0000  0.0000 -0.0022  0.1477  0.0022 -0.1477  0.0000  0.0000  0.0101 -0.6914 -0.0101  0.6914
    3  12.6148 THz   0.0000  0.0000 -0.0943 -0.6241 -0.0943 -0.6241  0.0000  0.0000 -0.0476 -0.3151 -0.0476 -0.3151
    4  14.3725 THz  -0.3092  0.0000  0.0000  0.0000  0.0000  0.0000  0.9510  0.0000  0.0000  0.0000 -0.0000 -0.0000
    5  17.7705 THz   0.0000  0.0000 -0.0570  0.3136 -0.0570  0.3136 -0.0000  0.0000  0.1129 -0.6210  0.1129 -0.6210


 Q=  0.059648 -0.059648 -0.178944, q= -0.500000 -0.250000  0.000000

                       Mg X   0        Mg Y   0        Mg Z   0         O X   1         O Y   1         O Z   1     
                    --------------- --------------- --------------- --------------- --------------- ---------------
    0   8.5209 THz  -0.6702  0.0000 -0.6702 -0.0000  0.0000  0.0000 -0.2253 -0.0000 -0.2253 -0.0000 -0.0000 -0.0000
    1   9.9056 THz   0.5376  0.0000 -0.5376 -0.0000  0.6330  0.0000  0.1029  0.0000 -0.1029 -0.0000  0.0078 -0.0000
    2  12.9396 THz   0.2253  0.0000  0.2253 -0.0000  0.0000 -0.0000 -0.6702 -0.0000 -0.6702 -0.0000 -0.0000 -0.0000
    3  13.2403 THz  -0.4247  0.0000  0.4247 -0.0000  0.7543  0.0000 -0.1096 -0.0000  0.1096  0.0000  0.2151 -0.0000
    4  14.0253 THz   0.0707  0.0000 -0.0707 -0.0000  0.0741  0.0000 -0.5756 -0.0000  0.5756  0.0000 -0.5673 -0.0000
    5  17.1197 THz  -0.1601  0.0000  0.1601  0.0000  0.1575  0.0000  0.3822  0.0000 -0.3822 -0.0000 -0.7949 -0.0000


 Q=  0.119296  0.000000 -0.238592, q= -0.500000 -0.250000  0.250000

                       Mg X   0        Mg Y   0        Mg Z   0         O X   1         O Y   1         O Z   1     
                    --------------- --------------- --------------- --------------- --------------- ---------------
    0  10.4227 THz   1.0000  0.0000  0.0000  0.0000  0.0000  0.0000  0.0000  0.0000  0.0000  0.0000  0.0000  0.0000
    1  11.2694 THz   0.0000  0.0000  0.6689  0.0541  0.7254  0.0578 -0.0000  0.0000  0.0955  0.0077 -0.1036 -0.0083
    2  11.2694 THz   0.0000  0.0000  0.7103  0.1585 -0.6552 -0.1454 -0.0000  0.0000  0.1014  0.0226  0.0935  0.0208
    3  13.8347 THz   0.0000  0.0000  0.0000  0.0000 -0.0000  0.0000  0.9614 -0.2752 -0.0000 -0.0000 -0.0000  0.0000
    4  15.5800 THz   0.0000  0.0000 -0.0198 -0.0001  0.1259 -0.0611  0.0000 -0.0000  0.1387  0.0005  0.8819 -0.4279
    5  15.5800 THz   0.0000  0.0000 -0.1298 -0.0522 -0.0197  0.0014  0.0000  0.0000  0.9095  0.3656 -0.1383  0.0101


 Q=  0.000000 -0.238592  0.000000, q= -0.500000  0.000000 -0.500000

                       Mg X   0        Mg Y   0        Mg Z   0         O X   1         O Y   1         O Z   1     
                    --------------- --------------- --------------- --------------- --------------- ---------------
    0   8.8030 THz   0.0000  0.0000 -0.0000 -0.0000 -0.9279  0.0000  0.0000 -0.0000  0.0000 -0.0000 -0.3729  0.0000
    1   8.8030 THz   0.9279  0.0000 -0.0000  0.0000  0.0000 -0.0000  0.3729  0.0000 -0.0000  0.0000  0.0000  0.0000
    2  12.6942 THz   0.0000  0.0000 -0.9998  0.0000  0.0000 -0.0000 -0.0000  0.0000 -0.0221  0.0000 -0.0000  0.0000
    3  14.0157 THz   0.0000  0.0000  0.0000 -0.0000 -0.3729  0.0000  0.0000 -0.0000  0.0000 -0.0000  0.9279 -0.0000
    4  14.0157 THz  -0.3729  0.0000 -0.0000  0.0000  0.0000 -0.0000  0.9279  0.0000 -0.0000  0.0000  0.0000  0.0000
    5  17.0090 THz   0.0000  0.0000 -0.0221  0.0000  0.0000 -0.0000  0.0000  0.0000  0.9998 -0.0000 -0.0000  0.0000


 Q=  0.059648 -0.178944 -0.059648, q= -0.500000  0.000000 -0.250000

                       Mg X   0        Mg Y   0        Mg Z   0         O X   1         O Y   1         O Z   1     
                    --------------- --------------- --------------- --------------- --------------- ---------------
    0   8.5209 THz  -0.6702  0.0000  0.0000 -0.0000 -0.6702 -0.0000 -0.2253  0.0000 -0.0000 -0.0000 -0.2253  0.0000
    1   9.9056 THz  -0.5376  0.0000 -0.6330 -0.0000  0.5376  0.0000 -0.1029  0.0000 -0.0078  0.0000  0.1029 -0.0000
    2  12.9396 THz  -0.2253  0.0000  0.0000  0.0000 -0.2253  0.0000  0.6702 -0.0000 -0.0000  0.0000  0.6702 -0.0000
    3  13.2403 THz   0.4247  0.0000 -0.7543  0.0000 -0.4247  0.0000  0.1096 -0.0000 -0.2151  0.0000 -0.1096 -0.0000
    4  14.0253 THz   0.0707  0.0000  0.0741 -0.0000 -0.0707 -0.0000 -0.5756  0.0000 -0.5673  0.0000  0.5756 -0.0000
    5  17.1197 THz   0.1601  0.0000 -0.1575 -0.0000 -0.1601 -0.0000 -0.3822  0.0000  0.7949 -0.0000  0.3822 -0.0000


 Q=  0.119296 -0.119296 -0.119296, q= -0.500000  0.000000  0.000000

                       Mg X   0        Mg Y   0        Mg Z   0         O X   1         O Y   1         O Z   1     
                    --------------- --------------- --------------- --------------- --------------- ---------------
    0   8.3899 THz   0.0000  0.0000  0.7071 -0.0000 -0.7071  0.0000 -0.0000 -0.0000  0.0000  0.0000 -0.0000 -0.0000
    1   8.3899 THz   0.8165  0.0000  0.4082  0.0000  0.4082  0.0000  0.0000  0.0000 -0.0000 -0.0000 -0.0000 -0.0000
    2  11.5479 THz   0.0000  0.0000  0.0000  0.0000 -0.0000 -0.0000  0.1544  0.5500  0.1033 -0.2295  0.0511  0.7795
    3  11.5479 THz   0.0000  0.0000  0.0000 -0.0000 -0.0000  0.0000 -0.1865 -0.5527 -0.0932 -0.7711 -0.0932  0.2184
    4  16.0931 THz   0.5774  0.0000 -0.5774 -0.0000 -0.5774 -0.0000 -0.0000 -0.0000  0.0000  0.0000  0.0000  0.0000
    5  17.6592 THz   0.0000  0.0000  0.0000  0.0000 -0.0000 -0.0000  0.3587  0.4524 -0.3587 -0.4524 -0.3587 -0.4524


 Q=  0.178944 -0.059648 -0.178944, q= -0.500000  0.000000  0.250000

                       Mg X   0        Mg Y   0        Mg Z   0         O X   1         O Y   1         O Z   1     
                    --------------- --------------- --------------- --------------- --------------- ---------------
    0   8.5209 THz  -0.6702  0.0000  0.0000 -0.0000 -0.6702  0.0000  0.2253 -0.0000  0.0000 -0.0000  0.2253  0.0000
    1   9.9056 THz   0.5376  0.0000  0.6330 -0.0000 -0.5376  0.0000 -0.1029  0.0000 -0.0078 -0.0000  0.1029  0.0000
    2  12.9396 THz   0.2253  0.0000  0.0000  0.0000  0.2253  0.0000  0.6702  0.0000 -0.0000 -0.0000  0.6702  0.0000
    3  13.2403 THz  -0.4247  0.0000  0.7543  0.0000  0.4247  0.0000  0.1096  0.0000 -0.2151 -0.0000 -0.1096  0.0000
    4  14.0253 THz   0.0707  0.0000  0.0741 -0.0000 -0.0707  0.0000  0.5756 -0.0000  0.5673 -0.0000 -0.5756  0.0000
    5  17.1197 THz   0.1601  0.0000 -0.1575  0.0000 -0.1601  0.0000  0.3822 -0.0000 -0.7949 -0.0000 -0.3822 -0.0000


 Q=  0.059648 -0.298240  0.059648, q= -0.500000  0.250000 -0.500000

                       Mg X   0        Mg Y   0        Mg Z   0         O X   1         O Y   1         O Z   1     
                    --------------- --------------- --------------- --------------- --------------- ---------------
    0   8.5209 THz  -0.6702  0.0000  0.0000 -0.0000  0.6702  0.0000 -0.2253  0.0000 -0.0000 -0.0000  0.2253 -0.0000
    1   9.9056 THz  -0.5376  0.0000  0.6330 -0.0000 -0.5376  0.0000 -0.1029  0.0000  0.0078 -0.0000 -0.1029 -0.0000
    2  12.9396 THz   0.2253  0.0000  0.0000 -0.0000 -0.2253 -0.0000 -0.6702 -0.0000 -0.0000 -0.0000  0.6702  0.0000
    3  13.2403 THz  -0.4247  0.0000 -0.7543 -0.0000 -0.4247 -0.0000 -0.1096 -0.0000 -0.2151 -0.0000 -0.1096  0.0000
    4  14.0253 THz  -0.0707  0.0000  0.0741 -0.0000 -0.0707  0.0000  0.5756 -0.0000 -0.5673  0.0000  0.5756 -0.0000
    5  17.1197 THz  -0.1601  0.0000 -0.1575 -0.0000 -0.1601  0.0000  0.3822 -0.0000  0.7949 -0.0000  0.3822 -0.0000


 Q=  0.119296 -0.238592  0.000000, q= -0.500000  0.250000 -0.250000

                       Mg X   0        Mg Y   0        Mg Z   0         O X   1         O Y   1         O Z   1     
                    --------------- --------------- --------------- --------------- --------------- ---------------
    0  10.4227 THz   1.0000  0.0000  0.0000  0.0000  0.0000  0.0000  0.0000  0.0000  0.0000  0.0000  0.0000  0.0000
    1  11.2694 THz   0.0000  0.0000 -0.3047  0.1251 -0.8828  0.3036  0.0000 -0.0000  0.0435 -0.0179 -0.1260  0.0433
    2  11.2694 THz   0.0000  0.0000 -0.9267 -0.1127  0.3241  0.0588  0.0000  0.0000  0.1323  0.0161  0.0463  0.0084
    3  13.8347 THz   0.0000  0.0000 -0.0000  0.0000 -0.0000  0.0000 -0.9923 -0.1240  0.0000  0.0000 -0.0000  0.0000
    4  15.5800 THz   0.0000  0.0000 -0.0199  0.0078 -0.0516  0.1298 -0.0000  0.0000 -0.1397  0.0543  0.3613 -0.9094
    5  15.5800 THz   0.0000  0.0000 -0.1058  0.0912  0.0008 -0.0214  0.0000 -0.0000 -0.7411  0.6390 -0.0056  0.1498


 Q=  0.178944 -0.178944 -0.059648, q= -0.500000  0.250000  0.000000

                       Mg X   0        Mg Y   0        Mg Z   0         O X   1         O Y   1         O Z   1     
                    --------------- --------------- --------------- --------------- --------------- ---------------
    0   8.5209 THz  -0.6702  0.0000 -0.6702 -0.0000  0.0000 -0.0000  0.2253 -0.0000  0.2253 -0.0000 -0.0000  0.0000
    1   9.9056 THz  -0.5376  0.0000  0.5376  0.0000 -0.6330 -0.0000  0.1029 -0.0000 -0.1029  0.0000  0.0078 -0.0000
    2  12.9396 THz  -0.2253  0.0000 -0.2253 -0.0000 -0.0000 -0.0000 -0.6702  0.0000 -0.6702  0.0000 -0.0000  0.0000
    3  13.2403 THz   0.4247  0.0000 -0.4247 -0.0000 -0.7543  0.0000 -0.1096  0.0000  0.1096 -0.0000  0.2151  0.0000
    4  14.0253 THz   0.0707  0.0000 -0.0707 -0.0000  0.0741 -0.0000  0.5756 -0.0000 -0.5756  0.0000  0.5673 -0.0000
    5  17.1197 THz  -0.1601  0.0000  0.1601  0.0000  0.1575 -0.0000 -0.3822  0.0000  0.3822 -0.0000  0.7949 -0.0000


 Q=  0.238592 -0.119296 -0.119296, q= -0.500000  0.250000  0.250000

                       Mg X   0        Mg Y   0        Mg Z   0         O X   1         O Y   1         O Z   1     
                    --------------- --------------- --------------- --------------- --------------- ---------------
    0   8.1494 THz   0.0000  0.0000  0.6857  0.0892 -0.6857 -0.0892  0.0000 -0.0000 -0.1465 -0.0190  0.1465  0.0190
    1   9.6600 THz   0.9510  0.0000  0.0000 -0.0000  0.0000 -0.0000 -0.3092  0.0000  0.0000  0.0000  0.0000 -0.0000
    2  11.7570 THz   0.0000  0.0000  0.0984  0.1102 -0.0984 -0.1102  0.0000 -0.0000  0.4604  0.5159 -0.4604 -0.5159
    3  12.6148 THz   0.0000  0.0000  0.6308 -0.0219  0.6308 -0.0219  0.0000  0.0000 -0.3185  0.0111 -0.3185  0.0111
    4  14.3725 THz   0.3092  0.0000 -0.0000  0.0000 -0.0000  0.0000  0.9510 -0.0000 -0.0000 -0.0000 -0.0000  0.0000
    5  17.7705 THz   0.0000  0.0000  0.3181 -0.0192  0.3181 -0.0192  0.0000  0.0000  0.6301 -0.0380  0.6301 -0.0380


 Q= -0.178944 -0.059648 -0.059648, q= -0.250000 -0.500000 -0.500000

                       Mg X   0        Mg Y   0        Mg Z   0         O X   1         O Y   1         O Z   1     
                    --------------- --------------- --------------- --------------- --------------- ---------------
    0   8.5209 THz   0.0000  0.0000 -0.6189 -0.2574  0.6189  0.2574 -0.0000 -0.0000 -0.2081 -0.0865  0.2081  0.0865
    1   9.9056 THz  -0.6330  0.0000  0.5376 -0.0000  0.5376  0.0000 -0.0078 -0.0000  0.1029 -0.0000  0.1029 -0.0000
    2  12.9396 THz  -0.0000  0.0000 -0.2234  0.0298  0.2234 -0.0298  0.0000 -0.0000  0.6644 -0.0885 -0.6644  0.0885
    3  13.2403 THz   0.7543  0.0000  0.4247  0.0000  0.4247 -0.0000  0.2151  0.0000  0.1096 -0.0000  0.1096  0.0000
    4  14.0253 THz   0.0741  0.0000 -0.0707 -0.0000 -0.0707 -0.0000 -0.5673 -0.0000  0.5756  0.0000  0.5756  0.0000
    5  17.1197 THz   0.1575  0.0000  0.1601  0.0000  0.1601  0.0000 -0.7949 -0.0000 -0.3822 -0.0000 -0.3822  0.0000


 Q= -0.119296  0.000000 -0.119296, q= -0.250000 -0.500000 -0.250000

                       Mg X   0        Mg Y   0        Mg Z   0         O X   1         O Y   1         O Z   1     
                    --------------- --------------- --------------- --------------- --------------- ---------------
    0   8.1494 THz   0.6915  0.0000  0.0000 -0.0000 -0.6915  0.0000  0.1477  0.0000  0.0000  0.0000 -0.1477 -0.0000
    1   9.6600 THz   0.0000  0.0000  0.9461 -0.0960 -0.0000  0.0000 -0.0000 -0.0000  0.3076 -0.0312  0.0000 -0.0000
    2  11.7570 THz   0.1477  0.0000 -0.0000  0.0000 -0.1477  0.0000 -0.6915  0.0000 -0.0000 -0.0000  0.6915 -0.0000
    3  12.6148 THz   0.6312  0.0000  0.0000 -0.0000  0.6312 -0.0000  0.3187 -0.0000 -0.0000  0.0000  0.3187  0.0000
    4  14.3725 THz   0.0000  0.0000  0.0023 -0.3092 -0.0000  0.0000 -0.0000  0.0000 -0.0069  0.9510  0.0000 -0.0000
    5  17.7705 THz   0.3187  0.0000  0.0000 -0.0000  0.3187  0.0000 -0.6312 -0.0000 -0.0000 -0.0000 -0.6312 -0.0000


 Q= -0.059648  0.059648 -0.178944, q= -0.250000 -0.500000  0.000000

                       Mg X   0        Mg Y   0        Mg Z   0         O X   1         O Y   1         O Z   1     
                    --------------- --------------- --------------- --------------- --------------- ---------------
    0   8.5209 THz  -0.6702  0.0000 -0.6702  0.0000 -0.0000  0.0000 -0.2253  0.0000 -0.2253  0.0000  0.0000  0.0000
    1   9.9056 THz   0.5376  0.0000 -0.5376  0.0000 -0.6330  0.0000  0.1029  0.0000 -0.1029  0.0000 -0.0078  0.0000
    2  12.9396 THz   0.2253  0.0000  0.2253  0.0000 -0.0000 -0.0000 -0.6702 -0.0000 -0.6702 -0.0000  0.0000  0.0000
    3  13.2403 THz   0.4247  0.0000 -0.4247 -0.0000  0.7543 -0.0000  0.1096  0.0000 -0.1096  0.0000  0.2151 -0.0000
    4  14.0253 THz   0.0707  0.0000 -0.0707 -0.0000 -0.0741  0.0000 -0.5756  0.0000  0.5756 -0.0000  0.5673 -0.0000
    5  17.1197 THz   0.1601  0.0000 -0.1601 -0.0000  0.1575 -0.0000 -0.3822 -0.0000  0.3822  0.0000 -0.7949  0.0000


 Q=  0.000000  0.119296 -0.238592, q= -0.250000 -0.500000  0.250000

                       Mg X   0        Mg Y   0        Mg Z   0         O X   1         O Y   1         O Z   1     
                    --------------- --------------- --------------- --------------- --------------- ---------------
    0  10.4227 THz   0.0000  0.0000 -0.9069  0.4214  0.0000  0.0000 -0.0000  0.0000  0.0000 -0.0000 -0.0000 -0.0000
    1  11.2694 THz   0.0000  0.0000 -0.0000  0.0000 -0.8040 -0.5776  0.0000  0.0000  0.0000 -0.0000  0.1148  0.0825
    2  11.2694 THz   0.9900  0.0000  0.0000 -0.0000  0.0000  0.0000  0.1413 -0.0000 -0.0000  0.0000  0.0000  0.0000
    3  13.8347 THz   0.0000  0.0000 -0.0000  0.0000  0.0000 -0.0000  0.0000 -0.0000 -0.7813  0.6242 -0.0000 -0.0000
    4  15.5800 THz  -0.1413  0.0000  0.0000 -0.0000  0.0000  0.0000  0.9900 -0.0000 -0.0000  0.0000  0.0000  0.0000
    5  15.5800 THz   0.0000  0.0000  0.0000 -0.0000 -0.1409  0.0111 -0.0000 -0.0000 -0.0000 -0.0000 -0.9869  0.0781


 Q= -0.119296 -0.119296  0.000000, q= -0.250000 -0.250000 -0.500000

                       Mg X   0        Mg Y   0        Mg Z   0         O X   1         O Y   1         O Z   1     
                    --------------- --------------- --------------- --------------- --------------- ---------------
    0   8.1494 THz   0.6915  0.0000 -0.6915  0.0000  0.0000 -0.0000  0.1477 -0.0000 -0.1477  0.0000  0.0000 -0.0000
    1   9.6600 THz  -0.0000  0.0000  0.0000  0.0000  0.9508  0.0175 -0.0000  0.0000  0.0000  0.0000  0.3092  0.0057
    2  11.7570 THz   0.1477  0.0000 -0.1477  0.0000 -0.0000 -0.0000 -0.6915  0.0000  0.6915 -0.0000 -0.0000  0.0000
    3  12.6148 THz  -0.6312  0.0000 -0.6312  0.0000 -0.0000 -0.0000 -0.3187  0.0000 -0.3187 -0.0000 -0.0000 -0.0000
    4  14.3725 THz   0.0000  0.0000  0.0000 -0.0000  0.3084 -0.0216  0.0000  0.0000 -0.0000 -0.0000 -0.9487  0.0665
    5  17.7705 THz   0.3187  0.0000  0.3187  0.0000 -0.0000  0.0000 -0.6312 -0.0000 -0.6312  0.0000  0.0000 -0.0000


 Q= -0.059648 -0.059648 -0.059648, q= -0.250000 -0.250000 -0.250000

                       Mg X   0        Mg Y   0        Mg Z   0         O X   1         O Y   1         O Z   1     
                    --------------- --------------- --------------- --------------- --------------- ---------------
    0   5.8538 THz  -0.3894  0.0000  0.7010 -0.0017 -0.3116  0.0017 -0.2308 -0.0000  0.4154 -0.0010 -0.1846  0.0010
    1   5.8538 THz  -0.5846  0.0000 -0.0450  0.0011  0.6295 -0.0011 -0.3464 -0.0000 -0.0266  0.0007  0.3731 -0.0007
    2  10.0518 THz  -0.4836  0.0000 -0.4836  0.0000 -0.4836  0.0000 -0.3153 -0.0000 -0.3153  0.0000 -0.3153  0.0000
    3  12.1512 THz  -0.1707  0.0000 -0.2433  0.0090  0.4140 -0.0090  0.2881  0.0000  0.4105 -0.0153 -0.6986  0.0153
    4  12.1512 THz  -0.3796  0.0000  0.3376 -0.0041  0.0420  0.0041  0.6406  0.0000 -0.5697  0.0069 -0.0709 -0.0069
    5  18.6040 THz  -0.3153  0.0000 -0.3153 -0.0000 -0.3153 -0.0000  0.4836  0.0000  0.4836 -0.0000  0.4836  0.0000


 Q=  0.000000  0.000000 -0.119296, q= -0.250000 -0.250000  0.000000

                       Mg X   0        Mg Y   0        Mg Z   0         O X   1         O Y   1         O Z   1     
                    --------------- --------------- --------------- --------------- --------------- ---------------
    0   6.7632 THz   0.0000  0.0000 -0.0561  0.8697  0.0000  0.0000 -0.0000  0.0000 -0.0316  0.4893  0.0000  0.0000
    1   6.7632 THz   0.8715  0.0000  0.0000  0.0000  0.0000 -0.0000  0.4904  0.0000 -0.0000 -0.0000 -0.0000 -0.0000
    2  10.2159 THz   0.0000  0.0000 -0.0000 -0.0000  0.5720 -0.6683 -0.0000  0.0000 -0.0000  0.0000  0.3093 -0.3614
    3  13.1849 THz   0.0000  0.0000  0.0311  0.4894  0.0000 -0.0000 -0.0000  0.0000 -0.0553 -0.8698 -0.0000 -0.0000
    4  13.1849 THz  -0.4904  0.0000  0.0000  0.0000  0.0000 -0.0000  0.8715  0.0000 -0.0000 -0.0000 -0.0000 -0.0000
    5  18.1246 THz   0.0000  0.0000  0.0000 -0.0000 -0.3983 -0.2600  0.0000  0.0000 -0.0000 -0.0000  0.7366  0.4807


 Q=  0.059648  0.059648 -0.178944, q= -0.250000 -0.250000  0.250000

                       Mg X   0        Mg Y   0        Mg Z   0         O X   1         O Y   1         O Z   1     
                    --------------- --------------- --------------- --------------- --------------- ---------------
    0   8.5209 THz  -0.6702  0.0000  0.6702 -0.0000  0.0000 -0.0000 -0.2253 -0.0000  0.2253  0.0000 -0.0000  0.0000
    1   9.9056 THz   0.5376  0.0000  0.5376 -0.0000  0.6330 -0.0000  0.1029  0.0000  0.1029  0.0000  0.0078  0.0000
    2  12.9396 THz  -0.2253  0.0000  0.2253  0.0000  0.0000 -0.0000  0.6702  0.0000 -0.6702 -0.0000  0.0000  0.0000
    3  13.2403 THz  -0.4247  0.0000 -0.4247 -0.0000  0.7543  0.0000 -0.1096 -0.0000 -0.1096  0.0000  0.2151 -0.0000
    4  14.0253 THz  -0.0707  0.0000 -0.0707  0.0000 -0.0741 -0.0000  0.5756  0.0000  0.5756  0.0000  0.5673  0.0000
    5  17.1197 THz  -0.1601  0.0000 -0.1601  0.0000  0.1575  0.0000  0.3822  0.0000  0.3822  0.0000 -0.7949 -0.0000


 Q= -0.059648 -0.178944  0.059648, q= -0.250000  0.000000 -0.500000

                       Mg X   0        Mg Y   0        Mg Z   0         O X   1         O Y   1         O Z   1     
                    --------------- --------------- --------------- --------------- --------------- ---------------
    0   8.5209 THz  -0.6702  0.0000 -0.0000 -0.0000 -0.6702 -0.0000 -0.2253 -0.0000 -0.0000  0.0000 -0.2253  0.0000
    1   9.9056 THz  -0.5376  0.0000  0.6330  0.0000  0.5376  0.0000 -0.1029  0.0000  0.0078 -0.0000  0.1029 -0.0000
    2  12.9396 THz   0.2253  0.0000 -0.0000  0.0000  0.2253 -0.0000 -0.6702  0.0000 -0.0000  0.0000 -0.6702  0.0000
    3  13.2403 THz   0.4247  0.0000  0.7543 -0.0000 -0.4247  0.0000  0.1096 -0.0000  0.2151 -0.0000 -0.1096 -0.0000
    4  14.0253 THz  -0.0707  0.0000  0.0741  0.0000  0.0707  0.0000  0.5756  0.0000 -0.5673 -0.0000 -0.5756 -0.0000
    5  17.1197 THz   0.1601  0.0000  0.1575  0.0000 -0.1601 -0.0000 -0.3822  0.0000 -0.7949  0.0000  0.3822 -0.0000


 Q=  0.000000 -0.119296  0.000000, q= -0.250000  0.000000 -0.250000

                       Mg X   0        Mg Y   0        Mg Z   0         O X   1         O Y   1         O Z   1     
                    --------------- --------------- --------------- --------------- --------------- ---------------
    0   6.7632 THz   0.0000  0.0000 -0.0000  0.0000 -0.8708 -0.0344  0.0000 -0.0000 -0.0000  0.0000 -0.4900 -0.0194
    1   6.7632 THz   0.8715  0.0000  0.0000  0.0000  0.0000  0.0000  0.4904  0.0000  0.0000 -0.0000  0.0000 -0.0000
    2  10.2159 THz   0.0000  0.0000  0.1425 -0.8680 -0.0000  0.0000  0.0000 -0.0000  0.0770 -0.4694  0.0000  0.0000
    3  13.1849 THz  -0.4904  0.0000  0.0000  0.0000  0.0000  0.0000  0.8715  0.0000  0.0000 -0.0000  0.0000 -0.0000
    4  13.1849 THz   0.0000  0.0000  0.0000  0.0000 -0.4779 -0.1097  0.0000 -0.0000  0.0000  0.0000  0.8494  0.1950
    5  18.1246 THz   0.0000  0.0000  0.0145 -0.4754  0.0000 -0.0000  0.0000  0.0000 -0.0269  0.8792 -0.0000  0.0000


 Q=  0.059648 -0.059648 -0.059648, q= -0.250000  0.000000  0.000000

                       Mg X   0        Mg Y   0        Mg Z   0         O X   1         O Y   1         O Z   1     
                    --------------- --------------- --------------- --------------- --------------- ---------------
    0   5.8538 THz   0.5477  0.0000 -0.1065  0.0199  0.6542 -0.0199  0.3246  0.0000 -0.0631  0.0118  0.3877 -0.0118
    1   5.8538 THz   0.4398  0.0000  0.6936 -0.0248 -0.2538  0.0248  0.2606  0.0000  0.4110 -0.0147 -0.1504  0.0147
    2  10.0518 THz  -0.4836  0.0000  0.4836  0.0000  0.4836  0.0000 -0.3153 -0.0000  0.3153  0.0000  0.3153 -0.0000
    3  12.1512 THz   0.0810  0.0000 -0.3044  0.0778  0.3854 -0.0778 -0.1367 -0.0000  0.5137 -0.1313 -0.6504  0.1313
    4  12.1512 THz  -0.4083  0.0000 -0.2726  0.0154 -0.1357 -0.0154  0.6890  0.0000  0.4600 -0.0261  0.2290  0.0261
    5  18.6040 THz  -0.3153  0.0000  0.3153  0.0000  0.3153  0.0000  0.4836  0.0000 -0.4836 -0.0000 -0.4836 -0.0000


 Q=  0.119296  0.000000 -0.119296, q= -0.250000  0.000000  0.250000

                       Mg X   0        Mg Y   0        Mg Z   0         O X   1         O Y   1         O Z   1     
                    --------------- --------------- --------------- --------------- --------------- ---------------
    0   8.1494 THz   0.6915  0.0000 -0.0000  0.0000  0.6915  0.0000  0.1477 -0.0000 -0.0000  0.0000  0.1477 -0.0000
    1   9.6600 THz  -0.0000  0.0000 -0.9508  0.0173 -0.0000 -0.0000 -0.0000  0.0000 -0.3092  0.0056  0.0000 -0.0000
    2  11.7570 THz   0.1477  0.0000  0.0000  0.0000  0.1477 -0.0000 -0.6915  0.0000  0.0000 -0.0000 -0.6915  0.0000
    3  12.6148 THz  -0.6312  0.0000  0.0000  0.0000  0.6312 -0.0000 -0.3187  0.0000  0.0000 -0.0000  0.3187  0.0000
    4  14.3725 THz  -0.0000  0.0000  0.3078 -0.0297  0.0000 -0.0000 -0.0000  0.0000 -0.9466  0.0912  0.0000 -0.0000
    5  17.7705 THz  -0.3187  0.0000 -0.0000  0.0000  0.3187  0.0000  0.6312 -0.0000 -0.0000 -0.0000 -0.6312  0.0000


 Q=  0.000000 -0.238592  0.119296, q= -0.250000  0.250000 -0.500000

                       Mg X   0        Mg Y   0        Mg Z   0         O X   1         O Y   1         O Z   1     
                    --------------- --------------- --------------- --------------- --------------- ---------------
    0  10.4227 THz   0.0000  0.0000  0.0000 -0.0000 -0.2640 -0.9645 -0.0000  0.0000 -0.0000  0.0000 -0.0000 -0.0000
    1  11.2694 THz   0.0000  0.0000 -0.9877 -0.0669  0.0000 -0.0000  0.0000 -0.0000  0.1410  0.0095  0.0000  0.0000
    2  11.2694 THz   0.9900  0.0000  0.0000  0.0000 -0.0000 -0.0000  0.1413 -0.0000 -0.0000 -0.0000  0.0000  0.0000
    3  13.8347 THz   0.0000  0.0000 -0.0000  0.0000  0.0000  0.0000 -0.0000 -0.0000  0.0000 -0.0000 -0.9830 -0.1837
    4  15.5800 THz   0.0000  0.0000  0.1413  0.0012 -0.0000 -0.0000  0.0000 -0.0000  0.9899  0.0084  0.0000  0.0000
    5  15.5800 THz   0.1413  0.0000 -0.0000 -0.0000  0.0000  0.0000 -0.9900  0.0000  0.0000  0.0000 -0.0000 -0.0000


 Q=  0.059648 -0.178944  0.059648, q= -0.250000  0.250000 -0.250000

                       Mg X   0        Mg Y   0        Mg Z   0         O X   1         O Y   1         O Z   1     
                    --------------- --------------- --------------- --------------- --------------- ---------------
    0   8.5209 THz  -0.6702  0.0000 -0.0000  0.0000  0.6702  0.0000 -0.2253 -0.0000 -0.0000 -0.0000  0.2253 -0.0000
    1   9.9056 THz  -0.5376  0.0000 -0.6330 -0.0000 -0.5376 -0.0000 -0.1029 -0.0000 -0.0078 -0.0000 -0.1029  0.0000
    2  12.9396 THz  -0.2253  0.0000 -0.0000  0.0000  0.2253 -0.0000  0.6702 -0.0000 -0.0000  0.0000 -0.6702  0.0000
    3  13.2403 THz  -0.4247  0.0000  0.7543 -0.0000 -0.4247  0.0000 -0.1096  0.0000  0.2151 -0.0000 -0.1096 -0.0000
    4  14.0253 THz   0.0707  0.0000  0.0741  0.0000  0.0707  0.0000 -0.5756 -0.0000 -0.5673 -0.0000 -0.5756 -0.0000
    5  17.1197 THz  -0.1601  0.0000  0.1575  0.0000 -0.1601 -0.0000  0.3822  0.0000 -0.7949 -0.0000  0.3822 -0.0000


 Q=  0.119296 -0.119296  0.000000, q= -0.250000  0.250000  0.000000

                       Mg X   0        Mg Y   0        Mg Z   0         O X   1         O Y   1         O Z   1     
                    --------------- --------------- --------------- --------------- --------------- ---------------
    0   8.1494 THz   0.6915  0.0000  0.6915 -0.0000 -0.0000 -0.0000  0.1477  0.0000  0.1477  0.0000 -0.0000 -0.0000
    1   9.6600 THz  -0.0000  0.0000 -0.0000  0.0000 -0.9496 -0.0520 -0.0000 -0.0000  0.0000  0.0000 -0.3087 -0.0169
    2  11.7570 THz   0.1477  0.0000  0.1477 -0.0000  0.0000  0.0000 -0.6915 -0.0000 -0.6915 -0.0000 -0.0000 -0.0000
    3  12.6148 THz   0.6312  0.0000 -0.6312  0.0000 -0.0000  0.0000  0.3187 -0.0000 -0.3187 -0.0000 -0.0000 -0.0000
    4  14.3725 THz  -0.0000  0.0000  0.0000  0.0000  0.2999  0.0752 -0.0000 -0.0000  0.0000  0.0000 -0.9224 -0.2313
    5  17.7705 THz   0.3187  0.0000 -0.3187 -0.0000  0.0000  0.0000 -0.6312 -0.0000  0.6312  0.0000 -0.0000 -0.0000


 Q=  0.178944 -0.059648 -0.059648, q= -0.250000  0.250000  0.250000

                       Mg X   0        Mg Y   0        Mg Z   0         O X   1         O Y   1         O Z   1     
                    --------------- --------------- --------------- --------------- --------------- ---------------
    0   8.5209 THz  -0.0000  0.0000 -0.6531 -0.1506  0.6531  0.1506  0.0000  0.0000 -0.2196 -0.0506  0.2196  0.0506
    1   9.9056 THz   0.6330  0.0000  0.5376 -0.0000  0.5376  0.0000  0.0078  0.0000  0.1029  0.0000  0.1029 -0.0000
    2  12.9396 THz   0.0000  0.0000 -0.1169  0.1926  0.1169 -0.1926 -0.0000  0.0000  0.3477 -0.5730 -0.3477  0.5730
    3  13.2403 THz   0.7543  0.0000 -0.4247 -0.0000 -0.4247  0.0000  0.2151  0.0000 -0.1096  0.0000 -0.1096 -0.0000
    4  14.0253 THz   0.0741  0.0000  0.0707  0.0000  0.0707  0.0000 -0.5673 -0.0000 -0.5756 -0.0000 -0.5756 -0.0000
    5  17.1197 THz  -0.1575  0.0000  0.1601  0.0000  0.1601  0.0000  0.7949  0.0000 -0.3822 -0.0000 -0.3822 -0.0000


 Q= -0.238592  0.000000  0.000000, q=  0.000000 -0.500000 -0.500000

                       Mg X   0        Mg Y   0        Mg Z   0         O X   1         O Y   1         O Z   1     
                    --------------- --------------- --------------- --------------- --------------- ---------------
    0   8.8030 THz  -0.0000  0.0000  0.8796  0.0000 -0.2952  0.0000 -0.0000 -0.0000  0.3535  0.0000 -0.1187  0.0000
    1   8.8030 THz   0.0000  0.0000  0.2952  0.0000  0.8796  0.0000 -0.0000 -0.0000  0.1187  0.0000  0.3535  0.0000
    2  12.6942 THz   0.9998  0.0000  0.0000 -0.0000 -0.0000  0.0000  0.0221 -0.0000  0.0000  0.0000 -0.0000  0.0000
    3  14.0157 THz  -0.0000  0.0000 -0.0408 -0.0000  0.3707  0.0000  0.0000  0.0000  0.1016  0.0000 -0.9223 -0.0000
    4  14.0157 THz  -0.0000  0.0000 -0.3707 -0.0000 -0.0408  0.0000  0.0000  0.0000  0.9223  0.0000  0.1016 -0.0000
    5  17.0090 THz  -0.0221  0.0000  0.0000 -0.0000  0.0000  0.0000  0.9998 -0.0000 -0.0000  0.0000 -0.0000 -0.0000


 Q= -0.178944  0.059648 -0.059648, q=  0.000000 -0.500000 -0.250000

                       Mg X   0        Mg Y   0        Mg Z   0         O X   1         O Y   1         O Z   1     
                    --------------- --------------- --------------- --------------- --------------- ---------------
    0   8.5209 THz  -0.0000  0.0000 -0.6637 -0.0933 -0.6637 -0.0933  0.0000  0.0000 -0.2232 -0.0314 -0.2232 -0.0314
    1   9.9056 THz   0.6330  0.0000  0.5376 -0.0000 -0.5376  0.0000  0.0078 -0.0000  0.1029 -0.0000 -0.1029 -0.0000
    2  12.9396 THz  -0.0000  0.0000  0.2246  0.0184  0.2246  0.0184  0.0000  0.0000 -0.6680 -0.0547 -0.6680 -0.0547
    3  13.2403 THz   0.7543  0.0000 -0.4247  0.0000  0.4247 -0.0000  0.2151 -0.0000 -0.1096 -0.0000  0.1096  0.0000
    4  14.0253 THz   0.0741  0.0000  0.0707 -0.0000 -0.0707  0.0000 -0.5673  0.0000 -0.5756  0.0000  0.5756 -0.0000
    5  17.1197 THz   0.1575  0.0000 -0.1601  0.0000  0.1601 -0.0000 -0.7949  0.0000  0.3822 -0.0000 -0.3822  0.0000


 Q= -0.119296  0.119296 -0.119296, q=  0.000000 -0.500000  0.000000

                       Mg X   0        Mg Y   0        Mg Z   0         O X   1         O Y   1         O Z   1     
                    --------------- --------------- --------------- --------------- --------------- ---------------
    0   8.3899 THz   0.0000  0.0000 -0.7071 -0.0000 -0.7071 -0.0000  0.0000  0.0000  0.0000  0.0000  0.0000 -0.0000
    1   8.3899 THz   0.8165  0.0000  0.4082  0.0000 -0.4082  0.0000  0.0000 -0.0000 -0.0000  0.0000  0.0000 -0.0000
    2  11.5479 THz   0.0000  0.0000 -0.0000 -0.0000 -0.0000 -0.0000  0.1991  0.1982 -0.3076 -0.4253 -0.5067 -0.6235
    3  11.5479 THz   0.0000  0.0000  0.0000  0.0000  0.0000  0.0000 -0.6020  0.4747 -0.5097  0.3625  0.0923 -0.1122
    4  16.0931 THz   0.5774  0.0000 -0.5774 -0.0000  0.5774 -0.0000 -0.0000  0.0000  0.0000 -0.0000 -0.0000  0.0000
    5  17.6592 THz   0.0000  0.0000  0.0000 -0.0000  0.0000  0.0000  0.5685 -0.1010 -0.5685  0.1010  0.5685 -0.1010


 Q= -0.059648  0.178944 -0.178944, q=  0.000000 -0.500000  0.250000

                       Mg X   0        Mg Y   0        Mg Z   0         O X   1         O Y   1         O Z   1     
                    --------------- --------------- --------------- --------------- --------------- ---------------
    0   8.5209 THz  -0.0000  0.0000  0.6700  0.0172  0.6700  0.0172  0.0000 -0.0000 -0.2253 -0.0058 -0.2253 -0.0058
    1   9.9056 THz   0.6330  0.0000  0.5376 -0.0000 -0.5376  0.0000 -0.0078 -0.0000 -0.1029 -0.0000  0.1029 -0.0000
    2  12.9396 THz  -0.0000  0.0000 -0.1808 -0.1346 -0.1808 -0.1346  0.0000  0.0000 -0.5376 -0.4002 -0.5376 -0.4002
    3  13.2403 THz   0.7543  0.0000 -0.4247 -0.0000  0.4247 -0.0000 -0.2151 -0.0000  0.1096 -0.0000 -0.1096  0.0000
    4  14.0253 THz  -0.0741  0.0000 -0.0707 -0.0000  0.0707  0.0000 -0.5673 -0.0000 -0.5756 -0.0000  0.5756  0.0000
    5  17.1197 THz   0.1575  0.0000 -0.1601 -0.0000  0.1601  0.0000  0.7949  0.0000 -0.3822 -0.0000  0.3822  0.0000


 Q= -0.178944 -0.059648  0.059648, q=  0.000000 -0.250000 -0.500000

                       Mg X   0        Mg Y   0        Mg Z   0         O X   1         O Y   1         O Z   1     
                    --------------- --------------- --------------- --------------- --------------- ---------------
    0   8.5209 THz   0.0000  0.0000 -0.6702  0.0024 -0.6702  0.0024  0.0000 -0.0000 -0.2253  0.0008 -0.2253  0.0008
    1   9.9056 THz  -0.6330  0.0000  0.5376  0.0000 -0.5376  0.0000 -0.0078  0.0000  0.1029 -0.0000 -0.1029 -0.0000
    2  12.9396 THz   0.0000  0.0000  0.2224  0.0364  0.2224  0.0364  0.0000 -0.0000 -0.6615 -0.1081 -0.6615 -0.1081
    3  13.2403 THz   0.7543  0.0000  0.4247 -0.0000 -0.4247 -0.0000  0.2151  0.0000  0.1096  0.0000 -0.1096  0.0000
    4  14.0253 THz   0.0741  0.0000 -0.0707 -0.0000  0.0707  0.0000 -0.5673 -0.0000  0.5756  0.0000 -0.5756 -0.0000
    5  17.1197 THz  -0.1575  0.0000 -0.1601 -0.0000  0.1601  0.0000  0.7949 -0.0000  0.3822 -0.0000 -0.3822  0.0000


 Q= -0.119296  0.000000  0.000000, q=  0.000000 -0.250000 -0.250000

                       Mg X   0        Mg Y   0        Mg Z   0         O X   1         O Y   1         O Z   1     
                    --------------- --------------- --------------- --------------- --------------- ---------------
    0   6.7632 THz   0.0000  0.0000 -0.1274  0.0847 -0.2596  0.8178  0.0000  0.0000 -0.0717  0.0477 -0.1461  0.4601
    1   6.7632 THz   0.0000  0.0000 -0.8555 -0.0658  0.1263 -0.0864 -0.0000 -0.0000 -0.4813 -0.0370  0.0710 -0.0486
    2  10.2159 THz   0.8796  0.0000  0.0000 -0.0000  0.0000 -0.0000  0.4757 -0.0000  0.0000  0.0000 -0.0000  0.0000
    3  13.1849 THz  -0.0000 -0.0000  0.3089  0.0354 -0.3579  0.1251  0.0000  0.0000 -0.5491 -0.0630  0.6361 -0.2224
    4  13.1849 THz   0.0000  0.0000 -0.3449  0.1574 -0.1985  0.2394  0.0000  0.0000  0.6130 -0.2798  0.3527 -0.4255
    5  18.1246 THz  -0.4757  0.0000  0.0000 -0.0000  0.0000 -0.0000  0.8796 -0.0000  0.0000  0.0000 -0.0000  0.0000


 Q= -0.059648  0.059648 -0.059648, q=  0.000000 -0.250000  0.000000

                       Mg X   0        Mg Y   0        Mg Z   0         O X   1         O Y   1         O Z   1     
                    --------------- --------------- --------------- --------------- --------------- ---------------
    0   5.8538 THz   0.5521  0.0000  0.6493  0.0462  0.0972  0.0462  0.3272 -0.0000  0.3847  0.0274  0.0576  0.0274
    1   5.8538 THz  -0.4342 -0.0000  0.2574  0.0588  0.6916  0.0588 -0.2573  0.0000  0.1525  0.0348  0.4099  0.0348
    2  10.0518 THz  -0.4836  0.0000  0.4836  0.0000 -0.4836  0.0000 -0.3153  0.0000  0.3153  0.0000 -0.3153 -0.0000
    3  12.1512 THz  -0.1548  0.0000  0.2572 -0.0060  0.4120 -0.0060  0.2612 -0.0000 -0.4340  0.0101 -0.6952  0.0101
    4  12.1512 THz   0.3864  0.0000  0.3272 -0.0024 -0.0592 -0.0024 -0.6521  0.0000 -0.5522  0.0040  0.0999  0.0040
    5  18.6040 THz  -0.3153  0.0000  0.3153 -0.0000 -0.3153  0.0000  0.4836 -0.0000 -0.4836  0.0000  0.4836  0.0000


 Q=  0.000000  0.119296 -0.119296, q=  0.000000 -0.250000  0.250000

                       Mg X   0        Mg Y   0        Mg Z   0         O X   1         O Y   1         O Z   1     
                    --------------- --------------- --------------- --------------- --------------- ---------------
    0   8.1494 THz   0.0000  0.0000 -0.6896  0.0518 -0.6896  0.0518  0.0000 -0.0000 -0.1473  0.0111 -0.1473  0.0111
    1   9.6600 THz   0.9510  0.0000  0.0000 -0.0000  0.0000  0.0000  0.3092  0.0000  0.0000 -0.0000 -0.0000  0.0000
    2  11.7570 THz   0.0000  0.0000  0.1477 -0.0012  0.1477 -0.0012 -0.0000 -0.0000 -0.6915  0.0054 -0.6915  0.0054
    3  12.6148 THz   0.0000  0.0000 -0.6287  0.0562  0.6287 -0.0562  0.0000  0.0000 -0.3174  0.0284  0.3174 -0.0284
    4  14.3725 THz   0.3092  0.0000  0.0000  0.0000 -0.0000 -0.0000 -0.9510 -0.0000 -0.0000  0.0000  0.0000 -0.0000
    5  17.7705 THz   0.0000  0.0000 -0.3165 -0.0378  0.3165  0.0378  0.0000  0.0000  0.6268  0.0749 -0.6268 -0.0749


 Q= -0.119296 -0.119296  0.119296, q=  0.000000  0.000000 -0.500000

                       Mg X   0        Mg Y   0        Mg Z   0         O X   1         O Y   1         O Z   1     
                    --------------- --------------- --------------- --------------- --------------- ---------------
    0   8.3899 THz   0.0000  0.0000 -0.7071  0.0000 -0.7071  0.0000  0.0000 -0.0000 -0.0000  0.0000 -0.0000  0.0000
    1   8.3899 THz   0.8165  0.0000 -0.4082  0.0000  0.4082  0.0000  0.0000 -0.0000  0.0000 -0.0000 -0.0000 -0.0000
    2  11.5479 THz   0.0000  0.0000  0.0000  0.0000  0.0000  0.0000 -0.1628 -0.6488 -0.2657  0.1149 -0.4285 -0.5340
    3  11.5479 THz   0.0000  0.0000 -0.0000  0.0000 -0.0000  0.0000 -0.3298  0.3322  0.1649 -0.7454 -0.1649 -0.4132
    4  16.0931 THz  -0.5774  0.0000 -0.5774  0.0000  0.5774  0.0000  0.0000 -0.0000  0.0000 -0.0000 -0.0000 -0.0000
    5  17.6592 THz   0.0000  0.0000  0.0000  0.0000  0.0000 -0.0000 -0.5544  0.1611 -0.5544  0.1611  0.5544 -0.1611


 Q= -0.059648 -0.059648  0.059648, q=  0.000000  0.000000 -0.250000

                       Mg X   0        Mg Y   0        Mg Z   0         O X   1         O Y   1         O Z   1     
                    --------------- --------------- --------------- --------------- --------------- ---------------
    0   5.8538 THz   0.2421  0.0000  0.4499  0.0091  0.6920  0.0091  0.1435  0.0000  0.2666  0.0054  0.4101  0.0054
    1   5.8538 THz  -0.6594  0.0000  0.5393  0.0033 -0.1201  0.0033 -0.3907 -0.0000  0.3196  0.0020 -0.0711  0.0020
    2  10.0518 THz  -0.4836  0.0000 -0.4836 -0.0000  0.4836  0.0000 -0.3153 -0.0000 -0.3153  0.0000  0.3153  0.0000
    3  12.1512 THz  -0.0664  0.0000  0.3880 -0.0275  0.3216 -0.0275  0.1121  0.0000 -0.6548  0.0465 -0.5427  0.0465
    4  12.1512 THz   0.4109  0.0000 -0.1481 -0.0045  0.2628 -0.0045 -0.6934 -0.0000  0.2499  0.0075 -0.4435  0.0075
    5  18.6040 THz  -0.3153  0.0000 -0.3153 -0.0000  0.3153  0.0000  0.4836  0.0000  0.4836 -0.0000 -0.4836  0.0000


 Q=  0.000000  0.000000  0.000000, q=  0.000000  0.000000  0.000000

                       Mg X   0        Mg Y   0        Mg Z   0         O X   1         O Y   1         O Z   1     
                    --------------- --------------- --------------- --------------- --------------- ---------------
    0   0.0000 THz   0.0000  0.0000  0.0164  0.0000 -0.7764  0.0000 -0.0000  0.0000  0.0133  0.0000 -0.6299  0.0000
    1   0.0000 THz   0.7766  0.0000  0.0000  0.0000 -0.0000  0.0000  0.6301  0.0000 -0.0000  0.0000 -0.0000  0.0000
    2   0.0000 THz   0.0000  0.0000  0.7764  0.0000  0.0164  0.0000 -0.0000  0.0000  0.6299  0.0000  0.0133  0.0000
    3  12.2830 THz   0.0000  0.0000 -0.4786  0.0000 -0.4097  0.0000  0.0000  0.0000  0.5899  0.0000  0.5050  0.0000
    4  12.2830 THz   0.0000  0.0000 -0.4097  0.0000  0.4786  0.0000 -0.0000  0.0000  0.5050  0.0000 -0.5899  0.0000
    5  12.2830 THz   0.6301  0.0000  0.0000  0.0000  0.0000  0.0000 -0.7766  0.0000  0.0000  0.0000  0.0000  0.0000


 Q=  0.059648  0.059648 -0.059648, q=  0.000000  0.000000  0.250000

                       Mg X   0        Mg Y   0        Mg Z   0         O X   1         O Y   1         O Z   1     
                    --------------- --------------- --------------- --------------- --------------- ---------------
    0   5.8538 THz   0.2421  0.0000  0.4499 -0.0091  0.6920 -0.0091  0.1435 -0.0000  0.2666 -0.0054  0.4101 -0.0054
    1   5.8538 THz  -0.6594  0.0000  0.5393 -0.0033 -0.1201 -0.0033 -0.3907  0.0000  0.3196 -0.0020 -0.0711 -0.0020
    2  10.0518 THz  -0.4836  0.0000 -0.4836  0.0000  0.4836 -0.0000 -0.3153  0.0000 -0.3153 -0.0000  0.3153 -0.0000
    3  12.1512 THz  -0.0664  0.0000  0.3880  0.0275  0.3216  0.0275  0.1121 -0.0000 -0.6548 -0.0465 -0.5427 -0.0465
    4  12.1512 THz   0.4109  0.0000 -0.1481  0.0045  0.2628  0.0045 -0.6934  0.0000  0.2499 -0.0075 -0.4435 -0.0075
    5  18.6040 THz  -0.3153  0.0000 -0.3153  0.0000  0.3153 -0.0000  0.4836 -0.0000  0.4836  0.0000 -0.4836 -0.0000


 Q= -0.059648 -0.178944  0.178944, q=  0.000000  0.250000 -0.500000

                       Mg X   0        Mg Y   0        Mg Z   0         O X   1         O Y   1         O Z   1     
                    --------------- --------------- --------------- --------------- --------------- ---------------
    0   8.5209 THz  -0.0000  0.0000  0.6310  0.2258  0.6310  0.2258  0.0000  0.0000 -0.2122 -0.0759 -0.2122 -0.0759
    1   9.9056 THz  -0.6330  0.0000  0.5376 -0.0000 -0.5376 -0.0000  0.0078  0.0000 -0.1029 -0.0000  0.1029  0.0000
    2  12.9396 THz  -0.0000  0.0000 -0.1809  0.1344 -0.1809  0.1344 -0.0000  0.0000 -0.5380  0.3997 -0.5380  0.3997
    3  13.2403 THz   0.7543  0.0000  0.4247  0.0000 -0.4247  0.0000 -0.2151  0.0000 -0.1096  0.0000  0.1096  0.0000
    4  14.0253 THz  -0.0741  0.0000  0.0707 -0.0000 -0.0707  0.0000 -0.5673  0.0000  0.5756 -0.0000 -0.5756  0.0000
    5  17.1197 THz  -0.1575  0.0000 -0.1601  0.0000  0.1601 -0.0000 -0.7949 -0.0000 -0.3822 -0.0000  0.3822  0.0000


 Q=  0.000000 -0.119296  0.119296, q=  0.000000  0.250000 -0.250000

                       Mg X   0        Mg Y   0        Mg Z   0         O X   1         O Y   1         O Z   1     
                    --------------- --------------- --------------- --------------- --------------- ---------------
    0   8.1494 THz   0.0000  0.0000 -0.6896 -0.0518 -0.6896 -0.0518  0.0000  0.0000 -0.1473 -0.0111 -0.1473 -0.0111
    1   9.6600 THz   0.9510  0.0000  0.0000  0.0000  0.0000 -0.0000  0.3092 -0.0000  0.0000  0.0000 -0.0000 -0.0000
    2  11.7570 THz   0.0000  0.0000  0.1477  0.0012  0.1477  0.0012 -0.0000  0.0000 -0.6915 -0.0054 -0.6915 -0.0054
    3  12.6148 THz   0.0000  0.0000 -0.6287 -0.0562  0.6287  0.0562  0.0000 -0.0000 -0.3174 -0.0284  0.3174  0.0284
    4  14.3725 THz   0.3092  0.0000  0.0000 -0.0000 -0.0000  0.0000 -0.9510  0.0000 -0.0000 -0.0000  0.0000  0.0000
    5  17.7705 THz   0.0000  0.0000 -0.3165  0.0378  0.3165 -0.0378  0.0000 -0.0000  0.6268 -0.0749 -0.6268  0.0749


 Q=  0.059648 -0.059648  0.059648, q=  0.000000  0.250000  0.000000

                       Mg X   0        Mg Y   0        Mg Z   0         O X   1         O Y   1         O Z   1     
                    --------------- --------------- --------------- --------------- --------------- ---------------
    0   5.8538 THz   0.5521  0.0000  0.6493 -0.0462  0.0972 -0.0462  0.3272  0.0000  0.3847 -0.0274  0.0576 -0.0274
    1   5.8538 THz  -0.4342 -0.0000  0.2574 -0.0588  0.6916 -0.0588 -0.2573 -0.0000  0.1525 -0.0348  0.4099 -0.0348
    2  10.0518 THz  -0.4836  0.0000  0.4836 -0.0000 -0.4836 -0.0000 -0.3153 -0.0000  0.3153 -0.0000 -0.3153  0.0000
    3  12.1512 THz  -0.1548  0.0000  0.2572  0.0060  0.4120  0.0060  0.2612  0.0000 -0.4340 -0.0101 -0.6952 -0.0101
    4  12.1512 THz   0.3864  0.0000  0.3272  0.0024 -0.0592  0.0024 -0.6521 -0.0000 -0.5522 -0.0040  0.0999 -0.0040
    5  18.6040 THz  -0.3153  0.0000  0.3153  0.0000 -0.3153 -0.0000  0.4836  0.0000 -0.4836 -0.0000  0.4836 -0.0000


 Q=  0.119296  0.000000  0.000000, q=  0.000000  0.250000  0.250000

                       Mg X   0        Mg Y   0        Mg Z   0         O X   1         O Y   1         O Z   1     
                    --------------- --------------- --------------- --------------- --------------- ---------------
    0   6.7632 THz   0.0000  0.0000 -0.1274 -0.0847 -0.2596 -0.8178  0.0000 -0.0000 -0.0717 -0.0477 -0.1461 -0.4601
    1   6.7632 THz   0.0000  0.0000 -0.8555  0.0658  0.1263  0.0864 -0.0000  0.0000 -0.4813  0.0370  0.0710  0.0486
    2  10.2159 THz   0.8796  0.0000  0.0000  0.0000  0.0000  0.0000  0.4757  0.0000  0.0000 -0.0000 -0.0000 -0.0000
    3  13.1849 THz  -0.0000 -0.0000  0.3089 -0.0354 -0.3579 -0.1251  0.0000 -0.0000 -0.5491  0.0630  0.6361  0.2224
    4  13.1849 THz   0.0000  0.0000 -0.3449 -0.1574 -0.1985 -0.2394  0.0000 -0.0000  0.6130  0.2798  0.3527  0.4255
    5  18.1246 THz  -0.4757  0.0000  0.0000  0.0000  0.0000  0.0000  0.8796  0.0000  0.0000 -0.0000 -0.0000 -0.0000


 Q= -0.298240  0.059648  0.059648, q=  0.250000 -0.500000 -0.500000

                       Mg X   0        Mg Y   0        Mg Z   0         O X   1         O Y   1         O Z   1     
                    --------------- --------------- --------------- --------------- --------------- ---------------
    0   8.5209 THz  -0.0000  0.0000 -0.5874 -0.3227  0.5874  0.3227 -0.0000 -0.0000 -0.1975 -0.1085  0.1975  0.1085
    1   9.9056 THz  -0.6330  0.0000  0.5376  0.0000  0.5376 -0.0000 -0.0078  0.0000  0.1029 -0.0000  0.1029  0.0000
    2  12.9396 THz  -0.0000  0.0000 -0.2085 -0.0855  0.2085  0.0855  0.0000  0.0000  0.6201  0.2543 -0.6201 -0.2543
    3  13.2403 THz   0.7543  0.0000  0.4247 -0.0000  0.4247  0.0000  0.2151 -0.0000  0.1096  0.0000  0.1096 -0.0000
    4  14.0253 THz   0.0741  0.0000 -0.0707  0.0000 -0.0707  0.0000 -0.5673  0.0000  0.5756 -0.0000  0.5756 -0.0000
    5  17.1197 THz   0.1575  0.0000  0.1601 -0.0000  0.1601 -0.0000 -0.7949  0.0000 -0.3822  0.0000 -0.3822  0.0000


 Q= -0.238592  0.119296  0.000000, q=  0.250000 -0.500000 -0.250000

                       Mg X   0        Mg Y   0        Mg Z   0         O X   1         O Y   1         O Z   1     
                    --------------- --------------- --------------- --------------- --------------- ---------------
    0  10.4227 THz   0.0000  0.0000 -0.9869 -0.1610  0.0000 -0.0000 -0.0000 -0.0000  0.0000 -0.0000  0.0000 -0.0000
    1  11.2694 THz   0.0000  0.0000 -0.0000  0.0000 -0.7924  0.5935 -0.0000  0.0000  0.0000 -0.0000 -0.1131  0.0847
    2  11.2694 THz   0.9900  0.0000  0.0000  0.0000  0.0000 -0.0000 -0.1413 -0.0000 -0.0000 -0.0000 -0.0000  0.0000
    3  13.8347 THz   0.0000  0.0000  0.0000  0.0000 -0.0000  0.0000 -0.0000  0.0000  0.9995 -0.0311  0.0000  0.0000
    4  15.5800 THz  -0.0000 -0.0000 -0.0000 -0.0000 -0.1403 -0.0171 -0.0000 -0.0000 -0.0000 -0.0000  0.9827  0.1196
    5  15.5800 THz   0.1413  0.0000 -0.0000 -0.0000 -0.0000  0.0000  0.9900  0.0000  0.0000  0.0000  0.0000 -0.0000


 Q= -0.178944  0.178944 -0.059648, q=  0.250000 -0.500000  0.000000

                       Mg X   0        Mg Y   0        Mg Z   0         O X   1         O Y   1         O Z   1     
                    --------------- --------------- --------------- --------------- --------------- ---------------
    0   8.5209 THz  -0.6702  0.0000 -0.6702 -0.0000 -0.0000 -0.0000  0.2253  0.0000  0.2253  0.0000  0.0000  0.0000
    1   9.9056 THz  -0.5376  0.0000  0.5376  0.0000  0.6330  0.0000  0.1029  0.0000 -0.1029 -0.0000 -0.0078 -0.0000
    2  12.9396 THz  -0.2253  0.0000 -0.2253  0.0000  0.0000 -0.0000 -0.6702  0.0000 -0.6702  0.0000  0.0000  0.0000
    3  13.2403 THz  -0.4247  0.0000  0.4247 -0.0000 -0.7543  0.0000  0.1096 -0.0000 -0.1096 -0.0000  0.2151 -0.0000
    4  14.0253 THz   0.0707  0.0000 -0.0707 -0.0000 -0.0741 -0.0000  0.5756  0.0000 -0.5756 -0.0000 -0.5673 -0.0000
    5  17.1197 THz   0.1601  0.0000 -0.1601 -0.0000  0.1575  0.0000  0.3822  0.0000 -0.3822 -0.0000  0.7949  0.0000


 Q= -0.119296  0.238592 -0.119296, q=  0.250000 -0.500000  0.250000

                       Mg X   0        Mg Y   0        Mg Z   0         O X   1         O Y   1         O Z   1     
                    --------------- --------------- --------------- --------------- --------------- ---------------
    0   8.1494 THz   0.6915  0.0000  0.0000  0.0000 -0.6915 -0.0000 -0.1477  0.0000 -0.0000 -0.0000  0.1477  0.0000
    1   9.6600 THz  -0.0000  0.0000  0.9505  0.0301  0.0000  0.0000 -0.0000 -0.0000 -0.3090 -0.0098  0.0000 -0.0000
    2  11.7570 THz  -0.1477  0.0000 -0.0000 -0.0000  0.1477  0.0000 -0.6915 -0.0000 -0.0000 -0.0000  0.6915  0.0000
    3  12.6148 THz   0.6312  0.0000 -0.0000 -0.0000  0.6312  0.0000 -0.3187 -0.0000  0.0000 -0.0000 -0.3187  0.0000
    4  14.3725 THz  -0.0000  0.0000 -0.2211 -0.2162  0.0000  0.0000 -0.0000 -0.0000 -0.6799 -0.6649 -0.0000 -0.0000
    5  17.7705 THz   0.3187  0.0000 -0.0000 -0.0000  0.3187 -0.0000  0.6312 -0.0000 -0.0000 -0.0000  0.6312 -0.0000


 Q= -0.238592  0.000000  0.119296, q=  0.250000 -0.250000 -0.500000

                       Mg X   0        Mg Y   0        Mg Z   0         O X   1         O Y   1         O Z   1     
                    --------------- --------------- --------------- --------------- --------------- ---------------
    0  10.4227 THz   0.0000  0.0000  0.0000 -0.0000 -0.9551 -0.2962 -0.0000  0.0000  0.0000 -0.0000 -0.0000  0.0000
    1  11.2694 THz   0.0000  0.0000 -0.9868  0.0790 -0.0000 -0.0000 -0.0000 -0.0000 -0.1409  0.0113  0.0000 -0.0000
    2  11.2694 THz   0.9900  0.0000  0.0000 -0.0000  0.0000  0.0000 -0.1413 -0.0000  0.0000 -0.0000 -0.0000  0.0000
    3  13.8347 THz   0.0000  0.0000 -0.0000  0.0000  0.0000  0.0000  0.0000  0.0000 -0.0000  0.0000 -0.9951  0.0985
    4  15.5800 THz   0.1413  0.0000 -0.0000  0.0000 -0.0000 -0.0000  0.9900  0.0000 -0.0000  0.0000  0.0000 -0.0000
    5  15.5800 THz   0.0000  0.0000 -0.1412 -0.0052 -0.0000 -0.0000 -0.0000  0.0000  0.9893  0.0362 -0.0000 -0.0000


 Q= -0.178944  0.059648  0.059648, q=  0.250000 -0.250000 -0.250000

                       Mg X   0        Mg Y   0        Mg Z   0         O X   1         O Y   1         O Z   1     
                    --------------- --------------- --------------- --------------- --------------- ---------------
    0   8.5209 THz  -0.0000  0.0000 -0.6531  0.1506  0.6531 -0.1506  0.0000 -0.0000 -0.2196  0.0506  0.2196 -0.0506
    1   9.9056 THz   0.6330  0.0000  0.5376  0.0000  0.5376 -0.0000  0.0078 -0.0000  0.1029 -0.0000  0.1029  0.0000
    2  12.9396 THz   0.0000  0.0000 -0.1169 -0.1926  0.1169  0.1926 -0.0000 -0.0000  0.3477  0.5730 -0.3477 -0.5730
    3  13.2403 THz   0.7543  0.0000 -0.4247  0.0000 -0.4247 -0.0000  0.2151 -0.0000 -0.1096 -0.0000 -0.1096  0.0000
    4  14.0253 THz   0.0741  0.0000  0.0707 -0.0000  0.0707 -0.0000 -0.5673  0.0000 -0.5756  0.0000 -0.5756  0.0000
    5  17.1197 THz  -0.1575  0.0000  0.1601 -0.0000  0.1601 -0.0000  0.7949 -0.0000 -0.3822  0.0000 -0.3822  0.0000


 Q= -0.119296  0.119296  0.000000, q=  0.250000 -0.250000  0.000000

                       Mg X   0        Mg Y   0        Mg Z   0         O X   1         O Y   1         O Z   1     
                    --------------- --------------- --------------- --------------- --------------- ---------------
    0   8.1494 THz   0.6915  0.0000  0.6915  0.0000 -0.0000  0.0000  0.1477 -0.0000  0.1477 -0.0000 -0.0000  0.0000
    1   9.6600 THz  -0.0000  0.0000 -0.0000 -0.0000 -0.9496  0.0520 -0.0000  0.0000  0.0000 -0.0000 -0.3087  0.0169
    2  11.7570 THz   0.1477  0.0000  0.1477  0.0000  0.0000 -0.0000 -0.6915  0.0000 -0.6915  0.0000 -0.0000  0.0000
    3  12.6148 THz   0.6312  0.0000 -0.6312 -0.0000 -0.0000 -0.0000  0.3187  0.0000 -0.3187  0.0000 -0.0000  0.0000
    4  14.3725 THz  -0.0000  0.0000  0.0000 -0.0000  0.2999 -0.0752 -0.0000  0.0000  0.0000 -0.0000 -0.9224  0.2313
    5  17.7705 THz   0.3187  0.0000 -0.3187  0.0000  0.0000 -0.0000 -0.6312  0.0000  0.6312 -0.0000 -0.0000  0.0000


 Q= -0.059648  0.178944 -0.059648, q=  0.250000 -0.250000  0.250000

                       Mg X   0        Mg Y   0        Mg Z   0         O X   1         O Y   1         O Z   1     
                    --------------- --------------- --------------- --------------- --------------- ---------------
    0   8.5209 THz  -0.6702  0.0000 -0.0000 -0.0000  0.6702 -0.0000 -0.2253  0.0000 -0.0000  0.0000  0.2253  0.0000
    1   9.9056 THz  -0.5376  0.0000 -0.6330  0.0000 -0.5376  0.0000 -0.1029  0.0000 -0.0078  0.0000 -0.1029 -0.0000
    2  12.9396 THz  -0.2253  0.0000 -0.0000 -0.0000  0.2253  0.0000  0.6702  0.0000 -0.0000 -0.0000 -0.6702 -0.0000
    3  13.2403 THz  -0.4247  0.0000  0.7543  0.0000 -0.4247 -0.0000 -0.1096 -0.0000  0.2151  0.0000 -0.1096  0.0000
    4  14.0253 THz   0.0707  0.0000  0.0741 -0.0000  0.0707 -0.0000 -0.5756  0.0000 -0.5673  0.0000 -0.5756  0.0000
    5  17.1197 THz  -0.1601  0.0000  0.1575 -0.0000 -0.1601  0.0000  0.3822 -0.0000 -0.7949  0.0000  0.3822  0.0000


 Q= -0.178944 -0.059648  0.178944, q=  0.250000  0.000000 -0.500000

                       Mg X   0        Mg Y   0        Mg Z   0         O X   1         O Y   1         O Z   1     
                    --------------- --------------- --------------- --------------- --------------- ---------------
    0   8.5209 THz  -0.6702  0.0000 -0.0000  0.0000 -0.6702  0.0000  0.2253 -0.0000  0.0000  0.0000  0.2253  0.0000
    1   9.9056 THz   0.5376  0.0000 -0.6330  0.0000 -0.5376  0.0000 -0.1029 -0.0000  0.0078  0.0000  0.1029  0.0000
    2  12.9396 THz  -0.2253  0.0000 -0.0000  0.0000 -0.2253 -0.0000 -0.6702 -0.0000 -0.0000 -0.0000 -0.6702 -0.0000
    3  13.2403 THz  -0.4247  0.0000 -0.7543 -0.0000  0.4247  0.0000  0.1096  0.0000  0.2151  0.0000 -0.1096  0.0000
    4  14.0253 THz  -0.0707  0.0000  0.0741 -0.0000  0.0707 -0.0000 -0.5756  0.0000  0.5673 -0.0000  0.5756 -0.0000
    5  17.1197 THz   0.1601  0.0000  0.1575 -0.0000 -0.1601  0.0000  0.3822  0.0000  0.7949  0.0000 -0.3822 -0.0000


 Q= -0.119296  0.000000  0.119296, q=  0.250000  0.000000 -0.250000

                       Mg X   0        Mg Y   0        Mg Z   0         O X   1         O Y   1         O Z   1     
                    --------------- --------------- --------------- --------------- --------------- ---------------
    0   8.1494 THz   0.6915  0.0000 -0.0000 -0.0000  0.6915 -0.0000  0.1477  0.0000 -0.0000 -0.0000  0.1477  0.0000
    1   9.6600 THz  -0.0000  0.0000 -0.9508 -0.0173 -0.0000  0.0000 -0.0000 -0.0000 -0.3092 -0.0056  0.0000  0.0000
    2  11.7570 THz   0.1477  0.0000  0.0000 -0.0000  0.1477  0.0000 -0.6915 -0.0000  0.0000  0.0000 -0.6915 -0.0000
    3  12.6148 THz  -0.6312  0.0000  0.0000 -0.0000  0.6312  0.0000 -0.3187 -0.0000  0.0000  0.0000  0.3187 -0.0000
    4  14.3725 THz  -0.0000  0.0000  0.3078  0.0297  0.0000  0.0000 -0.0000 -0.0000 -0.9466 -0.0912  0.0000  0.0000
    5  17.7705 THz  -0.3187  0.0000 -0.0000 -0.0000  0.3187 -0.0000  0.6312  0.0000 -0.0000  0.0000 -0.6312 -0.0000


 Q= -0.059648  0.059648  0.059648, q=  0.250000  0.000000  0.000000

                       Mg X   0        Mg Y   0        Mg Z   0         O X   1         O Y   1         O Z   1     
                    --------------- --------------- --------------- --------------- --------------- ---------------
    0   5.8538 THz   0.5477  0.0000 -0.1065 -0.0199  0.6542  0.0199  0.3246 -0.0000 -0.0631 -0.0118  0.3877  0.0118
    1   5.8538 THz   0.4398  0.0000  0.6936  0.0248 -0.2538 -0.0248  0.2606 -0.0000  0.4110  0.0147 -0.1504 -0.0147
    2  10.0518 THz  -0.4836  0.0000  0.4836 -0.0000  0.4836 -0.0000 -0.3153  0.0000  0.3153 -0.0000  0.3153  0.0000
    3  12.1512 THz   0.0810  0.0000 -0.3044 -0.0778  0.3854  0.0778 -0.1367  0.0000  0.5137  0.1313 -0.6504 -0.1313
    4  12.1512 THz  -0.4083  0.0000 -0.2726 -0.0154 -0.1357  0.0154  0.6890 -0.0000  0.4600  0.0261  0.2290 -0.0261
    5  18.6040 THz  -0.3153  0.0000  0.3153 -0.0000  0.3153 -0.0000  0.4836 -0.0000 -0.4836  0.0000 -0.4836  0.0000


 Q=  0.000000  0.119296  0.000000, q=  0.250000  0.000000  0.250000

                       Mg X   0        Mg Y   0        Mg Z   0         O X   1         O Y   1         O Z   1     
                    --------------- --------------- --------------- --------------- --------------- ---------------
    0   6.7632 THz   0.0000  0.0000 -0.0000 -0.0000 -0.8708  0.0344  0.0000  0.0000 -0.0000 -0.0000 -0.4900  0.0194
    1   6.7632 THz   0.8715  0.0000  0.0000 -0.0000  0.0000 -0.0000  0.4904 -0.0000  0.0000  0.0000  0.0000  0.0000
    2  10.2159 THz   0.0000  0.0000  0.1425  0.8680 -0.0000 -0.0000  0.0000  0.0000  0.0770  0.4694  0.0000 -0.0000
    3  13.1849 THz  -0.4904  0.0000  0.0000 -0.0000  0.0000 -0.0000  0.8715 -0.0000  0.0000  0.0000  0.0000  0.0000
    4  13.1849 THz   0.0000  0.0000  0.0000 -0.0000 -0.4779  0.1097  0.0000  0.0000  0.0000 -0.0000  0.8494 -0.1950
    5  18.1246 THz   0.0000  0.0000  0.0145  0.4754  0.0000  0.0000  0.0000 -0.0000 -0.0269 -0.8792 -0.0000 -0.0000


 Q= -0.119296 -0.119296  0.238592, q=  0.250000  0.250000 -0.500000

                       Mg X   0        Mg Y   0        Mg Z   0         O X   1         O Y   1         O Z   1     
                    --------------- --------------- --------------- --------------- --------------- ---------------
    0   8.1494 THz   0.6915  0.0000 -0.6915 -0.0000 -0.0000  0.0000 -0.1477  0.0000  0.1477  0.0000  0.0000 -0.0000
    1   9.6600 THz   0.0000  0.0000 -0.0000 -0.0000  0.9510  0.0003 -0.0000  0.0000 -0.0000 -0.0000 -0.3092 -0.0001
    2  11.7570 THz  -0.1477  0.0000  0.1477  0.0000  0.0000 -0.0000 -0.6915 -0.0000  0.6915  0.0000 -0.0000 -0.0000
    3  12.6148 THz  -0.6312  0.0000 -0.6312 -0.0000  0.0000  0.0000  0.3187  0.0000  0.3187 -0.0000 -0.0000 -0.0000
    4  14.3725 THz   0.0000  0.0000  0.0000  0.0000 -0.3092  0.0038  0.0000 -0.0000 -0.0000  0.0000 -0.9509  0.0116
    5  17.7705 THz  -0.3187  0.0000 -0.3187  0.0000 -0.0000  0.0000 -0.6312  0.0000 -0.6312  0.0000  0.0000  0.0000


 Q= -0.059648 -0.059648  0.178944, q=  0.250000  0.250000 -0.250000

                       Mg X   0        Mg Y   0        Mg Z   0         O X   1         O Y   1         O Z   1     
                    --------------- --------------- --------------- --------------- --------------- ---------------
    0   8.5209 THz  -0.6702  0.0000  0.6702  0.0000  0.0000  0.0000 -0.2253  0.0000  0.2253 -0.0000 -0.0000 -0.0000
    1   9.9056 THz   0.5376  0.0000  0.5376  0.0000  0.6330  0.0000  0.1029 -0.0000  0.1029 -0.0000  0.0078 -0.0000
    2  12.9396 THz  -0.2253  0.0000  0.2253 -0.0000  0.0000  0.0000  0.6702 -0.0000 -0.6702  0.0000  0.0000 -0.0000
    3  13.2403 THz  -0.4247  0.0000 -0.4247  0.0000  0.7543 -0.0000 -0.1096  0.0000 -0.1096 -0.0000  0.2151  0.0000
    4  14.0253 THz  -0.0707  0.0000 -0.0707 -0.0000 -0.0741  0.0000  0.5756 -0.0000  0.5756 -0.0000  0.5673 -0.0000
    5  17.1197 THz  -0.1601  0.0000 -0.1601 -0.0000  0.1575 -0.0000  0.3822 -0.0000  0.3822 -0.0000 -0.7949  0.0000


 Q=  0.000000  0.000000  0.119296, q=  0.250000  0.250000  0.000000

                       Mg X   0        Mg Y   0        Mg Z   0         O X   1         O Y   1         O Z   1     
                    --------------- --------------- --------------- --------------- --------------- ---------------
    0   6.7632 THz   0.0000  0.0000 -0.0561 -0.8697  0.0000 -0.0000 -0.0000  0.0000 -0.0316 -0.4893  0.0000 -0.0000
    1   6.7632 THz   0.8715  0.0000  0.0000 -0.0000  0.0000  0.0000  0.4904 -0.0000 -0.0000  0.0000 -0.0000  0.0000
    2  10.2159 THz   0.0000  0.0000 -0.0000  0.0000  0.5720  0.6683 -0.0000  0.0000 -0.0000 -0.0000  0.3093  0.3614
    3  13.1849 THz   0.0000  0.0000  0.0311 -0.4894  0.0000  0.0000 -0.0000  0.0000 -0.0553  0.8698 -0.0000  0.0000
    4  13.1849 THz  -0.4904  0.0000  0.0000 -0.0000  0.0000  0.0000  0.8715 -0.0000 -0.0000  0.0000 -0.0000  0.0000
    5  18.1246 THz   0.0000  0.0000  0.0000  0.0000 -0.3983  0.2600  0.0000  0.0000 -0.0000  0.0000  0.7366 -0.4807


 Q=  0.059648  0.059648  0.059648, q=  0.250000  0.250000  0.250000

                       Mg X   0        Mg Y   0        Mg Z   0         O X   1         O Y   1         O Z   1     
                    --------------- --------------- --------------- --------------- --------------- ---------------
    0   5.8538 THz  -0.3894  0.0000  0.7010  0.0017 -0.3116 -0.0017 -0.2308  0.0000  0.4154  0.0010 -0.1846 -0.0010
    1   5.8538 THz  -0.5846  0.0000 -0.0450 -0.0011  0.6295  0.0011 -0.3464  0.0000 -0.0266 -0.0007  0.3731  0.0007
    2  10.0518 THz  -0.4836  0.0000 -0.4836 -0.0000 -0.4836 -0.0000 -0.3153  0.0000 -0.3153 -0.0000 -0.3153 -0.0000
    3  12.1512 THz  -0.1707  0.0000 -0.2433 -0.0090  0.4140  0.0090  0.2881 -0.0000  0.4105  0.0153 -0.6986 -0.0153
    4  12.1512 THz  -0.3796  0.0000  0.3376  0.0041  0.0420 -0.0041  0.6406 -0.0000 -0.5697 -0.0069 -0.0709  0.0069
    5  18.6040 THz  -0.3153  0.0000 -0.3153  0.0000 -0.3153  0.0000  0.4836 -0.0000  0.4836  0.0000  0.4836 -0.0000
