
Used Primitive lattice vector

    3.928950000000      0.000000000000      0.000000000000  
    0.000000000000      3.928950000000      0.000000000000  
    0.000000000000      0.000000000000      3.928950000000  

   5 Atom(s) in the Primitive cell

 0.5000000000 0.5000000000 0.5000000000 Ti    0
 0.0000000000 0.0000000000 0.0000000000 Pb    1
 0.5000000000 0.0000000000 0.5000000000  O    2
 0.5000000000 0.5000000000 -0.0000010000  O    3
 0.0000000000 0.5000000000 0.5000010000  O    4


 Q= -0.127260 -0.063630  0.000000, q= -0.500000 -0.250000  0.000000

                       Ti X   0        Ti Y   0        Ti Z   0        Pb X   1        Pb Y   1        Pb Z   1         O X   2         O Y   2         O Z   2         O X   3         O Y   3         O Z   3         O X   4         O Y   4         O Z   4     
                    --------------- --------------- --------------- --------------- --------------- --------------- --------------- --------------- --------------- --------------- --------------- --------------- --------------- --------------- ---------------
    0   1.5449 THz   0.0000  0.0000  0.0351  0.0014 -0.0000  0.0000 -0.1313 -0.0052 -0.0000 -0.0000  0.9889  0.0394 -0.0000 -0.0000 -0.0035 -0.0001  0.0000 -0.0000 -0.0000 -0.0000 -0.0113 -0.0004  0.0000 -0.0000 -0.0000 -0.0000  0.0000  0.0000 -0.0425 -0.0017
    1   1.5644 THz   0.1191  0.0000 -0.0000 -0.0000 -0.0049  0.0000  0.0000  0.0000 -0.9897 -0.0000 -0.0000 -0.0000 -0.0134  0.0000  0.0000  0.0000  0.0038 -0.0000 -0.0544 -0.0000  0.0000  0.0000  0.0011 -0.0000  0.0000 -0.0000  0.0568 -0.0000  0.0000  0.0000
    2   1.6556 THz  -0.0000  0.0000  0.2391 -0.0850 -0.0000  0.0000 -0.8990  0.3195  0.0000  0.0000 -0.1287  0.0457 -0.0000  0.0000 -0.0200  0.0071 -0.0000  0.0000  0.0000  0.0000 -0.0744  0.0264 -0.0000  0.0000 -0.0030  0.0011 -0.0000 -0.0000  0.0029 -0.0010
    3   2.3755 THz  -0.0012  0.0000  0.0000 -0.0000 -0.9978  0.0000  0.0000  0.0000  0.0051  0.0000 -0.0000 -0.0000  0.0009 -0.0000  0.0000  0.0000  0.0595 -0.0000 -0.0013  0.0000  0.0000  0.0000  0.0298 -0.0000 -0.0000 -0.0000  0.0002 -0.0000  0.0000  0.0000
    4   5.5574 THz   0.1990  0.0000 -0.0000  0.0000 -0.0004  0.0000 -0.0000 -0.0000 -0.0278 -0.0000  0.0000 -0.0000  0.6751 -0.0000 -0.0000 -0.0000 -0.0070 -0.0000  0.0357  0.0000 -0.0000  0.0000 -0.0023  0.0000 -0.0000  0.0000 -0.7089  0.0000 -0.0000  0.0000
    5   7.1494 THz  -0.0000  0.0000  0.6125 -0.0204  0.0000 -0.0000  0.0957 -0.0032 -0.0000  0.0000  0.0004 -0.0000  0.0000 -0.0000  0.2118 -0.0071  0.0000 -0.0000 -0.0000  0.0000  0.7548 -0.0252  0.0000 -0.0000 -0.0073  0.0002 -0.0000  0.0000  0.0005 -0.0000
    6   7.9209 THz  -0.1139  0.0000 -0.0000 -0.0000  0.0648  0.0000  0.0000 -0.0000 -0.0000 -0.0000 -0.0000 -0.0000  0.0372  0.0000 -0.0000  0.0000  0.8865  0.0000 -0.2115  0.0000 -0.0000 -0.0000  0.3880 -0.0000  0.0000 -0.0000 -0.0173  0.0000  0.0000 -0.0000
    7   8.4928 THz  -0.4937  0.0000  0.0000  0.0000 -0.0146 -0.0000  0.0000  0.0000 -0.0204 -0.0000  0.0000  0.0000  0.1142 -0.0000 -0.0000 -0.0000 -0.2178  0.0000 -0.8240  0.0000 -0.0000  0.0000 -0.1079  0.0000  0.0000 -0.0000 -0.0681  0.0000 -0.0000 -0.0000
    8   9.5818 THz   0.0000  0.0000 -0.0195 -0.0023  0.0000  0.0000 -0.0038 -0.0005  0.0000  0.0000 -0.0423 -0.0051 -0.0000  0.0000  0.0041  0.0005  0.0000  0.0000  0.0000 -0.0000  0.0158  0.0019  0.0000 -0.0000 -0.0055 -0.0007  0.0000  0.0000 -0.9916 -0.1189
    9   9.7567 THz   0.0000  0.0000  0.7319  0.0691 -0.0000 -0.0000  0.2456  0.0232 -0.0000 -0.0000 -0.0016 -0.0002 -0.0000 -0.0000 -0.1092 -0.0103 -0.0000 -0.0000  0.0000  0.0000 -0.5926 -0.0559 -0.0000 -0.0000  0.1772  0.0167 -0.0000 -0.0000 -0.0262 -0.0025
   10  11.3944 THz   0.5782  0.0000  0.0000 -0.0000  0.0000 -0.0000  0.0000 -0.0000  0.1146 -0.0000  0.0000 -0.0000  0.4581  0.0000  0.0000  0.0000 -0.0063  0.0000 -0.3300  0.0000 -0.0000  0.0000 -0.0137  0.0000  0.0000 -0.0000  0.5775 -0.0000  0.0000 -0.0000
   11  14.1441 THz   0.4024  0.0000 -0.0000  0.0000 -0.0028 -0.0000  0.0000  0.0000  0.0530 -0.0000 -0.0000 -0.0000 -0.3858 -0.0000  0.0000  0.0000  0.2957  0.0000 -0.2632  0.0000  0.0000 -0.0000 -0.6757  0.0000 -0.0000 -0.0000 -0.2705  0.0000  0.0000 -0.0000
   12  14.2671 THz   0.4397  0.0000 -0.0000  0.0000  0.0017 -0.0000 -0.0000  0.0000  0.0585 -0.0000  0.0000 -0.0000 -0.4135 -0.0000  0.0000  0.0000 -0.2749 -0.0000 -0.3065  0.0000  0.0000 -0.0000  0.6166 -0.0000 -0.0000 -0.0000 -0.2873  0.0000 -0.0000  0.0000
   13  15.3830 THz   0.0000  0.0000 -0.0281 -0.0181 -0.0000 -0.0000 -0.0119 -0.0077  0.0000  0.0000 -0.0005 -0.0003 -0.0000  0.0000 -0.6776 -0.4363  0.0000  0.0000 -0.0000 -0.0000  0.2187  0.1408 -0.0000  0.0000  0.4462  0.2873 -0.0000  0.0000 -0.0012 -0.0008
   14  22.7355 THz  -0.0000  0.0000 -0.0672  0.1117  0.0000 -0.0000 -0.0241  0.0401 -0.0000 -0.0000 -0.0000  0.0000 -0.0000  0.0000  0.2791 -0.4640  0.0000 -0.0000 -0.0000  0.0000 -0.0166  0.0276 -0.0000 -0.0000  0.4272 -0.7100  0.0000  0.0000 -0.0000  0.0001


 Q= -0.127260  0.063630  0.000000, q= -0.500000  0.250000  0.000000

                       Ti X   0        Ti Y   0        Ti Z   0        Pb X   1        Pb Y   1        Pb Z   1         O X   2         O Y   2         O Z   2         O X   3         O Y   3         O Z   3         O X   4         O Y   4         O Z   4     
                    --------------- --------------- --------------- --------------- --------------- --------------- --------------- --------------- --------------- --------------- --------------- --------------- --------------- --------------- ---------------
    0   1.5449 THz   0.0000  0.0000 -0.0351 -0.0003 -0.0000 -0.0000 -0.1314 -0.0010  0.0000  0.0000  0.9897  0.0078 -0.0000 -0.0000  0.0035  0.0000  0.0000  0.0000 -0.0000 -0.0000  0.0113  0.0001  0.0000  0.0000 -0.0000 -0.0000 -0.0000 -0.0000 -0.0426 -0.0003
    1   1.5644 THz   0.1191  0.0000  0.0000  0.0000 -0.0049 -0.0000  0.0000  0.0000  0.9897  0.0000 -0.0000 -0.0000 -0.0134  0.0000 -0.0000 -0.0000  0.0038  0.0000 -0.0544 -0.0000 -0.0000 -0.0000  0.0011  0.0000 -0.0000 -0.0000 -0.0568 -0.0000  0.0000  0.0000
    2   1.6556 THz  -0.0000  0.0000 -0.2536  0.0081  0.0000 -0.0000 -0.9536  0.0303 -0.0000 -0.0000 -0.1365  0.0043  0.0000 -0.0000  0.0212 -0.0007 -0.0000  0.0000  0.0000  0.0000  0.0789 -0.0025 -0.0000  0.0000 -0.0032  0.0001  0.0000 -0.0000  0.0031 -0.0001
    3   2.3755 THz  -0.0012  0.0000 -0.0000 -0.0000 -0.9978 -0.0000 -0.0000 -0.0000 -0.0051  0.0000 -0.0000  0.0000  0.0009  0.0000  0.0000 -0.0000  0.0595  0.0000 -0.0013 -0.0000  0.0000  0.0000  0.0298  0.0000  0.0000 -0.0000 -0.0002  0.0000  0.0000  0.0000
    4   5.5574 THz  -0.1990  0.0000 -0.0000  0.0000  0.0004  0.0000  0.0000 -0.0000 -0.0278 -0.0000 -0.0000  0.0000 -0.6751  0.0000 -0.0000  0.0000  0.0070 -0.0000 -0.0357 -0.0000 -0.0000  0.0000  0.0023 -0.0000  0.0000  0.0000 -0.7089 -0.0000  0.0000 -0.0000
    5   7.1494 THz  -0.0000  0.0000 -0.4942 -0.3623 -0.0000 -0.0000  0.0772  0.0566  0.0000  0.0000  0.0003  0.0002  0.0000  0.0000 -0.1709 -0.1253 -0.0000 -0.0000 -0.0000 -0.0000 -0.6091 -0.4465 -0.0000 -0.0000 -0.0059 -0.0043  0.0000  0.0000  0.0004  0.0003
    6   7.9209 THz   0.1139  0.0000  0.0000 -0.0000 -0.0648  0.0000  0.0000  0.0000 -0.0000 -0.0000  0.0000 -0.0000 -0.0372  0.0000  0.0000  0.0000 -0.8865  0.0000  0.2115  0.0000  0.0000 -0.0000 -0.3880 -0.0000  0.0000 -0.0000 -0.0173 -0.0000 -0.0000 -0.0000
    7   8.4928 THz   0.4937  0.0000 -0.0000 -0.0000  0.0146 -0.0000 -0.0000  0.0000 -0.0204 -0.0000 -0.0000 -0.0000 -0.1142  0.0000 -0.0000  0.0000  0.2178 -0.0000  0.8240  0.0000 -0.0000  0.0000  0.1079  0.0000 -0.0000  0.0000 -0.0681 -0.0000  0.0000 -0.0000
    8   9.5818 THz  -0.0000  0.0000 -0.0004  0.0197 -0.0000 -0.0000  0.0001 -0.0038  0.0000 -0.0000  0.0010 -0.0426 -0.0000 -0.0000  0.0001 -0.0042  0.0000  0.0000 -0.0000 -0.0000  0.0004 -0.0159  0.0000  0.0000  0.0001 -0.0055  0.0000 -0.0000  0.0224 -0.9985
    9   9.7567 THz  -0.0000  0.0000  0.6893 -0.2555 -0.0000  0.0000 -0.2313  0.0857 -0.0000  0.0000  0.0015 -0.0006  0.0000 -0.0000 -0.1028  0.0381 -0.0000  0.0000 -0.0000  0.0000 -0.5582  0.2069 -0.0000  0.0000 -0.1669  0.0619 -0.0000  0.0000  0.0247 -0.0091
   10  11.3944 THz   0.5782  0.0000 -0.0000 -0.0000  0.0000  0.0000  0.0000  0.0000 -0.1146  0.0000  0.0000 -0.0000  0.4581 -0.0000 -0.0000 -0.0000 -0.0063 -0.0000 -0.3300 -0.0000  0.0000  0.0000 -0.0137 -0.0000  0.0000 -0.0000 -0.5775 -0.0000  0.0000 -0.0000
   11  14.1441 THz  -0.4024  0.0000 -0.0000 -0.0000  0.0028 -0.0000  0.0000 -0.0000  0.0530 -0.0000  0.0000  0.0000  0.3858 -0.0000  0.0000  0.0000 -0.2957 -0.0000  0.2632  0.0000 -0.0000 -0.0000  0.6757  0.0000  0.0000  0.0000 -0.2705 -0.0000  0.0000 -0.0000
   12  14.2671 THz   0.4397  0.0000  0.0000  0.0000  0.0017  0.0000 -0.0000  0.0000 -0.0585  0.0000  0.0000 -0.0000 -0.4135  0.0000 -0.0000 -0.0000 -0.2749 -0.0000 -0.3065 -0.0000 -0.0000  0.0000  0.6166  0.0000 -0.0000 -0.0000  0.2873  0.0000 -0.0000 -0.0000
   13  15.3830 THz   0.0000  0.0000  0.0299  0.0148  0.0000  0.0000 -0.0127 -0.0063 -0.0000 -0.0000 -0.0006 -0.0003 -0.0000 -0.0000  0.7220  0.3579  0.0000  0.0000 -0.0000 -0.0000 -0.2330 -0.1155 -0.0000 -0.0000  0.4754  0.2357  0.0000 -0.0000 -0.0013 -0.0006
   14  22.7355 THz   0.0000  0.0000  0.0150 -0.1294  0.0000 -0.0000 -0.0054  0.0465  0.0000  0.0000 -0.0000  0.0000 -0.0000  0.0000 -0.0624  0.5378  0.0000  0.0000  0.0000  0.0000  0.0037 -0.0320  0.0000 -0.0000  0.0954 -0.8231 -0.0000 -0.0000 -0.0000  0.0001


 Q= -0.084840 -0.127260  0.084840, q= -0.333333 -0.500000  0.333333

                       Ti X   0        Ti Y   0        Ti Z   0        Pb X   1        Pb Y   1        Pb Z   1         O X   2         O Y   2         O Z   2         O X   3         O Y   3         O Z   3         O X   4         O Y   4         O Z   4     
                    --------------- --------------- --------------- --------------- --------------- --------------- --------------- --------------- --------------- --------------- --------------- --------------- --------------- --------------- ---------------
    0   1.6047 THz   0.0000  0.0000  0.0939 -0.0013 -0.0000 -0.0000 -0.9431  0.0127 -0.0000  0.0000  0.3063 -0.0041 -0.0045  0.0001  0.0000 -0.0000 -0.0168  0.0002 -0.0000 -0.0000 -0.0861  0.0012 -0.0000 -0.0000  0.0000 -0.0000 -0.0053  0.0001  0.0000 -0.0000
    1   1.8022 THz   0.0000  0.0000 -0.0537 -0.0230 -0.0000 -0.0000 -0.2867 -0.1231 -0.0000 -0.0000 -0.8670 -0.3722  0.0812  0.0349  0.0000  0.0000  0.0285  0.0122 -0.0000 -0.0000 -0.0127 -0.0054  0.0000  0.0000  0.0000  0.0000 -0.0068 -0.0029  0.0000  0.0000
    2   1.8163 THz   0.1080  0.0000 -0.0000  0.0000 -0.1051  0.0000  0.0000  0.0000 -0.9861 -0.0000 -0.0000  0.0000 -0.0000 -0.0000  0.0050 -0.0000  0.0000 -0.0000 -0.0505 -0.0000  0.0000 -0.0000 -0.0009 -0.0000  0.0007 -0.0000 -0.0000 -0.0000  0.0481 -0.0000
    3   4.1567 THz   0.0000  0.0000  0.0273  0.0002 -0.0000 -0.0000  0.0217  0.0002 -0.0000 -0.0000 -0.0738 -0.0006 -0.5615 -0.0045 -0.0000 -0.0000 -0.4116 -0.0033  0.0000 -0.0000 -0.3978 -0.0032 -0.0000  0.0000  0.0000 -0.0000  0.5919  0.0047  0.0000  0.0000
    4   4.4131 THz  -0.0000  0.0000 -0.1840 -0.0138  0.0000 -0.0000  0.0518  0.0039  0.0000 -0.0000  0.0223  0.0017  0.3732  0.0280 -0.0000  0.0000 -0.5643 -0.0424 -0.0000  0.0000 -0.5728 -0.0430 -0.0000  0.0000 -0.0000  0.0000 -0.4141 -0.0311 -0.0000  0.0000
    5   5.2552 THz  -0.1340  0.0000  0.0000  0.0000 -0.1319 -0.0000  0.0000 -0.0000 -0.0014 -0.0000 -0.0000 -0.0000 -0.0000 -0.0000 -0.0011  0.0000  0.0000  0.0000 -0.6650 -0.0000  0.0000  0.0000 -0.0841 -0.0000 -0.0821  0.0000  0.0000  0.0000 -0.7131  0.0000
    6   9.9902 THz   0.8405  0.0000  0.0000  0.0000  0.4860 -0.0000 -0.0000  0.0000  0.0334 -0.0000  0.0000  0.0000  0.0000 -0.0000  0.0237  0.0000  0.0000 -0.0000 -0.0409 -0.0000 -0.0000  0.0000 -0.1136 -0.0000 -0.0768  0.0000  0.0000 -0.0000 -0.1875  0.0000
    7  10.3970 THz   0.4173  0.0000  0.0000 -0.0000 -0.7917  0.0000  0.0000 -0.0000  0.1020 -0.0000 -0.0000  0.0000  0.0000  0.0000  0.1035 -0.0000 -0.0000  0.0000  0.3271  0.0000  0.0000 -0.0000 -0.0268 -0.0000  0.0996 -0.0000 -0.0000  0.0000 -0.2457  0.0000
    8  11.5530 THz  -0.0000  0.0000  0.2628  0.3006  0.0000  0.0000 -0.0118 -0.0135 -0.0000 -0.0000 -0.0440 -0.0504 -0.1568 -0.1794 -0.0000  0.0000 -0.4063 -0.4648  0.0000 -0.0000  0.3602  0.4120 -0.0000  0.0000  0.0000 -0.0000 -0.2064 -0.2362 -0.0000  0.0000
    9  11.5838 THz   0.0000  0.0000 -0.3242  0.5692 -0.0000  0.0000 -0.0311  0.0546  0.0000 -0.0000  0.0051 -0.0090 -0.2973  0.5220  0.0000  0.0000  0.0404 -0.0709 -0.0000 -0.0000  0.0266 -0.0467 -0.0000  0.0000 -0.0000  0.0000 -0.2193  0.3851  0.0000  0.0000
   10  11.6267 THz   0.2670  0.0000  0.0000 -0.0000 -0.2929 -0.0000 -0.0000 -0.0000  0.1246  0.0000  0.0000 -0.0000  0.0000 -0.0000  0.1336 -0.0000 -0.0000 -0.0000 -0.6550 -0.0000  0.0000  0.0000  0.0324  0.0000 -0.0366  0.0000  0.0000 -0.0000  0.6149 -0.0000
   11  12.9845 THz  -0.0000  0.0000  0.1426  0.5866  0.0000  0.0000  0.0178  0.0730  0.0000 -0.0000 -0.0173 -0.0712 -0.0816 -0.3355 -0.0000 -0.0000  0.0823  0.3384 -0.0000 -0.0000 -0.1061 -0.4365  0.0000  0.0000  0.0000  0.0000 -0.1009 -0.4149 -0.0000  0.0000
   12  14.6268 THz   0.0802  0.0000 -0.0000 -0.0000  0.0887 -0.0000  0.0000  0.0000  0.0001  0.0000 -0.0000 -0.0000 -0.0000  0.0000 -0.0383 -0.0000 -0.0000 -0.0000 -0.1082 -0.0000  0.0000  0.0000  0.6710  0.0000  0.7168 -0.0000 -0.0000  0.0000 -0.0922  0.0000
   13  14.7898 THz   0.0428  0.0000  0.0000 -0.0000 -0.0607  0.0000 -0.0000 -0.0000  0.0160 -0.0000  0.0000  0.0000  0.0000  0.0000 -0.7506  0.0000 -0.0000  0.0000 -0.0749 -0.0000  0.0000 -0.0000 -0.4906 -0.0000  0.4214 -0.0000  0.0000  0.0000  0.0834 -0.0000
   14  24.1075 THz   0.1009  0.0000  0.0000  0.0000 -0.1063  0.0000  0.0000 -0.0000  0.0173 -0.0000 -0.0000 -0.0000 -0.0000 -0.0000 -0.6371  0.0000 -0.0000 -0.0000  0.0097  0.0000  0.0000 -0.0000  0.5360  0.0000 -0.5337  0.0000 -0.0000  0.0000 -0.0092  0.0000


 Q= -0.084840  0.000000  0.084840, q= -0.333333  0.000000  0.333333

                       Ti X   0        Ti Y   0        Ti Z   0        Pb X   1        Pb Y   1        Pb Z   1         O X   2         O Y   2         O Z   2         O X   3         O Y   3         O Z   3         O X   4         O Y   4         O Z   4     
                    --------------- --------------- --------------- --------------- --------------- --------------- --------------- --------------- --------------- --------------- --------------- --------------- --------------- --------------- ---------------
    0   0.9236 THz  -0.1179  0.0000  0.0000 -0.0000 -0.1350  0.0000 -0.7316  0.0000  0.0000  0.0000 -0.6457  0.0000  0.0677 -0.0000 -0.0000 -0.0000  0.0575 -0.0000  0.0617  0.0000 -0.0000 -0.0000  0.0134  0.0000  0.0142 -0.0000 -0.0000 -0.0000  0.0604 -0.0000
    1   1.3928 THz  -0.0000  0.0000 -0.4153 -0.0003 -0.0000 -0.0000 -0.0000 -0.0000 -0.9077 -0.0007 -0.0000 -0.0000  0.0000  0.0000  0.0153  0.0000  0.0000 -0.0000  0.0000  0.0000  0.0426  0.0000  0.0000 -0.0000  0.0000 -0.0000  0.0406  0.0000  0.0000 -0.0000
    2   1.8642 THz  -0.1231  0.0000  0.0000  0.0000  0.1119 -0.0000  0.6523 -0.0000  0.0000 -0.0000 -0.7357  0.0000  0.0607 -0.0000  0.0000 -0.0000 -0.0308  0.0000 -0.0157 -0.0000 -0.0000  0.0000 -0.0074 -0.0000  0.0115 -0.0000 -0.0000 -0.0000  0.0233 -0.0000
    3   2.5380 THz  -0.0000  0.0000  0.9082 -0.0096  0.0000 -0.0000  0.0000 -0.0000 -0.4174  0.0044 -0.0000  0.0000  0.0000 -0.0000 -0.0164  0.0002 -0.0000  0.0000 -0.0000  0.0000 -0.0153  0.0002  0.0000  0.0000 -0.0000  0.0000 -0.0197  0.0002 -0.0000  0.0000
    4   5.2233 THz   0.1537  0.0000  0.0000  0.0000  0.1394 -0.0000  0.0416  0.0000 -0.0000 -0.0000  0.0472  0.0000  0.1172 -0.0000 -0.0000  0.0000  0.0820 -0.0000  0.6562  0.0000 -0.0000  0.0000  0.0964  0.0000  0.0989 -0.0000 -0.0000  0.0000  0.6948 -0.0000
    5   7.4039 THz  -0.2420  0.0000  0.0000 -0.0000 -0.3242 -0.0000  0.0213  0.0000 -0.0000  0.0000 -0.0031 -0.0000 -0.5308 -0.0000 -0.0000 -0.0000 -0.6946 -0.0000  0.1606  0.0000 -0.0000 -0.0000 -0.1074 -0.0000 -0.0849  0.0000 -0.0000 -0.0000  0.1644 -0.0000
    6   7.8909 THz  -0.4459  0.0000  0.0000 -0.0000  0.3401  0.0000 -0.0272 -0.0000  0.0000 -0.0000  0.0264 -0.0000 -0.6404  0.0000 -0.0000 -0.0000  0.5041  0.0000  0.0416  0.0000 -0.0000 -0.0000  0.0810  0.0000 -0.0987  0.0000 -0.0000 -0.0000  0.0423 -0.0000
    7   8.2221 THz   0.0000  0.0000 -0.0463 -0.0229  0.0000  0.0000  0.0000  0.0000 -0.0375 -0.0185 -0.0000 -0.0000  0.0000  0.0000 -0.3687 -0.1820  0.0000  0.0000 -0.0000 -0.0000 -0.5245 -0.2590 -0.0000  0.0000  0.0000  0.0000 -0.6240 -0.3081 -0.0000 -0.0000
    8   9.4605 THz   0.0000  0.0000 -0.0008  0.0016 -0.0000  0.0000  0.0000 -0.0000 -0.0025  0.0053  0.0000  0.0000 -0.0000  0.0000 -0.0163  0.0344  0.0000  0.0000  0.0000 -0.0000 -0.3219  0.6813 -0.0000  0.0000  0.0000 -0.0000  0.2804 -0.5934 -0.0000  0.0000
    9  10.7618 THz   0.7139  0.0000 -0.0000 -0.0000  0.4575  0.0000 -0.1060 -0.0000  0.0000  0.0000 -0.1762  0.0000 -0.3911  0.0000 -0.0000  0.0000 -0.1590 -0.0000  0.0589  0.0000  0.0000  0.0000 -0.1357 -0.0000 -0.1003  0.0000  0.0000  0.0000 -0.1691  0.0000
   10  11.1182 THz   0.2561  0.0000  0.0000 -0.0000 -0.6221 -0.0000  0.1453  0.0000  0.0000 -0.0000 -0.0620  0.0000 -0.2314 -0.0000  0.0000 -0.0000  0.3871  0.0000  0.4222  0.0000 -0.0000 -0.0000 -0.0337 -0.0000  0.1199 -0.0000 -0.0000  0.0000 -0.3540  0.0000
   11  13.8485 THz   0.3081  0.0000 -0.0000 -0.0000 -0.3315  0.0000  0.0516  0.0000 -0.0000  0.0000 -0.0527  0.0000 -0.2346  0.0000 -0.0000  0.0000  0.2306  0.0000 -0.5893 -0.0000  0.0000 -0.0000 -0.0777 -0.0000  0.0680 -0.0000  0.0000 -0.0000  0.5689 -0.0000
   12  14.2144 THz   0.0000  0.0000  0.0000 -0.0000  0.0000 -0.0000 -0.0000  0.0000 -0.0113  0.0015 -0.0000  0.0000 -0.0000 -0.0000  0.9026 -0.1197 -0.0000  0.0000 -0.0000  0.0000 -0.2941  0.0390 -0.0000  0.0000 -0.0000  0.0000 -0.2854  0.0379  0.0000 -0.0000
   13  15.4857 THz   0.0498  0.0000  0.0000  0.0000  0.0578  0.0000 -0.0178 -0.0000 -0.0000 -0.0000 -0.0184  0.0000 -0.1563 -0.0000  0.0000  0.0000 -0.1545 -0.0000 -0.0926 -0.0000 -0.0000 -0.0000  0.6802  0.0000  0.6838 -0.0000 -0.0000  0.0000 -0.0799  0.0000
   14  22.8529 THz  -0.1316  0.0000 -0.0000 -0.0000  0.1396  0.0000 -0.0312 -0.0000 -0.0000  0.0000  0.0307  0.0000 -0.0147  0.0000  0.0000  0.0000  0.0142 -0.0000  0.0157  0.0000  0.0000 -0.0000 -0.6957 -0.0000  0.6902 -0.0000  0.0000 -0.0000 -0.0148  0.0000


 Q= -0.042420 -0.063630 -0.084840, q= -0.166667 -0.250000 -0.333333

                       Ti X   0        Ti Y   0        Ti Z   0        Pb X   1        Pb Y   1        Pb Z   1         O X   2         O Y   2         O Z   2         O X   3         O Y   3         O Z   3         O X   4         O Y   4         O Z   4     
                    --------------- --------------- --------------- --------------- --------------- --------------- --------------- --------------- --------------- --------------- --------------- --------------- --------------- --------------- ---------------
    0   1.2080 THz   0.1410  0.0000  0.0790 -0.0000 -0.0934  0.0000  0.6987 -0.0000  0.2712 -0.0000 -0.6291  0.0000 -0.0409  0.0000 -0.0025  0.0000  0.0434 -0.0000 -0.0349  0.0000 -0.0106  0.0000  0.0135 -0.0000 -0.0091 -0.0000 -0.0288 -0.0000  0.0405  0.0000
    1   1.3449 THz   0.0358  0.0000 -0.1325 -0.0000  0.0384  0.0000  0.6269  0.0000 -0.6463 -0.0000  0.3996  0.0000 -0.0160 -0.0000  0.0152  0.0000 -0.0183 -0.0000 -0.0358  0.0000  0.0612 -0.0000 -0.0072  0.0000 -0.0082 -0.0000  0.0448  0.0000 -0.0370 -0.0000
    2   1.7295 THz   0.1925  0.0000  0.1113  0.0000  0.0925 -0.0000 -0.3183 -0.0000 -0.6870  0.0000 -0.6062 -0.0000 -0.0142  0.0000  0.0062 -0.0000  0.0037  0.0000 -0.0048  0.0000  0.0200 -0.0000  0.0024 -0.0000  0.0008  0.0000 -0.0062 -0.0000 -0.0201 -0.0000
    3   5.3889 THz   0.0044  0.0000 -0.1617 -0.0000  0.2119  0.0000  0.0089  0.0000 -0.0386 -0.0000  0.0210  0.0000  0.0789  0.0000 -0.1625 -0.0000  0.6373  0.0000 -0.0734  0.0000 -0.6155  0.0000  0.1262 -0.0000  0.0096  0.0000 -0.2414 -0.0000  0.1723  0.0000
    4   5.9793 THz   0.6848  0.0000 -0.2680  0.0000 -0.1314 -0.0000 -0.0356 -0.0000  0.0690  0.0000  0.0860 -0.0000  0.4229 -0.0000 -0.0576  0.0000 -0.1168 -0.0000  0.2167 -0.0000  0.0542 -0.0000 -0.0150  0.0000  0.1800  0.0000 -0.3624 -0.0000 -0.1375 -0.0000
    5   6.2697 THz   0.6561  0.0000  0.0076  0.0000  0.0591 -0.0000 -0.0703  0.0000  0.0971  0.0000  0.1448 -0.0000 -0.3867 -0.0000  0.1549  0.0000  0.0960 -0.0000 -0.2066  0.0000 -0.0439  0.0000  0.0963 -0.0000 -0.1670 -0.0000  0.4603  0.0000  0.2327  0.0000
    6   6.6754 THz  -0.0400  0.0000 -0.1141 -0.0000  0.1955  0.0000 -0.0152 -0.0000  0.0041 -0.0000 -0.0115 -0.0000  0.1534  0.0000 -0.0438 -0.0000 -0.2516 -0.0000 -0.4951  0.0000  0.2547 -0.0000  0.0749 -0.0000 -0.0677 -0.0000 -0.3372 -0.0000  0.6512  0.0000
    7   8.4986 THz   0.1059  0.0000  0.8314 -0.0000  0.0252 -0.0000  0.0595 -0.0000 -0.0200  0.0000  0.1677  0.0000  0.4256 -0.0000  0.0232 -0.0000  0.1216  0.0000 -0.0079  0.0000  0.0028 -0.0000  0.0972 -0.0000  0.1768  0.0000  0.0859  0.0000  0.1419  0.0000
    8   9.9047 THz  -0.0365  0.0000 -0.1718  0.0000  0.7292 -0.0000  0.0656 -0.0000  0.0853 -0.0000 -0.0753  0.0000  0.1614 -0.0000  0.1019 -0.0000 -0.0476 -0.0000  0.4700 -0.0000  0.1098 -0.0000 -0.0455  0.0000  0.1715  0.0000  0.2876  0.0000  0.1852  0.0000
    9  10.2704 THz   0.0791  0.0000  0.2680  0.0000  0.1008  0.0000  0.0140  0.0000 -0.0018  0.0000  0.1046  0.0000 -0.5673 -0.0000 -0.0541  0.0000  0.1173  0.0000  0.4236 -0.0000  0.2524 -0.0000  0.1304 -0.0000 -0.0345 -0.0000 -0.5334 -0.0000  0.1276  0.0000
   10  10.7306 THz   0.0382  0.0000 -0.0217  0.0000  0.3221 -0.0000 -0.0122  0.0000  0.0923 -0.0000 -0.0017  0.0000  0.0690 -0.0000  0.1099 -0.0000  0.4658 -0.0000 -0.3799  0.0000  0.5212 -0.0000  0.0002 -0.0000 -0.0516 -0.0000 -0.0925 -0.0000 -0.4739 -0.0000
   11  13.7480 THz  -0.0850  0.0000 -0.1909  0.0000 -0.4492  0.0000 -0.0473  0.0000 -0.0627  0.0000 -0.0401  0.0000  0.1671 -0.0000 -0.0978  0.0000  0.4930 -0.0000  0.2624 -0.0000  0.4279 -0.0000 -0.0734  0.0000 -0.0498 -0.0000  0.2283  0.0000  0.3930  0.0000
   12  14.8642 THz  -0.0177  0.0000  0.0269  0.0000  0.0329 -0.0000  0.0151 -0.0000 -0.0031  0.0000 -0.0055  0.0000  0.2788 -0.0000  0.2509  0.0000 -0.0509  0.0000  0.2090 -0.0000 -0.0504  0.0000  0.2664 -0.0000 -0.8546 -0.0000 -0.0661 -0.0000 -0.0495 -0.0000
   13  15.3694 THz  -0.0067  0.0000  0.0319 -0.0000 -0.0635  0.0000 -0.0023  0.0000 -0.0166  0.0000  0.0139 -0.0000 -0.0121  0.0000  0.7384 -0.0000  0.1083 -0.0000  0.0011 -0.0000 -0.1186  0.0000 -0.6020  0.0000  0.0328  0.0000 -0.2053 -0.0000  0.1325  0.0000
   14  23.0272 THz   0.1135  0.0000  0.1464 -0.0000  0.1555 -0.0000  0.0161  0.0000  0.0256 -0.0000  0.0396 -0.0000  0.0096 -0.0000 -0.5480  0.0000 -0.0173  0.0000 -0.0013  0.0000 -0.0131  0.0000 -0.7081  0.0000 -0.3695 -0.0000  0.0116  0.0000 -0.0058 -0.0000


 Q= -0.042420  0.063630 -0.084840, q= -0.166667  0.250000 -0.333333

                       Ti X   0        Ti Y   0        Ti Z   0        Pb X   1        Pb Y   1        Pb Z   1         O X   2         O Y   2         O Z   2         O X   3         O Y   3         O Z   3         O X   4         O Y   4         O Z   4     
                    --------------- --------------- --------------- --------------- --------------- --------------- --------------- --------------- --------------- --------------- --------------- --------------- --------------- --------------- ---------------
    0   1.2080 THz   0.1410  0.0000 -0.0790 -0.0000 -0.0934 -0.0000  0.6987 -0.0000 -0.2712 -0.0000 -0.6291 -0.0000 -0.0409  0.0000  0.0025  0.0000  0.0434  0.0000 -0.0349  0.0000  0.0106 -0.0000  0.0135 -0.0000 -0.0091 -0.0000  0.0288  0.0000  0.0405  0.0000
    1   1.3449 THz   0.0358  0.0000  0.1325  0.0000  0.0384  0.0000  0.6269  0.0000  0.6463  0.0000  0.3996  0.0000 -0.0160 -0.0000 -0.0152 -0.0000 -0.0183 -0.0000 -0.0358  0.0000 -0.0612  0.0000 -0.0072  0.0000 -0.0082 -0.0000 -0.0448 -0.0000 -0.0370 -0.0000
    2   1.7295 THz   0.1925  0.0000 -0.1113  0.0000  0.0925  0.0000 -0.3183 -0.0000  0.6870 -0.0000 -0.6062  0.0000 -0.0142  0.0000 -0.0062  0.0000  0.0037 -0.0000 -0.0048  0.0000 -0.0200  0.0000  0.0024 -0.0000  0.0008  0.0000  0.0062  0.0000 -0.0201 -0.0000
    3   5.3889 THz   0.0044  0.0000  0.1617  0.0000  0.2119  0.0000  0.0089  0.0000  0.0386  0.0000  0.0210  0.0000  0.0789  0.0000  0.1625  0.0000  0.6373  0.0000 -0.0734  0.0000  0.6155 -0.0000  0.1262 -0.0000  0.0096  0.0000  0.2414  0.0000  0.1723  0.0000
    4   5.9793 THz  -0.6848  0.0000 -0.2680 -0.0000  0.1314  0.0000  0.0356 -0.0000  0.0690 -0.0000 -0.0860  0.0000 -0.4229 -0.0000 -0.0576 -0.0000  0.1168  0.0000 -0.2167  0.0000  0.0542 -0.0000  0.0150 -0.0000 -0.1800 -0.0000 -0.3624 -0.0000  0.1375  0.0000
    5   6.2697 THz   0.6561  0.0000 -0.0076 -0.0000  0.0591  0.0000 -0.0703 -0.0000 -0.0971  0.0000  0.1448  0.0000 -0.3867 -0.0000 -0.1549 -0.0000  0.0960  0.0000 -0.2066  0.0000  0.0439 -0.0000  0.0963 -0.0000 -0.1670 -0.0000 -0.4603 -0.0000  0.2327  0.0000
    6   6.6754 THz   0.0400  0.0000 -0.1141 -0.0000 -0.1955 -0.0000  0.0152  0.0000  0.0041 -0.0000  0.0115  0.0000 -0.1534 -0.0000 -0.0438 -0.0000  0.2516  0.0000  0.4951 -0.0000  0.2547 -0.0000 -0.0749  0.0000  0.0677  0.0000 -0.3372 -0.0000 -0.6512 -0.0000
    7   8.4986 THz   0.1059  0.0000 -0.8314  0.0000  0.0252 -0.0000  0.0595 -0.0000  0.0200  0.0000  0.1677 -0.0000  0.4256 -0.0000 -0.0232  0.0000  0.1216  0.0000 -0.0079  0.0000 -0.0028  0.0000  0.0972 -0.0000  0.1768  0.0000 -0.0859 -0.0000  0.1419  0.0000
    8   9.9047 THz   0.0365  0.0000 -0.1718  0.0000 -0.7292  0.0000 -0.0656  0.0000  0.0853 -0.0000  0.0753 -0.0000 -0.1614  0.0000  0.1019 -0.0000  0.0476  0.0000 -0.4700  0.0000  0.1098 -0.0000  0.0455 -0.0000 -0.1715 -0.0000  0.2876  0.0000 -0.1852 -0.0000
    9  10.2704 THz   0.0791  0.0000 -0.2680 -0.0000  0.1008  0.0000  0.0140  0.0000  0.0018  0.0000  0.1046  0.0000 -0.5673 -0.0000  0.0541  0.0000  0.1173 -0.0000  0.4236 -0.0000 -0.2524  0.0000  0.1304 -0.0000 -0.0345 -0.0000  0.5334  0.0000  0.1276  0.0000
   10  10.7306 THz  -0.0382  0.0000 -0.0217 -0.0000 -0.3221  0.0000  0.0122  0.0000  0.0923 -0.0000  0.0017  0.0000 -0.0690 -0.0000  0.1099  0.0000 -0.4658  0.0000  0.3799 -0.0000  0.5212 -0.0000 -0.0002  0.0000  0.0516  0.0000 -0.0925 -0.0000  0.4739  0.0000
   11  13.7480 THz  -0.0850  0.0000  0.1909 -0.0000 -0.4492  0.0000 -0.0473  0.0000  0.0627 -0.0000 -0.0401  0.0000  0.1671 -0.0000  0.0978 -0.0000  0.4930  0.0000  0.2624 -0.0000 -0.4279  0.0000 -0.0734  0.0000 -0.0498 -0.0000 -0.2283 -0.0000  0.3930  0.0000
   12  14.8642 THz  -0.0177  0.0000 -0.0269  0.0000  0.0329 -0.0000  0.0151 -0.0000  0.0031 -0.0000 -0.0055 -0.0000  0.2788 -0.0000 -0.2509  0.0000 -0.0509  0.0000  0.2090 -0.0000  0.0504 -0.0000  0.2664 -0.0000 -0.8546 -0.0000  0.0661  0.0000 -0.0495 -0.0000
   13  15.3694 THz  -0.0067  0.0000 -0.0319  0.0000 -0.0635  0.0000 -0.0023 -0.0000  0.0166 -0.0000  0.0139 -0.0000 -0.0121 -0.0000 -0.7384  0.0000  0.1083 -0.0000  0.0011 -0.0000  0.1186 -0.0000 -0.6020  0.0000  0.0328  0.0000  0.2053  0.0000  0.1325  0.0000
   14  23.0272 THz  -0.1135  0.0000  0.1464  0.0000 -0.1555  0.0000 -0.0161 -0.0000  0.0256  0.0000 -0.0396 -0.0000 -0.0096  0.0000 -0.5480 -0.0000  0.0173  0.0000  0.0013 -0.0000 -0.0131  0.0000  0.7081 -0.0000  0.3695  0.0000  0.0116  0.0000  0.0058  0.0000


 Q=  0.000000 -0.127260  0.000000, q=  0.000000 -0.500000  0.000000

                       Ti X   0        Ti Y   0        Ti Z   0        Pb X   1        Pb Y   1        Pb Z   1         O X   2         O Y   2         O Z   2         O X   3         O Y   3         O Z   3         O X   4         O Y   4         O Z   4     
                    --------------- --------------- --------------- --------------- --------------- --------------- --------------- --------------- --------------- --------------- --------------- --------------- --------------- --------------- ---------------
    0   1.3130 THz   0.0000  0.0000 -0.0000  0.0000 -0.0000  0.0000  0.2962  0.8954  0.0000 -0.0000  0.1024  0.3094 -0.0196 -0.0593  0.0000 -0.0000 -0.0062 -0.0189  0.0000 -0.0000  0.0000 -0.0000  0.0000 -0.0000 -0.0000 -0.0000 -0.0000  0.0000  0.0000 -0.0000
    1   1.4872 THz   0.0000  0.0000 -0.0000  0.0000  0.0000 -0.0000  0.0340 -0.3251  0.0000 -0.0000 -0.0982  0.9383 -0.0005  0.0046  0.0000 -0.0000  0.0059 -0.0559 -0.0000 -0.0000  0.0000 -0.0000 -0.0000 -0.0000  0.0000 -0.0000 -0.0000 -0.0000 -0.0000 -0.0000
    2   2.1154 THz   0.8788  0.0000  0.0000 -0.0000 -0.4568 -0.0000  0.0000 -0.0000  0.0000  0.0000 -0.0000 -0.0000 -0.0000  0.0000  0.0000  0.0000  0.0000  0.0000 -0.1003  0.0000  0.0000 -0.0000  0.0389 -0.0000 -0.0493  0.0000  0.0000 -0.0000  0.0706 -0.0000
    3   2.4654 THz  -0.4616  0.0000  0.0000 -0.0000 -0.8786 -0.0000  0.0000 -0.0000  0.0000 -0.0000 -0.0000  0.0000 -0.0000  0.0000  0.0000  0.0000  0.0000 -0.0000  0.0402 -0.0000  0.0000 -0.0000  0.0547 -0.0000  0.0182 -0.0000  0.0000 -0.0000  0.1006 -0.0000
    4   3.6056 THz   0.0000  0.0000 -0.0000 -0.0000  0.0000 -0.0000 -0.0000 -0.0000  0.7201 -0.6909 -0.0000 -0.0000 -0.0000  0.0000  0.0460 -0.0441 -0.0000  0.0000 -0.0000  0.0000  0.0000  0.0000 -0.0000  0.0000 -0.0000 -0.0000 -0.0000 -0.0000 -0.0000  0.0000
    5   6.2792 THz  -0.0383  0.0000 -0.0000  0.0000  0.1390  0.0000  0.0000  0.0000  0.0000  0.0000  0.0000  0.0000 -0.0000 -0.0000  0.0000  0.0000  0.0000  0.0000 -0.1426  0.0000  0.0000  0.0000  0.4591 -0.0000 -0.0860  0.0000 -0.0000  0.0000  0.8606 -0.0000
    6   6.6578 THz  -0.1144  0.0000 -0.0000 -0.0000 -0.0110  0.0000 -0.0000  0.0000 -0.0000  0.0000 -0.0000  0.0000 -0.0000  0.0000 -0.0000 -0.0000 -0.0000 -0.0000 -0.8558  0.0000 -0.0000 -0.0000 -0.0753  0.0000 -0.4749  0.0000 -0.0000 -0.0000 -0.1524  0.0000
    7   8.4122 THz  -0.0000  0.0000  0.7290 -0.0000  0.0000 -0.0000  0.0000  0.0000 -0.0000  0.0000  0.0000  0.0000  0.0000 -0.0000  0.0000  0.0000  0.0000  0.0000 -0.0000  0.0000  0.4378 -0.0000 -0.0000  0.0000 -0.0000  0.0000  0.5262 -0.0000 -0.0000  0.0000
    8   8.9055 THz  -0.0000  0.0000  0.0556  0.0000 -0.0000  0.0000  0.0000 -0.0000  0.0000  0.0000 -0.0000 -0.0000  0.0000 -0.0000  0.0000 -0.0000 -0.0000 -0.0000  0.0000 -0.0000  0.7283 -0.0000 -0.0000 -0.0000  0.0000 -0.0000 -0.6830  0.0000 -0.0000 -0.0000
    9   9.1342 THz  -0.0000  0.0000 -0.0000 -0.0000 -0.0000 -0.0000  0.0017  0.0023 -0.0000  0.0000  0.0357  0.0485  0.0238  0.0323 -0.0000 -0.0000  0.5907  0.8036 -0.0000 -0.0000  0.0000  0.0000  0.0000 -0.0000 -0.0000  0.0000 -0.0000 -0.0000 -0.0000 -0.0000
   10   9.3228 THz   0.0000  0.0000  0.0000  0.0000  0.0000 -0.0000 -0.0556  0.0240 -0.0000 -0.0000 -0.0125  0.0054 -0.9156  0.3951 -0.0000  0.0000  0.0377 -0.0163  0.0000  0.0000  0.0000  0.0000 -0.0000  0.0000 -0.0000 -0.0000  0.0000  0.0000 -0.0000  0.0000
   11  14.5585 THz   0.0000  0.0000  0.6822 -0.0000 -0.0000  0.0000  0.0000 -0.0000  0.0000 -0.0000  0.0000  0.0000  0.0000 -0.0000 -0.0000  0.0000  0.0000 -0.0000  0.0000 -0.0000 -0.5272  0.0000  0.0000  0.0000 -0.0000 -0.0000 -0.5066  0.0000 -0.0000  0.0000
   12  14.6359 THz  -0.0046  0.0000  0.0000 -0.0000 -0.0008 -0.0000 -0.0000 -0.0000 -0.0000 -0.0000  0.0000 -0.0000 -0.0000  0.0000 -0.0000  0.0000  0.0000  0.0000 -0.3325  0.0000 -0.0000  0.0000 -0.6469  0.0000  0.5909 -0.0000 -0.0000  0.0000  0.3490 -0.0000
   13  14.8160 THz   0.0049  0.0000 -0.0000 -0.0000 -0.0011 -0.0000 -0.0000  0.0000 -0.0000  0.0000  0.0000 -0.0000  0.0000 -0.0000 -0.0000 -0.0000  0.0000  0.0000  0.3537 -0.0000  0.0000  0.0000 -0.6005  0.0000 -0.6443  0.0000  0.0000  0.0000  0.3149 -0.0000
   14  21.6565 THz   0.0000  0.0000  0.0000 -0.0000 -0.0000  0.0000 -0.0000  0.0000  0.0000  0.0637 -0.0000 -0.0000 -0.0000  0.0000 -0.0000 -0.9980  0.0000  0.0000  0.0000  0.0000 -0.0000  0.0000 -0.0000 -0.0000 -0.0000  0.0000 -0.0000  0.0000 -0.0000  0.0000


 Q=  0.000000  0.000000  0.000000, q=  0.000000  0.000000  0.000000

                       Ti X   0        Ti Y   0        Ti Z   0        Pb X   1        Pb Y   1        Pb Z   1         O X   2         O Y   2         O Z   2         O X   3         O Y   3         O Z   3         O X   4         O Y   4         O Z   4     
                    --------------- --------------- --------------- --------------- --------------- --------------- --------------- --------------- --------------- --------------- --------------- --------------- --------------- --------------- ---------------
    0   0.0000 THz  -0.1708  0.0000 -0.1108  0.0000 -0.3413  0.0000 -0.3555  0.0000 -0.2305  0.0000 -0.7101  0.0000 -0.0988  0.0000 -0.0641  0.0000 -0.1973  0.0000 -0.0988  0.0000 -0.0641  0.0000 -0.1973  0.0000 -0.0988  0.0000 -0.0641  0.0000 -0.1973  0.0000
    1  -0.0000 THz   0.0301  0.0000  0.3722  0.0000 -0.1359  0.0000  0.0626  0.0000  0.7745  0.0000 -0.2828  0.0000  0.0174  0.0000  0.2152  0.0000 -0.0786  0.0000  0.0174  0.0000  0.2152  0.0000 -0.0786  0.0000  0.0174  0.0000  0.2152  0.0000 -0.0786  0.0000
    2   0.0000 THz   0.3576  0.0000 -0.0843  0.0000 -0.1516  0.0000  0.7439  0.0000 -0.1754  0.0000 -0.3155  0.0000  0.2067  0.0000 -0.0487  0.0000 -0.0877  0.0000  0.2067  0.0000 -0.0487  0.0000 -0.0877  0.0000  0.2067  0.0000 -0.0487  0.0000 -0.0877  0.0000
    3   3.3236 THz   0.7863  0.0000  0.0000  0.0000 -0.3087  0.0000 -0.4606  0.0000 -0.0000  0.0000  0.1907  0.0000  0.0948  0.0000  0.0000  0.0000 -0.0542  0.0000  0.1184  0.0000  0.0000  0.0000 -0.0431  0.0000  0.0843  0.0000  0.0000  0.0000 -0.0549  0.0000
    4   3.4488 THz   0.0000  0.0000 -0.8366  0.0000  0.0000  0.0000 -0.0000  0.0000  0.5042  0.0000 -0.0000  0.0000  0.0000  0.0000 -0.1023  0.0000  0.0000  0.0000  0.0000  0.0000 -0.1444  0.0000  0.0000  0.0000  0.0000  0.0000 -0.1206  0.0000  0.0000  0.0000
    5   3.4959 THz   0.3270  0.0000  0.0000  0.0000  0.7901  0.0000 -0.1764  0.0000 -0.0000  0.0000 -0.4574  0.0000  0.0218  0.0000  0.0000  0.0000  0.0898  0.0000  0.0312  0.0000  0.0000  0.0000  0.0763  0.0000  0.0160  0.0000  0.0000  0.0000  0.1134  0.0000
    6  -3.8838 THz   0.0667  0.0000 -0.0000  0.0000  0.3306  0.0000  0.0799  0.0000 -0.0000  0.0000  0.2592  0.0000 -0.1584  0.0000  0.0000  0.0000 -0.5310  0.0000 -0.1248  0.0000  0.0000  0.0000 -0.4572  0.0000 -0.1197  0.0000  0.0000  0.0000 -0.5164  0.0000
    7  -3.8944 THz   0.0000  0.0000  0.3766  0.0000  0.0000  0.0000  0.0000  0.0000  0.2478  0.0000  0.0000  0.0000 -0.0000  0.0000 -0.4700  0.0000 -0.0000  0.0000 -0.0000  0.0000 -0.5308  0.0000 -0.0000  0.0000 -0.0000  0.0000 -0.5423  0.0000 -0.0000  0.0000
    8  -3.9915 THz   0.3347  0.0000 -0.0000  0.0000 -0.1133  0.0000  0.2569  0.0000 -0.0000  0.0000 -0.0530  0.0000 -0.5265  0.0000  0.0000  0.0000  0.1382  0.0000 -0.5198  0.0000  0.0000  0.0000  0.1198  0.0000 -0.4571  0.0000  0.0000  0.0000  0.1287  0.0000
    9   7.8525 THz   0.0098  0.0000 -0.0000  0.0000  0.0190  0.0000 -0.0055  0.0000  0.0000  0.0000 -0.0021  0.0000  0.2491  0.0000 -0.0000  0.0000  0.6556  0.0000 -0.2497  0.0000 -0.0000  0.0000 -0.0137  0.0000  0.0035  0.0000 -0.0000  0.0000 -0.6672  0.0000
   10   7.8990 THz  -0.0000  0.0000 -0.0171  0.0000 -0.0000  0.0000  0.0000  0.0000  0.0063  0.0000 -0.0000  0.0000  0.0000  0.0000  0.0071  0.0000  0.0000  0.0000  0.0000  0.0000  0.7069  0.0000 -0.0000  0.0000 -0.0000  0.0000 -0.7071  0.0000 -0.0000  0.0000
   11   8.2541 THz  -0.0161  0.0000 -0.0000  0.0000 -0.0007  0.0000  0.0038  0.0000  0.0000  0.0000 -0.0075  0.0000 -0.6614  0.0000 -0.0000  0.0000  0.2574  0.0000  0.6611  0.0000 -0.0000  0.0000  0.0127  0.0000  0.0146  0.0000 -0.0000  0.0000 -0.2419  0.0000
   12  15.3491 THz   0.0011  0.0000  0.0000  0.0000 -0.0008  0.0000  0.0161  0.0000  0.0000  0.0000 -0.0180  0.0000  0.2497  0.0000 -0.0000  0.0000 -0.2766  0.0000  0.2518  0.0000  0.0000  0.0000  0.6313  0.0000 -0.5614  0.0000  0.0000  0.0000 -0.2888  0.0000
   13  15.4051 THz  -0.0000  0.0000 -0.0002  0.0000 -0.0000  0.0000  0.0000  0.0000  0.0260  0.0000  0.0000  0.0000  0.0000  0.0000 -0.8460  0.0000  0.0000  0.0000  0.0000  0.0000  0.3807  0.0000 -0.0000  0.0000 -0.0000  0.0000  0.3723  0.0000  0.0000  0.0000
   14  15.5298 THz   0.0017  0.0000  0.0000  0.0000 -0.0010  0.0000  0.0195  0.0000 -0.0000  0.0000  0.0188  0.0000  0.2712  0.0000  0.0000  0.0000  0.2503  0.0000  0.2892  0.0000 -0.0000  0.0000 -0.5632  0.0000 -0.6334  0.0000 -0.0000  0.0000  0.2471  0.0000


 Q=  0.042420 -0.063630  0.084840, q=  0.166667 -0.250000  0.333333

                       Ti X   0        Ti Y   0        Ti Z   0        Pb X   1        Pb Y   1        Pb Z   1         O X   2         O Y   2         O Z   2         O X   3         O Y   3         O Z   3         O X   4         O Y   4         O Z   4     
                    --------------- --------------- --------------- --------------- --------------- --------------- --------------- --------------- --------------- --------------- --------------- --------------- --------------- --------------- ---------------
    0   1.2080 THz   0.1410  0.0000 -0.0790  0.0000 -0.0934  0.0000  0.6987  0.0000 -0.2712  0.0000 -0.6291  0.0000 -0.0409 -0.0000  0.0025 -0.0000  0.0434 -0.0000 -0.0349 -0.0000  0.0106  0.0000  0.0135  0.0000 -0.0091  0.0000  0.0288 -0.0000  0.0405 -0.0000
    1   1.3449 THz   0.0358  0.0000  0.1325 -0.0000  0.0384 -0.0000  0.6269 -0.0000  0.6463 -0.0000  0.3996 -0.0000 -0.0160  0.0000 -0.0152  0.0000 -0.0183  0.0000 -0.0358 -0.0000 -0.0612 -0.0000 -0.0072 -0.0000 -0.0082  0.0000 -0.0448  0.0000 -0.0370  0.0000
    2   1.7295 THz   0.1925  0.0000 -0.1113 -0.0000  0.0925 -0.0000 -0.3183  0.0000  0.6870  0.0000 -0.6062 -0.0000 -0.0142 -0.0000 -0.0062 -0.0000  0.0037  0.0000 -0.0048 -0.0000 -0.0200 -0.0000  0.0024  0.0000  0.0008 -0.0000  0.0062 -0.0000 -0.0201  0.0000
    3   5.3889 THz   0.0044  0.0000  0.1617 -0.0000  0.2119 -0.0000  0.0089 -0.0000  0.0386 -0.0000  0.0210 -0.0000  0.0789 -0.0000  0.1625 -0.0000  0.6373 -0.0000 -0.0734 -0.0000  0.6155  0.0000  0.1262  0.0000  0.0096 -0.0000  0.2414 -0.0000  0.1723 -0.0000
    4   5.9793 THz  -0.6848  0.0000 -0.2680  0.0000  0.1314 -0.0000  0.0356  0.0000  0.0690  0.0000 -0.0860 -0.0000 -0.4229  0.0000 -0.0576  0.0000  0.1168 -0.0000 -0.2167 -0.0000  0.0542  0.0000  0.0150  0.0000 -0.1800  0.0000 -0.3624  0.0000  0.1375 -0.0000
    5   6.2697 THz   0.6561  0.0000 -0.0076  0.0000  0.0591 -0.0000 -0.0703  0.0000 -0.0971 -0.0000  0.1448 -0.0000 -0.3867  0.0000 -0.1549  0.0000  0.0960 -0.0000 -0.2066 -0.0000  0.0439  0.0000  0.0963  0.0000 -0.1670  0.0000 -0.4603  0.0000  0.2327 -0.0000
    6   6.6754 THz   0.0400  0.0000 -0.1141  0.0000 -0.1955  0.0000  0.0152 -0.0000  0.0041  0.0000  0.0115 -0.0000 -0.1534  0.0000 -0.0438  0.0000  0.2516 -0.0000  0.4951  0.0000  0.2547  0.0000 -0.0749 -0.0000  0.0677 -0.0000 -0.3372  0.0000 -0.6512  0.0000
    7   8.4986 THz   0.1059  0.0000 -0.8314 -0.0000  0.0252  0.0000  0.0595  0.0000  0.0200 -0.0000  0.1677  0.0000  0.4256  0.0000 -0.0232 -0.0000  0.1216 -0.0000 -0.0079 -0.0000 -0.0028 -0.0000  0.0972  0.0000  0.1768 -0.0000 -0.0859  0.0000  0.1419 -0.0000
    8   9.9047 THz   0.0365  0.0000 -0.1718 -0.0000 -0.7292 -0.0000 -0.0656 -0.0000  0.0853  0.0000  0.0753  0.0000 -0.1614 -0.0000  0.1019  0.0000  0.0476 -0.0000 -0.4700 -0.0000  0.1098  0.0000  0.0455  0.0000 -0.1715  0.0000  0.2876 -0.0000 -0.1852  0.0000
    9  10.2704 THz   0.0791  0.0000 -0.2680  0.0000  0.1008 -0.0000  0.0140 -0.0000  0.0018 -0.0000  0.1046 -0.0000 -0.5673  0.0000  0.0541 -0.0000  0.1173  0.0000  0.4236  0.0000 -0.2524 -0.0000  0.1304  0.0000 -0.0345  0.0000  0.5334 -0.0000  0.1276 -0.0000
   10  10.7306 THz  -0.0382  0.0000 -0.0217  0.0000 -0.3221 -0.0000  0.0122 -0.0000  0.0923  0.0000  0.0017 -0.0000 -0.0690  0.0000  0.1099 -0.0000 -0.4658 -0.0000  0.3799  0.0000  0.5212  0.0000 -0.0002 -0.0000  0.0516 -0.0000 -0.0925  0.0000  0.4739 -0.0000
   11  13.7480 THz  -0.0850  0.0000  0.1909  0.0000 -0.4492 -0.0000 -0.0473 -0.0000  0.0627  0.0000 -0.0401 -0.0000  0.1671  0.0000  0.0978  0.0000  0.4930 -0.0000  0.2624  0.0000 -0.4279 -0.0000 -0.0734 -0.0000 -0.0498  0.0000 -0.2283  0.0000  0.3930 -0.0000
   12  14.8642 THz  -0.0177  0.0000 -0.0269 -0.0000  0.0329  0.0000  0.0151  0.0000  0.0031  0.0000 -0.0055  0.0000  0.2788  0.0000 -0.2509 -0.0000 -0.0509 -0.0000  0.2090  0.0000  0.0504  0.0000  0.2664  0.0000 -0.8546  0.0000  0.0661 -0.0000 -0.0495  0.0000
   13  15.3694 THz  -0.0067  0.0000 -0.0319 -0.0000 -0.0635 -0.0000 -0.0023  0.0000  0.0166  0.0000  0.0139  0.0000 -0.0121  0.0000 -0.7384 -0.0000  0.1083  0.0000  0.0011  0.0000  0.1186  0.0000 -0.6020 -0.0000  0.0328 -0.0000  0.2053 -0.0000  0.1325 -0.0000
   14  23.0272 THz  -0.1135  0.0000  0.1464 -0.0000 -0.1555 -0.0000 -0.0161  0.0000  0.0256 -0.0000 -0.0396  0.0000 -0.0096 -0.0000 -0.5480  0.0000  0.0173 -0.0000  0.0013  0.0000 -0.0131 -0.0000  0.7081  0.0000  0.3695 -0.0000  0.0116 -0.0000  0.0058 -0.0000


 Q=  0.042420  0.063630  0.084840, q=  0.166667  0.250000  0.333333

                       Ti X   0        Ti Y   0        Ti Z   0        Pb X   1        Pb Y   1        Pb Z   1         O X   2         O Y   2         O Z   2         O X   3         O Y   3         O Z   3         O X   4         O Y   4         O Z   4     
                    --------------- --------------- --------------- --------------- --------------- --------------- --------------- --------------- --------------- --------------- --------------- --------------- --------------- --------------- ---------------
    0   1.2080 THz   0.1410  0.0000  0.0790  0.0000 -0.0934 -0.0000  0.6987  0.0000  0.2712  0.0000 -0.6291 -0.0000 -0.0409 -0.0000 -0.0025 -0.0000  0.0434  0.0000 -0.0349 -0.0000 -0.0106 -0.0000  0.0135  0.0000 -0.0091  0.0000 -0.0288  0.0000  0.0405 -0.0000
    1   1.3449 THz   0.0358  0.0000 -0.1325  0.0000  0.0384 -0.0000  0.6269 -0.0000 -0.6463  0.0000  0.3996 -0.0000 -0.0160  0.0000  0.0152 -0.0000 -0.0183  0.0000 -0.0358 -0.0000  0.0612  0.0000 -0.0072 -0.0000 -0.0082  0.0000  0.0448 -0.0000 -0.0370  0.0000
    2   1.7295 THz   0.1925  0.0000  0.1113 -0.0000  0.0925  0.0000 -0.3183  0.0000 -0.6870 -0.0000 -0.6062  0.0000 -0.0142 -0.0000  0.0062  0.0000  0.0037 -0.0000 -0.0048 -0.0000  0.0200  0.0000  0.0024  0.0000  0.0008 -0.0000 -0.0062  0.0000 -0.0201  0.0000
    3   5.3889 THz   0.0044  0.0000 -0.1617  0.0000  0.2119 -0.0000  0.0089 -0.0000 -0.0386  0.0000  0.0210 -0.0000  0.0789 -0.0000 -0.1625  0.0000  0.6373 -0.0000 -0.0734 -0.0000 -0.6155 -0.0000  0.1262  0.0000  0.0096 -0.0000 -0.2414  0.0000  0.1723 -0.0000
    4   5.9793 THz   0.6848  0.0000 -0.2680 -0.0000 -0.1314  0.0000 -0.0356  0.0000  0.0690 -0.0000  0.0860  0.0000  0.4229  0.0000 -0.0576 -0.0000 -0.1168  0.0000  0.2167  0.0000  0.0542  0.0000 -0.0150 -0.0000  0.1800 -0.0000 -0.3624  0.0000 -0.1375  0.0000
    5   6.2697 THz   0.6561  0.0000  0.0076 -0.0000  0.0591  0.0000 -0.0703 -0.0000  0.0971 -0.0000  0.1448  0.0000 -0.3867  0.0000  0.1549 -0.0000  0.0960  0.0000 -0.2066 -0.0000 -0.0439 -0.0000  0.0963  0.0000 -0.1670  0.0000  0.4603 -0.0000  0.2327 -0.0000
    6   6.6754 THz  -0.0400  0.0000 -0.1141  0.0000  0.1955 -0.0000 -0.0152  0.0000  0.0041  0.0000 -0.0115  0.0000  0.1534 -0.0000 -0.0438  0.0000 -0.2516  0.0000 -0.4951 -0.0000  0.2547  0.0000  0.0749  0.0000 -0.0677  0.0000 -0.3372  0.0000  0.6512 -0.0000
    7   8.4986 THz   0.1059  0.0000  0.8314  0.0000  0.0252  0.0000  0.0595  0.0000 -0.0200 -0.0000  0.1677 -0.0000  0.4256  0.0000  0.0232  0.0000  0.1216 -0.0000 -0.0079 -0.0000  0.0028  0.0000  0.0972  0.0000  0.1768 -0.0000  0.0859 -0.0000  0.1419 -0.0000
    8   9.9047 THz  -0.0365  0.0000 -0.1718 -0.0000  0.7292  0.0000  0.0656  0.0000  0.0853  0.0000 -0.0753 -0.0000  0.1614  0.0000  0.1019  0.0000 -0.0476  0.0000  0.4700  0.0000  0.1098  0.0000 -0.0455 -0.0000  0.1715 -0.0000  0.2876 -0.0000  0.1852 -0.0000
    9  10.2704 THz   0.0791  0.0000  0.2680 -0.0000  0.1008 -0.0000  0.0140 -0.0000 -0.0018 -0.0000  0.1046 -0.0000 -0.5673  0.0000 -0.0541 -0.0000  0.1173 -0.0000  0.4236  0.0000  0.2524  0.0000  0.1304  0.0000 -0.0345  0.0000 -0.5334  0.0000  0.1276 -0.0000
   10  10.7306 THz   0.0382  0.0000 -0.0217 -0.0000  0.3221  0.0000 -0.0122 -0.0000  0.0923  0.0000 -0.0017 -0.0000  0.0690  0.0000  0.1099  0.0000  0.4658  0.0000 -0.3799 -0.0000  0.5212  0.0000  0.0002  0.0000 -0.0516  0.0000 -0.0925  0.0000 -0.4739  0.0000
   11  13.7480 THz  -0.0850  0.0000 -0.1909 -0.0000 -0.4492 -0.0000 -0.0473 -0.0000 -0.0627 -0.0000 -0.0401 -0.0000  0.1671  0.0000 -0.0978 -0.0000  0.4930  0.0000  0.2624  0.0000  0.4279  0.0000 -0.0734 -0.0000 -0.0498  0.0000  0.2283 -0.0000  0.3930 -0.0000
   12  14.8642 THz  -0.0177  0.0000  0.0269 -0.0000  0.0329  0.0000  0.0151  0.0000 -0.0031 -0.0000 -0.0055 -0.0000  0.2788  0.0000  0.2509 -0.0000 -0.0509 -0.0000  0.2090  0.0000 -0.0504 -0.0000  0.2664  0.0000 -0.8546  0.0000 -0.0661  0.0000 -0.0495  0.0000
   13  15.3694 THz  -0.0067  0.0000  0.0319  0.0000 -0.0635 -0.0000 -0.0023 -0.0000 -0.0166 -0.0000  0.0139  0.0000 -0.0121 -0.0000  0.7384  0.0000  0.1083  0.0000  0.0011  0.0000 -0.1186 -0.0000 -0.6020 -0.0000  0.0328 -0.0000 -0.2053  0.0000  0.1325 -0.0000
   14  23.0272 THz   0.1135  0.0000  0.1464  0.0000  0.1555  0.0000  0.0161 -0.0000  0.0256  0.0000  0.0396  0.0000  0.0096  0.0000 -0.5480 -0.0000 -0.0173 -0.0000 -0.0013 -0.0000 -0.0131 -0.0000 -0.7081 -0.0000 -0.3695  0.0000  0.0116 -0.0000 -0.0058  0.0000


 Q=  0.084840 -0.127260 -0.084840, q=  0.333333 -0.500000 -0.333333

                       Ti X   0        Ti Y   0        Ti Z   0        Pb X   1        Pb Y   1        Pb Z   1         O X   2         O Y   2         O Z   2         O X   3         O Y   3         O Z   3         O X   4         O Y   4         O Z   4     
                    --------------- --------------- --------------- --------------- --------------- --------------- --------------- --------------- --------------- --------------- --------------- --------------- --------------- --------------- ---------------
    0   1.6047 THz  -0.0000  0.0000  0.0190 -0.0920 -0.0000  0.0000  0.1908 -0.9237 -0.0000 -0.0000 -0.0620  0.3000  0.0009 -0.0044 -0.0000  0.0000  0.0034 -0.0165 -0.0000  0.0000 -0.0174  0.0843  0.0000  0.0000 -0.0000  0.0000 -0.0011  0.0052 -0.0000  0.0000
    1   1.8022 THz   0.0000  0.0000  0.0584  0.0001 -0.0000 -0.0000 -0.3120 -0.0003  0.0000  0.0000 -0.9435 -0.0009  0.0884  0.0001 -0.0000  0.0000  0.0310  0.0000 -0.0000 -0.0000  0.0138  0.0000 -0.0000 -0.0000 -0.0000 -0.0000  0.0073  0.0000  0.0000 -0.0000
    2   1.8163 THz  -0.1080  0.0000  0.0000  0.0000  0.1051 -0.0000 -0.0000  0.0000 -0.9861  0.0000 -0.0000 -0.0000  0.0000 -0.0000  0.0050 -0.0000  0.0000 -0.0000  0.0505 -0.0000  0.0000 -0.0000  0.0009 -0.0000 -0.0007 -0.0000  0.0000 -0.0000 -0.0481 -0.0000
    3   4.1567 THz  -0.0000  0.0000  0.0245  0.0119  0.0000  0.0000 -0.0196 -0.0095 -0.0000 -0.0000  0.0664  0.0323  0.5049  0.2456  0.0000  0.0000  0.3702  0.1801 -0.0000 -0.0000 -0.3578 -0.1740  0.0000 -0.0000 -0.0000 -0.0000  0.5323  0.2589 -0.0000 -0.0000
    4   4.4131 THz  -0.0000  0.0000  0.1837  0.0170 -0.0000 -0.0000  0.0518  0.0048  0.0000  0.0000  0.0222  0.0021  0.3727  0.0346  0.0000  0.0000 -0.5635 -0.0523 -0.0000 -0.0000  0.5720  0.0531 -0.0000 -0.0000 -0.0000 -0.0000  0.4135  0.0384 -0.0000 -0.0000
    5   5.2552 THz   0.1340  0.0000  0.0000  0.0000  0.1319  0.0000  0.0000  0.0000 -0.0014  0.0000 -0.0000  0.0000  0.0000  0.0000 -0.0011 -0.0000 -0.0000  0.0000  0.6650 -0.0000  0.0000 -0.0000  0.0841 -0.0000  0.0821  0.0000  0.0000  0.0000  0.7131  0.0000
    6   9.9902 THz   0.8405  0.0000 -0.0000 -0.0000  0.4860  0.0000  0.0000  0.0000 -0.0334  0.0000 -0.0000  0.0000  0.0000  0.0000 -0.0237  0.0000 -0.0000 -0.0000 -0.0409  0.0000  0.0000 -0.0000 -0.1136  0.0000 -0.0768 -0.0000 -0.0000  0.0000 -0.1875 -0.0000
    7  10.3970 THz   0.4173  0.0000  0.0000  0.0000 -0.7917 -0.0000 -0.0000 -0.0000 -0.1020 -0.0000  0.0000  0.0000 -0.0000 -0.0000 -0.1035 -0.0000 -0.0000  0.0000  0.3271 -0.0000 -0.0000  0.0000 -0.0268  0.0000  0.0996  0.0000  0.0000 -0.0000 -0.2457 -0.0000
    8  11.5530 THz   0.0000  0.0000  0.3982  0.0291 -0.0000 -0.0000  0.0179  0.0013 -0.0000 -0.0000  0.0667  0.0049  0.2376  0.0173 -0.0000 -0.0000  0.6157  0.0449 -0.0000 -0.0000  0.5458  0.0398  0.0000 -0.0000 -0.0000 -0.0000 -0.3128 -0.0228  0.0000  0.0000
    9  11.5838 THz  -0.0000  0.0000 -0.6425 -0.1277  0.0000 -0.0000  0.0617  0.0123  0.0000 -0.0000 -0.0102 -0.0020  0.5892  0.1171  0.0000 -0.0000 -0.0800 -0.0159  0.0000 -0.0000  0.0527  0.0105 -0.0000  0.0000  0.0000  0.0000 -0.4347 -0.0864 -0.0000  0.0000
   10  11.6267 THz   0.2670  0.0000 -0.0000 -0.0000 -0.2929 -0.0000  0.0000  0.0000 -0.1246 -0.0000 -0.0000 -0.0000  0.0000  0.0000 -0.1336 -0.0000 -0.0000 -0.0000 -0.6550  0.0000 -0.0000 -0.0000  0.0324 -0.0000 -0.0366 -0.0000 -0.0000 -0.0000  0.6149  0.0000
   11  12.9845 THz  -0.0000  0.0000  0.6012 -0.0542  0.0000  0.0000 -0.0749  0.0067  0.0000 -0.0000  0.0729 -0.0066  0.3439 -0.0310 -0.0000 -0.0000 -0.3468  0.0313  0.0000 -0.0000 -0.4474  0.0403  0.0000 -0.0000 -0.0000 -0.0000 -0.4253  0.0383 -0.0000  0.0000
   12  14.6268 THz  -0.0802  0.0000  0.0000  0.0000 -0.0887 -0.0000 -0.0000 -0.0000  0.0001 -0.0000 -0.0000  0.0000  0.0000  0.0000 -0.0383  0.0000  0.0000  0.0000  0.1082 -0.0000 -0.0000 -0.0000 -0.6710  0.0000 -0.7168 -0.0000 -0.0000 -0.0000  0.0922  0.0000
   13  14.7898 THz   0.0428  0.0000  0.0000  0.0000 -0.0607 -0.0000  0.0000 -0.0000 -0.0160 -0.0000 -0.0000 -0.0000  0.0000 -0.0000  0.7506  0.0000 -0.0000  0.0000 -0.0749  0.0000 -0.0000 -0.0000 -0.4906  0.0000  0.4214  0.0000 -0.0000  0.0000  0.0834  0.0000
   14  24.1075 THz   0.1009  0.0000 -0.0000  0.0000 -0.1063  0.0000  0.0000  0.0000 -0.0173  0.0000 -0.0000 -0.0000  0.0000  0.0000  0.6371 -0.0000 -0.0000 -0.0000  0.0097 -0.0000 -0.0000 -0.0000  0.5360 -0.0000 -0.5337 -0.0000 -0.0000  0.0000 -0.0092 -0.0000


 Q=  0.084840  0.000000 -0.084840, q=  0.333333  0.000000 -0.333333

                       Ti X   0        Ti Y   0        Ti Z   0        Pb X   1        Pb Y   1        Pb Z   1         O X   2         O Y   2         O Z   2         O X   3         O Y   3         O Z   3         O X   4         O Y   4         O Z   4     
                    --------------- --------------- --------------- --------------- --------------- --------------- --------------- --------------- --------------- --------------- --------------- --------------- --------------- --------------- ---------------
    0   0.9236 THz  -0.1179  0.0000  0.0000  0.0000 -0.1350 -0.0000 -0.7316 -0.0000  0.0000 -0.0000 -0.6457 -0.0000  0.0677  0.0000 -0.0000  0.0000  0.0575  0.0000  0.0617 -0.0000 -0.0000  0.0000  0.0134 -0.0000  0.0142  0.0000 -0.0000  0.0000  0.0604  0.0000
    1   1.3928 THz  -0.0000  0.0000 -0.4153  0.0003 -0.0000  0.0000 -0.0000  0.0000 -0.9077  0.0007 -0.0000  0.0000  0.0000 -0.0000  0.0153 -0.0000  0.0000  0.0000  0.0000 -0.0000  0.0426 -0.0000  0.0000  0.0000  0.0000  0.0000  0.0406 -0.0000  0.0000  0.0000
    2   1.8642 THz  -0.1231  0.0000  0.0000 -0.0000  0.1119  0.0000  0.6523  0.0000  0.0000  0.0000 -0.7357 -0.0000  0.0607  0.0000  0.0000  0.0000 -0.0308 -0.0000 -0.0157  0.0000 -0.0000 -0.0000 -0.0074  0.0000  0.0115  0.0000 -0.0000  0.0000  0.0233  0.0000
    3   2.5380 THz  -0.0000  0.0000  0.9082  0.0096  0.0000  0.0000  0.0000  0.0000 -0.4174 -0.0044 -0.0000 -0.0000  0.0000  0.0000 -0.0164 -0.0002 -0.0000 -0.0000 -0.0000 -0.0000 -0.0153 -0.0002  0.0000 -0.0000 -0.0000 -0.0000 -0.0197 -0.0002 -0.0000 -0.0000
    4   5.2233 THz   0.1537  0.0000  0.0000 -0.0000  0.1394  0.0000  0.0416 -0.0000 -0.0000  0.0000  0.0472 -0.0000  0.1172  0.0000 -0.0000 -0.0000  0.0820  0.0000  0.6562 -0.0000 -0.0000 -0.0000  0.0964 -0.0000  0.0989  0.0000 -0.0000 -0.0000  0.6948  0.0000
    5   7.4039 THz  -0.2420  0.0000  0.0000  0.0000 -0.3242  0.0000  0.0213 -0.0000 -0.0000 -0.0000 -0.0031  0.0000 -0.5308  0.0000 -0.0000  0.0000 -0.6946  0.0000  0.1606 -0.0000 -0.0000  0.0000 -0.1074  0.0000 -0.0849 -0.0000 -0.0000  0.0000  0.1644  0.0000
    6   7.8909 THz  -0.4459  0.0000  0.0000  0.0000  0.3401 -0.0000 -0.0272  0.0000  0.0000  0.0000  0.0264  0.0000 -0.6404 -0.0000 -0.0000  0.0000  0.5041 -0.0000  0.0416 -0.0000 -0.0000  0.0000  0.0810 -0.0000 -0.0987 -0.0000 -0.0000  0.0000  0.0423  0.0000
    7   8.2221 THz   0.0000  0.0000 -0.0463  0.0229  0.0000 -0.0000  0.0000 -0.0000 -0.0375  0.0185 -0.0000  0.0000  0.0000 -0.0000 -0.3687  0.1820  0.0000 -0.0000 -0.0000  0.0000 -0.5245  0.2590 -0.0000 -0.0000  0.0000 -0.0000 -0.6240  0.3081 -0.0000  0.0000
    8   9.4605 THz   0.0000  0.0000 -0.0008 -0.0016 -0.0000 -0.0000  0.0000  0.0000 -0.0025 -0.0053  0.0000 -0.0000 -0.0000 -0.0000 -0.0163 -0.0344  0.0000 -0.0000  0.0000  0.0000 -0.3219 -0.6813 -0.0000 -0.0000  0.0000  0.0000  0.2804  0.5934 -0.0000 -0.0000
    9  10.7618 THz   0.7139  0.0000 -0.0000  0.0000  0.4575 -0.0000 -0.1060  0.0000  0.0000 -0.0000 -0.1762 -0.0000 -0.3911 -0.0000 -0.0000 -0.0000 -0.1590  0.0000  0.0589 -0.0000  0.0000 -0.0000 -0.1357  0.0000 -0.1003 -0.0000  0.0000 -0.0000 -0.1691 -0.0000
   10  11.1182 THz   0.2561  0.0000  0.0000  0.0000 -0.6221  0.0000  0.1453 -0.0000  0.0000  0.0000 -0.0620 -0.0000 -0.2314  0.0000  0.0000  0.0000  0.3871 -0.0000  0.4222 -0.0000 -0.0000  0.0000 -0.0337  0.0000  0.1199  0.0000 -0.0000 -0.0000 -0.3540 -0.0000
   11  13.8485 THz   0.3081  0.0000 -0.0000  0.0000 -0.3315 -0.0000  0.0516 -0.0000 -0.0000 -0.0000 -0.0527 -0.0000 -0.2346 -0.0000 -0.0000 -0.0000  0.2306 -0.0000 -0.5893  0.0000  0.0000  0.0000 -0.0777  0.0000  0.0680  0.0000  0.0000  0.0000  0.5689  0.0000
   12  14.2144 THz   0.0000  0.0000  0.0000  0.0000  0.0000  0.0000 -0.0000 -0.0000 -0.0113 -0.0015 -0.0000 -0.0000 -0.0000  0.0000  0.9026  0.1197 -0.0000 -0.0000 -0.0000 -0.0000 -0.2941 -0.0390 -0.0000 -0.0000 -0.0000 -0.0000 -0.2854 -0.0379  0.0000  0.0000
   13  15.4857 THz   0.0498  0.0000  0.0000 -0.0000  0.0578 -0.0000 -0.0178  0.0000 -0.0000  0.0000 -0.0184 -0.0000 -0.1563  0.0000  0.0000 -0.0000 -0.1545  0.0000 -0.0926  0.0000 -0.0000  0.0000  0.6802 -0.0000  0.6838  0.0000 -0.0000 -0.0000 -0.0799 -0.0000
   14  22.8529 THz  -0.1316  0.0000 -0.0000  0.0000  0.1396 -0.0000 -0.0312  0.0000 -0.0000 -0.0000  0.0307 -0.0000 -0.0147 -0.0000  0.0000 -0.0000  0.0142  0.0000  0.0157 -0.0000  0.0000  0.0000 -0.6957  0.0000  0.6902  0.0000  0.0000  0.0000 -0.0148 -0.0000
