
Used Primitive lattice vector

    0.000000000000      1.746262000000      1.746262000000  
    1.746262000000      0.000000000000      1.746262000000  
    1.746262000000      1.746262000000      0.000000000000  

   2 Atom(s) in the Primitive cell

 0.0000000000 0.0000000000 0.0000000000  C    0
 0.2500000000 0.2500000000 0.2500000000  C    1


 Q= -0.143163 -0.143163 -0.143163, q= -0.500000 -0.500000 -0.500000

                        C X   0         C Y   0         C Z   0         C X   1         C Y   1         C Z   1     
                    --------------- --------------- --------------- --------------- --------------- ---------------
    0  16.5046 THz  -0.5770  0.0000  0.2999 -0.0124  0.2772  0.0124 -0.4080  0.4080  0.2032 -0.2208  0.2048 -0.1872
    1  16.5046 THz  -0.0194  0.0000 -0.3270  0.3692  0.3465 -0.3692 -0.0137  0.0137  0.0298  0.4923 -0.0161 -0.5061
    2  34.9141 THz  -0.4082  0.0000 -0.4082  0.0000 -0.4082  0.0000 -0.2887  0.2887 -0.2887  0.2887 -0.2887  0.2887
    3  38.7375 THz  -0.4082  0.0000 -0.4082  0.0000 -0.4082 -0.0000  0.2887 -0.2887  0.2887 -0.2887  0.2887 -0.2887
    4  39.0070 THz   0.5300  0.0000 -0.4631  0.0074 -0.0669 -0.0074 -0.3748  0.3748  0.3222 -0.3327  0.0526 -0.0421
    5  39.0070 THz  -0.2289  0.0000 -0.3443  0.0172  0.5732 -0.0172  0.1619 -0.1619  0.2313 -0.2556 -0.3931  0.4174


 Q= -0.071581 -0.071581 -0.214744, q= -0.500000 -0.500000 -0.250000

                        C X   0         C Y   0         C Z   0         C X   1         C Y   1         C Z   1     
                    --------------- --------------- --------------- --------------- --------------- ---------------
    0  20.8020 THz  -0.5000  0.0000  0.5000 -0.0000 -0.0000 -0.0000 -0.3251  0.3798  0.3251 -0.3798 -0.0000 -0.0000
    1  25.8026 THz   0.3972  0.0000  0.3972  0.0000 -0.4252 -0.0604  0.3972 -0.0040  0.3972 -0.0040 -0.4245  0.0647
    2  31.1651 THz   0.3648  0.0000  0.3648 -0.0000  0.2484  0.4149  0.0087  0.3647  0.0087  0.3647  0.4207  0.2384
    3  36.9805 THz   0.5000  0.0000 -0.5000 -0.0000 -0.0000 -0.0000 -0.3251  0.3798  0.3251 -0.3798  0.0000  0.0000
    4  37.1981 THz   0.4266  0.0000  0.4266  0.0000  0.3535 -0.1049 -0.3415 -0.2557 -0.3415 -0.2557 -0.2201 -0.2959
    5  39.7663 THz   0.1646  0.0000  0.1646 -0.0000 -0.4406 -0.5016 -0.0926 -0.1361 -0.0926 -0.1361  0.6626  0.0822


 Q=  0.000000  0.000000 -0.286326, q= -0.500000 -0.500000  0.000000

                        C X   0         C Y   0         C Z   0         C X   1         C Y   1         C Z   1     
                    --------------- --------------- --------------- --------------- --------------- ---------------
    0  23.6934 THz   0.0000  0.0000 -0.7071  0.0000  0.0000 -0.0000 -0.0000 -0.7071 -0.0000  0.0000 -0.0000  0.0000
    1  23.6934 THz   0.7071  0.0000  0.0000 -0.0000 -0.0000 -0.0000  0.0000  0.0000 -0.0000  0.7071  0.0000  0.0000
    2  35.4848 THz   0.4071 -0.0000 -0.5782 -0.0000  0.0000  0.0000 -0.0000  0.5782  0.0000 -0.4071  0.0000  0.0000
    3  35.4848 THz  -0.5782  0.0000 -0.4071 -0.0000  0.0000  0.0000 -0.0000  0.4071  0.0000  0.5782  0.0000 -0.0000
    4  38.2246 THz  -0.0000  0.0000  0.0000  0.0000  0.9995  0.0139  0.0000 -0.0000 -0.0000  0.0000  0.0236 -0.0183
    5  38.2246 THz   0.0000  0.0000 -0.0000  0.0000 -0.0195  0.0226  0.0000  0.0000 -0.0000 -0.0000  0.0384 -0.9988


 Q=  0.071581  0.071581 -0.357907, q= -0.500000 -0.500000  0.250000

                        C X   0         C Y   0         C Z   0         C X   1         C Y   1         C Z   1     
                    --------------- --------------- --------------- --------------- --------------- ---------------
    0  20.8020 THz  -0.5000  0.0000  0.5000 -0.0000  0.0000 -0.0000  0.3251  0.3798 -0.3251 -0.3798 -0.0000  0.0000
    1  25.8026 THz   0.3972  0.0000  0.3972 -0.0000 -0.4252  0.0604 -0.3972 -0.0040 -0.3972 -0.0040  0.4245  0.0647
    2  31.1651 THz  -0.3648  0.0000 -0.3648  0.0000 -0.2484  0.4149  0.0087 -0.3647  0.0087 -0.3647  0.4207 -0.2384
    3  36.9805 THz  -0.5000  0.0000  0.5000  0.0000  0.0000  0.0000 -0.3251 -0.3798  0.3251  0.3798  0.0000 -0.0000
    4  37.1981 THz   0.4266  0.0000  0.4266  0.0000  0.3535  0.1049  0.3415 -0.2557  0.3415 -0.2557  0.2201 -0.2959
    5  39.7663 THz  -0.1646  0.0000 -0.1646  0.0000  0.4406 -0.5016 -0.0926  0.1361 -0.0926  0.1361  0.6626 -0.0822


 Q= -0.071581 -0.214744 -0.071581, q= -0.500000 -0.250000 -0.500000

                        C X   0         C Y   0         C Z   0         C X   1         C Y   1         C Z   1     
                    --------------- --------------- --------------- --------------- --------------- ---------------
    0  20.8020 THz  -0.5000  0.0000  0.0000 -0.0000  0.5000  0.0000 -0.3251  0.3798  0.0000 -0.0000  0.3251 -0.3798
    1  25.8026 THz   0.3972  0.0000 -0.4252 -0.0604  0.3972  0.0000  0.3972 -0.0040 -0.4245  0.0647  0.3972 -0.0040
    2  31.1651 THz  -0.3648  0.0000 -0.2484 -0.4149 -0.3648 -0.0000 -0.0087 -0.3647 -0.4207 -0.2384 -0.0087 -0.3647
    3  36.9805 THz   0.5000  0.0000 -0.0000 -0.0000 -0.5000 -0.0000 -0.3251  0.3798 -0.0000  0.0000  0.3251 -0.3798
    4  37.1981 THz   0.4266  0.0000  0.3535 -0.1049  0.4266  0.0000 -0.3415 -0.2557 -0.2201 -0.2959 -0.3415 -0.2557
    5  39.7663 THz  -0.1646  0.0000  0.4406  0.5016 -0.1646 -0.0000  0.0926  0.1361 -0.6626 -0.0822  0.0926  0.1361


 Q=  0.000000 -0.143163 -0.143163, q= -0.500000 -0.250000 -0.250000

                        C X   0         C Y   0         C Z   0         C X   1         C Y   1         C Z   1     
                    --------------- --------------- --------------- --------------- --------------- ---------------
    0  18.7695 THz  -0.0000  0.0000 -0.4770 -0.1500  0.4770  0.1500 -0.0000 -0.0000 -0.4770 -0.1500  0.4770  0.1500
    1  24.5895 THz  -0.7006  0.0000 -0.0000  0.0674 -0.0000  0.0674 -0.7006 -0.0000  0.0000 -0.0674 -0.0000 -0.0674
    2  27.8428 THz  -0.2568  0.0000  0.0000 -0.4659  0.0000 -0.4659  0.2568  0.0000  0.0000 -0.4659  0.0000 -0.4659
    3  37.6355 THz   0.0000  0.0000 -0.3346  0.3715  0.3346 -0.3715  0.0000  0.0000  0.3346 -0.3715 -0.3346  0.3715
    4  38.5467 THz  -0.0954  0.0000  0.0000 -0.4954  0.0000 -0.4954 -0.0954 -0.0000 -0.0000  0.4954 -0.0000  0.4954
    5  40.0491 THz   0.6588  0.0000  0.0000 -0.1816  0.0000 -0.1816 -0.6588 -0.0000 -0.0000 -0.1816 -0.0000 -0.1816


 Q=  0.071581 -0.071581 -0.214744, q= -0.500000 -0.250000  0.000000

                        C X   0         C Y   0         C Z   0         C X   1         C Y   1         C Z   1     
                    --------------- --------------- --------------- --------------- --------------- ---------------
    0  20.8020 THz   0.5000  0.0000  0.5000 -0.0000  0.0000  0.0000  0.3251  0.3798  0.3251  0.3798  0.0000  0.0000
    1  25.8026 THz  -0.3972  0.0000  0.3972 -0.0000 -0.4252  0.0604 -0.3972 -0.0040  0.3972  0.0040 -0.4245 -0.0647
    2  31.1651 THz   0.3648  0.0000 -0.3648  0.0000 -0.2484  0.4149  0.0087 -0.3647 -0.0087  0.3647 -0.4207  0.2384
    3  36.9805 THz  -0.5000  0.0000 -0.5000  0.0000 -0.0000  0.0000  0.3251  0.3798  0.3251  0.3798  0.0000 -0.0000
    4  37.1981 THz   0.4266  0.0000 -0.4266  0.0000 -0.3535 -0.1049 -0.3415  0.2557  0.3415 -0.2557  0.2201 -0.2959
    5  39.7663 THz  -0.1646  0.0000  0.1646 -0.0000 -0.4406  0.5016  0.0926 -0.1361 -0.0926  0.1361  0.6626 -0.0822


 Q=  0.143163  0.000000 -0.286326, q= -0.500000 -0.250000  0.250000

                        C X   0         C Y   0         C Z   0         C X   1         C Y   1         C Z   1     
                    --------------- --------------- --------------- --------------- --------------- ---------------
    0  28.2379 THz  -0.0000  0.0000  0.1008 -0.3216  0.3216  0.1008  0.8389  0.2629  0.0000  0.0000 -0.0000  0.0000
    1  28.2379 THz  -0.8791 -0.0000  0.0000 -0.0000  0.0000 -0.0000 -0.0000 -0.0000  0.0000 -0.3370 -0.3370 -0.0000
    2  32.2182 THz   0.0000  0.0000  0.6908 -0.0759 -0.0759 -0.6908 -0.0000 -0.0000  0.0497  0.1209 -0.1209  0.0497
    3  32.2182 THz  -0.0000  0.0000 -0.1261 -0.0342 -0.0342  0.1261 -0.0000 -0.0000  0.0107  0.6948 -0.6948  0.0107
    4  37.9221 THz  -0.0000  0.0000 -0.6168  0.0778 -0.0778 -0.6168  0.0596  0.4728 -0.0000  0.0000 -0.0000 -0.0000
    5  37.9221 THz   0.4766  0.0000 -0.0000  0.0000 -0.0000  0.0000  0.0000 -0.0000  0.0000 -0.6216 -0.6216 -0.0000


 Q=  0.000000 -0.286326  0.000000, q= -0.500000  0.000000 -0.500000

                        C X   0         C Y   0         C Z   0         C X   1         C Y   1         C Z   1     
                    --------------- --------------- --------------- --------------- --------------- ---------------
    0  23.6934 THz   0.0000  0.0000 -0.0000  0.0000 -0.7071 -0.0000  0.0000 -0.7071 -0.0000 -0.0000 -0.0000 -0.0000
    1  23.6934 THz   0.7071  0.0000  0.0000 -0.0000 -0.0000  0.0000  0.0000 -0.0000  0.0000 -0.0000 -0.0000  0.7071
    2  35.4848 THz   0.0000  0.0000  0.0000  0.0000 -0.7071  0.0000  0.0000  0.7071  0.0000 -0.0000  0.0000  0.0000
    3  35.4848 THz  -0.7071  0.0000  0.0000 -0.0000 -0.0000  0.0000  0.0000 -0.0000  0.0000 -0.0000 -0.0000  0.7071
    4  38.2246 THz   0.0000  0.0000  0.1606  0.0628  0.0000 -0.0000 -0.0000 -0.0000  0.9788 -0.1108  0.0000 -0.0000
    5  38.2246 THz   0.0000  0.0000 -0.9850  0.0097  0.0000 -0.0000 -0.0000 -0.0000  0.1518 -0.0820  0.0000  0.0000


 Q=  0.071581 -0.214744 -0.071581, q= -0.500000  0.000000 -0.250000

                        C X   0         C Y   0         C Z   0         C X   1         C Y   1         C Z   1     
                    --------------- --------------- --------------- --------------- --------------- ---------------
    0  20.8020 THz   0.5000  0.0000  0.0000  0.0000  0.5000 -0.0000  0.3251  0.3798  0.0000  0.0000  0.3251  0.3798
    1  25.8026 THz  -0.3972  0.0000 -0.4252  0.0604  0.3972 -0.0000 -0.3972 -0.0040 -0.4245 -0.0647  0.3972  0.0040
    2  31.1651 THz  -0.3648  0.0000  0.2484 -0.4149  0.3648 -0.0000 -0.0087  0.3647  0.4207 -0.2384  0.0087 -0.3647
    3  36.9805 THz  -0.5000  0.0000 -0.0000  0.0000 -0.5000  0.0000  0.3251  0.3798 -0.0000 -0.0000  0.3251  0.3798
    4  37.1981 THz   0.4266  0.0000 -0.3535 -0.1049 -0.4266  0.0000 -0.3415  0.2557  0.2201 -0.2959  0.3415 -0.2557
    5  39.7663 THz   0.1646  0.0000  0.4406 -0.5016 -0.1646 -0.0000 -0.0926  0.1361 -0.6626  0.0822  0.0926 -0.1361


 Q=  0.143163 -0.143163 -0.143163, q= -0.500000  0.000000  0.000000

                        C X   0         C Y   0         C Z   0         C X   1         C Y   1         C Z   1     
                    --------------- --------------- --------------- --------------- --------------- ---------------
    0  16.5046 THz   0.5126  0.0000  0.4856  0.0195  0.0270 -0.0195  0.3624  0.3624  0.3295  0.3572  0.0329  0.0053
    1  16.5046 THz  -0.2657  0.0000  0.3094  0.0377 -0.5752 -0.0377 -0.1879 -0.1879  0.1921  0.2455 -0.3800 -0.4334
    2  34.9141 THz   0.4082  0.0000 -0.4082 -0.0000 -0.4082 -0.0000  0.2887  0.2887 -0.2887 -0.2887 -0.2887 -0.2887
    3  38.7375 THz  -0.4082  0.0000  0.4082 -0.0000  0.4082  0.0000  0.2887  0.2887 -0.2887 -0.2887 -0.2887 -0.2887
    4  39.0070 THz   0.3608  0.0000  0.5695 -0.0317 -0.2086  0.0317 -0.2551 -0.2551 -0.4251 -0.3803  0.1699  0.1251
    5  39.0070 THz   0.4507  0.0000 -0.0861  0.0254  0.5368 -0.0254 -0.3187 -0.3187  0.0788  0.0429 -0.3975 -0.3616


 Q=  0.214744 -0.071581 -0.214744, q= -0.500000  0.000000  0.250000

                        C X   0         C Y   0         C Z   0         C X   1         C Y   1         C Z   1     
                    --------------- --------------- --------------- --------------- --------------- ---------------
    0  20.8020 THz   0.5000  0.0000  0.0000 -0.0000  0.5000  0.0000  0.3798  0.3251  0.0000  0.0000  0.3798  0.3251
    1  25.8026 THz  -0.3972  0.0000 -0.4252 -0.0604  0.3972  0.0000 -0.0040 -0.3972 -0.0647 -0.4245  0.0040  0.3972
    2  31.1651 THz   0.3648  0.0000 -0.2484 -0.4149 -0.3648 -0.0000 -0.3647  0.0087  0.2384 -0.4207  0.3647 -0.0087
    3  36.9805 THz  -0.5000  0.0000 -0.0000 -0.0000 -0.5000 -0.0000  0.3798  0.3251 -0.0000 -0.0000  0.3798  0.3251
    4  37.1981 THz   0.4266  0.0000 -0.3535  0.1049 -0.4266 -0.0000  0.2557 -0.3415 -0.2959  0.2201 -0.2557  0.3415
    5  39.7663 THz  -0.1646  0.0000 -0.4406 -0.5016  0.1646  0.0000 -0.1361  0.0926 -0.0822  0.6626  0.1361 -0.0926


 Q=  0.071581 -0.357907  0.071581, q= -0.500000  0.250000 -0.500000

                        C X   0         C Y   0         C Z   0         C X   1         C Y   1         C Z   1     
                    --------------- --------------- --------------- --------------- --------------- ---------------
    0  20.8020 THz  -0.5000  0.0000  0.0000  0.0000  0.5000 -0.0000  0.3251  0.3798 -0.0000 -0.0000 -0.3251 -0.3798
    1  25.8026 THz   0.3972  0.0000 -0.4252  0.0604  0.3972 -0.0000 -0.3972 -0.0040  0.4245  0.0647 -0.3972 -0.0040
    2  31.1651 THz   0.3648  0.0000  0.2484 -0.4149  0.3648 -0.0000 -0.0087  0.3647 -0.4207  0.2384 -0.0087  0.3647
    3  36.9805 THz  -0.5000  0.0000  0.0000 -0.0000  0.5000 -0.0000 -0.3251 -0.3798 -0.0000 -0.0000  0.3251  0.3798
    4  37.1981 THz   0.4266  0.0000  0.3535  0.1049  0.4266 -0.0000  0.3415 -0.2557  0.2201 -0.2959  0.3415 -0.2557
    5  39.7663 THz   0.1646  0.0000 -0.4406  0.5016  0.1646 -0.0000  0.0926 -0.1361 -0.6626  0.0822  0.0926 -0.1361


 Q=  0.143163 -0.286326  0.000000, q= -0.500000  0.250000 -0.250000

                        C X   0         C Y   0         C Z   0         C X   1         C Y   1         C Z   1     
                    --------------- --------------- --------------- --------------- --------------- ---------------
    0  28.2379 THz  -0.0000  0.0000  0.3255 -0.0874 -0.0874 -0.3255  0.8491 -0.2280 -0.0000 -0.0000 -0.0000  0.0000
    1  28.2379 THz   0.8791  0.0000  0.0000 -0.0000 -0.0000 -0.0000  0.0000 -0.0000  0.3370 -0.0000 -0.0000  0.3370
    2  32.2182 THz  -0.0000  0.0000  0.2780 -0.5903  0.5903  0.2780 -0.0000  0.0000  0.1908  0.1947  0.1947 -0.1908
    3  32.2182 THz  -0.0000  0.0000  0.1230  0.2433 -0.2433  0.1230  0.0000 -0.0000  0.6483 -0.0732 -0.0732 -0.6483
    4  37.9221 THz   0.4766  0.0000  0.0000  0.0000 -0.0000 -0.0000  0.0000 -0.0000 -0.6216  0.0000 -0.0000 -0.6216
    5  37.9221 THz  -0.0000  0.0000  0.6188 -0.0597 -0.0597 -0.6188 -0.4744  0.0458  0.0000  0.0000  0.0000  0.0000


 Q=  0.214744 -0.214744 -0.071581, q= -0.500000  0.250000  0.000000

                        C X   0         C Y   0         C Z   0         C X   1         C Y   1         C Z   1     
                    --------------- --------------- --------------- --------------- --------------- ---------------
    0  20.8020 THz   0.5000  0.0000  0.5000  0.0000  0.0000 -0.0000  0.3798  0.3251  0.3798  0.3251  0.0000  0.0000
    1  25.8026 THz  -0.3972  0.0000  0.3972  0.0000 -0.4252 -0.0604 -0.0040 -0.3972  0.0040  0.3972 -0.0647 -0.4245
    2  31.1651 THz  -0.3648  0.0000  0.3648  0.0000  0.2484  0.4149  0.3647 -0.0087 -0.3647  0.0087 -0.2384  0.4207
    3  36.9805 THz   0.5000  0.0000  0.5000  0.0000  0.0000  0.0000 -0.3798 -0.3251 -0.3798 -0.3251  0.0000  0.0000
    4  37.1981 THz   0.4266  0.0000 -0.4266 -0.0000 -0.3535  0.1049  0.2557 -0.3415 -0.2557  0.3415 -0.2959  0.2201
    5  39.7663 THz  -0.1646  0.0000  0.1646 -0.0000 -0.4406 -0.5016 -0.1361  0.0926  0.1361 -0.0926 -0.0822  0.6626


 Q=  0.286326 -0.143163 -0.143163, q= -0.500000  0.250000  0.250000

                        C X   0         C Y   0         C Z   0         C X   1         C Y   1         C Z   1     
                    --------------- --------------- --------------- --------------- --------------- ---------------
    0  18.7695 THz  -0.0000  0.0000 -0.4715  0.1665  0.4715 -0.1665 -0.0000 -0.0000 -0.1665 -0.4715  0.1665  0.4715
    1  24.5895 THz  -0.7006  0.0000 -0.0000 -0.0674 -0.0000 -0.0674 -0.0000 -0.7006 -0.0674 -0.0000 -0.0674 -0.0000
    2  27.8428 THz  -0.2568  0.0000  0.0000  0.4659  0.0000  0.4659  0.0000  0.2568 -0.4659  0.0000 -0.4659  0.0000
    3  37.6355 THz  -0.0000  0.0000  0.4223  0.2677 -0.4223 -0.2677 -0.0000  0.0000  0.2677 -0.4223 -0.2677  0.4223
    4  38.5467 THz  -0.0954  0.0000  0.0000  0.4954  0.0000  0.4954 -0.0000 -0.0954  0.4954 -0.0000  0.4954 -0.0000
    5  40.0491 THz   0.6588  0.0000  0.0000  0.1816  0.0000  0.1816 -0.0000 -0.6588 -0.1816 -0.0000 -0.1816 -0.0000


 Q= -0.214744 -0.071581 -0.071581, q= -0.250000 -0.500000 -0.500000

                        C X   0         C Y   0         C Z   0         C X   1         C Y   1         C Z   1     
                    --------------- --------------- --------------- --------------- --------------- ---------------
    0  20.8020 THz   0.0000  0.0000 -0.4567 -0.2035  0.4567  0.2035  0.0000 -0.0000 -0.4516  0.2146  0.4516 -0.2146
    1  25.8026 THz   0.4295  0.0000 -0.3933  0.0559 -0.3933  0.0559  0.4112 -0.1238 -0.3927  0.0599 -0.3927  0.0599
    2  31.1651 THz   0.4835  0.0000  0.1874 -0.3130  0.1874 -0.3130  0.4206 -0.2385  0.3174  0.1799  0.3174  0.1799
    3  36.9805 THz   0.0000  0.0000  0.0966  0.4906 -0.0966 -0.4906 -0.0000 -0.0000 -0.4355 -0.2456  0.4355  0.2456
    4  37.1981 THz   0.3688  0.0000  0.4090  0.1214  0.4090  0.1214 -0.1268 -0.3463 -0.2547 -0.3423 -0.2547 -0.3423
    5  39.7663 THz  -0.6677  0.0000  0.1086 -0.1237  0.1086 -0.1237  0.4991 -0.4435 -0.1634 -0.0203 -0.1634 -0.0203


 Q= -0.143163  0.000000 -0.143163, q= -0.250000 -0.500000 -0.250000

                        C X   0         C Y   0         C Z   0         C X   1         C Y   1         C Z   1     
                    --------------- --------------- --------------- --------------- --------------- ---------------
    0  18.7695 THz  -0.5000  0.0000  0.0000  0.0000  0.5000  0.0000 -0.5000  0.0000  0.0000  0.0000  0.5000 -0.0000
    1  24.5895 THz   0.0674  0.0000  0.0000  0.7006  0.0674  0.0000 -0.0674 -0.0000  0.0000  0.7006 -0.0674 -0.0000
    2  27.8428 THz   0.4659  0.0000 -0.0000 -0.2568  0.4659  0.0000  0.4659  0.0000  0.0000  0.2568  0.4659  0.0000
    3  37.6355 THz  -0.5000  0.0000  0.0000  0.0000  0.5000  0.0000  0.5000 -0.0000 -0.0000 -0.0000 -0.5000 -0.0000
    4  38.5467 THz   0.4954  0.0000  0.0000 -0.0954  0.4954  0.0000 -0.4954 -0.0000 -0.0000 -0.0954 -0.4954 -0.0000
    5  40.0491 THz  -0.1816  0.0000  0.0000 -0.6588 -0.1816  0.0000 -0.1816 -0.0000 -0.0000  0.6588 -0.1816 -0.0000


 Q= -0.071581  0.071581 -0.214744, q= -0.250000 -0.500000  0.000000

                        C X   0         C Y   0         C Z   0         C X   1         C Y   1         C Z   1     
                    --------------- --------------- --------------- --------------- --------------- ---------------
    0  20.8020 THz   0.5000  0.0000  0.5000 -0.0000  0.0000 -0.0000  0.3251  0.3798  0.3251  0.3798  0.0000 -0.0000
    1  25.8026 THz   0.3972  0.0000 -0.3972  0.0000 -0.4252  0.0604  0.3972  0.0040 -0.3972 -0.0040 -0.4245 -0.0647
    2  31.1651 THz   0.3648  0.0000 -0.3648  0.0000  0.2484 -0.4149  0.0087 -0.3647 -0.0087  0.3647  0.4207 -0.2384
    3  36.9805 THz   0.5000  0.0000  0.5000 -0.0000 -0.0000  0.0000 -0.3251 -0.3798 -0.3251 -0.3798 -0.0000 -0.0000
    4  37.1981 THz   0.4266  0.0000 -0.4266  0.0000  0.3535  0.1049 -0.3415  0.2557  0.3415 -0.2557 -0.2201  0.2959
    5  39.7663 THz  -0.1646  0.0000  0.1646  0.0000  0.4406 -0.5016  0.0926 -0.1361 -0.0926  0.1361 -0.6626  0.0822


 Q=  0.000000  0.143163 -0.286326, q= -0.250000 -0.500000  0.250000

                        C X   0         C Y   0         C Z   0         C X   1         C Y   1         C Z   1     
                    --------------- --------------- --------------- --------------- --------------- ---------------
    0  28.2379 THz   0.2060  0.0000  0.6848  0.1228  0.0000  0.2060 -0.0471  0.2625  0.0000  0.5375  0.2625  0.0471
    1  28.2379 THz   0.2667  0.0000 -0.5290 -0.0948  0.0000  0.2667  0.0364 -0.2028  0.0000  0.6957 -0.2028 -0.0364
    2  32.2182 THz   0.7043  0.0000 -0.0000  0.0000 -0.0000 -0.7043  0.0497 -0.0385 -0.0000 -0.0000  0.0385  0.0497
    3  32.2182 THz   0.0629  0.0000 -0.0000 -0.0000  0.0000 -0.0629 -0.5568  0.4313  0.0000 -0.0000 -0.4313 -0.5568
    4  37.9221 THz   0.6216  0.0000  0.0000 -0.0000  0.0000  0.6216 -0.0000 -0.0000 -0.0000 -0.4766 -0.0000 -0.0000
    5  37.9221 THz   0.0000  0.0000 -0.4762 -0.0178 -0.0000  0.0000 -0.0232  0.6212  0.0000 -0.0000  0.6212  0.0232


 Q= -0.143163 -0.143163  0.000000, q= -0.250000 -0.250000 -0.500000

                        C X   0         C Y   0         C Z   0         C X   1         C Y   1         C Z   1     
                    --------------- --------------- --------------- --------------- --------------- ---------------
    0  18.7695 THz  -0.5000  0.0000  0.5000 -0.0000 -0.0000  0.0000 -0.5000  0.0000  0.5000 -0.0000 -0.0000 -0.0000
    1  24.5895 THz   0.0674  0.0000  0.0674  0.0000 -0.0000  0.7006 -0.0674 -0.0000 -0.0674 -0.0000 -0.0000  0.7006
    2  27.8428 THz   0.4659  0.0000  0.4659 -0.0000  0.0000 -0.2568  0.4659  0.0000  0.4659  0.0000  0.0000  0.2568
    3  37.6355 THz  -0.5000  0.0000  0.5000 -0.0000 -0.0000  0.0000  0.5000 -0.0000 -0.5000  0.0000  0.0000 -0.0000
    4  38.5467 THz   0.4954  0.0000  0.4954 -0.0000 -0.0000 -0.0954 -0.4954  0.0000 -0.4954  0.0000  0.0000 -0.0954
    5  40.0491 THz  -0.1816  0.0000 -0.1816 -0.0000  0.0000 -0.6588 -0.1816 -0.0000 -0.1816 -0.0000 -0.0000  0.6588


 Q= -0.071581 -0.071581 -0.071581, q= -0.250000 -0.250000 -0.250000

                        C X   0         C Y   0         C Z   0         C X   1         C Y   1         C Z   1     
                    --------------- --------------- --------------- --------------- --------------- ---------------
    0  12.5383 THz  -0.5579  0.0000  0.4062  0.0187  0.1517 -0.0187 -0.5458  0.1154  0.4013 -0.0658  0.1445 -0.0497
    1  12.5383 THz   0.1486  0.0000  0.4038  0.0702 -0.5523 -0.0702  0.1453 -0.0307  0.4095 -0.0149 -0.5549  0.0456
    2  22.6203 THz  -0.4082 -0.0000 -0.4082 -0.0000 -0.4082 -0.0000 -0.4024 -0.0689 -0.4024 -0.0689 -0.4024 -0.0689
    3  40.0220 THz   0.5477  0.0000 -0.4312 -0.0165 -0.1165  0.0165 -0.5359  0.1133  0.4252 -0.0731  0.1106 -0.0402
    4  40.0220 THz  -0.1826  0.0000 -0.3804 -0.0494  0.5631  0.0494  0.1787 -0.0378  0.3824 -0.0303 -0.5611  0.0681
    5  41.6462 THz  -0.4082  0.0000 -0.4082 -0.0000 -0.4082 -0.0000  0.4024  0.0689  0.4024  0.0689  0.4024  0.0689


 Q=  0.000000  0.000000 -0.143163, q= -0.250000 -0.250000  0.000000

                        C X   0         C Y   0         C Z   0         C X   1         C Y   1         C Z   1     
                    --------------- --------------- --------------- --------------- --------------- ---------------
    0  16.6957 THz  -0.6544  0.0000  0.2373  0.1244 -0.0000  0.0000 -0.6603  0.0746  0.2253 -0.0877 -0.0000  0.0000
    1  16.6957 THz   0.2680  0.0000  0.5795  0.3039 -0.0000 -0.0000  0.1588  0.1823  0.5501  0.3727 -0.0000  0.0000
    2  23.9742 THz   0.0000  0.0000 -0.0000 -0.0000 -0.5863  0.3953 -0.0000 -0.0000 -0.0000  0.0000 -0.5863  0.3953
    3  38.7285 THz   0.5834  0.0000  0.3695 -0.1520 -0.0000 -0.0000 -0.6016 -0.1162 -0.3508 -0.0392  0.0000  0.0000
    4  38.7285 THz  -0.3996  0.0000  0.5395 -0.2219 -0.0000 -0.0000  0.3095 -0.1697 -0.5122  0.3363  0.0000  0.0000
    5  42.0914 THz   0.0000  0.0000  0.0000 -0.0000  0.6592  0.2557 -0.0000 -0.0000 -0.0000  0.0000 -0.6592 -0.2557


 Q=  0.071581  0.071581 -0.214744, q= -0.250000 -0.250000  0.250000

                        C X   0         C Y   0         C Z   0         C X   1         C Y   1         C Z   1     
                    --------------- --------------- --------------- --------------- --------------- ---------------
    0  20.8020 THz  -0.5000  0.0000  0.5000  0.0000 -0.0000 -0.0000 -0.3251  0.3798  0.3251 -0.3798 -0.0000  0.0000
    1  25.8026 THz  -0.3972  0.0000 -0.3972 -0.0000 -0.4252 -0.0604 -0.3972  0.0040 -0.3972  0.0040 -0.4245  0.0647
    2  31.1651 THz   0.3648  0.0000  0.3648  0.0000 -0.2484 -0.4149  0.0087  0.3647  0.0087  0.3647 -0.4207 -0.2384
    3  36.9805 THz  -0.5000  0.0000  0.5000  0.0000 -0.0000 -0.0000  0.3251 -0.3798 -0.3251  0.3798 -0.0000  0.0000
    4  37.1981 THz   0.4266  0.0000  0.4266  0.0000 -0.3535  0.1049 -0.3415 -0.2557 -0.3415 -0.2557  0.2201  0.2959
    5  39.7663 THz   0.1646  0.0000  0.1646  0.0000  0.4406  0.5016 -0.0926 -0.1361 -0.0926 -0.1361 -0.6626 -0.0822


 Q= -0.071581 -0.214744  0.071581, q= -0.250000  0.000000 -0.500000

                        C X   0         C Y   0         C Z   0         C X   1         C Y   1         C Z   1     
                    --------------- --------------- --------------- --------------- --------------- ---------------
    0  20.8020 THz  -0.5000  0.0000 -0.0000  0.0000 -0.5000  0.0000 -0.3251 -0.3798 -0.0000  0.0000 -0.3251 -0.3798
    1  25.8026 THz  -0.3972  0.0000  0.4252 -0.0604  0.3972 -0.0000 -0.3972 -0.0040  0.4245  0.0647  0.3972  0.0040
    2  31.1651 THz  -0.3648  0.0000 -0.2484  0.4149  0.3648 -0.0000 -0.0087  0.3647 -0.4207  0.2384  0.0087 -0.3647
    3  36.9805 THz  -0.5000  0.0000  0.0000 -0.0000 -0.5000  0.0000  0.3251  0.3798  0.0000  0.0000  0.3251  0.3798
    4  37.1981 THz   0.4266  0.0000  0.3535  0.1049 -0.4266  0.0000 -0.3415  0.2557 -0.2201  0.2959  0.3415 -0.2557
    5  39.7663 THz  -0.1646  0.0000  0.4406 -0.5016  0.1646 -0.0000  0.0926 -0.1361 -0.6626  0.0822 -0.0926  0.1361


 Q=  0.000000 -0.143163  0.000000, q= -0.250000  0.000000 -0.250000

                        C X   0         C Y   0         C Z   0         C X   1         C Y   1         C Z   1     
                    --------------- --------------- --------------- --------------- --------------- ---------------
    0  16.6957 THz   0.6712  0.0000 -0.0000 -0.0000  0.0052 -0.2224  0.7071  0.0016 -0.0000 -0.0000  0.0049  0.0000
    1  16.6957 THz   0.2225  0.0000  0.0000  0.0000 -0.0156  0.6710  0.0001 -0.0049  0.0000  0.0000 -0.0148  0.7069
    2  23.9742 THz   0.0000  0.0000  0.7049  0.0556 -0.0000 -0.0000  0.0000  0.0000  0.7049  0.0556 -0.0000 -0.0000
    3  38.7285 THz   0.7071  0.0000 -0.0000 -0.0000  0.0000  0.0000 -0.6712 -0.0000  0.0000 -0.0000 -0.0000 -0.2224
    4  38.7285 THz  -0.0000  0.0000  0.0000  0.0000  0.0314  0.7064  0.2222 -0.0099 -0.0000  0.0000 -0.0298 -0.6706
    5  42.0914 THz   0.0000  0.0000  0.7066  0.0280 -0.0000 -0.0000 -0.0000 -0.0000 -0.7066 -0.0280 -0.0000 -0.0000


 Q=  0.071581 -0.071581 -0.071581, q= -0.250000  0.000000  0.000000

                        C X   0         C Y   0         C Z   0         C X   1         C Y   1         C Z   1     
                    --------------- --------------- --------------- --------------- --------------- ---------------
    0  12.5383 THz   0.5383  0.0000  0.4498  0.0018  0.0885 -0.0018  0.5267  0.1114  0.4397  0.0948  0.0870  0.0166
    1  12.5383 THz  -0.2086  0.0000  0.3619  0.0046 -0.5705 -0.0046 -0.2041 -0.0432  0.3531  0.0794 -0.5572 -0.1225
    2  22.6203 THz   0.4082  0.0000 -0.4082  0.0000 -0.4082  0.0000  0.4024 -0.0689 -0.4024  0.0689 -0.4024  0.0689
    3  40.0220 THz   0.5152  0.0000  0.4831 -0.0078  0.0321  0.0078 -0.5041 -0.1066 -0.4743 -0.0923 -0.0298 -0.0143
    4  40.0220 THz   0.2605  0.0000 -0.3157  0.0154  0.5762 -0.0154 -0.2549 -0.0539  0.3120  0.0502 -0.5669 -0.1041
    5  41.6462 THz  -0.4082  0.0000  0.4082 -0.0000  0.4082 -0.0000  0.4024 -0.0689 -0.4024  0.0689 -0.4024  0.0689


 Q=  0.143163  0.000000 -0.143163, q= -0.250000  0.000000  0.250000

                        C X   0         C Y   0         C Z   0         C X   1         C Y   1         C Z   1     
                    --------------- --------------- --------------- --------------- --------------- ---------------
    0  18.7695 THz  -0.5000  0.0000 -0.0000  0.0000 -0.5000 -0.0000 -0.5000 -0.0000 -0.0000  0.0000 -0.5000  0.0000
    1  24.5895 THz  -0.0674  0.0000 -0.0000 -0.7006  0.0674  0.0000  0.0674 -0.0000 -0.0000 -0.7006 -0.0674  0.0000
    2  27.8428 THz  -0.4659  0.0000  0.0000  0.2568  0.4659  0.0000 -0.4659 -0.0000  0.0000 -0.2568  0.4659 -0.0000
    3  37.6355 THz  -0.5000  0.0000 -0.0000  0.0000 -0.5000 -0.0000  0.5000 -0.0000 -0.0000 -0.0000  0.5000  0.0000
    4  38.5467 THz   0.4954  0.0000 -0.0000 -0.0954 -0.4954 -0.0000 -0.4954  0.0000  0.0000 -0.0954  0.4954 -0.0000
    5  40.0491 THz  -0.1816  0.0000 -0.0000 -0.6588  0.1816 -0.0000 -0.1816  0.0000  0.0000  0.6588  0.1816 -0.0000


 Q=  0.000000 -0.286326  0.143163, q= -0.250000  0.250000 -0.500000

                        C X   0         C Y   0         C Z   0         C X   1         C Y   1         C Z   1     
                    --------------- --------------- --------------- --------------- --------------- ---------------
    0  28.2379 THz   0.0000  0.0000  0.0000  0.0000  0.3679 -0.7985  0.3061  0.1410  0.1410 -0.3061  0.0000  0.0000
    1  28.2379 THz   0.3370  0.0000  0.0000  0.3370 -0.0000  0.0000 -0.0000 -0.0000 -0.0000 -0.0000  0.0000  0.8791
    2  32.2182 THz   0.7071  0.0000 -0.0000 -0.7071  0.0000 -0.0000  0.0000 -0.0000  0.0000  0.0000 -0.0000 -0.0000
    3  32.2182 THz   0.0000  0.0000 -0.0000  0.0000  0.0000  0.0000  0.6404 -0.2999  0.2999  0.6404  0.0000  0.0000
    4  37.9221 THz   0.0000  0.0000 -0.0000 -0.0000 -0.2219  0.4218  0.5502  0.2894  0.2894 -0.5502 -0.0000 -0.0000
    5  37.9221 THz   0.6216  0.0000  0.0000  0.6216 -0.0000  0.0000  0.0000  0.0000 -0.0000  0.0000  0.0000 -0.4766


 Q=  0.071581 -0.214744  0.071581, q= -0.250000  0.250000 -0.250000

                        C X   0         C Y   0         C Z   0         C X   1         C Y   1         C Z   1     
                    --------------- --------------- --------------- --------------- --------------- ---------------
    0  20.8020 THz   0.5000  0.0000  0.0000 -0.0000 -0.5000 -0.0000  0.3251 -0.3798  0.0000 -0.0000 -0.3251  0.3798
    1  25.8026 THz   0.3972  0.0000  0.4252  0.0604  0.3972  0.0000  0.3972 -0.0040  0.4245 -0.0647  0.3972 -0.0040
    2  31.1651 THz  -0.3648  0.0000  0.2484  0.4149 -0.3648 -0.0000 -0.0087 -0.3647  0.4207  0.2384 -0.0087 -0.3647
    3  36.9805 THz   0.5000  0.0000 -0.0000  0.0000 -0.5000 -0.0000 -0.3251  0.3798  0.0000 -0.0000  0.3251 -0.3798
    4  37.1981 THz   0.4266  0.0000 -0.3535  0.1049  0.4266  0.0000 -0.3415 -0.2557  0.2201  0.2959 -0.3415 -0.2557
    5  39.7663 THz   0.1646  0.0000  0.4406  0.5016  0.1646  0.0000 -0.0926 -0.1361 -0.6626 -0.0822 -0.0926 -0.1361


 Q=  0.143163 -0.143163  0.000000, q= -0.250000  0.250000  0.000000

                        C X   0         C Y   0         C Z   0         C X   1         C Y   1         C Z   1     
                    --------------- --------------- --------------- --------------- --------------- ---------------
    0  18.7695 THz   0.5000  0.0000  0.5000  0.0000  0.0000 -0.0000  0.5000  0.0000  0.5000  0.0000  0.0000  0.0000
    1  24.5895 THz  -0.0674  0.0000  0.0674  0.0000  0.0000 -0.7006  0.0674  0.0000 -0.0674 -0.0000  0.0000 -0.7006
    2  27.8428 THz  -0.4659  0.0000  0.4659  0.0000 -0.0000  0.2568 -0.4659 -0.0000  0.4659  0.0000 -0.0000 -0.2568
    3  37.6355 THz   0.5000  0.0000  0.5000  0.0000 -0.0000 -0.0000 -0.5000  0.0000 -0.5000 -0.0000  0.0000  0.0000
    4  38.5467 THz   0.4954  0.0000 -0.4954 -0.0000  0.0000 -0.0954 -0.4954 -0.0000  0.4954  0.0000 -0.0000 -0.0954
    5  40.0491 THz  -0.1816  0.0000  0.1816 -0.0000  0.0000 -0.6588 -0.1816 -0.0000  0.1816  0.0000 -0.0000  0.6588


 Q=  0.214744 -0.071581 -0.071581, q= -0.250000  0.250000  0.250000

                        C X   0         C Y   0         C Z   0         C X   1         C Y   1         C Z   1     
                    --------------- --------------- --------------- --------------- --------------- ---------------
    0  20.8020 THz  -0.0000  0.0000 -0.3575  0.3496  0.3575 -0.3496 -0.0000 -0.0000 -0.4980 -0.0443  0.4980  0.0443
    1  25.8026 THz   0.4295  0.0000  0.3933  0.0559  0.3933  0.0559  0.4112  0.1238  0.3927  0.0599  0.3927  0.0599
    2  31.1651 THz  -0.4835  0.0000  0.1874  0.3130  0.1874  0.3130 -0.4206 -0.2385  0.3174 -0.1799  0.3174 -0.1799
    3  36.9805 THz   0.0000  0.0000  0.2670  0.4227 -0.2670 -0.4227 -0.0000  0.0000  0.1475 -0.4778 -0.1475  0.4778
    4  37.1981 THz   0.3688  0.0000 -0.4090  0.1214 -0.4090  0.1214 -0.1268  0.3463  0.2547 -0.3423  0.2547 -0.3423
    5  39.7663 THz   0.6677  0.0000  0.1086  0.1237  0.1086  0.1237 -0.4991 -0.4435 -0.1634  0.0203 -0.1634  0.0203


 Q= -0.286326  0.000000  0.000000, q=  0.000000 -0.500000 -0.500000

                        C X   0         C Y   0         C Z   0         C X   1         C Y   1         C Z   1     
                    --------------- --------------- --------------- --------------- --------------- ---------------
    0  23.6934 THz   0.0000  0.0000 -0.2667  0.0000 -0.6549 -0.0000 -0.0000  0.0000  0.0000 -0.6549 -0.0000 -0.2667
    1  23.6934 THz   0.0000  0.0000  0.6375 -0.1498 -0.2596  0.0610  0.0000 -0.0000 -0.0610 -0.2596  0.1498  0.6375
    2  35.4848 THz   0.0000  0.0000 -0.6299 -0.0078  0.3205 -0.0210  0.0000 -0.0000 -0.0210 -0.3205 -0.0078  0.6299
    3  35.4848 THz   0.0000  0.0000 -0.3147  0.0639 -0.6058  0.1729 -0.0000 -0.0000  0.1729  0.6058  0.0639  0.3147
    4  38.2246 THz   0.0000  0.0000  0.0000  0.0000 -0.0000  0.0000  0.3418 -0.9398 -0.0000  0.0000  0.0000 -0.0000
    5  38.2246 THz   1.0000  0.0000  0.0000  0.0000  0.0000  0.0000  0.0000  0.0000  0.0000  0.0000  0.0000  0.0000


 Q= -0.214744  0.071581 -0.071581, q=  0.000000 -0.500000 -0.250000

                        C X   0         C Y   0         C Z   0         C X   1         C Y   1         C Z   1     
                    --------------- --------------- --------------- --------------- --------------- ---------------
    0  20.8020 THz   0.0000  0.0000  0.4781 -0.1464  0.4781 -0.1464  0.0000  0.0000  0.4221  0.2680  0.4221  0.2680
    1  25.8026 THz   0.4295  0.0000  0.3933  0.0559 -0.3933 -0.0559  0.4112  0.1238  0.3927  0.0599 -0.3927 -0.0599
    2  31.1651 THz  -0.4835  0.0000  0.1874  0.3130 -0.1874 -0.3130 -0.4206 -0.2385  0.3174 -0.1799 -0.3174  0.1799
    3  36.9805 THz  -0.0000  0.0000 -0.2457 -0.4355 -0.2457 -0.4355 -0.0000 -0.0000 -0.1711  0.4698 -0.1711  0.4698
    4  37.1981 THz   0.3688  0.0000 -0.4090  0.1214  0.4090 -0.1214 -0.1268  0.3463  0.2547 -0.3423 -0.2547  0.3423
    5  39.7663 THz  -0.6677  0.0000 -0.1086 -0.1237  0.1086  0.1237  0.4991  0.4435  0.1634 -0.0203 -0.1634  0.0203


 Q= -0.143163  0.143163 -0.143163, q=  0.000000 -0.500000  0.000000

                        C X   0         C Y   0         C Z   0         C X   1         C Y   1         C Z   1     
                    --------------- --------------- --------------- --------------- --------------- ---------------
    0  16.5046 THz   0.5176  0.0000  0.4794 -0.0200 -0.0382 -0.0200  0.3660  0.3660  0.3532  0.3248 -0.0128 -0.0412
    1  16.5046 THz  -0.2558  0.0000  0.3185 -0.0406  0.5743 -0.0406 -0.1809 -0.1809  0.2539  0.1965  0.4348  0.3774
    2  34.9141 THz  -0.4082  0.0000  0.4082 -0.0000 -0.4082  0.0000 -0.2887 -0.2887  0.2887  0.2887 -0.2887 -0.2887
    3  38.7375 THz  -0.4082  0.0000  0.4082 -0.0000 -0.4082 -0.0000  0.2887  0.2887 -0.2887 -0.2887  0.2887  0.2887
    4  39.0070 THz   0.3378  0.0000 -0.1239  0.2806 -0.4617  0.2806 -0.2388 -0.2388  0.2860 -0.1108  0.5248  0.1281
    5  39.0070 THz   0.4682  0.0000  0.4453 -0.2024 -0.0229 -0.2024 -0.3311 -0.3311 -0.4580 -0.1718 -0.1269  0.1593


 Q= -0.071581  0.214744 -0.214744, q=  0.000000 -0.500000  0.250000

                        C X   0         C Y   0         C Z   0         C X   1         C Y   1         C Z   1     
                    --------------- --------------- --------------- --------------- --------------- ---------------
    0  20.8020 THz   0.0000  0.0000  0.4892  0.1035  0.4892  0.1035  0.0000  0.0000  0.3043  0.3967  0.3043  0.3967
    1  25.8026 THz   0.4295  0.0000  0.3933 -0.0559 -0.3933  0.0559  0.1238  0.4112  0.0599  0.3927 -0.0599 -0.3927
    2  31.1651 THz  -0.4835  0.0000  0.1874 -0.3130 -0.1874  0.3130 -0.2385 -0.4206 -0.1799  0.3174  0.1799 -0.3174
    3  36.9805 THz   0.0000  0.0000  0.0873 -0.4923  0.0873 -0.4923  0.0000 -0.0000 -0.3865  0.3172 -0.3865  0.3172
    4  37.1981 THz  -0.3688  0.0000  0.4090  0.1214 -0.4090 -0.1214 -0.3463  0.1268  0.3423 -0.2547 -0.3423  0.2547
    5  39.7663 THz  -0.6677  0.0000 -0.1086  0.1237  0.1086 -0.1237  0.4435  0.4991 -0.0203  0.1634  0.0203 -0.1634


 Q= -0.214744 -0.071581  0.071581, q=  0.000000 -0.250000 -0.500000

                        C X   0         C Y   0         C Z   0         C X   1         C Y   1         C Z   1     
                    --------------- --------------- --------------- --------------- --------------- ---------------
    0  20.8020 THz   0.0000  0.0000 -0.4101  0.2861 -0.4101  0.2861  0.0000  0.0000 -0.4840 -0.1255 -0.4840 -0.1255
    1  25.8026 THz   0.4295  0.0000 -0.3933 -0.0559  0.3933  0.0559  0.4112  0.1238 -0.3927 -0.0599  0.3927  0.0599
    2  31.1651 THz   0.4835  0.0000  0.1874  0.3130 -0.1874 -0.3130  0.4206  0.2385  0.3174 -0.1799 -0.3174  0.1799
    3  36.9805 THz  -0.0000  0.0000 -0.0345  0.4988 -0.0345  0.4988  0.0000 -0.0000  0.4014 -0.2982  0.4014 -0.2982
    4  37.1981 THz   0.3688  0.0000  0.4090 -0.1214 -0.4090  0.1214 -0.1268  0.3463 -0.2547  0.3423  0.2547 -0.3423
    5  39.7663 THz   0.6677  0.0000 -0.1086 -0.1237  0.1086  0.1237 -0.4991 -0.4435  0.1634 -0.0203 -0.1634  0.0203


 Q= -0.143163  0.000000  0.000000, q=  0.000000 -0.250000 -0.250000

                        C X   0         C Y   0         C Z   0         C X   1         C Y   1         C Z   1     
                    --------------- --------------- --------------- --------------- --------------- ---------------
    0  16.6957 THz   0.0000  0.0000 -0.6624  0.0122 -0.2032  0.1408 -0.0000 -0.0000 -0.6731 -0.0523 -0.1967 -0.0746
    1  16.6957 THz   0.0000  0.0000  0.2209  0.1110 -0.6576  0.0807 -0.0000  0.0000  0.1843 -0.1015 -0.6591  0.1460
    2  23.9742 THz   0.7071  0.0000  0.0000  0.0000 -0.0000 -0.0000  0.7071 -0.0000 -0.0000 -0.0000 -0.0000 -0.0000
    3  38.7285 THz   0.0000  0.0000  0.6438 -0.0122 -0.2775 -0.0915 -0.0000  0.0000 -0.6399  0.0988  0.2596 -0.1156
    4  38.7285 THz   0.0000  0.0000  0.2810  0.0799  0.5261  0.3713 -0.0000 -0.0000 -0.1500 -0.2413 -0.4743 -0.4408
    5  42.0914 THz   0.7071  0.0000  0.0000 -0.0000  0.0000  0.0000 -0.7071  0.0000  0.0000  0.0000  0.0000  0.0000


 Q= -0.071581  0.071581 -0.071581, q=  0.000000 -0.250000  0.000000

                        C X   0         C Y   0         C Z   0         C X   1         C Y   1         C Z   1     
                    --------------- --------------- --------------- --------------- --------------- ---------------
    0  12.5383 THz   0.5370  0.0000  0.4519 -0.0103 -0.0851 -0.0103  0.5254  0.1111  0.4442  0.0834 -0.0811 -0.0277
    1  12.5383 THz   0.2121  0.0000 -0.3583  0.0261 -0.5704  0.0261  0.2075  0.0439 -0.3559 -0.0486 -0.5634 -0.0924
    2  22.6203 THz  -0.4082  0.0000  0.4082 -0.0000 -0.4082  0.0000 -0.4024  0.0689  0.4024 -0.0689 -0.4024  0.0689
    3  40.0220 THz   0.5526  0.0000  0.4210 -0.0054 -0.1317 -0.0054 -0.5407 -0.1143 -0.4130 -0.0818  0.1277  0.0325
    4  40.0220 THz  -0.1672  0.0000  0.3947 -0.0177  0.5618 -0.0177  0.1635  0.0346 -0.3898 -0.0643 -0.5533 -0.0989
    5  41.6462 THz  -0.4082  0.0000  0.4082 -0.0000 -0.4082  0.0000  0.4024 -0.0689 -0.4024  0.0689  0.4024 -0.0689


 Q=  0.000000  0.143163 -0.143163, q=  0.000000 -0.250000  0.250000

                        C X   0         C Y   0         C Z   0         C X   1         C Y   1         C Z   1     
                    --------------- --------------- --------------- --------------- --------------- ---------------
    0  18.7695 THz   0.0000  0.0000  0.2217  0.4482  0.2217  0.4482 -0.0000 -0.0000  0.2217  0.4482  0.2217  0.4482
    1  24.5895 THz  -0.7006  0.0000 -0.0000  0.0674  0.0000 -0.0674 -0.7006 -0.0000 -0.0000 -0.0674  0.0000  0.0674
    2  27.8428 THz   0.2568  0.0000 -0.0000  0.4659  0.0000 -0.4659 -0.2568 -0.0000 -0.0000  0.4659  0.0000 -0.4659
    3  37.6355 THz  -0.0000  0.0000  0.2093 -0.4541  0.2093 -0.4541  0.0000 -0.0000 -0.2093  0.4541 -0.2093  0.4541
    4  38.5467 THz  -0.0954  0.0000  0.0000 -0.4954 -0.0000  0.4954 -0.0954 -0.0000 -0.0000  0.4954  0.0000 -0.4954
    5  40.0491 THz   0.6588  0.0000  0.0000 -0.1816  0.0000  0.1816 -0.6588 -0.0000 -0.0000 -0.1816 -0.0000  0.1816


 Q= -0.143163 -0.143163  0.143163, q=  0.000000  0.000000 -0.500000

                        C X   0         C Y   0         C Z   0         C X   1         C Y   1         C Z   1     
                    --------------- --------------- --------------- --------------- --------------- ---------------
    0  16.5046 THz  -0.5735  0.0000  0.3424  0.0155 -0.2311  0.0155 -0.4055 -0.4055  0.2312  0.2531 -0.1744 -0.1524
    1  16.5046 THz   0.0667  0.0000  0.4450  0.1333  0.5118  0.1333  0.0472  0.0472  0.2204  0.4090  0.2676  0.4562
    2  34.9141 THz   0.4082  0.0000  0.4082  0.0000 -0.4082  0.0000  0.2887  0.2887  0.2887  0.2887 -0.2887 -0.2887
    3  38.7375 THz  -0.4082 -0.0000 -0.4082  0.0000  0.4082  0.0000  0.2887  0.2887  0.2887  0.2887 -0.2887 -0.2887
    4  39.0070 THz   0.5599  0.0000 -0.4010 -0.0162  0.1589 -0.0162 -0.3959 -0.3959  0.2721  0.2950 -0.1238 -0.1009
    5  39.0070 THz   0.1410  0.0000  0.4101  0.0642  0.5511  0.0642 -0.0997 -0.0997 -0.2446 -0.3354 -0.3443 -0.4351


 Q= -0.071581 -0.071581  0.071581, q=  0.000000  0.000000 -0.250000

                        C X   0         C Y   0         C Z   0         C X   1         C Y   1         C Z   1     
                    --------------- --------------- --------------- --------------- --------------- ---------------
    0  12.5383 THz  -0.5537  0.0000  0.4173 -0.0188 -0.1364 -0.0188 -0.5417 -0.1145  0.4122  0.0679 -0.1295 -0.0466
    1  12.5383 THz  -0.1636  0.0000 -0.3934  0.0636 -0.5571  0.0636 -0.1601 -0.0339 -0.3981 -0.0192 -0.5582 -0.0530
    2  22.6203 THz   0.4082  0.0000  0.4082 -0.0000 -0.4082  0.0000  0.4024 -0.0689  0.4024 -0.0689 -0.4024  0.0689
    3  40.0220 THz   0.4662  0.0000 -0.5278 -0.0106 -0.0616 -0.0106 -0.4561 -0.0964  0.5142  0.1196  0.0581  0.0232
    4  40.0220 THz  -0.3405  0.0000 -0.2332 -0.0146 -0.5738 -0.0146  0.3332  0.0704  0.2252  0.0625  0.5583  0.1329
    5  41.6462 THz  -0.4082  0.0000 -0.4082  0.0000  0.4082 -0.0000  0.4024 -0.0689  0.4024 -0.0689 -0.4024  0.0689


 Q=  0.000000  0.000000  0.000000, q=  0.000000  0.000000  0.000000

                        C X   0         C Y   0         C Z   0         C X   1         C Y   1         C Z   1     
                    --------------- --------------- --------------- --------------- --------------- ---------------
    0   0.0000 THz   0.7071  0.0000  0.0000  0.0000  0.0000  0.0000  0.7071  0.0000  0.0000  0.0000  0.0000  0.0000
    1   0.0000 THz   0.0000  0.0000  0.7057  0.0000 -0.0444  0.0000 -0.0000  0.0000  0.7057  0.0000 -0.0444  0.0000
    2   0.0000 THz   0.0000  0.0000 -0.0444  0.0000 -0.7057  0.0000 -0.0000  0.0000 -0.0444  0.0000 -0.7057  0.0000
    3  41.1750 THz   0.7071  0.0000  0.0000  0.0000 -0.0000  0.0000 -0.7071  0.0000 -0.0000  0.0000 -0.0000  0.0000
    4  41.1750 THz   0.0000  0.0000 -0.7067  0.0000 -0.0231  0.0000 -0.0000  0.0000  0.7067  0.0000  0.0231  0.0000
    5  41.1750 THz   0.0000  0.0000 -0.0231  0.0000  0.7067  0.0000 -0.0000  0.0000  0.0231  0.0000 -0.7067  0.0000


 Q=  0.071581  0.071581 -0.071581, q=  0.000000  0.000000  0.250000

                        C X   0         C Y   0         C Z   0         C X   1         C Y   1         C Z   1     
                    --------------- --------------- --------------- --------------- --------------- ---------------
    0  12.5383 THz  -0.5537  0.0000  0.4173  0.0188 -0.1364  0.0188 -0.5417  0.1145  0.4122 -0.0679 -0.1295  0.0466
    1  12.5383 THz  -0.1636  0.0000 -0.3934 -0.0636 -0.5571 -0.0636 -0.1601  0.0339 -0.3981  0.0192 -0.5582  0.0530
    2  22.6203 THz   0.4082  0.0000  0.4082  0.0000 -0.4082 -0.0000  0.4024  0.0689  0.4024  0.0689 -0.4024 -0.0689
    3  40.0220 THz   0.4662  0.0000 -0.5278  0.0106 -0.0616  0.0106 -0.4561  0.0964  0.5142 -0.1196  0.0581 -0.0232
    4  40.0220 THz  -0.3405  0.0000 -0.2332  0.0146 -0.5738  0.0146  0.3332 -0.0704  0.2252 -0.0625  0.5583 -0.1329
    5  41.6462 THz  -0.4082  0.0000 -0.4082 -0.0000  0.4082  0.0000  0.4024  0.0689  0.4024  0.0689 -0.4024 -0.0689


 Q= -0.071581 -0.214744  0.214744, q=  0.000000  0.250000 -0.500000

                        C X   0         C Y   0         C Z   0         C X   1         C Y   1         C Z   1     
                    --------------- --------------- --------------- --------------- --------------- ---------------
    0  20.8020 THz  -0.0000  0.0000  0.4552  0.2069  0.4552  0.2069 -0.0000 -0.0000  0.2113  0.4532  0.2113  0.4532
    1  25.8026 THz   0.4295  0.0000 -0.3933  0.0559  0.3933 -0.0559  0.1238  0.4112 -0.0599 -0.3927  0.0599  0.3927
    2  31.1651 THz   0.4835  0.0000  0.1874 -0.3130 -0.1874  0.3130  0.2385  0.4206 -0.1799  0.3174  0.1799 -0.3174
    3  36.9805 THz  -0.0000  0.0000  0.0388 -0.4985  0.0388 -0.4985 -0.0000  0.0000 -0.3537  0.3535 -0.3537  0.3535
    4  37.1981 THz  -0.3688  0.0000 -0.4090 -0.1214  0.4090  0.1214 -0.3463  0.1268 -0.3423  0.2547  0.3423 -0.2547
    5  39.7663 THz   0.6677  0.0000 -0.1086  0.1237  0.1086 -0.1237 -0.4435 -0.4991 -0.0203  0.1634  0.0203 -0.1634


 Q=  0.000000 -0.143163  0.143163, q=  0.000000  0.250000 -0.250000

                        C X   0         C Y   0         C Z   0         C X   1         C Y   1         C Z   1     
                    --------------- --------------- --------------- --------------- --------------- ---------------
    0  18.7695 THz   0.0000  0.0000  0.2217 -0.4482  0.2217 -0.4482 -0.0000  0.0000  0.2217 -0.4482  0.2217 -0.4482
    1  24.5895 THz  -0.7006  0.0000 -0.0000 -0.0674  0.0000  0.0674 -0.7006  0.0000 -0.0000  0.0674  0.0000 -0.0674
    2  27.8428 THz   0.2568  0.0000 -0.0000 -0.4659  0.0000  0.4659 -0.2568  0.0000 -0.0000 -0.4659  0.0000  0.4659
    3  37.6355 THz  -0.0000  0.0000  0.2093  0.4541  0.2093  0.4541  0.0000  0.0000 -0.2093 -0.4541 -0.2093 -0.4541
    4  38.5467 THz  -0.0954  0.0000  0.0000  0.4954 -0.0000 -0.4954 -0.0954  0.0000 -0.0000 -0.4954  0.0000  0.4954
    5  40.0491 THz   0.6588  0.0000  0.0000  0.1816  0.0000 -0.1816 -0.6588  0.0000 -0.0000  0.1816 -0.0000 -0.1816


 Q=  0.071581 -0.071581  0.071581, q=  0.000000  0.250000  0.000000

                        C X   0         C Y   0         C Z   0         C X   1         C Y   1         C Z   1     
                    --------------- --------------- --------------- --------------- --------------- ---------------
    0  12.5383 THz   0.5370  0.0000  0.4519  0.0103 -0.0851  0.0103  0.5254 -0.1111  0.4442 -0.0834 -0.0811  0.0277
    1  12.5383 THz   0.2121  0.0000 -0.3583 -0.0261 -0.5704 -0.0261  0.2075 -0.0439 -0.3559  0.0486 -0.5634  0.0924
    2  22.6203 THz  -0.4082  0.0000  0.4082  0.0000 -0.4082 -0.0000 -0.4024 -0.0689  0.4024  0.0689 -0.4024 -0.0689
    3  40.0220 THz   0.5526  0.0000  0.4210  0.0054 -0.1317  0.0054 -0.5407  0.1143 -0.4130  0.0818  0.1277 -0.0325
    4  40.0220 THz  -0.1672  0.0000  0.3947  0.0177  0.5618  0.0177  0.1635 -0.0346 -0.3898  0.0643 -0.5533  0.0989
    5  41.6462 THz  -0.4082  0.0000  0.4082  0.0000 -0.4082 -0.0000  0.4024  0.0689 -0.4024 -0.0689  0.4024  0.0689


 Q=  0.143163  0.000000  0.000000, q=  0.000000  0.250000  0.250000

                        C X   0         C Y   0         C Z   0         C X   1         C Y   1         C Z   1     
                    --------------- --------------- --------------- --------------- --------------- ---------------
    0  16.6957 THz   0.0000  0.0000 -0.6624 -0.0122 -0.2032 -0.1408 -0.0000  0.0000 -0.6731  0.0523 -0.1967  0.0746
    1  16.6957 THz   0.0000  0.0000  0.2209 -0.1110 -0.6576 -0.0807 -0.0000 -0.0000  0.1843  0.1015 -0.6591 -0.1460
    2  23.9742 THz   0.7071  0.0000  0.0000 -0.0000 -0.0000  0.0000  0.7071  0.0000 -0.0000  0.0000 -0.0000  0.0000
    3  38.7285 THz   0.0000  0.0000  0.6438  0.0122 -0.2775  0.0915 -0.0000 -0.0000 -0.6399 -0.0988  0.2596  0.1156
    4  38.7285 THz   0.0000  0.0000  0.2810 -0.0799  0.5261 -0.3713 -0.0000  0.0000 -0.1500  0.2413 -0.4743  0.4408
    5  42.0914 THz   0.7071  0.0000  0.0000  0.0000  0.0000 -0.0000 -0.7071 -0.0000  0.0000 -0.0000  0.0000 -0.0000


 Q= -0.357907  0.071581  0.071581, q=  0.250000 -0.500000 -0.500000

                        C X   0         C Y   0         C Z   0         C X   1         C Y   1         C Z   1     
                    --------------- --------------- --------------- --------------- --------------- ---------------
    0  20.8020 THz  -0.0000  0.0000  0.4613 -0.1930 -0.4613  0.1930  0.0000  0.0000 -0.4466 -0.2249  0.4466  0.2249
    1  25.8026 THz   0.4295  0.0000 -0.3933 -0.0559 -0.3933 -0.0559 -0.4112 -0.1238  0.3927  0.0599  0.3927  0.0599
    2  31.1651 THz   0.4835  0.0000  0.1874  0.3130  0.1874  0.3130 -0.4206 -0.2385 -0.3174  0.1799 -0.3174  0.1799
    3  36.9805 THz  -0.0000  0.0000 -0.2092  0.4541  0.2092 -0.4541 -0.0000  0.0000 -0.4810  0.1364  0.4810 -0.1364
    4  37.1981 THz  -0.3688  0.0000 -0.4090  0.1214 -0.4090  0.1214 -0.1268  0.3463 -0.2547  0.3423 -0.2547  0.3423
    5  39.7663 THz  -0.6677  0.0000  0.1086  0.1237  0.1086  0.1237 -0.4991 -0.4435  0.1634 -0.0203  0.1634 -0.0203


 Q= -0.286326  0.143163  0.000000, q=  0.250000 -0.500000 -0.250000

                        C X   0         C Y   0         C Z   0         C X   1         C Y   1         C Z   1     
                    --------------- --------------- --------------- --------------- --------------- ---------------
    0  28.2379 THz   0.3357  0.0000 -0.0750 -0.0088 -0.0000 -0.3357 -0.0288 -0.0034  0.8759  0.0000  0.0034 -0.0288
    1  28.2379 THz   0.0290  0.0000  0.8699  0.1023  0.0000 -0.0290  0.3334  0.0392  0.0756  0.0000 -0.0392  0.3334
    2  32.2182 THz  -0.0685  0.0000 -0.0000  0.0000 -0.0000 -0.0685  0.5648 -0.4199  0.0000  0.0000 -0.4199 -0.5648
    3  32.2182 THz   0.7038  0.0000  0.0000  0.0000 -0.0000  0.7038  0.0549 -0.0409 -0.0000  0.0000 -0.0409 -0.0549
    4  37.9221 THz   0.6216  0.0000 -0.0000 -0.0000  0.0000 -0.6216  0.0000  0.0000 -0.4766 -0.0000 -0.0000  0.0000
    5  37.9221 THz   0.0000  0.0000  0.4695  0.0818 -0.0000 -0.0000 -0.6124 -0.1067 -0.0000  0.0000  0.1067 -0.6124


 Q= -0.214744  0.214744 -0.071581, q=  0.250000 -0.500000  0.000000

                        C X   0         C Y   0         C Z   0         C X   1         C Y   1         C Z   1     
                    --------------- --------------- --------------- --------------- --------------- ---------------
    0  20.8020 THz   0.5000  0.0000  0.5000  0.0000  0.0000  0.0000  0.3798  0.3251  0.3798  0.3251 -0.0000 -0.0000
    1  25.8026 THz   0.3972  0.0000 -0.3972 -0.0000 -0.4252 -0.0604  0.0040  0.3972 -0.0040 -0.3972 -0.0647 -0.4245
    2  31.1651 THz  -0.3648  0.0000  0.3648  0.0000 -0.2484 -0.4149  0.3647 -0.0087 -0.3647  0.0087  0.2384 -0.4207
    3  36.9805 THz  -0.5000  0.0000 -0.5000 -0.0000  0.0000 -0.0000  0.3798  0.3251  0.3798  0.3251  0.0000 -0.0000
    4  37.1981 THz   0.4266  0.0000 -0.4266 -0.0000  0.3535 -0.1049  0.2557 -0.3415 -0.2557  0.3415  0.2959 -0.2201
    5  39.7663 THz  -0.1646  0.0000  0.1646 -0.0000  0.4406  0.5016 -0.1361  0.0926  0.1361 -0.0926  0.0822 -0.6626


 Q= -0.143163  0.286326 -0.143163, q=  0.250000 -0.500000  0.250000

                        C X   0         C Y   0         C Z   0         C X   1         C Y   1         C Z   1     
                    --------------- --------------- --------------- --------------- --------------- ---------------
    0  18.7695 THz  -0.5000  0.0000  0.0000 -0.0000  0.5000 -0.0000  0.0000 -0.5000 -0.0000  0.0000  0.0000  0.5000
    1  24.5895 THz  -0.0674  0.0000 -0.0000  0.7006 -0.0674 -0.0000 -0.0000  0.0674 -0.7006 -0.0000 -0.0000  0.0674
    2  27.8428 THz   0.4659  0.0000 -0.0000  0.2568  0.4659 -0.0000  0.0000  0.4659  0.2568 -0.0000  0.0000  0.4659
    3  37.6355 THz   0.5000  0.0000 -0.0000  0.0000 -0.5000  0.0000 -0.0000 -0.5000 -0.0000  0.0000  0.0000  0.5000
    4  38.5467 THz   0.4954  0.0000  0.0000  0.0954  0.4954 -0.0000 -0.0000 -0.4954 -0.0954 -0.0000 -0.0000 -0.4954
    5  40.0491 THz  -0.1816  0.0000  0.0000  0.6588 -0.1816 -0.0000 -0.0000 -0.1816  0.6588 -0.0000 -0.0000 -0.1816


 Q= -0.286326  0.000000  0.143163, q=  0.250000 -0.250000 -0.500000

                        C X   0         C Y   0         C Z   0         C X   1         C Y   1         C Z   1     
                    --------------- --------------- --------------- --------------- --------------- ---------------
    0  28.2379 THz   0.0000  0.0000 -0.0000 -0.0000  0.8782 -0.0412  0.3366 -0.0158  0.0158  0.3366 -0.0000 -0.0000
    1  28.2379 THz   0.3370  0.0000 -0.0000 -0.3370  0.0000 -0.0000  0.0000 -0.0000 -0.0000  0.0000  0.8791 -0.0000
    2  32.2182 THz   0.0000  0.0000 -0.0000  0.0000 -0.0000  0.0000  0.2429 -0.6641 -0.6641 -0.2429 -0.0000  0.0000
    3  32.2182 THz  -0.7071  0.0000 -0.0000 -0.7071  0.0000 -0.0000  0.0000  0.0000 -0.0000  0.0000  0.0000 -0.0000
    4  37.9221 THz   0.0000  0.0000 -0.0000  0.0000  0.2425 -0.4103 -0.3163  0.5352 -0.5352 -0.3163  0.0000 -0.0000
    5  37.9221 THz   0.6216  0.0000  0.0000 -0.6216  0.0000 -0.0000 -0.0000  0.0000 -0.0000  0.0000 -0.4766 -0.0000


 Q= -0.214744  0.071581  0.071581, q=  0.250000 -0.250000 -0.250000

                        C X   0         C Y   0         C Z   0         C X   1         C Y   1         C Z   1     
                    --------------- --------------- --------------- --------------- --------------- ---------------
    0  20.8020 THz  -0.0000  0.0000 -0.3575 -0.3496  0.3575  0.3496 -0.0000  0.0000 -0.4980  0.0443  0.4980 -0.0443
    1  25.8026 THz   0.4295  0.0000  0.3933 -0.0559  0.3933 -0.0559  0.4112 -0.1238  0.3927 -0.0599  0.3927 -0.0599
    2  31.1651 THz  -0.4835  0.0000  0.1874 -0.3130  0.1874 -0.3130 -0.4206  0.2385  0.3174  0.1799  0.3174  0.1799
    3  36.9805 THz   0.0000  0.0000  0.2670 -0.4227 -0.2670  0.4227 -0.0000 -0.0000  0.1475  0.4778 -0.1475 -0.4778
    4  37.1981 THz   0.3688  0.0000 -0.4090 -0.1214 -0.4090 -0.1214 -0.1268 -0.3463  0.2547  0.3423  0.2547  0.3423
    5  39.7663 THz   0.6677  0.0000  0.1086 -0.1237  0.1086 -0.1237 -0.4991  0.4435 -0.1634 -0.0203 -0.1634 -0.0203


 Q= -0.143163  0.143163  0.000000, q=  0.250000 -0.250000  0.000000

                        C X   0         C Y   0         C Z   0         C X   1         C Y   1         C Z   1     
                    --------------- --------------- --------------- --------------- --------------- ---------------
    0  18.7695 THz   0.5000  0.0000  0.5000 -0.0000  0.0000  0.0000  0.5000 -0.0000  0.5000 -0.0000  0.0000 -0.0000
    1  24.5895 THz  -0.0674  0.0000  0.0674 -0.0000  0.0000  0.7006  0.0674 -0.0000 -0.0674  0.0000  0.0000  0.7006
    2  27.8428 THz  -0.4659  0.0000  0.4659 -0.0000 -0.0000 -0.2568 -0.4659  0.0000  0.4659 -0.0000 -0.0000  0.2568
    3  37.6355 THz   0.5000  0.0000  0.5000 -0.0000 -0.0000  0.0000 -0.5000 -0.0000 -0.5000  0.0000  0.0000 -0.0000
    4  38.5467 THz   0.4954  0.0000 -0.4954  0.0000  0.0000  0.0954 -0.4954  0.0000  0.4954 -0.0000 -0.0000  0.0954
    5  40.0491 THz  -0.1816  0.0000  0.1816  0.0000  0.0000  0.6588 -0.1816  0.0000  0.1816 -0.0000 -0.0000 -0.6588


 Q= -0.071581  0.214744 -0.071581, q=  0.250000 -0.250000  0.250000

                        C X   0         C Y   0         C Z   0         C X   1         C Y   1         C Z   1     
                    --------------- --------------- --------------- --------------- --------------- ---------------
    0  20.8020 THz   0.5000  0.0000  0.0000  0.0000 -0.5000  0.0000  0.3251  0.3798  0.0000  0.0000 -0.3251 -0.3798
    1  25.8026 THz   0.3972  0.0000  0.4252 -0.0604  0.3972 -0.0000  0.3972  0.0040  0.4245  0.0647  0.3972  0.0040
    2  31.1651 THz  -0.3648  0.0000  0.2484 -0.4149 -0.3648  0.0000 -0.0087  0.3647  0.4207 -0.2384 -0.0087  0.3647
    3  36.9805 THz   0.5000  0.0000 -0.0000 -0.0000 -0.5000  0.0000 -0.3251 -0.3798  0.0000  0.0000  0.3251  0.3798
    4  37.1981 THz   0.4266  0.0000 -0.3535 -0.1049  0.4266 -0.0000 -0.3415  0.2557  0.2201 -0.2959 -0.3415  0.2557
    5  39.7663 THz   0.1646  0.0000  0.4406 -0.5016  0.1646 -0.0000 -0.0926  0.1361 -0.6626  0.0822 -0.0926  0.1361


 Q= -0.214744 -0.071581  0.214744, q=  0.250000  0.000000 -0.500000

                        C X   0         C Y   0         C Z   0         C X   1         C Y   1         C Z   1     
                    --------------- --------------- --------------- --------------- --------------- ---------------
    0  20.8020 THz  -0.5000  0.0000  0.0000 -0.0000 -0.5000 -0.0000 -0.3798 -0.3251  0.0000  0.0000 -0.3798 -0.3251
    1  25.8026 THz  -0.3972  0.0000  0.4252  0.0604  0.3972  0.0000 -0.0040 -0.3972  0.0647  0.4245  0.0040  0.3972
    2  31.1651 THz   0.3648  0.0000  0.2484  0.4149 -0.3648 -0.0000 -0.3647  0.0087 -0.2384  0.4207  0.3647 -0.0087
    3  36.9805 THz  -0.5000  0.0000  0.0000  0.0000 -0.5000 -0.0000  0.3798  0.3251  0.0000  0.0000  0.3798  0.3251
    4  37.1981 THz   0.4266  0.0000  0.3535 -0.1049 -0.4266 -0.0000  0.2557 -0.3415  0.2959 -0.2201 -0.2557  0.3415
    5  39.7663 THz   0.1646  0.0000 -0.4406 -0.5016 -0.1646 -0.0000  0.1361 -0.0926 -0.0822  0.6626 -0.1361  0.0926


 Q= -0.143163  0.000000  0.143163, q=  0.250000  0.000000 -0.250000

                        C X   0         C Y   0         C Z   0         C X   1         C Y   1         C Z   1     
                    --------------- --------------- --------------- --------------- --------------- ---------------
    0  18.7695 THz  -0.5000  0.0000 -0.0000 -0.0000 -0.5000  0.0000 -0.5000  0.0000 -0.0000 -0.0000 -0.5000 -0.0000
    1  24.5895 THz  -0.0674  0.0000 -0.0000  0.7006  0.0674 -0.0000  0.0674  0.0000 -0.0000  0.7006 -0.0674 -0.0000
    2  27.8428 THz  -0.4659  0.0000  0.0000 -0.2568  0.4659 -0.0000 -0.4659  0.0000  0.0000  0.2568  0.4659  0.0000
    3  37.6355 THz  -0.5000  0.0000 -0.0000 -0.0000 -0.5000  0.0000  0.5000  0.0000 -0.0000  0.0000  0.5000 -0.0000
    4  38.5467 THz   0.4954  0.0000 -0.0000  0.0954 -0.4954  0.0000 -0.4954 -0.0000  0.0000  0.0954  0.4954  0.0000
    5  40.0491 THz  -0.1816  0.0000 -0.0000  0.6588  0.1816  0.0000 -0.1816 -0.0000  0.0000 -0.6588  0.1816  0.0000


 Q= -0.071581  0.071581  0.071581, q=  0.250000  0.000000  0.000000

                        C X   0         C Y   0         C Z   0         C X   1         C Y   1         C Z   1     
                    --------------- --------------- --------------- --------------- --------------- ---------------
    0  12.5383 THz   0.5383  0.0000  0.4498 -0.0018  0.0885  0.0018  0.5267 -0.1114  0.4397 -0.0948  0.0870 -0.0166
    1  12.5383 THz  -0.2086  0.0000  0.3619 -0.0046 -0.5705  0.0046 -0.2041  0.0432  0.3531 -0.0794 -0.5572  0.1225
    2  22.6203 THz   0.4082  0.0000 -0.4082 -0.0000 -0.4082 -0.0000  0.4024  0.0689 -0.4024 -0.0689 -0.4024 -0.0689
    3  40.0220 THz   0.5152  0.0000  0.4831  0.0078  0.0321 -0.0078 -0.5041  0.1066 -0.4743  0.0923 -0.0298  0.0143
    4  40.0220 THz   0.2605  0.0000 -0.3157 -0.0154  0.5762  0.0154 -0.2549  0.0539  0.3120 -0.0502 -0.5669  0.1041
    5  41.6462 THz  -0.4082  0.0000  0.4082  0.0000  0.4082  0.0000  0.4024  0.0689 -0.4024 -0.0689 -0.4024 -0.0689


 Q=  0.000000  0.143163  0.000000, q=  0.250000  0.000000  0.250000

                        C X   0         C Y   0         C Z   0         C X   1         C Y   1         C Z   1     
                    --------------- --------------- --------------- --------------- --------------- ---------------
    0  16.6957 THz   0.6712  0.0000 -0.0000  0.0000  0.0052  0.2224  0.7071 -0.0016 -0.0000  0.0000  0.0049 -0.0000
    1  16.6957 THz   0.2225  0.0000  0.0000 -0.0000 -0.0156 -0.6710  0.0001  0.0049  0.0000 -0.0000 -0.0148 -0.7069
    2  23.9742 THz   0.0000  0.0000  0.7049 -0.0556 -0.0000  0.0000  0.0000 -0.0000  0.7049 -0.0556 -0.0000  0.0000
    3  38.7285 THz   0.7071  0.0000 -0.0000  0.0000  0.0000 -0.0000 -0.6712  0.0000  0.0000  0.0000 -0.0000  0.2224
    4  38.7285 THz  -0.0000  0.0000  0.0000 -0.0000  0.0314 -0.7064  0.2222  0.0099 -0.0000 -0.0000 -0.0298  0.6706
    5  42.0914 THz   0.0000  0.0000  0.7066 -0.0280 -0.0000  0.0000 -0.0000  0.0000 -0.7066  0.0280 -0.0000  0.0000


 Q= -0.143163 -0.143163  0.286326, q=  0.250000  0.250000 -0.500000

                        C X   0         C Y   0         C Z   0         C X   1         C Y   1         C Z   1     
                    --------------- --------------- --------------- --------------- --------------- ---------------
    0  18.7695 THz  -0.5000  0.0000  0.5000 -0.0000 -0.0000 -0.0000 -0.0000 -0.5000  0.0000  0.5000 -0.0000 -0.0000
    1  24.5895 THz   0.0674  0.0000  0.0674 -0.0000 -0.0000 -0.7006 -0.0000 -0.0674 -0.0000 -0.0674  0.7006 -0.0000
    2  27.8428 THz   0.4659  0.0000  0.4659  0.0000  0.0000  0.2568  0.0000  0.4659  0.0000  0.4659  0.2568  0.0000
    3  37.6355 THz  -0.5000  0.0000  0.5000 -0.0000  0.0000 -0.0000 -0.0000  0.5000 -0.0000 -0.5000 -0.0000  0.0000
    4  38.5467 THz   0.4954  0.0000  0.4954 -0.0000  0.0000  0.0954 -0.0000 -0.4954 -0.0000 -0.4954 -0.0954 -0.0000
    5  40.0491 THz   0.1816  0.0000  0.1816  0.0000 -0.0000 -0.6588  0.0000  0.1816  0.0000  0.1816 -0.6588  0.0000


 Q= -0.071581 -0.071581  0.214744, q=  0.250000  0.250000 -0.250000

                        C X   0         C Y   0         C Z   0         C X   1         C Y   1         C Z   1     
                    --------------- --------------- --------------- --------------- --------------- ---------------
    0  20.8020 THz  -0.5000  0.0000  0.5000 -0.0000 -0.0000  0.0000 -0.3251 -0.3798  0.3251  0.3798 -0.0000 -0.0000
    1  25.8026 THz  -0.3972  0.0000 -0.3972  0.0000 -0.4252  0.0604 -0.3972 -0.0040 -0.3972 -0.0040 -0.4245 -0.0647
    2  31.1651 THz   0.3648  0.0000  0.3648 -0.0000 -0.2484  0.4149  0.0087 -0.3647  0.0087 -0.3647 -0.4207  0.2384
    3  36.9805 THz  -0.5000  0.0000  0.5000 -0.0000 -0.0000  0.0000  0.3251  0.3798 -0.3251 -0.3798 -0.0000 -0.0000
    4  37.1981 THz   0.4266  0.0000  0.4266 -0.0000 -0.3535 -0.1049 -0.3415  0.2557 -0.3415  0.2557  0.2201 -0.2959
    5  39.7663 THz   0.1646  0.0000  0.1646 -0.0000  0.4406 -0.5016 -0.0926  0.1361 -0.0926  0.1361 -0.6626  0.0822


 Q=  0.000000  0.000000  0.143163, q=  0.250000  0.250000  0.000000

                        C X   0         C Y   0         C Z   0         C X   1         C Y   1         C Z   1     
                    --------------- --------------- --------------- --------------- --------------- ---------------
    0  16.6957 THz  -0.6544  0.0000  0.2373 -0.1244 -0.0000 -0.0000 -0.6603 -0.0746  0.2253  0.0877 -0.0000 -0.0000
    1  16.6957 THz   0.2680  0.0000  0.5795 -0.3039 -0.0000  0.0000  0.1588 -0.1823  0.5501 -0.3727 -0.0000 -0.0000
    2  23.9742 THz   0.0000  0.0000 -0.0000  0.0000 -0.5863 -0.3953 -0.0000  0.0000 -0.0000 -0.0000 -0.5863 -0.3953
    3  38.7285 THz   0.5834  0.0000  0.3695  0.1520 -0.0000  0.0000 -0.6016  0.1162 -0.3508  0.0392  0.0000 -0.0000
    4  38.7285 THz  -0.3996  0.0000  0.5395  0.2219 -0.0000  0.0000  0.3095  0.1697 -0.5122 -0.3363  0.0000 -0.0000
    5  42.0914 THz   0.0000  0.0000  0.0000  0.0000  0.6592 -0.2557 -0.0000  0.0000 -0.0000 -0.0000 -0.6592  0.2557


 Q=  0.071581  0.071581  0.071581, q=  0.250000  0.250000  0.250000

                        C X   0         C Y   0         C Z   0         C X   1         C Y   1         C Z   1     
                    --------------- --------------- --------------- --------------- --------------- ---------------
    0  12.5383 THz  -0.5579  0.0000  0.4062 -0.0187  0.1517  0.0187 -0.5458 -0.1154  0.4013  0.0658  0.1445  0.0497
    1  12.5383 THz   0.1486  0.0000  0.4038 -0.0702 -0.5523  0.0702  0.1453  0.0307  0.4095  0.0149 -0.5549 -0.0456
    2  22.6203 THz  -0.4082 -0.0000 -0.4082  0.0000 -0.4082  0.0000 -0.4024  0.0689 -0.4024  0.0689 -0.4024  0.0689
    3  40.0220 THz   0.5477  0.0000 -0.4312  0.0165 -0.1165 -0.0165 -0.5359 -0.1133  0.4252  0.0731  0.1106  0.0402
    4  40.0220 THz  -0.1826  0.0000 -0.3804  0.0494  0.5631 -0.0494  0.1787  0.0378  0.3824  0.0303 -0.5611 -0.0681
    5  41.6462 THz  -0.4082  0.0000 -0.4082  0.0000 -0.4082  0.0000  0.4024 -0.0689  0.4024 -0.0689  0.4024 -0.0689
