
Used Primitive lattice vector

    0.000000000000      1.709625000000      1.709625000000  
    1.709625000000      0.000000000000      1.709625000000  
    1.709625000000      1.709625000000      0.000000000000  

   1 Atom(s) in the Primitive cell

 0.0000000000 0.0000000000 0.0000000000 Ni    0


 Q= -0.146231 -0.146231 -0.146231, q= -0.500000 -0.500000 -0.500000

                       Ni X   0        Ni Y   0        Ni Z   0     
                    --------------- --------------- ---------------
    0   4.9693 THz   0.0000  0.0000  0.7071  0.0000 -0.7071 -0.0000
    1   4.9693 THz   0.8165  0.0000 -0.4082 -0.0000 -0.4082  0.0000
    2  10.6545 THz  -0.5774  0.0000 -0.5774 -0.0000 -0.5774  0.0000


 Q= -0.073115 -0.073115 -0.219346, q= -0.500000 -0.500000 -0.250000

                       Ni X   0        Ni Y   0        Ni Z   0     
                    --------------- --------------- ---------------
    0   6.2833 THz   0.7071  0.0000 -0.7071 -0.0000  0.0000  0.0000
    1   7.0913 THz   0.5714  0.0000  0.5714  0.0000 -0.5892 -0.0000
    2   9.7825 THz   0.4166  0.0000  0.4166 -0.0000  0.8080 -0.0000


 Q=  0.000000  0.000000 -0.292462, q= -0.500000 -0.500000  0.000000

                       Ni X   0        Ni Y   0        Ni Z   0     
                    --------------- --------------- ---------------
    0   7.3403 THz   1.0000  0.0000  0.0000  0.0000  0.0000  0.0000
    1   7.3403 THz   0.0000  0.0000 -1.0000 -0.0000 -0.0000 -0.0000
    2  10.3123 THz   0.0000  0.0000  0.0000  0.0000 -1.0000 -0.0000


 Q=  0.073115  0.073115 -0.365577, q= -0.500000 -0.500000  0.250000

                       Ni X   0        Ni Y   0        Ni Z   0     
                    --------------- --------------- ---------------
    0   6.2833 THz   0.7071  0.0000 -0.7071  0.0000 -0.0000 -0.0000
    1   7.0913 THz   0.5714  0.0000  0.5714 -0.0000 -0.5892  0.0000
    2   9.7825 THz   0.4166  0.0000  0.4166  0.0000  0.8080  0.0000


 Q= -0.073115 -0.219346 -0.073115, q= -0.500000 -0.250000 -0.500000

                       Ni X   0        Ni Y   0        Ni Z   0     
                    --------------- --------------- ---------------
    0   6.2833 THz  -0.7071  0.0000 -0.0000 -0.0000  0.7071  0.0000
    1   7.0913 THz   0.5714  0.0000 -0.5892  0.0000  0.5714  0.0000
    2   9.7825 THz   0.4166  0.0000  0.8080 -0.0000  0.4166 -0.0000


 Q=  0.000000 -0.146231 -0.146231, q= -0.500000 -0.250000 -0.250000

                       Ni X   0        Ni Y   0        Ni Z   0     
                    --------------- --------------- ---------------
    0   4.9072 THz   0.0000  0.0000  0.5067 -0.4933 -0.5067  0.4933
    1   7.2211 THz   1.0000  0.0000  0.0000  0.0000  0.0000  0.0000
    2   9.2806 THz   0.0000  0.0000 -0.3829  0.5944 -0.3829  0.5944


 Q=  0.073115 -0.073115 -0.219346, q= -0.500000 -0.250000  0.000000

                       Ni X   0        Ni Y   0        Ni Z   0     
                    --------------- --------------- ---------------
    0   6.2833 THz  -0.7071  0.0000 -0.7071 -0.0000 -0.0000  0.0000
    1   7.0913 THz   0.5714  0.0000 -0.5714 -0.0000  0.5892  0.0000
    2   9.7825 THz  -0.4166  0.0000  0.4166  0.0000  0.8080 -0.0000


 Q=  0.146231  0.000000 -0.292462, q= -0.500000 -0.250000  0.250000

                       Ni X   0        Ni Y   0        Ni Z   0     
                    --------------- --------------- ---------------
    0   7.2251 THz   1.0000  0.0000  0.0000  0.0000  0.0000  0.0000
    1   8.8689 THz   0.0000  0.0000 -0.2728  0.2767 -0.8661 -0.3143
    2   8.8689 THz   0.0000  0.0000  0.8737 -0.2928 -0.2659 -0.2834


 Q=  0.000000 -0.292462  0.000000, q= -0.500000  0.000000 -0.500000

                       Ni X   0        Ni Y   0        Ni Z   0     
                    --------------- --------------- ---------------
    0   7.3403 THz   1.0000  0.0000  0.0000  0.0000  0.0000  0.0000
    1   7.3403 THz   0.0000  0.0000 -0.0000  0.0000 -1.0000 -0.0000
    2  10.3123 THz   0.0000  0.0000  1.0000 -0.0000 -0.0000  0.0000


 Q=  0.073115 -0.219346 -0.073115, q= -0.500000  0.000000 -0.250000

                       Ni X   0        Ni Y   0        Ni Z   0     
                    --------------- --------------- ---------------
    0   6.2833 THz   0.7071  0.0000 -0.0000  0.0000  0.7071  0.0000
    1   7.0913 THz   0.5714  0.0000  0.5892  0.0000 -0.5714 -0.0000
    2   9.7825 THz  -0.4166  0.0000  0.8080  0.0000  0.4166  0.0000


 Q=  0.146231 -0.146231 -0.146231, q= -0.500000  0.000000  0.000000

                       Ni X   0        Ni Y   0        Ni Z   0     
                    --------------- --------------- ---------------
    0   4.9693 THz   0.8165  0.0000  0.4082 -0.0000  0.4082  0.0000
    1   4.9693 THz   0.0000  0.0000  0.7071  0.0000 -0.7071 -0.0000
    2  10.6545 THz   0.5774  0.0000 -0.5774  0.0000 -0.5774 -0.0000


 Q=  0.219346 -0.073115 -0.219346, q= -0.500000  0.000000  0.250000

                       Ni X   0        Ni Y   0        Ni Z   0     
                    --------------- --------------- ---------------
    0   6.2833 THz   0.7071  0.0000 -0.0000  0.0000  0.7071 -0.0000
    1   7.0913 THz   0.5714  0.0000  0.5892 -0.0000 -0.5714  0.0000
    2   9.7825 THz  -0.4166  0.0000  0.8080 -0.0000  0.4166 -0.0000


 Q=  0.073115 -0.365577  0.073115, q= -0.500000  0.250000 -0.500000

                       Ni X   0        Ni Y   0        Ni Z   0     
                    --------------- --------------- ---------------
    0   6.2833 THz  -0.7071  0.0000 -0.0000  0.0000  0.7071 -0.0000
    1   7.0913 THz   0.5714  0.0000 -0.5892 -0.0000  0.5714 -0.0000
    2   9.7825 THz   0.4166  0.0000  0.8080  0.0000  0.4166  0.0000


 Q=  0.146231 -0.292462  0.000000, q= -0.500000  0.250000 -0.250000

                       Ni X   0        Ni Y   0        Ni Z   0     
                    --------------- --------------- ---------------
    0   7.2251 THz   1.0000  0.0000  0.0000  0.0000  0.0000  0.0000
    1   8.8689 THz   0.0000  0.0000  0.2677  0.0229 -0.0874  0.9593
    2   8.8689 THz   0.0000  0.0000 -0.9336 -0.2370 -0.0676  0.2600


 Q=  0.219346 -0.219346 -0.073115, q= -0.500000  0.250000  0.000000

                       Ni X   0        Ni Y   0        Ni Z   0     
                    --------------- --------------- ---------------
    0   6.2833 THz  -0.7071  0.0000 -0.7071  0.0000 -0.0000 -0.0000
    1   7.0913 THz   0.5714  0.0000 -0.5714  0.0000  0.5892 -0.0000
    2   9.7825 THz  -0.4166  0.0000  0.4166 -0.0000  0.8080  0.0000


 Q=  0.292462 -0.146231 -0.146231, q= -0.500000  0.250000  0.250000

                       Ni X   0        Ni Y   0        Ni Z   0     
                    --------------- --------------- ---------------
    0   4.9072 THz   0.0000  0.0000  0.5669  0.4226 -0.5669 -0.4226
    1   7.2211 THz   1.0000  0.0000  0.0000  0.0000  0.0000  0.0000
    2   9.2806 THz   0.0000  0.0000 -0.6865 -0.1695 -0.6865 -0.1695


 Q= -0.219346 -0.073115 -0.073115, q= -0.250000 -0.500000 -0.500000

                       Ni X   0        Ni Y   0        Ni Z   0     
                    --------------- --------------- ---------------
    0   6.2833 THz   0.0000  0.0000  0.7040  0.0666 -0.7040 -0.0666
    1   7.0913 THz   0.5892  0.0000 -0.5714  0.0000 -0.5714 -0.0000
    2   9.7825 THz   0.8080  0.0000  0.4166 -0.0000  0.4166  0.0000


 Q= -0.146231  0.000000 -0.146231, q= -0.250000 -0.500000 -0.250000

                       Ni X   0        Ni Y   0        Ni Z   0     
                    --------------- --------------- ---------------
    0   4.9072 THz   0.7071  0.0000  0.0000  0.0000 -0.7071 -0.0000
    1   7.2211 THz   0.0000  0.0000 -0.9962 -0.0875  0.0000  0.0000
    2   9.2806 THz   0.7071  0.0000  0.0000 -0.0000  0.7071  0.0000


 Q= -0.073115  0.073115 -0.219346, q= -0.250000 -0.500000  0.000000

                       Ni X   0        Ni Y   0        Ni Z   0     
                    --------------- --------------- ---------------
    0   6.2833 THz   0.7071  0.0000  0.7071  0.0000 -0.0000  0.0000
    1   7.0913 THz   0.5714  0.0000 -0.5714 -0.0000 -0.5892 -0.0000
    2   9.7825 THz  -0.4166  0.0000  0.4166  0.0000 -0.8080 -0.0000


 Q=  0.000000  0.146231 -0.292462, q= -0.250000 -0.500000  0.250000

                       Ni X   0        Ni Y   0        Ni Z   0     
                    --------------- --------------- ---------------
    0   7.2251 THz   0.0000  0.0000 -0.9551 -0.2963 -0.0000  0.0000
    1   8.8689 THz   0.0000  0.0000 -0.0000  0.0000 -1.0000  0.0010
    2   8.8689 THz   1.0000  0.0000  0.0000  0.0000  0.0000  0.0000


 Q= -0.146231 -0.146231  0.000000, q= -0.250000 -0.250000 -0.500000

                       Ni X   0        Ni Y   0        Ni Z   0     
                    --------------- --------------- ---------------
    0   4.9072 THz   0.7071  0.0000 -0.7071 -0.0000  0.0000 -0.0000
    1   7.2211 THz   0.0000  0.0000 -0.0000 -0.0000 -0.6105  0.7920
    2   9.2806 THz  -0.7071  0.0000 -0.7071 -0.0000  0.0000 -0.0000


 Q= -0.073115 -0.073115 -0.073115, q= -0.250000 -0.250000 -0.250000

                       Ni X   0        Ni Y   0        Ni Z   0     
                    --------------- --------------- ---------------
    0   3.3326 THz   0.0000  0.0000  0.6987  0.1086 -0.6987 -0.1086
    1   3.3326 THz   0.8165  0.0000 -0.4082  0.0000 -0.4082 -0.0000
    2   7.8898 THz  -0.5774  0.0000 -0.5774  0.0000 -0.5774 -0.0000


 Q=  0.000000  0.000000 -0.146231, q= -0.250000 -0.250000  0.000000

                       Ni X   0        Ni Y   0        Ni Z   0     
                    --------------- --------------- ---------------
    0   5.1928 THz   1.0000  0.0000  0.0000  0.0000  0.0000  0.0000
    1   5.1928 THz   0.0000  0.0000 -0.9997  0.0250 -0.0000  0.0000
    2   7.8309 THz   0.0000  0.0000  0.0000  0.0000 -0.2234 -0.9747


 Q=  0.073115  0.073115 -0.219346, q= -0.250000 -0.250000  0.250000

                       Ni X   0        Ni Y   0        Ni Z   0     
                    --------------- --------------- ---------------
    0   6.2833 THz  -0.7071  0.0000  0.7071 -0.0000  0.0000 -0.0000
    1   7.0913 THz   0.5714  0.0000  0.5714 -0.0000  0.5892 -0.0000
    2   9.7825 THz   0.4166  0.0000  0.4166 -0.0000 -0.8080  0.0000


 Q= -0.073115 -0.219346  0.073115, q= -0.250000  0.000000 -0.500000

                       Ni X   0        Ni Y   0        Ni Z   0     
                    --------------- --------------- ---------------
    0   6.2833 THz   0.7071  0.0000  0.0000 -0.0000  0.7071 -0.0000
    1   7.0913 THz   0.5714  0.0000 -0.5892  0.0000 -0.5714  0.0000
    2   9.7825 THz   0.4166  0.0000  0.8080  0.0000 -0.4166  0.0000


 Q=  0.000000 -0.146231  0.000000, q= -0.250000  0.000000 -0.250000

                       Ni X   0        Ni Y   0        Ni Z   0     
                    --------------- --------------- ---------------
    0   5.1928 THz   1.0000  0.0000  0.0000  0.0000  0.0000  0.0000
    1   5.1928 THz   0.0000  0.0000  0.0000  0.0000 -0.9867  0.1627
    2   7.8309 THz   0.0000  0.0000 -0.4967  0.8679  0.0000  0.0000


 Q=  0.073115 -0.073115 -0.073115, q= -0.250000  0.000000  0.000000

                       Ni X   0        Ni Y   0        Ni Z   0     
                    --------------- --------------- ---------------
    0   3.3326 THz   0.8165  0.0000  0.4082  0.0000  0.4082 -0.0000
    1   3.3326 THz   0.0000  0.0000  0.7064 -0.0309 -0.7064  0.0309
    2   7.8898 THz   0.5774  0.0000 -0.5774 -0.0000 -0.5774  0.0000


 Q=  0.146231  0.000000 -0.146231, q= -0.250000  0.000000  0.250000

                       Ni X   0        Ni Y   0        Ni Z   0     
                    --------------- --------------- ---------------
    0   4.9072 THz  -0.7071  0.0000  0.0000  0.0000 -0.7071  0.0000
    1   7.2211 THz   0.0000  0.0000  0.3746  0.9272  0.0000  0.0000
    2   9.2806 THz   0.7071  0.0000  0.0000  0.0000 -0.7071  0.0000


 Q=  0.000000 -0.292462  0.146231, q= -0.250000  0.250000 -0.500000

                       Ni X   0        Ni Y   0        Ni Z   0     
                    --------------- --------------- ---------------
    0   7.2251 THz   0.0000  0.0000  0.0000 -0.0000 -0.5604 -0.8282
    1   8.8689 THz   1.0000  0.0000  0.0000  0.0000  0.0000  0.0000
    2   8.8689 THz   0.0000  0.0000 -1.0000 -0.0011  0.0000 -0.0000


 Q=  0.073115 -0.219346  0.073115, q= -0.250000  0.250000 -0.250000

                       Ni X   0        Ni Y   0        Ni Z   0     
                    --------------- --------------- ---------------
    0   6.2833 THz  -0.7071  0.0000  0.0000 -0.0000  0.7071 -0.0000
    1   7.0913 THz   0.5714  0.0000  0.5892 -0.0000  0.5714 -0.0000
    2   9.7825 THz  -0.4166  0.0000  0.8080  0.0000 -0.4166  0.0000


 Q=  0.146231 -0.146231  0.000000, q= -0.250000  0.250000  0.000000

                       Ni X   0        Ni Y   0        Ni Z   0     
                    --------------- --------------- ---------------
    0   4.9072 THz  -0.7071  0.0000 -0.7071  0.0000 -0.0000  0.0000
    1   7.2211 THz   0.0000  0.0000 -0.0000  0.0000 -0.9799 -0.1993
    2   9.2806 THz   0.7071  0.0000 -0.7071  0.0000 -0.0000  0.0000


 Q=  0.219346 -0.073115 -0.073115, q= -0.250000  0.250000  0.250000

                       Ni X   0        Ni Y   0        Ni Z   0     
                    --------------- --------------- ---------------
    0   6.2833 THz   0.0000  0.0000  0.7063 -0.0328 -0.7063  0.0328
    1   7.0913 THz  -0.5892  0.0000 -0.5714  0.0000 -0.5714 -0.0000
    2   9.7825 THz   0.8080  0.0000 -0.4166  0.0000 -0.4166 -0.0000


 Q= -0.292462  0.000000  0.000000, q=  0.000000 -0.500000 -0.500000

                       Ni X   0        Ni Y   0        Ni Z   0     
                    --------------- --------------- ---------------
    0   7.3403 THz   0.0000  0.0000 -0.9326  0.0000  0.3609  0.0000
    1   7.3403 THz   0.0000  0.0000 -0.3609  0.0000 -0.9326 -0.0000
    2  10.3123 THz   1.0000  0.0000  0.0000  0.0000  0.0000  0.0000


 Q= -0.219346  0.073115 -0.073115, q=  0.000000 -0.500000 -0.250000

                       Ni X   0        Ni Y   0        Ni Z   0     
                    --------------- --------------- ---------------
    0   6.2833 THz   0.0000  0.0000 -0.7069 -0.0167 -0.7069 -0.0167
    1   7.0913 THz  -0.5892  0.0000 -0.5714 -0.0000  0.5714  0.0000
    2   9.7825 THz   0.8080  0.0000 -0.4166 -0.0000  0.4166  0.0000


 Q= -0.146231  0.146231 -0.146231, q=  0.000000 -0.500000  0.000000

                       Ni X   0        Ni Y   0        Ni Z   0     
                    --------------- --------------- ---------------
    0   4.9693 THz   0.0000  0.0000 -0.7071 -0.0000 -0.7071 -0.0000
    1   4.9693 THz   0.8165  0.0000  0.4082  0.0000 -0.4082 -0.0000
    2  10.6545 THz   0.5774  0.0000 -0.5774 -0.0000  0.5774  0.0000


 Q= -0.073115  0.219346 -0.219346, q=  0.000000 -0.500000  0.250000

                       Ni X   0        Ni Y   0        Ni Z   0     
                    --------------- --------------- ---------------
    0   6.2833 THz   0.0000  0.0000 -0.7065 -0.0288 -0.7065 -0.0288
    1   7.0913 THz  -0.5892  0.0000 -0.5714  0.0000  0.5714 -0.0000
    2   9.7825 THz   0.8080  0.0000 -0.4166  0.0000  0.4166 -0.0000


 Q= -0.219346 -0.073115  0.073115, q=  0.000000 -0.250000 -0.500000

                       Ni X   0        Ni Y   0        Ni Z   0     
                    --------------- --------------- ---------------
    0   6.2833 THz   0.0000  0.0000 -0.7050  0.0551 -0.7050  0.0551
    1   7.0913 THz   0.5892  0.0000 -0.5714 -0.0000  0.5714  0.0000
    2   9.7825 THz   0.8080  0.0000  0.4166  0.0000 -0.4166 -0.0000


 Q= -0.146231  0.000000  0.000000, q=  0.000000 -0.250000 -0.250000

                       Ni X   0        Ni Y   0        Ni Z   0     
                    --------------- --------------- ---------------
    0   5.1928 THz   0.0000  0.0000  0.1842  0.3280 -0.0697 -0.9239
    1   5.1928 THz   0.0000  0.0000 -0.4859 -0.7889 -0.0434 -0.3737
    2   7.8309 THz   1.0000  0.0000  0.0000  0.0000  0.0000  0.0000


 Q= -0.073115  0.073115 -0.073115, q=  0.000000 -0.250000  0.000000

                       Ni X   0        Ni Y   0        Ni Z   0     
                    --------------- --------------- ---------------
    0   3.3326 THz   0.8165  0.0000  0.4082 -0.0000 -0.4082 -0.0000
    1   3.3326 THz   0.0000  0.0000 -0.6770  0.2042 -0.6770  0.2042
    2   7.8898 THz   0.5774  0.0000 -0.5774  0.0000  0.5774  0.0000


 Q=  0.000000  0.146231 -0.146231, q=  0.000000 -0.250000  0.250000

                       Ni X   0        Ni Y   0        Ni Z   0     
                    --------------- --------------- ---------------
    0   4.9072 THz   0.0000  0.0000 -0.6173 -0.3448 -0.6173 -0.3448
    1   7.2211 THz   1.0000  0.0000  0.0000  0.0000  0.0000  0.0000
    2   9.2806 THz   0.0000  0.0000  0.6900 -0.1545 -0.6900  0.1545


 Q= -0.146231 -0.146231  0.146231, q=  0.000000  0.000000 -0.500000

                       Ni X   0        Ni Y   0        Ni Z   0     
                    --------------- --------------- ---------------
    0   4.9693 THz   0.0000  0.0000 -0.7071 -0.0000 -0.7071 -0.0000
    1   4.9693 THz   0.8165  0.0000 -0.4082  0.0000  0.4082  0.0000
    2  10.6545 THz  -0.5774  0.0000 -0.5774  0.0000  0.5774  0.0000


 Q= -0.073115 -0.073115  0.073115, q=  0.000000  0.000000 -0.250000

                       Ni X   0        Ni Y   0        Ni Z   0     
                    --------------- --------------- ---------------
    0   3.3326 THz   0.5706  0.0000  0.2205  0.0030  0.7911  0.0030
    1   3.3326 THz  -0.5840 -0.0000  0.7861  0.0029  0.2021  0.0029
    2   7.8898 THz   0.5774  0.0000  0.5774  0.0000 -0.5774  0.0000


 Q=  0.000000  0.000000  0.000000, q=  0.000000  0.000000  0.000000

                       Ni X   0        Ni Y   0        Ni Z   0     
                    --------------- --------------- ---------------
    0  -0.0000 THz   0.6384  0.0000 -0.7503  0.0000  0.1717  0.0000
    1  -0.0000 THz  -0.7665  0.0000 -0.6401  0.0000  0.0523  0.0000
    2  -0.0000 THz   0.0707  0.0000 -0.1650  0.0000 -0.9838  0.0000


 Q=  0.073115  0.073115 -0.073115, q=  0.000000  0.000000  0.250000

                       Ni X   0        Ni Y   0        Ni Z   0     
                    --------------- --------------- ---------------
    0   3.3326 THz   0.5706  0.0000  0.2205 -0.0030  0.7911 -0.0030
    1   3.3326 THz  -0.5840 -0.0000  0.7861 -0.0029  0.2021 -0.0029
    2   7.8898 THz   0.5774  0.0000  0.5774 -0.0000 -0.5774 -0.0000


 Q= -0.073115 -0.219346  0.219346, q=  0.000000  0.250000 -0.500000

                       Ni X   0        Ni Y   0        Ni Z   0     
                    --------------- --------------- ---------------
    0   6.2833 THz   0.0000  0.0000 -0.7062 -0.0360 -0.7062 -0.0360
    1   7.0913 THz   0.5892  0.0000 -0.5714  0.0000  0.5714 -0.0000
    2   9.7825 THz   0.8080  0.0000  0.4166 -0.0000 -0.4166  0.0000


 Q=  0.000000 -0.146231  0.146231, q=  0.000000  0.250000 -0.250000

                       Ni X   0        Ni Y   0        Ni Z   0     
                    --------------- --------------- ---------------
    0   4.9072 THz   0.0000  0.0000 -0.6173  0.3448 -0.6173  0.3448
    1   7.2211 THz   1.0000  0.0000  0.0000  0.0000  0.0000  0.0000
    2   9.2806 THz   0.0000  0.0000  0.6900  0.1545 -0.6900 -0.1545


 Q=  0.073115 -0.073115  0.073115, q=  0.000000  0.250000  0.000000

                       Ni X   0        Ni Y   0        Ni Z   0     
                    --------------- --------------- ---------------
    0   3.3326 THz   0.8165  0.0000  0.4082  0.0000 -0.4082  0.0000
    1   3.3326 THz   0.0000  0.0000 -0.6770 -0.2042 -0.6770 -0.2042
    2   7.8898 THz   0.5774  0.0000 -0.5774 -0.0000  0.5774 -0.0000


 Q=  0.146231  0.000000  0.000000, q=  0.000000  0.250000  0.250000

                       Ni X   0        Ni Y   0        Ni Z   0     
                    --------------- --------------- ---------------
    0   5.1928 THz   0.0000  0.0000  0.1842 -0.3280 -0.0697  0.9239
    1   5.1928 THz   0.0000  0.0000 -0.4859  0.7889 -0.0434  0.3737
    2   7.8309 THz   1.0000  0.0000  0.0000  0.0000  0.0000  0.0000


 Q= -0.365577  0.073115  0.073115, q=  0.250000 -0.500000 -0.500000

                       Ni X   0        Ni Y   0        Ni Z   0     
                    --------------- --------------- ---------------
    0   6.2833 THz   0.0000  0.0000 -0.0000  0.7071 -0.0000 -0.7071
    1   7.0913 THz   0.5892  0.0000 -0.5714 -0.0000 -0.5714  0.0000
    2   9.7825 THz   0.8080  0.0000  0.4166  0.0000  0.4166 -0.0000


 Q= -0.292462  0.146231  0.000000, q=  0.250000 -0.500000 -0.250000

                       Ni X   0        Ni Y   0        Ni Z   0     
                    --------------- --------------- ---------------
    0   7.2251 THz   0.0000  0.0000 -0.9982  0.0607  0.0000  0.0000
    1   8.8689 THz   0.0000  0.0000 -0.0000  0.0000 -1.0000 -0.0012
    2   8.8689 THz   1.0000  0.0000  0.0000  0.0000  0.0000  0.0000


 Q= -0.219346  0.219346 -0.073115, q=  0.250000 -0.500000  0.000000

                       Ni X   0        Ni Y   0        Ni Z   0     
                    --------------- --------------- ---------------
    0   6.2833 THz   0.7071  0.0000  0.7071 -0.0000 -0.0000 -0.0000
    1   7.0913 THz   0.5714  0.0000 -0.5714  0.0000 -0.5892  0.0000
    2   9.7825 THz  -0.4166  0.0000  0.4166 -0.0000 -0.8080  0.0000


 Q= -0.146231  0.292462 -0.146231, q=  0.250000 -0.500000  0.250000

                       Ni X   0        Ni Y   0        Ni Z   0     
                    --------------- --------------- ---------------
    0   4.9072 THz   0.7071  0.0000  0.0000 -0.0000 -0.7071  0.0000
    1   7.2211 THz   0.0000  0.0000 -0.9990  0.0443 -0.0000 -0.0000
    2   9.2806 THz   0.7071  0.0000 -0.0000  0.0000  0.7071 -0.0000


 Q= -0.292462  0.000000  0.146231, q=  0.250000 -0.250000 -0.500000

                       Ni X   0        Ni Y   0        Ni Z   0     
                    --------------- --------------- ---------------
    0   7.2251 THz   0.0000  0.0000  0.0000 -0.0000 -0.9981  0.0617
    1   8.8689 THz   1.0000  0.0000  0.0000  0.0000  0.0000  0.0000
    2   8.8689 THz   0.0000  0.0000  1.0000 -0.0010  0.0000 -0.0000


 Q= -0.219346  0.073115  0.073115, q=  0.250000 -0.250000 -0.250000

                       Ni X   0        Ni Y   0        Ni Z   0     
                    --------------- --------------- ---------------
    0   6.2833 THz   0.0000  0.0000  0.7063  0.0328 -0.7063 -0.0328
    1   7.0913 THz  -0.5892  0.0000 -0.5714 -0.0000 -0.5714  0.0000
    2   9.7825 THz   0.8080  0.0000 -0.4166 -0.0000 -0.4166  0.0000


 Q= -0.146231  0.146231  0.000000, q=  0.250000 -0.250000  0.000000

                       Ni X   0        Ni Y   0        Ni Z   0     
                    --------------- --------------- ---------------
    0   4.9072 THz  -0.7071  0.0000 -0.7071 -0.0000 -0.0000 -0.0000
    1   7.2211 THz   0.0000  0.0000 -0.0000 -0.0000 -0.9799  0.1993
    2   9.2806 THz   0.7071  0.0000 -0.7071 -0.0000 -0.0000 -0.0000


 Q= -0.073115  0.219346 -0.073115, q=  0.250000 -0.250000  0.250000

                       Ni X   0        Ni Y   0        Ni Z   0     
                    --------------- --------------- ---------------
    0   6.2833 THz  -0.7071  0.0000  0.0000  0.0000  0.7071  0.0000
    1   7.0913 THz   0.5714  0.0000  0.5892  0.0000  0.5714  0.0000
    2   9.7825 THz  -0.4166  0.0000  0.8080 -0.0000 -0.4166 -0.0000


 Q= -0.219346 -0.073115  0.219346, q=  0.250000  0.000000 -0.500000

                       Ni X   0        Ni Y   0        Ni Z   0     
                    --------------- --------------- ---------------
    0   6.2833 THz   0.7071  0.0000 -0.0000  0.0000  0.7071  0.0000
    1   7.0913 THz   0.5714  0.0000 -0.5892 -0.0000 -0.5714 -0.0000
    2   9.7825 THz   0.4166  0.0000  0.8080 -0.0000 -0.4166 -0.0000


 Q= -0.146231  0.000000  0.146231, q=  0.250000  0.000000 -0.250000

                       Ni X   0        Ni Y   0        Ni Z   0     
                    --------------- --------------- ---------------
    0   4.9072 THz  -0.7071  0.0000  0.0000 -0.0000 -0.7071 -0.0000
    1   7.2211 THz   0.0000  0.0000  0.3746 -0.9272  0.0000  0.0000
    2   9.2806 THz   0.7071  0.0000  0.0000 -0.0000 -0.7071 -0.0000


 Q= -0.073115  0.073115  0.073115, q=  0.250000  0.000000  0.000000

                       Ni X   0        Ni Y   0        Ni Z   0     
                    --------------- --------------- ---------------
    0   3.3326 THz   0.8165  0.0000  0.4082 -0.0000  0.4082  0.0000
    1   3.3326 THz   0.0000  0.0000  0.7064  0.0309 -0.7064 -0.0309
    2   7.8898 THz   0.5774  0.0000 -0.5774  0.0000 -0.5774 -0.0000


 Q=  0.000000  0.146231  0.000000, q=  0.250000  0.000000  0.250000

                       Ni X   0        Ni Y   0        Ni Z   0     
                    --------------- --------------- ---------------
    0   5.1928 THz   1.0000  0.0000  0.0000  0.0000  0.0000  0.0000
    1   5.1928 THz   0.0000  0.0000  0.0000 -0.0000 -0.9867 -0.1627
    2   7.8309 THz   0.0000  0.0000 -0.4967 -0.8679  0.0000 -0.0000


 Q= -0.146231 -0.146231  0.292462, q=  0.250000  0.250000 -0.500000

                       Ni X   0        Ni Y   0        Ni Z   0     
                    --------------- --------------- ---------------
    0   4.9072 THz   0.7071  0.0000 -0.7071  0.0000  0.0000  0.0000
    1   7.2211 THz   0.0000  0.0000 -0.0000  0.0000 -0.9664  0.2571
    2   9.2806 THz   0.7071  0.0000  0.7071 -0.0000 -0.0000 -0.0000


 Q= -0.073115 -0.073115  0.219346, q=  0.250000  0.250000 -0.250000

                       Ni X   0        Ni Y   0        Ni Z   0     
                    --------------- --------------- ---------------
    0   6.2833 THz  -0.7071  0.0000  0.7071  0.0000  0.0000  0.0000
    1   7.0913 THz   0.5714  0.0000  0.5714  0.0000  0.5892  0.0000
    2   9.7825 THz   0.4166  0.0000  0.4166  0.0000 -0.8080 -0.0000


 Q=  0.000000  0.000000  0.146231, q=  0.250000  0.250000  0.000000

                       Ni X   0        Ni Y   0        Ni Z   0     
                    --------------- --------------- ---------------
    0   5.1928 THz   1.0000  0.0000  0.0000  0.0000  0.0000  0.0000
    1   5.1928 THz   0.0000  0.0000 -0.9997 -0.0250 -0.0000 -0.0000
    2   7.8309 THz   0.0000  0.0000  0.0000 -0.0000 -0.2234  0.9747


 Q=  0.073115  0.073115  0.073115, q=  0.250000  0.250000  0.250000

                       Ni X   0        Ni Y   0        Ni Z   0     
                    --------------- --------------- ---------------
    0   3.3326 THz   0.0000  0.0000  0.6987 -0.1086 -0.6987  0.1086
    1   3.3326 THz   0.8165  0.0000 -0.4082 -0.0000 -0.4082  0.0000
    2   7.8898 THz  -0.5774  0.0000 -0.5774 -0.0000 -0.5774  0.0000
