
Used Primitive lattice vector

    0.000000000000      2.433133000000      2.433133000000  
    2.433133000000      0.000000000000      2.433133000000  
    2.433133000000      2.433133000000      0.000000000000  

   1 Atom(s) in the Primitive cell

 0.0000000000 0.0000000000 0.0000000000 Pb    0


 Q= -0.102748 -0.102748 -0.102748, q= -0.500000 -0.500000 -0.500000

                       Pb X   0        Pb Y   0        Pb Z   0     
                    --------------- --------------- ---------------
    0   1.8052 THz   0.0000  0.0000  0.7071 -0.0000 -0.7071  0.0000
    1   1.8052 THz   0.8165  0.0000 -0.4082  0.0000 -0.4082  0.0000
    2   2.6997 THz  -0.5774  0.0000 -0.5774  0.0000 -0.5774  0.0000


 Q= -0.051374 -0.051374 -0.154122, q= -0.500000 -0.500000 -0.250000

                       Pb X   0        Pb Y   0        Pb Z   0     
                    --------------- --------------- ---------------
    0   1.9427 THz  -0.7071  0.0000  0.7071 -0.0000 -0.0000  0.0000
    1   2.2222 THz  -0.6314  0.0000 -0.6314  0.0000  0.4502 -0.0000
    2   2.6216 THz   0.3184  0.0000  0.3184  0.0000  0.8929 -0.0000


 Q=  0.000000  0.000000 -0.205496, q= -0.500000 -0.500000  0.000000

                       Pb X   0        Pb Y   0        Pb Z   0     
                    --------------- --------------- ---------------
    0   1.7513 THz   1.0000  0.0000  0.0000  0.0000  0.0000  0.0000
    1   1.7513 THz   0.0000  0.0000 -1.0000  0.0000  0.0000  0.0000
    2   2.6794 THz   0.0000  0.0000  0.0000 -0.0000 -1.0000 -0.0000


 Q=  0.051374  0.051374 -0.256870, q= -0.500000 -0.500000  0.250000

                       Pb X   0        Pb Y   0        Pb Z   0     
                    --------------- --------------- ---------------
    0   1.9427 THz  -0.7071  0.0000  0.7071  0.0000 -0.0000 -0.0000
    1   2.2222 THz  -0.6314  0.0000 -0.6314 -0.0000  0.4502  0.0000
    2   2.6216 THz   0.3184  0.0000  0.3184  0.0000  0.8929  0.0000


 Q= -0.051374 -0.154122 -0.051374, q= -0.500000 -0.250000 -0.500000

                       Pb X   0        Pb Y   0        Pb Z   0     
                    --------------- --------------- ---------------
    0   1.9427 THz  -0.7071  0.0000  0.0000 -0.0000  0.7071  0.0000
    1   2.2222 THz   0.6314  0.0000 -0.4502  0.0000  0.6314  0.0000
    2   2.6216 THz   0.3184  0.0000  0.8929 -0.0000  0.3184  0.0000


 Q=  0.000000 -0.102748 -0.102748, q= -0.500000 -0.250000 -0.250000

                       Pb X   0        Pb Y   0        Pb Z   0     
                    --------------- --------------- ---------------
    0   1.8045 THz   0.0000  0.0000  0.6868  0.1684 -0.6868 -0.1684
    1   2.2755 THz   1.0000  0.0000  0.0000  0.0000  0.0000  0.0000
    2   2.4442 THz   0.0000  0.0000 -0.7068 -0.0222 -0.7068 -0.0222


 Q=  0.051374 -0.051374 -0.154122, q= -0.500000 -0.250000  0.000000

                       Pb X   0        Pb Y   0        Pb Z   0     
                    --------------- --------------- ---------------
    0   1.9427 THz  -0.7071  0.0000 -0.7071 -0.0000  0.0000  0.0000
    1   2.2222 THz   0.6314  0.0000 -0.6314 -0.0000  0.4502  0.0000
    2   2.6216 THz  -0.3184  0.0000  0.3184  0.0000  0.8929  0.0000


 Q=  0.102748  0.000000 -0.205496, q= -0.500000 -0.250000  0.250000

                       Pb X   0        Pb Y   0        Pb Z   0     
                    --------------- --------------- ---------------
    0   2.1834 THz   1.0000  0.0000  0.0000  0.0000  0.0000  0.0000
    1   2.2953 THz   0.0000  0.0000  0.2772 -0.0822 -0.9573  0.0076
    2   2.2953 THz   0.0000  0.0000  0.5115 -0.8092  0.2161 -0.1921


 Q=  0.000000 -0.205496  0.000000, q= -0.500000  0.000000 -0.500000

                       Pb X   0        Pb Y   0        Pb Z   0     
                    --------------- --------------- ---------------
    0   1.7513 THz   0.0000  0.0000 -0.0000  0.0000 -1.0000  0.0000
    1   1.7513 THz   1.0000  0.0000  0.0000  0.0000  0.0000  0.0000
    2   2.6794 THz   0.0000  0.0000  1.0000 -0.0000 -0.0000  0.0000


 Q=  0.051374 -0.154122 -0.051374, q= -0.500000  0.000000 -0.250000

                       Pb X   0        Pb Y   0        Pb Z   0     
                    --------------- --------------- ---------------
    0   1.9427 THz  -0.7071  0.0000  0.0000 -0.0000 -0.7071  0.0000
    1   2.2222 THz  -0.6314  0.0000 -0.4502 -0.0000  0.6314 -0.0000
    2   2.6216 THz  -0.3184  0.0000  0.8929  0.0000  0.3184 -0.0000


 Q=  0.102748 -0.102748 -0.102748, q= -0.500000  0.000000  0.000000

                       Pb X   0        Pb Y   0        Pb Z   0     
                    --------------- --------------- ---------------
    0   1.8052 THz   0.0000  0.0000  0.7071  0.0000 -0.7071 -0.0000
    1   1.8052 THz   0.8165  0.0000  0.4082 -0.0000  0.4082 -0.0000
    2   2.6997 THz   0.5774  0.0000 -0.5774  0.0000 -0.5774  0.0000


 Q=  0.154122 -0.051374 -0.154122, q= -0.500000  0.000000  0.250000

                       Pb X   0        Pb Y   0        Pb Z   0     
                    --------------- --------------- ---------------
    0   1.9427 THz  -0.7071  0.0000  0.0000 -0.0000 -0.7071  0.0000
    1   2.2222 THz  -0.6314  0.0000 -0.4502  0.0000  0.6314 -0.0000
    2   2.6216 THz  -0.3184  0.0000  0.8929  0.0000  0.3184  0.0000


 Q=  0.051374 -0.256870  0.051374, q= -0.500000  0.250000 -0.500000

                       Pb X   0        Pb Y   0        Pb Z   0     
                    --------------- --------------- ---------------
    0   1.9427 THz  -0.7071  0.0000 -0.0000  0.0000  0.7071 -0.0000
    1   2.2222 THz   0.6314  0.0000 -0.4502 -0.0000  0.6314 -0.0000
    2   2.6216 THz   0.3184  0.0000  0.8929  0.0000  0.3184 -0.0000


 Q=  0.102748 -0.205496  0.000000, q= -0.500000  0.250000 -0.250000

                       Pb X   0        Pb Y   0        Pb Z   0     
                    --------------- --------------- ---------------
    0   2.1834 THz   1.0000  0.0000  0.0000  0.0000  0.0000  0.0000
    1   2.2953 THz   0.0000  0.0000  0.3460  0.2414 -0.8294 -0.3662
    2   2.2953 THz   0.0000  0.0000 -0.7841 -0.4553 -0.3987 -0.1378


 Q=  0.154122 -0.154122 -0.051374, q= -0.500000  0.250000  0.000000

                       Pb X   0        Pb Y   0        Pb Z   0     
                    --------------- --------------- ---------------
    0   1.9427 THz  -0.7071  0.0000 -0.7071  0.0000  0.0000 -0.0000
    1   2.2222 THz   0.6314  0.0000 -0.6314  0.0000  0.4502 -0.0000
    2   2.6216 THz  -0.3184  0.0000  0.3184  0.0000  0.8929 -0.0000


 Q=  0.205496 -0.102748 -0.102748, q= -0.500000  0.250000  0.250000

                       Pb X   0        Pb Y   0        Pb Z   0     
                    --------------- --------------- ---------------
    0   1.8045 THz   0.0000  0.0000  0.6902 -0.1539 -0.6902  0.1539
    1   2.2755 THz   1.0000  0.0000  0.0000  0.0000  0.0000  0.0000
    2   2.4442 THz   0.0000  0.0000 -0.7071  0.0061 -0.7071  0.0061


 Q= -0.154122 -0.051374 -0.051374, q= -0.250000 -0.500000 -0.500000

                       Pb X   0        Pb Y   0        Pb Z   0     
                    --------------- --------------- ---------------
    0   1.9427 THz   0.0000  0.0000  0.7068  0.0196 -0.7068 -0.0196
    1   2.2222 THz   0.4502  0.0000 -0.6314 -0.0000 -0.6314  0.0000
    2   2.6216 THz   0.8929  0.0000  0.3184  0.0000  0.3184 -0.0000


 Q= -0.102748  0.000000 -0.102748, q= -0.250000 -0.500000 -0.250000

                       Pb X   0        Pb Y   0        Pb Z   0     
                    --------------- --------------- ---------------
    0   1.8045 THz   0.7071  0.0000  0.0000  0.0000 -0.7071  0.0000
    1   2.2755 THz   0.0000  0.0000  0.9982 -0.0604  0.0000 -0.0000
    2   2.4442 THz   0.7071  0.0000  0.0000 -0.0000  0.7071 -0.0000


 Q= -0.051374  0.051374 -0.154122, q= -0.250000 -0.500000  0.000000

                       Pb X   0        Pb Y   0        Pb Z   0     
                    --------------- --------------- ---------------
    0   1.9427 THz  -0.7071  0.0000 -0.7071 -0.0000 -0.0000  0.0000
    1   2.2222 THz  -0.6314  0.0000  0.6314 -0.0000  0.4502  0.0000
    2   2.6216 THz  -0.3184  0.0000  0.3184  0.0000 -0.8929 -0.0000


 Q=  0.000000  0.102748 -0.205496, q= -0.250000 -0.500000  0.250000

                       Pb X   0        Pb Y   0        Pb Z   0     
                    --------------- --------------- ---------------
    0   2.1834 THz   0.0000  0.0000 -0.0062  1.0000 -0.0000  0.0000
    1   2.2953 THz   0.0000  0.0000  0.0000 -0.0000 -0.9892  0.1469
    2   2.2953 THz   1.0000  0.0000  0.0000  0.0000  0.0000  0.0000


 Q= -0.102748 -0.102748  0.000000, q= -0.250000 -0.250000 -0.500000

                       Pb X   0        Pb Y   0        Pb Z   0     
                    --------------- --------------- ---------------
    0   1.8045 THz   0.7071  0.0000 -0.7071  0.0000  0.0000 -0.0000
    1   2.2755 THz   0.0000  0.0000  0.0000 -0.0000 -0.1238 -0.9923
    2   2.4442 THz   0.7071  0.0000  0.7071 -0.0000 -0.0000  0.0000


 Q= -0.051374 -0.051374 -0.051374, q= -0.250000 -0.250000 -0.250000

                       Pb X   0        Pb Y   0        Pb Z   0     
                    --------------- --------------- ---------------
    0   1.6083 THz   0.0000  0.0000  0.6992  0.1054 -0.6992 -0.1054
    1   1.6083 THz   0.8165  0.0000 -0.4082  0.0000 -0.4082 -0.0000
    2   2.2373 THz  -0.5774  0.0000 -0.5774  0.0000 -0.5774 -0.0000


 Q=  0.000000  0.000000 -0.102748, q= -0.250000 -0.250000  0.000000

                       Pb X   0        Pb Y   0        Pb Z   0     
                    --------------- --------------- ---------------
    0   1.8220 THz   0.0000  0.0000 -0.6923 -0.7216 -0.0000  0.0000
    1   1.8220 THz   1.0000  0.0000  0.0000  0.0000  0.0000  0.0000
    2   2.3330 THz   0.0000  0.0000  0.0000  0.0000 -0.9911 -0.1334


 Q=  0.051374  0.051374 -0.154122, q= -0.250000 -0.250000  0.250000

                       Pb X   0        Pb Y   0        Pb Z   0     
                    --------------- --------------- ---------------
    0   1.9427 THz  -0.7071  0.0000  0.7071 -0.0000  0.0000 -0.0000
    1   2.2222 THz   0.6314  0.0000  0.6314 -0.0000  0.4502 -0.0000
    2   2.6216 THz   0.3184  0.0000  0.3184  0.0000 -0.8929  0.0000


 Q= -0.051374 -0.154122  0.051374, q= -0.250000  0.000000 -0.500000

                       Pb X   0        Pb Y   0        Pb Z   0     
                    --------------- --------------- ---------------
    0   1.9427 THz  -0.7071  0.0000 -0.0000  0.0000 -0.7071 -0.0000
    1   2.2222 THz  -0.6314  0.0000  0.4502 -0.0000  0.6314  0.0000
    2   2.6216 THz   0.3184  0.0000  0.8929 -0.0000 -0.3184 -0.0000


 Q=  0.000000 -0.102748  0.000000, q= -0.250000  0.000000 -0.250000

                       Pb X   0        Pb Y   0        Pb Z   0     
                    --------------- --------------- ---------------
    0   1.8220 THz   0.0000  0.0000 -0.0000 -0.0000 -0.9686 -0.2487
    1   1.8220 THz   1.0000  0.0000  0.0000  0.0000  0.0000  0.0000
    2   2.3330 THz   0.0000  0.0000  0.9947 -0.1032  0.0000  0.0000


 Q=  0.051374 -0.051374 -0.051374, q= -0.250000  0.000000  0.000000

                       Pb X   0        Pb Y   0        Pb Z   0     
                    --------------- --------------- ---------------
    0   1.6083 THz   0.0000  0.0000  0.7052 -0.0518 -0.7052  0.0518
    1   1.6083 THz   0.8165  0.0000  0.4082 -0.0000  0.4082 -0.0000
    2   2.2373 THz   0.5774  0.0000 -0.5774  0.0000 -0.5774  0.0000


 Q=  0.102748  0.000000 -0.102748, q= -0.250000  0.000000  0.250000

                       Pb X   0        Pb Y   0        Pb Z   0     
                    --------------- --------------- ---------------
    0   1.8045 THz   0.7071  0.0000  0.0000 -0.0000  0.7071 -0.0000
    1   2.2755 THz   0.0000  0.0000 -0.9997  0.0247  0.0000  0.0000
    2   2.4442 THz   0.7071  0.0000  0.0000  0.0000 -0.7071  0.0000


 Q=  0.000000 -0.205496  0.102748, q= -0.250000  0.250000 -0.500000

                       Pb X   0        Pb Y   0        Pb Z   0     
                    --------------- --------------- ---------------
    0   2.1834 THz   0.0000  0.0000 -0.0000  0.0000 -0.6686  0.7437
    1   2.2953 THz   1.0000  0.0000  0.0000  0.0000  0.0000  0.0000
    2   2.2953 THz   0.0000  0.0000  0.9998  0.0208 -0.0000  0.0000


 Q=  0.051374 -0.154122  0.051374, q= -0.250000  0.250000 -0.250000

                       Pb X   0        Pb Y   0        Pb Z   0     
                    --------------- --------------- ---------------
    0   1.9427 THz  -0.7071  0.0000  0.0000 -0.0000  0.7071  0.0000
    1   2.2222 THz   0.6314  0.0000  0.4502  0.0000  0.6314  0.0000
    2   2.6216 THz  -0.3184  0.0000  0.8929  0.0000 -0.3184 -0.0000


 Q=  0.102748 -0.102748  0.000000, q= -0.250000  0.250000  0.000000

                       Pb X   0        Pb Y   0        Pb Z   0     
                    --------------- --------------- ---------------
    0   1.8045 THz   0.7071  0.0000  0.7071 -0.0000  0.0000  0.0000
    1   2.2755 THz   0.0000  0.0000  0.0000  0.0000 -0.5255 -0.8508
    2   2.4442 THz   0.7071  0.0000 -0.7071  0.0000 -0.0000 -0.0000


 Q=  0.154122 -0.051374 -0.051374, q= -0.250000  0.250000  0.250000

                       Pb X   0        Pb Y   0        Pb Z   0     
                    --------------- --------------- ---------------
    0   1.9427 THz  -0.0000  0.0000  0.7059 -0.0407 -0.7059  0.0407
    1   2.2222 THz  -0.4502  0.0000 -0.6314  0.0000 -0.6314  0.0000
    2   2.6216 THz   0.8929  0.0000 -0.3184  0.0000 -0.3184  0.0000


 Q= -0.205496  0.000000  0.000000, q=  0.000000 -0.500000 -0.500000

                       Pb X   0        Pb Y   0        Pb Z   0     
                    --------------- --------------- ---------------
    0   1.7513 THz   0.0000  0.0000 -0.9951  0.0000 -0.0989  0.0000
    1   1.7513 THz   0.0000  0.0000 -0.0989 -0.0000  0.9951 -0.0000
    2   2.6794 THz   1.0000  0.0000  0.0000  0.0000  0.0000  0.0000


 Q= -0.154122  0.051374 -0.051374, q=  0.000000 -0.500000 -0.250000

                       Pb X   0        Pb Y   0        Pb Z   0     
                    --------------- --------------- ---------------
    0   1.9427 THz   0.0000  0.0000 -0.6518 -0.2741 -0.6518 -0.2741
    1   2.2222 THz  -0.4502  0.0000 -0.6314  0.0000  0.6314  0.0000
    2   2.6216 THz   0.8929  0.0000 -0.3184  0.0000  0.3184  0.0000


 Q= -0.102748  0.102748 -0.102748, q=  0.000000 -0.500000  0.000000

                       Pb X   0        Pb Y   0        Pb Z   0     
                    --------------- --------------- ---------------
    0   1.8052 THz   0.8165  0.0000  0.4082 -0.0000 -0.4082  0.0000
    1   1.8052 THz   0.0000  0.0000 -0.7071  0.0000 -0.7071  0.0000
    2   2.6997 THz   0.5774  0.0000 -0.5774  0.0000  0.5774 -0.0000


 Q= -0.051374  0.154122 -0.154122, q=  0.000000 -0.500000  0.250000

                       Pb X   0        Pb Y   0        Pb Z   0     
                    --------------- --------------- ---------------
    0   1.9427 THz   0.0000  0.0000 -0.7066  0.0255 -0.7066  0.0255
    1   2.2222 THz  -0.4502  0.0000 -0.6314  0.0000  0.6314 -0.0000
    2   2.6216 THz   0.8929  0.0000 -0.3184  0.0000  0.3184 -0.0000


 Q= -0.154122 -0.051374  0.051374, q=  0.000000 -0.250000 -0.500000

                       Pb X   0        Pb Y   0        Pb Z   0     
                    --------------- --------------- ---------------
    0   1.9427 THz   0.0000  0.0000 -0.7048 -0.0572 -0.7048 -0.0572
    1   2.2222 THz   0.4502  0.0000 -0.6314 -0.0000  0.6314 -0.0000
    2   2.6216 THz   0.8929  0.0000  0.3184  0.0000 -0.3184  0.0000


 Q= -0.102748  0.000000  0.000000, q=  0.000000 -0.250000 -0.250000

                       Pb X   0        Pb Y   0        Pb Z   0     
                    --------------- --------------- ---------------
    0   1.8220 THz   0.0000  0.0000 -0.3043 -0.0222 -0.9034  0.3012
    1   1.8220 THz   0.0000  0.0000  0.9130  0.2707 -0.3034  0.0324
    2   2.3330 THz   1.0000  0.0000  0.0000  0.0000  0.0000  0.0000


 Q= -0.051374  0.051374 -0.051374, q=  0.000000 -0.250000  0.000000

                       Pb X   0        Pb Y   0        Pb Z   0     
                    --------------- --------------- ---------------
    0   1.6083 THz   0.0000  0.0000 -0.7066 -0.0270 -0.7066 -0.0270
    1   1.6083 THz   0.8165  0.0000  0.4082 -0.0000 -0.4082  0.0000
    2   2.2373 THz   0.5774  0.0000 -0.5774  0.0000  0.5774 -0.0000


 Q=  0.000000  0.102748 -0.102748, q=  0.000000 -0.250000  0.250000

                       Pb X   0        Pb Y   0        Pb Z   0     
                    --------------- --------------- ---------------
    0   1.8045 THz   0.0000  0.0000  0.5014  0.4986  0.5014  0.4986
    1   2.2755 THz   1.0000  0.0000  0.0000  0.0000  0.0000  0.0000
    2   2.4442 THz   0.0000  0.0000 -0.6228  0.3348  0.6228 -0.3348


 Q= -0.102748 -0.102748  0.102748, q=  0.000000  0.000000 -0.500000

                       Pb X   0        Pb Y   0        Pb Z   0     
                    --------------- --------------- ---------------
    0   1.8052 THz  -0.4343  0.0000 -0.3817  0.0000 -0.8159  0.0000
    1   1.8052 THz   0.6914  0.0000 -0.7218  0.0000 -0.0304  0.0000
    2   2.6997 THz   0.5774  0.0000  0.5774  0.0000 -0.5774  0.0000


 Q= -0.051374 -0.051374  0.051374, q=  0.000000  0.000000 -0.250000

                       Pb X   0        Pb Y   0        Pb Z   0     
                    --------------- --------------- ---------------
    0   1.6083 THz   0.0000  0.0000 -0.7015  0.0892 -0.7015  0.0892
    1   1.6083 THz   0.8165  0.0000 -0.4082 -0.0000  0.4082 -0.0000
    2   2.2373 THz  -0.5774  0.0000 -0.5774 -0.0000  0.5774 -0.0000


 Q=  0.000000  0.000000  0.000000, q=  0.000000  0.000000  0.000000

                       Pb X   0        Pb Y   0        Pb Z   0     
                    --------------- --------------- ---------------
    0   0.0000 THz  -0.0923  0.0000  0.1244  0.0000 -0.9879  0.0000
    1  -0.0000 THz   0.9850  0.0000  0.1570  0.0000 -0.0722  0.0000
    2   0.0000 THz   0.1461  0.0000 -0.9797  0.0000 -0.1370  0.0000


 Q=  0.051374  0.051374 -0.051374, q=  0.000000  0.000000  0.250000

                       Pb X   0        Pb Y   0        Pb Z   0     
                    --------------- --------------- ---------------
    0   1.6083 THz   0.0000  0.0000 -0.7015 -0.0892 -0.7015 -0.0892
    1   1.6083 THz   0.8165  0.0000 -0.4082  0.0000  0.4082  0.0000
    2   2.2373 THz  -0.5774  0.0000 -0.5774  0.0000  0.5774  0.0000


 Q= -0.051374 -0.154122  0.154122, q=  0.000000  0.250000 -0.500000

                       Pb X   0        Pb Y   0        Pb Z   0     
                    --------------- --------------- ---------------
    0   1.9427 THz   0.0000  0.0000 -0.7011  0.0922 -0.7011  0.0922
    1   2.2222 THz   0.4502  0.0000 -0.6314  0.0000  0.6314  0.0000
    2   2.6216 THz   0.8929  0.0000  0.3184 -0.0000 -0.3184 -0.0000


 Q=  0.000000 -0.102748  0.102748, q=  0.000000  0.250000 -0.250000

                       Pb X   0        Pb Y   0        Pb Z   0     
                    --------------- --------------- ---------------
    0   1.8045 THz   0.0000  0.0000  0.5014 -0.4986  0.5014 -0.4986
    1   2.2755 THz   1.0000  0.0000  0.0000  0.0000  0.0000  0.0000
    2   2.4442 THz   0.0000  0.0000 -0.6228 -0.3348  0.6228  0.3348


 Q=  0.051374 -0.051374  0.051374, q=  0.000000  0.250000  0.000000

                       Pb X   0        Pb Y   0        Pb Z   0     
                    --------------- --------------- ---------------
    0   1.6083 THz   0.0000  0.0000 -0.7066  0.0270 -0.7066  0.0270
    1   1.6083 THz   0.8165  0.0000  0.4082  0.0000 -0.4082 -0.0000
    2   2.2373 THz   0.5774  0.0000 -0.5774 -0.0000  0.5774  0.0000


 Q=  0.102748  0.000000  0.000000, q=  0.000000  0.250000  0.250000

                       Pb X   0        Pb Y   0        Pb Z   0     
                    --------------- --------------- ---------------
    0   1.8220 THz   0.0000  0.0000 -0.3043  0.0222 -0.9034 -0.3012
    1   1.8220 THz   0.0000  0.0000  0.9130 -0.2707 -0.3034 -0.0324
    2   2.3330 THz   1.0000  0.0000  0.0000  0.0000  0.0000  0.0000


 Q= -0.256870  0.051374  0.051374, q=  0.250000 -0.500000 -0.500000

                       Pb X   0        Pb Y   0        Pb Z   0     
                    --------------- --------------- ---------------
    0   1.9427 THz   0.0000  0.0000  0.7070  0.0110 -0.7070 -0.0110
    1   2.2222 THz   0.4502  0.0000 -0.6314  0.0000 -0.6314 -0.0000
    2   2.6216 THz   0.8929  0.0000  0.3184 -0.0000  0.3184  0.0000


 Q= -0.205496  0.102748  0.000000, q=  0.250000 -0.500000 -0.250000

                       Pb X   0        Pb Y   0        Pb Z   0     
                    --------------- --------------- ---------------
    0   2.1834 THz   0.0000  0.0000 -0.9515  0.3076 -0.0000 -0.0000
    1   2.2953 THz   0.0000  0.0000  0.0000 -0.0000 -0.9896 -0.1439
    2   2.2953 THz   1.0000  0.0000  0.0000  0.0000  0.0000  0.0000


 Q= -0.154122  0.154122 -0.051374, q=  0.250000 -0.500000  0.000000

                       Pb X   0        Pb Y   0        Pb Z   0     
                    --------------- --------------- ---------------
    0   1.9427 THz  -0.7071  0.0000 -0.7071  0.0000 -0.0000 -0.0000
    1   2.2222 THz  -0.6314  0.0000  0.6314  0.0000  0.4502 -0.0000
    2   2.6216 THz  -0.3184  0.0000  0.3184 -0.0000 -0.8929  0.0000


 Q= -0.102748  0.205496 -0.102748, q=  0.250000 -0.500000  0.250000

                       Pb X   0        Pb Y   0        Pb Z   0     
                    --------------- --------------- ---------------
    0   1.8045 THz  -0.7071  0.0000 -0.0000  0.0000  0.7071  0.0000
    1   2.2755 THz   0.0000  0.0000 -0.9987  0.0513  0.0000 -0.0000
    2   2.4442 THz   0.7071  0.0000 -0.0000  0.0000  0.7071  0.0000


 Q= -0.205496  0.000000  0.102748, q=  0.250000 -0.250000 -0.500000

                       Pb X   0        Pb Y   0        Pb Z   0     
                    --------------- --------------- ---------------
    0   2.1834 THz   0.0000  0.0000 -0.0000  0.0000 -0.9275 -0.3738
    1   2.2953 THz   0.0000  0.0000  0.9998 -0.0208 -0.0000 -0.0000
    2   2.2953 THz   1.0000  0.0000  0.0000  0.0000  0.0000  0.0000


 Q= -0.154122  0.051374  0.051374, q=  0.250000 -0.250000 -0.250000

                       Pb X   0        Pb Y   0        Pb Z   0     
                    --------------- --------------- ---------------
    0   1.9427 THz  -0.0000  0.0000  0.7059  0.0407 -0.7059 -0.0407
    1   2.2222 THz  -0.4502  0.0000 -0.6314 -0.0000 -0.6314 -0.0000
    2   2.6216 THz   0.8929  0.0000 -0.3184 -0.0000 -0.3184 -0.0000


 Q= -0.102748  0.102748  0.000000, q=  0.250000 -0.250000  0.000000

                       Pb X   0        Pb Y   0        Pb Z   0     
                    --------------- --------------- ---------------
    0   1.8045 THz   0.7071  0.0000  0.7071  0.0000  0.0000 -0.0000
    1   2.2755 THz   0.0000  0.0000  0.0000 -0.0000 -0.5255  0.8508
    2   2.4442 THz   0.7071  0.0000 -0.7071 -0.0000 -0.0000  0.0000


 Q= -0.051374  0.154122 -0.051374, q=  0.250000 -0.250000  0.250000

                       Pb X   0        Pb Y   0        Pb Z   0     
                    --------------- --------------- ---------------
    0   1.9427 THz  -0.7071  0.0000  0.0000  0.0000  0.7071 -0.0000
    1   2.2222 THz   0.6314  0.0000  0.4502 -0.0000  0.6314 -0.0000
    2   2.6216 THz  -0.3184  0.0000  0.8929 -0.0000 -0.3184  0.0000


 Q= -0.154122 -0.051374  0.154122, q=  0.250000  0.000000 -0.500000

                       Pb X   0        Pb Y   0        Pb Z   0     
                    --------------- --------------- ---------------
    0   1.9427 THz  -0.7071  0.0000 -0.0000 -0.0000 -0.7071  0.0000
    1   2.2222 THz  -0.6314  0.0000  0.4502  0.0000  0.6314 -0.0000
    2   2.6216 THz   0.3184  0.0000  0.8929  0.0000 -0.3184  0.0000


 Q= -0.102748  0.000000  0.102748, q=  0.250000  0.000000 -0.250000

                       Pb X   0        Pb Y   0        Pb Z   0     
                    --------------- --------------- ---------------
    0   1.8045 THz   0.7071  0.0000  0.0000  0.0000  0.7071  0.0000
    1   2.2755 THz   0.0000  0.0000 -0.9997 -0.0247  0.0000 -0.0000
    2   2.4442 THz   0.7071  0.0000  0.0000 -0.0000 -0.7071 -0.0000


 Q= -0.051374  0.051374  0.051374, q=  0.250000  0.000000  0.000000

                       Pb X   0        Pb Y   0        Pb Z   0     
                    --------------- --------------- ---------------
    0   1.6083 THz   0.0000  0.0000  0.7052  0.0518 -0.7052 -0.0518
    1   1.6083 THz   0.8165  0.0000  0.4082  0.0000  0.4082  0.0000
    2   2.2373 THz   0.5774  0.0000 -0.5774 -0.0000 -0.5774 -0.0000


 Q=  0.000000  0.102748  0.000000, q=  0.250000  0.000000  0.250000

                       Pb X   0        Pb Y   0        Pb Z   0     
                    --------------- --------------- ---------------
    0   1.8220 THz   0.0000  0.0000 -0.0000  0.0000 -0.9686  0.2487
    1   1.8220 THz   1.0000  0.0000  0.0000  0.0000  0.0000  0.0000
    2   2.3330 THz   0.0000  0.0000  0.9947  0.1032  0.0000 -0.0000


 Q= -0.102748 -0.102748  0.205496, q=  0.250000  0.250000 -0.500000

                       Pb X   0        Pb Y   0        Pb Z   0     
                    --------------- --------------- ---------------
    0   1.8045 THz   0.7071  0.0000 -0.7071 -0.0000  0.0000  0.0000
    1   2.2755 THz   0.0000  0.0000 -0.0000 -0.0000 -0.9250 -0.3800
    2   2.4442 THz   0.7071  0.0000  0.7071  0.0000 -0.0000 -0.0000


 Q= -0.051374 -0.051374  0.154122, q=  0.250000  0.250000 -0.250000

                       Pb X   0        Pb Y   0        Pb Z   0     
                    --------------- --------------- ---------------
    0   1.9427 THz  -0.7071  0.0000  0.7071  0.0000  0.0000  0.0000
    1   2.2222 THz   0.6314  0.0000  0.6314  0.0000  0.4502  0.0000
    2   2.6216 THz   0.3184  0.0000  0.3184 -0.0000 -0.8929 -0.0000


 Q=  0.000000  0.000000  0.102748, q=  0.250000  0.250000  0.000000

                       Pb X   0        Pb Y   0        Pb Z   0     
                    --------------- --------------- ---------------
    0   1.8220 THz   0.0000  0.0000 -0.6923  0.7216 -0.0000 -0.0000
    1   1.8220 THz   1.0000  0.0000  0.0000  0.0000  0.0000  0.0000
    2   2.3330 THz   0.0000  0.0000  0.0000 -0.0000 -0.9911  0.1334


 Q=  0.051374  0.051374  0.051374, q=  0.250000  0.250000  0.250000

                       Pb X   0        Pb Y   0        Pb Z   0     
                    --------------- --------------- ---------------
    0   1.6083 THz   0.0000  0.0000  0.6992 -0.1054 -0.6992  0.1054
    1   1.6083 THz   0.8165  0.0000 -0.4082 -0.0000 -0.4082  0.0000
    2   2.2373 THz  -0.5774  0.0000 -0.5774 -0.0000 -0.5774  0.0000
