
Used Primitive lattice vector

    3.891994000000      0.000000000000      0.000000000000  
    0.000000000000      3.891994000000      0.000000000000  
    0.000000000000      0.000000000000      3.891994000000  

   5 Atom(s) in the Primitive cell

 0.5000000000 0.5000000000 0.5000000000 Ti    0
 0.0000000000 0.0000000000 0.0000000000 Pb    1
 0.5000000000 0.0000000000 0.5000000000  O    2
 0.5000000000 0.5000000000 0.0000000000  O    3
 0.0000000000 0.5000000000 0.5000000000  O    4


 Q= -0.128469 -0.128469 -0.128469, q= -0.500000 -0.500000 -0.500000

                       Ti X   0        Ti Y   0        Ti Z   0        Pb X   1        Pb Y   1        Pb Z   1         O X   2         O Y   2         O Z   2         O X   3         O Y   3         O Z   3         O X   4         O Y   4         O Z   4     
                    --------------- --------------- --------------- --------------- --------------- --------------- --------------- --------------- --------------- --------------- --------------- --------------- --------------- --------------- ---------------
    0   1.4851 THz   0.0000  0.0000 -0.0000 -0.0000  0.0000 -0.0000 -0.0000 -0.0000 -0.0000 -0.0000 -0.0000 -0.0000 -0.0876  0.2233  0.0000  0.0000  0.5696  0.3270  0.0146 -0.1046 -0.5696 -0.3270  0.0000  0.0000 -0.0000 -0.0000  0.0876 -0.2233 -0.0146  0.1046
    1   1.4851 THz   0.0000  0.0000 -0.0000 -0.0000 -0.0000 -0.0000  0.0000  0.0000  0.0000  0.0000 -0.0000  0.0000  0.2090 -0.5854 -0.0000  0.0000  0.2319  0.1201 -0.0029  0.2131 -0.2319 -0.1201 -0.0000  0.0000  0.0000 -0.0000 -0.2090  0.5854  0.0029 -0.2131
    2   1.4851 THz   0.0000  0.0000  0.0000 -0.0000  0.0000 -0.0000  0.0000  0.0000 -0.0000 -0.0000 -0.0000  0.0000 -0.1392  0.1917 -0.0000 -0.0000  0.0204  0.0081 -0.2056  0.6334 -0.0204 -0.0081  0.0000  0.0000 -0.0000  0.0000  0.1392 -0.1917  0.2056 -0.6334
    3   1.7555 THz   0.0000  0.0000  0.0000 -0.0000  0.0000 -0.0000  0.6676 -0.6946  0.0443 -0.0731  0.1231 -0.2080  0.0068 -0.0115  0.0000  0.0000  0.0368 -0.0383  0.0024 -0.0040  0.0368 -0.0383 -0.0000 -0.0000 -0.0000 -0.0000  0.0068 -0.0115  0.0024 -0.0040
    4   1.7555 THz   0.0000  0.0000 -0.0000 -0.0000 -0.0000 -0.0000  0.2430  0.0629 -0.4856 -0.0958 -0.8282  0.0099 -0.0456  0.0005  0.0000  0.0000  0.0134  0.0035 -0.0267 -0.0053  0.0134  0.0035  0.0000 -0.0000 -0.0000 -0.0000 -0.0456  0.0005 -0.0267 -0.0053
    5   1.7555 THz   0.0000  0.0000  0.0000  0.0000  0.0000  0.0000  0.0520  0.0049  0.8130  0.2839 -0.4948 -0.0690 -0.0273 -0.0038 -0.0000 -0.0000  0.0029  0.0003  0.0448  0.0156  0.0029  0.0003 -0.0000 -0.0000  0.0000  0.0000 -0.0273 -0.0038  0.0448  0.0156
    6  11.5666 THz   0.0000  0.0000 -0.0000 -0.0000 -0.0000 -0.0000  0.0646 -0.0228  0.0162 -0.0144 -0.0256  0.0144  0.2328 -0.1311 -0.0000 -0.0000 -0.5865  0.2072 -0.1470  0.1306 -0.5865  0.2072  0.0000  0.0000 -0.0000 -0.0000  0.2328 -0.1311 -0.1470  0.1306
    7  11.5666 THz   0.0000  0.0000  0.0000  0.0000  0.0000 -0.0000  0.0019 -0.0001 -0.0237  0.0595 -0.0219  0.0381  0.1989 -0.3454  0.0000 -0.0000 -0.0175  0.0011  0.2148 -0.5401 -0.0175  0.0011  0.0000 -0.0000 -0.0000  0.0000  0.1989 -0.3454  0.2148 -0.5401
    8  11.5666 THz   0.0000  0.0000  0.0000  0.0000 -0.0000  0.0000  0.0328 -0.0160 -0.0271  0.0269  0.0450 -0.0348 -0.4086  0.3159  0.0000  0.0000 -0.2975  0.1456  0.2464 -0.2446 -0.2975  0.1456 -0.0000 -0.0000 -0.0000  0.0000 -0.4086  0.3159  0.2464 -0.2446
    9  12.2944 THz   1.0000  0.0000  0.0000  0.0000  0.0000  0.0000  0.0000  0.0000  0.0000  0.0000  0.0000  0.0000  0.0000  0.0000  0.0000  0.0000  0.0000  0.0000  0.0000  0.0000  0.0000  0.0000  0.0000  0.0000  0.0000  0.0000  0.0000  0.0000  0.0000  0.0000
   10  12.2944 THz   0.0000  0.0000  0.6070  0.7562  0.0938  0.2258 -0.0000 -0.0000  0.0000 -0.0000 -0.0000  0.0000  0.0000 -0.0000 -0.0000  0.0000  0.0000 -0.0000 -0.0000  0.0000  0.0000 -0.0000  0.0000 -0.0000  0.0000 -0.0000  0.0000 -0.0000 -0.0000  0.0000
   11  12.2944 THz   0.0000  0.0000  0.2399  0.0473 -0.8612 -0.4456 -0.0000  0.0000  0.0000  0.0000 -0.0000 -0.0000  0.0000  0.0000  0.0000 -0.0000  0.0000  0.0000 -0.0000  0.0000  0.0000 -0.0000  0.0000 -0.0000 -0.0000  0.0000  0.0000  0.0000 -0.0000 -0.0000
   12  14.6663 THz   0.0000  0.0000  0.0000  0.0000 -0.0000 -0.0000  0.0000  0.0000 -0.0000 -0.0000 -0.0000 -0.0000 -0.0000  0.0000  0.1099 -0.6985 -0.0000  0.0000  0.0000 -0.0000 -0.0000  0.0000 -0.1099  0.6985  0.0000 -0.0000 -0.0000  0.0000  0.0000  0.0000
   13  14.6663 THz   0.0000  0.0000 -0.0000 -0.0000  0.0000  0.0000  0.0000  0.0000 -0.0000 -0.0000 -0.0000 -0.0000 -0.0000  0.0000  0.0814 -0.4000 -0.0000 -0.0000 -0.0000  0.0000 -0.0000 -0.0000  0.0814 -0.4000 -0.1628  0.8001 -0.0000  0.0000 -0.0000  0.0000
   14  24.9626 THz   0.0000  0.0000  0.0000 -0.0000  0.0000 -0.0000 -0.0000  0.0000 -0.0000 -0.0000 -0.0000  0.0000  0.0000 -0.0000 -0.1151  0.5658 -0.0000  0.0000 -0.0000 -0.0000 -0.0000  0.0000 -0.1151  0.5658 -0.1151  0.5658 -0.0000  0.0000 -0.0000  0.0000


 Q= -0.128469 -0.128469  0.000000, q= -0.500000 -0.500000  0.000000

                       Ti X   0        Ti Y   0        Ti Z   0        Pb X   1        Pb Y   1        Pb Z   1         O X   2         O Y   2         O Z   2         O X   3         O Y   3         O Z   3         O X   4         O Y   4         O Z   4     
                    --------------- --------------- --------------- --------------- --------------- --------------- --------------- --------------- --------------- --------------- --------------- --------------- --------------- --------------- ---------------
    0   0.9791 THz   0.1605  0.0000  0.0038 -0.0000  0.0000  0.0000 -0.0235  0.0000 -0.9815  0.0000  0.0000  0.0000  0.0000 -0.0000 -0.0000  0.0000 -0.0000  0.0000 -0.1012  0.0000 -0.0024  0.0000  0.0000  0.0000  0.0000 -0.0000 -0.0000  0.0000 -0.0000 -0.0000
    1   0.9791 THz   0.0038  0.0000 -0.1605  0.0000  0.0000 -0.0000  0.9815 -0.0000 -0.0235 -0.0000 -0.0000 -0.0000 -0.0000  0.0000  0.0000 -0.0000  0.0000 -0.0000 -0.0024 -0.0000  0.1012 -0.0000  0.0000 -0.0000  0.0000  0.0000  0.0000 -0.0000  0.0000  0.0000
    2   1.2940 THz   0.0000  0.0000 -0.0000 -0.0000  0.0000  0.0000  0.0000  0.0000 -0.0000 -0.0000  0.9877  0.1565 -0.0000 -0.0000  0.0000 -0.0000 -0.0000 -0.0000 -0.0000 -0.0000  0.0000  0.0000  0.0000  0.0000 -0.0000  0.0000  0.0000  0.0000 -0.0000 -0.0000
    3   2.5478 THz   0.0000  0.0000 -0.0000  0.0000  0.0000  0.0000  0.0000 -0.0000  0.0000 -0.0000 -0.0000 -0.0000  0.1723 -0.6858  0.0000  0.0000 -0.0000  0.0000  0.0000  0.0000  0.0000 -0.0000 -0.0000  0.0000  0.0000  0.0000 -0.1723  0.6858  0.0000  0.0000
    4   3.6097 THz  -0.0000  0.0000  0.0000 -0.0000  0.9988  0.0000 -0.0000 -0.0000  0.0000  0.0000 -0.0000 -0.0000  0.0000  0.0000  0.0000 -0.0000  0.0000  0.0000  0.0000  0.0000 -0.0000 -0.0000  0.0493  0.0000 -0.0000 -0.0000 -0.0000 -0.0000 -0.0000  0.0000
    5   7.3344 THz  -0.0048  0.0000  0.3575 -0.0000  0.0000 -0.0000 -0.0377 -0.0000  0.0005 -0.0000 -0.0000 -0.0000  0.0000  0.0000  0.0000  0.0000 -0.0000 -0.0000 -0.0124 -0.0000  0.9330 -0.0000  0.0000 -0.0000 -0.0000  0.0000 -0.0000  0.0000  0.0000  0.0000
    6   7.3344 THz  -0.3575  0.0000 -0.0048  0.0000 -0.0000  0.0000  0.0005  0.0000  0.0377  0.0000  0.0000  0.0000 -0.0000 -0.0000  0.0000 -0.0000  0.0000  0.0000 -0.9330 -0.0000 -0.0124  0.0000 -0.0000  0.0000 -0.0000  0.0000  0.0000  0.0000 -0.0000 -0.0000
    7   9.5948 THz  -0.0000  0.0000 -0.0000  0.0000  0.0000 -0.0000  0.0000 -0.0000  0.0000 -0.0000  0.0000  0.0000 -0.0000  0.0000  0.0000 -0.0000 -0.8712  0.0834  0.0000 -0.0000 -0.0000  0.0000  0.0000 -0.0000 -0.0000  0.0000  0.0000 -0.0000 -0.1585  0.4570
    8   9.5948 THz   0.0000  0.0000  0.0000 -0.0000 -0.0000  0.0000 -0.0000 -0.0000 -0.0000  0.0000 -0.0000 -0.0000  0.0000 -0.0000 -0.0000  0.0000  0.4815  0.0465 -0.0000  0.0000  0.0000  0.0000 -0.0000  0.0000  0.0000 -0.0000 -0.0000  0.0000 -0.4391  0.7571
    9  12.8204 THz   0.8561  0.0000  0.3369  0.0000  0.0000  0.0000  0.0681  0.0000  0.1731  0.0000  0.0000  0.0000  0.0000 -0.0000  0.0000 -0.0000  0.0000  0.0000 -0.3211  0.0000 -0.1263 -0.0000 -0.0000  0.0000 -0.0000  0.0000  0.0000 -0.0000  0.0000 -0.0000
   10  12.8204 THz   0.3369  0.0000 -0.8561 -0.0000 -0.0000 -0.0000 -0.1731 -0.0000  0.0681 -0.0000 -0.0000 -0.0000 -0.0000  0.0000 -0.0000  0.0000 -0.0000 -0.0000 -0.1263 -0.0000  0.3211  0.0000  0.0000 -0.0000 -0.0000 -0.0000 -0.0000 -0.0000 -0.0000  0.0000
   11  13.5272 THz  -0.0000  0.0000 -0.0000  0.0000  0.0000  0.0000 -0.0000  0.0000  0.0000  0.0000  0.0000  0.0000  0.5584 -0.4338 -0.0000  0.0000  0.0000  0.0000  0.0000 -0.0000  0.0000 -0.0000 -0.0000 -0.0000  0.0000 -0.0000  0.5584 -0.4338  0.0000 -0.0000
   12  13.8578 THz   0.0000  0.0000  0.0000  0.0000 -0.0493  0.0000  0.0000  0.0000 -0.0000  0.0000  0.0000 -0.0000 -0.0000  0.0000  0.0000  0.0000  0.0000 -0.0000 -0.0000  0.0000 -0.0000 -0.0000  0.9988 -0.0000  0.0000  0.0000  0.0000 -0.0000 -0.0000  0.0000
   13  15.5568 THz  -0.0000  0.0000 -0.0000 -0.0000  0.0000  0.0000 -0.0000 -0.0000 -0.0000  0.0000 -0.0000 -0.0000  0.0000 -0.0000  0.1538 -0.6902 -0.0000 -0.0000  0.0000 -0.0000  0.0000  0.0000 -0.0000 -0.0000 -0.1538  0.6902  0.0000 -0.0000  0.0000 -0.0000
   14  23.9311 THz   0.0000  0.0000 -0.0000  0.0000  0.0000  0.0000  0.0000  0.0000 -0.0000  0.0000 -0.0000 -0.0000  0.0000 -0.0000 -0.0749 -0.7031 -0.0000 -0.0000 -0.0000  0.0000  0.0000  0.0000  0.0000 -0.0000 -0.0749 -0.7031  0.0000 -0.0000  0.0000 -0.0000


 Q= -0.128469  0.000000 -0.128469, q= -0.500000  0.000000 -0.500000

                       Ti X   0        Ti Y   0        Ti Z   0        Pb X   1        Pb Y   1        Pb Z   1         O X   2         O Y   2         O Z   2         O X   3         O Y   3         O Z   3         O X   4         O Y   4         O Z   4     
                    --------------- --------------- --------------- --------------- --------------- --------------- --------------- --------------- --------------- --------------- --------------- --------------- --------------- --------------- ---------------
    0   0.9791 THz   0.0306  0.0000  0.0000 -0.0000 -0.1576  0.0000  0.9639 -0.0000  0.0000 -0.0000 -0.1870  0.0000 -0.0193 -0.0000  0.0000 -0.0000  0.0994 -0.0000  0.0000  0.0000  0.0000  0.0000 -0.0000  0.0000  0.0000 -0.0000 -0.0000  0.0000 -0.0000 -0.0000
    1   0.9791 THz  -0.1576  0.0000  0.0000 -0.0000 -0.0306  0.0000  0.1870 -0.0000  0.0000 -0.0000  0.9639  0.0000  0.0994 -0.0000 -0.0000 -0.0000  0.0193 -0.0000  0.0000  0.0000  0.0000  0.0000 -0.0000  0.0000  0.0000 -0.0000 -0.0000  0.0000 -0.0000 -0.0000
    2   1.2940 THz  -0.0000  0.0000 -0.0000 -0.0000 -0.0000  0.0000  0.0000 -0.0000 -0.7095  0.7048  0.0000 -0.0000  0.0000  0.0000 -0.0000  0.0000  0.0000 -0.0000 -0.0000 -0.0000  0.0000  0.0000 -0.0000 -0.0000 -0.0000  0.0000  0.0000 -0.0000  0.0000  0.0000
    3   2.5478 THz  -0.0000  0.0000  0.0000  0.0000 -0.0000  0.0000  0.0000 -0.0000  0.0000 -0.0000 -0.0000 -0.0000  0.0000  0.0000  0.0000 -0.0000  0.0000  0.0000 -0.6827 -0.1843  0.0000  0.0000 -0.0000 -0.0000 -0.0000  0.0000 -0.0000  0.0000  0.6827  0.1843
    4   3.6097 THz  -0.0000  0.0000 -0.9988  0.0000  0.0000 -0.0000  0.0000  0.0000  0.0000 -0.0000 -0.0000 -0.0000 -0.0000  0.0000 -0.0493  0.0000  0.0000  0.0000 -0.0000  0.0000 -0.0000  0.0000  0.0000 -0.0000 -0.0000 -0.0000  0.0000 -0.0000  0.0000 -0.0000
    5   7.3344 THz  -0.0036  0.0000 -0.0000  0.0000 -0.3576 -0.0000  0.0377  0.0000 -0.0000 -0.0000  0.0004 -0.0000 -0.0094 -0.0000  0.0000  0.0000 -0.9331  0.0000 -0.0000  0.0000  0.0000  0.0000  0.0000  0.0000  0.0000  0.0000  0.0000 -0.0000  0.0000 -0.0000
    6   7.3344 THz   0.3576  0.0000 -0.0000  0.0000 -0.0036 -0.0000  0.0004  0.0000 -0.0000 -0.0000 -0.0377 -0.0000  0.9331  0.0000 -0.0000  0.0000 -0.0094  0.0000  0.0000 -0.0000  0.0000  0.0000 -0.0000  0.0000  0.0000  0.0000  0.0000 -0.0000 -0.0000  0.0000
    7   9.5948 THz  -0.0000  0.0000  0.0000 -0.0000 -0.0000  0.0000  0.0000 -0.0000 -0.0000 -0.0000 -0.0000 -0.0000 -0.0000 -0.0000  0.0000 -0.0000 -0.0000  0.0000 -0.0000 -0.0000 -0.9505  0.2666 -0.0000  0.0000  0.0000 -0.0000 -0.0000 -0.1594  0.0000  0.0000
    8   9.5948 THz  -0.0000  0.0000  0.0000  0.0000  0.0000 -0.0000  0.0000  0.0000  0.0000 -0.0000 -0.0000 -0.0000 -0.0000 -0.0000 -0.0000 -0.0000  0.0000 -0.0000 -0.0000  0.0000  0.1535 -0.0430  0.0000 -0.0000 -0.0000 -0.0000 -0.0000 -0.9872  0.0000 -0.0000
    9  12.8204 THz   0.0017  0.0000 -0.0000 -0.0000 -0.9200 -0.0000 -0.1860 -0.0000 -0.0000  0.0000  0.0003  0.0000 -0.0006  0.0000  0.0000  0.0000  0.3450  0.0000 -0.0000  0.0000  0.0000  0.0000 -0.0000 -0.0000  0.0000  0.0000  0.0000  0.0000 -0.0000  0.0000
   10  12.8204 THz   0.9200  0.0000  0.0000  0.0000  0.0017  0.0000  0.0003  0.0000  0.0000 -0.0000  0.1860 -0.0000 -0.3450 -0.0000  0.0000 -0.0000 -0.0006 -0.0000  0.0000 -0.0000 -0.0000 -0.0000  0.0000 -0.0000 -0.0000  0.0000 -0.0000 -0.0000  0.0000 -0.0000
   11  13.5272 THz   0.0000  0.0000 -0.0000 -0.0000  0.0000 -0.0000  0.0000 -0.0000  0.0000  0.0000  0.0000  0.0000 -0.0000 -0.0000  0.0000  0.0000 -0.0000  0.0000 -0.4261  0.5643  0.0000  0.0000  0.0000 -0.0000 -0.0000  0.0000  0.0000  0.0000 -0.4261  0.5643
   12  13.8578 THz  -0.0000  0.0000 -0.0493 -0.0000  0.0000 -0.0000  0.0000 -0.0000 -0.0000  0.0000  0.0000  0.0000  0.0000 -0.0000  0.9988  0.0000 -0.0000  0.0000  0.0000 -0.0000  0.0000  0.0000 -0.0000  0.0000  0.0000 -0.0000  0.0000 -0.0000  0.0000 -0.0000
   13  15.5568 THz   0.0000  0.0000 -0.0000  0.0000  0.0000 -0.0000  0.0000 -0.0000 -0.0000 -0.0000  0.0000 -0.0000 -0.0000  0.0000 -0.0000 -0.0000 -0.0000  0.0000 -0.0000  0.0000  0.0000  0.0000 -0.6947  0.1319  0.6947 -0.1319 -0.0000 -0.0000 -0.0000  0.0000
   14  23.9311 THz  -0.0000  0.0000 -0.0000  0.0000  0.0000  0.0000 -0.0000 -0.0000  0.0000 -0.0000  0.0000 -0.0000  0.0000 -0.0000 -0.0000 -0.0000  0.0000 -0.0000 -0.0000  0.0000 -0.0000  0.0000  0.6471  0.2851  0.6471  0.2851  0.0000 -0.0000 -0.0000  0.0000


 Q= -0.128469  0.000000  0.000000, q= -0.500000  0.000000  0.000000

                       Ti X   0        Ti Y   0        Ti Z   0        Pb X   1        Pb Y   1        Pb Z   1         O X   2         O Y   2         O Z   2         O X   3         O Y   3         O Z   3         O X   4         O Y   4         O Z   4     
                    --------------- --------------- --------------- --------------- --------------- --------------- --------------- --------------- --------------- --------------- --------------- --------------- --------------- --------------- ---------------
    0   1.0535 THz   0.0000  0.0000  0.0000 -0.0000  0.0000  0.0000  0.0000 -0.0000  0.0000  0.9760 -0.1983  0.0520  0.0000 -0.0000 -0.0000  0.0000 -0.0000 -0.0000 -0.0000  0.0000 -0.0000 -0.0000 -0.0000 -0.0000  0.0000  0.0000 -0.0000 -0.0724  0.0147 -0.0039
    1   1.0535 THz   0.0000  0.0000 -0.0000  0.0000 -0.0000  0.0000  0.0000 -0.0000 -0.0000  0.2050  0.9440 -0.2478  0.0000 -0.0000  0.0000 -0.0000 -0.0000  0.0000 -0.0000  0.0000  0.0000 -0.0000 -0.0000  0.0000  0.0000 -0.0000  0.0000 -0.0152 -0.0700  0.0184
    2   3.2857 THz   0.0000  0.0000  0.0000  0.0000  0.0000 -0.0000  0.8631  0.5016  0.0000 -0.0000  0.0000 -0.0000 -0.0000  0.0000  0.0000 -0.0000 -0.0000  0.0000 -0.0000  0.0000 -0.0000 -0.0000 -0.0000  0.0000  0.0508  0.0295 -0.0000 -0.0000 -0.0000  0.0000
    3   3.4634 THz   0.0000  0.0000 -0.1346  0.0000  0.9449 -0.2699 -0.0000 -0.0000 -0.0000  0.0000 -0.0000  0.0000 -0.0000 -0.0000  0.0017  0.0000 -0.1204  0.0344  0.0000  0.0000  0.0172  0.0000 -0.0118  0.0034 -0.0000 -0.0000  0.0000 -0.0000  0.0000  0.0000
    4   3.4634 THz   0.0000  0.0000 -0.9827 -0.0000 -0.1295  0.0370  0.0000  0.0000 -0.0000  0.0000 -0.0000 -0.0000  0.0000  0.0000  0.0122  0.0000  0.0165 -0.0047  0.0000 -0.0000  0.1252  0.0000  0.0016 -0.0005  0.0000  0.0000  0.0000  0.0000  0.0000 -0.0000
    5   5.7659 THz   0.0000  0.0000 -0.0000  0.0000 -0.1085  0.0496 -0.0000 -0.0000  0.0000  0.0000 -0.0000  0.0000  0.0000  0.0000 -0.0000  0.0000 -0.8129  0.3714 -0.0000 -0.0000 -0.0000  0.0000 -0.3933  0.1797  0.0000  0.0000 -0.0000 -0.0000  0.0000 -0.0000
    6   5.7659 THz   0.0000  0.0000 -0.1193 -0.0000  0.0000 -0.0000  0.0000 -0.0000  0.0000 -0.0000  0.0000 -0.0000  0.0000  0.0000 -0.4324 -0.0000  0.0000 -0.0000  0.0000 -0.0000 -0.8938 -0.0000  0.0000 -0.0000  0.0000 -0.0000 -0.0000  0.0000 -0.0000 -0.0000
    7   8.5289 THz   0.6513  0.0000  0.0000  0.0000  0.0000  0.0000 -0.0000  0.0000  0.0000  0.0000  0.0000  0.0000  0.5365  0.0000  0.0000  0.0000  0.0000  0.0000  0.5365  0.0000 -0.0000  0.0000  0.0000  0.0000  0.0000  0.0000  0.0000  0.0000  0.0000  0.0000
    8   8.5335 THz   0.0000  0.0000 -0.0000  0.0000 -0.0000  0.0000 -0.0000 -0.0000 -0.0000 -0.0000  0.0000  0.0000 -0.7071 -0.0000  0.0000  0.0000 -0.0000  0.0000  0.7071  0.0000  0.0000  0.0000 -0.0000  0.0000 -0.0000  0.0000 -0.0000 -0.0000 -0.0000  0.0000
    9   8.9297 THz   0.0000  0.0000  0.0000  0.0000  0.0000 -0.0000  0.0000  0.0000 -0.0000 -0.0017 -0.0740 -0.0004  0.0000  0.0000  0.0000 -0.0000  0.0000 -0.0000 -0.0000 -0.0000  0.0000 -0.0000 -0.0000  0.0000 -0.0000 -0.0000  0.0000 -0.0229 -0.9970 -0.0054
   10   8.9297 THz   0.0000  0.0000  0.0000 -0.0000 -0.0000  0.0000  0.0000 -0.0000  0.0000 -0.0740  0.0017  0.0000  0.0000  0.0000 -0.0000 -0.0000 -0.0000  0.0000 -0.0000 -0.0000 -0.0000  0.0000  0.0000 -0.0000  0.0000  0.0000  0.0000 -0.9970  0.0229  0.0001
   11  15.0239 THz   0.0000  0.0000  0.0001  0.0000  0.0435 -0.0029 -0.0000 -0.0000 -0.0000 -0.0000  0.0000  0.0000  0.0000  0.0000 -0.0023 -0.0000  0.4294 -0.0289 -0.0000 -0.0000  0.0011  0.0000 -0.8996  0.0605 -0.0000 -0.0000  0.0000  0.0000  0.0000  0.0000
   12  15.0239 THz   0.0000  0.0000  0.0436 -0.0000 -0.0001  0.0000  0.0000  0.0000  0.0000  0.0000  0.0000 -0.0000 -0.0000 -0.0000 -0.9016  0.0000 -0.0011  0.0001  0.0000  0.0000  0.4304 -0.0000  0.0023 -0.0002  0.0000 -0.0000  0.0000 -0.0000  0.0000 -0.0000
   13  15.2040 THz   0.7588  0.0000  0.0000  0.0000  0.0000  0.0000  0.0000 -0.0000  0.0000  0.0000  0.0000  0.0000 -0.4606  0.0000 -0.0000  0.0000  0.0000  0.0000 -0.4606  0.0000  0.0000  0.0000  0.0000  0.0000 -0.0000 -0.0000 -0.0000 -0.0000  0.0000  0.0000
   14  21.9784 THz   0.0000  0.0000 -0.0000  0.0000 -0.0000  0.0000 -0.0325 -0.0490  0.0000 -0.0000  0.0000  0.0000 -0.0000  0.0000 -0.0000  0.0000 -0.0000  0.0000 -0.0000 -0.0000 -0.0000 -0.0000  0.0000 -0.0000  0.5517  0.8320 -0.0000 -0.0000  0.0000  0.0000


 Q=  0.000000 -0.128469 -0.128469, q=  0.000000 -0.500000 -0.500000

                       Ti X   0        Ti Y   0        Ti Z   0        Pb X   1        Pb Y   1        Pb Z   1         O X   2         O Y   2         O Z   2         O X   3         O Y   3         O Z   3         O X   4         O Y   4         O Z   4     
                    --------------- --------------- --------------- --------------- --------------- --------------- --------------- --------------- --------------- --------------- --------------- --------------- --------------- --------------- ---------------
    0   0.9791 THz  -0.0000  0.0000  0.1169 -0.0000 -0.1097  0.0095  0.0000  0.0000  0.6708 -0.0582 -0.7145  0.0000 -0.0000  0.0000 -0.0000  0.0000 -0.0000  0.0000 -0.0000  0.0000  0.0000 -0.0000  0.0000 -0.0000 -0.0000  0.0000 -0.0737  0.0000  0.0692 -0.0060
    1   0.9791 THz   0.0000  0.0000 -0.1101 -0.0000 -0.1164  0.0101 -0.0000  0.0000  0.7119 -0.0618  0.6733  0.0000 -0.0000  0.0000  0.0000 -0.0000 -0.0000  0.0000 -0.0000 -0.0000  0.0000 -0.0000  0.0000  0.0000  0.0000  0.0000  0.0694  0.0000  0.0734 -0.0064
    2   1.2940 THz   0.0000  0.0000  0.0000  0.0000  0.0000  0.0000 -1.0000 -0.0000 -0.0000 -0.0000 -0.0000 -0.0000  0.0000 -0.0000 -0.0000  0.0000  0.0000 -0.0000 -0.0000  0.0000 -0.0000 -0.0000  0.0000  0.0000  0.0000 -0.0000 -0.0000 -0.0000 -0.0000 -0.0000
    3   2.5478 THz  -0.0000  0.0000 -0.0000 -0.0000 -0.0000 -0.0000  0.0000  0.0000  0.0000  0.0000  0.0000  0.0000 -0.0000  0.0000  0.0000  0.0000  0.6668  0.2353 -0.0000  0.0000 -0.6668 -0.2353 -0.0000 -0.0000 -0.0000  0.0000  0.0000 -0.0000 -0.0000  0.0000
    4   3.6097 THz   0.9988  0.0000 -0.0000  0.0000 -0.0000 -0.0000  0.0000  0.0000 -0.0000  0.0000 -0.0000  0.0000 -0.0000 -0.0000 -0.0000 -0.0000 -0.0000  0.0000 -0.0000  0.0000  0.0000 -0.0000  0.0000  0.0000  0.0493  0.0000 -0.0000  0.0000 -0.0000  0.0000
    5   7.3344 THz  -0.0000  0.0000 -0.3575  0.0000  0.0040  0.0028  0.0000  0.0000 -0.0004 -0.0003  0.0377  0.0000 -0.0000  0.0000 -0.0000  0.0000  0.0000  0.0000 -0.0000 -0.0000 -0.0000 -0.0000  0.0000 -0.0000  0.0000 -0.0000 -0.9330  0.0000  0.0105  0.0073
    6   7.3344 THz  -0.0000  0.0000 -0.0049  0.0000 -0.2939 -0.2036  0.0000 -0.0000  0.0310  0.0215  0.0005 -0.0000  0.0000 -0.0000  0.0000 -0.0000 -0.0000 -0.0000 -0.0000  0.0000  0.0000  0.0000 -0.0000  0.0000  0.0000 -0.0000 -0.0128  0.0000 -0.7670 -0.5314
    7   9.5948 THz   0.0000  0.0000  0.0000  0.0000  0.0000  0.0000 -0.0000  0.0000 -0.0000  0.0000 -0.0000  0.0000 -0.2317  0.7295  0.0000  0.0000 -0.0000 -0.0000 -0.0647 -0.6403  0.0000 -0.0000 -0.0000 -0.0000  0.0000  0.0000  0.0000  0.0000 -0.0000 -0.0000
    8   9.5948 THz  -0.0000  0.0000 -0.0000  0.0000 -0.0000  0.0000  0.0000  0.0000 -0.0000  0.0000 -0.0000  0.0000 -0.3198  0.5585  0.0000  0.0000 -0.0000 -0.0000 -0.0853  0.7606  0.0000 -0.0000 -0.0000 -0.0000 -0.0000  0.0000 -0.0000  0.0000  0.0000 -0.0000
    9  12.8204 THz   0.0000  0.0000  0.9196 -0.0000 -0.0270 -0.0004  0.0000 -0.0000 -0.0055 -0.0001  0.1860 -0.0000 -0.0000 -0.0000 -0.0000 -0.0000  0.0000  0.0000 -0.0000  0.0000  0.0000  0.0000  0.0000  0.0000 -0.0000  0.0000 -0.3449 -0.0000  0.0101  0.0001
   10  12.8204 THz   0.0000  0.0000  0.0270  0.0000  0.9195  0.0130 -0.0000 -0.0000  0.1859  0.0026  0.0055  0.0000 -0.0000  0.0000  0.0000  0.0000 -0.0000 -0.0000 -0.0000  0.0000 -0.0000 -0.0000 -0.0000 -0.0000 -0.0000  0.0000 -0.0101  0.0000 -0.3448 -0.0049
   11  13.5272 THz   0.0000  0.0000  0.0000  0.0000 -0.0000  0.0000 -0.0000 -0.0000 -0.0000  0.0000 -0.0000 -0.0000  0.0000 -0.0000  0.0000  0.0000 -0.5217 -0.4773  0.0000 -0.0000 -0.5217 -0.4773 -0.0000  0.0000 -0.0000 -0.0000 -0.0000 -0.0000  0.0000 -0.0000
   12  13.8578 THz   0.0493  0.0000 -0.0000  0.0000 -0.0000 -0.0000  0.0000  0.0000 -0.0000 -0.0000 -0.0000  0.0000  0.0000  0.0000  0.0000  0.0000  0.0000  0.0000  0.0000 -0.0000  0.0000  0.0000 -0.0000 -0.0000 -0.9988  0.0000  0.0000  0.0000  0.0000  0.0000
   13  15.5568 THz   0.0000  0.0000 -0.0000 -0.0000  0.0000  0.0000 -0.0000 -0.0000  0.0000  0.0000 -0.0000 -0.0000 -0.0000  0.0000 -0.0000 -0.7071 -0.0000  0.0000 -0.0000  0.0000 -0.0000  0.0000  0.0000  0.7071 -0.0000  0.0000 -0.0000 -0.0000 -0.0000 -0.0000
   14  23.9311 THz  -0.0000  0.0000  0.0000  0.0000 -0.0000  0.0000 -0.0000  0.0000  0.0000  0.0000  0.0000  0.0000  0.0000 -0.0000  0.0000 -0.7071  0.0000 -0.0000  0.0000  0.0000  0.0000 -0.0000  0.0000 -0.7071 -0.0000  0.0000 -0.0000  0.0000 -0.0000  0.0000


 Q=  0.000000 -0.128469  0.000000, q=  0.000000 -0.500000  0.000000

                       Ti X   0        Ti Y   0        Ti Z   0        Pb X   1        Pb Y   1        Pb Z   1         O X   2         O Y   2         O Z   2         O X   3         O Y   3         O Z   3         O X   4         O Y   4         O Z   4     
                    --------------- --------------- --------------- --------------- --------------- --------------- --------------- --------------- --------------- --------------- --------------- --------------- --------------- --------------- ---------------
    0   1.0535 THz  -0.0000  0.0000 -0.0000 -0.0000  0.0000 -0.0000 -0.2047  0.0578  0.0000  0.0000 -0.2219 -0.9487  0.0152 -0.0043  0.0000 -0.0000  0.0165  0.0704 -0.0000  0.0000 -0.0000  0.0000 -0.0000 -0.0000  0.0000  0.0000 -0.0000 -0.0000 -0.0000 -0.0000
    1   1.0535 THz   0.0000  0.0000 -0.0000 -0.0000  0.0000 -0.0000  0.9376 -0.2649 -0.0000  0.0000 -0.0484 -0.2072 -0.0695  0.0197 -0.0000  0.0000  0.0036  0.0154  0.0000 -0.0000 -0.0000 -0.0000 -0.0000  0.0000 -0.0000 -0.0000 -0.0000 -0.0000 -0.0000  0.0000
    2   3.2857 THz   0.0000  0.0000  0.0000  0.0000  0.0000  0.0000 -0.0000  0.0000  0.0000  0.9983 -0.0000  0.0000 -0.0000 -0.0000  0.0000  0.0587  0.0000  0.0000 -0.0000 -0.0000 -0.0000  0.0000 -0.0000 -0.0000 -0.0000 -0.0000  0.0000  0.0000 -0.0000 -0.0000
    3   3.4634 THz   0.0000  0.0000  0.0000  0.0000  0.9919  0.0000 -0.0000 -0.0000 -0.0000 -0.0000 -0.0000  0.0000  0.0000 -0.0000 -0.0000 -0.0000  0.0000  0.0000 -0.0000  0.0000  0.0000 -0.0000 -0.0124 -0.0000 -0.0000  0.0000  0.0000 -0.0000 -0.1264 -0.0000
    4   3.4634 THz   0.9919  0.0000 -0.0000 -0.0000 -0.0000 -0.0000 -0.0000  0.0000  0.0000 -0.0000  0.0000 -0.0000 -0.0000 -0.0000  0.0000 -0.0000 -0.0000 -0.0000 -0.1264 -0.0000 -0.0000  0.0000  0.0000  0.0000 -0.0124 -0.0000 -0.0000  0.0000  0.0000  0.0000
    5   5.7659 THz  -0.0000  0.0000 -0.0000 -0.0000 -0.1193 -0.0000  0.0000 -0.0000  0.0000 -0.0000  0.0000  0.0000  0.0000  0.0000  0.0000 -0.0000 -0.0000  0.0000 -0.0000  0.0000 -0.0000  0.0000 -0.4324 -0.0000 -0.0000  0.0000  0.0000 -0.0000 -0.8938 -0.0000
    6   5.7659 THz   0.1193  0.0000 -0.0000 -0.0000 -0.0000 -0.0000  0.0000 -0.0000  0.0000  0.0000  0.0000  0.0000  0.0000 -0.0000  0.0000  0.0000 -0.0000  0.0000  0.8938  0.0000 -0.0000  0.0000 -0.0000 -0.0000  0.4324  0.0000 -0.0000 -0.0000 -0.0000 -0.0000
    7   8.5289 THz   0.0000  0.0000  0.6513 -0.0000 -0.0000 -0.0000 -0.0000 -0.0000 -0.0000  0.0000  0.0000  0.0000  0.0000 -0.0000  0.0000  0.0000  0.0000 -0.0000  0.0000  0.0000  0.5365 -0.0000  0.0000 -0.0000 -0.0000  0.0000  0.5365  0.0000  0.0000 -0.0000
    8   8.5335 THz  -0.0000  0.0000 -0.0000  0.0000  0.0000 -0.0000 -0.0000  0.0000 -0.0000  0.0000  0.0000 -0.0000  0.0000  0.0000 -0.0000 -0.0000  0.0000 -0.0000 -0.0000  0.0000  0.7052 -0.0522 -0.0000  0.0000 -0.0000 -0.0000 -0.7052  0.0522 -0.0000  0.0000
    9   8.9297 THz   0.0000  0.0000  0.0000 -0.0000 -0.0000  0.0000 -0.0000  0.0013  0.0000  0.0000  0.0693  0.0258 -0.0004  0.0173  0.0000  0.0000  0.9345  0.3478  0.0000 -0.0000  0.0000 -0.0000 -0.0000 -0.0000  0.0000  0.0000  0.0000  0.0000  0.0000 -0.0000
   10   8.9297 THz   0.0000  0.0000  0.0000  0.0000 -0.0000  0.0000 -0.0018  0.0739 -0.0000  0.0000 -0.0012 -0.0004 -0.0242  0.9968 -0.0000 -0.0000 -0.0163 -0.0061  0.0000 -0.0000  0.0000 -0.0000  0.0000  0.0000  0.0000  0.0000  0.0000  0.0000 -0.0000  0.0000
   11  15.0239 THz  -0.0000  0.0000  0.0000  0.0000 -0.0436  0.0000  0.0000 -0.0000  0.0000  0.0000 -0.0000  0.0000 -0.0000 -0.0000 -0.0000  0.0000 -0.0000 -0.0000 -0.0001 -0.0000 -0.0000  0.0000  0.9016 -0.0000  0.0002 -0.0000 -0.0000 -0.0000 -0.4304  0.0000
   12  15.0239 THz   0.0436  0.0000 -0.0000  0.0000 -0.0000  0.0000  0.0000  0.0000  0.0000  0.0000 -0.0000  0.0000  0.0000  0.0000 -0.0000 -0.0000 -0.0000 -0.0000  0.4304  0.0000  0.0000  0.0000  0.0002 -0.0000 -0.9016 -0.0000  0.0000 -0.0000 -0.0001  0.0000
   13  15.2040 THz  -0.0000  0.0000  0.7588 -0.0000 -0.0000  0.0000 -0.0000 -0.0000 -0.0000  0.0000  0.0000  0.0000 -0.0000 -0.0000  0.0000 -0.0000  0.0000  0.0000  0.0000 -0.0000 -0.4606  0.0000 -0.0000  0.0000 -0.0000 -0.0000 -0.4606  0.0000  0.0000 -0.0000
   14  21.9784 THz  -0.0000  0.0000 -0.0000  0.0000 -0.0000 -0.0000 -0.0000  0.0000  0.0000  0.0587 -0.0000 -0.0000  0.0000  0.0000 -0.0000 -0.9983 -0.0000  0.0000  0.0000 -0.0000  0.0000 -0.0000 -0.0000 -0.0000  0.0000 -0.0000  0.0000 -0.0000  0.0000  0.0000


 Q=  0.000000  0.000000 -0.128469, q=  0.000000  0.000000 -0.500000

                       Ti X   0        Ti Y   0        Ti Z   0        Pb X   1        Pb Y   1        Pb Z   1         O X   2         O Y   2         O Z   2         O X   3         O Y   3         O Z   3         O X   4         O Y   4         O Z   4     
                    --------------- --------------- --------------- --------------- --------------- --------------- --------------- --------------- --------------- --------------- --------------- --------------- --------------- --------------- ---------------
    0   1.0535 THz   0.0000  0.0000  0.0000 -0.0000  0.0000 -0.0000  0.2044 -0.0063  0.9722  0.0868  0.0000  0.0000 -0.0000 -0.0000  0.0000  0.0000 -0.0000 -0.0000 -0.0152  0.0005 -0.0721 -0.0064  0.0000 -0.0000 -0.0000  0.0000 -0.0000  0.0000  0.0000 -0.0000
    1   1.0535 THz   0.0000  0.0000  0.0000 -0.0000 -0.0000  0.0000  0.9756 -0.0300 -0.2037 -0.0182 -0.0000 -0.0000 -0.0000 -0.0000  0.0000 -0.0000 -0.0000 -0.0000 -0.0724  0.0022  0.0151  0.0013 -0.0000 -0.0000 -0.0000  0.0000 -0.0000  0.0000  0.0000  0.0000
    2   3.2857 THz  -0.0000  0.0000 -0.0000 -0.0000  0.0000  0.0000  0.0000 -0.0000  0.0000  0.0000  0.0000 -0.9983  0.0000 -0.0000  0.0000  0.0000 -0.0000 -0.0000  0.0000  0.0000 -0.0000 -0.0000  0.0000 -0.0587 -0.0000 -0.0000  0.0000  0.0000  0.0000  0.0000
    3   3.4634 THz   0.9802  0.0000 -0.1518 -0.0000  0.0000  0.0000  0.0000  0.0000  0.0000  0.0000  0.0000 -0.0000 -0.1249 -0.0000  0.0019  0.0000  0.0000 -0.0000 -0.0000  0.0000 -0.0000  0.0000  0.0000  0.0000 -0.0122 -0.0000  0.0193  0.0000  0.0000  0.0000
    4   3.4634 THz   0.1518  0.0000  0.9802  0.0000 -0.0000 -0.0000 -0.0000 -0.0000 -0.0000 -0.0000 -0.0000 -0.0000 -0.0193  0.0000 -0.0122 -0.0000 -0.0000  0.0000  0.0000 -0.0000  0.0000 -0.0000 -0.0000 -0.0000 -0.0019  0.0000 -0.1249 -0.0000 -0.0000 -0.0000
    5   5.7659 THz  -0.0093  0.0000 -0.1189 -0.0000 -0.0000 -0.0000 -0.0000  0.0000  0.0000 -0.0000 -0.0000  0.0000 -0.0698 -0.0000 -0.4311 -0.0000  0.0000 -0.0000 -0.0000 -0.0000  0.0000  0.0000 -0.0000  0.0000 -0.0338  0.0000 -0.8910 -0.0000 -0.0000  0.0000
    6   5.7659 THz   0.1189  0.0000 -0.0093 -0.0000 -0.0000 -0.0000  0.0000 -0.0000  0.0000 -0.0000 -0.0000 -0.0000  0.8910 -0.0000 -0.0338 -0.0000 -0.0000 -0.0000  0.0000 -0.0000  0.0000  0.0000 -0.0000  0.0000  0.4311 -0.0000 -0.0698 -0.0000 -0.0000  0.0000
    7   8.5289 THz   0.0000  0.0000  0.0000 -0.0000  0.6513  0.0000  0.0000 -0.0000 -0.0000 -0.0000  0.0000  0.0000  0.0000  0.0000 -0.0000  0.0000  0.5365 -0.0000 -0.0000 -0.0000 -0.0000  0.0000  0.0000  0.0000  0.0000  0.0000  0.0000  0.0000  0.5365  0.0000
    8   8.5335 THz  -0.0000  0.0000  0.0000  0.0000 -0.0000 -0.0000  0.0000 -0.0000  0.0000 -0.0000 -0.0000 -0.0000 -0.0000 -0.0000  0.0000 -0.0000  0.7056 -0.0465 -0.0000  0.0000  0.0000  0.0000 -0.0000  0.0000 -0.0000 -0.0000  0.0000  0.0000 -0.7056  0.0465
    9   8.9297 THz  -0.0000  0.0000  0.0000 -0.0000  0.0000  0.0000  0.0000  0.0004  0.0740  0.0016 -0.0000  0.0000  0.0000 -0.0000  0.0000  0.0000 -0.0000  0.0000  0.0001  0.0048  0.9970  0.0216 -0.0000  0.0000 -0.0000  0.0000  0.0000 -0.0000  0.0000 -0.0000
   10   8.9297 THz  -0.0000  0.0000 -0.0000 -0.0000  0.0000  0.0000  0.0012  0.0740 -0.0004 -0.0000  0.0000 -0.0000  0.0000 -0.0000 -0.0000 -0.0000  0.0000  0.0000  0.0157  0.9971 -0.0048 -0.0001  0.0000 -0.0000 -0.0000  0.0000 -0.0000 -0.0000  0.0000  0.0000
   11  15.0239 THz   0.0436  0.0000  0.0007  0.0000  0.0000 -0.0000  0.0000 -0.0000  0.0000 -0.0000 -0.0000  0.0000  0.4303 -0.0000 -0.0145 -0.0000 -0.0000  0.0000  0.0000  0.0000  0.0000 -0.0000 -0.0000 -0.0000 -0.9015  0.0000  0.0069  0.0000 -0.0000  0.0000
   12  15.0239 THz  -0.0007  0.0000  0.0436  0.0000 -0.0000 -0.0000 -0.0000 -0.0000  0.0000 -0.0000 -0.0000 -0.0000 -0.0069  0.0000 -0.9015 -0.0000  0.0000  0.0000 -0.0000 -0.0000  0.0000 -0.0000 -0.0000 -0.0000  0.0145  0.0000  0.4303  0.0000  0.0000  0.0000
   13  15.2040 THz   0.0000  0.0000 -0.0000  0.0000 -0.7588 -0.0000  0.0000  0.0000  0.0000 -0.0000  0.0000 -0.0000  0.0000 -0.0000  0.0000 -0.0000  0.4606  0.0000  0.0000 -0.0000  0.0000 -0.0000 -0.0000 -0.0000 -0.0000 -0.0000 -0.0000  0.0000  0.4606  0.0000
   14  21.9784 THz  -0.0000  0.0000  0.0000  0.0000  0.0000 -0.0000  0.0000 -0.0000  0.0000 -0.0000 -0.0000 -0.0587  0.0000 -0.0000 -0.0000  0.0000 -0.0000  0.0000  0.0000 -0.0000 -0.0000 -0.0000 -0.0000  0.9983 -0.0000 -0.0000  0.0000 -0.0000 -0.0000  0.0000


 Q=  0.000000  0.000000  0.000000, q=  0.000000  0.000000  0.000000

                       Ti X   0        Ti Y   0        Ti Z   0        Pb X   1        Pb Y   1        Pb Z   1         O X   2         O Y   2         O Z   2         O X   3         O Y   3         O Z   3         O X   4         O Y   4         O Z   4     
                    --------------- --------------- --------------- --------------- --------------- --------------- --------------- --------------- --------------- --------------- --------------- --------------- --------------- --------------- ---------------
    0   0.0000 THz   0.3586  0.0000  0.1704  0.0000  0.0178  0.0000  0.7461  0.0000  0.3545  0.0000  0.0370  0.0000  0.2073  0.0000  0.0985  0.0000  0.0103  0.0000  0.2073  0.0000  0.0985  0.0000  0.0103  0.0000  0.2073  0.0000  0.0985  0.0000  0.0103  0.0000
    1  -0.0000 THz   0.0794  0.0000 -0.2018  0.0000  0.3331  0.0000  0.1651  0.0000 -0.4198  0.0000  0.6930  0.0000  0.0459  0.0000 -0.1167  0.0000  0.1926  0.0000  0.0459  0.0000 -0.1167  0.0000  0.1926  0.0000  0.0459  0.0000 -0.1167  0.0000  0.1926  0.0000
    2  -0.0000 THz  -0.1518  0.0000  0.2970  0.0000  0.2161  0.0000 -0.3159  0.0000  0.6179  0.0000  0.4496  0.0000 -0.0878  0.0000  0.1717  0.0000  0.1249  0.0000 -0.0878  0.0000  0.1717  0.0000  0.1249  0.0000 -0.0878  0.0000  0.1717  0.0000  0.1249  0.0000
    3   3.1259 THz   0.4091  0.0000  0.4091  0.0000  0.4091  0.0000 -0.3182  0.0000 -0.3182  0.0000 -0.3182  0.0000  0.1583  0.0000  0.1209  0.0000  0.1583  0.0000  0.1583  0.0000  0.1583  0.0000  0.1209  0.0000  0.1209  0.0000  0.1583  0.0000  0.1583  0.0000
    4   3.9034 THz   0.3280  0.0000 -0.7286  0.0000  0.4006  0.0000 -0.1639  0.0000  0.3641  0.0000 -0.2002  0.0000  0.0050  0.0000 -0.0278  0.0000  0.0062  0.0000  0.0050  0.0000 -0.0112  0.0000  0.0153  0.0000  0.0125  0.0000 -0.0112  0.0000  0.0062  0.0000
    5   3.9034 THz  -0.6520  0.0000  0.0420  0.0000  0.6100  0.0000  0.3258  0.0000 -0.0210  0.0000 -0.3049  0.0000 -0.0100  0.0000  0.0016  0.0000  0.0094  0.0000 -0.0100  0.0000  0.0006  0.0000  0.0233  0.0000 -0.0249  0.0000  0.0006  0.0000  0.0094  0.0000
    6  -3.9036 THz   0.0296  0.0000  0.1277  0.0000 -0.1573  0.0000  0.0493  0.0000  0.2125  0.0000 -0.2617  0.0000 -0.0820  0.0000 -0.2782  0.0000  0.4356  0.0000 -0.0820  0.0000 -0.3536  0.0000  0.3427  0.0000 -0.0645  0.0000 -0.3536  0.0000  0.4356  0.0000
    7  -3.9036 THz   0.1645  0.0000 -0.1079  0.0000 -0.0566  0.0000  0.2738  0.0000 -0.1795  0.0000 -0.0942  0.0000 -0.4556  0.0000  0.2351  0.0000  0.1568  0.0000 -0.4556  0.0000  0.2988  0.0000  0.1234  0.0000 -0.3585  0.0000  0.2988  0.0000  0.1568  0.0000
    8   7.3174 THz  -0.0000  0.0000 -0.0000  0.0000 -0.0000  0.0000 -0.0000  0.0000 -0.0000  0.0000 -0.0000  0.0000 -0.6516  0.0000 -0.0000  0.0000  0.0196  0.0000  0.6516  0.0000 -0.2739  0.0000 -0.0000  0.0000  0.0000  0.0000  0.2739  0.0000 -0.0196  0.0000
    9   7.3174 THz  -0.0000  0.0000  0.0000  0.0000  0.0000  0.0000 -0.0000  0.0000  0.0000  0.0000  0.0000  0.0000  0.1180  0.0000 -0.0000  0.0000 -0.6168  0.0000 -0.1180  0.0000 -0.3249  0.0000  0.0000  0.0000  0.0000  0.0000  0.3249  0.0000  0.6168  0.0000
   10   7.3174 THz   0.0000  0.0000  0.0000  0.0000 -0.0000  0.0000 -0.0000  0.0000 -0.0000  0.0000 -0.0000  0.0000 -0.2480  0.0000 -0.0000  0.0000 -0.3452  0.0000  0.2480  0.0000  0.5651  0.0000  0.0000  0.0000  0.0000  0.0000 -0.5651  0.0000  0.3452  0.0000
   11  12.7273 THz  -0.2392  0.0000 -0.2392  0.0000 -0.2392  0.0000 -0.0289  0.0000 -0.0289  0.0000 -0.0289  0.0000  0.3486  0.0000 -0.1795  0.0000  0.3486  0.0000  0.3486  0.0000  0.3486  0.0000 -0.1795  0.0000 -0.1795  0.0000  0.3486  0.0000  0.3486  0.0000
   12  15.7291 THz   0.0277  0.0000 -0.0070  0.0000 -0.0207  0.0000  0.0207  0.0000 -0.0052  0.0000 -0.0155  0.0000  0.2781  0.0000  0.1705  0.0000 -0.2082  0.0000  0.2781  0.0000 -0.0699  0.0000  0.5078  0.0000 -0.6783  0.0000 -0.0699  0.0000 -0.2082  0.0000
   13  15.7291 THz   0.0079  0.0000 -0.0279  0.0000  0.0200  0.0000  0.0059  0.0000 -0.0209  0.0000  0.0149  0.0000  0.0798  0.0000  0.6848  0.0000  0.2009  0.0000  0.0798  0.0000 -0.2807  0.0000 -0.4900  0.0000 -0.1947  0.0000 -0.2807  0.0000  0.2009  0.0000
   14  21.0408 THz   0.2368  0.0000  0.2368  0.0000  0.2368  0.0000  0.0579  0.0000  0.0579  0.0000  0.0579  0.0000 -0.0498  0.0000 -0.5186  0.0000 -0.0498  0.0000 -0.0498  0.0000 -0.0498  0.0000 -0.5186  0.0000 -0.5186  0.0000 -0.0498  0.0000 -0.0498  0.0000
