
Used Primitive lattice vector

    0.000000000000      2.877123000000      2.877123000000  
    2.877123000000      0.000000000000      2.877123000000  
    2.877123000000      2.877123000000      0.000000000000  

   2 Atom(s) in the Primitive cell

 0.0000000000 0.0000000000 0.0000000000 Na    0
 0.5000000000 0.5000000000 0.5000000000 Cl    1


 Q= -0.086892 -0.086892 -0.086892, q= -0.500000 -0.500000 -0.500000

                       Na X   0        Na Y   0        Na Z   0        Cl X   1        Cl Y   1        Cl Z   1     
                    --------------- --------------- --------------- --------------- --------------- ---------------
    0   4.0696 THz   0.0000  0.0000 -0.0000 -0.0000  0.0000  0.0000 -0.1265  0.4951 -0.1183  0.2732  0.2448 -0.7683
    1   4.0696 THz   0.0000  0.0000 -0.0000  0.0000 -0.0000 -0.0000 -0.0711  0.6329  0.1223 -0.7504 -0.0512  0.1175
    2   4.6917 THz   0.8165  0.0000 -0.4082  0.0000 -0.4082 -0.0000  0.0000 -0.0000  0.0000 -0.0000  0.0000  0.0000
    3   4.6917 THz   0.0000  0.0000  0.7071  0.0000 -0.7071 -0.0000 -0.0000 -0.0000 -0.0000 -0.0000 -0.0000 -0.0000
    4   4.7740 THz   0.0000  0.0000  0.0000  0.0000 -0.0000 -0.0000  0.0278  0.5767  0.0278  0.5767  0.0278  0.5767
    5   6.0638 THz  -0.5774  0.0000 -0.5774  0.0000 -0.5774 -0.0000  0.0000 -0.0000  0.0000 -0.0000  0.0000  0.0000


 Q= -0.043446 -0.043446 -0.130339, q= -0.500000 -0.500000 -0.250000

                       Na X   0        Na Y   0        Na Z   0        Cl X   1        Cl Y   1        Cl Z   1     
                    --------------- --------------- --------------- --------------- --------------- ---------------
    0   4.1150 THz  -0.2448  0.0000  0.2448  0.0000  0.0000 -0.0000 -0.6634  0.0000  0.6634 -0.0000  0.0000  0.0000
    1   4.2542 THz   0.1279  0.0000  0.1279 -0.0000 -0.2095  0.0000  0.4943 -0.0000  0.4943 -0.0000 -0.6593  0.0000
    2   4.5665 THz  -0.0178  0.0000 -0.0178 -0.0000 -0.2359  0.0000 -0.4948  0.0000 -0.4948  0.0000 -0.6739  0.0000
    3   4.8167 THz   0.6634  0.0000 -0.6634 -0.0000 -0.0000  0.0000 -0.2448  0.0000  0.2448 -0.0000  0.0000 -0.0000
    4   4.9420 THz   0.5088  0.0000  0.5088  0.0000 -0.6225 -0.0000 -0.0688  0.0000 -0.0688  0.0000  0.2920  0.0000
    5   5.9060 THz   0.4738  0.0000  0.4738 -0.0000  0.7162 -0.0000 -0.0782  0.0000 -0.0782  0.0000 -0.1611 -0.0000


 Q=  0.000000  0.000000 -0.173785, q= -0.500000 -0.500000  0.000000

                       Na X   0        Na Y   0        Na Z   0        Cl X   1        Cl Y   1        Cl Z   1     
                    --------------- --------------- --------------- --------------- --------------- ---------------
    0   4.1119 THz  -0.4865 -0.0000 -0.0000 -0.0000  0.0000 -0.0000 -0.8737  0.0000 -0.0000  0.0000  0.0000  0.0000
    1   4.1119 THz   0.0000  0.0000 -0.4865  0.0000 -0.0000  0.0000  0.0000  0.0000 -0.8737  0.0000 -0.0000 -0.0000
    2   4.5065 THz   0.0000  0.0000  0.0000 -0.0000 -0.4752  0.0000 -0.0000  0.0000  0.0000 -0.0000 -0.8799  0.0000
    3   4.9725 THz  -0.8737  0.0000  0.0000 -0.0000 -0.0000 -0.0000  0.4865 -0.0000 -0.0000  0.0000 -0.0000  0.0000
    4   4.9725 THz   0.0000 -0.0000  0.8737 -0.0000  0.0000  0.0000 -0.0000  0.0000 -0.4865  0.0000  0.0000 -0.0000
    5   5.5512 THz  -0.0000  0.0000 -0.0000 -0.0000  0.8799  0.0000  0.0000  0.0000 -0.0000 -0.0000 -0.4752 -0.0000


 Q=  0.043446  0.043446 -0.217231, q= -0.500000 -0.500000  0.250000

                       Na X   0        Na Y   0        Na Z   0        Cl X   1        Cl Y   1        Cl Z   1     
                    --------------- --------------- --------------- --------------- --------------- ---------------
    0   4.1150 THz  -0.2448  0.0000  0.2448 -0.0000 -0.0000 -0.0000 -0.6634 -0.0000  0.6634  0.0000  0.0000 -0.0000
    1   4.2542 THz   0.1279  0.0000  0.1279 -0.0000 -0.2095 -0.0000  0.4943  0.0000  0.4943  0.0000 -0.6593 -0.0000
    2   4.5665 THz  -0.0178  0.0000 -0.0178  0.0000 -0.2359  0.0000 -0.4948  0.0000 -0.4948  0.0000 -0.6739  0.0000
    3   4.8167 THz   0.6634  0.0000 -0.6634 -0.0000  0.0000  0.0000 -0.2448 -0.0000  0.2448  0.0000 -0.0000  0.0000
    4   4.9420 THz   0.5088  0.0000  0.5088  0.0000 -0.6225 -0.0000 -0.0688 -0.0000 -0.0688 -0.0000  0.2920  0.0000
    5   5.9060 THz   0.4738  0.0000  0.4738 -0.0000  0.7162  0.0000 -0.0782 -0.0000 -0.0782 -0.0000 -0.1611 -0.0000


 Q= -0.043446 -0.130339 -0.043446, q= -0.500000 -0.250000 -0.500000

                       Na X   0        Na Y   0        Na Z   0        Cl X   1        Cl Y   1        Cl Z   1     
                    --------------- --------------- --------------- --------------- --------------- ---------------
    0   4.1150 THz   0.2448  0.0000  0.0000 -0.0000 -0.2448  0.0000  0.6634 -0.0000 -0.0000  0.0000 -0.6634 -0.0000
    1   4.2542 THz   0.1279  0.0000 -0.2095  0.0000  0.1279 -0.0000  0.4943 -0.0000 -0.6593  0.0000  0.4943 -0.0000
    2   4.5665 THz  -0.0178  0.0000 -0.2359 -0.0000 -0.0178  0.0000 -0.4948 -0.0000 -0.6739 -0.0000 -0.4948 -0.0000
    3   4.8167 THz  -0.6634  0.0000 -0.0000 -0.0000  0.6634  0.0000  0.2448 -0.0000  0.0000  0.0000 -0.2448 -0.0000
    4   4.9420 THz   0.5088  0.0000 -0.6225 -0.0000  0.5088  0.0000 -0.0688 -0.0000  0.2920 -0.0000 -0.0688 -0.0000
    5   5.9060 THz   0.4738  0.0000  0.7162 -0.0000  0.4738 -0.0000 -0.0782  0.0000 -0.1611  0.0000 -0.0782 -0.0000


 Q=  0.000000 -0.086892 -0.086892, q= -0.500000 -0.250000 -0.250000

                       Na X   0        Na Y   0        Na Z   0        Cl X   1        Cl Y   1        Cl Z   1     
                    --------------- --------------- --------------- --------------- --------------- ---------------
    0   4.0383 THz   0.0000  0.0000  0.1714  0.0375 -0.1714 -0.0375  0.0000  0.0000  0.6691  0.1466 -0.6691 -0.1466
    1   4.2804 THz  -0.2709  0.0000  0.0000  0.0000  0.0000  0.0000 -0.9626  0.0000  0.0000  0.0000 -0.0000 -0.0000
    2   4.4561 THz   0.0000  0.0000 -0.1473  0.0061 -0.1473  0.0061 -0.0000  0.0000 -0.6910  0.0286 -0.6910  0.0286
    3   4.7135 THz   0.0000  0.0000 -0.5659 -0.3860  0.5659  0.3860  0.0000 -0.0000  0.1449  0.0988 -0.1449 -0.0988
    4   4.9210 THz   0.9626  0.0000  0.0000  0.0000  0.0000  0.0000 -0.2709  0.0000  0.0000  0.0000 -0.0000 -0.0000
    5   5.9209 THz   0.0000  0.0000  0.0094  0.6915  0.0094  0.6915  0.0000 -0.0000 -0.0020 -0.1474 -0.0020 -0.1474


 Q=  0.043446 -0.043446 -0.130339, q= -0.500000 -0.250000  0.000000

                       Na X   0        Na Y   0        Na Z   0        Cl X   1        Cl Y   1        Cl Z   1     
                    --------------- --------------- --------------- --------------- --------------- ---------------
    0   4.1150 THz   0.2448  0.0000  0.2448 -0.0000  0.0000  0.0000  0.6634  0.0000  0.6634  0.0000  0.0000  0.0000
    1   4.2542 THz   0.1279  0.0000 -0.1279  0.0000  0.2095 -0.0000  0.4943  0.0000 -0.4943 -0.0000  0.6593  0.0000
    2   4.5665 THz   0.0178  0.0000 -0.0178  0.0000 -0.2359  0.0000  0.4948 -0.0000 -0.4948  0.0000 -0.6739  0.0000
    3   4.8167 THz  -0.6634  0.0000 -0.6634 -0.0000 -0.0000  0.0000  0.2448 -0.0000  0.2448  0.0000  0.0000  0.0000
    4   4.9420 THz   0.5088  0.0000 -0.5088 -0.0000  0.6225  0.0000 -0.0688  0.0000  0.0688  0.0000 -0.2920 -0.0000
    5   5.9060 THz  -0.4738  0.0000  0.4738 -0.0000  0.7162 -0.0000  0.0782  0.0000 -0.0782 -0.0000 -0.1611 -0.0000


 Q=  0.086892  0.000000 -0.173785, q= -0.500000 -0.250000  0.250000

                       Na X   0        Na Y   0        Na Z   0        Cl X   1        Cl Y   1        Cl Z   1     
                    --------------- --------------- --------------- --------------- --------------- ---------------
    0   4.3265 THz   0.0000  0.0000 -0.0000 -0.0000  0.0000  0.0000 -0.9688 -0.2477  0.0000 -0.0000 -0.0000  0.0000
    1   4.5124 THz   0.0000  0.0000  0.0170 -0.0017 -0.0023  0.1115  0.0000 -0.0000 -0.1494  0.0150 -0.0204  0.9820
    2   4.5124 THz   0.0000  0.0000  0.1114 -0.0050  0.0013 -0.0170 -0.0000 -0.0000 -0.9812  0.0437  0.0115 -0.1497
    3   5.0882 THz   0.0000  0.0000  0.4446 -0.0210  0.8514  0.2535  0.0000  0.0000  0.0505 -0.0024 -0.0967 -0.0288
    4   5.0882 THz   0.0000  0.0000  0.8882  0.0173 -0.4172 -0.1552 -0.0000 -0.0000  0.1008  0.0020  0.0474  0.0176
    5   5.3138 THz   1.0000  0.0000  0.0000  0.0000  0.0000  0.0000  0.0000  0.0000  0.0000  0.0000  0.0000  0.0000


 Q=  0.000000 -0.173785  0.000000, q= -0.500000  0.000000 -0.500000

                       Na X   0        Na Y   0        Na Z   0        Cl X   1        Cl Y   1        Cl Z   1     
                    --------------- --------------- --------------- --------------- --------------- ---------------
    0   4.1119 THz   0.0000  0.0000 -0.0000 -0.0000 -0.4865  0.0000 -0.0000 -0.0000 -0.0000  0.0000 -0.8737  0.0000
    1   4.1119 THz  -0.4865  0.0000 -0.0000 -0.0000 -0.0000  0.0000 -0.8737 -0.0000 -0.0000 -0.0000  0.0000 -0.0000
    2   4.5065 THz   0.0000  0.0000  0.4752 -0.0000 -0.0000  0.0000 -0.0000  0.0000  0.8799 -0.0000 -0.0000 -0.0000
    3   4.9725 THz   0.0000  0.0000 -0.0000  0.0000  0.8737 -0.0000 -0.0000 -0.0000  0.0000 -0.0000 -0.4865  0.0000
    4   4.9725 THz   0.8737  0.0000 -0.0000 -0.0000 -0.0000  0.0000 -0.4865 -0.0000 -0.0000 -0.0000  0.0000 -0.0000
    5   5.5512 THz   0.0000  0.0000 -0.8799 -0.0000 -0.0000 -0.0000 -0.0000 -0.0000  0.4752  0.0000  0.0000  0.0000


 Q=  0.043446 -0.130339 -0.043446, q= -0.500000  0.000000 -0.250000

                       Na X   0        Na Y   0        Na Z   0        Cl X   1        Cl Y   1        Cl Z   1     
                    --------------- --------------- --------------- --------------- --------------- ---------------
    0   4.1150 THz  -0.2448  0.0000  0.0000 -0.0000 -0.2448  0.0000 -0.6634  0.0000 -0.0000  0.0000 -0.6634  0.0000
    1   4.2542 THz   0.1279  0.0000  0.2095 -0.0000 -0.1279  0.0000  0.4943 -0.0000  0.6593 -0.0000 -0.4943  0.0000
    2   4.5665 THz   0.0178  0.0000 -0.2359  0.0000 -0.0178  0.0000  0.4948 -0.0000 -0.6739  0.0000 -0.4948  0.0000
    3   4.8167 THz   0.6634  0.0000 -0.0000 -0.0000  0.6634  0.0000 -0.2448  0.0000  0.0000  0.0000 -0.2448 -0.0000
    4   4.9420 THz   0.5088  0.0000  0.6225  0.0000 -0.5088 -0.0000 -0.0688  0.0000 -0.2920 -0.0000  0.0688  0.0000
    5   5.9060 THz  -0.4738  0.0000  0.7162  0.0000  0.4738  0.0000  0.0782 -0.0000 -0.1611 -0.0000 -0.0782 -0.0000


 Q=  0.086892 -0.086892 -0.086892, q= -0.500000  0.000000  0.000000

                       Na X   0        Na Y   0        Na Z   0        Cl X   1        Cl Y   1        Cl Z   1     
                    --------------- --------------- --------------- --------------- --------------- ---------------
    0   4.0696 THz   0.0000  0.0000  0.0000  0.0000 -0.0000 -0.0000 -0.0661 -0.4720 -0.1268  0.3305  0.0606 -0.8024
    1   4.0696 THz   0.0000  0.0000 -0.0000 -0.0000  0.0000  0.0000 -0.1465 -0.6466 -0.0402 -0.7347 -0.1064  0.0881
    2   4.6917 THz   0.8165  0.0000  0.4082  0.0000  0.4082  0.0000  0.0000  0.0000 -0.0000  0.0000 -0.0000 -0.0000
    3   4.6917 THz   0.0000  0.0000  0.7071 -0.0000 -0.7071  0.0000 -0.0000 -0.0000  0.0000  0.0000  0.0000  0.0000
    4   4.7740 THz   0.0000  0.0000  0.0000  0.0000 -0.0000 -0.0000  0.0306  0.5765 -0.0306 -0.5765 -0.0306 -0.5765
    5   6.0638 THz   0.5774  0.0000 -0.5774 -0.0000 -0.5774 -0.0000 -0.0000 -0.0000  0.0000 -0.0000  0.0000  0.0000


 Q=  0.130339 -0.043446 -0.130339, q= -0.500000  0.000000  0.250000

                       Na X   0        Na Y   0        Na Z   0        Cl X   1        Cl Y   1        Cl Z   1     
                    --------------- --------------- --------------- --------------- --------------- ---------------
    0   4.1150 THz   0.2448  0.0000  0.0000 -0.0000  0.2448  0.0000 -0.6634 -0.0000 -0.0000 -0.0000 -0.6634  0.0000
    1   4.2542 THz  -0.1279  0.0000 -0.2095 -0.0000  0.1279  0.0000  0.4943  0.0000  0.6593  0.0000 -0.4943 -0.0000
    2   4.5665 THz  -0.0178  0.0000  0.2359  0.0000  0.0178  0.0000  0.4948  0.0000 -0.6739 -0.0000 -0.4948 -0.0000
    3   4.8167 THz   0.6634  0.0000  0.0000  0.0000  0.6634 -0.0000  0.2448  0.0000  0.0000  0.0000  0.2448 -0.0000
    4   4.9420 THz   0.5088  0.0000  0.6225 -0.0000 -0.5088  0.0000  0.0688  0.0000  0.2920 -0.0000 -0.0688  0.0000
    5   5.9060 THz  -0.4738  0.0000  0.7162 -0.0000  0.4738 -0.0000 -0.0782 -0.0000  0.1611 -0.0000  0.0782 -0.0000


 Q=  0.043446 -0.217231  0.043446, q= -0.500000  0.250000 -0.500000

                       Na X   0        Na Y   0        Na Z   0        Cl X   1        Cl Y   1        Cl Z   1     
                    --------------- --------------- --------------- --------------- --------------- ---------------
    0   4.1150 THz   0.2448  0.0000 -0.0000  0.0000 -0.2448 -0.0000  0.6634  0.0000 -0.0000 -0.0000 -0.6634 -0.0000
    1   4.2542 THz   0.1279  0.0000 -0.2095 -0.0000  0.1279  0.0000  0.4943  0.0000 -0.6593 -0.0000  0.4943  0.0000
    2   4.5665 THz  -0.0178  0.0000 -0.2359 -0.0000 -0.0178 -0.0000 -0.4948 -0.0000 -0.6739 -0.0000 -0.4948 -0.0000
    3   4.8167 THz  -0.6634  0.0000  0.0000  0.0000  0.6634 -0.0000  0.2448  0.0000 -0.0000  0.0000 -0.2448  0.0000
    4   4.9420 THz   0.5088  0.0000 -0.6225  0.0000  0.5088 -0.0000 -0.0688 -0.0000  0.2920  0.0000 -0.0688  0.0000
    5   5.9060 THz   0.4738  0.0000  0.7162  0.0000  0.4738  0.0000 -0.0782 -0.0000 -0.1611 -0.0000 -0.0782  0.0000


 Q=  0.086892 -0.173785  0.000000, q= -0.500000  0.250000 -0.250000

                       Na X   0        Na Y   0        Na Z   0        Cl X   1        Cl Y   1        Cl Z   1     
                    --------------- --------------- --------------- --------------- --------------- ---------------
    0   4.3265 THz  -0.0000 -0.0000  0.0000  0.0000 -0.0000 -0.0000 -0.5487  0.8360 -0.0000 -0.0000  0.0000 -0.0000
    1   4.5124 THz   0.0000  0.0000 -0.0063  0.0036 -0.0485 -0.1016  0.0000  0.0000 -0.0555  0.0313  0.4271  0.8949
    2   4.5124 THz   0.0000  0.0000 -0.0117  0.1120  0.0071  0.0012  0.0000  0.0000 -0.1031  0.9862 -0.0628 -0.0109
    3   5.0882 THz   0.0000  0.0000  0.3613 -0.2537  0.8052 -0.3795 -0.0000  0.0000 -0.0410  0.0288  0.0914 -0.0431
    4   5.0882 THz   0.0000  0.0000 -0.8772 -0.1513  0.4158  0.1483 -0.0000  0.0000  0.0996  0.0172  0.0472  0.0168
    5   5.3138 THz   1.0000  0.0000  0.0000  0.0000  0.0000  0.0000  0.0000  0.0000  0.0000  0.0000  0.0000  0.0000


 Q=  0.130339 -0.130339 -0.043446, q= -0.500000  0.250000  0.000000

                       Na X   0        Na Y   0        Na Z   0        Cl X   1        Cl Y   1        Cl Z   1     
                    --------------- --------------- --------------- --------------- --------------- ---------------
    0   4.1150 THz  -0.2448  0.0000 -0.2448 -0.0000  0.0000  0.0000  0.6634  0.0000  0.6634  0.0000  0.0000 -0.0000
    1   4.2542 THz  -0.1279  0.0000  0.1279  0.0000 -0.2095 -0.0000  0.4943  0.0000 -0.4943 -0.0000  0.6593  0.0000
    2   4.5665 THz  -0.0178  0.0000  0.0178  0.0000  0.2359  0.0000  0.4948  0.0000 -0.4948 -0.0000 -0.6739 -0.0000
    3   4.8167 THz  -0.6634  0.0000 -0.6634  0.0000 -0.0000 -0.0000 -0.2448 -0.0000 -0.2448  0.0000 -0.0000 -0.0000
    4   4.9420 THz   0.5088  0.0000 -0.5088  0.0000  0.6225 -0.0000  0.0688  0.0000 -0.0688  0.0000  0.2920 -0.0000
    5   5.9060 THz  -0.4738  0.0000  0.4738 -0.0000  0.7162  0.0000 -0.0782 -0.0000  0.0782 -0.0000  0.1611 -0.0000


 Q=  0.173785 -0.086892 -0.086892, q= -0.500000  0.250000  0.250000

                       Na X   0        Na Y   0        Na Z   0        Cl X   1        Cl Y   1        Cl Z   1     
                    --------------- --------------- --------------- --------------- --------------- ---------------
    0   4.0383 THz   0.0000  0.0000  0.1746 -0.0165 -0.1746  0.0165 -0.0000 -0.0000 -0.6820  0.0644  0.6820 -0.0644
    1   4.2804 THz  -0.2709  0.0000 -0.0000 -0.0000 -0.0000 -0.0000  0.9626  0.0000 -0.0000  0.0000  0.0000 -0.0000
    2   4.4561 THz   0.0000  0.0000  0.1428  0.0365  0.1428  0.0365  0.0000 -0.0000 -0.6700 -0.1713 -0.6700 -0.1713
    3   4.7135 THz   0.0000  0.0000  0.6850 -0.0057 -0.6850  0.0057 -0.0000  0.0000  0.1754 -0.0015 -0.1754  0.0015
    4   4.9210 THz   0.9626  0.0000 -0.0000 -0.0000 -0.0000 -0.0000  0.2709  0.0000 -0.0000  0.0000  0.0000 -0.0000
    5   5.9209 THz   0.0000  0.0000 -0.6707 -0.1687 -0.6707 -0.1687 -0.0000 -0.0000 -0.1430 -0.0360 -0.1430 -0.0360


 Q= -0.130339 -0.043446 -0.043446, q= -0.250000 -0.500000 -0.500000

                       Na X   0        Na Y   0        Na Z   0        Cl X   1        Cl Y   1        Cl Z   1     
                    --------------- --------------- --------------- --------------- --------------- ---------------
    0   4.1150 THz  -0.0000  0.0000 -0.2448 -0.0002  0.2448  0.0002 -0.0000  0.0000 -0.6634 -0.0006  0.6634  0.0006
    1   4.2542 THz   0.2095  0.0000 -0.1279  0.0000 -0.1279  0.0000  0.6593 -0.0000 -0.4943  0.0000 -0.4943  0.0000
    2   4.5665 THz   0.2359  0.0000  0.0178 -0.0000  0.0178  0.0000  0.6739 -0.0000  0.4948 -0.0000  0.4948 -0.0000
    3   4.8167 THz  -0.0000  0.0000  0.6632 -0.0142 -0.6632  0.0142  0.0000 -0.0000 -0.2447  0.0053  0.2447 -0.0053
    4   4.9420 THz  -0.6225  0.0000  0.5088  0.0000  0.5088 -0.0000  0.2920 -0.0000 -0.0688 -0.0000 -0.0688  0.0000
    5   5.9060 THz   0.7162  0.0000  0.4738  0.0000  0.4738  0.0000 -0.1611  0.0000 -0.0782  0.0000 -0.0782  0.0000


 Q= -0.086892  0.000000 -0.086892, q= -0.250000 -0.500000 -0.250000

                       Na X   0        Na Y   0        Na Z   0        Cl X   1        Cl Y   1        Cl Z   1     
                    --------------- --------------- --------------- --------------- --------------- ---------------
    0   4.0383 THz  -0.1754  0.0000 -0.0000  0.0000  0.1754 -0.0000 -0.6850  0.0000 -0.0000  0.0000  0.6850 -0.0000
    1   4.2804 THz  -0.0000  0.0000 -0.2682 -0.0378 -0.0000 -0.0000 -0.0000 -0.0000 -0.9532 -0.1343 -0.0000 -0.0000
    2   4.4561 THz  -0.1474  0.0000 -0.0000  0.0000 -0.1474  0.0000 -0.6916  0.0000  0.0000  0.0000 -0.6916  0.0000
    3   4.7135 THz   0.6850  0.0000 -0.0000  0.0000 -0.6850  0.0000 -0.1754  0.0000  0.0000 -0.0000  0.1754  0.0000
    4   4.9210 THz   0.0000  0.0000  0.9619 -0.0383 -0.0000  0.0000 -0.0000  0.0000 -0.2707  0.0108 -0.0000  0.0000
    5   5.9209 THz   0.6916  0.0000  0.0000  0.0000  0.6916 -0.0000 -0.1474  0.0000 -0.0000  0.0000 -0.1474 -0.0000


 Q= -0.043446  0.043446 -0.130339, q= -0.250000 -0.500000  0.000000

                       Na X   0        Na Y   0        Na Z   0        Cl X   1        Cl Y   1        Cl Z   1     
                    --------------- --------------- --------------- --------------- --------------- ---------------
    0   4.1150 THz   0.2448  0.0000  0.2448  0.0000 -0.0000 -0.0000  0.6634 -0.0000  0.6634 -0.0000 -0.0000 -0.0000
    1   4.2542 THz   0.1279  0.0000 -0.1279 -0.0000 -0.2095 -0.0000  0.4943 -0.0000 -0.4943  0.0000 -0.6593  0.0000
    2   4.5665 THz  -0.0178  0.0000  0.0178  0.0000 -0.2359  0.0000 -0.4948  0.0000  0.4948 -0.0000 -0.6739  0.0000
    3   4.8167 THz   0.6634  0.0000  0.6634 -0.0000 -0.0000 -0.0000 -0.2448  0.0000 -0.2448  0.0000  0.0000  0.0000
    4   4.9420 THz   0.5088  0.0000 -0.5088  0.0000 -0.6225  0.0000 -0.0688  0.0000  0.0688 -0.0000  0.2920 -0.0000
    5   5.9060 THz  -0.4738  0.0000  0.4738 -0.0000 -0.7162  0.0000  0.0782 -0.0000 -0.0782  0.0000  0.1611 -0.0000


 Q=  0.000000  0.086892 -0.173785, q= -0.250000 -0.500000  0.250000

                       Na X   0        Na Y   0        Na Z   0        Cl X   1        Cl Y   1        Cl Z   1     
                    --------------- --------------- --------------- --------------- --------------- ---------------
    0   4.3265 THz   0.0000  0.0000  0.0000  0.0000  0.0000  0.0000  0.0000  0.0000 -0.1657  0.9862 -0.0000  0.0000
    1   4.5124 THz  -0.1128  0.0000  0.0000 -0.0000 -0.0000  0.0000  0.9936 -0.0000 -0.0000 -0.0000  0.0000 -0.0000
    2   4.5124 THz   0.0000  0.0000  0.0000  0.0000 -0.1128  0.0014 -0.0000  0.0000  0.0000 -0.0000 -0.9935  0.0126
    3   5.0882 THz   0.0000  0.0000 -0.0000 -0.0000 -0.9735  0.1990 -0.0000  0.0000 -0.0000  0.0000  0.1105 -0.0226
    4   5.0882 THz   0.9936  0.0000  0.0000 -0.0000 -0.0000  0.0000  0.1128 -0.0000 -0.0000 -0.0000  0.0000 -0.0000
    5   5.3138 THz   0.0000  0.0000  0.9998 -0.0190 -0.0000  0.0000  0.0000 -0.0000 -0.0000 -0.0000  0.0000 -0.0000


 Q= -0.086892 -0.086892  0.000000, q= -0.250000 -0.250000 -0.500000

                       Na X   0        Na Y   0        Na Z   0        Cl X   1        Cl Y   1        Cl Z   1     
                    --------------- --------------- --------------- --------------- --------------- ---------------
    0   4.0383 THz   0.1754  0.0000 -0.1754 -0.0000  0.0000 -0.0000  0.6850 -0.0000 -0.6850  0.0000  0.0000  0.0000
    1   4.2804 THz   0.0000  0.0000 -0.0000 -0.0000 -0.0448 -0.2671  0.0000 -0.0000 -0.0000 -0.0000 -0.1592 -0.9494
    2   4.4561 THz  -0.1474  0.0000 -0.1474 -0.0000 -0.0000 -0.0000 -0.6916  0.0000 -0.6916  0.0000  0.0000 -0.0000
    3   4.7135 THz  -0.6850  0.0000  0.6850  0.0000  0.0000  0.0000  0.1754 -0.0000 -0.1754  0.0000 -0.0000 -0.0000
    4   4.9210 THz   0.0000  0.0000 -0.0000 -0.0000  0.9512  0.1479 -0.0000 -0.0000 -0.0000 -0.0000 -0.2677 -0.0416
    5   5.9209 THz   0.6916  0.0000  0.6916  0.0000 -0.0000  0.0000 -0.1474  0.0000 -0.1474  0.0000  0.0000 -0.0000


 Q= -0.043446 -0.043446 -0.043446, q= -0.250000 -0.250000 -0.250000

                       Na X   0        Na Y   0        Na Z   0        Cl X   1        Cl Y   1        Cl Z   1     
                    --------------- --------------- --------------- --------------- --------------- ---------------
    0   3.7623 THz  -0.3072  0.0000 -0.0396  0.0008  0.3468 -0.0008 -0.5849  0.0000 -0.0754  0.0015  0.6603 -0.0015
    1   3.7623 THz  -0.2231  0.0000  0.3776 -0.0011 -0.1545  0.0011 -0.4248  0.0000  0.7189 -0.0020 -0.2942  0.0020
    2   4.1894 THz  -0.2058  0.0000 -0.2058 -0.0000 -0.2058  0.0000 -0.5394  0.0000 -0.5394  0.0000 -0.5394  0.0000
    3   4.7440 THz   0.7200  0.0000 -0.4152 -0.0093 -0.3048  0.0093 -0.3781  0.0000  0.2180  0.0049  0.1601 -0.0049
    4   4.7440 THz   0.0646  0.0000  0.5826  0.1034 -0.6472 -0.1034 -0.0339 -0.0000 -0.3060 -0.0543  0.3399  0.0543
    5   5.4158 THz  -0.5394 -0.0000 -0.5394  0.0000 -0.5394 -0.0000  0.2058 -0.0000  0.2058 -0.0000  0.2058 -0.0000


 Q=  0.000000  0.000000 -0.086892, q= -0.250000 -0.250000  0.000000

                       Na X   0        Na Y   0        Na Z   0        Cl X   1        Cl Y   1        Cl Z   1     
                    --------------- --------------- --------------- --------------- --------------- ---------------
    0   3.8220 THz   0.4978  0.0000  0.0000  0.0000 -0.0000 -0.0000  0.8673  0.0000 -0.0000 -0.0000  0.0000  0.0000
    1   3.8220 THz   0.0000  0.0000 -0.4978 -0.0066 -0.0000 -0.0000 -0.0000  0.0000 -0.8672 -0.0116 -0.0000 -0.0000
    2   4.0892 THz   0.0000  0.0000  0.0000 -0.0000 -0.2509  0.1910  0.0000  0.0000  0.0000 -0.0000 -0.7550  0.5749
    3   4.8590 THz   0.8673  0.0000  0.0000 -0.0000  0.0000  0.0000 -0.4978 -0.0000  0.0000  0.0000 -0.0000 -0.0000
    4   4.8590 THz   0.0000  0.0000 -0.8670  0.0208 -0.0000  0.0000  0.0000 -0.0000  0.4977 -0.0119  0.0000 -0.0000
    5   5.6146 THz   0.0000  0.0000  0.0000  0.0000 -0.1512 -0.9368 -0.0000 -0.0000  0.0000 -0.0000  0.0503  0.3113


 Q=  0.043446  0.043446 -0.130339, q= -0.250000 -0.250000  0.250000

                       Na X   0        Na Y   0        Na Z   0        Cl X   1        Cl Y   1        Cl Z   1     
                    --------------- --------------- --------------- --------------- --------------- ---------------
    0   4.1150 THz  -0.2448  0.0000  0.2448 -0.0000 -0.0000 -0.0000 -0.6634 -0.0000  0.6634  0.0000 -0.0000  0.0000
    1   4.2542 THz   0.1279  0.0000  0.1279  0.0000  0.2095  0.0000  0.4943  0.0000  0.4943  0.0000  0.6593  0.0000
    2   4.5665 THz   0.0178  0.0000  0.0178 -0.0000 -0.2359  0.0000  0.4948 -0.0000  0.4948 -0.0000 -0.6739  0.0000
    3   4.8167 THz  -0.6634  0.0000  0.6634 -0.0000 -0.0000 -0.0000  0.2448  0.0000 -0.2448 -0.0000  0.0000  0.0000
    4   4.9420 THz   0.5088  0.0000  0.5088 -0.0000  0.6225 -0.0000 -0.0688 -0.0000 -0.0688 -0.0000 -0.2920 -0.0000
    5   5.9060 THz   0.4738  0.0000  0.4738  0.0000 -0.7162  0.0000 -0.0782 -0.0000 -0.0782 -0.0000  0.1611  0.0000


 Q= -0.043446 -0.130339  0.043446, q= -0.250000  0.000000 -0.500000

                       Na X   0        Na Y   0        Na Z   0        Cl X   1        Cl Y   1        Cl Z   1     
                    --------------- --------------- --------------- --------------- --------------- ---------------
    0   4.1150 THz   0.2448  0.0000  0.0000  0.0000  0.2448 -0.0000  0.6634 -0.0000 -0.0000 -0.0000  0.6634 -0.0000
    1   4.2542 THz   0.1279  0.0000 -0.2095 -0.0000 -0.1279  0.0000  0.4943 -0.0000 -0.6593  0.0000 -0.4943  0.0000
    2   4.5665 THz   0.0178  0.0000  0.2359  0.0000 -0.0178 -0.0000  0.4948  0.0000  0.6739  0.0000 -0.4948 -0.0000
    3   4.8167 THz   0.6634  0.0000 -0.0000  0.0000  0.6634  0.0000 -0.2448  0.0000 -0.0000 -0.0000 -0.2448  0.0000
    4   4.9420 THz   0.5088  0.0000 -0.6225 -0.0000 -0.5088 -0.0000 -0.0688  0.0000  0.2920 -0.0000  0.0688  0.0000
    5   5.9060 THz   0.4738  0.0000  0.7162  0.0000 -0.4738  0.0000 -0.0782  0.0000 -0.1611  0.0000  0.0782 -0.0000


 Q=  0.000000 -0.086892  0.000000, q= -0.250000  0.000000 -0.250000

                       Na X   0        Na Y   0        Na Z   0        Cl X   1        Cl Y   1        Cl Z   1     
                    --------------- --------------- --------------- --------------- --------------- ---------------
    0   3.8220 THz   0.4978  0.0000  0.0000 -0.0000  0.0000 -0.0000  0.8673 -0.0000  0.0000 -0.0000  0.0000 -0.0000
    1   3.8220 THz   0.0000  0.0000  0.0000  0.0000 -0.4904  0.0854  0.0000  0.0000  0.0000  0.0000 -0.8544  0.1488
    2   4.0892 THz   0.0000  0.0000 -0.3151 -0.0132  0.0000 -0.0000  0.0000  0.0000 -0.9481 -0.0398 -0.0000  0.0000
    3   4.8590 THz   0.0000  0.0000 -0.0000  0.0000 -0.8009  0.3328  0.0000 -0.0000 -0.0000  0.0000  0.4597 -0.1910
    4   4.8590 THz   0.8673  0.0000  0.0000  0.0000 -0.0000  0.0000 -0.4978  0.0000 -0.0000  0.0000 -0.0000  0.0000
    5   5.6146 THz   0.0000  0.0000  0.9301  0.1883  0.0000 -0.0000  0.0000 -0.0000 -0.3091 -0.0626 -0.0000  0.0000


 Q=  0.043446 -0.043446 -0.043446, q= -0.250000  0.000000  0.000000

                       Na X   0        Na Y   0        Na Z   0        Cl X   1        Cl Y   1        Cl Z   1     
                    --------------- --------------- --------------- --------------- --------------- ---------------
    0   3.7623 THz   0.1713  0.0000 -0.2077 -0.0007  0.3791  0.0007  0.3262 -0.0000 -0.3956 -0.0014  0.7218  0.0014
    1   3.7623 THz   0.3388 -0.0000  0.3177  0.0004  0.0210 -0.0004  0.6451 -0.0000  0.6050  0.0007  0.0401 -0.0007
    2   4.1894 THz  -0.2058  0.0000  0.2058 -0.0000  0.2058  0.0000 -0.5394  0.0000  0.5394 -0.0000  0.5394 -0.0000
    3   4.7440 THz   0.6739  0.0000  0.1103  0.0024  0.5635 -0.0024 -0.3539  0.0000 -0.0579 -0.0013 -0.2959  0.0013
    4   4.7440 THz  -0.2617  0.0000 -0.7144  0.0062  0.4527 -0.0062  0.1374 -0.0000  0.3752 -0.0033 -0.2378  0.0033
    5   5.4158 THz   0.5394  0.0000 -0.5394  0.0000 -0.5394 -0.0000 -0.2058  0.0000  0.2058 -0.0000  0.2058 -0.0000


 Q=  0.086892  0.000000 -0.086892, q= -0.250000  0.000000  0.250000

                       Na X   0        Na Y   0        Na Z   0        Cl X   1        Cl Y   1        Cl Z   1     
                    --------------- --------------- --------------- --------------- --------------- ---------------
    0   4.0383 THz   0.1754  0.0000 -0.0000 -0.0000  0.1754 -0.0000  0.6850 -0.0000 -0.0000  0.0000  0.6850 -0.0000
    1   4.2804 THz   0.0000  0.0000 -0.2059 -0.1760  0.0000  0.0000 -0.0000 -0.0000 -0.7317 -0.6255  0.0000  0.0000
    2   4.4561 THz  -0.1474  0.0000 -0.0000 -0.0000  0.1474 -0.0000 -0.6916  0.0000  0.0000  0.0000  0.6916 -0.0000
    3   4.7135 THz  -0.6850  0.0000  0.0000  0.0000 -0.6850  0.0000  0.1754 -0.0000 -0.0000 -0.0000  0.1754  0.0000
    4   4.9210 THz   0.0000  0.0000  0.9596  0.0762  0.0000  0.0000 -0.0000 -0.0000 -0.2700 -0.0214  0.0000  0.0000
    5   5.9209 THz   0.6916  0.0000 -0.0000 -0.0000 -0.6916  0.0000 -0.1474  0.0000  0.0000  0.0000  0.1474  0.0000


 Q=  0.000000 -0.173785  0.086892, q= -0.250000  0.250000 -0.500000

                       Na X   0        Na Y   0        Na Z   0        Cl X   1        Cl Y   1        Cl Z   1     
                    --------------- --------------- --------------- --------------- --------------- ---------------
    0   4.3265 THz  -0.0000  0.0000  0.0000  0.0000 -0.0000  0.0000 -0.0000  0.0000  0.0000  0.0000 -0.6701  0.7423
    1   4.5124 THz   0.1127  0.0000  0.0049  0.0001 -0.0000 -0.0000 -0.9927  0.0000  0.0431  0.0006  0.0000 -0.0000
    2   4.5124 THz   0.0049  0.0000 -0.1127 -0.0015  0.0000  0.0000 -0.0431  0.0000 -0.9926 -0.0135  0.0000  0.0000
    3   5.0882 THz   0.9936  0.0000  0.0000  0.0000  0.0000  0.0000  0.1128 -0.0000 -0.0000 -0.0000 -0.0000  0.0000
    4   5.0882 THz  -0.0000  0.0000  0.9936  0.0086  0.0000  0.0000  0.0000  0.0000 -0.1128 -0.0010  0.0000  0.0000
    5   5.3138 THz  -0.0000  0.0000 -0.0000 -0.0000  0.7196  0.6944 -0.0000 -0.0000  0.0000  0.0000  0.0000 -0.0000


 Q=  0.043446 -0.130339  0.043446, q= -0.250000  0.250000 -0.250000

                       Na X   0        Na Y   0        Na Z   0        Cl X   1        Cl Y   1        Cl Z   1     
                    --------------- --------------- --------------- --------------- --------------- ---------------
    0   4.1150 THz  -0.2448  0.0000  0.0000  0.0000  0.2448  0.0000 -0.6634 -0.0000  0.0000  0.0000  0.6634  0.0000
    1   4.2542 THz   0.1279  0.0000  0.2095 -0.0000  0.1279  0.0000  0.4943  0.0000  0.6593  0.0000  0.4943  0.0000
    2   4.5665 THz  -0.0178  0.0000  0.2359 -0.0000 -0.0178 -0.0000 -0.4948  0.0000  0.6739 -0.0000 -0.4948  0.0000
    3   4.8167 THz  -0.6634  0.0000  0.0000  0.0000  0.6634  0.0000  0.2448  0.0000 -0.0000 -0.0000 -0.2448 -0.0000
    4   4.9420 THz   0.5088  0.0000  0.6225  0.0000  0.5088  0.0000 -0.0688  0.0000 -0.2920 -0.0000 -0.0688 -0.0000
    5   5.9060 THz  -0.4738  0.0000  0.7162  0.0000 -0.4738  0.0000  0.0782  0.0000 -0.1611 -0.0000  0.0782  0.0000


 Q=  0.086892 -0.086892  0.000000, q= -0.250000  0.250000  0.000000

                       Na X   0        Na Y   0        Na Z   0        Cl X   1        Cl Y   1        Cl Z   1     
                    --------------- --------------- --------------- --------------- --------------- ---------------
    0   4.0383 THz  -0.1754  0.0000 -0.1754  0.0000 -0.0000  0.0000 -0.6850 -0.0000 -0.6850 -0.0000 -0.0000  0.0000
    1   4.2804 THz   0.0000  0.0000  0.0000 -0.0000 -0.2640 -0.0606 -0.0000  0.0000  0.0000  0.0000 -0.9382 -0.2155
    2   4.4561 THz  -0.1474  0.0000  0.1474 -0.0000  0.0000  0.0000 -0.6916  0.0000  0.6916  0.0000 -0.0000  0.0000
    3   4.7135 THz  -0.6850  0.0000 -0.6850  0.0000 -0.0000 -0.0000  0.1754  0.0000  0.1754  0.0000  0.0000 -0.0000
    4   4.9210 THz   0.0000  0.0000  0.0000  0.0000 -0.9626  0.0052 -0.0000 -0.0000  0.0000  0.0000  0.2709 -0.0015
    5   5.9209 THz   0.6916  0.0000 -0.6916 -0.0000 -0.0000  0.0000 -0.1474 -0.0000  0.1474  0.0000 -0.0000 -0.0000


 Q=  0.130339 -0.043446 -0.043446, q= -0.250000  0.250000  0.250000

                       Na X   0        Na Y   0        Na Z   0        Cl X   1        Cl Y   1        Cl Z   1     
                    --------------- --------------- --------------- --------------- --------------- ---------------
    0   4.1150 THz   0.0000  0.0000 -0.2448 -0.0010  0.2448  0.0010  0.0000 -0.0000 -0.6634 -0.0026  0.6634  0.0026
    1   4.2542 THz  -0.2095  0.0000 -0.1279  0.0000 -0.1279  0.0000 -0.6593  0.0000 -0.4943  0.0000 -0.4943  0.0000
    2   4.5665 THz   0.2359  0.0000 -0.0178  0.0000 -0.0178  0.0000  0.6739 -0.0000 -0.4948  0.0000 -0.4948  0.0000
    3   4.8167 THz   0.0000  0.0000  0.6631  0.0202 -0.6631 -0.0202  0.0000  0.0000 -0.2447 -0.0074  0.2447  0.0074
    4   4.9420 THz   0.6225  0.0000  0.5088 -0.0000  0.5088  0.0000 -0.2920  0.0000 -0.0688 -0.0000 -0.0688 -0.0000
    5   5.9060 THz   0.7162  0.0000 -0.4738  0.0000 -0.4738  0.0000 -0.1611  0.0000  0.0782  0.0000  0.0782  0.0000


 Q= -0.173785  0.000000  0.000000, q=  0.000000 -0.500000 -0.500000

                       Na X   0        Na Y   0        Na Z   0        Cl X   1        Cl Y   1        Cl Z   1     
                    --------------- --------------- --------------- --------------- --------------- ---------------
    0   4.1119 THz   0.0000  0.0000 -0.0263 -0.0000  0.4858  0.0000 -0.0000 -0.0000 -0.0472 -0.0000  0.8724  0.0000
    1   4.1119 THz   0.0000  0.0000 -0.4858 -0.0000 -0.0263 -0.0000  0.0000  0.0000 -0.8724 -0.0000 -0.0472 -0.0000
    2   4.5065 THz  -0.4752  0.0000  0.0000  0.0000 -0.0000 -0.0000 -0.8799 -0.0000 -0.0000 -0.0000  0.0000  0.0000
    3   4.9725 THz   0.0000  0.0000 -0.1019  0.0000 -0.8677 -0.0000  0.0000  0.0000  0.0567 -0.0000  0.4831  0.0000
    4   4.9725 THz   0.0000  0.0000  0.8677 -0.0000 -0.1019 -0.0000  0.0000  0.0000 -0.4831  0.0000  0.0567  0.0000
    5   5.5512 THz   0.8799  0.0000  0.0000  0.0000 -0.0000 -0.0000 -0.4752 -0.0000 -0.0000 -0.0000  0.0000  0.0000


 Q= -0.130339  0.043446 -0.043446, q=  0.000000 -0.500000 -0.250000

                       Na X   0        Na Y   0        Na Z   0        Cl X   1        Cl Y   1        Cl Z   1     
                    --------------- --------------- --------------- --------------- --------------- ---------------
    0   4.1150 THz  -0.0000  0.0000  0.2447  0.0052  0.2447  0.0052 -0.0000 -0.0000  0.6632  0.0140  0.6632  0.0140
    1   4.2542 THz  -0.2095  0.0000 -0.1279 -0.0000  0.1279 -0.0000 -0.6593  0.0000 -0.4943  0.0000  0.4943 -0.0000
    2   4.5665 THz   0.2359  0.0000 -0.0178 -0.0000  0.0178 -0.0000  0.6739  0.0000 -0.4948  0.0000  0.4948  0.0000
    3   4.8167 THz  -0.0000  0.0000  0.6634 -0.0015  0.6634 -0.0015  0.0000 -0.0000 -0.2448  0.0006 -0.2448  0.0006
    4   4.9420 THz  -0.6225  0.0000 -0.5088 -0.0000  0.5088  0.0000  0.2920 -0.0000  0.0688 -0.0000 -0.0688  0.0000
    5   5.9060 THz   0.7162  0.0000 -0.4738 -0.0000  0.4738  0.0000 -0.1611  0.0000  0.0782 -0.0000 -0.0782  0.0000


 Q= -0.086892  0.086892 -0.086892, q=  0.000000 -0.500000  0.000000

                       Na X   0        Na Y   0        Na Z   0        Cl X   1        Cl Y   1        Cl Z   1     
                    --------------- --------------- --------------- --------------- --------------- ---------------
    0   4.0696 THz   0.0000  0.0000 -0.0000 -0.0000 -0.0000  0.0000  0.2623  0.3002 -0.4108 -0.1450 -0.6731 -0.4452
    1   4.0696 THz   0.0000  0.0000  0.0000  0.0000  0.0000  0.0000 -0.4892  0.5181 -0.3799  0.5767  0.1093  0.0586
    2   4.6917 THz   0.0000  0.0000 -0.7071  0.0000 -0.7071  0.0000  0.0000 -0.0000 -0.0000  0.0000  0.0000 -0.0000
    3   4.6917 THz   0.8165  0.0000  0.4082 -0.0000 -0.4082  0.0000  0.0000 -0.0000 -0.0000  0.0000  0.0000  0.0000
    4   4.7740 THz   0.0000  0.0000  0.0000 -0.0000  0.0000 -0.0000 -0.0672 -0.5734  0.0672  0.5734 -0.0672 -0.5734
    5   6.0638 THz   0.5774  0.0000 -0.5774  0.0000  0.5774 -0.0000 -0.0000  0.0000  0.0000 -0.0000 -0.0000 -0.0000


 Q= -0.043446  0.130339 -0.130339, q=  0.000000 -0.500000  0.250000

                       Na X   0        Na Y   0        Na Z   0        Cl X   1        Cl Y   1        Cl Z   1     
                    --------------- --------------- --------------- --------------- --------------- ---------------
    0   4.1150 THz  -0.0000  0.0000  0.2448 -0.0015  0.2448 -0.0015  0.0000 -0.0000 -0.6634  0.0041 -0.6634  0.0041
    1   4.2542 THz  -0.2095  0.0000 -0.1279  0.0000  0.1279  0.0000  0.6593  0.0000  0.4943  0.0000 -0.4943 -0.0000
    2   4.5665 THz  -0.2359  0.0000  0.0178 -0.0000 -0.0178 -0.0000  0.6739 -0.0000 -0.4948  0.0000  0.4948 -0.0000
    3   4.8167 THz  -0.0000  0.0000  0.6570  0.0916  0.6570  0.0916 -0.0000 -0.0000  0.2424  0.0338  0.2424  0.0338
    4   4.9420 THz  -0.6225  0.0000 -0.5088  0.0000  0.5088 -0.0000 -0.2920  0.0000 -0.0688 -0.0000  0.0688  0.0000
    5   5.9060 THz   0.7162  0.0000 -0.4738  0.0000  0.4738 -0.0000  0.1611 -0.0000 -0.0782 -0.0000  0.0782  0.0000


 Q= -0.130339 -0.043446  0.043446, q=  0.000000 -0.250000 -0.500000

                       Na X   0        Na Y   0        Na Z   0        Cl X   1        Cl Y   1        Cl Z   1     
                    --------------- --------------- --------------- --------------- --------------- ---------------
    0   4.1150 THz  -0.0000  0.0000 -0.2448 -0.0007 -0.2448 -0.0007 -0.0000  0.0000 -0.6634 -0.0018 -0.6634 -0.0018
    1   4.2542 THz   0.2095  0.0000 -0.1279 -0.0000  0.1279 -0.0000  0.6593  0.0000 -0.4943  0.0000  0.4943 -0.0000
    2   4.5665 THz   0.2359  0.0000  0.0178  0.0000 -0.0178 -0.0000  0.6739  0.0000  0.4948  0.0000 -0.4948 -0.0000
    3   4.8167 THz   0.0000  0.0000 -0.6633 -0.0091 -0.6633 -0.0091  0.0000  0.0000  0.2448  0.0034  0.2448  0.0034
    4   4.9420 THz   0.6225  0.0000 -0.5088  0.0000  0.5088  0.0000 -0.2920 -0.0000  0.0688 -0.0000 -0.0688  0.0000
    5   5.9060 THz   0.7162  0.0000  0.4738  0.0000 -0.4738 -0.0000 -0.1611 -0.0000 -0.0782  0.0000  0.0782 -0.0000


 Q= -0.086892  0.000000  0.000000, q=  0.000000 -0.250000 -0.250000

                       Na X   0        Na Y   0        Na Z   0        Cl X   1        Cl Y   1        Cl Z   1     
                    --------------- --------------- --------------- --------------- --------------- ---------------
    0   3.8220 THz   0.0000  0.0000  0.4207  0.0587  0.2587  0.0216 -0.0000  0.0000  0.7329  0.1023  0.4508  0.0376
    1   3.8220 THz   0.0000  0.0000  0.2544  0.0520 -0.4202 -0.0618 -0.0000  0.0000  0.4432  0.0906 -0.7321 -0.1078
    2   4.0892 THz   0.3154  0.0000  0.0000  0.0000  0.0000  0.0000  0.9490 -0.0000  0.0000 -0.0000 -0.0000 -0.0000
    3   4.8590 THz   0.0000  0.0000 -0.1112  0.0661 -0.6253  0.5869 -0.0000 -0.0000  0.0638 -0.0379  0.3589 -0.3369
    4   4.8590 THz   0.0000  0.0000 -0.8451  0.1460  0.1197 -0.0490 -0.0000 -0.0000  0.4851 -0.0838 -0.0687  0.0281
    5   5.6146 THz   0.9490  0.0000  0.0000 -0.0000 -0.0000 -0.0000 -0.3154  0.0000 -0.0000  0.0000  0.0000  0.0000


 Q= -0.043446  0.043446 -0.043446, q=  0.000000 -0.250000  0.000000

                       Na X   0        Na Y   0        Na Z   0        Cl X   1        Cl Y   1        Cl Z   1     
                    --------------- --------------- --------------- --------------- --------------- ---------------
    0   3.7623 THz   0.3542  0.0000  0.0587  0.0005 -0.2955  0.0005  0.6744 -0.0000  0.1118  0.0010 -0.5626  0.0010
    1   3.7623 THz  -0.1367  0.0000 -0.3751  0.0014 -0.2384  0.0014 -0.2603  0.0000 -0.7142  0.0027 -0.4539  0.0027
    2   4.1894 THz  -0.2058  0.0000  0.2058  0.0000 -0.2058 -0.0000 -0.5394 -0.0000  0.5394  0.0000 -0.5394  0.0000
    3   4.7440 THz   0.3676  0.0000 -0.3553  0.0026 -0.7228  0.0026 -0.1930  0.0000  0.1866 -0.0014  0.3796 -0.0014
    4   4.7440 THz  -0.6224  0.0000 -0.6295  0.0015 -0.0071  0.0015  0.3269 -0.0000  0.3306 -0.0008  0.0037 -0.0008
    5   5.4158 THz   0.5394  0.0000 -0.5394 -0.0000  0.5394  0.0000 -0.2058  0.0000  0.2058 -0.0000 -0.2058  0.0000


 Q=  0.000000  0.086892 -0.086892, q=  0.000000 -0.250000  0.250000

                       Na X   0        Na Y   0        Na Z   0        Cl X   1        Cl Y   1        Cl Z   1     
                    --------------- --------------- --------------- --------------- --------------- ---------------
    0   4.0383 THz   0.0000  0.0000 -0.1754  0.0004 -0.1754  0.0004  0.0000 -0.0000 -0.6850  0.0015 -0.6850  0.0015
    1   4.2804 THz   0.2709  0.0000  0.0000  0.0000 -0.0000 -0.0000  0.9626 -0.0000  0.0000 -0.0000  0.0000  0.0000
    2   4.4561 THz   0.0000  0.0000  0.1470 -0.0114 -0.1470  0.0114 -0.0000 -0.0000  0.6895 -0.0537 -0.6895  0.0537
    3   4.7135 THz   0.0000  0.0000 -0.6844 -0.0297 -0.6844 -0.0297 -0.0000  0.0000  0.1753  0.0076  0.1753  0.0076
    4   4.9210 THz   0.9626  0.0000  0.0000 -0.0000  0.0000  0.0000 -0.2709  0.0000 -0.0000  0.0000 -0.0000 -0.0000
    5   5.9209 THz   0.0000  0.0000 -0.6694  0.1738  0.6694 -0.1738 -0.0000 -0.0000  0.1427 -0.0370 -0.1427  0.0370


 Q= -0.086892 -0.086892  0.086892, q=  0.000000  0.000000 -0.500000

                       Na X   0        Na Y   0        Na Z   0        Cl X   1        Cl Y   1        Cl Z   1     
                    --------------- --------------- --------------- --------------- --------------- ---------------
    0   4.0696 THz   0.0000  0.0000 -0.0000  0.0000 -0.0000  0.0000  0.0364  0.4927  0.1971  0.2738  0.2336  0.7665
    1   4.0696 THz   0.0000  0.0000 -0.0000 -0.0000 -0.0000 -0.0000  0.3290  0.5606 -0.4858 -0.5629 -0.1568 -0.0023
    2   4.6917 THz   0.0000  0.0000  0.7071  0.0000  0.7071  0.0000 -0.0000 -0.0000 -0.0000 -0.0000  0.0000  0.0000
    3   4.6917 THz   0.8165  0.0000 -0.4082  0.0000  0.4082 -0.0000  0.0000  0.0000  0.0000  0.0000 -0.0000  0.0000
    4   4.7740 THz   0.0000  0.0000 -0.0000 -0.0000 -0.0000 -0.0000  0.0190 -0.5770  0.0190 -0.5770 -0.0190  0.5770
    5   6.0638 THz  -0.5774  0.0000 -0.5774  0.0000  0.5774 -0.0000  0.0000  0.0000  0.0000  0.0000 -0.0000  0.0000


 Q= -0.043446 -0.043446  0.043446, q=  0.000000  0.000000 -0.250000

                       Na X   0        Na Y   0        Na Z   0        Cl X   1        Cl Y   1        Cl Z   1     
                    --------------- --------------- --------------- --------------- --------------- ---------------
    0   3.7623 THz   0.2135  0.0000  0.1651 -0.0005  0.3786 -0.0005  0.4066 -0.0000  0.3143 -0.0010  0.7209 -0.0010
    1   3.7623 THz   0.3139  0.0000 -0.3419  0.0004 -0.0280  0.0004  0.5977 -0.0000 -0.6510  0.0007 -0.0533  0.0007
    2   4.1894 THz  -0.2058  0.0000 -0.2058 -0.0000  0.2058  0.0000 -0.5394 -0.0000 -0.5394 -0.0000  0.5394  0.0000
    3   4.7440 THz  -0.1116  0.0000 -0.5625  0.0166 -0.6741  0.0166  0.0586 -0.0000  0.2954 -0.0087  0.3540 -0.0087
    4   4.7440 THz   0.7142  0.0000 -0.4537  0.0026  0.2605  0.0026 -0.3751 -0.0000  0.2383 -0.0014 -0.1368 -0.0014
    5   5.4158 THz   0.5394  0.0000  0.5394 -0.0000 -0.5394  0.0000 -0.2058  0.0000 -0.2058  0.0000  0.2058 -0.0000


 Q=  0.000000  0.000000  0.000000, q=  0.000000  0.000000  0.000000

                       Na X   0        Na Y   0        Na Z   0        Cl X   1        Cl Y   1        Cl Z   1     
                    --------------- --------------- --------------- --------------- --------------- ---------------
    0   0.0000 THz   0.0000  0.0000  0.0885  0.0000  0.6209  0.0000  0.0000  0.0000  0.1098  0.0000  0.7711  0.0000
    1   0.0000 THz   0.0000  0.0000 -0.6209  0.0000  0.0885  0.0000  0.0000  0.0000 -0.7711  0.0000  0.1098  0.0000
    2   0.0000 THz   0.6272  0.0000  0.0000  0.0000 -0.0000  0.0000  0.7789  0.0000 -0.0000  0.0000 -0.0000  0.0000
    3   4.7383 THz   0.0000  0.0000 -0.1166  0.0000  0.7701  0.0000 -0.0000  0.0000  0.0939  0.0000 -0.6201  0.0000
    4   4.7383 THz   0.0000  0.0000  0.7701  0.0000  0.1166  0.0000 -0.0000  0.0000 -0.6201  0.0000 -0.0939  0.0000
    5   4.7383 THz   0.7789  0.0000  0.0000  0.0000  0.0000  0.0000 -0.6272  0.0000  0.0000  0.0000  0.0000  0.0000


 Q=  0.043446  0.043446 -0.043446, q=  0.000000  0.000000  0.250000

                       Na X   0        Na Y   0        Na Z   0        Cl X   1        Cl Y   1        Cl Z   1     
                    --------------- --------------- --------------- --------------- --------------- ---------------
    0   3.7623 THz   0.2135  0.0000  0.1651  0.0005  0.3786  0.0005  0.4066  0.0000  0.3143  0.0010  0.7209  0.0010
    1   3.7623 THz   0.3139  0.0000 -0.3419 -0.0004 -0.0280 -0.0004  0.5977  0.0000 -0.6510 -0.0007 -0.0533 -0.0007
    2   4.1894 THz  -0.2058  0.0000 -0.2058  0.0000  0.2058 -0.0000 -0.5394  0.0000 -0.5394  0.0000  0.5394 -0.0000
    3   4.7440 THz  -0.1116  0.0000 -0.5625 -0.0166 -0.6741 -0.0166  0.0586  0.0000  0.2954  0.0087  0.3540  0.0087
    4   4.7440 THz   0.7142  0.0000 -0.4537 -0.0026  0.2605 -0.0026 -0.3751  0.0000  0.2383  0.0014 -0.1368  0.0014
    5   5.4158 THz   0.5394  0.0000  0.5394  0.0000 -0.5394 -0.0000 -0.2058 -0.0000 -0.2058 -0.0000  0.2058  0.0000


 Q= -0.043446 -0.130339  0.130339, q=  0.000000  0.250000 -0.500000

                       Na X   0        Na Y   0        Na Z   0        Cl X   1        Cl Y   1        Cl Z   1     
                    --------------- --------------- --------------- --------------- --------------- ---------------
    0   4.1150 THz   0.0000  0.0000  0.2448 -0.0026  0.2448 -0.0026 -0.0000  0.0000 -0.6633  0.0070 -0.6633  0.0070
    1   4.2542 THz   0.2095  0.0000 -0.1279  0.0000  0.1279  0.0000 -0.6593  0.0000  0.4943 -0.0000 -0.4943  0.0000
    2   4.5665 THz  -0.2359  0.0000 -0.0178  0.0000  0.0178 -0.0000  0.6739 -0.0000  0.4948 -0.0000 -0.4948  0.0000
    3   4.8167 THz  -0.0000  0.0000  0.6612 -0.0540  0.6612 -0.0540  0.0000 -0.0000  0.2440 -0.0199  0.2440 -0.0199
    4   4.9420 THz   0.6225  0.0000 -0.5088  0.0000  0.5088 -0.0000  0.2920 -0.0000 -0.0688 -0.0000  0.0688  0.0000
    5   5.9060 THz   0.7162  0.0000  0.4738 -0.0000 -0.4738  0.0000  0.1611 -0.0000  0.0782  0.0000 -0.0782  0.0000


 Q=  0.000000 -0.086892  0.086892, q=  0.000000  0.250000 -0.250000

                       Na X   0        Na Y   0        Na Z   0        Cl X   1        Cl Y   1        Cl Z   1     
                    --------------- --------------- --------------- --------------- --------------- ---------------
    0   4.0383 THz   0.0000  0.0000 -0.1754 -0.0004 -0.1754 -0.0004  0.0000  0.0000 -0.6850 -0.0015 -0.6850 -0.0015
    1   4.2804 THz   0.2709  0.0000  0.0000 -0.0000 -0.0000  0.0000  0.9626  0.0000  0.0000  0.0000  0.0000 -0.0000
    2   4.4561 THz   0.0000  0.0000  0.1470  0.0114 -0.1470 -0.0114 -0.0000  0.0000  0.6895  0.0537 -0.6895 -0.0537
    3   4.7135 THz   0.0000  0.0000 -0.6844  0.0297 -0.6844  0.0297 -0.0000 -0.0000  0.1753 -0.0076  0.1753 -0.0076
    4   4.9210 THz   0.9626  0.0000  0.0000  0.0000  0.0000 -0.0000 -0.2709 -0.0000 -0.0000 -0.0000 -0.0000  0.0000
    5   5.9209 THz   0.0000  0.0000 -0.6694 -0.1738  0.6694  0.1738 -0.0000  0.0000  0.1427  0.0370 -0.1427 -0.0370


 Q=  0.043446 -0.043446  0.043446, q=  0.000000  0.250000  0.000000

                       Na X   0        Na Y   0        Na Z   0        Cl X   1        Cl Y   1        Cl Z   1     
                    --------------- --------------- --------------- --------------- --------------- ---------------
    0   3.7623 THz   0.3542  0.0000  0.0587 -0.0005 -0.2955 -0.0005  0.6744  0.0000  0.1118 -0.0010 -0.5626 -0.0010
    1   3.7623 THz  -0.1367  0.0000 -0.3751 -0.0014 -0.2384 -0.0014 -0.2603 -0.0000 -0.7142 -0.0027 -0.4539 -0.0027
    2   4.1894 THz  -0.2058  0.0000  0.2058 -0.0000 -0.2058  0.0000 -0.5394  0.0000  0.5394 -0.0000 -0.5394 -0.0000
    3   4.7440 THz   0.3676  0.0000 -0.3553 -0.0026 -0.7228 -0.0026 -0.1930 -0.0000  0.1866  0.0014  0.3796  0.0014
    4   4.7440 THz  -0.6224  0.0000 -0.6295 -0.0015 -0.0071 -0.0015  0.3269  0.0000  0.3306  0.0008  0.0037  0.0008
    5   5.4158 THz   0.5394  0.0000 -0.5394  0.0000  0.5394 -0.0000 -0.2058 -0.0000  0.2058  0.0000 -0.2058 -0.0000


 Q=  0.086892  0.000000  0.000000, q=  0.000000  0.250000  0.250000

                       Na X   0        Na Y   0        Na Z   0        Cl X   1        Cl Y   1        Cl Z   1     
                    --------------- --------------- --------------- --------------- --------------- ---------------
    0   3.8220 THz   0.0000  0.0000  0.4207 -0.0587  0.2587 -0.0216 -0.0000 -0.0000  0.7329 -0.1023  0.4508 -0.0376
    1   3.8220 THz   0.0000  0.0000  0.2544 -0.0520 -0.4202  0.0618 -0.0000 -0.0000  0.4432 -0.0906 -0.7321  0.1078
    2   4.0892 THz   0.3154  0.0000  0.0000 -0.0000  0.0000 -0.0000  0.9490  0.0000  0.0000  0.0000 -0.0000  0.0000
    3   4.8590 THz   0.0000  0.0000 -0.1112 -0.0661 -0.6253 -0.5869 -0.0000  0.0000  0.0638  0.0379  0.3589  0.3369
    4   4.8590 THz   0.0000  0.0000 -0.8451 -0.1460  0.1197  0.0490 -0.0000  0.0000  0.4851  0.0838 -0.0687 -0.0281
    5   5.6146 THz   0.9490  0.0000  0.0000  0.0000 -0.0000  0.0000 -0.3154 -0.0000 -0.0000 -0.0000  0.0000 -0.0000


 Q= -0.217231  0.043446  0.043446, q=  0.250000 -0.500000 -0.500000

                       Na X   0        Na Y   0        Na Z   0        Cl X   1        Cl Y   1        Cl Z   1     
                    --------------- --------------- --------------- --------------- --------------- ---------------
    0   4.1150 THz   0.0000  0.0000  0.2448 -0.0035 -0.2448  0.0035  0.0000  0.0000  0.6633 -0.0095 -0.6633  0.0095
    1   4.2542 THz   0.2095  0.0000 -0.1279 -0.0000 -0.1279 -0.0000  0.6593  0.0000 -0.4943 -0.0000 -0.4943 -0.0000
    2   4.5665 THz   0.2359  0.0000  0.0178  0.0000  0.0178  0.0000  0.6739  0.0000  0.4948  0.0000  0.4948  0.0000
    3   4.8167 THz   0.0000  0.0000  0.6634 -0.0016 -0.6634  0.0016  0.0000 -0.0000 -0.2448  0.0006  0.2448 -0.0006
    4   4.9420 THz  -0.6225  0.0000  0.5088  0.0000  0.5088  0.0000  0.2920  0.0000 -0.0688 -0.0000 -0.0688 -0.0000
    5   5.9060 THz   0.7162  0.0000  0.4738 -0.0000  0.4738 -0.0000 -0.1611 -0.0000 -0.0782 -0.0000 -0.0782 -0.0000


 Q= -0.173785  0.086892  0.000000, q=  0.250000 -0.500000 -0.250000

                       Na X   0        Na Y   0        Na Z   0        Cl X   1        Cl Y   1        Cl Z   1     
                    --------------- --------------- --------------- --------------- --------------- ---------------
    0   4.3265 THz   0.0000  0.0000  0.0000  0.0000 -0.0000  0.0000  0.0000 -0.0000  0.3273 -0.9449  0.0000 -0.0000
    1   4.5124 THz   0.0000  0.0000  0.0000  0.0000  0.1128  0.0023  0.0000 -0.0000  0.0000 -0.0000 -0.9934 -0.0204
    2   4.5124 THz  -0.1128  0.0000  0.0000  0.0000  0.0000  0.0000 -0.9936  0.0000  0.0000 -0.0000 -0.0000 -0.0000
    3   5.0882 THz   0.9936  0.0000 -0.0000  0.0000  0.0000 -0.0000 -0.1128  0.0000  0.0000 -0.0000  0.0000 -0.0000
    4   5.0882 THz   0.0000  0.0000 -0.0000  0.0000 -0.9413  0.3183  0.0000  0.0000 -0.0000  0.0000 -0.1069  0.0361
    5   5.3138 THz  -0.0000  0.0000 -0.9998  0.0183  0.0000 -0.0000 -0.0000  0.0000 -0.0000 -0.0000  0.0000 -0.0000


 Q= -0.130339  0.130339 -0.043446, q=  0.250000 -0.500000  0.000000

                       Na X   0        Na Y   0        Na Z   0        Cl X   1        Cl Y   1        Cl Z   1     
                    --------------- --------------- --------------- --------------- --------------- ---------------
    0   4.1150 THz  -0.2448  0.0000 -0.2448 -0.0000 -0.0000 -0.0000  0.6634  0.0000  0.6634  0.0000 -0.0000  0.0000
    1   4.2542 THz  -0.1279  0.0000  0.1279 -0.0000  0.2095  0.0000  0.4943  0.0000 -0.4943 -0.0000 -0.6593 -0.0000
    2   4.5665 THz   0.0178  0.0000 -0.0178 -0.0000  0.2359  0.0000 -0.4948 -0.0000  0.4948  0.0000 -0.6739 -0.0000
    3   4.8167 THz   0.6634  0.0000  0.6634  0.0000 -0.0000  0.0000  0.2448  0.0000  0.2448  0.0000 -0.0000  0.0000
    4   4.9420 THz   0.5088  0.0000 -0.5088 -0.0000 -0.6225 -0.0000  0.0688  0.0000 -0.0688 -0.0000 -0.2920 -0.0000
    5   5.9060 THz  -0.4738  0.0000  0.4738  0.0000 -0.7162 -0.0000 -0.0782 -0.0000  0.0782  0.0000 -0.1611 -0.0000


 Q= -0.086892  0.173785 -0.086892, q=  0.250000 -0.500000  0.250000

                       Na X   0        Na Y   0        Na Z   0        Cl X   1        Cl Y   1        Cl Z   1     
                    --------------- --------------- --------------- --------------- --------------- ---------------
    0   4.0383 THz  -0.1754  0.0000  0.0000 -0.0000  0.1754  0.0000  0.6850  0.0000 -0.0000  0.0000 -0.6850 -0.0000
    1   4.2804 THz  -0.0000  0.0000  0.2697  0.0253  0.0000  0.0000 -0.0000 -0.0000 -0.9584 -0.0899 -0.0000 -0.0000
    2   4.4561 THz   0.1474  0.0000  0.0000  0.0000  0.1474  0.0000 -0.6916 -0.0000  0.0000 -0.0000 -0.6916 -0.0000
    3   4.7135 THz   0.6850  0.0000 -0.0000 -0.0000 -0.6850 -0.0000  0.1754  0.0000 -0.0000 -0.0000 -0.1754  0.0000
    4   4.9210 THz  -0.0000  0.0000 -0.9626 -0.0031  0.0000 -0.0000 -0.0000 -0.0000 -0.2709 -0.0009 -0.0000 -0.0000
    5   5.9209 THz   0.6916  0.0000 -0.0000  0.0000  0.6916  0.0000  0.1474  0.0000 -0.0000  0.0000  0.1474 -0.0000


 Q= -0.173785  0.000000  0.086892, q=  0.250000 -0.250000 -0.500000

                       Na X   0        Na Y   0        Na Z   0        Cl X   1        Cl Y   1        Cl Z   1     
                    --------------- --------------- --------------- --------------- --------------- ---------------
    0   4.3265 THz   0.0000  0.0000 -0.0000 -0.0000 -0.0000 -0.0000 -0.0000  0.0000 -0.0000  0.0000 -0.8270  0.5621
    1   4.5124 THz  -0.0519  0.0000  0.1002 -0.0014 -0.0000 -0.0000 -0.4572 -0.0000 -0.8821  0.0122  0.0000  0.0000
    2   4.5124 THz   0.1002  0.0000  0.0519 -0.0007 -0.0000 -0.0000  0.8822  0.0000 -0.4572  0.0063 -0.0000  0.0000
    3   5.0882 THz   0.9936  0.0000  0.0000 -0.0000 -0.0000 -0.0000 -0.1128 -0.0000  0.0000 -0.0000  0.0000 -0.0000
    4   5.0882 THz  -0.0000  0.0000  0.9936 -0.0086  0.0000  0.0000 -0.0000  0.0000  0.1128 -0.0010 -0.0000  0.0000
    5   5.3138 THz   0.0000  0.0000 -0.0000 -0.0000  0.9999  0.0170 -0.0000 -0.0000 -0.0000  0.0000  0.0000  0.0000


 Q= -0.130339  0.043446  0.043446, q=  0.250000 -0.250000 -0.250000

                       Na X   0        Na Y   0        Na Z   0        Cl X   1        Cl Y   1        Cl Z   1     
                    --------------- --------------- --------------- --------------- --------------- ---------------
    0   4.1150 THz   0.0000  0.0000 -0.2448  0.0010  0.2448 -0.0010  0.0000  0.0000 -0.6634  0.0026  0.6634 -0.0026
    1   4.2542 THz  -0.2095  0.0000 -0.1279 -0.0000 -0.1279 -0.0000 -0.6593 -0.0000 -0.4943 -0.0000 -0.4943 -0.0000
    2   4.5665 THz   0.2359  0.0000 -0.0178 -0.0000 -0.0178 -0.0000  0.6739  0.0000 -0.4948 -0.0000 -0.4948 -0.0000
    3   4.8167 THz   0.0000  0.0000  0.6631 -0.0202 -0.6631  0.0202  0.0000 -0.0000 -0.2447  0.0074  0.2447 -0.0074
    4   4.9420 THz   0.6225  0.0000  0.5088  0.0000  0.5088 -0.0000 -0.2920 -0.0000 -0.0688  0.0000 -0.0688  0.0000
    5   5.9060 THz   0.7162  0.0000 -0.4738 -0.0000 -0.4738 -0.0000 -0.1611 -0.0000  0.0782 -0.0000  0.0782 -0.0000


 Q= -0.086892  0.086892  0.000000, q=  0.250000 -0.250000  0.000000

                       Na X   0        Na Y   0        Na Z   0        Cl X   1        Cl Y   1        Cl Z   1     
                    --------------- --------------- --------------- --------------- --------------- ---------------
    0   4.0383 THz  -0.1754  0.0000 -0.1754 -0.0000 -0.0000 -0.0000 -0.6850  0.0000 -0.6850  0.0000 -0.0000 -0.0000
    1   4.2804 THz   0.0000  0.0000  0.0000  0.0000 -0.2640  0.0606 -0.0000 -0.0000  0.0000 -0.0000 -0.9382  0.2155
    2   4.4561 THz  -0.1474  0.0000  0.1474  0.0000  0.0000 -0.0000 -0.6916 -0.0000  0.6916 -0.0000 -0.0000 -0.0000
    3   4.7135 THz  -0.6850  0.0000 -0.6850 -0.0000 -0.0000  0.0000  0.1754 -0.0000  0.1754 -0.0000  0.0000  0.0000
    4   4.9210 THz   0.0000  0.0000  0.0000 -0.0000 -0.9626 -0.0052 -0.0000  0.0000  0.0000 -0.0000  0.2709  0.0015
    5   5.9209 THz   0.6916  0.0000 -0.6916  0.0000 -0.0000 -0.0000 -0.1474  0.0000  0.1474 -0.0000 -0.0000  0.0000


 Q= -0.043446  0.130339 -0.043446, q=  0.250000 -0.250000  0.250000

                       Na X   0        Na Y   0        Na Z   0        Cl X   1        Cl Y   1        Cl Z   1     
                    --------------- --------------- --------------- --------------- --------------- ---------------
    0   4.1150 THz  -0.2448  0.0000  0.0000 -0.0000  0.2448 -0.0000 -0.6634  0.0000  0.0000 -0.0000  0.6634 -0.0000
    1   4.2542 THz   0.1279  0.0000  0.2095  0.0000  0.1279 -0.0000  0.4943 -0.0000  0.6593 -0.0000  0.4943 -0.0000
    2   4.5665 THz  -0.0178  0.0000  0.2359  0.0000 -0.0178  0.0000 -0.4948 -0.0000  0.6739  0.0000 -0.4948 -0.0000
    3   4.8167 THz  -0.6634  0.0000  0.0000 -0.0000  0.6634 -0.0000  0.2448 -0.0000 -0.0000  0.0000 -0.2448  0.0000
    4   4.9420 THz   0.5088  0.0000  0.6225 -0.0000  0.5088 -0.0000 -0.0688 -0.0000 -0.2920  0.0000 -0.0688  0.0000
    5   5.9060 THz  -0.4738  0.0000  0.7162 -0.0000 -0.4738 -0.0000  0.0782 -0.0000 -0.1611  0.0000  0.0782 -0.0000


 Q= -0.130339 -0.043446  0.130339, q=  0.250000  0.000000 -0.500000

                       Na X   0        Na Y   0        Na Z   0        Cl X   1        Cl Y   1        Cl Z   1     
                    --------------- --------------- --------------- --------------- --------------- ---------------
    0   4.1150 THz  -0.2448  0.0000 -0.0000  0.0000 -0.2448  0.0000  0.6634  0.0000 -0.0000  0.0000  0.6634  0.0000
    1   4.2542 THz  -0.1279  0.0000  0.2095 -0.0000  0.1279 -0.0000  0.4943  0.0000 -0.6593 -0.0000 -0.4943 -0.0000
    2   4.5665 THz  -0.0178  0.0000 -0.2359  0.0000  0.0178 -0.0000  0.4948 -0.0000  0.6739 -0.0000 -0.4948  0.0000
    3   4.8167 THz   0.6634  0.0000  0.0000 -0.0000  0.6634 -0.0000  0.2448 -0.0000  0.0000 -0.0000  0.2448  0.0000
    4   4.9420 THz   0.5088  0.0000 -0.6225  0.0000 -0.5088  0.0000  0.0688  0.0000 -0.2920 -0.0000 -0.0688 -0.0000
    5   5.9060 THz   0.4738  0.0000  0.7162 -0.0000 -0.4738 -0.0000  0.0782  0.0000  0.1611  0.0000 -0.0782 -0.0000


 Q= -0.086892  0.000000  0.086892, q=  0.250000  0.000000 -0.250000

                       Na X   0        Na Y   0        Na Z   0        Cl X   1        Cl Y   1        Cl Z   1     
                    --------------- --------------- --------------- --------------- --------------- ---------------
    0   4.0383 THz   0.1754  0.0000 -0.0000  0.0000  0.1754  0.0000  0.6850  0.0000 -0.0000 -0.0000  0.6850  0.0000
    1   4.2804 THz   0.0000  0.0000 -0.2059  0.1760  0.0000 -0.0000 -0.0000  0.0000 -0.7317  0.6255  0.0000 -0.0000
    2   4.4561 THz  -0.1474  0.0000 -0.0000  0.0000  0.1474  0.0000 -0.6916 -0.0000  0.0000 -0.0000  0.6916  0.0000
    3   4.7135 THz  -0.6850  0.0000  0.0000 -0.0000 -0.6850 -0.0000  0.1754  0.0000 -0.0000  0.0000  0.1754 -0.0000
    4   4.9210 THz   0.0000  0.0000  0.9596 -0.0762  0.0000 -0.0000 -0.0000  0.0000 -0.2700  0.0214  0.0000 -0.0000
    5   5.9209 THz   0.6916  0.0000 -0.0000  0.0000 -0.6916 -0.0000 -0.1474 -0.0000  0.0000 -0.0000  0.1474 -0.0000


 Q= -0.043446  0.043446  0.043446, q=  0.250000  0.000000  0.000000

                       Na X   0        Na Y   0        Na Z   0        Cl X   1        Cl Y   1        Cl Z   1     
                    --------------- --------------- --------------- --------------- --------------- ---------------
    0   3.7623 THz   0.1713  0.0000 -0.2077  0.0007  0.3791 -0.0007  0.3262  0.0000 -0.3956  0.0014  0.7218 -0.0014
    1   3.7623 THz   0.3388 -0.0000  0.3177 -0.0004  0.0210  0.0004  0.6451  0.0000  0.6050 -0.0007  0.0401  0.0007
    2   4.1894 THz  -0.2058  0.0000  0.2058  0.0000  0.2058 -0.0000 -0.5394 -0.0000  0.5394  0.0000  0.5394  0.0000
    3   4.7440 THz   0.6739  0.0000  0.1103 -0.0024  0.5635  0.0024 -0.3539 -0.0000 -0.0579  0.0013 -0.2959 -0.0013
    4   4.7440 THz  -0.2617  0.0000 -0.7144 -0.0062  0.4527  0.0062  0.1374  0.0000  0.3752  0.0033 -0.2378 -0.0033
    5   5.4158 THz   0.5394  0.0000 -0.5394 -0.0000 -0.5394  0.0000 -0.2058 -0.0000  0.2058  0.0000  0.2058  0.0000


 Q=  0.000000  0.086892  0.000000, q=  0.250000  0.000000  0.250000

                       Na X   0        Na Y   0        Na Z   0        Cl X   1        Cl Y   1        Cl Z   1     
                    --------------- --------------- --------------- --------------- --------------- ---------------
    0   3.8220 THz   0.4978  0.0000  0.0000  0.0000  0.0000  0.0000  0.8673  0.0000  0.0000  0.0000  0.0000  0.0000
    1   3.8220 THz   0.0000  0.0000  0.0000 -0.0000 -0.4904 -0.0854  0.0000 -0.0000  0.0000 -0.0000 -0.8544 -0.1488
    2   4.0892 THz   0.0000  0.0000 -0.3151  0.0132  0.0000  0.0000  0.0000 -0.0000 -0.9481  0.0398 -0.0000 -0.0000
    3   4.8590 THz   0.0000  0.0000 -0.0000 -0.0000 -0.8009 -0.3328  0.0000  0.0000 -0.0000 -0.0000  0.4597  0.1910
    4   4.8590 THz   0.8673  0.0000  0.0000 -0.0000 -0.0000 -0.0000 -0.4978 -0.0000 -0.0000 -0.0000 -0.0000 -0.0000
    5   5.6146 THz   0.0000  0.0000  0.9301 -0.1883  0.0000  0.0000  0.0000  0.0000 -0.3091  0.0626 -0.0000 -0.0000


 Q= -0.086892 -0.086892  0.173785, q=  0.250000  0.250000 -0.500000

                       Na X   0        Na Y   0        Na Z   0        Cl X   1        Cl Y   1        Cl Z   1     
                    --------------- --------------- --------------- --------------- --------------- ---------------
    0   4.0383 THz   0.1754  0.0000 -0.1754  0.0000  0.0000  0.0000 -0.6850 -0.0000  0.6850  0.0000 -0.0000  0.0000
    1   4.2804 THz  -0.0000  0.0000  0.0000 -0.0000  0.1719 -0.2093  0.0000 -0.0000 -0.0000  0.0000 -0.6109  0.7439
    2   4.4561 THz   0.1474  0.0000  0.1474 -0.0000 -0.0000 -0.0000 -0.6916  0.0000 -0.6916  0.0000 -0.0000  0.0000
    3   4.7135 THz  -0.6850  0.0000  0.6850 -0.0000  0.0000 -0.0000 -0.1754 -0.0000  0.1754  0.0000  0.0000 -0.0000
    4   4.9210 THz  -0.0000  0.0000  0.0000  0.0000 -0.9302  0.2478 -0.0000  0.0000  0.0000 -0.0000 -0.2617  0.0697
    5   5.9209 THz   0.6916  0.0000  0.6916 -0.0000 -0.0000 -0.0000  0.1474  0.0000  0.1474  0.0000 -0.0000 -0.0000


 Q= -0.043446 -0.043446  0.130339, q=  0.250000  0.250000 -0.250000

                       Na X   0        Na Y   0        Na Z   0        Cl X   1        Cl Y   1        Cl Z   1     
                    --------------- --------------- --------------- --------------- --------------- ---------------
    0   4.1150 THz  -0.2448  0.0000  0.2448  0.0000 -0.0000  0.0000 -0.6634  0.0000  0.6634 -0.0000 -0.0000 -0.0000
    1   4.2542 THz   0.1279  0.0000  0.1279 -0.0000  0.2095 -0.0000  0.4943 -0.0000  0.4943 -0.0000  0.6593 -0.0000
    2   4.5665 THz   0.0178  0.0000  0.0178  0.0000 -0.2359 -0.0000  0.4948  0.0000  0.4948  0.0000 -0.6739 -0.0000
    3   4.8167 THz  -0.6634  0.0000  0.6634  0.0000 -0.0000  0.0000  0.2448 -0.0000 -0.2448  0.0000  0.0000 -0.0000
    4   4.9420 THz   0.5088  0.0000  0.5088  0.0000  0.6225  0.0000 -0.0688  0.0000 -0.0688  0.0000 -0.2920  0.0000
    5   5.9060 THz   0.4738  0.0000  0.4738 -0.0000 -0.7162 -0.0000 -0.0782  0.0000 -0.0782  0.0000  0.1611 -0.0000


 Q=  0.000000  0.000000  0.086892, q=  0.250000  0.250000  0.000000

                       Na X   0        Na Y   0        Na Z   0        Cl X   1        Cl Y   1        Cl Z   1     
                    --------------- --------------- --------------- --------------- --------------- ---------------
    0   3.8220 THz   0.4978  0.0000  0.0000 -0.0000 -0.0000  0.0000  0.8673 -0.0000 -0.0000  0.0000  0.0000 -0.0000
    1   3.8220 THz   0.0000  0.0000 -0.4978  0.0066 -0.0000  0.0000 -0.0000 -0.0000 -0.8672  0.0116 -0.0000  0.0000
    2   4.0892 THz   0.0000  0.0000  0.0000  0.0000 -0.2509 -0.1910  0.0000 -0.0000  0.0000  0.0000 -0.7550 -0.5749
    3   4.8590 THz   0.8673  0.0000  0.0000  0.0000  0.0000 -0.0000 -0.4978  0.0000  0.0000 -0.0000 -0.0000  0.0000
    4   4.8590 THz   0.0000  0.0000 -0.8670 -0.0208 -0.0000 -0.0000  0.0000  0.0000  0.4977  0.0119  0.0000  0.0000
    5   5.6146 THz   0.0000  0.0000  0.0000 -0.0000 -0.1512  0.9368 -0.0000  0.0000  0.0000  0.0000  0.0503 -0.3113


 Q=  0.043446  0.043446  0.043446, q=  0.250000  0.250000  0.250000

                       Na X   0        Na Y   0        Na Z   0        Cl X   1        Cl Y   1        Cl Z   1     
                    --------------- --------------- --------------- --------------- --------------- ---------------
    0   3.7623 THz  -0.3072  0.0000 -0.0396 -0.0008  0.3468  0.0008 -0.5849 -0.0000 -0.0754 -0.0015  0.6603  0.0015
    1   3.7623 THz  -0.2231  0.0000  0.3776  0.0011 -0.1545 -0.0011 -0.4248 -0.0000  0.7189  0.0020 -0.2942 -0.0020
    2   4.1894 THz  -0.2058  0.0000 -0.2058  0.0000 -0.2058 -0.0000 -0.5394 -0.0000 -0.5394 -0.0000 -0.5394 -0.0000
    3   4.7440 THz   0.7200  0.0000 -0.4152  0.0093 -0.3048 -0.0093 -0.3781 -0.0000  0.2180 -0.0049  0.1601  0.0049
    4   4.7440 THz   0.0646  0.0000  0.5826 -0.1034 -0.6472  0.1034 -0.0339  0.0000 -0.3060  0.0543  0.3399 -0.0543
    5   5.4158 THz  -0.5394 -0.0000 -0.5394 -0.0000 -0.5394  0.0000  0.2058  0.0000  0.2058  0.0000  0.2058  0.0000
