
Used Primitive lattice vector

    0.000000000000      2.057686000000      2.057686000000  
    2.057686000000      0.000000000000      2.057686000000  
    2.057686000000      2.057686000000      0.000000000000  

   2 Atom(s) in the Primitive cell

 0.0000000000 0.0000000000 0.0000000000 Mg    0
 0.5000000000 0.5000000000 0.5000000000  O    1


 Q= -0.121496 -0.121496 -0.121496, q= -0.500000 -0.500000 -0.500000

                       Mg X   0        Mg Y   0        Mg Z   0         O X   1         O Y   1         O Z   1     
                    --------------- --------------- --------------- --------------- --------------- ---------------
    0   8.9230 THz   0.8165  0.0000 -0.4082 -0.0000 -0.4082  0.0000  0.0000 -0.0000  0.0000  0.0000  0.0000  0.0000
    1   8.9230 THz   0.0000  0.0000 -0.7071  0.0030  0.7071 -0.0030  0.0000 -0.0000  0.0000  0.0000 -0.0000 -0.0000
    2  12.2804 THz   0.0000  0.0000 -0.0000  0.0000  0.0000 -0.0000 -0.0591  0.7473  0.2050 -0.5921 -0.1458 -0.1552
    3  12.2804 THz   0.0000  0.0000  0.0000  0.0000 -0.0000 -0.0000  0.2881  0.1471  0.1679  0.4958 -0.4560 -0.6429
    4  17.5313 THz  -0.5774  0.0000 -0.5774 -0.0000 -0.5774  0.0000  0.0000 -0.0000  0.0000  0.0000  0.0000  0.0000
    5  18.3657 THz   0.0000  0.0000 -0.0000 -0.0000  0.0000  0.0000  0.4985 -0.2913  0.4985 -0.2913  0.4985 -0.2913


 Q= -0.060748 -0.060748 -0.182244, q= -0.500000 -0.500000 -0.250000

                       Mg X   0        Mg Y   0        Mg Z   0         O X   1         O Y   1         O Z   1     
                    --------------- --------------- --------------- --------------- --------------- ---------------
    0   8.8926 THz   0.6732  0.0000 -0.6732  0.0000 -0.0000 -0.0000  0.2164  0.0000 -0.2164 -0.0000  0.0000 -0.0000
    1  10.2804 THz  -0.5288  0.0000 -0.5288  0.0000  0.6483 -0.0000 -0.1010 -0.0000 -0.1010 -0.0000 -0.0039  0.0000
    2  13.6473 THz  -0.2164  0.0000  0.2164 -0.0000 -0.0000 -0.0000  0.6732 -0.0000 -0.6732 -0.0000 -0.0000  0.0000
    3  13.9871 THz  -0.4230  0.0000 -0.4230  0.0000 -0.7451  0.0000 -0.1735  0.0000 -0.1735 -0.0000 -0.1639  0.0000
    4  14.7413 THz  -0.1091  0.0000 -0.1091 -0.0000 -0.0070  0.0000  0.5601  0.0000  0.5601  0.0000 -0.5905 -0.0000
    5  17.8509 THz  -0.1719  0.0000 -0.1719  0.0000 -0.1566 -0.0000  0.3820  0.0000  0.3820  0.0000  0.7902 -0.0000


 Q=  0.000000  0.000000 -0.242991, q= -0.500000 -0.500000  0.000000

                       Mg X   0        Mg Y   0        Mg Z   0         O X   1         O Y   1         O Z   1     
                    --------------- --------------- --------------- --------------- --------------- ---------------
    0   9.0544 THz   0.0000  0.0000  0.9355  0.0000 -0.0000  0.0000 -0.0000 -0.0000  0.3534  0.0000 -0.0000 -0.0000
    1   9.0544 THz   0.9355  0.0000  0.0000 -0.0000  0.0000  0.0000  0.3534  0.0000  0.0000 -0.0000  0.0000 -0.0000
    2  12.9643 THz   0.0000  0.0000  0.0000  0.0000  0.9997  0.0000 -0.0000 -0.0000 -0.0000 -0.0000 -0.0250 -0.0000
    3  14.6781 THz   0.3534  0.0000  0.0000  0.0000 -0.0000 -0.0000 -0.9355 -0.0000 -0.0000  0.0000 -0.0000  0.0000
    4  14.6781 THz   0.0000  0.0000 -0.3534 -0.0000  0.0000  0.0000 -0.0000 -0.0000  0.9355  0.0000  0.0000  0.0000
    5  17.7400 THz   0.0000  0.0000  0.0000  0.0000  0.0250  0.0000  0.0000 -0.0000 -0.0000 -0.0000  0.9997  0.0000


 Q=  0.060748  0.060748 -0.303739, q= -0.500000 -0.500000  0.250000

                       Mg X   0        Mg Y   0        Mg Z   0         O X   1         O Y   1         O Z   1     
                    --------------- --------------- --------------- --------------- --------------- ---------------
    0   8.8926 THz   0.6732  0.0000 -0.6732 -0.0000  0.0000  0.0000  0.2164 -0.0000 -0.2164 -0.0000 -0.0000 -0.0000
    1  10.2804 THz  -0.5288  0.0000 -0.5288  0.0000  0.6483 -0.0000 -0.1010  0.0000 -0.1010 -0.0000 -0.0039 -0.0000
    2  13.6473 THz  -0.2164  0.0000  0.2164  0.0000 -0.0000  0.0000  0.6732  0.0000 -0.6732 -0.0000 -0.0000 -0.0000
    3  13.9871 THz  -0.4230  0.0000 -0.4230 -0.0000 -0.7451 -0.0000 -0.1735 -0.0000 -0.1735  0.0000 -0.1639  0.0000
    4  14.7413 THz  -0.1091  0.0000 -0.1091  0.0000 -0.0070  0.0000  0.5601  0.0000  0.5601 -0.0000 -0.5905  0.0000
    5  17.8509 THz  -0.1719  0.0000 -0.1719  0.0000 -0.1566 -0.0000  0.3820 -0.0000  0.3820 -0.0000  0.7902 -0.0000


 Q= -0.060748 -0.182244 -0.060748, q= -0.500000 -0.250000 -0.500000

                       Mg X   0        Mg Y   0        Mg Z   0         O X   1         O Y   1         O Z   1     
                    --------------- --------------- --------------- --------------- --------------- ---------------
    0   8.8926 THz  -0.6732  0.0000  0.0000  0.0000  0.6732 -0.0000 -0.2164 -0.0000 -0.0000 -0.0000  0.2164  0.0000
    1  10.2804 THz  -0.5288  0.0000  0.6483 -0.0000 -0.5288  0.0000 -0.1010  0.0000 -0.0039 -0.0000 -0.1010 -0.0000
    2  13.6473 THz  -0.2164  0.0000  0.0000  0.0000  0.2164 -0.0000  0.6732  0.0000 -0.0000 -0.0000 -0.6732 -0.0000
    3  13.9871 THz   0.4230  0.0000  0.7451  0.0000  0.4230  0.0000  0.1735  0.0000  0.1639 -0.0000  0.1735  0.0000
    4  14.7413 THz  -0.1091  0.0000 -0.0070  0.0000 -0.1091  0.0000  0.5601  0.0000 -0.5905 -0.0000  0.5601  0.0000
    5  17.8509 THz  -0.1719  0.0000 -0.1566 -0.0000 -0.1719  0.0000  0.3820  0.0000  0.7902  0.0000  0.3820  0.0000


 Q=  0.000000 -0.121496 -0.121496, q= -0.500000 -0.250000 -0.250000

                       Mg X   0        Mg Y   0        Mg Z   0         O X   1         O Y   1         O Z   1     
                    --------------- --------------- --------------- --------------- --------------- ---------------
    0   8.6703 THz   0.0000  0.0000  0.1105  0.6836 -0.1105 -0.6836  0.0000  0.0000  0.0229  0.1414 -0.0229 -0.1414
    1   9.8699 THz   0.9526  0.0000  0.0000  0.0000  0.0000  0.0000  0.3042  0.0000 -0.0000  0.0000 -0.0000  0.0000
    2  12.5103 THz   0.0000  0.0000  0.1063  0.0960 -0.1063 -0.0960  0.0000  0.0000 -0.5139 -0.4641  0.5139  0.4641
    3  13.6206 THz   0.0000  0.0000 -0.5736 -0.2174 -0.5736 -0.2174  0.0000 -0.0000 -0.3289 -0.1247 -0.3289 -0.1247
    4  15.0981 THz   0.3042  0.0000  0.0000 -0.0000 -0.0000 -0.0000 -0.9526 -0.0000  0.0000 -0.0000  0.0000 -0.0000
    5  18.6461 THz   0.0000  0.0000  0.3046 -0.1759  0.3046 -0.1759 -0.0000  0.0000 -0.5312  0.3068 -0.5312  0.3068


 Q=  0.060748 -0.060748 -0.182244, q= -0.500000 -0.250000  0.000000

                       Mg X   0        Mg Y   0        Mg Z   0         O X   1         O Y   1         O Z   1     
                    --------------- --------------- --------------- --------------- --------------- ---------------
    0   8.8926 THz  -0.6732  0.0000 -0.6732 -0.0000 -0.0000  0.0000 -0.2164 -0.0000 -0.2164 -0.0000  0.0000 -0.0000
    1  10.2804 THz  -0.5288  0.0000  0.5288  0.0000 -0.6483 -0.0000 -0.1010 -0.0000  0.1010  0.0000  0.0039 -0.0000
    2  13.6473 THz   0.2164  0.0000  0.2164 -0.0000  0.0000 -0.0000 -0.6732  0.0000 -0.6732  0.0000  0.0000 -0.0000
    3  13.9871 THz   0.4230  0.0000 -0.4230  0.0000 -0.7451  0.0000  0.1735 -0.0000 -0.1735 -0.0000 -0.1639  0.0000
    4  14.7413 THz   0.1091  0.0000 -0.1091 -0.0000 -0.0070 -0.0000 -0.5601 -0.0000  0.5601  0.0000 -0.5905 -0.0000
    5  17.8509 THz  -0.1719  0.0000  0.1719  0.0000  0.1566 -0.0000  0.3820  0.0000 -0.3820 -0.0000 -0.7902 -0.0000


 Q=  0.121496  0.000000 -0.242991, q= -0.500000 -0.250000  0.250000

                       Mg X   0        Mg Y   0        Mg Z   0         O X   1         O Y   1         O Z   1     
                    --------------- --------------- --------------- --------------- --------------- ---------------
    0  11.1183 THz   1.0000  0.0000  0.0000  0.0000  0.0000  0.0000  0.0000  0.0000  0.0000  0.0000  0.0000  0.0000
    1  11.4944 THz   0.0000  0.0000 -0.0993 -0.0418  0.9650  0.1826  0.0000  0.0000 -0.0155 -0.0065 -0.1509 -0.0285
    2  11.4944 THz   0.0000  0.0000 -0.9426  0.2756 -0.0947  0.0513  0.0000  0.0000 -0.1474  0.0431  0.0148 -0.0080
    3  14.5297 THz   0.0000  0.0000  0.0000 -0.0000 -0.0000 -0.0000  0.6692  0.7431  0.0000  0.0000  0.0000  0.0000
    4  16.3146 THz   0.0000  0.0000  0.0603 -0.1372 -0.0342 -0.0147  0.0000 -0.0000 -0.3859  0.8777 -0.2190 -0.0943
    5  16.3146 THz   0.0000  0.0000  0.0010  0.0373 -0.1498  0.0050  0.0000  0.0000 -0.0062 -0.2383 -0.9583  0.0321


 Q=  0.000000 -0.242991  0.000000, q= -0.500000  0.000000 -0.500000

                       Mg X   0        Mg Y   0        Mg Z   0         O X   1         O Y   1         O Z   1     
                    --------------- --------------- --------------- --------------- --------------- ---------------
    0   9.0544 THz   0.9355  0.0000  0.0000 -0.0000  0.0000  0.0000  0.3534  0.0000 -0.0000  0.0000  0.0000 -0.0000
    1   9.0544 THz  -0.0000  0.0000  0.0000  0.0000  0.9355  0.0000 -0.0000  0.0000 -0.0000  0.0000  0.3534  0.0000
    2  12.9643 THz  -0.0000  0.0000  0.9997 -0.0000  0.0000  0.0000  0.0000 -0.0000 -0.0250  0.0000 -0.0000  0.0000
    3  14.6781 THz   0.3534  0.0000  0.0000  0.0000  0.0000  0.0000 -0.9355 -0.0000 -0.0000  0.0000 -0.0000 -0.0000
    4  14.6781 THz  -0.0000  0.0000 -0.0000 -0.0000  0.3534  0.0000  0.0000  0.0000 -0.0000 -0.0000 -0.9355 -0.0000
    5  17.7400 THz  -0.0000  0.0000  0.0250  0.0000  0.0000 -0.0000  0.0000 -0.0000  0.9997  0.0000 -0.0000  0.0000


 Q=  0.060748 -0.182244 -0.060748, q= -0.500000  0.000000 -0.250000

                       Mg X   0        Mg Y   0        Mg Z   0         O X   1         O Y   1         O Z   1     
                    --------------- --------------- --------------- --------------- --------------- ---------------
    0   8.8926 THz   0.6732  0.0000  0.0000 -0.0000  0.6732  0.0000  0.2164  0.0000  0.0000  0.0000  0.2164  0.0000
    1  10.2804 THz  -0.5288  0.0000 -0.6483 -0.0000  0.5288  0.0000 -0.1010 -0.0000  0.0039 -0.0000  0.1010  0.0000
    2  13.6473 THz   0.2164  0.0000  0.0000 -0.0000  0.2164 -0.0000 -0.6732 -0.0000  0.0000 -0.0000 -0.6732 -0.0000
    3  13.9871 THz  -0.4230  0.0000  0.7451 -0.0000  0.4230 -0.0000 -0.1735 -0.0000  0.1639 -0.0000  0.1735  0.0000
    4  14.7413 THz   0.1091  0.0000 -0.0070  0.0000 -0.1091 -0.0000 -0.5601 -0.0000 -0.5905 -0.0000  0.5601  0.0000
    5  17.8509 THz  -0.1719  0.0000  0.1566  0.0000  0.1719  0.0000  0.3820  0.0000 -0.7902 -0.0000 -0.3820 -0.0000


 Q=  0.121496 -0.121496 -0.121496, q= -0.500000  0.000000  0.000000

                       Mg X   0        Mg Y   0        Mg Z   0         O X   1         O Y   1         O Z   1     
                    --------------- --------------- --------------- --------------- --------------- ---------------
    0   8.9230 THz   0.0000  0.0000  0.7071 -0.0000 -0.7071  0.0000  0.0000 -0.0000 -0.0000 -0.0000  0.0000 -0.0000
    1   8.9230 THz   0.8165  0.0000  0.4082  0.0000  0.4082 -0.0000  0.0000  0.0000 -0.0000  0.0000 -0.0000  0.0000
    2  12.2804 THz   0.0000  0.0000  0.0000  0.0000 -0.0000  0.0000  0.1525  0.2212  0.3931  0.6984 -0.2406 -0.4771
    3  12.2804 THz   0.0000  0.0000 -0.0000  0.0000  0.0000 -0.0000 -0.0840 -0.7664 -0.0420 -0.1505 -0.0420 -0.6159
    4  17.5313 THz   0.5774  0.0000 -0.5774 -0.0000 -0.5774  0.0000 -0.0000 -0.0000  0.0000 -0.0000  0.0000 -0.0000
    5  18.3657 THz   0.0000  0.0000 -0.0000  0.0000 -0.0000  0.0000  0.3245  0.4775 -0.3245 -0.4775 -0.3245 -0.4775


 Q=  0.182244 -0.060748 -0.182244, q= -0.500000  0.000000  0.250000

                       Mg X   0        Mg Y   0        Mg Z   0         O X   1         O Y   1         O Z   1     
                    --------------- --------------- --------------- --------------- --------------- ---------------
    0   8.8926 THz   0.6732  0.0000 -0.0000  0.0000  0.6732  0.0000 -0.2164  0.0000 -0.0000 -0.0000 -0.2164  0.0000
    1  10.2804 THz   0.5288  0.0000  0.6483 -0.0000 -0.5288  0.0000 -0.1010  0.0000  0.0039 -0.0000  0.1010 -0.0000
    2  13.6473 THz  -0.2164  0.0000 -0.0000 -0.0000 -0.2164 -0.0000 -0.6732  0.0000 -0.0000  0.0000 -0.6732  0.0000
    3  13.9871 THz   0.4230  0.0000 -0.7451  0.0000 -0.4230 -0.0000 -0.1735  0.0000  0.1639  0.0000  0.1735 -0.0000
    4  14.7413 THz   0.1091  0.0000 -0.0070 -0.0000 -0.1091 -0.0000  0.5601 -0.0000  0.5905 -0.0000 -0.5601  0.0000
    5  17.8509 THz  -0.1719  0.0000  0.1566 -0.0000  0.1719  0.0000 -0.3820  0.0000  0.7902 -0.0000  0.3820 -0.0000


 Q=  0.060748 -0.303739  0.060748, q= -0.500000  0.250000 -0.500000

                       Mg X   0        Mg Y   0        Mg Z   0         O X   1         O Y   1         O Z   1     
                    --------------- --------------- --------------- --------------- --------------- ---------------
    0   8.8926 THz  -0.6732  0.0000  0.0000 -0.0000  0.6732  0.0000 -0.2164  0.0000 -0.0000 -0.0000  0.2164 -0.0000
    1  10.2804 THz  -0.5288  0.0000  0.6483  0.0000 -0.5288 -0.0000 -0.1010  0.0000 -0.0039  0.0000 -0.1010 -0.0000
    2  13.6473 THz  -0.2164  0.0000 -0.0000  0.0000  0.2164  0.0000  0.6732 -0.0000 -0.0000 -0.0000 -0.6732  0.0000
    3  13.9871 THz   0.4230  0.0000  0.7451  0.0000  0.4230 -0.0000  0.1735 -0.0000  0.1639  0.0000  0.1735 -0.0000
    4  14.7413 THz  -0.1091  0.0000 -0.0070 -0.0000 -0.1091  0.0000  0.5601 -0.0000 -0.5905  0.0000  0.5601 -0.0000
    5  17.8509 THz  -0.1719  0.0000 -0.1566  0.0000 -0.1719  0.0000  0.3820 -0.0000  0.7902 -0.0000  0.3820 -0.0000


 Q=  0.121496 -0.242991  0.000000, q= -0.500000  0.250000 -0.250000

                       Mg X   0        Mg Y   0        Mg Z   0         O X   1         O Y   1         O Z   1     
                    --------------- --------------- --------------- --------------- --------------- ---------------
    0  11.1183 THz   1.0000  0.0000  0.0000  0.0000  0.0000  0.0000  0.0000  0.0000  0.0000  0.0000  0.0000  0.0000
    1  11.4944 THz   0.0000  0.0000 -0.7023 -0.0162 -0.0568  0.6924  0.0000 -0.0000  0.1098  0.0025 -0.0089  0.1083
    2  11.4944 THz  -0.0000 -0.0000  0.2549 -0.6463  0.6373  0.2956 -0.0000  0.0000 -0.0398  0.1010  0.0996  0.0462
    3  14.5297 THz   0.0000  0.0000  0.0000 -0.0000  0.0000 -0.0000  0.4819 -0.8762 -0.0000  0.0000  0.0000  0.0000
    4  16.3146 THz   0.0000  0.0000  0.0522 -0.1341 -0.0210  0.0521  0.0000 -0.0000  0.3337 -0.8578  0.1341 -0.3332
    5  16.3146 THz  -0.0000 -0.0000 -0.0109  0.0551 -0.0297  0.1408  0.0000  0.0000 -0.0700  0.3522  0.1897 -0.9007


 Q=  0.182244 -0.182244 -0.060748, q= -0.500000  0.250000  0.000000

                       Mg X   0        Mg Y   0        Mg Z   0         O X   1         O Y   1         O Z   1     
                    --------------- --------------- --------------- --------------- --------------- ---------------
    0   8.8926 THz  -0.6732  0.0000 -0.6732  0.0000 -0.0000 -0.0000  0.2164 -0.0000  0.2164  0.0000  0.0000 -0.0000
    1  10.2804 THz   0.5288  0.0000 -0.5288  0.0000  0.6483  0.0000 -0.1010  0.0000  0.1010  0.0000  0.0039  0.0000
    2  13.6473 THz  -0.2164  0.0000 -0.2164 -0.0000  0.0000 -0.0000 -0.6732 -0.0000 -0.6732 -0.0000 -0.0000  0.0000
    3  13.9871 THz  -0.4230  0.0000  0.4230  0.0000  0.7451  0.0000  0.1735  0.0000 -0.1735  0.0000 -0.1639 -0.0000
    4  14.7413 THz   0.1091  0.0000 -0.1091  0.0000 -0.0070 -0.0000  0.5601 -0.0000 -0.5601  0.0000  0.5905 -0.0000
    5  17.8509 THz  -0.1719  0.0000  0.1719 -0.0000  0.1566 -0.0000 -0.3820  0.0000  0.3820 -0.0000  0.7902 -0.0000


 Q=  0.242991 -0.121496 -0.121496, q= -0.500000  0.250000  0.250000

                       Mg X   0        Mg Y   0        Mg Z   0         O X   1         O Y   1         O Z   1     
                    --------------- --------------- --------------- --------------- --------------- ---------------
    0   8.6703 THz   0.0000  0.0000 -0.6802 -0.1295  0.6802  0.1295  0.0000 -0.0000  0.1407  0.0268 -0.1407 -0.0268
    1   9.8699 THz   0.9526  0.0000  0.0000 -0.0000  0.0000  0.0000 -0.3042  0.0000  0.0000 -0.0000  0.0000  0.0000
    2  12.5103 THz   0.0000  0.0000  0.0886 -0.1125 -0.0886  0.1125 -0.0000  0.0000  0.4286 -0.5439 -0.4286  0.5439
    3  13.6206 THz   0.0000  0.0000  0.6122 -0.0392  0.6122 -0.0392  0.0000 -0.0000 -0.3510  0.0225 -0.3510  0.0225
    4  15.0981 THz   0.3042  0.0000 -0.0000  0.0000 -0.0000 -0.0000  0.9526 -0.0000 -0.0000  0.0000 -0.0000 -0.0000
    5  18.6461 THz   0.0000  0.0000 -0.3516  0.0088 -0.3516  0.0088 -0.0000  0.0000 -0.6132  0.0153 -0.6132  0.0153


 Q= -0.182244 -0.060748 -0.060748, q= -0.250000 -0.500000 -0.500000

                       Mg X   0        Mg Y   0        Mg Z   0         O X   1         O Y   1         O Z   1     
                    --------------- --------------- --------------- --------------- --------------- ---------------
    0   8.8926 THz  -0.0000  0.0000 -0.6412 -0.2049  0.6412  0.2049 -0.0000 -0.0000 -0.2062 -0.0659  0.2062  0.0659
    1  10.2804 THz  -0.6483  0.0000  0.5288  0.0000  0.5288 -0.0000  0.0039 -0.0000  0.1010 -0.0000  0.1010  0.0000
    2  13.6473 THz   0.0000  0.0000 -0.1859  0.1108  0.1859 -0.1108 -0.0000  0.0000  0.5783 -0.3446 -0.5783  0.3446
    3  13.9871 THz   0.7451  0.0000  0.4230 -0.0000  0.4230  0.0000  0.1639  0.0000  0.1735  0.0000  0.1735 -0.0000
    4  14.7413 THz  -0.0070  0.0000 -0.1091  0.0000 -0.1091  0.0000 -0.5905  0.0000  0.5601 -0.0000  0.5601 -0.0000
    5  17.8509 THz   0.1566  0.0000  0.1719  0.0000  0.1719  0.0000 -0.7902 -0.0000 -0.3820 -0.0000 -0.3820 -0.0000


 Q= -0.121496  0.000000 -0.121496, q= -0.250000 -0.500000 -0.250000

                       Mg X   0        Mg Y   0        Mg Z   0         O X   1         O Y   1         O Z   1     
                    --------------- --------------- --------------- --------------- --------------- ---------------
    0   8.6703 THz  -0.6924  0.0000  0.0000 -0.0000  0.6924  0.0000 -0.1432  0.0000  0.0000  0.0000  0.1432  0.0000
    1   9.8699 THz  -0.0000  0.0000 -0.9525 -0.0137  0.0000  0.0000 -0.0000 -0.0000 -0.3042 -0.0044  0.0000  0.0000
    2  12.5103 THz   0.1432  0.0000  0.0000 -0.0000 -0.1432 -0.0000 -0.6924 -0.0000  0.0000  0.0000  0.6924  0.0000
    3  13.6206 THz   0.6134  0.0000 -0.0000 -0.0000  0.6134  0.0000  0.3517  0.0000 -0.0000  0.0000  0.3517 -0.0000
    4  15.0981 THz   0.0000  0.0000 -0.1282  0.2759  0.0000 -0.0000  0.0000 -0.0000  0.4014 -0.8639 -0.0000  0.0000
    5  18.6461 THz   0.3517  0.0000 -0.0000 -0.0000  0.3517 -0.0000 -0.6134  0.0000  0.0000  0.0000 -0.6134  0.0000


 Q= -0.060748  0.060748 -0.182244, q= -0.250000 -0.500000  0.000000

                       Mg X   0        Mg Y   0        Mg Z   0         O X   1         O Y   1         O Z   1     
                    --------------- --------------- --------------- --------------- --------------- ---------------
    0   8.8926 THz   0.6732  0.0000  0.6732 -0.0000 -0.0000 -0.0000  0.2164 -0.0000  0.2164  0.0000  0.0000  0.0000
    1  10.2804 THz  -0.5288  0.0000  0.5288 -0.0000  0.6483 -0.0000 -0.1010  0.0000  0.1010  0.0000 -0.0039 -0.0000
    2  13.6473 THz  -0.2164  0.0000 -0.2164 -0.0000  0.0000  0.0000  0.6732  0.0000  0.6732  0.0000  0.0000  0.0000
    3  13.9871 THz   0.4230  0.0000 -0.4230 -0.0000  0.7451  0.0000  0.1735  0.0000 -0.1735  0.0000  0.1639 -0.0000
    4  14.7413 THz   0.1091  0.0000 -0.1091 -0.0000  0.0070 -0.0000 -0.5601  0.0000  0.5601  0.0000  0.5905 -0.0000
    5  17.8509 THz  -0.1719  0.0000  0.1719 -0.0000 -0.1566 -0.0000  0.3820  0.0000 -0.3820 -0.0000  0.7902 -0.0000


 Q=  0.000000  0.121496 -0.242991, q= -0.250000 -0.500000  0.250000

                       Mg X   0        Mg Y   0        Mg Z   0         O X   1         O Y   1         O Z   1     
                    --------------- --------------- --------------- --------------- --------------- ---------------
    0  11.1183 THz   0.0000  0.0000 -0.8203  0.5720 -0.0000  0.0000  0.0000  0.0000  0.0000  0.0000  0.0000 -0.0000
    1  11.4944 THz   0.9880  0.0000  0.0000 -0.0000  0.0000 -0.0000  0.1545 -0.0000 -0.0000 -0.0000  0.0000  0.0000
    2  11.4944 THz   0.0000  0.0000  0.0000 -0.0000 -0.8848  0.4396  0.0000 -0.0000  0.0000  0.0000  0.1383 -0.0687
    3  14.5297 THz   0.0000  0.0000 -0.0000  0.0000 -0.0000  0.0000 -0.0000  0.0000 -0.9426 -0.3338 -0.0000 -0.0000
    4  16.3146 THz   0.1545  0.0000  0.0000  0.0000 -0.0000  0.0000 -0.9880  0.0000  0.0000  0.0000 -0.0000 -0.0000
    5  16.3146 THz   0.0000  0.0000  0.0000  0.0000 -0.1223 -0.0944  0.0000 -0.0000  0.0000  0.0000 -0.7820 -0.6038


 Q= -0.121496 -0.121496  0.000000, q= -0.250000 -0.250000 -0.500000

                       Mg X   0        Mg Y   0        Mg Z   0         O X   1         O Y   1         O Z   1     
                    --------------- --------------- --------------- --------------- --------------- ---------------
    0   8.6703 THz  -0.6924  0.0000  0.6924 -0.0000  0.0000  0.0000 -0.1432 -0.0000  0.1432  0.0000  0.0000  0.0000
    1   9.8699 THz  -0.0000  0.0000  0.0000 -0.0000 -0.9506  0.0623  0.0000 -0.0000 -0.0000  0.0000 -0.3036  0.0199
    2  12.5103 THz   0.1432  0.0000 -0.1432 -0.0000 -0.0000 -0.0000 -0.6924 -0.0000  0.6924  0.0000 -0.0000  0.0000
    3  13.6206 THz   0.6134  0.0000  0.6134  0.0000 -0.0000  0.0000  0.3517  0.0000  0.3517 -0.0000 -0.0000  0.0000
    4  15.0981 THz  -0.0000  0.0000 -0.0000 -0.0000  0.1120 -0.2829  0.0000 -0.0000 -0.0000  0.0000 -0.3506  0.8857
    5  18.6461 THz  -0.3517  0.0000 -0.3517  0.0000 -0.0000 -0.0000  0.6134  0.0000  0.6134  0.0000  0.0000 -0.0000


 Q= -0.060748 -0.060748 -0.060748, q= -0.250000 -0.250000 -0.250000

                       Mg X   0        Mg Y   0        Mg Z   0         O X   1         O Y   1         O Z   1     
                    --------------- --------------- --------------- --------------- --------------- ---------------
    0   6.2172 THz  -0.6568  0.0000  0.5586  0.0070  0.0982 -0.0070 -0.3760 -0.0000  0.3198  0.0040  0.0562 -0.0040
    1   6.2172 THz   0.2659  0.0000  0.4356  0.0173 -0.7015 -0.0173  0.1522  0.0000  0.2494  0.0099 -0.4016 -0.0099
    2  11.3278 THz  -0.4595  0.0000 -0.4595 -0.0000 -0.4595  0.0000 -0.3496 -0.0000 -0.3496  0.0000 -0.3496 -0.0000
    3  12.8767 THz  -0.3843  0.0000  0.3042 -0.0105  0.0801  0.0105  0.6712  0.0000 -0.5313  0.0184 -0.1399 -0.0184
    4  12.8767 THz  -0.1300  0.0000 -0.2664  0.0311  0.3963 -0.0311  0.2270 -0.0000  0.4653 -0.0544 -0.6923  0.0544
    5  19.9077 THz  -0.3496  0.0000 -0.3496 -0.0000 -0.3496 -0.0000  0.4595  0.0000  0.4595  0.0000  0.4595  0.0000


 Q=  0.000000  0.000000 -0.121496, q= -0.250000 -0.250000  0.000000

                       Mg X   0        Mg Y   0        Mg Z   0         O X   1         O Y   1         O Z   1     
                    --------------- --------------- --------------- --------------- --------------- ---------------
    0   6.9624 THz   0.8810  0.0000  0.0000  0.0000 -0.0000 -0.0000  0.4732 -0.0000  0.0000  0.0000  0.0000  0.0000
    1   6.9624 THz  -0.0000  0.0000  0.8795  0.0504  0.0000  0.0000 -0.0000 -0.0000  0.4724  0.0271  0.0000  0.0000
    2  11.2636 THz   0.0000  0.0000  0.0000 -0.0000 -0.7597  0.3940 -0.0000 -0.0000  0.0000 -0.0000 -0.4592  0.2382
    3  13.8688 THz   0.4727  0.0000 -0.0207  0.0006  0.0000 -0.0000 -0.8801  0.0000  0.0386 -0.0010  0.0000 -0.0000
    4  13.8688 THz   0.0207  0.0000  0.4726 -0.0126 -0.0000  0.0000 -0.0386 -0.0000 -0.8798  0.0234 -0.0000 -0.0000
    5  19.1278 THz  -0.0000  0.0000  0.0000  0.0000 -0.4548 -0.2465 -0.0000  0.0000 -0.0000 -0.0000  0.7524  0.4078


 Q=  0.060748  0.060748 -0.182244, q= -0.250000 -0.250000  0.250000

                       Mg X   0        Mg Y   0        Mg Z   0         O X   1         O Y   1         O Z   1     
                    --------------- --------------- --------------- --------------- --------------- ---------------
    0   8.8926 THz  -0.6732  0.0000  0.6732  0.0000  0.0000  0.0000 -0.2164  0.0000  0.2164 -0.0000  0.0000 -0.0000
    1  10.2804 THz  -0.5288  0.0000 -0.5288 -0.0000 -0.6483 -0.0000 -0.1010  0.0000 -0.1010  0.0000  0.0039 -0.0000
    2  13.6473 THz   0.2164  0.0000 -0.2164  0.0000 -0.0000 -0.0000 -0.6732  0.0000  0.6732 -0.0000 -0.0000 -0.0000
    3  13.9871 THz  -0.4230  0.0000 -0.4230  0.0000  0.7451 -0.0000 -0.1735  0.0000 -0.1735  0.0000  0.1639  0.0000
    4  14.7413 THz  -0.1091  0.0000 -0.1091 -0.0000  0.0070  0.0000  0.5601 -0.0000  0.5601 -0.0000  0.5905 -0.0000
    5  17.8509 THz  -0.1719  0.0000 -0.1719  0.0000  0.1566 -0.0000  0.3820 -0.0000  0.3820  0.0000 -0.7902 -0.0000


 Q= -0.060748 -0.182244  0.060748, q= -0.250000  0.000000 -0.500000

                       Mg X   0        Mg Y   0        Mg Z   0         O X   1         O Y   1         O Z   1     
                    --------------- --------------- --------------- --------------- --------------- ---------------
    0   8.8926 THz   0.6732  0.0000 -0.0000  0.0000  0.6732  0.0000  0.2164  0.0000  0.0000 -0.0000  0.2164  0.0000
    1  10.2804 THz  -0.5288  0.0000  0.6483  0.0000  0.5288  0.0000 -0.1010 -0.0000 -0.0039  0.0000  0.1010  0.0000
    2  13.6473 THz   0.2164  0.0000 -0.0000  0.0000  0.2164 -0.0000 -0.6732  0.0000  0.0000  0.0000 -0.6732  0.0000
    3  13.9871 THz   0.4230  0.0000  0.7451 -0.0000 -0.4230  0.0000  0.1735 -0.0000  0.1639  0.0000 -0.1735 -0.0000
    4  14.7413 THz  -0.1091  0.0000 -0.0070 -0.0000  0.1091  0.0000  0.5601 -0.0000 -0.5905  0.0000 -0.5601  0.0000
    5  17.8509 THz  -0.1719  0.0000 -0.1566  0.0000  0.1719  0.0000  0.3820  0.0000  0.7902  0.0000 -0.3820 -0.0000


 Q=  0.000000 -0.121496  0.000000, q= -0.250000  0.000000 -0.250000

                       Mg X   0        Mg Y   0        Mg Z   0         O X   1         O Y   1         O Z   1     
                    --------------- --------------- --------------- --------------- --------------- ---------------
    0   6.9624 THz   0.8810  0.0000  0.0000  0.0000  0.0000 -0.0000  0.4732  0.0000  0.0000 -0.0000 -0.0000 -0.0000
    1   6.9624 THz   0.0000  0.0000  0.0000 -0.0000 -0.5438  0.6931  0.0000 -0.0000  0.0000 -0.0000 -0.2921  0.3723
    2  11.2636 THz   0.0000  0.0000 -0.8557 -0.0128  0.0000 -0.0000 -0.0000 -0.0000 -0.5172 -0.0077  0.0000  0.0000
    3  13.8688 THz  -0.4732  0.0000  0.0000  0.0000  0.0000 -0.0000  0.8810  0.0000  0.0000 -0.0000 -0.0000 -0.0000
    4  13.8688 THz   0.0000  0.0000 -0.0000  0.0000  0.4701  0.0541 -0.0000  0.0000 -0.0000 -0.0000 -0.8752 -0.1007
    5  19.1278 THz   0.0000  0.0000  0.5149  0.0496 -0.0000  0.0000  0.0000  0.0000 -0.8519 -0.0820  0.0000 -0.0000


 Q=  0.060748 -0.060748 -0.060748, q= -0.250000  0.000000  0.000000

                       Mg X   0        Mg Y   0        Mg Z   0         O X   1         O Y   1         O Z   1     
                    --------------- --------------- --------------- --------------- --------------- ---------------
    0   6.2172 THz   0.0000  0.0000 -0.5304  0.3087  0.5304 -0.3087 -0.0000  0.0000 -0.3036  0.1767  0.3036 -0.1767
    1   6.2172 THz   0.7086  0.0000  0.3543 -0.0000  0.3543 -0.0000  0.4057 -0.0000  0.2028 -0.0000  0.2028 -0.0000
    2  11.3278 THz   0.4595  0.0000 -0.4595 -0.0000 -0.4595 -0.0000  0.3496  0.0000 -0.3496  0.0000 -0.3496  0.0000
    3  12.8767 THz   0.0000  0.0000 -0.3513  0.0031  0.3513 -0.0031  0.0000 -0.0000  0.6136 -0.0054 -0.6136  0.0054
    4  12.8767 THz  -0.4057  0.0000 -0.2028 -0.0000 -0.2028 -0.0000  0.7086  0.0000  0.3543 -0.0000  0.3543 -0.0000
    5  19.9077 THz  -0.3496  0.0000  0.3496  0.0000  0.3496 -0.0000  0.4595 -0.0000 -0.4595  0.0000 -0.4595  0.0000


 Q=  0.121496  0.000000 -0.121496, q= -0.250000  0.000000  0.250000

                       Mg X   0        Mg Y   0        Mg Z   0         O X   1         O Y   1         O Z   1     
                    --------------- --------------- --------------- --------------- --------------- ---------------
    0   8.6703 THz   0.6924  0.0000  0.0000  0.0000  0.6924 -0.0000  0.1432 -0.0000  0.0000  0.0000  0.1432 -0.0000
    1   9.8699 THz  -0.0000  0.0000  0.9492  0.0805 -0.0000 -0.0000 -0.0000  0.0000  0.3031  0.0257 -0.0000 -0.0000
    2  12.5103 THz   0.1432  0.0000 -0.0000 -0.0000  0.1432 -0.0000 -0.6924  0.0000 -0.0000  0.0000 -0.6924  0.0000
    3  13.6206 THz   0.6134  0.0000  0.0000  0.0000 -0.6134  0.0000  0.3517 -0.0000 -0.0000 -0.0000 -0.3517 -0.0000
    4  15.0981 THz  -0.0000  0.0000  0.3037  0.0180  0.0000 -0.0000  0.0000  0.0000 -0.9509 -0.0565 -0.0000  0.0000
    5  18.6461 THz  -0.3517  0.0000 -0.0000 -0.0000  0.3517  0.0000  0.6134  0.0000  0.0000  0.0000 -0.6134 -0.0000


 Q=  0.000000 -0.242991  0.121496, q= -0.250000  0.250000 -0.500000

                       Mg X   0        Mg Y   0        Mg Z   0         O X   1         O Y   1         O Z   1     
                    --------------- --------------- --------------- --------------- --------------- ---------------
    0  11.1183 THz   0.0000  0.0000  0.0000 -0.0000 -0.6024  0.7982  0.0000  0.0000 -0.0000  0.0000  0.0000  0.0000
    1  11.4944 THz   0.9880  0.0000 -0.0000 -0.0000  0.0000 -0.0000  0.1545 -0.0000  0.0000  0.0000  0.0000  0.0000
    2  11.4944 THz   0.0000  0.0000  0.9826 -0.1028  0.0000 -0.0000  0.0000 -0.0000 -0.1536  0.0161  0.0000  0.0000
    3  14.5297 THz   0.0000  0.0000  0.0000 -0.0000 -0.0000  0.0000 -0.0000 -0.0000  0.0000 -0.0000 -0.0416 -0.9991
    4  16.3146 THz   0.0000  0.0000  0.1537 -0.0152 -0.0000  0.0000 -0.0000  0.0000  0.9832 -0.0974 -0.0000  0.0000
    5  16.3146 THz  -0.1545  0.0000 -0.0000 -0.0000  0.0000 -0.0000  0.9880 -0.0000  0.0000  0.0000  0.0000  0.0000


 Q=  0.060748 -0.182244  0.060748, q= -0.250000  0.250000 -0.250000

                       Mg X   0        Mg Y   0        Mg Z   0         O X   1         O Y   1         O Z   1     
                    --------------- --------------- --------------- --------------- --------------- ---------------
    0   8.8926 THz  -0.6732  0.0000  0.0000  0.0000  0.6732  0.0000 -0.2164 -0.0000 -0.0000 -0.0000  0.2164  0.0000
    1  10.2804 THz  -0.5288  0.0000 -0.6483 -0.0000 -0.5288 -0.0000 -0.1010 -0.0000  0.0039 -0.0000 -0.1010 -0.0000
    2  13.6473 THz  -0.2164  0.0000 -0.0000  0.0000  0.2164 -0.0000  0.6732 -0.0000  0.0000  0.0000 -0.6732  0.0000
    3  13.9871 THz  -0.4230  0.0000  0.7451 -0.0000 -0.4230  0.0000 -0.1735  0.0000  0.1639  0.0000 -0.1735 -0.0000
    4  14.7413 THz   0.1091  0.0000 -0.0070 -0.0000  0.1091  0.0000 -0.5601  0.0000 -0.5905 -0.0000 -0.5601  0.0000
    5  17.8509 THz  -0.1719  0.0000  0.1566 -0.0000 -0.1719 -0.0000  0.3820  0.0000 -0.7902 -0.0000  0.3820  0.0000


 Q=  0.121496 -0.121496  0.000000, q= -0.250000  0.250000  0.000000

                       Mg X   0        Mg Y   0        Mg Z   0         O X   1         O Y   1         O Z   1     
                    --------------- --------------- --------------- --------------- --------------- ---------------
    0   8.6703 THz   0.6924  0.0000  0.6924 -0.0000 -0.0000 -0.0000  0.1432  0.0000  0.1432  0.0000 -0.0000  0.0000
    1   9.8699 THz   0.0000  0.0000  0.0000  0.0000  0.9522  0.0263 -0.0000 -0.0000 -0.0000 -0.0000  0.3041  0.0084
    2  12.5103 THz   0.1432  0.0000  0.1432 -0.0000 -0.0000  0.0000 -0.6924  0.0000 -0.6924  0.0000 -0.0000 -0.0000
    3  13.6206 THz   0.6134  0.0000 -0.6134  0.0000 -0.0000 -0.0000  0.3517 -0.0000 -0.3517 -0.0000 -0.0000  0.0000
    4  15.0981 THz  -0.0000  0.0000  0.0000 -0.0000  0.2979 -0.0619  0.0000 -0.0000  0.0000 -0.0000 -0.9326  0.1939
    5  18.6461 THz  -0.3517  0.0000  0.3517  0.0000 -0.0000  0.0000  0.6134  0.0000 -0.6134 -0.0000  0.0000 -0.0000


 Q=  0.182244 -0.060748 -0.060748, q= -0.250000  0.250000  0.250000

                       Mg X   0        Mg Y   0        Mg Z   0         O X   1         O Y   1         O Z   1     
                    --------------- --------------- --------------- --------------- --------------- ---------------
    0   8.8926 THz   0.0000  0.0000 -0.6704  0.0607  0.6704 -0.0607 -0.0000  0.0000 -0.2156  0.0195  0.2156 -0.0195
    1  10.2804 THz   0.6483  0.0000  0.5288  0.0000  0.5288  0.0000 -0.0039  0.0000  0.1010 -0.0000  0.1010  0.0000
    2  13.6473 THz  -0.0000  0.0000 -0.2038  0.0728  0.2038 -0.0728 -0.0000  0.0000  0.6339 -0.2266 -0.6339  0.2266
    3  13.9871 THz   0.7451  0.0000 -0.4230  0.0000 -0.4230 -0.0000  0.1639  0.0000 -0.1735 -0.0000 -0.1735  0.0000
    4  14.7413 THz  -0.0070  0.0000  0.1091 -0.0000  0.1091 -0.0000 -0.5905  0.0000 -0.5601  0.0000 -0.5601  0.0000
    5  17.8509 THz  -0.1566  0.0000  0.1719  0.0000  0.1719  0.0000  0.7902  0.0000 -0.3820 -0.0000 -0.3820 -0.0000


 Q= -0.242991  0.000000  0.000000, q=  0.000000 -0.500000 -0.500000

                       Mg X   0        Mg Y   0        Mg Z   0         O X   1         O Y   1         O Z   1     
                    --------------- --------------- --------------- --------------- --------------- ---------------
    0   9.0544 THz   0.0000  0.0000  0.5011 -0.0000 -0.7900  0.0000  0.0000 -0.0000  0.1893 -0.0000 -0.2984  0.0000
    1   9.0544 THz  -0.0000  0.0000 -0.7900 -0.0000 -0.5011 -0.0000 -0.0000  0.0000 -0.2984 -0.0000 -0.1893 -0.0000
    2  12.9643 THz   0.9997  0.0000 -0.0000 -0.0000 -0.0000 -0.0000 -0.0250 -0.0000 -0.0000  0.0000 -0.0000 -0.0000
    3  14.6781 THz   0.0000  0.0000 -0.2414 -0.0000  0.2581  0.0000  0.0000 -0.0000  0.6390  0.0000 -0.6833 -0.0000
    4  14.6781 THz   0.0000  0.0000 -0.2581  0.0000 -0.2414 -0.0000  0.0000 -0.0000  0.6833 -0.0000  0.6390  0.0000
    5  17.7400 THz   0.0250  0.0000  0.0000  0.0000  0.0000 -0.0000  0.9997  0.0000 -0.0000 -0.0000 -0.0000 -0.0000


 Q= -0.182244  0.060748 -0.060748, q=  0.000000 -0.500000 -0.250000

                       Mg X   0        Mg Y   0        Mg Z   0         O X   1         O Y   1         O Z   1     
                    --------------- --------------- --------------- --------------- --------------- ---------------
    0   8.8926 THz   0.0000  0.0000 -0.6729 -0.0204 -0.6729 -0.0204  0.0000  0.0000 -0.2163 -0.0065 -0.2163 -0.0065
    1  10.2804 THz   0.6483  0.0000  0.5288  0.0000 -0.5288  0.0000 -0.0039 -0.0000  0.1010 -0.0000 -0.1010  0.0000
    2  13.6473 THz   0.0000  0.0000  0.2116 -0.0455  0.2116 -0.0455 -0.0000  0.0000 -0.6581  0.1416 -0.6581  0.1416
    3  13.9871 THz   0.7451  0.0000 -0.4230  0.0000  0.4230  0.0000  0.1639 -0.0000 -0.1735 -0.0000  0.1735 -0.0000
    4  14.7413 THz  -0.0070  0.0000  0.1091 -0.0000 -0.1091  0.0000 -0.5905  0.0000 -0.5601  0.0000  0.5601 -0.0000
    5  17.8509 THz   0.1566  0.0000 -0.1719  0.0000  0.1719 -0.0000 -0.7902  0.0000  0.3820 -0.0000 -0.3820  0.0000


 Q= -0.121496  0.121496 -0.121496, q=  0.000000 -0.500000  0.000000

                       Mg X   0        Mg Y   0        Mg Z   0         O X   1         O Y   1         O Z   1     
                    --------------- --------------- --------------- --------------- --------------- ---------------
    0   8.9230 THz  -0.7411 -0.0000 -0.0738 -0.0000  0.6673 -0.0000 -0.0000  0.0000 -0.0000 -0.0000  0.0000 -0.0000
    1   8.9230 THz   0.3427  0.0000  0.8132 -0.0000  0.4705 -0.0000 -0.0000 -0.0000 -0.0000 -0.0000  0.0000 -0.0000
    2  12.2804 THz  -0.0000  0.0000 -0.0000 -0.0000  0.0000 -0.0000  0.2449 -0.7705  0.1224 -0.4840 -0.1224  0.2865
    3  12.2804 THz   0.0000  0.0000  0.0000 -0.0000  0.0000 -0.0000  0.0585 -0.0978 -0.1314  0.6326 -0.1900  0.7304
    4  17.5313 THz  -0.5774  0.0000  0.5774 -0.0000 -0.5774 -0.0000  0.0000 -0.0000 -0.0000  0.0000  0.0000 -0.0000
    5  18.3657 THz  -0.0000  0.0000  0.0000  0.0000 -0.0000  0.0000 -0.3649  0.4474  0.3649 -0.4474 -0.3649  0.4474


 Q= -0.060748  0.182244 -0.182244, q=  0.000000 -0.500000  0.250000

                       Mg X   0        Mg Y   0        Mg Z   0         O X   1         O Y   1         O Z   1     
                    --------------- --------------- --------------- --------------- --------------- ---------------
    0   8.8926 THz  -0.0000  0.0000  0.6730 -0.0137  0.6730 -0.0137  0.0000 -0.0000 -0.2164  0.0044 -0.2164  0.0044
    1  10.2804 THz   0.6483  0.0000  0.5288 -0.0000 -0.5288 -0.0000  0.0039 -0.0000 -0.1010 -0.0000  0.1010  0.0000
    2  13.6473 THz  -0.0000  0.0000 -0.2150 -0.0250 -0.2150 -0.0250 -0.0000 -0.0000 -0.6686 -0.0779 -0.6686 -0.0779
    3  13.9871 THz   0.7451  0.0000 -0.4230 -0.0000  0.4230 -0.0000 -0.1639 -0.0000  0.1735 -0.0000 -0.1735 -0.0000
    4  14.7413 THz   0.0070  0.0000 -0.1091  0.0000  0.1091 -0.0000 -0.5905  0.0000 -0.5601  0.0000  0.5601 -0.0000
    5  17.8509 THz   0.1566  0.0000 -0.1719 -0.0000  0.1719  0.0000  0.7902  0.0000 -0.3820 -0.0000  0.3820  0.0000


 Q= -0.182244 -0.060748  0.060748, q=  0.000000 -0.250000 -0.500000

                       Mg X   0        Mg Y   0        Mg Z   0         O X   1         O Y   1         O Z   1     
                    --------------- --------------- --------------- --------------- --------------- ---------------
    0   8.8926 THz  -0.0000  0.0000 -0.6719  0.0413 -0.6719  0.0413  0.0000 -0.0000 -0.2160  0.0133 -0.2160  0.0133
    1  10.2804 THz  -0.6483  0.0000  0.5288 -0.0000 -0.5288 -0.0000  0.0039 -0.0000  0.1010  0.0000 -0.1010 -0.0000
    2  13.6473 THz  -0.0000  0.0000  0.2159 -0.0156  0.2159 -0.0156  0.0000 -0.0000 -0.6714  0.0485 -0.6714  0.0485
    3  13.9871 THz   0.7451  0.0000  0.4230 -0.0000 -0.4230 -0.0000  0.1639 -0.0000  0.1735  0.0000 -0.1735  0.0000
    4  14.7413 THz  -0.0070  0.0000 -0.1091 -0.0000  0.1091  0.0000 -0.5905 -0.0000  0.5601  0.0000 -0.5601 -0.0000
    5  17.8509 THz  -0.1566  0.0000 -0.1719  0.0000  0.1719 -0.0000  0.7902 -0.0000  0.3820 -0.0000 -0.3820  0.0000


 Q= -0.121496  0.000000  0.000000, q=  0.000000 -0.250000 -0.250000

                       Mg X   0        Mg Y   0        Mg Z   0         O X   1         O Y   1         O Z   1     
                    --------------- --------------- --------------- --------------- --------------- ---------------
    0   6.9624 THz   0.0000  0.0000  0.0559  0.0688 -0.8401  0.2499 -0.0000  0.0000  0.0300  0.0369 -0.4513  0.1342
    1   6.9624 THz   0.0000  0.0000  0.8760 -0.0287  0.0312 -0.0829  0.0000 -0.0000  0.4705 -0.0154  0.0168 -0.0445
    2  11.2636 THz   0.8558  0.0000  0.0000 -0.0000  0.0000 -0.0000  0.5173 -0.0000 -0.0000 -0.0000 -0.0000 -0.0000
    3  13.8688 THz   0.0000  0.0000  0.4474 -0.1015 -0.1011 -0.0567 -0.0000  0.0000 -0.8329  0.1890  0.1883  0.1056
    4  13.8688 THz  -0.0000 -0.0000  0.0951 -0.0663  0.4552  0.0574 -0.0000  0.0000 -0.1771  0.1234 -0.8474 -0.1069
    5  19.1278 THz   0.5173  0.0000  0.0000  0.0000 -0.0000  0.0000 -0.8558  0.0000  0.0000  0.0000  0.0000  0.0000


 Q= -0.060748  0.060748 -0.060748, q=  0.000000 -0.250000  0.000000

                       Mg X   0        Mg Y   0        Mg Z   0         O X   1         O Y   1         O Z   1     
                    --------------- --------------- --------------- --------------- --------------- ---------------
    0   6.2172 THz  -0.4414  0.0000  0.2593 -0.0030  0.7007 -0.0030 -0.2527  0.0000  0.1484 -0.0017  0.4012 -0.0017
    1   6.2172 THz   0.5543  0.0000  0.6594 -0.0024  0.1052 -0.0024  0.3173 -0.0000  0.3775 -0.0014  0.0602 -0.0014
    2  11.3278 THz  -0.4595  0.0000  0.4595  0.0000 -0.4595 -0.0000 -0.3496 -0.0000  0.3496 -0.0000 -0.3496 -0.0000
    3  12.8767 THz  -0.3501  0.0000 -0.3525 -0.0025 -0.0024 -0.0025  0.6115  0.0000  0.6158  0.0043  0.0043  0.0043
    4  12.8767 THz  -0.2050  0.0000  0.2007  0.0042  0.4056  0.0042  0.3580 -0.0000 -0.3505 -0.0074 -0.7085 -0.0074
    5  19.9077 THz  -0.3496  0.0000  0.3496  0.0000 -0.3496  0.0000  0.4595 -0.0000 -0.4595  0.0000  0.4595 -0.0000


 Q=  0.000000  0.121496 -0.121496, q=  0.000000 -0.250000  0.250000

                       Mg X   0        Mg Y   0        Mg Z   0         O X   1         O Y   1         O Z   1     
                    --------------- --------------- --------------- --------------- --------------- ---------------
    0   8.6703 THz   0.0000  0.0000  0.6890  0.0690  0.6890  0.0690 -0.0000 -0.0000  0.1425  0.0143  0.1425  0.0143
    1   9.8699 THz   0.9526  0.0000  0.0000 -0.0000  0.0000  0.0000  0.3042 -0.0000  0.0000  0.0000 -0.0000  0.0000
    2  12.5103 THz   0.0000  0.0000  0.0584  0.1308  0.0584  0.1308  0.0000 -0.0000 -0.2821 -0.6324 -0.2821 -0.6324
    3  13.6206 THz   0.0000  0.0000  0.6124  0.0348 -0.6124 -0.0348  0.0000 -0.0000  0.3511  0.0200 -0.3511 -0.0200
    4  15.0981 THz  -0.3042  0.0000  0.0000 -0.0000  0.0000  0.0000  0.9526 -0.0000  0.0000  0.0000 -0.0000  0.0000
    5  18.6461 THz   0.0000  0.0000  0.3092 -0.1675 -0.3092  0.1675  0.0000  0.0000 -0.5394  0.2922  0.5394 -0.2922


 Q= -0.121496 -0.121496  0.121496, q=  0.000000  0.000000 -0.500000

                       Mg X   0        Mg Y   0        Mg Z   0         O X   1         O Y   1         O Z   1     
                    --------------- --------------- --------------- --------------- --------------- ---------------
    0   8.9230 THz   0.8165  0.0000 -0.4082  0.0000  0.4082 -0.0000  0.0000  0.0000  0.0000 -0.0000 -0.0000 -0.0000
    1   8.9230 THz   0.0000  0.0000 -0.7071  0.0000 -0.7071  0.0000 -0.0000  0.0000 -0.0000 -0.0000 -0.0000 -0.0000
    2  12.2804 THz   0.0000  0.0000  0.0000 -0.0000  0.0000 -0.0000 -0.3734  0.0334 -0.4126 -0.2050 -0.7860 -0.1716
    3  12.2804 THz   0.0000  0.0000  0.0000 -0.0000  0.0000 -0.0000  0.2782  0.6699 -0.1391 -0.6596  0.1391  0.0102
    4  17.5313 THz  -0.5774  0.0000 -0.5774  0.0000  0.5774 -0.0000  0.0000  0.0000  0.0000 -0.0000 -0.0000 -0.0000
    5  18.3657 THz   0.0000  0.0000  0.0000 -0.0000  0.0000 -0.0000  0.4647  0.3426  0.4647  0.3426 -0.4647 -0.3426


 Q= -0.060748 -0.060748  0.060748, q=  0.000000  0.000000 -0.250000

                       Mg X   0        Mg Y   0        Mg Z   0         O X   1         O Y   1         O Z   1     
                    --------------- --------------- --------------- --------------- --------------- ---------------
    0   6.2172 THz  -0.6689  0.0000  0.5369 -0.0017 -0.1319 -0.0017 -0.3830  0.0000  0.3074 -0.0009 -0.0755 -0.0009
    1   6.2172 THz   0.2338  0.0000  0.4623 -0.0047  0.6962 -0.0047  0.1339 -0.0000  0.2647 -0.0027  0.3986 -0.0027
    2  11.3278 THz  -0.4595  0.0000 -0.4595 -0.0000  0.4595  0.0000 -0.3496 -0.0000 -0.3496 -0.0000  0.3496  0.0000
    3  12.8767 THz   0.4012  0.0000 -0.2528  0.0017  0.1484  0.0017 -0.7007 -0.0000  0.4415 -0.0031 -0.2592 -0.0031
    4  12.8767 THz   0.0603  0.0000  0.3171 -0.0116  0.3774 -0.0116 -0.1053 -0.0000 -0.5539  0.0203 -0.6591  0.0203
    5  19.9077 THz  -0.3496  0.0000 -0.3496  0.0000  0.3496 -0.0000  0.4595 -0.0000  0.4595 -0.0000 -0.4595 -0.0000


 Q=  0.000000  0.000000  0.000000, q=  0.000000  0.000000  0.000000

                       Mg X   0        Mg Y   0        Mg Z   0         O X   1         O Y   1         O Z   1     
                    --------------- --------------- --------------- --------------- --------------- ---------------
    0   0.0000 THz   0.0000  0.0000 -0.1863  0.0000 -0.7539  0.0000  0.0000  0.0000 -0.1512  0.0000 -0.6116  0.0000
    1   0.0000 THz  -0.7438  0.0000 -0.2167  0.0000  0.0536  0.0000 -0.6035  0.0000 -0.1758  0.0000  0.0435  0.0000
    2   0.0000 THz   0.2232  0.0000 -0.7220  0.0000  0.1785  0.0000  0.1811  0.0000 -0.5858  0.0000  0.1448  0.0000
    3  12.9010 THz   0.2102  0.0000  0.3015  0.0000 -0.5117  0.0000 -0.2591  0.0000 -0.3716  0.0000  0.6307  0.0000
    4  12.9010 THz  -0.4695  0.0000  0.4168  0.0000  0.0527  0.0000  0.5787  0.0000 -0.5137  0.0000 -0.0650  0.0000
    5  22.0285 THz  -0.3638  0.0000 -0.3638  0.0000 -0.3638  0.0000  0.4483  0.0000  0.4483  0.0000  0.4483  0.0000


 Q=  0.060748  0.060748 -0.060748, q=  0.000000  0.000000  0.250000

                       Mg X   0        Mg Y   0        Mg Z   0         O X   1         O Y   1         O Z   1     
                    --------------- --------------- --------------- --------------- --------------- ---------------
    0   6.2172 THz  -0.6689  0.0000  0.5369  0.0017 -0.1319  0.0017 -0.3830 -0.0000  0.3074  0.0009 -0.0755  0.0009
    1   6.2172 THz   0.2338  0.0000  0.4623  0.0047  0.6962  0.0047  0.1339  0.0000  0.2647  0.0027  0.3986  0.0027
    2  11.3278 THz  -0.4595  0.0000 -0.4595  0.0000  0.4595 -0.0000 -0.3496  0.0000 -0.3496  0.0000  0.3496 -0.0000
    3  12.8767 THz   0.4012  0.0000 -0.2528 -0.0017  0.1484 -0.0017 -0.7007  0.0000  0.4415  0.0031 -0.2592  0.0031
    4  12.8767 THz   0.0603  0.0000  0.3171  0.0116  0.3774  0.0116 -0.1053  0.0000 -0.5539 -0.0203 -0.6591 -0.0203
    5  19.9077 THz  -0.3496  0.0000 -0.3496 -0.0000  0.3496  0.0000  0.4595  0.0000  0.4595  0.0000 -0.4595  0.0000


 Q= -0.060748 -0.182244  0.182244, q=  0.000000  0.250000 -0.500000

                       Mg X   0        Mg Y   0        Mg Z   0         O X   1         O Y   1         O Z   1     
                    --------------- --------------- --------------- --------------- --------------- ---------------
    0   8.8926 THz   0.0000  0.0000  0.6693  0.0719  0.6693  0.0719  0.0000  0.0000 -0.2152 -0.0231 -0.2152 -0.0231
    1  10.2804 THz  -0.6483  0.0000  0.5288  0.0000 -0.5288  0.0000 -0.0039 -0.0000 -0.1010 -0.0000  0.1010 -0.0000
    2  13.6473 THz   0.0000  0.0000 -0.2163 -0.0075 -0.2163 -0.0075 -0.0000  0.0000 -0.6728 -0.0233 -0.6728 -0.0233
    3  13.9871 THz   0.7451  0.0000  0.4230  0.0000 -0.4230  0.0000 -0.1639 -0.0000 -0.1735  0.0000  0.1735  0.0000
    4  14.7413 THz   0.0070  0.0000  0.1091 -0.0000 -0.1091  0.0000 -0.5905  0.0000  0.5601 -0.0000 -0.5601  0.0000
    5  17.8509 THz  -0.1566  0.0000 -0.1719  0.0000  0.1719  0.0000 -0.7902  0.0000 -0.3820  0.0000  0.3820 -0.0000


 Q=  0.000000 -0.121496  0.121496, q=  0.000000  0.250000 -0.250000

                       Mg X   0        Mg Y   0        Mg Z   0         O X   1         O Y   1         O Z   1     
                    --------------- --------------- --------------- --------------- --------------- ---------------
    0   8.6703 THz   0.0000  0.0000  0.6890 -0.0690  0.6890 -0.0690 -0.0000  0.0000  0.1425 -0.0143  0.1425 -0.0143
    1   9.8699 THz   0.9526  0.0000  0.0000  0.0000  0.0000 -0.0000  0.3042  0.0000  0.0000 -0.0000 -0.0000 -0.0000
    2  12.5103 THz   0.0000  0.0000  0.0584 -0.1308  0.0584 -0.1308  0.0000  0.0000 -0.2821  0.6324 -0.2821  0.6324
    3  13.6206 THz   0.0000  0.0000  0.6124 -0.0348 -0.6124  0.0348  0.0000  0.0000  0.3511 -0.0200 -0.3511  0.0200
    4  15.0981 THz  -0.3042  0.0000  0.0000  0.0000  0.0000 -0.0000  0.9526  0.0000  0.0000 -0.0000 -0.0000 -0.0000
    5  18.6461 THz   0.0000  0.0000  0.3092  0.1675 -0.3092 -0.1675  0.0000 -0.0000 -0.5394 -0.2922  0.5394  0.2922


 Q=  0.060748 -0.060748  0.060748, q=  0.000000  0.250000  0.000000

                       Mg X   0        Mg Y   0        Mg Z   0         O X   1         O Y   1         O Z   1     
                    --------------- --------------- --------------- --------------- --------------- ---------------
    0   6.2172 THz  -0.4414  0.0000  0.2593  0.0030  0.7007  0.0030 -0.2527 -0.0000  0.1484  0.0017  0.4012  0.0017
    1   6.2172 THz   0.5543  0.0000  0.6594  0.0024  0.1052  0.0024  0.3173  0.0000  0.3775  0.0014  0.0602  0.0014
    2  11.3278 THz  -0.4595  0.0000  0.4595 -0.0000 -0.4595  0.0000 -0.3496  0.0000  0.3496  0.0000 -0.3496  0.0000
    3  12.8767 THz  -0.3501  0.0000 -0.3525  0.0025 -0.0024  0.0025  0.6115 -0.0000  0.6158 -0.0043  0.0043 -0.0043
    4  12.8767 THz  -0.2050  0.0000  0.2007 -0.0042  0.4056 -0.0042  0.3580  0.0000 -0.3505  0.0074 -0.7085  0.0074
    5  19.9077 THz  -0.3496  0.0000  0.3496 -0.0000 -0.3496 -0.0000  0.4595  0.0000 -0.4595 -0.0000  0.4595  0.0000


 Q=  0.121496  0.000000  0.000000, q=  0.000000  0.250000  0.250000

                       Mg X   0        Mg Y   0        Mg Z   0         O X   1         O Y   1         O Z   1     
                    --------------- --------------- --------------- --------------- --------------- ---------------
    0   6.9624 THz   0.0000  0.0000  0.0559 -0.0688 -0.8401 -0.2499 -0.0000 -0.0000  0.0300 -0.0369 -0.4513 -0.1342
    1   6.9624 THz   0.0000  0.0000  0.8760  0.0287  0.0312  0.0829  0.0000  0.0000  0.4705  0.0154  0.0168  0.0445
    2  11.2636 THz   0.8558  0.0000  0.0000  0.0000  0.0000  0.0000  0.5173  0.0000 -0.0000  0.0000 -0.0000  0.0000
    3  13.8688 THz   0.0000  0.0000  0.4474  0.1015 -0.1011  0.0567 -0.0000 -0.0000 -0.8329 -0.1890  0.1883 -0.1056
    4  13.8688 THz  -0.0000 -0.0000  0.0951  0.0663  0.4552 -0.0574 -0.0000 -0.0000 -0.1771 -0.1234 -0.8474  0.1069
    5  19.1278 THz   0.5173  0.0000  0.0000 -0.0000 -0.0000 -0.0000 -0.8558 -0.0000  0.0000 -0.0000  0.0000 -0.0000


 Q= -0.303739  0.060748  0.060748, q=  0.250000 -0.500000 -0.500000

                       Mg X   0        Mg Y   0        Mg Z   0         O X   1         O Y   1         O Z   1     
                    --------------- --------------- --------------- --------------- --------------- ---------------
    0   8.8926 THz   0.0000  0.0000 -0.6163 -0.2708  0.6163  0.2708  0.0000 -0.0000 -0.1982 -0.0871  0.1982  0.0871
    1  10.2804 THz  -0.6483  0.0000  0.5288 -0.0000  0.5288  0.0000  0.0039  0.0000  0.1010 -0.0000  0.1010 -0.0000
    2  13.6473 THz   0.0000  0.0000 -0.1990 -0.0852  0.1990  0.0852 -0.0000 -0.0000  0.6188  0.2650 -0.6188 -0.2650
    3  13.9871 THz   0.7451  0.0000  0.4230  0.0000  0.4230 -0.0000  0.1639 -0.0000  0.1735 -0.0000  0.1735  0.0000
    4  14.7413 THz  -0.0070  0.0000 -0.1091 -0.0000 -0.1091 -0.0000 -0.5905 -0.0000  0.5601  0.0000  0.5601  0.0000
    5  17.8509 THz   0.1566  0.0000  0.1719 -0.0000  0.1719 -0.0000 -0.7902  0.0000 -0.3820  0.0000 -0.3820  0.0000


 Q= -0.242991  0.121496  0.000000, q=  0.250000 -0.500000 -0.250000

                       Mg X   0        Mg Y   0        Mg Z   0         O X   1         O Y   1         O Z   1     
                    --------------- --------------- --------------- --------------- --------------- ---------------
    0  11.1183 THz  -0.0000  0.0000  0.9423 -0.3348 -0.0000  0.0000  0.0000  0.0000 -0.0000 -0.0000 -0.0000  0.0000
    1  11.4944 THz   0.9880  0.0000  0.0000 -0.0000  0.0000  0.0000 -0.1545 -0.0000  0.0000 -0.0000  0.0000  0.0000
    2  11.4944 THz   0.0000  0.0000 -0.0000 -0.0000 -0.8878 -0.4334 -0.0000  0.0000 -0.0000 -0.0000 -0.1388 -0.0678
    3  14.5297 THz  -0.0000  0.0000 -0.0000 -0.0000 -0.0000  0.0000  0.0000 -0.0000 -0.0434 -0.9991 -0.0000  0.0000
    4  16.3146 THz   0.0013  0.0000 -0.0000  0.0000 -0.1507  0.0337  0.0085  0.0000 -0.0000 -0.0000  0.9642 -0.2154
    5  16.3146 THz   0.1545  0.0000  0.0000 -0.0000  0.0013 -0.0003  0.9880  0.0000 -0.0000  0.0000 -0.0083  0.0019


 Q= -0.182244  0.182244 -0.060748, q=  0.250000 -0.500000  0.000000

                       Mg X   0        Mg Y   0        Mg Z   0         O X   1         O Y   1         O Z   1     
                    --------------- --------------- --------------- --------------- --------------- ---------------
    0   8.8926 THz   0.6732  0.0000  0.6732 -0.0000 -0.0000 -0.0000 -0.2164 -0.0000 -0.2164 -0.0000 -0.0000  0.0000
    1  10.2804 THz   0.5288  0.0000 -0.5288  0.0000 -0.6483 -0.0000 -0.1010 -0.0000  0.1010 -0.0000 -0.0039  0.0000
    2  13.6473 THz   0.2164  0.0000  0.2164 -0.0000 -0.0000  0.0000  0.6732  0.0000  0.6732 -0.0000 -0.0000 -0.0000
    3  13.9871 THz  -0.4230  0.0000  0.4230 -0.0000 -0.7451 -0.0000  0.1735 -0.0000 -0.1735 -0.0000  0.1639  0.0000
    4  14.7413 THz   0.1091  0.0000 -0.1091  0.0000  0.0070  0.0000  0.5601 -0.0000 -0.5601  0.0000 -0.5905  0.0000
    5  17.8509 THz  -0.1719  0.0000  0.1719 -0.0000 -0.1566 -0.0000 -0.3820 -0.0000  0.3820  0.0000 -0.7902 -0.0000


 Q= -0.121496  0.242991 -0.121496, q=  0.250000 -0.500000  0.250000

                       Mg X   0        Mg Y   0        Mg Z   0         O X   1         O Y   1         O Z   1     
                    --------------- --------------- --------------- --------------- --------------- ---------------
    0   8.6703 THz   0.6924  0.0000  0.0000 -0.0000 -0.6924  0.0000 -0.1432 -0.0000 -0.0000  0.0000  0.1432 -0.0000
    1   9.8699 THz  -0.0000  0.0000  0.9491 -0.0818  0.0000  0.0000 -0.0000  0.0000 -0.3031  0.0261  0.0000 -0.0000
    2  12.5103 THz  -0.1432  0.0000 -0.0000  0.0000  0.1432 -0.0000 -0.6924  0.0000  0.0000 -0.0000  0.6924 -0.0000
    3  13.6206 THz   0.6134  0.0000 -0.0000  0.0000  0.6134 -0.0000 -0.3517  0.0000  0.0000 -0.0000 -0.3517 -0.0000
    4  15.0981 THz   0.0000  0.0000 -0.3024 -0.0333  0.0000 -0.0000 -0.0000 -0.0000 -0.9469 -0.1042  0.0000  0.0000
    5  18.6461 THz   0.3517  0.0000  0.0000  0.0000  0.3517  0.0000  0.6134  0.0000 -0.0000  0.0000  0.6134 -0.0000


 Q= -0.242991  0.000000  0.121496, q=  0.250000 -0.250000 -0.500000

                       Mg X   0        Mg Y   0        Mg Z   0         O X   1         O Y   1         O Z   1     
                    --------------- --------------- --------------- --------------- --------------- ---------------
    0  11.1183 THz   0.0000  0.0000  0.0000  0.0000 -0.9746  0.2238 -0.0000 -0.0000  0.0000 -0.0000  0.0000  0.0000
    1  11.4944 THz   0.9880  0.0000 -0.0000  0.0000  0.0000 -0.0000 -0.1545 -0.0000 -0.0000  0.0000 -0.0000 -0.0000
    2  11.4944 THz   0.0000  0.0000 -0.9856 -0.0681 -0.0000  0.0000  0.0000  0.0000 -0.1541 -0.0107  0.0000  0.0000
    3  14.5297 THz   0.0000  0.0000  0.0000 -0.0000 -0.0000  0.0000  0.0000 -0.0000 -0.0000 -0.0000 -0.8958 -0.4444
    4  16.3146 THz  -0.1545  0.0000 -0.0000  0.0000  0.0000 -0.0000 -0.9880 -0.0000 -0.0000  0.0000 -0.0000 -0.0000
    5  16.3146 THz   0.0000  0.0000 -0.1544 -0.0052 -0.0000  0.0000 -0.0000 -0.0000  0.9874  0.0333 -0.0000 -0.0000


 Q= -0.182244  0.060748  0.060748, q=  0.250000 -0.250000 -0.250000

                       Mg X   0        Mg Y   0        Mg Z   0         O X   1         O Y   1         O Z   1     
                    --------------- --------------- --------------- --------------- --------------- ---------------
    0   8.8926 THz   0.0000  0.0000 -0.6704 -0.0607  0.6704  0.0607 -0.0000 -0.0000 -0.2156 -0.0195  0.2156  0.0195
    1  10.2804 THz   0.6483  0.0000  0.5288 -0.0000  0.5288 -0.0000 -0.0039 -0.0000  0.1010  0.0000  0.1010 -0.0000
    2  13.6473 THz  -0.0000  0.0000 -0.2038 -0.0728  0.2038  0.0728 -0.0000 -0.0000  0.6339  0.2266 -0.6339 -0.2266
    3  13.9871 THz   0.7451  0.0000 -0.4230 -0.0000 -0.4230  0.0000  0.1639 -0.0000 -0.1735  0.0000 -0.1735 -0.0000
    4  14.7413 THz  -0.0070  0.0000  0.1091  0.0000  0.1091  0.0000 -0.5905 -0.0000 -0.5601 -0.0000 -0.5601 -0.0000
    5  17.8509 THz  -0.1566  0.0000  0.1719 -0.0000  0.1719 -0.0000  0.7902 -0.0000 -0.3820  0.0000 -0.3820  0.0000


 Q= -0.121496  0.121496  0.000000, q=  0.250000 -0.250000  0.000000

                       Mg X   0        Mg Y   0        Mg Z   0         O X   1         O Y   1         O Z   1     
                    --------------- --------------- --------------- --------------- --------------- ---------------
    0   8.6703 THz   0.6924  0.0000  0.6924  0.0000 -0.0000  0.0000  0.1432 -0.0000  0.1432 -0.0000 -0.0000 -0.0000
    1   9.8699 THz   0.0000  0.0000  0.0000 -0.0000  0.9522 -0.0263 -0.0000  0.0000 -0.0000  0.0000  0.3041 -0.0084
    2  12.5103 THz   0.1432  0.0000  0.1432  0.0000 -0.0000 -0.0000 -0.6924 -0.0000 -0.6924 -0.0000 -0.0000  0.0000
    3  13.6206 THz   0.6134  0.0000 -0.6134 -0.0000 -0.0000  0.0000  0.3517  0.0000 -0.3517  0.0000 -0.0000 -0.0000
    4  15.0981 THz  -0.0000  0.0000  0.0000  0.0000  0.2979  0.0619  0.0000  0.0000  0.0000  0.0000 -0.9326 -0.1939
    5  18.6461 THz  -0.3517  0.0000  0.3517 -0.0000 -0.0000 -0.0000  0.6134 -0.0000 -0.6134  0.0000  0.0000  0.0000


 Q= -0.060748  0.182244 -0.060748, q=  0.250000 -0.250000  0.250000

                       Mg X   0        Mg Y   0        Mg Z   0         O X   1         O Y   1         O Z   1     
                    --------------- --------------- --------------- --------------- --------------- ---------------
    0   8.8926 THz  -0.6732  0.0000  0.0000 -0.0000  0.6732 -0.0000 -0.2164  0.0000 -0.0000  0.0000  0.2164 -0.0000
    1  10.2804 THz  -0.5288  0.0000 -0.6483  0.0000 -0.5288  0.0000 -0.1010  0.0000  0.0039  0.0000 -0.1010  0.0000
    2  13.6473 THz  -0.2164  0.0000 -0.0000 -0.0000  0.2164  0.0000  0.6732  0.0000  0.0000 -0.0000 -0.6732 -0.0000
    3  13.9871 THz  -0.4230  0.0000  0.7451  0.0000 -0.4230 -0.0000 -0.1735 -0.0000  0.1639 -0.0000 -0.1735  0.0000
    4  14.7413 THz   0.1091  0.0000 -0.0070  0.0000  0.1091 -0.0000 -0.5601 -0.0000 -0.5905  0.0000 -0.5601 -0.0000
    5  17.8509 THz  -0.1719  0.0000  0.1566  0.0000 -0.1719  0.0000  0.3820 -0.0000 -0.7902  0.0000  0.3820 -0.0000


 Q= -0.182244 -0.060748  0.182244, q=  0.250000  0.000000 -0.500000

                       Mg X   0        Mg Y   0        Mg Z   0         O X   1         O Y   1         O Z   1     
                    --------------- --------------- --------------- --------------- --------------- ---------------
    0   8.8926 THz   0.6732  0.0000 -0.0000 -0.0000  0.6732  0.0000 -0.2164 -0.0000 -0.0000  0.0000 -0.2164  0.0000
    1  10.2804 THz   0.5288  0.0000 -0.6483  0.0000 -0.5288 -0.0000 -0.1010 -0.0000 -0.0039 -0.0000  0.1010 -0.0000
    2  13.6473 THz  -0.2164  0.0000 -0.0000 -0.0000 -0.2164  0.0000 -0.6732  0.0000  0.0000  0.0000 -0.6732  0.0000
    3  13.9871 THz  -0.4230  0.0000 -0.7451  0.0000  0.4230 -0.0000  0.1735 -0.0000  0.1639 -0.0000 -0.1735 -0.0000
    4  14.7413 THz  -0.1091  0.0000 -0.0070  0.0000  0.1091  0.0000 -0.5601 -0.0000  0.5905  0.0000  0.5601  0.0000
    5  17.8509 THz  -0.1719  0.0000 -0.1566 -0.0000  0.1719  0.0000 -0.3820 -0.0000 -0.7902 -0.0000  0.3820 -0.0000


 Q= -0.121496  0.000000  0.121496, q=  0.250000  0.000000 -0.250000

                       Mg X   0        Mg Y   0        Mg Z   0         O X   1         O Y   1         O Z   1     
                    --------------- --------------- --------------- --------------- --------------- ---------------
    0   8.6703 THz   0.6924  0.0000  0.0000 -0.0000  0.6924  0.0000  0.1432  0.0000  0.0000 -0.0000  0.1432  0.0000
    1   9.8699 THz  -0.0000  0.0000  0.9492 -0.0805 -0.0000  0.0000 -0.0000 -0.0000  0.3031 -0.0257 -0.0000  0.0000
    2  12.5103 THz   0.1432  0.0000 -0.0000  0.0000  0.1432  0.0000 -0.6924 -0.0000 -0.0000 -0.0000 -0.6924 -0.0000
    3  13.6206 THz   0.6134  0.0000  0.0000 -0.0000 -0.6134 -0.0000  0.3517  0.0000 -0.0000  0.0000 -0.3517  0.0000
    4  15.0981 THz  -0.0000  0.0000  0.3037 -0.0180  0.0000  0.0000  0.0000 -0.0000 -0.9509  0.0565 -0.0000 -0.0000
    5  18.6461 THz  -0.3517  0.0000 -0.0000  0.0000  0.3517 -0.0000  0.6134 -0.0000  0.0000 -0.0000 -0.6134  0.0000


 Q= -0.060748  0.060748  0.060748, q=  0.250000  0.000000  0.000000

                       Mg X   0        Mg Y   0        Mg Z   0         O X   1         O Y   1         O Z   1     
                    --------------- --------------- --------------- --------------- --------------- ---------------
    0   6.2172 THz   0.0000  0.0000 -0.5304 -0.3087  0.5304  0.3087 -0.0000 -0.0000 -0.3036 -0.1767  0.3036  0.1767
    1   6.2172 THz   0.7086  0.0000  0.3543  0.0000  0.3543  0.0000  0.4057  0.0000  0.2028  0.0000  0.2028  0.0000
    2  11.3278 THz   0.4595  0.0000 -0.4595  0.0000 -0.4595  0.0000  0.3496 -0.0000 -0.3496 -0.0000 -0.3496 -0.0000
    3  12.8767 THz   0.0000  0.0000 -0.3513 -0.0031  0.3513  0.0031  0.0000  0.0000  0.6136  0.0054 -0.6136 -0.0054
    4  12.8767 THz  -0.4057  0.0000 -0.2028  0.0000 -0.2028  0.0000  0.7086 -0.0000  0.3543  0.0000  0.3543  0.0000
    5  19.9077 THz  -0.3496  0.0000  0.3496 -0.0000  0.3496  0.0000  0.4595  0.0000 -0.4595 -0.0000 -0.4595 -0.0000


 Q=  0.000000  0.121496  0.000000, q=  0.250000  0.000000  0.250000

                       Mg X   0        Mg Y   0        Mg Z   0         O X   1         O Y   1         O Z   1     
                    --------------- --------------- --------------- --------------- --------------- ---------------
    0   6.9624 THz   0.8810  0.0000  0.0000 -0.0000  0.0000  0.0000  0.4732 -0.0000  0.0000  0.0000 -0.0000  0.0000
    1   6.9624 THz   0.0000  0.0000  0.0000  0.0000 -0.5438 -0.6931  0.0000  0.0000  0.0000  0.0000 -0.2921 -0.3723
    2  11.2636 THz   0.0000  0.0000 -0.8557  0.0128  0.0000  0.0000 -0.0000  0.0000 -0.5172  0.0077  0.0000 -0.0000
    3  13.8688 THz  -0.4732  0.0000  0.0000 -0.0000  0.0000  0.0000  0.8810 -0.0000  0.0000  0.0000 -0.0000  0.0000
    4  13.8688 THz   0.0000  0.0000 -0.0000 -0.0000  0.4701 -0.0541 -0.0000 -0.0000 -0.0000  0.0000 -0.8752  0.1007
    5  19.1278 THz   0.0000  0.0000  0.5149 -0.0496 -0.0000 -0.0000  0.0000 -0.0000 -0.8519  0.0820  0.0000  0.0000


 Q= -0.121496 -0.121496  0.242991, q=  0.250000  0.250000 -0.500000

                       Mg X   0        Mg Y   0        Mg Z   0         O X   1         O Y   1         O Z   1     
                    --------------- --------------- --------------- --------------- --------------- ---------------
    0   8.6703 THz  -0.6924  0.0000  0.6924  0.0000  0.0000  0.0000  0.1432 -0.0000 -0.1432  0.0000 -0.0000 -0.0000
    1   9.8699 THz   0.0000  0.0000 -0.0000  0.0000  0.9515  0.0462 -0.0000 -0.0000 -0.0000 -0.0000 -0.3039 -0.0148
    2  12.5103 THz  -0.1432  0.0000  0.1432 -0.0000 -0.0000 -0.0000 -0.6924  0.0000  0.6924 -0.0000  0.0000 -0.0000
    3  13.6206 THz   0.6134  0.0000  0.6134 -0.0000 -0.0000  0.0000 -0.3517  0.0000 -0.3517 -0.0000  0.0000  0.0000
    4  15.0981 THz   0.0000  0.0000  0.0000  0.0000 -0.2537 -0.1680 -0.0000 -0.0000 -0.0000 -0.0000 -0.7942 -0.5260
    5  18.6461 THz  -0.3517  0.0000 -0.3517 -0.0000 -0.0000 -0.0000 -0.6134  0.0000 -0.6134  0.0000  0.0000 -0.0000


 Q= -0.060748 -0.060748  0.182244, q=  0.250000  0.250000 -0.250000

                       Mg X   0        Mg Y   0        Mg Z   0         O X   1         O Y   1         O Z   1     
                    --------------- --------------- --------------- --------------- --------------- ---------------
    0   8.8926 THz  -0.6732  0.0000  0.6732 -0.0000  0.0000 -0.0000 -0.2164 -0.0000  0.2164  0.0000  0.0000  0.0000
    1  10.2804 THz  -0.5288  0.0000 -0.5288  0.0000 -0.6483  0.0000 -0.1010 -0.0000 -0.1010 -0.0000  0.0039  0.0000
    2  13.6473 THz   0.2164  0.0000 -0.2164 -0.0000 -0.0000  0.0000 -0.6732 -0.0000  0.6732  0.0000 -0.0000  0.0000
    3  13.9871 THz  -0.4230  0.0000 -0.4230 -0.0000  0.7451  0.0000 -0.1735 -0.0000 -0.1735 -0.0000  0.1639 -0.0000
    4  14.7413 THz  -0.1091  0.0000 -0.1091  0.0000  0.0070 -0.0000  0.5601  0.0000  0.5601  0.0000  0.5905  0.0000
    5  17.8509 THz  -0.1719  0.0000 -0.1719 -0.0000  0.1566  0.0000  0.3820  0.0000  0.3820 -0.0000 -0.7902  0.0000


 Q=  0.000000  0.000000  0.121496, q=  0.250000  0.250000  0.000000

                       Mg X   0        Mg Y   0        Mg Z   0         O X   1         O Y   1         O Z   1     
                    --------------- --------------- --------------- --------------- --------------- ---------------
    0   6.9624 THz   0.8810  0.0000  0.0000 -0.0000 -0.0000  0.0000  0.4732  0.0000  0.0000 -0.0000  0.0000 -0.0000
    1   6.9624 THz  -0.0000  0.0000  0.8795 -0.0504  0.0000 -0.0000 -0.0000  0.0000  0.4724 -0.0271  0.0000 -0.0000
    2  11.2636 THz   0.0000  0.0000  0.0000  0.0000 -0.7597 -0.3940 -0.0000  0.0000  0.0000  0.0000 -0.4592 -0.2382
    3  13.8688 THz   0.4727  0.0000 -0.0207 -0.0006  0.0000  0.0000 -0.8801 -0.0000  0.0386  0.0010  0.0000  0.0000
    4  13.8688 THz   0.0207  0.0000  0.4726  0.0126 -0.0000 -0.0000 -0.0386  0.0000 -0.8798 -0.0234 -0.0000  0.0000
    5  19.1278 THz  -0.0000  0.0000  0.0000 -0.0000 -0.4548  0.2465 -0.0000 -0.0000 -0.0000  0.0000  0.7524 -0.4078


 Q=  0.060748  0.060748  0.060748, q=  0.250000  0.250000  0.250000

                       Mg X   0        Mg Y   0        Mg Z   0         O X   1         O Y   1         O Z   1     
                    --------------- --------------- --------------- --------------- --------------- ---------------
    0   6.2172 THz  -0.6568  0.0000  0.5586 -0.0070  0.0982  0.0070 -0.3760  0.0000  0.3198 -0.0040  0.0562  0.0040
    1   6.2172 THz   0.2659  0.0000  0.4356 -0.0173 -0.7015  0.0173  0.1522 -0.0000  0.2494 -0.0099 -0.4016  0.0099
    2  11.3278 THz  -0.4595  0.0000 -0.4595  0.0000 -0.4595 -0.0000 -0.3496  0.0000 -0.3496 -0.0000 -0.3496  0.0000
    3  12.8767 THz  -0.3843  0.0000  0.3042  0.0105  0.0801 -0.0105  0.6712 -0.0000 -0.5313 -0.0184 -0.1399  0.0184
    4  12.8767 THz  -0.1300  0.0000 -0.2664 -0.0311  0.3963  0.0311  0.2270  0.0000  0.4653  0.0544 -0.6923 -0.0544
    5  19.9077 THz  -0.3496  0.0000 -0.3496  0.0000 -0.3496  0.0000  0.4595 -0.0000  0.4595 -0.0000  0.4595 -0.0000
