
Used Primitive lattice vector

    0.000000000000      2.729361000000      2.729361000000  
    2.729361000000      0.000000000000      2.729361000000  
    2.729361000000      2.729361000000      0.000000000000  

   2 Atom(s) in the Primitive cell

 0.0000000000 0.0000000000 0.0000000000 Si    0
 0.2500000000 0.2500000000 0.2500000000 Si    1


 Q= -0.091597 -0.091597 -0.091597, q= -0.500000 -0.500000 -0.500000

                       Si X   0        Si Y   0        Si Z   0        Si X   1        Si Y   1        Si Z   1     
                    --------------- --------------- --------------- --------------- --------------- ---------------
    0   3.2734 THz  -0.1492  0.0000 -0.3950  0.1129  0.5443 -0.1129 -0.1055  0.1055 -0.1995  0.3591  0.3050 -0.4647
    1   3.2734 THz   0.5577  0.0000 -0.4045  0.0302 -0.1532 -0.0302  0.3944 -0.3944 -0.2647  0.3074 -0.1297  0.0870
    2  10.9281 THz  -0.4082  0.0000 -0.4082  0.0000 -0.4082 -0.0000  0.2887 -0.2887  0.2887 -0.2887  0.2887 -0.2887
    3  12.1506 THz  -0.4082  0.0000 -0.4082  0.0000 -0.4082 -0.0000 -0.2887  0.2887 -0.2887  0.2887 -0.2887  0.2887
    4  14.2466 THz   0.0825  0.0000 -0.3399  0.3946  0.2574 -0.3946 -0.0583  0.0583 -0.0387 -0.5194  0.0970  0.4610
    5  14.2466 THz  -0.5714  0.0000  0.2426  0.0570  0.3288 -0.0570  0.4041 -0.4041 -0.2118  0.1313 -0.1922  0.2728


 Q= -0.045798 -0.045798 -0.137395, q= -0.500000 -0.500000 -0.250000

                       Si X   0        Si Y   0        Si Z   0        Si X   1        Si Y   1        Si Z   1     
                    --------------- --------------- --------------- --------------- --------------- ---------------
    0   4.1834 THz   0.5000  0.0000 -0.5000 -0.0000  0.0000  0.0000  0.2314 -0.4433 -0.2314  0.4433  0.0000 -0.0000
    1   5.8373 THz   0.4222  0.0000  0.4222 -0.0000 -0.2549 -0.2804  0.2916  0.3053  0.2916  0.3053 -0.3788  0.0093
    2   9.3465 THz   0.3124  0.0000  0.3124  0.0000  0.2312  0.5014 -0.2303  0.2111 -0.2303  0.2111  0.1684  0.5258
    3  12.1457 THz   0.3191  0.0000  0.3191 -0.0000  0.4318  0.3314  0.0773 -0.3096  0.0773 -0.3096 -0.2169 -0.4993
    4  13.5921 THz  -0.5000  0.0000  0.5000 -0.0000 -0.0000 -0.0000  0.2314 -0.4433 -0.2314  0.4433  0.0000 -0.0000
    5  13.9959 THz   0.3498  0.0000  0.3498 -0.0000 -0.2929 -0.4117 -0.2168 -0.2745 -0.2168 -0.2745  0.5046 -0.0253


 Q=  0.000000  0.000000 -0.183193, q= -0.500000 -0.500000  0.000000

                       Si X   0        Si Y   0        Si Z   0        Si X   1        Si Y   1        Si Z   1     
                    --------------- --------------- --------------- --------------- --------------- ---------------
    0   4.2871 THz   0.7071  0.0000  0.0000  0.0000 -0.0000  0.0000  0.0000  0.0000  0.0000  0.7071  0.0000  0.0000
    1   4.2871 THz   0.0000  0.0000 -0.7071 -0.0000 -0.0000  0.0000  0.0000 -0.7071 -0.0000  0.0000  0.0000 -0.0000
    2  11.9476 THz   0.0000  0.0000  0.0000  0.0000  0.9865  0.0000  0.0000 -0.0000 -0.0000  0.0000  0.0000  0.1640
    3  11.9476 THz   0.0000  0.0000 -0.0000 -0.0000 -0.1568 -0.0481 -0.0000  0.0000  0.0000 -0.0000 -0.2892  0.9431
    4  13.4218 THz   0.7071  0.0000  0.0000 -0.0000  0.0000 -0.0000 -0.0000 -0.0000 -0.0000 -0.7071 -0.0000 -0.0000
    5  13.4218 THz   0.0000  0.0000  0.7071 -0.0000 -0.0000  0.0000 -0.0000 -0.7071 -0.0000  0.0000  0.0000 -0.0000


 Q=  0.045798  0.045798 -0.228991, q= -0.500000 -0.500000  0.250000

                       Si X   0        Si Y   0        Si Z   0        Si X   1        Si Y   1        Si Z   1     
                    --------------- --------------- --------------- --------------- --------------- ---------------
    0   4.1834 THz   0.5000  0.0000 -0.5000  0.0000 -0.0000  0.0000 -0.2314 -0.4433  0.2314  0.4433  0.0000 -0.0000
    1   5.8373 THz   0.4222  0.0000  0.4222 -0.0000 -0.2549  0.2804 -0.2916  0.3053 -0.2916  0.3053  0.3788  0.0093
    2   9.3465 THz  -0.3124  0.0000 -0.3124  0.0000 -0.2312  0.5014 -0.2303 -0.2111 -0.2303 -0.2111  0.1684 -0.5258
    3  12.1457 THz  -0.3191  0.0000 -0.3191  0.0000 -0.4318  0.3314  0.0773  0.3096  0.0773  0.3096 -0.2169  0.4993
    4  13.5921 THz  -0.5000  0.0000  0.5000  0.0000 -0.0000  0.0000 -0.2314 -0.4433  0.2314  0.4433 -0.0000 -0.0000
    5  13.9959 THz  -0.3498  0.0000 -0.3498 -0.0000  0.2929 -0.4117 -0.2168  0.2745 -0.2168  0.2745  0.5046  0.0253


 Q= -0.045798 -0.137395 -0.045798, q= -0.500000 -0.250000 -0.500000

                       Si X   0        Si Y   0        Si Z   0        Si X   1        Si Y   1        Si Z   1     
                    --------------- --------------- --------------- --------------- --------------- ---------------
    0   4.1834 THz   0.5000  0.0000  0.0000  0.0000 -0.5000  0.0000  0.2314 -0.4433  0.0000 -0.0000 -0.2314  0.4433
    1   5.8373 THz   0.4222  0.0000 -0.2549 -0.2804  0.4222 -0.0000  0.2916  0.3053 -0.3788  0.0093  0.2916  0.3053
    2   9.3465 THz  -0.3124  0.0000 -0.2312 -0.5014 -0.3124 -0.0000  0.2303 -0.2111 -0.1684 -0.5258  0.2303 -0.2111
    3  12.1457 THz  -0.3191  0.0000 -0.4318 -0.3314 -0.3191 -0.0000 -0.0773  0.3096  0.2169  0.4993 -0.0773  0.3096
    4  13.5921 THz  -0.5000  0.0000 -0.0000 -0.0000  0.5000  0.0000  0.2314 -0.4433  0.0000  0.0000 -0.2314  0.4433
    5  13.9959 THz  -0.3498  0.0000  0.2929  0.4117 -0.3498 -0.0000  0.2168  0.2745 -0.5046  0.0253  0.2168  0.2745


 Q=  0.000000 -0.091597 -0.091597, q= -0.500000 -0.250000 -0.250000

                       Si X   0        Si Y   0        Si Z   0        Si X   1        Si Y   1        Si Z   1     
                    --------------- --------------- --------------- --------------- --------------- ---------------
    0   4.0696 THz  -0.0000  0.0000 -0.4972  0.0526  0.4972 -0.0526 -0.0000 -0.0000 -0.4972  0.0526  0.4972 -0.0526
    1   5.7718 THz  -0.6275  0.0000  0.0000  0.2305 -0.0000  0.2305 -0.6275 -0.0000  0.0000 -0.2305 -0.0000 -0.2305
    2   8.3083 THz   0.3378  0.0000 -0.0000  0.4393 -0.0000  0.4393 -0.3378 -0.0000 -0.0000  0.4393 -0.0000  0.4393
    3  12.3128 THz   0.3259  0.0000 -0.0000  0.4437 -0.0000  0.4437  0.3259  0.0000  0.0000 -0.4437  0.0000 -0.4437
    4  13.7760 THz   0.0000  0.0000 -0.4939  0.0776  0.4939 -0.0776 -0.0000  0.0000  0.4939 -0.0776 -0.4939  0.0776
    5  14.2744 THz   0.6212  0.0000  0.0000 -0.2388 -0.0000 -0.2388 -0.6212  0.0000 -0.0000 -0.2388  0.0000 -0.2388


 Q=  0.045798 -0.045798 -0.137395, q= -0.500000 -0.250000  0.000000

                       Si X   0        Si Y   0        Si Z   0        Si X   1        Si Y   1        Si Z   1     
                    --------------- --------------- --------------- --------------- --------------- ---------------
    0   4.1834 THz   0.5000  0.0000  0.5000  0.0000  0.0000 -0.0000  0.2314  0.4433  0.2314  0.4433  0.0000 -0.0000
    1   5.8373 THz  -0.4222  0.0000  0.4222  0.0000 -0.2549  0.2804 -0.2916  0.3053  0.2916 -0.3053 -0.3788 -0.0093
    2   9.3465 THz  -0.3124  0.0000  0.3124 -0.0000  0.2312 -0.5014  0.2303  0.2111 -0.2303 -0.2111  0.1684 -0.5258
    3  12.1457 THz  -0.3191  0.0000  0.3191  0.0000  0.4318 -0.3314 -0.0773 -0.3096  0.0773  0.3096 -0.2169  0.4993
    4  13.5921 THz   0.5000  0.0000  0.5000  0.0000 -0.0000  0.0000 -0.2314 -0.4433 -0.2314 -0.4433  0.0000  0.0000
    5  13.9959 THz   0.3498  0.0000 -0.3498  0.0000  0.2929 -0.4117 -0.2168  0.2745  0.2168 -0.2745 -0.5046 -0.0253


 Q=  0.091597  0.000000 -0.183193, q= -0.500000 -0.250000  0.250000

                       Si X   0        Si Y   0        Si Z   0        Si X   1        Si Y   1        Si Z   1     
                    --------------- --------------- --------------- --------------- --------------- ---------------
    0   5.9484 THz   0.7525  0.0000  0.0000 -0.0000 -0.0000  0.0000 -0.0000  0.0000  0.0000  0.4657  0.4657 -0.0000
    1   5.9484 THz   0.0000  0.0000 -0.4657  0.0060 -0.0060 -0.4657 -0.0097 -0.7524 -0.0000 -0.0000  0.0000 -0.0000
    2  10.4098 THz   0.0000  0.0000  0.6169  0.3441  0.3441 -0.6169 -0.0000 -0.0000  0.0198 -0.0239  0.0239  0.0198
    3  10.4098 THz   0.0000  0.0000  0.0091 -0.0297 -0.0297 -0.0091 -0.0000 -0.0000  0.6269  0.3257 -0.3257  0.6269
    4  13.6072 THz   0.0000  0.0000  0.5321 -0.0006  0.0006  0.5321 -0.0007 -0.6586 -0.0000 -0.0000  0.0000 -0.0000
    5  13.6072 THz   0.6586  0.0000  0.0000  0.0000  0.0000 -0.0000  0.0000 -0.0000 -0.0000 -0.5321 -0.5321  0.0000


 Q=  0.000000 -0.183193  0.000000, q= -0.500000  0.000000 -0.500000

                       Si X   0        Si Y   0        Si Z   0        Si X   1        Si Y   1        Si Z   1     
                    --------------- --------------- --------------- --------------- --------------- ---------------
    0   4.2871 THz   0.7071  0.0000  0.0000 -0.0000 -0.0000  0.0000  0.0000 -0.0000 -0.0000  0.0000  0.0000  0.7071
    1   4.2871 THz   0.0000  0.0000  0.0000 -0.0000 -0.7071 -0.0000  0.0000 -0.7071 -0.0000 -0.0000 -0.0000 -0.0000
    2  11.9476 THz   0.0000  0.0000 -0.9995  0.0000 -0.0000 -0.0000 -0.0000  0.0000 -0.0000  0.0309  0.0000  0.0000
    3  11.9476 THz   0.0000  0.0000 -0.0122  0.0284 -0.0000 -0.0000 -0.0000  0.0000 -0.9186 -0.3940  0.0000  0.0000
    4  13.4218 THz   0.7071  0.0000  0.0000  0.0000  0.0000 -0.0000 -0.0000  0.0000  0.0000 -0.0000 -0.0000 -0.7071
    5  13.4218 THz   0.0000  0.0000  0.0000 -0.0000 -0.7071  0.0000  0.0000  0.7071  0.0000 -0.0000  0.0000  0.0000


 Q=  0.045798 -0.137395 -0.045798, q= -0.500000  0.000000 -0.250000

                       Si X   0        Si Y   0        Si Z   0        Si X   1        Si Y   1        Si Z   1     
                    --------------- --------------- --------------- --------------- --------------- ---------------
    0   4.1834 THz   0.5000  0.0000 -0.0000 -0.0000  0.5000  0.0000  0.2314  0.4433  0.0000 -0.0000  0.2314  0.4433
    1   5.8373 THz  -0.4222  0.0000 -0.2549  0.2804  0.4222  0.0000 -0.2916  0.3053 -0.3788 -0.0093  0.2916 -0.3053
    2   9.3465 THz   0.3124  0.0000 -0.2312  0.5014 -0.3124 -0.0000 -0.2303 -0.2111 -0.1684  0.5258  0.2303  0.2111
    3  12.1457 THz   0.3191  0.0000 -0.4318  0.3314 -0.3191  0.0000  0.0773  0.3096  0.2169 -0.4993 -0.0773 -0.3096
    4  13.5921 THz   0.5000  0.0000  0.0000 -0.0000  0.5000 -0.0000 -0.2314 -0.4433 -0.0000 -0.0000 -0.2314 -0.4433
    5  13.9959 THz  -0.3498  0.0000 -0.2929  0.4117  0.3498 -0.0000  0.2168 -0.2745  0.5046  0.0253 -0.2168  0.2745


 Q=  0.091597 -0.091597 -0.091597, q= -0.500000  0.000000  0.000000

                       Si X   0        Si Y   0        Si Z   0        Si X   1        Si Y   1        Si Z   1     
                    --------------- --------------- --------------- --------------- --------------- ---------------
    0   3.2734 THz   0.5599  0.0000  0.3878  0.0572  0.1721 -0.0572  0.3959  0.3959  0.2337  0.3147  0.1622  0.0812
    1   3.2734 THz   0.1410  0.0000 -0.3578 -0.2274  0.4987  0.2274  0.0997  0.0997 -0.0922 -0.4138  0.1919  0.5134
    2  10.9281 THz   0.4082  0.0000 -0.4082  0.0000 -0.4082 -0.0000 -0.2887 -0.2887  0.2887  0.2887  0.2887  0.2887
    3  12.1506 THz  -0.4082  0.0000  0.4082  0.0000  0.4082  0.0000 -0.2887 -0.2887  0.2887  0.2887  0.2887  0.2887
    4  14.2466 THz  -0.5654  0.0000 -0.1835  0.0198 -0.3819 -0.0198  0.3998  0.3998  0.1438  0.1158  0.2560  0.2840
    5  14.2466 THz  -0.1168  0.0000 -0.5386 -0.0960  0.4218  0.0960  0.0826  0.0826  0.3129  0.4487 -0.2304 -0.3661


 Q=  0.137395 -0.045798 -0.137395, q= -0.500000  0.000000  0.250000

                       Si X   0        Si Y   0        Si Z   0        Si X   1        Si Y   1        Si Z   1     
                    --------------- --------------- --------------- --------------- --------------- ---------------
    0   4.1834 THz   0.5000  0.0000  0.0000  0.0000  0.5000 -0.0000  0.4433  0.2314  0.0000  0.0000  0.4433  0.2314
    1   5.8373 THz  -0.4222  0.0000 -0.2549 -0.2804  0.4222  0.0000  0.3053 -0.2916 -0.0093 -0.3788 -0.3053  0.2916
    2   9.3465 THz  -0.3124  0.0000  0.2312  0.5014  0.3124 -0.0000  0.2111  0.2303 -0.5258  0.1684 -0.2111 -0.2303
    3  12.1457 THz   0.3191  0.0000 -0.4318 -0.3314 -0.3191  0.0000  0.3096  0.0773 -0.4993  0.2169 -0.3096 -0.0773
    4  13.5921 THz   0.5000  0.0000  0.0000  0.0000  0.5000 -0.0000 -0.4433 -0.2314  0.0000 -0.0000 -0.4433 -0.2314
    5  13.9959 THz  -0.3498  0.0000 -0.2929 -0.4117  0.3498 -0.0000 -0.2745  0.2168  0.0253  0.5046  0.2745 -0.2168


 Q=  0.045798 -0.228991  0.045798, q= -0.500000  0.250000 -0.500000

                       Si X   0        Si Y   0        Si Z   0        Si X   1        Si Y   1        Si Z   1     
                    --------------- --------------- --------------- --------------- --------------- ---------------
    0   4.1834 THz   0.5000  0.0000 -0.0000  0.0000 -0.5000 -0.0000 -0.2314 -0.4433  0.0000 -0.0000  0.2314  0.4433
    1   5.8373 THz   0.4222  0.0000 -0.2549  0.2804  0.4222  0.0000 -0.2916  0.3053  0.3788  0.0093 -0.2916  0.3053
    2   9.3465 THz   0.3124  0.0000  0.2312 -0.5014  0.3124  0.0000  0.2303  0.2111 -0.1684  0.5258  0.2303  0.2111
    3  12.1457 THz   0.3191  0.0000  0.4318 -0.3314  0.3191  0.0000 -0.0773 -0.3096  0.2169 -0.4993 -0.0773 -0.3096
    4  13.5921 THz  -0.5000  0.0000  0.0000 -0.0000  0.5000  0.0000 -0.2314 -0.4433  0.0000 -0.0000  0.2314  0.4433
    5  13.9959 THz   0.3498  0.0000 -0.2929  0.4117  0.3498  0.0000  0.2168 -0.2745 -0.5046 -0.0253  0.2168 -0.2745


 Q=  0.091597 -0.183193  0.000000, q= -0.500000  0.250000 -0.250000

                       Si X   0        Si Y   0        Si Z   0        Si X   1        Si Y   1        Si Z   1     
                    --------------- --------------- --------------- --------------- --------------- ---------------
    0   5.9484 THz   0.7525  0.0000  0.0000  0.0000 -0.0000 -0.0000  0.0000 -0.0000  0.4657  0.0000 -0.0000  0.4657
    1   5.9484 THz   0.0000  0.0000 -0.4640  0.0398  0.0398  0.4640 -0.7498  0.0642 -0.0000  0.0000  0.0000  0.0000
    2  10.4098 THz   0.0000  0.0000  0.5954 -0.0060  0.0060  0.5954  0.0000 -0.0000 -0.3801  0.0322  0.0322  0.3801
    3  10.4098 THz   0.0000  0.0000  0.2945 -0.2425  0.2425  0.2945 -0.0000 -0.0000  0.4302 -0.4116 -0.4116 -0.4302
    4  13.6072 THz   0.0000  0.0000 -0.4836 -0.2220 -0.2220  0.4836  0.5985  0.2747  0.0000 -0.0000  0.0000 -0.0000
    5  13.6072 THz   0.6586  0.0000  0.0000 -0.0000  0.0000  0.0000 -0.0000  0.0000 -0.5321 -0.0000  0.0000 -0.5321


 Q=  0.137395 -0.137395 -0.045798, q= -0.500000  0.250000  0.000000

                       Si X   0        Si Y   0        Si Z   0        Si X   1        Si Y   1        Si Z   1     
                    --------------- --------------- --------------- --------------- --------------- ---------------
    0   4.1834 THz   0.5000  0.0000  0.5000 -0.0000  0.0000  0.0000  0.4433  0.2314  0.4433  0.2314  0.0000  0.0000
    1   5.8373 THz  -0.4222  0.0000  0.4222 -0.0000 -0.2549 -0.2804  0.3053 -0.2916 -0.3053  0.2916 -0.0093 -0.3788
    2   9.3465 THz  -0.3124  0.0000  0.3124  0.0000  0.2312  0.5014  0.2111  0.2303 -0.2111 -0.2303 -0.5258  0.1684
    3  12.1457 THz   0.3191  0.0000 -0.3191  0.0000 -0.4318 -0.3314  0.3096  0.0773 -0.3096 -0.0773 -0.4993  0.2169
    4  13.5921 THz   0.5000  0.0000  0.5000 -0.0000 -0.0000 -0.0000 -0.4433 -0.2314 -0.4433 -0.2314 -0.0000  0.0000
    5  13.9959 THz  -0.3498  0.0000  0.3498 -0.0000 -0.2929 -0.4117 -0.2745  0.2168  0.2745 -0.2168  0.0253  0.5046


 Q=  0.183193 -0.091597 -0.091597, q= -0.500000  0.250000  0.250000

                       Si X   0        Si Y   0        Si Z   0        Si X   1        Si Y   1        Si Z   1     
                    --------------- --------------- --------------- --------------- --------------- ---------------
    0   4.0696 THz   0.0000  0.0000  0.4804 -0.1388 -0.4804  0.1388  0.0000  0.0000  0.1388  0.4804 -0.1388 -0.4804
    1   5.7718 THz   0.6275  0.0000 -0.0000  0.2305  0.0000  0.2305  0.0000  0.6275  0.2305 -0.0000  0.2305  0.0000
    2   8.3083 THz   0.3378  0.0000  0.0000 -0.4393 -0.0000 -0.4393 -0.0000 -0.3378  0.4393  0.0000  0.4393 -0.0000
    3  12.3128 THz   0.3259  0.0000  0.0000 -0.4437 -0.0000 -0.4437  0.0000  0.3259 -0.4437 -0.0000 -0.4437  0.0000
    4  13.7760 THz   0.0000  0.0000  0.4055  0.2926 -0.4055 -0.2926  0.0000 -0.0000  0.2926 -0.4055 -0.2926  0.4055
    5  14.2744 THz  -0.6212  0.0000  0.0000 -0.2388 -0.0000 -0.2388  0.0000  0.6212  0.2388 -0.0000  0.2388  0.0000


 Q= -0.137395 -0.045798 -0.045798, q= -0.250000 -0.500000 -0.500000

                       Si X   0        Si Y   0        Si Z   0        Si X   1        Si Y   1        Si Z   1     
                    --------------- --------------- --------------- --------------- --------------- ---------------
    0   4.1834 THz   0.0000  0.0000  0.4989  0.0333 -0.4989 -0.0333  0.0000 -0.0000  0.2603 -0.4269 -0.2603  0.4269
    1   5.8373 THz   0.3789  0.0000 -0.2840  0.3124 -0.2840  0.3124  0.2479 -0.2865 -0.4220  0.0104 -0.4220  0.0104
    2   9.3465 THz  -0.5521  0.0000 -0.1308  0.2837 -0.1308  0.2837 -0.5480 -0.0673 -0.0953 -0.2975 -0.0953 -0.2975
    3  12.1457 THz   0.5444  0.0000  0.2532 -0.1943  0.2532 -0.1943 -0.4760 -0.2641 -0.1271 -0.2927 -0.1271 -0.2927
    4  13.5921 THz   0.0000  0.0000 -0.4999 -0.0094  0.4999  0.0094 -0.0000  0.0000  0.2397 -0.4388 -0.2397  0.4388
    5  13.9959 THz  -0.5052  0.0000  0.2028 -0.2850  0.2028 -0.2850  0.2719 -0.4259 -0.3494  0.0175 -0.3494  0.0175


 Q= -0.091597  0.000000 -0.091597, q= -0.250000 -0.500000 -0.250000

                       Si X   0        Si Y   0        Si Z   0        Si X   1        Si Y   1        Si Z   1     
                    --------------- --------------- --------------- --------------- --------------- ---------------
    0   4.0696 THz  -0.5000  0.0000 -0.0000  0.0000  0.5000  0.0000 -0.5000 -0.0000 -0.0000  0.0000  0.5000  0.0000
    1   5.7718 THz  -0.2305  0.0000 -0.0000 -0.6275 -0.2305 -0.0000  0.2305 -0.0000 -0.0000 -0.6275  0.2305 -0.0000
    2   8.3083 THz  -0.4393  0.0000  0.0000  0.3378 -0.4393 -0.0000 -0.4393  0.0000  0.0000 -0.3378 -0.4393  0.0000
    3  12.3128 THz  -0.4437  0.0000  0.0000  0.3259 -0.4437  0.0000  0.4437 -0.0000  0.0000  0.3259  0.4437 -0.0000
    4  13.7760 THz   0.5000  0.0000 -0.0000 -0.0000 -0.5000  0.0000 -0.5000  0.0000  0.0000  0.0000  0.5000 -0.0000
    5  14.2744 THz  -0.2388  0.0000 -0.0000 -0.6212 -0.2388  0.0000 -0.2388  0.0000  0.0000  0.6212 -0.2388  0.0000


 Q= -0.045798  0.045798 -0.137395, q= -0.250000 -0.500000  0.000000

                       Si X   0        Si Y   0        Si Z   0        Si X   1        Si Y   1        Si Z   1     
                    --------------- --------------- --------------- --------------- --------------- ---------------
    0   4.1834 THz   0.5000  0.0000  0.5000 -0.0000 -0.0000  0.0000  0.2314  0.4433  0.2314  0.4433 -0.0000 -0.0000
    1   5.8373 THz   0.4222  0.0000 -0.4222  0.0000 -0.2549  0.2804  0.2916 -0.3053 -0.2916  0.3053 -0.3788 -0.0093
    2   9.3465 THz  -0.3124  0.0000  0.3124 -0.0000 -0.2312  0.5014  0.2303  0.2111 -0.2303 -0.2111 -0.1684  0.5258
    3  12.1457 THz   0.3191  0.0000 -0.3191 -0.0000  0.4318 -0.3314  0.0773  0.3096 -0.0773 -0.3096 -0.2169  0.4993
    4  13.5921 THz   0.5000  0.0000  0.5000  0.0000  0.0000  0.0000 -0.2314 -0.4433 -0.2314 -0.4433  0.0000  0.0000
    5  13.9959 THz   0.3498  0.0000 -0.3498 -0.0000 -0.2929  0.4117 -0.2168  0.2745  0.2168 -0.2745  0.5046  0.0253


 Q=  0.000000  0.091597 -0.183193, q= -0.250000 -0.500000  0.250000

                       Si X   0        Si Y   0        Si Z   0        Si X   1        Si Y   1        Si Z   1     
                    --------------- --------------- --------------- --------------- --------------- ---------------
    0   5.9484 THz  -0.4657  0.0000 -0.0000  0.0000  0.0000 -0.4657 -0.0000 -0.0000  0.0000 -0.7525 -0.0000 -0.0000
    1   5.9484 THz   0.0000  0.0000  0.5856 -0.4726  0.0000 -0.0000  0.2925  0.3624 -0.0000 -0.0000  0.3624 -0.2925
    2  10.4098 THz  -0.7071  0.0000 -0.0000 -0.0000 -0.0000  0.7071 -0.0000  0.0000 -0.0000  0.0000  0.0000  0.0000
    3  10.4098 THz   0.0000  0.0000 -0.0000  0.0000 -0.0000  0.0000 -0.5535 -0.4400  0.0000  0.0000  0.4400 -0.5535
    4  13.6072 THz   0.0000  0.0000 -0.6320 -0.1853 -0.0000 -0.0000 -0.1497  0.5106  0.0000 -0.0000  0.5106  0.1497
    5  13.6072 THz   0.5321  0.0000 -0.0000 -0.0000 -0.0000  0.5321 -0.0000 -0.0000 -0.0000 -0.6586  0.0000  0.0000


 Q= -0.091597 -0.091597  0.000000, q= -0.250000 -0.250000 -0.500000

                       Si X   0        Si Y   0        Si Z   0        Si X   1        Si Y   1        Si Z   1     
                    --------------- --------------- --------------- --------------- --------------- ---------------
    0   4.0696 THz  -0.5000  0.0000  0.5000  0.0000  0.0000  0.0000 -0.5000  0.0000  0.5000  0.0000 -0.0000  0.0000
    1   5.7718 THz  -0.2305  0.0000 -0.2305 -0.0000  0.0000 -0.6275  0.2305  0.0000  0.2305  0.0000  0.0000 -0.6275
    2   8.3083 THz  -0.4393  0.0000 -0.4393 -0.0000 -0.0000  0.3378 -0.4393 -0.0000 -0.4393 -0.0000  0.0000 -0.3378
    3  12.3128 THz   0.4437  0.0000  0.4437  0.0000 -0.0000 -0.3259 -0.4437 -0.0000 -0.4437 -0.0000  0.0000 -0.3259
    4  13.7760 THz   0.5000  0.0000 -0.5000 -0.0000  0.0000  0.0000 -0.5000 -0.0000  0.5000  0.0000 -0.0000 -0.0000
    5  14.2744 THz   0.2388  0.0000  0.2388  0.0000 -0.0000  0.6212  0.2388  0.0000  0.2388 -0.0000  0.0000 -0.6212


 Q= -0.045798 -0.045798 -0.045798, q= -0.250000 -0.250000 -0.250000

                       Si X   0        Si Y   0        Si Z   0        Si X   1        Si Y   1        Si Z   1     
                    --------------- --------------- --------------- --------------- --------------- ---------------
    0   2.8328 THz   0.4289  0.0000 -0.1163  0.3200 -0.3126 -0.3200  0.4075 -0.1338 -0.0107  0.3403 -0.3968 -0.2065
    1   2.8328 THz  -0.3865 -0.0000  0.3021  0.3551  0.0843 -0.3551 -0.3672  0.1205  0.3978  0.2432 -0.0307 -0.3637
    2   6.7034 THz  -0.4082  0.0000 -0.4082  0.0000 -0.4082  0.0000 -0.3628 -0.1873 -0.3628 -0.1873 -0.3628 -0.1873
    3  14.2305 THz  -0.4082  0.0000 -0.4082 -0.0000 -0.4082 -0.0000  0.3628  0.1873  0.3628  0.1873  0.3628  0.1873
    4  14.4279 THz  -0.1328  0.0000  0.0592  0.4865  0.0735 -0.4865  0.1262 -0.0414 -0.2080 -0.4438  0.0819  0.4852
    5  14.4279 THz   0.5619  0.0000 -0.2826  0.1150 -0.2792 -0.1150 -0.5339  0.1752  0.2327 -0.1974  0.3012  0.0221


 Q=  0.000000  0.000000 -0.091597, q= -0.250000 -0.250000  0.000000

                       Si X   0        Si Y   0        Si Z   0        Si X   1        Si Y   1        Si Z   1     
                    --------------- --------------- --------------- --------------- --------------- ---------------
    0   3.8028 THz   0.7071  0.0000  0.0000  0.0000 -0.0000  0.0000  0.5729  0.0000 -0.0000  0.4145 -0.0000  0.0000
    1   3.8028 THz   0.0000  0.0000 -0.7038  0.0687  0.0000 -0.0000 -0.0403 -0.4125 -0.5702  0.0557  0.0000 -0.0000
    2   6.9933 THz   0.0000  0.0000  0.0000 -0.0000  0.6641 -0.2429  0.0000  0.0000  0.0000 -0.0000  0.6641 -0.2429
    3  13.7900 THz   0.7071  0.0000  0.0000 -0.0000  0.0000 -0.0000 -0.5729 -0.0000  0.0000 -0.4145  0.0000 -0.0000
    4  13.7900 THz   0.0000  0.0000 -0.6733 -0.2161  0.0000  0.0000 -0.1267  0.3947  0.5455  0.1751 -0.0000 -0.0000
    5  14.3896 THz   0.0000  0.0000  0.0000 -0.0000  0.6829 -0.1836  0.0000 -0.0000 -0.0000 -0.0000 -0.6829  0.1836


 Q=  0.045798  0.045798 -0.137395, q= -0.250000 -0.250000  0.250000

                       Si X   0        Si Y   0        Si Z   0        Si X   1        Si Y   1        Si Z   1     
                    --------------- --------------- --------------- --------------- --------------- ---------------
    0   4.1834 THz   0.5000  0.0000 -0.5000  0.0000 -0.0000  0.0000  0.2314 -0.4433 -0.2314  0.4433  0.0000  0.0000
    1   5.8373 THz  -0.4222  0.0000 -0.4222  0.0000 -0.2549 -0.2804 -0.2916 -0.3053 -0.2916 -0.3053 -0.3788  0.0093
    2   9.3465 THz   0.3124  0.0000  0.3124  0.0000 -0.2312 -0.5014 -0.2303  0.2111 -0.2303  0.2111 -0.1684 -0.5258
    3  12.1457 THz  -0.3191  0.0000 -0.3191 -0.0000  0.4318  0.3314 -0.0773  0.3096 -0.0773  0.3096 -0.2169 -0.4993
    4  13.5921 THz  -0.5000  0.0000  0.5000 -0.0000  0.0000  0.0000  0.2314 -0.4433 -0.2314  0.4433 -0.0000 -0.0000
    5  13.9959 THz   0.3498  0.0000  0.3498 -0.0000  0.2929  0.4117 -0.2168 -0.2745 -0.2168 -0.2745 -0.5046  0.0253


 Q= -0.045798 -0.137395  0.045798, q= -0.250000  0.000000 -0.500000

                       Si X   0        Si Y   0        Si Z   0        Si X   1        Si Y   1        Si Z   1     
                    --------------- --------------- --------------- --------------- --------------- ---------------
    0   4.1834 THz   0.5000  0.0000  0.0000 -0.0000  0.5000  0.0000  0.2314  0.4433  0.0000  0.0000  0.2314  0.4433
    1   5.8373 THz  -0.4222  0.0000  0.2549 -0.2804  0.4222  0.0000 -0.2916  0.3053  0.3788  0.0093  0.2916 -0.3053
    2   9.3465 THz  -0.3124  0.0000 -0.2312  0.5014  0.3124 -0.0000  0.2303  0.2111 -0.1684  0.5258 -0.2303 -0.2111
    3  12.1457 THz   0.3191  0.0000  0.4318 -0.3314 -0.3191 -0.0000  0.0773  0.3096 -0.2169  0.4993 -0.0773 -0.3096
    4  13.5921 THz  -0.5000  0.0000 -0.0000  0.0000 -0.5000 -0.0000  0.2314  0.4433 -0.0000 -0.0000  0.2314  0.4433
    5  13.9959 THz  -0.3498  0.0000  0.2929 -0.4117  0.3498  0.0000  0.2168 -0.2745 -0.5046 -0.0253 -0.2168  0.2745


 Q=  0.000000 -0.091597  0.000000, q= -0.250000  0.000000 -0.250000

                       Si X   0        Si Y   0        Si Z   0        Si X   1        Si Y   1        Si Z   1     
                    --------------- --------------- --------------- --------------- --------------- ---------------
    0   3.8028 THz   0.7071  0.0000  0.0000 -0.0000  0.0000  0.0000  0.5729 -0.0000  0.0000 -0.0000  0.0000  0.4145
    1   3.8028 THz   0.0000  0.0000 -0.0000 -0.0000 -0.0261  0.7066 -0.4142 -0.0153 -0.0000 -0.0000 -0.0212  0.5725
    2   6.9933 THz   0.0000  0.0000  0.7008  0.0944  0.0000  0.0000 -0.0000  0.0000  0.7008  0.0944  0.0000  0.0000
    3  13.7900 THz   0.7071  0.0000  0.0000  0.0000 -0.0000 -0.0000 -0.5729  0.0000 -0.0000  0.0000 -0.0000 -0.4145
    4  13.7900 THz   0.0000  0.0000 -0.0000 -0.0000 -0.0821 -0.7023 -0.4117  0.0481  0.0000  0.0000  0.0665  0.5690
    5  14.3896 THz   0.0000  0.0000  0.6560  0.2638 -0.0000 -0.0000 -0.0000  0.0000 -0.6560 -0.2638  0.0000  0.0000


 Q=  0.045798 -0.045798 -0.045798, q= -0.250000  0.000000  0.000000

                       Si X   0        Si Y   0        Si Z   0        Si X   1        Si Y   1        Si Z   1     
                    --------------- --------------- --------------- --------------- --------------- ---------------
    0   2.8328 THz   0.3733  0.0000 -0.1947  0.0101  0.5680 -0.0101  0.3546  0.1164 -0.1881 -0.0511  0.5428  0.1676
    1   2.8328 THz  -0.4405 -0.0000 -0.5434  0.0085  0.1029 -0.0085 -0.4185 -0.1374 -0.5189 -0.1613  0.1004  0.0240
    2   6.7034 THz   0.4082  0.0000 -0.4082  0.0000 -0.4082  0.0000  0.3628 -0.1873 -0.3628  0.1873 -0.3628  0.1873
    3  14.2305 THz  -0.4082  0.0000  0.4082 -0.0000  0.4082  0.0000  0.3628 -0.1873 -0.3628  0.1873 -0.3628  0.1873
    4  14.4279 THz   0.3920  0.0000  0.5588 -0.0562 -0.1667  0.0562 -0.3725 -0.1223 -0.5484 -0.1209  0.1759 -0.0014
    5  14.4279 THz   0.4238  0.0000 -0.1236  0.0520  0.5474 -0.0520 -0.4027 -0.1322  0.1336 -0.0108 -0.5363 -0.1214


 Q=  0.091597  0.000000 -0.091597, q= -0.250000  0.000000  0.250000

                       Si X   0        Si Y   0        Si Z   0        Si X   1        Si Y   1        Si Z   1     
                    --------------- --------------- --------------- --------------- --------------- ---------------
    0   4.0696 THz  -0.5000  0.0000  0.0000 -0.0000 -0.5000  0.0000 -0.5000  0.0000  0.0000  0.0000 -0.5000 -0.0000
    1   5.7718 THz  -0.2305  0.0000 -0.0000 -0.6275  0.2305 -0.0000  0.2305 -0.0000 -0.0000 -0.6275 -0.2305 -0.0000
    2   8.3083 THz   0.4393  0.0000  0.0000 -0.3378 -0.4393 -0.0000  0.4393  0.0000  0.0000  0.3378 -0.4393 -0.0000
    3  12.3128 THz   0.4437  0.0000  0.0000 -0.3259 -0.4437 -0.0000 -0.4437 -0.0000 -0.0000 -0.3259  0.4437  0.0000
    4  13.7760 THz   0.5000  0.0000  0.0000  0.0000  0.5000  0.0000 -0.5000 -0.0000 -0.0000 -0.0000 -0.5000  0.0000
    5  14.2744 THz  -0.2388  0.0000  0.0000 -0.6212  0.2388  0.0000 -0.2388 -0.0000 -0.0000  0.6212  0.2388  0.0000


 Q=  0.000000 -0.183193  0.091597, q= -0.250000  0.250000 -0.500000

                       Si X   0        Si Y   0        Si Z   0        Si X   1        Si Y   1        Si Z   1     
                    --------------- --------------- --------------- --------------- --------------- ---------------
    0   5.9484 THz   0.0000  0.0000  0.0000 -0.0000  0.7031 -0.2682  0.1660  0.4351  0.4351 -0.1660  0.0000  0.0000
    1   5.9484 THz  -0.4657  0.0000  0.0000 -0.4657  0.0000  0.0000 -0.0000  0.0000  0.0000 -0.0000  0.0000 -0.7525
    2  10.4098 THz   0.0000  0.0000 -0.0000  0.0000  0.0000  0.0000  0.7071  0.0000 -0.0000  0.7071  0.0000 -0.0000
    3  10.4098 THz   0.7071  0.0000  0.0000 -0.7071  0.0000  0.0000  0.0000 -0.0000  0.0000 -0.0000  0.0000 -0.0000
    4  13.6072 THz   0.0000  0.0000  0.0000  0.0000  0.6125  0.2421  0.1956 -0.4948 -0.4948 -0.1956 -0.0000 -0.0000
    5  13.6072 THz   0.5321  0.0000 -0.0000  0.5321 -0.0000 -0.0000 -0.0000  0.0000 -0.0000  0.0000 -0.0000 -0.6586


 Q=  0.045798 -0.137395  0.045798, q= -0.250000  0.250000 -0.250000

                       Si X   0        Si Y   0        Si Z   0        Si X   1        Si Y   1        Si Z   1     
                    --------------- --------------- --------------- --------------- --------------- ---------------
    0   4.1834 THz   0.5000  0.0000  0.0000 -0.0000 -0.5000 -0.0000  0.2314 -0.4433  0.0000 -0.0000 -0.2314  0.4433
    1   5.8373 THz   0.4222  0.0000  0.2549  0.2804  0.4222  0.0000  0.2916  0.3053  0.3788 -0.0093  0.2916  0.3053
    2   9.3465 THz   0.3124  0.0000 -0.2312 -0.5014  0.3124 -0.0000 -0.2303  0.2111 -0.1684 -0.5258 -0.2303  0.2111
    3  12.1457 THz  -0.3191  0.0000  0.4318  0.3314 -0.3191  0.0000 -0.0773  0.3096 -0.2169 -0.4993 -0.0773  0.3096
    4  13.5921 THz   0.5000  0.0000 -0.0000  0.0000 -0.5000  0.0000 -0.2314  0.4433 -0.0000 -0.0000  0.2314 -0.4433
    5  13.9959 THz  -0.3498  0.0000 -0.2929 -0.4117 -0.3498  0.0000  0.2168  0.2745  0.5046 -0.0253  0.2168  0.2745


 Q=  0.091597 -0.091597  0.000000, q= -0.250000  0.250000  0.000000

                       Si X   0        Si Y   0        Si Z   0        Si X   1        Si Y   1        Si Z   1     
                    --------------- --------------- --------------- --------------- --------------- ---------------
    0   4.0696 THz  -0.5000  0.0000 -0.5000  0.0000  0.0000  0.0000 -0.5000  0.0000 -0.5000  0.0000  0.0000  0.0000
    1   5.7718 THz   0.2305  0.0000 -0.2305  0.0000  0.0000  0.6275 -0.2305  0.0000  0.2305  0.0000  0.0000  0.6275
    2   8.3083 THz  -0.4393  0.0000  0.4393  0.0000 -0.0000  0.3378 -0.4393  0.0000  0.4393 -0.0000 -0.0000 -0.3378
    3  12.3128 THz   0.4437  0.0000 -0.4437  0.0000  0.0000 -0.3259 -0.4437 -0.0000  0.4437 -0.0000 -0.0000 -0.3259
    4  13.7760 THz   0.5000  0.0000  0.5000 -0.0000 -0.0000  0.0000 -0.5000  0.0000 -0.5000  0.0000  0.0000 -0.0000
    5  14.2744 THz  -0.2388  0.0000  0.2388 -0.0000 -0.0000 -0.6212 -0.2388  0.0000  0.2388  0.0000  0.0000  0.6212


 Q=  0.137395 -0.045798 -0.045798, q= -0.250000  0.250000  0.250000

                       Si X   0        Si Y   0        Si Z   0        Si X   1        Si Y   1        Si Z   1     
                    --------------- --------------- --------------- --------------- --------------- ---------------
    0   4.1834 THz   0.0000  0.0000  0.3217 -0.3828 -0.3217  0.3828 -0.0000  0.0000  0.4882  0.1081 -0.4882 -0.1081
    1   5.8373 THz   0.3789  0.0000  0.2840  0.3124  0.2840  0.3124  0.2479  0.2865  0.4220  0.0104  0.4220  0.0104
    2   9.3465 THz   0.5521  0.0000 -0.1308 -0.2837 -0.1308 -0.2837  0.5480 -0.0673 -0.0953  0.2975 -0.0953  0.2975
    3  12.1457 THz  -0.5444  0.0000  0.2532  0.1943  0.2532  0.1943  0.4760 -0.2641 -0.1271  0.2927 -0.1271  0.2927
    4  13.5921 THz  -0.0000  0.0000  0.0417 -0.4983 -0.0417  0.4983  0.0000  0.0000 -0.4610  0.1935  0.4610 -0.1935
    5  13.9959 THz  -0.5052  0.0000 -0.2028 -0.2850 -0.2028 -0.2850  0.2719  0.4259  0.3494  0.0175  0.3494  0.0175


 Q= -0.183193  0.000000  0.000000, q=  0.000000 -0.500000 -0.500000

                       Si X   0        Si Y   0        Si Z   0        Si X   1        Si Y   1        Si Z   1     
                    --------------- --------------- --------------- --------------- --------------- ---------------
    0   4.2871 THz   0.0000  0.0000 -0.3050 -0.0000 -0.6379 -0.0000  0.0000  0.0000  0.0000 -0.6379  0.0000 -0.3050
    1   4.2871 THz   0.0000  0.0000 -0.6132  0.1760  0.2932 -0.0841  0.0000 -0.0000  0.0841  0.2932 -0.1760 -0.6132
    2  11.9476 THz   1.0000  0.0000  0.0000  0.0000  0.0000  0.0000  0.0000  0.0000  0.0000  0.0000  0.0000  0.0000
    3  11.9476 THz   0.0000  0.0000 -0.0000  0.0000 -0.0000  0.0000 -0.7528 -0.6583 -0.0000 -0.0000  0.0000  0.0000
    4  13.4218 THz   0.0000  0.0000  0.6921  0.0000  0.1447  0.0000 -0.0000 -0.0000 -0.0000 -0.1447  0.0000 -0.6921
    5  13.4218 THz   0.0000  0.0000 -0.1418  0.0287  0.6784 -0.1373 -0.0000 -0.0000 -0.1373 -0.6784  0.0287  0.1418


 Q= -0.137395  0.045798 -0.045798, q=  0.000000 -0.500000 -0.250000

                       Si X   0        Si Y   0        Si Z   0        Si X   1        Si Y   1        Si Z   1     
                    --------------- --------------- --------------- --------------- --------------- ---------------
    0   4.1834 THz  -0.0000  0.0000  0.4771  0.1495  0.4771  0.1495 -0.0000 -0.0000  0.0883  0.4921  0.0883  0.4921
    1   5.8373 THz   0.3789  0.0000  0.2840  0.3124 -0.2840 -0.3124  0.2479  0.2865  0.4220  0.0104 -0.4220 -0.0104
    2   9.3465 THz  -0.5521  0.0000  0.1308  0.2837 -0.1308 -0.2837 -0.5480  0.0673  0.0953 -0.2975 -0.0953  0.2975
    3  12.1457 THz  -0.5444  0.0000  0.2532  0.1943 -0.2532 -0.1943  0.4760 -0.2641 -0.1271  0.2927  0.1271 -0.2927
    4  13.5921 THz   0.0000  0.0000 -0.0517 -0.4973 -0.0517 -0.4973 -0.0000 -0.0000 -0.4169  0.2760 -0.4169  0.2760
    5  13.9959 THz  -0.5052  0.0000 -0.2028 -0.2850  0.2028  0.2850  0.2719  0.4259  0.3494  0.0175 -0.3494 -0.0175


 Q= -0.091597  0.091597 -0.091597, q=  0.000000 -0.500000  0.000000

                       Si X   0        Si Y   0        Si Z   0        Si X   1        Si Y   1        Si Z   1     
                    --------------- --------------- --------------- --------------- --------------- ---------------
    0   3.2734 THz  -0.4436  0.0000 -0.5392 -0.0411 -0.0956 -0.0411 -0.3136 -0.3136 -0.3522 -0.4103 -0.0385 -0.0967
    1   3.2734 THz   0.3696  0.0000 -0.1962 -0.0494 -0.5657 -0.0494  0.2613  0.2613 -0.1038 -0.1736 -0.3651 -0.4349
    2  10.9281 THz  -0.4082  0.0000  0.4082 -0.0000 -0.4082 -0.0000  0.2887  0.2887 -0.2887 -0.2887  0.2887  0.2887
    3  12.1506 THz  -0.4082  0.0000  0.4082  0.0000 -0.4082 -0.0000 -0.2887 -0.2887  0.2887  0.2887 -0.2887 -0.2887
    4  14.2466 THz   0.5704  0.0000  0.3606  0.0175 -0.2098  0.0175 -0.4033 -0.4033 -0.2426 -0.2673  0.1607  0.1360
    5  14.2466 THz  -0.0893  0.0000  0.4365  0.1116  0.5259  0.1116  0.0632  0.0632 -0.2297 -0.3876 -0.2929 -0.4508


 Q= -0.045798  0.137395 -0.137395, q=  0.000000 -0.500000  0.250000

                       Si X   0        Si Y   0        Si Z   0        Si X   1        Si Y   1        Si Z   1     
                    --------------- --------------- --------------- --------------- --------------- ---------------
    0   4.1834 THz  -0.0000  0.0000 -0.4011 -0.2985 -0.4011 -0.2985  0.0000 -0.0000 -0.2175 -0.4502 -0.2175 -0.4502
    1   5.8373 THz   0.3789  0.0000  0.2840 -0.3124 -0.2840  0.3124  0.2865  0.2479  0.0104  0.4220 -0.0104 -0.4220
    2   9.3465 THz   0.5521  0.0000 -0.1308  0.2837  0.1308 -0.2837 -0.0673  0.5480  0.2975 -0.0953 -0.2975  0.0953
    3  12.1457 THz  -0.5444  0.0000  0.2532 -0.1943 -0.2532  0.1943 -0.2641  0.4760  0.2927 -0.1271 -0.2927  0.1271
    4  13.5921 THz  -0.0000  0.0000 -0.0384  0.4985 -0.0384  0.4985  0.0000  0.0000  0.2647 -0.4242  0.2647 -0.4242
    5  13.9959 THz  -0.5052  0.0000 -0.2028  0.2850  0.2028 -0.2850  0.4259  0.2719  0.0175  0.3494 -0.0175 -0.3494


 Q= -0.137395 -0.045798  0.045798, q=  0.000000 -0.250000 -0.500000

                       Si X   0        Si Y   0        Si Z   0        Si X   1        Si Y   1        Si Z   1     
                    --------------- --------------- --------------- --------------- --------------- ---------------
    0   4.1834 THz   0.0000  0.0000  0.4897 -0.1009  0.4897 -0.1009  0.0000  0.0000  0.3161  0.3874  0.3161  0.3874
    1   5.8373 THz   0.3789  0.0000 -0.2840 -0.3124  0.2840  0.3124  0.2479  0.2865 -0.4220 -0.0104  0.4220  0.0104
    2   9.3465 THz  -0.5521  0.0000 -0.1308 -0.2837  0.1308  0.2837 -0.5480  0.0673 -0.0953  0.2975  0.0953 -0.2975
    3  12.1457 THz   0.5444  0.0000  0.2532  0.1943 -0.2532 -0.1943 -0.4760  0.2641 -0.1271  0.2927  0.1271 -0.2927
    4  13.5921 THz  -0.0000  0.0000  0.4915 -0.0915  0.4915 -0.0915  0.0000  0.0000 -0.3086 -0.3934 -0.3086 -0.3934
    5  13.9959 THz   0.5052  0.0000 -0.2028 -0.2850  0.2028  0.2850 -0.2719 -0.4259  0.3494  0.0175 -0.3494 -0.0175


 Q= -0.091597  0.000000  0.000000, q=  0.000000 -0.250000 -0.250000

                       Si X   0        Si Y   0        Si Z   0        Si X   1        Si Y   1        Si Z   1     
                    --------------- --------------- --------------- --------------- --------------- ---------------
    0   3.8028 THz   0.0000  0.0000  0.2142  0.0187 -0.6710 -0.0593  0.0000  0.0000  0.2083 -0.3781 -0.5546  0.0775
    1   3.8028 THz   0.0000  0.0000  0.6686 -0.0822  0.2134 -0.0261  0.0000 -0.0000  0.5570  0.0585  0.2211  0.3708
    2   6.9933 THz   0.7071  0.0000  0.0000 -0.0000 -0.0000 -0.0000  0.7071  0.0000  0.0000  0.0000  0.0000 -0.0000
    3  13.7900 THz   0.0000  0.0000 -0.6664  0.0649 -0.2260  0.0260  0.0000 -0.0000  0.5551  0.0799  0.2212  0.3696
    4  13.7900 THz   0.0000  0.0000 -0.2266 -0.0208  0.6677  0.0496  0.0000  0.0000  0.2127 -0.3745 -0.5531  0.0926
    5  14.3896 THz   0.7071  0.0000  0.0000  0.0000  0.0000  0.0000 -0.7071 -0.0000 -0.0000 -0.0000 -0.0000  0.0000


 Q= -0.045798  0.045798 -0.045798, q=  0.000000 -0.250000  0.000000

                       Si X   0        Si Y   0        Si Z   0        Si X   1        Si Y   1        Si Z   1     
                    --------------- --------------- --------------- --------------- --------------- ---------------
    0   2.8328 THz   0.1822  0.0000  0.5593 -0.0770  0.3770 -0.0770  0.1732  0.0568  0.5554  0.1013  0.3822  0.0445
    1   2.8328 THz   0.5478  0.0000  0.1182  0.0256 -0.4297  0.0256  0.5205  0.1709  0.1043  0.0612 -0.4162 -0.1097
    2   6.7034 THz  -0.4082  0.0000  0.4082  0.0000 -0.4082 -0.0000 -0.3628  0.1873  0.3628 -0.1873 -0.3628  0.1873
    3  14.2305 THz  -0.4082  0.0000  0.4082 -0.0000 -0.4082  0.0000  0.3628 -0.1873 -0.3628  0.1873  0.3628 -0.1873
    4  14.4279 THz   0.3182  0.0000 -0.2579  0.0134 -0.5761  0.0134 -0.3023 -0.0992  0.2492  0.0677  0.5515  0.1670
    5  14.4279 THz   0.4818  0.0000  0.5163 -0.0088  0.0345 -0.0088 -0.4577 -0.1503 -0.4933 -0.1526 -0.0355 -0.0024


 Q=  0.000000  0.091597 -0.091597, q=  0.000000 -0.250000  0.250000

                       Si X   0        Si Y   0        Si Z   0        Si X   1        Si Y   1        Si Z   1     
                    --------------- --------------- --------------- --------------- --------------- ---------------
    0   4.0696 THz   0.0000  0.0000 -0.4766 -0.1511 -0.4766 -0.1511  0.0000 -0.0000 -0.4766 -0.1511 -0.4766 -0.1511
    1   5.7718 THz   0.6275  0.0000  0.0000 -0.2305  0.0000  0.2305  0.6275 -0.0000  0.0000  0.2305  0.0000 -0.2305
    2   8.3083 THz   0.3378  0.0000  0.0000  0.4393 -0.0000 -0.4393 -0.3378  0.0000  0.0000  0.4393 -0.0000 -0.4393
    3  12.3128 THz  -0.3259  0.0000 -0.0000 -0.4437  0.0000  0.4437 -0.3259 -0.0000  0.0000  0.4437 -0.0000 -0.4437
    4  13.7760 THz  -0.0000  0.0000 -0.4780 -0.1468 -0.4780 -0.1468  0.0000 -0.0000  0.4780  0.1468  0.4780  0.1468
    5  14.2744 THz  -0.6212  0.0000  0.0000  0.2388  0.0000 -0.2388  0.6212  0.0000 -0.0000  0.2388 -0.0000 -0.2388


 Q= -0.091597 -0.091597  0.091597, q=  0.000000  0.000000 -0.500000

                       Si X   0        Si Y   0        Si Z   0        Si X   1        Si Y   1        Si Z   1     
                    --------------- --------------- --------------- --------------- --------------- ---------------
    0   3.2734 THz  -0.1324  0.0000  0.5437  0.0938  0.4114  0.0938 -0.0936 -0.0936  0.3182  0.4508  0.2246  0.3572
    1   3.2734 THz   0.5620  0.0000 -0.1685  0.0221  0.3935  0.0221  0.3974  0.3974 -0.1348 -0.1035  0.2626  0.2938
    2  10.9281 THz   0.4082  0.0000  0.4082 -0.0000 -0.4082  0.0000 -0.2887 -0.2887 -0.2887 -0.2887  0.2887  0.2887
    3  12.1506 THz  -0.4082  0.0000 -0.4082  0.0000  0.4082  0.0000 -0.2887 -0.2887 -0.2887 -0.2887  0.2887  0.2887
    4  14.2466 THz  -0.0617  0.0000  0.0877  0.4939  0.0260  0.4939  0.0436  0.0436  0.2872 -0.4112  0.3309 -0.3676
    5  14.2466 THz  -0.5740  0.0000  0.2809 -0.0531 -0.2931 -0.0531  0.4059  0.4059 -0.2362 -0.1611  0.1697  0.2448


 Q= -0.045798 -0.045798  0.045798, q=  0.000000  0.000000 -0.250000

                       Si X   0        Si Y   0        Si Z   0        Si X   1        Si Y   1        Si Z   1     
                    --------------- --------------- --------------- --------------- --------------- ---------------
    0   2.8328 THz   0.0000  0.0000 -0.4997 -0.0186 -0.4997 -0.0186 -0.0000 -0.0000 -0.4689 -0.1735 -0.4689 -0.1735
    1   2.8328 THz  -0.5774 -0.0000  0.2887  0.0000 -0.2887  0.0000 -0.5486 -0.1801  0.2743  0.0900 -0.2743 -0.0900
    2   6.7034 THz  -0.4082  0.0000 -0.4082 -0.0000  0.4082 -0.0000 -0.3628  0.1873 -0.3628  0.1873  0.3628 -0.1873
    3  14.2305 THz   0.4082  0.0000  0.4082 -0.0000 -0.4082  0.0000 -0.3628  0.1873 -0.3628  0.1873  0.3628 -0.1873
    4  14.4279 THz   0.0000  0.0000 -0.4996 -0.0192 -0.4996 -0.0192 -0.0000  0.0000  0.4687  0.1740  0.4687  0.1740
    5  14.4279 THz  -0.5774  0.0000  0.2887 -0.0000 -0.2887  0.0000  0.5486  0.1801 -0.2743 -0.0900  0.2743  0.0900


 Q=  0.000000  0.000000  0.000000, q=  0.000000  0.000000  0.000000

                       Si X   0        Si Y   0        Si Z   0        Si X   1        Si Y   1        Si Z   1     
                    --------------- --------------- --------------- --------------- --------------- ---------------
    0  -0.0000 THz   0.0000  0.0000 -0.5739  0.0000  0.4130  0.0000 -0.0000  0.0000 -0.5739  0.0000  0.4130  0.0000
    1  -0.0000 THz  -0.7071  0.0000  0.0000  0.0000 -0.0000  0.0000 -0.7071  0.0000 -0.0000  0.0000 -0.0000  0.0000
    2  -0.0000 THz   0.0000  0.0000 -0.4130  0.0000 -0.5739  0.0000  0.0000  0.0000 -0.4130  0.0000 -0.5739  0.0000
    3  14.7845 THz  -0.0000 -0.0000  0.2112 -0.0000  0.6748 -0.0000  0.0000 -0.0000 -0.2112 -0.0000 -0.6748 -0.0000
    4  14.7845 THz   0.0000  0.0000 -0.6748  0.0000  0.2112  0.0000  0.0000  0.0000  0.6748  0.0000 -0.2112  0.0000
    5  14.7845 THz   0.7071  0.0000  0.0000  0.0000 -0.0000  0.0000 -0.7071  0.0000 -0.0000  0.0000 -0.0000  0.0000


 Q=  0.045798  0.045798 -0.045798, q=  0.000000  0.000000  0.250000

                       Si X   0        Si Y   0        Si Z   0        Si X   1        Si Y   1        Si Z   1     
                    --------------- --------------- --------------- --------------- --------------- ---------------
    0   2.8328 THz   0.0000  0.0000 -0.4997  0.0186 -0.4997  0.0186 -0.0000  0.0000 -0.4689  0.1735 -0.4689  0.1735
    1   2.8328 THz  -0.5774 -0.0000  0.2887 -0.0000 -0.2887 -0.0000 -0.5486  0.1801  0.2743 -0.0900 -0.2743  0.0900
    2   6.7034 THz  -0.4082  0.0000 -0.4082  0.0000  0.4082  0.0000 -0.3628 -0.1873 -0.3628 -0.1873  0.3628  0.1873
    3  14.2305 THz   0.4082  0.0000  0.4082  0.0000 -0.4082 -0.0000 -0.3628 -0.1873 -0.3628 -0.1873  0.3628  0.1873
    4  14.4279 THz   0.0000  0.0000 -0.4996  0.0192 -0.4996  0.0192 -0.0000 -0.0000  0.4687 -0.1740  0.4687 -0.1740
    5  14.4279 THz  -0.5774  0.0000  0.2887  0.0000 -0.2887 -0.0000  0.5486 -0.1801 -0.2743  0.0900  0.2743 -0.0900


 Q= -0.045798 -0.137395  0.137395, q=  0.000000  0.250000 -0.500000

                       Si X   0        Si Y   0        Si Z   0        Si X   1        Si Y   1        Si Z   1     
                    --------------- --------------- --------------- --------------- --------------- ---------------
    0   4.1834 THz   0.0000  0.0000  0.4811  0.1362  0.4811  0.1362  0.0000  0.0000  0.3634  0.3434  0.3634  0.3434
    1   5.8373 THz   0.3789  0.0000 -0.2840  0.3124  0.2840 -0.3124  0.2865  0.2479 -0.0104 -0.4220  0.0104  0.4220
    2   9.3465 THz  -0.5521  0.0000 -0.1308  0.2837  0.1308 -0.2837  0.0673 -0.5480  0.2975 -0.0953 -0.2975  0.0953
    3  12.1457 THz   0.5444  0.0000  0.2532 -0.1943 -0.2532  0.1943  0.2641 -0.4760  0.2927 -0.1271 -0.2927  0.1271
    4  13.5921 THz  -0.0000  0.0000  0.3930  0.3091  0.3930  0.3091  0.0000  0.0000 -0.2054 -0.4559 -0.2054 -0.4559
    5  13.9959 THz  -0.5052  0.0000  0.2028 -0.2850 -0.2028  0.2850  0.4259  0.2719 -0.0175 -0.3494  0.0175  0.3494


 Q=  0.000000 -0.091597  0.091597, q=  0.000000  0.250000 -0.250000

                       Si X   0        Si Y   0        Si Z   0        Si X   1        Si Y   1        Si Z   1     
                    --------------- --------------- --------------- --------------- --------------- ---------------
    0   4.0696 THz   0.0000  0.0000 -0.4766  0.1511 -0.4766  0.1511  0.0000  0.0000 -0.4766  0.1511 -0.4766  0.1511
    1   5.7718 THz   0.6275  0.0000  0.0000  0.2305  0.0000 -0.2305  0.6275  0.0000  0.0000 -0.2305  0.0000  0.2305
    2   8.3083 THz   0.3378  0.0000  0.0000 -0.4393 -0.0000  0.4393 -0.3378 -0.0000  0.0000 -0.4393 -0.0000  0.4393
    3  12.3128 THz  -0.3259  0.0000 -0.0000  0.4437  0.0000 -0.4437 -0.3259  0.0000  0.0000 -0.4437 -0.0000  0.4437
    4  13.7760 THz  -0.0000  0.0000 -0.4780  0.1468 -0.4780  0.1468  0.0000  0.0000  0.4780 -0.1468  0.4780 -0.1468
    5  14.2744 THz  -0.6212  0.0000  0.0000 -0.2388  0.0000  0.2388  0.6212 -0.0000 -0.0000 -0.2388 -0.0000  0.2388


 Q=  0.045798 -0.045798  0.045798, q=  0.000000  0.250000  0.000000

                       Si X   0        Si Y   0        Si Z   0        Si X   1        Si Y   1        Si Z   1     
                    --------------- --------------- --------------- --------------- --------------- ---------------
    0   2.8328 THz   0.1822  0.0000  0.5593  0.0770  0.3770  0.0770  0.1732 -0.0568  0.5554 -0.1013  0.3822 -0.0445
    1   2.8328 THz   0.5478  0.0000  0.1182 -0.0256 -0.4297 -0.0256  0.5205 -0.1709  0.1043 -0.0612 -0.4162  0.1097
    2   6.7034 THz  -0.4082  0.0000  0.4082 -0.0000 -0.4082  0.0000 -0.3628 -0.1873  0.3628  0.1873 -0.3628 -0.1873
    3  14.2305 THz  -0.4082  0.0000  0.4082  0.0000 -0.4082 -0.0000  0.3628  0.1873 -0.3628 -0.1873  0.3628  0.1873
    4  14.4279 THz   0.3182  0.0000 -0.2579 -0.0134 -0.5761 -0.0134 -0.3023  0.0992  0.2492 -0.0677  0.5515 -0.1670
    5  14.4279 THz   0.4818  0.0000  0.5163  0.0088  0.0345  0.0088 -0.4577  0.1503 -0.4933  0.1526 -0.0355  0.0024


 Q=  0.091597  0.000000  0.000000, q=  0.000000  0.250000  0.250000

                       Si X   0        Si Y   0        Si Z   0        Si X   1        Si Y   1        Si Z   1     
                    --------------- --------------- --------------- --------------- --------------- ---------------
    0   3.8028 THz   0.0000  0.0000  0.2142 -0.0187 -0.6710  0.0593  0.0000 -0.0000  0.2083  0.3781 -0.5546 -0.0775
    1   3.8028 THz   0.0000  0.0000  0.6686  0.0822  0.2134  0.0261  0.0000  0.0000  0.5570 -0.0585  0.2211 -0.3708
    2   6.9933 THz   0.7071  0.0000  0.0000  0.0000 -0.0000  0.0000  0.7071 -0.0000  0.0000 -0.0000  0.0000  0.0000
    3  13.7900 THz   0.0000  0.0000 -0.6664 -0.0649 -0.2260 -0.0260  0.0000  0.0000  0.5551 -0.0799  0.2212 -0.3696
    4  13.7900 THz   0.0000  0.0000 -0.2266  0.0208  0.6677 -0.0496  0.0000 -0.0000  0.2127  0.3745 -0.5531 -0.0926
    5  14.3896 THz   0.7071  0.0000  0.0000 -0.0000  0.0000 -0.0000 -0.7071  0.0000 -0.0000  0.0000 -0.0000 -0.0000


 Q= -0.228991  0.045798  0.045798, q=  0.250000 -0.500000 -0.500000

                       Si X   0        Si Y   0        Si Z   0        Si X   1        Si Y   1        Si Z   1     
                    --------------- --------------- --------------- --------------- --------------- ---------------
    0   4.1834 THz  -0.0000  0.0000 -0.4695  0.1718  0.4695 -0.1718  0.0000  0.0000  0.3696  0.3367 -0.3696 -0.3367
    1   5.8373 THz   0.3789  0.0000 -0.2840 -0.3124 -0.2840 -0.3124 -0.2479 -0.2865  0.4220  0.0104  0.4220  0.0104
    2   9.3465 THz   0.5521  0.0000  0.1308  0.2837  0.1308  0.2837 -0.5480  0.0673 -0.0953  0.2975 -0.0953  0.2975
    3  12.1457 THz   0.5444  0.0000  0.2532  0.1943  0.2532  0.1943  0.4760 -0.2641  0.1271 -0.2927  0.1271 -0.2927
    4  13.5921 THz  -0.0000  0.0000  0.4974  0.0513 -0.4974 -0.0513 -0.0000 -0.0000  0.1847  0.4647 -0.1847 -0.4647
    5  13.9959 THz  -0.5052  0.0000  0.2028  0.2850  0.2028  0.2850 -0.2719 -0.4259  0.3494  0.0175  0.3494  0.0175


 Q= -0.183193  0.091597  0.000000, q=  0.250000 -0.500000 -0.250000

                       Si X   0        Si Y   0        Si Z   0        Si X   1        Si Y   1        Si Z   1     
                    --------------- --------------- --------------- --------------- --------------- ---------------
    0   5.9484 THz  -0.0000  0.0000  0.7521 -0.0254 -0.0000  0.0000  0.4654 -0.0157 -0.0000  0.0000  0.0157  0.4654
    1   5.9484 THz  -0.4657  0.0000 -0.0000  0.0000  0.0000  0.4657 -0.0000 -0.0000 -0.7525  0.0000  0.0000 -0.0000
    2  10.4098 THz   0.2817  0.0000 -0.0000 -0.0000 -0.0000  0.2817 -0.4084 -0.5039  0.0000  0.0000 -0.5039  0.4084
    3  10.4098 THz   0.6486  0.0000 -0.0000  0.0000  0.0000  0.6486  0.1773  0.2188  0.0000 -0.0000  0.2188 -0.1773
    4  13.6072 THz   0.5321  0.0000  0.0000  0.0000  0.0000 -0.5321 -0.0000 -0.0000 -0.6586  0.0000  0.0000  0.0000
    5  13.6072 THz   0.0000  0.0000 -0.1990 -0.6278  0.0000 -0.0000  0.1608  0.5072 -0.0000 -0.0000 -0.5072  0.1608


 Q= -0.137395  0.137395 -0.045798, q=  0.250000 -0.500000  0.000000

                       Si X   0        Si Y   0        Si Z   0        Si X   1        Si Y   1        Si Z   1     
                    --------------- --------------- --------------- --------------- --------------- ---------------
    0   4.1834 THz   0.5000  0.0000  0.5000 -0.0000 -0.0000 -0.0000  0.4433  0.2314  0.4433  0.2314 -0.0000 -0.0000
    1   5.8373 THz   0.4222  0.0000 -0.4222  0.0000 -0.2549 -0.2804 -0.3053  0.2916  0.3053 -0.2916 -0.0093 -0.3788
    2   9.3465 THz  -0.3124  0.0000  0.3124  0.0000 -0.2312 -0.5014  0.2111  0.2303 -0.2111 -0.2303  0.5258 -0.1684
    3  12.1457 THz  -0.3191  0.0000  0.3191 -0.0000 -0.4318 -0.3314 -0.3096 -0.0773  0.3096  0.0773 -0.4993  0.2169
    4  13.5921 THz   0.5000  0.0000  0.5000 -0.0000  0.0000  0.0000 -0.4433 -0.2314 -0.4433 -0.2314  0.0000 -0.0000
    5  13.9959 THz  -0.3498  0.0000  0.3498  0.0000  0.2929  0.4117 -0.2745  0.2168  0.2745 -0.2168 -0.0253 -0.5046


 Q= -0.091597  0.183193 -0.091597, q=  0.250000 -0.500000  0.250000

                       Si X   0        Si Y   0        Si Z   0        Si X   1        Si Y   1        Si Z   1     
                    --------------- --------------- --------------- --------------- --------------- ---------------
    0   4.0696 THz  -0.5000  0.0000  0.0000  0.0000  0.5000  0.0000  0.0000 -0.5000  0.0000  0.0000  0.0000  0.5000
    1   5.7718 THz  -0.2305  0.0000 -0.0000  0.6275 -0.2305 -0.0000 -0.0000  0.2305 -0.6275 -0.0000 -0.0000  0.2305
    2   8.3083 THz  -0.4393  0.0000  0.0000 -0.3378 -0.4393  0.0000  0.0000 -0.4393 -0.3378  0.0000  0.0000 -0.4393
    3  12.3128 THz   0.4437  0.0000 -0.0000  0.3259  0.4437  0.0000  0.0000 -0.4437 -0.3259 -0.0000  0.0000 -0.4437
    4  13.7760 THz  -0.5000  0.0000 -0.0000 -0.0000  0.5000  0.0000 -0.0000  0.5000 -0.0000 -0.0000  0.0000 -0.5000
    5  14.2744 THz  -0.2388  0.0000 -0.0000  0.6212 -0.2388 -0.0000  0.0000 -0.2388  0.6212  0.0000 -0.0000 -0.2388


 Q= -0.183193  0.000000  0.091597, q=  0.250000 -0.250000 -0.500000

                       Si X   0        Si Y   0        Si Z   0        Si X   1        Si Y   1        Si Z   1     
                    --------------- --------------- --------------- --------------- --------------- ---------------
    0   5.9484 THz   0.0000  0.0000 -0.0000 -0.0000 -0.7497  0.0652 -0.4639  0.0404 -0.0404 -0.4639  0.0000 -0.0000
    1   5.9484 THz  -0.4657  0.0000  0.0000  0.4657 -0.0000 -0.0000 -0.0000 -0.0000 -0.0000  0.0000 -0.7525  0.0000
    2  10.4098 THz  -0.7071  0.0000 -0.0000 -0.7071  0.0000  0.0000  0.0000  0.0000 -0.0000  0.0000  0.0000 -0.0000
    3  10.4098 THz   0.0000  0.0000  0.0000  0.0000 -0.0000 -0.0000 -0.6966 -0.1216 -0.1216  0.6966  0.0000 -0.0000
    4  13.6072 THz   0.0000  0.0000  0.0000 -0.0000 -0.6313 -0.1876  0.5100  0.1516 -0.1516  0.5100  0.0000  0.0000
    5  13.6072 THz   0.5321  0.0000 -0.0000 -0.5321  0.0000 -0.0000 -0.0000 -0.0000 -0.0000  0.0000 -0.6586 -0.0000


 Q= -0.137395  0.045798  0.045798, q=  0.250000 -0.250000 -0.250000

                       Si X   0        Si Y   0        Si Z   0        Si X   1        Si Y   1        Si Z   1     
                    --------------- --------------- --------------- --------------- --------------- ---------------
    0   4.1834 THz   0.0000  0.0000  0.3217  0.3828 -0.3217 -0.3828 -0.0000 -0.0000  0.4882 -0.1081 -0.4882  0.1081
    1   5.8373 THz   0.3789  0.0000  0.2840 -0.3124  0.2840 -0.3124  0.2479 -0.2865  0.4220 -0.0104  0.4220 -0.0104
    2   9.3465 THz   0.5521  0.0000 -0.1308  0.2837 -0.1308  0.2837  0.5480  0.0673 -0.0953 -0.2975 -0.0953 -0.2975
    3  12.1457 THz  -0.5444  0.0000  0.2532 -0.1943  0.2532 -0.1943  0.4760  0.2641 -0.1271 -0.2927 -0.1271 -0.2927
    4  13.5921 THz  -0.0000  0.0000  0.0417  0.4983 -0.0417 -0.4983  0.0000 -0.0000 -0.4610 -0.1935  0.4610  0.1935
    5  13.9959 THz  -0.5052  0.0000 -0.2028  0.2850 -0.2028  0.2850  0.2719 -0.4259  0.3494 -0.0175  0.3494 -0.0175


 Q= -0.091597  0.091597  0.000000, q=  0.250000 -0.250000  0.000000

                       Si X   0        Si Y   0        Si Z   0        Si X   1        Si Y   1        Si Z   1     
                    --------------- --------------- --------------- --------------- --------------- ---------------
    0   4.0696 THz  -0.5000  0.0000 -0.5000 -0.0000  0.0000 -0.0000 -0.5000 -0.0000 -0.5000 -0.0000  0.0000 -0.0000
    1   5.7718 THz   0.2305  0.0000 -0.2305 -0.0000  0.0000 -0.6275 -0.2305 -0.0000  0.2305 -0.0000  0.0000 -0.6275
    2   8.3083 THz  -0.4393  0.0000  0.4393 -0.0000 -0.0000 -0.3378 -0.4393 -0.0000  0.4393  0.0000 -0.0000  0.3378
    3  12.3128 THz   0.4437  0.0000 -0.4437 -0.0000  0.0000  0.3259 -0.4437  0.0000  0.4437  0.0000 -0.0000  0.3259
    4  13.7760 THz   0.5000  0.0000  0.5000  0.0000 -0.0000 -0.0000 -0.5000 -0.0000 -0.5000 -0.0000  0.0000  0.0000
    5  14.2744 THz  -0.2388  0.0000  0.2388  0.0000 -0.0000  0.6212 -0.2388 -0.0000  0.2388 -0.0000  0.0000 -0.6212


 Q= -0.045798  0.137395 -0.045798, q=  0.250000 -0.250000  0.250000

                       Si X   0        Si Y   0        Si Z   0        Si X   1        Si Y   1        Si Z   1     
                    --------------- --------------- --------------- --------------- --------------- ---------------
    0   4.1834 THz   0.5000  0.0000  0.0000  0.0000 -0.5000  0.0000  0.2314  0.4433  0.0000  0.0000 -0.2314 -0.4433
    1   5.8373 THz   0.4222  0.0000  0.2549 -0.2804  0.4222 -0.0000  0.2916 -0.3053  0.3788  0.0093  0.2916 -0.3053
    2   9.3465 THz   0.3124  0.0000 -0.2312  0.5014  0.3124  0.0000 -0.2303 -0.2111 -0.1684  0.5258 -0.2303 -0.2111
    3  12.1457 THz  -0.3191  0.0000  0.4318 -0.3314 -0.3191 -0.0000 -0.0773 -0.3096 -0.2169  0.4993 -0.0773 -0.3096
    4  13.5921 THz   0.5000  0.0000 -0.0000 -0.0000 -0.5000 -0.0000 -0.2314 -0.4433 -0.0000  0.0000  0.2314  0.4433
    5  13.9959 THz  -0.3498  0.0000 -0.2929  0.4117 -0.3498 -0.0000  0.2168 -0.2745  0.5046  0.0253  0.2168 -0.2745


 Q= -0.137395 -0.045798  0.137395, q=  0.250000  0.000000 -0.500000

                       Si X   0        Si Y   0        Si Z   0        Si X   1        Si Y   1        Si Z   1     
                    --------------- --------------- --------------- --------------- --------------- ---------------
    0   4.1834 THz   0.5000  0.0000  0.0000  0.0000  0.5000 -0.0000  0.4433  0.2314  0.0000  0.0000  0.4433  0.2314
    1   5.8373 THz  -0.4222  0.0000  0.2549  0.2804  0.4222 -0.0000  0.3053 -0.2916  0.0093  0.3788 -0.3053  0.2916
    2   9.3465 THz   0.3124  0.0000  0.2312  0.5014 -0.3124 -0.0000 -0.2111 -0.2303 -0.5258  0.1684  0.2111  0.2303
    3  12.1457 THz   0.3191  0.0000  0.4318  0.3314 -0.3191 -0.0000  0.3096  0.0773  0.4993 -0.2169 -0.3096 -0.0773
    4  13.5921 THz  -0.5000  0.0000  0.0000 -0.0000 -0.5000 -0.0000  0.4433  0.2314 -0.0000  0.0000  0.4433  0.2314
    5  13.9959 THz  -0.3498  0.0000  0.2929  0.4117  0.3498  0.0000 -0.2745  0.2168 -0.0253 -0.5046  0.2745 -0.2168


 Q= -0.091597  0.000000  0.091597, q=  0.250000  0.000000 -0.250000

                       Si X   0        Si Y   0        Si Z   0        Si X   1        Si Y   1        Si Z   1     
                    --------------- --------------- --------------- --------------- --------------- ---------------
    0   4.0696 THz  -0.5000  0.0000  0.0000  0.0000 -0.5000 -0.0000 -0.5000 -0.0000  0.0000 -0.0000 -0.5000  0.0000
    1   5.7718 THz  -0.2305  0.0000 -0.0000  0.6275  0.2305  0.0000  0.2305  0.0000 -0.0000  0.6275 -0.2305  0.0000
    2   8.3083 THz   0.4393  0.0000  0.0000  0.3378 -0.4393  0.0000  0.4393 -0.0000  0.0000 -0.3378 -0.4393  0.0000
    3  12.3128 THz   0.4437  0.0000  0.0000  0.3259 -0.4437  0.0000 -0.4437  0.0000 -0.0000  0.3259  0.4437 -0.0000
    4  13.7760 THz   0.5000  0.0000  0.0000 -0.0000  0.5000 -0.0000 -0.5000  0.0000 -0.0000  0.0000 -0.5000 -0.0000
    5  14.2744 THz  -0.2388  0.0000  0.0000  0.6212  0.2388 -0.0000 -0.2388  0.0000 -0.0000 -0.6212  0.2388 -0.0000


 Q= -0.045798  0.045798  0.045798, q=  0.250000  0.000000  0.000000

                       Si X   0        Si Y   0        Si Z   0        Si X   1        Si Y   1        Si Z   1     
                    --------------- --------------- --------------- --------------- --------------- ---------------
    0   2.8328 THz   0.3733  0.0000 -0.1947 -0.0101  0.5680  0.0101  0.3546 -0.1164 -0.1881  0.0511  0.5428 -0.1676
    1   2.8328 THz  -0.4405 -0.0000 -0.5434 -0.0085  0.1029  0.0085 -0.4185  0.1374 -0.5189  0.1613  0.1004 -0.0240
    2   6.7034 THz   0.4082  0.0000 -0.4082 -0.0000 -0.4082 -0.0000  0.3628  0.1873 -0.3628 -0.1873 -0.3628 -0.1873
    3  14.2305 THz  -0.4082  0.0000  0.4082  0.0000  0.4082 -0.0000  0.3628  0.1873 -0.3628 -0.1873 -0.3628 -0.1873
    4  14.4279 THz   0.3920  0.0000  0.5588  0.0562 -0.1667 -0.0562 -0.3725  0.1223 -0.5484  0.1209  0.1759  0.0014
    5  14.4279 THz   0.4238  0.0000 -0.1236 -0.0520  0.5474  0.0520 -0.4027  0.1322  0.1336  0.0108 -0.5363  0.1214


 Q=  0.000000  0.091597  0.000000, q=  0.250000  0.000000  0.250000

                       Si X   0        Si Y   0        Si Z   0        Si X   1        Si Y   1        Si Z   1     
                    --------------- --------------- --------------- --------------- --------------- ---------------
    0   3.8028 THz   0.7071  0.0000  0.0000  0.0000  0.0000 -0.0000  0.5729  0.0000  0.0000  0.0000  0.0000 -0.4145
    1   3.8028 THz   0.0000  0.0000 -0.0000  0.0000 -0.0261 -0.7066 -0.4142  0.0153 -0.0000  0.0000 -0.0212 -0.5725
    2   6.9933 THz   0.0000  0.0000  0.7008 -0.0944  0.0000 -0.0000 -0.0000 -0.0000  0.7008 -0.0944  0.0000 -0.0000
    3  13.7900 THz   0.7071  0.0000  0.0000 -0.0000 -0.0000  0.0000 -0.5729 -0.0000 -0.0000 -0.0000 -0.0000  0.4145
    4  13.7900 THz   0.0000  0.0000 -0.0000  0.0000 -0.0821  0.7023 -0.4117 -0.0481  0.0000 -0.0000  0.0665 -0.5690
    5  14.3896 THz   0.0000  0.0000  0.6560 -0.2638 -0.0000  0.0000 -0.0000 -0.0000 -0.6560  0.2638  0.0000 -0.0000


 Q= -0.091597 -0.091597  0.183193, q=  0.250000  0.250000 -0.500000

                       Si X   0        Si Y   0        Si Z   0        Si X   1        Si Y   1        Si Z   1     
                    --------------- --------------- --------------- --------------- --------------- ---------------
    0   4.0696 THz  -0.5000  0.0000  0.5000  0.0000  0.0000 -0.0000  0.0000 -0.5000  0.0000  0.5000 -0.0000  0.0000
    1   5.7718 THz  -0.2305  0.0000 -0.2305 -0.0000 -0.0000  0.6275 -0.0000  0.2305 -0.0000  0.2305 -0.6275 -0.0000
    2   8.3083 THz  -0.4393  0.0000 -0.4393  0.0000  0.0000 -0.3378  0.0000 -0.4393  0.0000 -0.4393 -0.3378  0.0000
    3  12.3128 THz   0.4437  0.0000  0.4437  0.0000  0.0000  0.3259  0.0000 -0.4437  0.0000 -0.4437 -0.3259 -0.0000
    4  13.7760 THz  -0.5000  0.0000  0.5000  0.0000  0.0000 -0.0000 -0.0000  0.5000  0.0000 -0.5000 -0.0000 -0.0000
    5  14.2744 THz   0.2388  0.0000  0.2388  0.0000  0.0000 -0.6212 -0.0000  0.2388  0.0000  0.2388 -0.6212 -0.0000


 Q= -0.045798 -0.045798  0.137395, q=  0.250000  0.250000 -0.250000

                       Si X   0        Si Y   0        Si Z   0        Si X   1        Si Y   1        Si Z   1     
                    --------------- --------------- --------------- --------------- --------------- ---------------
    0   4.1834 THz   0.5000  0.0000 -0.5000 -0.0000 -0.0000 -0.0000  0.2314  0.4433 -0.2314 -0.4433  0.0000 -0.0000
    1   5.8373 THz  -0.4222  0.0000 -0.4222 -0.0000 -0.2549  0.2804 -0.2916  0.3053 -0.2916  0.3053 -0.3788 -0.0093
    2   9.3465 THz   0.3124  0.0000  0.3124 -0.0000 -0.2312  0.5014 -0.2303 -0.2111 -0.2303 -0.2111 -0.1684  0.5258
    3  12.1457 THz  -0.3191  0.0000 -0.3191  0.0000  0.4318 -0.3314 -0.0773 -0.3096 -0.0773 -0.3096 -0.2169  0.4993
    4  13.5921 THz  -0.5000  0.0000  0.5000  0.0000  0.0000 -0.0000  0.2314  0.4433 -0.2314 -0.4433 -0.0000  0.0000
    5  13.9959 THz   0.3498  0.0000  0.3498  0.0000  0.2929 -0.4117 -0.2168  0.2745 -0.2168  0.2745 -0.5046 -0.0253


 Q=  0.000000  0.000000  0.091597, q=  0.250000  0.250000  0.000000

                       Si X   0        Si Y   0        Si Z   0        Si X   1        Si Y   1        Si Z   1     
                    --------------- --------------- --------------- --------------- --------------- ---------------
    0   3.8028 THz   0.7071  0.0000  0.0000 -0.0000 -0.0000 -0.0000  0.5729 -0.0000 -0.0000 -0.4145 -0.0000 -0.0000
    1   3.8028 THz   0.0000  0.0000 -0.7038 -0.0687  0.0000  0.0000 -0.0403  0.4125 -0.5702 -0.0557  0.0000  0.0000
    2   6.9933 THz   0.0000  0.0000  0.0000  0.0000  0.6641  0.2429  0.0000 -0.0000  0.0000  0.0000  0.6641  0.2429
    3  13.7900 THz   0.7071  0.0000  0.0000  0.0000  0.0000  0.0000 -0.5729  0.0000  0.0000  0.4145  0.0000  0.0000
    4  13.7900 THz   0.0000  0.0000 -0.6733  0.2161  0.0000 -0.0000 -0.1267 -0.3947  0.5455 -0.1751 -0.0000  0.0000
    5  14.3896 THz   0.0000  0.0000  0.0000  0.0000  0.6829  0.1836  0.0000  0.0000 -0.0000  0.0000 -0.6829 -0.1836


 Q=  0.045798  0.045798  0.045798, q=  0.250000  0.250000  0.250000

                       Si X   0        Si Y   0        Si Z   0        Si X   1        Si Y   1        Si Z   1     
                    --------------- --------------- --------------- --------------- --------------- ---------------
    0   2.8328 THz   0.4289  0.0000 -0.1163 -0.3200 -0.3126  0.3200  0.4075  0.1338 -0.0107 -0.3403 -0.3968  0.2065
    1   2.8328 THz  -0.3865 -0.0000  0.3021 -0.3551  0.0843  0.3551 -0.3672 -0.1205  0.3978 -0.2432 -0.0307  0.3637
    2   6.7034 THz  -0.4082  0.0000 -0.4082 -0.0000 -0.4082 -0.0000 -0.3628  0.1873 -0.3628  0.1873 -0.3628  0.1873
    3  14.2305 THz  -0.4082  0.0000 -0.4082  0.0000 -0.4082  0.0000  0.3628 -0.1873  0.3628 -0.1873  0.3628 -0.1873
    4  14.4279 THz  -0.1328  0.0000  0.0592 -0.4865  0.0735  0.4865  0.1262  0.0414 -0.2080  0.4438  0.0819 -0.4852
    5  14.4279 THz   0.5619  0.0000 -0.2826 -0.1150 -0.2792  0.1150 -0.5339 -0.1752  0.2327  0.1974  0.3012 -0.0221
