# T(K)     volome         F(eV)   S(J/K)         H(J/K)      a(-6/K)     Cp(J/mol)         Cvion         Cpion     Sion     Sele     Smag           Hion     T-D(K)           Cv  Bt(GPa)      dCp   Gamma
# Pressure =       0.0000  GPa
   0.0  10.969336   -5.74736329   0.0000      -554536.3  -0.00713032  0.000000E+00  0.000000E+00  3.650666E-02   0.0000   0.0000   0.0000      -554536.3   380.0284 0.000000E+00 2.058889E+02 0.000000E+00   0.0000   0.0000  0.000000E+00  1.302938E-03  0.000000E+00  0.000000E+00
  10.0  10.969336   -5.74736562   0.0495      -554536.0  -0.00471118  6.603818E-02  2.573267E-02  1.487695E-02   0.0085   0.0410   0.0000      -554536.3   422.7207 6.603818E-02 2.058899E+02 2.716863E-09  -0.2911   0.0000 -5.861803E-07  1.049380E-03 -1.812644E-03  1.507380E-03
  20.0  10.969320   -5.74737537   0.1527      -554534.4  -0.11188527  3.042688E-01  2.223559E-01  2.248106E-01   0.0708   0.0819   0.0000      -554535.2   411.9972 3.042658E-01 2.059111E+02 3.064989E-06  -1.5006   0.0000 -2.536086E-06  2.068549E-03 -1.681437E-02  2.994322E-03
  30.0  10.969255   -5.74740171   0.3850      -554528.5  -0.28926274  9.866365E-01  8.638360E-01  8.664835E-01   0.2621   0.1228   0.0000      -554530.3   392.6958 9.866058E-01 2.060054E+02 3.074365E-05  -1.1970   0.0000 -6.475508E-06  3.109725E-03 -7.011382E-02  4.491407E-03
  40.0  10.969137   -5.74746278   0.8355      -554512.5  -0.39793719  2.315063E+00  2.151470E+00  2.152153E+00   0.6717   0.1637   0.0000      -554515.8   381.9862 2.314986E+00 2.062310E+02 7.766206E-05  -0.7025   0.0000 -1.317859E-05  4.148641E-03 -1.986829E-01  5.987466E-03
  50.0  10.969013   -5.74758387   1.5437      -554480.4  -0.32080632  4.166581E+00  3.962247E+00  3.961836E+00   1.3391   0.2046   0.0000      -554485.5   378.2034 4.166517E+00 2.066102E+02 6.320752E-05  -0.3153   0.0000 -2.322890E-05  5.185916E-03 -4.441806E-01  7.482149E-03
  60.0  10.968946   -5.74779094   2.4874      -554428.3  -0.06243044  6.269426E+00  6.024195E+00  6.023615E+00   2.2420   0.2455   0.0000      -554435.7   377.2121 6.269423E+00 2.071304E+02 2.879694E-06  -0.0409   0.0000 -3.706067E-05  6.222264E-03 -8.541131E-01  8.975874E-03
  70.0  10.968985   -5.74810579   3.6140      -554355.0   0.31192006  8.390472E+00  8.103800E+00  8.103442E+00   3.3277   0.2864   0.0000      -554365.0   377.2162 8.390388E+00 2.077649E+02 8.412340E-05   0.1531   0.0000 -5.509292E-05  7.258371E-03 -1.486858E+00  1.046961E-02
  80.0  10.969157   -5.74854441   4.8666      -554260.9   0.73520902  1.038700E+01  1.005794E+01  1.005818E+01   4.5393   0.3274   0.0000      -554274.0   377.5432 1.038646E+01 2.084871E+02 5.359911E-04   0.2925   0.0000 -7.780007E-05  8.294974E-03 -2.414536E+00  1.196466E-02
  90.0  10.969469   -5.74911722   6.1963      -554147.9   1.16005619  1.219222E+01  1.181952E+01  1.182083E+01   5.8278   0.3685   0.0000      -554164.5   377.9434 1.219071E+01 2.092746E+02 1.506940E-03   0.3947   0.0000 -1.057186E-04  9.332842E-03 -3.722586E+00  1.346243E-02
 100.0  10.969917   -5.74983016   7.5652      -554017.8   1.55928181  1.378753E+01  1.336985E+01  1.337271E+01   7.1554   0.4099   0.0000      -554038.3   378.3259 1.378450E+01 2.101098E+02 3.037333E-03   0.4710   0.0000 -1.394209E-04  1.037273E-02 -5.507023E+00  1.496430E-02
 110.0  10.970491   -5.75068579   8.9462      -553872.8   1.92015205  1.518026E+01  1.471623E+01  1.472113E+01   8.4947   0.4515   0.0000      -553897.7   378.6612 1.517518E+01 2.109795E+02 5.087728E-03   0.5291   0.0000 -1.794789E-04  1.141534E-02 -7.870590E+00  1.647157E-02
 120.0  10.971177   -5.75168432  10.3201      -553714.8   2.23873650  1.638945E+01  1.587780E+01  1.588514E+01   9.8268   0.4933   0.0000      -553744.5   378.9437 1.638187E+01 2.118736E+02 7.577236E-03   0.5739   0.0000 -2.264322E-04  1.246129E-02 -1.091869E+01  1.798535E-02
 130.0  10.971960   -5.75282431  11.6743      -553545.6   2.51591185  1.743792E+01  1.687752E+01  1.688763E+01  11.1388   0.5355   0.0000      -553580.5   379.1765 1.742751E+01 2.127842E+02 1.041241E-02   0.6089   0.0000 -2.807618E-04  1.351112E-02 -1.475562E+01  1.950655E-02
 140.0  10.972829   -5.75410327  13.0007      -553366.5   2.75488177  1.834830E+01  1.773816E+01  1.775128E+01  12.4227   0.5780   0.0000      -553407.2   379.3656 1.833480E+01 2.137053E+02 1.350397E-02   0.6366   0.0000 -3.428737E-04  1.456524E-02 -1.948128E+01  2.103585E-02
 150.0  10.973770   -5.75551803  14.2942      -553179.0   2.95975540  1.914119E+01  1.848051E+01  1.849680E+01  13.6734   0.6208   0.0000      -553225.9   379.5174 1.912442E+01 2.146323E+02 1.677441E-02   0.6586   0.0000 -4.130894E-04  1.562397E-02 -2.518857E+01  2.257375E-02
 160.0  10.974774   -5.75706502  15.5521      -552984.1   3.13478454  1.983457E+01  1.912270E+01  1.914227E+01  14.8882   0.6639   0.0000      -553037.6   379.6378 1.981441E+01 2.155614E+02 2.016022E-02   0.6762   0.0000 -4.916423E-04  1.668753E-02 -3.196136E+01  2.412052E-02
 170.0  10.975832   -5.75874047  16.7731      -552782.6   3.28398613  2.044377E+01  1.968023E+01  1.970314E+01  16.0659   0.7072   0.0000      -552843.3   379.7317 2.042016E+01 2.164896E+02 2.361128E-02   0.6904   0.0000 -5.786787E-04  1.775606E-02 -3.987308E+01  2.567627E-02
 180.0  10.976935   -5.76054056  17.9571      -552575.4   3.41098050  2.098169E+01  2.016615E+01  2.019242E+01  17.2062   0.7509   0.0000      -552643.8   379.8035 2.095460E+01 2.174148E+02 2.708910E-02   0.7018   0.0000 -6.742621E-04  1.882959E-02 -4.898587E+01  2.724095E-02
 190.0  10.978076   -5.76246146  19.1045      -552363.2   3.51894427  2.145907E+01  2.059135E+01  2.062098E+01  18.3097   0.7948   0.0000      -552439.7   379.8568 2.142851E+01 2.183348E+02 3.056477E-02   0.7111   0.0000 -7.783797E-04  1.990809E-02 -5.935013E+01  2.881435E-02
 200.0  10.979251   -5.76449940  20.2161      -552146.5   3.61062106  2.188491E+01  2.096496E+01  2.099790E+01  19.3771   0.8390   0.0000      -552231.6   379.8946 2.185089E+01 2.192483E+02 3.401703E-02   0.7186   0.0000 -8.909498E-04  2.099148E-02 -7.100452E+01  3.039617E-02
 210.0  10.980453   -5.76665076  21.2931      -551925.7   3.68835904  2.226665E+01  2.129454E+01  2.133075E+01  20.4098   0.8833   0.0000      -552019.9   379.9191 2.222922E+01 2.201540E+02 3.743053E-02   0.7246   0.0000 -1.011831E-03  2.207960E-02 -8.397627E+01  3.198598E-02
 220.0  10.981679   -5.76891200  22.3368      -551701.3   3.75415742  2.261051E+01  2.158644E+01  2.162587E+01  21.4090   0.9279   0.0000      -551805.1   379.9326 2.256972E+01 2.210507E+02 4.079451E-02   0.7295   0.0000 -1.140829E-03  2.317226E-02 -9.828166E+01  3.358331E-02
 230.0  10.982926   -5.77127976  23.3487      -551473.7   3.80971422  2.292170E+01  2.184594E+01  2.188852E+01  22.3761   0.9726   0.0000      -551587.5   379.9366 2.287760E+01 2.219376E+02 4.410168E-02   0.7333   0.0000 -1.277707E-03  2.426923E-02 -1.139268E+02  3.518760E-02
 240.0  10.984189   -5.77375079  24.3301      -551243.1   3.85647073  2.320457E+01  2.207749E+01  2.212316E+01  23.3127   1.0174   0.0000      -551367.4   379.9325 2.315722E+01 2.228141E+02 4.734734E-02   0.7364   0.0000 -1.422192E-03  2.537025E-02 -1.309083E+02  3.679827E-02
 250.0  10.985466   -5.77632202  25.2824      -551009.8   3.89565083  2.346278E+01  2.228483E+01  2.233352E+01  24.2200   1.0624   0.0000      -551145.1   379.9215 2.341225E+01 2.236796E+02 5.052873E-02   0.7387   0.0000 -1.573985E-03  2.647505E-02 -1.492145E+02  3.841470E-02
 260.0  10.986756   -5.77899051  26.2071      -550774.0   3.92829545  2.369942E+01  2.247111E+01  2.252274E+01  25.0996   1.1074   0.0000      -550920.8   379.9046 2.364577E+01 2.245334E+02 5.364455E-02   0.7404   0.0000 -1.732762E-03  2.758332E-02 -1.688257E+02  4.003626E-02
 270.0  10.988055   -5.78175345  27.1054      -550536.0   3.95529126  2.391711E+01  2.263901E+01  2.269352E+01  25.9528   1.1525   0.0000      -550694.7   379.8825 2.386042E+01 2.253754E+02 5.669457E-02   0.7417   0.0000 -1.898186E-03  2.869476E-02 -1.897160E+02  4.166230E-02
 280.0  10.989363   -5.78460819  27.9785      -550295.9   3.97739542  2.411809E+01  2.279081E+01  2.284812E+01  26.7809   1.1976   0.0000      -550467.0   379.8561 2.405841E+01 2.262049E+02 5.967929E-02   0.7425   0.0000 -2.069907E-03  2.980907E-02 -2.118532E+02  4.329219E-02
 290.0  10.990677   -5.78755217  28.8279      -550053.9   3.99525614  2.430425E+01  2.292844E+01  2.298849E+01  27.5851   1.2428   0.0000      -550237.8   379.8258 2.424165E+01 2.270219E+02 6.259979E-02   0.7429   0.0000 -2.247573E-03  3.092592E-02 -2.352004E+02  4.492529E-02
 300.0  10.991997   -5.79058299  29.6544      -549810.1   4.00942973  2.447725E+01  2.305359E+01  2.311631E+01  28.3665   1.2879   0.0000      -550007.2   379.7923 2.441179E+01 2.278260E+02 6.545756E-02   0.7431   0.0000 -2.430825E-03  3.204500E-02 -2.597162E+02  4.656099E-02
 310.0  10.993321   -5.79369835  30.4593      -549564.6   4.02039505  2.463848E+01  2.316768E+01  2.323301E+01  29.1263   1.3330   0.0000      -549775.5   379.7558 2.457023E+01 2.286170E+02 6.825432E-02   0.7430   0.0000 -2.619309E-03  3.316602E-02 -2.853560E+02  4.819868E-02
 320.0  10.994649   -5.79689606  31.2436      -549317.5   4.02856524  2.478918E+01  2.327195E+01  2.333982E+01  29.8656   1.3781   0.0000      -549542.6   379.7168 2.471819E+01 2.293948E+02 7.099198E-02   0.7426   0.0000 -2.812672E-03  3.428866E-02 -3.120720E+02  4.983779E-02
 330.0  10.995979   -5.80017402  32.0082      -549069.1   4.03429782  2.493041E+01  2.336748E+01  2.343784E+01  30.5852   1.4230   0.0000      -549308.7   379.6756 2.485674E+01 2.301592E+02 7.367254E-02   0.7421   0.0000 -3.010568E-03  3.541264E-02 -3.398142E+02  5.147777E-02
 340.0  10.997310   -5.80353025  32.7541      -548819.2   4.03790302  2.506309E+01  2.345520E+01  2.352798E+01  31.2861   1.4680   0.0000      -549073.9   379.6325 2.498679E+01 2.309102E+02 7.629810E-02   0.7414   0.0000 -3.212658E-03  3.653767E-02 -3.685308E+02  5.311810E-02
 350.0  10.998643   -5.80696284  33.4820      -548568.1   4.03965071  2.518803E+01  2.353593E+01  2.361108E+01  31.9693   1.5128   0.0000      -548838.2   379.5877 2.510916E+01 2.316475E+02 7.887073E-02   0.7405   0.0000 -3.418611E-03  3.766348E-02 -3.981684E+02  5.475826E-02
 360.0  10.999976   -5.81046999  34.1929      -548315.8   4.03977608  2.530596E+01  2.361037E+01  2.368784E+01  32.6354   1.5575   0.0000      -548601.7   379.5415 2.522456E+01 2.323711E+02 8.139251E-02   0.7396   0.0000 -3.628109E-03  3.878982E-02 -4.286730E+02  5.639779E-02
 370.0  11.001309   -5.81404996  34.8873      -548062.3   4.03848486  2.541749E+01  2.367916E+01  2.375889E+01  33.2853   1.6021   0.0000      -548364.5   379.4939 2.533362E+01 2.330810E+02 8.386550E-02   0.7385   0.0000 -3.840841E-03  3.991642E-02 -4.599896E+02  5.803625E-02
 380.0  11.002641   -5.81770109  35.5662      -547807.7   4.03595725  2.552319E+01  2.374284E+01  2.382479E+01  33.9197   1.6465   0.0000      -548126.5   379.4453 2.543690E+01 2.337770E+02 8.629169E-02   0.7373   0.0000 -4.056508E-03  4.104305E-02 -4.920629E+02  5.967322E-02
 390.0  11.003973   -5.82142179  36.2300      -547552.2   4.03235140  2.562355E+01  2.380191E+01  2.388602E+01  34.5392   1.6908   0.0000      -547888.0   379.3956 2.553488E+01 2.344592E+02 8.867305E-02   0.7361   0.0000 -4.274823E-03  4.216950E-02 -5.248375E+02  6.130831E-02
 400.0  11.005304   -5.82521055  36.8796      -547295.6   4.02780659  2.571901E+01  2.385678E+01  2.394301E+01  35.1446   1.7350   0.0000      -547648.8   379.3451 2.562800E+01 2.351275E+02 9.101147E-02   0.7347   0.0000 -4.495512E-03  4.329553E-02 -5.582579E+02  6.294115E-02
 410.0  11.006633   -5.82906591  37.5153      -547038.1   4.02244543  2.580997E+01  2.390784E+01  2.399616E+01  35.7363   1.7790   0.0000      -547409.1   379.2938 2.571666E+01 2.357818E+02 9.330878E-02   0.7334   0.0000 -4.718308E-03  4.442096E-02 -5.922689E+02  6.457142E-02
 420.0  11.007960   -5.83298648  38.1379      -546779.8   4.01637636  2.589678E+01  2.395544E+01  2.404580E+01  36.3150   1.8229   0.0000      -547168.9   379.2419 2.580122E+01 2.364222E+02 9.556673E-02   0.7319   0.0000 -4.942961E-03  4.554559E-02 -6.268156E+02  6.619879E-02
 430.0  11.009285   -5.83697091  38.7478      -546520.6   4.00969522  2.597976E+01  2.399988E+01  2.409224E+01  36.8813   1.8666   0.0000      -546928.2   379.1893 2.588197E+01 2.370486E+02 9.778704E-02   0.7304   0.0000 -5.169227E-03  4.666924E-02 -6.618433E+02  6.782297E-02
 440.0  11.010609   -5.84101792  39.3456      -546260.6   4.00248701  2.605920E+01  2.404142E+01  2.413575E+01  37.4355   1.9101   0.0000      -546687.1   379.1363 2.595923E+01 2.376611E+02 9.997132E-02   0.7289   0.0000 -5.396876E-03  4.779174E-02 -6.972979E+02  6.944371E-02
 450.0  11.011930   -5.84512627  39.9316      -545999.8   3.99482717  2.613535E+01  2.408032E+01  2.417657E+01  37.9782   1.9534   0.0000      -546445.5   379.0829 2.603323E+01 2.382595E+02 1.021211E-01   0.7274   0.0000 -5.625688E-03  4.891294E-02 -7.331258E+02  7.106075E-02
 460.0  11.013248   -5.84929477  40.5065      -545738.2   3.98678267  2.620845E+01  2.411678E+01  2.421493E+01  38.5099   1.9966   0.0000      -546203.6   379.0290 2.610421E+01 2.388440E+02 1.042380E-01   0.7258   0.0000 -5.855453E-03  5.003269E-02 -7.692738E+02  7.267387E-02
 470.0  11.014564   -5.85352229  41.0704      -545476.0   3.97841316  2.627872E+01  2.415101E+01  2.425102E+01  39.0309   2.0395   0.0000      -545961.2   378.9749 2.617239E+01 2.394144E+02 1.063234E-01   0.7242   0.0000 -6.085971E-03  5.115086E-02 -8.056894E+02  7.428287E-02
 480.0  11.015877   -5.85780771  41.6240      -545213.1   3.96977177  2.634635E+01  2.418318E+01  2.428502E+01  39.5417   2.0823   0.0000      -545718.5   378.9205 2.623797E+01 2.399709E+02 1.083786E-01   0.7226   0.0000 -6.317051E-03  5.226731E-02 -8.423205E+02  7.588755E-02
 490.0  11.017188   -5.86214999  42.1675      -544949.5   3.96090605  2.641151E+01  2.421345E+01  2.431710E+01  40.0426   2.1249   0.0000      -545475.5   378.8658 2.630111E+01 2.405133E+02 1.104050E-01   0.7209   0.0000 -6.548512E-03  5.338192E-02 -8.791154E+02  7.748775E-02
 500.0  11.018495   -5.86654809  42.7013      -544685.2   3.95185819  2.647438E+01  2.424197E+01  2.434739E+01  40.5341   2.1673   0.0000      -545232.2   378.8110 2.636198E+01 2.410418E+02 1.124038E-01   0.7193   0.0000 -6.780179E-03  5.449459E-02 -9.160230E+02  7.908331E-02
 510.0  11.019800   -5.87100103  43.2258      -544420.4   3.94266608  2.653510E+01  2.426887E+01  2.437604E+01  41.0163   2.2095   0.0000      -544988.6   378.7560 2.642073E+01 2.415563E+02 1.143762E-01   0.7176   0.0000 -7.011889E-03  5.560521E-02 -9.529927E+02  8.067409E-02
 520.0  11.021102   -5.87550785  43.7413      -544154.9   3.93336372  2.659382E+01  2.429427E+01  2.440317E+01  41.4898   2.2515   0.0000      -544744.7   378.7008 2.647750E+01 2.420568E+02 1.163235E-01   0.7160   0.0000 -7.243483E-03  5.671369E-02 -9.899741E+02  8.225997E-02
 530.0  11.022401   -5.88006765  44.2480      -543888.9   3.92398131  2.665066E+01  2.431828E+01  2.442887E+01  41.9547   2.2933   0.0000      -544500.5   378.6456 2.653241E+01 2.425434E+02 1.182466E-01   0.7143   0.0000 -7.474812E-03  5.781994E-02 -1.026917E+03  8.384085E-02
 540.0  11.023697   -5.88467952  44.7463      -543622.3   3.91454606  2.670574E+01  2.434099E+01  2.445326E+01  42.4114   2.3349   0.0000      -544256.1   378.5903 2.658559E+01 2.430160E+02 1.201468E-01   0.7126   0.0000 -7.705732E-03  5.892388E-02 -1.063773E+03  8.541661E-02
 550.0  11.024990   -5.88934262  45.2365      -543355.2   3.90508240  2.675917E+01  2.436251E+01  2.447643E+01  42.8602   2.3763   0.0000      -544011.5   378.5349 2.663714E+01 2.434746E+02 1.220249E-01   0.7110   0.0000 -7.936107E-03  6.002545E-02 -1.100491E+03  8.698718E-02
 560.0  11.026281   -5.89405611  45.7187      -543087.5   3.89561222  2.681105E+01  2.438290E+01  2.449845E+01  43.3012   2.4175   0.0000      -543766.6   378.4794 2.668717E+01 2.439193E+02 1.238820E-01   0.7093   0.0000 -8.165806E-03  6.112457E-02 -1.137022E+03  8.855248E-02
 570.0  11.027568   -5.89881918  46.1934      -542819.4   3.88615519  2.686148E+01  2.440225E+01  2.451941E+01  43.7349   2.4585   0.0000      -543521.5   378.4240 2.673576E+01 2.443500E+02 1.257190E-01   0.7076   0.0000 -8.394703E-03  6.222118E-02 -1.173318E+03  9.011244E-02
 580.0  11.028852   -5.90363107  46.6607      -542550.7   3.87672898  2.691055E+01  2.442062E+01  2.453937E+01  44.1613   2.4994   0.0000      -543276.2   378.3685 2.678302E+01 2.447669E+02 1.275367E-01   0.7059   0.0000 -8.622679E-03  6.331523E-02 -1.209330E+03  9.166702E-02
 590.0  11.030133   -5.90849101  47.1208      -542281.5   3.86734956  2.695835E+01  2.443808E+01  2.455841E+01  44.5808   2.5400   0.0000      -543030.7   378.3131 2.682901E+01 2.451698E+02 1.293362E-01   0.7043   0.0000 -8.849620E-03  6.440667E-02 -1.245008E+03  9.321617E-02
 600.0  11.031411   -5.91339828  47.5740      -542011.9   3.85803120  2.700495E+01  2.445469E+01  2.457658E+01  44.9935   2.5804   0.0000      -542785.0   378.2577 2.687383E+01 2.455588E+02 1.311182E-01   0.7026   0.0000 -9.075416E-03  6.549546E-02 -1.280305E+03  9.475986E-02
 610.0  11.032687   -5.91835217  48.0204      -541741.8   3.84878675  2.705042E+01  2.447050E+01  2.459394E+01  45.3997   2.6207   0.0000      -542539.2   378.2023 2.691754E+01 2.459339E+02 1.328834E-01   0.7009   0.0000 -9.299960E-03  6.658156E-02 -1.315169E+03  9.629805E-02
 620.0  11.033959   -5.92335199  48.4604      -541471.2   3.83962807  2.709485E+01  2.448557E+01  2.461053E+01  45.7996   2.6608   0.0000      -542293.2   378.1469 2.696021E+01 2.462952E+02 1.346328E-01   0.6992   0.0000 -9.523151E-03  6.766493E-02 -1.349554E+03  9.783072E-02
 630.0  11.035229   -5.92839708  48.8940      -541200.2   3.83056551  2.713829E+01  2.449993E+01  2.462640E+01  46.1933   2.7006   0.0000      -542047.0   378.0916 2.700192E+01 2.466425E+02 1.363670E-01   0.6976   0.0000 -9.744893E-03  6.874554E-02 -1.383410E+03  9.935788E-02
 640.0  11.036495   -5.93348679  49.3215      -540928.8   3.82160857  2.718080E+01  2.451364E+01  2.464160E+01  46.5811   2.7403   0.0000      -541800.6   378.0364 2.704271E+01 2.469760E+02 1.380867E-01   0.6959   0.0000 -9.965090E-03  6.982338E-02 -1.416687E+03  1.008795E-01
 650.0  11.037759   -5.93862049  49.7430      -540656.9   3.81276598  2.722245E+01  2.452672E+01  2.465617E+01  46.9631   2.7799   0.0000      -541554.1   377.9812 2.708266E+01 2.472956E+02 1.397927E-01   0.6943   0.0000 -1.018365E-02  7.089842E-02 -1.449337E+03  1.023956E-01
 660.0  11.039020   -5.94379758  50.1587      -540384.6   3.80404535  2.726330E+01  2.453923E+01  2.467015E+01  47.3395   2.8192   0.0000      -541307.5   377.9260 2.712181E+01 2.476013E+02 1.414856E-01   0.6926   0.0000 -1.040049E-02  7.197064E-02 -1.481308E+03  1.039062E-01
 670.0  11.040279   -5.94901745  50.5687      -540111.9   3.79545396  2.730339E+01  2.455118E+01  2.468356E+01  47.7104   2.8584   0.0000      -541060.7   377.8710 2.716022E+01 2.478932E+02 1.431662E-01   0.6910   0.0000 -1.061552E-02  7.304003E-02 -1.512553E+03  1.054113E-01
 680.0  11.041535   -5.95427954  50.9733      -539838.9   3.78699812  2.734277E+01  2.456262E+01  2.469645E+01  48.0760   2.8974   0.0000      -540813.8   377.8160 2.719794E+01 2.481712E+02 1.448350E-01   0.6893   0.0000 -1.082866E-02  7.410658E-02 -1.543020E+03  1.069109E-01
 690.0  11.042788   -5.95958329  51.3726      -539565.4   3.77868370  2.738150E+01  2.457356E+01  2.470883E+01  48.4364   2.9362   0.0000      -540566.8   377.7612 2.723501E+01 2.484354E+02 1.464926E-01   0.6877   0.0000 -1.103983E-02  7.517029E-02 -1.572659E+03  1.084050E-01
 700.0  11.044038   -5.96492815  51.7667      -539291.5   3.77051614  2.741963E+01  2.458405E+01  2.472075E+01  48.7918   2.9748   0.0000      -540319.7   377.7064 2.727149E+01 2.486857E+02 1.481398E-01   0.6860   0.0000 -1.124896E-02  7.623115E-02 -1.601420E+03  1.098937E-01
 710.0  11.045286   -5.97031359  52.1557      -539017.2   3.76250025  2.745719E+01  2.459410E+01  2.473222E+01  49.1424   3.0133   0.0000      -540072.4   377.6517 2.730741E+01 2.489221E+02 1.497771E-01   0.6844   0.0000 -1.145596E-02  7.728916E-02 -1.629251E+03  1.113771E-01
 720.0  11.046532   -5.97573909  52.5398      -538742.6   3.75464059  2.749422E+01  2.460374E+01  2.474327E+01  49.4882   3.0517   0.0000      -539825.0   377.5970 2.734282E+01 2.491447E+02 1.514051E-01   0.6828   0.0000 -1.166077E-02  7.834433E-02 -1.656102E+03  1.128550E-01
 730.0  11.047775   -5.98120416  52.9192      -538467.5   3.74694133  2.753077E+01  2.461299E+01  2.475392E+01  49.8293   3.0898   0.0000      -539577.5   377.5425 2.737775E+01 2.493534E+02 1.530243E-01   0.6811   0.0000 -1.186331E-02  7.939666E-02 -1.681921E+03  1.143277E-01
 740.0  11.049016   -5.98670830  53.2939      -538192.2   3.73940626  2.756688E+01  2.462187E+01  2.476420E+01  50.1660   3.1279   0.0000      -539330.0   377.4881 2.741225E+01 2.495483E+02 1.546353E-01   0.6795   0.0000 -1.206351E-02  8.044616E-02 -1.706656E+03  1.157951E-01
 750.0  11.050254   -5.99225104  53.6640      -537916.4   3.73203894  2.760258E+01  2.463040E+01  2.477412E+01  50.4983   3.1657   0.0000      -539082.3   377.4338 2.744634E+01 2.497293E+02 1.562388E-01   0.6779   0.0000 -1.226132E-02  8.149285E-02 -1.730256E+03  1.172573E-01
 760.0  11.051490   -5.99783191  54.0297      -537640.3   3.72484276  2.763791E+01  2.463860E+01  2.478370E+01  50.8263   3.2035   0.0000      -538834.5   377.3795 2.748007E+01 2.498964E+02 1.578352E-01   0.6763   0.0000 -1.245665E-02  8.253672E-02 -1.752667E+03  1.187143E-01
 770.0  11.052724   -6.00345046  54.3911      -537363.8   3.71782088  2.767289E+01  2.464648E+01  2.479296E+01  51.1501   3.2410   0.0000      -538586.6   377.3254 2.751347E+01 2.500497E+02 1.594251E-01   0.6747   0.0000 -1.264944E-02  8.357781E-02 -1.773838E+03  1.201663E-01
 780.0  11.053955   -6.00910625  54.7484      -537087.0   3.71097613  2.770757E+01  2.465407E+01  2.480192E+01  51.4699   3.2785   0.0000      -538338.6   377.2714 2.754656E+01 2.501891E+02 1.610091E-01   0.6731   0.0000 -1.283964E-02  8.461613E-02 -1.793716E+03  1.216132E-01
 790.0  11.055185   -6.01479885  55.1015      -536809.8   3.70431133  2.774197E+01  2.466137E+01  2.481059E+01  51.7857   3.3158   0.0000      -538090.5   377.2174 2.757938E+01 2.503145E+02 1.625877E-01   0.6715   0.0000 -1.302718E-02  8.565169E-02 -1.812247E+03  1.230551E-01
 800.0  11.056413   -6.02052784  55.4506      -536532.2   3.69782924  2.777611E+01  2.466840E+01  2.481898E+01  52.0976   3.3530   0.0000      -537842.4   377.1636 2.761195E+01 2.504261E+02 1.641614E-01   0.6699   0.0000 -1.321200E-02  8.668452E-02 -1.829379E+03  1.244921E-01
 810.0  11.057638   -6.02629281  55.7958      -536254.3   3.69153231  2.781004E+01  2.467517E+01  2.482712E+01  52.4058   3.3900   0.0000      -537594.2   377.1099 2.764431E+01 2.505237E+02 1.657308E-01   0.6683   0.0000 -1.339404E-02  8.771464E-02 -1.845058E+03  1.259242E-01
 820.0  11.058862   -6.03209336  56.1372      -535976.1   3.68542301  2.784377E+01  2.468170E+01  2.483501E+01  52.7102   3.4270   0.0000      -537345.9   377.0562 2.767647E+01 2.506075E+02 1.672963E-01   0.6667   0.0000 -1.357324E-02  8.874208E-02 -1.859231E+03  1.273516E-01
 830.0  11.060084   -6.03792910  56.4749      -535697.5   3.67950372  2.787732E+01  2.468799E+01  2.484266E+01  53.0111   3.4638   0.0000      -537097.5   377.0027 2.770846E+01 2.506772E+02 1.688587E-01   0.6652   0.0000 -1.374954E-02  8.976685E-02 -1.871844E+03  1.287743E-01
 840.0  11.061304   -6.04379964  56.8089      -535418.6   3.67377686  2.791073E+01  2.469406E+01  2.485008E+01  53.3084   3.5005   0.0000      -536849.0   376.9493 2.774031E+01 2.507330E+02 1.704183E-01   0.6636   0.0000 -1.392289E-02  9.078900E-02 -1.882843E+03  1.301924E-01
 850.0  11.062522   -6.04970462  57.1394      -535139.4   3.66824462  2.794402E+01  2.469992E+01  2.485730E+01  53.6023   3.5370   0.0000      -536600.5   376.8959 2.777204E+01 2.507748E+02 1.719757E-01   0.6620   0.0000 -1.409323E-02  9.180855E-02 -1.892176E+03  1.316059E-01
 860.0  11.063738   -6.05564368  57.4664      -534859.8   3.66290925  2.797719E+01  2.470558E+01  2.486431E+01  53.8929   3.5735   0.0000      -536351.9   376.8427 2.780366E+01 2.508026E+02 1.735315E-01   0.6604   0.0000 -1.426051E-02  9.282552E-02 -1.899787E+03  1.330149E-01
 870.0  11.064953   -6.06161645  57.7900      -534579.8   3.65777303  2.801029E+01  2.471105E+01  2.487113E+01  54.1802   3.6099   0.0000      -536103.2   376.7895 2.783520E+01 2.508164E+02 1.750861E-01   0.6589   0.0000 -1.442468E-02  9.383996E-02 -1.905624E+03  1.344195E-01
 880.0  11.066167   -6.06762259  58.1104      -534299.5   3.65283823  2.804332E+01  2.471633E+01  2.487776E+01  54.4642   3.6461   0.0000      -535854.4   376.7364 2.786668E+01 2.508161E+02 1.766403E-01   0.6573   0.0000 -1.458567E-02  9.485188E-02 -1.909633E+03  1.358199E-01
 890.0  11.067379   -6.07366177  58.4274      -534018.9   3.64810703  2.807630E+01  2.472143E+01  2.488422E+01  54.7451   3.6823   0.0000      -535605.6   376.6834 2.789811E+01 2.508017E+02 1.781944E-01   0.6558   0.0000 -1.474345E-02  9.586133E-02 -1.911759E+03  1.372159E-01
 900.0  11.068589   -6.07973364  58.7414      -533738.0   3.64358164  2.810926E+01  2.472637E+01  2.489051E+01  55.0230   3.7184   0.0000      -535356.8   376.6305 2.792951E+01 2.507733E+02 1.797490E-01   0.6542   0.0000 -1.489795E-02  9.686834E-02 -1.911951E+03  1.386078E-01
 910.0  11.069799   -6.08583789  59.0522      -533456.7   3.63926438  2.814220E+01  2.473114E+01  2.489664E+01  55.2978   3.7543   0.0000      -535107.8   376.5777 2.796090E+01 2.507307E+02 1.813048E-01   0.6527   0.0000 -1.504913E-02  9.787294E-02 -1.910153E+03  1.399956E-01
 920.0  11.071007   -6.09197419  59.3600      -533175.0   3.63515756  2.817514E+01  2.473576E+01  2.490262E+01  55.5697   3.7902   0.0000      -534858.8   376.5250 2.799228E+01 2.506739E+02 1.828622E-01   0.6511   0.0000 -1.519694E-02  9.887517E-02 -1.906313E+03  1.413795E-01
 930.0  11.072213   -6.09814224  59.6648      -532893.1   3.63126355  2.820811E+01  2.474023E+01  2.490845E+01  55.8388   3.8260   0.0000      -534609.8   376.4724 2.802368E+01 2.506029E+02 1.844219E-01   0.6496   0.0000 -1.534133E-02  9.987506E-02 -1.900379E+03  1.427594E-01
 940.0  11.073419   -6.10434173  59.9667      -532610.8   3.62758463  2.824110E+01  2.474456E+01  2.491415E+01  56.1050   3.8618   0.0000      -534360.7   376.4198 2.805511E+01 2.505178E+02 1.859845E-01   0.6480   0.0000 -1.548226E-02  1.008726E-01 -1.892297E+03  1.441355E-01
 950.0  11.074623   -6.11057236  60.2658      -532328.1   3.62412326  2.827413E+01  2.474876E+01  2.491972E+01  56.3684   3.8974   0.0000      -534111.5   376.3673 2.808658E+01 2.504183E+02 1.875504E-01   0.6465   0.0000 -1.561967E-02  1.018680E-01 -1.882015E+03  1.455078E-01
 960.0  11.075827   -6.11683385  60.5621      -532045.2   3.62088195  2.830722E+01  2.475282E+01  2.492516E+01  56.6291   3.9330   0.0000      -533862.3   376.3149 2.811810E+01 2.503045E+02 1.891204E-01   0.6450   0.0000 -1.575353E-02  1.028611E-01 -1.869481E+03  1.468764E-01
 970.0  11.077030   -6.12312591  60.8557      -531761.9   3.61786331  2.834038E+01  2.475677E+01  2.493047E+01  56.8872   3.9685   0.0000      -533613.0   376.2626 2.814968E+01 2.501764E+02 1.906950E-01   0.6435   0.0000 -1.588378E-02  1.038520E-01 -1.854642E+03  1.482415E-01
 980.0  11.078232   -6.12944826  61.1466      -531478.2   3.61506984  2.837361E+01  2.476059E+01  2.493568E+01  57.1427   4.0039   0.0000      -533363.7   376.2103 2.818133E+01 2.500339E+02 1.922748E-01   0.6419   0.0000 -1.601038E-02  1.048407E-01 -1.837449E+03  1.496030E-01
 990.0  11.079433   -6.13580062  61.4349      -531194.2   3.61250429  2.840692E+01  2.476429E+01  2.494078E+01  57.3956   4.0393   0.0000      -533114.3   376.1581 2.821306E+01 2.498769E+02 1.938604E-01   0.6404   0.0000 -1.613329E-02  1.058274E-01 -1.817850E+03  1.509612E-01
1000.0  11.080633   -6.14218274  61.7207      -530909.9   3.61016943  2.844034E+01  2.476789E+01  2.494577E+01  57.6461   4.0746   0.0000      -532864.8   376.1059 2.824488E+01 2.497055E+02 1.954526E-01   0.6389   0.0000 -1.625247E-02  1.068119E-01 -1.795794E+03  1.523159E-01
1010.0  11.081833   -6.14859433  62.0039      -530625.2   3.60806808  2.847385E+01  2.477138E+01  2.495066E+01  57.8941   4.1099   0.0000      -532615.4   376.0538 2.827680E+01 2.495195E+02 1.970518E-01   0.6374   0.0000 -1.636788E-02  1.077945E-01 -1.771232E+03  1.536674E-01
1020.0  11.083032   -6.15503516  62.2847      -530340.2   3.60620333  2.850748E+01  2.477476E+01  2.495546E+01  58.1397   4.1451   0.0000      -532365.8   376.0018 2.830882E+01 2.493190E+02 1.986589E-01   0.6359   0.0000 -1.647947E-02  1.087750E-01 -1.744114E+03  1.550158E-01
1030.0  11.084231   -6.16150497  62.5631      -530054.9   3.60457802  2.854122E+01  2.477805E+01  2.496017E+01  58.3829   4.1802   0.0000      -532116.2   375.9499 2.834095E+01 2.491038E+02 2.002744E-01   0.6345   0.0000 -1.658720E-02  1.097536E-01 -1.714391E+03  1.563610E-01
1040.0  11.085429   -6.16800350  62.8392      -529769.2   3.60319538  2.857509E+01  2.478125E+01  2.496480E+01  58.6239   4.2153   0.0000      -531866.6   375.8979 2.837319E+01 2.488739E+02 2.018991E-01   0.6330   0.0000 -1.669104E-02  1.107302E-01 -1.682015E+03  1.577032E-01
1050.0  11.086628   -6.17453052  63.1129      -529483.2   3.60205870  2.860909E+01  2.478435E+01  2.496934E+01  58.8625   4.2503   0.0000      -531616.9   375.8461 2.840555E+01 2.486292E+02 2.035335E-01   0.6315   0.0000 -1.679094E-02  1.117050E-01 -1.646938E+03  1.590424E-01
1060.0  11.087826   -6.18108580  63.3843      -529196.8   3.60117132  2.864322E+01  2.478737E+01  2.497381E+01  59.0990   4.2853   0.0000      -531367.2   375.7943 2.843804E+01 2.483697E+02 2.051785E-01   0.6300   0.0000 -1.688687E-02  1.126779E-01 -1.609114E+03  1.603788E-01
1070.0  11.089023   -6.18766908  63.6535      -528910.1   3.60053666  2.867749E+01  2.479030E+01  2.497820E+01  59.3332   4.3203   0.0000      -531117.5   375.7425 2.847065E+01 2.480953E+02 2.068348E-01   0.6286   0.0000 -1.697880E-02  1.136489E-01 -1.568495E+03  1.617123E-01
1080.0  11.090221   -6.19428016  63.9206      -528623.0   3.60015835  2.871190E+01  2.479315E+01  2.498253E+01  59.5654   4.3552   0.0000      -530867.7   375.6907 2.850340E+01 2.478060E+02 2.085031E-01   0.6271   0.0000 -1.706669E-02  1.146183E-01 -1.525037E+03  1.630431E-01
1090.0  11.091419   -6.20091881  64.1854      -528335.6   3.60004016  2.874647E+01  2.479592E+01  2.498678E+01  59.7954   4.3901   0.0000      -530617.8   375.6390 2.853628E+01 2.475016E+02 2.101841E-01   0.6257   0.0000 -1.715049E-02  1.155858E-01 -1.478693E+03  1.643713E-01
1100.0  11.092617   -6.20758479  64.4482      -528047.9   3.60018584  2.878118E+01  2.479862E+01  2.499098E+01  60.0233   4.4249   0.0000      -530367.9   375.5874 2.856930E+01 2.471821E+02 2.118786E-01   0.6242   0.0000 -1.723019E-02  1.165517E-01 -1.429421E+03  1.656969E-01
1110.0  11.093815   -6.21427791  64.7090      -527759.8   3.60059944  2.881605E+01  2.480125E+01  2.499511E+01  60.2493   4.4597   0.0000      -530118.0   375.5357 2.860246E+01 2.468475E+02 2.135874E-01   0.6228   0.0000 -1.730574E-02  1.175159E-01 -1.377176E+03  1.670199E-01
1120.0  11.095014   -6.22099795  64.9677      -527471.3   3.60128519  2.885107E+01  2.480380E+01  2.499919E+01  60.4732   4.4945   0.0000      -529868.0   375.4841 2.863576E+01 2.464975E+02 2.153114E-01   0.6214   0.0000 -1.737712E-02  1.184785E-01 -1.321915E+03  1.683406E-01
1130.0  11.096213   -6.22774469  65.2244      -527182.5   3.60224723  2.888625E+01  2.480629E+01  2.500322E+01  60.6952   4.5292   0.0000      -529618.0   375.4325 2.866920E+01 2.461323E+02 2.170513E-01   0.6200   0.0000 -1.744429E-02  1.194394E-01 -1.263597E+03  1.696588E-01
1140.0  11.097412   -6.23451794  65.4791      -526893.4   3.60349006  2.892159E+01  2.480871E+01  2.500720E+01  60.9152   4.5639   0.0000      -529368.0   375.3809 2.870278E+01 2.457515E+02 2.188079E-01   0.6186   0.0000 -1.750722E-02  1.203989E-01 -1.202181E+03  1.709747E-01
1150.0  11.098612   -6.24131749  65.7320      -526603.9   3.60501836  2.895708E+01  2.481107E+01  2.501113E+01  61.1334   4.5986   0.0000      -529117.9   375.3294 2.873650E+01 2.453553E+02 2.205822E-01   0.6172   0.0000 -1.756588E-02  1.213567E-01 -1.137626E+03  1.722884E-01
1160.0  11.099813   -6.24814315  65.9829      -526314.0   3.60683682  2.899275E+01  2.481337E+01  2.501502E+01  61.3497   4.6333   0.0000      -528867.7   375.2778 2.877037E+01 2.449435E+02 2.223750E-01   0.6158   0.0000 -1.762026E-02  1.223131E-01 -1.069893E+03  1.735999E-01
1170.0  11.101014   -6.25499472  66.2320      -526023.8   3.60895051  2.902857E+01  2.481561E+01  2.501887E+01  61.5641   4.6679   0.0000      -528617.6   375.2263 2.880438E+01 2.445159E+02 2.241873E-01   0.6144   0.0000 -1.767030E-02  1.232680E-01 -9.989429E+02  1.749093E-01
1180.0  11.102216   -6.26187201  66.4793      -525733.3   3.61136452  2.906455E+01  2.481780E+01  2.502267E+01  61.7768   4.7025   0.0000      -528367.4   375.1747 2.883853E+01 2.440725E+02 2.260199E-01   0.6131   0.0000 -1.771600E-02  1.242215E-01 -9.247383E+02  1.762166E-01
1190.0  11.103420   -6.26877485  66.7248      -525442.4   3.61408421  2.910070E+01  2.481993E+01  2.502645E+01  61.9877   4.7371   0.0000      -528117.1   375.1232 2.887283E+01 2.436132E+02 2.278739E-01   0.6117   0.0000 -1.775733E-02  1.251736E-01 -8.472421E+02  1.775219E-01
1200.0  11.104624   -6.27570303  66.9686      -525151.1   3.61711523  2.913701E+01  2.482200E+01  2.503019E+01  62.1969   4.7717   0.0000      -527866.8   375.0716 2.890726E+01 2.431378E+02 2.297502E-01   0.6104   0.0000 -1.779425E-02  1.261244E-01 -7.664184E+02  1.788252E-01
1210.0  11.105830   -6.28265639  67.2106      -524859.5   3.62046325  2.917348E+01  2.482403E+01  2.503390E+01  62.4043   4.8063   0.0000      -527616.5   375.0200 2.894183E+01 2.426463E+02 2.316498E-01   0.6090   0.0000 -1.782676E-02  1.270738E-01 -6.822321E+02  1.801267E-01
1220.0  11.107037   -6.28963474  67.4509      -524567.5   3.62413434  2.921011E+01  2.482600E+01  2.503758E+01  62.6101   4.8408   0.0000      -527366.2   374.9685 2.897654E+01 2.421386E+02 2.335738E-01   0.6077   0.0000 -1.785482E-02  1.280219E-01 -5.946489E+02  1.814263E-01
1230.0  11.108245   -6.29663792  67.6895      -524275.1   3.62813473  2.924690E+01  2.482793E+01  2.504124E+01  62.8142   4.8753   0.0000      -527115.8   374.9169 2.901138E+01 2.416144E+02 2.355232E-01   0.6064   0.0000 -1.787841E-02  1.289687E-01 -5.036355E+02  1.827241E-01
1240.0  11.109455   -6.30366574  67.9266      -523982.4   3.63247094  2.928385E+01  2.482981E+01  2.504487E+01  63.0167   4.9098   0.0000      -526865.3   374.8652 2.904635E+01 2.410738E+02 2.374992E-01   0.6051   0.0000 -1.789751E-02  1.299143E-01 -4.091594E+02  1.840202E-01
1250.0  11.110666   -6.31071804  68.1620      -523689.4   3.63714975  2.932096E+01  2.483164E+01  2.504849E+01  63.2176   4.9443   0.0000      -526614.9   374.8136 2.908145E+01 2.405164E+02 2.395029E-01   0.6038   0.0000 -1.791210E-02  1.308586E-01 -3.111892E+02  1.853147E-01
1260.0  11.111880   -6.31779466  68.3958      -523395.9   3.64217816  2.935822E+01  2.483344E+01  2.505208E+01  63.4169   4.9788   0.0000      -526364.4   374.7619 2.911669E+01 2.399423E+02 2.415354E-01   0.6025   0.0000 -1.792217E-02  1.318018E-01 -2.096943E+02  1.866074E-01
1270.0  11.113095   -6.32489543  68.6280      -523102.1   3.64756356  2.939564E+01  2.483518E+01  2.505566E+01  63.6147   5.0133   0.0000      -526113.8   374.7102 2.915204E+01 2.393513E+02 2.435980E-01   0.6013   0.0000 -1.792769E-02  1.327438E-01 -1.046448E+02  1.878986E-01
1280.0  11.114312   -6.33202019  68.8587      -522808.0   3.65331347  2.943321E+01  2.483689E+01  2.505923E+01  63.8109   5.0478   0.0000      -525863.3   374.6584 2.918752E+01 2.387432E+02 2.456919E-01   0.6000   0.0000 -1.792864E-02  1.336847E-01  3.987846E+00  1.891882E-01
1290.0  11.115531   -6.33916878  69.0879      -522513.5   3.65943602  2.947093E+01  2.483856E+01  2.506279E+01  64.0057   5.0822   0.0000      -525612.6   374.6066 2.922311E+01 2.381179E+02 2.478185E-01   0.5988   0.0000 -1.792502E-02  1.346244E-01  1.162317E+02  1.904764E-01
1300.0  11.116752   -6.34634105  69.3156      -522218.6   3.66593940  2.950880E+01  2.484019E+01  2.506634E+01  64.1989   5.1167   0.0000      -525362.0   374.5547 2.925882E+01 2.374751E+02 2.499790E-01   0.5976   0.0000 -1.791680E-02  1.355631E-01  2.321137E+02  1.917630E-01
1310.0  11.117976   -6.35353684  69.5418      -521923.4   3.67283222  2.954682E+01  2.484179E+01  2.506988E+01  64.3907   5.1511   0.0000      -525111.3   374.5028 2.929465E+01 2.368149E+02 2.521748E-01   0.5964   0.0000 -1.790398E-02  1.365007E-01  3.516598E+02  1.930482E-01
1320.0  11.119203   -6.36075601  69.7666      -521627.8   3.68012363  2.958499E+01  2.484334E+01  2.507342E+01  64.5811   5.1856   0.0000      -524860.6   374.4507 2.933058E+01 2.361369E+02 2.544074E-01   0.5952   0.0000 -1.788653E-02  1.374373E-01  4.748954E+02  1.943321E-01
1330.0  11.120431   -6.36799840  69.9900      -521331.8   3.68782296  2.962329E+01  2.484487E+01  2.507696E+01  64.7700   5.2200   0.0000      -524609.8   374.3987 2.936661E+01 2.354410E+02 2.566782E-01   0.5940   0.0000 -1.786444E-02  1.383729E-01  6.018446E+02  1.956146E-01
1340.0  11.121663   -6.37526387  70.2120      -521035.4   3.69594011  2.966174E+01  2.484636E+01  2.508050E+01  64.9576   5.2544   0.0000      -524359.1   374.3465 2.940275E+01 2.347270E+02 2.589888E-01   0.5928   0.0000 -1.783770E-02  1.393075E-01  7.325309E+02  1.968958E-01
1350.0  11.122898   -6.38255227  70.4326      -520738.7   3.70448536  2.970033E+01  2.484781E+01  2.508405E+01  65.1438   5.2888   0.0000      -524108.2   374.2943 2.943899E+01 2.339948E+02 2.613408E-01   0.5917   0.0000 -1.780631E-02  1.402411E-01  8.669768E+02  1.981756E-01
1360.0  11.124136   -6.38986346  70.6518      -520441.7   3.71346947  2.973905E+01  2.484923E+01  2.508760E+01  65.3286   5.3232   0.0000      -523857.4   374.2420 2.947532E+01 2.332441E+02 2.637358E-01   0.5906   0.0000 -1.777025E-02  1.411737E-01  1.005204E+03  1.994543E-01
1370.0  11.125376   -6.39719731  70.8697      -520144.2   3.72290364  2.977792E+01  2.485063E+01  2.509115E+01  65.5121   5.3576   0.0000      -523606.5   374.1896 2.951174E+01 2.324748E+02 2.661756E-01   0.5895   0.0000 -1.772950E-02  1.421055E-01  1.147233E+03  2.007317E-01
1380.0  11.126621   -6.40455368  71.0863      -519846.4   3.73279966  2.981691E+01  2.485199E+01  2.509472E+01  65.6943   5.3920   0.0000      -523355.6   374.1371 2.954825E+01 2.316866E+02 2.686619E-01   0.5884   0.0000 -1.768407E-02  1.430363E-01  1.293084E+03  2.020079E-01
1390.0  11.127869   -6.41193242  71.3016      -519548.3   3.74316994  2.985603E+01  2.485332E+01  2.509831E+01  65.8752   5.4264   0.0000      -523104.6   374.0844 2.958484E+01 2.308793E+02 2.711966E-01   0.5873   0.0000 -1.763395E-02  1.439663E-01  1.442776E+03  2.032830E-01
1400.0  11.129120   -6.41933341  71.5156      -519249.7   3.75402722  2.989529E+01  2.485462E+01  2.510190E+01  66.0548   5.4608   0.0000      -522853.6   374.0317 2.962151E+01 2.300526E+02 2.737817E-01   0.5862   0.0000 -1.757912E-02  1.448953E-01  1.596328E+03  2.045569E-01
1410.0  11.130375   -6.42675652  71.7284      -518950.8   3.76538516  2.993467E+01  2.485590E+01  2.510552E+01  66.2331   5.4952   0.0000      -522602.6   373.9789 2.965825E+01 2.292065E+02 2.764191E-01   0.5852   0.0000 -1.751958E-02  1.458236E-01  1.753756E+03  2.058298E-01
1420.0  11.131635   -6.43420161  71.9399      -518651.6   3.77725799  2.997418E+01  2.485715E+01  2.510916E+01  66.4103   5.5296   0.0000      -522351.5   373.9259 2.969507E+01 2.283405E+02 2.791110E-01   0.5841   0.0000 -1.745533E-02  1.467510E-01  1.915078E+03  2.071015E-01
1430.0  11.132898   -6.44166856  72.1501      -518351.9   3.78966047  3.001381E+01  2.485837E+01  2.511282E+01  66.5861   5.5640   0.0000      -522100.4   373.8728 2.973195E+01 2.274544E+02 2.818596E-01   0.5831   0.0000 -1.738636E-02  1.476776E-01  2.080308E+03  2.083722E-01
1440.0  11.134166   -6.44915723  72.3592      -518051.9   3.80260830  3.005356E+01  2.485957E+01  2.511652E+01  66.7608   5.5984   0.0000      -521849.2   373.8195 2.976889E+01 2.265481E+02 2.846671E-01   0.5821   0.0000 -1.731267E-02  1.486033E-01  2.249463E+03  2.096418E-01
1450.0  11.135439   -6.45666752  72.5671      -517751.5   3.81611796  3.009343E+01  2.486075E+01  2.512019E+01  66.9343   5.6327   0.0000      -521598.0   373.7661 2.980590E+01 2.256211E+02 2.875360E-01   0.5811   0.0000 -1.723425E-02  1.495284E-01  2.422556E+03  2.109104E-01
1460.0  11.136716   -6.46419929  72.7738      -517450.8   3.83020672  3.013343E+01  2.486190E+01  2.512412E+01  67.1067   5.6671   0.0000      -521346.8   373.7125 2.984296E+01 2.246733E+02 2.904688E-01   0.5802   0.0000 -1.715111E-02  1.504526E-01  2.599601E+03  2.121780E-01
1470.0  11.137998   -6.47175242  72.9793      -517149.7   3.84489269  3.017354E+01  2.486302E+01  2.512723E+01  67.2778   5.7015   0.0000      -521095.6   373.6588 2.988007E+01 2.237044E+02 2.934681E-01   0.5792   0.0000 -1.706323E-02  1.513761E-01  2.780611E+03  2.134446E-01
1480.0  11.139285   -6.47932679  73.1837      -516848.2   3.86019509  3.021376E+01  2.486412E+01  2.513356E+01  67.4479   5.7358   0.0000      -520844.3   373.6049 2.991723E+01 2.227139E+02 2.965366E-01   0.5783   0.0000 -1.697062E-02  1.522989E-01  2.965597E+03  2.147102E-01
1490.0  11.140578   -6.48692229  73.3870      -516546.3   3.87613404  3.025411E+01  2.486521E+01  2.512807E+01  67.6168   5.7702   0.0000      -520592.9   373.5508 2.995443E+01 2.217016E+02 2.996774E-01   0.5774   0.0000 -1.687329E-02  1.532210E-01  3.154572E+03  2.159749E-01
1500.0  11.141876   -6.49453880  73.5891      -516244.1   3.89273077  3.029457E+01  2.486626E+01  2.516687E+01  67.7846   5.8045   0.0000      -520341.6   373.4965 2.999167E+01 2.206673E+02 3.028934E-01   0.5765   0.0000 -1.677122E-02  1.541423E-01  3.347545E+03  2.172387E-01
1510.0  11.143180   -6.50217621  73.7902      -515941.5   3.91000777  3.033514E+01  2.486730E+01  2.504061E+01  67.9513   5.8389   0.0000      -520090.1   373.4420 3.002895E+01 2.196104E+02 3.061878E-01   0.5757   0.0000 -1.666442E-02  1.550630E-01  3.544526E+03  2.185015E-01
1520.0  11.144491   -6.50983439  73.9902      -515638.5   3.92798876  3.037583E+01  2.486832E+01  2.553058E+01  68.1169   5.8732   0.0000      -519838.7   373.3874 3.006626E+01 2.185308E+02 3.095640E-01   0.5748   0.0000 -1.655290E-02  1.559829E-01  3.745525E+03  2.197635E-01
1530.0  11.145807   -6.51751325  74.1891      -515335.2   3.94669868  3.041663E+01  2.486932E+01  2.372099E+01  68.2815   5.9076   0.0000      -519587.2   373.3325 3.010360E+01 2.174279E+02 3.130255E-01   0.5740   0.0000 -1.643665E-02  1.569023E-01  3.950551E+03  2.210245E-01
1540.0  11.147130   -6.52521267  74.3869      -515031.5   3.96616407  3.045755E+01  2.487030E+01  3.049377E+01  68.4450   5.9419   0.0000      -519335.7   373.2773 3.014097E+01 2.163015E+02 3.165761E-01   0.5732   0.0000 -1.631567E-02  1.578209E-01  4.159610E+03  2.222846E-01
1550.0  11.148460   -6.53293254  74.5838      -514727.4 -30.32481684  4.870855E+01  2.487126E+01  5.236977E+00  68.6075   5.9763   0.0000      -519084.1   373.2219 3.017836E+01 2.151511E+02 1.853019E+01  -4.3544   0.0000 -1.618998E-02  1.587390E-01  4.372711E+03  2.235439E-01
1560.0  11.149797   -6.54067276  74.7795      -514423.0 244.03334389  1.231509E+03  2.487220E+01  9.951647E+01  68.7689   6.0106   0.0000      -518832.5   373.1663 3.021576E+01 2.139762E+02 1.201293E+03  34.8113   0.0000 -1.605957E-02  1.596564E-01  4.589861E+03  2.248023E-01
1570.0  11.151141   -6.54843321  74.9743      -514118.2-891.65148916  1.608215E+04  2.487312E+01 -2.523192E+02  68.9294   6.0449   0.0000      -518580.8   373.1104 3.025318E+01 2.127765E+02 1.605190E+04   0.0000   0.0000 -1.592445E-02  1.605732E-01  4.811064E+03  2.260598E-01
1580.0  11.152493   -6.55621380  75.1681      -513813.03346.37941743  2.262806E+05  2.487403E+01  1.060770E+03  69.0888   6.0792   0.0000      -518329.1   373.0543 3.029062E+01 2.115516E+02 2.262503E+05   0.0000   0.0000 -1.578463E-02  1.614893E-01  5.036328E+03  2.273165E-01
1590.0  13.220156   -6.56502013  87.8053      -493817.85110.31416340  6.593183E+05  2.491657E+01  1.903408E+03  80.7691   7.0362   0.0000      -498933.6   233.3579 3.085563E+01 2.215911E+02 6.592874E+05   0.0000   0.0000 -1.151861E-02  1.904728E-01  8.076732E+03  2.654858E-01
1600.0  13.228989   -6.57413508  88.0776      -493383.5*************  1.486389E+06  2.491707E+01 -2.743517E+03  81.0011   7.0766   0.0000      -498559.5   232.6388 3.089862E+01 2.279741E+02 1.486358E+06   0.0000   0.0000 -1.130507E-02  1.915839E-01  8.377734E+03  2.669707E-01
