
Used Primitive lattice vector

   -1.725220000000     -1.725220000000      0.000000000000  
   -1.725220000000      0.000000000000     -1.725220000000  
    0.000000000000     -1.725220000000     -1.725220000000  

   2 Atom(s) in the Primitive cell

 0.0000000000 0.0000000000 0.0000000000  C    0
 0.7500000000 0.7500000000 0.7500000000  C    1


 Q=  0.144909  0.144909  0.144909, q= -0.500000 -0.500000 -0.500000

                        C X   0         C Y   0         C Z   0         C X   1         C Y   1         C Z   1     
                    --------------- --------------- --------------- --------------- --------------- ---------------
    0  16.5836 THz  -0.4105  0.0000  0.4959  0.1979 -0.0854 -0.1979 -0.2903 -0.2903  0.2107  0.4905  0.0796 -0.2003
    1  16.5836 THz   0.4060  0.0000  0.0909  0.2001 -0.4969 -0.2001  0.2871  0.2871 -0.0772  0.2057 -0.2099 -0.4928
    2  36.7035 THz  -0.4082  0.0000 -0.4082  0.0000 -0.4082  0.0000 -0.2887 -0.2887 -0.2887 -0.2887 -0.2887 -0.2887
    3  39.5622 THz   0.4082  0.0000  0.4082 -0.0000  0.4082 -0.0000 -0.2887 -0.2887 -0.2887 -0.2887 -0.2887 -0.2887
    4  40.6846 THz   0.5627  0.0000 -0.2632 -0.1105 -0.2995  0.1105 -0.3979 -0.3979  0.1080  0.2642  0.2899  0.1337
    5  40.6846 THz  -0.1293  0.0000  0.1437 -0.4808 -0.0144  0.4808  0.0914  0.0914 -0.4416  0.2384  0.3502 -0.3298


 Q=  0.217364  0.072455  0.072455, q= -0.500000 -0.500000 -0.250000

                        C X   0         C Y   0         C Z   0         C X   1         C Y   1         C Z   1     
                    --------------- --------------- --------------- --------------- --------------- ---------------
    0  21.0345 THz  -0.0000  0.0000  0.4169 -0.2760 -0.4169  0.2760 -0.0000 -0.0000  0.4756  0.1542 -0.4756 -0.1542
    1  26.4076 THz   0.4306  0.0000 -0.3892 -0.0761 -0.3892 -0.0761  0.4096  0.1328 -0.3937 -0.0476 -0.3937 -0.0476
    2  32.2390 THz  -0.4782  0.0000 -0.1854 -0.3182 -0.1854 -0.3182 -0.4341 -0.2005 -0.3018  0.2112 -0.3018  0.2112
    3  38.6472 THz   0.4167  0.0000  0.4016 -0.0434  0.4016 -0.0434 -0.2344  0.3446 -0.2618  0.3076 -0.2618  0.3076
    4  38.7035 THz   0.0000  0.0000  0.1446  0.4786 -0.1446 -0.4786 -0.0000  0.0000  0.2843 -0.4113 -0.2843  0.4113
    5  41.3664 THz   0.6421  0.0000 -0.1377 -0.1578 -0.1377 -0.1578 -0.4459 -0.4620  0.2092 -0.0105  0.2092 -0.0105


 Q=  0.289818  0.000000  0.000000, q= -0.500000 -0.500000  0.000000

                        C X   0         C Y   0         C Z   0         C X   1         C Y   1         C Z   1     
                    --------------- --------------- --------------- --------------- --------------- ---------------
    0  23.8578 THz   0.0000  0.0000 -0.5086  0.0237  0.4881 -0.0501 -0.0000 -0.0000 -0.0501 -0.4881  0.0237  0.5086
    1  23.8578 THz   0.0000  0.0000  0.4906  0.0081  0.5087 -0.0200  0.0000  0.0000 -0.0200 -0.5087  0.0081 -0.4906
    2  37.3455 THz   0.0000  0.0000 -0.6472  0.2311 -0.0784 -0.1467  0.0000  0.0000  0.1467 -0.0784 -0.2311 -0.6472
    3  37.3455 THz   0.0000  0.0000  0.0005  0.1664  0.6794 -0.1034  0.0000  0.0000  0.1034  0.6794 -0.1664  0.0005
    4  39.5118 THz   0.0000  0.0000 -0.0000  0.0000  0.0000 -0.0000 -0.3843 -0.9232  0.0000  0.0000 -0.0000 -0.0000
    5  39.5118 THz   1.0000  0.0000  0.0000  0.0000  0.0000  0.0000  0.0000  0.0000  0.0000  0.0000  0.0000  0.0000


 Q=  0.362273 -0.072455 -0.072455, q= -0.500000 -0.500000  0.250000

                        C X   0         C Y   0         C Z   0         C X   1         C Y   1         C Z   1     
                    --------------- --------------- --------------- --------------- --------------- ---------------
    0  21.0345 THz  -0.0000  0.0000 -0.1709 -0.4699  0.1709  0.4699 -0.0000 -0.0000  0.4740  0.1591 -0.4740 -0.1591
    1  26.4076 THz  -0.4306  0.0000  0.3892 -0.0761  0.3892 -0.0761  0.4096 -0.1328 -0.3937  0.0476 -0.3937  0.0476
    2  32.2390 THz   0.4782  0.0000  0.1854 -0.3182  0.1854 -0.3182 -0.4341  0.2005 -0.3018 -0.2112 -0.3018 -0.2112
    3  38.6472 THz  -0.4167  0.0000 -0.4016 -0.0434 -0.4016 -0.0434 -0.2344 -0.3446 -0.2618 -0.3076 -0.2618 -0.3076
    4  38.7035 THz   0.0000  0.0000 -0.0633 -0.4960  0.0633  0.4960  0.0000  0.0000 -0.4274 -0.2595  0.4274  0.2595
    5  41.3664 THz   0.6421  0.0000 -0.1377  0.1578 -0.1377  0.1578  0.4459 -0.4620 -0.2092 -0.0105 -0.2092 -0.0105


 Q=  0.072455  0.217364  0.072455, q= -0.500000 -0.250000 -0.500000

                        C X   0         C Y   0         C Z   0         C X   1         C Y   1         C Z   1     
                    --------------- --------------- --------------- --------------- --------------- ---------------
    0  21.0345 THz  -0.5000  0.0000 -0.0000  0.0000  0.5000  0.0000 -0.3115 -0.3911  0.0000 -0.0000  0.3115  0.3911
    1  26.4076 THz   0.3966  0.0000 -0.4226  0.0827  0.3966  0.0000  0.3956 -0.0289 -0.4275 -0.0517  0.3956 -0.0289
    2  32.2390 THz  -0.3683  0.0000 -0.2407  0.4132 -0.3683  0.0000  0.0305  0.3671 -0.3918  0.2742  0.0305  0.3671
    3  38.6472 THz   0.4039  0.0000  0.4143  0.0448  0.4039  0.0000 -0.2933  0.2777 -0.2701  0.3174 -0.2933  0.2777
    4  38.7035 THz   0.5000  0.0000 -0.0000 -0.0000 -0.5000 -0.0000 -0.3115 -0.3911  0.0000  0.0000  0.3115  0.3911
    5  41.3664 THz  -0.2095  0.0000  0.4222 -0.4837 -0.2095 -0.0000  0.1297 -0.1645 -0.6413  0.0320  0.1297 -0.1645


 Q=  0.144909  0.144909  0.000000, q= -0.500000 -0.250000 -0.250000

                        C X   0         C Y   0         C Z   0         C X   1         C Y   1         C Z   1     
                    --------------- --------------- --------------- --------------- --------------- ---------------
    0  18.9470 THz  -0.5000  0.0000  0.5000 -0.0000 -0.0000 -0.0000 -0.5000 -0.0000  0.5000  0.0000 -0.0000  0.0000
    1  25.3116 THz  -0.0839  0.0000 -0.0839  0.0000  0.0000  0.6971  0.0839 -0.0000  0.0839 -0.0000  0.0000  0.6971
    2  28.8200 THz   0.4604  0.0000  0.4604 -0.0000  0.0000  0.2759  0.4604 -0.0000  0.4604 -0.0000  0.0000 -0.2759
    3  39.3141 THz   0.5000  0.0000 -0.5000  0.0000 -0.0000  0.0000 -0.5000 -0.0000  0.5000 -0.0000  0.0000 -0.0000
    4  39.8248 THz   0.4929  0.0000  0.4929 -0.0000  0.0000  0.1187 -0.4929  0.0000 -0.4929  0.0000 -0.0000  0.1187
    5  41.7618 THz  -0.1951  0.0000 -0.1951 -0.0000  0.0000  0.6511 -0.1951  0.0000 -0.1951  0.0000 -0.0000 -0.6511


 Q=  0.217364  0.072455 -0.072455, q= -0.500000 -0.250000  0.000000

                        C X   0         C Y   0         C Z   0         C X   1         C Y   1         C Z   1     
                    --------------- --------------- --------------- --------------- --------------- ---------------
    0  21.0345 THz   0.0000  0.0000 -0.4810 -0.1366 -0.4810 -0.1366  0.0000 -0.0000 -0.4065  0.2911 -0.4065  0.2911
    1  26.4076 THz  -0.4306  0.0000  0.3892 -0.0761 -0.3892  0.0761 -0.4096  0.1328  0.3937 -0.0476 -0.3937  0.0476
    2  32.2390 THz  -0.4782  0.0000 -0.1854  0.3182  0.1854 -0.3182 -0.4341  0.2005 -0.3018 -0.2112  0.3018  0.2112
    3  38.6472 THz   0.4167  0.0000  0.4016  0.0434 -0.4016 -0.0434 -0.2344 -0.3446 -0.2618 -0.3076  0.2618  0.3076
    4  38.7035 THz   0.0000  0.0000 -0.4379 -0.2414 -0.4379 -0.2414 -0.0000 -0.0000  0.4616 -0.1921  0.4616 -0.1921
    5  41.3664 THz   0.6421  0.0000 -0.1377  0.1578  0.1377 -0.1578 -0.4459  0.4620  0.2092  0.0105 -0.2092 -0.0105


 Q=  0.289818  0.000000 -0.144909, q= -0.500000 -0.250000  0.250000

                        C X   0         C Y   0         C Z   0         C X   1         C Y   1         C Z   1     
                    --------------- --------------- --------------- --------------- --------------- ---------------
    0  28.7295 THz   0.3573  0.0000  0.0000  0.3573  0.0000  0.0000  0.0000  0.0000 -0.0000  0.0000  0.8629 -0.0000
    1  28.7295 THz   0.0000  0.0000 -0.0000 -0.0000  0.8367  0.2111  0.3464  0.0874  0.0874 -0.3464 -0.0000  0.0000
    2  33.4142 THz   0.0000  0.0000 -0.0000 -0.0000 -0.0000  0.0000 -0.0000  0.7071 -0.7071 -0.0000 -0.0000 -0.0000
    3  33.4142 THz  -0.7071  0.0000  0.0000  0.7071  0.0000  0.0000 -0.0000  0.0000 -0.0000  0.0000 -0.0000 -0.0000
    4  39.7287 THz   0.6102  0.0000  0.0000  0.6102  0.0000  0.0000 -0.0000 -0.0000 -0.0000 -0.0000 -0.5053 -0.0000
    5  39.7287 THz   0.0000  0.0000  0.0000 -0.0000 -0.1655  0.4774  0.1998 -0.5766 -0.5766 -0.1998 -0.0000  0.0000


 Q=  0.000000  0.289818  0.000000, q= -0.500000  0.000000 -0.500000

                        C X   0         C Y   0         C Z   0         C X   1         C Y   1         C Z   1     
                    --------------- --------------- --------------- --------------- --------------- ---------------
    0  23.8578 THz   0.7071  0.0000  0.0000 -0.0000 -0.0000  0.0000  0.0000 -0.0000 -0.0000  0.0000 -0.0000 -0.7071
    1  23.8578 THz  -0.0000  0.0000  0.0000 -0.0000  0.7071  0.0000  0.0000 -0.7071 -0.0000 -0.0000  0.0000 -0.0000
    2  37.3455 THz   0.7071  0.0000 -0.0000 -0.0000  0.0000 -0.0000 -0.0000 -0.0000  0.0000  0.0000  0.0000  0.7071
    3  37.3455 THz   0.0000  0.0000 -0.0000 -0.0000 -0.7071  0.0000 -0.0000 -0.7071 -0.0000  0.0000  0.0000  0.0000
    4  39.5118 THz  -0.0000  0.0000 -0.0308 -0.0054 -0.0000 -0.0000  0.0000 -0.0000  0.9911  0.1295  0.0000 -0.0000
    5  39.5118 THz   0.0000  0.0000  0.9994  0.0152 -0.0000  0.0000 -0.0000 -0.0000  0.0312 -0.0009 -0.0000  0.0000


 Q=  0.072455  0.217364 -0.072455, q= -0.500000  0.000000 -0.250000

                        C X   0         C Y   0         C Z   0         C X   1         C Y   1         C Z   1     
                    --------------- --------------- --------------- --------------- --------------- ---------------
    0  21.0345 THz  -0.5000  0.0000 -0.0000  0.0000 -0.5000  0.0000 -0.3115  0.3911 -0.0000  0.0000 -0.3115  0.3911
    1  26.4076 THz  -0.3966  0.0000  0.4226  0.0827  0.3966 -0.0000 -0.3956 -0.0289  0.4275 -0.0517  0.3956  0.0289
    2  32.2390 THz  -0.3683  0.0000 -0.2407 -0.4132  0.3683  0.0000  0.0305 -0.3671 -0.3918 -0.2742 -0.0305  0.3671
    3  38.6472 THz   0.4039  0.0000  0.4143 -0.0448 -0.4039 -0.0000 -0.2933 -0.2777 -0.2701 -0.3174  0.2933  0.2777
    4  38.7035 THz  -0.5000  0.0000 -0.0000  0.0000 -0.5000 -0.0000  0.3115 -0.3911  0.0000 -0.0000  0.3115 -0.3911
    5  41.3664 THz  -0.2095  0.0000  0.4222  0.4837  0.2095  0.0000  0.1297  0.1645 -0.6413 -0.0320 -0.1297 -0.1645


 Q=  0.144909  0.144909 -0.144909, q= -0.500000  0.000000  0.000000

                        C X   0         C Y   0         C Z   0         C X   1         C Y   1         C Z   1     
                    --------------- --------------- --------------- --------------- --------------- ---------------
    0  16.5836 THz  -0.1468  0.0000  0.4676 -0.2801  0.3208 -0.2801 -0.1038  0.1038  0.1326 -0.5287  0.0287 -0.4249
    1  16.5836 THz  -0.5584  0.0000  0.1755  0.0737 -0.3828  0.0737 -0.3948  0.3948  0.1762 -0.0720 -0.2186  0.3228
    2  36.7035 THz   0.4082  0.0000  0.4082  0.0000 -0.4082 -0.0000  0.2887 -0.2887  0.2887 -0.2887 -0.2887  0.2887
    3  39.5622 THz   0.4082  0.0000  0.4082 -0.0000 -0.4082 -0.0000 -0.2887  0.2887 -0.2887  0.2887  0.2887 -0.2887
    4  40.6846 THz   0.1026  0.0000  0.4030  0.1890  0.5056  0.1890 -0.0725  0.0725 -0.4186  0.1513 -0.4912  0.2238
    5  40.6846 THz   0.5682  0.0000 -0.3661 -0.0341  0.2021 -0.0341 -0.4018  0.4018  0.2830 -0.2347 -0.1187  0.1670


 Q=  0.217364  0.072455 -0.217364, q= -0.500000  0.000000  0.250000

                        C X   0         C Y   0         C Z   0         C X   1         C Y   1         C Z   1     
                    --------------- --------------- --------------- --------------- --------------- ---------------
    0  21.0345 THz  -0.5000  0.0000 -0.0000  0.0000 -0.5000 -0.0000 -0.3911  0.3115 -0.0000  0.0000 -0.3911  0.3115
    1  26.4076 THz  -0.3966  0.0000  0.4226 -0.0827  0.3966  0.0000  0.0289  0.3956  0.0517 -0.4275 -0.0289 -0.3956
    2  32.2390 THz   0.3683  0.0000  0.2407 -0.4132 -0.3683  0.0000 -0.3671  0.0305 -0.2742 -0.3918  0.3671 -0.0305
    3  38.6472 THz   0.4039  0.0000  0.4143  0.0448 -0.4039  0.0000  0.2777  0.2933  0.3174  0.2701 -0.2777 -0.2933
    4  38.7035 THz  -0.5000 -0.0000 -0.0000 -0.0000 -0.5000  0.0000  0.3911 -0.3115 -0.0000 -0.0000  0.3911 -0.3115
    5  41.3664 THz   0.2095  0.0000 -0.4222  0.4837 -0.2095  0.0000  0.1645  0.1297 -0.0320 -0.6413 -0.1645 -0.1297


 Q= -0.072455  0.362273 -0.072455, q= -0.500000  0.250000 -0.500000

                        C X   0         C Y   0         C Z   0         C X   1         C Y   1         C Z   1     
                    --------------- --------------- --------------- --------------- --------------- ---------------
    0  21.0345 THz  -0.5000  0.0000 -0.0000  0.0000  0.5000  0.0000  0.3115 -0.3911 -0.0000 -0.0000 -0.3115  0.3911
    1  26.4076 THz   0.3966  0.0000 -0.4226 -0.0827  0.3966  0.0000 -0.3956 -0.0289  0.4275 -0.0517 -0.3956 -0.0289
    2  32.2390 THz   0.3683  0.0000  0.2407  0.4132  0.3683 -0.0000  0.0305 -0.3671 -0.3918 -0.2742  0.0305 -0.3671
    3  38.6472 THz   0.4039  0.0000  0.4143 -0.0448  0.4039  0.0000  0.2933  0.2777  0.2701  0.3174  0.2933  0.2777
    4  38.7035 THz  -0.5000 -0.0000 -0.0000  0.0000  0.5000  0.0000 -0.3115  0.3911 -0.0000 -0.0000  0.3115 -0.3911
    5  41.3664 THz   0.2095  0.0000 -0.4222 -0.4837  0.2095  0.0000  0.1297  0.1645 -0.6413 -0.0320  0.1297  0.1645


 Q=  0.000000  0.289818 -0.144909, q= -0.500000  0.250000 -0.250000

                        C X   0         C Y   0         C Z   0         C X   1         C Y   1         C Z   1     
                    --------------- --------------- --------------- --------------- --------------- ---------------
    0  28.7295 THz   0.0000  0.0000  0.0000  0.0000 -0.7509 -0.4253 -0.1761  0.3109 -0.3109 -0.1761  0.0000  0.0000
    1  28.7295 THz   0.3573  0.0000  0.0000 -0.3573  0.0000 -0.0000 -0.0000 -0.0000 -0.0000 -0.0000  0.0000 -0.8629
    2  33.4142 THz   0.0000  0.0000  0.0000 -0.0000 -0.0000 -0.0000  0.5892 -0.3910 -0.3910 -0.5892 -0.0000  0.0000
    3  33.4142 THz  -0.7071  0.0000  0.0000 -0.7071  0.0000 -0.0000 -0.0000  0.0000 -0.0000 -0.0000  0.0000  0.0000
    4  39.7287 THz   0.0000  0.0000 -0.0000 -0.0000 -0.3242  0.3876 -0.4681 -0.3915  0.3915 -0.4681  0.0000  0.0000
    5  39.7287 THz   0.6102  0.0000  0.0000 -0.6102  0.0000 -0.0000  0.0000  0.0000 -0.0000 -0.0000  0.0000  0.5053


 Q=  0.072455  0.217364 -0.217364, q= -0.500000  0.250000  0.000000

                        C X   0         C Y   0         C Z   0         C X   1         C Y   1         C Z   1     
                    --------------- --------------- --------------- --------------- --------------- ---------------
    0  21.0345 THz  -0.0000  0.0000  0.4999 -0.0114  0.4999 -0.0114 -0.0000  0.0000  0.3839 -0.3204  0.3839 -0.3204
    1  26.4076 THz  -0.4306  0.0000  0.3892  0.0761 -0.3892 -0.0761 -0.1328  0.4096  0.0476 -0.3937 -0.0476  0.3937
    2  32.2390 THz  -0.4782  0.0000 -0.1854 -0.3182  0.1854  0.3182 -0.2005  0.4341  0.2112  0.3018 -0.2112 -0.3018
    3  38.6472 THz  -0.4167  0.0000 -0.4016  0.0434  0.4016 -0.0434 -0.3446 -0.2344 -0.3076 -0.2618  0.3076  0.2618
    4  38.7035 THz  -0.0000  0.0000  0.4997 -0.0187  0.4997 -0.0187 -0.0000 -0.0000 -0.3792  0.3259 -0.3792  0.3259
    5  41.3664 THz   0.6421  0.0000 -0.1377 -0.1578  0.1377  0.1578 -0.4620  0.4459 -0.0105 -0.2092  0.0105  0.2092


 Q=  0.144909  0.144909 -0.289818, q= -0.500000  0.250000  0.250000

                        C X   0         C Y   0         C Z   0         C X   1         C Y   1         C Z   1     
                    --------------- --------------- --------------- --------------- --------------- ---------------
    0  18.9470 THz  -0.5000  0.0000  0.5000 -0.0000  0.0000 -0.0000 -0.0000  0.5000  0.0000 -0.5000 -0.0000 -0.0000
    1  25.3116 THz  -0.0839  0.0000 -0.0839  0.0000 -0.0000 -0.6971 -0.0000 -0.0839 -0.0000 -0.0839 -0.6971  0.0000
    2  28.8200 THz  -0.4604  0.0000 -0.4604  0.0000  0.0000  0.2759  0.0000  0.4604  0.0000  0.4604 -0.2759 -0.0000
    3  39.3141 THz   0.5000  0.0000 -0.5000  0.0000  0.0000  0.0000 -0.0000  0.5000 -0.0000 -0.5000 -0.0000  0.0000
    4  39.8248 THz   0.4929  0.0000  0.4929 -0.0000 -0.0000 -0.1187  0.0000  0.4929  0.0000  0.4929 -0.1187 -0.0000
    5  41.7618 THz   0.1951  0.0000  0.1951  0.0000  0.0000  0.6511 -0.0000 -0.1951 -0.0000 -0.1951 -0.6511  0.0000


 Q=  0.072455  0.072455  0.217364, q= -0.250000 -0.500000 -0.500000

                        C X   0         C Y   0         C Z   0         C X   1         C Y   1         C Z   1     
                    --------------- --------------- --------------- --------------- --------------- ---------------
    0  21.0345 THz  -0.5000  0.0000  0.5000 -0.0000  0.0000  0.0000 -0.3115 -0.3911  0.3115  0.3911  0.0000  0.0000
    1  26.4076 THz   0.3966  0.0000  0.3966 -0.0000 -0.4226  0.0827  0.3956 -0.0289  0.3956 -0.0289 -0.4275 -0.0517
    2  32.2390 THz   0.3683  0.0000  0.3683  0.0000  0.2407 -0.4132 -0.0305 -0.3671 -0.0305 -0.3671  0.3918 -0.2742
    3  38.6472 THz   0.4039  0.0000  0.4039 -0.0000  0.4143  0.0448 -0.2933  0.2777 -0.2933  0.2777 -0.2701  0.3174
    4  38.7035 THz   0.5000  0.0000 -0.5000  0.0000  0.0000  0.0000 -0.3115 -0.3911  0.3115  0.3911 -0.0000  0.0000
    5  41.3664 THz   0.2095  0.0000  0.2095 -0.0000 -0.4222  0.4837 -0.1297  0.1645 -0.1297  0.1645  0.6413 -0.0320


 Q=  0.144909  0.000000  0.144909, q= -0.250000 -0.500000 -0.250000

                        C X   0         C Y   0         C Z   0         C X   1         C Y   1         C Z   1     
                    --------------- --------------- --------------- --------------- --------------- ---------------
    0  18.9470 THz  -0.5000  0.0000 -0.0000  0.0000  0.5000  0.0000 -0.5000  0.0000 -0.0000 -0.0000  0.5000  0.0000
    1  25.3116 THz  -0.0839  0.0000  0.0000  0.6971 -0.0839  0.0000  0.0839 -0.0000  0.0000  0.6971  0.0839  0.0000
    2  28.8200 THz   0.4604  0.0000 -0.0000  0.2759  0.4604  0.0000  0.4604  0.0000 -0.0000 -0.2759  0.4604  0.0000
    3  39.3141 THz   0.5000  0.0000 -0.0000 -0.0000 -0.5000 -0.0000 -0.5000 -0.0000  0.0000 -0.0000  0.5000 -0.0000
    4  39.8248 THz   0.4929  0.0000 -0.0000  0.1187  0.4929 -0.0000 -0.4929 -0.0000  0.0000  0.1187 -0.4929 -0.0000
    5  41.7618 THz  -0.1951  0.0000 -0.0000  0.6511 -0.1951 -0.0000 -0.1951 -0.0000  0.0000 -0.6511 -0.1951 -0.0000


 Q=  0.217364 -0.072455  0.072455, q= -0.250000 -0.500000  0.000000

                        C X   0         C Y   0         C Z   0         C X   1         C Y   1         C Z   1     
                    --------------- --------------- --------------- --------------- --------------- ---------------
    0  21.0345 THz  -0.0000  0.0000  0.0038 -0.5000  0.0038 -0.5000 -0.0000  0.0000 -0.3887 -0.3145 -0.3887 -0.3145
    1  26.4076 THz   0.4306  0.0000  0.3892 -0.0761 -0.3892  0.0761  0.4096 -0.1328  0.3937 -0.0476 -0.3937  0.0476
    2  32.2390 THz  -0.4782  0.0000  0.1854 -0.3182 -0.1854  0.3182 -0.4341  0.2005  0.3018  0.2112 -0.3018 -0.2112
    3  38.6472 THz   0.4167  0.0000 -0.4016 -0.0434  0.4016  0.0434 -0.2344 -0.3446  0.2618  0.3076 -0.2618 -0.3076
    4  38.7035 THz  -0.0000  0.0000 -0.1872 -0.4636 -0.1872 -0.4636  0.0000  0.0000  0.4793  0.1425  0.4793  0.1425
    5  41.3664 THz  -0.6421  0.0000 -0.1377  0.1578  0.1377 -0.1578  0.4459 -0.4620  0.2092  0.0105 -0.2092 -0.0105


 Q=  0.289818 -0.144909  0.000000, q= -0.250000 -0.500000  0.250000

                        C X   0         C Y   0         C Z   0         C X   1         C Y   1         C Z   1     
                    --------------- --------------- --------------- --------------- --------------- ---------------
    0  28.7295 THz   0.0000  0.0000  0.8627  0.0226 -0.0000 -0.0000  0.3572  0.0094 -0.0000  0.0000  0.0094 -0.3572
    1  28.7295 THz   0.3573  0.0000  0.0000  0.0000 -0.0000  0.3573  0.0000  0.0000  0.8629 -0.0000 -0.0000 -0.0000
    2  33.4142 THz   0.0000  0.0000  0.0000 -0.0000 -0.0000 -0.0000 -0.0975  0.7003 -0.0000 -0.0000 -0.7003 -0.0975
    3  33.4142 THz  -0.7071  0.0000  0.0000  0.0000  0.0000  0.7071 -0.0000 -0.0000 -0.0000  0.0000 -0.0000 -0.0000
    4  39.7287 THz   0.0000  0.0000  0.4122  0.2923  0.0000 -0.0000 -0.4978 -0.3529 -0.0000 -0.0000 -0.3529  0.4978
    5  39.7287 THz   0.6102  0.0000  0.0000  0.0000  0.0000  0.6102 -0.0000 -0.0000 -0.5053  0.0000 -0.0000 -0.0000


 Q=  0.000000  0.144909  0.144909, q= -0.250000 -0.250000 -0.500000

                        C X   0         C Y   0         C Z   0         C X   1         C Y   1         C Z   1     
                    --------------- --------------- --------------- --------------- --------------- ---------------
    0  18.9470 THz  -0.0000  0.0000 -0.4894  0.1022  0.4894 -0.1022 -0.0000  0.0000 -0.4894  0.1022  0.4894 -0.1022
    1  25.3116 THz  -0.6971  0.0000 -0.0000 -0.0839 -0.0000 -0.0839 -0.6971  0.0000  0.0000  0.0839 -0.0000  0.0839
    2  28.8200 THz  -0.2759  0.0000  0.0000  0.4604  0.0000  0.4604  0.2759 -0.0000  0.0000  0.4604  0.0000  0.4604
    3  39.3141 THz  -0.0000  0.0000 -0.4937  0.0790  0.4937 -0.0790 -0.0000 -0.0000  0.4937 -0.0790 -0.4937  0.0790
    4  39.8248 THz  -0.1187  0.0000  0.0000  0.4929 -0.0000  0.4929 -0.1187  0.0000 -0.0000 -0.4929  0.0000 -0.4929
    5  41.7618 THz   0.6511  0.0000  0.0000  0.1951 -0.0000  0.1951 -0.6511  0.0000 -0.0000  0.1951  0.0000  0.1951


 Q=  0.072455  0.072455  0.072455, q= -0.250000 -0.250000 -0.250000

                        C X   0         C Y   0         C Z   0         C X   1         C Y   1         C Z   1     
                    --------------- --------------- --------------- --------------- --------------- ---------------
    0  12.6800 THz   0.0000  0.0000  0.2071 -0.4551 -0.2071  0.4551 -0.0000  0.0000  0.3026 -0.3980 -0.3026  0.3980
    1  12.6800 THz   0.5774  0.0000 -0.2887 -0.0000 -0.2887 -0.0000  0.5631  0.1277 -0.2815 -0.0638 -0.2815 -0.0638
    2  23.5275 THz   0.4082  0.0000  0.4082  0.0000  0.4082  0.0000  0.3989 -0.0869  0.3989 -0.0869  0.3989 -0.0869
    3  41.6047 THz  -0.5774  0.0000  0.2887  0.0000  0.2887 -0.0000  0.5631  0.1277 -0.2815 -0.0638 -0.2815 -0.0638
    4  41.6047 THz   0.0000  0.0000  0.4637 -0.1869 -0.4637  0.1869 -0.0000  0.0000 -0.4936  0.0797  0.4936 -0.0797
    5  43.0638 THz  -0.4082  0.0000 -0.4082 -0.0000 -0.4082  0.0000  0.3989 -0.0869  0.3989 -0.0869  0.3989 -0.0869


 Q=  0.144909  0.000000  0.000000, q= -0.250000 -0.250000  0.000000

                        C X   0         C Y   0         C Z   0         C X   1         C Y   1         C Z   1     
                    --------------- --------------- --------------- --------------- --------------- ---------------
    0  17.0636 THz   0.0000  0.0000  0.2413 -0.0562 -0.6430 -0.1585  0.0000 -0.0000  0.1699  0.1742 -0.6216 -0.2334
    1  17.0636 THz   0.0000  0.0000 -0.6582 -0.0737 -0.2070 -0.1362  0.0000 -0.0000 -0.6639  0.0040 -0.2197  0.1046
    2  24.7641 THz   0.7071  0.0000  0.0000 -0.0000 -0.0000  0.0000  0.7071  0.0000 -0.0000  0.0000 -0.0000  0.0000
    3  40.3147 THz   0.0000  0.0000 -0.3397  0.4150  0.4545 -0.0755  0.0000  0.0000  0.3445 -0.2281 -0.5717 -0.0491
    4  40.3147 THz   0.0000  0.0000 -0.3721  0.2717 -0.5342 -0.0479  0.0000  0.0000  0.3651 -0.4426  0.4041 -0.0864
    5  43.5783 THz   0.7071  0.0000  0.0000  0.0000  0.0000 -0.0000 -0.7071 -0.0000  0.0000 -0.0000  0.0000 -0.0000


 Q=  0.217364 -0.072455 -0.072455, q= -0.250000 -0.250000  0.250000

                        C X   0         C Y   0         C Z   0         C X   1         C Y   1         C Z   1     
                    --------------- --------------- --------------- --------------- --------------- ---------------
    0  21.0345 THz  -0.0000  0.0000  0.4925  0.0863 -0.4925 -0.0863 -0.0000 -0.0000  0.2394  0.4390 -0.2394 -0.4390
    1  26.4076 THz  -0.4306  0.0000 -0.3892 -0.0761 -0.3892 -0.0761 -0.4096 -0.1328 -0.3937 -0.0476 -0.3937 -0.0476
    2  32.2390 THz  -0.4782  0.0000  0.1854  0.3182  0.1854  0.3182 -0.4341 -0.2005  0.3018 -0.2112  0.3018 -0.2112
    3  38.6472 THz   0.4167  0.0000 -0.4016  0.0434 -0.4016  0.0434 -0.2344  0.3446  0.2618 -0.3076  0.2618 -0.3076
    4  38.7035 THz  -0.0000  0.0000 -0.1895  0.4627  0.1895 -0.4627  0.0000 -0.0000  0.4800 -0.1401 -0.4800  0.1401
    5  41.3664 THz  -0.6421  0.0000 -0.1377 -0.1578 -0.1377 -0.1578  0.4459  0.4620  0.2092 -0.0105  0.2092 -0.0105


 Q= -0.072455  0.217364  0.072455, q= -0.250000  0.000000 -0.500000

                        C X   0         C Y   0         C Z   0         C X   1         C Y   1         C Z   1     
                    --------------- --------------- --------------- --------------- --------------- ---------------
    0  21.0345 THz   0.5000  0.0000  0.0000 -0.0000  0.5000  0.0000  0.3115 -0.3911  0.0000 -0.0000  0.3115 -0.3911
    1  26.4076 THz  -0.3966  0.0000 -0.4226 -0.0827  0.3966  0.0000 -0.3956 -0.0289 -0.4275  0.0517  0.3956  0.0289
    2  32.2390 THz  -0.3683  0.0000  0.2407  0.4132  0.3683 -0.0000  0.0305 -0.3671  0.3918  0.2742 -0.0305  0.3671
    3  38.6472 THz   0.4039  0.0000 -0.4143  0.0448 -0.4039  0.0000 -0.2933 -0.2777  0.2701  0.3174  0.2933  0.2777
    4  38.7035 THz  -0.5000  0.0000  0.0000  0.0000 -0.5000  0.0000  0.3115 -0.3911  0.0000 -0.0000  0.3115 -0.3911
    5  41.3664 THz   0.2095  0.0000  0.4222  0.4837 -0.2095  0.0000 -0.1297 -0.1645 -0.6413 -0.0320  0.1297  0.1645


 Q=  0.000000  0.144909  0.000000, q= -0.250000  0.000000 -0.250000

                        C X   0         C Y   0         C Z   0         C X   1         C Y   1         C Z   1     
                    --------------- --------------- --------------- --------------- --------------- ---------------
    0  17.0636 THz   0.0000  0.0000  0.0000 -0.0000 -0.2049 -0.6768 -0.2386  0.0722  0.0000 -0.0000 -0.1917 -0.6333
    1  17.0636 THz   0.7071  0.0000  0.0000  0.0000 -0.0000  0.0000  0.6617 -0.0000  0.0000 -0.0000  0.0000 -0.2493
    2  24.7641 THz   0.0000  0.0000  0.6877 -0.1644 -0.0000  0.0000  0.0000  0.0000  0.6877 -0.1644 -0.0000  0.0000
    3  40.3147 THz   0.0000  0.0000 -0.0000  0.0000  0.2111 -0.6749  0.2380  0.0744  0.0000  0.0000 -0.1975  0.6315
    4  40.3147 THz   0.7071  0.0000  0.0000 -0.0000  0.0000 -0.0000 -0.6617  0.0000 -0.0000  0.0000 -0.0000  0.2493
    5  43.5783 THz   0.0000  0.0000 -0.7028  0.0784 -0.0000  0.0000 -0.0000 -0.0000  0.7028 -0.0784  0.0000 -0.0000


 Q=  0.072455  0.072455 -0.072455, q= -0.250000  0.000000  0.000000

                        C X   0         C Y   0         C Z   0         C X   1         C Y   1         C Z   1     
                    --------------- --------------- --------------- --------------- --------------- ---------------
    0  12.6800 THz   0.5774  0.0000 -0.2887 -0.0000  0.2887  0.0000  0.5631 -0.1277 -0.2815  0.0638  0.2815 -0.0638
    1  12.6800 THz   0.0000  0.0000 -0.2193  0.4493 -0.2193  0.4493  0.0000  0.0000 -0.1145  0.4867 -0.1145  0.4867
    2  23.5275 THz  -0.4082  0.0000 -0.4082 -0.0000  0.4082  0.0000 -0.3989 -0.0869 -0.3989 -0.0869  0.3989  0.0869
    3  41.6047 THz  -0.5774  0.0000  0.2887 -0.0000 -0.2887 -0.0000  0.5631 -0.1277 -0.2815  0.0638  0.2815 -0.0638
    4  41.6047 THz   0.0000  0.0000 -0.4997 -0.0183 -0.4997 -0.0183 -0.0000  0.0000  0.4913 -0.0926  0.4913 -0.0926
    5  43.0638 THz  -0.4082  0.0000 -0.4082  0.0000  0.4082 -0.0000  0.3989  0.0869  0.3989  0.0869 -0.3989 -0.0869


 Q=  0.144909  0.000000 -0.144909, q= -0.250000  0.000000  0.250000

                        C X   0         C Y   0         C Z   0         C X   1         C Y   1         C Z   1     
                    --------------- --------------- --------------- --------------- --------------- ---------------
    0  18.9470 THz  -0.5000  0.0000  0.0000 -0.0000 -0.5000 -0.0000 -0.5000 -0.0000  0.0000 -0.0000 -0.5000 -0.0000
    1  25.3116 THz  -0.0839  0.0000 -0.0000 -0.6971  0.0839 -0.0000  0.0839 -0.0000 -0.0000 -0.6971 -0.0839 -0.0000
    2  28.8200 THz  -0.4604  0.0000 -0.0000  0.2759  0.4604  0.0000 -0.4604 -0.0000  0.0000 -0.2759  0.4604  0.0000
    3  39.3141 THz  -0.5000  0.0000  0.0000 -0.0000 -0.5000 -0.0000  0.5000  0.0000  0.0000 -0.0000  0.5000  0.0000
    4  39.8248 THz   0.4929  0.0000  0.0000 -0.1187 -0.4929 -0.0000 -0.4929 -0.0000 -0.0000 -0.1187  0.4929  0.0000
    5  41.7618 THz  -0.1951  0.0000  0.0000 -0.6511  0.1951 -0.0000 -0.1951 -0.0000 -0.0000  0.6511  0.1951  0.0000


 Q= -0.144909  0.289818  0.000000, q= -0.250000  0.250000 -0.500000

                        C X   0         C Y   0         C Z   0         C X   1         C Y   1         C Z   1     
                    --------------- --------------- --------------- --------------- --------------- ---------------
    0  28.7295 THz   0.0000  0.0000 -0.3528 -0.0565  0.0565 -0.3528 -0.8521 -0.1365  0.0000  0.0000  0.0000  0.0000
    1  28.7295 THz   0.8629  0.0000  0.0000  0.0000 -0.0000 -0.0000 -0.0000 -0.0000  0.3573  0.0000 -0.0000 -0.3573
    2  33.4142 THz   0.0000  0.0000 -0.1625  0.1452  0.1452  0.1625  0.0000  0.0000  0.6727 -0.0022  0.0022  0.6727
    3  33.4142 THz   0.0000  0.0000  0.5678  0.3607  0.3607 -0.5678  0.0000 -0.0000  0.0600  0.2095 -0.2095  0.0600
    4  39.7287 THz   0.0000  0.0000  0.6097 -0.0234  0.0234  0.6097 -0.5049  0.0194  0.0000  0.0000  0.0000  0.0000
    5  39.7287 THz   0.5053  0.0000  0.0000 -0.0000  0.0000  0.0000  0.0000  0.0000 -0.6102 -0.0000  0.0000  0.6102


 Q= -0.072455  0.217364 -0.072455, q= -0.250000  0.250000 -0.250000

                        C X   0         C Y   0         C Z   0         C X   1         C Y   1         C Z   1     
                    --------------- --------------- --------------- --------------- --------------- ---------------
    0  21.0345 THz   0.5000  0.0000 -0.0000 -0.0000 -0.5000 -0.0000  0.3115  0.3911 -0.0000 -0.0000 -0.3115 -0.3911
    1  26.4076 THz   0.3966  0.0000  0.4226 -0.0827  0.3966  0.0000  0.3956 -0.0289  0.4275  0.0517  0.3956 -0.0289
    2  32.2390 THz  -0.3683  0.0000  0.2407 -0.4132 -0.3683  0.0000  0.0305  0.3671  0.3918 -0.2742  0.0305  0.3671
    3  38.6472 THz   0.4039  0.0000 -0.4143 -0.0448  0.4039  0.0000 -0.2933  0.2777  0.2701 -0.3174 -0.2933  0.2777
    4  38.7035 THz   0.5000  0.0000 -0.0000  0.0000 -0.5000 -0.0000 -0.3115 -0.3911  0.0000 -0.0000  0.3115  0.3911
    5  41.3664 THz   0.2095  0.0000  0.4222 -0.4837  0.2095 -0.0000 -0.1297  0.1645 -0.6413  0.0320 -0.1297  0.1645


 Q=  0.000000  0.144909 -0.144909, q= -0.250000  0.250000  0.000000

                        C X   0         C Y   0         C Z   0         C X   1         C Y   1         C Z   1     
                    --------------- --------------- --------------- --------------- --------------- ---------------
    0  18.9470 THz   0.0000  0.0000 -0.4994  0.0245 -0.4994  0.0245  0.0000 -0.0000 -0.4994  0.0245 -0.4994  0.0245
    1  25.3116 THz  -0.6971  0.0000  0.0000  0.0839 -0.0000 -0.0839 -0.6971  0.0000 -0.0000 -0.0839 -0.0000  0.0839
    2  28.8200 THz   0.2759  0.0000  0.0000  0.4604 -0.0000 -0.4604 -0.2759  0.0000  0.0000  0.4604 -0.0000 -0.4604
    3  39.3141 THz   0.0000  0.0000  0.4777  0.1477  0.4777  0.1477  0.0000 -0.0000 -0.4777 -0.1477 -0.4777 -0.1477
    4  39.8248 THz  -0.1187  0.0000 -0.0000 -0.4929  0.0000  0.4929 -0.1187  0.0000  0.0000  0.4929 -0.0000 -0.4929
    5  41.7618 THz   0.6511  0.0000 -0.0000 -0.1951  0.0000  0.1951 -0.6511  0.0000  0.0000 -0.1951 -0.0000  0.1951


 Q=  0.072455  0.072455 -0.217364, q= -0.250000  0.250000  0.250000

                        C X   0         C Y   0         C Z   0         C X   1         C Y   1         C Z   1     
                    --------------- --------------- --------------- --------------- --------------- ---------------
    0  21.0345 THz  -0.5000  0.0000  0.5000 -0.0000  0.0000  0.0000 -0.3115  0.3911  0.3115 -0.3911 -0.0000 -0.0000
    1  26.4076 THz  -0.3966  0.0000 -0.3966  0.0000 -0.4226 -0.0827 -0.3956 -0.0289 -0.3956 -0.0289 -0.4275  0.0517
    2  32.2390 THz   0.3683  0.0000  0.3683  0.0000 -0.2407 -0.4132 -0.0305  0.3671 -0.0305  0.3671 -0.3918 -0.2742
    3  38.6472 THz   0.4039  0.0000  0.4039  0.0000 -0.4143  0.0448 -0.2933 -0.2777 -0.2933 -0.2777  0.2701  0.3174
    4  38.7035 THz  -0.5000 -0.0000  0.5000  0.0000 -0.0000 -0.0000  0.3115 -0.3911 -0.3115  0.3911  0.0000  0.0000
    5  41.3664 THz   0.2095  0.0000  0.2095  0.0000  0.4222  0.4837 -0.1297 -0.1645 -0.1297 -0.1645 -0.6413 -0.0320


 Q=  0.000000  0.000000  0.289818, q=  0.000000 -0.500000 -0.500000

                        C X   0         C Y   0         C Z   0         C X   1         C Y   1         C Z   1     
                    --------------- --------------- --------------- --------------- --------------- ---------------
    0  23.8578 THz   0.7071  0.0000  0.0000 -0.0000  0.0000 -0.0000  0.0000 -0.0000 -0.0000 -0.7071  0.0000 -0.0000
    1  23.8578 THz   0.0000  0.0000 -0.7070  0.0102  0.0000 -0.0000  0.0102  0.7070 -0.0000 -0.0000 -0.0000 -0.0000
    2  37.3455 THz   0.0000  0.0000 -0.7070 -0.0102  0.0000 -0.0000  0.0102 -0.7070  0.0000  0.0000  0.0000  0.0000
    3  37.3455 THz   0.7071  0.0000  0.0000  0.0000 -0.0000  0.0000 -0.0000  0.0000  0.0000  0.7071 -0.0000  0.0000
    4  39.5118 THz   0.0000  0.0000 -0.0000  0.0000 -0.3630  0.2600 -0.0000 -0.0000  0.0000 -0.0000 -0.0000  0.8948
    5  39.5118 THz   0.0000  0.0000  0.0000  0.0000  0.6347 -0.6307 -0.0000  0.0000 -0.0000 -0.0000  0.0714  0.4407


 Q=  0.072455 -0.072455  0.217364, q=  0.000000 -0.500000 -0.250000

                        C X   0         C Y   0         C Z   0         C X   1         C Y   1         C Z   1     
                    --------------- --------------- --------------- --------------- --------------- ---------------
    0  21.0345 THz   0.5000  0.0000  0.5000  0.0000 -0.0000 -0.0000  0.3115 -0.3911  0.3115 -0.3911 -0.0000 -0.0000
    1  26.4076 THz   0.3966  0.0000 -0.3966 -0.0000 -0.4226 -0.0827  0.3956  0.0289 -0.3956 -0.0289 -0.4275  0.0517
    2  32.2390 THz   0.3683  0.0000 -0.3683 -0.0000  0.2407  0.4132 -0.0305  0.3671  0.0305 -0.3671  0.3918  0.2742
    3  38.6472 THz   0.4039  0.0000 -0.4039  0.0000  0.4143 -0.0448 -0.2933 -0.2777  0.2933  0.2777 -0.2701 -0.3174
    4  38.7035 THz   0.5000  0.0000  0.5000 -0.0000 -0.0000  0.0000 -0.3115  0.3911 -0.3115  0.3911  0.0000  0.0000
    5  41.3664 THz  -0.2095  0.0000  0.2095 -0.0000  0.4222  0.4837  0.1297  0.1645 -0.1297 -0.1645 -0.6413 -0.0320


 Q=  0.144909 -0.144909  0.144909, q=  0.000000 -0.500000  0.000000

                        C X   0         C Y   0         C Z   0         C X   1         C Y   1         C Z   1     
                    --------------- --------------- --------------- --------------- --------------- ---------------
    0  16.5836 THz   0.5672  0.0000  0.3701 -0.0349 -0.1971 -0.0349  0.4011 -0.4011  0.2370 -0.2864 -0.1641  0.1147
    1  16.5836 THz  -0.1077  0.0000  0.4017 -0.1838  0.5094 -0.1838 -0.0762  0.0762  0.1541 -0.4140  0.2303 -0.4901
    2  36.7035 THz  -0.4082  0.0000  0.4082  0.0000 -0.4082 -0.0000 -0.2887  0.2887  0.2887 -0.2887 -0.2887  0.2887
    3  39.5622 THz   0.4082 -0.0000 -0.4082 -0.0000  0.4082 -0.0000 -0.2887  0.2887  0.2887 -0.2887 -0.2887  0.2887
    4  40.6846 THz   0.5184  0.0000  0.4545  0.1015 -0.0639  0.1015 -0.3665  0.3665 -0.3932  0.2496 -0.0266 -0.1169
    5  40.6846 THz  -0.2542  0.0000  0.2712  0.2071  0.5254  0.2071  0.1797 -0.1797 -0.3382  0.0454 -0.5179  0.2251


 Q=  0.217364 -0.217364  0.072455, q=  0.000000 -0.500000  0.250000

                        C X   0         C Y   0         C Z   0         C X   1         C Y   1         C Z   1     
                    --------------- --------------- --------------- --------------- --------------- ---------------
    0  21.0345 THz   0.5000  0.0000  0.5000 -0.0000  0.0000 -0.0000  0.3911 -0.3115  0.3911 -0.3115 -0.0000 -0.0000
    1  26.4076 THz   0.3966  0.0000 -0.3966  0.0000 -0.4226  0.0827 -0.0289 -0.3956  0.0289  0.3956 -0.0517  0.4275
    2  32.2390 THz  -0.3683  0.0000  0.3683  0.0000 -0.2407  0.4132  0.3671 -0.0305 -0.3671  0.0305  0.2742  0.3918
    3  38.6472 THz   0.4039  0.0000 -0.4039  0.0000  0.4143  0.0448  0.2777  0.2933 -0.2777 -0.2933  0.3174  0.2701
    4  38.7035 THz  -0.5000  0.0000 -0.5000  0.0000 -0.0000 -0.0000  0.3911 -0.3115  0.3911 -0.3115 -0.0000 -0.0000
    5  41.3664 THz  -0.2095  0.0000  0.2095 -0.0000  0.4222 -0.4837 -0.1645 -0.1297  0.1645  0.1297  0.0320  0.6413


 Q= -0.072455  0.072455  0.217364, q=  0.000000 -0.250000 -0.500000

                        C X   0         C Y   0         C Z   0         C X   1         C Y   1         C Z   1     
                    --------------- --------------- --------------- --------------- --------------- ---------------
    0  21.0345 THz   0.5000  0.0000  0.5000  0.0000  0.0000 -0.0000  0.3115 -0.3911  0.3115 -0.3911  0.0000 -0.0000
    1  26.4076 THz  -0.3966  0.0000  0.3966  0.0000 -0.4226 -0.0827 -0.3956 -0.0289  0.3956  0.0289 -0.4275  0.0517
    2  32.2390 THz   0.3683  0.0000 -0.3683 -0.0000 -0.2407 -0.4132 -0.0305  0.3671  0.0305 -0.3671 -0.3918 -0.2742
    3  38.6472 THz   0.4039  0.0000 -0.4039 -0.0000 -0.4143  0.0448 -0.2933 -0.2777  0.2933  0.2777  0.2701  0.3174
    4  38.7035 THz  -0.5000  0.0000 -0.5000 -0.0000  0.0000 -0.0000  0.3115 -0.3911  0.3115 -0.3911 -0.0000 -0.0000
    5  41.3664 THz  -0.2095  0.0000  0.2095  0.0000 -0.4222 -0.4837  0.1297  0.1645 -0.1297 -0.1645  0.6413  0.0320


 Q=  0.000000  0.000000  0.144909, q=  0.000000 -0.250000 -0.250000

                        C X   0         C Y   0         C Z   0         C X   1         C Y   1         C Z   1     
                    --------------- --------------- --------------- --------------- --------------- ---------------
    0  17.0636 THz  -0.5429  0.0000  0.4504  0.0488  0.0000  0.0000 -0.4908 -0.1588  0.4215  0.2371  0.0000 -0.0000
    1  17.0636 THz  -0.4531  0.0000 -0.5397 -0.0585 -0.0000 -0.0000 -0.4446  0.1903 -0.5051  0.1050 -0.0000  0.0000
    2  24.7641 THz  -0.0000  0.0000  0.0000  0.0000 -0.4283 -0.5626  0.0000 -0.0000  0.0000  0.0000 -0.4283 -0.5626
    3  40.3147 THz   0.2220  0.0000  0.6713  0.0029  0.0000 -0.0000 -0.2088  0.2367 -0.6282  0.0756 -0.0000  0.0000
    4  40.3147 THz   0.6714  0.0000 -0.2220 -0.0009 -0.0000  0.0000 -0.6279 -0.0783  0.2077  0.2376  0.0000 -0.0000
    5  43.5783 THz   0.0000  0.0000 -0.0000 -0.0000  0.5354  0.4620 -0.0000 -0.0000  0.0000  0.0000 -0.5354 -0.4620


 Q=  0.072455 -0.072455  0.072455, q=  0.000000 -0.250000  0.000000

                        C X   0         C Y   0         C Z   0         C X   1         C Y   1         C Z   1     
                    --------------- --------------- --------------- --------------- --------------- ---------------
    0  12.6800 THz  -0.1605  0.0000  0.3817 -0.1314  0.5422 -0.1314 -0.1565  0.0355  0.3432 -0.2126  0.4997 -0.2481
    1  12.6800 THz   0.5546  0.0000  0.4110 -0.0380 -0.1436 -0.0380  0.5409 -0.1226  0.3924 -0.1280 -0.1484 -0.0053
    2  23.5275 THz  -0.4082  0.0000  0.4082 -0.0000 -0.4082 -0.0000 -0.3989 -0.0869  0.3989  0.0869 -0.3989 -0.0869
    3  41.6047 THz   0.5769  0.0000  0.2680  0.0026 -0.3089  0.0026 -0.5626  0.1276 -0.2619  0.0567  0.3007 -0.0709
    4  41.6047 THz  -0.0238  0.0000 -0.5074  0.0640 -0.4835  0.0640  0.0233 -0.0053  0.4807 -0.1746  0.4574 -0.1693
    5  43.0638 THz  -0.4082  0.0000  0.4082 -0.0000 -0.4082  0.0000  0.3989  0.0869 -0.3989 -0.0869  0.3989  0.0869


 Q=  0.144909 -0.144909  0.000000, q=  0.000000 -0.250000  0.250000

                        C X   0         C Y   0         C Z   0         C X   1         C Y   1         C Z   1     
                    --------------- --------------- --------------- --------------- --------------- ---------------
    0  18.9470 THz   0.5000  0.0000  0.5000  0.0000  0.0000  0.0000  0.5000  0.0000  0.5000  0.0000  0.0000 -0.0000
    1  25.3116 THz  -0.0839  0.0000  0.0839  0.0000  0.0000 -0.6971  0.0839  0.0000 -0.0839 -0.0000  0.0000 -0.6971
    2  28.8200 THz  -0.4604  0.0000  0.4604  0.0000 -0.0000  0.2759 -0.4604 -0.0000  0.4604  0.0000 -0.0000 -0.2759
    3  39.3141 THz  -0.5000  0.0000 -0.5000  0.0000 -0.0000 -0.0000  0.5000  0.0000  0.5000 -0.0000  0.0000  0.0000
    4  39.8248 THz   0.4929  0.0000 -0.4929  0.0000 -0.0000 -0.1187 -0.4929 -0.0000  0.4929 -0.0000  0.0000 -0.1187
    5  41.7618 THz   0.1951  0.0000 -0.1951 -0.0000  0.0000  0.6511  0.1951  0.0000 -0.1951 -0.0000 -0.0000 -0.6511


 Q= -0.144909  0.144909  0.144909, q=  0.000000  0.000000 -0.500000

                        C X   0         C Y   0         C Z   0         C X   1         C Y   1         C Z   1     
                    --------------- --------------- --------------- --------------- --------------- ---------------
    0  16.5836 THz  -0.2551  0.0000  0.3208 -0.0130 -0.5759  0.0130 -0.1804  0.1804  0.2177 -0.2360 -0.3981  0.4164
    1  16.5836 THz   0.5179  0.0000  0.4798 -0.0064  0.0381  0.0064  0.3662 -0.3662  0.3348 -0.3438  0.0315 -0.0224
    2  36.7035 THz   0.4082  0.0000 -0.4082 -0.0000 -0.4082  0.0000  0.2887 -0.2887 -0.2887  0.2887 -0.2887  0.2887
    3  39.5622 THz   0.4082  0.0000 -0.4082  0.0000 -0.4082 -0.0000 -0.2887  0.2887  0.2887 -0.2887  0.2887 -0.2887
    4  40.6846 THz   0.4819  0.0000 -0.0066 -0.1204  0.4886  0.1204 -0.3408  0.3408  0.0898  0.0805 -0.4306  0.2603
    5  40.6846 THz  -0.3179  0.0000 -0.5343 -0.1825  0.2164  0.1825  0.2248 -0.2248  0.5069 -0.2487 -0.2821  0.0239


 Q= -0.072455  0.072455  0.072455, q=  0.000000  0.000000 -0.250000

                        C X   0         C Y   0         C Z   0         C X   1         C Y   1         C Z   1     
                    --------------- --------------- --------------- --------------- --------------- ---------------
    0  12.6800 THz   0.3698  0.0000  0.5679  0.0275 -0.1981 -0.0275  0.3606 -0.0818  0.5599 -0.0987 -0.1993  0.0170
    1  12.6800 THz   0.4434  0.0000 -0.0977 -0.0230  0.5411  0.0230  0.4324 -0.0980 -0.1004 -0.0008  0.5328 -0.0973
    2  23.5275 THz   0.4082  0.0000 -0.4082  0.0000 -0.4082  0.0000  0.3989  0.0869 -0.3989 -0.0869 -0.3989 -0.0869
    3  41.6047 THz   0.4402  0.0000  0.5424 -0.0282 -0.1022  0.0282 -0.4293  0.0973 -0.5227  0.1475  0.0934 -0.0501
    4  41.6047 THz   0.3736  0.0000 -0.1930  0.0333  0.5666 -0.0333 -0.3643  0.0826  0.1808 -0.0751 -0.5452  0.1577
    5  43.0638 THz  -0.4082  0.0000  0.4082  0.0000  0.4082  0.0000  0.3989  0.0869 -0.3989 -0.0869 -0.3989 -0.0869


 Q=  0.000000  0.000000  0.000000, q=  0.000000  0.000000  0.000000

                        C X   0         C Y   0         C Z   0         C X   1         C Y   1         C Z   1     
                    --------------- --------------- --------------- --------------- --------------- ---------------
    0  -0.0000 THz   0.7071  0.0000  0.0000  0.0000 -0.0000  0.0000  0.7071  0.0000  0.0000  0.0000  0.0000  0.0000
    1  -0.0000 THz   0.0000  0.0000  0.5348  0.0000  0.4626  0.0000 -0.0000  0.0000  0.5348  0.0000  0.4626  0.0000
    2  -0.0000 THz   0.0000  0.0000 -0.4626  0.0000  0.5348  0.0000 -0.0000  0.0000 -0.4626  0.0000  0.5348  0.0000
    3  42.6903 THz   0.0000  0.0000 -0.6467  0.0000 -0.2859  0.0000 -0.0000  0.0000  0.6467  0.0000  0.2859  0.0000
    4  42.6903 THz  -0.7071  0.0000  0.0000  0.0000 -0.0000  0.0000  0.7071  0.0000  0.0000  0.0000  0.0000  0.0000
    5  42.6903 THz   0.0000  0.0000  0.2859  0.0000 -0.6467  0.0000 -0.0000  0.0000 -0.2859  0.0000  0.6467  0.0000


 Q=  0.072455 -0.072455 -0.072455, q=  0.000000  0.000000  0.250000

                        C X   0         C Y   0         C Z   0         C X   1         C Y   1         C Z   1     
                    --------------- --------------- --------------- --------------- --------------- ---------------
    0  12.6800 THz   0.3698  0.0000  0.5679 -0.0275 -0.1981  0.0275  0.3606  0.0818  0.5599  0.0987 -0.1993 -0.0170
    1  12.6800 THz   0.4434  0.0000 -0.0977  0.0230  0.5411 -0.0230  0.4324  0.0980 -0.1004  0.0008  0.5328  0.0973
    2  23.5275 THz   0.4082  0.0000 -0.4082 -0.0000 -0.4082 -0.0000  0.3989 -0.0869 -0.3989  0.0869 -0.3989  0.0869
    3  41.6047 THz   0.4402  0.0000  0.5424  0.0282 -0.1022 -0.0282 -0.4293 -0.0973 -0.5227 -0.1475  0.0934  0.0501
    4  41.6047 THz   0.3736  0.0000 -0.1930 -0.0333  0.5666  0.0333 -0.3643 -0.0826  0.1808  0.0751 -0.5452 -0.1577
    5  43.0638 THz  -0.4082  0.0000  0.4082 -0.0000  0.4082 -0.0000  0.3989 -0.0869 -0.3989  0.0869 -0.3989  0.0869


 Q= -0.217364  0.217364  0.072455, q=  0.000000  0.250000 -0.500000

                        C X   0         C Y   0         C Z   0         C X   1         C Y   1         C Z   1     
                    --------------- --------------- --------------- --------------- --------------- ---------------
    0  21.0345 THz   0.5000  0.0000  0.5000 -0.0000 -0.0000  0.0000  0.3911 -0.3115  0.3911 -0.3115 -0.0000  0.0000
    1  26.4076 THz  -0.3966  0.0000  0.3966 -0.0000 -0.4226  0.0827  0.0289  0.3956 -0.0289 -0.3956 -0.0517  0.4275
    2  32.2390 THz  -0.3683  0.0000  0.3683  0.0000  0.2407 -0.4132  0.3671 -0.0305 -0.3671  0.0305 -0.2742 -0.3918
    3  38.6472 THz   0.4039  0.0000 -0.4039  0.0000 -0.4143 -0.0448  0.2777  0.2933 -0.2777 -0.2933 -0.3174 -0.2701
    4  38.7035 THz   0.5000  0.0000  0.5000 -0.0000 -0.0000 -0.0000 -0.3911  0.3115 -0.3911  0.3115 -0.0000 -0.0000
    5  41.3664 THz  -0.2095  0.0000  0.2095  0.0000 -0.4222  0.4837 -0.1645 -0.1297  0.1645  0.1297 -0.0320 -0.6413


 Q= -0.144909  0.144909  0.000000, q=  0.000000  0.250000 -0.250000

                        C X   0         C Y   0         C Z   0         C X   1         C Y   1         C Z   1     
                    --------------- --------------- --------------- --------------- --------------- ---------------
    0  18.9470 THz   0.5000  0.0000  0.5000 -0.0000  0.0000 -0.0000  0.5000 -0.0000  0.5000 -0.0000  0.0000  0.0000
    1  25.3116 THz  -0.0839  0.0000  0.0839 -0.0000  0.0000  0.6971  0.0839 -0.0000 -0.0839  0.0000  0.0000  0.6971
    2  28.8200 THz  -0.4604  0.0000  0.4604 -0.0000 -0.0000 -0.2759 -0.4604  0.0000  0.4604 -0.0000 -0.0000  0.2759
    3  39.3141 THz  -0.5000  0.0000 -0.5000 -0.0000 -0.0000  0.0000  0.5000 -0.0000  0.5000  0.0000  0.0000 -0.0000
    4  39.8248 THz   0.4929  0.0000 -0.4929 -0.0000 -0.0000  0.1187 -0.4929  0.0000  0.4929  0.0000  0.0000  0.1187
    5  41.7618 THz   0.1951  0.0000 -0.1951  0.0000  0.0000 -0.6511  0.1951 -0.0000 -0.1951  0.0000 -0.0000  0.6511


 Q= -0.072455  0.072455 -0.072455, q=  0.000000  0.250000  0.000000

                        C X   0         C Y   0         C Z   0         C X   1         C Y   1         C Z   1     
                    --------------- --------------- --------------- --------------- --------------- ---------------
    0  12.6800 THz  -0.1605  0.0000  0.3817  0.1314  0.5422  0.1314 -0.1565 -0.0355  0.3432  0.2126  0.4997  0.2481
    1  12.6800 THz   0.5546  0.0000  0.4110  0.0380 -0.1436  0.0380  0.5409  0.1226  0.3924  0.1280 -0.1484  0.0053
    2  23.5275 THz  -0.4082  0.0000  0.4082  0.0000 -0.4082  0.0000 -0.3989  0.0869  0.3989 -0.0869 -0.3989  0.0869
    3  41.6047 THz   0.5769  0.0000  0.2680 -0.0026 -0.3089 -0.0026 -0.5626 -0.1276 -0.2619 -0.0567  0.3007  0.0709
    4  41.6047 THz  -0.0238  0.0000 -0.5074 -0.0640 -0.4835 -0.0640  0.0233  0.0053  0.4807  0.1746  0.4574  0.1693
    5  43.0638 THz  -0.4082  0.0000  0.4082  0.0000 -0.4082 -0.0000  0.3989 -0.0869 -0.3989  0.0869  0.3989 -0.0869


 Q=  0.000000  0.000000 -0.144909, q=  0.000000  0.250000  0.250000

                        C X   0         C Y   0         C Z   0         C X   1         C Y   1         C Z   1     
                    --------------- --------------- --------------- --------------- --------------- ---------------
    0  17.0636 THz  -0.5429  0.0000  0.4504 -0.0488  0.0000 -0.0000 -0.4908  0.1588  0.4215 -0.2371  0.0000  0.0000
    1  17.0636 THz  -0.4531  0.0000 -0.5397  0.0585 -0.0000  0.0000 -0.4446 -0.1903 -0.5051 -0.1050 -0.0000 -0.0000
    2  24.7641 THz  -0.0000  0.0000  0.0000 -0.0000 -0.4283  0.5626  0.0000  0.0000  0.0000 -0.0000 -0.4283  0.5626
    3  40.3147 THz   0.2220  0.0000  0.6713 -0.0029  0.0000  0.0000 -0.2088 -0.2367 -0.6282 -0.0756 -0.0000 -0.0000
    4  40.3147 THz   0.6714  0.0000 -0.2220  0.0009 -0.0000 -0.0000 -0.6279  0.0783  0.2077 -0.2376  0.0000  0.0000
    5  43.5783 THz   0.0000  0.0000 -0.0000  0.0000  0.5354 -0.4620 -0.0000  0.0000  0.0000 -0.0000 -0.5354  0.4620


 Q= -0.072455 -0.072455  0.362273, q=  0.250000 -0.500000 -0.500000

                        C X   0         C Y   0         C Z   0         C X   1         C Y   1         C Z   1     
                    --------------- --------------- --------------- --------------- --------------- ---------------
    0  21.0345 THz  -0.5000  0.0000  0.5000 -0.0000  0.0000  0.0000  0.3115 -0.3911 -0.3115  0.3911 -0.0000 -0.0000
    1  26.4076 THz   0.3966  0.0000  0.3966 -0.0000 -0.4226 -0.0827 -0.3956 -0.0289 -0.3956 -0.0289  0.4275 -0.0517
    2  32.2390 THz  -0.3683  0.0000 -0.3683  0.0000 -0.2407 -0.4132 -0.0305  0.3671 -0.0305  0.3671  0.3918  0.2742
    3  38.6472 THz   0.4039  0.0000  0.4039  0.0000  0.4143 -0.0448  0.2933  0.2777  0.2933  0.2777  0.2701  0.3174
    4  38.7035 THz  -0.5000  0.0000  0.5000  0.0000 -0.0000  0.0000 -0.3115  0.3911  0.3115 -0.3911 -0.0000 -0.0000
    5  41.3664 THz  -0.2095  0.0000 -0.2095 -0.0000  0.4222  0.4837 -0.1297 -0.1645 -0.1297 -0.1645  0.6413  0.0320


 Q=  0.000000 -0.144909  0.289818, q=  0.250000 -0.500000 -0.250000

                        C X   0         C Y   0         C Z   0         C X   1         C Y   1         C Z   1     
                    --------------- --------------- --------------- --------------- --------------- ---------------
    0  28.7295 THz   0.0000  0.0000  0.8627  0.0219 -0.0000 -0.0000  0.0091 -0.3572 -0.0000 -0.0000  0.3572  0.0091
    1  28.7295 THz   0.3573  0.0000 -0.0000 -0.0000 -0.0000 -0.3573 -0.0000  0.0000 -0.0000 -0.8629 -0.0000 -0.0000
    2  33.4142 THz   0.0000  0.0000  0.0000 -0.0000  0.0000  0.0000 -0.1457 -0.6919  0.0000  0.0000 -0.6919  0.1457
    3  33.4142 THz  -0.7071  0.0000 -0.0000 -0.0000 -0.0000 -0.7071  0.0000  0.0000 -0.0000  0.0000 -0.0000  0.0000
    4  39.7287 THz  -0.0000 -0.0000  0.4508  0.2283 -0.0000 -0.0000 -0.2757  0.5444  0.0000 -0.0000 -0.5444 -0.2757
    5  39.7287 THz   0.6102  0.0000 -0.0000  0.0000  0.0000 -0.6102  0.0000  0.0000 -0.0000  0.5053 -0.0000  0.0000


 Q=  0.072455 -0.217364  0.217364, q=  0.250000 -0.500000  0.000000

                        C X   0         C Y   0         C Z   0         C X   1         C Y   1         C Z   1     
                    --------------- --------------- --------------- --------------- --------------- ---------------
    0  21.0345 THz   0.0000  0.0000  0.4997  0.0170  0.4997  0.0170  0.0000 -0.0000  0.4015 -0.2980  0.4015 -0.2980
    1  26.4076 THz   0.4306  0.0000  0.3892  0.0761 -0.3892 -0.0761  0.1328 -0.4096  0.0476 -0.3937 -0.0476  0.3937
    2  32.2390 THz  -0.4782  0.0000  0.1854  0.3182 -0.1854 -0.3182 -0.2005  0.4341 -0.2112 -0.3018  0.2112  0.3018
    3  38.6472 THz  -0.4167  0.0000  0.4016 -0.0434 -0.4016  0.0434 -0.3446 -0.2344  0.3076  0.2618 -0.3076 -0.2618
    4  38.7035 THz  -0.0000  0.0000 -0.2440  0.4364 -0.2440  0.4364 -0.0000 -0.0000 -0.0811 -0.4934 -0.0811 -0.4934
    5  41.3664 THz  -0.6421  0.0000 -0.1377 -0.1578  0.1377  0.1578  0.4620 -0.4459 -0.0105 -0.2092  0.0105  0.2092


 Q=  0.144909 -0.289818  0.144909, q=  0.250000 -0.500000  0.250000

                        C X   0         C Y   0         C Z   0         C X   1         C Y   1         C Z   1     
                    --------------- --------------- --------------- --------------- --------------- ---------------
    0  18.9470 THz   0.5000  0.0000 -0.0000 -0.0000 -0.5000  0.0000 -0.0000 -0.5000 -0.0000  0.0000 -0.0000  0.5000
    1  25.3116 THz   0.0839  0.0000  0.0000  0.6971  0.0839 -0.0000  0.0000  0.0839  0.6971 -0.0000  0.0000  0.0839
    2  28.8200 THz   0.4604  0.0000  0.0000 -0.2759  0.4604  0.0000  0.0000 -0.4604  0.2759  0.0000  0.0000 -0.4604
    3  39.3141 THz   0.5000  0.0000 -0.0000 -0.0000 -0.5000 -0.0000 -0.0000  0.5000  0.0000  0.0000  0.0000 -0.5000
    4  39.8248 THz   0.4929  0.0000  0.0000 -0.1187  0.4929  0.0000 -0.0000  0.4929 -0.1187  0.0000 -0.0000  0.4929
    5  41.7618 THz   0.1951  0.0000 -0.0000  0.6511  0.1951 -0.0000  0.0000 -0.1951 -0.6511 -0.0000  0.0000 -0.1951


 Q= -0.144909  0.000000  0.289818, q=  0.250000 -0.250000 -0.500000

                        C X   0         C Y   0         C Z   0         C X   1         C Y   1         C Z   1     
                    --------------- --------------- --------------- --------------- --------------- ---------------
    0  28.7295 THz   0.0000  0.0000 -0.1268  0.3340  0.3340  0.1268  0.8068  0.3063  0.0000  0.0000 -0.0000 -0.0000
    1  28.7295 THz   0.8629  0.0000  0.0000 -0.0000  0.0000  0.0000  0.0000  0.0000 -0.0000 -0.3573  0.3573  0.0000
    2  33.4142 THz   0.0000  0.0000 -0.0530 -0.0481  0.0481 -0.0530  0.0000  0.0000  0.2412 -0.6608 -0.6608 -0.2412
    3  33.4142 THz   0.0000  0.0000 -0.6440  0.2831 -0.2831 -0.6440 -0.0000 -0.0000  0.0514  0.0498  0.0498 -0.0514
    4  39.7287 THz   0.0000  0.0000 -0.5546  0.2544  0.2544  0.5546 -0.2106 -0.4593  0.0000 -0.0000  0.0000 -0.0000
    5  39.7287 THz  -0.5053  0.0000  0.0000 -0.0000  0.0000  0.0000  0.0000  0.0000 -0.0000 -0.6102  0.6102  0.0000


 Q= -0.072455 -0.072455  0.217364, q=  0.250000 -0.250000 -0.250000

                        C X   0         C Y   0         C Z   0         C X   1         C Y   1         C Z   1     
                    --------------- --------------- --------------- --------------- --------------- ---------------
    0  21.0345 THz  -0.5000  0.0000  0.5000  0.0000  0.0000 -0.0000 -0.3115 -0.3911  0.3115  0.3911 -0.0000  0.0000
    1  26.4076 THz  -0.3966  0.0000 -0.3966 -0.0000 -0.4226  0.0827 -0.3956  0.0289 -0.3956  0.0289 -0.4275 -0.0517
    2  32.2390 THz   0.3683  0.0000  0.3683 -0.0000 -0.2407  0.4132 -0.0305 -0.3671 -0.0305 -0.3671 -0.3918  0.2742
    3  38.6472 THz   0.4039  0.0000  0.4039 -0.0000 -0.4143 -0.0448 -0.2933  0.2777 -0.2933  0.2777  0.2701 -0.3174
    4  38.7035 THz  -0.5000 -0.0000  0.5000 -0.0000 -0.0000  0.0000  0.3115  0.3911 -0.3115 -0.3911  0.0000 -0.0000
    5  41.3664 THz   0.2095  0.0000  0.2095 -0.0000  0.4222 -0.4837 -0.1297  0.1645 -0.1297  0.1645 -0.6413  0.0320


 Q=  0.000000 -0.144909  0.144909, q=  0.250000 -0.250000  0.000000

                        C X   0         C Y   0         C Z   0         C X   1         C Y   1         C Z   1     
                    --------------- --------------- --------------- --------------- --------------- ---------------
    0  18.9470 THz   0.0000  0.0000 -0.4994 -0.0245 -0.4994 -0.0245  0.0000  0.0000 -0.4994 -0.0245 -0.4994 -0.0245
    1  25.3116 THz  -0.6971  0.0000  0.0000 -0.0839 -0.0000  0.0839 -0.6971 -0.0000 -0.0000  0.0839 -0.0000 -0.0839
    2  28.8200 THz   0.2759  0.0000  0.0000 -0.4604 -0.0000  0.4604 -0.2759 -0.0000  0.0000 -0.4604 -0.0000  0.4604
    3  39.3141 THz   0.0000  0.0000  0.4777 -0.1477  0.4777 -0.1477  0.0000  0.0000 -0.4777  0.1477 -0.4777  0.1477
    4  39.8248 THz  -0.1187  0.0000 -0.0000  0.4929  0.0000 -0.4929 -0.1187 -0.0000  0.0000 -0.4929 -0.0000  0.4929
    5  41.7618 THz   0.6511  0.0000 -0.0000  0.1951  0.0000 -0.1951 -0.6511 -0.0000  0.0000  0.1951 -0.0000 -0.1951


 Q=  0.072455 -0.217364  0.072455, q=  0.250000 -0.250000  0.250000

                        C X   0         C Y   0         C Z   0         C X   1         C Y   1         C Z   1     
                    --------------- --------------- --------------- --------------- --------------- ---------------
    0  21.0345 THz   0.5000  0.0000 -0.0000  0.0000 -0.5000  0.0000  0.3115 -0.3911 -0.0000  0.0000 -0.3115  0.3911
    1  26.4076 THz   0.3966  0.0000  0.4226  0.0827  0.3966 -0.0000  0.3956  0.0289  0.4275 -0.0517  0.3956  0.0289
    2  32.2390 THz  -0.3683  0.0000  0.2407  0.4132 -0.3683 -0.0000  0.0305 -0.3671  0.3918  0.2742  0.0305 -0.3671
    3  38.6472 THz   0.4039  0.0000 -0.4143  0.0448  0.4039 -0.0000 -0.2933 -0.2777  0.2701  0.3174 -0.2933 -0.2777
    4  38.7035 THz   0.5000  0.0000 -0.0000 -0.0000 -0.5000  0.0000 -0.3115  0.3911  0.0000  0.0000  0.3115 -0.3911
    5  41.3664 THz   0.2095  0.0000  0.4222  0.4837  0.2095  0.0000 -0.1297 -0.1645 -0.6413 -0.0320 -0.1297 -0.1645


 Q= -0.217364  0.072455  0.217364, q=  0.250000  0.000000 -0.500000

                        C X   0         C Y   0         C Z   0         C X   1         C Y   1         C Z   1     
                    --------------- --------------- --------------- --------------- --------------- ---------------
    0  21.0345 THz   0.5000  0.0000  0.0000  0.0000  0.5000 -0.0000  0.3911 -0.3115  0.0000 -0.0000  0.3911 -0.3115
    1  26.4076 THz  -0.3966  0.0000 -0.4226  0.0827  0.3966 -0.0000  0.0289  0.3956 -0.0517  0.4275 -0.0289 -0.3956
    2  32.2390 THz   0.3683  0.0000 -0.2407  0.4132 -0.3683 -0.0000 -0.3671  0.0305  0.2742  0.3918  0.3671 -0.0305
    3  38.6472 THz   0.4039  0.0000 -0.4143 -0.0448 -0.4039  0.0000  0.2777  0.2933 -0.3174 -0.2701 -0.2777 -0.2933
    4  38.7035 THz  -0.5000  0.0000 -0.0000 -0.0000 -0.5000  0.0000  0.3911 -0.3115 -0.0000 -0.0000  0.3911 -0.3115
    5  41.3664 THz  -0.2095  0.0000 -0.4222  0.4837  0.2095  0.0000 -0.1645 -0.1297 -0.0320 -0.6413  0.1645  0.1297


 Q= -0.144909  0.000000  0.144909, q=  0.250000  0.000000 -0.250000

                        C X   0         C Y   0         C Z   0         C X   1         C Y   1         C Z   1     
                    --------------- --------------- --------------- --------------- --------------- ---------------
    0  18.9470 THz  -0.5000  0.0000  0.0000  0.0000 -0.5000  0.0000 -0.5000  0.0000  0.0000  0.0000 -0.5000  0.0000
    1  25.3116 THz  -0.0839  0.0000 -0.0000  0.6971  0.0839  0.0000  0.0839  0.0000 -0.0000  0.6971 -0.0839  0.0000
    2  28.8200 THz  -0.4604  0.0000 -0.0000 -0.2759  0.4604 -0.0000 -0.4604  0.0000  0.0000  0.2759  0.4604 -0.0000
    3  39.3141 THz  -0.5000  0.0000  0.0000  0.0000 -0.5000  0.0000  0.5000 -0.0000  0.0000  0.0000  0.5000 -0.0000
    4  39.8248 THz   0.4929  0.0000  0.0000  0.1187 -0.4929  0.0000 -0.4929  0.0000 -0.0000  0.1187  0.4929 -0.0000
    5  41.7618 THz  -0.1951  0.0000  0.0000  0.6511  0.1951  0.0000 -0.1951  0.0000 -0.0000 -0.6511  0.1951 -0.0000


 Q= -0.072455 -0.072455  0.072455, q=  0.250000  0.000000  0.000000

                        C X   0         C Y   0         C Z   0         C X   1         C Y   1         C Z   1     
                    --------------- --------------- --------------- --------------- --------------- ---------------
    0  12.6800 THz   0.5774  0.0000 -0.2887  0.0000  0.2887 -0.0000  0.5631  0.1277 -0.2815 -0.0638  0.2815  0.0638
    1  12.6800 THz   0.0000  0.0000 -0.2193 -0.4493 -0.2193 -0.4493  0.0000 -0.0000 -0.1145 -0.4867 -0.1145 -0.4867
    2  23.5275 THz  -0.4082  0.0000 -0.4082  0.0000  0.4082 -0.0000 -0.3989  0.0869 -0.3989  0.0869  0.3989 -0.0869
    3  41.6047 THz  -0.5774  0.0000  0.2887  0.0000 -0.2887  0.0000  0.5631  0.1277 -0.2815 -0.0638  0.2815  0.0638
    4  41.6047 THz   0.0000  0.0000 -0.4997  0.0183 -0.4997  0.0183 -0.0000 -0.0000  0.4913  0.0926  0.4913  0.0926
    5  43.0638 THz  -0.4082  0.0000 -0.4082 -0.0000  0.4082  0.0000  0.3989 -0.0869  0.3989 -0.0869 -0.3989  0.0869


 Q=  0.000000 -0.144909  0.000000, q=  0.250000  0.000000  0.250000

                        C X   0         C Y   0         C Z   0         C X   1         C Y   1         C Z   1     
                    --------------- --------------- --------------- --------------- --------------- ---------------
    0  17.0636 THz   0.0000  0.0000  0.0000  0.0000 -0.2049  0.6768 -0.2386 -0.0722  0.0000  0.0000 -0.1917  0.6333
    1  17.0636 THz   0.7071  0.0000  0.0000 -0.0000 -0.0000 -0.0000  0.6617  0.0000  0.0000  0.0000  0.0000  0.2493
    2  24.7641 THz   0.0000  0.0000  0.6877  0.1644 -0.0000 -0.0000  0.0000 -0.0000  0.6877  0.1644 -0.0000 -0.0000
    3  40.3147 THz   0.0000  0.0000 -0.0000 -0.0000  0.2111  0.6749  0.2380 -0.0744  0.0000 -0.0000 -0.1975 -0.6315
    4  40.3147 THz   0.7071  0.0000  0.0000  0.0000  0.0000  0.0000 -0.6617 -0.0000 -0.0000 -0.0000 -0.0000 -0.2493
    5  43.5783 THz   0.0000  0.0000 -0.7028 -0.0784 -0.0000 -0.0000 -0.0000  0.0000  0.7028  0.0784  0.0000  0.0000


 Q= -0.289818  0.144909  0.144909, q=  0.250000  0.250000 -0.500000

                        C X   0         C Y   0         C Z   0         C X   1         C Y   1         C Z   1     
                    --------------- --------------- --------------- --------------- --------------- ---------------
    0  18.9470 THz  -0.0000  0.0000 -0.4962 -0.0617  0.4962  0.0617 -0.0000  0.0000 -0.0617  0.4962  0.0617 -0.4962
    1  25.3116 THz  -0.6971  0.0000 -0.0000  0.0839 -0.0000  0.0839 -0.0000  0.6971 -0.0839 -0.0000 -0.0839  0.0000
    2  28.8200 THz   0.2759  0.0000 -0.0000  0.4604 -0.0000  0.4604 -0.0000  0.2759  0.4604  0.0000  0.4604  0.0000
    3  39.3141 THz  -0.0000  0.0000  0.4897 -0.1011 -0.4897  0.1011 -0.0000  0.0000  0.1011  0.4897 -0.1011 -0.4897
    4  39.8248 THz   0.1187  0.0000 -0.0000  0.4929 -0.0000  0.4929  0.0000 -0.1187 -0.4929 -0.0000 -0.4929 -0.0000
    5  41.7618 THz  -0.6511  0.0000 -0.0000  0.1951 -0.0000  0.1951  0.0000 -0.6511  0.1951 -0.0000  0.1951 -0.0000


 Q= -0.217364  0.072455  0.072455, q=  0.250000  0.250000 -0.250000

                        C X   0         C Y   0         C Z   0         C X   1         C Y   1         C Z   1     
                    --------------- --------------- --------------- --------------- --------------- ---------------
    0  21.0345 THz  -0.0000  0.0000  0.4925 -0.0863 -0.4925  0.0863 -0.0000  0.0000  0.2394 -0.4390 -0.2394  0.4390
    1  26.4076 THz  -0.4306  0.0000 -0.3892  0.0761 -0.3892  0.0761 -0.4096  0.1328 -0.3937  0.0476 -0.3937  0.0476
    2  32.2390 THz  -0.4782  0.0000  0.1854 -0.3182  0.1854 -0.3182 -0.4341  0.2005  0.3018  0.2112  0.3018  0.2112
    3  38.6472 THz   0.4167  0.0000 -0.4016 -0.0434 -0.4016 -0.0434 -0.2344 -0.3446  0.2618  0.3076  0.2618  0.3076
    4  38.7035 THz  -0.0000  0.0000 -0.1895 -0.4627  0.1895  0.4627  0.0000  0.0000  0.4800  0.1401 -0.4800 -0.1401
    5  41.3664 THz  -0.6421  0.0000 -0.1377  0.1578 -0.1377  0.1578  0.4459 -0.4620  0.2092  0.0105  0.2092  0.0105


 Q= -0.144909  0.000000  0.000000, q=  0.250000  0.250000  0.000000

                        C X   0         C Y   0         C Z   0         C X   1         C Y   1         C Z   1     
                    --------------- --------------- --------------- --------------- --------------- ---------------
    0  17.0636 THz   0.0000  0.0000  0.2413  0.0562 -0.6430  0.1585  0.0000  0.0000  0.1699 -0.1742 -0.6216  0.2334
    1  17.0636 THz   0.0000  0.0000 -0.6582  0.0737 -0.2070  0.1362  0.0000  0.0000 -0.6639 -0.0040 -0.2197 -0.1046
    2  24.7641 THz   0.7071  0.0000  0.0000  0.0000 -0.0000 -0.0000  0.7071 -0.0000 -0.0000 -0.0000 -0.0000 -0.0000
    3  40.3147 THz   0.0000  0.0000 -0.3397 -0.4150  0.4545  0.0755  0.0000 -0.0000  0.3445  0.2281 -0.5717  0.0491
    4  40.3147 THz   0.0000  0.0000 -0.3721 -0.2717 -0.5342  0.0479  0.0000  0.0000  0.3651  0.4426  0.4041  0.0864
    5  43.5783 THz   0.7071  0.0000  0.0000 -0.0000  0.0000  0.0000 -0.7071  0.0000  0.0000  0.0000  0.0000  0.0000


 Q= -0.072455 -0.072455 -0.072455, q=  0.250000  0.250000  0.250000

                        C X   0         C Y   0         C Z   0         C X   1         C Y   1         C Z   1     
                    --------------- --------------- --------------- --------------- --------------- ---------------
    0  12.6800 THz   0.0000  0.0000  0.2071  0.4551 -0.2071 -0.4551 -0.0000 -0.0000  0.3026  0.3980 -0.3026 -0.3980
    1  12.6800 THz   0.5774  0.0000 -0.2887  0.0000 -0.2887  0.0000  0.5631 -0.1277 -0.2815  0.0638 -0.2815  0.0638
    2  23.5275 THz   0.4082  0.0000  0.4082 -0.0000  0.4082 -0.0000  0.3989  0.0869  0.3989  0.0869  0.3989  0.0869
    3  41.6047 THz  -0.5774  0.0000  0.2887 -0.0000  0.2887  0.0000  0.5631 -0.1277 -0.2815  0.0638 -0.2815  0.0638
    4  41.6047 THz   0.0000  0.0000  0.4637  0.1869 -0.4637 -0.1869 -0.0000 -0.0000 -0.4936 -0.0797  0.4936  0.0797
    5  43.0638 THz  -0.4082  0.0000 -0.4082  0.0000 -0.4082 -0.0000  0.3989  0.0869  0.3989  0.0869  0.3989  0.0869
