
Used Primitive lattice vector

    0.000000000000      1.815375000000      1.815375000000  
    1.815375000000      0.000000000000      1.815375000000  
    1.815375000000      1.815375000000      0.000000000000  

   1 Atom(s) in the Primitive cell

 0.0000000000 0.0000000000 0.0000000000 Ni    0


 Q= -0.137713 -0.137713 -0.137713, q= -0.500000 -0.500000 -0.500000

                       Ni X   0        Ni Y   0        Ni Z   0     
                    --------------- --------------- ---------------
    0   4.2051 THz   0.8165  0.0000 -0.4082 -0.0000 -0.4082  0.0000
    1   4.2051 THz   0.0000  0.0000  0.7054  0.0492 -0.7054 -0.0492
    2   7.2518 THz  -0.5774  0.0000 -0.5774 -0.0000 -0.5774  0.0000


 Q=  0.000000  0.000000 -0.275425, q= -0.500000 -0.500000  0.000000

                       Ni X   0        Ni Y   0        Ni Z   0     
                    --------------- --------------- ---------------
    0   5.5428 THz   1.0000  0.0000  0.0000  0.0000  0.0000  0.0000
    1   5.5428 THz   0.0000  0.0000 -0.2718 -0.9623 -0.0000  0.0000
    2   7.1080 THz   0.0000  0.0000 -0.0000  0.0000 -1.0000 -0.0000


 Q=  0.000000 -0.275425  0.000000, q= -0.500000  0.000000 -0.500000

                       Ni X   0        Ni Y   0        Ni Z   0     
                    --------------- --------------- ---------------
    0   5.5428 THz   0.0000  0.0000 -0.0000  0.0000 -1.0000 -0.0000
    1   5.5428 THz   1.0000  0.0000  0.0000  0.0000  0.0000  0.0000
    2   7.1080 THz   0.0000  0.0000  0.9558  0.2940  0.0000 -0.0000


 Q=  0.137713 -0.137713 -0.137713, q= -0.500000  0.000000  0.000000

                       Ni X   0        Ni Y   0        Ni Z   0     
                    --------------- --------------- ---------------
    0   4.2051 THz   0.0000  0.0000  0.7039 -0.0670 -0.7039  0.0670
    1   4.2051 THz   0.8165  0.0000  0.4082  0.0000  0.4082  0.0000
    2   7.2518 THz   0.5774  0.0000 -0.5774 -0.0000 -0.5774 -0.0000


 Q= -0.275425  0.000000  0.000000, q=  0.000000 -0.500000 -0.500000

                       Ni X   0        Ni Y   0        Ni Z   0     
                    --------------- --------------- ---------------
    0   5.5428 THz   0.0000  0.0000  0.0485 -0.0559 -0.9581  0.2768
    1   5.5428 THz   0.0000  0.0000  0.9762  0.2038  0.0526  0.0521
    2   7.1080 THz   1.0000  0.0000  0.0000  0.0000  0.0000  0.0000


 Q= -0.137713  0.137713 -0.137713, q=  0.000000 -0.500000  0.000000

                       Ni X   0        Ni Y   0        Ni Z   0     
                    --------------- --------------- ---------------
    0   4.2051 THz   0.8165  0.0000  0.4082  0.0000 -0.4082 -0.0000
    1   4.2051 THz   0.0000  0.0000  0.0000  0.7071  0.0000  0.7071
    2   7.2518 THz   0.5774  0.0000 -0.5774 -0.0000  0.5774  0.0000


 Q= -0.137713 -0.137713  0.137713, q=  0.000000  0.000000 -0.500000

                       Ni X   0        Ni Y   0        Ni Z   0     
                    --------------- --------------- ---------------
    0   4.2051 THz   0.8165  0.0000 -0.4082  0.0000  0.4082 -0.0000
    1   4.2051 THz   0.0000  0.0000 -0.7049  0.0559 -0.7049  0.0559
    2   7.2518 THz  -0.5774  0.0000 -0.5774  0.0000  0.5774 -0.0000


 Q=  0.000000  0.000000  0.000000, q=  0.000000  0.000000  0.000000

                       Ni X   0        Ni Y   0        Ni Z   0     
                    --------------- --------------- ---------------
    0   0.0000 THz  -0.0663  0.0000  0.9255  0.0000 -0.3729  0.0000
    1  -0.0000 THz   0.1845  0.0000 -0.3559  0.0000 -0.9161  0.0000
    2   0.0000 THz   0.9806  0.0000  0.1295  0.0000  0.1472  0.0000
