
Used Primitive lattice vector

   -1.949282000000     -1.949282000000      0.000000000000  
   -1.949282000000      0.000000000000     -1.949282000000  
    0.000000000000     -1.949282000000     -1.949282000000  

   1 Atom(s) in the Primitive cell

 0.0000000000 0.0000000000 0.0000000000 Al    0


 Q=  0.128252  0.128252  0.128252, q= -0.500000 -0.500000 -0.500000

                       Al X   0        Al Y   0        Al Z   0     
                    --------------- --------------- ---------------
    0   5.2479 THz   0.8165  0.0000 -0.4082  0.0000 -0.4082 -0.0000
    1   5.2479 THz   0.0000  0.0000  0.0000  0.7071  0.0000 -0.7071
    2  10.6375 THz  -0.5774  0.0000 -0.5774  0.0000 -0.5774 -0.0000


 Q=  0.192379  0.064126  0.064126, q= -0.500000 -0.500000 -0.250000

                       Al X   0        Al Y   0        Al Z   0     
                    --------------- --------------- ---------------
    0   6.4347 THz   0.0000  0.0000  0.7070 -0.0145 -0.7070  0.0145
    1   7.8740 THz   0.5617  0.0000 -0.5850 -0.0000 -0.5850 -0.0000
    2  10.5161 THz   0.8273  0.0000  0.3972  0.0000  0.3972  0.0000


 Q=  0.256505  0.000000  0.000000, q= -0.500000 -0.500000  0.000000

                       Al X   0        Al Y   0        Al Z   0     
                    --------------- --------------- ---------------
    0   7.2096 THz   0.0000  0.0000 -0.3659 -0.0000 -0.9306  0.0000
    1   7.2096 THz   0.0000  0.0000  0.9306 -0.0000 -0.3659  0.0000
    2  11.6056 THz   1.0000  0.0000  0.0000  0.0000  0.0000  0.0000


 Q=  0.320631 -0.064126 -0.064126, q= -0.500000 -0.500000  0.250000

                       Al X   0        Al Y   0        Al Z   0     
                    --------------- --------------- ---------------
    0   6.4347 THz   0.0000  0.0000  0.7065  0.0290 -0.7065 -0.0290
    1   7.8740 THz   0.5617  0.0000 -0.5850  0.0000 -0.5850  0.0000
    2  10.5161 THz   0.8273  0.0000  0.3972 -0.0000  0.3972 -0.0000


 Q=  0.064126  0.192379  0.064126, q= -0.500000 -0.250000 -0.500000

                       Al X   0        Al Y   0        Al Z   0     
                    --------------- --------------- ---------------
    0   6.4347 THz  -0.7071  0.0000  0.0000  0.0000  0.7071 -0.0000
    1   7.8740 THz   0.5850  0.0000 -0.5617  0.0000  0.5850 -0.0000
    2  10.5161 THz   0.3972  0.0000  0.8273 -0.0000  0.3972 -0.0000


 Q=  0.128252  0.128252  0.000000, q= -0.500000 -0.250000 -0.250000

                       Al X   0        Al Y   0        Al Z   0     
                    --------------- --------------- ---------------
    0   5.5346 THz  -0.7071 -0.0000  0.7071  0.0000  0.0000 -0.0000
    1   7.4216 THz   0.0000  0.0000 -0.0000  0.0000 -0.0983 -0.9952
    2   9.7810 THz   0.7071  0.0000  0.7071  0.0000  0.0000 -0.0000


 Q=  0.192379  0.064126 -0.064126, q= -0.500000 -0.250000  0.000000

                       Al X   0        Al Y   0        Al Z   0     
                    --------------- --------------- ---------------
    0   6.4347 THz   0.0000  0.0000 -0.6964 -0.1227 -0.6964 -0.1227
    1   7.8740 THz   0.5617  0.0000 -0.5850  0.0000  0.5850 -0.0000
    2  10.5161 THz   0.8273  0.0000  0.3972 -0.0000 -0.3972  0.0000


 Q=  0.256505  0.000000 -0.128252, q= -0.500000 -0.250000  0.250000

                       Al X   0        Al Y   0        Al Z   0     
                    --------------- --------------- ---------------
    0   7.7371 THz   0.0000  0.0000 -0.0000  0.0000  0.9805  0.1964
    1   9.5763 THz   0.0000  0.0000 -0.9979  0.0641 -0.0000 -0.0000
    2   9.5763 THz   1.0000  0.0000  0.0000  0.0000  0.0000  0.0000


 Q=  0.000000  0.256505  0.000000, q= -0.500000  0.000000 -0.500000

                       Al X   0        Al Y   0        Al Z   0     
                    --------------- --------------- ---------------
    0   7.2096 THz   0.0000  0.0000  0.0000  0.0000 -1.0000  0.0000
    1   7.2096 THz   1.0000  0.0000  0.0000  0.0000  0.0000  0.0000
    2  11.6056 THz   0.0000  0.0000 -1.0000  0.0000 -0.0000  0.0000


 Q=  0.064126  0.192379 -0.064126, q= -0.500000  0.000000 -0.250000

                       Al X   0        Al Y   0        Al Z   0     
                    --------------- --------------- ---------------
    0   6.4347 THz   0.7071  0.0000 -0.0000 -0.0000  0.7071 -0.0000
    1   7.8740 THz   0.5850  0.0000 -0.5617  0.0000 -0.5850  0.0000
    2  10.5161 THz   0.3972  0.0000  0.8273 -0.0000 -0.3972  0.0000


 Q=  0.128252  0.128252 -0.128252, q= -0.500000  0.000000  0.000000

                       Al X   0        Al Y   0        Al Z   0     
                    --------------- --------------- ---------------
    0   5.2479 THz   0.8165  0.0000 -0.4082 -0.0000  0.4082 -0.0000
    1   5.2479 THz   0.0000  0.0000 -0.7071 -0.0000 -0.7071 -0.0000
    2  10.6375 THz  -0.5774  0.0000 -0.5774 -0.0000  0.5774 -0.0000


 Q=  0.192379  0.064126 -0.192379, q= -0.500000  0.000000  0.250000

                       Al X   0        Al Y   0        Al Z   0     
                    --------------- --------------- ---------------
    0   6.4347 THz   0.7071  0.0000 -0.0000  0.0000  0.7071  0.0000
    1   7.8740 THz   0.5850  0.0000 -0.5617 -0.0000 -0.5850 -0.0000
    2  10.5161 THz   0.3972  0.0000  0.8273  0.0000 -0.3972 -0.0000


 Q= -0.064126  0.320631 -0.064126, q= -0.500000  0.250000 -0.500000

                       Al X   0        Al Y   0        Al Z   0     
                    --------------- --------------- ---------------
    0   6.4347 THz  -0.7071  0.0000  0.0000  0.0000  0.7071  0.0000
    1   7.8740 THz   0.5850  0.0000 -0.5617  0.0000  0.5850  0.0000
    2  10.5161 THz   0.3972  0.0000  0.8273 -0.0000  0.3972  0.0000


 Q=  0.000000  0.256505 -0.128252, q= -0.500000  0.250000 -0.250000

                       Al X   0        Al Y   0        Al Z   0     
                    --------------- --------------- ---------------
    0   7.7371 THz   0.0000  0.0000  0.0000 -0.0000 -0.5632 -0.8263
    1   9.5763 THz   0.0000  0.0000 -0.9979 -0.0641  0.0000 -0.0000
    2   9.5763 THz   1.0000  0.0000  0.0000  0.0000  0.0000  0.0000


 Q=  0.064126  0.192379 -0.192379, q= -0.500000  0.250000  0.000000

                       Al X   0        Al Y   0        Al Z   0     
                    --------------- --------------- ---------------
    0   6.4347 THz   0.0000  0.0000 -0.7055  0.0477 -0.7055  0.0477
    1   7.8740 THz   0.5617  0.0000 -0.5850 -0.0000  0.5850 -0.0000
    2  10.5161 THz   0.8273  0.0000  0.3972  0.0000 -0.3972  0.0000


 Q=  0.128252  0.128252 -0.256505, q= -0.500000  0.250000  0.250000

                       Al X   0        Al Y   0        Al Z   0     
                    --------------- --------------- ---------------
    0   5.5346 THz   0.7071  0.0000 -0.7071  0.0000  0.0000 -0.0000
    1   7.4216 THz   0.0000  0.0000 -0.0000 -0.0000 -0.7457 -0.6663
    2   9.7810 THz  -0.7071  0.0000 -0.7071  0.0000  0.0000 -0.0000


 Q=  0.064126  0.064126  0.192379, q= -0.250000 -0.500000 -0.500000

                       Al X   0        Al Y   0        Al Z   0     
                    --------------- --------------- ---------------
    0   6.4347 THz   0.7071  0.0000 -0.7071 -0.0000 -0.0000  0.0000
    1   7.8740 THz   0.5850  0.0000  0.5850  0.0000 -0.5617 -0.0000
    2  10.5161 THz   0.3972  0.0000  0.3972 -0.0000  0.8273 -0.0000


 Q=  0.128252  0.000000  0.128252, q= -0.250000 -0.500000 -0.250000

                       Al X   0        Al Y   0        Al Z   0     
                    --------------- --------------- ---------------
    0   5.5346 THz   0.7071  0.0000  0.0000  0.0000 -0.7071 -0.0000
    1   7.4216 THz   0.0000  0.0000  0.8873 -0.4612  0.0000  0.0000
    2   9.7810 THz  -0.7071  0.0000  0.0000  0.0000 -0.7071 -0.0000


 Q=  0.192379 -0.064126  0.064126, q= -0.250000 -0.500000  0.000000

                       Al X   0        Al Y   0        Al Z   0     
                    --------------- --------------- ---------------
    0   6.4347 THz   0.0000  0.0000 -0.7071 -0.0070 -0.7071 -0.0070
    1   7.8740 THz  -0.5617  0.0000 -0.5850 -0.0000  0.5850  0.0000
    2  10.5161 THz   0.8273  0.0000 -0.3972 -0.0000  0.3972  0.0000


 Q=  0.256505 -0.128252  0.000000, q= -0.250000 -0.500000  0.250000

                       Al X   0        Al Y   0        Al Z   0     
                    --------------- --------------- ---------------
    0   7.7371 THz   0.0000  0.0000 -0.9667  0.2559 -0.0000  0.0000
    1   9.5763 THz   0.0000  0.0000  0.0000  0.0000 -0.9936  0.1126
    2   9.5763 THz   1.0000  0.0000  0.0000  0.0000  0.0000  0.0000


 Q=  0.000000  0.128252  0.128252, q= -0.250000 -0.250000 -0.500000

                       Al X   0        Al Y   0        Al Z   0     
                    --------------- --------------- ---------------
    0   5.5346 THz   0.0000  0.0000 -0.2133  0.6742  0.2133 -0.6742
    1   7.4216 THz   1.0000  0.0000  0.0000  0.0000  0.0000  0.0000
    2   9.7810 THz   0.0000  0.0000 -0.3138 -0.6337 -0.3138 -0.6337


 Q=  0.064126  0.064126  0.064126, q= -0.250000 -0.250000 -0.250000

                       Al X   0        Al Y   0        Al Z   0     
                    --------------- --------------- ---------------
    0   4.0095 THz   0.0000  0.0000  0.7068  0.0206 -0.7068 -0.0206
    1   4.0095 THz   0.8165  0.0000 -0.4082 -0.0000 -0.4082 -0.0000
    2   8.1246 THz  -0.5774  0.0000 -0.5774 -0.0000 -0.5774 -0.0000


 Q=  0.128252  0.000000  0.000000, q= -0.250000 -0.250000  0.000000

                       Al X   0        Al Y   0        Al Z   0     
                    --------------- --------------- ---------------
    0   5.1747 THz   0.0000  0.0000  0.1130 -0.2114  0.0003 -0.9708
    1   5.1747 THz   0.0000  0.0000 -0.4365  0.8672 -0.0058 -0.2397
    2   8.0340 THz   1.0000  0.0000  0.0000  0.0000  0.0000  0.0000


 Q=  0.192379 -0.064126 -0.064126, q= -0.250000 -0.250000  0.250000

                       Al X   0        Al Y   0        Al Z   0     
                    --------------- --------------- ---------------
    0   6.4347 THz   0.0000  0.0000  0.7070 -0.0133 -0.7070  0.0133
    1   7.8740 THz  -0.5617  0.0000 -0.5850 -0.0000 -0.5850  0.0000
    2  10.5161 THz   0.8273  0.0000 -0.3972 -0.0000 -0.3972  0.0000


 Q= -0.064126  0.192379  0.064126, q= -0.250000  0.000000 -0.500000

                       Al X   0        Al Y   0        Al Z   0     
                    --------------- --------------- ---------------
    0   6.4347 THz   0.7071  0.0000 -0.0000 -0.0000  0.7071  0.0000
    1   7.8740 THz   0.5850  0.0000  0.5617  0.0000 -0.5850 -0.0000
    2  10.5161 THz  -0.3972  0.0000  0.8273  0.0000  0.3972  0.0000


 Q=  0.000000  0.128252  0.000000, q= -0.250000  0.000000 -0.250000

                       Al X   0        Al Y   0        Al Z   0     
                    --------------- --------------- ---------------
    0   5.1747 THz   0.0000  0.0000  0.0000 -0.0000 -0.9251  0.3797
    1   5.1747 THz   1.0000  0.0000  0.0000  0.0000  0.0000  0.0000
    2   8.0340 THz   0.0000  0.0000 -0.4488 -0.8937 -0.0000  0.0000


 Q=  0.064126  0.064126 -0.064126, q= -0.250000  0.000000  0.000000

                       Al X   0        Al Y   0        Al Z   0     
                    --------------- --------------- ---------------
    0   4.0095 THz   0.0000  0.0000 -0.7069  0.0171 -0.7069  0.0171
    1   4.0095 THz   0.8165  0.0000 -0.4082  0.0000  0.4082 -0.0000
    2   8.1246 THz  -0.5774  0.0000 -0.5774  0.0000  0.5774 -0.0000


 Q=  0.128252  0.000000 -0.128252, q= -0.250000  0.000000  0.250000

                       Al X   0        Al Y   0        Al Z   0     
                    --------------- --------------- ---------------
    0   5.5346 THz   0.7071  0.0000  0.0000  0.0000  0.7071 -0.0000
    1   7.4216 THz   0.0000  0.0000 -0.9146 -0.4043  0.0000 -0.0000
    2   9.7810 THz  -0.7071  0.0000  0.0000  0.0000  0.7071 -0.0000


 Q= -0.128252  0.256505  0.000000, q= -0.250000  0.250000 -0.500000

                       Al X   0        Al Y   0        Al Z   0     
                    --------------- --------------- ---------------
    0   7.7371 THz   1.0000  0.0000  0.0000  0.0000  0.0000  0.0000
    1   9.5763 THz   0.0000  0.0000 -0.1320  0.0359 -0.6081 -0.7820
    2   9.5763 THz   0.0000  0.0000 -0.9872 -0.0825  0.0420  0.1302


 Q= -0.064126  0.192379 -0.064126, q= -0.250000  0.250000 -0.250000

                       Al X   0        Al Y   0        Al Z   0     
                    --------------- --------------- ---------------
    0   6.4347 THz  -0.7071  0.0000  0.0000 -0.0000  0.7071 -0.0000
    1   7.8740 THz   0.5850  0.0000  0.5617 -0.0000  0.5850 -0.0000
    2  10.5161 THz  -0.3972  0.0000  0.8273 -0.0000 -0.3972  0.0000


 Q=  0.000000  0.128252 -0.128252, q= -0.250000  0.250000  0.000000

                       Al X   0        Al Y   0        Al Z   0     
                    --------------- --------------- ---------------
    0   5.5346 THz   0.0000  0.0000 -0.1863  0.6821 -0.1863  0.6821
    1   7.4216 THz   1.0000  0.0000  0.0000  0.0000  0.0000  0.0000
    2   9.7810 THz   0.0000  0.0000  0.6820 -0.1869 -0.6820  0.1869


 Q=  0.064126  0.064126 -0.192379, q= -0.250000  0.250000  0.250000

                       Al X   0        Al Y   0        Al Z   0     
                    --------------- --------------- ---------------
    0   6.4347 THz  -0.7071  0.0000  0.7071 -0.0000 -0.0000  0.0000
    1   7.8740 THz   0.5850  0.0000  0.5850 -0.0000  0.5617 -0.0000
    2  10.5161 THz   0.3972  0.0000  0.3972 -0.0000 -0.8273  0.0000


 Q=  0.000000  0.000000  0.256505, q=  0.000000 -0.500000 -0.500000

                       Al X   0        Al Y   0        Al Z   0     
                    --------------- --------------- ---------------
    0   7.2096 THz   1.0000  0.0000  0.0000  0.0000  0.0000  0.0000
    1   7.2096 THz   0.0000  0.0000  1.0000 -0.0000  0.0000 -0.0000
    2  11.6056 THz   0.0000  0.0000  0.0000 -0.0000 -1.0000  0.0000


 Q=  0.064126 -0.064126  0.192379, q=  0.000000 -0.500000 -0.250000

                       Al X   0        Al Y   0        Al Z   0     
                    --------------- --------------- ---------------
    0   6.4347 THz   0.7071  0.0000  0.7071  0.0000  0.0000  0.0000
    1   7.8740 THz   0.5850  0.0000 -0.5850 -0.0000 -0.5617 -0.0000
    2  10.5161 THz  -0.3972  0.0000  0.3972  0.0000 -0.8273 -0.0000


 Q=  0.128252 -0.128252  0.128252, q=  0.000000 -0.500000  0.000000

                       Al X   0        Al Y   0        Al Z   0     
                    --------------- --------------- ---------------
    0   5.2479 THz   0.8165  0.0000  0.4082  0.0000 -0.4082 -0.0000
    1   5.2479 THz   0.0000  0.0000 -0.7071 -0.0000 -0.7071 -0.0000
    2  10.6375 THz   0.5774  0.0000 -0.5774 -0.0000  0.5774  0.0000


 Q=  0.192379 -0.192379  0.064126, q=  0.000000 -0.500000  0.250000

                       Al X   0        Al Y   0        Al Z   0     
                    --------------- --------------- ---------------
    0   6.4347 THz   0.7071  0.0000  0.7071 -0.0000  0.0000 -0.0000
    1   7.8740 THz   0.5850  0.0000 -0.5850  0.0000 -0.5617  0.0000
    2  10.5161 THz  -0.3972  0.0000  0.3972 -0.0000 -0.8273  0.0000


 Q= -0.064126  0.064126  0.192379, q=  0.000000 -0.250000 -0.500000

                       Al X   0        Al Y   0        Al Z   0     
                    --------------- --------------- ---------------
    0   6.4347 THz  -0.7071  0.0000 -0.7071  0.0000 -0.0000 -0.0000
    1   7.8740 THz   0.5850  0.0000 -0.5850  0.0000  0.5617 -0.0000
    2  10.5161 THz  -0.3972  0.0000  0.3972  0.0000  0.8273  0.0000


 Q=  0.000000  0.000000  0.128252, q=  0.000000 -0.250000 -0.250000

                       Al X   0        Al Y   0        Al Z   0     
                    --------------- --------------- ---------------
    0   5.1747 THz   1.0000  0.0000  0.0000  0.0000  0.0000  0.0000
    1   5.1747 THz   0.0000  0.0000 -0.5434  0.8395  0.0000  0.0000
    2   8.0340 THz   0.0000  0.0000  0.0000 -0.0000 -0.0728  0.9973


 Q=  0.064126 -0.064126  0.064126, q=  0.000000 -0.250000  0.000000

                       Al X   0        Al Y   0        Al Z   0     
                    --------------- --------------- ---------------
    0   4.0095 THz   0.8165  0.0000  0.4082  0.0000 -0.4082 -0.0000
    1   4.0095 THz   0.0000  0.0000 -0.0000 -0.7071 -0.0000 -0.7071
    2   8.1246 THz   0.5774  0.0000 -0.5774 -0.0000  0.5774  0.0000


 Q=  0.128252 -0.128252  0.000000, q=  0.000000 -0.250000  0.250000

                       Al X   0        Al Y   0        Al Z   0     
                    --------------- --------------- ---------------
    0   5.5346 THz   0.7071  0.0000  0.7071  0.0000 -0.0000  0.0000
    1   7.4216 THz   0.0000  0.0000  0.0000 -0.0000 -0.3646 -0.9312
    2   9.7810 THz   0.7071  0.0000 -0.7071 -0.0000  0.0000 -0.0000


 Q= -0.128252  0.128252  0.128252, q=  0.000000  0.000000 -0.500000

                       Al X   0        Al Y   0        Al Z   0     
                    --------------- --------------- ---------------
    0   5.2479 THz   0.8165  0.0000  0.4082 -0.0000  0.4082  0.0000
    1   5.2479 THz   0.0000  0.0000  0.7071 -0.0000 -0.7071  0.0000
    2  10.6375 THz   0.5774  0.0000 -0.5774  0.0000 -0.5774 -0.0000


 Q= -0.064126  0.064126  0.064126, q=  0.000000  0.000000 -0.250000

                       Al X   0        Al Y   0        Al Z   0     
                    --------------- --------------- ---------------
    0   4.0095 THz   0.8165  0.0000  0.4082  0.0000  0.4082 -0.0000
    1   4.0095 THz   0.0000  0.0000  0.6973  0.1173 -0.6973 -0.1173
    2   8.1246 THz   0.5774  0.0000 -0.5774 -0.0000 -0.5774  0.0000


 Q=  0.000000  0.000000  0.000000, q=  0.000000  0.000000  0.000000

                       Al X   0        Al Y   0        Al Z   0     
                    --------------- --------------- ---------------
    0   0.0000 THz   0.3714  0.0000  0.2438  0.0000 -0.8959  0.0000
    1  -0.0000 THz  -0.0464  0.0000  0.9686  0.0000  0.2443  0.0000
    2   0.0000 THz   0.9273  0.0000 -0.0492  0.0000  0.3711  0.0000


 Q=  0.064126 -0.064126 -0.064126, q=  0.000000  0.000000  0.250000

                       Al X   0        Al Y   0        Al Z   0     
                    --------------- --------------- ---------------
    0   4.0095 THz   0.8165  0.0000  0.4082 -0.0000  0.4082  0.0000
    1   4.0095 THz   0.0000  0.0000  0.6973 -0.1173 -0.6973  0.1173
    2   8.1246 THz   0.5774  0.0000 -0.5774  0.0000 -0.5774 -0.0000


 Q= -0.192379  0.192379  0.064126, q=  0.000000  0.250000 -0.500000

                       Al X   0        Al Y   0        Al Z   0     
                    --------------- --------------- ---------------
    0   6.4347 THz  -0.7071  0.0000 -0.7071 -0.0000  0.0000 -0.0000
    1   7.8740 THz   0.5850  0.0000 -0.5850 -0.0000  0.5617 -0.0000
    2  10.5161 THz  -0.3972  0.0000  0.3972  0.0000  0.8273  0.0000


 Q= -0.128252  0.128252  0.000000, q=  0.000000  0.250000 -0.250000

                       Al X   0        Al Y   0        Al Z   0     
                    --------------- --------------- ---------------
    0   5.5346 THz   0.7071  0.0000  0.7071 -0.0000 -0.0000 -0.0000
    1   7.4216 THz   0.0000  0.0000  0.0000  0.0000 -0.3646  0.9312
    2   9.7810 THz   0.7071  0.0000 -0.7071  0.0000  0.0000  0.0000


 Q= -0.064126  0.064126 -0.064126, q=  0.000000  0.250000  0.000000

                       Al X   0        Al Y   0        Al Z   0     
                    --------------- --------------- ---------------
    0   4.0095 THz   0.8165  0.0000  0.4082 -0.0000 -0.4082  0.0000
    1   4.0095 THz   0.0000  0.0000 -0.0000  0.7071 -0.0000  0.7071
    2   8.1246 THz   0.5774  0.0000 -0.5774  0.0000  0.5774 -0.0000


 Q=  0.000000  0.000000 -0.128252, q=  0.000000  0.250000  0.250000

                       Al X   0        Al Y   0        Al Z   0     
                    --------------- --------------- ---------------
    0   5.1747 THz   1.0000  0.0000  0.0000  0.0000  0.0000  0.0000
    1   5.1747 THz   0.0000  0.0000 -0.5434 -0.8395  0.0000 -0.0000
    2   8.0340 THz   0.0000  0.0000  0.0000  0.0000 -0.0728 -0.9973


 Q= -0.064126 -0.064126  0.320631, q=  0.250000 -0.500000 -0.500000

                       Al X   0        Al Y   0        Al Z   0     
                    --------------- --------------- ---------------
    0   6.4347 THz   0.7071  0.0000 -0.7071  0.0000 -0.0000 -0.0000
    1   7.8740 THz   0.5850  0.0000  0.5850 -0.0000 -0.5617  0.0000
    2  10.5161 THz   0.3972  0.0000  0.3972  0.0000  0.8273  0.0000


 Q=  0.000000 -0.128252  0.256505, q=  0.250000 -0.500000 -0.250000

                       Al X   0        Al Y   0        Al Z   0     
                    --------------- --------------- ---------------
    0   7.7371 THz   0.0000  0.0000 -0.6992  0.7149 -0.0000  0.0000
    1   9.5763 THz   0.0000  0.0000  0.0000 -0.0000 -0.9933 -0.1151
    2   9.5763 THz   1.0000  0.0000  0.0000  0.0000  0.0000  0.0000


 Q=  0.064126 -0.192379  0.192379, q=  0.250000 -0.500000  0.000000

                       Al X   0        Al Y   0        Al Z   0     
                    --------------- --------------- ---------------
    0   6.4347 THz   0.0000  0.0000 -0.7044  0.0618 -0.7044  0.0618
    1   7.8740 THz  -0.5617  0.0000 -0.5850  0.0000  0.5850 -0.0000
    2  10.5161 THz   0.8273  0.0000 -0.3972  0.0000  0.3972 -0.0000


 Q=  0.128252 -0.256505  0.128252, q=  0.250000 -0.500000  0.250000

                       Al X   0        Al Y   0        Al Z   0     
                    --------------- --------------- ---------------
    0   5.5346 THz   0.7071  0.0000  0.0000 -0.0000 -0.7071  0.0000
    1   7.4216 THz   0.0000  0.0000 -0.7219 -0.6920  0.0000  0.0000
    2   9.7810 THz   0.7071  0.0000  0.0000  0.0000  0.7071 -0.0000


 Q= -0.128252  0.000000  0.256505, q=  0.250000 -0.250000 -0.500000

                       Al X   0        Al Y   0        Al Z   0     
                    --------------- --------------- ---------------
    0   7.7371 THz   1.0000  0.0000  0.0000  0.0000  0.0000  0.0000
    1   9.5763 THz   0.0000  0.0000 -0.2726 -0.0718  0.9539  0.1034
    2   9.5763 THz   0.0000  0.0000 -0.9455  0.1632 -0.2675  0.0888


 Q= -0.064126 -0.064126  0.192379, q=  0.250000 -0.250000 -0.250000

                       Al X   0        Al Y   0        Al Z   0     
                    --------------- --------------- ---------------
    0   6.4347 THz  -0.7071  0.0000  0.7071  0.0000 -0.0000 -0.0000
    1   7.8740 THz   0.5850  0.0000  0.5850  0.0000  0.5617  0.0000
    2  10.5161 THz   0.3972  0.0000  0.3972  0.0000 -0.8273 -0.0000


 Q=  0.000000 -0.128252  0.128252, q=  0.250000 -0.250000  0.000000

                       Al X   0        Al Y   0        Al Z   0     
                    --------------- --------------- ---------------
    0   5.5346 THz   0.0000  0.0000 -0.1863 -0.6821 -0.1863 -0.6821
    1   7.4216 THz   1.0000  0.0000  0.0000  0.0000  0.0000  0.0000
    2   9.7810 THz   0.0000  0.0000  0.6820  0.1869 -0.6820 -0.1869


 Q=  0.064126 -0.192379  0.064126, q=  0.250000 -0.250000  0.250000

                       Al X   0        Al Y   0        Al Z   0     
                    --------------- --------------- ---------------
    0   6.4347 THz  -0.7071  0.0000  0.0000  0.0000  0.7071  0.0000
    1   7.8740 THz   0.5850  0.0000  0.5617  0.0000  0.5850  0.0000
    2  10.5161 THz  -0.3972  0.0000  0.8273  0.0000 -0.3972 -0.0000


 Q= -0.192379  0.064126  0.192379, q=  0.250000  0.000000 -0.500000

                       Al X   0        Al Y   0        Al Z   0     
                    --------------- --------------- ---------------
    0   6.4347 THz   0.7071  0.0000  0.0000  0.0000  0.7071 -0.0000
    1   7.8740 THz   0.5850  0.0000  0.5617 -0.0000 -0.5850  0.0000
    2  10.5161 THz  -0.3972  0.0000  0.8273 -0.0000  0.3972 -0.0000


 Q= -0.128252  0.000000  0.128252, q=  0.250000  0.000000 -0.250000

                       Al X   0        Al Y   0        Al Z   0     
                    --------------- --------------- ---------------
    0   5.5346 THz   0.7071  0.0000  0.0000 -0.0000  0.7071  0.0000
    1   7.4216 THz   0.0000  0.0000 -0.9146  0.4043  0.0000  0.0000
    2   9.7810 THz  -0.7071  0.0000  0.0000 -0.0000  0.7071  0.0000


 Q= -0.064126 -0.064126  0.064126, q=  0.250000  0.000000  0.000000

                       Al X   0        Al Y   0        Al Z   0     
                    --------------- --------------- ---------------
    0   4.0095 THz   0.0000  0.0000 -0.7069 -0.0171 -0.7069 -0.0171
    1   4.0095 THz   0.8165  0.0000 -0.4082 -0.0000  0.4082  0.0000
    2   8.1246 THz  -0.5774  0.0000 -0.5774 -0.0000  0.5774  0.0000


 Q=  0.000000 -0.128252  0.000000, q=  0.250000  0.000000  0.250000

                       Al X   0        Al Y   0        Al Z   0     
                    --------------- --------------- ---------------
    0   5.1747 THz   0.0000  0.0000  0.0000  0.0000 -0.9251 -0.3797
    1   5.1747 THz   1.0000  0.0000  0.0000  0.0000  0.0000  0.0000
    2   8.0340 THz   0.0000  0.0000 -0.4488  0.8937 -0.0000  0.0000


 Q= -0.256505  0.128252  0.128252, q=  0.250000  0.250000 -0.500000

                       Al X   0        Al Y   0        Al Z   0     
                    --------------- --------------- ---------------
    0   5.5346 THz   0.0000  0.0000 -0.2201 -0.6720  0.2201  0.6720
    1   7.4216 THz   1.0000  0.0000  0.0000  0.0000  0.0000  0.0000
    2   9.7810 THz   0.0000  0.0000 -0.6474 -0.2844 -0.6474 -0.2844


 Q= -0.192379  0.064126  0.064126, q=  0.250000  0.250000 -0.250000

                       Al X   0        Al Y   0        Al Z   0     
                    --------------- --------------- ---------------
    0   6.4347 THz   0.0000  0.0000  0.7070  0.0133 -0.7070 -0.0133
    1   7.8740 THz  -0.5617  0.0000 -0.5850  0.0000 -0.5850 -0.0000
    2  10.5161 THz   0.8273  0.0000 -0.3972  0.0000 -0.3972 -0.0000


 Q= -0.128252  0.000000  0.000000, q=  0.250000  0.250000  0.000000

                       Al X   0        Al Y   0        Al Z   0     
                    --------------- --------------- ---------------
    0   5.1747 THz   0.0000  0.0000  0.1130  0.2114  0.0003  0.9708
    1   5.1747 THz   0.0000  0.0000 -0.4365 -0.8672 -0.0058  0.2397
    2   8.0340 THz   1.0000  0.0000  0.0000  0.0000  0.0000  0.0000


 Q= -0.064126 -0.064126 -0.064126, q=  0.250000  0.250000  0.250000

                       Al X   0        Al Y   0        Al Z   0     
                    --------------- --------------- ---------------
    0   4.0095 THz   0.0000  0.0000  0.7068 -0.0206 -0.7068  0.0206
    1   4.0095 THz   0.8165  0.0000 -0.4082  0.0000 -0.4082  0.0000
    2   8.1246 THz  -0.5774  0.0000 -0.5774  0.0000 -0.5774  0.0000
