
Used Primitive lattice vector

    1.770814000000      1.770814000000      1.770814000000  
    1.770814000000     -1.770814000000     -1.770814000000  
   -1.770814000000      1.770814000000     -1.770814000000  

   1 Atom(s) in the Primitive cell

 0.0000000000 0.0000000000 0.0000000000 Hf    0


 Q= -0.282356 -0.282356  0.282356, q= -0.500000 -0.500000 -0.500000

                       Hf X   0        Hf Y   0        Hf Z   0     
                    --------------- --------------- ---------------
    0   3.7055 THz   0.0000  0.0000 -0.6105  0.0000 -0.7920 -0.0000
    1   3.7055 THz   0.0000  0.0000  0.7920  0.0000 -0.6105 -0.0000
    2   3.7055 THz   1.0000  0.0000  0.0000  0.0000  0.0000  0.0000


 Q= -0.282356 -0.211767  0.211767, q= -0.500000 -0.500000 -0.250000

                       Hf X   0        Hf Y   0        Hf Z   0     
                    --------------- --------------- ---------------
    0   2.7828 THz   0.0000  0.0000  0.5755  0.4108 -0.5755 -0.4108
    1   2.9399 THz   0.0000  0.0000 -0.6962 -0.1238 -0.6962 -0.1238
    2   3.4815 THz   1.0000  0.0000  0.0000  0.0000  0.0000  0.0000


 Q= -0.282356 -0.141178  0.141178, q= -0.500000 -0.500000  0.000000

                       Hf X   0        Hf Y   0        Hf Z   0     
                    --------------- --------------- ---------------
    0   2.0017 THz   0.0000  0.0000 -0.7071  0.0000 -0.7071  0.0000
    1  -2.6200 THz   0.0000  0.0000  0.7071 -0.0000 -0.7071  0.0000
    2   2.7723 THz   1.0000  0.0000  0.0000  0.0000  0.0000  0.0000


 Q= -0.282356 -0.070589  0.070589, q= -0.500000 -0.500000  0.250000

                       Hf X   0        Hf Y   0        Hf Z   0     
                    --------------- --------------- ---------------
    0   2.7828 THz   0.0000  0.0000  0.7054 -0.0484 -0.7054  0.0484
    1   2.9399 THz   0.0000  0.0000 -0.7068  0.0224 -0.7068  0.0224
    2   3.4815 THz   1.0000  0.0000  0.0000  0.0000  0.0000  0.0000


 Q= -0.211767 -0.282356  0.211767, q= -0.500000 -0.250000 -0.500000

                       Hf X   0        Hf Y   0        Hf Z   0     
                    --------------- --------------- ---------------
    0   2.7828 THz   0.7071  0.0000 -0.0000 -0.0000 -0.7071 -0.0000
    1   2.9399 THz  -0.7071  0.0000 -0.0000 -0.0000 -0.7071 -0.0000
    2   3.4815 THz   0.0000  0.0000  0.9814  0.1922 -0.0000 -0.0000


 Q= -0.211767 -0.211767  0.141178, q= -0.500000 -0.250000 -0.250000

                       Hf X   0        Hf Y   0        Hf Z   0     
                    --------------- --------------- ---------------
    0   0.9682 THz   0.7071  0.0000 -0.7071 -0.0000  0.0000  0.0000
    1  -1.7983 THz   0.3412  0.0000  0.3412  0.0000 -0.8759  0.0000
    2   2.8753 THz   0.6193  0.0000  0.6193 -0.0000  0.4825 -0.0000


 Q= -0.211767 -0.141178  0.070589, q= -0.500000 -0.250000  0.000000

                       Hf X   0        Hf Y   0        Hf Z   0     
                    --------------- --------------- ---------------
    0   0.9682 THz  -0.7071  0.0000 -0.0000  0.0000  0.7071 -0.0000
    1  -1.7983 THz   0.3412  0.0000 -0.8759  0.0000  0.3412 -0.0000
    2   2.8753 THz   0.6193  0.0000  0.4825 -0.0000  0.6193 -0.0000


 Q= -0.211767 -0.070589  0.000000, q= -0.500000 -0.250000  0.250000

                       Hf X   0        Hf Y   0        Hf Z   0     
                    --------------- --------------- ---------------
    0   2.7828 THz   0.7071  0.0000 -0.7071  0.0000 -0.0000  0.0000
    1   2.9399 THz  -0.7071  0.0000 -0.7071  0.0000 -0.0000  0.0000
    2   3.4815 THz   0.0000  0.0000  0.0000 -0.0000 -0.9921  0.1255


 Q= -0.141178 -0.282356  0.141178, q= -0.500000  0.000000 -0.500000

                       Hf X   0        Hf Y   0        Hf Z   0     
                    --------------- --------------- ---------------
    0   2.0017 THz  -0.7071  0.0000  0.0000 -0.0000 -0.7071 -0.0000
    1  -2.6200 THz   0.7071  0.0000  0.0000 -0.0000 -0.7071 -0.0000
    2   2.7723 THz   0.0000  0.0000  1.0000  0.0000  0.0000  0.0000


 Q= -0.141178 -0.211767  0.070589, q= -0.500000  0.000000 -0.250000

                       Hf X   0        Hf Y   0        Hf Z   0     
                    --------------- --------------- ---------------
    0   0.9682 THz   0.0000  0.0000  0.6943 -0.1340 -0.6943  0.1340
    1  -1.7983 THz   0.8759  0.0000 -0.3412 -0.0000 -0.3412 -0.0000
    2   2.8753 THz  -0.4825  0.0000 -0.6193 -0.0000 -0.6193 -0.0000


 Q= -0.141178 -0.141178  0.000000, q= -0.500000  0.000000  0.000000

                       Hf X   0        Hf Y   0        Hf Z   0     
                    --------------- --------------- ---------------
    0   2.0017 THz  -0.7071  0.0000 -0.7071 -0.0000 -0.0000  0.0000
    1  -2.6200 THz   0.7071  0.0000 -0.7071 -0.0000 -0.0000  0.0000
    2   2.7723 THz   0.0000  0.0000  0.0000 -0.0000 -1.0000  0.0000


 Q= -0.141178 -0.070589 -0.070589, q= -0.500000  0.000000  0.250000

                       Hf X   0        Hf Y   0        Hf Z   0     
                    --------------- --------------- ---------------
    0   0.9682 THz   0.0000  0.0000  0.7048  0.0565 -0.7048 -0.0565
    1  -1.7983 THz   0.8759  0.0000 -0.3412  0.0000 -0.3412  0.0000
    2   2.8753 THz  -0.4825  0.0000 -0.6193  0.0000 -0.6193  0.0000


 Q= -0.070589 -0.282356  0.070589, q= -0.500000  0.250000 -0.500000

                       Hf X   0        Hf Y   0        Hf Z   0     
                    --------------- --------------- ---------------
    0   2.7828 THz   0.7071  0.0000  0.0000 -0.0000 -0.7071  0.0000
    1   2.9399 THz   0.7071  0.0000 -0.0000  0.0000  0.7071 -0.0000
    2   3.4815 THz  -0.0000  0.0000 -0.9959  0.0905 -0.0000  0.0000


 Q= -0.070589 -0.211767  0.000000, q= -0.500000  0.250000 -0.250000

                       Hf X   0        Hf Y   0        Hf Z   0     
                    --------------- --------------- ---------------
    0   2.7828 THz   0.7071  0.0000 -0.7071  0.0000 -0.0000  0.0000
    1   2.9399 THz  -0.7071  0.0000 -0.7071  0.0000  0.0000  0.0000
    2   3.4815 THz  -0.0000  0.0000 -0.0000  0.0000 -0.9989  0.0469


 Q= -0.070589 -0.141178 -0.070589, q= -0.500000  0.250000  0.000000

                       Hf X   0        Hf Y   0        Hf Z   0     
                    --------------- --------------- ---------------
    0   0.9682 THz  -0.7071  0.0000 -0.0000 -0.0000  0.7071  0.0000
    1  -1.7983 THz   0.3412  0.0000 -0.8759 -0.0000  0.3412  0.0000
    2   2.8753 THz   0.6193  0.0000  0.4825 -0.0000  0.6193  0.0000


 Q= -0.070589 -0.070589 -0.141178, q= -0.500000  0.250000  0.250000

                       Hf X   0        Hf Y   0        Hf Z   0     
                    --------------- --------------- ---------------
    0   0.9682 THz   0.7071  0.0000 -0.7071  0.0000  0.0000 -0.0000
    1  -1.7983 THz   0.3412  0.0000  0.3412 -0.0000 -0.8759  0.0000
    2   2.8753 THz   0.6193  0.0000  0.6193 -0.0000  0.4825  0.0000


 Q= -0.211767 -0.211767  0.282356, q= -0.250000 -0.500000 -0.500000

                       Hf X   0        Hf Y   0        Hf Z   0     
                    --------------- --------------- ---------------
    0   2.7828 THz   0.7071  0.0000  0.7071  0.0000 -0.0000 -0.0000
    1   2.9399 THz   0.7071  0.0000 -0.7071 -0.0000 -0.0000 -0.0000
    2   3.4815 THz  -0.0000  0.0000  0.0000  0.0000 -1.0000 -0.0079


 Q= -0.211767 -0.141178  0.211767, q= -0.250000 -0.500000 -0.250000

                       Hf X   0        Hf Y   0        Hf Z   0     
                    --------------- --------------- ---------------
    0   0.9682 THz   0.7071  0.0000 -0.0000  0.0000  0.7071 -0.0000
    1  -1.7983 THz  -0.3412  0.0000 -0.8759  0.0000  0.3412 -0.0000
    2   2.8753 THz   0.6193  0.0000 -0.4825  0.0000 -0.6193  0.0000


 Q= -0.211767 -0.070589  0.141178, q= -0.250000 -0.500000  0.000000

                       Hf X   0        Hf Y   0        Hf Z   0     
                    --------------- --------------- ---------------
    0   0.9682 THz  -0.7071  0.0000 -0.7071  0.0000  0.0000 -0.0000
    1  -1.7983 THz  -0.3412  0.0000  0.3412 -0.0000 -0.8759  0.0000
    2   2.8753 THz   0.6193  0.0000 -0.6193  0.0000 -0.4825 -0.0000


 Q= -0.211767  0.000000  0.070589, q= -0.250000 -0.500000  0.250000

                       Hf X   0        Hf Y   0        Hf Z   0     
                    --------------- --------------- ---------------
    0   2.7828 THz   0.7071  0.0000 -0.0000 -0.0000  0.7071 -0.0000
    1   2.9399 THz  -0.7071  0.0000 -0.0000 -0.0000  0.7071 -0.0000
    2   3.4815 THz   0.0000  0.0000 -0.9906 -0.1370 -0.0000 -0.0000


 Q= -0.141178 -0.211767  0.211767, q= -0.250000 -0.250000 -0.500000

                       Hf X   0        Hf Y   0        Hf Z   0     
                    --------------- --------------- ---------------
    0   0.9682 THz  -0.0000  0.0000 -0.7068  0.0213 -0.7068  0.0213
    1  -1.7983 THz   0.8759  0.0000  0.3412 -0.0000 -0.3412  0.0000
    2   2.8753 THz   0.4825  0.0000 -0.6193  0.0000  0.6193 -0.0000


 Q= -0.141178 -0.141178  0.141178, q= -0.250000 -0.250000 -0.250000

                       Hf X   0        Hf Y   0        Hf Z   0     
                    --------------- --------------- ---------------
    0  -1.9527 THz   0.0000  0.0000  0.2059  0.0603 -0.9410  0.2616
    1  -1.9527 THz   0.0000  0.0000 -0.9331 -0.2887 -0.2076  0.0543
    2  -1.9527 THz   1.0000  0.0000  0.0000  0.0000  0.0000  0.0000


 Q= -0.141178 -0.070589  0.070589, q= -0.250000 -0.250000  0.000000

                       Hf X   0        Hf Y   0        Hf Z   0     
                    --------------- --------------- ---------------
    0   0.9682 THz  -0.0000  0.0000 -0.7068 -0.0220 -0.7068 -0.0220
    1  -1.7983 THz  -0.8759 -0.0000  0.3412  0.0000 -0.3412  0.0000
    2   2.8753 THz   0.4825  0.0000  0.6193  0.0000 -0.6193  0.0000


 Q= -0.141178  0.000000  0.000000, q= -0.250000 -0.250000  0.250000

                       Hf X   0        Hf Y   0        Hf Z   0     
                    --------------- --------------- ---------------
    0   1.8585 THz   1.0000  0.0000  0.0000  0.0000  0.0000  0.0000
    1   2.7022 THz   0.0000  0.0000 -0.2657 -0.0899 -0.8474 -0.4508
    2   2.7022 THz   0.0000  0.0000  0.9340  0.2213 -0.2589 -0.1080


 Q= -0.070589 -0.211767  0.141178, q= -0.250000  0.000000 -0.500000

                       Hf X   0        Hf Y   0        Hf Z   0     
                    --------------- --------------- ---------------
    0   0.9682 THz   0.7071  0.0000  0.7071  0.0000  0.0000  0.0000
    1  -1.7983 THz  -0.3412  0.0000  0.3412  0.0000  0.8759  0.0000
    2   2.8753 THz   0.6193  0.0000 -0.6193 -0.0000  0.4825 -0.0000


 Q= -0.070589 -0.141178  0.070589, q= -0.250000  0.000000 -0.250000

                       Hf X   0        Hf Y   0        Hf Z   0     
                    --------------- --------------- ---------------
    0   0.9682 THz   0.7071  0.0000  0.0000 -0.0000  0.7071 -0.0000
    1  -1.7983 THz   0.3412  0.0000 -0.8759  0.0000 -0.3412  0.0000
    2   2.8753 THz   0.6193  0.0000  0.4825  0.0000 -0.6193 -0.0000


 Q= -0.070589 -0.070589  0.000000, q= -0.250000  0.000000  0.000000

                       Hf X   0        Hf Y   0        Hf Z   0     
                    --------------- --------------- ---------------
    0  -1.2758 THz   0.7071  0.0000 -0.7071 -0.0000 -0.0000  0.0000
    1   1.7979 THz   0.0000  0.0000  0.0000  0.0000 -0.9835  0.1807
    2   2.8222 THz  -0.7071  0.0000 -0.7071 -0.0000 -0.0000  0.0000


 Q= -0.070589  0.000000 -0.070589, q= -0.250000  0.000000  0.250000

                       Hf X   0        Hf Y   0        Hf Z   0     
                    --------------- --------------- ---------------
    0  -1.2758 THz   0.7071  0.0000  0.0000 -0.0000 -0.7071 -0.0000
    1   1.7979 THz   0.0000  0.0000 -0.8623 -0.5064  0.0000  0.0000
    2   2.8222 THz   0.7071  0.0000  0.0000  0.0000  0.7071  0.0000


 Q=  0.000000 -0.211767  0.070589, q= -0.250000  0.250000 -0.500000

                       Hf X   0        Hf Y   0        Hf Z   0     
                    --------------- --------------- ---------------
    0   2.7828 THz   0.0000  0.0000 -0.6862 -0.1707 -0.6862 -0.1707
    1   2.9399 THz   0.0000  0.0000  0.6262  0.3284 -0.6262 -0.3284
    2   3.4815 THz   1.0000  0.0000  0.0000  0.0000  0.0000  0.0000


 Q=  0.000000 -0.141178  0.000000, q= -0.250000  0.250000 -0.250000

                       Hf X   0        Hf Y   0        Hf Z   0     
                    --------------- --------------- ---------------
    0   1.8585 THz   0.0000  0.0000  0.9030 -0.4296 -0.0000  0.0000
    1   2.7022 THz   1.0000  0.0000  0.0000  0.0000  0.0000  0.0000
    2   2.7022 THz   0.0000  0.0000 -0.0000  0.0000 -0.9946 -0.1038


 Q=  0.000000 -0.070589 -0.070589, q= -0.250000  0.250000  0.000000

                       Hf X   0        Hf Y   0        Hf Z   0     
                    --------------- --------------- ---------------
    0  -1.2758 THz   0.0000  0.0000  0.7063 -0.0341 -0.7063  0.0341
    1   1.7979 THz   1.0000  0.0000  0.0000  0.0000  0.0000  0.0000
    2   2.8222 THz   0.0000  0.0000 -0.6927 -0.1421 -0.6927 -0.1421


 Q=  0.000000  0.000000 -0.141178, q= -0.250000  0.250000  0.250000

                       Hf X   0        Hf Y   0        Hf Z   0     
                    --------------- --------------- ---------------
    0   1.8585 THz   0.0000  0.0000  0.0000  0.0000 -1.0000  0.0003
    1   2.7022 THz   1.0000  0.0000  0.0000  0.0000  0.0000  0.0000
    2   2.7022 THz   0.0000  0.0000  0.9431 -0.3325 -0.0000  0.0000


 Q= -0.141178 -0.141178  0.282356, q=  0.000000 -0.500000 -0.500000

                       Hf X   0        Hf Y   0        Hf Z   0     
                    --------------- --------------- ---------------
    0   2.0017 THz   0.7071  0.0000 -0.7071  0.0000  0.0000 -0.0000
    1  -2.6200 THz   0.7071  0.0000  0.7071 -0.0000 -0.0000  0.0000
    2   2.7723 THz   0.0000  0.0000 -0.0000  0.0000 -1.0000  0.0000


 Q= -0.141178 -0.070589  0.211767, q=  0.000000 -0.500000 -0.250000

                       Hf X   0        Hf Y   0        Hf Z   0     
                    --------------- --------------- ---------------
    0   0.9682 THz   0.0000  0.0000  0.7062  0.0367 -0.7062 -0.0367
    1  -1.7983 THz   0.8759  0.0000  0.3412 -0.0000  0.3412 -0.0000
    2   2.8753 THz   0.4825  0.0000 -0.6193  0.0000 -0.6193  0.0000


 Q= -0.141178  0.000000  0.141178, q=  0.000000 -0.500000  0.000000

                       Hf X   0        Hf Y   0        Hf Z   0     
                    --------------- --------------- ---------------
    0   2.0017 THz  -0.7071  0.0000  0.0000 -0.0000  0.7071  0.0000
    1  -2.6200 THz   0.7071  0.0000  0.0000 -0.0000  0.7071  0.0000
    2   2.7723 THz   0.0000  0.0000 -1.0000 -0.0000  0.0000  0.0000


 Q= -0.141178  0.070589  0.070589, q=  0.000000 -0.500000  0.250000

                       Hf X   0        Hf Y   0        Hf Z   0     
                    --------------- --------------- ---------------
    0   0.9682 THz   0.0000  0.0000  0.7070  0.0100 -0.7070 -0.0100
    1  -1.7983 THz   0.8759  0.0000  0.3412  0.0000  0.3412  0.0000
    2   2.8753 THz   0.4825  0.0000 -0.6193 -0.0000 -0.6193 -0.0000


 Q= -0.070589 -0.141178  0.211767, q=  0.000000 -0.250000 -0.500000

                       Hf X   0        Hf Y   0        Hf Z   0     
                    --------------- --------------- ---------------
    0   0.9682 THz  -0.7071  0.0000  0.0000 -0.0000  0.7071  0.0000
    1  -1.7983 THz  -0.3412  0.0000 -0.8759  0.0000 -0.3412  0.0000
    2   2.8753 THz   0.6193  0.0000 -0.4825 -0.0000  0.6193  0.0000


 Q= -0.070589 -0.070589  0.141178, q=  0.000000 -0.250000 -0.250000

                       Hf X   0        Hf Y   0        Hf Z   0     
                    --------------- --------------- ---------------
    0   0.9682 THz  -0.7071  0.0000  0.7071 -0.0000  0.0000 -0.0000
    1  -1.7983 THz   0.3412  0.0000  0.3412 -0.0000  0.8759 -0.0000
    2   2.8753 THz   0.6193  0.0000  0.6193  0.0000 -0.4825 -0.0000


 Q= -0.070589  0.000000  0.070589, q=  0.000000 -0.250000  0.000000

                       Hf X   0        Hf Y   0        Hf Z   0     
                    --------------- --------------- ---------------
    0  -1.2758 THz   0.7071  0.0000  0.0000  0.0000  0.7071 -0.0000
    1   1.7979 THz   0.0000  0.0000 -0.6511  0.7590  0.0000  0.0000
    2   2.8222 THz  -0.7071  0.0000  0.0000  0.0000  0.7071 -0.0000


 Q= -0.070589  0.070589  0.000000, q=  0.000000 -0.250000  0.250000

                       Hf X   0        Hf Y   0        Hf Z   0     
                    --------------- --------------- ---------------
    0  -1.2758 THz   0.7071  0.0000  0.7071 -0.0000 -0.0000 -0.0000
    1   1.7979 THz   0.0000  0.0000 -0.0000 -0.0000 -0.9451 -0.3267
    2   2.8222 THz   0.7071  0.0000 -0.7071  0.0000  0.0000  0.0000


 Q=  0.000000 -0.141178  0.141178, q=  0.000000  0.000000 -0.500000

                       Hf X   0        Hf Y   0        Hf Z   0     
                    --------------- --------------- ---------------
    0   2.0017 THz   0.0000  0.0000  0.7071  0.0000 -0.7071 -0.0000
    1  -2.6200 THz   0.0000  0.0000 -0.7071  0.0000 -0.7071  0.0000
    2   2.7723 THz   1.0000  0.0000  0.0000  0.0000  0.0000  0.0000


 Q=  0.000000 -0.070589  0.070589, q=  0.000000  0.000000 -0.250000

                       Hf X   0        Hf Y   0        Hf Z   0     
                    --------------- --------------- ---------------
    0  -1.2758 THz   0.0000  0.0000 -0.7070 -0.0111 -0.7070 -0.0111
    1   1.7979 THz   1.0000  0.0000  0.0000  0.0000  0.0000  0.0000
    2   2.8222 THz   0.0000  0.0000  0.6414  0.2976 -0.6414 -0.2976


 Q=  0.000000  0.000000  0.000000, q=  0.000000  0.000000  0.000000

                       Hf X   0        Hf Y   0        Hf Z   0     
                    --------------- --------------- ---------------
    0   0.0000 THz   0.8867  0.0000 -0.2742  0.0000 -0.3722  0.0000
    1   0.0000 THz  -0.4619  0.0000 -0.4916  0.0000 -0.7382  0.0000
    2  -0.0000 THz   0.0195  0.0000  0.8265  0.0000 -0.5626  0.0000


 Q=  0.000000  0.070589 -0.070589, q=  0.000000  0.000000  0.250000

                       Hf X   0        Hf Y   0        Hf Z   0     
                    --------------- --------------- ---------------
    0  -1.2758 THz   0.0000  0.0000 -0.7070  0.0111 -0.7070  0.0111
    1   1.7979 THz   1.0000  0.0000  0.0000  0.0000  0.0000  0.0000
    2   2.8222 THz   0.0000  0.0000  0.6414 -0.2976 -0.6414  0.2976


 Q=  0.070589 -0.141178  0.070589, q=  0.000000  0.250000 -0.500000

                       Hf X   0        Hf Y   0        Hf Z   0     
                    --------------- --------------- ---------------
    0   0.9682 THz  -0.7071  0.0000  0.0000  0.0000  0.7071  0.0000
    1  -1.7983 THz  -0.3412  0.0000 -0.8759 -0.0000 -0.3412 -0.0000
    2   2.8753 THz   0.6193  0.0000 -0.4825 -0.0000  0.6193  0.0000


 Q=  0.070589 -0.070589  0.000000, q=  0.000000  0.250000 -0.250000

                       Hf X   0        Hf Y   0        Hf Z   0     
                    --------------- --------------- ---------------
    0  -1.2758 THz   0.7071  0.0000  0.7071  0.0000 -0.0000  0.0000
    1   1.7979 THz   0.0000  0.0000 -0.0000  0.0000 -0.9451  0.3267
    2   2.8222 THz   0.7071  0.0000 -0.7071 -0.0000  0.0000 -0.0000


 Q=  0.070589  0.000000 -0.070589, q=  0.000000  0.250000  0.000000

                       Hf X   0        Hf Y   0        Hf Z   0     
                    --------------- --------------- ---------------
    0  -1.2758 THz   0.7071  0.0000  0.0000 -0.0000  0.7071  0.0000
    1   1.7979 THz   0.0000  0.0000 -0.6511 -0.7590  0.0000  0.0000
    2   2.8222 THz  -0.7071  0.0000  0.0000 -0.0000  0.7071  0.0000


 Q=  0.070589  0.070589 -0.141178, q=  0.000000  0.250000  0.250000

                       Hf X   0        Hf Y   0        Hf Z   0     
                    --------------- --------------- ---------------
    0   0.9682 THz  -0.7071  0.0000  0.7071  0.0000  0.0000  0.0000
    1  -1.7983 THz   0.3412  0.0000  0.3412  0.0000  0.8759  0.0000
    2   2.8753 THz   0.6193  0.0000  0.6193 -0.0000 -0.4825  0.0000


 Q= -0.070589 -0.070589  0.282356, q=  0.250000 -0.500000 -0.500000

                       Hf X   0        Hf Y   0        Hf Z   0     
                    --------------- --------------- ---------------
    0   2.7828 THz   0.7071  0.0000  0.7071  0.0000 -0.0000 -0.0000
    1   2.9399 THz   0.7071  0.0000 -0.7071 -0.0000 -0.0000 -0.0000
    2   3.4815 THz  -0.0000  0.0000  0.0000  0.0000 -0.9919 -0.1273


 Q= -0.070589  0.000000  0.211767, q=  0.250000 -0.500000 -0.250000

                       Hf X   0        Hf Y   0        Hf Z   0     
                    --------------- --------------- ---------------
    0   2.7828 THz   0.7071  0.0000 -0.0000 -0.0000  0.7071  0.0000
    1   2.9399 THz  -0.7071  0.0000 -0.0000 -0.0000  0.7071  0.0000
    2   3.4815 THz   0.0000  0.0000 -0.9999  0.0104 -0.0000  0.0000


 Q= -0.070589  0.070589  0.141178, q=  0.250000 -0.500000  0.000000

                       Hf X   0        Hf Y   0        Hf Z   0     
                    --------------- --------------- ---------------
    0   0.9682 THz  -0.7071  0.0000 -0.7071 -0.0000  0.0000  0.0000
    1  -1.7983 THz  -0.3412  0.0000  0.3412  0.0000 -0.8759 -0.0000
    2   2.8753 THz   0.6193  0.0000 -0.6193 -0.0000 -0.4825  0.0000


 Q= -0.070589  0.141178  0.070589, q=  0.250000 -0.500000  0.250000

                       Hf X   0        Hf Y   0        Hf Z   0     
                    --------------- --------------- ---------------
    0   0.9682 THz   0.7071  0.0000 -0.0000  0.0000  0.7071  0.0000
    1  -1.7983 THz  -0.3412  0.0000 -0.8759 -0.0000  0.3412  0.0000
    2   2.8753 THz   0.6193  0.0000 -0.4825 -0.0000 -0.6193 -0.0000


 Q=  0.000000 -0.070589  0.211767, q=  0.250000 -0.250000 -0.500000

                       Hf X   0        Hf Y   0        Hf Z   0     
                    --------------- --------------- ---------------
    0   2.7828 THz   0.0000  0.0000 -0.6862  0.1707 -0.6862  0.1707
    1   2.9399 THz   0.0000  0.0000  0.6262 -0.3284 -0.6262  0.3284
    2   3.4815 THz   1.0000  0.0000  0.0000  0.0000  0.0000  0.0000


 Q=  0.000000  0.000000  0.141178, q=  0.250000 -0.250000 -0.250000

                       Hf X   0        Hf Y   0        Hf Z   0     
                    --------------- --------------- ---------------
    0   1.8585 THz   0.0000  0.0000  0.0000 -0.0000 -1.0000 -0.0003
    1   2.7022 THz   1.0000  0.0000  0.0000  0.0000  0.0000  0.0000
    2   2.7022 THz   0.0000  0.0000  0.9431  0.3325 -0.0000 -0.0000


 Q=  0.000000  0.070589  0.070589, q=  0.250000 -0.250000  0.000000

                       Hf X   0        Hf Y   0        Hf Z   0     
                    --------------- --------------- ---------------
    0  -1.2758 THz   0.0000  0.0000  0.7063  0.0341 -0.7063 -0.0341
    1   1.7979 THz   1.0000  0.0000  0.0000  0.0000  0.0000  0.0000
    2   2.8222 THz   0.0000  0.0000 -0.6927  0.1421 -0.6927  0.1421


 Q=  0.000000  0.141178  0.000000, q=  0.250000 -0.250000  0.250000

                       Hf X   0        Hf Y   0        Hf Z   0     
                    --------------- --------------- ---------------
    0   1.8585 THz   0.0000  0.0000  0.9030  0.4296 -0.0000 -0.0000
    1   2.7022 THz   1.0000  0.0000  0.0000  0.0000  0.0000  0.0000
    2   2.7022 THz   0.0000  0.0000 -0.0000 -0.0000 -0.9946  0.1038


 Q=  0.070589 -0.070589  0.141178, q=  0.250000  0.000000 -0.500000

                       Hf X   0        Hf Y   0        Hf Z   0     
                    --------------- --------------- ---------------
    0   0.9682 THz   0.7071  0.0000  0.7071 -0.0000  0.0000 -0.0000
    1  -1.7983 THz  -0.3412  0.0000  0.3412 -0.0000  0.8759 -0.0000
    2   2.8753 THz   0.6193  0.0000 -0.6193  0.0000  0.4825  0.0000


 Q=  0.070589  0.000000  0.070589, q=  0.250000  0.000000 -0.250000

                       Hf X   0        Hf Y   0        Hf Z   0     
                    --------------- --------------- ---------------
    0  -1.2758 THz   0.7071  0.0000  0.0000  0.0000 -0.7071  0.0000
    1   1.7979 THz   0.0000  0.0000 -0.8623  0.5064  0.0000  0.0000
    2   2.8222 THz   0.7071  0.0000  0.0000 -0.0000  0.7071 -0.0000


 Q=  0.070589  0.070589  0.000000, q=  0.250000  0.000000  0.000000

                       Hf X   0        Hf Y   0        Hf Z   0     
                    --------------- --------------- ---------------
    0  -1.2758 THz   0.7071  0.0000 -0.7071  0.0000 -0.0000 -0.0000
    1   1.7979 THz   0.0000  0.0000  0.0000 -0.0000 -0.9835 -0.1807
    2   2.8222 THz  -0.7071  0.0000 -0.7071  0.0000 -0.0000 -0.0000


 Q=  0.070589  0.141178 -0.070589, q=  0.250000  0.000000  0.250000

                       Hf X   0        Hf Y   0        Hf Z   0     
                    --------------- --------------- ---------------
    0   0.9682 THz   0.7071  0.0000  0.0000  0.0000  0.7071  0.0000
    1  -1.7983 THz   0.3412  0.0000 -0.8759 -0.0000 -0.3412 -0.0000
    2   2.8753 THz   0.6193  0.0000  0.4825 -0.0000 -0.6193  0.0000


 Q=  0.141178 -0.070589  0.070589, q=  0.250000  0.250000 -0.500000

                       Hf X   0        Hf Y   0        Hf Z   0     
                    --------------- --------------- ---------------
    0   0.9682 THz   0.0000  0.0000 -0.7065 -0.0284 -0.7065 -0.0284
    1  -1.7983 THz   0.8759  0.0000  0.3412  0.0000 -0.3412 -0.0000
    2   2.8753 THz   0.4825  0.0000 -0.6193 -0.0000  0.6193  0.0000


 Q=  0.141178  0.000000  0.000000, q=  0.250000  0.250000 -0.250000

                       Hf X   0        Hf Y   0        Hf Z   0     
                    --------------- --------------- ---------------
    0   1.8585 THz   1.0000  0.0000  0.0000  0.0000  0.0000  0.0000
    1   2.7022 THz   0.0000  0.0000 -0.2657  0.0899 -0.8474  0.4508
    2   2.7022 THz   0.0000  0.0000  0.9340 -0.2213 -0.2589  0.1080


 Q=  0.141178  0.070589 -0.070589, q=  0.250000  0.250000  0.000000

                       Hf X   0        Hf Y   0        Hf Z   0     
                    --------------- --------------- ---------------
    0   0.9682 THz  -0.0000  0.0000 -0.7068  0.0220 -0.7068  0.0220
    1  -1.7983 THz  -0.8759 -0.0000  0.3412 -0.0000 -0.3412 -0.0000
    2   2.8753 THz   0.4825  0.0000  0.6193 -0.0000 -0.6193 -0.0000


 Q=  0.141178  0.141178 -0.141178, q=  0.250000  0.250000  0.250000

                       Hf X   0        Hf Y   0        Hf Z   0     
                    --------------- --------------- ---------------
    0  -1.9527 THz   0.0000  0.0000  0.2059 -0.0603 -0.9410 -0.2616
    1  -1.9527 THz   0.0000  0.0000 -0.9331  0.2887 -0.2076 -0.0543
    2  -1.9527 THz   1.0000  0.0000  0.0000  0.0000  0.0000  0.0000
