
Used Primitive lattice vector

   -1.838660000000     -1.838660000000      0.000000000000  
   -1.838660000000      0.000000000000     -1.838660000000  
    0.000000000000     -1.838660000000     -1.838660000000  

   1 Atom(s) in the Primitive cell

 0.0000000000 0.0000000000 0.0000000000 Cu    0


 Q=  0.135969  0.135969  0.135969, q= -0.500000 -0.500000 -0.500000

                       Cu X   0        Cu Y   0        Cu Z   0     
                    --------------- --------------- ---------------
    0   3.7291 THz   0.6964  0.0000  0.0206  0.0134 -0.7171 -0.0134
    1   3.7291 THz   0.4262  0.0000 -0.8158 -0.0218  0.3896  0.0218
    2   6.4625 THz   0.5774  0.0000  0.5774 -0.0000  0.5774  0.0000


 Q=  0.203953  0.067984  0.067984, q= -0.500000 -0.500000 -0.250000

                       Cu X   0        Cu Y   0        Cu Z   0     
                    --------------- --------------- ---------------
    0   4.3699 THz   0.0000  0.0000  0.6858  0.1722 -0.6858 -0.1722
    1   4.6910 THz   0.5473  0.0000 -0.5918  0.0000 -0.5918 -0.0000
    2   6.0161 THz   0.8369  0.0000  0.3870 -0.0000  0.3870  0.0000


 Q=  0.271937  0.000000  0.000000, q= -0.500000 -0.500000  0.000000

                       Cu X   0        Cu Y   0        Cu Z   0     
                    --------------- --------------- ---------------
    0   5.0505 THz   0.0000  0.0000 -0.4332 -0.1189 -0.8855  0.1189
    1   5.0505 THz   0.0000  0.0000  0.3001  0.8415 -0.3042 -0.3306
    2   6.4204 THz   1.0000  0.0000  0.0000  0.0000  0.0000  0.0000


 Q=  0.339921 -0.067984 -0.067984, q= -0.500000 -0.500000  0.250000

                       Cu X   0        Cu Y   0        Cu Z   0     
                    --------------- --------------- ---------------
    0   4.3699 THz   0.0000  0.0000  0.7068  0.0220 -0.7068 -0.0220
    1   4.6910 THz   0.5473  0.0000 -0.5918  0.0000 -0.5918  0.0000
    2   6.0161 THz   0.8369  0.0000  0.3870 -0.0000  0.3870 -0.0000


 Q=  0.067984  0.203953  0.067984, q= -0.500000 -0.250000 -0.500000

                       Cu X   0        Cu Y   0        Cu Z   0     
                    --------------- --------------- ---------------
    0   4.3699 THz  -0.7071  0.0000 -0.0000  0.0000  0.7071 -0.0000
    1   4.6910 THz   0.5918  0.0000 -0.5473  0.0000  0.5918 -0.0000
    2   6.0161 THz   0.3870  0.0000  0.8369 -0.0000  0.3870  0.0000


 Q=  0.135969  0.135969  0.000000, q= -0.500000 -0.250000 -0.250000

                       Cu X   0        Cu Y   0        Cu Z   0     
                    --------------- --------------- ---------------
    0   3.7063 THz  -0.7071 -0.0000  0.7071  0.0000 -0.0000  0.0000
    1   4.7691 THz   0.0000  0.0000 -0.0000 -0.0000 -0.7740 -0.6332
    2   5.7939 THz   0.7071  0.0000  0.7071  0.0000 -0.0000  0.0000


 Q=  0.203953  0.067984 -0.067984, q= -0.500000 -0.250000  0.000000

                       Cu X   0        Cu Y   0        Cu Z   0     
                    --------------- --------------- ---------------
    0   4.3699 THz   0.0000  0.0000 -0.6974 -0.1168 -0.6974 -0.1168
    1   4.6910 THz   0.5473  0.0000 -0.5918  0.0000  0.5918  0.0000
    2   6.0161 THz   0.8369  0.0000  0.3870 -0.0000 -0.3870 -0.0000


 Q=  0.271937  0.000000 -0.135969, q= -0.500000 -0.250000  0.250000

                       Cu X   0        Cu Y   0        Cu Z   0     
                    --------------- --------------- ---------------
    0   4.7699 THz   0.0000  0.0000 -0.0000 -0.0000 -0.8264 -0.5631
    1   5.6256 THz   1.0000  0.0000  0.0000  0.0000  0.0000  0.0000
    2   5.6256 THz   0.0000  0.0000  0.8162 -0.5778  0.0000  0.0000


 Q=  0.000000  0.271937  0.000000, q= -0.500000  0.000000 -0.500000

                       Cu X   0        Cu Y   0        Cu Z   0     
                    --------------- --------------- ---------------
    0   5.0505 THz   0.0000  0.0000  0.0000  0.0000 -1.0000 -0.0000
    1   5.0505 THz   1.0000  0.0000  0.0000  0.0000  0.0000  0.0000
    2   6.4204 THz   0.0000  0.0000  0.9893  0.1461  0.0000  0.0000


 Q=  0.067984  0.203953 -0.067984, q= -0.500000  0.000000 -0.250000

                       Cu X   0        Cu Y   0        Cu Z   0     
                    --------------- --------------- ---------------
    0   4.3699 THz   0.7071  0.0000 -0.0000 -0.0000  0.7071 -0.0000
    1   4.6910 THz   0.5918  0.0000 -0.5473  0.0000 -0.5918  0.0000
    2   6.0161 THz   0.3870  0.0000  0.8369  0.0000 -0.3870  0.0000


 Q=  0.135969  0.135969 -0.135969, q= -0.500000  0.000000  0.000000

                       Cu X   0        Cu Y   0        Cu Z   0     
                    --------------- --------------- ---------------
    0   3.7291 THz   0.0000  0.0000 -0.7041  0.0649 -0.7041  0.0649
    1   3.7291 THz   0.8165  0.0000 -0.4082 -0.0000  0.4082  0.0000
    2   6.4625 THz  -0.5774  0.0000 -0.5774 -0.0000  0.5774  0.0000


 Q=  0.203953  0.067984 -0.203953, q= -0.500000  0.000000  0.250000

                       Cu X   0        Cu Y   0        Cu Z   0     
                    --------------- --------------- ---------------
    0   4.3699 THz   0.7071  0.0000  0.0000 -0.0000  0.7071  0.0000
    1   4.6910 THz   0.5918  0.0000 -0.5473  0.0000 -0.5918  0.0000
    2   6.0161 THz   0.3870  0.0000  0.8369  0.0000 -0.3870 -0.0000


 Q= -0.067984  0.339921 -0.067984, q= -0.500000  0.250000 -0.500000

                       Cu X   0        Cu Y   0        Cu Z   0     
                    --------------- --------------- ---------------
    0   4.3699 THz  -0.7071  0.0000 -0.0000 -0.0000  0.7071  0.0000
    1   4.6910 THz   0.5918  0.0000 -0.5473 -0.0000  0.5918  0.0000
    2   6.0161 THz   0.3870  0.0000  0.8369 -0.0000  0.3870 -0.0000


 Q=  0.000000  0.271937 -0.135969, q= -0.500000  0.250000 -0.250000

                       Cu X   0        Cu Y   0        Cu Z   0     
                    --------------- --------------- ---------------
    0   4.7699 THz   0.0000  0.0000 -0.0000 -0.0000  0.2393  0.9709
    1   5.6256 THz   1.0000  0.0000  0.0000  0.0000  0.0000  0.0000
    2   5.6256 THz   0.0000  0.0000 -0.3113  0.9503 -0.0000  0.0000


 Q=  0.067984  0.203953 -0.203953, q= -0.500000  0.250000  0.000000

                       Cu X   0        Cu Y   0        Cu Z   0     
                    --------------- --------------- ---------------
    0   4.3699 THz  -0.0000  0.0000 -0.7059  0.0414 -0.7059  0.0414
    1   4.6910 THz   0.5473  0.0000 -0.5918  0.0000  0.5918  0.0000
    2   6.0161 THz   0.8369  0.0000  0.3870  0.0000 -0.3870 -0.0000


 Q=  0.135969  0.135969 -0.271937, q= -0.500000  0.250000  0.250000

                       Cu X   0        Cu Y   0        Cu Z   0     
                    --------------- --------------- ---------------
    0   3.7063 THz   0.7071  0.0000 -0.7071  0.0000  0.0000 -0.0000
    1   4.7691 THz   0.0000  0.0000 -0.0000  0.0000 -0.6562  0.7546
    2   5.7939 THz  -0.7071  0.0000 -0.7071  0.0000  0.0000 -0.0000


 Q=  0.067984  0.067984  0.203953, q= -0.250000 -0.500000 -0.500000

                       Cu X   0        Cu Y   0        Cu Z   0     
                    --------------- --------------- ---------------
    0   4.3699 THz   0.7071  0.0000 -0.7071  0.0000 -0.0000 -0.0000
    1   4.6910 THz   0.5918  0.0000  0.5918 -0.0000 -0.5473  0.0000
    2   6.0161 THz   0.3870  0.0000  0.3870  0.0000  0.8369  0.0000


 Q=  0.135969  0.000000  0.135969, q= -0.250000 -0.500000 -0.250000

                       Cu X   0        Cu Y   0        Cu Z   0     
                    --------------- --------------- ---------------
    0   3.7063 THz  -0.7071  0.0000  0.0000  0.0000  0.7071 -0.0000
    1   4.7691 THz   0.0000  0.0000 -0.9856 -0.1689  0.0000 -0.0000
    2   5.7939 THz   0.7071  0.0000  0.0000  0.0000  0.7071 -0.0000


 Q=  0.203953 -0.067984  0.067984, q= -0.250000 -0.500000  0.000000

                       Cu X   0        Cu Y   0        Cu Z   0     
                    --------------- --------------- ---------------
    0   4.3699 THz   0.0000  0.0000 -0.7068  0.0222 -0.7068  0.0222
    1   4.6910 THz  -0.5473  0.0000 -0.5918  0.0000  0.5918 -0.0000
    2   6.0161 THz   0.8369  0.0000 -0.3870  0.0000  0.3870 -0.0000


 Q=  0.271937 -0.135969  0.000000, q= -0.250000 -0.500000  0.250000

                       Cu X   0        Cu Y   0        Cu Z   0     
                    --------------- --------------- ---------------
    0   4.7699 THz   0.0000  0.0000  0.5575  0.8302 -0.0000 -0.0000
    1   5.6256 THz   0.0000  0.0000 -0.0000  0.0000 -0.7811  0.6245
    2   5.6256 THz   1.0000  0.0000  0.0000  0.0000  0.0000  0.0000


 Q=  0.000000  0.135969  0.135969, q= -0.250000 -0.250000 -0.500000

                       Cu X   0        Cu Y   0        Cu Z   0     
                    --------------- --------------- ---------------
    0   3.7063 THz   0.0000  0.0000  0.3681 -0.6038 -0.3681  0.6038
    1   4.7691 THz   1.0000  0.0000  0.0000  0.0000  0.0000  0.0000
    2   5.7939 THz   0.0000  0.0000 -0.5586 -0.4335 -0.5586 -0.4335


 Q=  0.067984  0.067984  0.067984, q= -0.250000 -0.250000 -0.250000

                       Cu X   0        Cu Y   0        Cu Z   0     
                    --------------- --------------- ---------------
    0   2.8526 THz   0.3954  0.0000  0.4210  0.0045 -0.8163 -0.0045
    1   2.8526 THz   0.7144  0.0000 -0.6996 -0.0025 -0.0148  0.0025
    2   5.3297 THz   0.5774  0.0000  0.5774  0.0000  0.5774  0.0000


 Q=  0.135969  0.000000  0.000000, q= -0.250000 -0.250000  0.000000

                       Cu X   0        Cu Y   0        Cu Z   0     
                    --------------- --------------- ---------------
    0   3.8764 THz   0.0000  0.0000 -0.1073 -0.0834  0.1334  0.9817
    1   3.8764 THz   0.0000  0.0000  0.1269  0.9826 -0.0818  0.1085
    2   5.1242 THz   1.0000  0.0000  0.0000  0.0000  0.0000  0.0000


 Q=  0.203953 -0.067984 -0.067984, q= -0.250000 -0.250000  0.250000

                       Cu X   0        Cu Y   0        Cu Z   0     
                    --------------- --------------- ---------------
    0   4.3699 THz  -0.0000  0.0000  0.7068 -0.0192 -0.7068  0.0192
    1   4.6910 THz  -0.5473  0.0000 -0.5918 -0.0000 -0.5918 -0.0000
    2   6.0161 THz   0.8369  0.0000 -0.3870 -0.0000 -0.3870 -0.0000


 Q= -0.067984  0.203953  0.067984, q= -0.250000  0.000000 -0.500000

                       Cu X   0        Cu Y   0        Cu Z   0     
                    --------------- --------------- ---------------
    0   4.3699 THz   0.7071  0.0000 -0.0000 -0.0000  0.7071  0.0000
    1   4.6910 THz   0.5918  0.0000  0.5473  0.0000 -0.5918 -0.0000
    2   6.0161 THz  -0.3870  0.0000  0.8369 -0.0000  0.3870 -0.0000


 Q=  0.000000  0.135969  0.000000, q= -0.250000  0.000000 -0.250000

                       Cu X   0        Cu Y   0        Cu Z   0     
                    --------------- --------------- ---------------
    0   3.8764 THz   0.0000  0.0000  0.0000  0.0000  0.9857 -0.1684
    1   3.8764 THz   1.0000  0.0000  0.0000  0.0000  0.0000  0.0000
    2   5.1242 THz   0.0000  0.0000 -0.7422 -0.6702  0.0000  0.0000


 Q=  0.067984  0.067984 -0.067984, q= -0.250000  0.000000  0.000000

                       Cu X   0        Cu Y   0        Cu Z   0     
                    --------------- --------------- ---------------
    0   2.8526 THz   0.3566  0.0000  0.4559  0.0485  0.8126  0.0485
    1   2.8526 THz  -0.7345 -0.0000  0.6752  0.0236 -0.0593  0.0236
    2   5.3297 THz   0.5774  0.0000  0.5774 -0.0000 -0.5774  0.0000


 Q=  0.135969  0.000000 -0.135969, q= -0.250000  0.000000  0.250000

                       Cu X   0        Cu Y   0        Cu Z   0     
                    --------------- --------------- ---------------
    0   3.7063 THz   0.7071  0.0000  0.0000 -0.0000  0.7071  0.0000
    1   4.7691 THz   0.0000  0.0000 -0.3639 -0.9314  0.0000  0.0000
    2   5.7939 THz   0.7071  0.0000  0.0000  0.0000 -0.7071 -0.0000


 Q= -0.135969  0.271937  0.000000, q= -0.250000  0.250000 -0.500000

                       Cu X   0        Cu Y   0        Cu Z   0     
                    --------------- --------------- ---------------
    0   4.7699 THz   1.0000  0.0000  0.0000  0.0000  0.0000  0.0000
    1   5.6256 THz   0.0000  0.0000 -0.1378  0.4229 -0.8433  0.3016
    2   5.6256 THz   0.0000  0.0000 -0.1252  0.8868  0.3864 -0.2203


 Q= -0.067984  0.203953 -0.067984, q= -0.250000  0.250000 -0.250000

                       Cu X   0        Cu Y   0        Cu Z   0     
                    --------------- --------------- ---------------
    0   4.3699 THz  -0.7071  0.0000  0.0000 -0.0000  0.7071 -0.0000
    1   4.6910 THz   0.5918  0.0000  0.5473 -0.0000  0.5918 -0.0000
    2   6.0161 THz  -0.3870  0.0000  0.8369  0.0000 -0.3870 -0.0000


 Q=  0.000000  0.135969 -0.135969, q= -0.250000  0.250000  0.000000

                       Cu X   0        Cu Y   0        Cu Z   0     
                    --------------- --------------- ---------------
    0   3.7063 THz   0.0000  0.0000 -0.7009  0.0938 -0.7009  0.0938
    1   4.7691 THz   1.0000  0.0000  0.0000  0.0000  0.0000  0.0000
    2   5.7939 THz   0.0000  0.0000 -0.0143 -0.7070  0.0143  0.7070


 Q=  0.067984  0.067984 -0.203953, q= -0.250000  0.250000  0.250000

                       Cu X   0        Cu Y   0        Cu Z   0     
                    --------------- --------------- ---------------
    0   4.3699 THz  -0.7071  0.0000  0.7071  0.0000 -0.0000 -0.0000
    1   4.6910 THz   0.5918  0.0000  0.5918 -0.0000  0.5473  0.0000
    2   6.0161 THz   0.3870  0.0000  0.3870  0.0000 -0.8369 -0.0000


 Q=  0.000000  0.000000  0.271937, q=  0.000000 -0.500000 -0.500000

                       Cu X   0        Cu Y   0        Cu Z   0     
                    --------------- --------------- ---------------
    0   5.0505 THz   1.0000  0.0000  0.0000  0.0000  0.0000  0.0000
    1   5.0505 THz   0.0000  0.0000 -0.6813  0.7320  0.0000 -0.0000
    2   6.4204 THz   0.0000  0.0000  0.0000 -0.0000 -1.0000  0.0000


 Q=  0.067984 -0.067984  0.203953, q=  0.000000 -0.500000 -0.250000

                       Cu X   0        Cu Y   0        Cu Z   0     
                    --------------- --------------- ---------------
    0   4.3699 THz   0.7071  0.0000  0.7071 -0.0000 -0.0000 -0.0000
    1   4.6910 THz   0.5918  0.0000 -0.5918  0.0000 -0.5473  0.0000
    2   6.0161 THz  -0.3870  0.0000  0.3870 -0.0000 -0.8369  0.0000


 Q=  0.135969 -0.135969  0.135969, q=  0.000000 -0.500000  0.000000

                       Cu X   0        Cu Y   0        Cu Z   0     
                    --------------- --------------- ---------------
    0   3.7291 THz   0.0000  0.0000 -0.6815 -0.1886 -0.6815 -0.1886
    1   3.7291 THz   0.8165  0.0000  0.4082 -0.0000 -0.4082  0.0000
    2   6.4625 THz   0.5774  0.0000 -0.5774  0.0000  0.5774 -0.0000


 Q=  0.203953 -0.203953  0.067984, q=  0.000000 -0.500000  0.250000

                       Cu X   0        Cu Y   0        Cu Z   0     
                    --------------- --------------- ---------------
    0   4.3699 THz   0.7071  0.0000  0.7071  0.0000 -0.0000  0.0000
    1   4.6910 THz   0.5918  0.0000 -0.5918 -0.0000 -0.5473 -0.0000
    2   6.0161 THz  -0.3870  0.0000  0.3870  0.0000 -0.8369 -0.0000


 Q= -0.067984  0.067984  0.203953, q=  0.000000 -0.250000 -0.500000

                       Cu X   0        Cu Y   0        Cu Z   0     
                    --------------- --------------- ---------------
    0   4.3699 THz  -0.7071  0.0000 -0.7071  0.0000 -0.0000 -0.0000
    1   4.6910 THz   0.5918  0.0000 -0.5918  0.0000  0.5473 -0.0000
    2   6.0161 THz  -0.3870  0.0000  0.3870 -0.0000  0.8369 -0.0000


 Q=  0.000000  0.000000  0.135969, q=  0.000000 -0.250000 -0.250000

                       Cu X   0        Cu Y   0        Cu Z   0     
                    --------------- --------------- ---------------
    0   3.8764 THz   1.0000  0.0000  0.0000  0.0000  0.0000  0.0000
    1   3.8764 THz   0.0000  0.0000 -0.9117 -0.4109  0.0000  0.0000
    2   5.1242 THz   0.0000  0.0000 -0.0000  0.0000 -0.5454  0.8382


 Q=  0.067984 -0.067984  0.067984, q=  0.000000 -0.250000  0.000000

                       Cu X   0        Cu Y   0        Cu Z   0     
                    --------------- --------------- ---------------
    0   2.8526 THz   0.4564  0.0000 -0.3575  0.0262 -0.8139  0.0262
    1   2.8526 THz   0.6770  0.0000  0.7334 -0.0177  0.0564 -0.0177
    2   5.3297 THz  -0.5774  0.0000  0.5774  0.0000 -0.5774 -0.0000


 Q=  0.135969 -0.135969  0.000000, q=  0.000000 -0.250000  0.250000

                       Cu X   0        Cu Y   0        Cu Z   0     
                    --------------- --------------- ---------------
    0   3.7063 THz   0.7071  0.0000  0.7071  0.0000  0.0000 -0.0000
    1   4.7691 THz   0.0000  0.0000  0.0000  0.0000 -0.7755  0.6313
    2   5.7939 THz   0.7071  0.0000 -0.7071 -0.0000 -0.0000  0.0000


 Q= -0.135969  0.135969  0.135969, q=  0.000000  0.000000 -0.500000

                       Cu X   0        Cu Y   0        Cu Z   0     
                    --------------- --------------- ---------------
    0   3.7291 THz   0.0000  0.0000  0.6954  0.1283 -0.6954 -0.1283
    1   3.7291 THz   0.8165  0.0000  0.4082 -0.0000  0.4082 -0.0000
    2   6.4625 THz   0.5774  0.0000 -0.5774  0.0000 -0.5774  0.0000


 Q= -0.067984  0.067984  0.067984, q=  0.000000  0.000000 -0.250000

                       Cu X   0        Cu Y   0        Cu Z   0     
                    --------------- --------------- ---------------
    0   2.8526 THz  -0.4547  0.0000  0.3578 -0.0501 -0.8125  0.0501
    1   2.8526 THz   0.6782  0.0000  0.7314 -0.0336 -0.0533  0.0336
    2   5.3297 THz  -0.5774  0.0000  0.5774  0.0000  0.5774  0.0000


 Q=  0.000000  0.000000  0.000000, q=  0.000000  0.000000  0.000000

                       Cu X   0        Cu Y   0        Cu Z   0     
                    --------------- --------------- ---------------
    0  -0.0000 THz  -0.4122  0.0000 -0.0126  0.0000 -0.9110  0.0000
    1  -0.0000 THz   0.9105  0.0000 -0.0408  0.0000 -0.4114  0.0000
    2   0.0000 THz   0.0320  0.0000  0.9991  0.0000 -0.0283  0.0000


 Q=  0.067984 -0.067984 -0.067984, q=  0.000000  0.000000  0.250000

                       Cu X   0        Cu Y   0        Cu Z   0     
                    --------------- --------------- ---------------
    0   2.8526 THz  -0.4547  0.0000  0.3578  0.0501 -0.8125 -0.0501
    1   2.8526 THz   0.6782  0.0000  0.7314  0.0336 -0.0533 -0.0336
    2   5.3297 THz  -0.5774  0.0000  0.5774 -0.0000  0.5774 -0.0000


 Q= -0.203953  0.203953  0.067984, q=  0.000000  0.250000 -0.500000

                       Cu X   0        Cu Y   0        Cu Z   0     
                    --------------- --------------- ---------------
    0   4.3699 THz  -0.7071  0.0000 -0.7071 -0.0000 -0.0000  0.0000
    1   4.6910 THz   0.5918  0.0000 -0.5918 -0.0000  0.5473  0.0000
    2   6.0161 THz  -0.3870  0.0000  0.3870  0.0000  0.8369 -0.0000


 Q= -0.135969  0.135969  0.000000, q=  0.000000  0.250000 -0.250000

                       Cu X   0        Cu Y   0        Cu Z   0     
                    --------------- --------------- ---------------
    0   3.7063 THz   0.7071  0.0000  0.7071 -0.0000  0.0000  0.0000
    1   4.7691 THz   0.0000  0.0000  0.0000 -0.0000 -0.7755 -0.6313
    2   5.7939 THz   0.7071  0.0000 -0.7071  0.0000 -0.0000 -0.0000


 Q= -0.067984  0.067984 -0.067984, q=  0.000000  0.250000  0.000000

                       Cu X   0        Cu Y   0        Cu Z   0     
                    --------------- --------------- ---------------
    0   2.8526 THz   0.4564  0.0000 -0.3575 -0.0262 -0.8139 -0.0262
    1   2.8526 THz   0.6770  0.0000  0.7334  0.0177  0.0564  0.0177
    2   5.3297 THz  -0.5774  0.0000  0.5774 -0.0000 -0.5774  0.0000


 Q=  0.000000  0.000000 -0.135969, q=  0.000000  0.250000  0.250000

                       Cu X   0        Cu Y   0        Cu Z   0     
                    --------------- --------------- ---------------
    0   3.8764 THz   1.0000  0.0000  0.0000  0.0000  0.0000  0.0000
    1   3.8764 THz   0.0000  0.0000 -0.9117  0.4109  0.0000 -0.0000
    2   5.1242 THz   0.0000  0.0000 -0.0000 -0.0000 -0.5454 -0.8382


 Q= -0.067984 -0.067984  0.339921, q=  0.250000 -0.500000 -0.500000

                       Cu X   0        Cu Y   0        Cu Z   0     
                    --------------- --------------- ---------------
    0   4.3699 THz   0.7071  0.0000 -0.7071  0.0000  0.0000 -0.0000
    1   4.6910 THz   0.5918  0.0000  0.5918 -0.0000 -0.5473  0.0000
    2   6.0161 THz   0.3870  0.0000  0.3870 -0.0000  0.8369  0.0000


 Q=  0.000000 -0.135969  0.271937, q=  0.250000 -0.500000 -0.250000

                       Cu X   0        Cu Y   0        Cu Z   0     
                    --------------- --------------- ---------------
    0   4.7699 THz   0.0000  0.0000  0.9131 -0.4078 -0.0000  0.0000
    1   5.6256 THz   0.0000  0.0000 -0.0000  0.0000 -0.9998 -0.0202
    2   5.6256 THz   1.0000  0.0000  0.0000  0.0000  0.0000  0.0000


 Q=  0.067984 -0.203953  0.203953, q=  0.250000 -0.500000  0.000000

                       Cu X   0        Cu Y   0        Cu Z   0     
                    --------------- --------------- ---------------
    0   4.3699 THz   0.0000  0.0000 -0.7071 -0.0074 -0.7071 -0.0074
    1   4.6910 THz  -0.5473  0.0000 -0.5918  0.0000  0.5918 -0.0000
    2   6.0161 THz   0.8369  0.0000 -0.3870  0.0000  0.3870 -0.0000


 Q=  0.135969 -0.271937  0.135969, q=  0.250000 -0.500000  0.250000

                       Cu X   0        Cu Y   0        Cu Z   0     
                    --------------- --------------- ---------------
    0   3.7063 THz  -0.7071  0.0000 -0.0000 -0.0000  0.7071 -0.0000
    1   4.7691 THz   0.0000  0.0000 -0.8754  0.4834 -0.0000  0.0000
    2   5.7939 THz   0.7071  0.0000 -0.0000 -0.0000  0.7071 -0.0000


 Q= -0.135969  0.000000  0.271937, q=  0.250000 -0.250000 -0.500000

                       Cu X   0        Cu Y   0        Cu Z   0     
                    --------------- --------------- ---------------
    0   4.7699 THz   1.0000  0.0000  0.0000  0.0000  0.0000  0.0000
    1   5.6256 THz   0.0000  0.0000 -0.2494  0.5358 -0.1176 -0.7981
    2   5.6256 THz   0.0000  0.0000  0.1628 -0.7901 -0.2184 -0.5491


 Q= -0.067984 -0.067984  0.203953, q=  0.250000 -0.250000 -0.250000

                       Cu X   0        Cu Y   0        Cu Z   0     
                    --------------- --------------- ---------------
    0   4.3699 THz  -0.7071  0.0000  0.7071 -0.0000 -0.0000  0.0000
    1   4.6910 THz   0.5918  0.0000  0.5918  0.0000  0.5473 -0.0000
    2   6.0161 THz   0.3870  0.0000  0.3870 -0.0000 -0.8369  0.0000


 Q=  0.000000 -0.135969  0.135969, q=  0.250000 -0.250000  0.000000

                       Cu X   0        Cu Y   0        Cu Z   0     
                    --------------- --------------- ---------------
    0   3.7063 THz   0.0000  0.0000 -0.7009 -0.0938 -0.7009 -0.0938
    1   4.7691 THz   1.0000  0.0000  0.0000  0.0000  0.0000  0.0000
    2   5.7939 THz   0.0000  0.0000 -0.0143  0.7070  0.0143 -0.7070


 Q=  0.067984 -0.203953  0.067984, q=  0.250000 -0.250000  0.250000

                       Cu X   0        Cu Y   0        Cu Z   0     
                    --------------- --------------- ---------------
    0   4.3699 THz  -0.7071  0.0000  0.0000  0.0000  0.7071  0.0000
    1   4.6910 THz   0.5918  0.0000  0.5473  0.0000  0.5918  0.0000
    2   6.0161 THz  -0.3870  0.0000  0.8369 -0.0000 -0.3870  0.0000


 Q= -0.203953  0.067984  0.203953, q=  0.250000  0.000000 -0.500000

                       Cu X   0        Cu Y   0        Cu Z   0     
                    --------------- --------------- ---------------
    0   4.3699 THz   0.7071  0.0000 -0.0000 -0.0000  0.7071  0.0000
    1   4.6910 THz   0.5918  0.0000  0.5473  0.0000 -0.5918 -0.0000
    2   6.0161 THz  -0.3870  0.0000  0.8369 -0.0000  0.3870 -0.0000


 Q= -0.135969  0.000000  0.135969, q=  0.250000  0.000000 -0.250000

                       Cu X   0        Cu Y   0        Cu Z   0     
                    --------------- --------------- ---------------
    0   3.7063 THz   0.7071  0.0000  0.0000  0.0000  0.7071 -0.0000
    1   4.7691 THz   0.0000  0.0000 -0.3639  0.9314  0.0000  0.0000
    2   5.7939 THz   0.7071  0.0000  0.0000 -0.0000 -0.7071  0.0000


 Q= -0.067984 -0.067984  0.067984, q=  0.250000  0.000000  0.000000

                       Cu X   0        Cu Y   0        Cu Z   0     
                    --------------- --------------- ---------------
    0   2.8526 THz   0.3566  0.0000  0.4559 -0.0485  0.8126 -0.0485
    1   2.8526 THz  -0.7345 -0.0000  0.6752 -0.0236 -0.0593 -0.0236
    2   5.3297 THz   0.5774  0.0000  0.5774  0.0000 -0.5774 -0.0000


 Q=  0.000000 -0.135969  0.000000, q=  0.250000  0.000000  0.250000

                       Cu X   0        Cu Y   0        Cu Z   0     
                    --------------- --------------- ---------------
    0   3.8764 THz   0.0000  0.0000  0.0000 -0.0000  0.9857  0.1684
    1   3.8764 THz   1.0000  0.0000  0.0000  0.0000  0.0000  0.0000
    2   5.1242 THz   0.0000  0.0000 -0.7422  0.6702  0.0000 -0.0000


 Q= -0.271937  0.135969  0.135969, q=  0.250000  0.250000 -0.500000

                       Cu X   0        Cu Y   0        Cu Z   0     
                    --------------- --------------- ---------------
    0   3.7063 THz   0.0000  0.0000  0.1397  0.6932 -0.1397 -0.6932
    1   4.7691 THz   1.0000  0.0000  0.0000  0.0000  0.0000  0.0000
    2   5.7939 THz   0.0000  0.0000 -0.6162 -0.3468 -0.6162 -0.3468


 Q= -0.203953  0.067984  0.067984, q=  0.250000  0.250000 -0.250000

                       Cu X   0        Cu Y   0        Cu Z   0     
                    --------------- --------------- ---------------
    0   4.3699 THz  -0.0000  0.0000  0.7068  0.0192 -0.7068 -0.0192
    1   4.6910 THz  -0.5473  0.0000 -0.5918  0.0000 -0.5918  0.0000
    2   6.0161 THz   0.8369  0.0000 -0.3870  0.0000 -0.3870  0.0000


 Q= -0.135969  0.000000  0.000000, q=  0.250000  0.250000  0.000000

                       Cu X   0        Cu Y   0        Cu Z   0     
                    --------------- --------------- ---------------
    0   3.8764 THz   0.0000  0.0000 -0.1073  0.0834  0.1334 -0.9817
    1   3.8764 THz   0.0000  0.0000  0.1269 -0.9826 -0.0818 -0.1085
    2   5.1242 THz   1.0000  0.0000  0.0000  0.0000  0.0000  0.0000


 Q= -0.067984 -0.067984 -0.067984, q=  0.250000  0.250000  0.250000

                       Cu X   0        Cu Y   0        Cu Z   0     
                    --------------- --------------- ---------------
    0   2.8526 THz   0.3954  0.0000  0.4210 -0.0045 -0.8163  0.0045
    1   2.8526 THz   0.7144  0.0000 -0.6996  0.0025 -0.0148 -0.0025
    2   5.3297 THz   0.5774  0.0000  0.5774 -0.0000  0.5774 -0.0000
