
Used Primitive lattice vector

    0.000000000000      1.800342000000      1.800342000000  
    1.800342000000      0.000000000000      1.800342000000  
    1.800342000000      1.800342000000      0.000000000000  

   1 Atom(s) in the Primitive cell

 0.0000000000 0.0000000000 0.0000000000 Ni    0


 Q= -0.138863 -0.138863 -0.138863, q= -0.500000 -0.500000 -0.500000

                       Ni X   0        Ni Y   0        Ni Z   0     
                    --------------- --------------- ---------------
    0   4.2461 THz   0.0000  0.0000  0.7071  0.0000 -0.7071 -0.0000
    1   4.2461 THz   0.8165  0.0000 -0.4082 -0.0000 -0.4082  0.0000
    2   7.0828 THz  -0.5774  0.0000 -0.5774 -0.0000 -0.5774  0.0000


 Q= -0.069431 -0.069431 -0.208294, q= -0.500000 -0.500000 -0.250000

                       Ni X   0        Ni Y   0        Ni Z   0     
                    --------------- --------------- ---------------
    0   5.0685 THz   0.7071  0.0000 -0.7071  0.0000 -0.0000  0.0000
    1   5.3458 THz   0.5781  0.0000  0.5781 -0.0000 -0.5758  0.0000
    2   6.7180 THz   0.4072  0.0000  0.4072 -0.0000  0.8176 -0.0000


 Q=  0.000000  0.000000 -0.277725, q= -0.500000 -0.500000  0.000000

                       Ni X   0        Ni Y   0        Ni Z   0     
                    --------------- --------------- ---------------
    0   5.6991 THz   1.0000  0.0000  0.0000  0.0000  0.0000  0.0000
    1   5.6991 THz   0.0000  0.0000 -1.0000  0.0000  0.0000  0.0000
    2   6.9890 THz   0.0000  0.0000 -0.0000 -0.0000 -1.0000 -0.0000


 Q=  0.069431  0.069431 -0.347156, q= -0.500000 -0.500000  0.250000

                       Ni X   0        Ni Y   0        Ni Z   0     
                    --------------- --------------- ---------------
    0   5.0685 THz   0.7071  0.0000 -0.7071 -0.0000 -0.0000 -0.0000
    1   5.3458 THz   0.5781  0.0000  0.5781  0.0000 -0.5758  0.0000
    2   6.7180 THz   0.4072  0.0000  0.4072  0.0000  0.8176 -0.0000


 Q= -0.069431 -0.208294 -0.069431, q= -0.500000 -0.250000 -0.500000

                       Ni X   0        Ni Y   0        Ni Z   0     
                    --------------- --------------- ---------------
    0   5.0685 THz  -0.7071  0.0000 -0.0000  0.0000  0.7071  0.0000
    1   5.3458 THz   0.5781  0.0000 -0.5758  0.0000  0.5781 -0.0000
    2   6.7180 THz   0.4072  0.0000  0.8176  0.0000  0.4072  0.0000


 Q=  0.000000 -0.138863 -0.138863, q= -0.500000 -0.250000 -0.250000

                       Ni X   0        Ni Y   0        Ni Z   0     
                    --------------- --------------- ---------------
    0   4.1519 THz   0.0000  0.0000  0.1706 -0.6862 -0.1706  0.6862
    1   5.3604 THz   1.0000  0.0000  0.0000  0.0000  0.0000  0.0000
    2   6.4863 THz   0.0000  0.0000 -0.0896 -0.7014 -0.0896 -0.7014


 Q=  0.069431 -0.069431 -0.208294, q= -0.500000 -0.250000  0.000000

                       Ni X   0        Ni Y   0        Ni Z   0     
                    --------------- --------------- ---------------
    0   5.0685 THz  -0.7071  0.0000 -0.7071  0.0000 -0.0000 -0.0000
    1   5.3458 THz   0.5781  0.0000 -0.5781  0.0000  0.5758 -0.0000
    2   6.7180 THz  -0.4072  0.0000  0.4072 -0.0000  0.8176  0.0000


 Q=  0.138863  0.000000 -0.277725, q= -0.500000 -0.250000  0.250000

                       Ni X   0        Ni Y   0        Ni Z   0     
                    --------------- --------------- ---------------
    0   5.4523 THz   1.0000  0.0000  0.0000  0.0000  0.0000  0.0000
    1   6.2894 THz   0.0000  0.0000 -0.1153  0.0163  0.9444  0.3075
    2   6.2894 THz   0.0000  0.0000 -0.1429  0.9829 -0.0657  0.0961


 Q=  0.000000 -0.277725  0.000000, q= -0.500000  0.000000 -0.500000

                       Ni X   0        Ni Y   0        Ni Z   0     
                    --------------- --------------- ---------------
    0   5.6991 THz   0.0000  0.0000  0.0000 -0.0000 -1.0000  0.0000
    1   5.6991 THz   1.0000  0.0000  0.0000  0.0000  0.0000  0.0000
    2   6.9890 THz   0.0000  0.0000 -1.0000 -0.0000  0.0000 -0.0000


 Q=  0.069431 -0.208294 -0.069431, q= -0.500000  0.000000 -0.250000

                       Ni X   0        Ni Y   0        Ni Z   0     
                    --------------- --------------- ---------------
    0   5.0685 THz   0.7071  0.0000  0.0000  0.0000  0.7071 -0.0000
    1   5.3458 THz   0.5781  0.0000  0.5758 -0.0000 -0.5781  0.0000
    2   6.7180 THz  -0.4072  0.0000  0.8176  0.0000  0.4072  0.0000


 Q=  0.138863 -0.138863 -0.138863, q= -0.500000  0.000000  0.000000

                       Ni X   0        Ni Y   0        Ni Z   0     
                    --------------- --------------- ---------------
    0   4.2461 THz   0.0000  0.0000  0.7071 -0.0000 -0.7071  0.0000
    1   4.2461 THz   0.8165  0.0000  0.4082  0.0000  0.4082  0.0000
    2   7.0828 THz   0.5774  0.0000 -0.5774 -0.0000 -0.5774 -0.0000


 Q=  0.208294 -0.069431 -0.208294, q= -0.500000  0.000000  0.250000

                       Ni X   0        Ni Y   0        Ni Z   0     
                    --------------- --------------- ---------------
    0   5.0685 THz   0.7071  0.0000 -0.0000 -0.0000  0.7071  0.0000
    1   5.3458 THz   0.5781  0.0000  0.5758  0.0000 -0.5781 -0.0000
    2   6.7180 THz  -0.4072  0.0000  0.8176 -0.0000  0.4072 -0.0000


 Q=  0.069431 -0.347156  0.069431, q= -0.500000  0.250000 -0.500000

                       Ni X   0        Ni Y   0        Ni Z   0     
                    --------------- --------------- ---------------
    0   5.0685 THz  -0.7071  0.0000 -0.0000 -0.0000  0.7071  0.0000
    1   5.3458 THz   0.5781  0.0000 -0.5758 -0.0000  0.5781  0.0000
    2   6.7180 THz   0.4072  0.0000  0.8176 -0.0000  0.4072 -0.0000


 Q=  0.138863 -0.277725  0.000000, q= -0.500000  0.250000 -0.250000

                       Ni X   0        Ni Y   0        Ni Z   0     
                    --------------- --------------- ---------------
    0   5.4523 THz   1.0000  0.0000  0.0000  0.0000  0.0000  0.0000
    1   6.2894 THz   0.0000  0.0000 -0.2154  0.0041 -0.0226 -0.9763
    2   6.2894 THz   0.0000  0.0000 -0.9765 -0.0021  0.0004  0.2154


 Q=  0.208294 -0.208294 -0.069431, q= -0.500000  0.250000  0.000000

                       Ni X   0        Ni Y   0        Ni Z   0     
                    --------------- --------------- ---------------
    0   5.0685 THz  -0.7071  0.0000 -0.7071 -0.0000 -0.0000  0.0000
    1   5.3458 THz   0.5781  0.0000 -0.5781 -0.0000  0.5758  0.0000
    2   6.7180 THz  -0.4072  0.0000  0.4072  0.0000  0.8176 -0.0000


 Q=  0.277725 -0.138863 -0.138863, q= -0.500000  0.250000  0.250000

                       Ni X   0        Ni Y   0        Ni Z   0     
                    --------------- --------------- ---------------
    0   4.1519 THz   0.0000  0.0000  0.1381  0.6935 -0.1381 -0.6935
    1   5.3604 THz   1.0000  0.0000  0.0000  0.0000  0.0000  0.0000
    2   6.4863 THz   0.0000  0.0000 -0.6929 -0.1412 -0.6929 -0.1412


 Q= -0.208294 -0.069431 -0.069431, q= -0.250000 -0.500000 -0.500000

                       Ni X   0        Ni Y   0        Ni Z   0     
                    --------------- --------------- ---------------
    0   5.0685 THz   0.0000  0.0000  0.7066  0.0262 -0.7066 -0.0262
    1   5.3458 THz   0.5758  0.0000 -0.5781 -0.0000 -0.5781 -0.0000
    2   6.7180 THz   0.8176  0.0000  0.4072  0.0000  0.4072  0.0000


 Q= -0.138863  0.000000 -0.138863, q= -0.250000 -0.500000 -0.250000

                       Ni X   0        Ni Y   0        Ni Z   0     
                    --------------- --------------- ---------------
    0   4.1519 THz   0.7071  0.0000  0.0000 -0.0000 -0.7071  0.0000
    1   5.3604 THz   0.0000  0.0000  0.9976 -0.0697  0.0000  0.0000
    2   6.4863 THz   0.7071  0.0000  0.0000  0.0000  0.7071 -0.0000


 Q= -0.069431  0.069431 -0.208294, q= -0.250000 -0.500000  0.000000

                       Ni X   0        Ni Y   0        Ni Z   0     
                    --------------- --------------- ---------------
    0   5.0685 THz   0.7071  0.0000  0.7071  0.0000  0.0000  0.0000
    1   5.3458 THz   0.5781  0.0000 -0.5781 -0.0000 -0.5758 -0.0000
    2   6.7180 THz  -0.4072  0.0000  0.4072 -0.0000 -0.8176  0.0000


 Q=  0.000000  0.138863 -0.277725, q= -0.250000 -0.500000  0.250000

                       Ni X   0        Ni Y   0        Ni Z   0     
                    --------------- --------------- ---------------
    0   5.4523 THz   0.0000  0.0000 -0.5720 -0.8202 -0.0000 -0.0000
    1   6.2894 THz   0.0000  0.0000 -0.0000  0.0000 -0.6260 -0.7799
    2   6.2894 THz   1.0000  0.0000  0.0000  0.0000  0.0000  0.0000


 Q= -0.138863 -0.138863  0.000000, q= -0.250000 -0.250000 -0.500000

                       Ni X   0        Ni Y   0        Ni Z   0     
                    --------------- --------------- ---------------
    0   4.1519 THz   0.7071  0.0000 -0.7071  0.0000  0.0000  0.0000
    1   5.3604 THz   0.0000  0.0000 -0.0000  0.0000 -0.9511  0.3088
    2   6.4863 THz  -0.7071  0.0000 -0.7071  0.0000  0.0000  0.0000


 Q= -0.069431 -0.069431 -0.069431, q= -0.250000 -0.250000 -0.250000

                       Ni X   0        Ni Y   0        Ni Z   0     
                    --------------- --------------- ---------------
    0   3.0631 THz   0.4727  0.0000  0.3401 -0.0078 -0.8129  0.0078
    1   3.0631 THz   0.6657  0.0000 -0.7422  0.0055  0.0765 -0.0055
    2   5.8378 THz   0.5774  0.0000  0.5774 -0.0000  0.5774 -0.0000


 Q=  0.000000  0.000000 -0.138863, q= -0.250000 -0.250000  0.000000

                       Ni X   0        Ni Y   0        Ni Z   0     
                    --------------- --------------- ---------------
    0   4.2792 THz   1.0000  0.0000  0.0000  0.0000  0.0000  0.0000
    1   4.2792 THz   0.0000  0.0000 -0.0434 -0.9991 -0.0000  0.0000
    2   5.8168 THz   0.0000  0.0000 -0.0000  0.0000 -0.0867 -0.9962


 Q=  0.069431  0.069431 -0.208294, q= -0.250000 -0.250000  0.250000

                       Ni X   0        Ni Y   0        Ni Z   0     
                    --------------- --------------- ---------------
    0   5.0685 THz  -0.7071  0.0000  0.7071 -0.0000 -0.0000 -0.0000
    1   5.3458 THz   0.5781  0.0000  0.5781 -0.0000  0.5758 -0.0000
    2   6.7180 THz   0.4072  0.0000  0.4072  0.0000 -0.8176  0.0000


 Q= -0.069431 -0.208294  0.069431, q= -0.250000  0.000000 -0.500000

                       Ni X   0        Ni Y   0        Ni Z   0     
                    --------------- --------------- ---------------
    0   5.0685 THz   0.7071  0.0000  0.0000 -0.0000  0.7071 -0.0000
    1   5.3458 THz   0.5781  0.0000 -0.5758  0.0000 -0.5781  0.0000
    2   6.7180 THz   0.4072  0.0000  0.8176 -0.0000 -0.4072  0.0000


 Q=  0.000000 -0.138863  0.000000, q= -0.250000  0.000000 -0.250000

                       Ni X   0        Ni Y   0        Ni Z   0     
                    --------------- --------------- ---------------
    0   4.2792 THz   0.0000  0.0000 -0.0000  0.0000 -0.9308  0.3657
    1   4.2792 THz   1.0000  0.0000  0.0000  0.0000  0.0000  0.0000
    2   5.8168 THz   0.0000  0.0000  0.9638 -0.2666 -0.0000  0.0000


 Q=  0.069431 -0.069431 -0.069431, q= -0.250000  0.000000  0.000000

                       Ni X   0        Ni Y   0        Ni Z   0     
                    --------------- --------------- ---------------
    0   3.0631 THz   0.4723  0.0000 -0.3397  0.0316  0.8121 -0.0316
    1   3.0631 THz  -0.6660 -0.0000 -0.7414  0.0224  0.0754 -0.0224
    2   5.8378 THz  -0.5774 -0.0000  0.5774  0.0000  0.5774  0.0000


 Q=  0.138863  0.000000 -0.138863, q= -0.250000  0.000000  0.250000

                       Ni X   0        Ni Y   0        Ni Z   0     
                    --------------- --------------- ---------------
    0   4.1519 THz   0.7071  0.0000  0.0000  0.0000  0.7071 -0.0000
    1   5.3604 THz   0.0000  0.0000 -0.9999 -0.0128  0.0000  0.0000
    2   6.4863 THz   0.7071  0.0000  0.0000 -0.0000 -0.7071  0.0000


 Q=  0.000000 -0.277725  0.138863, q= -0.250000  0.250000 -0.500000

                       Ni X   0        Ni Y   0        Ni Z   0     
                    --------------- --------------- ---------------
    0   5.4523 THz   0.0000  0.0000 -0.0000  0.0000 -0.1134  0.9935
    1   6.2894 THz   0.0000  0.0000 -0.9825 -0.1862  0.0000 -0.0000
    2   6.2894 THz   1.0000  0.0000  0.0000  0.0000  0.0000  0.0000


 Q=  0.069431 -0.208294  0.069431, q= -0.250000  0.250000 -0.250000

                       Ni X   0        Ni Y   0        Ni Z   0     
                    --------------- --------------- ---------------
    0   5.0685 THz  -0.7071  0.0000  0.0000  0.0000  0.7071  0.0000
    1   5.3458 THz   0.5781  0.0000  0.5758  0.0000  0.5781  0.0000
    2   6.7180 THz  -0.4072  0.0000  0.8176 -0.0000 -0.4072  0.0000


 Q=  0.138863 -0.138863  0.000000, q= -0.250000  0.250000  0.000000

                       Ni X   0        Ni Y   0        Ni Z   0     
                    --------------- --------------- ---------------
    0   4.1519 THz   0.7071  0.0000  0.7071 -0.0000 -0.0000 -0.0000
    1   5.3604 THz   0.0000  0.0000 -0.0000 -0.0000 -0.6811 -0.7322
    2   6.4863 THz   0.7071  0.0000 -0.7071  0.0000  0.0000  0.0000


 Q=  0.208294 -0.069431 -0.069431, q= -0.250000  0.250000  0.250000

                       Ni X   0        Ni Y   0        Ni Z   0     
                    --------------- --------------- ---------------
    0   5.0685 THz  -0.0000  0.0000  0.7070 -0.0117 -0.7070  0.0117
    1   5.3458 THz  -0.5758  0.0000 -0.5781  0.0000 -0.5781 -0.0000
    2   6.7180 THz   0.8176  0.0000 -0.4072  0.0000 -0.4072  0.0000


 Q= -0.277725  0.000000  0.000000, q=  0.000000 -0.500000 -0.500000

                       Ni X   0        Ni Y   0        Ni Z   0     
                    --------------- --------------- ---------------
    0   5.6991 THz   0.0000  0.0000 -0.4983  0.0000 -0.8670 -0.0000
    1   5.6991 THz   0.0000  0.0000  0.8670  0.0000 -0.4983 -0.0000
    2   6.9890 THz   1.0000  0.0000  0.0000  0.0000  0.0000  0.0000


 Q= -0.208294  0.069431 -0.069431, q=  0.000000 -0.500000 -0.250000

                       Ni X   0        Ni Y   0        Ni Z   0     
                    --------------- --------------- ---------------
    0   5.0685 THz   0.0000  0.0000 -0.7071 -0.0086 -0.7071 -0.0086
    1   5.3458 THz  -0.5758  0.0000 -0.5781 -0.0000  0.5781  0.0000
    2   6.7180 THz   0.8176  0.0000 -0.4072 -0.0000  0.4072  0.0000


 Q= -0.138863  0.138863 -0.138863, q=  0.000000 -0.500000  0.000000

                       Ni X   0        Ni Y   0        Ni Z   0     
                    --------------- --------------- ---------------
    0   4.2461 THz   0.8165  0.0000  0.4082  0.0000 -0.4082  0.0000
    1   4.2461 THz   0.0000  0.0000 -0.7071  0.0000 -0.7071  0.0000
    2   7.0828 THz   0.5774  0.0000 -0.5774 -0.0000  0.5774 -0.0000


 Q= -0.069431  0.208294 -0.208294, q=  0.000000 -0.500000  0.250000

                       Ni X   0        Ni Y   0        Ni Z   0     
                    --------------- --------------- ---------------
    0   5.0685 THz   0.0000  0.0000 -0.7069 -0.0165 -0.7069 -0.0165
    1   5.3458 THz  -0.5758  0.0000 -0.5781  0.0000  0.5781 -0.0000
    2   6.7180 THz   0.8176  0.0000 -0.4072  0.0000  0.4072 -0.0000


 Q= -0.208294 -0.069431  0.069431, q=  0.000000 -0.250000 -0.500000

                       Ni X   0        Ni Y   0        Ni Z   0     
                    --------------- --------------- ---------------
    0   5.0685 THz   0.0000  0.0000 -0.7016 -0.0880 -0.7016 -0.0880
    1   5.3458 THz   0.5758  0.0000 -0.5781  0.0000  0.5781  0.0000
    2   6.7180 THz   0.8176  0.0000  0.4072 -0.0000 -0.4072 -0.0000


 Q= -0.138863  0.000000  0.000000, q=  0.000000 -0.250000 -0.250000

                       Ni X   0        Ni Y   0        Ni Z   0     
                    --------------- --------------- ---------------
    0   4.2792 THz   0.0000  0.0000 -0.1865 -0.3089 -0.9202  0.1517
    1   4.2792 THz   0.0000  0.0000 -0.5145 -0.7779  0.3533 -0.0733
    2   5.8168 THz   1.0000  0.0000  0.0000  0.0000  0.0000  0.0000


 Q= -0.069431  0.069431 -0.069431, q=  0.000000 -0.250000  0.000000

                       Ni X   0        Ni Y   0        Ni Z   0     
                    --------------- --------------- ---------------
    0   3.0631 THz   0.5165  0.0000 -0.2893  0.0129 -0.8058  0.0129
    1   3.0631 THz   0.6324  0.0000  0.7634 -0.0105  0.1310 -0.0105
    2   5.8378 THz  -0.5774  0.0000  0.5774  0.0000 -0.5774  0.0000


 Q=  0.000000  0.138863 -0.138863, q=  0.000000 -0.250000  0.250000

                       Ni X   0        Ni Y   0        Ni Z   0     
                    --------------- --------------- ---------------
    0   4.1519 THz   0.0000  0.0000 -0.5029 -0.4971 -0.5029 -0.4971
    1   5.3604 THz   1.0000  0.0000  0.0000  0.0000  0.0000  0.0000
    2   6.4863 THz   0.0000  0.0000  0.7037 -0.0696 -0.7037  0.0696


 Q= -0.138863 -0.138863  0.138863, q=  0.000000  0.000000 -0.500000

                       Ni X   0        Ni Y   0        Ni Z   0     
                    --------------- --------------- ---------------
    0   4.2461 THz   0.8165  0.0000 -0.4082  0.0000  0.4082 -0.0000
    1   4.2461 THz   0.0000  0.0000 -0.7071 -0.0000 -0.7071 -0.0000
    2   7.0828 THz  -0.5774  0.0000 -0.5774  0.0000  0.5774 -0.0000


 Q= -0.069431 -0.069431  0.069431, q=  0.000000  0.000000 -0.250000

                       Ni X   0        Ni Y   0        Ni Z   0     
                    --------------- --------------- ---------------
    0   3.0631 THz   0.5426  0.0000  0.2570 -0.0127  0.7995 -0.0127
    1   3.0631 THz  -0.6101 -0.0000  0.7748 -0.0113  0.1647 -0.0113
    2   5.8378 THz   0.5774  0.0000  0.5774  0.0000 -0.5774  0.0000


 Q=  0.000000  0.000000  0.000000, q=  0.000000  0.000000  0.000000

                       Ni X   0        Ni Y   0        Ni Z   0     
                    --------------- --------------- ---------------
    0  -0.0000 THz  -0.6496  0.0000 -0.7446  0.0000 -0.1534  0.0000
    1   0.0000 THz   0.7601  0.0000 -0.6403  0.0000 -0.1110  0.0000
    2  -0.0000 THz   0.0156  0.0000  0.1887  0.0000 -0.9819  0.0000


 Q=  0.069431  0.069431 -0.069431, q=  0.000000  0.000000  0.250000

                       Ni X   0        Ni Y   0        Ni Z   0     
                    --------------- --------------- ---------------
    0   3.0631 THz   0.5426  0.0000  0.2570  0.0127  0.7995  0.0127
    1   3.0631 THz  -0.6101 -0.0000  0.7748  0.0113  0.1647  0.0113
    2   5.8378 THz   0.5774  0.0000  0.5774 -0.0000 -0.5774 -0.0000


 Q= -0.069431 -0.208294  0.208294, q=  0.000000  0.250000 -0.500000

                       Ni X   0        Ni Y   0        Ni Z   0     
                    --------------- --------------- ---------------
    0   5.0685 THz   0.0000  0.0000 -0.7034  0.0722 -0.7034  0.0722
    1   5.3458 THz   0.5758  0.0000 -0.5781 -0.0000  0.5781  0.0000
    2   6.7180 THz   0.8176  0.0000  0.4072  0.0000 -0.4072 -0.0000


 Q=  0.000000 -0.138863  0.138863, q=  0.000000  0.250000 -0.250000

                       Ni X   0        Ni Y   0        Ni Z   0     
                    --------------- --------------- ---------------
    0   4.1519 THz   0.0000  0.0000 -0.5029  0.4971 -0.5029  0.4971
    1   5.3604 THz   1.0000  0.0000  0.0000  0.0000  0.0000  0.0000
    2   6.4863 THz   0.0000  0.0000  0.7037  0.0696 -0.7037 -0.0696


 Q=  0.069431 -0.069431  0.069431, q=  0.000000  0.250000  0.000000

                       Ni X   0        Ni Y   0        Ni Z   0     
                    --------------- --------------- ---------------
    0   3.0631 THz   0.5165  0.0000 -0.2893 -0.0129 -0.8058 -0.0129
    1   3.0631 THz   0.6324  0.0000  0.7634  0.0105  0.1310  0.0105
    2   5.8378 THz  -0.5774  0.0000  0.5774 -0.0000 -0.5774 -0.0000


 Q=  0.138863  0.000000  0.000000, q=  0.000000  0.250000  0.250000

                       Ni X   0        Ni Y   0        Ni Z   0     
                    --------------- --------------- ---------------
    0   4.2792 THz   0.0000  0.0000 -0.1865  0.3089 -0.9202 -0.1517
    1   4.2792 THz   0.0000  0.0000 -0.5145  0.7779  0.3533  0.0733
    2   5.8168 THz   1.0000  0.0000  0.0000  0.0000  0.0000  0.0000


 Q= -0.347156  0.069431  0.069431, q=  0.250000 -0.500000 -0.500000

                       Ni X   0        Ni Y   0        Ni Z   0     
                    --------------- --------------- ---------------
    0   5.0685 THz   0.0000  0.0000  0.7066 -0.0262 -0.7066  0.0262
    1   5.3458 THz   0.5758  0.0000 -0.5781  0.0000 -0.5781  0.0000
    2   6.7180 THz   0.8176  0.0000  0.4072 -0.0000  0.4072 -0.0000


 Q= -0.277725  0.138863  0.000000, q=  0.250000 -0.500000 -0.250000

                       Ni X   0        Ni Y   0        Ni Z   0     
                    --------------- --------------- ---------------
    0   5.4523 THz   0.0000  0.0000 -0.9915  0.1300  0.0000 -0.0000
    1   6.2894 THz   0.0000  0.0000  0.0000 -0.0000 -1.0000  0.0046
    2   6.2894 THz   1.0000  0.0000  0.0000  0.0000  0.0000  0.0000


 Q= -0.208294  0.208294 -0.069431, q=  0.250000 -0.500000  0.000000

                       Ni X   0        Ni Y   0        Ni Z   0     
                    --------------- --------------- ---------------
    0   5.0685 THz   0.7071  0.0000  0.7071 -0.0000 -0.0000 -0.0000
    1   5.3458 THz   0.5781  0.0000 -0.5781  0.0000 -0.5758  0.0000
    2   6.7180 THz  -0.4072  0.0000  0.4072  0.0000 -0.8176 -0.0000


 Q= -0.138863  0.277725 -0.138863, q=  0.250000 -0.500000  0.250000

                       Ni X   0        Ni Y   0        Ni Z   0     
                    --------------- --------------- ---------------
    0   4.1519 THz  -0.7071  0.0000 -0.0000 -0.0000  0.7071 -0.0000
    1   5.3604 THz   0.0000  0.0000 -0.9994 -0.0333  0.0000  0.0000
    2   6.4863 THz   0.7071  0.0000 -0.0000 -0.0000  0.7071 -0.0000


 Q= -0.277725  0.000000  0.138863, q=  0.250000 -0.250000 -0.500000

                       Ni X   0        Ni Y   0        Ni Z   0     
                    --------------- --------------- ---------------
    0   5.4523 THz   0.0000  0.0000 -0.0000  0.0000 -1.0000 -0.0009
    1   6.2894 THz   0.0000  0.0000  1.0000  0.0046 -0.0000 -0.0000
    2   6.2894 THz   1.0000  0.0000  0.0000  0.0000  0.0000  0.0000


 Q= -0.208294  0.069431  0.069431, q=  0.250000 -0.250000 -0.250000

                       Ni X   0        Ni Y   0        Ni Z   0     
                    --------------- --------------- ---------------
    0   5.0685 THz  -0.0000  0.0000  0.7070  0.0117 -0.7070 -0.0117
    1   5.3458 THz  -0.5758  0.0000 -0.5781 -0.0000 -0.5781  0.0000
    2   6.7180 THz   0.8176  0.0000 -0.4072 -0.0000 -0.4072 -0.0000


 Q= -0.138863  0.138863  0.000000, q=  0.250000 -0.250000  0.000000

                       Ni X   0        Ni Y   0        Ni Z   0     
                    --------------- --------------- ---------------
    0   4.1519 THz   0.7071  0.0000  0.7071  0.0000 -0.0000  0.0000
    1   5.3604 THz   0.0000  0.0000 -0.0000  0.0000 -0.6811  0.7322
    2   6.4863 THz   0.7071  0.0000 -0.7071 -0.0000  0.0000 -0.0000


 Q= -0.069431  0.208294 -0.069431, q=  0.250000 -0.250000  0.250000

                       Ni X   0        Ni Y   0        Ni Z   0     
                    --------------- --------------- ---------------
    0   5.0685 THz  -0.7071  0.0000  0.0000 -0.0000  0.7071 -0.0000
    1   5.3458 THz   0.5781  0.0000  0.5758 -0.0000  0.5781 -0.0000
    2   6.7180 THz  -0.4072  0.0000  0.8176  0.0000 -0.4072 -0.0000


 Q= -0.208294 -0.069431  0.208294, q=  0.250000  0.000000 -0.500000

                       Ni X   0        Ni Y   0        Ni Z   0     
                    --------------- --------------- ---------------
    0   5.0685 THz   0.7071  0.0000  0.0000  0.0000  0.7071  0.0000
    1   5.3458 THz   0.5781  0.0000 -0.5758 -0.0000 -0.5781 -0.0000
    2   6.7180 THz   0.4072  0.0000  0.8176  0.0000 -0.4072 -0.0000


 Q= -0.138863  0.000000  0.138863, q=  0.250000  0.000000 -0.250000

                       Ni X   0        Ni Y   0        Ni Z   0     
                    --------------- --------------- ---------------
    0   4.1519 THz   0.7071  0.0000  0.0000 -0.0000  0.7071  0.0000
    1   5.3604 THz   0.0000  0.0000 -0.9999  0.0128  0.0000  0.0000
    2   6.4863 THz   0.7071  0.0000  0.0000  0.0000 -0.7071 -0.0000


 Q= -0.069431  0.069431  0.069431, q=  0.250000  0.000000  0.000000

                       Ni X   0        Ni Y   0        Ni Z   0     
                    --------------- --------------- ---------------
    0   3.0631 THz   0.4723  0.0000 -0.3397 -0.0316  0.8121  0.0316
    1   3.0631 THz  -0.6660 -0.0000 -0.7414 -0.0224  0.0754  0.0224
    2   5.8378 THz  -0.5774 -0.0000  0.5774 -0.0000  0.5774 -0.0000


 Q=  0.000000  0.138863  0.000000, q=  0.250000  0.000000  0.250000

                       Ni X   0        Ni Y   0        Ni Z   0     
                    --------------- --------------- ---------------
    0   4.2792 THz   0.0000  0.0000 -0.0000 -0.0000 -0.9308 -0.3657
    1   4.2792 THz   1.0000  0.0000  0.0000  0.0000  0.0000  0.0000
    2   5.8168 THz   0.0000  0.0000  0.9638  0.2666 -0.0000 -0.0000


 Q= -0.138863 -0.138863  0.277725, q=  0.250000  0.250000 -0.500000

                       Ni X   0        Ni Y   0        Ni Z   0     
                    --------------- --------------- ---------------
    0   4.1519 THz   0.7071  0.0000 -0.7071 -0.0000  0.0000 -0.0000
    1   5.3604 THz   0.0000  0.0000 -0.0000 -0.0000 -0.9835  0.1809
    2   6.4863 THz  -0.7071  0.0000 -0.7071 -0.0000  0.0000 -0.0000


 Q= -0.069431 -0.069431  0.208294, q=  0.250000  0.250000 -0.250000

                       Ni X   0        Ni Y   0        Ni Z   0     
                    --------------- --------------- ---------------
    0   5.0685 THz  -0.7071  0.0000  0.7071  0.0000 -0.0000  0.0000
    1   5.3458 THz   0.5781  0.0000  0.5781  0.0000  0.5758  0.0000
    2   6.7180 THz   0.4072  0.0000  0.4072 -0.0000 -0.8176 -0.0000


 Q=  0.000000  0.000000  0.138863, q=  0.250000  0.250000  0.000000

                       Ni X   0        Ni Y   0        Ni Z   0     
                    --------------- --------------- ---------------
    0   4.2792 THz   1.0000  0.0000  0.0000  0.0000  0.0000  0.0000
    1   4.2792 THz   0.0000  0.0000 -0.0434  0.9991 -0.0000  0.0000
    2   5.8168 THz   0.0000  0.0000 -0.0000  0.0000 -0.0867  0.9962


 Q=  0.069431  0.069431  0.069431, q=  0.250000  0.250000  0.250000

                       Ni X   0        Ni Y   0        Ni Z   0     
                    --------------- --------------- ---------------
    0   3.0631 THz   0.4727  0.0000  0.3401  0.0078 -0.8129 -0.0078
    1   3.0631 THz   0.6657  0.0000 -0.7422 -0.0055  0.0765  0.0055
    2   5.8378 THz   0.5774  0.0000  0.5774  0.0000  0.5774  0.0000
