
Used Primitive lattice vector

   -1.644589000000      1.644589000000      1.644589000000  
    1.644589000000     -1.644589000000      1.644589000000  
    1.644589000000      1.644589000000     -1.644589000000  

   1 Atom(s) in the Primitive cell

 0.0000000000 0.0000000000 0.0000000000 Ti    0


 Q= -0.304027 -0.304027 -0.304027, q= -0.500000 -0.500000 -0.500000

                       Ti X   0        Ti Y   0        Ti Z   0     
                    --------------- --------------- ---------------
    0   5.9452 THz   0.0000  0.0000 -0.0423 -0.7065  0.0002 -0.7065
    1   5.9452 THz   0.0000  0.0000  0.3030  0.6382 -0.2646 -0.6564
    2   5.9452 THz   1.0000  0.0000  0.0000  0.0000  0.0000  0.0000


 Q= -0.228020 -0.228020 -0.304027, q= -0.500000 -0.500000 -0.250000

                       Ti X   0        Ti Y   0        Ti Z   0     
                    --------------- --------------- ---------------
    0   4.1711 THz  -0.7071  0.0000 -0.7071  0.0000  0.0000  0.0000
    1   5.1125 THz   0.7071  0.0000 -0.7071  0.0000  0.0000  0.0000
    2   5.8113 THz   0.0000  0.0000 -0.0000  0.0000 -0.9966 -0.0826


 Q= -0.152014 -0.152014 -0.304027, q= -0.500000 -0.500000  0.000000

                       Ti X   0        Ti Y   0        Ti Z   0     
                    --------------- --------------- ---------------
    0   3.7603 THz   0.7071  0.0000 -0.7071 -0.0000 -0.0000 -0.0000
    1  -4.9173 THz  -0.7071  0.0000 -0.7071 -0.0000 -0.0000 -0.0000
    2   4.9911 THz   0.0000  0.0000 -0.0000 -0.0000 -0.9688  0.2479


 Q= -0.076007 -0.076007 -0.304027, q= -0.500000 -0.500000  0.250000

                       Ti X   0        Ti Y   0        Ti Z   0     
                    --------------- --------------- ---------------
    0   4.1711 THz  -0.7071  0.0000 -0.7071  0.0000 -0.0000  0.0000
    1   5.1125 THz   0.7071  0.0000 -0.7071  0.0000 -0.0000  0.0000
    2   5.8113 THz   0.0000  0.0000  0.0000  0.0000 -0.7985 -0.6020


 Q= -0.228020 -0.304027 -0.228020, q= -0.500000 -0.250000 -0.500000

                       Ti X   0        Ti Y   0        Ti Z   0     
                    --------------- --------------- ---------------
    0   4.1711 THz   0.7071  0.0000  0.0000 -0.0000  0.7071 -0.0000
    1   5.1125 THz  -0.7071  0.0000  0.0000 -0.0000  0.7071 -0.0000
    2   5.8113 THz  -0.0000  0.0000 -0.9999  0.0130  0.0000  0.0000


 Q= -0.152014 -0.228020 -0.228020, q= -0.500000 -0.250000 -0.250000

                       Ti X   0        Ti Y   0        Ti Z   0     
                    --------------- --------------- ---------------
    0   1.6978 THz   0.0000  0.0000  0.4722 -0.5263 -0.4722  0.5263
    1  -3.1845 THz   0.8840  0.0000  0.3305 -0.0000  0.3305  0.0000
    2   4.8344 THz   0.4675  0.0000 -0.6251  0.0000 -0.6251 -0.0000


 Q= -0.076007 -0.152014 -0.228020, q= -0.500000 -0.250000  0.000000

                       Ti X   0        Ti Y   0        Ti Z   0     
                    --------------- --------------- ---------------
    0   1.6978 THz   0.7071  0.0000  0.0000 -0.0000  0.7071 -0.0000
    1  -3.1845 THz  -0.3305  0.0000 -0.8840 -0.0000  0.3305  0.0000
    2   4.8344 THz   0.6251  0.0000 -0.4675  0.0000 -0.6251  0.0000


 Q=  0.000000 -0.076007 -0.228020, q= -0.500000 -0.250000  0.250000

                       Ti X   0        Ti Y   0        Ti Z   0     
                    --------------- --------------- ---------------
    0   4.1711 THz   0.0000  0.0000 -0.2033  0.6773  0.2033 -0.6773
    1   5.1125 THz   0.0000  0.0000 -0.7070 -0.0108 -0.7070 -0.0108
    2   5.8113 THz   1.0000  0.0000  0.0000  0.0000  0.0000  0.0000


 Q= -0.152014 -0.304027 -0.152014, q= -0.500000  0.000000 -0.500000

                       Ti X   0        Ti Y   0        Ti Z   0     
                    --------------- --------------- ---------------
    0   3.7603 THz   0.7071  0.0000 -0.0000  0.0000 -0.7071 -0.0000
    1  -4.9173 THz   0.7071  0.0000  0.0000  0.0000  0.7071  0.0000
    2   4.9911 THz   0.0000  0.0000  0.7800 -0.6257 -0.0000  0.0000


 Q= -0.076007 -0.228020 -0.152014, q= -0.500000  0.000000 -0.250000

                       Ti X   0        Ti Y   0        Ti Z   0     
                    --------------- --------------- ---------------
    0   1.6978 THz  -0.7071  0.0000 -0.7071  0.0000 -0.0000  0.0000
    1  -3.1845 THz  -0.3305  0.0000  0.3305  0.0000 -0.8840 -0.0000
    2   4.8344 THz   0.6251  0.0000 -0.6251  0.0000 -0.4675  0.0000


 Q=  0.000000 -0.152014 -0.152014, q= -0.500000  0.000000  0.000000

                       Ti X   0        Ti Y   0        Ti Z   0     
                    --------------- --------------- ---------------
    0   3.7603 THz   0.0000  0.0000 -0.7071  0.0000 -0.7071  0.0000
    1  -4.9173 THz   0.0000  0.0000 -0.7071  0.0000  0.7071  0.0000
    2   4.9911 THz   1.0000  0.0000  0.0000  0.0000  0.0000  0.0000


 Q=  0.076007 -0.076007 -0.152014, q= -0.500000  0.000000  0.250000

                       Ti X   0        Ti Y   0        Ti Z   0     
                    --------------- --------------- ---------------
    0   1.6978 THz  -0.7071  0.0000 -0.7071 -0.0000 -0.0000 -0.0000
    1  -3.1845 THz  -0.3305  0.0000  0.3305 -0.0000 -0.8840  0.0000
    2   4.8344 THz   0.6251  0.0000 -0.6251 -0.0000 -0.4675 -0.0000


 Q= -0.076007 -0.304027 -0.076007, q= -0.500000  0.250000 -0.500000

                       Ti X   0        Ti Y   0        Ti Z   0     
                    --------------- --------------- ---------------
    0   4.1711 THz  -0.7071  0.0000 -0.0000  0.0000 -0.7071  0.0000
    1   5.1125 THz   0.7071  0.0000 -0.0000  0.0000 -0.7071  0.0000
    2   5.8113 THz   0.0000  0.0000  0.9605  0.2783 -0.0000 -0.0000


 Q=  0.000000 -0.228020 -0.076007, q= -0.500000  0.250000 -0.250000

                       Ti X   0        Ti Y   0        Ti Z   0     
                    --------------- --------------- ---------------
    0   4.1711 THz   0.0000  0.0000 -0.0604 -0.7045  0.0604  0.7045
    1   5.1125 THz   0.0000  0.0000 -0.7071  0.0056 -0.7071  0.0056
    2   5.8113 THz   1.0000  0.0000  0.0000  0.0000  0.0000  0.0000


 Q=  0.076007 -0.152014 -0.076007, q= -0.500000  0.250000  0.000000

                       Ti X   0        Ti Y   0        Ti Z   0     
                    --------------- --------------- ---------------
    0   1.6978 THz   0.7071  0.0000  0.0000  0.0000  0.7071  0.0000
    1  -3.1845 THz  -0.3305  0.0000 -0.8840  0.0000  0.3305 -0.0000
    2   4.8344 THz   0.6251  0.0000 -0.4675 -0.0000 -0.6251 -0.0000


 Q=  0.152014 -0.076007 -0.076007, q= -0.500000  0.250000  0.250000

                       Ti X   0        Ti Y   0        Ti Z   0     
                    --------------- --------------- ---------------
    0   1.6978 THz   0.0000  0.0000  0.1840  0.6828 -0.1840 -0.6828
    1  -3.1845 THz   0.8840  0.0000  0.3305 -0.0000  0.3305 -0.0000
    2   4.8344 THz   0.4675  0.0000 -0.6251  0.0000 -0.6251  0.0000


 Q= -0.304027 -0.228020 -0.228020, q= -0.250000 -0.500000 -0.500000

                       Ti X   0        Ti Y   0        Ti Z   0     
                    --------------- --------------- ---------------
    0   4.1711 THz   0.0000  0.0000 -0.7036 -0.0707 -0.7036 -0.0707
    1   5.1125 THz   0.0000  0.0000  0.7069  0.0177 -0.7069 -0.0177
    2   5.8113 THz   1.0000  0.0000  0.0000  0.0000  0.0000  0.0000


 Q= -0.228020 -0.152014 -0.228020, q= -0.250000 -0.500000 -0.250000

                       Ti X   0        Ti Y   0        Ti Z   0     
                    --------------- --------------- ---------------
    0   1.6978 THz  -0.7071  0.0000 -0.0000  0.0000  0.7071 -0.0000
    1  -3.1845 THz  -0.3305  0.0000 -0.8840 -0.0000 -0.3305 -0.0000
    2   4.8344 THz   0.6251  0.0000 -0.4675  0.0000  0.6251 -0.0000


 Q= -0.152014 -0.076007 -0.228020, q= -0.250000 -0.500000  0.000000

                       Ti X   0        Ti Y   0        Ti Z   0     
                    --------------- --------------- ---------------
    0   1.6978 THz  -0.0000  0.0000 -0.6784 -0.1993 -0.6784 -0.1993
    1  -3.1845 THz   0.8840  0.0000  0.3305 -0.0000 -0.3305 -0.0000
    2   4.8344 THz   0.4675  0.0000 -0.6251 -0.0000  0.6251 -0.0000


 Q= -0.076007  0.000000 -0.228020, q= -0.250000 -0.500000  0.250000

                       Ti X   0        Ti Y   0        Ti Z   0     
                    --------------- --------------- ---------------
    0   4.1711 THz   0.7071  0.0000 -0.0000  0.0000 -0.7071 -0.0000
    1   5.1125 THz   0.7071  0.0000  0.0000 -0.0000  0.7071  0.0000
    2   5.8113 THz   0.0000  0.0000  0.9694  0.2454 -0.0000 -0.0000


 Q= -0.228020 -0.228020 -0.152014, q= -0.250000 -0.250000 -0.500000

                       Ti X   0        Ti Y   0        Ti Z   0     
                    --------------- --------------- ---------------
    0   1.6978 THz  -0.7071  0.0000  0.7071 -0.0000 -0.0000  0.0000
    1  -3.1845 THz   0.3305  0.0000  0.3305  0.0000  0.8840  0.0000
    2   4.8344 THz   0.6251  0.0000  0.6251 -0.0000 -0.4675  0.0000


 Q= -0.152014 -0.152014 -0.152014, q= -0.250000 -0.250000 -0.250000

                       Ti X   0        Ti Y   0        Ti Z   0     
                    --------------- --------------- ---------------
    0  -3.8729 THz   0.0000  0.0000  0.8847 -0.1455 -0.0347  0.4414
    1  -3.8729 THz   1.0000  0.0000  0.0000  0.0000  0.0000  0.0000
    2  -3.8729 THz   0.0000  0.0000  0.1888 -0.4005 -0.6960 -0.5652


 Q= -0.076007 -0.076007 -0.152014, q= -0.250000 -0.250000  0.000000

                       Ti X   0        Ti Y   0        Ti Z   0     
                    --------------- --------------- ---------------
    0   1.6978 THz   0.7071  0.0000 -0.7071  0.0000 -0.0000 -0.0000
    1  -3.1845 THz   0.3305  0.0000  0.3305 -0.0000 -0.8840  0.0000
    2   4.8344 THz   0.6251  0.0000  0.6251  0.0000  0.4675  0.0000


 Q=  0.000000  0.000000 -0.152014, q= -0.250000 -0.250000  0.250000

                       Ti X   0        Ti Y   0        Ti Z   0     
                    --------------- --------------- ---------------
    0   4.4977 THz   1.0000  0.0000  0.0000  0.0000  0.0000  0.0000
    1   4.4977 THz   0.0000  0.0000 -0.0361 -0.9993 -0.0000 -0.0000
    2   6.3285 THz   0.0000  0.0000 -0.0000  0.0000  0.1320 -0.9912


 Q= -0.152014 -0.228020 -0.076007, q= -0.250000  0.000000 -0.500000

                       Ti X   0        Ti Y   0        Ti Z   0     
                    --------------- --------------- ---------------
    0   1.6978 THz  -0.0000  0.0000 -0.6461  0.2874 -0.6461  0.2874
    1  -3.1845 THz  -0.8840 -0.0000  0.3305 -0.0000 -0.3305 -0.0000
    2   4.8344 THz   0.4675  0.0000  0.6251  0.0000 -0.6251  0.0000


 Q= -0.076007 -0.152014 -0.076007, q= -0.250000  0.000000 -0.250000

                       Ti X   0        Ti Y   0        Ti Z   0     
                    --------------- --------------- ---------------
    0   1.6978 THz  -0.7071  0.0000 -0.0000  0.0000  0.7071 -0.0000
    1  -3.1845 THz   0.3305  0.0000 -0.8840  0.0000  0.3305 -0.0000
    2   4.8344 THz   0.6251  0.0000  0.4675 -0.0000  0.6251 -0.0000


 Q=  0.000000 -0.076007 -0.076007, q= -0.250000  0.000000  0.000000

                       Ti X   0        Ti Y   0        Ti Z   0     
                    --------------- --------------- ---------------
    0  -2.3191 THz   0.0000  0.0000 -0.4910  0.5089  0.4910 -0.5089
    1   3.0423 THz   1.0000  0.0000  0.0000  0.0000  0.0000  0.0000
    2   5.0763 THz   0.0000  0.0000 -0.2229 -0.6710 -0.2229 -0.6710


 Q=  0.076007  0.000000 -0.076007, q= -0.250000  0.000000  0.250000

                       Ti X   0        Ti Y   0        Ti Z   0     
                    --------------- --------------- ---------------
    0  -2.3191 THz   0.7071  0.0000  0.0000  0.0000  0.7071 -0.0000
    1   3.0423 THz  -0.0000  0.0000  0.9657  0.2596 -0.0000  0.0000
    2   5.0763 THz  -0.7071 -0.0000 -0.0000 -0.0000  0.7071 -0.0000


 Q= -0.076007 -0.228020  0.000000, q= -0.250000  0.250000 -0.500000

                       Ti X   0        Ti Y   0        Ti Z   0     
                    --------------- --------------- ---------------
    0   4.1711 THz   0.7071  0.0000 -0.7071 -0.0000 -0.0000  0.0000
    1   5.1125 THz   0.7071  0.0000  0.7071  0.0000  0.0000 -0.0000
    2   5.8113 THz   0.0000  0.0000  0.0000  0.0000 -1.0000  0.0020


 Q=  0.000000 -0.152014  0.000000, q= -0.250000  0.250000 -0.250000

                       Ti X   0        Ti Y   0        Ti Z   0     
                    --------------- --------------- ---------------
    0   4.4977 THz   0.0000  0.0000  0.0000  0.0000 -0.0006  1.0000
    1   4.4977 THz   1.0000  0.0000  0.0000  0.0000  0.0000  0.0000
    2   6.3285 THz   0.0000  0.0000 -0.0471 -0.9989 -0.0000  0.0000


 Q=  0.076007 -0.076007  0.000000, q= -0.250000  0.250000  0.000000

                       Ti X   0        Ti Y   0        Ti Z   0     
                    --------------- --------------- ---------------
    0  -2.3191 THz   0.7071  0.0000  0.7071 -0.0000  0.0000  0.0000
    1   3.0423 THz   0.0000  0.0000  0.0000 -0.0000 -0.9990  0.0456
    2   5.0763 THz  -0.7071 -0.0000  0.7071 -0.0000 -0.0000  0.0000


 Q=  0.152014  0.000000  0.000000, q= -0.250000  0.250000  0.250000

                       Ti X   0        Ti Y   0        Ti Z   0     
                    --------------- --------------- ---------------
    0   4.4977 THz   0.0000  0.0000 -0.5590  0.6721  0.1114  0.4725
    1   4.4977 THz   0.0000  0.0000  0.4034 -0.2701 -0.0485  0.8729
    2   6.3285 THz   1.0000  0.0000  0.0000  0.0000  0.0000  0.0000


 Q= -0.304027 -0.152014 -0.152014, q=  0.000000 -0.500000 -0.500000

                       Ti X   0        Ti Y   0        Ti Z   0     
                    --------------- --------------- ---------------
    0   3.7603 THz   0.0000  0.0000  0.7071 -0.0000 -0.7071  0.0000
    1  -4.9173 THz   0.0000  0.0000  0.0035  0.7071  0.0035  0.7071
    2   4.9911 THz   1.0000  0.0000  0.0000  0.0000  0.0000  0.0000


 Q= -0.228020 -0.076007 -0.152014, q=  0.000000 -0.500000 -0.250000

                       Ti X   0        Ti Y   0        Ti Z   0     
                    --------------- --------------- ---------------
    0   1.6978 THz   0.7071  0.0000  0.7071 -0.0000 -0.0000  0.0000
    1  -3.1845 THz  -0.3305  0.0000  0.3305  0.0000  0.8840  0.0000
    2   4.8344 THz   0.6251  0.0000 -0.6251  0.0000  0.4675 -0.0000


 Q= -0.152014  0.000000 -0.152014, q=  0.000000 -0.500000  0.000000

                       Ti X   0        Ti Y   0        Ti Z   0     
                    --------------- --------------- ---------------
    0   3.7603 THz   0.7071  0.0000  0.0000 -0.0000  0.7071  0.0000
    1  -4.9173 THz   0.7071  0.0000  0.0000  0.0000 -0.7071 -0.0000
    2   4.9911 THz   0.0000  0.0000  1.0000 -0.0000 -0.0000 -0.0000


 Q= -0.076007  0.076007 -0.152014, q=  0.000000 -0.500000  0.250000

                       Ti X   0        Ti Y   0        Ti Z   0     
                    --------------- --------------- ---------------
    0   1.6978 THz   0.7071  0.0000  0.7071  0.0000 -0.0000 -0.0000
    1  -3.1845 THz  -0.3305  0.0000  0.3305 -0.0000  0.8840 -0.0000
    2   4.8344 THz   0.6251  0.0000 -0.6251 -0.0000  0.4675  0.0000


 Q= -0.228020 -0.152014 -0.076007, q=  0.000000 -0.250000 -0.500000

                       Ti X   0        Ti Y   0        Ti Z   0     
                    --------------- --------------- ---------------
    0   1.6978 THz   0.7071  0.0000 -0.0000  0.0000  0.7071 -0.0000
    1  -3.1845 THz   0.3305  0.0000 -0.8840 -0.0000 -0.3305 -0.0000
    2   4.8344 THz   0.6251  0.0000  0.4675 -0.0000 -0.6251  0.0000


 Q= -0.152014 -0.076007 -0.076007, q=  0.000000 -0.250000 -0.250000

                       Ti X   0        Ti Y   0        Ti Z   0     
                    --------------- --------------- ---------------
    0   1.6978 THz   0.0000  0.0000  0.0000 -0.7071  0.0000  0.7071
    1  -3.1845 THz   0.8840  0.0000 -0.3305 -0.0000 -0.3305 -0.0000
    2   4.8344 THz  -0.4675  0.0000 -0.6251 -0.0000 -0.6251 -0.0000


 Q= -0.076007  0.000000 -0.076007, q=  0.000000 -0.250000  0.000000

                       Ti X   0        Ti Y   0        Ti Z   0     
                    --------------- --------------- ---------------
    0  -2.3191 THz  -0.7071  0.0000  0.0000  0.0000  0.7071 -0.0000
    1   3.0423 THz   0.0000  0.0000 -0.9982  0.0605  0.0000 -0.0000
    2   5.0763 THz   0.7071  0.0000  0.0000  0.0000  0.7071 -0.0000


 Q=  0.000000  0.076007 -0.076007, q=  0.000000 -0.250000  0.250000

                       Ti X   0        Ti Y   0        Ti Z   0     
                    --------------- --------------- ---------------
    0  -2.3191 THz   0.0000  0.0000 -0.7069  0.0160 -0.7069  0.0160
    1   3.0423 THz   1.0000  0.0000  0.0000  0.0000  0.0000  0.0000
    2   5.0763 THz   0.0000  0.0000 -0.1031 -0.6996  0.1031  0.6996


 Q= -0.152014 -0.152014  0.000000, q=  0.000000  0.000000 -0.500000

                       Ti X   0        Ti Y   0        Ti Z   0     
                    --------------- --------------- ---------------
    0   3.7603 THz  -0.7071  0.0000 -0.7071 -0.0000 -0.0000 -0.0000
    1  -4.9173 THz   0.7071  0.0000 -0.7071 -0.0000 -0.0000 -0.0000
    2   4.9911 THz   0.0000  0.0000  0.0000  0.0000 -1.0000 -0.0000


 Q= -0.076007 -0.076007  0.000000, q=  0.000000  0.000000 -0.250000

                       Ti X   0        Ti Y   0        Ti Z   0     
                    --------------- --------------- ---------------
    0  -2.3191 THz   0.7071  0.0000 -0.7071  0.0000 -0.0000  0.0000
    1   3.0423 THz  -0.0000  0.0000  0.0000  0.0000 -0.9938 -0.1109
    2   5.0763 THz   0.7071  0.0000  0.7071 -0.0000 -0.0000 -0.0000


 Q=  0.000000  0.000000  0.000000, q=  0.000000  0.000000  0.000000

                       Ti X   0        Ti Y   0        Ti Z   0     
                    --------------- --------------- ---------------
    0  -0.0000 THz  -0.7593  0.0000  0.5531  0.0000  0.3428  0.0000
    1  -0.0000 THz   0.6363  0.0000  0.5207  0.0000  0.5693  0.0000
    2  -0.0000 THz   0.1364  0.0000  0.6504  0.0000 -0.7473  0.0000


 Q=  0.076007  0.076007  0.000000, q=  0.000000  0.000000  0.250000

                       Ti X   0        Ti Y   0        Ti Z   0     
                    --------------- --------------- ---------------
    0  -2.3191 THz   0.7071  0.0000 -0.7071 -0.0000 -0.0000 -0.0000
    1   3.0423 THz  -0.0000  0.0000  0.0000 -0.0000 -0.9938  0.1109
    2   5.0763 THz   0.7071  0.0000  0.7071  0.0000 -0.0000  0.0000


 Q= -0.076007 -0.152014  0.076007, q=  0.000000  0.250000 -0.500000

                       Ti X   0        Ti Y   0        Ti Z   0     
                    --------------- --------------- ---------------
    0   1.6978 THz   0.7071  0.0000 -0.0000 -0.0000  0.7071  0.0000
    1  -3.1845 THz   0.3305  0.0000 -0.8840  0.0000 -0.3305  0.0000
    2   4.8344 THz   0.6251  0.0000  0.4675  0.0000 -0.6251 -0.0000


 Q=  0.000000 -0.076007  0.076007, q=  0.000000  0.250000 -0.250000

                       Ti X   0        Ti Y   0        Ti Z   0     
                    --------------- --------------- ---------------
    0  -2.3191 THz   0.0000  0.0000 -0.7069 -0.0160 -0.7069 -0.0160
    1   3.0423 THz   1.0000  0.0000  0.0000  0.0000  0.0000  0.0000
    2   5.0763 THz   0.0000  0.0000 -0.1031  0.6996  0.1031 -0.6996


 Q=  0.076007  0.000000  0.076007, q=  0.000000  0.250000  0.000000

                       Ti X   0        Ti Y   0        Ti Z   0     
                    --------------- --------------- ---------------
    0  -2.3191 THz  -0.7071  0.0000  0.0000 -0.0000  0.7071  0.0000
    1   3.0423 THz   0.0000  0.0000 -0.9982 -0.0605  0.0000  0.0000
    2   5.0763 THz   0.7071  0.0000  0.0000 -0.0000  0.7071  0.0000


 Q=  0.152014  0.076007  0.076007, q=  0.000000  0.250000  0.250000

                       Ti X   0        Ti Y   0        Ti Z   0     
                    --------------- --------------- ---------------
    0   1.6978 THz   0.0000  0.0000  0.0000  0.7071  0.0000 -0.7071
    1  -3.1845 THz   0.8840  0.0000 -0.3305  0.0000 -0.3305  0.0000
    2   4.8344 THz  -0.4675  0.0000 -0.6251  0.0000 -0.6251  0.0000


 Q= -0.304027 -0.076007 -0.076007, q=  0.250000 -0.500000 -0.500000

                       Ti X   0        Ti Y   0        Ti Z   0     
                    --------------- --------------- ---------------
    0   4.1711 THz   0.0000  0.0000 -0.7036  0.0703 -0.7036  0.0703
    1   5.1125 THz   0.0000  0.0000  0.7070 -0.0147 -0.7070  0.0147
    2   5.8113 THz   1.0000  0.0000  0.0000  0.0000  0.0000  0.0000


 Q= -0.228020  0.000000 -0.076007, q=  0.250000 -0.500000 -0.250000

                       Ti X   0        Ti Y   0        Ti Z   0     
                    --------------- --------------- ---------------
    0   4.1711 THz   0.7071  0.0000 -0.0000  0.0000 -0.7071 -0.0000
    1   5.1125 THz   0.7071  0.0000  0.0000 -0.0000  0.7071  0.0000
    2   5.8113 THz   0.0000  0.0000  0.9570  0.2901 -0.0000 -0.0000


 Q= -0.152014  0.076007 -0.076007, q=  0.250000 -0.500000  0.000000

                       Ti X   0        Ti Y   0        Ti Z   0     
                    --------------- --------------- ---------------
    0   1.6978 THz  -0.0000  0.0000 -0.6744  0.2127 -0.6744  0.2127
    1  -3.1845 THz   0.8840  0.0000  0.3305  0.0000 -0.3305  0.0000
    2   4.8344 THz   0.4675  0.0000 -0.6251  0.0000  0.6251  0.0000


 Q= -0.076007  0.152014 -0.076007, q=  0.250000 -0.500000  0.250000

                       Ti X   0        Ti Y   0        Ti Z   0     
                    --------------- --------------- ---------------
    0   1.6978 THz  -0.7071  0.0000 -0.0000  0.0000  0.7071 -0.0000
    1  -3.1845 THz  -0.3305  0.0000 -0.8840 -0.0000 -0.3305 -0.0000
    2   4.8344 THz   0.6251  0.0000 -0.4675  0.0000  0.6251 -0.0000


 Q= -0.228020 -0.076007  0.000000, q=  0.250000 -0.250000 -0.500000

                       Ti X   0        Ti Y   0        Ti Z   0     
                    --------------- --------------- ---------------
    0   4.1711 THz   0.7071  0.0000 -0.7071 -0.0000 -0.0000  0.0000
    1   5.1125 THz   0.7071  0.0000  0.7071  0.0000  0.0000 -0.0000
    2   5.8113 THz   0.0000  0.0000  0.0000  0.0000 -0.9962 -0.0867


 Q= -0.152014  0.000000  0.000000, q=  0.250000 -0.250000 -0.250000

                       Ti X   0        Ti Y   0        Ti Z   0     
                    --------------- --------------- ---------------
    0   4.4977 THz   0.0000  0.0000 -0.5590 -0.6721  0.1114 -0.4725
    1   4.4977 THz   0.0000  0.0000  0.4034  0.2701 -0.0485 -0.8729
    2   6.3285 THz   1.0000  0.0000  0.0000  0.0000  0.0000  0.0000


 Q= -0.076007  0.076007  0.000000, q=  0.250000 -0.250000  0.000000

                       Ti X   0        Ti Y   0        Ti Z   0     
                    --------------- --------------- ---------------
    0  -2.3191 THz   0.7071  0.0000  0.7071  0.0000  0.0000 -0.0000
    1   3.0423 THz   0.0000  0.0000  0.0000  0.0000 -0.9990 -0.0456
    2   5.0763 THz  -0.7071 -0.0000  0.7071  0.0000 -0.0000 -0.0000


 Q=  0.000000  0.152014  0.000000, q=  0.250000 -0.250000  0.250000

                       Ti X   0        Ti Y   0        Ti Z   0     
                    --------------- --------------- ---------------
    0   4.4977 THz   0.0000  0.0000  0.0000 -0.0000 -0.0006 -1.0000
    1   4.4977 THz   1.0000  0.0000  0.0000  0.0000  0.0000  0.0000
    2   6.3285 THz   0.0000  0.0000 -0.0471  0.9989 -0.0000 -0.0000


 Q= -0.152014 -0.076007  0.076007, q=  0.250000  0.000000 -0.500000

                       Ti X   0        Ti Y   0        Ti Z   0     
                    --------------- --------------- ---------------
    0   1.6978 THz   0.0000  0.0000 -0.5192 -0.4800 -0.5192 -0.4800
    1  -3.1845 THz   0.8840  0.0000 -0.3305 -0.0000  0.3305 -0.0000
    2   4.8344 THz  -0.4675  0.0000 -0.6251 -0.0000  0.6251 -0.0000


 Q= -0.076007  0.000000  0.076007, q=  0.250000  0.000000 -0.250000

                       Ti X   0        Ti Y   0        Ti Z   0     
                    --------------- --------------- ---------------
    0  -2.3191 THz   0.7071  0.0000  0.0000 -0.0000  0.7071  0.0000
    1   3.0423 THz  -0.0000  0.0000  0.9657 -0.2596 -0.0000 -0.0000
    2   5.0763 THz  -0.7071 -0.0000 -0.0000  0.0000  0.7071  0.0000


 Q=  0.000000  0.076007  0.076007, q=  0.250000  0.000000  0.000000

                       Ti X   0        Ti Y   0        Ti Z   0     
                    --------------- --------------- ---------------
    0  -2.3191 THz   0.0000  0.0000 -0.4910 -0.5089  0.4910  0.5089
    1   3.0423 THz   1.0000  0.0000  0.0000  0.0000  0.0000  0.0000
    2   5.0763 THz   0.0000  0.0000 -0.2229  0.6710 -0.2229  0.6710


 Q=  0.076007  0.152014  0.076007, q=  0.250000  0.000000  0.250000

                       Ti X   0        Ti Y   0        Ti Z   0     
                    --------------- --------------- ---------------
    0   1.6978 THz  -0.7071  0.0000 -0.0000 -0.0000  0.7071  0.0000
    1  -3.1845 THz   0.3305  0.0000 -0.8840 -0.0000  0.3305  0.0000
    2   4.8344 THz   0.6251  0.0000  0.4675  0.0000  0.6251  0.0000


 Q= -0.076007 -0.076007  0.152014, q=  0.250000  0.250000 -0.500000

                       Ti X   0        Ti Y   0        Ti Z   0     
                    --------------- --------------- ---------------
    0   1.6978 THz  -0.7071  0.0000  0.7071 -0.0000 -0.0000  0.0000
    1  -3.1845 THz   0.3305  0.0000  0.3305  0.0000  0.8840  0.0000
    2   4.8344 THz   0.6251  0.0000  0.6251 -0.0000 -0.4675  0.0000


 Q=  0.000000  0.000000  0.152014, q=  0.250000  0.250000 -0.250000

                       Ti X   0        Ti Y   0        Ti Z   0     
                    --------------- --------------- ---------------
    0   4.4977 THz   1.0000  0.0000  0.0000  0.0000  0.0000  0.0000
    1   4.4977 THz   0.0000  0.0000 -0.0361  0.9993 -0.0000  0.0000
    2   6.3285 THz   0.0000  0.0000 -0.0000 -0.0000  0.1320  0.9912


 Q=  0.076007  0.076007  0.152014, q=  0.250000  0.250000  0.000000

                       Ti X   0        Ti Y   0        Ti Z   0     
                    --------------- --------------- ---------------
    0   1.6978 THz   0.7071  0.0000 -0.7071 -0.0000 -0.0000  0.0000
    1  -3.1845 THz   0.3305  0.0000  0.3305  0.0000 -0.8840 -0.0000
    2   4.8344 THz   0.6251  0.0000  0.6251 -0.0000  0.4675 -0.0000


 Q=  0.152014  0.152014  0.152014, q=  0.250000  0.250000  0.250000

                       Ti X   0        Ti Y   0        Ti Z   0     
                    --------------- --------------- ---------------
    0  -3.8729 THz   0.0000  0.0000  0.8847  0.1455 -0.0347 -0.4414
    1  -3.8729 THz   1.0000  0.0000  0.0000  0.0000  0.0000  0.0000
    2  -3.8729 THz   0.0000  0.0000  0.1888  0.4005 -0.6960  0.5652
