
Used Primitive lattice vector

    3.848260000000      0.000000000000      0.000000000000  
    0.000000000000      3.848260000000      0.000000000000  
    0.000000000000      0.000000000000      3.848260000000  

   5 Atom(s) in the Primitive cell

 0.5000000000 0.5000000000 0.5000000000 Ti    0
 0.0000000000 0.0000000000 0.0000000000 Pb    1
 0.5000000000 0.0000000000 0.5000000000  O    2
 0.5000000000 0.5000000000 0.0000000000  O    3
 0.0000000000 0.5000000000 0.5000000000  O    4


 Q= -0.129929 -0.129929 -0.129929, q= -0.500000 -0.500000 -0.500000

                       Ti X   0        Ti Y   0        Ti Z   0        Pb X   1        Pb Y   1        Pb Z   1         O X   2         O Y   2         O Z   2         O X   3         O Y   3         O Z   3         O X   4         O Y   4         O Z   4     
                    --------------- --------------- --------------- --------------- --------------- --------------- --------------- --------------- --------------- --------------- --------------- --------------- --------------- --------------- ---------------
    0  -0.4827 THz   0.0000  0.0000 -0.0000  0.0000  0.0000 -0.0000 -0.0000  0.0000  0.0000 -0.0000 -0.0000  0.0000 -0.0446 -0.0220 -0.0000 -0.0000  0.1080 -0.0547 -0.1619  0.6758 -0.1080  0.0547 -0.0000 -0.0000  0.0000  0.0000  0.0446  0.0220  0.1619 -0.6758
    1  -0.4827 THz   0.0000  0.0000 -0.0000 -0.0000  0.0000  0.0000 -0.0000  0.0000 -0.0000  0.0000  0.0000 -0.0000 -0.0368 -0.0841 -0.0000 -0.0000 -0.5966  0.3496 -0.0156  0.1147  0.5966 -0.3496 -0.0000  0.0000  0.0000 -0.0000  0.0368  0.0841  0.0156 -0.1147
    2  -0.4827 THz   0.0000  0.0000  0.0000  0.0000 -0.0000 -0.0000 -0.0000 -0.0000 -0.0000 -0.0000 -0.0000  0.0000 -0.4669 -0.5207 -0.0000  0.0000  0.0514 -0.0674  0.0258 -0.0553 -0.0514  0.0674  0.0000  0.0000  0.0000  0.0000  0.4669  0.5207 -0.0258  0.0553
    3   2.0841 THz   0.0000  0.0000  0.0000 -0.0000  0.0000  0.0000  0.7148  0.3745  0.1175 -0.0497 -0.5633  0.1053 -0.0258  0.0048  0.0000 -0.0000  0.0327  0.0171  0.0054 -0.0023  0.0327  0.0171 -0.0000  0.0000 -0.0000  0.0000 -0.0258  0.0048  0.0054 -0.0023
    4   2.0841 THz   0.0000  0.0000 -0.0000 -0.0000  0.0000  0.0000  0.2995  0.2003  0.6629  0.1013  0.6451  0.0142  0.0295  0.0006  0.0000 -0.0000  0.0137  0.0092  0.0303  0.0046  0.0137  0.0092 -0.0000  0.0000 -0.0000 -0.0000  0.0295  0.0006  0.0303  0.0046
    5   2.0841 THz   0.0000  0.0000 -0.0000 -0.0000  0.0000  0.0000  0.2723  0.3751 -0.6778 -0.2654  0.4934  0.0875  0.0226  0.0040 -0.0000 -0.0000  0.0125  0.0172 -0.0310 -0.0121  0.0125  0.0172  0.0000 -0.0000  0.0000 -0.0000  0.0226  0.0040 -0.0310 -0.0121
    6  11.7497 THz   0.0000  0.0000 -0.0000 -0.0000 -0.0000 -0.0000 -0.0028  0.0005  0.0158 -0.0624 -0.0026 -0.0029  0.0284  0.0319  0.0000 -0.0000  0.0304 -0.0050 -0.1731  0.6821  0.0304 -0.0050 -0.0000  0.0000 -0.0000  0.0000  0.0284  0.0319 -0.1731  0.6821
    7  11.7497 THz   0.0000  0.0000  0.0000 -0.0000  0.0000 -0.0000 -0.0069  0.0011 -0.0007  0.0041 -0.0466 -0.0440  0.5085  0.4810  0.0000 -0.0000  0.0755 -0.0125  0.0077 -0.0452  0.0755 -0.0125 -0.0000  0.0000  0.0000 -0.0000  0.5085  0.4810  0.0077 -0.0452
    8  11.7497 THz   0.0000  0.0000  0.0000  0.0000 -0.0000 -0.0000  0.0430 -0.0476 -0.0009 -0.0022 -0.0071 -0.0006  0.0780  0.0069  0.0000 -0.0000 -0.4701  0.5198  0.0103  0.0238 -0.4701  0.5198 -0.0000  0.0000  0.0000 -0.0000  0.0780  0.0069  0.0103  0.0238
    9  12.8807 THz   0.0000  0.0000  0.9933  0.0882  0.0724 -0.0174  0.0000  0.0000  0.0000 -0.0000  0.0000  0.0000 -0.0000 -0.0000  0.0000 -0.0000 -0.0000 -0.0000 -0.0000  0.0000 -0.0000 -0.0000 -0.0000  0.0000 -0.0000  0.0000 -0.0000 -0.0000 -0.0000  0.0000
   10  12.8807 THz   0.0000  0.0000  0.0514  0.0538 -0.8828 -0.4637  0.0000  0.0000  0.0000  0.0000  0.0000  0.0000 -0.0000  0.0000 -0.0000 -0.0000  0.0000 -0.0000 -0.0000 -0.0000  0.0000 -0.0000  0.0000 -0.0000  0.0000  0.0000 -0.0000  0.0000  0.0000 -0.0000
   11  12.8807 THz   1.0000  0.0000  0.0000  0.0000  0.0000  0.0000  0.0000  0.0000  0.0000  0.0000  0.0000  0.0000  0.0000  0.0000  0.0000  0.0000  0.0000  0.0000  0.0000  0.0000  0.0000  0.0000  0.0000  0.0000  0.0000  0.0000  0.0000  0.0000  0.0000  0.0000
   12  16.2779 THz   0.0000  0.0000 -0.0000 -0.0000 -0.0000  0.0000 -0.0000 -0.0000 -0.0000  0.0000  0.0000 -0.0000 -0.0000 -0.0000  0.6581 -0.2586 -0.0000  0.0000  0.0000 -0.0000 -0.0000  0.0000 -0.6581  0.2586  0.0000 -0.0000 -0.0000 -0.0000  0.0000 -0.0000
   13  16.2779 THz   0.0000  0.0000  0.0000  0.0000  0.0000 -0.0000  0.0000  0.0000  0.0000 -0.0000  0.0000  0.0000 -0.0000 -0.0000 -0.3985  0.0885 -0.0000 -0.0000 -0.0000  0.0000 -0.0000  0.0000 -0.3985  0.0885  0.7971 -0.1769 -0.0000 -0.0000 -0.0000  0.0000
   14  26.2582 THz   0.0000  0.0000  0.0000 -0.0000  0.0000 -0.0000  0.0000 -0.0000  0.0000  0.0000  0.0000 -0.0000  0.0000  0.0000 -0.5636  0.1251 -0.0000  0.0000  0.0000 -0.0000 -0.0000  0.0000 -0.5636  0.1251 -0.5636  0.1251  0.0000  0.0000  0.0000 -0.0000


 Q= -0.129929 -0.129929  0.000000, q= -0.500000 -0.500000  0.000000

                       Ti X   0        Ti Y   0        Ti Z   0        Pb X   1        Pb Y   1        Pb Z   1         O X   2         O Y   2         O Z   2         O X   3         O Y   3         O Z   3         O X   4         O Y   4         O Z   4     
                    --------------- --------------- --------------- --------------- --------------- --------------- --------------- --------------- --------------- --------------- --------------- --------------- --------------- --------------- ---------------
    0   1.4280 THz   0.1602  0.0000 -0.0037  0.0000  0.0000  0.0000  0.0224 -0.0000 -0.9822  0.0000 -0.0000 -0.0000  0.0000  0.0000 -0.0000  0.0000  0.0000  0.0000 -0.0958  0.0000  0.0022 -0.0000  0.0000  0.0000  0.0000 -0.0000 -0.0000 -0.0000 -0.0000  0.0000
    1   1.4280 THz  -0.0037  0.0000 -0.1602  0.0000  0.0000  0.0000  0.9822 -0.0000  0.0224  0.0000 -0.0000 -0.0000  0.0000 -0.0000  0.0000 -0.0000  0.0000  0.0000  0.0022 -0.0000  0.0958 -0.0000  0.0000  0.0000 -0.0000  0.0000 -0.0000  0.0000 -0.0000  0.0000
    2   1.5520 THz  -0.0000  0.0000 -0.0000 -0.0000 -0.0000 -0.0000  0.0000  0.0000  0.0000 -0.0000  0.7396  0.6730 -0.0000 -0.0000 -0.0000 -0.0000  0.0000 -0.0000  0.0000 -0.0000  0.0000  0.0000  0.0000  0.0000  0.0000  0.0000 -0.0000  0.0000  0.0000 -0.0000
    3   2.1417 THz  -0.0000  0.0000 -0.0000  0.0000 -0.0000  0.0000  0.0000 -0.0000  0.0000  0.0000  0.0000  0.0000  0.1479  0.6915 -0.0000  0.0000  0.0000 -0.0000  0.0000 -0.0000  0.0000 -0.0000  0.0000  0.0000 -0.0000 -0.0000 -0.1479 -0.6915 -0.0000  0.0000
    4   4.2531 THz  -0.0000  0.0000  0.0000 -0.0000  0.9899 -0.0000  0.0000  0.0000  0.0000 -0.0000  0.0000  0.0000 -0.0000  0.0000  0.0000 -0.0000 -0.0000 -0.0000  0.0000  0.0000  0.0000  0.0000  0.1418 -0.0000  0.0000  0.0000  0.0000 -0.0000  0.0000 -0.0000
    5   7.5600 THz  -0.0021  0.0000 -0.3003  0.0000  0.0000 -0.0000  0.0439 -0.0000  0.0003 -0.0000  0.0000  0.0000 -0.0000 -0.0000 -0.0000  0.0000  0.0000  0.0000 -0.0067 -0.0000 -0.9528  0.0000  0.0000 -0.0000  0.0000  0.0000  0.0000  0.0000  0.0000 -0.0000
    6   7.5600 THz  -0.3003  0.0000  0.0021 -0.0000 -0.0000  0.0000 -0.0003  0.0000  0.0439 -0.0000 -0.0000 -0.0000 -0.0000 -0.0000  0.0000 -0.0000 -0.0000 -0.0000 -0.9528  0.0000  0.0067 -0.0000 -0.0000  0.0000 -0.0000  0.0000  0.0000  0.0000 -0.0000  0.0000
    7   9.7392 THz  -0.0000  0.0000 -0.0000 -0.0000 -0.0000 -0.0000  0.0000  0.0000 -0.0000 -0.0000  0.0000 -0.0000 -0.0000  0.0000 -0.0000  0.0000 -0.0700 -0.9962 -0.0000 -0.0000 -0.0000 -0.0000 -0.0000 -0.0000  0.0000 -0.0000  0.0000  0.0000 -0.0287  0.0433
    8   9.7392 THz   0.0000  0.0000 -0.0000 -0.0000  0.0000  0.0000 -0.0000 -0.0000  0.0000 -0.0000  0.0000  0.0000 -0.0000  0.0000  0.0000 -0.0000  0.0239  0.0462  0.0000 -0.0000 -0.0000  0.0000  0.0000  0.0000 -0.0000  0.0000 -0.0000 -0.0000 -0.1760  0.9830
    9  13.2637 THz  -0.0604  0.0000  0.9383 -0.0000 -0.0000 -0.0000  0.1811 -0.0000 -0.0117 -0.0000  0.0000  0.0000  0.0000 -0.0000 -0.0000 -0.0000 -0.0000 -0.0000  0.0185 -0.0000 -0.2874  0.0000  0.0000  0.0000  0.0000  0.0000  0.0000 -0.0000 -0.0000  0.0000
   10  13.2637 THz   0.9383  0.0000  0.0604 -0.0000 -0.0000 -0.0000  0.0117 -0.0000  0.1811  0.0000  0.0000  0.0000  0.0000 -0.0000 -0.0000  0.0000 -0.0000 -0.0000 -0.2874 -0.0000 -0.0185  0.0000  0.0000  0.0000  0.0000  0.0000  0.0000 -0.0000 -0.0000  0.0000
   11  13.8316 THz   0.0000  0.0000  0.0000  0.0000 -0.0000  0.0000  0.0000  0.0000  0.0000 -0.0000 -0.0000 -0.0000 -0.6865  0.1693 -0.0000  0.0000  0.0000  0.0000 -0.0000  0.0000 -0.0000 -0.0000 -0.0000 -0.0000  0.0000 -0.0000 -0.6865  0.1693  0.0000 -0.0000
   12  15.5028 THz  -0.0000  0.0000 -0.0000  0.0000 -0.1418  0.0000 -0.0000 -0.0000  0.0000  0.0000  0.0000  0.0000 -0.0000  0.0000 -0.0000  0.0000 -0.0000 -0.0000  0.0000  0.0000  0.0000 -0.0000  0.9899 -0.0000  0.0000 -0.0000 -0.0000  0.0000 -0.0000 -0.0000
   13  17.1338 THz  -0.0000  0.0000  0.0000  0.0000 -0.0000  0.0000  0.0000  0.0000  0.0000  0.0000 -0.0000 -0.0000  0.0000 -0.0000 -0.6400  0.3006 -0.0000 -0.0000 -0.0000  0.0000  0.0000 -0.0000 -0.0000 -0.0000  0.6400 -0.3006  0.0000 -0.0000  0.0000  0.0000
   14  25.2413 THz   0.0000  0.0000 -0.0000 -0.0000  0.0000  0.0000  0.0000 -0.0000  0.0000  0.0000 -0.0000 -0.0000  0.0000  0.0000 -0.6609  0.2513 -0.0000  0.0000 -0.0000 -0.0000  0.0000 -0.0000 -0.0000 -0.0000 -0.6609  0.2513  0.0000 -0.0000  0.0000  0.0000


 Q= -0.129929  0.000000 -0.129929, q= -0.500000  0.000000 -0.500000

                       Ti X   0        Ti Y   0        Ti Z   0        Pb X   1        Pb Y   1        Pb Z   1         O X   2         O Y   2         O Z   2         O X   3         O Y   3         O Z   3         O X   4         O Y   4         O Z   4     
                    --------------- --------------- --------------- --------------- --------------- --------------- --------------- --------------- --------------- --------------- --------------- --------------- --------------- --------------- ---------------
    0   1.4280 THz   0.0026  0.0000  0.0000  0.0000  0.1602 -0.0000 -0.9823  0.0000  0.0000 -0.0000 -0.0160 -0.0000 -0.0016 -0.0000  0.0000  0.0000 -0.0958  0.0000 -0.0000  0.0000  0.0000 -0.0000 -0.0000 -0.0000  0.0000  0.0000  0.0000 -0.0000  0.0000 -0.0000
    1   1.4280 THz  -0.1602  0.0000  0.0000  0.0000  0.0026 -0.0000 -0.0160  0.0000  0.0000 -0.0000  0.9823 -0.0000  0.0958 -0.0000  0.0000  0.0000 -0.0016  0.0000 -0.0000 -0.0000  0.0000 -0.0000  0.0000 -0.0000  0.0000 -0.0000  0.0000  0.0000  0.0000  0.0000
    2   1.5520 THz   0.0000  0.0000  0.0000 -0.0000 -0.0000 -0.0000  0.0000  0.0000  0.9173 -0.3981 -0.0000 -0.0000 -0.0000  0.0000  0.0000 -0.0000  0.0000  0.0000  0.0000 -0.0000  0.0000  0.0000 -0.0000  0.0000  0.0000 -0.0000 -0.0000 -0.0000 -0.0000  0.0000
    3   2.1417 THz  -0.0000  0.0000 -0.0000 -0.0000 -0.0000  0.0000  0.0000 -0.0000 -0.0000 -0.0000  0.0000  0.0000 -0.0000 -0.0000 -0.0000 -0.0000  0.0000 -0.0000  0.1363  0.6938 -0.0000  0.0000 -0.0000  0.0000 -0.0000  0.0000 -0.0000  0.0000 -0.1363 -0.6938
    4   4.2531 THz  -0.0000  0.0000 -0.9899  0.0000  0.0000 -0.0000 -0.0000  0.0000  0.0000  0.0000  0.0000 -0.0000 -0.0000 -0.0000 -0.1418 -0.0000  0.0000  0.0000 -0.0000 -0.0000  0.0000  0.0000 -0.0000 -0.0000  0.0000  0.0000  0.0000  0.0000  0.0000  0.0000
    5   7.5600 THz  -0.0078  0.0000  0.0000 -0.0000  0.3002 -0.0000 -0.0439  0.0000 -0.0000  0.0000  0.0011 -0.0000 -0.0248 -0.0000  0.0000 -0.0000  0.9525 -0.0000 -0.0000 -0.0000 -0.0000 -0.0000 -0.0000 -0.0000  0.0000  0.0000  0.0000  0.0000  0.0000  0.0000
    6   7.5600 THz   0.3002  0.0000 -0.0000 -0.0000  0.0078 -0.0000 -0.0011  0.0000 -0.0000  0.0000 -0.0439 -0.0000  0.9525 -0.0000 -0.0000 -0.0000  0.0248 -0.0000 -0.0000 -0.0000 -0.0000 -0.0000 -0.0000 -0.0000  0.0000  0.0000  0.0000  0.0000 -0.0000 -0.0000
    7   9.7392 THz  -0.0000  0.0000  0.0000 -0.0000 -0.0000 -0.0000 -0.0000  0.0000  0.0000  0.0000 -0.0000 -0.0000 -0.0000  0.0000  0.0000 -0.0000 -0.0000 -0.0000 -0.0000 -0.0000  0.8489  0.4746  0.0000 -0.0000  0.0000 -0.0000 -0.0000  0.2325  0.0000  0.0000
    8   9.7392 THz  -0.0000  0.0000  0.0000  0.0000 -0.0000 -0.0000  0.0000  0.0000  0.0000  0.0000 -0.0000 -0.0000 -0.0000  0.0000  0.0000  0.0000 -0.0000 -0.0000 -0.0000  0.0000 -0.2029 -0.1135  0.0000 -0.0000  0.0000 -0.0000 -0.0000  0.9726  0.0000 -0.0000
    9  13.2637 THz   0.0044  0.0000  0.0000  0.0000 -0.9403  0.0000 -0.1814  0.0000  0.0000 -0.0000  0.0009 -0.0000 -0.0014 -0.0000 -0.0000 -0.0000  0.2880 -0.0000  0.0000  0.0000 -0.0000 -0.0000  0.0000 -0.0000 -0.0000  0.0000 -0.0000  0.0000  0.0000 -0.0000
   10  13.2637 THz   0.9403  0.0000  0.0000 -0.0000  0.0044 -0.0000  0.0009 -0.0000 -0.0000  0.0000  0.1814  0.0000 -0.2880 -0.0000  0.0000  0.0000 -0.0014  0.0000  0.0000 -0.0000  0.0000  0.0000  0.0000 -0.0000 -0.0000  0.0000  0.0000 -0.0000  0.0000 -0.0000
   11  13.8316 THz  -0.0000  0.0000 -0.0000  0.0000  0.0000 -0.0000  0.0000  0.0000  0.0000  0.0000 -0.0000  0.0000  0.0000 -0.0000  0.0000  0.0000 -0.0000  0.0000  0.6179 -0.3438  0.0000  0.0000 -0.0000  0.0000  0.0000 -0.0000  0.0000 -0.0000  0.6179 -0.3438
   12  15.5028 THz  -0.0000  0.0000 -0.1418  0.0000 -0.0000  0.0000 -0.0000  0.0000 -0.0000 -0.0000 -0.0000 -0.0000 -0.0000 -0.0000  0.9899 -0.0000 -0.0000 -0.0000 -0.0000  0.0000 -0.0000 -0.0000 -0.0000 -0.0000  0.0000  0.0000 -0.0000 -0.0000 -0.0000  0.0000
   13  17.1338 THz  -0.0000  0.0000  0.0000 -0.0000 -0.0000  0.0000  0.0000 -0.0000  0.0000 -0.0000  0.0000 -0.0000 -0.0000  0.0000  0.0000  0.0000  0.0000 -0.0000 -0.0000  0.0000  0.0000  0.0000 -0.5181  0.4812  0.5181 -0.4812  0.0000  0.0000 -0.0000  0.0000
   14  25.2413 THz   0.0000  0.0000 -0.0000 -0.0000 -0.0000 -0.0000 -0.0000 -0.0000  0.0000  0.0000 -0.0000 -0.0000 -0.0000 -0.0000 -0.0000 -0.0000  0.0000  0.0000  0.0000 -0.0000  0.0000  0.0000 -0.6592  0.2557 -0.6592  0.2557  0.0000 -0.0000  0.0000 -0.0000


 Q= -0.129929  0.000000  0.000000, q= -0.500000  0.000000  0.000000

                       Ti X   0        Ti Y   0        Ti Z   0        Pb X   1        Pb Y   1        Pb Z   1         O X   2         O Y   2         O Z   2         O X   3         O Y   3         O Z   3         O X   4         O Y   4         O Z   4     
                    --------------- --------------- --------------- --------------- --------------- --------------- --------------- --------------- --------------- --------------- --------------- --------------- --------------- --------------- ---------------
    0   1.4146 THz   0.0000  0.0000 -0.0000 -0.0000  0.0000 -0.0000  0.0000 -0.0000 -0.0000  0.9978 -0.0205 -0.0113 -0.0000 -0.0000 -0.0000 -0.0000 -0.0000  0.0000 -0.0000  0.0000 -0.0000  0.0000 -0.0000 -0.0000  0.0000 -0.0000  0.0000 -0.0624  0.0013  0.0007
    1   1.4146 THz   0.0000  0.0000 -0.0000 -0.0000 -0.0000 -0.0000  0.0000 -0.0000 -0.0000 -0.0234 -0.8735 -0.4822 -0.0000 -0.0000 -0.0000 -0.0000 -0.0000 -0.0000  0.0000  0.0000  0.0000 -0.0000 -0.0000 -0.0000  0.0000 -0.0000  0.0000  0.0015  0.0547  0.0302
    2   3.5111 THz   0.0000  0.0000  0.0000 -0.0000 -0.0000 -0.0000  0.0135 -0.9985 -0.0000 -0.0000  0.0000 -0.0000 -0.0000  0.0000  0.0000 -0.0000 -0.0000  0.0000  0.0000 -0.0000 -0.0000 -0.0000 -0.0000  0.0000  0.0007 -0.0539  0.0000  0.0000 -0.0000  0.0000
    3   4.2047 THz  -0.0000 -0.0000 -0.0920  0.0000  0.9088  0.3851  0.0000 -0.0000  0.0000  0.0000 -0.0000 -0.0000  0.0000 -0.0000 -0.0122  0.0000 -0.0088 -0.0037 -0.0000  0.0000  0.0009 -0.0000  0.1206  0.0511 -0.0000 -0.0000  0.0000 -0.0000 -0.0000  0.0000
    4   4.2047 THz   0.0000  0.0000  0.9870 -0.0000  0.0847  0.0359 -0.0000  0.0000  0.0000  0.0000 -0.0000 -0.0000 -0.0000  0.0000  0.1310 -0.0000 -0.0008 -0.0003  0.0000 -0.0000 -0.0095 -0.0000  0.0112  0.0048 -0.0000  0.0000 -0.0000  0.0000  0.0000  0.0000
    5   6.1615 THz   0.0000  0.0000  0.0020  0.0000 -0.0388 -0.0059  0.0000 -0.0000 -0.0000  0.0000 -0.0000  0.0000 -0.0000 -0.0000 -0.0182  0.0000  0.9186  0.1405  0.0000  0.0000 -0.0465  0.0000  0.3595  0.0550 -0.0000  0.0000 -0.0000 -0.0000  0.0000  0.0000
    6   6.1615 THz   0.0000  0.0000  0.0393 -0.0000  0.0019  0.0003  0.0000  0.0000 -0.0000 -0.0000  0.0000 -0.0000 -0.0000  0.0000 -0.3637  0.0000 -0.0460 -0.0070  0.0000 -0.0000 -0.9293 -0.0000 -0.0180 -0.0028  0.0000  0.0000  0.0000  0.0000 -0.0000 -0.0000
    7   8.6667 THz   0.0000  0.0000 -0.0000 -0.0000  0.0000  0.0000 -0.0000  0.0000 -0.0000  0.0000  0.0000 -0.0000 -0.7071 -0.0000 -0.0000 -0.0000 -0.0000 -0.0000  0.7071  0.0000  0.0000 -0.0000  0.0000  0.0000  0.0000  0.0000  0.0000  0.0000 -0.0000  0.0000
    8   9.0219 THz   0.0000  0.0000 -0.0000 -0.0000  0.0000  0.0000 -0.0000 -0.0000 -0.0000  0.0624  0.0000  0.0000  0.0000 -0.0000 -0.0000  0.0000 -0.0000  0.0000 -0.0000  0.0000  0.0000  0.0000 -0.0000 -0.0000 -0.0000 -0.0000 -0.0000  0.9980  0.0007  0.0004
    9   9.0219 THz   0.0000  0.0000  0.0000  0.0000  0.0000 -0.0000 -0.0000  0.0000 -0.0000  0.0000 -0.0547 -0.0302  0.0000  0.0000  0.0000  0.0000  0.0000 -0.0000 -0.0000 -0.0000  0.0000  0.0000 -0.0000  0.0000 -0.0000  0.0000 -0.0000  0.0008 -0.8737 -0.4824
   10   9.1334 THz   0.6200  0.0000  0.0000  0.0000  0.0000  0.0000 -0.0000 -0.0000  0.0000  0.0000  0.0000  0.0000  0.5548  0.0000 -0.0000  0.0000  0.0000  0.0000  0.5548  0.0000  0.0000  0.0000  0.0000  0.0000  0.0000  0.0000 -0.0000  0.0000  0.0000  0.0000
   11  15.5104 THz   0.7846  0.0000  0.0000  0.0000  0.0000  0.0000  0.0000  0.0000  0.0000  0.0000  0.0000  0.0000 -0.4384  0.0000  0.0000  0.0000  0.0000  0.0000 -0.4384  0.0000  0.0000  0.0000  0.0000  0.0000 -0.0000 -0.0000  0.0000  0.0000  0.0000  0.0000
   12  16.4300 THz   0.0000  0.0000  0.1259 -0.0000 -0.0005  0.0000 -0.0000 -0.0000  0.0000 -0.0000 -0.0000  0.0000  0.0000  0.0000 -0.9220  0.0000 -0.0013  0.0000 -0.0000 -0.0000  0.3662 -0.0000  0.0034 -0.0000  0.0000  0.0000  0.0000 -0.0000 -0.0000 -0.0000
   13  16.4300 THz   0.0000  0.0000  0.0005 -0.0000  0.1259 -0.0010 -0.0000  0.0000  0.0000 -0.0000 -0.0000  0.0000 -0.0000  0.0000 -0.0034 -0.0000  0.3662 -0.0030  0.0000 -0.0000  0.0013  0.0000 -0.9219  0.0075 -0.0000 -0.0000 -0.0000 -0.0000  0.0000  0.0000
   14  23.3155 THz   0.0000  0.0000  0.0000  0.0000 -0.0000 -0.0000  0.0518  0.0150  0.0000  0.0000 -0.0000  0.0000 -0.0000 -0.0000 -0.0000  0.0000 -0.0000 -0.0000  0.0000  0.0000  0.0000 -0.0000  0.0000  0.0000 -0.9591 -0.2779  0.0000  0.0000 -0.0000  0.0000


 Q=  0.000000 -0.129929 -0.129929, q=  0.000000 -0.500000 -0.500000

                       Ti X   0        Ti Y   0        Ti Z   0        Pb X   1        Pb Y   1        Pb Z   1         O X   2         O Y   2         O Z   2         O X   3         O Y   3         O Z   3         O X   4         O Y   4         O Z   4     
                    --------------- --------------- --------------- --------------- --------------- --------------- --------------- --------------- --------------- --------------- --------------- --------------- --------------- --------------- ---------------
    0   1.4280 THz   0.0000  0.0000  0.1487  0.0000 -0.0562 -0.0202 -0.0000  0.0000  0.3449  0.1237 -0.9115 -0.0000 -0.0000 -0.0000  0.0000  0.0000  0.0000 -0.0000 -0.0000 -0.0000 -0.0000  0.0000 -0.0000 -0.0000 -0.0000  0.0000 -0.0889 -0.0000  0.0336  0.0121
    1   1.4280 THz   0.0000  0.0000  0.0598  0.0000  0.1399  0.0502 -0.0000  0.0000 -0.8580 -0.3078 -0.3664 -0.0000 -0.0000 -0.0000 -0.0000  0.0000 -0.0000  0.0000  0.0000 -0.0000  0.0000 -0.0000  0.0000 -0.0000 -0.0000  0.0000 -0.0357 -0.0000 -0.0837 -0.0300
    2   1.5520 THz   0.0000  0.0000  0.0000  0.0000 -0.0000 -0.0000  1.0000  0.0000  0.0000  0.0000 -0.0000 -0.0000  0.0000 -0.0000  0.0000 -0.0000  0.0000  0.0000 -0.0000  0.0000 -0.0000 -0.0000 -0.0000  0.0000  0.0000  0.0000 -0.0000 -0.0000  0.0000  0.0000
    3   2.1417 THz   0.0000  0.0000  0.0000 -0.0000 -0.0000 -0.0000 -0.0000 -0.0000  0.0000 -0.0000 -0.0000  0.0000  0.0000 -0.0000  0.0000 -0.0000  0.1885  0.6815 -0.0000 -0.0000 -0.1885 -0.6815  0.0000  0.0000 -0.0000 -0.0000 -0.0000  0.0000  0.0000 -0.0000
    4   4.2531 THz   0.9899  0.0000  0.0000  0.0000  0.0000  0.0000 -0.0000 -0.0000  0.0000  0.0000  0.0000  0.0000 -0.0000  0.0000 -0.0000 -0.0000  0.0000  0.0000 -0.0000  0.0000  0.0000  0.0000  0.0000  0.0000  0.1418  0.0000  0.0000  0.0000  0.0000  0.0000
    5   7.5600 THz   0.0000  0.0000  0.3003  0.0000  0.0017  0.0046 -0.0000  0.0000 -0.0002 -0.0007 -0.0439  0.0000  0.0000 -0.0000  0.0000 -0.0000 -0.0000  0.0000 -0.0000 -0.0000  0.0000 -0.0000 -0.0000  0.0000  0.0000 -0.0000  0.9527  0.0000  0.0053  0.0145
    6   7.5600 THz   0.0000  0.0000  0.0049  0.0000 -0.1034 -0.2819  0.0000  0.0000  0.0151  0.0412 -0.0007  0.0000  0.0000  0.0000  0.0000 -0.0000  0.0000  0.0000  0.0000 -0.0000  0.0000 -0.0000 -0.0000 -0.0000  0.0000  0.0000  0.0154  0.0000 -0.3280 -0.8945
    7   9.7392 THz   0.0000  0.0000 -0.0000  0.0000 -0.0000 -0.0000  0.0000  0.0000  0.0000  0.0000  0.0000  0.0000 -0.4092 -0.8973 -0.0000  0.0000  0.0000  0.0000  0.0793 -0.1455  0.0000  0.0000  0.0000 -0.0000  0.0000 -0.0000 -0.0000  0.0000 -0.0000 -0.0000
    8   9.7392 THz   0.0000  0.0000  0.0000  0.0000 -0.0000 -0.0000 -0.0000  0.0000 -0.0000  0.0000 -0.0000  0.0000 -0.1498 -0.0709 -0.0000  0.0000  0.0000  0.0000  0.1974  0.9662  0.0000  0.0000  0.0000  0.0000 -0.0000  0.0000  0.0000  0.0000 -0.0000 -0.0000
    9  13.2637 THz   0.0000  0.0000  0.9398  0.0000  0.0287 -0.0036  0.0000  0.0000  0.0055 -0.0007  0.1813  0.0000  0.0000 -0.0000  0.0000  0.0000  0.0000  0.0000 -0.0000 -0.0000  0.0000  0.0000 -0.0000 -0.0000  0.0000 -0.0000 -0.2878  0.0000 -0.0088  0.0011
   10  13.2637 THz   0.0000  0.0000  0.0289  0.0000 -0.9325  0.1171 -0.0000 -0.0000 -0.1799  0.0226  0.0056 -0.0000  0.0000 -0.0000 -0.0000 -0.0000 -0.0000 -0.0000 -0.0000 -0.0000 -0.0000 -0.0000  0.0000  0.0000  0.0000  0.0000 -0.0089  0.0000  0.2856 -0.0359
   11  13.8316 THz   0.0000  0.0000 -0.0000 -0.0000 -0.0000  0.0000 -0.0000 -0.0000 -0.0000  0.0000  0.0000  0.0000 -0.0000  0.0000  0.0000 -0.0000  0.3421  0.6188  0.0000 -0.0000  0.3421  0.6188 -0.0000  0.0000  0.0000  0.0000  0.0000  0.0000  0.0000 -0.0000
   12  15.5028 THz  -0.1418  0.0000  0.0000  0.0000  0.0000  0.0000 -0.0000 -0.0000  0.0000  0.0000  0.0000  0.0000 -0.0000  0.0000 -0.0000 -0.0000  0.0000  0.0000 -0.0000  0.0000  0.0000  0.0000  0.0000  0.0000  0.9899  0.0000  0.0000  0.0000  0.0000  0.0000
   13  17.1338 THz   0.0000  0.0000  0.0000 -0.0000  0.0000 -0.0000  0.0000 -0.0000 -0.0000  0.0000  0.0000 -0.0000 -0.0000 -0.0000  0.0000 -0.7071 -0.0000 -0.0000  0.0000 -0.0000 -0.0000 -0.0000 -0.0000  0.7071  0.0000 -0.0000 -0.0000 -0.0000 -0.0000  0.0000
   14  25.2413 THz   0.0000  0.0000 -0.0000  0.0000 -0.0000  0.0000 -0.0000  0.0000  0.0000 -0.0000 -0.0000 -0.0000  0.0000 -0.0000 -0.0000  0.7071 -0.0000 -0.0000  0.0000  0.0000 -0.0000 -0.0000 -0.0000  0.7071 -0.0000  0.0000  0.0000 -0.0000 -0.0000 -0.0000


 Q=  0.000000 -0.129929  0.000000, q=  0.000000 -0.500000  0.000000

                       Ti X   0        Ti Y   0        Ti Z   0        Pb X   1        Pb Y   1        Pb Z   1         O X   2         O Y   2         O Z   2         O X   3         O Y   3         O Z   3         O X   4         O Y   4         O Z   4     
                    --------------- --------------- --------------- --------------- --------------- --------------- --------------- --------------- --------------- --------------- --------------- --------------- --------------- --------------- ---------------
    0   1.4146 THz  -0.0000  0.0000  0.0000  0.0000 -0.0000  0.0000 -0.8830 -0.4220  0.0000  0.0000  0.1334 -0.1434  0.0552  0.0264  0.0000 -0.0000 -0.0083  0.0090  0.0000 -0.0000  0.0000 -0.0000 -0.0000  0.0000  0.0000 -0.0000 -0.0000 -0.0000 -0.0000  0.0000
    1   1.4146 THz   0.0000  0.0000 -0.0000  0.0000 -0.0000  0.0000  0.1767  0.0845  0.0000  0.0000  0.6665 -0.7166 -0.0111 -0.0053 -0.0000  0.0000 -0.0417  0.0448 -0.0000  0.0000  0.0000 -0.0000 -0.0000  0.0000 -0.0000  0.0000 -0.0000  0.0000  0.0000  0.0000
    2   3.5111 THz   0.0000  0.0000  0.0000  0.0000 -0.0000 -0.0000 -0.0000  0.0000  0.0000  0.9985 -0.0000 -0.0000  0.0000 -0.0000  0.0000  0.0539 -0.0000  0.0000  0.0000  0.0000  0.0000 -0.0000 -0.0000 -0.0000  0.0000  0.0000  0.0000  0.0000  0.0000  0.0000
    3   4.2047 THz   0.9911  0.0000 -0.0000  0.0000  0.0174  0.0000 -0.0000 -0.0000  0.0000  0.0000  0.0000  0.0000  0.0000  0.0000 -0.0000 -0.0000  0.0000 -0.0000 -0.0096  0.0000 -0.0000 -0.0000  0.0023  0.0000  0.1316  0.0000 -0.0000  0.0000 -0.0002 -0.0000
    4   4.2047 THz  -0.0174  0.0000 -0.0000  0.0000  0.9911  0.0000 -0.0000 -0.0000  0.0000  0.0000  0.0000  0.0000  0.0000  0.0000 -0.0000  0.0000  0.0000 -0.0000  0.0002  0.0000 -0.0000 -0.0000  0.1316  0.0000 -0.0023  0.0000 -0.0000  0.0000 -0.0096 -0.0000
    5   6.1615 THz   0.0393  0.0000  0.0000  0.0000  0.0000  0.0000 -0.0000 -0.0000  0.0000 -0.0000 -0.0000 -0.0000 -0.0000  0.0000 -0.0000 -0.0000  0.0000  0.0000 -0.9305 -0.0000 -0.0000 -0.0000 -0.0001 -0.0000 -0.3642 -0.0000  0.0000  0.0000 -0.0002 -0.0000
    6   6.1615 THz  -0.0000  0.0000  0.0000  0.0000  0.0393  0.0000  0.0000 -0.0000  0.0000  0.0000 -0.0000 -0.0000 -0.0000 -0.0000 -0.0000  0.0000  0.0000  0.0000  0.0002  0.0000  0.0000 -0.0000 -0.3642 -0.0000  0.0001  0.0000  0.0000  0.0000 -0.9305 -0.0000
    7   8.6667 THz   0.0000  0.0000 -0.0000  0.0000  0.0000 -0.0000  0.0000 -0.0000 -0.0000  0.0000 -0.0000  0.0000 -0.0000 -0.0000  0.0000  0.0000 -0.0000 -0.0000 -0.0000  0.0000  0.7071 -0.0000 -0.0000  0.0000 -0.0000  0.0000 -0.7071  0.0000 -0.0000 -0.0000
    8   9.0219 THz  -0.0000  0.0000  0.0000  0.0000 -0.0000  0.0000  0.0305  0.0507 -0.0000  0.0000  0.0201 -0.0007  0.4869  0.8097 -0.0000  0.0000  0.3215 -0.0113  0.0000 -0.0000  0.0000  0.0000 -0.0000 -0.0000 -0.0000  0.0000 -0.0000  0.0000 -0.0000 -0.0000
    9   9.0219 THz   0.0000 -0.0000 -0.0000 -0.0000 -0.0000 -0.0000 -0.0104 -0.0172 -0.0000  0.0000  0.0591 -0.0021 -0.1658 -0.2757 -0.0000  0.0000  0.9442 -0.0332 -0.0000  0.0000  0.0000 -0.0000  0.0000 -0.0000  0.0000 -0.0000 -0.0000  0.0000  0.0000 -0.0000
   10   9.1334 THz   0.0000  0.0000  0.6200  0.0000  0.0000  0.0000  0.0000 -0.0000 -0.0000 -0.0000  0.0000  0.0000 -0.0000 -0.0000 -0.0000 -0.0000  0.0000 -0.0000  0.0000  0.0000  0.5548  0.0000  0.0000  0.0000  0.0000 -0.0000  0.5548  0.0000  0.0000  0.0000
   11  15.5104 THz  -0.0000  0.0000 -0.7846  0.0000  0.0000  0.0000 -0.0000  0.0000  0.0000  0.0000  0.0000  0.0000 -0.0000 -0.0000 -0.0000 -0.0000  0.0000 -0.0000 -0.0000 -0.0000  0.4384 -0.0000  0.0000  0.0000  0.0000 -0.0000  0.4384 -0.0000 -0.0000 -0.0000
   12  16.4300 THz  -0.0001  0.0000  0.0000 -0.0000 -0.1259  0.0000  0.0000  0.0000 -0.0000 -0.0000 -0.0000  0.0000  0.0000  0.0000 -0.0000 -0.0000 -0.0000 -0.0000 -0.0001 -0.0000  0.0000  0.0000  0.9220 -0.0000  0.0004 -0.0000  0.0000 -0.0000 -0.3662  0.0000
   13  16.4300 THz   0.1259  0.0000 -0.0000 -0.0000 -0.0001  0.0000  0.0000 -0.0000 -0.0000  0.0000 -0.0000  0.0000  0.0000 -0.0000 -0.0000 -0.0000 -0.0000 -0.0000  0.3662 -0.0000  0.0000  0.0000  0.0004 -0.0000 -0.9220  0.0000  0.0000 -0.0000 -0.0001  0.0000
   14  23.3155 THz  -0.0000  0.0000  0.0000  0.0000  0.0000  0.0000  0.0000  0.0000  0.0000  0.0539  0.0000 -0.0000 -0.0000 -0.0000 -0.0000 -0.9985  0.0000 -0.0000 -0.0000  0.0000 -0.0000 -0.0000  0.0000 -0.0000  0.0000  0.0000 -0.0000 -0.0000  0.0000  0.0000


 Q=  0.000000  0.000000 -0.129929, q=  0.000000  0.000000 -0.500000

                       Ti X   0        Ti Y   0        Ti Z   0        Pb X   1        Pb Y   1        Pb Z   1         O X   2         O Y   2         O Z   2         O X   3         O Y   3         O Z   3         O X   4         O Y   4         O Z   4     
                    --------------- --------------- --------------- --------------- --------------- --------------- --------------- --------------- --------------- --------------- --------------- --------------- --------------- --------------- ---------------
    0   1.4146 THz   0.0000  0.0000  0.0000 -0.0000 -0.0000  0.0000  0.5152 -0.7764  0.3576  0.0047  0.0000  0.0000 -0.0000 -0.0000 -0.0000  0.0000 -0.0000  0.0000 -0.0322  0.0486 -0.0224 -0.0003  0.0000 -0.0000 -0.0000 -0.0000 -0.0000  0.0000 -0.0000  0.0000
    1   1.4146 THz   0.0000  0.0000 -0.0000 -0.0000 -0.0000 -0.0000  0.1977 -0.2980 -0.9317 -0.0122 -0.0000 -0.0000 -0.0000 -0.0000 -0.0000  0.0000 -0.0000  0.0000 -0.0124  0.0186  0.0583  0.0008  0.0000  0.0000 -0.0000 -0.0000  0.0000  0.0000 -0.0000  0.0000
    2   3.5111 THz   0.0000  0.0000  0.0000 -0.0000 -0.0000  0.0000  0.0000  0.0000 -0.0000  0.0000 -0.0000  0.9985  0.0000 -0.0000 -0.0000 -0.0000 -0.0000  0.0000  0.0000 -0.0000 -0.0000  0.0000 -0.0000  0.0539  0.0000 -0.0000 -0.0000  0.0000  0.0000  0.0000
    3   4.2047 THz   0.9746  0.0000  0.1810  0.0000  0.0000 -0.0000 -0.0000  0.0000 -0.0000  0.0000  0.0000 -0.0000 -0.0094  0.0000  0.0240  0.0000  0.0000 -0.0000  0.0000 -0.0000  0.0000 -0.0000  0.0000 -0.0000  0.1294  0.0000 -0.0018  0.0000  0.0000 -0.0000
    4   4.2047 THz  -0.1810  0.0000  0.9746  0.0000  0.0000 -0.0000 -0.0000  0.0000 -0.0000  0.0000  0.0000 -0.0000  0.0018  0.0000  0.1294  0.0000  0.0000 -0.0000  0.0000 -0.0000  0.0000 -0.0000  0.0000 -0.0000 -0.0240  0.0000 -0.0094  0.0000 -0.0000 -0.0000
    5   6.1615 THz   0.0000  0.0000  0.0393 -0.0000  0.0000 -0.0000 -0.0000  0.0000 -0.0000  0.0000  0.0000  0.0000 -0.0000 -0.0000 -0.3642  0.0000  0.0000 -0.0000  0.0000  0.0000 -0.0000 -0.0000  0.0000  0.0000 -0.0000 -0.0000 -0.9305  0.0000  0.0000 -0.0000
    6   6.1615 THz   0.0393  0.0000 -0.0000  0.0000 -0.0000  0.0000 -0.0000  0.0000  0.0000 -0.0000 -0.0000 -0.0000 -0.9305 -0.0000  0.0000 -0.0000 -0.0000  0.0000 -0.0000 -0.0000  0.0000  0.0000 -0.0000 -0.0000 -0.3642 -0.0000  0.0000 -0.0000 -0.0000  0.0000
    7   8.6667 THz  -0.0000  0.0000  0.0000 -0.0000 -0.0000  0.0000  0.0000 -0.0000 -0.0000  0.0000 -0.0000 -0.0000  0.0000 -0.0000 -0.0000 -0.0000 -0.7005  0.0963 -0.0000  0.0000 -0.0000  0.0000 -0.0000  0.0000  0.0000 -0.0000 -0.0000 -0.0000  0.7005 -0.0963
    8   9.0219 THz   0.0000  0.0000 -0.0000  0.0000  0.0000 -0.0000 -0.0276 -0.0558 -0.0049 -0.0010 -0.0000  0.0000  0.0000  0.0000 -0.0000 -0.0000  0.0000 -0.0000 -0.4410 -0.8917 -0.0786 -0.0162 -0.0000 -0.0000 -0.0000  0.0000 -0.0000 -0.0000  0.0000 -0.0000
    9   9.0219 THz   0.0000  0.0000 -0.0000 -0.0000  0.0000  0.0000 -0.0022 -0.0045  0.0610  0.0126  0.0000  0.0000  0.0000  0.0000 -0.0000  0.0000  0.0000 -0.0000 -0.0356 -0.0719  0.9743  0.2011  0.0000  0.0000 -0.0000  0.0000 -0.0000 -0.0000  0.0000  0.0000
   10   9.1334 THz  -0.0000  0.0000  0.0000  0.0000 -0.6200 -0.0000 -0.0000 -0.0000  0.0000  0.0000  0.0000  0.0000  0.0000  0.0000 -0.0000 -0.0000 -0.5548 -0.0000 -0.0000 -0.0000  0.0000  0.0000 -0.0000  0.0000  0.0000  0.0000 -0.0000 -0.0000 -0.5548 -0.0000
   11  15.5104 THz  -0.0000  0.0000  0.0000  0.0000 -0.7846  0.0000 -0.0000  0.0000 -0.0000  0.0000 -0.0000 -0.0000  0.0000 -0.0000 -0.0000  0.0000  0.4384 -0.0000 -0.0000 -0.0000 -0.0000  0.0000 -0.0000 -0.0000  0.0000 -0.0000 -0.0000  0.0000  0.4384 -0.0000
   12  16.4300 THz  -0.0069  0.0000 -0.1257 -0.0000 -0.0000  0.0000  0.0000 -0.0000 -0.0000 -0.0000 -0.0000  0.0000 -0.0201 -0.0000  0.9206  0.0000  0.0000 -0.0000 -0.0000 -0.0000 -0.0000  0.0000  0.0000 -0.0000  0.0505 -0.0000 -0.3656 -0.0000  0.0000 -0.0000
   13  16.4300 THz   0.1257  0.0000 -0.0069 -0.0000 -0.0000  0.0000  0.0000  0.0000 -0.0000 -0.0000 -0.0000  0.0000  0.3656 -0.0000  0.0505  0.0000  0.0000 -0.0000  0.0000  0.0000 -0.0000  0.0000  0.0000 -0.0000 -0.9206 -0.0000 -0.0201 -0.0000  0.0000 -0.0000
   14  23.3155 THz   0.0000  0.0000  0.0000 -0.0000 -0.0000  0.0000  0.0000 -0.0000 -0.0000 -0.0000 -0.0000  0.0539 -0.0000 -0.0000  0.0000  0.0000 -0.0000 -0.0000 -0.0000 -0.0000  0.0000  0.0000  0.0000 -0.9985  0.0000 -0.0000  0.0000 -0.0000 -0.0000 -0.0000


 Q=  0.000000  0.000000  0.000000, q=  0.000000  0.000000  0.000000

                       Ti X   0        Ti Y   0        Ti Z   0        Pb X   1        Pb Y   1        Pb Z   1         O X   2         O Y   2         O Z   2         O X   3         O Y   3         O Z   3         O X   4         O Y   4         O Z   4     
                    --------------- --------------- --------------- --------------- --------------- --------------- --------------- --------------- --------------- --------------- --------------- --------------- --------------- --------------- ---------------
    0  -0.0000 THz  -0.0204  0.0000  0.1274  0.0000  0.3759  0.0000 -0.0424  0.0000  0.2651  0.0000  0.7821  0.0000 -0.0118  0.0000  0.0737  0.0000  0.2173  0.0000 -0.0118  0.0000  0.0737  0.0000  0.2173  0.0000 -0.0118  0.0000  0.0737  0.0000  0.2173  0.0000
    1  -0.0000 THz   0.0034  0.0000 -0.3763  0.0000  0.1277  0.0000  0.0072  0.0000 -0.7829  0.0000  0.2658  0.0000  0.0020  0.0000 -0.2176  0.0000  0.0738  0.0000  0.0020  0.0000 -0.2176  0.0000  0.0738  0.0000  0.0020  0.0000 -0.2176  0.0000  0.0738  0.0000
    2   0.0000 THz   0.3969  0.0000  0.0098  0.0000  0.0182  0.0000  0.8257  0.0000  0.0204  0.0000  0.0379  0.0000  0.2295  0.0000  0.0057  0.0000  0.0105  0.0000  0.2295  0.0000  0.0057  0.0000  0.0105  0.0000  0.2295  0.0000  0.0057  0.0000  0.0105  0.0000
    3  -3.0516 THz   0.0680  0.0000 -0.0782  0.0000  0.0103  0.0000  0.2512  0.0000 -0.2891  0.0000  0.0379  0.0000 -0.3821  0.0000  0.2963  0.0000 -0.0577  0.0000 -0.3821  0.0000  0.4397  0.0000 -0.0388  0.0000 -0.2575  0.0000  0.4397  0.0000 -0.0577  0.0000
    4  -3.0516 THz  -0.0511  0.0000 -0.0333  0.0000  0.0844  0.0000 -0.1888  0.0000 -0.1232  0.0000  0.3120  0.0000  0.2872  0.0000  0.1262  0.0000 -0.4745  0.0000  0.2872  0.0000  0.1873  0.0000 -0.3197  0.0000  0.1935  0.0000  0.1873  0.0000 -0.4745  0.0000
    5   3.6449 THz   0.4124  0.0000  0.4124  0.0000  0.4124  0.0000 -0.3180  0.0000 -0.3180  0.0000 -0.3180  0.0000  0.1488  0.0000  0.1336  0.0000  0.1488  0.0000  0.1488  0.0000  0.1488  0.0000  0.1336  0.0000  0.1336  0.0000  0.1488  0.0000  0.1488  0.0000
    6   4.5757 THz   0.3651  0.0000  0.3735  0.0000 -0.7386  0.0000 -0.1654  0.0000 -0.1692  0.0000  0.3345  0.0000 -0.0295  0.0000  0.0230  0.0000  0.0596  0.0000 -0.0295  0.0000 -0.0301  0.0000 -0.0455  0.0000  0.0225  0.0000 -0.0301  0.0000  0.0596  0.0000
    7   4.5757 THz  -0.6421  0.0000  0.6372  0.0000  0.0048  0.0000  0.2908  0.0000 -0.2886  0.0000 -0.0022  0.0000  0.0518  0.0000  0.0392  0.0000 -0.0004  0.0000  0.0518  0.0000 -0.0514  0.0000  0.0003  0.0000 -0.0395  0.0000 -0.0514  0.0000 -0.0004  0.0000
    8   7.3230 THz   0.0000  0.0000  0.0000  0.0000  0.0000  0.0000  0.0000  0.0000  0.0000  0.0000  0.0000  0.0000 -0.1885  0.0000 -0.0000  0.0000 -0.6802  0.0000  0.1885  0.0000  0.0427  0.0000  0.0000  0.0000 -0.0000  0.0000 -0.0427  0.0000  0.6802  0.0000
    9   7.3230 THz  -0.0000  0.0000  0.0000  0.0000  0.0000  0.0000 -0.0000  0.0000 -0.0000  0.0000 -0.0000  0.0000 -0.0011  0.0000  0.0000  0.0000  0.0446  0.0000  0.0011  0.0000  0.7057  0.0000  0.0000  0.0000 -0.0000  0.0000 -0.7057  0.0000 -0.0446  0.0000
   10   7.3230 THz   0.0000  0.0000  0.0000  0.0000 -0.0000  0.0000 -0.0000  0.0000 -0.0000  0.0000  0.0000  0.0000  0.6815  0.0000  0.0000  0.0000 -0.1880  0.0000 -0.6815  0.0000  0.0130  0.0000  0.0000  0.0000 -0.0000  0.0000 -0.0130  0.0000  0.1880  0.0000
   11  12.7633 THz  -0.2320  0.0000 -0.2320  0.0000 -0.2320  0.0000 -0.0392  0.0000 -0.0392  0.0000 -0.0392  0.0000  0.3540  0.0000 -0.1655  0.0000  0.3540  0.0000  0.3540  0.0000  0.3540  0.0000 -0.1655  0.0000 -0.1655  0.0000  0.3540  0.0000  0.3540  0.0000
   12  17.0335 THz   0.0925  0.0000 -0.0449  0.0000 -0.0476  0.0000  0.0141  0.0000 -0.0068  0.0000 -0.0073  0.0000  0.2571  0.0000  0.3521  0.0000 -0.1322  0.0000  0.2571  0.0000 -0.1249  0.0000  0.3728  0.0000 -0.7249  0.0000 -0.1249  0.0000 -0.1322  0.0000
   13  17.0335 THz   0.0015  0.0000 -0.0809  0.0000  0.0793  0.0000  0.0002  0.0000 -0.0123  0.0000  0.0121  0.0000  0.0042  0.0000  0.6338  0.0000  0.2205  0.0000  0.0042  0.0000 -0.2248  0.0000 -0.6219  0.0000 -0.0119  0.0000 -0.2248  0.0000  0.2205  0.0000
   14  22.4863 THz   0.2383  0.0000  0.2383  0.0000  0.2383  0.0000  0.0526  0.0000  0.0526  0.0000  0.0526  0.0000 -0.0406  0.0000 -0.5201  0.0000 -0.0406  0.0000 -0.0406  0.0000 -0.0406  0.0000 -0.5201  0.0000 -0.5201  0.0000 -0.0406  0.0000 -0.0406  0.0000
