
Used Primitive lattice vector

    3.891492000000      0.000000000000      0.000000000000  
    0.000000000000      3.891492000000      0.000000000000  
    0.000000000000      0.000000000000      4.268582000000  

   5 Atom(s) in the Primitive cell

 0.5000000000 0.5000000000 0.5339540000 Ti    0
 -0.0000000000 0.0000000000 0.9973500000 Pb    1
 0.5000000000 0.5000000000 0.1169060000  O    2
 -0.0000000000 0.5000000000 0.6188460000  O    3
 0.5000000000 -0.0000000000 0.6188450000  O    4


 Q= -0.128485 -0.064243  0.000000, q= -0.500000 -0.250000  0.000000

                       Ti X   0        Ti Y   0        Ti Z   0        Pb X   1        Pb Y   1        Pb Z   1         O X   2         O Y   2         O Z   2         O X   3         O Y   3         O Z   3         O X   4         O Y   4         O Z   4     
                    --------------- --------------- --------------- --------------- --------------- --------------- --------------- --------------- --------------- --------------- --------------- --------------- --------------- --------------- ---------------
    0   1.9586 THz  -0.1400  0.0000  0.0000  0.0001 -0.0001  0.0000 -0.0000 -0.0005  0.9402 -0.0000  0.0000 -0.3101  0.0027 -0.0000 -0.0000  0.0002 -0.0005  0.0000 -0.0000  0.0000 -0.0083 -0.0000  0.0000  0.0006 -0.0167 -0.0000 -0.0000  0.0006 -0.0006  0.0000
    1   2.0975 THz  -0.0156  0.0000  0.0000 -0.0055  0.0007  0.0000 -0.0000  0.0246 -0.3145  0.0000 -0.0000 -0.9457 -0.0684  0.0000  0.0000  0.0010  0.0010  0.0000 -0.0000  0.0001 -0.0040  0.0000 -0.0000 -0.0231 -0.0267  0.0000  0.0000  0.0013  0.0007  0.0000
    2   2.5158 THz   0.0000  0.0000  0.0000 -0.2355  0.0006  0.0000 -0.0000  0.9704  0.0083  0.0000 -0.0000  0.0237  0.0024  0.0000 -0.0000  0.0129  0.0332  0.0000 -0.0000  0.0244  0.0008  0.0000 -0.0000  0.0009 -0.0006 -0.0000  0.0000 -0.0044  0.0190  0.0000
    3   5.8896 THz  -0.0025  0.0000  0.0000 -0.0624 -0.6682 -0.0000  0.0000  0.0083 -0.0009 -0.0000 -0.0000  0.0004 -0.0061 -0.0000 -0.0000  0.2250 -0.3600 -0.0000  0.0000 -0.0682  0.0031 -0.0000  0.0000 -0.0017 -0.0020  0.0000 -0.0000  0.0430 -0.6023 -0.0000
    4   6.8049 THz   0.2984  0.0000  0.0000  0.1161  0.0402 -0.0000 -0.0000  0.0266  0.0288  0.0000 -0.0000 -0.0569  0.3276  0.0000  0.0000  0.1618  0.0248 -0.0000  0.0000  0.0028 -0.6234 -0.0000 -0.0000  0.2433  0.5543  0.0000  0.0000  0.0399 -0.0184 -0.0000
    5   6.8963 THz  -0.0619  0.0000  0.0000  0.5396  0.2177 -0.0000  0.0000  0.1185 -0.0062  0.0000  0.0000  0.0124 -0.0547 -0.0000  0.0000  0.7408  0.1142 -0.0000  0.0000  0.0251  0.1406 -0.0000  0.0000 -0.0478 -0.1255  0.0000  0.0000  0.1860 -0.0747  0.0000
    6   8.1212 THz  -0.2357  0.0000 -0.0000  0.0141  0.0084 -0.0000 -0.0000  0.0045 -0.0083  0.0000 -0.0000  0.0616 -0.8084 -0.0000 -0.0000  0.0096 -0.0003 -0.0000 -0.0000  0.0041 -0.2947 -0.0000  0.0000 -0.2388  0.3779  0.0000 -0.0000  0.0035 -0.0001 -0.0000
    7   8.9199 THz  -0.1969  0.0000  0.0000  0.0054 -0.0027  0.0000 -0.0000  0.0010 -0.0260  0.0000 -0.0000  0.0097 -0.2715 -0.0000 -0.0000 -0.0026 -0.0038  0.0000  0.0000  0.0019  0.0825  0.0000 -0.0000  0.9367 -0.0494 -0.0000  0.0000 -0.0004  0.0050 -0.0000
    8   9.4791 THz  -0.0026  0.0000  0.0000 -0.5831  0.4979  0.0000  0.0000 -0.1402 -0.0005 -0.0000  0.0000  0.0005 -0.0038 -0.0000 -0.0000  0.1975  0.2246  0.0000  0.0000 -0.0396 -0.0015 -0.0000 -0.0000  0.0079  0.0013 -0.0000 -0.0000  0.0618 -0.5455 -0.0000
    9  10.1810 THz  -0.0023  0.0000 -0.0000 -0.5256 -0.2387  0.0000 -0.0000 -0.1412  0.0001 -0.0000  0.0000  0.0005 -0.0052  0.0000  0.0000  0.5552 -0.0493  0.0000 -0.0000 -0.1227 -0.0006  0.0000 -0.0000 -0.0008  0.0009 -0.0000 -0.0000 -0.0448  0.5649 -0.0000
   10  11.6330 THz  -0.7395  0.0000  0.0000  0.0001 -0.0004 -0.0000  0.0000 -0.0003 -0.1077 -0.0000 -0.0000  0.0402  0.2764  0.0000 -0.0000 -0.0014 -0.0020 -0.0000  0.0000 -0.0011 -0.5139 -0.0000  0.0000 -0.0499 -0.3112 -0.0000 -0.0000  0.0022  0.0004  0.0000
   11  13.8735 THz  -0.0008  0.0000 -0.0000  0.0179  0.0109  0.0000  0.0000 -0.0143 -0.0002  0.0000 -0.0000 -0.0013  0.0018  0.0000 -0.0000  0.1597  0.0034  0.0000 -0.0000  0.5707 -0.0022  0.0000 -0.0000 -0.0002 -0.0016  0.0000  0.0000 -0.8012 -0.0784 -0.0000
   12  14.5056 THz   0.4960  0.0000  0.0000  0.0010  0.0009 -0.0000 -0.0000  0.0000  0.0625  0.0000 -0.0000  0.0115 -0.2852 -0.0000 -0.0000  0.0014 -0.0003  0.0000  0.0000  0.0003 -0.4835 -0.0000 -0.0000  0.0311 -0.6587 -0.0000 -0.0000  0.0020  0.0001 -0.0000
   13  19.1816 THz   0.0027  0.0000 -0.0000  0.0221  0.4419  0.0000 -0.0000  0.0382  0.0001 -0.0000  0.0000 -0.0002  0.0034  0.0000 -0.0000  0.0356 -0.8353 -0.0000  0.0000 -0.2633  0.0001 -0.0000 -0.0000 -0.0003  0.0009  0.0000  0.0000 -0.1818  0.0373  0.0000
   14  21.8421 THz   0.0022  0.0000  0.0000 -0.1369  0.0646  0.0000  0.0000 -0.0404 -0.0001  0.0000 -0.0000 -0.0001  0.0043  0.0000  0.0000 -0.0129 -0.3241 -0.0000 -0.0000  0.7632  0.0002  0.0000  0.0000 -0.0003  0.0015 -0.0000 -0.0000  0.5301  0.0822  0.0000


 Q= -0.128485  0.064243  0.000000, q= -0.500000  0.250000  0.000000

                       Ti X   0        Ti Y   0        Ti Z   0        Pb X   1        Pb Y   1        Pb Z   1         O X   2         O Y   2         O Z   2         O X   3         O Y   3         O Z   3         O X   4         O Y   4         O Z   4     
                    --------------- --------------- --------------- --------------- --------------- --------------- --------------- --------------- --------------- --------------- --------------- --------------- --------------- --------------- ---------------
    0   1.9586 THz  -0.1400  0.0000  0.0000 -0.0001 -0.0001  0.0000  0.0000 -0.0005 -0.9402 -0.0000 -0.0000 -0.3101  0.0027  0.0000 -0.0000 -0.0002 -0.0005 -0.0000  0.0000  0.0000  0.0083  0.0000 -0.0000  0.0006 -0.0167  0.0000  0.0000 -0.0006 -0.0006 -0.0000
    1   2.0975 THz  -0.0156  0.0000 -0.0000  0.0055  0.0007  0.0000 -0.0000  0.0246  0.3145  0.0000  0.0000 -0.9457 -0.0684 -0.0000  0.0000 -0.0010  0.0010  0.0000 -0.0000  0.0001  0.0040  0.0000  0.0000 -0.0231 -0.0267 -0.0000  0.0000 -0.0013  0.0007  0.0000
    2   2.5158 THz   0.0000  0.0000  0.0000  0.2355  0.0006 -0.0000  0.0000  0.9704 -0.0083  0.0000  0.0000  0.0237  0.0024 -0.0000 -0.0000 -0.0129  0.0332 -0.0000  0.0000  0.0244 -0.0008  0.0000  0.0000  0.0009 -0.0006  0.0000  0.0000  0.0044  0.0190 -0.0000
    3   5.8896 THz   0.0025  0.0000  0.0000 -0.0624  0.6682  0.0000 -0.0000 -0.0083 -0.0009  0.0000  0.0000 -0.0004  0.0061  0.0000 -0.0000  0.2250  0.3600  0.0000 -0.0000  0.0682  0.0031  0.0000 -0.0000  0.0017  0.0020 -0.0000 -0.0000  0.0430  0.6023  0.0000
    4   6.8049 THz   0.2984  0.0000  0.0000 -0.1161  0.0402  0.0000 -0.0000  0.0266 -0.0288  0.0000  0.0000 -0.0569  0.3276  0.0000  0.0000 -0.1618  0.0248  0.0000 -0.0000  0.0028  0.6234 -0.0000  0.0000  0.2433  0.5543  0.0000  0.0000 -0.0399 -0.0184 -0.0000
    5   6.8963 THz  -0.0619  0.0000  0.0000 -0.5396  0.2177  0.0000 -0.0000  0.1185  0.0062 -0.0000 -0.0000  0.0124 -0.0547  0.0000  0.0000 -0.7408  0.1142  0.0000 -0.0000  0.0251 -0.1406 -0.0000  0.0000 -0.0478 -0.1255 -0.0000  0.0000 -0.1860 -0.0747 -0.0000
    6   8.1212 THz   0.2357  0.0000 -0.0000  0.0141 -0.0084  0.0000 -0.0000 -0.0045 -0.0083 -0.0000 -0.0000 -0.0616  0.8084 -0.0000 -0.0000  0.0096  0.0003  0.0000 -0.0000 -0.0041 -0.2947  0.0000  0.0000  0.2388 -0.3779 -0.0000 -0.0000  0.0035  0.0001  0.0000
    7   8.9199 THz   0.1969  0.0000 -0.0000  0.0054  0.0027  0.0000 -0.0000 -0.0010 -0.0260 -0.0000 -0.0000 -0.0097  0.2715  0.0000  0.0000 -0.0026  0.0038  0.0000 -0.0000 -0.0019  0.0825 -0.0000 -0.0000 -0.9367  0.0494 -0.0000  0.0000 -0.0004 -0.0050 -0.0000
    8   9.4791 THz  -0.0026  0.0000 -0.0000  0.5831  0.4979  0.0000  0.0000 -0.1402  0.0005  0.0000  0.0000  0.0005 -0.0038  0.0000  0.0000 -0.1975  0.2246  0.0000  0.0000 -0.0396  0.0015 -0.0000  0.0000  0.0079  0.0013 -0.0000  0.0000 -0.0618 -0.5455 -0.0000
    9  10.1810 THz  -0.0023  0.0000  0.0000  0.5256 -0.2387  0.0000 -0.0000 -0.1412 -0.0001  0.0000  0.0000  0.0005 -0.0052  0.0000 -0.0000 -0.5552 -0.0493  0.0000 -0.0000 -0.1227  0.0006 -0.0000 -0.0000 -0.0008  0.0009 -0.0000  0.0000  0.0448  0.5649 -0.0000
   10  11.6330 THz  -0.7395  0.0000  0.0000 -0.0001 -0.0004  0.0000 -0.0000 -0.0003  0.1077  0.0000 -0.0000  0.0402  0.2764  0.0000 -0.0000  0.0014 -0.0020 -0.0000  0.0000 -0.0011  0.5139  0.0000 -0.0000 -0.0499 -0.3112 -0.0000  0.0000 -0.0022  0.0004 -0.0000
   11  13.8735 THz  -0.0008  0.0000  0.0000 -0.0179  0.0109  0.0000  0.0000 -0.0143  0.0002  0.0000  0.0000 -0.0013  0.0018  0.0000  0.0000 -0.1597  0.0034  0.0000 -0.0000  0.5707  0.0022  0.0000  0.0000 -0.0002 -0.0016 -0.0000 -0.0000  0.8012 -0.0784 -0.0000
   12  14.5056 THz  -0.4960  0.0000 -0.0000  0.0010 -0.0009  0.0000  0.0000 -0.0000  0.0625  0.0000 -0.0000 -0.0115  0.2852  0.0000 -0.0000  0.0014  0.0003 -0.0000  0.0000 -0.0003 -0.4835 -0.0000  0.0000 -0.0311  0.6587  0.0000  0.0000  0.0020 -0.0001  0.0000
   13  19.1816 THz  -0.0027  0.0000 -0.0000  0.0221 -0.4419 -0.0000  0.0000 -0.0382  0.0001  0.0000  0.0000  0.0002 -0.0034 -0.0000 -0.0000  0.0356  0.8353  0.0000 -0.0000  0.2633  0.0001 -0.0000 -0.0000  0.0003 -0.0009 -0.0000  0.0000 -0.1818 -0.0373 -0.0000
   14  21.8421 THz   0.0022  0.0000 -0.0000  0.1369  0.0646  0.0000  0.0000 -0.0404  0.0001  0.0000  0.0000 -0.0001  0.0043 -0.0000 -0.0000  0.0129 -0.3241 -0.0000 -0.0000  0.7632 -0.0002 -0.0000  0.0000 -0.0003  0.0015  0.0000  0.0000 -0.5301  0.0822  0.0000


 Q= -0.085657 -0.128485  0.078090, q= -0.333333 -0.500000  0.333333

                       Ti X   0        Ti Y   0        Ti Z   0        Pb X   1        Pb Y   1        Pb Z   1         O X   2         O Y   2         O Z   2         O X   3         O Y   3         O Z   3         O X   4         O Y   4         O Z   4     
                    --------------- --------------- --------------- --------------- --------------- --------------- --------------- --------------- --------------- --------------- --------------- --------------- --------------- --------------- ---------------
    0   2.1912 THz  -0.0000  0.0000 -0.0180 -0.1310  0.0000 -0.0000  0.7155  0.5913  0.0000 -0.0000 -0.0330 -0.3385  0.0000 -0.0000  0.0673  0.0069  0.0000  0.0000  0.0000 -0.0000 -0.0044 -0.0081  0.0000  0.0000 -0.0127  0.0112  0.0000  0.0000  0.0130 -0.0114
    1   2.2469 THz   0.1401  0.0000 -0.0000 -0.0000 -0.0979  0.0884  0.0000  0.0000 -0.7358  0.6427 -0.0000 -0.0000 -0.0276  0.0668  0.0000  0.0000 -0.0524 -0.0094 -0.0017 -0.0011 -0.0000 -0.0000 -0.0083 -0.0088 -0.0000  0.0000 -0.0163 -0.0064  0.0000 -0.0000
    2   2.3122 THz   0.0000  0.0000  0.0343  0.0142 -0.0000  0.0000  0.3296  0.0947 -0.0000  0.0000  0.4400  0.8242 -0.0000  0.0000  0.0701  0.0059 -0.0000 -0.0000 -0.0000 -0.0000  0.0247 -0.0081 -0.0000 -0.0000 -0.0126 -0.0182 -0.0000 -0.0000 -0.0015  0.0447
    3   5.3000 THz   0.1091  0.0000  0.0000  0.0000  0.5594 -0.2227 -0.0000 -0.0000 -0.1155  0.0237 -0.0000 -0.0000  0.4047 -0.0869  0.0000  0.0000  0.3132  0.2143  0.0745  0.0362  0.0000 -0.0000  0.5271 -0.0340 -0.0000  0.0000  0.0513  0.0883  0.0000  0.0000
    4   5.4218 THz  -0.0000  0.0000  0.1443  0.0120 -0.0000  0.0000 -0.0323 -0.0649  0.0000 -0.0000 -0.0587 -0.0368 -0.0000  0.0000  0.6626  0.2734 -0.0000 -0.0000 -0.0000 -0.0000  0.1463 -0.0470 -0.0000  0.0000 -0.1316 -0.0005 -0.0000 -0.0000  0.5503  0.3339
    5   6.2048 THz  -0.0000  0.0000 -0.0814 -0.0788 -0.0000  0.0000 -0.0126 -0.0012  0.0000  0.0000  0.0091  0.0238 -0.0000 -0.0000  0.0256  0.1730 -0.0000 -0.0000 -0.0000 -0.0000 -0.5496 -0.4499 -0.0000 -0.0000  0.5177  0.4040 -0.0000  0.0000  0.0627  0.1273
    6   6.8718 THz   0.1416  0.0000 -0.0000  0.0000 -0.4322 -0.3127 -0.0000 -0.0000  0.0656  0.0061  0.0000  0.0000  0.4457  0.4080  0.0000  0.0000  0.0619 -0.3433  0.1100 -0.0718 -0.0000 -0.0000  0.1646  0.3856  0.0000 -0.0000  0.0489 -0.0942  0.0000  0.0000
    7   9.5627 THz   0.6141  0.0000  0.0000  0.0000  0.0673  0.1089 -0.0000  0.0000  0.0486 -0.1119  0.0000 -0.0000  0.3427  0.2689  0.0000 -0.0000 -0.0734  0.0844 -0.0152  0.0641 -0.0000 -0.0000 -0.3802 -0.4896  0.0000  0.0000  0.0240 -0.0130 -0.0000 -0.0000
    8  10.2549 THz  -0.0000  0.0000 -0.3929  0.0040  0.0000  0.0000 -0.0158  0.0749  0.0000 -0.0000 -0.0007  0.0280  0.0000 -0.0000 -0.4246 -0.3660 -0.0000  0.0000 -0.0000  0.0000  0.0063  0.1163 -0.0000 -0.0000 -0.0536  0.0725 -0.0000  0.0000  0.4900  0.5128
    9  10.8178 THz   0.7463  0.0000  0.0000 -0.0000 -0.0376 -0.0032  0.0000 -0.0000  0.1001 -0.0332 -0.0000  0.0000 -0.4203 -0.2957 -0.0000 -0.0000 -0.0195 -0.0095  0.0802 -0.0752  0.0000  0.0000  0.2029  0.3263  0.0000 -0.0000  0.0792  0.0066  0.0000  0.0000
   10  11.9464 THz  -0.0000  0.0000  0.7789 -0.3036  0.0000  0.0000  0.0582 -0.0674  0.0000 -0.0000 -0.0614  0.0087  0.0000  0.0000 -0.3031 -0.1176  0.0000  0.0000  0.0000  0.0000  0.1471  0.0456  0.0000 -0.0000  0.3251 -0.0678 -0.0000 -0.0000  0.1704  0.1439
   11  13.4860 THz   0.0129  0.0000 -0.0000 -0.0000 -0.0126 -0.0031  0.0000 -0.0000  0.0100  0.0112  0.0000 -0.0000 -0.0168 -0.0620  0.0000 -0.0000 -0.0038 -0.0050 -0.1208  0.7427  0.0000 -0.0000  0.0824  0.0253  0.0000 -0.0000  0.1082 -0.6403 -0.0000  0.0000
   12  13.5782 THz  -0.0000  0.0000 -0.1929  0.2386  0.0000  0.0000 -0.0008  0.0401 -0.0000  0.0000  0.0086 -0.0357  0.0000  0.0000  0.0721 -0.1449 -0.0000  0.0000 -0.0000 -0.0000  0.4586 -0.4729 -0.0000  0.0000  0.4729 -0.4567  0.0000  0.0000 -0.0642  0.0796
   13  19.3286 THz  -0.0744  0.0000 -0.0000  0.0000 -0.1659  0.4491 -0.0000 -0.0000 -0.0042 -0.0217  0.0000 -0.0000 -0.0089 -0.0032 -0.0000  0.0000  0.4988 -0.0006  0.4570 -0.0387 -0.0000 -0.0000 -0.0203 -0.0701 -0.0000 -0.0000  0.5458 -0.0475  0.0000 -0.0000
   14  23.5442 THz   0.0932  0.0000  0.0000 -0.0000 -0.1245  0.2700 -0.0000  0.0000  0.0149 -0.0187 -0.0000  0.0000 -0.0064 -0.0167 -0.0000  0.0000  0.6569 -0.1950 -0.4121  0.1145  0.0000 -0.0000 -0.0014  0.0217  0.0000 -0.0000 -0.4812  0.1324  0.0000 -0.0000


 Q= -0.085657  0.000000  0.078090, q= -0.333333  0.000000  0.333333

                       Ti X   0        Ti Y   0        Ti Z   0        Pb X   1        Pb Y   1        Pb Z   1         O X   2         O Y   2         O Z   2         O X   3         O Y   3         O Z   3         O X   4         O Y   4         O Z   4     
                    --------------- --------------- --------------- --------------- --------------- --------------- --------------- --------------- --------------- --------------- --------------- --------------- --------------- --------------- ---------------
    0   1.7804 THz   0.1353  0.0000 -0.0000  0.0000  0.2508  0.0315  0.5507  0.0515 -0.0000  0.0000  0.7484  0.0895  0.0702  0.0217 -0.0000 -0.0000  0.0572  0.1052  0.0279  0.0340 -0.0000 -0.0000  0.0874  0.0736  0.0056  0.0038 -0.0000  0.0000  0.0851  0.0410
    1   1.7909 THz   0.0000  0.0000  0.0730 -0.0279  0.0000  0.0000  0.0000  0.0000  0.6473 -0.7572  0.0000  0.0000  0.0000  0.0000  0.0076  0.0225  0.0000  0.0000  0.0000  0.0000  0.0180  0.0117  0.0000  0.0000  0.0000  0.0000  0.0211 -0.0019  0.0000  0.0000
    2   2.5048 THz  -0.1028  0.0000 -0.0000  0.0000  0.1576  0.0573  0.6677  0.3722  0.0000 -0.0000 -0.5265 -0.2974 -0.0231  0.0068 -0.0000  0.0000  0.0213  0.0567  0.0163  0.0402 -0.0000  0.0000  0.0009 -0.0383  0.0069  0.0407 -0.0000  0.0000  0.0313 -0.0309
    3   4.5980 THz   0.0000  0.0000 -0.8079  0.5274  0.0000 -0.0000 -0.0000  0.0000  0.0337 -0.0746 -0.0000  0.0000  0.0000 -0.0000 -0.1987  0.0101  0.0000 -0.0000  0.0000 -0.0000 -0.0455  0.0157  0.0000 -0.0000  0.0000 -0.0000 -0.1197  0.0788  0.0000 -0.0000
    4   4.6961 THz   0.0837  0.0000  0.0000 -0.0000  0.3593 -0.4346 -0.1938  0.2129 -0.0000  0.0000 -0.0977  0.1562  0.3527 -0.1509  0.0000  0.0000  0.3546  0.0078  0.0938 -0.0029  0.0000 -0.0000  0.3184 -0.1886  0.0301 -0.0490  0.0000 -0.0000  0.2340 -0.2854
    5   6.1971 THz  -0.1711  0.0000  0.0000 -0.0000  0.3540  0.0988 -0.0986 -0.0647 -0.0000  0.0000  0.0342  0.0485 -0.3492 -0.4376  0.0000  0.0000  0.0453  0.2140 -0.0870  0.0894  0.0000  0.0000 -0.3363 -0.4367 -0.1416  0.1371  0.0000 -0.0000  0.2498  0.1905
    6   8.4606 THz   0.0000  0.0000  0.2108  0.0201  0.0000 -0.0000 -0.0000  0.0000 -0.0056 -0.0152 -0.0000 -0.0000  0.0000 -0.0000 -0.8069 -0.3416  0.0000 -0.0000  0.0000 -0.0000 -0.1389 -0.3271 -0.0000 -0.0000  0.0000 -0.0000 -0.1398 -0.2029  0.0000  0.0000
    7   8.7599 THz  -0.6581  0.0000  0.0000  0.0000  0.0786 -0.0467 -0.0012 -0.0232 -0.0000 -0.0000  0.0915  0.0447 -0.0118  0.1098 -0.0000 -0.0000  0.0153  0.0085 -0.1749  0.0232 -0.0000 -0.0000  0.1575  0.1624 -0.6087 -0.0014 -0.0000 -0.0000 -0.1272 -0.2572
    8   9.7563 THz   0.2287  0.0000  0.0000  0.0000  0.2462  0.2746 -0.0634 -0.0664  0.0000 -0.0000 -0.0197 -0.0211 -0.1512 -0.2580  0.0000 -0.0000 -0.1110  0.2252 -0.0990  0.1003 -0.0000 -0.0000  0.0390  0.1263  0.1530  0.0450 -0.0000 -0.0000 -0.4179 -0.6423
    9   9.7619 THz  -0.0000  0.0000  0.0297  0.0845 -0.0000 -0.0000  0.0000  0.0000  0.0156 -0.0178  0.0000  0.0000  0.0000  0.0000  0.3871 -0.1531  0.0000 -0.0000  0.0000 -0.0000 -0.8256 -0.2443 -0.0000 -0.0000 -0.0000 -0.0000 -0.2561 -0.1059  0.0000  0.0000
   10  11.1609 THz  -0.4263  0.0000  0.0000 -0.0000 -0.0959  0.0700  0.0112 -0.0037 -0.0000  0.0000  0.0576  0.0576 -0.4007 -0.1648 -0.0000  0.0000  0.0348 -0.1033  0.0330 -0.0860 -0.0000  0.0000  0.5165  0.0705  0.5361  0.0526  0.0000  0.0000  0.1652  0.0059
   11  13.0229 THz  -0.4892  0.0000 -0.0000 -0.0000  0.0225  0.0094 -0.0110 -0.0036  0.0000 -0.0000  0.0937 -0.0231  0.4883  0.0003 -0.0000 -0.0000  0.0642  0.1027 -0.0814  0.1630 -0.0000 -0.0000 -0.4196 -0.0457  0.4934 -0.1059  0.0000 -0.0000 -0.1761 -0.0242
   12  14.1313 THz  -0.0000  0.0000  0.0983 -0.0215 -0.0000  0.0000  0.0000 -0.0000  0.0062 -0.0045  0.0000  0.0000  0.0000  0.0000  0.1115 -0.0794  0.0000  0.0000  0.0000 -0.0000  0.3213 -0.1624  0.0000 -0.0000  0.0000 -0.0000 -0.8252  0.4006  0.0000  0.0000
   13  18.0172 THz  -0.1235  0.0000 -0.0000  0.0000  0.0246  0.3710 -0.0282 -0.0264 -0.0000 -0.0000  0.0351 -0.0036  0.0340  0.0561 -0.0000  0.0000  0.2807 -0.0728  0.7611 -0.3318 -0.0000  0.0000 -0.1111 -0.1169 -0.0880  0.0816  0.0000 -0.0000 -0.1008 -0.1245
   14  23.4863 THz   0.1147  0.0000  0.0000 -0.0000 -0.1625  0.3624  0.0267 -0.0373 -0.0000 -0.0000 -0.0160 -0.0040 -0.0184  0.0310 -0.0000  0.0000  0.7750 -0.1838 -0.4277  0.0828  0.0000 -0.0000 -0.0002 -0.0134 -0.0291  0.0057 -0.0000 -0.0000 -0.0122  0.0065


 Q= -0.042828 -0.064243 -0.078090, q= -0.166667 -0.250000 -0.333333

                       Ti X   0        Ti Y   0        Ti Z   0        Pb X   1        Pb Y   1        Pb Z   1         O X   2         O Y   2         O Z   2         O X   3         O Y   3         O Z   3         O X   4         O Y   4         O Z   4     
                    --------------- --------------- --------------- --------------- --------------- --------------- --------------- --------------- --------------- --------------- --------------- --------------- --------------- --------------- ---------------
    0   1.7214 THz  -0.0668  0.0000 -0.0781  0.0567  0.1403 -0.2120 -0.1284  0.3187 -0.3221  0.5092  0.4388 -0.4532 -0.0275  0.0346 -0.0224  0.0522 -0.0399 -0.1153 -0.0044  0.0217  0.0059  0.0171  0.0201 -0.0947 -0.0029  0.0015  0.0045  0.0392  0.0189 -0.1020
    1   1.9342 THz  -0.1134  0.0000  0.0787 -0.0258  0.0066 -0.0057 -0.7204 -0.4088  0.4184  0.3308  0.0457  0.0377 -0.0006  0.0361 -0.0135 -0.0464  0.0016 -0.0027 -0.0262  0.0095  0.0184 -0.0135  0.0143  0.0068 -0.0152  0.0189  0.0175 -0.0064  0.0007  0.0015
    2   2.3042 THz  -0.1441  0.0000 -0.1178 -0.0305 -0.0482  0.0244  0.3941 -0.1077  0.5290 -0.0775  0.7051  0.0574 -0.0167  0.0090 -0.0284 -0.0161  0.0018  0.0079 -0.0098 -0.0060  0.0047 -0.0269  0.0401 -0.0318  0.0038 -0.0065 -0.0011 -0.0165  0.0440 -0.0314
    3   4.6563 THz  -0.1281  0.0000 -0.0908 -0.0353  0.1026  0.5929  0.0371  0.1142  0.0071  0.1842 -0.0278 -0.2193 -0.0588 -0.1269 -0.1666 -0.2786  0.3143  0.1794 -0.0550 -0.0304 -0.0552 -0.0492  0.0496  0.3373  0.0059 -0.0087 -0.0968 -0.0584  0.1257  0.3234
    4   5.9156 THz   0.4085  0.0000 -0.2809  0.0038 -0.1357  0.0134 -0.0476 -0.0559  0.0237  0.0832  0.0329  0.0174  0.3519 -0.0659 -0.3401  0.1661 -0.0215  0.0705  0.2200 -0.0128 -0.3174 -0.0014 -0.1969  0.1969  0.3081 -0.0312 -0.1547 -0.0214  0.1944 -0.2440
    5   6.9095 THz   0.7271  0.0000  0.0910 -0.0184  0.2105 -0.0278  0.0045 -0.0200  0.1092  0.0339  0.1207 -0.0618  0.1440 -0.1204  0.1730 -0.2807  0.0569 -0.1010  0.1023 -0.0058  0.1941  0.1064  0.1230 -0.0967  0.0236 -0.0594  0.1504  0.0652 -0.1053  0.3198
    6   7.4495 THz   0.2645  0.0000  0.0396 -0.1638  0.0242  0.1259  0.0030 -0.0058  0.0202  0.0438  0.0310 -0.0460 -0.1535 -0.2376  0.1492  0.3637  0.0894  0.0387 -0.0666  0.1395  0.2268 -0.4820  0.0391  0.1952 -0.1969  0.3896  0.0648 -0.1478  0.0004 -0.2678
    7   8.1986 THz  -0.2790  0.0000  0.4066 -0.1878  0.2649 -0.1789  0.0648 -0.0074 -0.0031 -0.0619  0.0243 -0.0361  0.3279 -0.2614  0.1476 -0.2237 -0.0414 -0.1916  0.1643  0.0209  0.0212 -0.0289 -0.1651  0.4417  0.1972  0.0097  0.0637  0.0207  0.0114 -0.1691
    8   8.9832 THz   0.1795  0.0000  0.6137  0.0690 -0.2171  0.0747  0.0076  0.0439 -0.0296 -0.0024  0.1038 -0.0449 -0.3523  0.3220 -0.1075 -0.0336  0.0181  0.1767  0.1318 -0.0513  0.0259  0.0469  0.2088  0.1099  0.2643 -0.0868  0.0381 -0.0462  0.2181 -0.1971
    9  10.1025 THz   0.1551  0.0000 -0.3375 -0.1453  0.0790 -0.0218 -0.0188 -0.0022  0.0433 -0.0207 -0.0370 -0.0026 -0.3767  0.2634  0.2441 -0.2601 -0.0008 -0.0834 -0.0731  0.0072  0.1173  0.2245 -0.3621  0.3229 -0.1601 -0.1767  0.0277  0.0431  0.1357 -0.3192
   10  10.9671 THz   0.0587  0.0000  0.0826  0.0442 -0.1469 -0.0775 -0.0050  0.0197 -0.0087  0.0024  0.0014 -0.0276  0.2555 -0.0821  0.3042 -0.2435  0.0396  0.1227 -0.1327 -0.0500 -0.4178  0.0880  0.2993 -0.0414 -0.4728  0.0873 -0.0724 -0.0856  0.3791 -0.1931
   11  12.6309 THz   0.1365  0.0000  0.2899  0.0238  0.0529 -0.0346  0.0267  0.0113  0.0238  0.0016  0.0761  0.0362 -0.1900 -0.0252 -0.3339 -0.0382  0.0790 -0.1261 -0.0470  0.1102 -0.4917 -0.1578 -0.2905  0.0541 -0.4078 -0.1315  0.0716  0.1618 -0.3584  0.0276
   12  14.4005 THz  -0.0572  0.0000  0.0247 -0.0019  0.0029  0.0062 -0.0074 -0.0064  0.0067  0.0083  0.0001  0.0023 -0.0829 -0.0342  0.0328  0.0038  0.0052 -0.0019  0.7237  0.1944  0.1579  0.0363  0.0008 -0.0675 -0.3214 -0.0938 -0.5158 -0.1203 -0.0180  0.0377
   13  18.1102 THz   0.1043  0.0000  0.1322 -0.0092 -0.0411 -0.3704  0.0111 -0.0130  0.0176 -0.0226  0.0446 -0.0019  0.0017  0.0391 -0.0105  0.0555  0.2965  0.0122 -0.4310 -0.1187  0.1019  0.0707 -0.0942  0.1564  0.0720  0.0551 -0.6430 -0.1746 -0.1002  0.1611
   14  23.8000 THz   0.0986  0.0000  0.1220 -0.0013  0.1901  0.3493  0.0134  0.0167  0.0220  0.0261  0.0193 -0.0043 -0.0052 -0.0059 -0.0151 -0.0187 -0.7774 -0.1327 -0.2470 -0.0439 -0.0231 -0.0011  0.0031 -0.0038 -0.0172  0.0050 -0.3537 -0.0599 -0.0011 -0.0122


 Q= -0.042828  0.064243 -0.078090, q= -0.166667  0.250000 -0.333333

                       Ti X   0        Ti Y   0        Ti Z   0        Pb X   1        Pb Y   1        Pb Z   1         O X   2         O Y   2         O Z   2         O X   3         O Y   3         O Z   3         O X   4         O Y   4         O Z   4     
                    --------------- --------------- --------------- --------------- --------------- --------------- --------------- --------------- --------------- --------------- --------------- --------------- --------------- --------------- ---------------
    0   1.7214 THz  -0.0668  0.0000  0.0781 -0.0567  0.1403 -0.2120 -0.1284  0.3187  0.3221 -0.5092  0.4388 -0.4532 -0.0275  0.0346  0.0224 -0.0522 -0.0399 -0.1153 -0.0044  0.0217 -0.0059 -0.0171  0.0201 -0.0947 -0.0029  0.0015 -0.0045 -0.0392  0.0189 -0.1020
    1   1.9342 THz  -0.1134  0.0000 -0.0787  0.0258  0.0066 -0.0057 -0.7204 -0.4088 -0.4184 -0.3308  0.0457  0.0377 -0.0006  0.0361  0.0135  0.0464  0.0016 -0.0027 -0.0262  0.0095 -0.0184  0.0135  0.0143  0.0068 -0.0152  0.0189 -0.0175  0.0064  0.0007  0.0015
    2   2.3042 THz  -0.1441  0.0000  0.1178  0.0305 -0.0482  0.0244  0.3941 -0.1077 -0.5290  0.0775  0.7051  0.0574 -0.0167  0.0090  0.0284  0.0161  0.0018  0.0079 -0.0098 -0.0060 -0.0047  0.0269  0.0401 -0.0318  0.0038 -0.0065  0.0011  0.0165  0.0440 -0.0314
    3   4.6563 THz   0.1281  0.0000 -0.0908 -0.0353 -0.1026 -0.5929 -0.0371 -0.1142  0.0071  0.1842  0.0278  0.2193  0.0588  0.1269 -0.1666 -0.2786 -0.3143 -0.1794  0.0550  0.0304 -0.0552 -0.0492 -0.0496 -0.3373 -0.0059  0.0087 -0.0968 -0.0584 -0.1257 -0.3234
    4   5.9156 THz   0.4085  0.0000  0.2809 -0.0038 -0.1357  0.0134 -0.0476 -0.0559 -0.0237 -0.0832  0.0329  0.0174  0.3519 -0.0659  0.3401 -0.1661 -0.0215  0.0705  0.2200 -0.0128  0.3174  0.0014 -0.1969  0.1969  0.3081 -0.0312  0.1547  0.0214  0.1944 -0.2440
    5   6.9095 THz   0.7271  0.0000 -0.0910  0.0184  0.2105 -0.0278  0.0045 -0.0200 -0.1092 -0.0339  0.1207 -0.0618  0.1440 -0.1204 -0.1730  0.2807  0.0569 -0.1010  0.1023 -0.0058 -0.1941 -0.1064  0.1230 -0.0967  0.0236 -0.0594 -0.1504 -0.0652 -0.1053  0.3198
    6   7.4495 THz  -0.2645  0.0000  0.0396 -0.1638 -0.0242 -0.1259 -0.0030  0.0058  0.0202  0.0438 -0.0310  0.0460  0.1535  0.2376  0.1492  0.3637 -0.0894 -0.0387  0.0666 -0.1395  0.2268 -0.4820 -0.0391 -0.1952  0.1969 -0.3896  0.0648 -0.1478 -0.0004  0.2678
    7   8.1986 THz  -0.2790  0.0000 -0.4066  0.1878  0.2649 -0.1789  0.0648 -0.0074  0.0031  0.0619  0.0243 -0.0361  0.3279 -0.2614 -0.1476  0.2237 -0.0414 -0.1916  0.1643  0.0209 -0.0212  0.0289 -0.1651  0.4417  0.1972  0.0097 -0.0637 -0.0207  0.0114 -0.1691
    8   8.9832 THz  -0.1795  0.0000  0.6137  0.0690  0.2171 -0.0747 -0.0076 -0.0439 -0.0296 -0.0024 -0.1038  0.0449  0.3523 -0.3220 -0.1075 -0.0336 -0.0181 -0.1767 -0.1318  0.0513  0.0259  0.0469 -0.2088 -0.1099 -0.2643  0.0868  0.0381 -0.0462 -0.2181  0.1971
    9  10.1025 THz   0.1551  0.0000  0.3375  0.1453  0.0790 -0.0218 -0.0188 -0.0022 -0.0433  0.0207 -0.0370 -0.0026 -0.3767  0.2634 -0.2441  0.2601 -0.0008 -0.0834 -0.0731  0.0072 -0.1173 -0.2245 -0.3621  0.3229 -0.1601 -0.1767 -0.0277 -0.0431  0.1357 -0.3192
   10  10.9671 THz   0.0587  0.0000 -0.0826 -0.0442 -0.1469 -0.0775 -0.0050  0.0197  0.0087 -0.0024  0.0014 -0.0276  0.2555 -0.0821 -0.3042  0.2435  0.0396  0.1227 -0.1327 -0.0500  0.4178 -0.0880  0.2993 -0.0414 -0.4728  0.0873  0.0724  0.0856  0.3791 -0.1931
   11  12.6309 THz  -0.1365  0.0000  0.2899  0.0238 -0.0529  0.0346 -0.0267 -0.0113  0.0238  0.0016 -0.0761 -0.0362  0.1900  0.0252 -0.3339 -0.0382 -0.0790  0.1261  0.0470 -0.1102 -0.4917 -0.1578  0.2905 -0.0541  0.4078  0.1315  0.0716  0.1618  0.3584 -0.0276
   12  14.4005 THz  -0.0572  0.0000 -0.0247  0.0019  0.0029  0.0062 -0.0074 -0.0064 -0.0067 -0.0083  0.0001  0.0023 -0.0829 -0.0342 -0.0328 -0.0038  0.0052 -0.0019  0.7237  0.1944 -0.1579 -0.0363  0.0008 -0.0675 -0.3214 -0.0938  0.5158  0.1203 -0.0180  0.0377
   13  18.1102 THz   0.1043  0.0000 -0.1322  0.0092 -0.0411 -0.3704  0.0111 -0.0130 -0.0176  0.0226  0.0446 -0.0019  0.0017  0.0391  0.0105 -0.0555  0.2965  0.0122 -0.4310 -0.1187 -0.1019 -0.0707 -0.0942  0.1564  0.0720  0.0551  0.6430  0.1746 -0.1002  0.1611
   14  23.8000 THz  -0.0986  0.0000  0.1220 -0.0013 -0.1901 -0.3493 -0.0134 -0.0167  0.0220  0.0261 -0.0193  0.0043  0.0052  0.0059 -0.0151 -0.0187  0.7774  0.1327  0.2470  0.0439 -0.0231 -0.0011 -0.0031  0.0038  0.0172 -0.0050 -0.3537 -0.0599  0.0011  0.0122


 Q=  0.000000 -0.128485  0.000000, q=  0.000000 -0.500000  0.000000

                       Ti X   0        Ti Y   0        Ti Z   0        Pb X   1        Pb Y   1        Pb Z   1         O X   2         O Y   2         O Z   2         O X   3         O Y   3         O Z   3         O X   4         O Y   4         O Z   4     
                    --------------- --------------- --------------- --------------- --------------- --------------- --------------- --------------- --------------- --------------- --------------- --------------- --------------- --------------- ---------------
    0   1.8832 THz   0.0000  0.0000 -0.0028  0.0098  0.0000  0.0000 -0.9555 -0.2752 -0.0000  0.0000 -0.1000 -0.0288  0.0000  0.0000 -0.0031  0.0106  0.0000  0.0000  0.0000 -0.0000 -0.0011  0.0038  0.0000  0.0000  0.0151  0.0044 -0.0000  0.0000 -0.0023 -0.0007
    1   2.0581 THz  -0.0000  0.0000  0.0305 -0.0763 -0.0000 -0.0000 -0.0978 -0.0391 -0.0000 -0.0000  0.9160  0.3662 -0.0000  0.0000  0.0328 -0.0821 -0.0000  0.0000 -0.0000  0.0000  0.0102 -0.0254 -0.0000 -0.0000 -0.0039 -0.0015 -0.0000 -0.0000  0.0199  0.0080
    2   3.3010 THz  -0.0171  0.0000 -0.0000  0.0000 -0.1584 -0.0000 -0.0000  0.0000  0.0000 -0.9597 -0.0000 -0.0000 -0.0068 -0.0000 -0.0000  0.0000 -0.1271 -0.0000 -0.0037 -0.0000  0.0000  0.0000 -0.1789 -0.0000  0.0000 -0.0000  0.0000 -0.0729 -0.0000 -0.0000
    3   4.1191 THz  -0.9474  0.0000  0.0000  0.0000 -0.0033 -0.0000 -0.0000 -0.0000 -0.0000  0.0206 -0.0000 -0.0000 -0.2635 -0.0000  0.0000  0.0000 -0.0066 -0.0000 -0.1800 -0.0000  0.0000  0.0000  0.0002 -0.0000  0.0000  0.0000 -0.0000  0.0031 -0.0000 -0.0000
    4   5.3477 THz   0.0095  0.0000  0.0000 -0.0000 -0.6746 -0.0000  0.0000 -0.0000 -0.0000  0.2685  0.0000  0.0000  0.0001 -0.0000  0.0000 -0.0000 -0.3808 -0.0000  0.0059  0.0000  0.0000  0.0000 -0.5725 -0.0000  0.0000 -0.0000  0.0000 -0.0024 -0.0000  0.0000
    5   8.1277 THz   0.0000  0.0000  0.4677  0.1267 -0.0000 -0.0000  0.0006 -0.0020  0.0000 -0.0000  0.0276 -0.1018 -0.0000  0.0000  0.7743  0.2097 -0.0000  0.0000 -0.0000 -0.0000  0.0067  0.0018  0.0000  0.0000  0.0011 -0.0040  0.0000 -0.0000  0.0869 -0.3207
    6   8.5415 THz   0.3051  0.0000  0.0000 -0.0000 -0.0004  0.0000 -0.0000 -0.0000 -0.0000  0.0015 -0.0000  0.0000 -0.9139 -0.0000 -0.0000 -0.0000 -0.0059 -0.0000 -0.2675 -0.0000  0.0000 -0.0000  0.0072 -0.0000  0.0000  0.0000 -0.0000  0.0006  0.0000  0.0000
    7   8.8174 THz  -0.0000  0.0000  0.3468 -0.1978  0.0000  0.0000 -0.0007 -0.0012 -0.0000 -0.0000 -0.0346 -0.0607  0.0000 -0.0000  0.0768 -0.0438  0.0000 -0.0000  0.0000 -0.0000  0.3316 -0.1891 -0.0000 -0.0000 -0.0039 -0.0068  0.0000 -0.0000  0.4091  0.7175
    8   9.4784 THz  -0.0000  0.0000  0.3220 -0.0648  0.0000 -0.0000 -0.0001 -0.0007  0.0000  0.0000 -0.0005 -0.0026  0.0000 -0.0000 -0.3854  0.0776  0.0000  0.0000  0.0000 -0.0000  0.7146 -0.1439 -0.0000  0.0000 -0.0018 -0.0090  0.0000  0.0000 -0.0896 -0.4450
    9  10.2482 THz  -0.0003  0.0000 -0.0000  0.0000 -0.5711  0.0000 -0.0000  0.0000 -0.0000 -0.0196  0.0000  0.0000  0.0049 -0.0000 -0.0000  0.0000 -0.1900  0.0000  0.0090 -0.0000  0.0000 -0.0000  0.7906 -0.0000 -0.0000 -0.0000 -0.0000 -0.1106  0.0000  0.0000
   10  10.8043 THz  -0.0000  0.0000 -0.0038 -0.0095 -0.0000  0.0000  0.0141 -0.0057 -0.0000 -0.0000  0.0044 -0.0018  0.0000 -0.0000  0.0000  0.0000 -0.0000  0.0000  0.0000 -0.0000 -0.0032 -0.0080  0.0000 -0.0000  0.9269 -0.3747 -0.0000 -0.0000  0.0009 -0.0004
   11  13.9831 THz   0.0941  0.0000  0.0000 -0.0000 -0.0109 -0.0000  0.0000 -0.0000 -0.0000  0.0008  0.0000  0.0000  0.3084  0.0000 -0.0000  0.0000  0.0050 -0.0000 -0.9465 -0.0000 -0.0000  0.0000  0.0018 -0.0000  0.0000 -0.0000  0.0000 -0.0028 -0.0000 -0.0000
   12  14.6224 THz  -0.0000  0.0000  0.6822 -0.1599  0.0000 -0.0000  0.0001  0.0002  0.0000  0.0000 -0.0008 -0.0032 -0.0000 -0.0000 -0.4200  0.0984 -0.0000  0.0000  0.0000 -0.0000 -0.5525  0.1295 -0.0000 -0.0000 -0.0005 -0.0022  0.0000 -0.0000 -0.0070 -0.0298
   13  18.7756 THz  -0.0022  0.0000  0.0000  0.0000 -0.4006 -0.0000  0.0000 -0.0000  0.0000 -0.0645 -0.0000 -0.0000 -0.0065 -0.0000 -0.0000 -0.0000  0.7199  0.0000  0.0043  0.0000 -0.0000 -0.0000 -0.0394 -0.0000  0.0000 -0.0000 -0.0000  0.5617  0.0000 -0.0000
   14  20.9604 THz  -0.0036  0.0000 -0.0000  0.0000 -0.1820 -0.0000  0.0000  0.0000 -0.0000  0.0433 -0.0000 -0.0000 -0.0072 -0.0000 -0.0000 -0.0000  0.5333  0.0000  0.0044  0.0000  0.0000 -0.0000 -0.1165 -0.0000  0.0000  0.0000  0.0000 -0.8166  0.0000 -0.0000


 Q=  0.000000  0.000000  0.000000, q=  0.000000  0.000000  0.000000

                       Ti X   0        Ti Y   0        Ti Z   0        Pb X   1        Pb Y   1        Pb Z   1         O X   2         O Y   2         O Z   2         O X   3         O Y   3         O Z   3         O X   4         O Y   4         O Z   4     
                    --------------- --------------- --------------- --------------- --------------- --------------- --------------- --------------- --------------- --------------- --------------- --------------- --------------- --------------- ---------------
    0  -0.0000 THz   0.2001  0.0000  0.3385  0.0000 -0.0577  0.0000  0.4164  0.0000  0.7042  0.0000 -0.1201  0.0000  0.1157  0.0000  0.1957  0.0000 -0.0334  0.0000  0.1157  0.0000  0.1957  0.0000 -0.0334  0.0000  0.1157  0.0000  0.1957  0.0000 -0.0334  0.0000
    1   0.0000 THz   0.3351  0.0000 -0.2071  0.0000 -0.0526  0.0000  0.6972  0.0000 -0.4309  0.0000 -0.1094  0.0000  0.1937  0.0000 -0.1197  0.0000 -0.0304  0.0000  0.1937  0.0000 -0.1197  0.0000 -0.0304  0.0000  0.1937  0.0000 -0.1197  0.0000 -0.0304  0.0000
    2  -0.0000 THz   0.0749  0.0000  0.0222  0.0000  0.3897  0.0000  0.1558  0.0000  0.0462  0.0000  0.8107  0.0000  0.0433  0.0000  0.0128  0.0000  0.2253  0.0000  0.0433  0.0000  0.0128  0.0000  0.2253  0.0000  0.0433  0.0000  0.0128  0.0000  0.2253  0.0000
    3   2.9130 THz  -0.0000  0.0000 -0.4555  0.0000 -0.0000  0.0000  0.0000  0.0000  0.5531  0.0000  0.0000  0.0000 -0.0000  0.0000 -0.4462  0.0000 -0.0000  0.0000 -0.0000  0.0000 -0.4062  0.0000 -0.0000  0.0000 -0.0000  0.0000 -0.3500  0.0000 -0.0000  0.0000
    4   3.0635 THz  -0.4738  0.0000  0.0000  0.0000 -0.0103  0.0000  0.5553  0.0000 -0.0000  0.0000  0.0136  0.0000 -0.4281  0.0000  0.0000  0.0000 -0.0122  0.0000 -0.3482  0.0000  0.0000  0.0000 -0.0054  0.0000 -0.4024  0.0000  0.0000  0.0000 -0.0135  0.0000
    5   4.4468 THz  -0.0313  0.0000  0.0000  0.0000  0.5166  0.0000  0.0158  0.0000  0.0000  0.0000 -0.5596  0.0000 -0.0064  0.0000 -0.0000  0.0000  0.3820  0.0000 -0.0032  0.0000 -0.0000  0.0000  0.3714  0.0000  0.0070  0.0000 -0.0000  0.0000  0.3671  0.0000
    6   6.0189 THz  -0.0000  0.0000  0.7739  0.0000 -0.0000  0.0000  0.0000  0.0000 -0.0920  0.0000  0.0000  0.0000  0.0000  0.0000 -0.2208  0.0000 -0.0000  0.0000  0.0000  0.0000 -0.5246  0.0000 -0.0000  0.0000  0.0000  0.0000 -0.2622  0.0000 -0.0000  0.0000
    7   6.0327 THz  -0.7702  0.0000 -0.0000  0.0000 -0.0112  0.0000  0.0814  0.0000  0.0000  0.0000  0.0146  0.0000  0.2662  0.0000  0.0000  0.0000 -0.0055  0.0000  0.2655  0.0000  0.0000  0.0000 -0.0312  0.0000  0.5074  0.0000  0.0000  0.0000  0.0036  0.0000
    8   8.2863 THz  -0.0302  0.0000  0.0000  0.0000 -0.0037  0.0000  0.0016  0.0000 -0.0000  0.0000  0.0019  0.0000  0.0926  0.0000 -0.0000  0.0000 -0.0016  0.0000  0.0006  0.0000  0.0000  0.0000  0.7036  0.0000 -0.0469  0.0000  0.0000  0.0000 -0.7023  0.0000
    9   8.7654 THz  -0.0000  0.0000 -0.1702  0.0000  0.0000  0.0000  0.0000  0.0000  0.0408  0.0000  0.0000  0.0000  0.0000  0.0000  0.8156  0.0000  0.0000  0.0000 -0.0000  0.0000 -0.5353  0.0000  0.0000  0.0000 -0.0000  0.0000 -0.1327  0.0000 -0.0000  0.0000
   10   9.1231 THz   0.1250  0.0000  0.0000  0.0000  0.0129  0.0000 -0.0287  0.0000 -0.0000  0.0000  0.0016  0.0000 -0.8084  0.0000  0.0000  0.0000  0.0044  0.0000  0.1521  0.0000 -0.0000  0.0000  0.0579  0.0000  0.5434  0.0000 -0.0000  0.0000 -0.0902  0.0000
   11  10.9537 THz  -0.0035  0.0000  0.0000  0.0000 -0.6402  0.0000  0.0005  0.0000 -0.0000  0.0000  0.0408  0.0000 -0.0225  0.0000  0.0000  0.0000 -0.1119  0.0000  0.0159  0.0000 -0.0000  0.0000  0.5357  0.0000  0.0108  0.0000  0.0000  0.0000  0.5368  0.0000
   12  15.1293 THz  -0.0000  0.0000  0.0820  0.0000 -0.0000  0.0000 -0.0000  0.0000  0.0176  0.0000 -0.0000  0.0000 -0.0000  0.0000  0.1846  0.0000 -0.0000  0.0000  0.0000  0.0000  0.4696  0.0000  0.0000  0.0000 -0.0000  0.0000 -0.8593  0.0000 -0.0000  0.0000
   13  15.2164 THz   0.0828  0.0000  0.0000  0.0000 -0.0148  0.0000  0.0162  0.0000  0.0000  0.0000  0.0024  0.0000  0.1745  0.0000  0.0000  0.0000  0.0093  0.0000 -0.8555  0.0000  0.0000  0.0000  0.0104  0.0000  0.4796  0.0000 -0.0000  0.0000 -0.0027  0.0000
   14  20.0616 THz   0.0001  0.0000  0.0000  0.0000 -0.4059  0.0000  0.0014  0.0000 -0.0000  0.0000  0.0322  0.0000 -0.0020  0.0000 -0.0000  0.0000  0.8880  0.0000  0.0084  0.0000  0.0000  0.0000 -0.1511  0.0000 -0.0118  0.0000 -0.0000  0.0000 -0.1506  0.0000


 Q=  0.042828 -0.064243  0.078090, q=  0.166667 -0.250000  0.333333

                       Ti X   0        Ti Y   0        Ti Z   0        Pb X   1        Pb Y   1        Pb Z   1         O X   2         O Y   2         O Z   2         O X   3         O Y   3         O Z   3         O X   4         O Y   4         O Z   4     
                    --------------- --------------- --------------- --------------- --------------- --------------- --------------- --------------- --------------- --------------- --------------- --------------- --------------- --------------- ---------------
    0   1.7214 THz  -0.0668  0.0000  0.0781  0.0567  0.1403  0.2120 -0.1284 -0.3187  0.3221  0.5092  0.4388  0.4532 -0.0275 -0.0346  0.0224  0.0522 -0.0399  0.1153 -0.0044 -0.0217 -0.0059  0.0171  0.0201  0.0947 -0.0029 -0.0015 -0.0045  0.0392  0.0189  0.1020
    1   1.9342 THz  -0.1134  0.0000 -0.0787 -0.0258  0.0066  0.0057 -0.7204  0.4088 -0.4184  0.3308  0.0457 -0.0377 -0.0006 -0.0361  0.0135 -0.0464  0.0016  0.0027 -0.0262 -0.0095 -0.0184 -0.0135  0.0143 -0.0068 -0.0152 -0.0189 -0.0175 -0.0064  0.0007 -0.0015
    2   2.3042 THz  -0.1441  0.0000  0.1178 -0.0305 -0.0482 -0.0244  0.3941  0.1077 -0.5290 -0.0775  0.7051 -0.0574 -0.0167 -0.0090  0.0284 -0.0161  0.0018 -0.0079 -0.0098  0.0060 -0.0047 -0.0269  0.0401  0.0318  0.0038  0.0065  0.0011 -0.0165  0.0440  0.0314
    3   4.6563 THz   0.1281  0.0000 -0.0908  0.0353 -0.1026  0.5929 -0.0371  0.1142  0.0071 -0.1842  0.0278 -0.2193  0.0588 -0.1269 -0.1666  0.2786 -0.3143  0.1794  0.0550 -0.0304 -0.0552  0.0492 -0.0496  0.3373 -0.0059 -0.0087 -0.0968  0.0584 -0.1257  0.3234
    4   5.9156 THz   0.4085  0.0000  0.2809  0.0038 -0.1357 -0.0134 -0.0476  0.0559 -0.0237  0.0832  0.0329 -0.0174  0.3519  0.0659  0.3401  0.1661 -0.0215 -0.0705  0.2200  0.0128  0.3174 -0.0014 -0.1969 -0.1969  0.3081  0.0312  0.1547 -0.0214  0.1944  0.2440
    5   6.9095 THz   0.7271  0.0000 -0.0910 -0.0184  0.2105  0.0278  0.0045  0.0200 -0.1092  0.0339  0.1207  0.0618  0.1440  0.1204 -0.1730 -0.2807  0.0569  0.1010  0.1023  0.0058 -0.1941  0.1064  0.1230  0.0967  0.0236  0.0594 -0.1504  0.0652 -0.1053 -0.3198
    6   7.4495 THz  -0.2645  0.0000  0.0396  0.1638 -0.0242  0.1259 -0.0030 -0.0058  0.0202 -0.0438 -0.0310 -0.0460  0.1535 -0.2376  0.1492 -0.3637 -0.0894  0.0387  0.0666  0.1395  0.2268  0.4820 -0.0391  0.1952  0.1969  0.3896  0.0648  0.1478 -0.0004 -0.2678
    7   8.1986 THz  -0.2790  0.0000 -0.4066 -0.1878  0.2649  0.1789  0.0648  0.0074  0.0031 -0.0619  0.0243  0.0361  0.3279  0.2614 -0.1476 -0.2237 -0.0414  0.1916  0.1643 -0.0209 -0.0212 -0.0289 -0.1651 -0.4417  0.1972 -0.0097 -0.0637  0.0207  0.0114  0.1691
    8   8.9832 THz  -0.1795  0.0000  0.6137 -0.0690  0.2171  0.0747 -0.0076  0.0439 -0.0296  0.0024 -0.1038 -0.0449  0.3523  0.3220 -0.1075  0.0336 -0.0181  0.1767 -0.1318 -0.0513  0.0259 -0.0469 -0.2088  0.1099 -0.2643 -0.0868  0.0381  0.0462 -0.2181 -0.1971
    9  10.1025 THz   0.1551  0.0000  0.3375 -0.1453  0.0790  0.0218 -0.0188  0.0022 -0.0433 -0.0207 -0.0370  0.0026 -0.3767 -0.2634 -0.2441 -0.2601 -0.0008  0.0834 -0.0731 -0.0072 -0.1173  0.2245 -0.3621 -0.3229 -0.1601  0.1767 -0.0277  0.0431  0.1357  0.3192
   10  10.9671 THz   0.0587  0.0000 -0.0826  0.0442 -0.1469  0.0775 -0.0050 -0.0197  0.0087  0.0024  0.0014  0.0276  0.2555  0.0821 -0.3042 -0.2435  0.0396 -0.1227 -0.1327  0.0500  0.4178  0.0880  0.2993  0.0414 -0.4728 -0.0873  0.0724 -0.0856  0.3791  0.1931
   11  12.6309 THz  -0.1365  0.0000  0.2899 -0.0238 -0.0529 -0.0346 -0.0267  0.0113  0.0238 -0.0016 -0.0761  0.0362  0.1900 -0.0252 -0.3339  0.0382 -0.0790 -0.1261  0.0470  0.1102 -0.4917  0.1578  0.2905  0.0541  0.4078 -0.1315  0.0716 -0.1618  0.3584  0.0276
   12  14.4005 THz  -0.0572  0.0000 -0.0247 -0.0019  0.0029 -0.0062 -0.0074  0.0064 -0.0067  0.0083  0.0001 -0.0023 -0.0829  0.0342 -0.0328  0.0038  0.0052  0.0019  0.7237 -0.1944 -0.1579  0.0363  0.0008  0.0675 -0.3214  0.0938  0.5158 -0.1203 -0.0180 -0.0377
   13  18.1102 THz   0.1043  0.0000 -0.1322 -0.0092 -0.0411  0.3704  0.0111  0.0130 -0.0176 -0.0226  0.0446  0.0019  0.0017 -0.0391  0.0105  0.0555  0.2965 -0.0122 -0.4310  0.1187 -0.1019  0.0707 -0.0942 -0.1564  0.0720 -0.0551  0.6430 -0.1746 -0.1002 -0.1611
   14  23.8000 THz  -0.0986  0.0000  0.1220  0.0013 -0.1901  0.3493 -0.0134  0.0167  0.0220 -0.0261 -0.0193 -0.0043  0.0052 -0.0059 -0.0151  0.0187  0.7774 -0.1327  0.2470 -0.0439 -0.0231  0.0011 -0.0031 -0.0038  0.0172  0.0050 -0.3537  0.0599  0.0011 -0.0122


 Q=  0.042828  0.064243  0.078090, q=  0.166667  0.250000  0.333333

                       Ti X   0        Ti Y   0        Ti Z   0        Pb X   1        Pb Y   1        Pb Z   1         O X   2         O Y   2         O Z   2         O X   3         O Y   3         O Z   3         O X   4         O Y   4         O Z   4     
                    --------------- --------------- --------------- --------------- --------------- --------------- --------------- --------------- --------------- --------------- --------------- --------------- --------------- --------------- ---------------
    0   1.7214 THz  -0.0668  0.0000 -0.0781 -0.0567  0.1403  0.2120 -0.1284 -0.3187 -0.3221 -0.5092  0.4388  0.4532 -0.0275 -0.0346 -0.0224 -0.0522 -0.0399  0.1153 -0.0044 -0.0217  0.0059 -0.0171  0.0201  0.0947 -0.0029 -0.0015  0.0045 -0.0392  0.0189  0.1020
    1   1.9342 THz  -0.1134  0.0000  0.0787  0.0258  0.0066  0.0057 -0.7204  0.4088  0.4184 -0.3308  0.0457 -0.0377 -0.0006 -0.0361 -0.0135  0.0464  0.0016  0.0027 -0.0262 -0.0095  0.0184  0.0135  0.0143 -0.0068 -0.0152 -0.0189  0.0175  0.0064  0.0007 -0.0015
    2   2.3042 THz  -0.1441  0.0000 -0.1178  0.0305 -0.0482 -0.0244  0.3941  0.1077  0.5290  0.0775  0.7051 -0.0574 -0.0167 -0.0090 -0.0284  0.0161  0.0018 -0.0079 -0.0098  0.0060  0.0047  0.0269  0.0401  0.0318  0.0038  0.0065 -0.0011  0.0165  0.0440  0.0314
    3   4.6563 THz  -0.1281  0.0000 -0.0908  0.0353  0.1026 -0.5929  0.0371 -0.1142  0.0071 -0.1842 -0.0278  0.2193 -0.0588  0.1269 -0.1666  0.2786  0.3143 -0.1794 -0.0550  0.0304 -0.0552  0.0492  0.0496 -0.3373  0.0059  0.0087 -0.0968  0.0584  0.1257 -0.3234
    4   5.9156 THz   0.4085  0.0000 -0.2809 -0.0038 -0.1357 -0.0134 -0.0476  0.0559  0.0237 -0.0832  0.0329 -0.0174  0.3519  0.0659 -0.3401 -0.1661 -0.0215 -0.0705  0.2200  0.0128 -0.3174  0.0014 -0.1969 -0.1969  0.3081  0.0312 -0.1547  0.0214  0.1944  0.2440
    5   6.9095 THz   0.7271  0.0000  0.0910  0.0184  0.2105  0.0278  0.0045  0.0200  0.1092 -0.0339  0.1207  0.0618  0.1440  0.1204  0.1730  0.2807  0.0569  0.1010  0.1023  0.0058  0.1941 -0.1064  0.1230  0.0967  0.0236  0.0594  0.1504 -0.0652 -0.1053 -0.3198
    6   7.4495 THz   0.2645  0.0000  0.0396  0.1638  0.0242 -0.1259  0.0030  0.0058  0.0202 -0.0438  0.0310  0.0460 -0.1535  0.2376  0.1492 -0.3637  0.0894 -0.0387 -0.0666 -0.1395  0.2268  0.4820  0.0391 -0.1952 -0.1969 -0.3896  0.0648  0.1478  0.0004  0.2678
    7   8.1986 THz  -0.2790  0.0000  0.4066  0.1878  0.2649  0.1789  0.0648  0.0074 -0.0031  0.0619  0.0243  0.0361  0.3279  0.2614  0.1476  0.2237 -0.0414  0.1916  0.1643 -0.0209  0.0212  0.0289 -0.1651 -0.4417  0.1972 -0.0097  0.0637 -0.0207  0.0114  0.1691
    8   8.9832 THz   0.1795  0.0000  0.6137 -0.0690 -0.2171 -0.0747  0.0076 -0.0439 -0.0296  0.0024  0.1038  0.0449 -0.3523 -0.3220 -0.1075  0.0336  0.0181 -0.1767  0.1318  0.0513  0.0259 -0.0469  0.2088 -0.1099  0.2643  0.0868  0.0381  0.0462  0.2181  0.1971
    9  10.1025 THz   0.1551  0.0000 -0.3375  0.1453  0.0790  0.0218 -0.0188  0.0022  0.0433  0.0207 -0.0370  0.0026 -0.3767 -0.2634  0.2441  0.2601 -0.0008  0.0834 -0.0731 -0.0072  0.1173 -0.2245 -0.3621 -0.3229 -0.1601  0.1767  0.0277 -0.0431  0.1357  0.3192
   10  10.9671 THz   0.0587  0.0000  0.0826 -0.0442 -0.1469  0.0775 -0.0050 -0.0197 -0.0087 -0.0024  0.0014  0.0276  0.2555  0.0821  0.3042  0.2435  0.0396 -0.1227 -0.1327  0.0500 -0.4178 -0.0880  0.2993  0.0414 -0.4728 -0.0873 -0.0724  0.0856  0.3791  0.1931
   11  12.6309 THz   0.1365  0.0000  0.2899 -0.0238  0.0529  0.0346  0.0267 -0.0113  0.0238 -0.0016  0.0761 -0.0362 -0.1900  0.0252 -0.3339  0.0382  0.0790  0.1261 -0.0470 -0.1102 -0.4917  0.1578 -0.2905 -0.0541 -0.4078  0.1315  0.0716 -0.1618 -0.3584 -0.0276
   12  14.4005 THz  -0.0572  0.0000  0.0247  0.0019  0.0029 -0.0062 -0.0074  0.0064  0.0067 -0.0083  0.0001 -0.0023 -0.0829  0.0342  0.0328 -0.0038  0.0052  0.0019  0.7237 -0.1944  0.1579 -0.0363  0.0008  0.0675 -0.3214  0.0938 -0.5158  0.1203 -0.0180 -0.0377
   13  18.1102 THz   0.1043  0.0000  0.1322  0.0092 -0.0411  0.3704  0.0111  0.0130  0.0176  0.0226  0.0446  0.0019  0.0017 -0.0391 -0.0105 -0.0555  0.2965 -0.0122 -0.4310  0.1187  0.1019 -0.0707 -0.0942 -0.1564  0.0720 -0.0551 -0.6430  0.1746 -0.1002 -0.1611
   14  23.8000 THz   0.0986  0.0000  0.1220  0.0013  0.1901 -0.3493  0.0134 -0.0167  0.0220 -0.0261  0.0193  0.0043 -0.0052  0.0059 -0.0151  0.0187 -0.7774  0.1327 -0.2470  0.0439 -0.0231  0.0011  0.0031  0.0038 -0.0172 -0.0050 -0.3537  0.0599 -0.0011  0.0122


 Q=  0.085657 -0.128485 -0.078090, q=  0.333333 -0.500000 -0.333333

                       Ti X   0        Ti Y   0        Ti Z   0        Pb X   1        Pb Y   1        Pb Z   1         O X   2         O Y   2         O Z   2         O X   3         O Y   3         O Z   3         O X   4         O Y   4         O Z   4     
                    --------------- --------------- --------------- --------------- --------------- --------------- --------------- --------------- --------------- --------------- --------------- --------------- --------------- --------------- ---------------
    0   2.1912 THz   0.0000  0.0000  0.1141 -0.0668 -0.0000 -0.0000  0.9070  0.1971  0.0000  0.0000 -0.2865  0.1833 -0.0000 -0.0000 -0.0470 -0.0487 -0.0000  0.0000 -0.0000  0.0000  0.0091 -0.0016 -0.0000  0.0000  0.0010 -0.0169  0.0000 -0.0000 -0.0009  0.0172
    1   2.2469 THz  -0.1401  0.0000  0.0000 -0.0000  0.0979  0.0884  0.0000  0.0000 -0.7358 -0.6427 -0.0000  0.0000  0.0276  0.0668 -0.0000 -0.0000  0.0524 -0.0094  0.0017 -0.0011  0.0000  0.0000  0.0083 -0.0088  0.0000 -0.0000 -0.0163  0.0064 -0.0000  0.0000
    2   2.3122 THz   0.0000  0.0000  0.0363  0.0078 -0.0000 -0.0000 -0.3253 -0.1087  0.0000  0.0000 -0.8295  0.4298 -0.0000 -0.0000  0.0611  0.0349 -0.0000  0.0000 -0.0000 -0.0000  0.0158  0.0207 -0.0000  0.0000  0.0207 -0.0079  0.0000 -0.0000 -0.0240  0.0377
    3   5.3000 THz   0.1091  0.0000 -0.0000 -0.0000  0.5594  0.2227 -0.0000  0.0000  0.1155  0.0237 -0.0000  0.0000  0.4047  0.0869 -0.0000  0.0000  0.3132 -0.2143  0.0745 -0.0362 -0.0000 -0.0000  0.5271  0.0340 -0.0000 -0.0000 -0.0513  0.0883  0.0000 -0.0000
    4   5.4218 THz  -0.0000  0.0000 -0.1418 -0.0292 -0.0000 -0.0000 -0.0493  0.0532 -0.0000 -0.0000 -0.0667  0.0188 -0.0000 -0.0000 -0.7128  0.0756 -0.0000  0.0000 -0.0000  0.0000 -0.1271 -0.0863 -0.0000 -0.0000 -0.1264 -0.0366  0.0000 -0.0000  0.6221 -0.1654
    5   6.2048 THz   0.0000  0.0000 -0.0549 -0.0991 -0.0000 -0.0000 -0.0021  0.0125 -0.0000 -0.0000 -0.0206 -0.0149  0.0000 -0.0000  0.1603  0.0697 -0.0000  0.0000  0.0000  0.0000 -0.2914 -0.6477  0.0000 -0.0000 -0.2554 -0.6050  0.0000 -0.0000 -0.1066 -0.0936
    6   6.8718 THz   0.1416  0.0000 -0.0000 -0.0000 -0.4322  0.3127 -0.0000  0.0000 -0.0656  0.0061 -0.0000 -0.0000  0.4457 -0.4080 -0.0000  0.0000  0.0619  0.3433  0.1100  0.0718  0.0000  0.0000  0.1646 -0.3856  0.0000  0.0000 -0.0489 -0.0942  0.0000 -0.0000
    7   9.5627 THz   0.6141  0.0000 -0.0000  0.0000  0.0673 -0.1089  0.0000 -0.0000 -0.0486 -0.1119 -0.0000  0.0000  0.3427 -0.2689 -0.0000  0.0000 -0.0734 -0.0844 -0.0152 -0.0641  0.0000  0.0000 -0.3802  0.4896  0.0000  0.0000 -0.0240 -0.0130 -0.0000  0.0000
    8  10.2549 THz  -0.0000  0.0000 -0.3397 -0.1974 -0.0000  0.0000 -0.0232  0.0730 -0.0000 -0.0000 -0.0132  0.0247 -0.0000 -0.0000 -0.5499  0.1088 -0.0000  0.0000  0.0000  0.0000  0.0629 -0.0980  0.0000 -0.0000  0.0109  0.0895  0.0000 -0.0000 -0.6793  0.2042
    9  10.8178 THz  -0.7463  0.0000  0.0000  0.0000  0.0376 -0.0032 -0.0000 -0.0000  0.1001  0.0332 -0.0000  0.0000  0.4203 -0.2957 -0.0000  0.0000  0.0195 -0.0095 -0.0802 -0.0752  0.0000 -0.0000 -0.2029  0.3263 -0.0000  0.0000  0.0792 -0.0066  0.0000  0.0000
   10  11.9464 THz   0.0000  0.0000  0.8300 -0.0998  0.0000  0.0000 -0.0831 -0.0320  0.0000  0.0000  0.0582 -0.0213  0.0000 -0.0000 -0.2118  0.2467  0.0000  0.0000 -0.0000  0.0000  0.1082 -0.1096 -0.0000  0.0000 -0.3186  0.0936 -0.0000  0.0000 -0.0823  0.2073
   11  13.4860 THz   0.0129  0.0000  0.0000 -0.0000 -0.0126  0.0031  0.0000 -0.0000 -0.0100  0.0112  0.0000  0.0000 -0.0168  0.0620 -0.0000 -0.0000 -0.0038  0.0050 -0.1208 -0.7427 -0.0000 -0.0000  0.0824 -0.0253  0.0000  0.0000 -0.1082 -0.6403 -0.0000 -0.0000
   12  13.5782 THz   0.0000  0.0000 -0.2661  0.1528 -0.0000 -0.0000  0.0397  0.0055  0.0000  0.0000 -0.0366  0.0028  0.0000  0.0000  0.1545 -0.0483 -0.0000 -0.0000 -0.0000 -0.0000  0.5394 -0.3781  0.0000 -0.0000 -0.5257  0.3948 -0.0000 -0.0000  0.0887 -0.0508
   13  19.3286 THz   0.0744  0.0000 -0.0000 -0.0000  0.1659  0.4491 -0.0000  0.0000 -0.0042  0.0217 -0.0000 -0.0000  0.0089 -0.0032  0.0000 -0.0000 -0.4988 -0.0006 -0.4570 -0.0387  0.0000  0.0000  0.0203 -0.0701 -0.0000 -0.0000  0.5458  0.0475 -0.0000 -0.0000
   14  23.5442 THz   0.0932  0.0000 -0.0000  0.0000 -0.1245 -0.2700  0.0000 -0.0000 -0.0149 -0.0187 -0.0000 -0.0000 -0.0064  0.0167  0.0000 -0.0000  0.6569  0.1950 -0.4121 -0.1145  0.0000  0.0000 -0.0014 -0.0217  0.0000  0.0000  0.4812  0.1324 -0.0000  0.0000


 Q=  0.085657  0.000000 -0.078090, q=  0.333333  0.000000 -0.333333

                       Ti X   0        Ti Y   0        Ti Z   0        Pb X   1        Pb Y   1        Pb Z   1         O X   2         O Y   2         O Z   2         O X   3         O Y   3         O Z   3         O X   4         O Y   4         O Z   4     
                    --------------- --------------- --------------- --------------- --------------- --------------- --------------- --------------- --------------- --------------- --------------- --------------- --------------- --------------- ---------------
    0   1.7804 THz   0.1353  0.0000 -0.0000 -0.0000  0.2508 -0.0315  0.5507 -0.0515 -0.0000 -0.0000  0.7484 -0.0895  0.0702 -0.0217 -0.0000  0.0000  0.0572 -0.1052  0.0279 -0.0340 -0.0000  0.0000  0.0874 -0.0736  0.0056 -0.0038 -0.0000 -0.0000  0.0851 -0.0410
    1   1.7909 THz   0.0000  0.0000  0.0730  0.0279  0.0000 -0.0000  0.0000 -0.0000  0.6473  0.7572  0.0000 -0.0000  0.0000 -0.0000  0.0076 -0.0225  0.0000 -0.0000  0.0000 -0.0000  0.0180 -0.0117  0.0000 -0.0000  0.0000 -0.0000  0.0211  0.0019  0.0000 -0.0000
    2   2.5048 THz  -0.1028  0.0000 -0.0000 -0.0000  0.1576 -0.0573  0.6677 -0.3722  0.0000  0.0000 -0.5265  0.2974 -0.0231 -0.0068 -0.0000 -0.0000  0.0213 -0.0567  0.0163 -0.0402 -0.0000 -0.0000  0.0009  0.0383  0.0069 -0.0407 -0.0000 -0.0000  0.0313  0.0309
    3   4.5980 THz   0.0000  0.0000 -0.8079 -0.5274  0.0000  0.0000 -0.0000 -0.0000  0.0337  0.0746 -0.0000 -0.0000  0.0000  0.0000 -0.1987 -0.0101  0.0000  0.0000  0.0000  0.0000 -0.0455 -0.0157  0.0000  0.0000  0.0000  0.0000 -0.1197 -0.0788  0.0000  0.0000
    4   4.6961 THz   0.0837  0.0000  0.0000  0.0000  0.3593  0.4346 -0.1938 -0.2129 -0.0000 -0.0000 -0.0977 -0.1562  0.3527  0.1509  0.0000 -0.0000  0.3546 -0.0078  0.0938  0.0029  0.0000  0.0000  0.3184  0.1886  0.0301  0.0490  0.0000  0.0000  0.2340  0.2854
    5   6.1971 THz  -0.1711  0.0000  0.0000  0.0000  0.3540 -0.0988 -0.0986  0.0647 -0.0000 -0.0000  0.0342 -0.0485 -0.3492  0.4376  0.0000 -0.0000  0.0453 -0.2140 -0.0870 -0.0894  0.0000 -0.0000 -0.3363  0.4367 -0.1416 -0.1371  0.0000  0.0000  0.2498 -0.1905
    6   8.4606 THz   0.0000  0.0000  0.2108 -0.0201  0.0000  0.0000 -0.0000 -0.0000 -0.0056  0.0152 -0.0000  0.0000  0.0000  0.0000 -0.8069  0.3416  0.0000  0.0000  0.0000  0.0000 -0.1389  0.3271 -0.0000  0.0000  0.0000  0.0000 -0.1398  0.2029  0.0000 -0.0000
    7   8.7599 THz  -0.6581  0.0000  0.0000 -0.0000  0.0786  0.0467 -0.0012  0.0232 -0.0000  0.0000  0.0915 -0.0447 -0.0118 -0.1098 -0.0000  0.0000  0.0153 -0.0085 -0.1749 -0.0232 -0.0000  0.0000  0.1575 -0.1624 -0.6087  0.0014 -0.0000  0.0000 -0.1272  0.2572
    8   9.7563 THz   0.2287  0.0000  0.0000 -0.0000  0.2462 -0.2746 -0.0634  0.0664  0.0000  0.0000 -0.0197  0.0211 -0.1512  0.2580  0.0000  0.0000 -0.1110 -0.2252 -0.0990 -0.1003 -0.0000  0.0000  0.0390 -0.1263  0.1530 -0.0450 -0.0000  0.0000 -0.4179  0.6423
    9   9.7619 THz  -0.0000  0.0000  0.0297 -0.0845 -0.0000  0.0000  0.0000 -0.0000  0.0156  0.0178  0.0000 -0.0000  0.0000 -0.0000  0.3871  0.1531  0.0000  0.0000  0.0000  0.0000 -0.8256  0.2443 -0.0000  0.0000 -0.0000  0.0000 -0.2561  0.1059  0.0000 -0.0000
   10  11.1609 THz  -0.4263  0.0000  0.0000  0.0000 -0.0959 -0.0700  0.0112  0.0037 -0.0000 -0.0000  0.0576 -0.0576 -0.4007  0.1648 -0.0000 -0.0000  0.0348  0.1033  0.0330  0.0860 -0.0000 -0.0000  0.5165 -0.0705  0.5361 -0.0526  0.0000 -0.0000  0.1652 -0.0059
   11  13.0229 THz  -0.4892  0.0000 -0.0000  0.0000  0.0225 -0.0094 -0.0110  0.0036  0.0000  0.0000  0.0937  0.0231  0.4883 -0.0003 -0.0000  0.0000  0.0642 -0.1027 -0.0814 -0.1630 -0.0000  0.0000 -0.4196  0.0457  0.4934  0.1059  0.0000  0.0000 -0.1761  0.0242
   12  14.1313 THz  -0.0000  0.0000  0.0983  0.0215 -0.0000 -0.0000  0.0000  0.0000  0.0062  0.0045  0.0000 -0.0000  0.0000 -0.0000  0.1115  0.0794  0.0000 -0.0000  0.0000  0.0000  0.3213  0.1624  0.0000  0.0000  0.0000  0.0000 -0.8252 -0.4006  0.0000 -0.0000
   13  18.0172 THz  -0.1235  0.0000 -0.0000 -0.0000  0.0246 -0.3710 -0.0282  0.0264 -0.0000  0.0000  0.0351  0.0036  0.0340 -0.0561 -0.0000 -0.0000  0.2807  0.0728  0.7611  0.3318 -0.0000 -0.0000 -0.1111  0.1169 -0.0880 -0.0816  0.0000  0.0000 -0.1008  0.1245
   14  23.4863 THz   0.1147  0.0000  0.0000  0.0000 -0.1625 -0.3624  0.0267  0.0373 -0.0000  0.0000 -0.0160  0.0040 -0.0184 -0.0310 -0.0000 -0.0000  0.7750  0.1838 -0.4277 -0.0828  0.0000  0.0000 -0.0002  0.0134 -0.0291 -0.0057 -0.0000  0.0000 -0.0122 -0.0065
