
Used Primitive lattice vector

    0.000000000000      2.699692000000      2.699692000000  
    2.699692000000      0.000000000000      2.699692000000  
    2.699692000000      2.699692000000      0.000000000000  

   2 Atom(s) in the Primitive cell

 0.0000000000 0.0000000000 0.0000000000 Si    0
 0.2500000000 0.2500000000 0.2500000000 Si    1


 Q= -0.092603 -0.092603 -0.092603, q= -0.500000 -0.500000 -0.500000

                       Si X   0        Si Y   0        Si Z   0        Si X   1        Si Y   1        Si Z   1     
                    --------------- --------------- --------------- --------------- --------------- ---------------
    0   3.1012 THz   0.5709  0.0000 -0.2141  0.0217 -0.3568 -0.0217  0.4037 -0.4037 -0.1360  0.1668 -0.2677  0.2369
    1   3.1012 THz  -0.0861  0.0000  0.5160  0.1441 -0.4299 -0.1441 -0.0609  0.0609  0.4668 -0.2630 -0.4059  0.2020
    2  11.0613 THz  -0.4082  0.0000 -0.4082 -0.0000 -0.4082 -0.0000  0.2887 -0.2887  0.2887 -0.2887  0.2887 -0.2887
    3  12.7988 THz  -0.4082  0.0000 -0.4082 -0.0000 -0.4082 -0.0000 -0.2887  0.2887 -0.2887  0.2887 -0.2887  0.2887
    4  14.8317 THz  -0.5754  0.0000  0.2466  0.0019  0.3288 -0.0019  0.4069 -0.4069 -0.1757  0.1730 -0.2311  0.2339
    5  14.8317 THz  -0.0475  0.0000  0.5215 -0.0231 -0.4740  0.0231  0.0336 -0.0336 -0.3524  0.3851  0.3188 -0.3515


 Q= -0.046302 -0.046302 -0.138905, q= -0.500000 -0.500000 -0.250000

                       Si X   0        Si Y   0        Si Z   0        Si X   1        Si Y   1        Si Z   1     
                    --------------- --------------- --------------- --------------- --------------- ---------------
    0   3.9996 THz  -0.5000  0.0000  0.5000 -0.0000 -0.0000  0.0000 -0.2245  0.4468  0.2245 -0.4468 -0.0000 -0.0000
    1   5.7763 THz   0.4241  0.0000  0.4241 -0.0000 -0.2406 -0.2870  0.2803  0.3182  0.2803  0.3182 -0.3744  0.0091
    2   9.6438 THz   0.3085  0.0000  0.3085 -0.0000  0.2247  0.5091 -0.2427  0.1903 -0.2427  0.1903  0.1373  0.5393
    3  12.6553 THz   0.3059  0.0000  0.3059 -0.0000  0.4200  0.3694  0.1090 -0.2859  0.1090 -0.2859 -0.1955 -0.5240
    4  14.2271 THz   0.5000  0.0000 -0.5000 -0.0000 -0.0000  0.0000 -0.2245  0.4468  0.2245 -0.4468  0.0000 -0.0000
    5  14.6248 THz   0.3625  0.0000  0.3625  0.0000 -0.2641 -0.4092 -0.2134 -0.2930 -0.2134 -0.2930  0.4863 -0.0274


 Q=  0.000000  0.000000 -0.185206, q= -0.500000 -0.500000  0.000000

                       Si X   0        Si Y   0        Si Z   0        Si X   1        Si Y   1        Si Z   1     
                    --------------- --------------- --------------- --------------- --------------- ---------------
    0   3.9978 THz  -0.5817  0.0000 -0.4019 -0.0116 -0.0000 -0.0000  0.0116 -0.4019 -0.0000 -0.5817 -0.0000  0.0000
    1   3.9978 THz  -0.4021  0.0000  0.5814  0.0168  0.0000 -0.0000 -0.0168  0.5814 -0.0000 -0.4021  0.0000 -0.0000
    2  12.3470 THz   0.0000  0.0000  0.0000 -0.0000 -0.1892  0.9235 -0.0000 -0.0000 -0.0000 -0.0000 -0.2002 -0.2669
    3  12.3470 THz  -0.0000  0.0000 -0.0000  0.0000  0.2498 -0.2213  0.0000  0.0000 -0.0000  0.0000  0.0002 -0.9427
    4  14.1014 THz   0.6567  0.0000 -0.2622  0.0046 -0.0000 -0.0000  0.0046  0.2622 -0.0000 -0.6567 -0.0000 -0.0000
    5  14.1014 THz  -0.2622  0.0000 -0.6566  0.0115 -0.0000 -0.0000  0.0115  0.6566  0.0000  0.2622 -0.0000 -0.0000


 Q=  0.046302  0.046302 -0.231508, q= -0.500000 -0.500000  0.250000

                       Si X   0        Si Y   0        Si Z   0        Si X   1        Si Y   1        Si Z   1     
                    --------------- --------------- --------------- --------------- --------------- ---------------
    0   3.9996 THz  -0.5000  0.0000  0.5000  0.0000  0.0000 -0.0000  0.2245  0.4468 -0.2245 -0.4468 -0.0000 -0.0000
    1   5.7763 THz   0.4241  0.0000  0.4241 -0.0000 -0.2406  0.2870 -0.2803  0.3182 -0.2803  0.3182  0.3744  0.0091
    2   9.6438 THz  -0.3085  0.0000 -0.3085 -0.0000 -0.2247  0.5091 -0.2427 -0.1903 -0.2427 -0.1903  0.1373 -0.5393
    3  12.6553 THz  -0.3059  0.0000 -0.3059 -0.0000 -0.4200  0.3694  0.1090  0.2859  0.1090  0.2859 -0.1955  0.5240
    4  14.2271 THz   0.5000  0.0000 -0.5000  0.0000 -0.0000  0.0000  0.2245  0.4468 -0.2245 -0.4468 -0.0000 -0.0000
    5  14.6248 THz  -0.3625  0.0000 -0.3625  0.0000  0.2641 -0.4092 -0.2134  0.2930 -0.2134  0.2930  0.4863  0.0274


 Q= -0.046302 -0.138905 -0.046302, q= -0.500000 -0.250000 -0.500000

                       Si X   0        Si Y   0        Si Z   0        Si X   1        Si Y   1        Si Z   1     
                    --------------- --------------- --------------- --------------- --------------- ---------------
    0   3.9996 THz  -0.5000  0.0000  0.0000 -0.0000  0.5000  0.0000 -0.2245  0.4468  0.0000 -0.0000  0.2245 -0.4468
    1   5.7763 THz   0.4241  0.0000 -0.2406 -0.2870  0.4241  0.0000  0.2803  0.3182 -0.3744  0.0091  0.2803  0.3182
    2   9.6438 THz  -0.3085  0.0000 -0.2247 -0.5091 -0.3085  0.0000  0.2427 -0.1903 -0.1373 -0.5393  0.2427 -0.1903
    3  12.6553 THz  -0.3059  0.0000 -0.4200 -0.3694 -0.3059 -0.0000 -0.1090  0.2859  0.1955  0.5240 -0.1090  0.2859
    4  14.2271 THz   0.5000  0.0000 -0.0000 -0.0000 -0.5000 -0.0000 -0.2245  0.4468  0.0000 -0.0000  0.2245 -0.4468
    5  14.6248 THz  -0.3625  0.0000  0.2641  0.4092 -0.3625 -0.0000  0.2134  0.2930 -0.4863  0.0274  0.2134  0.2930


 Q=  0.000000 -0.092603 -0.092603, q= -0.500000 -0.250000 -0.250000

                       Si X   0        Si Y   0        Si Z   0        Si X   1        Si Y   1        Si Z   1     
                    --------------- --------------- --------------- --------------- --------------- ---------------
    0   3.9692 THz  -0.0000  0.0000 -0.4978 -0.0468  0.4978  0.0468 -0.0000 -0.0000 -0.4978 -0.0468  0.4978  0.0468
    1   5.7397 THz  -0.6203  0.0000  0.0000  0.2400 -0.0000  0.2400 -0.6203  0.0000  0.0000 -0.2400 -0.0000 -0.2400
    2   8.5755 THz   0.3508  0.0000  0.0000  0.4341 -0.0000  0.4341 -0.3508  0.0000  0.0000  0.4341 -0.0000  0.4341
    3  12.8293 THz   0.3394  0.0000 -0.0000  0.4386 -0.0000  0.4386  0.3394  0.0000  0.0000 -0.4386 -0.0000 -0.4386
    4  14.3694 THz   0.0000  0.0000 -0.4694 -0.1722  0.4694  0.1722 -0.0000 -0.0000  0.4694  0.1722 -0.4694 -0.1722
    5  14.8924 THz  -0.6139  0.0000 -0.0000  0.2481  0.0000  0.2481  0.6139 -0.0000  0.0000  0.2481 -0.0000  0.2481


 Q=  0.046302 -0.046302 -0.138905, q= -0.500000 -0.250000  0.000000

                       Si X   0        Si Y   0        Si Z   0        Si X   1        Si Y   1        Si Z   1     
                    --------------- --------------- --------------- --------------- --------------- ---------------
    0   3.9996 THz   0.5000  0.0000  0.5000 -0.0000  0.0000  0.0000  0.2245  0.4468  0.2245  0.4468  0.0000  0.0000
    1   5.7763 THz  -0.4241  0.0000  0.4241 -0.0000 -0.2406  0.2870 -0.2803  0.3182  0.2803 -0.3182 -0.3744 -0.0091
    2   9.6438 THz  -0.3085  0.0000  0.3085  0.0000  0.2247 -0.5091  0.2427  0.1903 -0.2427 -0.1903  0.1373 -0.5393
    3  12.6553 THz  -0.3059  0.0000  0.3059  0.0000  0.4200 -0.3694 -0.1090 -0.2859  0.1090  0.2859 -0.1955  0.5240
    4  14.2271 THz   0.5000  0.0000  0.5000 -0.0000  0.0000 -0.0000 -0.2245 -0.4468 -0.2245 -0.4468 -0.0000 -0.0000
    5  14.6248 THz   0.3625  0.0000 -0.3625  0.0000  0.2641 -0.4092 -0.2134  0.2930  0.2134 -0.2930 -0.4863 -0.0274


 Q=  0.092603  0.000000 -0.185206, q= -0.500000 -0.250000  0.250000

                       Si X   0        Si Y   0        Si Z   0        Si X   1        Si Y   1        Si Z   1     
                    --------------- --------------- --------------- --------------- --------------- ---------------
    0   5.8458 THz   0.0000  0.0000 -0.4670  0.0387 -0.0387 -0.4670 -0.0618 -0.7463 -0.0000  0.0000 -0.0000  0.0000
    1   5.8458 THz   0.7489  0.0000 -0.0000  0.0000 -0.0000 -0.0000  0.0000 -0.0000  0.0000  0.4686  0.4686 -0.0000
    2  10.8195 THz   0.0000  0.0000  0.0375  0.0012  0.0012 -0.0375 -0.0000 -0.0000  0.0445 -0.7047  0.7047  0.0445
    3  10.8195 THz   0.0000  0.0000 -0.6944  0.1280  0.1280  0.6944  0.0000  0.0000 -0.0057 -0.0371  0.0371 -0.0057
    4  14.2839 THz   0.0000  0.0000 -0.2880  0.4443 -0.4443 -0.2880  0.5561  0.3605  0.0000 -0.0000  0.0000 -0.0000
    5  14.2839 THz  -0.6627  0.0000 -0.0000  0.0000 -0.0000 -0.0000  0.0000 -0.0000  0.0000  0.5295  0.5295 -0.0000


 Q=  0.000000 -0.185206  0.000000, q= -0.500000  0.000000 -0.500000

                       Si X   0        Si Y   0        Si Z   0        Si X   1        Si Y   1        Si Z   1     
                    --------------- --------------- --------------- --------------- --------------- ---------------
    0   3.9978 THz   0.7071  0.0000 -0.0000  0.0000  0.0000  0.0000  0.0000  0.0000  0.0000 -0.0000  0.0000  0.7071
    1   3.9978 THz   0.0000  0.0000  0.0000 -0.0000  0.7071 -0.0000  0.0000  0.7071  0.0000  0.0000  0.0000 -0.0000
    2  12.3470 THz   0.0000  0.0000  0.9770 -0.0773 -0.0000 -0.0000 -0.0000 -0.0000  0.1236 -0.1557 -0.0000  0.0000
    3  12.3470 THz   0.0000  0.0000  0.1552  0.1244 -0.0000  0.0000  0.0000  0.0000 -0.9697  0.1416 -0.0000  0.0000
    4  14.1014 THz  -0.7071  0.0000 -0.0000  0.0000  0.0000  0.0000  0.0000  0.0000  0.0000 -0.0000  0.0000  0.7071
    5  14.1014 THz   0.0000  0.0000 -0.0000 -0.0000 -0.7071  0.0000  0.0000  0.7071  0.0000  0.0000  0.0000 -0.0000


 Q=  0.046302 -0.138905 -0.046302, q= -0.500000  0.000000 -0.250000

                       Si X   0        Si Y   0        Si Z   0        Si X   1        Si Y   1        Si Z   1     
                    --------------- --------------- --------------- --------------- --------------- ---------------
    0   3.9996 THz   0.5000  0.0000  0.0000  0.0000  0.5000 -0.0000  0.2245  0.4468  0.0000  0.0000  0.2245  0.4468
    1   5.7763 THz  -0.4241  0.0000 -0.2406  0.2870  0.4241 -0.0000 -0.2803  0.3182 -0.3744 -0.0091  0.2803 -0.3182
    2   9.6438 THz   0.3085  0.0000 -0.2247  0.5091 -0.3085 -0.0000 -0.2427 -0.1903 -0.1373  0.5393  0.2427  0.1903
    3  12.6553 THz   0.3059  0.0000 -0.4200  0.3694 -0.3059  0.0000  0.1090  0.2859  0.1955 -0.5240 -0.1090 -0.2859
    4  14.2271 THz   0.5000  0.0000  0.0000 -0.0000  0.5000 -0.0000 -0.2245 -0.4468 -0.0000 -0.0000 -0.2245 -0.4468
    5  14.6248 THz  -0.3625  0.0000 -0.2641  0.4092  0.3625 -0.0000  0.2134 -0.2930  0.4863  0.0274 -0.2134  0.2930


 Q=  0.092603 -0.092603 -0.092603, q= -0.500000  0.000000  0.000000

                       Si X   0        Si Y   0        Si Z   0        Si X   1        Si Y   1        Si Z   1     
                    --------------- --------------- --------------- --------------- --------------- ---------------
    0   3.1012 THz   0.5214  0.0000  0.0466 -0.0158  0.4748  0.0158  0.3687  0.3687  0.0441  0.0218  0.3246  0.3469
    1   3.1012 THz  -0.2479  0.0000 -0.5743 -0.0332  0.3264  0.0332 -0.1753 -0.1753 -0.3826 -0.4296  0.2073  0.2542
    2  11.0613 THz   0.4082  0.0000 -0.4082  0.0000 -0.4082  0.0000 -0.2887 -0.2887  0.2887  0.2887  0.2887  0.2887
    3  12.7988 THz  -0.4082  0.0000  0.4082 -0.0000  0.4082 -0.0000 -0.2887 -0.2887  0.2887  0.2887  0.2887  0.2887
    4  14.8317 THz  -0.5749  0.0000 -0.2412 -0.0049 -0.3336  0.0049  0.4065  0.4065  0.1671  0.1740  0.2394  0.2325
    5  14.8317 THz   0.0537  0.0000  0.5219 -0.0522 -0.4683  0.0522 -0.0379 -0.0379 -0.4060 -0.3322  0.3680  0.2942


 Q=  0.138905 -0.046302 -0.138905, q= -0.500000  0.000000  0.250000

                       Si X   0        Si Y   0        Si Z   0        Si X   1        Si Y   1        Si Z   1     
                    --------------- --------------- --------------- --------------- --------------- ---------------
    0   3.9996 THz   0.5000  0.0000  0.0000  0.0000  0.5000  0.0000  0.4468  0.2245  0.0000  0.0000  0.4468  0.2245
    1   5.7763 THz  -0.4241  0.0000 -0.2406 -0.2870  0.4241  0.0000  0.3182 -0.2803 -0.0091 -0.3744 -0.3182  0.2803
    2   9.6438 THz  -0.3085  0.0000  0.2247  0.5091  0.3085 -0.0000  0.1903  0.2427 -0.5393  0.1373 -0.1903 -0.2427
    3  12.6553 THz   0.3059  0.0000 -0.4200 -0.3694 -0.3059  0.0000  0.2859  0.1090 -0.5240  0.1955 -0.2859 -0.1090
    4  14.2271 THz   0.5000  0.0000  0.0000  0.0000  0.5000  0.0000 -0.4468 -0.2245  0.0000 -0.0000 -0.4468 -0.2245
    5  14.6248 THz  -0.3625  0.0000 -0.2641 -0.4092  0.3625  0.0000 -0.2930  0.2134  0.0274  0.4863  0.2930 -0.2134


 Q=  0.046302 -0.231508  0.046302, q= -0.500000  0.250000 -0.500000

                       Si X   0        Si Y   0        Si Z   0        Si X   1        Si Y   1        Si Z   1     
                    --------------- --------------- --------------- --------------- --------------- ---------------
    0   3.9996 THz  -0.5000  0.0000 -0.0000  0.0000  0.5000  0.0000  0.2245  0.4468  0.0000 -0.0000 -0.2245 -0.4468
    1   5.7763 THz   0.4241  0.0000 -0.2406  0.2870  0.4241 -0.0000 -0.2803  0.3182  0.3744  0.0091 -0.2803  0.3182
    2   9.6438 THz   0.3085  0.0000  0.2247 -0.5091  0.3085  0.0000  0.2427  0.1903 -0.1373  0.5393  0.2427  0.1903
    3  12.6553 THz   0.3059  0.0000  0.4200 -0.3694  0.3059  0.0000 -0.1090 -0.2859  0.1955 -0.5240 -0.1090 -0.2859
    4  14.2271 THz   0.5000  0.0000 -0.0000 -0.0000 -0.5000  0.0000  0.2245  0.4468  0.0000 -0.0000 -0.2245 -0.4468
    5  14.6248 THz   0.3625  0.0000 -0.2641  0.4092  0.3625 -0.0000  0.2134 -0.2930 -0.4863 -0.0274  0.2134 -0.2930


 Q=  0.092603 -0.185206  0.000000, q= -0.500000  0.250000 -0.250000

                       Si X   0        Si Y   0        Si Z   0        Si X   1        Si Y   1        Si Z   1     
                    --------------- --------------- --------------- --------------- --------------- ---------------
    0   5.8458 THz   0.7489  0.0000 -0.0000 -0.0000  0.0000  0.0000 -0.0000  0.0000  0.4686  0.0000  0.0000  0.4686
    1   5.8458 THz   0.0000  0.0000  0.4625  0.0756  0.0756 -0.4625  0.7390  0.1209 -0.0000  0.0000 -0.0000  0.0000
    2  10.8195 THz   0.0000  0.0000  0.4349  0.2880 -0.2880  0.4349  0.0000  0.0000  0.4115 -0.2421 -0.2421 -0.4115
    3  10.8195 THz   0.0000  0.0000 -0.2074  0.4300 -0.4300 -0.2074 -0.0000 -0.0000 -0.3227 -0.4098 -0.4098  0.3227
    4  14.2839 THz  -0.0000 -0.0000 -0.5250  0.0689  0.0689  0.5250  0.6571 -0.0863 -0.0000  0.0000  0.0000  0.0000
    5  14.2839 THz  -0.6627  0.0000 -0.0000 -0.0000  0.0000  0.0000 -0.0000  0.0000  0.5295  0.0000  0.0000  0.5295


 Q=  0.138905 -0.138905 -0.046302, q= -0.500000  0.250000  0.000000

                       Si X   0        Si Y   0        Si Z   0        Si X   1        Si Y   1        Si Z   1     
                    --------------- --------------- --------------- --------------- --------------- ---------------
    0   3.9996 THz   0.5000  0.0000  0.5000  0.0000  0.0000 -0.0000  0.4468  0.2245  0.4468  0.2245  0.0000  0.0000
    1   5.7763 THz  -0.4241  0.0000  0.4241  0.0000 -0.2406 -0.2870  0.3182 -0.2803 -0.3182  0.2803 -0.0091 -0.3744
    2   9.6438 THz  -0.3085  0.0000  0.3085 -0.0000  0.2247  0.5091  0.1903  0.2427 -0.1903 -0.2427 -0.5393  0.1373
    3  12.6553 THz   0.3059  0.0000 -0.3059  0.0000 -0.4200 -0.3694  0.2859  0.1090 -0.2859 -0.1090 -0.5240  0.1955
    4  14.2271 THz   0.5000  0.0000  0.5000  0.0000  0.0000  0.0000 -0.4468 -0.2245 -0.4468 -0.2245  0.0000 -0.0000
    5  14.6248 THz  -0.3625  0.0000  0.3625  0.0000 -0.2641 -0.4092 -0.2930  0.2134  0.2930 -0.2134  0.0274  0.4863


 Q=  0.185206 -0.092603 -0.092603, q= -0.500000  0.250000  0.250000

                       Si X   0        Si Y   0        Si Z   0        Si X   1        Si Y   1        Si Z   1     
                    --------------- --------------- --------------- --------------- --------------- ---------------
    0   3.9692 THz   0.0000  0.0000 -0.2704  0.4206  0.2704 -0.4206 -0.0000  0.0000 -0.4206 -0.2704  0.4206  0.2704
    1   5.7397 THz   0.6203  0.0000  0.0000  0.2400 -0.0000  0.2400 -0.0000  0.6203  0.2400  0.0000  0.2400 -0.0000
    2   8.5755 THz   0.3508  0.0000  0.0000 -0.4341  0.0000 -0.4341  0.0000 -0.3508  0.4341  0.0000  0.4341  0.0000
    3  12.8293 THz  -0.3394  0.0000 -0.0000  0.4386 -0.0000  0.4386  0.0000 -0.3394  0.4386  0.0000  0.4386  0.0000
    4  14.3694 THz  -0.0000  0.0000 -0.3619 -0.3451  0.3619  0.3451 -0.0000  0.0000 -0.3451  0.3619  0.3451 -0.3619
    5  14.8924 THz  -0.6139  0.0000  0.0000 -0.2481 -0.0000 -0.2481 -0.0000  0.6139  0.2481 -0.0000  0.2481  0.0000


 Q= -0.138905 -0.046302 -0.046302, q= -0.250000 -0.500000 -0.500000

                       Si X   0        Si Y   0        Si Z   0        Si X   1        Si Y   1        Si Z   1     
                    --------------- --------------- --------------- --------------- --------------- ---------------
    0   3.9996 THz   0.0000  0.0000 -0.2683 -0.4219  0.2683  0.4219  0.0000 -0.0000 -0.4975  0.0503  0.4975 -0.0503
    1   5.7763 THz   0.3745  0.0000 -0.2725  0.3250 -0.2725  0.3250  0.2336 -0.2928 -0.4240  0.0103 -0.4240  0.0103
    2   9.6438 THz  -0.5565  0.0000 -0.1246  0.2822 -0.1246  0.2822 -0.5488 -0.0922 -0.0761 -0.2989 -0.0761 -0.2989
    3  12.6553 THz   0.5593  0.0000  0.2297 -0.2020  0.2297 -0.2020 -0.4929 -0.2644 -0.1070 -0.2866 -0.1070 -0.2866
    4  14.2271 THz  -0.0000  0.0000 -0.2760  0.4170  0.2760 -0.4170  0.0000 -0.0000 -0.2487 -0.4338  0.2487  0.4338
    5  14.6248 THz  -0.4870  0.0000  0.1966 -0.3045  0.1966 -0.3045  0.2407 -0.4234 -0.3619  0.0204 -0.3619  0.0204


 Q= -0.092603  0.000000 -0.092603, q= -0.250000 -0.500000 -0.250000

                       Si X   0        Si Y   0        Si Z   0        Si X   1        Si Y   1        Si Z   1     
                    --------------- --------------- --------------- --------------- --------------- ---------------
    0   3.9692 THz  -0.5000  0.0000  0.0000  0.0000  0.5000  0.0000 -0.5000  0.0000 -0.0000  0.0000  0.5000  0.0000
    1   5.7397 THz   0.2400  0.0000  0.0000  0.6203  0.2400  0.0000 -0.2400  0.0000  0.0000  0.6203 -0.2400  0.0000
    2   8.5755 THz  -0.4341  0.0000  0.0000  0.3508 -0.4341 -0.0000 -0.4341  0.0000  0.0000 -0.3508 -0.4341  0.0000
    3  12.8293 THz  -0.4386  0.0000  0.0000  0.3394 -0.4386  0.0000  0.4386 -0.0000 -0.0000  0.3394  0.4386 -0.0000
    4  14.3694 THz   0.5000  0.0000 -0.0000 -0.0000 -0.5000  0.0000 -0.5000  0.0000  0.0000  0.0000  0.5000 -0.0000
    5  14.8924 THz   0.2481  0.0000  0.0000  0.6139  0.2481 -0.0000  0.2481 -0.0000 -0.0000 -0.6139  0.2481 -0.0000


 Q= -0.046302  0.046302 -0.138905, q= -0.250000 -0.500000  0.000000

                       Si X   0        Si Y   0        Si Z   0        Si X   1        Si Y   1        Si Z   1     
                    --------------- --------------- --------------- --------------- --------------- ---------------
    0   3.9996 THz   0.5000  0.0000  0.5000 -0.0000  0.0000 -0.0000  0.2245  0.4468  0.2245  0.4468  0.0000 -0.0000
    1   5.7763 THz   0.4241  0.0000 -0.4241  0.0000 -0.2406  0.2870  0.2803 -0.3182 -0.2803  0.3182 -0.3744 -0.0091
    2   9.6438 THz  -0.3085  0.0000  0.3085  0.0000 -0.2247  0.5091  0.2427  0.1903 -0.2427 -0.1903 -0.1373  0.5393
    3  12.6553 THz   0.3059  0.0000 -0.3059  0.0000  0.4200 -0.3694  0.1090  0.2859 -0.1090 -0.2859 -0.1955  0.5240
    4  14.2271 THz   0.5000  0.0000  0.5000 -0.0000 -0.0000  0.0000 -0.2245 -0.4468 -0.2245 -0.4468  0.0000  0.0000
    5  14.6248 THz   0.3625  0.0000 -0.3625  0.0000 -0.2641  0.4092 -0.2134  0.2930  0.2134 -0.2930  0.4863  0.0274


 Q=  0.000000  0.092603 -0.185206, q= -0.250000 -0.500000  0.250000

                       Si X   0        Si Y   0        Si Z   0        Si X   1        Si Y   1        Si Z   1     
                    --------------- --------------- --------------- --------------- --------------- ---------------
    0   5.8458 THz   0.0000  0.0000  0.7449  0.0767  0.0000  0.0000 -0.0480  0.4662  0.0000  0.0000  0.4662  0.0480
    1   5.8458 THz   0.4686  0.0000 -0.0000 -0.0000 -0.0000  0.4686  0.0000 -0.0000  0.0000  0.7489 -0.0000 -0.0000
    2  10.8195 THz   0.7071  0.0000  0.0000  0.0000  0.0000 -0.7071  0.0000  0.0000  0.0000 -0.0000  0.0000  0.0000
    3  10.8195 THz   0.0000  0.0000 -0.0000  0.0000 -0.0000 -0.0000  0.4501  0.5453  0.0000  0.0000 -0.5453  0.4501
    4  14.2839 THz   0.5295  0.0000  0.0000 -0.0000 -0.0000  0.5295 -0.0000  0.0000 -0.0000 -0.6627 -0.0000  0.0000
    5  14.2839 THz   0.0000  0.0000  0.6567  0.0894  0.0000 -0.0000  0.0714 -0.5247 -0.0000 -0.0000 -0.5247 -0.0714


 Q= -0.092603 -0.092603  0.000000, q= -0.250000 -0.250000 -0.500000

                       Si X   0        Si Y   0        Si Z   0        Si X   1        Si Y   1        Si Z   1     
                    --------------- --------------- --------------- --------------- --------------- ---------------
    0   3.9692 THz  -0.5000  0.0000  0.5000 -0.0000  0.0000 -0.0000 -0.5000  0.0000  0.5000 -0.0000  0.0000 -0.0000
    1   5.7397 THz  -0.2400  0.0000 -0.2400  0.0000 -0.0000 -0.6203  0.2400 -0.0000  0.2400 -0.0000 -0.0000 -0.6203
    2   8.5755 THz  -0.4341  0.0000 -0.4341 -0.0000 -0.0000  0.3508 -0.4341  0.0000 -0.4341  0.0000 -0.0000 -0.3508
    3  12.8293 THz   0.4386  0.0000  0.4386  0.0000  0.0000 -0.3394 -0.4386  0.0000 -0.4386  0.0000 -0.0000 -0.3394
    4  14.3694 THz   0.5000  0.0000 -0.5000 -0.0000  0.0000 -0.0000 -0.5000  0.0000  0.5000 -0.0000 -0.0000  0.0000
    5  14.8924 THz   0.2481  0.0000  0.2481  0.0000 -0.0000  0.6139  0.2481  0.0000  0.2481  0.0000  0.0000 -0.6139


 Q= -0.046302 -0.046302 -0.046302, q= -0.250000 -0.250000 -0.250000

                       Si X   0        Si Y   0        Si Z   0        Si X   1        Si Y   1        Si Z   1     
                    --------------- --------------- --------------- --------------- --------------- ---------------
    0   2.7746 THz   0.5755  0.0000 -0.3265  0.0104 -0.2490 -0.0104  0.5446 -0.1860 -0.3056  0.1154 -0.2390  0.0706
    1   2.7746 THz  -0.0463  0.0000 -0.4580  0.1298  0.5043 -0.1298 -0.0438  0.0150 -0.3915  0.2709  0.4353 -0.2859
    2   6.9213 THz  -0.4082  0.0000 -0.4082 -0.0000 -0.4082 -0.0000 -0.3535 -0.2042 -0.3535 -0.2042 -0.3535 -0.2042
    3  14.7224 THz  -0.4082  0.0000 -0.4082  0.0000 -0.4082  0.0000  0.3535  0.2042  0.3535  0.2042  0.3535  0.2042
    4  14.9727 THz  -0.5736  0.0000  0.2602  0.0499  0.3135 -0.0499  0.5428 -0.1854 -0.2623  0.0369 -0.2805  0.1486
    5  14.9727 THz   0.0653  0.0000 -0.2667  0.4382  0.2014 -0.4382 -0.0618  0.0211  0.1107 -0.5009 -0.0489  0.4798


 Q=  0.000000  0.000000 -0.092603, q= -0.250000 -0.250000  0.000000

                       Si X   0        Si Y   0        Si Z   0        Si X   1        Si Y   1        Si Z   1     
                    --------------- --------------- --------------- --------------- --------------- ---------------
    0   3.7201 THz   0.7071  0.0000 -0.0000  0.0000 -0.0000 -0.0000  0.5611 -0.0000  0.0000  0.4303 -0.0000 -0.0000
    1   3.7201 THz   0.0000  0.0000  0.6462  0.2872 -0.0000  0.0000 -0.1748  0.3932  0.5127  0.2279 -0.0000  0.0000
    2   7.2438 THz   0.0000  0.0000 -0.0000  0.0000 -0.6710  0.2231  0.0000 -0.0000 -0.0000 -0.0000 -0.6710  0.2231
    3  14.3818 THz  -0.7071  0.0000 -0.0000  0.0000 -0.0000 -0.0000  0.5611 -0.0000  0.0000  0.4303 -0.0000 -0.0000
    4  14.3818 THz   0.0000  0.0000  0.5368  0.4603 -0.0000  0.0000  0.2801 -0.3267 -0.4260 -0.3652  0.0000 -0.0000
    5  14.8625 THz   0.0000  0.0000  0.0000  0.0000  0.6026 -0.3700  0.0000 -0.0000 -0.0000 -0.0000 -0.6026  0.3700


 Q=  0.046302  0.046302 -0.138905, q= -0.250000 -0.250000  0.250000

                       Si X   0        Si Y   0        Si Z   0        Si X   1        Si Y   1        Si Z   1     
                    --------------- --------------- --------------- --------------- --------------- ---------------
    0   3.9996 THz  -0.5000 -0.0000  0.5000  0.0000 -0.0000 -0.0000 -0.2245  0.4468  0.2245 -0.4468 -0.0000  0.0000
    1   5.7763 THz  -0.4241  0.0000 -0.4241 -0.0000 -0.2406 -0.2870 -0.2803 -0.3182 -0.2803 -0.3182 -0.3744  0.0091
    2   9.6438 THz   0.3085  0.0000  0.3085 -0.0000 -0.2247 -0.5091 -0.2427  0.1903 -0.2427  0.1903 -0.1373 -0.5393
    3  12.6553 THz  -0.3059  0.0000 -0.3059  0.0000  0.4200  0.3694 -0.1090  0.2859 -0.1090  0.2859 -0.1955 -0.5240
    4  14.2271 THz   0.5000  0.0000 -0.5000 -0.0000  0.0000  0.0000 -0.2245  0.4468  0.2245 -0.4468 -0.0000  0.0000
    5  14.6248 THz   0.3625  0.0000  0.3625  0.0000  0.2641  0.4092 -0.2134 -0.2930 -0.2134 -0.2930 -0.4863  0.0274


 Q= -0.046302 -0.138905  0.046302, q= -0.250000  0.000000 -0.500000

                       Si X   0        Si Y   0        Si Z   0        Si X   1        Si Y   1        Si Z   1     
                    --------------- --------------- --------------- --------------- --------------- ---------------
    0   3.9996 THz  -0.5000 -0.0000  0.0000  0.0000 -0.5000  0.0000 -0.2245 -0.4468  0.0000  0.0000 -0.2245 -0.4468
    1   5.7763 THz  -0.4241  0.0000  0.2406 -0.2870  0.4241 -0.0000 -0.2803  0.3182  0.3744  0.0091  0.2803 -0.3182
    2   9.6438 THz  -0.3085  0.0000 -0.2247  0.5091  0.3085  0.0000  0.2427  0.1903 -0.1373  0.5393 -0.2427 -0.1903
    3  12.6553 THz   0.3059  0.0000  0.4200 -0.3694 -0.3059  0.0000  0.1090  0.2859 -0.1955  0.5240 -0.1090 -0.2859
    4  14.2271 THz   0.5000  0.0000 -0.0000  0.0000  0.5000 -0.0000 -0.2245 -0.4468 -0.0000  0.0000 -0.2245 -0.4468
    5  14.6248 THz  -0.3625  0.0000  0.2641 -0.4092  0.3625 -0.0000  0.2134 -0.2930 -0.4863 -0.0274 -0.2134  0.2930


 Q=  0.000000 -0.092603  0.000000, q= -0.250000  0.000000 -0.250000

                       Si X   0        Si Y   0        Si Z   0        Si X   1        Si Y   1        Si Z   1     
                    --------------- --------------- --------------- --------------- --------------- ---------------
    0   3.7201 THz   0.1734  0.0000  0.0000 -0.0000 -0.5943  0.3417 -0.0703 -0.3616  0.0000 -0.0000 -0.4716  0.3767
    1   3.7201 THz   0.6855  0.0000  0.0000 -0.0000  0.1503 -0.0864  0.5966  0.0915  0.0000 -0.0000  0.1193  0.3486
    2   7.2438 THz  -0.0000  0.0000  0.7064 -0.0313  0.0000 -0.0000 -0.0000  0.0000  0.7064 -0.0313  0.0000 -0.0000
    3  14.3818 THz  -0.3297  0.0000 -0.0000 -0.0000 -0.2042  0.5913  0.6214  0.1243 -0.0000  0.0000  0.1620 -0.2685
    4  14.3818 THz  -0.6255  0.0000  0.0000  0.0000  0.1076 -0.3116  0.3067 -0.0655 -0.0000 -0.0000 -0.0854  0.6280
    5  14.8625 THz   0.0000  0.0000  0.7068  0.0212  0.0000  0.0000 -0.0000 -0.0000 -0.7068 -0.0212 -0.0000 -0.0000


 Q=  0.046302 -0.046302 -0.046302, q= -0.250000  0.000000  0.000000

                       Si X   0        Si Y   0        Si Z   0        Si X   1        Si Y   1        Si Z   1     
                    --------------- --------------- --------------- --------------- --------------- ---------------
    0   2.7746 THz   0.5732  0.0000  0.3433  0.0201  0.2299 -0.0201  0.5424  0.1853  0.3183  0.1300  0.2240  0.0553
    1   2.7746 THz   0.0694  0.0000 -0.4332 -0.1658  0.5026  0.1658  0.0657  0.0224 -0.3563 -0.2969  0.4220  0.3194
    2   6.9213 THz   0.4082  0.0000 -0.4082  0.0000 -0.4082  0.0000  0.3535 -0.2042 -0.3535  0.2042 -0.3535  0.2042
    3  14.7224 THz  -0.4082  0.0000  0.4082  0.0000  0.4082  0.0000  0.3535 -0.2042 -0.3535  0.2042 -0.3535  0.2042
    4  14.9727 THz   0.5569  0.0000  0.4032  0.0430  0.1536 -0.0430 -0.5270 -0.1800 -0.3677 -0.1711 -0.1593 -0.0090
    5  14.9727 THz   0.1524  0.0000 -0.3797 -0.1572  0.5321  0.1572 -0.1443 -0.0493  0.3085  0.2715 -0.4528 -0.3208


 Q=  0.092603  0.000000 -0.092603, q= -0.250000  0.000000  0.250000

                       Si X   0        Si Y   0        Si Z   0        Si X   1        Si Y   1        Si Z   1     
                    --------------- --------------- --------------- --------------- --------------- ---------------
    0   3.9692 THz  -0.5000  0.0000  0.0000 -0.0000 -0.5000  0.0000 -0.5000  0.0000  0.0000 -0.0000 -0.5000  0.0000
    1   5.7397 THz   0.2400  0.0000  0.0000  0.6203 -0.2400  0.0000 -0.2400  0.0000  0.0000  0.6203  0.2400  0.0000
    2   8.5755 THz   0.4341  0.0000  0.0000 -0.3508 -0.4341  0.0000  0.4341  0.0000  0.0000  0.3508 -0.4341 -0.0000
    3  12.8293 THz   0.4386  0.0000  0.0000 -0.3394 -0.4386 -0.0000 -0.4386 -0.0000  0.0000 -0.3394  0.4386  0.0000
    4  14.3694 THz   0.5000  0.0000 -0.0000 -0.0000  0.5000 -0.0000 -0.5000  0.0000  0.0000  0.0000 -0.5000 -0.0000
    5  14.8924 THz   0.2481  0.0000  0.0000  0.6139 -0.2481  0.0000  0.2481 -0.0000 -0.0000 -0.6139 -0.2481  0.0000


 Q=  0.000000 -0.185206  0.092603, q= -0.250000  0.250000 -0.500000

                       Si X   0        Si Y   0        Si Z   0        Si X   1        Si Y   1        Si Z   1     
                    --------------- --------------- --------------- --------------- --------------- ---------------
    0   5.8458 THz   0.0000  0.0000  0.0000 -0.0000  0.6609 -0.3522  0.2204  0.4136  0.4136 -0.2204  0.0000 -0.0000
    1   5.8458 THz   0.4686  0.0000  0.0000  0.4686 -0.0000 -0.0000  0.0000 -0.0000  0.0000 -0.0000  0.0000  0.7489
    2  10.8195 THz   0.0000  0.0000  0.0000 -0.0000  0.0000 -0.0000 -0.4495 -0.5458  0.5458 -0.4495 -0.0000 -0.0000
    3  10.8195 THz   0.7071  0.0000 -0.0000 -0.7071  0.0000  0.0000  0.0000 -0.0000  0.0000  0.0000 -0.0000 -0.0000
    4  14.2839 THz   0.0000  0.0000  0.0000 -0.0000  0.6561  0.0934  0.0746 -0.5242 -0.5242 -0.0746 -0.0000 -0.0000
    5  14.2839 THz   0.5295  0.0000  0.0000  0.5295 -0.0000 -0.0000 -0.0000  0.0000 -0.0000  0.0000  0.0000 -0.6627


 Q=  0.046302 -0.138905  0.046302, q= -0.250000  0.250000 -0.250000

                       Si X   0        Si Y   0        Si Z   0        Si X   1        Si Y   1        Si Z   1     
                    --------------- --------------- --------------- --------------- --------------- ---------------
    0   3.9996 THz   0.5000  0.0000 -0.0000 -0.0000 -0.5000 -0.0000  0.2245 -0.4468  0.0000 -0.0000 -0.2245  0.4468
    1   5.7763 THz   0.4241  0.0000  0.2406  0.2870  0.4241  0.0000  0.2803  0.3182  0.3744 -0.0091  0.2803  0.3182
    2   9.6438 THz   0.3085  0.0000 -0.2247 -0.5091  0.3085 -0.0000 -0.2427  0.1903 -0.1373 -0.5393 -0.2427  0.1903
    3  12.6553 THz  -0.3059  0.0000  0.4200  0.3694 -0.3059  0.0000 -0.1090  0.2859 -0.1955 -0.5240 -0.1090  0.2859
    4  14.2271 THz   0.5000  0.0000 -0.0000 -0.0000 -0.5000 -0.0000 -0.2245  0.4468  0.0000  0.0000  0.2245 -0.4468
    5  14.6248 THz  -0.3625  0.0000 -0.2641 -0.4092 -0.3625 -0.0000  0.2134  0.2930  0.4863 -0.0274  0.2134  0.2930


 Q=  0.092603 -0.092603  0.000000, q= -0.250000  0.250000  0.000000

                       Si X   0        Si Y   0        Si Z   0        Si X   1        Si Y   1        Si Z   1     
                    --------------- --------------- --------------- --------------- --------------- ---------------
    0   3.9692 THz   0.5000  0.0000  0.5000 -0.0000 -0.0000  0.0000  0.5000 -0.0000  0.5000  0.0000 -0.0000  0.0000
    1   5.7397 THz   0.2400  0.0000 -0.2400  0.0000  0.0000  0.6203 -0.2400  0.0000  0.2400 -0.0000  0.0000  0.6203
    2   8.5755 THz  -0.4341  0.0000  0.4341  0.0000 -0.0000  0.3508 -0.4341 -0.0000  0.4341  0.0000 -0.0000 -0.3508
    3  12.8293 THz   0.4386  0.0000 -0.4386 -0.0000  0.0000 -0.3394 -0.4386 -0.0000  0.4386  0.0000 -0.0000 -0.3394
    4  14.3694 THz   0.5000  0.0000  0.5000 -0.0000 -0.0000  0.0000 -0.5000  0.0000 -0.5000  0.0000  0.0000 -0.0000
    5  14.8924 THz   0.2481  0.0000 -0.2481  0.0000 -0.0000  0.6139  0.2481  0.0000 -0.2481 -0.0000 -0.0000 -0.6139


 Q=  0.138905 -0.046302 -0.046302, q= -0.250000  0.250000  0.250000

                       Si X   0        Si Y   0        Si Z   0        Si X   1        Si Y   1        Si Z   1     
                    --------------- --------------- --------------- --------------- --------------- ---------------
    0   3.9996 THz  -0.0000  0.0000  0.2493  0.4334 -0.2493 -0.4334 -0.0000 -0.0000 -0.2754  0.4173  0.2754 -0.4173
    1   5.7763 THz   0.3745  0.0000  0.2725  0.3250  0.2725  0.3250  0.2336  0.2928  0.4240  0.0103  0.4240  0.0103
    2   9.6438 THz   0.5565  0.0000 -0.1246 -0.2822 -0.1246 -0.2822  0.5488 -0.0922 -0.0761  0.2989 -0.0761  0.2989
    3  12.6553 THz  -0.5593  0.0000  0.2297  0.2020  0.2297  0.2020  0.4929 -0.2644 -0.1070  0.2866 -0.1070  0.2866
    4  14.2271 THz  -0.0000  0.0000 -0.1894  0.4627  0.1894 -0.4627  0.0000  0.0000  0.4985 -0.0385 -0.4985  0.0385
    5  14.6248 THz  -0.4870  0.0000 -0.1966 -0.3045 -0.1966 -0.3045  0.2407  0.4234  0.3619  0.0204  0.3619  0.0204


 Q= -0.185206  0.000000  0.000000, q=  0.000000 -0.500000 -0.500000

                       Si X   0        Si Y   0        Si Z   0        Si X   1        Si Y   1        Si Z   1     
                    --------------- --------------- --------------- --------------- --------------- ---------------
    0   3.9978 THz   0.0000  0.0000 -0.6846  0.1182 -0.0584 -0.1182  0.0000 -0.0000  0.1182 -0.0584 -0.1182 -0.6846
    1   3.9978 THz   0.0000  0.0000 -0.0604  0.1172  0.6825  0.1299 -0.0000  0.0000 -0.1299  0.6825 -0.1172 -0.0604
    2  12.3470 THz   1.0000  0.0000  0.0000  0.0000  0.0000  0.0000  0.0000  0.0000  0.0000  0.0000  0.0000  0.0000
    3  12.3470 THz   0.0000  0.0000 -0.0000  0.0000  0.0000 -0.0000  0.9961 -0.0877 -0.0000  0.0000 -0.0000  0.0000
    4  14.1014 THz   0.0000  0.0000  0.0008  0.0266 -0.6964 -0.1198  0.0000  0.0000 -0.1198  0.6964  0.0266 -0.0008
    5  14.1014 THz   0.0000  0.0000 -0.7061 -0.0259 -0.0063  0.0259 -0.0000  0.0000  0.0259  0.0063 -0.0259  0.7061


 Q= -0.138905  0.046302 -0.046302, q=  0.000000 -0.500000 -0.250000

                       Si X   0        Si Y   0        Si Z   0        Si X   1        Si Y   1        Si Z   1     
                    --------------- --------------- --------------- --------------- --------------- ---------------
    0   3.9996 THz  -0.0000  0.0000 -0.0183  0.4997 -0.0183  0.4997 -0.0000  0.0000 -0.4547  0.2080 -0.4547  0.2080
    1   5.7763 THz   0.3745  0.0000  0.2725  0.3250 -0.2725 -0.3250  0.2336  0.2928  0.4240  0.0103 -0.4240 -0.0103
    2   9.6438 THz  -0.5565  0.0000  0.1246  0.2822 -0.1246 -0.2822 -0.5488  0.0922  0.0761 -0.2989 -0.0761  0.2989
    3  12.6553 THz  -0.5593  0.0000  0.2297  0.2020 -0.2297 -0.2020  0.4929 -0.2644 -0.1070  0.2866  0.1070 -0.2866
    4  14.2271 THz   0.0000  0.0000  0.1148 -0.4866  0.1148 -0.4866 -0.0000 -0.0000 -0.4864  0.1159 -0.4864  0.1159
    5  14.6248 THz  -0.4870  0.0000 -0.1966 -0.3045  0.1966  0.3045  0.2407  0.4234  0.3619  0.0204 -0.3619 -0.0204


 Q= -0.092603  0.092603 -0.092603, q=  0.000000 -0.500000  0.000000

                       Si X   0        Si Y   0        Si Z   0        Si X   1        Si Y   1        Si Z   1     
                    --------------- --------------- --------------- --------------- --------------- ---------------
    0   3.1012 THz   0.5766  0.0000  0.3097  0.0127 -0.2669  0.0127  0.4077  0.4077  0.2101  0.2280 -0.1977 -0.1798
    1   3.1012 THz  -0.0287  0.0000  0.4156  0.2540  0.4443  0.2540 -0.0203 -0.0203  0.1143  0.4735  0.1346  0.4938
    2  11.0613 THz  -0.4082  0.0000  0.4082 -0.0000 -0.4082 -0.0000  0.2887  0.2887 -0.2887 -0.2887  0.2887  0.2887
    3  12.7988 THz  -0.4082  0.0000  0.4082 -0.0000 -0.4082  0.0000 -0.2887 -0.2887  0.2887  0.2887 -0.2887 -0.2887
    4  14.8317 THz   0.5707  0.0000  0.3604 -0.0116 -0.2103 -0.0116 -0.4035 -0.4035 -0.2630 -0.2466  0.1405  0.1569
    5  14.8317 THz   0.0877  0.0000 -0.4446  0.0754 -0.5323  0.0754 -0.0620 -0.0620  0.3677  0.2610  0.4297  0.3230


 Q= -0.046302  0.138905 -0.138905, q=  0.000000 -0.500000  0.250000

                       Si X   0        Si Y   0        Si Z   0        Si X   1        Si Y   1        Si Z   1     
                    --------------- --------------- --------------- --------------- --------------- ---------------
    0   3.9996 THz   0.0000  0.0000 -0.2508  0.4326 -0.2508  0.4326  0.0000  0.0000 -0.4183  0.2739 -0.4183  0.2739
    1   5.7763 THz   0.3745  0.0000  0.2725 -0.3250 -0.2725  0.3250  0.2928  0.2336  0.0103  0.4240 -0.0103 -0.4240
    2   9.6438 THz  -0.5565  0.0000  0.1246 -0.2822 -0.1246  0.2822  0.0922 -0.5488 -0.2989  0.0761  0.2989 -0.0761
    3  12.6553 THz  -0.5593  0.0000  0.2297 -0.2020 -0.2297  0.2020 -0.2644  0.4929  0.2866 -0.1070 -0.2866  0.1070
    4  14.2271 THz   0.0000  0.0000  0.1353  0.4814  0.1353  0.4814 -0.0000 -0.0000  0.0952 -0.4909  0.0952 -0.4909
    5  14.6248 THz   0.4870  0.0000  0.1966 -0.3045 -0.1966  0.3045 -0.4234 -0.2407 -0.0204 -0.3619  0.0204  0.3619


 Q= -0.138905 -0.046302  0.046302, q=  0.000000 -0.250000 -0.500000

                       Si X   0        Si Y   0        Si Z   0        Si X   1        Si Y   1        Si Z   1     
                    --------------- --------------- --------------- --------------- --------------- ---------------
    0   3.9996 THz   0.0000  0.0000  0.4998 -0.0134  0.4998 -0.0134  0.0000  0.0000  0.2363  0.4406  0.2363  0.4406
    1   5.7763 THz   0.3745  0.0000 -0.2725 -0.3250  0.2725  0.3250  0.2336  0.2928 -0.4240 -0.0103  0.4240  0.0103
    2   9.6438 THz   0.5565  0.0000  0.1246  0.2822 -0.1246 -0.2822  0.5488 -0.0922  0.0761 -0.2989 -0.0761  0.2989
    3  12.6553 THz   0.5593  0.0000  0.2297  0.2020 -0.2297 -0.2020 -0.4929  0.2644 -0.1070  0.2866  0.1070 -0.2866
    4  14.2271 THz  -0.0000  0.0000 -0.0675 -0.4954 -0.0675 -0.4954  0.0000  0.0000 -0.4124  0.2827 -0.4124  0.2827
    5  14.6248 THz  -0.4870  0.0000  0.1966  0.3045 -0.1966 -0.3045  0.2407  0.4234 -0.3619 -0.0204  0.3619  0.0204


 Q= -0.092603  0.000000  0.000000, q=  0.000000 -0.250000 -0.250000

                       Si X   0        Si Y   0        Si Z   0        Si X   1        Si Y   1        Si Z   1     
                    --------------- --------------- --------------- --------------- --------------- ---------------
    0   3.7201 THz   0.0000  0.0000  0.2203  0.0589  0.1784  0.6451  0.0000  0.0000 -0.2177  0.1553  0.1057  0.6460
    1   3.7201 THz   0.0000  0.0000  0.6693 -0.0035 -0.1165 -0.1961  0.0000  0.0000  0.6504 -0.0737 -0.0903  0.2517
    2   7.2438 THz   0.7071  0.0000 -0.0000 -0.0000 -0.0000  0.0000  0.7071 -0.0000  0.0000  0.0000  0.0000 -0.0000
    3  14.3818 THz   0.0000  0.0000 -0.1263  0.0979 -0.6722 -0.1505 -0.0000  0.0000  0.0086  0.3314  0.5930  0.1962
    4  14.3818 THz   0.0000  0.0000 -0.6888  0.0095  0.1035  0.1217 -0.0000  0.0000  0.6206 -0.0706 -0.0764  0.3226
    5  14.8625 THz  -0.7071  0.0000 -0.0000 -0.0000 -0.0000  0.0000  0.7071 -0.0000  0.0000  0.0000  0.0000 -0.0000


 Q= -0.046302  0.046302 -0.046302, q=  0.000000 -0.250000  0.000000

                       Si X   0        Si Y   0        Si Z   0        Si X   1        Si Y   1        Si Z   1     
                    --------------- --------------- --------------- --------------- --------------- ---------------
    0   2.7746 THz   0.5722  0.0000  0.2198 -0.0067 -0.3524 -0.0067  0.5415  0.1850  0.2101  0.0648 -0.3313 -0.1202
    1   2.7746 THz  -0.0770  0.0000 -0.5315 -0.0495 -0.4546 -0.0495 -0.0728 -0.0249 -0.4870 -0.2186 -0.4142 -0.1938
    2   6.9213 THz  -0.4082  0.0000  0.4082 -0.0000 -0.4082  0.0000 -0.3535  0.2042  0.3535 -0.2042 -0.3535  0.2042
    3  14.7224 THz  -0.4082  0.0000  0.4082  0.0000 -0.4082  0.0000  0.3535 -0.2042 -0.3535  0.2042  0.3535 -0.2042
    4  14.9727 THz   0.5618  0.0000  0.1977  0.0799 -0.3641  0.0799 -0.5316 -0.1816 -0.1613 -0.1395  0.3703  0.0421
    5  14.9727 THz   0.1332  0.0000  0.4174 -0.3371  0.2843 -0.3371 -0.1260 -0.0430 -0.5040  0.1840 -0.3780  0.2271


 Q=  0.000000  0.092603 -0.092603, q=  0.000000 -0.250000  0.250000

                       Si X   0        Si Y   0        Si Z   0        Si X   1        Si Y   1        Si Z   1     
                    --------------- --------------- --------------- --------------- --------------- ---------------
    0   3.9692 THz   0.0000  0.0000 -0.1566  0.4748 -0.1566  0.4748  0.0000  0.0000 -0.1566  0.4748 -0.1566  0.4748
    1   5.7397 THz  -0.6203  0.0000  0.0000  0.2400 -0.0000 -0.2400 -0.6203  0.0000  0.0000 -0.2400 -0.0000  0.2400
    2   8.5755 THz   0.3508  0.0000  0.0000  0.4341 -0.0000 -0.4341 -0.3508  0.0000  0.0000  0.4341 -0.0000 -0.4341
    3  12.8293 THz  -0.3394  0.0000 -0.0000 -0.4386  0.0000  0.4386 -0.3394  0.0000  0.0000  0.4386 -0.0000 -0.4386
    4  14.3694 THz   0.0000  0.0000  0.1139 -0.4868  0.1139 -0.4868  0.0000 -0.0000 -0.1139  0.4868 -0.1139  0.4868
    5  14.8924 THz  -0.6139  0.0000 -0.0000  0.2481 -0.0000 -0.2481  0.6139 -0.0000 -0.0000  0.2481  0.0000 -0.2481


 Q= -0.092603 -0.092603  0.092603, q=  0.000000  0.000000 -0.500000

                       Si X   0        Si Y   0        Si Z   0        Si X   1        Si Y   1        Si Z   1     
                    --------------- --------------- --------------- --------------- --------------- ---------------
    0   3.1012 THz  -0.5757  0.0000  0.3075  0.0317 -0.2682  0.0317 -0.4071 -0.4071  0.1951  0.2398 -0.2120 -0.1673
    1   3.1012 THz   0.0430  0.0000  0.2416  0.4236  0.2846  0.4236  0.0304  0.0304 -0.1287  0.4703 -0.0983  0.5007
    2  11.0613 THz   0.4082  0.0000  0.4082 -0.0000 -0.4082 -0.0000 -0.2887 -0.2887 -0.2887 -0.2887  0.2887  0.2887
    3  12.7988 THz  -0.4082  0.0000 -0.4082  0.0000  0.4082 -0.0000 -0.2887 -0.2887 -0.2887 -0.2887  0.2887  0.2887
    4  14.8317 THz   0.5545  0.0000 -0.4141 -0.0256  0.1404 -0.0256 -0.3921 -0.3921  0.2748  0.3109 -0.1173 -0.0812
    5  14.8317 THz   0.1608  0.0000  0.3917  0.0882  0.5524  0.0882 -0.1137 -0.1137 -0.2146 -0.3393 -0.3283 -0.4530


 Q= -0.046302 -0.046302  0.046302, q=  0.000000  0.000000 -0.250000

                       Si X   0        Si Y   0        Si Z   0        Si X   1        Si Y   1        Si Z   1     
                    --------------- --------------- --------------- --------------- --------------- ---------------
    0   2.7746 THz   0.5340  0.0000 -0.4570 -0.0080  0.0770 -0.0080  0.5053  0.1726 -0.4298 -0.1553  0.0755  0.0173
    1   2.7746 THz   0.2196  0.0000  0.3522  0.0195  0.5718  0.0195  0.2078  0.0710  0.3270  0.1324  0.5348  0.2033
    2   6.9213 THz   0.4082  0.0000  0.4082 -0.0000 -0.4082  0.0000  0.3535 -0.2042  0.3535 -0.2042 -0.3535  0.2042
    3  14.7224 THz  -0.4082  0.0000 -0.4082 -0.0000  0.4082  0.0000  0.3535 -0.2042  0.3535 -0.2042 -0.3535  0.2042
    4  14.9727 THz  -0.4875  0.0000  0.5000  0.0782  0.0125  0.0782  0.4613  0.1576 -0.4478 -0.2357  0.0134 -0.0781
    5  14.9727 THz   0.3094  0.0000  0.2491  0.1233  0.5584  0.1233 -0.2928 -0.1000 -0.1959 -0.1972 -0.4886 -0.2972


 Q=  0.000000  0.000000  0.000000, q=  0.000000  0.000000  0.000000

                       Si X   0        Si Y   0        Si Z   0        Si X   1        Si Y   1        Si Z   1     
                    --------------- --------------- --------------- --------------- --------------- ---------------
    0  -0.0000 THz  -0.7071  0.0000  0.0000  0.0000 -0.0000  0.0000 -0.7071  0.0000 -0.0000  0.0000  0.0000  0.0000
    1  -0.0000 THz   0.0000  0.0000  0.5467  0.0000 -0.4485  0.0000 -0.0000  0.0000  0.5467  0.0000 -0.4485  0.0000
    2  -0.0000 THz   0.0000  0.0000 -0.4485  0.0000 -0.5467  0.0000  0.0000  0.0000 -0.4485  0.0000 -0.5467  0.0000
    3  15.2812 THz   0.0000  0.0000  0.6425  0.0000 -0.2953  0.0000  0.0000  0.0000 -0.6425  0.0000  0.2953  0.0000
    4  15.2812 THz   0.7071  0.0000  0.0000  0.0000 -0.0000  0.0000 -0.7071  0.0000 -0.0000  0.0000  0.0000  0.0000
    5  15.2812 THz   0.0000  0.0000  0.2953  0.0000  0.6425  0.0000  0.0000  0.0000 -0.2953  0.0000 -0.6425  0.0000


 Q=  0.046302  0.046302 -0.046302, q=  0.000000  0.000000  0.250000

                       Si X   0        Si Y   0        Si Z   0        Si X   1        Si Y   1        Si Z   1     
                    --------------- --------------- --------------- --------------- --------------- ---------------
    0   2.7746 THz   0.5340  0.0000 -0.4570  0.0080  0.0770  0.0080  0.5053 -0.1726 -0.4298  0.1553  0.0755 -0.0173
    1   2.7746 THz   0.2196  0.0000  0.3522 -0.0195  0.5718 -0.0195  0.2078 -0.0710  0.3270 -0.1324  0.5348 -0.2033
    2   6.9213 THz   0.4082  0.0000  0.4082  0.0000 -0.4082 -0.0000  0.3535  0.2042  0.3535  0.2042 -0.3535 -0.2042
    3  14.7224 THz  -0.4082  0.0000 -0.4082  0.0000  0.4082 -0.0000  0.3535  0.2042  0.3535  0.2042 -0.3535 -0.2042
    4  14.9727 THz  -0.4875  0.0000  0.5000 -0.0782  0.0125 -0.0782  0.4613 -0.1576 -0.4478  0.2357  0.0134  0.0781
    5  14.9727 THz   0.3094  0.0000  0.2491 -0.1233  0.5584 -0.1233 -0.2928  0.1000 -0.1959  0.1972 -0.4886  0.2972


 Q= -0.046302 -0.138905  0.138905, q=  0.000000  0.250000 -0.500000

                       Si X   0        Si Y   0        Si Z   0        Si X   1        Si Y   1        Si Z   1     
                    --------------- --------------- --------------- --------------- --------------- ---------------
    0   3.9996 THz   0.0000  0.0000  0.4697 -0.1714  0.4697 -0.1714  0.0000  0.0000  0.4967  0.0577  0.4967  0.0577
    1   5.7763 THz   0.3745  0.0000 -0.2725  0.3250  0.2725 -0.3250  0.2928  0.2336 -0.0103 -0.4240  0.0103  0.4240
    2   9.6438 THz   0.5565  0.0000  0.1246 -0.2822 -0.1246  0.2822 -0.0922  0.5488 -0.2989  0.0761  0.2989 -0.0761
    3  12.6553 THz   0.5593  0.0000  0.2297 -0.2020 -0.2297  0.2020  0.2644 -0.4929  0.2866 -0.1070 -0.2866  0.1070
    4  14.2271 THz  -0.0000  0.0000  0.4741  0.1589  0.4741  0.1589  0.0000  0.0000 -0.3523 -0.3548 -0.3523 -0.3548
    5  14.6248 THz   0.4870  0.0000 -0.1966  0.3045  0.1966 -0.3045 -0.4234 -0.2407  0.0204  0.3619 -0.0204 -0.3619


 Q=  0.000000 -0.092603  0.092603, q=  0.000000  0.250000 -0.250000

                       Si X   0        Si Y   0        Si Z   0        Si X   1        Si Y   1        Si Z   1     
                    --------------- --------------- --------------- --------------- --------------- ---------------
    0   3.9692 THz   0.0000  0.0000 -0.1566 -0.4748 -0.1566 -0.4748  0.0000 -0.0000 -0.1566 -0.4748 -0.1566 -0.4748
    1   5.7397 THz  -0.6203  0.0000  0.0000 -0.2400 -0.0000  0.2400 -0.6203 -0.0000  0.0000  0.2400 -0.0000 -0.2400
    2   8.5755 THz   0.3508  0.0000  0.0000 -0.4341 -0.0000  0.4341 -0.3508 -0.0000  0.0000 -0.4341 -0.0000  0.4341
    3  12.8293 THz  -0.3394  0.0000 -0.0000  0.4386  0.0000 -0.4386 -0.3394 -0.0000  0.0000 -0.4386 -0.0000  0.4386
    4  14.3694 THz   0.0000  0.0000  0.1139  0.4868  0.1139  0.4868  0.0000  0.0000 -0.1139 -0.4868 -0.1139 -0.4868
    5  14.8924 THz  -0.6139  0.0000 -0.0000 -0.2481 -0.0000  0.2481  0.6139  0.0000 -0.0000 -0.2481  0.0000  0.2481


 Q=  0.046302 -0.046302  0.046302, q=  0.000000  0.250000  0.000000

                       Si X   0        Si Y   0        Si Z   0        Si X   1        Si Y   1        Si Z   1     
                    --------------- --------------- --------------- --------------- --------------- ---------------
    0   2.7746 THz   0.5722  0.0000  0.2198  0.0067 -0.3524  0.0067  0.5415 -0.1850  0.2101 -0.0648 -0.3313  0.1202
    1   2.7746 THz  -0.0770  0.0000 -0.5315  0.0495 -0.4546  0.0495 -0.0728  0.0249 -0.4870  0.2186 -0.4142  0.1938
    2   6.9213 THz  -0.4082  0.0000  0.4082  0.0000 -0.4082 -0.0000 -0.3535 -0.2042  0.3535  0.2042 -0.3535 -0.2042
    3  14.7224 THz  -0.4082  0.0000  0.4082 -0.0000 -0.4082 -0.0000  0.3535  0.2042 -0.3535 -0.2042  0.3535  0.2042
    4  14.9727 THz   0.5618  0.0000  0.1977 -0.0799 -0.3641 -0.0799 -0.5316  0.1816 -0.1613  0.1395  0.3703 -0.0421
    5  14.9727 THz   0.1332  0.0000  0.4174  0.3371  0.2843  0.3371 -0.1260  0.0430 -0.5040 -0.1840 -0.3780 -0.2271


 Q=  0.092603  0.000000  0.000000, q=  0.000000  0.250000  0.250000

                       Si X   0        Si Y   0        Si Z   0        Si X   1        Si Y   1        Si Z   1     
                    --------------- --------------- --------------- --------------- --------------- ---------------
    0   3.7201 THz   0.0000  0.0000  0.2203 -0.0589  0.1784 -0.6451  0.0000 -0.0000 -0.2177 -0.1553  0.1057 -0.6460
    1   3.7201 THz   0.0000  0.0000  0.6693  0.0035 -0.1165  0.1961  0.0000 -0.0000  0.6504  0.0737 -0.0903 -0.2517
    2   7.2438 THz   0.7071  0.0000 -0.0000  0.0000 -0.0000 -0.0000  0.7071  0.0000  0.0000 -0.0000  0.0000  0.0000
    3  14.3818 THz   0.0000  0.0000 -0.1263 -0.0979 -0.6722  0.1505 -0.0000 -0.0000  0.0086 -0.3314  0.5930 -0.1962
    4  14.3818 THz   0.0000  0.0000 -0.6888 -0.0095  0.1035 -0.1217 -0.0000 -0.0000  0.6206  0.0706 -0.0764 -0.3226
    5  14.8625 THz  -0.7071  0.0000 -0.0000  0.0000 -0.0000 -0.0000  0.7071  0.0000  0.0000 -0.0000  0.0000  0.0000


 Q= -0.231508  0.046302  0.046302, q=  0.250000 -0.500000 -0.500000

                       Si X   0        Si Y   0        Si Z   0        Si X   1        Si Y   1        Si Z   1     
                    --------------- --------------- --------------- --------------- --------------- ---------------
    0   3.9996 THz  -0.0000  0.0000 -0.4274 -0.2595  0.4274  0.2595  0.0000  0.0000 -0.0400  0.4984  0.0400 -0.4984
    1   5.7763 THz   0.3745  0.0000 -0.2725 -0.3250 -0.2725 -0.3250 -0.2336 -0.2928  0.4240  0.0103  0.4240  0.0103
    2   9.6438 THz  -0.5565  0.0000 -0.1246 -0.2822 -0.1246 -0.2822  0.5488 -0.0922  0.0761 -0.2989  0.0761 -0.2989
    3  12.6553 THz   0.5593  0.0000  0.2297  0.2020  0.2297  0.2020  0.4929 -0.2644  0.1070 -0.2866  0.1070 -0.2866
    4  14.2271 THz  -0.0000  0.0000  0.0964 -0.4906 -0.0964  0.4906 -0.0000 -0.0000  0.4817 -0.1341 -0.4817  0.1341
    5  14.6248 THz   0.4870  0.0000 -0.1966 -0.3045 -0.1966 -0.3045  0.2407  0.4234 -0.3619 -0.0204 -0.3619 -0.0204


 Q= -0.185206  0.092603  0.000000, q=  0.250000 -0.500000 -0.250000

                       Si X   0        Si Y   0        Si Z   0        Si X   1        Si Y   1        Si Z   1     
                    --------------- --------------- --------------- --------------- --------------- ---------------
    0   5.8458 THz   0.0000  0.0000 -0.6132 -0.4298  0.0000 -0.0000 -0.3837 -0.2690  0.0000  0.0000  0.2690 -0.3837
    1   5.8458 THz   0.4686  0.0000  0.0000 -0.0000 -0.0000 -0.4686 -0.0000 -0.0000  0.7489 -0.0000 -0.0000 -0.0000
    2  10.8195 THz   0.7071  0.0000 -0.0000  0.0000  0.0000  0.7071  0.0000 -0.0000 -0.0000  0.0000  0.0000  0.0000
    3  10.8195 THz   0.0000  0.0000 -0.0000  0.0000 -0.0000 -0.0000  0.6836 -0.1808 -0.0000 -0.0000 -0.1808 -0.6836
    4  14.2839 THz   0.5295  0.0000  0.0000 -0.0000 -0.0000 -0.5295 -0.0000  0.0000 -0.6627  0.0000 -0.0000 -0.0000
    5  14.2839 THz   0.0000  0.0000  0.6614 -0.0416 -0.0000  0.0000 -0.5285  0.0333 -0.0000  0.0000 -0.0333 -0.5285


 Q= -0.138905  0.138905 -0.046302, q=  0.250000 -0.500000  0.000000

                       Si X   0        Si Y   0        Si Z   0        Si X   1        Si Y   1        Si Z   1     
                    --------------- --------------- --------------- --------------- --------------- ---------------
    0   3.9996 THz   0.5000  0.0000  0.5000  0.0000 -0.0000 -0.0000  0.4468  0.2245  0.4468  0.2245 -0.0000 -0.0000
    1   5.7763 THz   0.4241  0.0000 -0.4241 -0.0000 -0.2406 -0.2870 -0.3182  0.2803  0.3182 -0.2803 -0.0091 -0.3744
    2   9.6438 THz  -0.3085  0.0000  0.3085 -0.0000 -0.2247 -0.5091  0.1903  0.2427 -0.1903 -0.2427  0.5393 -0.1373
    3  12.6553 THz  -0.3059  0.0000  0.3059  0.0000 -0.4200 -0.3694 -0.2859 -0.1090  0.2859  0.1090 -0.5240  0.1955
    4  14.2271 THz   0.5000  0.0000  0.5000  0.0000 -0.0000 -0.0000 -0.4468 -0.2245 -0.4468 -0.2245  0.0000  0.0000
    5  14.6248 THz  -0.3625  0.0000  0.3625  0.0000  0.2641  0.4092 -0.2930  0.2134  0.2930 -0.2134 -0.0274 -0.4863


 Q= -0.092603  0.185206 -0.092603, q=  0.250000 -0.500000  0.250000

                       Si X   0        Si Y   0        Si Z   0        Si X   1        Si Y   1        Si Z   1     
                    --------------- --------------- --------------- --------------- --------------- ---------------
    0   3.9692 THz  -0.5000  0.0000 -0.0000 -0.0000  0.5000 -0.0000 -0.0000 -0.5000  0.0000 -0.0000 -0.0000  0.5000
    1   5.7397 THz  -0.2400  0.0000  0.0000  0.6203 -0.2400  0.0000  0.0000  0.2400 -0.6203  0.0000  0.0000  0.2400
    2   8.5755 THz  -0.4341  0.0000  0.0000 -0.3508 -0.4341 -0.0000  0.0000 -0.4341 -0.3508 -0.0000  0.0000 -0.4341
    3  12.8293 THz  -0.4386  0.0000  0.0000 -0.3394 -0.4386 -0.0000 -0.0000  0.4386  0.3394 -0.0000 -0.0000  0.4386
    4  14.3694 THz   0.5000  0.0000 -0.0000  0.0000 -0.5000 -0.0000  0.0000 -0.5000  0.0000  0.0000  0.0000  0.5000
    5  14.8924 THz   0.2481  0.0000  0.0000 -0.6139  0.2481  0.0000 -0.0000  0.2481 -0.6139 -0.0000 -0.0000  0.2481


 Q= -0.185206  0.000000  0.092603, q=  0.250000 -0.250000 -0.500000

                       Si X   0        Si Y   0        Si Z   0        Si X   1        Si Y   1        Si Z   1     
                    --------------- --------------- --------------- --------------- --------------- ---------------
    0   5.8458 THz  -0.0000  0.0000 -0.0000 -0.0000  0.7286  0.1728  0.4560  0.1082 -0.1082  0.4560 -0.0000 -0.0000
    1   5.8458 THz   0.4686  0.0000  0.0000 -0.4686 -0.0000  0.0000  0.0000 -0.0000 -0.0000  0.0000  0.7489  0.0000
    2  10.8195 THz   0.0205  0.0000  0.0000  0.0205  0.0000  0.0000 -0.4336 -0.5582 -0.5582  0.4336 -0.0000  0.0000
    3  10.8195 THz   0.7068  0.0000 -0.0000  0.7068  0.0000  0.0000  0.0126  0.0162  0.0162 -0.0126 -0.0000 -0.0000
    4  14.2839 THz  -0.5295 -0.0000 -0.0000  0.5295  0.0000  0.0000 -0.0000 -0.0000  0.0000 -0.0000  0.6627 -0.0000
    5  14.2839 THz  -0.0000  0.0000  0.0000 -0.0000 -0.6608 -0.0510  0.5280  0.0407 -0.0407  0.5280  0.0000 -0.0000


 Q= -0.138905  0.046302  0.046302, q=  0.250000 -0.250000 -0.250000

                       Si X   0        Si Y   0        Si Z   0        Si X   1        Si Y   1        Si Z   1     
                    --------------- --------------- --------------- --------------- --------------- ---------------
    0   3.9996 THz  -0.0000  0.0000  0.2493 -0.4334 -0.2493  0.4334 -0.0000  0.0000 -0.2754 -0.4173  0.2754  0.4173
    1   5.7763 THz   0.3745  0.0000  0.2725 -0.3250  0.2725 -0.3250  0.2336 -0.2928  0.4240 -0.0103  0.4240 -0.0103
    2   9.6438 THz   0.5565  0.0000 -0.1246  0.2822 -0.1246  0.2822  0.5488  0.0922 -0.0761 -0.2989 -0.0761 -0.2989
    3  12.6553 THz  -0.5593  0.0000  0.2297 -0.2020  0.2297 -0.2020  0.4929  0.2644 -0.1070 -0.2866 -0.1070 -0.2866
    4  14.2271 THz  -0.0000  0.0000 -0.1894 -0.4627  0.1894  0.4627  0.0000 -0.0000  0.4985  0.0385 -0.4985 -0.0385
    5  14.6248 THz  -0.4870  0.0000 -0.1966  0.3045 -0.1966  0.3045  0.2407 -0.4234  0.3619 -0.0204  0.3619 -0.0204


 Q= -0.092603  0.092603  0.000000, q=  0.250000 -0.250000  0.000000

                       Si X   0        Si Y   0        Si Z   0        Si X   1        Si Y   1        Si Z   1     
                    --------------- --------------- --------------- --------------- --------------- ---------------
    0   3.9692 THz   0.5000  0.0000  0.5000  0.0000 -0.0000 -0.0000  0.5000  0.0000  0.5000 -0.0000 -0.0000 -0.0000
    1   5.7397 THz   0.2400  0.0000 -0.2400 -0.0000  0.0000 -0.6203 -0.2400 -0.0000  0.2400  0.0000  0.0000 -0.6203
    2   8.5755 THz  -0.4341  0.0000  0.4341 -0.0000 -0.0000 -0.3508 -0.4341  0.0000  0.4341 -0.0000 -0.0000  0.3508
    3  12.8293 THz   0.4386  0.0000 -0.4386  0.0000  0.0000  0.3394 -0.4386  0.0000  0.4386 -0.0000 -0.0000  0.3394
    4  14.3694 THz   0.5000  0.0000  0.5000  0.0000 -0.0000 -0.0000 -0.5000 -0.0000 -0.5000 -0.0000  0.0000  0.0000
    5  14.8924 THz   0.2481  0.0000 -0.2481 -0.0000 -0.0000 -0.6139  0.2481 -0.0000 -0.2481  0.0000 -0.0000  0.6139


 Q= -0.046302  0.138905 -0.046302, q=  0.250000 -0.250000  0.250000

                       Si X   0        Si Y   0        Si Z   0        Si X   1        Si Y   1        Si Z   1     
                    --------------- --------------- --------------- --------------- --------------- ---------------
    0   3.9996 THz   0.5000  0.0000 -0.0000  0.0000 -0.5000  0.0000  0.2245  0.4468  0.0000  0.0000 -0.2245 -0.4468
    1   5.7763 THz   0.4241  0.0000  0.2406 -0.2870  0.4241 -0.0000  0.2803 -0.3182  0.3744  0.0091  0.2803 -0.3182
    2   9.6438 THz   0.3085  0.0000 -0.2247  0.5091  0.3085  0.0000 -0.2427 -0.1903 -0.1373  0.5393 -0.2427 -0.1903
    3  12.6553 THz  -0.3059  0.0000  0.4200 -0.3694 -0.3059 -0.0000 -0.1090 -0.2859 -0.1955  0.5240 -0.1090 -0.2859
    4  14.2271 THz   0.5000  0.0000 -0.0000  0.0000 -0.5000  0.0000 -0.2245 -0.4468  0.0000 -0.0000  0.2245  0.4468
    5  14.6248 THz  -0.3625  0.0000 -0.2641  0.4092 -0.3625  0.0000  0.2134 -0.2930  0.4863  0.0274  0.2134 -0.2930


 Q= -0.138905 -0.046302  0.138905, q=  0.250000  0.000000 -0.500000

                       Si X   0        Si Y   0        Si Z   0        Si X   1        Si Y   1        Si Z   1     
                    --------------- --------------- --------------- --------------- --------------- ---------------
    0   3.9996 THz  -0.5000 -0.0000  0.0000 -0.0000 -0.5000 -0.0000 -0.4468 -0.2245  0.0000  0.0000 -0.4468 -0.2245
    1   5.7763 THz  -0.4241  0.0000  0.2406  0.2870  0.4241  0.0000  0.3182 -0.2803  0.0091  0.3744 -0.3182  0.2803
    2   9.6438 THz   0.3085  0.0000  0.2247  0.5091 -0.3085  0.0000 -0.1903 -0.2427 -0.5393  0.1373  0.1903  0.2427
    3  12.6553 THz   0.3059  0.0000  0.4200  0.3694 -0.3059  0.0000  0.2859  0.1090  0.5240 -0.1955 -0.2859 -0.1090
    4  14.2271 THz   0.5000  0.0000 -0.0000  0.0000  0.5000  0.0000 -0.4468 -0.2245  0.0000  0.0000 -0.4468 -0.2245
    5  14.6248 THz  -0.3625  0.0000  0.2641  0.4092  0.3625  0.0000 -0.2930  0.2134 -0.0274 -0.4863  0.2930 -0.2134


 Q= -0.092603  0.000000  0.092603, q=  0.250000  0.000000 -0.250000

                       Si X   0        Si Y   0        Si Z   0        Si X   1        Si Y   1        Si Z   1     
                    --------------- --------------- --------------- --------------- --------------- ---------------
    0   3.9692 THz  -0.5000  0.0000  0.0000  0.0000 -0.5000 -0.0000 -0.5000 -0.0000  0.0000  0.0000 -0.5000 -0.0000
    1   5.7397 THz   0.2400  0.0000  0.0000 -0.6203 -0.2400 -0.0000 -0.2400 -0.0000  0.0000 -0.6203  0.2400 -0.0000
    2   8.5755 THz   0.4341  0.0000  0.0000  0.3508 -0.4341 -0.0000  0.4341 -0.0000  0.0000 -0.3508 -0.4341  0.0000
    3  12.8293 THz   0.4386  0.0000  0.0000  0.3394 -0.4386  0.0000 -0.4386  0.0000  0.0000  0.3394  0.4386 -0.0000
    4  14.3694 THz   0.5000  0.0000 -0.0000  0.0000  0.5000  0.0000 -0.5000 -0.0000  0.0000 -0.0000 -0.5000  0.0000
    5  14.8924 THz   0.2481  0.0000  0.0000 -0.6139 -0.2481 -0.0000  0.2481  0.0000 -0.0000  0.6139 -0.2481 -0.0000


 Q= -0.046302  0.046302  0.046302, q=  0.250000  0.000000  0.000000

                       Si X   0        Si Y   0        Si Z   0        Si X   1        Si Y   1        Si Z   1     
                    --------------- --------------- --------------- --------------- --------------- ---------------
    0   2.7746 THz   0.5732  0.0000  0.3433 -0.0201  0.2299  0.0201  0.5424 -0.1853  0.3183 -0.1300  0.2240 -0.0553
    1   2.7746 THz   0.0694  0.0000 -0.4332  0.1658  0.5026 -0.1658  0.0657 -0.0224 -0.3563  0.2969  0.4220 -0.3194
    2   6.9213 THz   0.4082  0.0000 -0.4082 -0.0000 -0.4082 -0.0000  0.3535  0.2042 -0.3535 -0.2042 -0.3535 -0.2042
    3  14.7224 THz  -0.4082  0.0000  0.4082 -0.0000  0.4082 -0.0000  0.3535  0.2042 -0.3535 -0.2042 -0.3535 -0.2042
    4  14.9727 THz   0.5569  0.0000  0.4032 -0.0430  0.1536  0.0430 -0.5270  0.1800 -0.3677  0.1711 -0.1593  0.0090
    5  14.9727 THz   0.1524  0.0000 -0.3797  0.1572  0.5321 -0.1572 -0.1443  0.0493  0.3085 -0.2715 -0.4528  0.3208


 Q=  0.000000  0.092603  0.000000, q=  0.250000  0.000000  0.250000

                       Si X   0        Si Y   0        Si Z   0        Si X   1        Si Y   1        Si Z   1     
                    --------------- --------------- --------------- --------------- --------------- ---------------
    0   3.7201 THz   0.1734  0.0000  0.0000  0.0000 -0.5943 -0.3417 -0.0703  0.3616  0.0000  0.0000 -0.4716 -0.3767
    1   3.7201 THz   0.6855  0.0000  0.0000  0.0000  0.1503  0.0864  0.5966 -0.0915  0.0000  0.0000  0.1193 -0.3486
    2   7.2438 THz  -0.0000  0.0000  0.7064  0.0313  0.0000  0.0000 -0.0000 -0.0000  0.7064  0.0313  0.0000  0.0000
    3  14.3818 THz  -0.3297  0.0000 -0.0000  0.0000 -0.2042 -0.5913  0.6214 -0.1243 -0.0000 -0.0000  0.1620  0.2685
    4  14.3818 THz  -0.6255  0.0000  0.0000 -0.0000  0.1076  0.3116  0.3067  0.0655 -0.0000  0.0000 -0.0854 -0.6280
    5  14.8625 THz   0.0000  0.0000  0.7068 -0.0212  0.0000 -0.0000 -0.0000  0.0000 -0.7068  0.0212 -0.0000  0.0000


 Q= -0.092603 -0.092603  0.185206, q=  0.250000  0.250000 -0.500000

                       Si X   0        Si Y   0        Si Z   0        Si X   1        Si Y   1        Si Z   1     
                    --------------- --------------- --------------- --------------- --------------- ---------------
    0   3.9692 THz  -0.5000  0.0000  0.5000 -0.0000 -0.0000 -0.0000 -0.0000 -0.5000  0.0000  0.5000  0.0000 -0.0000
    1   5.7397 THz   0.2400  0.0000  0.2400 -0.0000 -0.0000 -0.6203 -0.0000 -0.2400 -0.0000 -0.2400  0.6203 -0.0000
    2   8.5755 THz   0.4341  0.0000  0.4341  0.0000  0.0000  0.3508  0.0000  0.4341  0.0000  0.4341  0.3508  0.0000
    3  12.8293 THz   0.4386  0.0000  0.4386 -0.0000 -0.0000  0.3394  0.0000 -0.4386 -0.0000 -0.4386 -0.3394  0.0000
    4  14.3694 THz   0.5000  0.0000 -0.5000  0.0000  0.0000  0.0000 -0.0000 -0.5000  0.0000  0.5000  0.0000 -0.0000
    5  14.8924 THz   0.2481  0.0000  0.2481 -0.0000 -0.0000 -0.6139  0.0000  0.2481 -0.0000  0.2481 -0.6139  0.0000


 Q= -0.046302 -0.046302  0.138905, q=  0.250000  0.250000 -0.250000

                       Si X   0        Si Y   0        Si Z   0        Si X   1        Si Y   1        Si Z   1     
                    --------------- --------------- --------------- --------------- --------------- ---------------
    0   3.9996 THz  -0.5000 -0.0000  0.5000 -0.0000 -0.0000  0.0000 -0.2245 -0.4468  0.2245  0.4468 -0.0000 -0.0000
    1   5.7763 THz  -0.4241  0.0000 -0.4241  0.0000 -0.2406  0.2870 -0.2803  0.3182 -0.2803  0.3182 -0.3744 -0.0091
    2   9.6438 THz   0.3085  0.0000  0.3085  0.0000 -0.2247  0.5091 -0.2427 -0.1903 -0.2427 -0.1903 -0.1373  0.5393
    3  12.6553 THz  -0.3059  0.0000 -0.3059 -0.0000  0.4200 -0.3694 -0.1090 -0.2859 -0.1090 -0.2859 -0.1955  0.5240
    4  14.2271 THz   0.5000  0.0000 -0.5000  0.0000  0.0000 -0.0000 -0.2245 -0.4468  0.2245  0.4468 -0.0000 -0.0000
    5  14.6248 THz   0.3625  0.0000  0.3625 -0.0000  0.2641 -0.4092 -0.2134  0.2930 -0.2134  0.2930 -0.4863 -0.0274


 Q=  0.000000  0.000000  0.092603, q=  0.250000  0.250000  0.000000

                       Si X   0        Si Y   0        Si Z   0        Si X   1        Si Y   1        Si Z   1     
                    --------------- --------------- --------------- --------------- --------------- ---------------
    0   3.7201 THz   0.7071  0.0000 -0.0000 -0.0000 -0.0000  0.0000  0.5611  0.0000  0.0000 -0.4303 -0.0000  0.0000
    1   3.7201 THz   0.0000  0.0000  0.6462 -0.2872 -0.0000 -0.0000 -0.1748 -0.3932  0.5127 -0.2279 -0.0000 -0.0000
    2   7.2438 THz   0.0000  0.0000 -0.0000 -0.0000 -0.6710 -0.2231  0.0000  0.0000 -0.0000  0.0000 -0.6710 -0.2231
    3  14.3818 THz  -0.7071  0.0000 -0.0000 -0.0000 -0.0000  0.0000  0.5611  0.0000  0.0000 -0.4303 -0.0000  0.0000
    4  14.3818 THz   0.0000  0.0000  0.5368 -0.4603 -0.0000 -0.0000  0.2801  0.3267 -0.4260  0.3652  0.0000  0.0000
    5  14.8625 THz   0.0000  0.0000  0.0000 -0.0000  0.6026  0.3700  0.0000  0.0000 -0.0000  0.0000 -0.6026 -0.3700


 Q=  0.046302  0.046302  0.046302, q=  0.250000  0.250000  0.250000

                       Si X   0        Si Y   0        Si Z   0        Si X   1        Si Y   1        Si Z   1     
                    --------------- --------------- --------------- --------------- --------------- ---------------
    0   2.7746 THz   0.5755  0.0000 -0.3265 -0.0104 -0.2490  0.0104  0.5446  0.1860 -0.3056 -0.1154 -0.2390 -0.0706
    1   2.7746 THz  -0.0463  0.0000 -0.4580 -0.1298  0.5043  0.1298 -0.0438 -0.0150 -0.3915 -0.2709  0.4353  0.2859
    2   6.9213 THz  -0.4082  0.0000 -0.4082  0.0000 -0.4082  0.0000 -0.3535  0.2042 -0.3535  0.2042 -0.3535  0.2042
    3  14.7224 THz  -0.4082  0.0000 -0.4082 -0.0000 -0.4082 -0.0000  0.3535 -0.2042  0.3535 -0.2042  0.3535 -0.2042
    4  14.9727 THz  -0.5736  0.0000  0.2602 -0.0499  0.3135  0.0499  0.5428  0.1854 -0.2623 -0.0369 -0.2805 -0.1486
    5  14.9727 THz   0.0653  0.0000 -0.2667 -0.4382  0.2014  0.4382 -0.0618 -0.0211  0.1107  0.5009 -0.0489 -0.4798
