
Used Primitive lattice vector

   -1.755909000000     -1.755909000000      0.000000000000  
   -1.755909000000      0.000000000000     -1.755909000000  
    0.000000000000     -1.755909000000     -1.755909000000  

   1 Atom(s) in the Primitive cell

 0.0000000000 0.0000000000 0.0000000000 Cu    0


 Q=  0.142376  0.142376  0.142376, q= -0.500000 -0.500000 -0.500000

                       Cu X   0        Cu Y   0        Cu Z   0     
                    --------------- --------------- ---------------
    0   4.3328 THz  -0.6401  0.0000 -0.1189 -0.0000  0.7590  0.0000
    1   4.3328 THz   0.5069  0.0000 -0.8078 -0.0000  0.3009  0.0000
    2   8.9852 THz   0.5774  0.0000  0.5774 -0.0000  0.5774 -0.0000


 Q=  0.213565  0.071188  0.071188, q= -0.500000 -0.500000 -0.250000

                       Cu X   0        Cu Y   0        Cu Z   0     
                    --------------- --------------- ---------------
    0   5.3165 THz   0.0000  0.0000  0.7071  0.0006 -0.7071 -0.0006
    1   6.1619 THz   0.5592  0.0000 -0.5862  0.0000 -0.5862  0.0000
    2   8.2664 THz   0.8290  0.0000  0.3954 -0.0000  0.3954 -0.0000


 Q=  0.284753  0.000000  0.000000, q= -0.500000 -0.500000  0.000000

                       Cu X   0        Cu Y   0        Cu Z   0     
                    --------------- --------------- ---------------
    0   6.3403 THz   0.0000  0.0000 -0.0099 -0.0000 -1.0000  0.0000
    1   6.3403 THz   0.0000  0.0000 -1.0000  0.0000  0.0099 -0.0000
    2   8.8251 THz   1.0000  0.0000  0.0000  0.0000  0.0000  0.0000


 Q=  0.355941 -0.071188 -0.071188, q= -0.500000 -0.500000  0.250000

                       Cu X   0        Cu Y   0        Cu Z   0     
                    --------------- --------------- ---------------
    0   5.3165 THz   0.0000  0.0000  0.7071 -0.0006 -0.7071  0.0006
    1   6.1619 THz   0.5592  0.0000 -0.5862 -0.0000 -0.5862 -0.0000
    2   8.2664 THz   0.8290  0.0000  0.3954  0.0000  0.3954  0.0000


 Q=  0.071188  0.213565  0.071188, q= -0.500000 -0.250000 -0.500000

                       Cu X   0        Cu Y   0        Cu Z   0     
                    --------------- --------------- ---------------
    0   5.3165 THz  -0.7071  0.0000 -0.0000  0.0000  0.7071 -0.0000
    1   6.1619 THz   0.5862  0.0000 -0.5592  0.0000  0.5862 -0.0000
    2   8.2664 THz   0.3954  0.0000  0.8290  0.0000  0.3954 -0.0000


 Q=  0.142376  0.142376  0.000000, q= -0.500000 -0.250000 -0.250000

                       Cu X   0        Cu Y   0        Cu Z   0     
                    --------------- --------------- ---------------
    0   4.3092 THz   0.7071  0.0000 -0.7071  0.0000  0.0000  0.0000
    1   6.3175 THz   0.0000  0.0000 -0.0000  0.0000 -0.9991  0.0433
    2   7.8538 THz  -0.7071  0.0000 -0.7071  0.0000  0.0000  0.0000


 Q=  0.213565  0.071188 -0.071188, q= -0.500000 -0.250000  0.000000

                       Cu X   0        Cu Y   0        Cu Z   0     
                    --------------- --------------- ---------------
    0   5.3165 THz  -0.0000  0.0000 -0.7071 -0.0018 -0.7071 -0.0018
    1   6.1619 THz   0.5592  0.0000 -0.5862  0.0000  0.5862 -0.0000
    2   8.2664 THz   0.8290  0.0000  0.3954 -0.0000 -0.3954  0.0000


 Q=  0.284753  0.000000 -0.142376, q= -0.500000 -0.250000  0.250000

                       Cu X   0        Cu Y   0        Cu Z   0     
                    --------------- --------------- ---------------
    0   6.2142 THz   0.0000  0.0000  0.0000  0.0000 -0.9854  0.1702
    1   7.6273 THz   1.0000  0.0000  0.0000  0.0000  0.0000  0.0000
    2   7.6273 THz   0.0000  0.0000  0.9765  0.2157  0.0000 -0.0000


 Q=  0.000000  0.284753  0.000000, q= -0.500000  0.000000 -0.500000

                       Cu X   0        Cu Y   0        Cu Z   0     
                    --------------- --------------- ---------------
    0   6.3403 THz   0.0000  0.0000 -0.0000  0.0000 -1.0000  0.0000
    1   6.3403 THz   1.0000  0.0000  0.0000  0.0000  0.0000  0.0000
    2   8.8251 THz   0.0000  0.0000 -1.0000  0.0000  0.0000 -0.0000


 Q=  0.071188  0.213565 -0.071188, q= -0.500000  0.000000 -0.250000

                       Cu X   0        Cu Y   0        Cu Z   0     
                    --------------- --------------- ---------------
    0   5.3165 THz   0.7071  0.0000  0.0000 -0.0000  0.7071 -0.0000
    1   6.1619 THz   0.5862  0.0000 -0.5592 -0.0000 -0.5862  0.0000
    2   8.2664 THz   0.3954  0.0000  0.8290  0.0000 -0.3954 -0.0000


 Q=  0.142376  0.142376 -0.142376, q= -0.500000  0.000000  0.000000

                       Cu X   0        Cu Y   0        Cu Z   0     
                    --------------- --------------- ---------------
    0   4.3328 THz   0.6392  0.0000  0.1204  0.0000  0.7596  0.0000
    1   4.3328 THz   0.5080  0.0000 -0.8076 -0.0000 -0.2995 -0.0000
    2   8.9852 THz   0.5774  0.0000  0.5774  0.0000 -0.5774 -0.0000


 Q=  0.213565  0.071188 -0.213565, q= -0.500000  0.000000  0.250000

                       Cu X   0        Cu Y   0        Cu Z   0     
                    --------------- --------------- ---------------
    0   5.3165 THz   0.7071  0.0000  0.0000  0.0000  0.7071  0.0000
    1   6.1619 THz   0.5862  0.0000 -0.5592  0.0000 -0.5862 -0.0000
    2   8.2664 THz   0.3954  0.0000  0.8290 -0.0000 -0.3954  0.0000


 Q= -0.071188  0.355941 -0.071188, q= -0.500000  0.250000 -0.500000

                       Cu X   0        Cu Y   0        Cu Z   0     
                    --------------- --------------- ---------------
    0   5.3165 THz  -0.7071  0.0000 -0.0000 -0.0000  0.7071  0.0000
    1   6.1619 THz   0.5862  0.0000 -0.5592 -0.0000  0.5862  0.0000
    2   8.2664 THz   0.3954  0.0000  0.8290 -0.0000  0.3954 -0.0000


 Q=  0.000000  0.284753 -0.142376, q= -0.500000  0.250000 -0.250000

                       Cu X   0        Cu Y   0        Cu Z   0     
                    --------------- --------------- ---------------
    0   6.2142 THz   0.0000  0.0000  0.0000  0.0000 -0.9112 -0.4121
    1   7.6273 THz   1.0000  0.0000  0.0000  0.0000  0.0000  0.0000
    2   7.6273 THz   0.0000  0.0000  0.9684 -0.2494  0.0000  0.0000


 Q=  0.071188  0.213565 -0.213565, q= -0.500000  0.250000  0.000000

                       Cu X   0        Cu Y   0        Cu Z   0     
                    --------------- --------------- ---------------
    0   5.3165 THz  -0.0000  0.0000 -0.7070 -0.0132 -0.7070 -0.0132
    1   6.1619 THz   0.5592  0.0000 -0.5862 -0.0000  0.5862 -0.0000
    2   8.2664 THz   0.8290  0.0000  0.3954  0.0000 -0.3954 -0.0000


 Q=  0.142376  0.142376 -0.284753, q= -0.500000  0.250000  0.250000

                       Cu X   0        Cu Y   0        Cu Z   0     
                    --------------- --------------- ---------------
    0   4.3092 THz   0.7071  0.0000 -0.7071 -0.0000  0.0000 -0.0000
    1   6.3175 THz   0.0000  0.0000 -0.0000 -0.0000 -0.9993 -0.0373
    2   7.8538 THz  -0.7071  0.0000 -0.7071 -0.0000  0.0000 -0.0000


 Q=  0.071188  0.071188  0.213565, q= -0.250000 -0.500000 -0.500000

                       Cu X   0        Cu Y   0        Cu Z   0     
                    --------------- --------------- ---------------
    0   5.3165 THz   0.7071  0.0000 -0.7071 -0.0000 -0.0000  0.0000
    1   6.1619 THz   0.5862  0.0000  0.5862  0.0000 -0.5592  0.0000
    2   8.2664 THz   0.3954  0.0000  0.3954 -0.0000  0.8290 -0.0000


 Q=  0.142376  0.000000  0.142376, q= -0.250000 -0.500000 -0.250000

                       Cu X   0        Cu Y   0        Cu Z   0     
                    --------------- --------------- ---------------
    0   4.3092 THz  -0.7071  0.0000  0.0000  0.0000  0.7071 -0.0000
    1   6.3175 THz   0.0000  0.0000 -0.9961 -0.0882  0.0000 -0.0000
    2   7.8538 THz   0.7071  0.0000  0.0000  0.0000  0.7071 -0.0000


 Q=  0.213565 -0.071188  0.071188, q= -0.250000 -0.500000  0.000000

                       Cu X   0        Cu Y   0        Cu Z   0     
                    --------------- --------------- ---------------
    0   5.3165 THz   0.0000  0.0000 -0.7071 -0.0086 -0.7071 -0.0086
    1   6.1619 THz  -0.5592  0.0000 -0.5862 -0.0000  0.5862  0.0000
    2   8.2664 THz   0.8290  0.0000 -0.3954  0.0000  0.3954  0.0000


 Q=  0.284753 -0.142376  0.000000, q= -0.250000 -0.500000  0.250000

                       Cu X   0        Cu Y   0        Cu Z   0     
                    --------------- --------------- ---------------
    0   6.2142 THz   0.0000  0.0000 -0.9979  0.0645 -0.0000  0.0000
    1   7.6273 THz   1.0000  0.0000  0.0000  0.0000  0.0000  0.0000
    2   7.6273 THz   0.0000  0.0000  0.0000  0.0000 -1.0000  0.0099


 Q=  0.000000  0.142376  0.142376, q= -0.250000 -0.250000 -0.500000

                       Cu X   0        Cu Y   0        Cu Z   0     
                    --------------- --------------- ---------------
    0   4.3092 THz   0.0000  0.0000  0.6923  0.1440 -0.6923 -0.1440
    1   6.3175 THz   1.0000  0.0000  0.0000  0.0000  0.0000  0.0000
    2   7.8538 THz   0.0000  0.0000 -0.6994  0.1040 -0.6994  0.1040


 Q=  0.071188  0.071188  0.071188, q= -0.250000 -0.250000 -0.250000

                       Cu X   0        Cu Y   0        Cu Z   0     
                    --------------- --------------- ---------------
    0   3.1163 THz  -0.6712  0.0000 -0.0671  0.0035  0.7382 -0.0035
    1   3.1163 THz   0.4650  0.0000 -0.8137  0.0051  0.3488 -0.0051
    2   6.9642 THz   0.5774  0.0000  0.5774 -0.0000  0.5774  0.0000


 Q=  0.142376  0.000000  0.000000, q= -0.250000 -0.250000  0.000000

                       Cu X   0        Cu Y   0        Cu Z   0     
                    --------------- --------------- ---------------
    0   4.6989 THz   0.0000  0.0000 -0.0600  0.0049 -0.9981 -0.0154
    1   4.6989 THz   0.0000  0.0000  0.9895 -0.1315 -0.0601  0.0021
    2   6.7375 THz   1.0000  0.0000  0.0000  0.0000  0.0000  0.0000


 Q=  0.213565 -0.071188 -0.071188, q= -0.250000 -0.250000  0.250000

                       Cu X   0        Cu Y   0        Cu Z   0     
                    --------------- --------------- ---------------
    0   5.3165 THz  -0.0000  0.0000  0.7070  0.0115 -0.7070 -0.0115
    1   6.1619 THz  -0.5592  0.0000 -0.5862 -0.0000 -0.5862  0.0000
    2   8.2664 THz   0.8290  0.0000 -0.3954 -0.0000 -0.3954 -0.0000


 Q= -0.071188  0.213565  0.071188, q= -0.250000  0.000000 -0.500000

                       Cu X   0        Cu Y   0        Cu Z   0     
                    --------------- --------------- ---------------
    0   5.3165 THz   0.7071  0.0000  0.0000 -0.0000  0.7071  0.0000
    1   6.1619 THz   0.5862  0.0000  0.5592  0.0000 -0.5862 -0.0000
    2   8.2664 THz  -0.3954  0.0000  0.8290  0.0000  0.3954 -0.0000


 Q=  0.000000  0.142376  0.000000, q= -0.250000  0.000000 -0.250000

                       Cu X   0        Cu Y   0        Cu Z   0     
                    --------------- --------------- ---------------
    0   4.6989 THz   0.0000  0.0000  0.0000  0.0000 -0.9994  0.0345
    1   4.6989 THz   1.0000  0.0000  0.0000  0.0000  0.0000  0.0000
    2   6.7375 THz   0.0000  0.0000 -0.9982 -0.0600 -0.0000  0.0000


 Q=  0.071188  0.071188 -0.071188, q= -0.250000  0.000000  0.000000

                       Cu X   0        Cu Y   0        Cu Z   0     
                    --------------- --------------- ---------------
    0   3.1163 THz   0.6780  0.0000  0.0549 -0.0057  0.7330 -0.0057
    1   3.1163 THz   0.4549  0.0000 -0.8146  0.0085 -0.3596  0.0085
    2   6.9642 THz   0.5774  0.0000  0.5774 -0.0000 -0.5774  0.0000


 Q=  0.142376  0.000000 -0.142376, q= -0.250000  0.000000  0.250000

                       Cu X   0        Cu Y   0        Cu Z   0     
                    --------------- --------------- ---------------
    0   4.3092 THz  -0.7071  0.0000  0.0000  0.0000 -0.7071 -0.0000
    1   6.3175 THz   0.0000  0.0000  0.9935  0.1136  0.0000 -0.0000
    2   7.8538 THz   0.7071  0.0000  0.0000  0.0000 -0.7071 -0.0000


 Q= -0.142376  0.284753  0.000000, q= -0.250000  0.250000 -0.500000

                       Cu X   0        Cu Y   0        Cu Z   0     
                    --------------- --------------- ---------------
    0   6.2142 THz   1.0000  0.0000  0.0000  0.0000  0.0000  0.0000
    1   7.6273 THz   0.0000  0.0000  0.0188 -0.0468 -0.8395  0.5410
    2   7.6273 THz   0.0000  0.0000 -0.8915  0.4502 -0.0499 -0.0075


 Q= -0.071188  0.213565 -0.071188, q= -0.250000  0.250000 -0.250000

                       Cu X   0        Cu Y   0        Cu Z   0     
                    --------------- --------------- ---------------
    0   5.3165 THz  -0.7071  0.0000  0.0000  0.0000  0.7071  0.0000
    1   6.1619 THz   0.5862  0.0000  0.5592  0.0000  0.5862  0.0000
    2   8.2664 THz  -0.3954  0.0000  0.8290  0.0000 -0.3954  0.0000


 Q=  0.000000  0.142376 -0.142376, q= -0.250000  0.250000  0.000000

                       Cu X   0        Cu Y   0        Cu Z   0     
                    --------------- --------------- ---------------
    0   4.3092 THz   0.0000  0.0000 -0.5746 -0.4121 -0.5746 -0.4121
    1   6.3175 THz   1.0000  0.0000  0.0000  0.0000  0.0000  0.0000
    2   7.8538 THz   0.0000  0.0000  0.2341 -0.6672 -0.2341  0.6672


 Q=  0.071188  0.071188 -0.213565, q= -0.250000  0.250000  0.250000

                       Cu X   0        Cu Y   0        Cu Z   0     
                    --------------- --------------- ---------------
    0   5.3165 THz  -0.7071  0.0000  0.7071  0.0000 -0.0000  0.0000
    1   6.1619 THz   0.5862  0.0000  0.5862  0.0000  0.5592  0.0000
    2   8.2664 THz   0.3954  0.0000  0.3954 -0.0000 -0.8290 -0.0000


 Q=  0.000000  0.000000  0.284753, q=  0.000000 -0.500000 -0.500000

                       Cu X   0        Cu Y   0        Cu Z   0     
                    --------------- --------------- ---------------
    0   6.3403 THz   1.0000  0.0000  0.0000  0.0000  0.0000  0.0000
    1   6.3403 THz   0.0000  0.0000  1.0000 -0.0000  0.0000 -0.0000
    2   8.8251 THz   0.0000  0.0000  0.0000 -0.0000 -1.0000  0.0000


 Q=  0.071188 -0.071188  0.213565, q=  0.000000 -0.500000 -0.250000

                       Cu X   0        Cu Y   0        Cu Z   0     
                    --------------- --------------- ---------------
    0   5.3165 THz   0.7071  0.0000  0.7071  0.0000 -0.0000  0.0000
    1   6.1619 THz   0.5862  0.0000 -0.5862 -0.0000 -0.5592 -0.0000
    2   8.2664 THz  -0.3954  0.0000  0.3954  0.0000 -0.8290 -0.0000


 Q=  0.142376 -0.142376  0.142376, q=  0.000000 -0.500000  0.000000

                       Cu X   0        Cu Y   0        Cu Z   0     
                    --------------- --------------- ---------------
    0   4.3328 THz  -0.6971  0.0000  0.0195 -0.0000  0.7167 -0.0000
    1   4.3328 THz   0.4250  0.0000  0.8163 -0.0000  0.3912 -0.0000
    2   8.9852 THz  -0.5774 -0.0000  0.5774 -0.0000 -0.5774  0.0000


 Q=  0.213565 -0.213565  0.071188, q=  0.000000 -0.500000  0.250000

                       Cu X   0        Cu Y   0        Cu Z   0     
                    --------------- --------------- ---------------
    0   5.3165 THz   0.7071  0.0000  0.7071 -0.0000 -0.0000 -0.0000
    1   6.1619 THz   0.5862  0.0000 -0.5862  0.0000 -0.5592  0.0000
    2   8.2664 THz  -0.3954  0.0000  0.3954 -0.0000 -0.8290  0.0000


 Q= -0.071188  0.071188  0.213565, q=  0.000000 -0.250000 -0.500000

                       Cu X   0        Cu Y   0        Cu Z   0     
                    --------------- --------------- ---------------
    0   5.3165 THz  -0.7071  0.0000 -0.7071  0.0000 -0.0000 -0.0000
    1   6.1619 THz   0.5862  0.0000 -0.5862  0.0000  0.5592 -0.0000
    2   8.2664 THz  -0.3954  0.0000  0.3954 -0.0000  0.8290 -0.0000


 Q=  0.000000  0.000000  0.142376, q=  0.000000 -0.250000 -0.250000

                       Cu X   0        Cu Y   0        Cu Z   0     
                    --------------- --------------- ---------------
    0   4.6989 THz   1.0000  0.0000  0.0000  0.0000  0.0000  0.0000
    1   4.6989 THz   0.0000  0.0000  0.9998  0.0186  0.0000 -0.0000
    2   6.7375 THz   0.0000  0.0000  0.0000 -0.0000 -0.9734  0.2293


 Q=  0.071188 -0.071188  0.071188, q=  0.000000 -0.250000  0.000000

                       Cu X   0        Cu Y   0        Cu Z   0     
                    --------------- --------------- ---------------
    0   3.1163 THz  -0.6880  0.0000  0.0368  0.0014  0.7248  0.0014
    1   3.1163 THz   0.4397  0.0000  0.8157  0.0022  0.3759  0.0022
    2   6.9642 THz  -0.5774 -0.0000  0.5774  0.0000 -0.5774 -0.0000


 Q=  0.142376 -0.142376  0.000000, q=  0.000000 -0.250000  0.250000

                       Cu X   0        Cu Y   0        Cu Z   0     
                    --------------- --------------- ---------------
    0   4.3092 THz   0.7071  0.0000  0.7071  0.0000  0.0000  0.0000
    1   6.3175 THz   0.0000  0.0000  0.0000 -0.0000 -0.9981 -0.0620
    2   7.8538 THz   0.7071  0.0000 -0.7071 -0.0000 -0.0000 -0.0000


 Q= -0.142376  0.142376  0.142376, q=  0.000000  0.000000 -0.500000

                       Cu X   0        Cu Y   0        Cu Z   0     
                    --------------- --------------- ---------------
    0   4.3328 THz   0.6663  0.0000 -0.0755 -0.0000  0.7418  0.0000
    1   4.3328 THz   0.4719  0.0000  0.8130  0.0000 -0.3411 -0.0000
    2   8.9852 THz  -0.5774 -0.0000  0.5774  0.0000  0.5774 -0.0000


 Q= -0.071188  0.071188  0.071188, q=  0.000000  0.000000 -0.250000

                       Cu X   0        Cu Y   0        Cu Z   0     
                    --------------- --------------- ---------------
    0   3.1163 THz   0.6732  0.0000 -0.0635 -0.0025  0.7367  0.0025
    1   3.1163 THz   0.4620  0.0000  0.8140  0.0036 -0.3520 -0.0036
    2   6.9642 THz  -0.5774 -0.0000  0.5774 -0.0000  0.5774 -0.0000


 Q=  0.000000  0.000000  0.000000, q=  0.000000  0.000000  0.000000

                       Cu X   0        Cu Y   0        Cu Z   0     
                    --------------- --------------- ---------------
    0  -0.0000 THz  -0.9982  0.0000 -0.0352  0.0000 -0.0484  0.0000
    1  -0.0000 THz  -0.0353  0.0000  0.9994  0.0000  0.0020  0.0000
    2  -0.0000 THz   0.0483  0.0000  0.0037  0.0000 -0.9988  0.0000


 Q=  0.071188 -0.071188 -0.071188, q=  0.000000  0.000000  0.250000

                       Cu X   0        Cu Y   0        Cu Z   0     
                    --------------- --------------- ---------------
    0   3.1163 THz   0.6732  0.0000 -0.0635  0.0025  0.7367 -0.0025
    1   3.1163 THz   0.4620  0.0000  0.8140 -0.0036 -0.3520  0.0036
    2   6.9642 THz  -0.5774 -0.0000  0.5774  0.0000  0.5774  0.0000


 Q= -0.213565  0.213565  0.071188, q=  0.000000  0.250000 -0.500000

                       Cu X   0        Cu Y   0        Cu Z   0     
                    --------------- --------------- ---------------
    0   5.3165 THz  -0.7071  0.0000 -0.7071 -0.0000 -0.0000  0.0000
    1   6.1619 THz   0.5862  0.0000 -0.5862 -0.0000  0.5592  0.0000
    2   8.2664 THz  -0.3954  0.0000  0.3954  0.0000  0.8290  0.0000


 Q= -0.142376  0.142376  0.000000, q=  0.000000  0.250000 -0.250000

                       Cu X   0        Cu Y   0        Cu Z   0     
                    --------------- --------------- ---------------
    0   4.3092 THz   0.7071  0.0000  0.7071 -0.0000  0.0000 -0.0000
    1   6.3175 THz   0.0000  0.0000  0.0000  0.0000 -0.9981  0.0620
    2   7.8538 THz   0.7071  0.0000 -0.7071  0.0000 -0.0000  0.0000


 Q= -0.071188  0.071188 -0.071188, q=  0.000000  0.250000  0.000000

                       Cu X   0        Cu Y   0        Cu Z   0     
                    --------------- --------------- ---------------
    0   3.1163 THz  -0.6880  0.0000  0.0368 -0.0014  0.7248 -0.0014
    1   3.1163 THz   0.4397  0.0000  0.8157 -0.0022  0.3759 -0.0022
    2   6.9642 THz  -0.5774 -0.0000  0.5774 -0.0000 -0.5774  0.0000


 Q=  0.000000  0.000000 -0.142376, q=  0.000000  0.250000  0.250000

                       Cu X   0        Cu Y   0        Cu Z   0     
                    --------------- --------------- ---------------
    0   4.6989 THz   1.0000  0.0000  0.0000  0.0000  0.0000  0.0000
    1   4.6989 THz   0.0000  0.0000  0.9998 -0.0186  0.0000  0.0000
    2   6.7375 THz   0.0000  0.0000  0.0000  0.0000 -0.9734 -0.2293


 Q= -0.071188 -0.071188  0.355941, q=  0.250000 -0.500000 -0.500000

                       Cu X   0        Cu Y   0        Cu Z   0     
                    --------------- --------------- ---------------
    0   5.3165 THz   0.7071  0.0000 -0.7071  0.0000 -0.0000 -0.0000
    1   6.1619 THz   0.5862  0.0000  0.5862 -0.0000 -0.5592 -0.0000
    2   8.2664 THz   0.3954  0.0000  0.3954  0.0000  0.8290  0.0000


 Q=  0.000000 -0.142376  0.284753, q=  0.250000 -0.500000 -0.250000

                       Cu X   0        Cu Y   0        Cu Z   0     
                    --------------- --------------- ---------------
    0   6.2142 THz   0.0000  0.0000  0.9939  0.1100  0.0000  0.0000
    1   7.6273 THz   0.0000  0.0000  0.0000 -0.0000 -0.9999 -0.0104
    2   7.6273 THz   1.0000  0.0000  0.0000  0.0000  0.0000  0.0000


 Q=  0.071188 -0.213565  0.213565, q=  0.250000 -0.500000  0.000000

                       Cu X   0        Cu Y   0        Cu Z   0     
                    --------------- --------------- ---------------
    0   5.3165 THz   0.0000  0.0000 -0.7071  0.0055 -0.7071  0.0055
    1   6.1619 THz  -0.5592  0.0000 -0.5862  0.0000  0.5862 -0.0000
    2   8.2664 THz   0.8290  0.0000 -0.3954  0.0000  0.3954 -0.0000


 Q=  0.142376 -0.284753  0.142376, q=  0.250000 -0.500000  0.250000

                       Cu X   0        Cu Y   0        Cu Z   0     
                    --------------- --------------- ---------------
    0   4.3092 THz  -0.7071  0.0000 -0.0000 -0.0000  0.7071  0.0000
    1   6.3175 THz   0.0000  0.0000 -0.9938  0.1111 -0.0000  0.0000
    2   7.8538 THz   0.7071  0.0000 -0.0000 -0.0000  0.7071  0.0000


 Q= -0.142376  0.000000  0.284753, q=  0.250000 -0.250000 -0.500000

                       Cu X   0        Cu Y   0        Cu Z   0     
                    --------------- --------------- ---------------
    0   6.2142 THz   1.0000  0.0000  0.0000  0.0000  0.0000  0.0000
    1   7.6273 THz   0.0000  0.0000  0.0147  0.0374 -0.9858 -0.1632
    2   7.6273 THz   0.0000  0.0000  0.5225  0.8517  0.0402 -0.0005


 Q= -0.071188 -0.071188  0.213565, q=  0.250000 -0.250000 -0.250000

                       Cu X   0        Cu Y   0        Cu Z   0     
                    --------------- --------------- ---------------
    0   5.3165 THz  -0.7071  0.0000  0.7071 -0.0000 -0.0000 -0.0000
    1   6.1619 THz   0.5862  0.0000  0.5862 -0.0000  0.5592 -0.0000
    2   8.2664 THz   0.3954  0.0000  0.3954  0.0000 -0.8290  0.0000


 Q=  0.000000 -0.142376  0.142376, q=  0.250000 -0.250000  0.000000

                       Cu X   0        Cu Y   0        Cu Z   0     
                    --------------- --------------- ---------------
    0   4.3092 THz   0.0000  0.0000 -0.5746  0.4121 -0.5746  0.4121
    1   6.3175 THz   1.0000  0.0000  0.0000  0.0000  0.0000  0.0000
    2   7.8538 THz   0.0000  0.0000  0.2341  0.6672 -0.2341 -0.6672


 Q=  0.071188 -0.213565  0.071188, q=  0.250000 -0.250000  0.250000

                       Cu X   0        Cu Y   0        Cu Z   0     
                    --------------- --------------- ---------------
    0   5.3165 THz  -0.7071  0.0000  0.0000 -0.0000  0.7071 -0.0000
    1   6.1619 THz   0.5862  0.0000  0.5592 -0.0000  0.5862 -0.0000
    2   8.2664 THz  -0.3954  0.0000  0.8290 -0.0000 -0.3954 -0.0000


 Q= -0.213565  0.071188  0.213565, q=  0.250000  0.000000 -0.500000

                       Cu X   0        Cu Y   0        Cu Z   0     
                    --------------- --------------- ---------------
    0   5.3165 THz   0.7071  0.0000 -0.0000  0.0000  0.7071 -0.0000
    1   6.1619 THz   0.5862  0.0000  0.5592 -0.0000 -0.5862  0.0000
    2   8.2664 THz  -0.3954  0.0000  0.8290 -0.0000  0.3954 -0.0000


 Q= -0.142376  0.000000  0.142376, q=  0.250000  0.000000 -0.250000

                       Cu X   0        Cu Y   0        Cu Z   0     
                    --------------- --------------- ---------------
    0   4.3092 THz  -0.7071  0.0000  0.0000 -0.0000 -0.7071  0.0000
    1   6.3175 THz   0.0000  0.0000  0.9935 -0.1136  0.0000  0.0000
    2   7.8538 THz   0.7071  0.0000  0.0000 -0.0000 -0.7071  0.0000


 Q= -0.071188 -0.071188  0.071188, q=  0.250000  0.000000  0.000000

                       Cu X   0        Cu Y   0        Cu Z   0     
                    --------------- --------------- ---------------
    0   3.1163 THz   0.6780  0.0000  0.0549  0.0057  0.7330  0.0057
    1   3.1163 THz   0.4549  0.0000 -0.8146 -0.0085 -0.3596 -0.0085
    2   6.9642 THz   0.5774  0.0000  0.5774  0.0000 -0.5774 -0.0000


 Q=  0.000000 -0.142376  0.000000, q=  0.250000  0.000000  0.250000

                       Cu X   0        Cu Y   0        Cu Z   0     
                    --------------- --------------- ---------------
    0   4.6989 THz   0.0000  0.0000  0.0000 -0.0000 -0.9994 -0.0345
    1   4.6989 THz   1.0000  0.0000  0.0000  0.0000  0.0000  0.0000
    2   6.7375 THz   0.0000  0.0000 -0.9982  0.0600 -0.0000 -0.0000


 Q= -0.284753  0.142376  0.142376, q=  0.250000  0.250000 -0.500000

                       Cu X   0        Cu Y   0        Cu Z   0     
                    --------------- --------------- ---------------
    0   4.3092 THz   0.0000  0.0000  0.5826 -0.4008 -0.5826  0.4008
    1   6.3175 THz   1.0000  0.0000  0.0000  0.0000  0.0000  0.0000
    2   7.8538 THz   0.0000  0.0000 -0.7067 -0.0245 -0.7067 -0.0245


 Q= -0.213565  0.071188  0.071188, q=  0.250000  0.250000 -0.250000

                       Cu X   0        Cu Y   0        Cu Z   0     
                    --------------- --------------- ---------------
    0   5.3165 THz  -0.0000  0.0000  0.7070 -0.0115 -0.7070  0.0115
    1   6.1619 THz  -0.5592  0.0000 -0.5862  0.0000 -0.5862 -0.0000
    2   8.2664 THz   0.8290  0.0000 -0.3954  0.0000 -0.3954  0.0000


 Q= -0.142376  0.000000  0.000000, q=  0.250000  0.250000  0.000000

                       Cu X   0        Cu Y   0        Cu Z   0     
                    --------------- --------------- ---------------
    0   4.6989 THz   0.0000  0.0000 -0.0600 -0.0049 -0.9981  0.0154
    1   4.6989 THz   0.0000  0.0000  0.9895  0.1315 -0.0601 -0.0021
    2   6.7375 THz   1.0000  0.0000  0.0000  0.0000  0.0000  0.0000


 Q= -0.071188 -0.071188 -0.071188, q=  0.250000  0.250000  0.250000

                       Cu X   0        Cu Y   0        Cu Z   0     
                    --------------- --------------- ---------------
    0   3.1163 THz  -0.6712  0.0000 -0.0671 -0.0035  0.7382  0.0035
    1   3.1163 THz   0.4650  0.0000 -0.8137 -0.0051  0.3488  0.0051
    2   6.9642 THz   0.5774  0.0000  0.5774  0.0000  0.5774 -0.0000
