
Used Primitive lattice vector

   -1.526955000000      1.526955000000      1.526955000000  
    1.526955000000     -1.526955000000      1.526955000000  
    1.526955000000      1.526955000000     -1.526955000000  

   1 Atom(s) in the Primitive cell

 0.0000000000 0.0000000000 0.0000000000 Mo    0


 Q= -0.327449 -0.327449 -0.327449, q= -0.500000 -0.500000 -0.500000

                       Mo X   0        Mo Y   0        Mo Z   0     
                    --------------- --------------- ---------------
    0   7.5269 THz   0.0000  0.0000 -0.5324  0.0000  0.8465 -0.0000
    1   7.5269 THz   1.0000  0.0000  0.0000  0.0000  0.0000  0.0000
    2   7.5269 THz   0.0000  0.0000 -0.8465  0.0000 -0.5324  0.0000


 Q= -0.245587 -0.245587 -0.327449, q= -0.500000 -0.500000 -0.250000

                       Mo X   0        Mo Y   0        Mo Z   0     
                    --------------- --------------- ---------------
    0   6.7688 THz   0.0000  0.0000  0.0000 -0.0000 -0.9967  0.0811
    1   7.7782 THz   0.7071  0.0000  0.7071 -0.0000  0.0000  0.0000
    2   8.8138 THz   0.7071  0.0000 -0.7071  0.0000 -0.0000 -0.0000


 Q= -0.163725 -0.163725 -0.327449, q= -0.500000 -0.500000  0.000000

                       Mo X   0        Mo Y   0        Mo Z   0     
                    --------------- --------------- ---------------
    0   6.0546 THz   0.0000  0.0000 -0.0000 -0.0000 -1.0000  0.0000
    1   6.8909 THz   0.7071  0.0000  0.7071  0.0000 -0.0000  0.0000
    2   9.8944 THz   0.7071  0.0000 -0.7071 -0.0000  0.0000 -0.0000


 Q= -0.081862 -0.081862 -0.327449, q= -0.500000 -0.500000  0.250000

                       Mo X   0        Mo Y   0        Mo Z   0     
                    --------------- --------------- ---------------
    0   6.7688 THz   0.0000  0.0000 -0.0000  0.0000 -0.9996 -0.0277
    1   7.7782 THz   0.7071  0.0000  0.7071  0.0000 -0.0000 -0.0000
    2   8.8138 THz   0.7071  0.0000 -0.7071 -0.0000  0.0000  0.0000


 Q= -0.245587 -0.327449 -0.245587, q= -0.500000 -0.250000 -0.500000

                       Mo X   0        Mo Y   0        Mo Z   0     
                    --------------- --------------- ---------------
    0   6.7688 THz   0.0000  0.0000  0.3504  0.9366 -0.0000 -0.0000
    1   7.7782 THz   0.7071  0.0000  0.0000  0.0000  0.7071 -0.0000
    2   8.8138 THz   0.7071  0.0000 -0.0000 -0.0000 -0.7071  0.0000


 Q= -0.163725 -0.245587 -0.245587, q= -0.500000 -0.250000 -0.250000

                       Mo X   0        Mo Y   0        Mo Z   0     
                    --------------- --------------- ---------------
    0   6.6963 THz  -0.4961  0.0000 -0.6139  0.0000 -0.6139 -0.0000
    1   7.2300 THz   0.0000  0.0000  0.7066  0.0274 -0.7066 -0.0274
    2   8.7990 THz   0.8682  0.0000 -0.3508  0.0000 -0.3508 -0.0000


 Q= -0.081862 -0.163725 -0.245587, q= -0.500000 -0.250000  0.000000

                       Mo X   0        Mo Y   0        Mo Z   0     
                    --------------- --------------- ---------------
    0   6.6963 THz   0.6139  0.0000  0.4961  0.0000 -0.6139 -0.0000
    1   7.2300 THz   0.7071  0.0000 -0.0000 -0.0000  0.7071  0.0000
    2   8.7990 THz  -0.3508  0.0000  0.8682  0.0000  0.3508 -0.0000


 Q=  0.000000 -0.081862 -0.245587, q= -0.500000 -0.250000  0.250000

                       Mo X   0        Mo Y   0        Mo Z   0     
                    --------------- --------------- ---------------
    0   6.7688 THz   1.0000  0.0000  0.0000  0.0000  0.0000  0.0000
    1   7.7782 THz   0.0000  0.0000 -0.5219  0.4771  0.5219 -0.4771
    2   8.8138 THz   0.0000  0.0000 -0.6676  0.2329 -0.6676  0.2329


 Q= -0.163725 -0.327449 -0.163725, q= -0.500000  0.000000 -0.500000

                       Mo X   0        Mo Y   0        Mo Z   0     
                    --------------- --------------- ---------------
    0   6.0546 THz   0.0000  0.0000 -1.0000  0.0000  0.0000 -0.0000
    1   6.8909 THz   0.7071  0.0000  0.0000  0.0000  0.7071  0.0000
    2   9.8944 THz  -0.7071  0.0000  0.0000  0.0000  0.7071  0.0000


 Q= -0.081862 -0.245587 -0.163725, q= -0.500000  0.000000 -0.250000

                       Mo X   0        Mo Y   0        Mo Z   0     
                    --------------- --------------- ---------------
    0   6.6963 THz   0.6139  0.0000 -0.6139  0.0000  0.4961 -0.0000
    1   7.2300 THz  -0.7071  0.0000 -0.7071  0.0000 -0.0000 -0.0000
    2   8.7990 THz  -0.3508  0.0000  0.3508  0.0000  0.8682  0.0000


 Q=  0.000000 -0.163725 -0.163725, q= -0.500000  0.000000  0.000000

                       Mo X   0        Mo Y   0        Mo Z   0     
                    --------------- --------------- ---------------
    0   6.0546 THz   1.0000  0.0000  0.0000  0.0000  0.0000  0.0000
    1   6.8909 THz   0.0000  0.0000 -0.7071 -0.0000  0.7071  0.0000
    2   9.8944 THz   0.0000  0.0000 -0.7071 -0.0000 -0.7071 -0.0000


 Q=  0.081862 -0.081862 -0.163725, q= -0.500000  0.000000  0.250000

                       Mo X   0        Mo Y   0        Mo Z   0     
                    --------------- --------------- ---------------
    0   6.6963 THz   0.6139  0.0000 -0.6139 -0.0000  0.4961  0.0000
    1   7.2300 THz  -0.7071  0.0000 -0.7071 -0.0000 -0.0000  0.0000
    2   8.7990 THz  -0.3508  0.0000  0.3508  0.0000  0.8682  0.0000


 Q= -0.081862 -0.327449 -0.081862, q= -0.500000  0.250000 -0.500000

                       Mo X   0        Mo Y   0        Mo Z   0     
                    --------------- --------------- ---------------
    0   6.7688 THz   0.0000  0.0000 -0.9641 -0.2655  0.0000  0.0000
    1   7.7782 THz   0.7071  0.0000  0.0000 -0.0000  0.7071  0.0000
    2   8.8138 THz  -0.7071  0.0000  0.0000 -0.0000  0.7071  0.0000


 Q=  0.000000 -0.245587 -0.081862, q= -0.500000  0.250000 -0.250000

                       Mo X   0        Mo Y   0        Mo Z   0     
                    --------------- --------------- ---------------
    0   6.7688 THz   1.0000  0.0000  0.0000  0.0000  0.0000  0.0000
    1   7.7782 THz   0.0000  0.0000 -0.4674 -0.5306  0.4674  0.5306
    2   8.8138 THz   0.0000  0.0000 -0.6072 -0.3624 -0.6072 -0.3624


 Q=  0.081862 -0.163725 -0.081862, q= -0.500000  0.250000  0.000000

                       Mo X   0        Mo Y   0        Mo Z   0     
                    --------------- --------------- ---------------
    0   6.6963 THz   0.6139  0.0000  0.4961 -0.0000 -0.6139  0.0000
    1   7.2300 THz   0.7071  0.0000 -0.0000  0.0000  0.7071 -0.0000
    2   8.7990 THz  -0.3508  0.0000  0.8682  0.0000  0.3508  0.0000


 Q=  0.163725 -0.081862 -0.081862, q= -0.500000  0.250000  0.250000

                       Mo X   0        Mo Y   0        Mo Z   0     
                    --------------- --------------- ---------------
    0   6.6963 THz  -0.4961  0.0000 -0.6139 -0.0000 -0.6139  0.0000
    1   7.2300 THz   0.0000  0.0000  0.7035 -0.0712 -0.7035  0.0712
    2   8.7990 THz   0.8682  0.0000 -0.3508 -0.0000 -0.3508  0.0000


 Q= -0.327449 -0.245587 -0.245587, q= -0.250000 -0.500000 -0.500000

                       Mo X   0        Mo Y   0        Mo Z   0     
                    --------------- --------------- ---------------
    0   6.7688 THz   1.0000  0.0000  0.0000  0.0000  0.0000  0.0000
    1   7.7782 THz   0.0000  0.0000 -0.6936  0.1377 -0.6936  0.1377
    2   8.8138 THz   0.0000  0.0000  0.2082 -0.6758 -0.2082  0.6758


 Q= -0.245587 -0.163725 -0.245587, q= -0.250000 -0.500000 -0.250000

                       Mo X   0        Mo Y   0        Mo Z   0     
                    --------------- --------------- ---------------
    0   6.6963 THz   0.6139  0.0000  0.4961 -0.0000  0.6139 -0.0000
    1   7.2300 THz  -0.7071  0.0000  0.0000 -0.0000  0.7071 -0.0000
    2   8.7990 THz  -0.3508  0.0000  0.8682  0.0000 -0.3508 -0.0000


 Q= -0.163725 -0.081862 -0.245587, q= -0.250000 -0.500000  0.000000

                       Mo X   0        Mo Y   0        Mo Z   0     
                    --------------- --------------- ---------------
    0   6.6963 THz  -0.4961  0.0000 -0.6139 -0.0000  0.6139 -0.0000
    1   7.2300 THz   0.0000  0.0000 -0.6964 -0.1227 -0.6964 -0.1227
    2   8.7990 THz   0.8682  0.0000 -0.3508 -0.0000  0.3508 -0.0000


 Q= -0.081862  0.000000 -0.245587, q= -0.250000 -0.500000  0.250000

                       Mo X   0        Mo Y   0        Mo Z   0     
                    --------------- --------------- ---------------
    0   6.7688 THz   0.0000  0.0000 -0.9995 -0.0305  0.0000 -0.0000
    1   7.7782 THz   0.7071  0.0000  0.0000 -0.0000 -0.7071 -0.0000
    2   8.8138 THz   0.7071  0.0000  0.0000  0.0000  0.7071  0.0000


 Q= -0.245587 -0.245587 -0.163725, q= -0.250000 -0.250000 -0.500000

                       Mo X   0        Mo Y   0        Mo Z   0     
                    --------------- --------------- ---------------
    0   6.6963 THz   0.6139  0.0000  0.6139 -0.0000  0.4961 -0.0000
    1   7.2300 THz  -0.7071  0.0000  0.7071 -0.0000  0.0000 -0.0000
    2   8.7990 THz   0.3508  0.0000  0.3508  0.0000 -0.8682  0.0000


 Q= -0.163725 -0.163725 -0.163725, q= -0.250000 -0.250000 -0.250000

                       Mo X   0        Mo Y   0        Mo Z   0     
                    --------------- --------------- ---------------
    0   7.5633 THz   0.0000  0.0000 -0.3936  0.6636 -0.6343  0.0491
    1   7.5633 THz   0.0000  0.0000  0.4397 -0.4598 -0.7628 -0.1156
    2   7.5633 THz   1.0000  0.0000  0.0000  0.0000  0.0000  0.0000


 Q= -0.081862 -0.081862 -0.163725, q= -0.250000 -0.250000  0.000000

                       Mo X   0        Mo Y   0        Mo Z   0     
                    --------------- --------------- ---------------
    0   6.6963 THz   0.6139  0.0000  0.6139  0.0000 -0.4961 -0.0000
    1   7.2300 THz   0.7071  0.0000 -0.7071 -0.0000  0.0000  0.0000
    2   8.7990 THz   0.3508  0.0000  0.3508  0.0000  0.8682  0.0000


 Q=  0.000000  0.000000 -0.163725, q= -0.250000 -0.250000  0.250000

                       Mo X   0        Mo Y   0        Mo Z   0     
                    --------------- --------------- ---------------
    0   5.4520 THz   1.0000  0.0000  0.0000  0.0000  0.0000  0.0000
    1   5.4520 THz   0.0000  0.0000 -0.7561 -0.6544  0.0000  0.0000
    2   8.5142 THz   0.0000  0.0000  0.0000  0.0000 -0.2323  0.9727


 Q= -0.163725 -0.245587 -0.081862, q= -0.250000  0.000000 -0.500000

                       Mo X   0        Mo Y   0        Mo Z   0     
                    --------------- --------------- ---------------
    0   6.6963 THz   0.4961  0.0000 -0.6139  0.0000  0.6139  0.0000
    1   7.2300 THz   0.0000  0.0000 -0.7067  0.0242 -0.7067  0.0242
    2   8.7990 THz   0.8682  0.0000  0.3508 -0.0000 -0.3508 -0.0000


 Q= -0.081862 -0.163725 -0.081862, q= -0.250000  0.000000 -0.250000

                       Mo X   0        Mo Y   0        Mo Z   0     
                    --------------- --------------- ---------------
    0   6.6963 THz   0.6139  0.0000 -0.4961 -0.0000  0.6139  0.0000
    1   7.2300 THz  -0.7071  0.0000 -0.0000 -0.0000  0.7071  0.0000
    2   8.7990 THz   0.3508  0.0000  0.8682  0.0000  0.3508  0.0000


 Q=  0.000000 -0.081862 -0.081862, q= -0.250000  0.000000  0.000000

                       Mo X   0        Mo Y   0        Mo Z   0     
                    --------------- --------------- ---------------
    0   4.4428 THz   1.0000  0.0000  0.0000  0.0000  0.0000  0.0000
    1   4.8422 THz   0.0000  0.0000 -0.6411  0.2984  0.6411 -0.2984
    2   7.3033 THz   0.0000  0.0000 -0.7005 -0.0962 -0.7005 -0.0962


 Q=  0.081862  0.000000 -0.081862, q= -0.250000  0.000000  0.250000

                       Mo X   0        Mo Y   0        Mo Z   0     
                    --------------- --------------- ---------------
    0   4.4428 THz   0.0000  0.0000  0.9995 -0.0319 -0.0000 -0.0000
    1   4.8422 THz   0.7071  0.0000  0.0000 -0.0000  0.7071 -0.0000
    2   7.3033 THz   0.7071  0.0000  0.0000  0.0000 -0.7071  0.0000


 Q= -0.081862 -0.245587  0.000000, q= -0.250000  0.250000 -0.500000

                       Mo X   0        Mo Y   0        Mo Z   0     
                    --------------- --------------- ---------------
    0   6.7688 THz   0.0000  0.0000 -0.0000 -0.0000 -0.9953  0.0973
    1   7.7782 THz   0.7071  0.0000 -0.7071 -0.0000  0.0000 -0.0000
    2   8.8138 THz  -0.7071  0.0000 -0.7071 -0.0000  0.0000 -0.0000


 Q=  0.000000 -0.163725  0.000000, q= -0.250000  0.250000 -0.250000

                       Mo X   0        Mo Y   0        Mo Z   0     
                    --------------- --------------- ---------------
    0   5.4520 THz   0.0000  0.0000 -0.0000 -0.0000  0.8080  0.5892
    1   5.4520 THz   1.0000  0.0000  0.0000  0.0000  0.0000  0.0000
    2   8.5142 THz   0.0000  0.0000 -0.5129 -0.8584 -0.0000 -0.0000


 Q=  0.081862 -0.081862  0.000000, q= -0.250000  0.250000  0.000000

                       Mo X   0        Mo Y   0        Mo Z   0     
                    --------------- --------------- ---------------
    0   4.4428 THz   0.0000  0.0000 -0.0000 -0.0000 -0.9877  0.1564
    1   4.8422 THz   0.7071  0.0000  0.7071  0.0000 -0.0000  0.0000
    2   7.3033 THz   0.7071  0.0000 -0.7071 -0.0000  0.0000 -0.0000


 Q=  0.163725  0.000000  0.000000, q= -0.250000  0.250000  0.250000

                       Mo X   0        Mo Y   0        Mo Z   0     
                    --------------- --------------- ---------------
    0   5.4520 THz   0.0000  0.0000 -0.4897 -0.1942 -0.1501  0.8366
    1   5.4520 THz   0.0000  0.0000 -0.8190 -0.2275  0.0373 -0.5255
    2   8.5142 THz   1.0000  0.0000  0.0000  0.0000  0.0000  0.0000


 Q= -0.327449 -0.163725 -0.163725, q=  0.000000 -0.500000 -0.500000

                       Mo X   0        Mo Y   0        Mo Z   0     
                    --------------- --------------- ---------------
    0   6.0546 THz   1.0000  0.0000  0.0000  0.0000  0.0000  0.0000
    1   6.8909 THz   0.0000  0.0000 -0.7071  0.0000 -0.7071  0.0000
    2   9.8944 THz   0.0000  0.0000 -0.7071 -0.0000  0.7071  0.0000


 Q= -0.245587 -0.081862 -0.163725, q=  0.000000 -0.500000 -0.250000

                       Mo X   0        Mo Y   0        Mo Z   0     
                    --------------- --------------- ---------------
    0   6.6963 THz   0.6139  0.0000 -0.6139  0.0000 -0.4961  0.0000
    1   7.2300 THz   0.7071  0.0000  0.7071 -0.0000  0.0000 -0.0000
    2   8.7990 THz  -0.3508  0.0000  0.3508  0.0000 -0.8682 -0.0000


 Q= -0.163725  0.000000 -0.163725, q=  0.000000 -0.500000  0.000000

                       Mo X   0        Mo Y   0        Mo Z   0     
                    --------------- --------------- ---------------
    0   6.0546 THz   0.0000  0.0000 -1.0000  0.0000  0.0000 -0.0000
    1   6.8909 THz   0.7071  0.0000  0.0000 -0.0000 -0.7071 -0.0000
    2   9.8944 THz   0.7071  0.0000  0.0000  0.0000  0.7071  0.0000


 Q= -0.081862  0.081862 -0.163725, q=  0.000000 -0.500000  0.250000

                       Mo X   0        Mo Y   0        Mo Z   0     
                    --------------- --------------- ---------------
    0   6.6963 THz   0.6139  0.0000 -0.6139 -0.0000 -0.4961 -0.0000
    1   7.2300 THz   0.7071  0.0000  0.7071  0.0000 -0.0000  0.0000
    2   8.7990 THz  -0.3508  0.0000  0.3508 -0.0000 -0.8682  0.0000


 Q= -0.245587 -0.163725 -0.081862, q=  0.000000 -0.250000 -0.500000

                       Mo X   0        Mo Y   0        Mo Z   0     
                    --------------- --------------- ---------------
    0   6.6963 THz   0.6139  0.0000 -0.4961 -0.0000 -0.6139 -0.0000
    1   7.2300 THz   0.7071  0.0000  0.0000 -0.0000  0.7071  0.0000
    2   8.7990 THz   0.3508  0.0000  0.8682  0.0000 -0.3508 -0.0000


 Q= -0.163725 -0.081862 -0.081862, q=  0.000000 -0.250000 -0.250000

                       Mo X   0        Mo Y   0        Mo Z   0     
                    --------------- --------------- ---------------
    0   6.6963 THz   0.4961  0.0000 -0.6139 -0.0000 -0.6139  0.0000
    1   7.2300 THz   0.0000  0.0000  0.6578  0.2594 -0.6578 -0.2594
    2   8.7990 THz   0.8682  0.0000  0.3508  0.0000  0.3508 -0.0000


 Q= -0.081862  0.000000 -0.081862, q=  0.000000 -0.250000  0.000000

                       Mo X   0        Mo Y   0        Mo Z   0     
                    --------------- --------------- ---------------
    0   4.4428 THz   0.0000  0.0000 -0.9430  0.3327  0.0000  0.0000
    1   4.8422 THz   0.7071  0.0000  0.0000  0.0000 -0.7071 -0.0000
    2   7.3033 THz   0.7071  0.0000 -0.0000 -0.0000  0.7071  0.0000


 Q=  0.000000  0.081862 -0.081862, q=  0.000000 -0.250000  0.250000

                       Mo X   0        Mo Y   0        Mo Z   0     
                    --------------- --------------- ---------------
    0   4.4428 THz   1.0000  0.0000  0.0000  0.0000  0.0000  0.0000
    1   4.8422 THz   0.0000  0.0000 -0.5493 -0.4452 -0.5493 -0.4452
    2   7.3033 THz   0.0000  0.0000 -0.0586 -0.7047  0.0586  0.7047


 Q= -0.163725 -0.163725  0.000000, q=  0.000000  0.000000 -0.500000

                       Mo X   0        Mo Y   0        Mo Z   0     
                    --------------- --------------- ---------------
    0   6.0546 THz   0.0000  0.0000 -0.0000  0.0000 -1.0000 -0.0000
    1   6.8909 THz   0.7071  0.0000 -0.7071 -0.0000  0.0000  0.0000
    2   9.8944 THz  -0.7071  0.0000 -0.7071 -0.0000  0.0000  0.0000


 Q= -0.081862 -0.081862  0.000000, q=  0.000000  0.000000 -0.250000

                       Mo X   0        Mo Y   0        Mo Z   0     
                    --------------- --------------- ---------------
    0   4.4428 THz   0.0000  0.0000  0.0000  0.0000 -0.9968 -0.0797
    1   4.8422 THz   0.7071  0.0000 -0.7071 -0.0000 -0.0000  0.0000
    2   7.3033 THz  -0.7071  0.0000 -0.7071 -0.0000 -0.0000  0.0000


 Q=  0.000000  0.000000  0.000000, q=  0.000000  0.000000  0.000000

                       Mo X   0        Mo Y   0        Mo Z   0     
                    --------------- --------------- ---------------
    0   0.0000 THz   0.9756  0.0000 -0.2051  0.0000  0.0784  0.0000
    1  -0.0000 THz   0.1375  0.0000  0.2921  0.0000 -0.9465  0.0000
    2   0.0000 THz  -0.1712  0.0000 -0.9342  0.0000 -0.3131  0.0000


 Q=  0.081862  0.081862  0.000000, q=  0.000000  0.000000  0.250000

                       Mo X   0        Mo Y   0        Mo Z   0     
                    --------------- --------------- ---------------
    0   4.4428 THz   0.0000  0.0000  0.0000 -0.0000 -0.9968  0.0797
    1   4.8422 THz   0.7071  0.0000 -0.7071  0.0000 -0.0000 -0.0000
    2   7.3033 THz  -0.7071  0.0000 -0.7071  0.0000 -0.0000 -0.0000


 Q= -0.081862 -0.163725  0.081862, q=  0.000000  0.250000 -0.500000

                       Mo X   0        Mo Y   0        Mo Z   0     
                    --------------- --------------- ---------------
    0   6.6963 THz   0.6139  0.0000 -0.4961  0.0000 -0.6139  0.0000
    1   7.2300 THz   0.7071  0.0000  0.0000 -0.0000  0.7071 -0.0000
    2   8.7990 THz   0.3508  0.0000  0.8682 -0.0000 -0.3508  0.0000


 Q=  0.000000 -0.081862  0.081862, q=  0.000000  0.250000 -0.250000

                       Mo X   0        Mo Y   0        Mo Z   0     
                    --------------- --------------- ---------------
    0   4.4428 THz   1.0000  0.0000  0.0000  0.0000  0.0000  0.0000
    1   4.8422 THz   0.0000  0.0000 -0.5493  0.4452 -0.5493  0.4452
    2   7.3033 THz   0.0000  0.0000 -0.0586  0.7047  0.0586 -0.7047


 Q=  0.081862  0.000000  0.081862, q=  0.000000  0.250000  0.000000

                       Mo X   0        Mo Y   0        Mo Z   0     
                    --------------- --------------- ---------------
    0   4.4428 THz   0.0000  0.0000 -0.9430 -0.3327  0.0000 -0.0000
    1   4.8422 THz   0.7071  0.0000  0.0000 -0.0000 -0.7071  0.0000
    2   7.3033 THz   0.7071  0.0000 -0.0000  0.0000  0.7071 -0.0000


 Q=  0.163725  0.081862  0.081862, q=  0.000000  0.250000  0.250000

                       Mo X   0        Mo Y   0        Mo Z   0     
                    --------------- --------------- ---------------
    0   6.6963 THz   0.4961  0.0000 -0.6139  0.0000 -0.6139 -0.0000
    1   7.2300 THz   0.0000  0.0000  0.6578 -0.2594 -0.6578  0.2594
    2   8.7990 THz   0.8682  0.0000  0.3508 -0.0000  0.3508  0.0000


 Q= -0.327449 -0.081862 -0.081862, q=  0.250000 -0.500000 -0.500000

                       Mo X   0        Mo Y   0        Mo Z   0     
                    --------------- --------------- ---------------
    0   6.7688 THz   1.0000  0.0000  0.0000  0.0000  0.0000  0.0000
    1   7.7782 THz   0.0000  0.0000 -0.6975  0.1159 -0.6975  0.1159
    2   8.8138 THz   0.0000  0.0000  0.2954  0.6425 -0.2954 -0.6425


 Q= -0.245587  0.000000 -0.081862, q=  0.250000 -0.500000 -0.250000

                       Mo X   0        Mo Y   0        Mo Z   0     
                    --------------- --------------- ---------------
    0   6.7688 THz   0.0000  0.0000 -0.9936 -0.1129  0.0000  0.0000
    1   7.7782 THz   0.7071  0.0000  0.0000  0.0000 -0.7071  0.0000
    2   8.8138 THz   0.7071  0.0000  0.0000 -0.0000  0.7071 -0.0000


 Q= -0.163725  0.081862 -0.081862, q=  0.250000 -0.500000  0.000000

                       Mo X   0        Mo Y   0        Mo Z   0     
                    --------------- --------------- ---------------
    0   6.6963 THz  -0.4961  0.0000 -0.6139  0.0000  0.6139  0.0000
    1   7.2300 THz   0.0000  0.0000 -0.7065 -0.0297 -0.7065 -0.0297
    2   8.7990 THz   0.8682  0.0000 -0.3508  0.0000  0.3508  0.0000


 Q= -0.081862  0.163725 -0.081862, q=  0.250000 -0.500000  0.250000

                       Mo X   0        Mo Y   0        Mo Z   0     
                    --------------- --------------- ---------------
    0   6.6963 THz   0.6139  0.0000  0.4961  0.0000  0.6139  0.0000
    1   7.2300 THz  -0.7071  0.0000  0.0000  0.0000  0.7071  0.0000
    2   8.7990 THz  -0.3508  0.0000  0.8682  0.0000 -0.3508  0.0000


 Q= -0.245587 -0.081862  0.000000, q=  0.250000 -0.250000 -0.500000

                       Mo X   0        Mo Y   0        Mo Z   0     
                    --------------- --------------- ---------------
    0   6.7688 THz   0.0000  0.0000  0.0000 -0.0000 -0.9025  0.4306
    1   7.7782 THz   0.7071  0.0000 -0.7071  0.0000 -0.0000 -0.0000
    2   8.8138 THz  -0.7071  0.0000 -0.7071  0.0000 -0.0000 -0.0000


 Q= -0.163725  0.000000  0.000000, q=  0.250000 -0.250000 -0.250000

                       Mo X   0        Mo Y   0        Mo Z   0     
                    --------------- --------------- ---------------
    0   5.4520 THz   0.0000  0.0000 -0.4897  0.1942 -0.1501 -0.8366
    1   5.4520 THz   0.0000  0.0000 -0.8190  0.2275  0.0373  0.5255
    2   8.5142 THz   1.0000  0.0000  0.0000  0.0000  0.0000  0.0000


 Q= -0.081862  0.081862  0.000000, q=  0.250000 -0.250000  0.000000

                       Mo X   0        Mo Y   0        Mo Z   0     
                    --------------- --------------- ---------------
    0   4.4428 THz   0.0000  0.0000 -0.0000  0.0000 -0.9877 -0.1564
    1   4.8422 THz   0.7071  0.0000  0.7071 -0.0000 -0.0000 -0.0000
    2   7.3033 THz   0.7071  0.0000 -0.7071  0.0000  0.0000  0.0000


 Q=  0.000000  0.163725  0.000000, q=  0.250000 -0.250000  0.250000

                       Mo X   0        Mo Y   0        Mo Z   0     
                    --------------- --------------- ---------------
    0   5.4520 THz   0.0000  0.0000 -0.0000  0.0000  0.8080 -0.5892
    1   5.4520 THz   1.0000  0.0000  0.0000  0.0000  0.0000  0.0000
    2   8.5142 THz   0.0000  0.0000 -0.5129  0.8584 -0.0000  0.0000


 Q= -0.163725 -0.081862  0.081862, q=  0.250000  0.000000 -0.500000

                       Mo X   0        Mo Y   0        Mo Z   0     
                    --------------- --------------- ---------------
    0   6.6963 THz   0.4961  0.0000 -0.6139 -0.0000  0.6139 -0.0000
    1   7.2300 THz   0.0000  0.0000 -0.7066 -0.0276 -0.7066 -0.0276
    2   8.7990 THz   0.8682  0.0000  0.3508  0.0000 -0.3508  0.0000


 Q= -0.081862  0.000000  0.081862, q=  0.250000  0.000000 -0.250000

                       Mo X   0        Mo Y   0        Mo Z   0     
                    --------------- --------------- ---------------
    0   4.4428 THz   0.0000  0.0000  0.9995  0.0319 -0.0000  0.0000
    1   4.8422 THz   0.7071  0.0000  0.0000  0.0000  0.7071  0.0000
    2   7.3033 THz   0.7071  0.0000  0.0000 -0.0000 -0.7071 -0.0000


 Q=  0.000000  0.081862  0.081862, q=  0.250000  0.000000  0.000000

                       Mo X   0        Mo Y   0        Mo Z   0     
                    --------------- --------------- ---------------
    0   4.4428 THz   1.0000  0.0000  0.0000  0.0000  0.0000  0.0000
    1   4.8422 THz   0.0000  0.0000 -0.6411 -0.2984  0.6411  0.2984
    2   7.3033 THz   0.0000  0.0000 -0.7005  0.0962 -0.7005  0.0962


 Q=  0.081862  0.163725  0.081862, q=  0.250000  0.000000  0.250000

                       Mo X   0        Mo Y   0        Mo Z   0     
                    --------------- --------------- ---------------
    0   6.6963 THz   0.6139  0.0000 -0.4961  0.0000  0.6139 -0.0000
    1   7.2300 THz  -0.7071  0.0000 -0.0000  0.0000  0.7071 -0.0000
    2   8.7990 THz   0.3508  0.0000  0.8682 -0.0000  0.3508 -0.0000


 Q= -0.081862 -0.081862  0.163725, q=  0.250000  0.250000 -0.500000

                       Mo X   0        Mo Y   0        Mo Z   0     
                    --------------- --------------- ---------------
    0   6.6963 THz   0.6139  0.0000  0.6139 -0.0000  0.4961  0.0000
    1   7.2300 THz  -0.7071  0.0000  0.7071 -0.0000  0.0000 -0.0000
    2   8.7990 THz   0.3508  0.0000  0.3508  0.0000 -0.8682 -0.0000


 Q=  0.000000  0.000000  0.163725, q=  0.250000  0.250000 -0.250000

                       Mo X   0        Mo Y   0        Mo Z   0     
                    --------------- --------------- ---------------
    0   5.4520 THz   1.0000  0.0000  0.0000  0.0000  0.0000  0.0000
    1   5.4520 THz   0.0000  0.0000 -0.7561  0.6544  0.0000  0.0000
    2   8.5142 THz   0.0000  0.0000  0.0000  0.0000 -0.2323 -0.9727


 Q=  0.081862  0.081862  0.163725, q=  0.250000  0.250000  0.000000

                       Mo X   0        Mo Y   0        Mo Z   0     
                    --------------- --------------- ---------------
    0   6.6963 THz   0.6139  0.0000  0.6139 -0.0000 -0.4961  0.0000
    1   7.2300 THz   0.7071  0.0000 -0.7071  0.0000  0.0000 -0.0000
    2   8.7990 THz   0.3508  0.0000  0.3508 -0.0000  0.8682 -0.0000


 Q=  0.163725  0.163725  0.163725, q=  0.250000  0.250000  0.250000

                       Mo X   0        Mo Y   0        Mo Z   0     
                    --------------- --------------- ---------------
    0   7.5633 THz   0.0000  0.0000 -0.3936 -0.6636 -0.6343 -0.0491
    1   7.5633 THz   0.0000  0.0000  0.4397  0.4598 -0.7628  0.1156
    2   7.5633 THz   1.0000  0.0000  0.0000  0.0000  0.0000  0.0000
