9.352740 0.000000 0.000000
0.000000 9.352740 0.000000
0.000000 0.000000 9.352740
0.057714 0.298265 0.058692 O
0.442286 0.701735 0.558692 O
0.942286 0.798265 0.441308 O
0.557714 0.201735 0.941308 O
0.058692 0.057714 0.298265 O
0.558692 0.442286 0.701735 O
0.441308 0.942286 0.798265 O
0.941308 0.557714 0.201735 O
0.298265 0.058692 0.057714 O
0.701735 0.558692 0.442286 O
0.798265 0.441308 0.942286 O
0.201735 0.941308 0.557714 O
0.050895 0.218213 0.564009 O
0.449105 0.781787 0.064009 O
0.949105 0.718213 0.935991 O
0.550895 0.281787 0.435991 O
0.564009 0.050895 0.218213 O
0.064009 0.449105 0.781787 O
0.935991 0.949105 0.718213 O
0.435991 0.550895 0.281787 O
0.218213 0.564009 0.050895 O
0.781787 0.064009 0.449105 O
0.718213 0.935991 0.949105 O
0.281787 0.435991 0.550895 O
0.013876 0.013876 0.013876 O
0.486124 0.986124 0.513876 O
0.986124 0.513876 0.486124 O
0.513876 0.486124 0.986124 O
0.261861 0.261861 0.261861 O
0.238139 0.738139 0.761861 O
0.738139 0.761861 0.238139 O
0.761861 0.238139 0.738139 O
0.154572 0.154572 0.154572 W
0.345428 0.845428 0.654572 W
0.845428 0.654572 0.345428 W
0.654572 0.345428 0.845428 W
0.904139 0.904139 0.904139 W
0.595861 0.095861 0.404139 W
0.095861 0.404139 0.595861 W
0.404139 0.595861 0.095861 W
0.497112 0.497112 0.497112 Zr
0.002888 0.502888 0.997112 Zr
0.502888 0.997112 0.002888 Zr
0.997112 0.002888 0.502888 Zr
3.687471 -0.0 0.0 
0.0 3.687471 0.0 
-0.0 -0.0 3.687471 
 ion  1
  1 -1.58137 1.56061 -0.93532 
  2 1.49578 -4.45524 1.541 
  3 -0.88442 1.4788 -1.55174 
 ion  2
  1 -1.58135 1.56069 0.93538 
  2 1.49564 -4.45529 -1.54083 
  3 0.88442 -1.4788 -1.55174 
 ion  3
  1 -1.58135 -1.56069 -0.93538 
  2 -1.49578 -4.45524 -1.541 
  3 -0.8845 -1.47878 -1.55182 
 ion  4
  1 -1.58137 -1.56061 0.93532 
  2 -1.49564 -4.45529 1.54083 
  3 0.8845 1.47878 -1.55182 
 ion  5
  1 -1.5517 -0.88452 1.4788 
  2 -0.93538 -1.58142 1.56061 
  3 1.54103 1.49576 -4.45527 
 ion  6
  1 -1.5517 0.88452 -1.4788 
  2 0.93543 -1.58139 1.56067 
  3 -1.54087 1.49564 -4.45535 
 ion  7
  1 -1.55178 -0.8846 -1.47879 
  2 -0.93543 -1.58139 -1.56067 
  3 -1.54103 -1.49576 -4.45527 
 ion  8
  1 -1.55178 0.8846 1.47879 
  2 0.93538 -1.58142 -1.56061 
  3 1.54087 -1.49564 -4.45535 
 ion  9
  1 -4.45524 1.54092 1.49583 
  2 1.47878 -1.55171 -0.88444 
  3 1.56063 -0.93539 -1.58146 
 ion  10
  1 -4.45534 -1.54078 1.49572 
  2 -1.47878 -1.55171 0.88444 
  3 1.5607 0.93544 -1.58143 
 ion  11
  1 -4.45524 -1.54092 -1.49583 
  2 -1.47876 -1.55178 -0.88449 
  3 -1.5607 -0.93544 -1.58143 
 ion  12
  1 -4.45534 1.54078 -1.49572 
  2 1.47876 -1.55178 0.88449 
  3 -1.56063 0.93539 -1.58146 
 ion  13
  1 -0.94066 -0.92294 -0.13543 
  2 -0.99643 -4.78963 -0.93068 
  3 -0.14253 -0.91854 -0.9444 
 ion  14
  1 -0.9406 -0.92303 0.13542 
  2 -0.99604 -4.78921 0.93044 
  3 0.14253 0.91854 -0.9444 
 ion  15
  1 -0.9406 0.92303 -0.13542 
  2 0.99643 -4.78963 0.93068 
  3 -0.14271 0.91869 -0.94434 
 ion  16
  1 -0.94066 0.92294 0.13543 
  2 0.99604 -4.78921 -0.93044 
  3 0.14271 -0.91869 -0.94434 
 ion  17
  1 -0.94438 -0.14263 -0.91841 
  2 -0.13543 -0.94068 -0.92299 
  3 -0.93071 -0.99644 -4.7897 
 ion  18
  1 -0.94438 0.14263 0.91841 
  2 0.13537 -0.94063 -0.92307 
  3 0.93046 -0.99606 -4.78927 
 ion  19
  1 -0.94431 -0.14283 0.91857 
  2 -0.13537 -0.94063 0.92307 
  3 0.93071 0.99644 -4.7897 
 ion  20
  1 -0.94431 0.14283 -0.91857 
  2 0.13543 -0.94068 0.92299 
  3 -0.93046 0.99606 -4.78927 
 ion  21
  1 -4.78969 -0.93061 -0.99644 
  2 -0.91851 -0.9444 -0.14254 
  3 -0.923 -0.1354 -0.94071 
 ion  22
  1 -4.78924 0.93036 -0.99604 
  2 0.91851 -0.9444 0.14254 
  3 -0.92308 0.13538 -0.94065 
 ion  23
  1 -4.78969 0.93061 0.99644 
  2 0.91866 -0.94433 -0.14271 
  3 0.92308 -0.13538 -0.94065 
 ion  24
  1 -4.78924 -0.93036 0.99604 
  2 -0.91866 -0.94433 0.14271 
  3 0.923 0.1354 -0.94071 
 ion  25
  1 -1.76373 -1.13623 -1.15987 
  2 -1.15989 -1.76377 -1.13614 
  3 -1.13614 -1.1599 -1.7638 
 ion  26
  1 -1.76358 -1.13647 1.15999 
  2 -1.15999 -1.76363 1.13637 
  3 1.13614 1.1599 -1.7638 
 ion  27
  1 -1.76358 1.13647 -1.15999 
  2 1.15989 -1.76377 1.13614 
  3 -1.13637 1.16001 -1.76364 
 ion  28
  1 -1.76373 1.13623 1.15987 
  2 1.15999 -1.76363 -1.13637 
  3 1.13637 -1.16001 -1.76364 
 ion  29
  1 -1.19552 -0.3552 -0.38311 
  2 -0.38339 -1.19572 -0.35543 
  3 -0.35519 -0.38317 -1.1955 
 ion  30
  1 -1.19557 -0.35522 0.38283 
  2 -0.38314 -1.19582 0.35546 
  3 0.35519 0.38317 -1.1955 
 ion  31
  1 -1.19557 0.35522 -0.38283 
  2 0.38339 -1.19572 0.35543 
  3 -0.35511 0.38277 -1.19547 
 ion  32
  1 -1.19552 0.3552 0.38311 
  2 0.38314 -1.19582 -0.35546 
  3 0.35511 -0.38277 -1.19547 
 ion  33
  1 5.4203 -0.13514 -0.07247 
  2 -0.07236 5.42024 -0.13506 
  3 -0.13511 -0.07239 5.42025 
 ion  34
  1 5.42039 -0.13505 0.07286 
  2 -0.07273 5.42039 0.135 
  3 0.13511 0.07239 5.42025 
 ion  35
  1 5.42039 0.13505 -0.07286 
  2 0.07236 5.42024 0.13506 
  3 -0.13502 0.07278 5.42032 
 ion  36
  1 5.4203 0.13514 0.07247 
  2 0.07273 5.42039 -0.135 
  3 0.13502 -0.07278 5.42032 
 ion  37
  1 4.55103 -0.38985 -0.30875 
  2 -0.3088 4.55104 -0.38982 
  3 -0.38982 -0.30876 4.55105 
 ion  38
  1 4.55009 -0.38894 0.30783 
  2 -0.30785 4.55007 0.38889 
  3 0.38982 0.30876 4.55105 
 ion  39
  1 4.55009 0.38894 -0.30783 
  2 0.3088 4.55104 0.38982 
  3 -0.38889 0.30784 4.55009 
 ion  40
  1 4.55103 0.38985 0.30875 
  2 0.30785 4.55007 -0.38889 
  3 0.38889 -0.30784 4.55009 
 ion  41
  1 7.28957 -0.45378 -0.10066 
  2 -0.10064 7.28934 -0.45382 
  3 -0.45381 -0.10065 7.28935 
 ion  42
  1 7.28982 -0.45382 0.10067 
  2 -0.10066 7.28962 0.45387 
  3 0.45381 0.10065 7.28935 
 ion  43
  1 7.28982 0.45382 -0.10067 
  2 0.10064 7.28934 0.45382 
  3 -0.45388 0.10067 7.28962 
 ion  44
  1 7.28957 0.45378 0.10066 
  2 0.10066 7.28962 -0.45387 
  3 0.45388 -0.10067 7.28962 
