4.791959 0.000000 -0.669237
0.000000 5.117490 0.000000
0.131665 0.000000 4.856864
0.724233 0.461732 0.284032 Hf
0.275767 0.961732 0.215968 Hf
0.275767 0.538268 0.715968 Hf
0.724233 0.038268 0.784032 Hf
0.558654 0.737910 0.007847 O
0.441346 0.237910 0.492153 O
0.441346 0.262090 0.992153 O
0.558654 0.762090 0.507847 O
0.898578 0.387405 0.705518 O
0.101422 0.887405 0.794482 O
0.101422 0.612595 0.294482 O
0.898578 0.112595 0.205518 O
5.273128 0.0 0.115709 
0.0 5.268032 0.0 
0.115712 0.0 4.826143 
 ion  1
  1 5.45047 -0.45706 0.1423 
  2 0.0408 5.47977 0.03247 
  3 0.12095 0.35643 4.53556 
 ion  2
  1 5.45047 0.45709 0.14221 
  2 -0.0408 5.47977 -0.03247 
  3 0.12083 -0.35649 4.53588 
 ion  3
  1 5.45047 -0.45709 0.14221 
  2 0.04074 5.47987 0.03262 
  3 0.12083 0.35649 4.53588 
 ion  4
  1 5.45047 0.45706 0.1423 
  2 -0.04074 5.47987 -0.03262 
  3 0.12095 -0.35643 4.53556 
 ion  5
  1 -2.43304 0.07687 -0.0671 
  2 0.08602 -2.88495 0.36327 
  3 -0.06237 0.43413 -2.41054 
 ion  6
  1 -2.43305 -0.07686 -0.0671 
  2 -0.08602 -2.88495 -0.36327 
  3 -0.06255 -0.43402 -2.41072 
 ion  7
  1 -2.43305 0.07686 -0.0671 
  2 0.08633 -2.885 0.36312 
  3 -0.06255 0.43402 -2.41072 
 ion  8
  1 -2.43304 -0.07687 -0.0671 
  2 -0.08633 -2.885 -0.36312 
  3 -0.06237 -0.43413 -2.41054 
 ion  9
  1 -3.01927 -0.836 -0.07505 
  2 -1.04534 -2.59743 0.57756 
  3 -0.0585 0.45909 -2.12682 
 ion  10
  1 -3.01926 0.83604 -0.07516 
  2 1.04534 -2.59743 -0.57756 
  3 -0.05829 -0.45891 -2.12701 
 ion  11
  1 -3.01926 -0.83604 -0.07516 
  2 -1.04571 -2.59741 0.57738 
  3 -0.05829 0.45891 -2.12701 
 ion  12
  1 -3.01927 0.836 -0.07505 
  2 1.04571 -2.59741 -0.57738 
  3 -0.0585 -0.45909 -2.12682 
