
Used Primitive lattice vector

    3.497173000000      0.000000000000      0.000000000000  
    0.000000000000      3.497173000000      0.000000000000  
    0.000000000000      0.000000000000      3.497173000000  

   4 Atom(s) in the Primitive cell

 0.0000000000 0.5000000000 0.5000000000 Ni    0
 0.5000000000 0.0000000000 0.5000000000 Ni    1
 0.5000000000 0.5000000000 0.0000000000 Ni    2
 0.0000000000 0.0000000000 0.0000000000 Al    3


 Q= -0.142973 -0.142973 -0.142973, q= -0.500000 -0.500000 -0.500000

                       Ni X   0        Ni Y   0        Ni Z   0        Ni X   1        Ni Y   1        Ni Z   1        Ni X   2        Ni Y   2        Ni Z   2        Al X   3        Al Y   3        Al Z   3     
                    --------------- --------------- --------------- --------------- --------------- --------------- --------------- --------------- --------------- --------------- --------------- ---------------
    0   4.8201 THz  -0.0000 -0.0000  0.0178 -0.0058  0.5275 -0.0012 -0.0178  0.0058 -0.0000  0.0000  0.4699  0.0242 -0.5275  0.0012 -0.4699 -0.0242  0.0000 -0.0000  0.0000  0.0000  0.0000 -0.0000 -0.0000 -0.0000
    1   4.8201 THz   0.0000  0.0000 -0.3566 -0.0097 -0.3995 -0.0079  0.3566  0.0097  0.0000 -0.0000  0.4600  0.0383  0.3995  0.0079 -0.4600 -0.0383 -0.0000  0.0000  0.0000 -0.0000 -0.0000  0.0000 -0.0000 -0.0000
    2   4.8201 THz   0.0000  0.0000  0.6102 -0.0023 -0.2490 -0.0023 -0.6102  0.0023  0.0000 -0.0000  0.2559  0.0089  0.2490  0.0023 -0.2559 -0.0089 -0.0000  0.0000 -0.0000 -0.0000 -0.0000  0.0000  0.0000 -0.0000
    3   5.2320 THz   0.8165  0.0000  0.0000  0.0000  0.0000  0.0000  0.0000 -0.0000 -0.4082 -0.0000  0.0000  0.0000  0.0000 -0.0000 -0.0000  0.0000 -0.4082 -0.0000 -0.0000 -0.0000  0.0000  0.0000  0.0000  0.0000
    4   5.2320 THz   0.0000  0.0000  0.0000 -0.0000  0.0000  0.0000  0.0000 -0.0000  0.7068 -0.0201  0.0000 -0.0000 -0.0000 -0.0000  0.0000 -0.0000 -0.7068  0.0201 -0.0000  0.0000  0.0000  0.0000 -0.0000  0.0000
    5   5.5282 THz   0.0000  0.0000  0.1406 -0.0077 -0.0349  0.0034  0.1406 -0.0077 -0.0000  0.0000  0.5147 -0.0220 -0.0349  0.0034  0.5147 -0.0220  0.0000 -0.0000 -0.6285  0.0268  0.0427 -0.0041 -0.1717  0.0094
    6   5.5282 THz   0.0000  0.0000 -0.5061 -0.0094 -0.1145  0.0093 -0.5061 -0.0094  0.0000  0.0000  0.1305  0.0045 -0.1145  0.0093  0.1305  0.0045 -0.0000 -0.0000 -0.1593 -0.0055  0.1398 -0.0114  0.6180  0.0115
    7   5.5282 THz   0.0000  0.0000 -0.1020 -0.0012  0.5193 -0.0486 -0.1020 -0.0012  0.0000 -0.0000  0.0634 -0.0007  0.5193 -0.0486  0.0634 -0.0007 -0.0000  0.0000 -0.0774  0.0009 -0.6341  0.0593  0.1246  0.0015
    8   9.8232 THz  -0.5774  0.0000  0.0000  0.0000  0.0000  0.0000  0.0000 -0.0000 -0.5774 -0.0000  0.0000  0.0000  0.0000 -0.0000 -0.0000  0.0000 -0.5774 -0.0000 -0.0000 -0.0000  0.0000  0.0000  0.0000  0.0000
    9  11.3778 THz   0.0000  0.0000  0.4502 -0.0092  0.0997  0.0074  0.4502 -0.0092 -0.0000  0.0000  0.0164 -0.0223  0.0997  0.0074  0.0164 -0.0223 -0.0000  0.0000  0.0269 -0.0366  0.1633  0.0121  0.7374 -0.0150
   10  11.3778 THz   0.0000  0.0000  0.0049  0.0159  0.0834  0.0052  0.0049  0.0159  0.0000  0.0000 -0.4286  0.1502  0.0834  0.0052 -0.4286  0.1502 -0.0000 -0.0000 -0.7020  0.2461  0.1366  0.0085  0.0079  0.0260
   11  11.3778 THz   0.0000  0.0000  0.1021  0.0071 -0.4394 -0.0595  0.1021  0.0071 -0.0000 -0.0000 -0.0786  0.0176 -0.4394 -0.0595 -0.0786  0.0176  0.0000 -0.0000 -0.1287  0.0288 -0.7196 -0.0975  0.1673  0.0117


 Q= -0.142973 -0.142973  0.000000, q= -0.500000 -0.500000  0.000000

                       Ni X   0        Ni Y   0        Ni Z   0        Ni X   1        Ni Y   1        Ni Z   1        Ni X   2        Ni Y   2        Ni Z   2        Al X   3        Al Y   3        Al Z   3     
                    --------------- --------------- --------------- --------------- --------------- --------------- --------------- --------------- --------------- --------------- --------------- ---------------
    0   4.8555 THz   0.0000  0.0000  0.7071 -0.0000  0.0000  0.0000 -0.7071  0.0000  0.0000  0.0000 -0.0000  0.0000 -0.0000  0.0000  0.0000 -0.0000  0.0000 -0.0000 -0.0000  0.0000  0.0000 -0.0000  0.0000 -0.0000
    1   5.3234 THz   0.7071  0.0000  0.0000 -0.0000  0.0000  0.0000  0.0000  0.0000 -0.7071  0.0000  0.0000  0.0000  0.0000  0.0000  0.0000  0.0000  0.0000  0.0000 -0.0000 -0.0000  0.0000 -0.0000  0.0000  0.0000
    2   5.4851 THz   0.0000  0.0000 -0.0000  0.0000 -0.0000 -0.0000  0.0000 -0.0000 -0.0000 -0.0000 -0.0000 -0.0000 -0.0947 -0.1953  0.3767 -0.7593  0.0000 -0.0000 -0.2085  0.4202  0.0524  0.1081 -0.0000  0.0000
    3   5.4851 THz   0.0000  0.0000 -0.0000 -0.0000 -0.0000  0.0000 -0.0000  0.0000 -0.0000  0.0000 -0.0000  0.0000 -0.4897 -0.6919 -0.0634  0.2076 -0.0000  0.0000  0.0351 -0.1149  0.2710  0.3828  0.0000 -0.0000
    4   6.6602 THz   0.0000  0.0000  0.0000  0.0000 -0.9175 -0.1408 -0.0000 -0.0000  0.0000  0.0000 -0.3617 -0.0864  0.0000  0.0000 -0.0000  0.0000 -0.0000  0.0000  0.0000 -0.0000 -0.0000 -0.0000 -0.0000  0.0000
    5   6.6602 THz   0.0000  0.0000  0.0000  0.0000 -0.0649 -0.3662 -0.0000 -0.0000  0.0000 -0.0000  0.0864  0.9242  0.0000 -0.0000  0.0000  0.0000  0.0000 -0.0000 -0.0000 -0.0000 -0.0000  0.0000  0.0000  0.0000
    6   7.1657 THz   0.0000  0.0000  0.0000  0.0000  0.0000 -0.0000  0.0000 -0.0000  0.0000 -0.0000  0.0000  0.0000  0.0000  0.0000 -0.0000 -0.0000 -0.7798  0.6260 -0.0000  0.0000 -0.0000 -0.0000  0.0000 -0.0000
    7   8.6844 THz   0.0000  0.0000  0.7071 -0.0000  0.0000  0.0000  0.7071 -0.0000 -0.0000 -0.0000  0.0000 -0.0000  0.0000 -0.0000  0.0000 -0.0000 -0.0000  0.0000 -0.0000 -0.0000  0.0000  0.0000  0.0000 -0.0000
    8   8.6975 THz  -0.7071  0.0000  0.0000 -0.0000  0.0000  0.0000  0.0000  0.0000 -0.7071  0.0000  0.0000  0.0000  0.0000  0.0000  0.0000  0.0000  0.0000  0.0000 -0.0000 -0.0000  0.0000 -0.0000  0.0000  0.0000
    9   9.9283 THz   0.0000  0.0000  0.0000  0.0000 -0.0000  0.0000  0.0000 -0.0000 -0.0000 -0.0000 -0.0000 -0.0000  0.0000 -0.0000 -0.0000  0.0000 -0.0000  0.0000  0.0000 -0.0000 -0.0000  0.0000 -0.3742  0.9273
   10  10.6187 THz   0.0000  0.0000  0.0000  0.0000 -0.0000 -0.0000  0.0000 -0.0000 -0.0000 -0.0000 -0.0000 -0.0000 -0.0358 -0.0467  0.0334  0.4794  0.0000 -0.0000  0.0604  0.8664 -0.0647 -0.0844  0.0000 -0.0000
   11  10.6187 THz   0.0000  0.0000  0.0000 -0.0000  0.0000 -0.0000 -0.0000 -0.0000  0.0000  0.0000 -0.0000 -0.0000  0.2517  0.4094 -0.0020  0.0588  0.0000 -0.0000 -0.0036  0.1063  0.4548  0.7399 -0.0000  0.0000


 Q= -0.142973  0.000000 -0.142973, q= -0.500000  0.000000 -0.500000

                       Ni X   0        Ni Y   0        Ni Z   0        Ni X   1        Ni Y   1        Ni Z   1        Ni X   2        Ni Y   2        Ni Z   2        Al X   3        Al Y   3        Al Z   3     
                    --------------- --------------- --------------- --------------- --------------- --------------- --------------- --------------- --------------- --------------- --------------- ---------------
    0   4.8555 THz   0.0000  0.0000 -0.0000  0.0000 -0.7061 -0.0375 -0.0000  0.0000  0.0000  0.0000 -0.0000 -0.0000  0.7061  0.0375 -0.0000 -0.0000  0.0000 -0.0000  0.0000  0.0000 -0.0000 -0.0000  0.0000 -0.0000
    1   5.3234 THz   0.7071  0.0000  0.0000 -0.0000  0.0000  0.0000  0.0000 -0.0000 -0.0000  0.0000  0.0000  0.0000  0.0000 -0.0000  0.0000  0.0000 -0.7071  0.0000 -0.0000  0.0000  0.0000  0.0000  0.0000  0.0000
    2   5.4851 THz   0.0000  0.0000  0.0000 -0.0000  0.0000  0.0000  0.1450 -0.5923  0.0000  0.0000  0.2388 -0.5803  0.0000 -0.0000 -0.0000 -0.0000  0.0000 -0.0000 -0.1321  0.3211 -0.0000 -0.0000 -0.0802  0.3277
    3   5.4851 THz   0.0000  0.0000 -0.0000  0.0000  0.0000  0.0000 -0.2499  0.5756 -0.0000  0.0000  0.3238 -0.5166 -0.0000 -0.0000 -0.0000 -0.0000 -0.0000  0.0000 -0.1792  0.2859 -0.0000 -0.0000  0.1383 -0.3185
    4   6.6602 THz   0.0000  0.0000  1.0000  0.0000 -0.0000 -0.0000 -0.0000  0.0000  0.0000 -0.0000  0.0000  0.0000  0.0000  0.0000  0.0001  0.0000 -0.0000 -0.0000 -0.0000 -0.0000  0.0000 -0.0000  0.0000 -0.0000
    5   6.6602 THz   0.0000  0.0000  0.0001  0.0000  0.0000  0.0000 -0.0000  0.0000 -0.0000 -0.0000 -0.0000  0.0000  0.0000  0.0000 -1.0000 -0.0000 -0.0000  0.0000  0.0000 -0.0000 -0.0000 -0.0000  0.0000 -0.0000
    6   7.1657 THz   0.0000  0.0000 -0.0000  0.0000  0.0000  0.0000  0.0000  0.0000  0.0000 -1.0000  0.0000  0.0000  0.0000  0.0000  0.0000  0.0000 -0.0000 -0.0000 -0.0000 -0.0000 -0.0000  0.0000 -0.0000 -0.0000
    7   8.6844 THz   0.0000  0.0000  0.0000  0.0000 -0.3624 -0.6072  0.0000  0.0000 -0.0000 -0.0000  0.0000  0.0000 -0.3624 -0.6072 -0.0000 -0.0000  0.0000  0.0000 -0.0000 -0.0000  0.0000 -0.0000  0.0000  0.0000
    8   8.6975 THz  -0.7071  0.0000  0.0000 -0.0000  0.0000  0.0000  0.0000 -0.0000 -0.0000  0.0000  0.0000  0.0000  0.0000 -0.0000  0.0000  0.0000 -0.7071  0.0000 -0.0000  0.0000  0.0000  0.0000  0.0000  0.0000
    9   9.9283 THz   0.0000  0.0000 -0.0000 -0.0000  0.0000  0.0000  0.0000  0.0000 -0.0000 -0.0000  0.0000  0.0000  0.0000  0.0000 -0.0000  0.0000 -0.0000  0.0000  0.0000  0.0000  0.7360 -0.6770  0.0000  0.0000
   10  10.6187 THz   0.0000  0.0000  0.0000  0.0000 -0.0000 -0.0000 -0.1232  0.1384 -0.0000  0.0000 -0.2481  0.3722 -0.0000  0.0000 -0.0000 -0.0000  0.0000  0.0000 -0.4484  0.6727 -0.0000 -0.0000 -0.2226  0.2500
   11  10.6187 THz   0.0000  0.0000 -0.0000  0.0000  0.0000 -0.0000  0.1597 -0.4179 -0.0000  0.0000 -0.0414  0.1805  0.0000 -0.0000  0.0000  0.0000  0.0000 -0.0000 -0.0749  0.3263  0.0000  0.0000  0.2885 -0.7552


 Q= -0.142973  0.000000  0.000000, q= -0.500000  0.000000  0.000000

                       Ni X   0        Ni Y   0        Ni Z   0        Ni X   1        Ni Y   1        Ni Z   1        Ni X   2        Ni Y   2        Ni Z   2        Al X   3        Al Y   3        Al Z   3     
                    --------------- --------------- --------------- --------------- --------------- --------------- --------------- --------------- --------------- --------------- --------------- ---------------
    0   5.0887 THz   0.0000  0.0000 -0.0000 -0.0000  0.0000  0.0000 -0.0000  0.0000  0.0000 -0.0000  0.7264 -0.0697 -0.0000 -0.0000 -0.0000  0.0000  0.6806 -0.0653 -0.0000 -0.0000 -0.0000 -0.0000  0.0000  0.0000
    1   5.0887 THz  -0.0000  0.0000 -0.0000  0.0000 -0.0000  0.0000  0.0000  0.0000 -0.0000  0.6837  0.0000 -0.0000 -0.0000  0.0000 -0.0000  0.7297  0.0000 -0.0000  0.0000  0.0000 -0.0000  0.0000 -0.0000  0.0000
    2   5.9199 THz  -0.0000  0.0000 -0.0412  0.0438  0.9129  0.0408 -0.0000 -0.0000 -0.0000  0.0000  0.0000  0.0000  0.0000 -0.0000 -0.0000  0.0000  0.0000  0.0000  0.0000  0.0000 -0.0181  0.0192  0.4005  0.0179
    3   5.9199 THz  -0.0000  0.0000 -0.9069 -0.1117 -0.0333 -0.0500 -0.0000  0.0000  0.0000 -0.0000 -0.0000  0.0000 -0.0000  0.0000  0.0000 -0.0000 -0.0000  0.0000  0.0000  0.0000 -0.3979 -0.0490 -0.0146 -0.0219
    4   6.7761 THz  -0.0000  0.0000 -0.0000  0.0000 -0.0000 -0.0000  0.0000 -0.7071 -0.0000 -0.0000  0.0000 -0.0000  0.0000  0.7071  0.0000  0.0000 -0.0000  0.0000 -0.0000  0.0000 -0.0000 -0.0000 -0.0000 -0.0000
    5   7.1835 THz   0.9965  0.0000 -0.0000 -0.0000  0.0000  0.0000 -0.0000 -0.0000 -0.0000  0.0000  0.0000  0.0000 -0.0000  0.0000 -0.0000  0.0000  0.0000  0.0000 -0.0840 -0.0000 -0.0000  0.0000  0.0000  0.0000
    6   7.2440 THz   0.0000  0.0000  0.0000 -0.0000  0.0000 -0.0000  0.6562  0.2636  0.0000 -0.0000  0.0000 -0.0000  0.6562  0.2636 -0.0000  0.0000 -0.0000  0.0000  0.0000  0.0000  0.0000 -0.0000  0.0000 -0.0000
    7   8.3808 THz  -0.0000  0.0000  0.0000  0.0000 -0.0000  0.0000  0.0000 -0.0000  0.0000  0.7297  0.0000 -0.0000  0.0000  0.0000 -0.0000 -0.6837 -0.0000  0.0000 -0.0000 -0.0000  0.0000 -0.0000 -0.0000  0.0000
    8   8.3808 THz   0.0000  0.0000 -0.0000  0.0000 -0.0000 -0.0000 -0.0000  0.0000 -0.0000 -0.0000  0.6806 -0.0653 -0.0000 -0.0000  0.0000  0.0000 -0.7264  0.0697 -0.0000 -0.0000  0.0000  0.0000  0.0000 -0.0000
    9  10.1364 THz   0.0000  0.0000  0.0713 -0.0562  0.3618  0.1493  0.0000  0.0000  0.0000  0.0000  0.0000  0.0000  0.0000  0.0000 -0.0000 -0.0000 -0.0000  0.0000 -0.0000 -0.0000 -0.1626  0.1281 -0.8246 -0.3402
   10  10.1364 THz   0.0000  0.0000  0.3893  0.0404 -0.0361 -0.0833  0.0000 -0.0000 -0.0000  0.0000  0.0000 -0.0000 -0.0000 -0.0000  0.0000 -0.0000 -0.0000  0.0000 -0.0000 -0.0000 -0.8873 -0.0920  0.0823  0.1900
   11  10.3275 THz  -0.0840  0.0000 -0.0000 -0.0000  0.0000  0.0000  0.0000  0.0000 -0.0000 -0.0000  0.0000  0.0000  0.0000 -0.0000 -0.0000  0.0000  0.0000  0.0000 -0.9965 -0.0000 -0.0000  0.0000  0.0000  0.0000


 Q=  0.000000 -0.142973 -0.142973, q=  0.000000 -0.500000 -0.500000

                       Ni X   0        Ni Y   0        Ni Z   0        Ni X   1        Ni Y   1        Ni Z   1        Ni X   2        Ni Y   2        Ni Z   2        Al X   3        Al Y   3        Al Z   3     
                    --------------- --------------- --------------- --------------- --------------- --------------- --------------- --------------- --------------- --------------- --------------- ---------------
    0   4.8555 THz   0.0000  0.0000  0.0000 -0.0000  0.0000 -0.0000 -0.0000  0.0000  0.0000 -0.0000 -0.6331  0.3149  0.0000 -0.0000  0.6331 -0.3149 -0.0000  0.0000 -0.0000 -0.0000 -0.0000  0.0000  0.0000  0.0000
    1   5.3234 THz   0.0000  0.0000  0.0000  0.0000  0.0000 -0.0000  0.0000  0.0000  0.0000  0.7071 -0.0000  0.0000 -0.0000  0.0000  0.0000 -0.0000 -0.0000 -0.7071 -0.0000 -0.0000 -0.0000  0.0000 -0.0000 -0.0000
    2   5.4851 THz   0.0000  0.0000 -0.6808  0.0000 -0.3829 -0.3943  0.0000 -0.0000 -0.0000  0.0000 -0.0000 -0.0000  0.0000  0.0000  0.0000  0.0000  0.0000 -0.0000 -0.0000 -0.0000  0.2119  0.2182  0.3767 -0.0000
    3   5.4851 THz   0.0000  0.0000  0.5496 -0.0000 -0.4743 -0.4884 -0.0000 -0.0000 -0.0000 -0.0000 -0.0000 -0.0000  0.0000 -0.0000  0.0000  0.0000  0.0000  0.0000 -0.0000 -0.0000  0.2624  0.2703 -0.3041  0.0000
    4   6.6602 THz   0.0000  0.0000  0.0000  0.0000 -0.0000 -0.0000 -0.5964  0.0200  0.0000  0.0000  0.0000  0.0000 -0.4929  0.6331 -0.0000  0.0000 -0.0000  0.0000  0.0000 -0.0000  0.0000  0.0000 -0.0000 -0.0000
    5   6.6602 THz   0.0000  0.0000  0.0000  0.0000 -0.0000  0.0000  0.7772 -0.1996 -0.0000  0.0000 -0.0000 -0.0000 -0.2562  0.5390  0.0000 -0.0000  0.0000  0.0000  0.0000  0.0000  0.0000 -0.0000 -0.0000 -0.0000
    6   7.1657 THz   1.0000  0.0000  0.0000  0.0000  0.0000  0.0000  0.0000  0.0000  0.0000  0.0000  0.0000  0.0000  0.0000  0.0000  0.0000  0.0000  0.0000  0.0000  0.0000  0.0000  0.0000  0.0000  0.0000  0.0000
    7   8.6844 THz   0.0000  0.0000 -0.0000  0.0000  0.0000 -0.0000 -0.0000  0.0000  0.0000 -0.0000  0.0541 -0.7050  0.0000 -0.0000  0.0541 -0.7050  0.0000 -0.0000 -0.0000  0.0000 -0.0000  0.0000 -0.0000  0.0000
    8   8.6975 THz   0.0000  0.0000 -0.0000  0.0000 -0.0000  0.0000 -0.0000  0.0000 -0.0000 -0.7071  0.0000  0.0000 -0.0000  0.0000  0.0000  0.0000 -0.0000 -0.7071 -0.0000  0.0000  0.0000 -0.0000 -0.0000 -0.0000
    9   9.9283 THz   0.0000  0.0000 -0.0000 -0.0000 -0.0000  0.0000 -0.0000 -0.0000 -0.0000  0.0000 -0.0000  0.0000 -0.0000  0.0000 -0.0000  0.0000 -0.0000  0.0000 -1.0000 -0.0000 -0.0000  0.0000 -0.0000  0.0000
   10  10.6187 THz   0.0000  0.0000  0.0027 -0.0000  0.3166  0.3663 -0.0000  0.0000 -0.0000  0.0000  0.0000 -0.0000 -0.0000  0.0000  0.0000 -0.0000 -0.0000  0.0000  0.0000 -0.0000  0.5721  0.6620  0.0049 -0.0000
   11  10.6187 THz   0.0000  0.0000 -0.4842  0.0000  0.0018  0.0020  0.0000 -0.0000  0.0000  0.0000 -0.0000  0.0000  0.0000 -0.0000 -0.0000  0.0000  0.0000  0.0000  0.0000  0.0000  0.0032  0.0037 -0.8750  0.0000


 Q=  0.000000 -0.142973  0.000000, q=  0.000000 -0.500000  0.000000

                       Ni X   0        Ni Y   0        Ni Z   0        Ni X   1        Ni Y   1        Ni Z   1        Ni X   2        Ni Y   2        Ni Z   2        Al X   3        Al Y   3        Al Z   3     
                    --------------- --------------- --------------- --------------- --------------- --------------- --------------- --------------- --------------- --------------- --------------- ---------------
    0   5.0887 THz   0.6837  0.0000  0.0000 -0.0000  0.0000  0.0000  0.0000  0.0000 -0.0000 -0.0000  0.0000  0.0000  0.7297  0.0000 -0.0000 -0.0000  0.0000  0.0000 -0.0000 -0.0000 -0.0000  0.0000  0.0000  0.0000
    1   5.0887 THz   0.0000  0.0000  0.0000 -0.0000 -0.6050  0.4081  0.0000  0.0000  0.0000  0.0000  0.0000  0.0000 -0.0000  0.0000 -0.0000 -0.0000 -0.5668  0.3823  0.0000  0.0000 -0.0000  0.0000  0.0000  0.0000
    2   5.9199 THz   0.0000  0.0000  0.0000 -0.0000 -0.0000  0.0000 -0.6672 -0.6272 -0.0000  0.0000  0.0002  0.0000  0.0000 -0.0000 -0.0000  0.0000 -0.0000  0.0000 -0.2927 -0.2752  0.0000  0.0000  0.0001  0.0000
    3   5.9199 THz   0.0000  0.0000  0.0000 -0.0000  0.0000  0.0000 -0.0001 -0.0001  0.0000  0.0000 -0.9007 -0.1651  0.0000 -0.0000  0.0000 -0.0000  0.0000  0.0000 -0.0001 -0.0001  0.0000  0.0000 -0.3952 -0.0724
    4   6.7761 THz   0.0000  0.0000 -0.0294 -0.7065 -0.0000 -0.0000  0.0000 -0.0000  0.0000 -0.0000  0.0000 -0.0000  0.0000  0.0000  0.0294  0.7065 -0.0000 -0.0000  0.0000  0.0000 -0.0000  0.0000 -0.0000 -0.0000
    5   7.1835 THz   0.0000  0.0000 -0.0000 -0.0000  0.0000 -0.0000 -0.0000 -0.0000 -0.0000 -0.9965 -0.0000 -0.0000 -0.0000 -0.0000 -0.0000 -0.0000 -0.0000 -0.0000 -0.0000 -0.0000  0.0000  0.0840 -0.0000 -0.0000
    6   7.2440 THz   0.0000  0.0000 -0.3476 -0.6158 -0.0000  0.0000  0.0000 -0.0000 -0.0000  0.0000  0.0000 -0.0000  0.0000 -0.0000 -0.3476 -0.6158  0.0000 -0.0000  0.0000 -0.0000 -0.0000 -0.0000  0.0000 -0.0000
    7   8.3808 THz   0.7297  0.0000  0.0000  0.0000  0.0000  0.0000 -0.0000 -0.0000  0.0000  0.0000  0.0000  0.0000 -0.6837 -0.0000  0.0000  0.0000  0.0000  0.0000  0.0000  0.0000  0.0000 -0.0000  0.0000  0.0000
    8   8.3808 THz   0.0000  0.0000 -0.0000  0.0000 -0.0703 -0.6801  0.0000 -0.0000  0.0000 -0.0000 -0.0000  0.0000  0.0000 -0.0000 -0.0000 -0.0000  0.0751  0.7259 -0.0000  0.0000 -0.0000 -0.0000  0.0000 -0.0000
    9  10.1364 THz   0.0000  0.0000  0.0000 -0.0000 -0.0000 -0.0000  0.2565  0.3092 -0.0000 -0.0000 -0.0000 -0.0000 -0.0000  0.0000  0.0000 -0.0000  0.0000  0.0000 -0.5848 -0.7047  0.0000 -0.0000  0.0000  0.0000
   10  10.1364 THz   0.0000  0.0000 -0.0000 -0.0000 -0.0000 -0.0000  0.0000  0.0000  0.0000  0.0000  0.3952  0.0724 -0.0000  0.0000 -0.0000 -0.0000 -0.0000 -0.0000 -0.0000 -0.0000  0.0000 -0.0000 -0.9007 -0.1651
   11  10.3275 THz   0.0000  0.0000 -0.0000  0.0000  0.0000  0.0000 -0.0000 -0.0000 -0.0000 -0.0840 -0.0000 -0.0000 -0.0000  0.0000  0.0000  0.0000  0.0000 -0.0000 -0.0000 -0.0000 -0.0000 -0.9965  0.0000  0.0000


 Q=  0.000000  0.000000 -0.142973, q=  0.000000  0.000000 -0.500000

                       Ni X   0        Ni Y   0        Ni Z   0        Ni X   1        Ni Y   1        Ni Z   1        Ni X   2        Ni Y   2        Ni Z   2        Al X   3        Al Y   3        Al Z   3     
                    --------------- --------------- --------------- --------------- --------------- --------------- --------------- --------------- --------------- --------------- --------------- ---------------
    0   5.0887 THz  -0.6837  0.0000  0.0000  0.0000  0.0000  0.0000 -0.7297 -0.0000  0.0000 -0.0000  0.0000  0.0000 -0.0000  0.0000  0.0000 -0.0000  0.0000  0.0000  0.0000 -0.0000  0.0000 -0.0000  0.0000  0.0000
    1   5.0887 THz   0.0000  0.0000  0.7297 -0.0000 -0.0000 -0.0000 -0.0000 -0.0000  0.6837  0.0000 -0.0000  0.0000  0.0000  0.0000  0.0000 -0.0000 -0.0000  0.0000 -0.0000  0.0000  0.0000 -0.0000 -0.0000  0.0000
    2   5.9199 THz   0.0000  0.0000  0.0000 -0.0000  0.0000 -0.0000 -0.0000  0.0000  0.0000 -0.0000 -0.0000  0.0000 -0.0279 -0.0149  0.0219  0.9149  0.0000 -0.0000 -0.0122 -0.0066  0.0096  0.4014 -0.0000  0.0000
    3   5.9199 THz   0.0000  0.0000 -0.0000  0.0000  0.0000  0.0000 -0.0000 -0.0000 -0.0000 -0.0000  0.0000 -0.0000  0.7964  0.4510 -0.0000  0.0317  0.0000 -0.0000  0.3494  0.1979 -0.0000  0.0139  0.0000 -0.0000
    4   6.7761 THz   0.0000  0.0000 -0.0000  0.0000 -0.7059  0.0405 -0.0000  0.0000  0.0000  0.0000  0.7059 -0.0405 -0.0000 -0.0000 -0.0000  0.0000  0.0000  0.0000 -0.0000 -0.0000 -0.0000  0.0000 -0.0000 -0.0000
    5   7.1835 THz   0.0000  0.0000 -0.0000  0.0000 -0.0000  0.0000  0.0000 -0.0000 -0.0000  0.0000 -0.0000  0.0000  0.0000  0.0000  0.0000 -0.0000  0.9963  0.0172  0.0000  0.0000  0.0000 -0.0000 -0.0840 -0.0015
    6   7.2440 THz   0.0000  0.0000  0.0000  0.0000 -0.2432  0.6640 -0.0000  0.0000 -0.0000  0.0000 -0.2432  0.6640  0.0000 -0.0000 -0.0000  0.0000 -0.0000  0.0000  0.0000 -0.0000  0.0000  0.0000  0.0000 -0.0000
    7   8.3808 THz   0.7297  0.0000  0.0000  0.0000  0.0000  0.0000 -0.6837 -0.0000  0.0000 -0.0000  0.0000  0.0000 -0.0000  0.0000  0.0000 -0.0000  0.0000  0.0000  0.0000 -0.0000  0.0000 -0.0000  0.0000  0.0000
    8   8.3808 THz   0.0000  0.0000 -0.6837 -0.0000 -0.0000 -0.0000 -0.0000 -0.0000  0.7297  0.0000 -0.0000  0.0000  0.0000  0.0000  0.0000  0.0000  0.0000 -0.0000 -0.0000  0.0000 -0.0000 -0.0000 -0.0000  0.0000
    9  10.1364 THz   0.0000  0.0000  0.0000  0.0000  0.0000  0.0000 -0.0000 -0.0000 -0.0000 -0.0000  0.0000  0.0000  0.2783 -0.2893 -0.0000 -0.0160  0.0000  0.0000 -0.6343  0.6595  0.0000  0.0364  0.0000  0.0000
   10  10.1364 THz   0.0000  0.0000  0.0000  0.0000  0.0000 -0.0000 -0.0000 -0.0000 -0.0000 -0.0000 -0.0000  0.0000  0.0108 -0.0117  0.0082  0.4014 -0.0000 -0.0000 -0.0247  0.0267 -0.0186 -0.9148 -0.0000  0.0000
   11  10.3275 THz   0.0000  0.0000  0.0000  0.0000  0.0000  0.0000  0.0000 -0.0000  0.0000  0.0000  0.0000  0.0000  0.0000  0.0000  0.0000 -0.0000 -0.0833 -0.0110  0.0000  0.0000  0.0000 -0.0000 -0.9879 -0.1307


 Q=  0.000000  0.000000  0.000000, q=  0.000000  0.000000  0.000000

                       Ni X   0        Ni Y   0        Ni Z   0        Ni X   1        Ni Y   1        Ni Z   1        Ni X   2        Ni Y   2        Ni Z   2        Al X   3        Al Y   3        Al Z   3     
                    --------------- --------------- --------------- --------------- --------------- --------------- --------------- --------------- --------------- --------------- --------------- ---------------
    0  -0.0000 THz   0.5376  0.0000  0.0000  0.0000  0.0000  0.0000  0.5376  0.0000  0.0000  0.0000  0.0000  0.0000  0.5376  0.0000 -0.0000  0.0000  0.0000  0.0000  0.3645  0.0000 -0.0000  0.0000  0.0000  0.0000
    1  -0.0000 THz   0.0000  0.0000  0.4357  0.0000  0.3150  0.0000  0.0000  0.0000  0.4357  0.0000  0.3150  0.0000 -0.0000  0.0000  0.4357  0.0000  0.3150  0.0000  0.0000  0.0000  0.2954  0.0000  0.2136  0.0000
    2  -0.0000 THz   0.0000  0.0000 -0.3150  0.0000  0.4357  0.0000 -0.0000  0.0000 -0.3150  0.0000  0.4357  0.0000 -0.0000  0.0000 -0.3150  0.0000  0.4357  0.0000  0.0000  0.0000 -0.2136  0.0000  0.2954  0.0000
    3   6.9346 THz   0.0000  0.0000 -0.2978  0.0000 -0.5550  0.0000  0.3215  0.0000 -0.0000  0.0000  0.5550  0.0000 -0.3215  0.0000  0.2978  0.0000 -0.0000  0.0000  0.0000  0.0000  0.0000  0.0000  0.0000  0.0000
    4   6.9346 THz  -0.0000 -0.0000  0.3072 -0.0000 -0.4345 -0.0000 -0.4656 -0.0000 -0.0000 -0.0000  0.4345 -0.0000  0.4656 -0.0000 -0.3072 -0.0000  0.0000 -0.0000 -0.0000 -0.0000  0.0000 -0.0000  0.0000 -0.0000
    5   6.9346 THz   0.0000  0.0000  0.5630  0.0000 -0.0564  0.0000  0.4241  0.0000  0.0000  0.0000  0.0564  0.0000 -0.4241  0.0000 -0.5630  0.0000  0.0000  0.0000  0.0000  0.0000 -0.0000  0.0000 -0.0000  0.0000
    6   7.6524 THz  -0.7958  0.0000  0.0000  0.0000  0.0000  0.0000  0.2225  0.0000  0.0000  0.0000  0.0000  0.0000  0.2225  0.0000 -0.0000  0.0000  0.0000  0.0000  0.5175  0.0000 -0.0000  0.0000  0.0000  0.0000
    7   7.6524 THz   0.0000  0.0000 -0.1418  0.0000  0.1714  0.0000 -0.0000  0.0000  0.5071  0.0000  0.1714  0.0000  0.0000  0.0000 -0.1418  0.0000 -0.6132  0.0000 -0.0000  0.0000 -0.3298  0.0000  0.3988  0.0000
    8   7.6524 THz   0.0000  0.0000  0.1714  0.0000  0.1418  0.0000  0.0000  0.0000 -0.6132  0.0000  0.1418  0.0000 -0.0000  0.0000  0.1714  0.0000 -0.5071  0.0000  0.0000  0.0000  0.3988  0.0000  0.3298  0.0000
    9  10.8165 THz  -0.2788  0.0000 -0.0000  0.0000  0.0000  0.0000  0.4018  0.0000  0.0000  0.0000  0.0000  0.0000  0.4018  0.0000 -0.0000  0.0000  0.0000  0.0000 -0.7742  0.0000 -0.0000  0.0000  0.0000  0.0000
   10  10.8165 THz   0.0000  0.0000 -0.2609  0.0000 -0.3056  0.0000 -0.0000  0.0000  0.1810  0.0000 -0.3056  0.0000 -0.0000  0.0000 -0.2609  0.0000  0.2120  0.0000 -0.0000  0.0000  0.5027  0.0000  0.5887  0.0000
   11  10.8165 THz   0.0000  0.0000  0.3056  0.0000 -0.2609  0.0000 -0.0000  0.0000 -0.2120  0.0000 -0.2609  0.0000  0.0000  0.0000  0.3056  0.0000  0.1810  0.0000 -0.0000  0.0000 -0.5887  0.0000  0.5027  0.0000
