
Used Primitive lattice vector

    0.000000000000      2.240735000000      2.240735000000  
    2.240735000000      0.000000000000      2.240735000000  
    2.240735000000      2.240735000000      0.000000000000  

   1 Atom(s) in the Primitive cell

 0.0000000000 0.0000000000 0.0000000000 Hf    0


 Q= -0.111571 -0.111571 -0.111571, q= -0.500000 -0.500000 -0.500000

                       Hf X   0        Hf Y   0        Hf Z   0     
                    --------------- --------------- ---------------
    0   1.8449 THz   0.5289  0.0000  0.2742  0.0000 -0.8031 -0.0000
    1   1.8449 THz   0.6220  0.0000 -0.7691 -0.0000  0.1470  0.0000
    2   2.0920 THz   0.5774  0.0000  0.5774  0.0000  0.5774  0.0000


 Q= -0.055785 -0.055785 -0.167356, q= -0.500000 -0.500000 -0.250000

                       Hf X   0        Hf Y   0        Hf Z   0     
                    --------------- --------------- ---------------
    0   1.8522 THz   0.4317  0.0000  0.4317 -0.0000  0.7920 -0.0000
    1   2.3908 THz  -0.7071  0.0000  0.7071 -0.0000  0.0000  0.0000
    2   2.8026 THz   0.5600  0.0000  0.5600 -0.0000 -0.6105  0.0000


 Q=  0.000000  0.000000 -0.223141, q= -0.500000 -0.500000  0.000000

                       Hf X   0        Hf Y   0        Hf Z   0     
                    --------------- --------------- ---------------
    0   2.6966 THz   1.0000  0.0000  0.0000  0.0000  0.0000  0.0000
    1   2.6966 THz   0.0000  0.0000 -1.0000  0.0000  0.0000 -0.0000
    2   3.1330 THz   0.0000  0.0000  0.0000 -0.0000 -1.0000 -0.0000


 Q=  0.055785  0.055785 -0.278926, q= -0.500000 -0.500000  0.250000

                       Hf X   0        Hf Y   0        Hf Z   0     
                    --------------- --------------- ---------------
    0   1.8522 THz   0.4317  0.0000  0.4317 -0.0000  0.7920 -0.0000
    1   2.3908 THz  -0.7071  0.0000  0.7071 -0.0000  0.0000 -0.0000
    2   2.8026 THz   0.5600  0.0000  0.5600  0.0000 -0.6105 -0.0000


 Q= -0.055785 -0.167356 -0.055785, q= -0.500000 -0.250000 -0.500000

                       Hf X   0        Hf Y   0        Hf Z   0     
                    --------------- --------------- ---------------
    0   1.8522 THz  -0.4317  0.0000 -0.7920 -0.0000 -0.4317 -0.0000
    1   2.3908 THz  -0.7071  0.0000 -0.0000  0.0000  0.7071  0.0000
    2   2.8026 THz   0.5600  0.0000 -0.6105 -0.0000  0.5600  0.0000


 Q=  0.000000 -0.111571 -0.111571, q= -0.500000 -0.250000 -0.250000

                       Hf X   0        Hf Y   0        Hf Z   0     
                    --------------- --------------- ---------------
    0   1.8334 THz   0.0000  0.0000 -0.6080 -0.3610  0.6080  0.3610
    1   2.6641 THz   0.0000  0.0000 -0.2385 -0.6657 -0.2385 -0.6657
    2   3.0966 THz   1.0000  0.0000  0.0000  0.0000  0.0000  0.0000


 Q=  0.055785 -0.055785 -0.167356, q= -0.500000 -0.250000  0.000000

                       Hf X   0        Hf Y   0        Hf Z   0     
                    --------------- --------------- ---------------
    0   1.8522 THz  -0.4317  0.0000  0.4317  0.0000  0.7920  0.0000
    1   2.3908 THz   0.7071  0.0000  0.7071  0.0000  0.0000  0.0000
    2   2.8026 THz   0.5600  0.0000 -0.5600  0.0000  0.6105  0.0000


 Q=  0.111571  0.000000 -0.223141, q= -0.500000 -0.250000  0.250000

                       Hf X   0        Hf Y   0        Hf Z   0     
                    --------------- --------------- ---------------
    0   2.6622 THz   1.0000  0.0000  0.0000  0.0000  0.0000  0.0000
    1   3.1035 THz   0.0000  0.0000  0.0727  0.0113 -0.9592  0.2728
    2   3.1035 THz   0.0000  0.0000 -0.9085 -0.4113 -0.0736  0.0005


 Q=  0.000000 -0.223141  0.000000, q= -0.500000  0.000000 -0.500000

                       Hf X   0        Hf Y   0        Hf Z   0     
                    --------------- --------------- ---------------
    0   2.6966 THz   0.0000  0.0000  0.0000 -0.0000 -1.0000 -0.0000
    1   2.6966 THz   1.0000  0.0000  0.0000  0.0000  0.0000  0.0000
    2   3.1330 THz   0.0000  0.0000  1.0000  0.0000 -0.0000  0.0000


 Q=  0.055785 -0.167356 -0.055785, q= -0.500000  0.000000 -0.250000

                       Hf X   0        Hf Y   0        Hf Z   0     
                    --------------- --------------- ---------------
    0   1.8522 THz   0.4317  0.0000 -0.7920 -0.0000 -0.4317 -0.0000
    1   2.3908 THz   0.7071  0.0000 -0.0000 -0.0000  0.7071  0.0000
    2   2.8026 THz   0.5600  0.0000  0.6105  0.0000 -0.5600 -0.0000


 Q=  0.111571 -0.111571 -0.111571, q= -0.500000  0.000000  0.000000

                       Hf X   0        Hf Y   0        Hf Z   0     
                    --------------- --------------- ---------------
    0   1.8449 THz  -0.4432  0.0000  0.3722  0.0000 -0.8155 -0.0000
    1   1.8449 THz   0.6857  0.0000  0.7267  0.0000 -0.0410 -0.0000
    2   2.0920 THz  -0.5774  0.0000  0.5774 -0.0000  0.5774 -0.0000


 Q=  0.167356 -0.055785 -0.167356, q= -0.500000  0.000000  0.250000

                       Hf X   0        Hf Y   0        Hf Z   0     
                    --------------- --------------- ---------------
    0   1.8522 THz   0.4317  0.0000 -0.7920  0.0000 -0.4317  0.0000
    1   2.3908 THz   0.7071  0.0000 -0.0000  0.0000  0.7071 -0.0000
    2   2.8026 THz   0.5600  0.0000  0.6105 -0.0000 -0.5600  0.0000


 Q=  0.055785 -0.278926  0.055785, q= -0.500000  0.250000 -0.500000

                       Hf X   0        Hf Y   0        Hf Z   0     
                    --------------- --------------- ---------------
    0   1.8522 THz  -0.4317  0.0000 -0.7920  0.0000 -0.4317  0.0000
    1   2.3908 THz  -0.7071  0.0000 -0.0000 -0.0000  0.7071 -0.0000
    2   2.8026 THz   0.5600  0.0000 -0.6105  0.0000  0.5600 -0.0000


 Q=  0.111571 -0.223141  0.000000, q= -0.500000  0.250000 -0.250000

                       Hf X   0        Hf Y   0        Hf Z   0     
                    --------------- --------------- ---------------
    0   2.6622 THz   1.0000  0.0000  0.0000  0.0000  0.0000  0.0000
    1   3.1035 THz   0.0000  0.0000 -0.6141  0.1467 -0.7661 -0.1200
    2   3.1035 THz   0.0000  0.0000 -0.7655  0.1241  0.6149  0.1434


 Q=  0.167356 -0.167356 -0.055785, q= -0.500000  0.250000  0.000000

                       Hf X   0        Hf Y   0        Hf Z   0     
                    --------------- --------------- ---------------
    0   1.8522 THz  -0.4317  0.0000  0.4317 -0.0000  0.7920 -0.0000
    1   2.3908 THz   0.7071  0.0000  0.7071 -0.0000  0.0000 -0.0000
    2   2.8026 THz   0.5600  0.0000 -0.5600 -0.0000  0.6105 -0.0000


 Q=  0.223141 -0.111571 -0.111571, q= -0.500000  0.250000  0.250000

                       Hf X   0        Hf Y   0        Hf Z   0     
                    --------------- --------------- ---------------
    0   1.8334 THz   0.0000  0.0000 -0.3483  0.6154  0.3483 -0.6154
    1   2.6641 THz   0.0000  0.0000 -0.1530  0.6904 -0.1530  0.6904
    2   3.0966 THz   1.0000  0.0000  0.0000  0.0000  0.0000  0.0000


 Q= -0.167356 -0.055785 -0.055785, q= -0.250000 -0.500000 -0.500000

                       Hf X   0        Hf Y   0        Hf Z   0     
                    --------------- --------------- ---------------
    0   1.8522 THz   0.7920  0.0000  0.4317  0.0000  0.4317 -0.0000
    1   2.3908 THz   0.0000  0.0000  0.7068 -0.0202 -0.7068  0.0202
    2   2.8026 THz   0.6105  0.0000 -0.5600  0.0000 -0.5600 -0.0000


 Q= -0.111571  0.000000 -0.111571, q= -0.250000 -0.500000 -0.250000

                       Hf X   0        Hf Y   0        Hf Z   0     
                    --------------- --------------- ---------------
    0   1.8334 THz   0.7071  0.0000 -0.0000 -0.0000 -0.7071  0.0000
    1   2.6641 THz   0.7071  0.0000  0.0000  0.0000  0.7071 -0.0000
    2   3.0966 THz   0.0000  0.0000  0.9993  0.0385  0.0000  0.0000


 Q= -0.055785  0.055785 -0.167356, q= -0.250000 -0.500000  0.000000

                       Hf X   0        Hf Y   0        Hf Z   0     
                    --------------- --------------- ---------------
    0   1.8522 THz  -0.4317  0.0000  0.4317 -0.0000 -0.7920  0.0000
    1   2.3908 THz  -0.7071  0.0000 -0.7071 -0.0000 -0.0000 -0.0000
    2   2.8026 THz   0.5600  0.0000 -0.5600 -0.0000 -0.6105 -0.0000


 Q=  0.000000  0.111571 -0.223141, q= -0.250000 -0.500000  0.250000

                       Hf X   0        Hf Y   0        Hf Z   0     
                    --------------- --------------- ---------------
    0   2.6622 THz   0.0000  0.0000 -0.7347 -0.6784  0.0000  0.0000
    1   3.1035 THz   0.0000  0.0000  0.0000  0.0000  0.9934 -0.1151
    2   3.1035 THz   1.0000  0.0000  0.0000  0.0000  0.0000  0.0000


 Q= -0.111571 -0.111571  0.000000, q= -0.250000 -0.250000 -0.500000

                       Hf X   0        Hf Y   0        Hf Z   0     
                    --------------- --------------- ---------------
    0   1.8334 THz   0.7071  0.0000 -0.7071  0.0000  0.0000 -0.0000
    1   2.6641 THz   0.7071  0.0000  0.7071 -0.0000 -0.0000  0.0000
    2   3.0966 THz   0.0000  0.0000 -0.0000  0.0000 -0.7196  0.6944


 Q= -0.055785 -0.055785 -0.055785, q= -0.250000 -0.250000 -0.250000

                       Hf X   0        Hf Y   0        Hf Z   0     
                    --------------- --------------- ---------------
    0   1.3968 THz   0.8165  0.0000 -0.4082  0.0000 -0.4082 -0.0000
    1   1.3968 THz   0.0000  0.0000  0.7041  0.0654 -0.7041 -0.0654
    2   3.1573 THz  -0.5774  0.0000 -0.5774  0.0000 -0.5774 -0.0000


 Q=  0.000000  0.000000 -0.111571, q= -0.250000 -0.250000  0.000000

                       Hf X   0        Hf Y   0        Hf Z   0     
                    --------------- --------------- ---------------
    0   2.1209 THz   0.0000  0.0000 -1.0000 -0.0000  0.0000 -0.0000
    1   2.1209 THz   1.0000  0.0000  0.0000  0.0000  0.0000  0.0000
    2   2.9354 THz   0.0000  0.0000 -0.0000 -0.0000 -1.0000 -0.0044


 Q=  0.055785  0.055785 -0.167356, q= -0.250000 -0.250000  0.250000

                       Hf X   0        Hf Y   0        Hf Z   0     
                    --------------- --------------- ---------------
    0   1.8522 THz   0.4317  0.0000  0.4317  0.0000 -0.7920 -0.0000
    1   2.3908 THz   0.7071  0.0000 -0.7071  0.0000  0.0000  0.0000
    2   2.8026 THz   0.5600  0.0000  0.5600 -0.0000  0.6105 -0.0000


 Q= -0.055785 -0.167356  0.055785, q= -0.250000  0.000000 -0.500000

                       Hf X   0        Hf Y   0        Hf Z   0     
                    --------------- --------------- ---------------
    0   1.8522 THz  -0.4317  0.0000 -0.7920 -0.0000  0.4317 -0.0000
    1   2.3908 THz   0.7071  0.0000  0.0000  0.0000  0.7071  0.0000
    2   2.8026 THz   0.5600  0.0000 -0.6105 -0.0000 -0.5600 -0.0000


 Q=  0.000000 -0.111571  0.000000, q= -0.250000  0.000000 -0.250000

                       Hf X   0        Hf Y   0        Hf Z   0     
                    --------------- --------------- ---------------
    0   2.1209 THz   0.0000  0.0000 -0.0000  0.0000 -0.9920 -0.1264
    1   2.1209 THz   1.0000  0.0000  0.0000  0.0000  0.0000  0.0000
    2   2.9354 THz   0.0000  0.0000 -1.0000  0.0000  0.0000  0.0000


 Q=  0.055785 -0.055785 -0.055785, q= -0.250000  0.000000  0.000000

                       Hf X   0        Hf Y   0        Hf Z   0     
                    --------------- --------------- ---------------
    0   1.3968 THz   0.4905  0.0000 -0.3194 -0.0265  0.8099  0.0265
    1   1.3968 THz  -0.6527 -0.0000 -0.7507 -0.0199  0.0980  0.0199
    2   3.1573 THz  -0.5774  0.0000  0.5774 -0.0000  0.5774 -0.0000


 Q=  0.111571  0.000000 -0.111571, q= -0.250000  0.000000  0.250000

                       Hf X   0        Hf Y   0        Hf Z   0     
                    --------------- --------------- ---------------
    0   1.8334 THz   0.7071  0.0000 -0.0000  0.0000  0.7071  0.0000
    1   2.6641 THz   0.7071  0.0000  0.0000 -0.0000 -0.7071 -0.0000
    2   3.0966 THz   0.0000  0.0000 -0.9690 -0.2472 -0.0000 -0.0000


 Q=  0.000000 -0.223141  0.111571, q= -0.250000  0.250000 -0.500000

                       Hf X   0        Hf Y   0        Hf Z   0     
                    --------------- --------------- ---------------
    0   2.6622 THz   0.0000  0.0000  0.0000  0.0000 -0.9775 -0.2108
    1   3.1035 THz   1.0000  0.0000  0.0000  0.0000  0.0000  0.0000
    2   3.1035 THz   0.0000  0.0000  0.8321  0.5547  0.0000  0.0000


 Q=  0.055785 -0.167356  0.055785, q= -0.250000  0.250000 -0.250000

                       Hf X   0        Hf Y   0        Hf Z   0     
                    --------------- --------------- ---------------
    0   1.8522 THz   0.4317  0.0000 -0.7920  0.0000  0.4317 -0.0000
    1   2.3908 THz  -0.7071  0.0000  0.0000  0.0000  0.7071 -0.0000
    2   2.8026 THz   0.5600  0.0000  0.6105  0.0000  0.5600 -0.0000


 Q=  0.111571 -0.111571  0.000000, q= -0.250000  0.250000  0.000000

                       Hf X   0        Hf Y   0        Hf Z   0     
                    --------------- --------------- ---------------
    0   1.8334 THz   0.7071  0.0000  0.7071  0.0000  0.0000 -0.0000
    1   2.6641 THz   0.7071  0.0000 -0.7071  0.0000 -0.0000  0.0000
    2   3.0966 THz   0.0000  0.0000  0.0000  0.0000 -0.9999 -0.0170


 Q=  0.167356 -0.055785 -0.055785, q= -0.250000  0.250000  0.250000

                       Hf X   0        Hf Y   0        Hf Z   0     
                    --------------- --------------- ---------------
    0   1.8522 THz   0.7920  0.0000 -0.4317 -0.0000 -0.4317  0.0000
    1   2.3908 THz   0.0000  0.0000  0.7069  0.0150 -0.7069 -0.0150
    2   2.8026 THz  -0.6105  0.0000 -0.5600 -0.0000 -0.5600  0.0000


 Q= -0.223141  0.000000  0.000000, q=  0.000000 -0.500000 -0.500000

                       Hf X   0        Hf Y   0        Hf Z   0     
                    --------------- --------------- ---------------
    0   2.6966 THz   0.0000  0.0000 -0.3795 -0.0000 -0.9252 -0.0000
    1   2.6966 THz   0.0000  0.0000  0.9252  0.0000 -0.3795 -0.0000
    2   3.1330 THz   1.0000  0.0000  0.0000  0.0000  0.0000  0.0000


 Q= -0.167356  0.055785 -0.055785, q=  0.000000 -0.500000 -0.250000

                       Hf X   0        Hf Y   0        Hf Z   0     
                    --------------- --------------- ---------------
    0   1.8522 THz  -0.7920 -0.0000  0.4317 -0.0000 -0.4317 -0.0000
    1   2.3908 THz   0.0000  0.0000 -0.7071 -0.0074 -0.7071 -0.0074
    2   2.8026 THz   0.6105  0.0000  0.5600 -0.0000 -0.5600 -0.0000


 Q= -0.111571  0.111571 -0.111571, q=  0.000000 -0.500000  0.000000

                       Hf X   0        Hf Y   0        Hf Z   0     
                    --------------- --------------- ---------------
    0   1.8449 THz  -0.3000  0.0000  0.5076 -0.0000  0.8076 -0.0000
    1   1.8449 THz   0.7594  0.0000  0.6395 -0.0000 -0.1199 -0.0000
    2   2.0920 THz  -0.5774 -0.0000  0.5774 -0.0000 -0.5774  0.0000


 Q= -0.055785  0.167356 -0.167356, q=  0.000000 -0.500000  0.250000

                       Hf X   0        Hf Y   0        Hf Z   0     
                    --------------- --------------- ---------------
    0   1.8522 THz   0.7920  0.0000 -0.4317 -0.0000  0.4317  0.0000
    1   2.3908 THz   0.0000  0.0000 -0.7071 -0.0009 -0.7071 -0.0009
    2   2.8026 THz  -0.6105  0.0000 -0.5600 -0.0000  0.5600  0.0000


 Q= -0.167356 -0.055785  0.055785, q=  0.000000 -0.250000 -0.500000

                       Hf X   0        Hf Y   0        Hf Z   0     
                    --------------- --------------- ---------------
    0   1.8522 THz   0.7920  0.0000  0.4317 -0.0000 -0.4317  0.0000
    1   2.3908 THz   0.0000  0.0000 -0.7066 -0.0256 -0.7066 -0.0256
    2   2.8026 THz   0.6105  0.0000 -0.5600  0.0000  0.5600 -0.0000


 Q= -0.111571  0.000000  0.000000, q=  0.000000 -0.250000 -0.250000

                       Hf X   0        Hf Y   0        Hf Z   0     
                    --------------- --------------- ---------------
    0   2.1209 THz   0.0000  0.0000 -0.4681  0.2027 -0.7317  0.4522
    1   2.1209 THz   0.0000  0.0000 -0.8182  0.2654  0.4574 -0.2257
    2   2.9354 THz   1.0000  0.0000  0.0000  0.0000  0.0000  0.0000


 Q= -0.055785  0.055785 -0.055785, q=  0.000000 -0.250000  0.000000

                       Hf X   0        Hf Y   0        Hf Z   0     
                    --------------- --------------- ---------------
    0   1.3968 THz  -0.6186 -0.0000  0.1520 -0.0168  0.7705 -0.0168
    1   1.3968 THz   0.5330  0.0000  0.8018 -0.0195  0.2689 -0.0195
    2   3.1573 THz  -0.5774 -0.0000  0.5774  0.0000 -0.5774  0.0000


 Q=  0.000000  0.111571 -0.111571, q=  0.000000 -0.250000  0.250000

                       Hf X   0        Hf Y   0        Hf Z   0     
                    --------------- --------------- ---------------
    0   1.8334 THz   0.0000  0.0000 -0.5858 -0.3961 -0.5858 -0.3961
    1   2.6641 THz   0.0000  0.0000  0.6718  0.2207 -0.6718 -0.2207
    2   3.0966 THz   1.0000  0.0000  0.0000  0.0000  0.0000  0.0000


 Q= -0.111571 -0.111571  0.111571, q=  0.000000  0.000000 -0.500000

                       Hf X   0        Hf Y   0        Hf Z   0     
                    --------------- --------------- ---------------
    0   1.8449 THz   0.6869  0.0000  0.0388 -0.0000  0.7257 -0.0000
    1   1.8449 THz  -0.4413 -0.0000  0.8156 -0.0000  0.3742 -0.0000
    2   2.0920 THz   0.5774  0.0000  0.5774  0.0000 -0.5774 -0.0000


 Q= -0.055785 -0.055785  0.055785, q=  0.000000  0.000000 -0.250000

                       Hf X   0        Hf Y   0        Hf Z   0     
                    --------------- --------------- ---------------
    0   1.3968 THz   0.6097  0.0000  0.1649  0.0230  0.7746  0.0230
    1   1.3968 THz   0.5431  0.0000 -0.7989 -0.0258 -0.2558 -0.0258
    2   3.1573 THz   0.5774  0.0000  0.5774  0.0000 -0.5774 -0.0000


 Q=  0.000000  0.000000  0.000000, q=  0.000000  0.000000  0.000000

                       Hf X   0        Hf Y   0        Hf Z   0     
                    --------------- --------------- ---------------
    0   0.0000 THz   0.6146  0.0000 -0.3157  0.0000  0.7229  0.0000
    1   0.0000 THz   0.6101  0.0000 -0.3907  0.0000 -0.6894  0.0000
    2   0.0000 THz   0.5000  0.0000  0.8647  0.0000 -0.0475  0.0000


 Q=  0.055785  0.055785 -0.055785, q=  0.000000  0.000000  0.250000

                       Hf X   0        Hf Y   0        Hf Z   0     
                    --------------- --------------- ---------------
    0   1.3968 THz   0.6097  0.0000  0.1649 -0.0230  0.7746 -0.0230
    1   1.3968 THz   0.5431  0.0000 -0.7989  0.0258 -0.2558  0.0258
    2   3.1573 THz   0.5774  0.0000  0.5774 -0.0000 -0.5774  0.0000


 Q= -0.055785 -0.167356  0.167356, q=  0.000000  0.250000 -0.500000

                       Hf X   0        Hf Y   0        Hf Z   0     
                    --------------- --------------- ---------------
    0   1.8522 THz   0.7920  0.0000  0.4317  0.0000 -0.4317 -0.0000
    1   2.3908 THz   0.0000  0.0000 -0.7070  0.0125 -0.7070  0.0125
    2   2.8026 THz   0.6105  0.0000 -0.5600 -0.0000  0.5600  0.0000


 Q=  0.000000 -0.111571  0.111571, q=  0.000000  0.250000 -0.250000

                       Hf X   0        Hf Y   0        Hf Z   0     
                    --------------- --------------- ---------------
    0   1.8334 THz   0.0000  0.0000 -0.5858  0.3961 -0.5858  0.3961
    1   2.6641 THz   0.0000  0.0000  0.6718 -0.2207 -0.6718  0.2207
    2   3.0966 THz   1.0000  0.0000  0.0000  0.0000  0.0000  0.0000


 Q=  0.055785 -0.055785  0.055785, q=  0.000000  0.250000  0.000000

                       Hf X   0        Hf Y   0        Hf Z   0     
                    --------------- --------------- ---------------
    0   1.3968 THz  -0.6186 -0.0000  0.1520  0.0168  0.7705  0.0168
    1   1.3968 THz   0.5330  0.0000  0.8018  0.0195  0.2689  0.0195
    2   3.1573 THz  -0.5774 -0.0000  0.5774 -0.0000 -0.5774 -0.0000


 Q=  0.111571  0.000000  0.000000, q=  0.000000  0.250000  0.250000

                       Hf X   0        Hf Y   0        Hf Z   0     
                    --------------- --------------- ---------------
    0   2.1209 THz   0.0000  0.0000 -0.4681 -0.2027 -0.7317 -0.4522
    1   2.1209 THz   0.0000  0.0000 -0.8182 -0.2654  0.4574  0.2257
    2   2.9354 THz   1.0000  0.0000  0.0000  0.0000  0.0000  0.0000


 Q= -0.278926  0.055785  0.055785, q=  0.250000 -0.500000 -0.500000

                       Hf X   0        Hf Y   0        Hf Z   0     
                    --------------- --------------- ---------------
    0   1.8522 THz   0.7920  0.0000  0.4317 -0.0000  0.4317  0.0000
    1   2.3908 THz   0.0000  0.0000  0.7069  0.0165 -0.7069 -0.0165
    2   2.8026 THz   0.6105  0.0000 -0.5600 -0.0000 -0.5600  0.0000


 Q= -0.223141  0.111571  0.000000, q=  0.250000 -0.500000 -0.250000

                       Hf X   0        Hf Y   0        Hf Z   0     
                    --------------- --------------- ---------------
    0   2.6622 THz   0.0000  0.0000 -0.9871  0.1601  0.0000  0.0000
    1   3.1035 THz   0.0000  0.0000 -0.0000 -0.0000 -0.8849 -0.4658
    2   3.1035 THz   1.0000  0.0000  0.0000  0.0000  0.0000  0.0000


 Q= -0.167356  0.167356 -0.055785, q=  0.250000 -0.500000  0.000000

                       Hf X   0        Hf Y   0        Hf Z   0     
                    --------------- --------------- ---------------
    0   1.8522 THz  -0.4317  0.0000  0.4317  0.0000 -0.7920 -0.0000
    1   2.3908 THz  -0.7071  0.0000 -0.7071  0.0000  0.0000  0.0000
    2   2.8026 THz   0.5600  0.0000 -0.5600  0.0000 -0.6105  0.0000


 Q= -0.111571  0.223141 -0.111571, q=  0.250000 -0.500000  0.250000

                       Hf X   0        Hf Y   0        Hf Z   0     
                    --------------- --------------- ---------------
    0   1.8334 THz   0.7071  0.0000 -0.0000 -0.0000 -0.7071 -0.0000
    1   2.6641 THz   0.7071  0.0000  0.0000  0.0000  0.7071  0.0000
    2   3.0966 THz   0.0000  0.0000  0.9999 -0.0148 -0.0000  0.0000


 Q= -0.223141  0.000000  0.111571, q=  0.250000 -0.250000 -0.500000

                       Hf X   0        Hf Y   0        Hf Z   0     
                    --------------- --------------- ---------------
    0   2.6622 THz   0.0000  0.0000 -0.0000  0.0000  0.8984  0.4392
    1   3.1035 THz   0.0000  0.0000 -0.8321  0.5547 -0.0000  0.0000
    2   3.1035 THz   1.0000  0.0000  0.0000  0.0000  0.0000  0.0000


 Q= -0.167356  0.055785  0.055785, q=  0.250000 -0.250000 -0.250000

                       Hf X   0        Hf Y   0        Hf Z   0     
                    --------------- --------------- ---------------
    0   1.8522 THz   0.7920  0.0000 -0.4317  0.0000 -0.4317 -0.0000
    1   2.3908 THz   0.0000  0.0000  0.7069 -0.0150 -0.7069  0.0150
    2   2.8026 THz  -0.6105  0.0000 -0.5600  0.0000 -0.5600 -0.0000


 Q= -0.111571  0.111571  0.000000, q=  0.250000 -0.250000  0.000000

                       Hf X   0        Hf Y   0        Hf Z   0     
                    --------------- --------------- ---------------
    0   1.8334 THz   0.7071  0.0000  0.7071  0.0000  0.0000  0.0000
    1   2.6641 THz   0.7071  0.0000 -0.7071  0.0000 -0.0000 -0.0000
    2   3.0966 THz   0.0000  0.0000  0.0000 -0.0000 -0.9999  0.0170


 Q= -0.055785  0.167356 -0.055785, q=  0.250000 -0.250000  0.250000

                       Hf X   0        Hf Y   0        Hf Z   0     
                    --------------- --------------- ---------------
    0   1.8522 THz   0.4317  0.0000 -0.7920 -0.0000  0.4317  0.0000
    1   2.3908 THz  -0.7071  0.0000  0.0000 -0.0000  0.7071  0.0000
    2   2.8026 THz   0.5600  0.0000  0.6105 -0.0000  0.5600  0.0000


 Q= -0.167356 -0.055785  0.167356, q=  0.250000  0.000000 -0.500000

                       Hf X   0        Hf Y   0        Hf Z   0     
                    --------------- --------------- ---------------
    0   1.8522 THz  -0.4317  0.0000 -0.7920  0.0000  0.4317  0.0000
    1   2.3908 THz   0.7071  0.0000  0.0000 -0.0000  0.7071 -0.0000
    2   2.8026 THz   0.5600  0.0000 -0.6105  0.0000 -0.5600  0.0000


 Q= -0.111571  0.000000  0.111571, q=  0.250000  0.000000 -0.250000

                       Hf X   0        Hf Y   0        Hf Z   0     
                    --------------- --------------- ---------------
    0   1.8334 THz   0.7071  0.0000 -0.0000 -0.0000  0.7071 -0.0000
    1   2.6641 THz   0.7071  0.0000  0.0000  0.0000 -0.7071  0.0000
    2   3.0966 THz   0.0000  0.0000 -0.9690  0.2472 -0.0000  0.0000


 Q= -0.055785  0.055785  0.055785, q=  0.250000  0.000000  0.000000

                       Hf X   0        Hf Y   0        Hf Z   0     
                    --------------- --------------- ---------------
    0   1.3968 THz   0.4905  0.0000 -0.3194  0.0265  0.8099 -0.0265
    1   1.3968 THz  -0.6527 -0.0000 -0.7507  0.0199  0.0980 -0.0199
    2   3.1573 THz  -0.5774  0.0000  0.5774  0.0000  0.5774  0.0000


 Q=  0.000000  0.111571  0.000000, q=  0.250000  0.000000  0.250000

                       Hf X   0        Hf Y   0        Hf Z   0     
                    --------------- --------------- ---------------
    0   2.1209 THz   0.0000  0.0000 -0.0000 -0.0000 -0.9920  0.1264
    1   2.1209 THz   1.0000  0.0000  0.0000  0.0000  0.0000  0.0000
    2   2.9354 THz   0.0000  0.0000 -1.0000 -0.0000  0.0000 -0.0000


 Q= -0.111571 -0.111571  0.223141, q=  0.250000  0.250000 -0.500000

                       Hf X   0        Hf Y   0        Hf Z   0     
                    --------------- --------------- ---------------
    0   1.8334 THz   0.7071  0.0000 -0.7071 -0.0000  0.0000 -0.0000
    1   2.6641 THz   0.7071  0.0000  0.7071  0.0000 -0.0000  0.0000
    2   3.0966 THz   0.0000  0.0000 -0.0000 -0.0000 -0.9994  0.0335


 Q= -0.055785 -0.055785  0.167356, q=  0.250000  0.250000 -0.250000

                       Hf X   0        Hf Y   0        Hf Z   0     
                    --------------- --------------- ---------------
    0   1.8522 THz   0.4317  0.0000  0.4317 -0.0000 -0.7920  0.0000
    1   2.3908 THz   0.7071  0.0000 -0.7071 -0.0000  0.0000 -0.0000
    2   2.8026 THz   0.5600  0.0000  0.5600  0.0000  0.6105  0.0000


 Q=  0.000000  0.000000  0.111571, q=  0.250000  0.250000  0.000000

                       Hf X   0        Hf Y   0        Hf Z   0     
                    --------------- --------------- ---------------
    0   2.1209 THz   0.0000  0.0000 -1.0000  0.0000  0.0000  0.0000
    1   2.1209 THz   1.0000  0.0000  0.0000  0.0000  0.0000  0.0000
    2   2.9354 THz   0.0000  0.0000 -0.0000  0.0000 -1.0000  0.0044


 Q=  0.055785  0.055785  0.055785, q=  0.250000  0.250000  0.250000

                       Hf X   0        Hf Y   0        Hf Z   0     
                    --------------- --------------- ---------------
    0   1.3968 THz   0.8165  0.0000 -0.4082 -0.0000 -0.4082  0.0000
    1   1.3968 THz   0.0000  0.0000  0.7041 -0.0654 -0.7041  0.0654
    2   3.1573 THz  -0.5774  0.0000 -0.5774 -0.0000 -0.5774  0.0000
