
Used Primitive lattice vector

   -1.798237000000     -1.798237000000      0.000000000000  
   -1.798237000000      0.000000000000     -1.798237000000  
    0.000000000000     -1.798237000000     -1.798237000000  

   1 Atom(s) in the Primitive cell

 0.0000000000 0.0000000000 0.0000000000 Cu    0


 Q=  0.139025  0.139025  0.139025, q= -0.500000 -0.500000 -0.500000

                       Cu X   0        Cu Y   0        Cu Z   0     
                    --------------- --------------- ---------------
    0   3.9568 THz   0.8165  0.0000 -0.4082  0.0000 -0.4082  0.0000
    1   3.9568 THz   0.0000  0.0000  0.7071  0.0000 -0.7071 -0.0000
    2   7.6051 THz  -0.5774  0.0000 -0.5774  0.0000 -0.5774  0.0000


 Q=  0.208538  0.069513  0.069513, q= -0.500000 -0.500000 -0.250000

                       Cu X   0        Cu Y   0        Cu Z   0     
                    --------------- --------------- ---------------
    0   4.7650 THz   0.0000  0.0000  0.7061 -0.0379 -0.7061  0.0379
    1   5.3385 THz   0.5537  0.0000 -0.5888  0.0000 -0.5888  0.0000
    2   7.0343 THz   0.8327  0.0000  0.3915 -0.0000  0.3915 -0.0000


 Q=  0.278050  0.000000  0.000000, q= -0.500000 -0.500000  0.000000

                       Cu X   0        Cu Y   0        Cu Z   0     
                    --------------- --------------- ---------------
    0   5.6088 THz   0.0000  0.0000 -0.6938 -0.0000  0.7202  0.0000
    1   5.6088 THz   0.0000  0.0000 -0.7202  0.0000 -0.6938  0.0000
    2   7.5076 THz   1.0000  0.0000  0.0000  0.0000  0.0000  0.0000


 Q=  0.347563 -0.069513 -0.069513, q= -0.500000 -0.500000  0.250000

                       Cu X   0        Cu Y   0        Cu Z   0     
                    --------------- --------------- ---------------
    0   4.7650 THz   0.0000  0.0000  0.6938  0.1367 -0.6938 -0.1367
    1   5.3385 THz   0.5537  0.0000 -0.5888 -0.0000 -0.5888 -0.0000
    2   7.0343 THz   0.8327  0.0000  0.3915  0.0000  0.3915  0.0000


 Q=  0.069513  0.208538  0.069513, q= -0.500000 -0.250000 -0.500000

                       Cu X   0        Cu Y   0        Cu Z   0     
                    --------------- --------------- ---------------
    0   4.7650 THz  -0.7071  0.0000  0.0000  0.0000  0.7071  0.0000
    1   5.3385 THz   0.5888  0.0000 -0.5537 -0.0000  0.5888 -0.0000
    2   7.0343 THz   0.3915  0.0000  0.8327  0.0000  0.3915  0.0000


 Q=  0.139025  0.139025  0.000000, q= -0.500000 -0.250000 -0.250000

                       Cu X   0        Cu Y   0        Cu Z   0     
                    --------------- --------------- ---------------
    0   3.9361 THz   0.7071  0.0000 -0.7071 -0.0000 -0.0000  0.0000
    1   5.4486 THz   0.0000  0.0000  0.0000  0.0000 -0.9836 -0.1802
    2   6.7272 THz  -0.7071  0.0000 -0.7071 -0.0000 -0.0000  0.0000


 Q=  0.208538  0.069513 -0.069513, q= -0.500000 -0.250000  0.000000

                       Cu X   0        Cu Y   0        Cu Z   0     
                    --------------- --------------- ---------------
    0   4.7650 THz  -0.0000  0.0000 -0.7070 -0.0143 -0.7070 -0.0143
    1   5.3385 THz   0.5537  0.0000 -0.5888  0.0000  0.5888 -0.0000
    2   7.0343 THz   0.8327  0.0000  0.3915 -0.0000 -0.3915  0.0000


 Q=  0.278050  0.000000 -0.139025, q= -0.500000 -0.250000  0.250000

                       Cu X   0        Cu Y   0        Cu Z   0     
                    --------------- --------------- ---------------
    0   5.4121 THz   0.0000  0.0000 -0.0000  0.0000 -0.9990 -0.0437
    1   6.5304 THz   1.0000  0.0000  0.0000  0.0000  0.0000  0.0000
    2   6.5304 THz   0.0000  0.0000  0.9949 -0.1004 -0.0000 -0.0000


 Q=  0.000000  0.278050  0.000000, q= -0.500000  0.000000 -0.500000

                       Cu X   0        Cu Y   0        Cu Z   0     
                    --------------- --------------- ---------------
    0   5.6088 THz   1.0000  0.0000  0.0000  0.0000  0.0000  0.0000
    1   5.6088 THz   0.0000  0.0000  0.0000 -0.0000 -1.0000  0.0000
    2   7.5076 THz   0.0000  0.0000 -1.0000 -0.0000  0.0000 -0.0000


 Q=  0.069513  0.208538 -0.069513, q= -0.500000  0.000000 -0.250000

                       Cu X   0        Cu Y   0        Cu Z   0     
                    --------------- --------------- ---------------
    0   4.7650 THz   0.7071  0.0000 -0.0000  0.0000  0.7071  0.0000
    1   5.3385 THz   0.5888  0.0000 -0.5537 -0.0000 -0.5888 -0.0000
    2   7.0343 THz   0.3915  0.0000  0.8327  0.0000 -0.3915 -0.0000


 Q=  0.139025  0.139025 -0.139025, q= -0.500000  0.000000  0.000000

                       Cu X   0        Cu Y   0        Cu Z   0     
                    --------------- --------------- ---------------
    0   3.9568 THz   0.8165  0.0000 -0.4082 -0.0000  0.4082 -0.0000
    1   3.9568 THz   0.0000  0.0000 -0.7071  0.0000 -0.7071  0.0000
    2   7.6051 THz  -0.5774  0.0000 -0.5774 -0.0000  0.5774 -0.0000


 Q=  0.208538  0.069513 -0.208538, q= -0.500000  0.000000  0.250000

                       Cu X   0        Cu Y   0        Cu Z   0     
                    --------------- --------------- ---------------
    0   4.7650 THz   0.7071  0.0000  0.0000 -0.0000  0.7071 -0.0000
    1   5.3385 THz   0.5888  0.0000 -0.5537  0.0000 -0.5888  0.0000
    2   7.0343 THz   0.3915  0.0000  0.8327 -0.0000 -0.3915  0.0000


 Q= -0.069513  0.347563 -0.069513, q= -0.500000  0.250000 -0.500000

                       Cu X   0        Cu Y   0        Cu Z   0     
                    --------------- --------------- ---------------
    0   4.7650 THz  -0.7071  0.0000 -0.0000  0.0000  0.7071 -0.0000
    1   5.3385 THz   0.5888  0.0000 -0.5537  0.0000  0.5888 -0.0000
    2   7.0343 THz   0.3915  0.0000  0.8327 -0.0000  0.3915 -0.0000


 Q=  0.000000  0.278050 -0.139025, q= -0.500000  0.250000 -0.250000

                       Cu X   0        Cu Y   0        Cu Z   0     
                    --------------- --------------- ---------------
    0   5.4121 THz   0.0000  0.0000 -0.0000 -0.0000 -0.5356  0.8444
    1   6.5304 THz   1.0000  0.0000  0.0000  0.0000  0.0000  0.0000
    2   6.5304 THz   0.0000  0.0000 -0.9857 -0.1684  0.0000 -0.0000


 Q=  0.069513  0.208538 -0.208538, q= -0.500000  0.250000  0.000000

                       Cu X   0        Cu Y   0        Cu Z   0     
                    --------------- --------------- ---------------
    0   4.7650 THz   0.0000  0.0000 -0.7069  0.0161 -0.7069  0.0161
    1   5.3385 THz   0.5537  0.0000 -0.5888 -0.0000  0.5888  0.0000
    2   7.0343 THz   0.8327  0.0000  0.3915  0.0000 -0.3915 -0.0000


 Q=  0.139025  0.139025 -0.278050, q= -0.500000  0.250000  0.250000

                       Cu X   0        Cu Y   0        Cu Z   0     
                    --------------- --------------- ---------------
    0   3.9361 THz   0.7071  0.0000 -0.7071  0.0000  0.0000 -0.0000
    1   5.4486 THz   0.0000  0.0000 -0.0000 -0.0000 -0.9998 -0.0188
    2   6.7272 THz  -0.7071  0.0000 -0.7071  0.0000  0.0000 -0.0000


 Q=  0.069513  0.069513  0.208538, q= -0.250000 -0.500000 -0.500000

                       Cu X   0        Cu Y   0        Cu Z   0     
                    --------------- --------------- ---------------
    0   4.7650 THz   0.7071  0.0000 -0.7071  0.0000 -0.0000  0.0000
    1   5.3385 THz   0.5888  0.0000  0.5888 -0.0000 -0.5537  0.0000
    2   7.0343 THz   0.3915  0.0000  0.3915 -0.0000  0.8327 -0.0000


 Q=  0.139025  0.000000  0.139025, q= -0.250000 -0.500000 -0.250000

                       Cu X   0        Cu Y   0        Cu Z   0     
                    --------------- --------------- ---------------
    0   3.9361 THz   0.7071  0.0000  0.0000 -0.0000 -0.7071  0.0000
    1   5.4486 THz   0.0000  0.0000 -0.0481  0.9988 -0.0000  0.0000
    2   6.7272 THz   0.7071  0.0000  0.0000  0.0000  0.7071 -0.0000


 Q=  0.208538 -0.069513  0.069513, q= -0.250000 -0.500000  0.000000

                       Cu X   0        Cu Y   0        Cu Z   0     
                    --------------- --------------- ---------------
    0   4.7650 THz   0.0000  0.0000 -0.7010 -0.0930 -0.7010 -0.0930
    1   5.3385 THz  -0.5537  0.0000 -0.5888  0.0000  0.5888  0.0000
    2   7.0343 THz   0.8327  0.0000 -0.3915  0.0000  0.3915  0.0000


 Q=  0.278050 -0.139025  0.000000, q= -0.250000 -0.500000  0.250000

                       Cu X   0        Cu Y   0        Cu Z   0     
                    --------------- --------------- ---------------
    0   5.4121 THz   0.0000  0.0000 -0.9929  0.1190 -0.0000  0.0000
    1   6.5304 THz   0.0000  0.0000  0.0000 -0.0000 -0.3108  0.9505
    2   6.5304 THz   1.0000  0.0000  0.0000  0.0000  0.0000  0.0000


 Q=  0.000000  0.139025  0.139025, q= -0.250000 -0.250000 -0.500000

                       Cu X   0        Cu Y   0        Cu Z   0     
                    --------------- --------------- ---------------
    0   3.9361 THz   0.0000  0.0000 -0.7042 -0.0645  0.7042  0.0645
    1   5.4486 THz   1.0000  0.0000  0.0000  0.0000  0.0000  0.0000
    2   6.7272 THz   0.0000  0.0000 -0.7017  0.0869 -0.7017  0.0869


 Q=  0.069513  0.069513  0.069513, q= -0.250000 -0.250000 -0.250000

                       Cu X   0        Cu Y   0        Cu Z   0     
                    --------------- --------------- ---------------
    0   2.9047 THz   0.8165  0.0000 -0.4082 -0.0000 -0.4082  0.0000
    1   2.9047 THz   0.0000  0.0000  0.6917 -0.1467 -0.6917  0.1467
    2   6.0539 THz  -0.5774  0.0000 -0.5774 -0.0000 -0.5774  0.0000


 Q=  0.139025  0.000000  0.000000, q= -0.250000 -0.250000  0.000000

                       Cu X   0        Cu Y   0        Cu Z   0     
                    --------------- --------------- ---------------
    0   4.2070 THz   0.0000  0.0000 -0.6880  0.0554 -0.2302  0.6860
    1   4.2070 THz   0.0000  0.0000 -0.7175  0.0941  0.1866 -0.6645
    2   5.8409 THz   1.0000  0.0000  0.0000  0.0000  0.0000  0.0000


 Q=  0.208538 -0.069513 -0.069513, q= -0.250000 -0.250000  0.250000

                       Cu X   0        Cu Y   0        Cu Z   0     
                    --------------- --------------- ---------------
    0   4.7650 THz   0.0000  0.0000  0.6923  0.1440 -0.6923 -0.1440
    1   5.3385 THz  -0.5537  0.0000 -0.5888 -0.0000 -0.5888 -0.0000
    2   7.0343 THz   0.8327  0.0000 -0.3915 -0.0000 -0.3915 -0.0000


 Q= -0.069513  0.208538  0.069513, q= -0.250000  0.000000 -0.500000

                       Cu X   0        Cu Y   0        Cu Z   0     
                    --------------- --------------- ---------------
    0   4.7650 THz   0.7071  0.0000 -0.0000 -0.0000  0.7071  0.0000
    1   5.3385 THz   0.5888  0.0000  0.5537  0.0000 -0.5888 -0.0000
    2   7.0343 THz  -0.3915  0.0000  0.8327  0.0000  0.3915  0.0000


 Q=  0.000000  0.139025  0.000000, q= -0.250000  0.000000 -0.250000

                       Cu X   0        Cu Y   0        Cu Z   0     
                    --------------- --------------- ---------------
    0   4.2070 THz   1.0000  0.0000  0.0000  0.0000  0.0000  0.0000
    1   4.2070 THz   0.0000  0.0000 -0.0000  0.0000  0.9985 -0.0550
    2   5.8409 THz   0.0000  0.0000 -0.9997 -0.0264  0.0000 -0.0000


 Q=  0.069513  0.069513 -0.069513, q= -0.250000  0.000000  0.000000

                       Cu X   0        Cu Y   0        Cu Z   0     
                    --------------- --------------- ---------------
    0   2.9047 THz   0.8165  0.0000 -0.4082  0.0000  0.4082 -0.0000
    1   2.9047 THz   0.0000  0.0000 -0.0000  0.7071 -0.0000  0.7071
    2   6.0539 THz  -0.5774  0.0000 -0.5774  0.0000  0.5774 -0.0000


 Q=  0.139025  0.000000 -0.139025, q= -0.250000  0.000000  0.250000

                       Cu X   0        Cu Y   0        Cu Z   0     
                    --------------- --------------- ---------------
    0   3.9361 THz   0.7071  0.0000  0.0000 -0.0000  0.7071 -0.0000
    1   5.4486 THz   0.0000  0.0000  0.9870 -0.1607  0.0000 -0.0000
    2   6.7272 THz   0.7071  0.0000  0.0000  0.0000 -0.7071  0.0000


 Q= -0.139025  0.278050  0.000000, q= -0.250000  0.250000 -0.500000

                       Cu X   0        Cu Y   0        Cu Z   0     
                    --------------- --------------- ---------------
    0   5.4121 THz   1.0000  0.0000  0.0000  0.0000  0.0000  0.0000
    1   6.5304 THz   0.0000  0.0000 -0.2153 -0.0809 -0.9633  0.1385
    2   6.5304 THz   0.0000  0.0000 -0.9622  0.1455  0.1828 -0.1397


 Q= -0.069513  0.208538 -0.069513, q= -0.250000  0.250000 -0.250000

                       Cu X   0        Cu Y   0        Cu Z   0     
                    --------------- --------------- ---------------
    0   4.7650 THz  -0.7071  0.0000 -0.0000  0.0000  0.7071  0.0000
    1   5.3385 THz   0.5888  0.0000  0.5537  0.0000  0.5888  0.0000
    2   7.0343 THz  -0.3915  0.0000  0.8327  0.0000 -0.3915  0.0000


 Q=  0.000000  0.139025 -0.139025, q= -0.250000  0.250000  0.000000

                       Cu X   0        Cu Y   0        Cu Z   0     
                    --------------- --------------- ---------------
    0   3.9361 THz   0.0000  0.0000 -0.7067  0.0240 -0.7067  0.0240
    1   5.4486 THz   1.0000  0.0000  0.0000  0.0000  0.0000  0.0000
    2   6.7272 THz   0.0000  0.0000 -0.6245  0.3317  0.6245 -0.3317


 Q=  0.069513  0.069513 -0.208538, q= -0.250000  0.250000  0.250000

                       Cu X   0        Cu Y   0        Cu Z   0     
                    --------------- --------------- ---------------
    0   4.7650 THz  -0.7071  0.0000  0.7071 -0.0000  0.0000 -0.0000
    1   5.3385 THz   0.5888  0.0000  0.5888 -0.0000  0.5537 -0.0000
    2   7.0343 THz   0.3915  0.0000  0.3915 -0.0000 -0.8327  0.0000


 Q=  0.000000  0.000000  0.278050, q=  0.000000 -0.500000 -0.500000

                       Cu X   0        Cu Y   0        Cu Z   0     
                    --------------- --------------- ---------------
    0   5.6088 THz   1.0000  0.0000  0.0000  0.0000  0.0000  0.0000
    1   5.6088 THz   0.0000  0.0000 -1.0000 -0.0000 -0.0000 -0.0000
    2   7.5076 THz   0.0000  0.0000  0.0000 -0.0000 -1.0000  0.0000


 Q=  0.069513 -0.069513  0.208538, q=  0.000000 -0.500000 -0.250000

                       Cu X   0        Cu Y   0        Cu Z   0     
                    --------------- --------------- ---------------
    0   4.7650 THz   0.7071  0.0000  0.7071  0.0000 -0.0000  0.0000
    1   5.3385 THz   0.5888  0.0000 -0.5888 -0.0000 -0.5537 -0.0000
    2   7.0343 THz  -0.3915  0.0000  0.3915 -0.0000 -0.8327  0.0000


 Q=  0.139025 -0.139025  0.139025, q=  0.000000 -0.500000  0.000000

                       Cu X   0        Cu Y   0        Cu Z   0     
                    --------------- --------------- ---------------
    0   3.9568 THz   0.8165  0.0000  0.4082  0.0000 -0.4082 -0.0000
    1   3.9568 THz   0.0000  0.0000 -0.7071 -0.0000 -0.7071 -0.0000
    2   7.6051 THz   0.5774  0.0000 -0.5774 -0.0000  0.5774  0.0000


 Q=  0.208538 -0.208538  0.069513, q=  0.000000 -0.500000  0.250000

                       Cu X   0        Cu Y   0        Cu Z   0     
                    --------------- --------------- ---------------
    0   4.7650 THz   0.7071  0.0000  0.7071 -0.0000 -0.0000 -0.0000
    1   5.3385 THz   0.5888  0.0000 -0.5888  0.0000 -0.5537  0.0000
    2   7.0343 THz  -0.3915  0.0000  0.3915  0.0000 -0.8327 -0.0000


 Q= -0.069513  0.069513  0.208538, q=  0.000000 -0.250000 -0.500000

                       Cu X   0        Cu Y   0        Cu Z   0     
                    --------------- --------------- ---------------
    0   4.7650 THz  -0.7071  0.0000 -0.7071 -0.0000 -0.0000  0.0000
    1   5.3385 THz   0.5888  0.0000 -0.5888 -0.0000  0.5537  0.0000
    2   7.0343 THz  -0.3915  0.0000  0.3915  0.0000  0.8327  0.0000


 Q=  0.000000  0.000000  0.139025, q=  0.000000 -0.250000 -0.250000

                       Cu X   0        Cu Y   0        Cu Z   0     
                    --------------- --------------- ---------------
    0   4.2070 THz   1.0000  0.0000  0.0000  0.0000  0.0000  0.0000
    1   4.2070 THz   0.0000  0.0000 -0.8039  0.5948 -0.0000  0.0000
    2   5.8409 THz   0.0000  0.0000 -0.0000  0.0000 -0.8252  0.5649


 Q=  0.069513 -0.069513  0.069513, q=  0.000000 -0.250000  0.000000

                       Cu X   0        Cu Y   0        Cu Z   0     
                    --------------- --------------- ---------------
    0   2.9047 THz   0.6914  0.0000  0.7218 -0.0003  0.0304 -0.0003
    1   2.9047 THz   0.4343  0.0000 -0.3817  0.0004 -0.8159  0.0004
    2   6.0539 THz  -0.5774 -0.0000  0.5774 -0.0000 -0.5774  0.0000


 Q=  0.139025 -0.139025  0.000000, q=  0.000000 -0.250000  0.250000

                       Cu X   0        Cu Y   0        Cu Z   0     
                    --------------- --------------- ---------------
    0   3.9361 THz   0.7071  0.0000  0.7071  0.0000 -0.0000 -0.0000
    1   5.4486 THz   0.0000  0.0000  0.0000  0.0000 -0.3837  0.9235
    2   6.7272 THz   0.7071  0.0000 -0.7071 -0.0000  0.0000  0.0000


 Q= -0.139025  0.139025  0.139025, q=  0.000000  0.000000 -0.500000

                       Cu X   0        Cu Y   0        Cu Z   0     
                    --------------- --------------- ---------------
    0   3.9568 THz   0.7236  0.0000  0.0342  0.0000  0.6894 -0.0000
    1   3.9568 THz   0.3783  0.0000  0.8158 -0.0000 -0.4375  0.0000
    2   7.6051 THz  -0.5774 -0.0000  0.5774  0.0000  0.5774  0.0000


 Q= -0.069513  0.069513  0.069513, q=  0.000000  0.000000 -0.250000

                       Cu X   0        Cu Y   0        Cu Z   0     
                    --------------- --------------- ---------------
    0   2.9047 THz   0.8165  0.0000  0.4082 -0.0000  0.4082  0.0000
    1   2.9047 THz   0.0000  0.0000  0.7018  0.0865 -0.7018 -0.0865
    2   6.0539 THz   0.5774  0.0000 -0.5774  0.0000 -0.5774 -0.0000


 Q=  0.000000  0.000000  0.000000, q=  0.000000  0.000000  0.000000

                       Cu X   0        Cu Y   0        Cu Z   0     
                    --------------- --------------- ---------------
    0   0.0000 THz   0.9599  0.0000  0.0315  0.0000  0.2786  0.0000
    1  -0.0000 THz   0.1978  0.0000  0.6283  0.0000 -0.7524  0.0000
    2  -0.0000 THz  -0.1988  0.0000  0.7773  0.0000  0.5969  0.0000


 Q=  0.069513 -0.069513 -0.069513, q=  0.000000  0.000000  0.250000

                       Cu X   0        Cu Y   0        Cu Z   0     
                    --------------- --------------- ---------------
    0   2.9047 THz   0.8165  0.0000  0.4082  0.0000  0.4082 -0.0000
    1   2.9047 THz   0.0000  0.0000  0.7018 -0.0865 -0.7018  0.0865
    2   6.0539 THz   0.5774  0.0000 -0.5774 -0.0000 -0.5774  0.0000


 Q= -0.208538  0.208538  0.069513, q=  0.000000  0.250000 -0.500000

                       Cu X   0        Cu Y   0        Cu Z   0     
                    --------------- --------------- ---------------
    0   4.7650 THz  -0.7071  0.0000 -0.7071  0.0000 -0.0000 -0.0000
    1   5.3385 THz   0.5888  0.0000 -0.5888  0.0000  0.5537 -0.0000
    2   7.0343 THz  -0.3915  0.0000  0.3915 -0.0000  0.8327 -0.0000


 Q= -0.139025  0.139025  0.000000, q=  0.000000  0.250000 -0.250000

                       Cu X   0        Cu Y   0        Cu Z   0     
                    --------------- --------------- ---------------
    0   3.9361 THz   0.7071  0.0000  0.7071 -0.0000 -0.0000  0.0000
    1   5.4486 THz   0.0000  0.0000  0.0000 -0.0000 -0.3837 -0.9235
    2   6.7272 THz   0.7071  0.0000 -0.7071  0.0000  0.0000 -0.0000


 Q= -0.069513  0.069513 -0.069513, q=  0.000000  0.250000  0.000000

                       Cu X   0        Cu Y   0        Cu Z   0     
                    --------------- --------------- ---------------
    0   2.9047 THz   0.6914  0.0000  0.7218  0.0003  0.0304  0.0003
    1   2.9047 THz   0.4343  0.0000 -0.3817 -0.0004 -0.8159 -0.0004
    2   6.0539 THz  -0.5774 -0.0000  0.5774  0.0000 -0.5774 -0.0000


 Q=  0.000000  0.000000 -0.139025, q=  0.000000  0.250000  0.250000

                       Cu X   0        Cu Y   0        Cu Z   0     
                    --------------- --------------- ---------------
    0   4.2070 THz   1.0000  0.0000  0.0000  0.0000  0.0000  0.0000
    1   4.2070 THz   0.0000  0.0000 -0.8039 -0.5948 -0.0000  0.0000
    2   5.8409 THz   0.0000  0.0000 -0.0000 -0.0000 -0.8252 -0.5649


 Q= -0.069513 -0.069513  0.347563, q=  0.250000 -0.500000 -0.500000

                       Cu X   0        Cu Y   0        Cu Z   0     
                    --------------- --------------- ---------------
    0   4.7650 THz   0.7071  0.0000 -0.7071  0.0000 -0.0000 -0.0000
    1   5.3385 THz   0.5888  0.0000  0.5888 -0.0000 -0.5537  0.0000
    2   7.0343 THz   0.3915  0.0000  0.3915  0.0000  0.8327  0.0000


 Q=  0.000000 -0.139025  0.278050, q=  0.250000 -0.500000 -0.250000

                       Cu X   0        Cu Y   0        Cu Z   0     
                    --------------- --------------- ---------------
    0   5.4121 THz   0.0000  0.0000 -0.9802 -0.1983 -0.0000  0.0000
    1   6.5304 THz   1.0000  0.0000  0.0000  0.0000  0.0000  0.0000
    2   6.5304 THz   0.0000  0.0000 -0.0000  0.0000 -0.8131 -0.5821


 Q=  0.069513 -0.208538  0.208538, q=  0.250000 -0.500000  0.000000

                       Cu X   0        Cu Y   0        Cu Z   0     
                    --------------- --------------- ---------------
    0   4.7650 THz   0.0000  0.0000 -0.6910  0.1498 -0.6910  0.1498
    1   5.3385 THz  -0.5537  0.0000 -0.5888  0.0000  0.5888 -0.0000
    2   7.0343 THz   0.8327  0.0000 -0.3915  0.0000  0.3915 -0.0000


 Q=  0.139025 -0.278050  0.139025, q=  0.250000 -0.500000  0.250000

                       Cu X   0        Cu Y   0        Cu Z   0     
                    --------------- --------------- ---------------
    0   3.9361 THz   0.7071  0.0000 -0.0000  0.0000 -0.7071 -0.0000
    1   5.4486 THz  -0.0000  0.0000 -0.9998 -0.0203  0.0000  0.0000
    2   6.7272 THz  -0.7071 -0.0000  0.0000  0.0000 -0.7071 -0.0000


 Q= -0.139025  0.000000  0.278050, q=  0.250000 -0.250000 -0.500000

                       Cu X   0        Cu Y   0        Cu Z   0     
                    --------------- --------------- ---------------
    0   5.4121 THz   1.0000  0.0000  0.0000  0.0000  0.0000  0.0000
    1   6.5304 THz   0.0000  0.0000  0.8495  0.1413 -0.4153  0.2932
    2   6.5304 THz   0.0000  0.0000 -0.4520 -0.2327 -0.8216  0.2579


 Q= -0.069513 -0.069513  0.208538, q=  0.250000 -0.250000 -0.250000

                       Cu X   0        Cu Y   0        Cu Z   0     
                    --------------- --------------- ---------------
    0   4.7650 THz  -0.7071  0.0000  0.7071  0.0000  0.0000  0.0000
    1   5.3385 THz   0.5888  0.0000  0.5888  0.0000  0.5537  0.0000
    2   7.0343 THz   0.3915  0.0000  0.3915  0.0000 -0.8327 -0.0000


 Q=  0.000000 -0.139025  0.139025, q=  0.250000 -0.250000  0.000000

                       Cu X   0        Cu Y   0        Cu Z   0     
                    --------------- --------------- ---------------
    0   3.9361 THz   0.0000  0.0000 -0.7067 -0.0240 -0.7067 -0.0240
    1   5.4486 THz   1.0000  0.0000  0.0000  0.0000  0.0000  0.0000
    2   6.7272 THz   0.0000  0.0000 -0.6245 -0.3317  0.6245  0.3317


 Q=  0.069513 -0.208538  0.069513, q=  0.250000 -0.250000  0.250000

                       Cu X   0        Cu Y   0        Cu Z   0     
                    --------------- --------------- ---------------
    0   4.7650 THz  -0.7071  0.0000 -0.0000 -0.0000  0.7071 -0.0000
    1   5.3385 THz   0.5888  0.0000  0.5537 -0.0000  0.5888 -0.0000
    2   7.0343 THz  -0.3915  0.0000  0.8327 -0.0000 -0.3915 -0.0000


 Q= -0.208538  0.069513  0.208538, q=  0.250000  0.000000 -0.500000

                       Cu X   0        Cu Y   0        Cu Z   0     
                    --------------- --------------- ---------------
    0   4.7650 THz   0.7071  0.0000 -0.0000 -0.0000  0.7071  0.0000
    1   5.3385 THz   0.5888  0.0000  0.5537  0.0000 -0.5888 -0.0000
    2   7.0343 THz  -0.3915  0.0000  0.8327 -0.0000  0.3915 -0.0000


 Q= -0.139025  0.000000  0.139025, q=  0.250000  0.000000 -0.250000

                       Cu X   0        Cu Y   0        Cu Z   0     
                    --------------- --------------- ---------------
    0   3.9361 THz   0.7071  0.0000  0.0000  0.0000  0.7071  0.0000
    1   5.4486 THz   0.0000  0.0000  0.9870  0.1607  0.0000  0.0000
    2   6.7272 THz   0.7071  0.0000  0.0000 -0.0000 -0.7071 -0.0000


 Q= -0.069513 -0.069513  0.069513, q=  0.250000  0.000000  0.000000

                       Cu X   0        Cu Y   0        Cu Z   0     
                    --------------- --------------- ---------------
    0   2.9047 THz   0.8165  0.0000 -0.4082 -0.0000  0.4082  0.0000
    1   2.9047 THz   0.0000  0.0000 -0.0000 -0.7071 -0.0000 -0.7071
    2   6.0539 THz  -0.5774  0.0000 -0.5774 -0.0000  0.5774  0.0000


 Q=  0.000000 -0.139025  0.000000, q=  0.250000  0.000000  0.250000

                       Cu X   0        Cu Y   0        Cu Z   0     
                    --------------- --------------- ---------------
    0   4.2070 THz   1.0000  0.0000  0.0000  0.0000  0.0000  0.0000
    1   4.2070 THz   0.0000  0.0000 -0.0000 -0.0000  0.9985  0.0550
    2   5.8409 THz   0.0000  0.0000 -0.9997  0.0264  0.0000  0.0000


 Q= -0.278050  0.139025  0.139025, q=  0.250000  0.250000 -0.500000

                       Cu X   0        Cu Y   0        Cu Z   0     
                    --------------- --------------- ---------------
    0   3.9361 THz   0.0000  0.0000  0.7029 -0.0772 -0.7029  0.0772
    1   5.4486 THz   1.0000  0.0000  0.0000  0.0000  0.0000  0.0000
    2   6.7272 THz   0.0000  0.0000 -0.7071 -0.0061 -0.7071 -0.0061


 Q= -0.208538  0.069513  0.069513, q=  0.250000  0.250000 -0.250000

                       Cu X   0        Cu Y   0        Cu Z   0     
                    --------------- --------------- ---------------
    0   4.7650 THz   0.0000  0.0000  0.6923 -0.1440 -0.6923  0.1440
    1   5.3385 THz  -0.5537  0.0000 -0.5888  0.0000 -0.5888  0.0000
    2   7.0343 THz   0.8327  0.0000 -0.3915  0.0000 -0.3915  0.0000


 Q= -0.139025  0.000000  0.000000, q=  0.250000  0.250000  0.000000

                       Cu X   0        Cu Y   0        Cu Z   0     
                    --------------- --------------- ---------------
    0   4.2070 THz   0.0000  0.0000 -0.6880 -0.0554 -0.2302 -0.6860
    1   4.2070 THz   0.0000  0.0000 -0.7175 -0.0941  0.1866  0.6645
    2   5.8409 THz   1.0000  0.0000  0.0000  0.0000  0.0000  0.0000


 Q= -0.069513 -0.069513 -0.069513, q=  0.250000  0.250000  0.250000

                       Cu X   0        Cu Y   0        Cu Z   0     
                    --------------- --------------- ---------------
    0   2.9047 THz   0.8165  0.0000 -0.4082  0.0000 -0.4082 -0.0000
    1   2.9047 THz   0.0000  0.0000  0.6917  0.1467 -0.6917 -0.1467
    2   6.0539 THz  -0.5774  0.0000 -0.5774  0.0000 -0.5774 -0.0000
