4.974166 0.000000 -0.847316
0.000000 5.125519 0.000000
-0.001973 0.000000 5.210682
0.722275 0.457291 0.292161 Hf
0.277725 0.957291 0.207839 Hf
0.277725 0.542709 0.707839 Hf
0.722275 0.042709 0.792161 Hf
0.553115 0.741826 0.018744 O
0.446885 0.241826 0.481256 O
0.446885 0.258174 0.981256 O
0.553115 0.758174 0.518744 O
0.928539 0.338167 0.660090 O
0.071461 0.838167 0.839910 O
0.071461 0.661833 0.339910 O
0.928539 0.161833 0.160090 O
5.046328 0.0 0.081597 
0.0 5.028575 0.0 
0.081597 0.0 4.675476 
 ion  1
  1 5.38581 -0.32106 0.11748 
  2 -0.10784 5.31266 0.18992 
  3 0.13157 0.41378 4.7158 
 ion  2
  1 5.3858 0.32115 0.11745 
  2 0.10784 5.31266 -0.18992 
  3 0.13157 -0.41384 4.71568 
 ion  3
  1 5.3858 -0.32115 0.11745 
  2 -0.10786 5.31251 0.1903 
  3 0.13157 0.41384 4.71568 
 ion  4
  1 5.38581 0.32106 0.11748 
  2 0.10786 5.31251 -0.1903 
  3 0.13157 -0.41378 4.7158 
 ion  5
  1 -2.39202 0.1689 -0.02386 
  2 0.22442 -2.73057 0.31738 
  3 -0.06968 0.39618 -2.52245 
 ion  6
  1 -2.39201 -0.16892 -0.02385 
  2 -0.22442 -2.73057 -0.31738 
  3 -0.06979 -0.39616 -2.52258 
 ion  7
  1 -2.39201 0.16892 -0.02385 
  2 0.22491 -2.73059 0.31734 
  3 -0.06979 0.39616 -2.52258 
 ion  8
  1 -2.39202 -0.1689 -0.02386 
  2 -0.22491 -2.73059 -0.31734 
  3 -0.06968 -0.39618 -2.52245 
 ion  9
  1 -2.99536 -0.91963 -0.09358 
  2 -1.1605 -2.58398 0.85746 
  3 -0.0618 0.81686 -2.19495 
 ion  10
  1 -2.99537 0.91978 -0.09358 
  2 1.1605 -2.58398 -0.85746 
  3 -0.06171 -0.81728 -2.19496 
 ion  11
  1 -2.99537 -0.91978 -0.09358 
  2 -1.16073 -2.58412 0.85688 
  3 -0.06171 0.81728 -2.19496 
 ion  12
  1 -2.99536 0.91963 -0.09358 
  2 1.16073 -2.58412 -0.85688 
  3 -0.0618 -0.81686 -2.19495 
