6.594344 0.000000 0.000000
0.000000 6.594344 0.000000
3.297173 3.297173 2.977962
0.805493 0.871452 0.389015 O
0.805493 0.239533 0.389015 O
0.739533 0.305493 0.889015 O
0.371452 0.305493 0.889015 O
0.194507 0.760467 0.610985 O
0.194507 0.128548 0.610985 O
0.260467 0.694507 0.110985 O
0.628548 0.694507 0.110985 O
0.625000 0.875000 0.750000 Si
0.375000 0.125000 0.250000 Si
0.875000 0.625000 0.250000 Zr
0.125000 0.375000 0.750000 Zr
4.12853 0.0 1e-06 
0.0 4.12853 1e-06 
1e-06 1e-06 4.342906 
 ion  1
  1 -1.14906 -7e-05 2e-05 
  2 -0.0 -3.15809 -0.33717 
  3 -0.0 -0.15106 -2.25348 
 ion  2
  1 -1.14906 7e-05 2e-05 
  2 0.0 -3.15816 0.33711 
  3 -0.0 0.15106 -2.25348 
 ion  3
  1 -3.15811 0.0 0.33721 
  2 8e-05 -1.14906 1e-05 
  3 0.15106 -0.0 -2.25348 
 ion  4
  1 -3.15814 -0.0 -0.33707 
  2 -8e-05 -1.14906 1e-05 
  3 -0.15106 -0.0 -2.25348 
 ion  5
  1 -1.14906 -7e-05 -2e-05 
  2 0.0 -3.15809 0.33717 
  3 -0.0 0.15094 -2.25357 
 ion  6
  1 -1.14906 7e-05 -2e-05 
  2 -0.0 -3.15816 -0.33711 
  3 -0.0 -0.15095 -2.25357 
 ion  7
  1 -3.15814 0.0 0.33707 
  2 -8e-05 -1.14906 -1e-05 
  3 0.15094 -0.0 -2.25357 
 ion  8
  1 -3.15811 -0.0 -0.33721 
  2 8e-05 -1.14906 -1e-05 
  3 -0.15095 -0.0 -2.25357 
 ion  9
  1 3.22064 0.0 3e-05 
  2 -0.0 3.22064 -4e-05 
  3 0.0 0.0 4.4299 
 ion  10
  1 3.22064 -0.0 -3e-05 
  2 0.0 3.22064 4e-05 
  3 0.0 0.0 4.4299 
 ion  11
  1 5.39303 0.0 0.0 
  2 0.0 5.39294 1e-05 
  3 -0.0 -0.0 4.58364 
 ion  12
  1 5.39303 -0.0 -0.0 
  2 -0.0 5.39294 -1e-05 
  3 -0.0 -0.0 4.58364 
