
Used Primitive lattice vector

    3.976524000000      0.000000000000      0.000000000000  
    0.000000000000      3.976524000000      0.000000000000  
    0.000000000000      0.000000000000      3.976524000000  

   5 Atom(s) in the Primitive cell

 0.5000000000 0.5000000000 0.5000000000 Ti    0
 0.0000000000 -0.0000000000 0.0000000000 Pb    1
 0.5000000000 0.0000000000 0.5000000000  O    2
 0.5000000000 0.5000000000 -0.0000010000  O    3
 0.0000000000 0.5000000000 0.5000010000  O    4


 Q= -0.125738 -0.062869  0.000000, q= -0.500000 -0.250000  0.000000

                       Ti X   0        Ti Y   0        Ti Z   0        Pb X   1        Pb Y   1        Pb Z   1         O X   2         O Y   2         O Z   2         O X   3         O Y   3         O Z   3         O X   4         O Y   4         O Z   4     
                    --------------- --------------- --------------- --------------- --------------- --------------- --------------- --------------- --------------- --------------- --------------- --------------- --------------- --------------- ---------------
    0   1.1846 THz  -0.0000  0.0000 -0.2669 -0.0040  0.0000 -0.0000  0.9540  0.0142  0.0000  0.0000 -0.0968 -0.0014  0.0000 -0.0000  0.0408  0.0006 -0.0000  0.0000  0.0000  0.0000  0.0860  0.0013 -0.0000  0.0000 -0.0059 -0.0001 -0.0000  0.0000  0.0072  0.0001
    1   1.2345 THz   0.1193  0.0000 -0.0000 -0.0000  0.0011  0.0000  0.0000  0.0000 -0.9889  0.0000 -0.0000  0.0000 -0.0132  0.0000  0.0000  0.0000  0.0026 -0.0000 -0.0607  0.0000  0.0000  0.0000  0.0004 -0.0000 -0.0000 -0.0000  0.0639  0.0000  0.0000 -0.0000
    2   1.3655 THz  -0.0000  0.0000 -0.0209 -0.0149  0.0000  0.0000  0.0760  0.0539  0.0000 -0.0000  0.8106  0.5752 -0.0000 -0.0000  0.0026  0.0018 -0.0000 -0.0000  0.0000  0.0000  0.0066  0.0047 -0.0000 -0.0000  0.0002  0.0001  0.0000  0.0000 -0.0412 -0.0293
    3  -2.5018 THz  -0.0009  0.0000  0.0000  0.0000  0.9781  0.0000 -0.0000 -0.0000  0.0005 -0.0000 -0.0000 -0.0000 -0.0009 -0.0000  0.0000  0.0000 -0.1029 -0.0000  0.0021  0.0000  0.0000 -0.0000 -0.1810 -0.0000 -0.0000  0.0000 -0.0001  0.0000  0.0000  0.0000
    4   5.5138 THz  -0.2372  0.0000  0.0000  0.0000  0.0003  0.0000 -0.0000  0.0000  0.0291  0.0000 -0.0000  0.0000 -0.6742 -0.0000  0.0000 -0.0000  0.0047 -0.0000 -0.0604 -0.0000  0.0000 -0.0000  0.0023 -0.0000 -0.0000  0.0000  0.6962  0.0000 -0.0000 -0.0000
    5   6.7764 THz   0.0000  0.0000  0.6407 -0.0296  0.0000 -0.0000  0.1047 -0.0048 -0.0000  0.0000  0.0002 -0.0000  0.0000 -0.0000  0.1968 -0.0091  0.0000 -0.0000  0.0000  0.0000  0.7333 -0.0339  0.0000 -0.0000  0.0056 -0.0003 -0.0000  0.0000  0.0008 -0.0000
    6   7.5572 THz   0.0959  0.0000 -0.0000  0.0000 -0.1747 -0.0000  0.0000  0.0000  0.0001 -0.0000 -0.0000 -0.0000 -0.0332 -0.0000  0.0000  0.0000 -0.8454 -0.0000  0.1757  0.0000  0.0000 -0.0000 -0.4616 -0.0000 -0.0000 -0.0000  0.0231  0.0000  0.0000 -0.0000
    7   8.1491 THz   0.5197  0.0000  0.0000  0.0000  0.0365  0.0000  0.0000  0.0000  0.0227 -0.0000 -0.0000  0.0000 -0.1330 -0.0000 -0.0000 -0.0000  0.1691  0.0000  0.8103 -0.0000 -0.0000 -0.0000  0.1083  0.0000  0.0000  0.0000  0.1161  0.0000 -0.0000  0.0000
    8   9.1862 THz  -0.0000  0.0000  0.6914  0.0189 -0.0000  0.0000  0.2572  0.0070 -0.0000 -0.0000 -0.0003 -0.0000  0.0000  0.0000 -0.2391 -0.0065 -0.0000 -0.0000 -0.0000  0.0000 -0.5786 -0.0158 -0.0000 -0.0000  0.2509  0.0069 -0.0000  0.0000  0.0113  0.0003
    9   9.4615 THz  -0.0000  0.0000  0.0022 -0.0075 -0.0000  0.0000  0.0014 -0.0049 -0.0000 -0.0000 -0.0142  0.0490 -0.0000 -0.0000 -0.0006  0.0022 -0.0000 -0.0000 -0.0000  0.0000 -0.0016  0.0056 -0.0000  0.0000  0.0007 -0.0025  0.0000  0.0000 -0.2771  0.9594
   10  11.1321 THz   0.5411  0.0000 -0.0000  0.0000 -0.0018 -0.0000  0.0000  0.0000  0.1194 -0.0000  0.0000 -0.0000  0.4605  0.0000  0.0000  0.0000 -0.0055  0.0000 -0.3566  0.0000 -0.0000 -0.0000 -0.0159  0.0000  0.0000  0.0000  0.5945  0.0000 -0.0000  0.0000
   11  12.9739 THz   0.0136  0.0000 -0.0000 -0.0000 -0.1073 -0.0000 -0.0000 -0.0000  0.0015 -0.0000 -0.0000  0.0000 -0.0184 -0.0000  0.0000 -0.0000  0.4958  0.0000  0.0066 -0.0000 -0.0000  0.0000 -0.8614 -0.0000 -0.0000  0.0000 -0.0131 -0.0000  0.0000  0.0000
   12  13.9722 THz   0.0000  0.0000 -0.1008 -0.1113 -0.0000 -0.0000 -0.0245 -0.0270  0.0000  0.0000 -0.0006 -0.0007 -0.0000  0.0000 -0.5255 -0.5802  0.0000  0.0000 -0.0000  0.0000  0.2301  0.2540  0.0000 -0.0000  0.3328  0.3675 -0.0000  0.0000 -0.0002 -0.0002
   13  14.1469 THz   0.5977  0.0000  0.0000  0.0000  0.0018 -0.0000  0.0000  0.0000  0.0809 -0.0000 -0.0000 -0.0000 -0.5604 -0.0000  0.0000  0.0000 -0.0165  0.0000 -0.4219 -0.0000 -0.0000 -0.0000  0.0144 -0.0000 -0.0000 -0.0000 -0.3790 -0.0000 -0.0000  0.0000
   14  21.3283 THz  -0.0000  0.0000 -0.0753 -0.1004  0.0000  0.0000 -0.0299 -0.0399 -0.0000  0.0000 -0.0001 -0.0001 -0.0000 -0.0000  0.3227  0.4305  0.0000 -0.0000  0.0000  0.0000 -0.0204 -0.0272  0.0000 -0.0000  0.4986  0.6652 -0.0000 -0.0000 -0.0001 -0.0001


 Q= -0.125738  0.062869  0.000000, q= -0.500000  0.250000  0.000000

                       Ti X   0        Ti Y   0        Ti Z   0        Pb X   1        Pb Y   1        Pb Z   1         O X   2         O Y   2         O Z   2         O X   3         O Y   3         O Z   3         O X   4         O Y   4         O Z   4     
                    --------------- --------------- --------------- --------------- --------------- --------------- --------------- --------------- --------------- --------------- --------------- --------------- --------------- --------------- ---------------
    0   1.1846 THz   0.0000  0.0000  0.2665  0.0136 -0.0000  0.0000  0.9528  0.0485  0.0000 -0.0000 -0.0967 -0.0049 -0.0000 -0.0000 -0.0407 -0.0021  0.0000  0.0000 -0.0000 -0.0000 -0.0859 -0.0044  0.0000  0.0000 -0.0059 -0.0003 -0.0000 -0.0000  0.0072  0.0004
    1   1.2345 THz   0.1193  0.0000 -0.0000 -0.0000  0.0011 -0.0000 -0.0000 -0.0000  0.9889  0.0000  0.0000  0.0000 -0.0132 -0.0000  0.0000  0.0000  0.0026  0.0000 -0.0607 -0.0000  0.0000  0.0000  0.0004  0.0000  0.0000 -0.0000 -0.0639 -0.0000 -0.0000 -0.0000
    2   1.3655 THz   0.0000  0.0000 -0.0257 -0.0007  0.0000  0.0000 -0.0932 -0.0024  0.0000 -0.0000 -0.9937 -0.0254  0.0000  0.0000  0.0031  0.0001  0.0000  0.0000 -0.0000  0.0000  0.0081  0.0002  0.0000 -0.0000 -0.0002 -0.0000 -0.0000  0.0000  0.0505  0.0013
    3  -2.5018 THz  -0.0009  0.0000  0.0000  0.0000  0.9781 -0.0000  0.0000  0.0000 -0.0005 -0.0000  0.0000 -0.0000 -0.0009  0.0000 -0.0000  0.0000 -0.1029  0.0000  0.0021 -0.0000 -0.0000 -0.0000 -0.1810  0.0000 -0.0000 -0.0000  0.0001  0.0000 -0.0000 -0.0000
    4   5.5138 THz  -0.2372  0.0000 -0.0000 -0.0000  0.0003 -0.0000 -0.0000  0.0000 -0.0291  0.0000 -0.0000  0.0000 -0.6742  0.0000 -0.0000  0.0000  0.0047 -0.0000 -0.0604  0.0000 -0.0000  0.0000  0.0023 -0.0000 -0.0000 -0.0000 -0.6962 -0.0000  0.0000 -0.0000
    5   6.7764 THz  -0.0000  0.0000  0.6404 -0.0341 -0.0000 -0.0000 -0.1047  0.0056  0.0000 -0.0000 -0.0002  0.0000 -0.0000 -0.0000  0.1967 -0.0105 -0.0000  0.0000 -0.0000  0.0000  0.7330 -0.0391 -0.0000  0.0000 -0.0056  0.0003 -0.0000  0.0000 -0.0008  0.0000
    6   7.5572 THz   0.0959  0.0000 -0.0000 -0.0000 -0.1747 -0.0000  0.0000  0.0000 -0.0001 -0.0000 -0.0000 -0.0000 -0.0332 -0.0000 -0.0000  0.0000 -0.8454 -0.0000  0.1757  0.0000 -0.0000  0.0000 -0.4616 -0.0000 -0.0000  0.0000 -0.0231 -0.0000 -0.0000 -0.0000
    7   8.1491 THz  -0.5197  0.0000  0.0000  0.0000 -0.0365 -0.0000 -0.0000 -0.0000  0.0227  0.0000 -0.0000 -0.0000  0.1330 -0.0000 -0.0000 -0.0000 -0.1691 -0.0000 -0.8103 -0.0000 -0.0000 -0.0000 -0.1083 -0.0000 -0.0000 -0.0000  0.1161  0.0000 -0.0000 -0.0000
    8   9.1862 THz   0.0000  0.0000  0.6917 -0.0044  0.0000  0.0000 -0.2573  0.0016  0.0000  0.0000  0.0003 -0.0000 -0.0000  0.0000 -0.2391  0.0015  0.0000  0.0000  0.0000 -0.0000 -0.5788  0.0037  0.0000 -0.0000 -0.2510  0.0016  0.0000  0.0000 -0.0113  0.0001
    9   9.4615 THz   0.0000  0.0000 -0.0038 -0.0068 -0.0000  0.0000  0.0025  0.0045 -0.0000 -0.0000 -0.0250 -0.0445 -0.0000  0.0000  0.0011  0.0020  0.0000 -0.0000  0.0000 -0.0000  0.0029  0.0051 -0.0000  0.0000  0.0013  0.0023 -0.0000 -0.0000 -0.4895 -0.8704
   10  11.1321 THz   0.5411  0.0000  0.0000  0.0000 -0.0018  0.0000  0.0000  0.0000 -0.1194 -0.0000  0.0000 -0.0000  0.4605 -0.0000 -0.0000  0.0000 -0.0055 -0.0000 -0.3566 -0.0000 -0.0000 -0.0000 -0.0159 -0.0000 -0.0000  0.0000 -0.5945 -0.0000  0.0000  0.0000
   11  12.9739 THz  -0.0136  0.0000 -0.0000 -0.0000  0.1073  0.0000  0.0000  0.0000  0.0015  0.0000  0.0000 -0.0000  0.0184  0.0000  0.0000 -0.0000 -0.4958 -0.0000 -0.0066 -0.0000 -0.0000  0.0000  0.8614  0.0000  0.0000 -0.0000 -0.0131 -0.0000 -0.0000 -0.0000
   12  13.9722 THz  -0.0000  0.0000  0.1479 -0.0261  0.0000 -0.0000 -0.0359  0.0063 -0.0000 -0.0000 -0.0009  0.0002  0.0000  0.0000  0.7709 -0.1361  0.0000  0.0000  0.0000  0.0000 -0.3375  0.0596 -0.0000 -0.0000  0.4883 -0.0862 -0.0000 -0.0000 -0.0002  0.0000
   13  14.1469 THz   0.5977  0.0000 -0.0000 -0.0000  0.0018  0.0000  0.0000  0.0000 -0.0809 -0.0000  0.0000 -0.0000 -0.5604  0.0000  0.0000 -0.0000 -0.0165 -0.0000 -0.4219  0.0000 -0.0000  0.0000  0.0144  0.0000  0.0000 -0.0000  0.3790  0.0000  0.0000  0.0000
   14  21.3283 THz   0.0000  0.0000  0.0223 -0.1235 -0.0000 -0.0000 -0.0089  0.0491 -0.0000 -0.0000 -0.0000  0.0001  0.0000 -0.0000 -0.0956  0.5295  0.0000 -0.0000  0.0000  0.0000  0.0060 -0.0335 -0.0000 -0.0000  0.1478 -0.8181  0.0000 -0.0000 -0.0000  0.0001


 Q= -0.083825 -0.125738  0.083825, q= -0.333333 -0.500000  0.333333

                       Ti X   0        Ti Y   0        Ti Z   0        Pb X   1        Pb Y   1        Pb Z   1         O X   2         O Y   2         O Z   2         O X   3         O Y   3         O Z   3         O X   4         O Y   4         O Z   4     
                    --------------- --------------- --------------- --------------- --------------- --------------- --------------- --------------- --------------- --------------- --------------- --------------- --------------- --------------- ---------------
    0   1.3248 THz   0.0000  0.0000 -0.0847 -0.0034 -0.0000  0.0000  0.9810  0.0396 -0.0000  0.0000 -0.1467 -0.0059 -0.0097 -0.0004  0.0000  0.0000 -0.0064 -0.0003 -0.0000  0.0000  0.0847  0.0034  0.0000  0.0000 -0.0000  0.0000  0.0019  0.0001  0.0000  0.0000
    1   1.4697 THz   0.1116  0.0000  0.0000  0.0000 -0.1070 -0.0000 -0.0000 -0.0000 -0.9847  0.0000  0.0000 -0.0000 -0.0000  0.0000  0.0099  0.0000 -0.0000  0.0000 -0.0540 -0.0000 -0.0000 -0.0000  0.0033  0.0000 -0.0033  0.0000  0.0000  0.0000  0.0590 -0.0000
    2   1.5274 THz   0.0000  0.0000 -0.0731  0.0004 -0.0000 -0.0000 -0.1516  0.0008 -0.0000 -0.0000 -0.9802  0.0049  0.0968 -0.0005  0.0000  0.0000  0.0394 -0.0002 -0.0000 -0.0000 -0.0001  0.0000  0.0000  0.0000 -0.0000  0.0000  0.0021 -0.0000  0.0000  0.0000
    3   4.3104 THz  -0.0000  0.0000  0.0161  0.0032  0.0000  0.0000  0.0189  0.0037  0.0000  0.0000 -0.0721 -0.0143 -0.5250 -0.1041 -0.0000 -0.0000 -0.4319 -0.0856 -0.0000 -0.0000 -0.4328 -0.0858 -0.0000 -0.0000 -0.0000 -0.0000  0.5540  0.1098 -0.0000 -0.0000
    4   4.4699 THz   0.0000  0.0000 -0.2088 -0.0079 -0.0000 -0.0000  0.0353  0.0013 -0.0000 -0.0000  0.0280  0.0011  0.4055  0.0154 -0.0000 -0.0000 -0.5279 -0.0200  0.0000  0.0000 -0.5535 -0.0210  0.0000  0.0000  0.0000  0.0000 -0.4511 -0.0171  0.0000  0.0000
    5   5.2360 THz   0.1512  0.0000  0.0000 -0.0000  0.1499 -0.0000  0.0000  0.0000  0.0063  0.0000  0.0000 -0.0000 -0.0000  0.0000  0.0009 -0.0000 -0.0000 -0.0000  0.6672  0.0000 -0.0000 -0.0000  0.0916  0.0000  0.0909 -0.0000  0.0000 -0.0000  0.7020 -0.0000
    6   9.1361 THz   0.7479  0.0000 -0.0000 -0.0000  0.5704 -0.0000  0.0000  0.0000  0.0189  0.0000 -0.0000  0.0000 -0.0000 -0.0000  0.0192  0.0000  0.0000  0.0000 -0.0875 -0.0000  0.0000  0.0000 -0.2107 -0.0000 -0.2031  0.0000 -0.0000  0.0000 -0.1462  0.0000
    7   9.7175 THz   0.5564  0.0000 -0.0000  0.0000 -0.7287  0.0000  0.0000  0.0000  0.1171 -0.0000  0.0000  0.0000  0.0000  0.0000  0.1784 -0.0000  0.0000  0.0000  0.2529  0.0000 -0.0000 -0.0000  0.0201  0.0000  0.0556 -0.0000  0.0000  0.0000 -0.2156  0.0000
    8  11.1458 THz   0.0000  0.0000 -0.7911  0.1169 -0.0000  0.0000 -0.0430  0.0063  0.0000 -0.0000  0.0478 -0.0071 -0.3422  0.0506  0.0000 -0.0000  0.4033 -0.0596 -0.0000 -0.0000 -0.2164  0.0320  0.0000 -0.0000  0.0000 -0.0000 -0.1483  0.0219  0.0000 -0.0000
    9  11.3365 THz   0.1873  0.0000  0.0000 -0.0000 -0.2004  0.0000 -0.0000  0.0000  0.1199 -0.0000 -0.0000  0.0000 -0.0000  0.0000  0.2364 -0.0000 -0.0000  0.0000 -0.6582 -0.0000  0.0000 -0.0000  0.1088  0.0000 -0.1212  0.0000 -0.0000  0.0000  0.6282 -0.0000
   10  11.3597 THz  -0.0000  0.0000 -0.0506  0.0097  0.0000  0.0000 -0.0613  0.0118 -0.0000  0.0000 -0.0580  0.0111 -0.5209  0.0999 -0.0000  0.0000 -0.4664  0.0895  0.0000 -0.0000  0.4750 -0.0911 -0.0000  0.0000  0.0000 -0.0000 -0.4903  0.0940 -0.0000  0.0000
   11  12.7728 THz   0.0000  0.0000 -0.5478  0.0348  0.0000  0.0000 -0.0751  0.0048 -0.0000 -0.0000  0.0754 -0.0048  0.3712 -0.0236 -0.0000  0.0000 -0.3650  0.0232 -0.0000  0.0000  0.4569 -0.0290  0.0000  0.0000  0.0000  0.0000  0.4525 -0.0287 -0.0000 -0.0000
   12  13.1649 THz   0.1979  0.0000  0.0000 -0.0000  0.1734 -0.0000  0.0000 -0.0000  0.0050  0.0000 -0.0000  0.0000 -0.0000  0.0000 -0.0988 -0.0000  0.0000 -0.0000 -0.1602 -0.0000 -0.0000  0.0000  0.6004  0.0000  0.7245 -0.0000 -0.0000  0.0000 -0.0994  0.0000
   13  13.2376 THz  -0.1102  0.0000 -0.0000 -0.0000  0.1722 -0.0000  0.0000 -0.0000 -0.0397  0.0000  0.0000  0.0000  0.0000  0.0000  0.7016 -0.0000 -0.0000 -0.0000  0.1458  0.0000  0.0000  0.0000  0.5367  0.0000 -0.3519  0.0000  0.0000  0.0000 -0.1767  0.0000
   14  22.7392 THz   0.0973  0.0000 -0.0000  0.0000 -0.0995 -0.0000  0.0000 -0.0000  0.0179 -0.0000 -0.0000 -0.0000  0.0000 -0.0000 -0.6401  0.0000  0.0000 -0.0000  0.0095  0.0000  0.0000 -0.0000  0.5352  0.0000 -0.5329  0.0000  0.0000 -0.0000 -0.0089  0.0000


 Q= -0.083825  0.000000  0.083825, q= -0.333333  0.000000  0.333333

                       Ti X   0        Ti Y   0        Ti Z   0        Pb X   1        Pb Y   1        Pb Z   1         O X   2         O Y   2         O Z   2         O X   3         O Y   3         O Z   3         O X   4         O Y   4         O Z   4     
                    --------------- --------------- --------------- --------------- --------------- --------------- --------------- --------------- --------------- --------------- --------------- --------------- --------------- --------------- ---------------
    0  -0.4232 THz  -0.1156  0.0000  0.0000 -0.0000 -0.1378 -0.0000 -0.7404 -0.0000  0.0000  0.0000 -0.6307 -0.0000  0.0780  0.0000 -0.0000  0.0000  0.0711  0.0000  0.0689  0.0000 -0.0000 -0.0000  0.0262  0.0000  0.0260 -0.0000 -0.0000 -0.0000  0.0663 -0.0000
    1   1.5142 THz   0.0000  0.0000  0.1964  0.0000 -0.0000  0.0000 -0.0000  0.0000 -0.9797 -0.0001  0.0000 -0.0000 -0.0000  0.0000 -0.0264 -0.0000  0.0000 -0.0000  0.0000  0.0000  0.0244  0.0000  0.0000 -0.0000 -0.0000 -0.0000  0.0200  0.0000 -0.0000  0.0000
    2   1.5877 THz   0.1278  0.0000 -0.0000 -0.0000 -0.1139 -0.0000 -0.6389 -0.0000  0.0000  0.0000  0.7452  0.0000 -0.0676  0.0000  0.0000  0.0000  0.0317  0.0000  0.0177  0.0000 -0.0000 -0.0000  0.0091  0.0000 -0.0159  0.0000 -0.0000 -0.0000 -0.0294  0.0000
    3  -2.5168 THz  -0.0000  0.0000 -0.9563  0.0781 -0.0000  0.0000 -0.0000  0.0000 -0.1931  0.0158  0.0000 -0.0000 -0.0000  0.0000  0.1756 -0.0143 -0.0000  0.0000 -0.0000  0.0000  0.0724 -0.0059 -0.0000 -0.0000 -0.0000 -0.0000  0.0737 -0.0060 -0.0000  0.0000
    4   5.1490 THz  -0.1822  0.0000  0.0000 -0.0000 -0.1689 -0.0000 -0.0473 -0.0000  0.0000  0.0000 -0.0558 -0.0000 -0.1459  0.0000 -0.0000 -0.0000 -0.1138 -0.0000 -0.6463 -0.0000 -0.0000 -0.0000 -0.1106 -0.0000 -0.1134  0.0000 -0.0000 -0.0000 -0.6751  0.0000
    5   7.1332 THz   0.2937  0.0000 -0.0000  0.0000  0.3564 -0.0000 -0.0271  0.0000  0.0000  0.0000 -0.0016 -0.0000  0.5248 -0.0000 -0.0000  0.0000  0.6383 -0.0000 -0.2103 -0.0000 -0.0000  0.0000  0.0903  0.0000  0.0730 -0.0000 -0.0000  0.0000 -0.2131  0.0000
    6   7.5630 THz  -0.4780  0.0000 -0.0000 -0.0000  0.3956 -0.0000 -0.0364  0.0000  0.0000 -0.0000  0.0357 -0.0000 -0.5844 -0.0000 -0.0000 -0.0000  0.5003 -0.0000  0.0179  0.0000 -0.0000 -0.0000  0.0910  0.0000 -0.0944  0.0000 -0.0000 -0.0000  0.0554 -0.0000
    7   7.7447 THz  -0.0000  0.0000  0.1575  0.0683  0.0000  0.0000 -0.0000 -0.0000  0.0447  0.0194  0.0000  0.0000 -0.0000  0.0000  0.4449  0.1929  0.0000  0.0000 -0.0000 -0.0000  0.5323  0.2308  0.0000  0.0000 -0.0000 -0.0000  0.5777  0.2505 -0.0000 -0.0000
    8   9.2528 THz  -0.0000  0.0000  0.0050  0.0013 -0.0000 -0.0000  0.0000  0.0000  0.0044  0.0011 -0.0000  0.0000 -0.0000  0.0000  0.0215  0.0054  0.0000  0.0000  0.0000  0.0000  0.7037  0.1777  0.0000  0.0000  0.0000  0.0000 -0.6667 -0.1683  0.0000  0.0000
    9  10.1758 THz   0.5944  0.0000  0.0000  0.0000  0.5399  0.0000 -0.1387 -0.0000  0.0000  0.0000 -0.1639 -0.0000 -0.3486 -0.0000  0.0000  0.0000 -0.2574 -0.0000 -0.0021 -0.0000  0.0000  0.0000 -0.2430 -0.0000 -0.2390  0.0000 -0.0000  0.0000 -0.0715  0.0000
   10  10.8297 THz   0.3623  0.0000 -0.0000  0.0000 -0.4623 -0.0000  0.1217  0.0000 -0.0000  0.0000 -0.0996 -0.0000 -0.3422 -0.0000 -0.0000  0.0000  0.3818  0.0000  0.4398  0.0000  0.0000 -0.0000 -0.0365 -0.0000  0.0966 -0.0000  0.0000 -0.0000 -0.4041  0.0000
   11  12.9868 THz   0.0000  0.0000  0.0855  0.0630 -0.0000 -0.0000  0.0000  0.0000 -0.0145 -0.0107 -0.0000  0.0000 -0.0000  0.0000  0.6893  0.5074  0.0000  0.0000 -0.0000  0.0000 -0.2913 -0.2144 -0.0000 -0.0000 -0.0000 -0.0000 -0.2847 -0.2095 -0.0000 -0.0000
   12  13.7625 THz  -0.3153  0.0000  0.0000  0.0000  0.3315 -0.0000 -0.0533  0.0000  0.0000 -0.0000  0.0552  0.0000  0.2582  0.0000  0.0000  0.0000 -0.2583  0.0000  0.5699  0.0000 -0.0000 -0.0000  0.0919  0.0000 -0.0716  0.0000 -0.0000 -0.0000 -0.5595  0.0000
   13  14.0871 THz   0.1442  0.0000  0.0000 -0.0000  0.1491 -0.0000 -0.0349  0.0000  0.0000  0.0000 -0.0371  0.0000 -0.2139  0.0000  0.0000 -0.0000 -0.2106  0.0000 -0.1177 -0.0000 -0.0000  0.0000  0.6471  0.0000  0.6506 -0.0000 -0.0000  0.0000 -0.0916  0.0000
   14  21.5320 THz   0.1325  0.0000 -0.0000 -0.0000 -0.1366 -0.0000  0.0344  0.0000  0.0000 -0.0000 -0.0346  0.0000  0.0082 -0.0000 -0.0000  0.0000 -0.0094 -0.0000 -0.0241 -0.0000  0.0000 -0.0000  0.6949  0.0000 -0.6908  0.0000  0.0000 -0.0000  0.0239 -0.0000


 Q= -0.041913 -0.062869 -0.083825, q= -0.166667 -0.250000 -0.333333

                       Ti X   0        Ti Y   0        Ti Z   0        Pb X   1        Pb Y   1        Pb Z   1         O X   2         O Y   2         O Z   2         O X   3         O Y   3         O Z   3         O X   4         O Y   4         O Z   4     
                    --------------- --------------- --------------- --------------- --------------- --------------- --------------- --------------- --------------- --------------- --------------- --------------- --------------- --------------- ---------------
    0   0.5954 THz   0.2096  0.0000  0.0830 -0.0000 -0.0797  0.0000  0.6709 -0.0000  0.1412 -0.0000 -0.6770  0.0000 -0.0604  0.0000 -0.0006  0.0000  0.0561 -0.0000 -0.0493  0.0000 -0.0078  0.0000  0.0311 -0.0000 -0.0382 -0.0000 -0.0229 -0.0000  0.0476  0.0000
    1   0.8673 THz   0.0758  0.0000 -0.1299 -0.0000  0.0579 -0.0000  0.5170  0.0000 -0.7517  0.0000  0.3537 -0.0000 -0.0237 -0.0000  0.0357  0.0000 -0.0248  0.0000 -0.0417  0.0000  0.0770 -0.0000 -0.0136  0.0000 -0.0222 -0.0000  0.0589  0.0000 -0.0485 -0.0000
    2   1.3892 THz   0.1967  0.0000  0.1159  0.0000  0.0971 -0.0000 -0.5068  0.0000 -0.6030  0.0000 -0.5631  0.0000 -0.0119  0.0000  0.0067 -0.0000  0.0016  0.0000  0.0022 -0.0000  0.0158 -0.0000  0.0073 -0.0000 -0.0156 -0.0000 -0.0017 -0.0000 -0.0135 -0.0000
    3   5.1132 THz   0.8680  0.0000 -0.1661 -0.0000 -0.0971  0.0000 -0.1121  0.0000  0.1644 -0.0000  0.1869 -0.0000 -0.0780  0.0000  0.1616 -0.0000 -0.1492  0.0000 -0.0304  0.0000  0.1466 -0.0000  0.0500 -0.0000 -0.1462 -0.0000  0.1747  0.0000  0.0616  0.0000
    4   5.2230 THz  -0.2238  0.0000  0.2323 -0.0000 -0.2176  0.0000  0.0163  0.0000  0.0150 -0.0000 -0.0778  0.0000 -0.1057  0.0000  0.1573 -0.0000 -0.5837  0.0000  0.0816 -0.0000  0.5743 -0.0000 -0.1537  0.0000  0.0064  0.0000  0.2533  0.0000 -0.2028 -0.0000
    5   5.8412 THz   0.1737  0.0000 -0.2026  0.0000 -0.1776  0.0000  0.0297 -0.0000 -0.0123  0.0000 -0.0355  0.0000  0.5428 -0.0000 -0.1339  0.0000 -0.1699  0.0000  0.3361 -0.0000  0.0816 -0.0000 -0.0933  0.0000  0.2828  0.0000 -0.5048 -0.0000 -0.3007 -0.0000
    6   6.5894 THz  -0.0743  0.0000 -0.1450 -0.0000  0.1962  0.0000 -0.0112 -0.0000  0.0036 -0.0000 -0.0256  0.0000  0.1886  0.0000 -0.0458 -0.0000 -0.2985 -0.0000 -0.4592  0.0000  0.3015 -0.0000  0.0536 -0.0000 -0.0501 -0.0000 -0.3730 -0.0000  0.6009  0.0000
    7   7.9439 THz  -0.1801  0.0000 -0.8200  0.0000  0.0030  0.0000 -0.0568  0.0000  0.0238 -0.0000 -0.1898  0.0000 -0.3827  0.0000  0.0537  0.0000 -0.0992 -0.0000  0.0239 -0.0000 -0.0188  0.0000 -0.1509  0.0000 -0.1880 -0.0000 -0.0760 -0.0000 -0.1772 -0.0000
    8   9.2668 THz   0.0123  0.0000 -0.1367 -0.0000  0.7419  0.0000  0.0700  0.0000  0.1012  0.0000 -0.0758 -0.0000  0.1880  0.0000  0.1815  0.0000  0.0043 -0.0000  0.3812 -0.0000  0.1333 -0.0000 -0.1287  0.0000  0.2260  0.0000  0.3079  0.0000  0.1265  0.0000
    9  10.0324 THz  -0.0655  0.0000 -0.2106 -0.0000 -0.1394 -0.0000 -0.0151  0.0000  0.0015 -0.0000 -0.0996 -0.0000  0.5595  0.0000  0.0965  0.0000 -0.0827 -0.0000 -0.4829  0.0000 -0.2571  0.0000 -0.1599  0.0000  0.0422  0.0000  0.4957  0.0000 -0.1418 -0.0000
   10  10.4808 THz  -0.0292  0.0000 -0.0383 -0.0000 -0.2347  0.0000  0.0236 -0.0000 -0.0881  0.0000 -0.0145 -0.0000 -0.0542  0.0000 -0.1262  0.0000 -0.4854  0.0000  0.3859 -0.0000 -0.5078  0.0000  0.0052 -0.0000  0.0878  0.0000  0.1632  0.0000  0.4883  0.0000
   11  13.5232 THz   0.1457  0.0000  0.1376 -0.0000  0.2671 -0.0000  0.0195 -0.0000  0.0468 -0.0000  0.0437 -0.0000 -0.3560 -0.0000  0.0170 -0.0000 -0.3179  0.0000 -0.3640  0.0000 -0.2994  0.0000 -0.1730  0.0000  0.5535  0.0000 -0.1786 -0.0000 -0.2562 -0.0000
   12  13.6243 THz  -0.0300  0.0000  0.1816 -0.0000  0.3075 -0.0000  0.0478 -0.0000  0.0316 -0.0000  0.0197 -0.0000  0.1532 -0.0000  0.3151 -0.0000 -0.3498  0.0000  0.0368 -0.0000 -0.3255  0.0000  0.1916 -0.0000 -0.5946 -0.0000 -0.2262 -0.0000 -0.2722 -0.0000
   13  14.0424 THz   0.0161  0.0000 -0.0958  0.0000  0.2013 -0.0000  0.0099 -0.0000  0.0378 -0.0000 -0.0227  0.0000  0.0012 -0.0000 -0.6822  0.0000 -0.1976  0.0000 -0.0504  0.0000  0.0830 -0.0000  0.5742 -0.0000 -0.0133 -0.0000  0.2266  0.0000 -0.2301 -0.0000
   14  21.6522 THz   0.1113  0.0000  0.1459 -0.0000  0.1506 -0.0000  0.0173 -0.0000  0.0280 -0.0000  0.0434 -0.0000  0.0080  0.0000 -0.5493  0.0000 -0.0228 -0.0000 -0.0047  0.0000 -0.0175  0.0000 -0.7070  0.0000 -0.3715 -0.0000  0.0091  0.0000 -0.0110 -0.0000


 Q= -0.041913  0.062869 -0.083825, q= -0.166667  0.250000 -0.333333

                       Ti X   0        Ti Y   0        Ti Z   0        Pb X   1        Pb Y   1        Pb Z   1         O X   2         O Y   2         O Z   2         O X   3         O Y   3         O Z   3         O X   4         O Y   4         O Z   4     
                    --------------- --------------- --------------- --------------- --------------- --------------- --------------- --------------- --------------- --------------- --------------- --------------- --------------- --------------- ---------------
    0   0.5954 THz   0.2096  0.0000 -0.0830  0.0000 -0.0797  0.0000  0.6709  0.0000 -0.1412  0.0000 -0.6770 -0.0000 -0.0604  0.0000  0.0006 -0.0000  0.0561 -0.0000 -0.0493  0.0000  0.0078 -0.0000  0.0311 -0.0000 -0.0382 -0.0000  0.0229  0.0000  0.0476  0.0000
    1   0.8673 THz   0.0758  0.0000  0.1299 -0.0000  0.0579 -0.0000  0.5170 -0.0000  0.7517 -0.0000  0.3537 -0.0000 -0.0237 -0.0000 -0.0357  0.0000 -0.0248  0.0000 -0.0417  0.0000 -0.0770  0.0000 -0.0136  0.0000 -0.0222 -0.0000 -0.0589 -0.0000 -0.0485 -0.0000
    2   1.3892 THz   0.1967  0.0000 -0.1159  0.0000  0.0971 -0.0000 -0.5068 -0.0000  0.6030  0.0000 -0.5631 -0.0000 -0.0119 -0.0000 -0.0067  0.0000  0.0016  0.0000  0.0022 -0.0000 -0.0158  0.0000  0.0073 -0.0000 -0.0156 -0.0000  0.0017  0.0000 -0.0135 -0.0000
    3   5.1132 THz   0.8680  0.0000  0.1661 -0.0000 -0.0971 -0.0000 -0.1121 -0.0000 -0.1644 -0.0000  0.1869  0.0000 -0.0780 -0.0000 -0.1616 -0.0000 -0.1492 -0.0000 -0.0304  0.0000 -0.1466  0.0000  0.0500 -0.0000 -0.1462 -0.0000 -0.1747 -0.0000  0.0616  0.0000
    4   5.2230 THz   0.2238  0.0000  0.2323  0.0000  0.2176  0.0000 -0.0163  0.0000  0.0150  0.0000  0.0778  0.0000  0.1057  0.0000  0.1573  0.0000  0.5837  0.0000 -0.0816  0.0000  0.5743 -0.0000  0.1537 -0.0000 -0.0064 -0.0000  0.2533  0.0000  0.2028  0.0000
    5   5.8412 THz   0.1737  0.0000  0.2026  0.0000 -0.1776 -0.0000  0.0297  0.0000  0.0123  0.0000 -0.0355 -0.0000  0.5428  0.0000  0.1339  0.0000 -0.1699 -0.0000  0.3361 -0.0000 -0.0816  0.0000 -0.0933  0.0000  0.2828  0.0000  0.5048  0.0000 -0.3007 -0.0000
    6   6.5894 THz  -0.0743  0.0000  0.1450 -0.0000  0.1962 -0.0000 -0.0112 -0.0000 -0.0036  0.0000 -0.0256 -0.0000  0.1886 -0.0000  0.0458 -0.0000 -0.2985  0.0000 -0.4592  0.0000 -0.3015  0.0000  0.0536 -0.0000 -0.0501 -0.0000  0.3730  0.0000  0.6009  0.0000
    7   7.9439 THz   0.1801  0.0000 -0.8200 -0.0000 -0.0030 -0.0000  0.0568  0.0000  0.0238  0.0000  0.1898  0.0000  0.3827 -0.0000  0.0537  0.0000  0.0992  0.0000 -0.0239  0.0000 -0.0188  0.0000  0.1509 -0.0000  0.1880  0.0000 -0.0760 -0.0000  0.1772  0.0000
    8   9.2668 THz  -0.0123  0.0000 -0.1367 -0.0000 -0.7419 -0.0000 -0.0700 -0.0000  0.1012  0.0000  0.0758  0.0000 -0.1880 -0.0000  0.1815  0.0000 -0.0043  0.0000 -0.3812  0.0000  0.1333 -0.0000  0.1287 -0.0000 -0.2260 -0.0000  0.3079  0.0000 -0.1265 -0.0000
    9  10.0324 THz  -0.0655  0.0000  0.2106  0.0000 -0.1394  0.0000 -0.0151 -0.0000 -0.0015 -0.0000 -0.0996 -0.0000  0.5595  0.0000 -0.0965 -0.0000 -0.0827  0.0000 -0.4829  0.0000  0.2571 -0.0000 -0.1599  0.0000  0.0422  0.0000 -0.4957 -0.0000 -0.1418 -0.0000
   10  10.4808 THz  -0.0292  0.0000  0.0383  0.0000 -0.2347 -0.0000  0.0236  0.0000  0.0881  0.0000 -0.0145 -0.0000 -0.0542 -0.0000  0.1262  0.0000 -0.4854 -0.0000  0.3859 -0.0000  0.5078 -0.0000  0.0052 -0.0000  0.0878  0.0000 -0.1632 -0.0000  0.4883  0.0000
   11  13.5232 THz   0.1457  0.0000 -0.1376  0.0000  0.2671 -0.0000  0.0195  0.0000 -0.0468 -0.0000  0.0437  0.0000 -0.3560  0.0000 -0.0170  0.0000 -0.3179  0.0000 -0.3640  0.0000  0.2994 -0.0000 -0.1730  0.0000  0.5535  0.0000  0.1786  0.0000 -0.2562 -0.0000
   12  13.6243 THz   0.0300  0.0000  0.1816 -0.0000 -0.3075  0.0000 -0.0478 -0.0000  0.0316  0.0000 -0.0197  0.0000 -0.1532  0.0000  0.3151 -0.0000  0.3498 -0.0000 -0.0368  0.0000 -0.3255  0.0000 -0.1916  0.0000  0.5946  0.0000 -0.2262 -0.0000  0.2722  0.0000
   13  14.0424 THz   0.0161  0.0000  0.0958  0.0000  0.2013  0.0000  0.0099  0.0000 -0.0378 -0.0000 -0.0227 -0.0000  0.0012  0.0000  0.6822  0.0000 -0.1976 -0.0000 -0.0504  0.0000 -0.0830  0.0000  0.5742 -0.0000 -0.0133 -0.0000 -0.2266 -0.0000 -0.2301 -0.0000
   14  21.6522 THz  -0.1113  0.0000  0.1459  0.0000 -0.1506  0.0000 -0.0173 -0.0000  0.0280  0.0000 -0.0434 -0.0000 -0.0080 -0.0000 -0.5493 -0.0000  0.0228  0.0000  0.0047 -0.0000 -0.0175  0.0000  0.7070 -0.0000  0.3715  0.0000  0.0091  0.0000  0.0110  0.0000


 Q=  0.000000 -0.125738  0.000000, q=  0.000000 -0.500000  0.000000

                       Ti X   0        Ti Y   0        Ti Z   0        Pb X   1        Pb Y   1        Pb Z   1         O X   2         O Y   2         O Z   2         O X   3         O Y   3         O Z   3         O X   4         O Y   4         O Z   4     
                    --------------- --------------- --------------- --------------- --------------- --------------- --------------- --------------- --------------- --------------- --------------- --------------- --------------- --------------- ---------------
    0   0.9620 THz   0.0000  0.0000  0.0000  0.0000 -0.0000  0.0000 -0.3589  0.8823 -0.0000  0.0000 -0.1109  0.2726  0.0282 -0.0693  0.0000  0.0000  0.0088 -0.0217  0.0000 -0.0000 -0.0000  0.0000  0.0000 -0.0000 -0.0000 -0.0000  0.0000  0.0000 -0.0000  0.0000
    1   1.2409 THz  -0.0000  0.0000 -0.0000  0.0000  0.0000 -0.0000  0.0585  0.2897  0.0000  0.0000 -0.1887 -0.9338 -0.0013 -0.0064 -0.0000  0.0000  0.0140  0.0694  0.0000 -0.0000  0.0000  0.0000 -0.0000  0.0000  0.0000 -0.0000 -0.0000  0.0000  0.0000  0.0000
    2  -2.9328 THz  -0.5084  0.0000 -0.0000 -0.0000 -0.7975  0.0000  0.0000  0.0000 -0.0000 -0.0000 -0.0000  0.0000 -0.0000 -0.0000 -0.0000  0.0000  0.0000 -0.0000  0.1046  0.0000 -0.0000  0.0000  0.2118  0.0000  0.1227  0.0000 -0.0000 -0.0000  0.1863  0.0000
    3  -2.9502 THz  -0.8046  0.0000 -0.0000  0.0000  0.5003 -0.0000 -0.0000  0.0000  0.0000 -0.0000  0.0000  0.0000  0.0000 -0.0000  0.0000  0.0000 -0.0000 -0.0000  0.1688 -0.0000 -0.0000 -0.0000 -0.1391 -0.0000  0.1990 -0.0000 -0.0000  0.0000 -0.1219 -0.0000
    4   3.3670 THz  -0.0000  0.0000 -0.0000 -0.0000 -0.0000 -0.0000  0.0000 -0.0000  0.3003  0.9513  0.0000  0.0000  0.0000  0.0000  0.0210  0.0665 -0.0000 -0.0000  0.0000 -0.0000  0.0000  0.0000  0.0000 -0.0000  0.0000 -0.0000 -0.0000  0.0000  0.0000 -0.0000
    5   5.7738 THz   0.0414  0.0000 -0.0000 -0.0000 -0.3212 -0.0000  0.0000 -0.0000  0.0000  0.0000 -0.0000  0.0000 -0.0000 -0.0000  0.0000  0.0000 -0.0000  0.0000  0.0922  0.0000 -0.0000  0.0000 -0.4862  0.0000  0.0645 -0.0000 -0.0000 -0.0000 -0.8038  0.0000
    6   6.0378 THz  -0.2915  0.0000  0.0000 -0.0000 -0.0355 -0.0000 -0.0000  0.0000  0.0000  0.0000 -0.0000 -0.0000 -0.0000  0.0000  0.0000  0.0000 -0.0000  0.0000 -0.8003  0.0000  0.0000  0.0000 -0.0541  0.0000 -0.5101  0.0000  0.0000 -0.0000 -0.1009  0.0000
    7   7.8861 THz   0.0000  0.0000  0.7195 -0.0000  0.0000 -0.0000 -0.0000  0.0000 -0.0000 -0.0000  0.0000  0.0000  0.0000  0.0000  0.0000 -0.0000  0.0000 -0.0000  0.0000 -0.0000  0.4703 -0.0000  0.0000 -0.0000  0.0000 -0.0000  0.5110 -0.0000  0.0000 -0.0000
    8   8.7233 THz  -0.0000  0.0000 -0.0224 -0.0000 -0.0000 -0.0000  0.0000  0.0000 -0.0000  0.0000 -0.0000 -0.0000  0.0000 -0.0000 -0.0000 -0.0000 -0.0000 -0.0000 -0.0000 -0.0000 -0.7197 -0.0000  0.0000 -0.0000 -0.0000 -0.0000  0.6939  0.0000 -0.0000 -0.0000
    9   9.0825 THz  -0.0000  0.0000 -0.0000 -0.0000  0.0000 -0.0000  0.0031  0.0075  0.0000  0.0000  0.0289  0.0700  0.0347  0.0840  0.0000  0.0000  0.3787  0.9179  0.0000 -0.0000 -0.0000 -0.0000  0.0000  0.0000  0.0000  0.0000  0.0000  0.0000 -0.0000 -0.0000
   10   9.2194 THz  -0.0000  0.0000 -0.0000  0.0000  0.0000 -0.0000  0.0012  0.0730  0.0000 -0.0000  0.0002  0.0089  0.0167  0.9929  0.0000 -0.0000 -0.0015 -0.0922  0.0000 -0.0000 -0.0000  0.0000  0.0000 -0.0000  0.0000  0.0000 -0.0000 -0.0000 -0.0000  0.0000
   11  13.4929 THz  -0.0552  0.0000  0.0000 -0.0000  0.0736  0.0000  0.0000  0.0000 -0.0000 -0.0000 -0.0000 -0.0000  0.0000 -0.0000 -0.0000  0.0000 -0.0000 -0.0000  0.3609  0.0000 -0.0000  0.0000  0.6400  0.0000 -0.5245 -0.0000 -0.0000 -0.0000 -0.4202  0.0000
   12  13.6541 THz  -0.0662  0.0000  0.0000  0.0000 -0.0621 -0.0000 -0.0000  0.0000  0.0000  0.0000  0.0000 -0.0000  0.0000 -0.0000  0.0000 -0.0000  0.0000 -0.0000  0.4259 -0.0000 -0.0000 -0.0000 -0.5356 -0.0000 -0.6371 -0.0000 -0.0000  0.0000  0.3431 -0.0000
   13  14.6665 THz   0.0000  0.0000  0.6941  0.0000  0.0000 -0.0000  0.0000 -0.0000 -0.0000  0.0000 -0.0000 -0.0000 -0.0000 -0.0000 -0.0000 -0.0000  0.0000  0.0000 -0.0000 -0.0000 -0.5108 -0.0000  0.0000 -0.0000  0.0000 -0.0000 -0.5073  0.0000 -0.0000 -0.0000
   14  20.2709 THz   0.0000  0.0000 -0.0000 -0.0000  0.0000  0.0000  0.0000 -0.0000 -0.0000  0.0697  0.0000 -0.0000  0.0000  0.0000  0.0000 -0.9976 -0.0000  0.0000  0.0000 -0.0000  0.0000  0.0000  0.0000 -0.0000 -0.0000 -0.0000  0.0000  0.0000  0.0000 -0.0000


 Q=  0.000000  0.000000  0.000000, q=  0.000000  0.000000  0.000000

                       Ti X   0        Ti Y   0        Ti Z   0        Pb X   1        Pb Y   1        Pb Z   1         O X   2         O Y   2         O Z   2         O X   3         O Y   3         O Z   3         O X   4         O Y   4         O Z   4     
                    --------------- --------------- --------------- --------------- --------------- --------------- --------------- --------------- --------------- --------------- --------------- --------------- --------------- --------------- ---------------
    0  -0.0000 THz  -0.1690  0.0000  0.0372  0.0000  0.3578  0.0000 -0.3515  0.0000  0.0773  0.0000  0.7444  0.0000 -0.0977  0.0000  0.0215  0.0000  0.2069  0.0000 -0.0977  0.0000  0.0215  0.0000  0.2069  0.0000 -0.0977  0.0000  0.0215  0.0000  0.2069  0.0000
    1  -0.0000 THz  -0.3053  0.0000  0.1942  0.0000 -0.1644  0.0000 -0.6352  0.0000  0.4041  0.0000 -0.3419  0.0000 -0.1765  0.0000  0.1123  0.0000 -0.0950  0.0000 -0.1765  0.0000  0.1123  0.0000 -0.0950  0.0000 -0.1765  0.0000  0.1123  0.0000 -0.0950  0.0000
    2   0.0000 THz   0.1902  0.0000  0.3447  0.0000  0.0540  0.0000  0.3958  0.0000  0.7172  0.0000  0.1124  0.0000  0.1100  0.0000  0.1993  0.0000  0.0312  0.0000  0.1100  0.0000  0.1993  0.0000  0.0312  0.0000  0.1100  0.0000  0.1993  0.0000  0.0312  0.0000
    3   2.4045 THz  -0.7677  0.0000  0.0000  0.0000  0.0180  0.0000  0.5341  0.0000 -0.0000  0.0000 -0.0180  0.0000 -0.2264  0.0000  0.0000  0.0000  0.0135  0.0000 -0.2362  0.0000  0.0000  0.0000  0.0104  0.0000 -0.1317  0.0000  0.0000  0.0000  0.0098  0.0000
    4   2.6039 THz  -0.0299  0.0000  0.0000  0.0000 -0.7620  0.0000  0.0137  0.0000 -0.0000  0.0000  0.5358  0.0000 -0.0079  0.0000  0.0000  0.0000 -0.2338  0.0000  0.0040  0.0000  0.0000  0.0000 -0.1351  0.0000  0.0062  0.0000  0.0000  0.0000 -0.2411  0.0000
    5   2.6230 THz  -0.0000  0.0000 -0.7589  0.0000 -0.0000  0.0000  0.0000  0.0000  0.5372  0.0000  0.0000  0.0000 -0.0000  0.0000 -0.1386  0.0000 -0.0000  0.0000 -0.0000  0.0000 -0.2487  0.0000 -0.0000  0.0000 -0.0000  0.0000 -0.2331  0.0000 -0.0000  0.0000
    6  -5.4074 THz   0.0000  0.0000 -0.5079  0.0000 -0.0000  0.0000  0.0000  0.0000 -0.1623  0.0000 -0.0000  0.0000 -0.0000  0.0000  0.5292  0.0000  0.0000  0.0000 -0.0000  0.0000  0.4674  0.0000  0.0000  0.0000 -0.0000  0.0000  0.4660  0.0000  0.0000  0.0000
    7  -5.4102 THz  -0.2838  0.0000 -0.0000  0.0000  0.4220  0.0000 -0.0918  0.0000 -0.0000  0.0000  0.1332  0.0000  0.2573  0.0000  0.0000  0.0000 -0.3884  0.0000  0.2672  0.0000  0.0000  0.0000 -0.4392  0.0000  0.2969  0.0000  0.0000  0.0000 -0.3816  0.0000
    8  -5.5198 THz   0.4048  0.0000  0.0000  0.0000  0.2736  0.0000  0.1454  0.0000  0.0000  0.0000  0.0991  0.0000 -0.3995  0.0000 -0.0000  0.0000 -0.2631  0.0000 -0.3857  0.0000 -0.0000  0.0000 -0.2971  0.0000 -0.4380  0.0000 -0.0000  0.0000 -0.2695  0.0000
    9   7.7661 THz  -0.0019  0.0000  0.0000  0.0000 -0.0034  0.0000  0.0035  0.0000 -0.0000  0.0000 -0.0004  0.0000 -0.2693  0.0000  0.0000  0.0000 -0.6554  0.0000  0.2643  0.0000 -0.0000  0.0000  0.0084  0.0000 -0.0044  0.0000  0.0000  0.0000  0.6541  0.0000
   10   7.7898 THz   0.0000  0.0000  0.0075  0.0000  0.0000  0.0000 -0.0000  0.0000 -0.0059  0.0000 -0.0000  0.0000  0.0000  0.0000 -0.0012  0.0000  0.0000  0.0000 -0.0000  0.0000 -0.7023  0.0000 -0.0000  0.0000  0.0000  0.0000  0.7118  0.0000 -0.0000  0.0000
   11   8.1167 THz   0.0059  0.0000  0.0000  0.0000 -0.0033  0.0000 -0.0012  0.0000 -0.0000  0.0000  0.0073  0.0000  0.6576  0.0000  0.0000  0.0000 -0.2707  0.0000 -0.6517  0.0000  0.0000  0.0000 -0.0127  0.0000 -0.0117  0.0000 -0.0000  0.0000  0.2629  0.0000
   12  14.2636 THz  -0.0590  0.0000 -0.0000  0.0000  0.0646  0.0000  0.0235  0.0000  0.0000  0.0000 -0.0254  0.0000  0.2824  0.0000 -0.0000  0.0000 -0.3000  0.0000  0.2819  0.0000  0.0000  0.0000  0.5892  0.0000 -0.5468  0.0000  0.0000  0.0000 -0.3095  0.0000
   13  14.3329 THz   0.0000  0.0000 -0.0898  0.0000 -0.0000  0.0000 -0.0000  0.0000  0.0368  0.0000  0.0000  0.0000 -0.0000  0.0000 -0.8049  0.0000  0.0000  0.0000 -0.0000  0.0000  0.4167  0.0000 -0.0000  0.0000  0.0000  0.0000  0.4111  0.0000  0.0000  0.0000
   14  14.4333 THz  -0.0627  0.0000  0.0000  0.0000 -0.0623  0.0000  0.0269  0.0000  0.0000  0.0000  0.0264  0.0000  0.2922  0.0000  0.0000  0.0000  0.2817  0.0000  0.3117  0.0000 -0.0000  0.0000 -0.5481  0.0000 -0.5922  0.0000 -0.0000  0.0000  0.2790  0.0000


 Q=  0.041913 -0.062869  0.083825, q=  0.166667 -0.250000  0.333333

                       Ti X   0        Ti Y   0        Ti Z   0        Pb X   1        Pb Y   1        Pb Z   1         O X   2         O Y   2         O Z   2         O X   3         O Y   3         O Z   3         O X   4         O Y   4         O Z   4     
                    --------------- --------------- --------------- --------------- --------------- --------------- --------------- --------------- --------------- --------------- --------------- --------------- --------------- --------------- ---------------
    0   0.5954 THz   0.2096  0.0000 -0.0830 -0.0000 -0.0797 -0.0000  0.6709 -0.0000 -0.1412 -0.0000 -0.6770  0.0000 -0.0604 -0.0000  0.0006  0.0000  0.0561  0.0000 -0.0493 -0.0000  0.0078  0.0000  0.0311  0.0000 -0.0382  0.0000  0.0229 -0.0000  0.0476 -0.0000
    1   0.8673 THz   0.0758  0.0000  0.1299  0.0000  0.0579  0.0000  0.5170  0.0000  0.7517  0.0000  0.3537  0.0000 -0.0237  0.0000 -0.0357 -0.0000 -0.0248 -0.0000 -0.0417 -0.0000 -0.0770 -0.0000 -0.0136 -0.0000 -0.0222  0.0000 -0.0589  0.0000 -0.0485  0.0000
    2   1.3892 THz   0.1967  0.0000 -0.1159 -0.0000  0.0971  0.0000 -0.5068  0.0000  0.6030 -0.0000 -0.5631  0.0000 -0.0119  0.0000 -0.0067 -0.0000  0.0016 -0.0000  0.0022  0.0000 -0.0158 -0.0000  0.0073  0.0000 -0.0156  0.0000  0.0017 -0.0000 -0.0135  0.0000
    3   5.1132 THz   0.8680  0.0000  0.1661  0.0000 -0.0971  0.0000 -0.1121  0.0000 -0.1644  0.0000  0.1869 -0.0000 -0.0780  0.0000 -0.1616  0.0000 -0.1492  0.0000 -0.0304 -0.0000 -0.1466 -0.0000  0.0500  0.0000 -0.1462  0.0000 -0.1747  0.0000  0.0616 -0.0000
    4   5.2230 THz   0.2238  0.0000  0.2323 -0.0000  0.2176 -0.0000 -0.0163 -0.0000  0.0150 -0.0000  0.0778 -0.0000  0.1057 -0.0000  0.1573 -0.0000  0.5837 -0.0000 -0.0816 -0.0000  0.5743  0.0000  0.1537  0.0000 -0.0064  0.0000  0.2533 -0.0000  0.2028 -0.0000
    5   5.8412 THz   0.1737  0.0000  0.2026 -0.0000 -0.1776  0.0000  0.0297 -0.0000  0.0123 -0.0000 -0.0355  0.0000  0.5428 -0.0000  0.1339 -0.0000 -0.1699  0.0000  0.3361  0.0000 -0.0816 -0.0000 -0.0933 -0.0000  0.2828 -0.0000  0.5048 -0.0000 -0.3007  0.0000
    6   6.5894 THz  -0.0743  0.0000  0.1450  0.0000  0.1962  0.0000 -0.0112  0.0000 -0.0036 -0.0000 -0.0256  0.0000  0.1886  0.0000  0.0458  0.0000 -0.2985 -0.0000 -0.4592 -0.0000 -0.3015 -0.0000  0.0536  0.0000 -0.0501  0.0000  0.3730 -0.0000  0.6009 -0.0000
    7   7.9439 THz   0.1801  0.0000 -0.8200  0.0000 -0.0030  0.0000  0.0568 -0.0000  0.0238 -0.0000  0.1898 -0.0000  0.3827  0.0000  0.0537 -0.0000  0.0992 -0.0000 -0.0239 -0.0000 -0.0188 -0.0000  0.1509  0.0000  0.1880 -0.0000 -0.0760  0.0000  0.1772 -0.0000
    8   9.2668 THz  -0.0123  0.0000 -0.1367  0.0000 -0.7419  0.0000 -0.0700  0.0000  0.1012 -0.0000  0.0758 -0.0000 -0.1880  0.0000  0.1815 -0.0000 -0.0043 -0.0000 -0.3812 -0.0000  0.1333  0.0000  0.1287  0.0000 -0.2260  0.0000  0.3079 -0.0000 -0.1265  0.0000
    9  10.0324 THz  -0.0655  0.0000  0.2106 -0.0000 -0.1394 -0.0000 -0.0151  0.0000 -0.0015  0.0000 -0.0996  0.0000  0.5595 -0.0000 -0.0965  0.0000 -0.0827 -0.0000 -0.4829 -0.0000  0.2571  0.0000 -0.1599 -0.0000  0.0422 -0.0000 -0.4957  0.0000 -0.1418  0.0000
   10  10.4808 THz  -0.0292  0.0000  0.0383 -0.0000 -0.2347  0.0000  0.0236 -0.0000  0.0881 -0.0000 -0.0145  0.0000 -0.0542  0.0000  0.1262 -0.0000 -0.4854  0.0000  0.3859  0.0000  0.5078  0.0000  0.0052  0.0000  0.0878 -0.0000 -0.1632  0.0000  0.4883 -0.0000
   11  13.5232 THz   0.1457  0.0000 -0.1376 -0.0000  0.2671  0.0000  0.0195 -0.0000 -0.0468  0.0000  0.0437 -0.0000 -0.3560 -0.0000 -0.0170 -0.0000 -0.3179 -0.0000 -0.3640 -0.0000  0.2994  0.0000 -0.1730 -0.0000  0.5535 -0.0000  0.1786 -0.0000 -0.2562  0.0000
   12  13.6243 THz   0.0300  0.0000  0.1816  0.0000 -0.3075 -0.0000 -0.0478  0.0000  0.0316 -0.0000 -0.0197 -0.0000 -0.1532 -0.0000  0.3151  0.0000  0.3498  0.0000 -0.0368 -0.0000 -0.3255 -0.0000 -0.1916 -0.0000  0.5946 -0.0000 -0.2262  0.0000  0.2722 -0.0000
   13  14.0424 THz   0.0161  0.0000  0.0958 -0.0000  0.2013 -0.0000  0.0099 -0.0000 -0.0378  0.0000 -0.0227  0.0000  0.0012 -0.0000  0.6822 -0.0000 -0.1976  0.0000 -0.0504 -0.0000 -0.0830 -0.0000  0.5742  0.0000 -0.0133  0.0000 -0.2266  0.0000 -0.2301  0.0000
   14  21.6522 THz  -0.1113  0.0000  0.1459 -0.0000 -0.1506 -0.0000 -0.0173  0.0000  0.0280 -0.0000 -0.0434  0.0000 -0.0080  0.0000 -0.5493  0.0000  0.0228 -0.0000  0.0047  0.0000 -0.0175 -0.0000  0.7070  0.0000  0.3715 -0.0000  0.0091 -0.0000  0.0110 -0.0000


 Q=  0.041913  0.062869  0.083825, q=  0.166667  0.250000  0.333333

                       Ti X   0        Ti Y   0        Ti Z   0        Pb X   1        Pb Y   1        Pb Z   1         O X   2         O Y   2         O Z   2         O X   3         O Y   3         O Z   3         O X   4         O Y   4         O Z   4     
                    --------------- --------------- --------------- --------------- --------------- --------------- --------------- --------------- --------------- --------------- --------------- --------------- --------------- --------------- ---------------
    0   0.5954 THz   0.2096  0.0000  0.0830  0.0000 -0.0797 -0.0000  0.6709  0.0000  0.1412  0.0000 -0.6770 -0.0000 -0.0604 -0.0000 -0.0006 -0.0000  0.0561  0.0000 -0.0493 -0.0000 -0.0078 -0.0000  0.0311  0.0000 -0.0382  0.0000 -0.0229  0.0000  0.0476 -0.0000
    1   0.8673 THz   0.0758  0.0000 -0.1299  0.0000  0.0579  0.0000  0.5170 -0.0000 -0.7517 -0.0000  0.3537  0.0000 -0.0237  0.0000  0.0357 -0.0000 -0.0248 -0.0000 -0.0417 -0.0000  0.0770  0.0000 -0.0136 -0.0000 -0.0222  0.0000  0.0589 -0.0000 -0.0485  0.0000
    2   1.3892 THz   0.1967  0.0000  0.1159 -0.0000  0.0971  0.0000 -0.5068 -0.0000 -0.6030 -0.0000 -0.5631 -0.0000 -0.0119 -0.0000  0.0067  0.0000  0.0016 -0.0000  0.0022  0.0000  0.0158  0.0000  0.0073  0.0000 -0.0156  0.0000 -0.0017  0.0000 -0.0135  0.0000
    3   5.1132 THz   0.8680  0.0000 -0.1661  0.0000 -0.0971 -0.0000 -0.1121 -0.0000  0.1644  0.0000  0.1869  0.0000 -0.0780 -0.0000  0.1616  0.0000 -0.1492 -0.0000 -0.0304 -0.0000  0.1466  0.0000  0.0500  0.0000 -0.1462  0.0000  0.1747 -0.0000  0.0616 -0.0000
    4   5.2230 THz  -0.2238  0.0000  0.2323  0.0000 -0.2176 -0.0000  0.0163 -0.0000  0.0150  0.0000 -0.0778 -0.0000 -0.1057 -0.0000  0.1573  0.0000 -0.5837 -0.0000  0.0816  0.0000  0.5743  0.0000 -0.1537 -0.0000  0.0064 -0.0000  0.2533 -0.0000 -0.2028  0.0000
    5   5.8412 THz   0.1737  0.0000 -0.2026 -0.0000 -0.1776 -0.0000  0.0297  0.0000 -0.0123 -0.0000 -0.0355 -0.0000  0.5428  0.0000 -0.1339 -0.0000 -0.1699 -0.0000  0.3361  0.0000  0.0816  0.0000 -0.0933 -0.0000  0.2828 -0.0000 -0.5048  0.0000 -0.3007  0.0000
    6   6.5894 THz  -0.0743  0.0000 -0.1450  0.0000  0.1962 -0.0000 -0.0112  0.0000  0.0036  0.0000 -0.0256 -0.0000  0.1886 -0.0000 -0.0458  0.0000 -0.2985  0.0000 -0.4592 -0.0000  0.3015  0.0000  0.0536  0.0000 -0.0501  0.0000 -0.3730  0.0000  0.6009 -0.0000
    7   7.9439 THz  -0.1801  0.0000 -0.8200 -0.0000  0.0030 -0.0000 -0.0568 -0.0000  0.0238  0.0000 -0.1898 -0.0000 -0.3827 -0.0000  0.0537 -0.0000 -0.0992  0.0000  0.0239  0.0000 -0.0188 -0.0000 -0.1509 -0.0000 -0.1880  0.0000 -0.0760  0.0000 -0.1772  0.0000
    8   9.2668 THz   0.0123  0.0000 -0.1367  0.0000  0.7419 -0.0000  0.0700 -0.0000  0.1012 -0.0000 -0.0758  0.0000  0.1880 -0.0000  0.1815 -0.0000  0.0043  0.0000  0.3812  0.0000  0.1333  0.0000 -0.1287 -0.0000  0.2260 -0.0000  0.3079 -0.0000  0.1265 -0.0000
    9  10.0324 THz  -0.0655  0.0000 -0.2106  0.0000 -0.1394  0.0000 -0.0151 -0.0000  0.0015  0.0000 -0.0996  0.0000  0.5595 -0.0000  0.0965 -0.0000 -0.0827  0.0000 -0.4829 -0.0000 -0.2571 -0.0000 -0.1599 -0.0000  0.0422 -0.0000  0.4957 -0.0000 -0.1418  0.0000
   10  10.4808 THz  -0.0292  0.0000 -0.0383  0.0000 -0.2347 -0.0000  0.0236  0.0000 -0.0881 -0.0000 -0.0145  0.0000 -0.0542 -0.0000 -0.1262 -0.0000 -0.4854 -0.0000  0.3859  0.0000 -0.5078 -0.0000  0.0052  0.0000  0.0878 -0.0000  0.1632 -0.0000  0.4883 -0.0000
   11  13.5232 THz   0.1457  0.0000  0.1376  0.0000  0.2671  0.0000  0.0195  0.0000  0.0468  0.0000  0.0437  0.0000 -0.3560  0.0000  0.0170  0.0000 -0.3179 -0.0000 -0.3640 -0.0000 -0.2994 -0.0000 -0.1730 -0.0000  0.5535 -0.0000 -0.1786  0.0000 -0.2562  0.0000
   12  13.6243 THz  -0.0300  0.0000  0.1816  0.0000  0.3075  0.0000  0.0478  0.0000  0.0316  0.0000  0.0197  0.0000  0.1532  0.0000  0.3151  0.0000 -0.3498 -0.0000  0.0368  0.0000 -0.3255 -0.0000  0.1916  0.0000 -0.5946  0.0000 -0.2262  0.0000 -0.2722  0.0000
   13  14.0424 THz   0.0161  0.0000 -0.0958 -0.0000  0.2013  0.0000  0.0099  0.0000  0.0378  0.0000 -0.0227 -0.0000  0.0012  0.0000 -0.6822 -0.0000 -0.1976 -0.0000 -0.0504 -0.0000  0.0830  0.0000  0.5742  0.0000 -0.0133  0.0000  0.2266 -0.0000 -0.2301  0.0000
   14  21.6522 THz   0.1113  0.0000  0.1459  0.0000  0.1506  0.0000  0.0173  0.0000  0.0280  0.0000  0.0434  0.0000  0.0080 -0.0000 -0.5493 -0.0000 -0.0228  0.0000 -0.0047 -0.0000 -0.0175 -0.0000 -0.7070 -0.0000 -0.3715  0.0000  0.0091 -0.0000 -0.0110  0.0000


 Q=  0.083825 -0.125738 -0.083825, q=  0.333333 -0.500000 -0.333333

                       Ti X   0        Ti Y   0        Ti Z   0        Pb X   1        Pb Y   1        Pb Z   1         O X   2         O Y   2         O Z   2         O X   3         O Y   3         O Z   3         O X   4         O Y   4         O Z   4     
                    --------------- --------------- --------------- --------------- --------------- --------------- --------------- --------------- --------------- --------------- --------------- --------------- --------------- --------------- ---------------
    0   1.3248 THz   0.0000  0.0000  0.0848  0.0028 -0.0000 -0.0000  0.9813  0.0320  0.0000  0.0000 -0.1467 -0.0048 -0.0097 -0.0003 -0.0000  0.0000 -0.0064 -0.0002 -0.0000 -0.0000 -0.0847 -0.0028  0.0000  0.0000 -0.0000 -0.0000 -0.0019 -0.0001  0.0000 -0.0000
    1   1.4697 THz  -0.1116  0.0000 -0.0000 -0.0000  0.1070 -0.0000  0.0000  0.0000 -0.9847  0.0000  0.0000  0.0000 -0.0000 -0.0000  0.0099  0.0000 -0.0000  0.0000  0.0540 -0.0000 -0.0000 -0.0000 -0.0033  0.0000  0.0033  0.0000  0.0000  0.0000 -0.0590 -0.0000
    2   1.5274 THz   0.0000  0.0000 -0.0731 -0.0013 -0.0000  0.0000  0.1516  0.0027  0.0000 -0.0000  0.9800  0.0175 -0.0968 -0.0017 -0.0000 -0.0000 -0.0394 -0.0007 -0.0000  0.0000 -0.0001 -0.0000  0.0000  0.0000 -0.0000  0.0000  0.0021  0.0000  0.0000  0.0000
    3   4.3104 THz   0.0000  0.0000  0.0157  0.0046 -0.0000 -0.0000 -0.0185 -0.0054  0.0000  0.0000  0.0705  0.0208  0.5134  0.1514  0.0000  0.0000  0.4223  0.1245  0.0000  0.0000 -0.4232 -0.1248  0.0000  0.0000  0.0000  0.0000  0.5417  0.1597  0.0000  0.0000
    4   4.4699 THz  -0.0000  0.0000 -0.1848 -0.0974  0.0000  0.0000 -0.0313 -0.0165 -0.0000 -0.0000 -0.0248 -0.0131 -0.3590 -0.1892  0.0000 -0.0000  0.4673  0.2463 -0.0000  0.0000 -0.4900 -0.2583 -0.0000 -0.0000 -0.0000  0.0000 -0.3994 -0.2105 -0.0000  0.0000
    5   5.2360 THz   0.1512  0.0000  0.0000 -0.0000  0.1499  0.0000 -0.0000 -0.0000 -0.0063  0.0000 -0.0000  0.0000 -0.0000 -0.0000 -0.0009  0.0000 -0.0000  0.0000  0.6672 -0.0000  0.0000 -0.0000  0.0916 -0.0000  0.0909  0.0000 -0.0000 -0.0000  0.7020  0.0000
    6   9.1361 THz  -0.7479  0.0000  0.0000  0.0000 -0.5704 -0.0000 -0.0000 -0.0000  0.0189 -0.0000  0.0000 -0.0000 -0.0000 -0.0000  0.0192 -0.0000 -0.0000  0.0000  0.0875 -0.0000 -0.0000 -0.0000  0.2107 -0.0000  0.2031  0.0000 -0.0000  0.0000  0.1462  0.0000
    7   9.7175 THz  -0.5564  0.0000  0.0000  0.0000  0.7287  0.0000 -0.0000  0.0000  0.1171 -0.0000 -0.0000 -0.0000 -0.0000  0.0000  0.1784 -0.0000  0.0000 -0.0000 -0.2529  0.0000  0.0000 -0.0000 -0.0201  0.0000 -0.0556 -0.0000  0.0000  0.0000  0.2156  0.0000
    8  11.1458 THz   0.0000  0.0000  0.7792  0.1802 -0.0000 -0.0000 -0.0423 -0.0098 -0.0000 -0.0000  0.0471  0.0109 -0.3370 -0.0779 -0.0000 -0.0000  0.3972  0.0919 -0.0000 -0.0000  0.2131  0.0493  0.0000  0.0000 -0.0000 -0.0000  0.1461  0.0338  0.0000  0.0000
    9  11.3365 THz   0.1873  0.0000 -0.0000 -0.0000 -0.2004 -0.0000  0.0000 -0.0000 -0.1199  0.0000 -0.0000 -0.0000  0.0000 -0.0000 -0.2364 -0.0000 -0.0000 -0.0000 -0.6582  0.0000 -0.0000 -0.0000  0.1088 -0.0000 -0.1212 -0.0000 -0.0000  0.0000  0.6282  0.0000
   10  11.3597 THz   0.0000  0.0000 -0.0069 -0.0511 -0.0000  0.0000  0.0083  0.0618 -0.0000 -0.0000  0.0079  0.0585  0.0707  0.5257 -0.0000  0.0000  0.0633  0.4706 -0.0000 -0.0000  0.0644  0.4793  0.0000 -0.0000 -0.0000  0.0000 -0.0665 -0.4947  0.0000  0.0000
   11  12.7728 THz  -0.0000  0.0000  0.4805 -0.2654  0.0000 -0.0000 -0.0659  0.0364  0.0000 -0.0000  0.0661 -0.0365  0.3256 -0.1798 -0.0000  0.0000 -0.3202  0.1768  0.0000 -0.0000 -0.4008  0.2213  0.0000 -0.0000 -0.0000  0.0000 -0.3969  0.2192 -0.0000  0.0000
   12  13.1649 THz   0.1979  0.0000  0.0000 -0.0000  0.1734 -0.0000 -0.0000  0.0000 -0.0050 -0.0000  0.0000 -0.0000  0.0000 -0.0000  0.0988  0.0000 -0.0000  0.0000 -0.1602  0.0000 -0.0000  0.0000  0.6004 -0.0000  0.7245  0.0000 -0.0000  0.0000 -0.0994 -0.0000
   13  13.2376 THz  -0.1102  0.0000 -0.0000  0.0000  0.1722 -0.0000  0.0000 -0.0000  0.0397 -0.0000 -0.0000  0.0000 -0.0000  0.0000 -0.7016  0.0000  0.0000 -0.0000  0.1458 -0.0000  0.0000 -0.0000  0.5367 -0.0000 -0.3519 -0.0000  0.0000 -0.0000 -0.1767 -0.0000
   14  22.7392 THz   0.0973  0.0000 -0.0000 -0.0000 -0.0995  0.0000  0.0000  0.0000 -0.0179  0.0000 -0.0000 -0.0000 -0.0000 -0.0000  0.6401  0.0000  0.0000  0.0000  0.0095 -0.0000  0.0000  0.0000  0.5352 -0.0000 -0.5329 -0.0000 -0.0000  0.0000 -0.0089 -0.0000


 Q=  0.083825  0.000000 -0.083825, q=  0.333333  0.000000 -0.333333

                       Ti X   0        Ti Y   0        Ti Z   0        Pb X   1        Pb Y   1        Pb Z   1         O X   2         O Y   2         O Z   2         O X   3         O Y   3         O Z   3         O X   4         O Y   4         O Z   4     
                    --------------- --------------- --------------- --------------- --------------- --------------- --------------- --------------- --------------- --------------- --------------- --------------- --------------- --------------- ---------------
    0  -0.4232 THz  -0.1156  0.0000  0.0000  0.0000 -0.1378  0.0000 -0.7404  0.0000  0.0000 -0.0000 -0.6307  0.0000  0.0780 -0.0000 -0.0000 -0.0000  0.0711 -0.0000  0.0689 -0.0000 -0.0000  0.0000  0.0262 -0.0000  0.0260  0.0000 -0.0000  0.0000  0.0663  0.0000
    1   1.5142 THz   0.0000  0.0000  0.1964 -0.0000 -0.0000 -0.0000 -0.0000 -0.0000 -0.9797  0.0001  0.0000  0.0000 -0.0000 -0.0000 -0.0264  0.0000  0.0000  0.0000  0.0000 -0.0000  0.0244 -0.0000  0.0000  0.0000 -0.0000  0.0000  0.0200 -0.0000 -0.0000 -0.0000
    2   1.5877 THz   0.1278  0.0000 -0.0000  0.0000 -0.1139  0.0000 -0.6389  0.0000  0.0000 -0.0000  0.7452 -0.0000 -0.0676 -0.0000  0.0000 -0.0000  0.0317 -0.0000  0.0177 -0.0000 -0.0000  0.0000  0.0091 -0.0000 -0.0159 -0.0000 -0.0000  0.0000 -0.0294 -0.0000
    3  -2.5168 THz  -0.0000  0.0000 -0.9563 -0.0781 -0.0000 -0.0000 -0.0000 -0.0000 -0.1931 -0.0158  0.0000  0.0000 -0.0000 -0.0000  0.1756  0.0143 -0.0000 -0.0000 -0.0000 -0.0000  0.0724  0.0059 -0.0000  0.0000 -0.0000  0.0000  0.0737  0.0060 -0.0000 -0.0000
    4   5.1490 THz  -0.1822  0.0000  0.0000  0.0000 -0.1689  0.0000 -0.0473  0.0000  0.0000 -0.0000 -0.0558  0.0000 -0.1459 -0.0000 -0.0000  0.0000 -0.1138  0.0000 -0.6463  0.0000 -0.0000  0.0000 -0.1106  0.0000 -0.1134 -0.0000 -0.0000  0.0000 -0.6751 -0.0000
    5   7.1332 THz   0.2937  0.0000 -0.0000 -0.0000  0.3564  0.0000 -0.0271 -0.0000  0.0000 -0.0000 -0.0016  0.0000  0.5248  0.0000 -0.0000 -0.0000  0.6383  0.0000 -0.2103  0.0000 -0.0000 -0.0000  0.0903 -0.0000  0.0730  0.0000 -0.0000 -0.0000 -0.2131 -0.0000
    6   7.5630 THz  -0.4780  0.0000 -0.0000  0.0000  0.3956  0.0000 -0.0364 -0.0000  0.0000  0.0000  0.0357  0.0000 -0.5844  0.0000 -0.0000  0.0000  0.5003  0.0000  0.0179 -0.0000 -0.0000  0.0000  0.0910 -0.0000 -0.0944 -0.0000 -0.0000  0.0000  0.0554  0.0000
    7   7.7447 THz  -0.0000  0.0000  0.1575 -0.0683  0.0000 -0.0000 -0.0000  0.0000  0.0447 -0.0194  0.0000 -0.0000 -0.0000 -0.0000  0.4449 -0.1929  0.0000 -0.0000 -0.0000  0.0000  0.5323 -0.2308  0.0000 -0.0000 -0.0000  0.0000  0.5777 -0.2505 -0.0000  0.0000
    8   9.2528 THz  -0.0000  0.0000  0.0050 -0.0013 -0.0000  0.0000  0.0000 -0.0000  0.0044 -0.0011 -0.0000 -0.0000 -0.0000 -0.0000  0.0215 -0.0054  0.0000 -0.0000  0.0000 -0.0000  0.7037 -0.1777  0.0000 -0.0000  0.0000 -0.0000 -0.6667  0.1683  0.0000 -0.0000
    9  10.1758 THz   0.5944  0.0000  0.0000 -0.0000  0.5399 -0.0000 -0.1387  0.0000  0.0000 -0.0000 -0.1639  0.0000 -0.3486  0.0000  0.0000 -0.0000 -0.2574  0.0000 -0.0021  0.0000  0.0000 -0.0000 -0.2430  0.0000 -0.2390 -0.0000 -0.0000 -0.0000 -0.0715 -0.0000
   10  10.8297 THz   0.3623  0.0000 -0.0000 -0.0000 -0.4623  0.0000  0.1217 -0.0000 -0.0000 -0.0000 -0.0996  0.0000 -0.3422  0.0000 -0.0000 -0.0000  0.3818 -0.0000  0.4398 -0.0000  0.0000  0.0000 -0.0365  0.0000  0.0966  0.0000  0.0000  0.0000 -0.4041 -0.0000
   11  12.9868 THz   0.0000  0.0000  0.0855 -0.0630 -0.0000  0.0000  0.0000 -0.0000 -0.0145  0.0107 -0.0000 -0.0000 -0.0000 -0.0000  0.6893 -0.5074  0.0000 -0.0000 -0.0000 -0.0000 -0.2913  0.2144 -0.0000  0.0000 -0.0000  0.0000 -0.2847  0.2095 -0.0000  0.0000
   12  13.7625 THz  -0.3153  0.0000  0.0000 -0.0000  0.3315  0.0000 -0.0533 -0.0000  0.0000  0.0000  0.0552 -0.0000  0.2582 -0.0000  0.0000 -0.0000 -0.2583 -0.0000  0.5699 -0.0000 -0.0000  0.0000  0.0919 -0.0000 -0.0716 -0.0000 -0.0000  0.0000 -0.5595 -0.0000
   13  14.0871 THz   0.1442  0.0000  0.0000  0.0000  0.1491  0.0000 -0.0349 -0.0000  0.0000 -0.0000 -0.0371 -0.0000 -0.2139 -0.0000  0.0000  0.0000 -0.2106 -0.0000 -0.1177  0.0000 -0.0000 -0.0000  0.6471 -0.0000  0.6506  0.0000 -0.0000 -0.0000 -0.0916 -0.0000
   14  21.5320 THz   0.1325  0.0000 -0.0000  0.0000 -0.1366  0.0000  0.0344 -0.0000  0.0000  0.0000 -0.0346 -0.0000  0.0082  0.0000 -0.0000 -0.0000 -0.0094  0.0000 -0.0241  0.0000  0.0000  0.0000  0.6949 -0.0000 -0.6908 -0.0000  0.0000  0.0000  0.0239  0.0000
