
Used Primitive lattice vector

   -2.124600000000     -2.124600000000      0.000000000000  
   -2.124600000000      0.000000000000     -2.124600000000  
    0.000000000000     -2.124600000000     -2.124600000000  

   1 Atom(s) in the Primitive cell

 0.0000000000 0.0000000000 0.0000000000 Al    0


 Q=  0.117669  0.117669  0.117669, q= -0.500000 -0.500000 -0.500000

                       Al X   0        Al Y   0        Al Z   0     
                    --------------- --------------- ---------------
    0   2.8937 THz   0.0000  0.0000 -0.0000 -0.7071 -0.0000  0.7071
    1   2.8937 THz   0.8165  0.0000 -0.4082  0.0000 -0.4082 -0.0000
    2   5.2640 THz  -0.5774  0.0000 -0.5774  0.0000 -0.5774 -0.0000


 Q=  0.176504  0.058835  0.058835, q= -0.500000 -0.500000 -0.250000

                       Al X   0        Al Y   0        Al Z   0     
                    --------------- --------------- ---------------
    0   3.5704 THz   0.0000  0.0000  0.6884  0.1614 -0.6884 -0.1614
    1   4.8230 THz   0.5058  0.0000 -0.6100  0.0000 -0.6100  0.0000
    2   6.3554 THz   0.8626  0.0000  0.3577 -0.0000  0.3577 -0.0000


 Q=  0.235338  0.000000  0.000000, q= -0.500000 -0.500000  0.000000

                       Al X   0        Al Y   0        Al Z   0     
                    --------------- --------------- ---------------
    0   3.7219 THz   0.0000  0.0000  0.0992  0.7168 -0.1314  0.6775
    1   3.7219 THz   0.0000  0.0000 -0.0117 -0.6901 -0.2223  0.6887
    2   7.9977 THz   1.0000  0.0000  0.0000  0.0000  0.0000  0.0000


 Q=  0.294173 -0.058835 -0.058835, q= -0.500000 -0.500000  0.250000

                       Al X   0        Al Y   0        Al Z   0     
                    --------------- --------------- ---------------
    0   3.5704 THz   0.0000  0.0000  0.6846 -0.1771 -0.6846  0.1771
    1   4.8230 THz   0.5058  0.0000 -0.6100  0.0000 -0.6100 -0.0000
    2   6.3554 THz   0.8626  0.0000  0.3577 -0.0000  0.3577  0.0000


 Q=  0.058835  0.176504  0.058835, q= -0.500000 -0.250000 -0.500000

                       Al X   0        Al Y   0        Al Z   0     
                    --------------- --------------- ---------------
    0   3.5704 THz  -0.7071  0.0000 -0.0000 -0.0000  0.7071 -0.0000
    1   4.8230 THz   0.6100  0.0000 -0.5058  0.0000  0.6100 -0.0000
    2   6.3554 THz   0.3577  0.0000  0.8626 -0.0000  0.3577 -0.0000


 Q=  0.117669  0.117669  0.000000, q= -0.500000 -0.250000 -0.250000

                       Al X   0        Al Y   0        Al Z   0     
                    --------------- --------------- ---------------
    0   3.3491 THz   0.7071  0.0000 -0.7071  0.0000 -0.0000  0.0000
    1   3.7183 THz   0.0000  0.0000  0.0000  0.0000 -0.9943 -0.1065
    2   5.8620 THz  -0.7071  0.0000 -0.7071  0.0000 -0.0000  0.0000


 Q=  0.176504  0.058835 -0.058835, q= -0.500000 -0.250000  0.000000

                       Al X   0        Al Y   0        Al Z   0     
                    --------------- --------------- ---------------
    0   3.5704 THz  -0.0000  0.0000 -0.7027 -0.0784 -0.7027 -0.0784
    1   4.8230 THz   0.5058  0.0000 -0.6100  0.0000  0.6100 -0.0000
    2   6.3554 THz   0.8626  0.0000  0.3577 -0.0000 -0.3577  0.0000


 Q=  0.235338  0.000000 -0.117669, q= -0.500000 -0.250000  0.250000

                       Al X   0        Al Y   0        Al Z   0     
                    --------------- --------------- ---------------
    0   4.4306 THz   0.0000  0.0000  0.0000 -0.0000 -0.9188  0.3947
    1   5.4719 THz   1.0000  0.0000  0.0000  0.0000  0.0000  0.0000
    2   5.4719 THz   0.0000  0.0000  0.9965  0.0831  0.0000 -0.0000


 Q=  0.000000  0.235338  0.000000, q= -0.500000  0.000000 -0.500000

                       Al X   0        Al Y   0        Al Z   0     
                    --------------- --------------- ---------------
    0   3.7219 THz   0.0000  0.0000 -0.0000  0.0000 -1.0000  0.0000
    1   3.7219 THz   1.0000  0.0000  0.0000  0.0000  0.0000  0.0000
    2   7.9977 THz   0.0000  0.0000 -0.0170 -0.9999 -0.0000  0.0000


 Q=  0.058835  0.176504 -0.058835, q= -0.500000  0.000000 -0.250000

                       Al X   0        Al Y   0        Al Z   0     
                    --------------- --------------- ---------------
    0   3.5704 THz  -0.7071  0.0000  0.0000 -0.0000 -0.7071 -0.0000
    1   4.8230 THz   0.6100  0.0000 -0.5058 -0.0000 -0.6100 -0.0000
    2   6.3554 THz  -0.3577  0.0000 -0.8626  0.0000  0.3577 -0.0000


 Q=  0.117669  0.117669 -0.117669, q= -0.500000  0.000000  0.000000

                       Al X   0        Al Y   0        Al Z   0     
                    --------------- --------------- ---------------
    0   2.8937 THz   0.0000  0.0000 -0.3981  0.5844 -0.3981  0.5844
    1   2.8937 THz   0.8165  0.0000 -0.4082  0.0000  0.4082 -0.0000
    2   5.2640 THz  -0.5774  0.0000 -0.5774  0.0000  0.5774 -0.0000


 Q=  0.176504  0.058835 -0.176504, q= -0.500000  0.000000  0.250000

                       Al X   0        Al Y   0        Al Z   0     
                    --------------- --------------- ---------------
    0   3.5704 THz  -0.7071  0.0000  0.0000  0.0000 -0.7071  0.0000
    1   4.8230 THz   0.6100  0.0000 -0.5058  0.0000 -0.6100  0.0000
    2   6.3554 THz  -0.3577  0.0000 -0.8626 -0.0000  0.3577  0.0000


 Q= -0.058835  0.294173 -0.058835, q= -0.500000  0.250000 -0.500000

                       Al X   0        Al Y   0        Al Z   0     
                    --------------- --------------- ---------------
    0   3.5704 THz  -0.7071  0.0000  0.0000 -0.0000  0.7071  0.0000
    1   4.8230 THz   0.6100  0.0000 -0.5058 -0.0000  0.6100  0.0000
    2   6.3554 THz   0.3577  0.0000  0.8626  0.0000  0.3577  0.0000


 Q=  0.000000  0.235338 -0.117669, q= -0.500000  0.250000 -0.250000

                       Al X   0        Al Y   0        Al Z   0     
                    --------------- --------------- ---------------
    0   4.4306 THz   0.0000  0.0000 -0.0000  0.0000 -0.9814  0.1919
    1   5.4719 THz   0.0000  0.0000 -0.9905  0.1376  0.0000 -0.0000
    2   5.4719 THz   1.0000  0.0000  0.0000  0.0000  0.0000  0.0000


 Q=  0.058835  0.176504 -0.176504, q= -0.500000  0.250000  0.000000

                       Al X   0        Al Y   0        Al Z   0     
                    --------------- --------------- ---------------
    0   3.5704 THz   0.0000  0.0000 -0.4459  0.5488 -0.4459  0.5488
    1   4.8230 THz   0.5058  0.0000 -0.6100 -0.0000  0.6100  0.0000
    2   6.3554 THz   0.8626  0.0000  0.3577  0.0000 -0.3577 -0.0000


 Q=  0.117669  0.117669 -0.235338, q= -0.500000  0.250000  0.250000

                       Al X   0        Al Y   0        Al Z   0     
                    --------------- --------------- ---------------
    0   3.3491 THz   0.7071  0.0000 -0.7071  0.0000  0.0000  0.0000
    1   3.7183 THz   0.0000  0.0000 -0.0000  0.0000 -0.9831  0.1830
    2   5.8620 THz  -0.7071  0.0000 -0.7071  0.0000  0.0000  0.0000


 Q=  0.058835  0.058835  0.176504, q= -0.250000 -0.500000 -0.500000

                       Al X   0        Al Y   0        Al Z   0     
                    --------------- --------------- ---------------
    0   3.5704 THz  -0.7071  0.0000  0.7071  0.0000  0.0000 -0.0000
    1   4.8230 THz   0.6100  0.0000  0.6100  0.0000 -0.5058 -0.0000
    2   6.3554 THz  -0.3577  0.0000 -0.3577  0.0000 -0.8626 -0.0000


 Q=  0.117669  0.000000  0.117669, q= -0.250000 -0.500000 -0.250000

                       Al X   0        Al Y   0        Al Z   0     
                    --------------- --------------- ---------------
    0   3.3491 THz   0.7071  0.0000  0.0000 -0.0000 -0.7071  0.0000
    1   3.7183 THz   0.0000  0.0000  0.9972 -0.0751  0.0000  0.0000
    2   5.8620 THz   0.7071  0.0000  0.0000  0.0000  0.7071 -0.0000


 Q=  0.176504 -0.058835  0.058835, q= -0.250000 -0.500000  0.000000

                       Al X   0        Al Y   0        Al Z   0     
                    --------------- --------------- ---------------
    0   3.5704 THz  -0.0000  0.0000 -0.7008 -0.0945 -0.7008 -0.0945
    1   4.8230 THz  -0.5058  0.0000 -0.6100 -0.0000  0.6100  0.0000
    2   6.3554 THz   0.8626  0.0000 -0.3577 -0.0000  0.3577  0.0000


 Q=  0.235338 -0.117669  0.000000, q= -0.250000 -0.500000  0.250000

                       Al X   0        Al Y   0        Al Z   0     
                    --------------- --------------- ---------------
    0   4.4306 THz   0.0000  0.0000 -0.6357 -0.7719 -0.0000 -0.0000
    1   5.4719 THz   0.0000  0.0000  0.0000 -0.0000 -0.4132  0.9106
    2   5.4719 THz   1.0000  0.0000  0.0000  0.0000  0.0000  0.0000


 Q=  0.000000  0.117669  0.117669, q= -0.250000 -0.250000 -0.500000

                       Al X   0        Al Y   0        Al Z   0     
                    --------------- --------------- ---------------
    0   3.3491 THz   0.0000  0.0000 -0.0681  0.7038  0.0681 -0.7038
    1   3.7183 THz   1.0000  0.0000  0.0000  0.0000  0.0000  0.0000
    2   5.8620 THz   0.0000  0.0000 -0.2765 -0.6508 -0.2765 -0.6508


 Q=  0.058835  0.058835  0.058835, q= -0.250000 -0.250000 -0.250000

                       Al X   0        Al Y   0        Al Z   0     
                    --------------- --------------- ---------------
    0   2.4148 THz   0.8165  0.0000 -0.4082 -0.0000 -0.4082  0.0000
    1   2.4148 THz   0.0000  0.0000  0.6802 -0.1931 -0.6802  0.1931
    2   4.9392 THz  -0.5774  0.0000 -0.5774 -0.0000 -0.5774  0.0000


 Q=  0.117669  0.000000  0.000000, q= -0.250000 -0.250000  0.000000

                       Al X   0        Al Y   0        Al Z   0     
                    --------------- --------------- ---------------
    0   2.6657 THz   0.0000  0.0000 -0.5583 -0.3878 -0.3953  0.6178
    1   2.6657 THz   0.0000  0.0000  0.0380  0.7325 -0.6770  0.0610
    2   4.7616 THz   1.0000  0.0000  0.0000  0.0000  0.0000  0.0000


 Q=  0.176504 -0.058835 -0.058835, q= -0.250000 -0.250000  0.250000

                       Al X   0        Al Y   0        Al Z   0     
                    --------------- --------------- ---------------
    0   3.5704 THz   0.0000  0.0000  0.7066  0.0264 -0.7066 -0.0264
    1   4.8230 THz  -0.5058  0.0000 -0.6100 -0.0000 -0.6100  0.0000
    2   6.3554 THz   0.8626  0.0000 -0.3577 -0.0000 -0.3577  0.0000


 Q= -0.058835  0.176504  0.058835, q= -0.250000  0.000000 -0.500000

                       Al X   0        Al Y   0        Al Z   0     
                    --------------- --------------- ---------------
    0   3.5704 THz   0.7071  0.0000  0.0000  0.0000  0.7071  0.0000
    1   4.8230 THz   0.6100  0.0000  0.5058  0.0000 -0.6100 -0.0000
    2   6.3554 THz  -0.3577  0.0000  0.8626  0.0000  0.3577  0.0000


 Q=  0.000000  0.117669  0.000000, q= -0.250000  0.000000 -0.250000

                       Al X   0        Al Y   0        Al Z   0     
                    --------------- --------------- ---------------
    0   2.6657 THz   0.0000  0.0000  0.0000  0.0000 -0.9977  0.0672
    1   2.6657 THz   1.0000  0.0000  0.0000  0.0000  0.0000  0.0000
    2   4.7616 THz   0.0000  0.0000 -0.7709 -0.6369 -0.0000  0.0000


 Q=  0.058835  0.058835 -0.058835, q= -0.250000  0.000000  0.000000

                       Al X   0        Al Y   0        Al Z   0     
                    --------------- --------------- ---------------
    0   2.4148 THz   0.0000  0.0000 -0.0000  0.7071  0.0000  0.7071
    1   2.4148 THz   0.8165  0.0000 -0.4082 -0.0000  0.4082  0.0000
    2   4.9392 THz  -0.5774  0.0000 -0.5774 -0.0000  0.5774  0.0000


 Q=  0.117669  0.000000 -0.117669, q= -0.250000  0.000000  0.250000

                       Al X   0        Al Y   0        Al Z   0     
                    --------------- --------------- ---------------
    0   3.3491 THz   0.7071  0.0000 -0.0000  0.0000  0.7071 -0.0000
    1   3.7183 THz  -0.0000  0.0000 -0.9996  0.0282 -0.0000  0.0000
    2   5.8620 THz   0.7071  0.0000 -0.0000  0.0000 -0.7071  0.0000


 Q= -0.117669  0.235338  0.000000, q= -0.250000  0.250000 -0.500000

                       Al X   0        Al Y   0        Al Z   0     
                    --------------- --------------- ---------------
    0   4.4306 THz   1.0000  0.0000  0.0000  0.0000  0.0000  0.0000
    1   5.4719 THz   0.0000  0.0000 -0.6598  0.1044 -0.6466 -0.3684
    2   5.4719 THz   0.0000  0.0000  0.3067 -0.6780 -0.5952  0.3033


 Q= -0.058835  0.176504 -0.058835, q= -0.250000  0.250000 -0.250000

                       Al X   0        Al Y   0        Al Z   0     
                    --------------- --------------- ---------------
    0   3.5704 THz   0.7071  0.0000  0.0000 -0.0000 -0.7071 -0.0000
    1   4.8230 THz   0.6100  0.0000  0.5058  0.0000  0.6100  0.0000
    2   6.3554 THz   0.3577  0.0000 -0.8626 -0.0000  0.3577 -0.0000


 Q=  0.000000  0.117669 -0.117669, q= -0.250000  0.250000  0.000000

                       Al X   0        Al Y   0        Al Z   0     
                    --------------- --------------- ---------------
    0   3.3491 THz   0.0000  0.0000 -0.7062  0.0348 -0.7062  0.0348
    1   3.7183 THz   1.0000  0.0000  0.0000  0.0000  0.0000  0.0000
    2   5.8620 THz   0.0000  0.0000  0.1148  0.6977 -0.1148 -0.6977


 Q=  0.058835  0.058835 -0.176504, q= -0.250000  0.250000  0.250000

                       Al X   0        Al Y   0        Al Z   0     
                    --------------- --------------- ---------------
    0   3.5704 THz  -0.7071  0.0000  0.7071  0.0000  0.0000  0.0000
    1   4.8230 THz   0.6100  0.0000  0.6100  0.0000  0.5058  0.0000
    2   6.3554 THz   0.3577  0.0000  0.3577  0.0000 -0.8626  0.0000


 Q=  0.000000  0.000000  0.235338, q=  0.000000 -0.500000 -0.500000

                       Al X   0        Al Y   0        Al Z   0     
                    --------------- --------------- ---------------
    0   3.7219 THz   1.0000  0.0000  0.0000  0.0000  0.0000  0.0000
    1   3.7219 THz   0.0000  0.0000 -0.0093 -1.0000 -0.0000 -0.0000
    2   7.9977 THz   0.0000  0.0000  0.0000  0.0000 -1.0000  0.0000


 Q=  0.058835 -0.058835  0.176504, q=  0.000000 -0.500000 -0.250000

                       Al X   0        Al Y   0        Al Z   0     
                    --------------- --------------- ---------------
    0   3.5704 THz   0.7071  0.0000  0.7071 -0.0000  0.0000 -0.0000
    1   4.8230 THz   0.6100  0.0000 -0.6100  0.0000 -0.5058  0.0000
    2   6.3554 THz  -0.3577  0.0000  0.3577 -0.0000 -0.8626  0.0000


 Q=  0.117669 -0.117669  0.117669, q=  0.000000 -0.500000  0.000000

                       Al X   0        Al Y   0        Al Z   0     
                    --------------- --------------- ---------------
    0   2.8937 THz   0.5022  0.0000 -0.2961  0.1071 -0.7983  0.1071
    1   2.8937 THz   0.6438  0.0000  0.7487 -0.0835  0.1049 -0.0835
    2   5.2640 THz  -0.5774  0.0000  0.5774  0.0000 -0.5774 -0.0000


 Q=  0.176504 -0.176504  0.058835, q=  0.000000 -0.500000  0.250000

                       Al X   0        Al Y   0        Al Z   0     
                    --------------- --------------- ---------------
    0   3.5704 THz   0.7071  0.0000  0.7071 -0.0000 -0.0000 -0.0000
    1   4.8230 THz   0.6100  0.0000 -0.6100  0.0000 -0.5058 -0.0000
    2   6.3554 THz  -0.3577  0.0000  0.3577 -0.0000 -0.8626 -0.0000


 Q= -0.058835  0.058835  0.176504, q=  0.000000 -0.250000 -0.500000

                       Al X   0        Al Y   0        Al Z   0     
                    --------------- --------------- ---------------
    0   3.5704 THz   0.7071  0.0000  0.7071 -0.0000  0.0000  0.0000
    1   4.8230 THz   0.6100  0.0000 -0.6100  0.0000  0.5058 -0.0000
    2   6.3554 THz   0.3577  0.0000 -0.3577  0.0000 -0.8626  0.0000


 Q=  0.000000  0.000000  0.117669, q=  0.000000 -0.250000 -0.250000

                       Al X   0        Al Y   0        Al Z   0     
                    --------------- --------------- ---------------
    0   2.6657 THz   0.0000  0.0000  0.4432 -0.8964 -0.0000 -0.0000
    1   2.6657 THz   1.0000  0.0000  0.0000  0.0000  0.0000  0.0000
    2   4.7616 THz   0.0000  0.0000 -0.0000  0.0000 -0.9918  0.1275


 Q=  0.058835 -0.058835  0.058835, q=  0.000000 -0.250000  0.000000

                       Al X   0        Al Y   0        Al Z   0     
                    --------------- --------------- ---------------
    0   2.4148 THz   0.8165  0.0000  0.4082 -0.0000 -0.4082  0.0000
    1   2.4148 THz   0.0000  0.0000 -0.6525  0.2724 -0.6525  0.2724
    2   4.9392 THz   0.5774  0.0000 -0.5774  0.0000  0.5774 -0.0000


 Q=  0.117669 -0.117669  0.000000, q=  0.000000 -0.250000  0.250000

                       Al X   0        Al Y   0        Al Z   0     
                    --------------- --------------- ---------------
    0   3.3491 THz   0.7071  0.0000  0.7071 -0.0000 -0.0000 -0.0000
    1   3.7183 THz   0.0000  0.0000 -0.0000 -0.0000 -0.8248 -0.5654
    2   5.8620 THz   0.7071  0.0000 -0.7071  0.0000  0.0000  0.0000


 Q= -0.117669  0.117669  0.117669, q=  0.000000  0.000000 -0.500000

                       Al X   0        Al Y   0        Al Z   0     
                    --------------- --------------- ---------------
    0   2.8937 THz   0.4408  0.0000 -0.3615  0.1254  0.8023 -0.1254
    1   2.8937 THz   0.6873  0.0000  0.7168 -0.0804 -0.0295  0.0804
    2   5.2640 THz  -0.5774 -0.0000  0.5774  0.0000  0.5774  0.0000


 Q= -0.058835  0.058835  0.058835, q=  0.000000  0.000000 -0.250000

                       Al X   0        Al Y   0        Al Z   0     
                    --------------- --------------- ---------------
    0   2.4148 THz   0.0000  0.0000  0.6942 -0.1345 -0.6942  0.1345
    1   2.4148 THz   0.8165  0.0000  0.4082 -0.0000  0.4082 -0.0000
    2   4.9392 THz   0.5774  0.0000 -0.5774  0.0000 -0.5774  0.0000


 Q=  0.000000  0.000000  0.000000, q=  0.000000  0.000000  0.000000

                       Al X   0        Al Y   0        Al Z   0     
                    --------------- --------------- ---------------
    0  -0.0000 THz   0.2943  0.0000 -0.8309  0.0000  0.4722  0.0000
    1   0.0000 THz   0.9505  0.0000  0.3061  0.0000 -0.0538  0.0000
    2  -0.0000 THz   0.0999  0.0000 -0.4646  0.0000 -0.8799  0.0000


 Q=  0.058835 -0.058835 -0.058835, q=  0.000000  0.000000  0.250000

                       Al X   0        Al Y   0        Al Z   0     
                    --------------- --------------- ---------------
    0   2.4148 THz   0.0000  0.0000  0.6942  0.1345 -0.6942 -0.1345
    1   2.4148 THz   0.8165  0.0000  0.4082  0.0000  0.4082  0.0000
    2   4.9392 THz   0.5774  0.0000 -0.5774 -0.0000 -0.5774 -0.0000


 Q= -0.176504  0.176504  0.058835, q=  0.000000  0.250000 -0.500000

                       Al X   0        Al Y   0        Al Z   0     
                    --------------- --------------- ---------------
    0   3.5704 THz   0.7071  0.0000  0.7071  0.0000  0.0000 -0.0000
    1   4.8230 THz   0.6100  0.0000 -0.6100 -0.0000  0.5058  0.0000
    2   6.3554 THz   0.3577  0.0000 -0.3577 -0.0000 -0.8626 -0.0000


 Q= -0.117669  0.117669  0.000000, q=  0.000000  0.250000 -0.250000

                       Al X   0        Al Y   0        Al Z   0     
                    --------------- --------------- ---------------
    0   3.3491 THz   0.7071  0.0000  0.7071  0.0000 -0.0000  0.0000
    1   3.7183 THz   0.0000  0.0000 -0.0000  0.0000 -0.8248  0.5654
    2   5.8620 THz   0.7071  0.0000 -0.7071 -0.0000  0.0000 -0.0000


 Q= -0.058835  0.058835 -0.058835, q=  0.000000  0.250000  0.000000

                       Al X   0        Al Y   0        Al Z   0     
                    --------------- --------------- ---------------
    0   2.4148 THz   0.8165  0.0000  0.4082  0.0000 -0.4082 -0.0000
    1   2.4148 THz   0.0000  0.0000 -0.6525 -0.2724 -0.6525 -0.2724
    2   4.9392 THz   0.5774  0.0000 -0.5774 -0.0000  0.5774  0.0000


 Q=  0.000000  0.000000 -0.117669, q=  0.000000  0.250000  0.250000

                       Al X   0        Al Y   0        Al Z   0     
                    --------------- --------------- ---------------
    0   2.6657 THz   0.0000  0.0000  0.4432  0.8964 -0.0000  0.0000
    1   2.6657 THz   1.0000  0.0000  0.0000  0.0000  0.0000  0.0000
    2   4.7616 THz   0.0000  0.0000 -0.0000 -0.0000 -0.9918 -0.1275


 Q= -0.058835 -0.058835  0.294173, q=  0.250000 -0.500000 -0.500000

                       Al X   0        Al Y   0        Al Z   0     
                    --------------- --------------- ---------------
    0   3.5704 THz  -0.7071  0.0000  0.7071 -0.0000 -0.0000  0.0000
    1   4.8230 THz   0.6100  0.0000  0.6100 -0.0000 -0.5058  0.0000
    2   6.3554 THz  -0.3577  0.0000 -0.3577  0.0000 -0.8626 -0.0000


 Q=  0.000000 -0.117669  0.235338, q=  0.250000 -0.500000 -0.250000

                       Al X   0        Al Y   0        Al Z   0     
                    --------------- --------------- ---------------
    0   4.4306 THz   0.0000  0.0000 -0.8584 -0.5130  0.0000 -0.0000
    1   5.4719 THz   1.0000  0.0000  0.0000  0.0000  0.0000  0.0000
    2   5.4719 THz   0.0000  0.0000 -0.0000 -0.0000 -0.6498  0.7601


 Q=  0.058835 -0.176504  0.176504, q=  0.250000 -0.500000  0.000000

                       Al X   0        Al Y   0        Al Z   0     
                    --------------- --------------- ---------------
    0   3.5704 THz   0.0000  0.0000 -0.7056  0.0465 -0.7056  0.0465
    1   4.8230 THz  -0.5058  0.0000 -0.6100  0.0000  0.6100 -0.0000
    2   6.3554 THz   0.8626  0.0000 -0.3577  0.0000  0.3577 -0.0000


 Q=  0.117669 -0.235338  0.117669, q=  0.250000 -0.500000  0.250000

                       Al X   0        Al Y   0        Al Z   0     
                    --------------- --------------- ---------------
    0   3.3491 THz  -0.7071  0.0000 -0.0000  0.0000  0.7071  0.0000
    1   3.7183 THz   0.0000  0.0000 -0.9947  0.1026 -0.0000 -0.0000
    2   5.8620 THz   0.7071  0.0000 -0.0000  0.0000  0.7071  0.0000


 Q= -0.117669  0.000000  0.235338, q=  0.250000 -0.250000 -0.500000

                       Al X   0        Al Y   0        Al Z   0     
                    --------------- --------------- ---------------
    0   4.4306 THz   1.0000  0.0000  0.0000  0.0000  0.0000  0.0000
    1   5.4719 THz   0.0000  0.0000  0.6134  0.4086 -0.6470  0.1953
    2   5.4719 THz   0.0000  0.0000 -0.4371 -0.5155 -0.7370  0.0097


 Q= -0.058835 -0.058835  0.176504, q=  0.250000 -0.250000 -0.250000

                       Al X   0        Al Y   0        Al Z   0     
                    --------------- --------------- ---------------
    0   3.5704 THz  -0.7071  0.0000  0.7071 -0.0000  0.0000 -0.0000
    1   4.8230 THz   0.6100  0.0000  0.6100 -0.0000  0.5058 -0.0000
    2   6.3554 THz   0.3577  0.0000  0.3577 -0.0000 -0.8626 -0.0000


 Q=  0.000000 -0.117669  0.117669, q=  0.250000 -0.250000  0.000000

                       Al X   0        Al Y   0        Al Z   0     
                    --------------- --------------- ---------------
    0   3.3491 THz   0.0000  0.0000 -0.7062 -0.0348 -0.7062 -0.0348
    1   3.7183 THz   1.0000  0.0000  0.0000  0.0000  0.0000  0.0000
    2   5.8620 THz   0.0000  0.0000  0.1148 -0.6977 -0.1148  0.6977


 Q=  0.058835 -0.176504  0.058835, q=  0.250000 -0.250000  0.250000

                       Al X   0        Al Y   0        Al Z   0     
                    --------------- --------------- ---------------
    0   3.5704 THz   0.7071  0.0000  0.0000  0.0000 -0.7071  0.0000
    1   4.8230 THz   0.6100  0.0000  0.5058 -0.0000  0.6100 -0.0000
    2   6.3554 THz   0.3577  0.0000 -0.8626  0.0000  0.3577  0.0000


 Q= -0.176504  0.058835  0.176504, q=  0.250000  0.000000 -0.500000

                       Al X   0        Al Y   0        Al Z   0     
                    --------------- --------------- ---------------
    0   3.5704 THz   0.7071  0.0000  0.0000 -0.0000  0.7071  0.0000
    1   4.8230 THz   0.6100  0.0000  0.5058  0.0000 -0.6100 -0.0000
    2   6.3554 THz  -0.3577  0.0000  0.8626 -0.0000  0.3577 -0.0000


 Q= -0.117669  0.000000  0.117669, q=  0.250000  0.000000 -0.250000

                       Al X   0        Al Y   0        Al Z   0     
                    --------------- --------------- ---------------
    0   3.3491 THz   0.7071  0.0000 -0.0000 -0.0000  0.7071  0.0000
    1   3.7183 THz  -0.0000  0.0000 -0.9996 -0.0282 -0.0000 -0.0000
    2   5.8620 THz   0.7071  0.0000 -0.0000 -0.0000 -0.7071 -0.0000


 Q= -0.058835 -0.058835  0.058835, q=  0.250000  0.000000  0.000000

                       Al X   0        Al Y   0        Al Z   0     
                    --------------- --------------- ---------------
    0   2.4148 THz   0.0000  0.0000 -0.0000 -0.7071  0.0000 -0.7071
    1   2.4148 THz   0.8165  0.0000 -0.4082  0.0000  0.4082 -0.0000
    2   4.9392 THz  -0.5774  0.0000 -0.5774  0.0000  0.5774 -0.0000


 Q=  0.000000 -0.117669  0.000000, q=  0.250000  0.000000  0.250000

                       Al X   0        Al Y   0        Al Z   0     
                    --------------- --------------- ---------------
    0   2.6657 THz   0.0000  0.0000  0.0000 -0.0000 -0.9977 -0.0672
    1   2.6657 THz   1.0000  0.0000  0.0000  0.0000  0.0000  0.0000
    2   4.7616 THz   0.0000  0.0000 -0.7709  0.6369 -0.0000 -0.0000


 Q= -0.235338  0.117669  0.117669, q=  0.250000  0.250000 -0.500000

                       Al X   0        Al Y   0        Al Z   0     
                    --------------- --------------- ---------------
    0   3.3491 THz   0.0000  0.0000  0.5580  0.4343 -0.5580 -0.4343
    1   3.7183 THz   1.0000  0.0000  0.0000  0.0000  0.0000  0.0000
    2   5.8620 THz   0.0000  0.0000 -0.6747 -0.2117 -0.6747 -0.2117


 Q= -0.176504  0.058835  0.058835, q=  0.250000  0.250000 -0.250000

                       Al X   0        Al Y   0        Al Z   0     
                    --------------- --------------- ---------------
    0   3.5704 THz   0.0000  0.0000  0.7066 -0.0264 -0.7066  0.0264
    1   4.8230 THz  -0.5058  0.0000 -0.6100  0.0000 -0.6100 -0.0000
    2   6.3554 THz   0.8626  0.0000 -0.3577  0.0000 -0.3577 -0.0000


 Q= -0.117669  0.000000  0.000000, q=  0.250000  0.250000  0.000000

                       Al X   0        Al Y   0        Al Z   0     
                    --------------- --------------- ---------------
    0   2.6657 THz   0.0000  0.0000 -0.5583  0.3878 -0.3953 -0.6178
    1   2.6657 THz   0.0000  0.0000  0.0380 -0.7325 -0.6770 -0.0610
    2   4.7616 THz   1.0000  0.0000  0.0000  0.0000  0.0000  0.0000


 Q= -0.058835 -0.058835 -0.058835, q=  0.250000  0.250000  0.250000

                       Al X   0        Al Y   0        Al Z   0     
                    --------------- --------------- ---------------
    0   2.4148 THz   0.8165  0.0000 -0.4082  0.0000 -0.4082 -0.0000
    1   2.4148 THz   0.0000  0.0000  0.6802  0.1931 -0.6802 -0.1931
    2   4.9392 THz  -0.5774  0.0000 -0.5774  0.0000 -0.5774 -0.0000
