
Used Primitive lattice vector

    0.000000000000      1.949923000000      1.949923000000  
    1.949923000000      0.000000000000      1.949923000000  
    1.949923000000      1.949923000000      0.000000000000  

   1 Atom(s) in the Primitive cell

 0.0000000000 0.0000000000 0.0000000000 Al    0


 Q= -0.128210 -0.128210 -0.128210, q= -0.500000 -0.500000 -0.500000

                       Al X   0        Al Y   0        Al Z   0     
                    --------------- --------------- ---------------
    0   5.1394 THz   0.0000  0.0000  0.7036 -0.0698 -0.7036  0.0698
    1   5.1394 THz   0.8165  0.0000 -0.4082  0.0000 -0.4082 -0.0000
    2  11.5112 THz  -0.5774  0.0000 -0.5774  0.0000 -0.5774 -0.0000


 Q= -0.064105 -0.064105 -0.192315, q= -0.500000 -0.500000 -0.250000

                       Al X   0        Al Y   0        Al Z   0     
                    --------------- --------------- ---------------
    0   6.3805 THz   0.7071  0.0000 -0.7071  0.0000 -0.0000 -0.0000
    1   7.7920 THz   0.5751  0.0000  0.5751 -0.0000 -0.5819 -0.0000
    2  10.4892 THz   0.4115  0.0000  0.4115 -0.0000  0.8133  0.0000


 Q=  0.000000  0.000000 -0.256420, q= -0.500000 -0.500000  0.000000

                       Al X   0        Al Y   0        Al Z   0     
                    --------------- --------------- ---------------
    0   7.2214 THz   1.0000  0.0000  0.0000  0.0000  0.0000  0.0000
    1   7.2214 THz   0.0000  0.0000 -0.9094 -0.4159  0.0000  0.0000
    2  11.3131 THz   0.0000  0.0000 -0.0000 -0.0000 -1.0000 -0.0000


 Q=  0.064105  0.064105 -0.320525, q= -0.500000 -0.500000  0.250000

                       Al X   0        Al Y   0        Al Z   0     
                    --------------- --------------- ---------------
    0   6.3805 THz   0.7071  0.0000 -0.7071  0.0000 -0.0000 -0.0000
    1   7.7920 THz   0.5751  0.0000  0.5751 -0.0000 -0.5819 -0.0000
    2  10.4892 THz   0.4115  0.0000  0.4115 -0.0000  0.8133  0.0000


 Q= -0.064105 -0.192315 -0.064105, q= -0.500000 -0.250000 -0.500000

                       Al X   0        Al Y   0        Al Z   0     
                    --------------- --------------- ---------------
    0   6.3805 THz  -0.7071  0.0000 -0.0000  0.0000  0.7071 -0.0000
    1   7.7920 THz   0.5751  0.0000 -0.5819  0.0000  0.5751 -0.0000
    2  10.4892 THz   0.4115  0.0000  0.8133 -0.0000  0.4115  0.0000


 Q=  0.000000 -0.128210 -0.128210, q= -0.500000 -0.250000 -0.250000

                       Al X   0        Al Y   0        Al Z   0     
                    --------------- --------------- ---------------
    0   5.5265 THz   0.0000  0.0000  0.1576 -0.6893 -0.1576  0.6893
    1   7.7490 THz   1.0000  0.0000  0.0000  0.0000  0.0000  0.0000
    2  10.0486 THz   0.0000  0.0000 -0.6849 -0.1757 -0.6849 -0.1757


 Q=  0.064105 -0.064105 -0.192315, q= -0.500000 -0.250000  0.000000

                       Al X   0        Al Y   0        Al Z   0     
                    --------------- --------------- ---------------
    0   6.3805 THz  -0.7071  0.0000 -0.7071 -0.0000  0.0000  0.0000
    1   7.7920 THz   0.5751  0.0000 -0.5751 -0.0000  0.5819  0.0000
    2  10.4892 THz  -0.4115  0.0000  0.4115  0.0000  0.8133 -0.0000


 Q=  0.128210  0.000000 -0.256420, q= -0.500000 -0.250000  0.250000

                       Al X   0        Al Y   0        Al Z   0     
                    --------------- --------------- ---------------
    0   7.7800 THz   1.0000  0.0000  0.0000  0.0000  0.0000  0.0000
    1   9.5127 THz   0.0000  0.0000 -0.0352 -0.1614 -0.9768 -0.1366
    2   9.5127 THz   0.0000  0.0000  0.9747  0.1504 -0.0801  0.1444


 Q=  0.000000 -0.256420  0.000000, q= -0.500000  0.000000 -0.500000

                       Al X   0        Al Y   0        Al Z   0     
                    --------------- --------------- ---------------
    0   7.2214 THz   0.0000  0.0000 -0.0000 -0.0000 -1.0000 -0.0000
    1   7.2214 THz   1.0000  0.0000  0.0000  0.0000  0.0000  0.0000
    2  11.3131 THz   0.0000  0.0000 -0.3956 -0.9184  0.0000  0.0000


 Q=  0.064105 -0.192315 -0.064105, q= -0.500000  0.000000 -0.250000

                       Al X   0        Al Y   0        Al Z   0     
                    --------------- --------------- ---------------
    0   6.3805 THz   0.7071  0.0000  0.0000 -0.0000  0.7071  0.0000
    1   7.7920 THz   0.5751  0.0000  0.5819  0.0000 -0.5751 -0.0000
    2  10.4892 THz  -0.4115  0.0000  0.8133 -0.0000  0.4115 -0.0000


 Q=  0.128210 -0.128210 -0.128210, q= -0.500000  0.000000  0.000000

                       Al X   0        Al Y   0        Al Z   0     
                    --------------- --------------- ---------------
    0   5.1394 THz   0.8165  0.0000  0.4082 -0.0000  0.4082 -0.0000
    1   5.1394 THz   0.0000  0.0000  0.7050 -0.0543 -0.7050  0.0543
    2  11.5112 THz   0.5774  0.0000 -0.5774  0.0000 -0.5774  0.0000


 Q=  0.192315 -0.064105 -0.192315, q= -0.500000  0.000000  0.250000

                       Al X   0        Al Y   0        Al Z   0     
                    --------------- --------------- ---------------
    0   6.3805 THz   0.7071  0.0000  0.0000 -0.0000  0.7071  0.0000
    1   7.7920 THz   0.5751  0.0000  0.5819 -0.0000 -0.5751 -0.0000
    2  10.4892 THz  -0.4115  0.0000  0.8133 -0.0000  0.4115  0.0000


 Q=  0.064105 -0.320525  0.064105, q= -0.500000  0.250000 -0.500000

                       Al X   0        Al Y   0        Al Z   0     
                    --------------- --------------- ---------------
    0   6.3805 THz  -0.7071  0.0000 -0.0000 -0.0000  0.7071  0.0000
    1   7.7920 THz   0.5751  0.0000 -0.5819 -0.0000  0.5751  0.0000
    2  10.4892 THz   0.4115  0.0000  0.8133  0.0000  0.4115 -0.0000


 Q=  0.128210 -0.256420  0.000000, q= -0.500000  0.250000 -0.250000

                       Al X   0        Al Y   0        Al Z   0     
                    --------------- --------------- ---------------
    0   7.7800 THz   1.0000  0.0000  0.0000  0.0000  0.0000  0.0000
    1   9.5127 THz   0.0000  0.0000 -0.2861  0.0623 -0.1827 -0.9386
    2   9.5127 THz   0.0000  0.0000 -0.9194  0.2628  0.0742  0.2832


 Q=  0.192315 -0.192315 -0.064105, q= -0.500000  0.250000  0.000000

                       Al X   0        Al Y   0        Al Z   0     
                    --------------- --------------- ---------------
    0   6.3805 THz  -0.7071  0.0000 -0.7071  0.0000 -0.0000  0.0000
    1   7.7920 THz   0.5751  0.0000 -0.5751  0.0000  0.5819 -0.0000
    2  10.4892 THz  -0.4115  0.0000  0.4115 -0.0000  0.8133 -0.0000


 Q=  0.256420 -0.128210 -0.128210, q= -0.500000  0.250000  0.250000

                       Al X   0        Al Y   0        Al Z   0     
                    --------------- --------------- ---------------
    0   5.5265 THz   0.0000  0.0000  0.1137  0.6979 -0.1137 -0.6979
    1   7.7490 THz   1.0000  0.0000  0.0000  0.0000  0.0000  0.0000
    2  10.0486 THz   0.0000  0.0000 -0.7068 -0.0209 -0.7068 -0.0209


 Q= -0.192315 -0.064105 -0.064105, q= -0.250000 -0.500000 -0.500000

                       Al X   0        Al Y   0        Al Z   0     
                    --------------- --------------- ---------------
    0   6.3805 THz   0.0000  0.0000  0.6691  0.2286 -0.6691 -0.2286
    1   7.7920 THz   0.5819  0.0000 -0.5751 -0.0000 -0.5751  0.0000
    2  10.4892 THz   0.8133  0.0000  0.4115  0.0000  0.4115 -0.0000


 Q= -0.128210  0.000000 -0.128210, q= -0.250000 -0.500000 -0.250000

                       Al X   0        Al Y   0        Al Z   0     
                    --------------- --------------- ---------------
    0   5.5265 THz   0.7071  0.0000  0.0000 -0.0000 -0.7071  0.0000
    1   7.7490 THz   0.0000  0.0000  1.0000 -0.0024  0.0000  0.0000
    2  10.0486 THz  -0.7071  0.0000  0.0000 -0.0000 -0.7071  0.0000


 Q= -0.064105  0.064105 -0.192315, q= -0.250000 -0.500000  0.000000

                       Al X   0        Al Y   0        Al Z   0     
                    --------------- --------------- ---------------
    0   6.3805 THz   0.7071  0.0000  0.7071 -0.0000  0.0000 -0.0000
    1   7.7920 THz   0.5751  0.0000 -0.5751  0.0000 -0.5819 -0.0000
    2  10.4892 THz  -0.4115  0.0000  0.4115 -0.0000 -0.8133 -0.0000


 Q=  0.000000  0.128210 -0.256420, q= -0.250000 -0.500000  0.250000

                       Al X   0        Al Y   0        Al Z   0     
                    --------------- --------------- ---------------
    0   7.7800 THz   0.0000  0.0000 -0.3036  0.9528  0.0000  0.0000
    1   9.5127 THz   1.0000  0.0000  0.0000  0.0000  0.0000  0.0000
    2   9.5127 THz   0.0000  0.0000  0.0000  0.0000 -0.9823 -0.1873


 Q= -0.128210 -0.128210  0.000000, q= -0.250000 -0.250000 -0.500000

                       Al X   0        Al Y   0        Al Z   0     
                    --------------- --------------- ---------------
    0   5.5265 THz   0.7071  0.0000 -0.7071  0.0000 -0.0000  0.0000
    1   7.7490 THz   0.0000  0.0000  0.0000 -0.0000 -0.4940  0.8695
    2  10.0486 THz  -0.7071  0.0000 -0.7071  0.0000 -0.0000  0.0000


 Q= -0.064105 -0.064105 -0.064105, q= -0.250000 -0.250000 -0.250000

                       Al X   0        Al Y   0        Al Z   0     
                    --------------- --------------- ---------------
    0   3.9751 THz   0.0000  0.0000  0.6866  0.1689 -0.6866 -0.1689
    1   3.9751 THz   0.8165  0.0000 -0.4082  0.0000 -0.4082 -0.0000
    2   8.0822 THz  -0.5774  0.0000 -0.5774  0.0000 -0.5774 -0.0000


 Q=  0.000000  0.000000 -0.128210, q= -0.250000 -0.250000  0.000000

                       Al X   0        Al Y   0        Al Z   0     
                    --------------- --------------- ---------------
    0   5.2139 THz   0.0000  0.0000  0.8162  0.5778  0.0000 -0.0000
    1   5.2139 THz   1.0000  0.0000  0.0000  0.0000  0.0000  0.0000
    2   8.4435 THz   0.0000  0.0000  0.0000  0.0000 -0.4261  0.9047


 Q=  0.064105  0.064105 -0.192315, q= -0.250000 -0.250000  0.250000

                       Al X   0        Al Y   0        Al Z   0     
                    --------------- --------------- ---------------
    0   6.3805 THz  -0.7071  0.0000  0.7071 -0.0000 -0.0000 -0.0000
    1   7.7920 THz   0.5751  0.0000  0.5751 -0.0000  0.5819  0.0000
    2  10.4892 THz   0.4115  0.0000  0.4115  0.0000 -0.8133 -0.0000


 Q= -0.064105 -0.192315  0.064105, q= -0.250000  0.000000 -0.500000

                       Al X   0        Al Y   0        Al Z   0     
                    --------------- --------------- ---------------
    0   6.3805 THz   0.7071  0.0000  0.0000  0.0000  0.7071  0.0000
    1   7.7920 THz   0.5751  0.0000 -0.5819  0.0000 -0.5751 -0.0000
    2  10.4892 THz   0.4115  0.0000  0.8133 -0.0000 -0.4115 -0.0000


 Q=  0.000000 -0.128210  0.000000, q= -0.250000  0.000000 -0.250000

                       Al X   0        Al Y   0        Al Z   0     
                    --------------- --------------- ---------------
    0   5.2139 THz   1.0000  0.0000  0.0000  0.0000  0.0000  0.0000
    1   5.2139 THz   0.0000  0.0000  0.0000  0.0000 -0.4160  0.9094
    2   8.4435 THz   0.0000  0.0000 -0.1294  0.9916  0.0000 -0.0000


 Q=  0.064105 -0.064105 -0.064105, q= -0.250000  0.000000  0.000000

                       Al X   0        Al Y   0        Al Z   0     
                    --------------- --------------- ---------------
    0   3.9751 THz   0.8165  0.0000  0.4082  0.0000  0.4082 -0.0000
    1   3.9751 THz   0.0000  0.0000  0.6213 -0.3377 -0.6213  0.3377
    2   8.0822 THz   0.5774  0.0000 -0.5774 -0.0000 -0.5774  0.0000


 Q=  0.128210  0.000000 -0.128210, q= -0.250000  0.000000  0.250000

                       Al X   0        Al Y   0        Al Z   0     
                    --------------- --------------- ---------------
    0   5.5265 THz   0.7071  0.0000  0.0000 -0.0000  0.7071 -0.0000
    1   7.7490 THz   0.0000  0.0000  0.3620 -0.9322 -0.0000  0.0000
    2  10.0486 THz   0.7071  0.0000  0.0000  0.0000 -0.7071  0.0000


 Q=  0.000000 -0.256420  0.128210, q= -0.250000  0.250000 -0.500000

                       Al X   0        Al Y   0        Al Z   0     
                    --------------- --------------- ---------------
    0   7.7800 THz   0.0000  0.0000 -0.0000 -0.0000 -0.6250 -0.7806
    1   9.5127 THz   1.0000  0.0000  0.0000  0.0000  0.0000  0.0000
    2   9.5127 THz   0.0000  0.0000 -0.9888 -0.1490  0.0000  0.0000


 Q=  0.064105 -0.192315  0.064105, q= -0.250000  0.250000 -0.250000

                       Al X   0        Al Y   0        Al Z   0     
                    --------------- --------------- ---------------
    0   6.3805 THz  -0.7071  0.0000 -0.0000 -0.0000  0.7071 -0.0000
    1   7.7920 THz   0.5751  0.0000  0.5819 -0.0000  0.5751 -0.0000
    2  10.4892 THz  -0.4115  0.0000  0.8133 -0.0000 -0.4115 -0.0000


 Q=  0.128210 -0.128210  0.000000, q= -0.250000  0.250000  0.000000

                       Al X   0        Al Y   0        Al Z   0     
                    --------------- --------------- ---------------
    0   5.5265 THz   0.7071  0.0000  0.7071  0.0000 -0.0000 -0.0000
    1   7.7490 THz   0.0000  0.0000  0.0000  0.0000 -0.4836  0.8753
    2  10.0486 THz   0.7071  0.0000 -0.7071 -0.0000  0.0000  0.0000


 Q=  0.192315 -0.064105 -0.064105, q= -0.250000  0.250000  0.250000

                       Al X   0        Al Y   0        Al Z   0     
                    --------------- --------------- ---------------
    0   6.3805 THz   0.0000  0.0000 -0.0000  0.7071 -0.0000 -0.7071
    1   7.7920 THz  -0.5819  0.0000 -0.5751 -0.0000 -0.5751  0.0000
    2  10.4892 THz   0.8133  0.0000 -0.4115 -0.0000 -0.4115  0.0000


 Q= -0.256420  0.000000  0.000000, q=  0.000000 -0.500000 -0.500000

                       Al X   0        Al Y   0        Al Z   0     
                    --------------- --------------- ---------------
    0   7.2214 THz   0.0000  0.0000 -0.2103 -0.4881 -0.6922  0.4881
    1   7.2214 THz   0.0000  0.0000  0.4105  0.7409 -0.4019  0.3478
    2  11.3131 THz   1.0000  0.0000  0.0000  0.0000  0.0000  0.0000


 Q= -0.192315  0.064105 -0.064105, q=  0.000000 -0.500000 -0.250000

                       Al X   0        Al Y   0        Al Z   0     
                    --------------- --------------- ---------------
    0   6.3805 THz   0.0000  0.0000 -0.7071  0.0012 -0.7071  0.0012
    1   7.7920 THz  -0.5819  0.0000 -0.5751  0.0000  0.5751 -0.0000
    2  10.4892 THz   0.8133  0.0000 -0.4115  0.0000  0.4115 -0.0000


 Q= -0.128210  0.128210 -0.128210, q=  0.000000 -0.500000  0.000000

                       Al X   0        Al Y   0        Al Z   0     
                    --------------- --------------- ---------------
    0   5.1394 THz   0.0000  0.0000 -0.7069  0.0181 -0.7069  0.0181
    1   5.1394 THz   0.8165  0.0000  0.4082 -0.0000 -0.4082  0.0000
    2  11.5112 THz   0.5774  0.0000 -0.5774  0.0000  0.5774 -0.0000


 Q= -0.064105  0.192315 -0.192315, q=  0.000000 -0.500000  0.250000

                       Al X   0        Al Y   0        Al Z   0     
                    --------------- --------------- ---------------
    0   6.3805 THz   0.0000  0.0000 -0.7071  0.0045 -0.7071  0.0045
    1   7.7920 THz  -0.5819  0.0000 -0.5751 -0.0000  0.5751  0.0000
    2  10.4892 THz   0.8133  0.0000 -0.4115 -0.0000  0.4115  0.0000


 Q= -0.192315 -0.064105  0.064105, q=  0.000000 -0.250000 -0.500000

                       Al X   0        Al Y   0        Al Z   0     
                    --------------- --------------- ---------------
    0   6.3805 THz   0.0000  0.0000 -0.5931  0.3850 -0.5931  0.3850
    1   7.7920 THz   0.5819  0.0000 -0.5751 -0.0000  0.5751 -0.0000
    2  10.4892 THz   0.8133  0.0000  0.4115  0.0000 -0.4115  0.0000


 Q= -0.128210  0.000000  0.000000, q=  0.000000 -0.250000 -0.250000

                       Al X   0        Al Y   0        Al Z   0     
                    --------------- --------------- ---------------
    0   5.2139 THz   0.0000  0.0000  0.1932 -0.5056 -0.7344  0.4094
    1   5.2139 THz   0.0000  0.0000 -0.0926 -0.8357  0.2997 -0.4507
    2   8.4435 THz   1.0000  0.0000  0.0000  0.0000  0.0000  0.0000


 Q= -0.064105  0.064105 -0.064105, q=  0.000000 -0.250000  0.000000

                       Al X   0        Al Y   0        Al Z   0     
                    --------------- --------------- ---------------
    0   3.9751 THz   0.8165  0.0000  0.4082 -0.0000 -0.4082 -0.0000
    1   3.9751 THz   0.0000  0.0000 -0.0000 -0.7071  0.0000 -0.7071
    2   8.0822 THz   0.5774  0.0000 -0.5774  0.0000  0.5774  0.0000


 Q=  0.000000  0.128210 -0.128210, q=  0.000000 -0.250000  0.250000

                       Al X   0        Al Y   0        Al Z   0     
                    --------------- --------------- ---------------
    0   5.5265 THz   0.0000  0.0000  0.3890 -0.5905  0.3890 -0.5905
    1   7.7490 THz   1.0000  0.0000  0.0000  0.0000  0.0000  0.0000
    2  10.0486 THz   0.0000  0.0000  0.6828  0.1839 -0.6828 -0.1839


 Q= -0.128210 -0.128210  0.128210, q=  0.000000  0.000000 -0.500000

                       Al X   0        Al Y   0        Al Z   0     
                    --------------- --------------- ---------------
    0   5.1394 THz   0.8165  0.0000 -0.4082 -0.0000  0.4082  0.0000
    1   5.1394 THz   0.0000  0.0000 -0.7066  0.0272 -0.7066  0.0272
    2  11.5112 THz  -0.5774  0.0000 -0.5774 -0.0000  0.5774  0.0000


 Q= -0.064105 -0.064105  0.064105, q=  0.000000  0.000000 -0.250000

                       Al X   0        Al Y   0        Al Z   0     
                    --------------- --------------- ---------------
    0   3.9751 THz   0.6324  0.0000  0.1310  0.0049  0.7634  0.0049
    1   3.9751 THz   0.5164  0.0000 -0.8059 -0.0060 -0.2895 -0.0060
    2   8.0822 THz   0.5774  0.0000  0.5774  0.0000 -0.5774 -0.0000


 Q=  0.000000  0.000000  0.000000, q=  0.000000  0.000000  0.000000

                       Al X   0        Al Y   0        Al Z   0     
                    --------------- --------------- ---------------
    0  -0.0000 THz   0.4653  0.0000 -0.0863  0.0000 -0.8809  0.0000
    1   0.0000 THz   0.8832  0.0000  0.1115  0.0000  0.4556  0.0000
    2   0.0000 THz   0.0589  0.0000 -0.9900  0.0000  0.1281  0.0000


 Q=  0.064105  0.064105 -0.064105, q=  0.000000  0.000000  0.250000

                       Al X   0        Al Y   0        Al Z   0     
                    --------------- --------------- ---------------
    0   3.9751 THz   0.6324  0.0000  0.1310 -0.0049  0.7634 -0.0049
    1   3.9751 THz   0.5164  0.0000 -0.8059  0.0060 -0.2895  0.0060
    2   8.0822 THz   0.5774  0.0000  0.5774 -0.0000 -0.5774  0.0000


 Q= -0.064105 -0.192315  0.192315, q=  0.000000  0.250000 -0.500000

                       Al X   0        Al Y   0        Al Z   0     
                    --------------- --------------- ---------------
    0   6.3805 THz   0.0000  0.0000 -0.7044 -0.0619 -0.7044 -0.0619
    1   7.7920 THz   0.5819  0.0000 -0.5751  0.0000  0.5751  0.0000
    2  10.4892 THz   0.8133  0.0000  0.4115 -0.0000 -0.4115 -0.0000


 Q=  0.000000 -0.128210  0.128210, q=  0.000000  0.250000 -0.250000

                       Al X   0        Al Y   0        Al Z   0     
                    --------------- --------------- ---------------
    0   5.5265 THz   0.0000  0.0000  0.3890  0.5905  0.3890  0.5905
    1   7.7490 THz   1.0000  0.0000  0.0000  0.0000  0.0000  0.0000
    2  10.0486 THz   0.0000  0.0000  0.6828 -0.1839 -0.6828  0.1839


 Q=  0.064105 -0.064105  0.064105, q=  0.000000  0.250000  0.000000

                       Al X   0        Al Y   0        Al Z   0     
                    --------------- --------------- ---------------
    0   3.9751 THz   0.8165  0.0000  0.4082  0.0000 -0.4082  0.0000
    1   3.9751 THz   0.0000  0.0000 -0.0000  0.7071  0.0000  0.7071
    2   8.0822 THz   0.5774  0.0000 -0.5774 -0.0000  0.5774 -0.0000


 Q=  0.128210  0.000000  0.000000, q=  0.000000  0.250000  0.250000

                       Al X   0        Al Y   0        Al Z   0     
                    --------------- --------------- ---------------
    0   5.2139 THz   0.0000  0.0000  0.1932  0.5056 -0.7344 -0.4094
    1   5.2139 THz   0.0000  0.0000 -0.0926  0.8357  0.2997  0.4507
    2   8.4435 THz   1.0000  0.0000  0.0000  0.0000  0.0000  0.0000


 Q= -0.320525  0.064105  0.064105, q=  0.250000 -0.500000 -0.500000

                       Al X   0        Al Y   0        Al Z   0     
                    --------------- --------------- ---------------
    0   6.3805 THz   0.0000  0.0000  0.7043 -0.0635 -0.7043  0.0635
    1   7.7920 THz   0.5819  0.0000 -0.5751  0.0000 -0.5751 -0.0000
    2  10.4892 THz   0.8133  0.0000  0.4115 -0.0000  0.4115  0.0000


 Q= -0.256420  0.128210  0.000000, q=  0.250000 -0.500000 -0.250000

                       Al X   0        Al Y   0        Al Z   0     
                    --------------- --------------- ---------------
    0   7.7800 THz   0.0000  0.0000 -0.9847  0.1741 -0.0000  0.0000
    1   9.5127 THz   1.0000  0.0000  0.0000  0.0000  0.0000  0.0000
    2   9.5127 THz   0.0000  0.0000  0.0000  0.0000 -0.4484 -0.8938


 Q= -0.192315  0.192315 -0.064105, q=  0.250000 -0.500000  0.000000

                       Al X   0        Al Y   0        Al Z   0     
                    --------------- --------------- ---------------
    0   6.3805 THz   0.7071  0.0000  0.7071  0.0000  0.0000  0.0000
    1   7.7920 THz   0.5751  0.0000 -0.5751 -0.0000 -0.5819  0.0000
    2  10.4892 THz  -0.4115  0.0000  0.4115  0.0000 -0.8133  0.0000


 Q= -0.128210  0.256420 -0.128210, q=  0.250000 -0.500000  0.250000

                       Al X   0        Al Y   0        Al Z   0     
                    --------------- --------------- ---------------
    0   5.5265 THz   0.7071  0.0000  0.0000  0.0000 -0.7071  0.0000
    1   7.7490 THz   0.0000  0.0000 -0.9993  0.0361  0.0000  0.0000
    2  10.0486 THz   0.7071  0.0000 -0.0000 -0.0000  0.7071 -0.0000


 Q= -0.256420  0.000000  0.128210, q=  0.250000 -0.250000 -0.500000

                       Al X   0        Al Y   0        Al Z   0     
                    --------------- --------------- ---------------
    0   7.7800 THz   0.0000  0.0000  0.0000  0.0000 -0.9635 -0.2679
    1   9.5127 THz   1.0000  0.0000  0.0000  0.0000  0.0000  0.0000
    2   9.5127 THz   0.0000  0.0000  0.9547  0.2977  0.0000 -0.0000


 Q= -0.192315  0.064105  0.064105, q=  0.250000 -0.250000 -0.250000

                       Al X   0        Al Y   0        Al Z   0     
                    --------------- --------------- ---------------
    0   6.3805 THz   0.0000  0.0000 -0.0000 -0.7071 -0.0000  0.7071
    1   7.7920 THz  -0.5819  0.0000 -0.5751  0.0000 -0.5751 -0.0000
    2  10.4892 THz   0.8133  0.0000 -0.4115  0.0000 -0.4115 -0.0000


 Q= -0.128210  0.128210  0.000000, q=  0.250000 -0.250000  0.000000

                       Al X   0        Al Y   0        Al Z   0     
                    --------------- --------------- ---------------
    0   5.5265 THz   0.7071  0.0000  0.7071 -0.0000 -0.0000  0.0000
    1   7.7490 THz   0.0000  0.0000  0.0000 -0.0000 -0.4836 -0.8753
    2  10.0486 THz   0.7071  0.0000 -0.7071  0.0000  0.0000 -0.0000


 Q= -0.064105  0.192315 -0.064105, q=  0.250000 -0.250000  0.250000

                       Al X   0        Al Y   0        Al Z   0     
                    --------------- --------------- ---------------
    0   6.3805 THz  -0.7071  0.0000 -0.0000  0.0000  0.7071  0.0000
    1   7.7920 THz   0.5751  0.0000  0.5819  0.0000  0.5751  0.0000
    2  10.4892 THz  -0.4115  0.0000  0.8133  0.0000 -0.4115  0.0000


 Q= -0.192315 -0.064105  0.192315, q=  0.250000  0.000000 -0.500000

                       Al X   0        Al Y   0        Al Z   0     
                    --------------- --------------- ---------------
    0   6.3805 THz   0.7071  0.0000  0.0000 -0.0000  0.7071 -0.0000
    1   7.7920 THz   0.5751  0.0000 -0.5819 -0.0000 -0.5751  0.0000
    2  10.4892 THz   0.4115  0.0000  0.8133  0.0000 -0.4115  0.0000


 Q= -0.128210  0.000000  0.128210, q=  0.250000  0.000000 -0.250000

                       Al X   0        Al Y   0        Al Z   0     
                    --------------- --------------- ---------------
    0   5.5265 THz   0.7071  0.0000  0.0000  0.0000  0.7071  0.0000
    1   7.7490 THz   0.0000  0.0000  0.3620  0.9322 -0.0000  0.0000
    2  10.0486 THz   0.7071  0.0000  0.0000 -0.0000 -0.7071 -0.0000


 Q= -0.064105  0.064105  0.064105, q=  0.250000  0.000000  0.000000

                       Al X   0        Al Y   0        Al Z   0     
                    --------------- --------------- ---------------
    0   3.9751 THz   0.8165  0.0000  0.4082 -0.0000  0.4082  0.0000
    1   3.9751 THz   0.0000  0.0000  0.6213  0.3377 -0.6213 -0.3377
    2   8.0822 THz   0.5774  0.0000 -0.5774  0.0000 -0.5774 -0.0000


 Q=  0.000000  0.128210  0.000000, q=  0.250000  0.000000  0.250000

                       Al X   0        Al Y   0        Al Z   0     
                    --------------- --------------- ---------------
    0   5.2139 THz   1.0000  0.0000  0.0000  0.0000  0.0000  0.0000
    1   5.2139 THz   0.0000  0.0000  0.0000 -0.0000 -0.4160 -0.9094
    2   8.4435 THz   0.0000  0.0000 -0.1294 -0.9916  0.0000  0.0000


 Q= -0.128210 -0.128210  0.256420, q=  0.250000  0.250000 -0.500000

                       Al X   0        Al Y   0        Al Z   0     
                    --------------- --------------- ---------------
    0   5.5265 THz   0.7071  0.0000 -0.7071 -0.0000  0.0000 -0.0000
    1   7.7490 THz   0.0000  0.0000 -0.0000  0.0000 -0.9584  0.2853
    2  10.0486 THz  -0.7071  0.0000 -0.7071 -0.0000  0.0000 -0.0000


 Q= -0.064105 -0.064105  0.192315, q=  0.250000  0.250000 -0.250000

                       Al X   0        Al Y   0        Al Z   0     
                    --------------- --------------- ---------------
    0   6.3805 THz  -0.7071  0.0000  0.7071  0.0000 -0.0000  0.0000
    1   7.7920 THz   0.5751  0.0000  0.5751  0.0000  0.5819 -0.0000
    2  10.4892 THz   0.4115  0.0000  0.4115 -0.0000 -0.8133  0.0000


 Q=  0.000000  0.000000  0.128210, q=  0.250000  0.250000  0.000000

                       Al X   0        Al Y   0        Al Z   0     
                    --------------- --------------- ---------------
    0   5.2139 THz   0.0000  0.0000  0.8162 -0.5778  0.0000  0.0000
    1   5.2139 THz   1.0000  0.0000  0.0000  0.0000  0.0000  0.0000
    2   8.4435 THz   0.0000  0.0000  0.0000 -0.0000 -0.4261 -0.9047


 Q=  0.064105  0.064105  0.064105, q=  0.250000  0.250000  0.250000

                       Al X   0        Al Y   0        Al Z   0     
                    --------------- --------------- ---------------
    0   3.9751 THz   0.0000  0.0000  0.6866 -0.1689 -0.6866  0.1689
    1   3.9751 THz   0.8165  0.0000 -0.4082 -0.0000 -0.4082  0.0000
    2   8.0822 THz  -0.5774  0.0000 -0.5774 -0.0000 -0.5774  0.0000
