
Used Primitive lattice vector

    0.000000000000      2.165534000000      2.165534000000  
    2.165534000000      0.000000000000      2.165534000000  
    2.165534000000      2.165534000000      0.000000000000  

   2 Atom(s) in the Primitive cell

 0.0000000000 0.0000000000 0.0000000000 Mg    0
 0.5000000000 0.5000000000 0.5000000000  O    1


 Q= -0.115445 -0.115445 -0.115445, q= -0.500000 -0.500000 -0.500000

                       Mg X   0        Mg Y   0        Mg Z   0         O X   1         O Y   1         O Z   1     
                    --------------- --------------- --------------- --------------- --------------- ---------------
    0   6.7125 THz   0.8165  0.0000 -0.4082 -0.0000 -0.4082 -0.0000  0.0000  0.0000  0.0000  0.0000  0.0000 -0.0000
    1   6.7125 THz   0.0000  0.0000  0.7064  0.0319 -0.7064 -0.0319 -0.0000  0.0000 -0.0000 -0.0000  0.0000  0.0000
    2   9.6290 THz   0.0000  0.0000  0.0000  0.0000 -0.0000 -0.0000  0.1456  0.7423  0.1584 -0.2395 -0.3040 -0.5029
    3   9.6290 THz  -0.0000 -0.0000  0.0000  0.0000 -0.0000 -0.0000  0.2877 -0.1078 -0.3704  0.6686  0.0827 -0.5608
    4  14.5623 THz  -0.5774  0.0000 -0.5774 -0.0000 -0.5774 -0.0000  0.0000  0.0000  0.0000  0.0000  0.0000 -0.0000
    5  15.7675 THz   0.0000  0.0000  0.0000 -0.0000  0.0000 -0.0000  0.5624  0.1305  0.5624  0.1305  0.5624  0.1305


 Q= -0.057722 -0.057722 -0.173167, q= -0.500000 -0.500000 -0.250000

                       Mg X   0        Mg Y   0        Mg Z   0         O X   1         O Y   1         O Z   1     
                    --------------- --------------- --------------- --------------- --------------- ---------------
    0   7.3424 THz   0.7026  0.0000 -0.7026  0.0000  0.0000 -0.0000  0.0798  0.0000 -0.0798  0.0000 -0.0000 -0.0000
    1   8.2875 THz  -0.4895  0.0000 -0.4895  0.0000  0.7101 -0.0000 -0.0410 -0.0000 -0.0410  0.0000  0.1147  0.0000
    2  10.7135 THz  -0.0798  0.0000  0.0798 -0.0000 -0.0000 -0.0000  0.7026 -0.0000 -0.7026  0.0000 -0.0000 -0.0000
    3  10.9396 THz   0.4453  0.0000  0.4453 -0.0000  0.5078 -0.0000 -0.2123 -0.0000 -0.2123  0.0000  0.5053 -0.0000
    4  12.5645 THz   0.2033  0.0000  0.2033 -0.0000  0.3894 -0.0000  0.5927 -0.0000  0.5927 -0.0000 -0.2515  0.0000
    5  15.3985 THz   0.1440  0.0000  0.1440  0.0000  0.2938  0.0000 -0.3194  0.0000 -0.3194  0.0000 -0.8174 -0.0000


 Q=  0.000000  0.000000 -0.230890, q= -0.500000 -0.500000  0.000000

                       Mg X   0        Mg Y   0        Mg Z   0         O X   1         O Y   1         O Z   1     
                    --------------- --------------- --------------- --------------- --------------- ---------------
    0   7.9188 THz   0.9891  0.0000  0.0000 -0.0000  0.0000  0.0000  0.1474 -0.0000  0.0000 -0.0000 -0.0000 -0.0000
    1   7.9188 THz   0.0000  0.0000  0.9889  0.0202 -0.0000 -0.0000  0.0000 -0.0000  0.1474  0.0030 -0.0000  0.0000
    2  10.4947 THz   0.0000  0.0000  0.0000  0.0000  0.7654  0.5850 -0.0000 -0.0000  0.0000  0.0000  0.2130  0.1628
    3  11.6008 THz   0.0000  0.0000 -0.1085  0.0998 -0.0000  0.0000 -0.0000  0.0000  0.7280 -0.6695 -0.0000  0.0000
    4  11.6008 THz  -0.1474  0.0000  0.0000 -0.0000  0.0000  0.0000  0.9891 -0.0000  0.0000 -0.0000 -0.0000 -0.0000
    5  15.3922 THz   0.0000  0.0000 -0.0000  0.0000 -0.2534 -0.0878  0.0000 -0.0000 -0.0000 -0.0000  0.9103  0.3153


 Q=  0.057722  0.057722 -0.288612, q= -0.500000 -0.500000  0.250000

                       Mg X   0        Mg Y   0        Mg Z   0         O X   1         O Y   1         O Z   1     
                    --------------- --------------- --------------- --------------- --------------- ---------------
    0   7.3424 THz   0.7026  0.0000 -0.7026  0.0000  0.0000 -0.0000  0.0798 -0.0000 -0.0798  0.0000  0.0000 -0.0000
    1   8.2875 THz  -0.4895  0.0000 -0.4895  0.0000  0.7101 -0.0000 -0.0410  0.0000 -0.0410 -0.0000  0.1147  0.0000
    2  10.7135 THz  -0.0798  0.0000  0.0798  0.0000  0.0000  0.0000  0.7026  0.0000 -0.7026 -0.0000  0.0000  0.0000
    3  10.9396 THz   0.4453  0.0000  0.4453  0.0000  0.5078  0.0000 -0.2123  0.0000 -0.2123 -0.0000  0.5053 -0.0000
    4  12.5645 THz   0.2033  0.0000  0.2033  0.0000  0.3894  0.0000  0.5927 -0.0000  0.5927 -0.0000 -0.2515  0.0000
    5  15.3985 THz   0.1440  0.0000  0.1440 -0.0000  0.2938 -0.0000 -0.3194  0.0000 -0.3194  0.0000 -0.8174  0.0000


 Q= -0.057722 -0.173167 -0.057722, q= -0.500000 -0.250000 -0.500000

                       Mg X   0        Mg Y   0        Mg Z   0         O X   1         O Y   1         O Z   1     
                    --------------- --------------- --------------- --------------- --------------- ---------------
    0   7.3424 THz   0.7026  0.0000 -0.0000  0.0000 -0.7026 -0.0000  0.0798 -0.0000 -0.0000  0.0000 -0.0798  0.0000
    1   8.2875 THz  -0.4895  0.0000  0.7101  0.0000 -0.4895 -0.0000 -0.0410  0.0000  0.1147 -0.0000 -0.0410 -0.0000
    2  10.7135 THz  -0.0798  0.0000 -0.0000 -0.0000  0.0798 -0.0000  0.7026 -0.0000 -0.0000 -0.0000 -0.7026  0.0000
    3  10.9396 THz   0.4453  0.0000  0.5078 -0.0000  0.4453 -0.0000 -0.2123 -0.0000  0.5053 -0.0000 -0.2123  0.0000
    4  12.5645 THz  -0.2033  0.0000 -0.3894  0.0000 -0.2033  0.0000 -0.5927  0.0000  0.2515 -0.0000 -0.5927  0.0000
    5  15.3985 THz  -0.1440  0.0000 -0.2938 -0.0000 -0.1440 -0.0000  0.3194 -0.0000  0.8174 -0.0000  0.3194 -0.0000


 Q=  0.000000 -0.115445 -0.115445, q= -0.500000 -0.250000 -0.250000

                       Mg X   0        Mg Y   0        Mg Z   0         O X   1         O Y   1         O Z   1     
                    --------------- --------------- --------------- --------------- --------------- ---------------
    0   6.3022 THz   0.0000  0.0000 -0.1923 -0.6524  0.1923  0.6524  0.0000  0.0000 -0.0547 -0.1856  0.0547  0.1856
    1   8.5278 THz   0.9990  0.0000  0.0000  0.0000  0.0000 -0.0000  0.0454  0.0000  0.0000 -0.0000 -0.0000  0.0000
    2   9.9219 THz  -0.0000  0.0000 -0.0096  0.1933  0.0096 -0.1933  0.0000  0.0000  0.0337 -0.6793 -0.0337  0.6793
    3  10.8564 THz  -0.0000  0.0000  0.5480 -0.2893  0.5480 -0.2893  0.0000 -0.0000  0.3012 -0.1590  0.3012 -0.1590
    4  12.1393 THz   0.0454  0.0000  0.0000 -0.0000  0.0000 -0.0000 -0.9990 -0.0000  0.0000  0.0000  0.0000 -0.0000
    5  16.0206 THz   0.0000  0.0000 -0.3291  0.0876 -0.3291  0.0876  0.0000 -0.0000  0.5988 -0.1594  0.5988 -0.1594


 Q=  0.057722 -0.057722 -0.173167, q= -0.500000 -0.250000  0.000000

                       Mg X   0        Mg Y   0        Mg Z   0         O X   1         O Y   1         O Z   1     
                    --------------- --------------- --------------- --------------- --------------- ---------------
    0   7.3424 THz  -0.7026  0.0000 -0.7026  0.0000 -0.0000 -0.0000 -0.0798  0.0000 -0.0798  0.0000 -0.0000 -0.0000
    1   8.2875 THz  -0.4895  0.0000  0.4895 -0.0000 -0.7101  0.0000 -0.0410  0.0000  0.0410 -0.0000 -0.1147  0.0000
    2  10.7135 THz   0.0798  0.0000  0.0798 -0.0000  0.0000 -0.0000 -0.7026  0.0000 -0.7026  0.0000  0.0000 -0.0000
    3  10.9396 THz   0.4453  0.0000 -0.4453  0.0000 -0.5078  0.0000 -0.2123 -0.0000  0.2123 -0.0000 -0.5053  0.0000
    4  12.5645 THz  -0.2033  0.0000  0.2033 -0.0000  0.3894  0.0000 -0.5927  0.0000  0.5927 -0.0000 -0.2515  0.0000
    5  15.3985 THz  -0.1440  0.0000  0.1440  0.0000  0.2938  0.0000  0.3194 -0.0000 -0.3194  0.0000 -0.8174  0.0000


 Q=  0.115445  0.000000 -0.230890, q= -0.500000 -0.250000  0.250000

                       Mg X   0        Mg Y   0        Mg Z   0         O X   1         O Y   1         O Z   1     
                    --------------- --------------- --------------- --------------- --------------- ---------------
    0   8.9009 THz   1.0000  0.0000  0.0000  0.0000  0.0000  0.0000  0.0000  0.0000  0.0000  0.0000  0.0000  0.0000
    1   9.5600 THz   0.0000  0.0000 -0.6349 -0.1590  0.5546  0.4930 -0.0000  0.0000  0.0933  0.0234  0.0815  0.0724
    2   9.5600 THz   0.0000  0.0000 -0.5931  0.4459 -0.6457  0.1064  0.0000 -0.0000  0.0871 -0.0655 -0.0949  0.0156
    3  11.9814 THz   0.0000  0.0000 -0.0000  0.0000 -0.0000 -0.0000 -0.9840  0.1784  0.0000 -0.0000 -0.0000  0.0000
    4  13.6905 THz   0.0000  0.0000 -0.0856 -0.0438  0.0983  0.0472 -0.0000 -0.0000 -0.5824 -0.2979 -0.6691 -0.3215
    5  13.6905 THz   0.0000  0.0000  0.1086 -0.0104  0.0954 -0.0115  0.0000 -0.0000  0.7389 -0.0708 -0.6494  0.0785


 Q=  0.000000 -0.230890  0.000000, q= -0.500000  0.000000 -0.500000

                       Mg X   0        Mg Y   0        Mg Z   0         O X   1         O Y   1         O Z   1     
                    --------------- --------------- --------------- --------------- --------------- ---------------
    0   7.9188 THz  -0.0000  0.0000 -0.0000 -0.0000  0.9891 -0.0000  0.0000 -0.0000 -0.0000 -0.0000  0.1474 -0.0000
    1   7.9188 THz   0.9891  0.0000 -0.0000  0.0000  0.0000 -0.0000  0.1474 -0.0000 -0.0000  0.0000  0.0000 -0.0000
    2  10.4947 THz   0.0000  0.0000  0.9150 -0.3015  0.0000 -0.0000 -0.0000  0.0000  0.2547 -0.0839 -0.0000 -0.0000
    3  11.6008 THz   0.0043  0.0000 -0.0000  0.0000  0.1474 -0.0000 -0.0286  0.0000 -0.0000 -0.0000 -0.9887  0.0000
    4  11.6008 THz   0.1474  0.0000 -0.0000 -0.0000 -0.0043  0.0000 -0.9887  0.0000 -0.0000 -0.0000  0.0286  0.0000
    5  15.3922 THz   0.0000  0.0000 -0.0261  0.2669 -0.0000 -0.0000  0.0000  0.0000  0.0937 -0.9588  0.0000  0.0000


 Q=  0.057722 -0.173167 -0.057722, q= -0.500000  0.000000 -0.250000

                       Mg X   0        Mg Y   0        Mg Z   0         O X   1         O Y   1         O Z   1     
                    --------------- --------------- --------------- --------------- --------------- ---------------
    0   7.3424 THz  -0.7026  0.0000  0.0000 -0.0000 -0.7026  0.0000 -0.0798 -0.0000  0.0000 -0.0000 -0.0798 -0.0000
    1   8.2875 THz  -0.4895  0.0000 -0.7101  0.0000  0.4895 -0.0000 -0.0410 -0.0000 -0.1147  0.0000  0.0410 -0.0000
    2  10.7135 THz   0.0798  0.0000  0.0000 -0.0000  0.0798 -0.0000 -0.7026  0.0000  0.0000 -0.0000 -0.7026  0.0000
    3  10.9396 THz   0.4453  0.0000 -0.5078  0.0000 -0.4453  0.0000 -0.2123 -0.0000 -0.5053  0.0000  0.2123 -0.0000
    4  12.5645 THz   0.2033  0.0000 -0.3894  0.0000 -0.2033  0.0000  0.5927 -0.0000  0.2515 -0.0000 -0.5927  0.0000
    5  15.3985 THz   0.1440  0.0000 -0.2938 -0.0000 -0.1440 -0.0000 -0.3194  0.0000  0.8174 -0.0000  0.3194  0.0000


 Q=  0.115445 -0.115445 -0.115445, q= -0.500000  0.000000  0.000000

                       Mg X   0        Mg Y   0        Mg Z   0         O X   1         O Y   1         O Z   1     
                    --------------- --------------- --------------- --------------- --------------- ---------------
    0   6.7125 THz   0.0000  0.0000  0.7061  0.0382 -0.7061 -0.0382 -0.0000 -0.0000  0.0000 -0.0000  0.0000  0.0000
    1   6.7125 THz   0.8165  0.0000  0.4082  0.0000  0.4082  0.0000  0.0000  0.0000 -0.0000 -0.0000 -0.0000  0.0000
    2   9.6290 THz   0.0000  0.0000  0.0000 -0.0000 -0.0000  0.0000 -0.3373  0.7378 -0.1686  0.2888 -0.1686  0.4490
    3   9.6290 THz   0.0000  0.0000  0.0000 -0.0000 -0.0000  0.0000  0.0446  0.0810  0.5864  0.4593 -0.5418 -0.3783
    4  14.5623 THz   0.5774  0.0000 -0.5774 -0.0000 -0.5774 -0.0000 -0.0000 -0.0000  0.0000  0.0000  0.0000 -0.0000
    5  15.7675 THz   0.0000  0.0000 -0.0000  0.0000 -0.0000  0.0000  0.5399 -0.2045 -0.5399  0.2045 -0.5399  0.2045


 Q=  0.173167 -0.057722 -0.173167, q= -0.500000  0.000000  0.250000

                       Mg X   0        Mg Y   0        Mg Z   0         O X   1         O Y   1         O Z   1     
                    --------------- --------------- --------------- --------------- --------------- ---------------
    0   7.3424 THz  -0.7026  0.0000 -0.0000 -0.0000 -0.7026  0.0000  0.0798 -0.0000  0.0000  0.0000  0.0798  0.0000
    1   8.2875 THz   0.4895  0.0000  0.7101 -0.0000 -0.4895  0.0000 -0.0410  0.0000 -0.1147  0.0000  0.0410  0.0000
    2  10.7135 THz  -0.0798  0.0000  0.0000 -0.0000 -0.0798  0.0000 -0.7026  0.0000 -0.0000 -0.0000 -0.7026  0.0000
    3  10.9396 THz   0.4453  0.0000 -0.5078  0.0000 -0.4453  0.0000  0.2123  0.0000  0.5053 -0.0000 -0.2123  0.0000
    4  12.5645 THz  -0.2033  0.0000  0.3894  0.0000  0.2033  0.0000  0.5927  0.0000  0.2515 -0.0000 -0.5927  0.0000
    5  15.3985 THz   0.1440  0.0000 -0.2938  0.0000 -0.1440  0.0000  0.3194 -0.0000 -0.8174  0.0000 -0.3194  0.0000


 Q=  0.057722 -0.288612  0.057722, q= -0.500000  0.250000 -0.500000

                       Mg X   0        Mg Y   0        Mg Z   0         O X   1         O Y   1         O Z   1     
                    --------------- --------------- --------------- --------------- --------------- ---------------
    0   7.3424 THz   0.7026  0.0000 -0.0000 -0.0000 -0.7026  0.0000  0.0798 -0.0000 -0.0000  0.0000 -0.0798  0.0000
    1   8.2875 THz  -0.4895  0.0000  0.7101 -0.0000 -0.4895  0.0000 -0.0410  0.0000  0.1147 -0.0000 -0.0410 -0.0000
    2  10.7135 THz  -0.0798  0.0000 -0.0000 -0.0000  0.0798 -0.0000  0.7026 -0.0000 -0.0000 -0.0000 -0.7026  0.0000
    3  10.9396 THz   0.4453  0.0000  0.5078 -0.0000  0.4453 -0.0000 -0.2123 -0.0000  0.5053 -0.0000 -0.2123  0.0000
    4  12.5645 THz  -0.2033  0.0000 -0.3894 -0.0000 -0.2033 -0.0000 -0.5927  0.0000  0.2515  0.0000 -0.5927  0.0000
    5  15.3985 THz  -0.1440  0.0000 -0.2938 -0.0000 -0.1440 -0.0000  0.3194 -0.0000  0.8174 -0.0000  0.3194 -0.0000


 Q=  0.115445 -0.230890  0.000000, q= -0.500000  0.250000 -0.250000

                       Mg X   0        Mg Y   0        Mg Z   0         O X   1         O Y   1         O Z   1     
                    --------------- --------------- --------------- --------------- --------------- ---------------
    0   8.9009 THz   1.0000  0.0000  0.0000  0.0000  0.0000  0.0000  0.0000  0.0000  0.0000  0.0000  0.0000  0.0000
    1   9.5600 THz  -0.0000 -0.0000  0.6698  0.6218  0.3282 -0.1895  0.0000  0.0000  0.0984  0.0914 -0.0482  0.0278
    2   9.5600 THz   0.0000  0.0000 -0.2979 -0.2342  0.7513 -0.5203  0.0000 -0.0000 -0.0438 -0.0344 -0.1104  0.0765
    3  11.9814 THz   0.0000  0.0000 -0.0000 -0.0000 -0.0000  0.0000  0.6869  0.7267 -0.0000 -0.0000 -0.0000 -0.0000
    4  13.6905 THz   0.0000  0.0000  0.0323 -0.0380  0.1343 -0.0246 -0.0000  0.0000 -0.2195  0.2588  0.9141 -0.1676
    5  13.6905 THz   0.0000  0.0000  0.1331  0.0307 -0.0305 -0.0395 -0.0000 -0.0000 -0.9055 -0.2092 -0.2075 -0.2685


 Q=  0.173167 -0.173167 -0.057722, q= -0.500000  0.250000  0.000000

                       Mg X   0        Mg Y   0        Mg Z   0         O X   1         O Y   1         O Z   1     
                    --------------- --------------- --------------- --------------- --------------- ---------------
    0   7.3424 THz  -0.7026  0.0000 -0.7026  0.0000  0.0000  0.0000  0.0798  0.0000  0.0798  0.0000  0.0000 -0.0000
    1   8.2875 THz   0.4895  0.0000 -0.4895 -0.0000  0.7101  0.0000 -0.0410  0.0000  0.0410  0.0000 -0.1147 -0.0000
    2  10.7135 THz  -0.0798  0.0000 -0.0798  0.0000  0.0000 -0.0000 -0.7026 -0.0000 -0.7026  0.0000 -0.0000 -0.0000
    3  10.9396 THz   0.4453  0.0000 -0.4453  0.0000 -0.5078 -0.0000  0.2123 -0.0000 -0.2123  0.0000  0.5053  0.0000
    4  12.5645 THz   0.2033  0.0000 -0.2033 -0.0000 -0.3894  0.0000 -0.5927  0.0000  0.5927 -0.0000 -0.2515  0.0000
    5  15.3985 THz  -0.1440  0.0000  0.1440 -0.0000  0.2938  0.0000 -0.3194 -0.0000  0.3194  0.0000  0.8174  0.0000


 Q=  0.230890 -0.115445 -0.115445, q= -0.500000  0.250000  0.250000

                       Mg X   0        Mg Y   0        Mg Z   0         O X   1         O Y   1         O Z   1     
                    --------------- --------------- --------------- --------------- --------------- ---------------
    0   6.3022 THz   0.0000  0.0000  0.4847  0.4771 -0.4847 -0.4771 -0.0000 -0.0000 -0.1379 -0.1358  0.1379  0.1358
    1   8.5278 THz   0.9990  0.0000  0.0000 -0.0000  0.0000  0.0000 -0.0454  0.0000 -0.0000 -0.0000 -0.0000  0.0000
    2   9.9219 THz  -0.0000  0.0000  0.0048 -0.1935 -0.0048  0.1935  0.0000  0.0000  0.0168 -0.6799 -0.0168  0.6799
    3  10.8564 THz   0.0000  0.0000 -0.6152  0.0747 -0.6152  0.0747  0.0000 -0.0000  0.3380 -0.0411  0.3380 -0.0411
    4  12.1393 THz   0.0454  0.0000  0.0000 -0.0000  0.0000 -0.0000  0.9990 -0.0000 -0.0000  0.0000 -0.0000 -0.0000
    5  16.0206 THz   0.0000  0.0000 -0.3382  0.0396 -0.3382  0.0396 -0.0000  0.0000 -0.6155  0.0720 -0.6155  0.0720


 Q= -0.173167 -0.057722 -0.057722, q= -0.250000 -0.500000 -0.500000

                       Mg X   0        Mg Y   0        Mg Z   0         O X   1         O Y   1         O Z   1     
                    --------------- --------------- --------------- --------------- --------------- ---------------
    0   7.3424 THz   0.0000  0.0000 -0.4661  0.5257  0.4661 -0.5257  0.0000 -0.0000 -0.0529  0.0597  0.0529 -0.0597
    1   8.2875 THz  -0.7101  0.0000  0.4895  0.0000  0.4895 -0.0000 -0.1147  0.0000  0.0410 -0.0000  0.0410  0.0000
    2  10.7135 THz   0.0000  0.0000 -0.0348  0.0718  0.0348 -0.0718  0.0000 -0.0000  0.3064 -0.6323 -0.3064  0.6323
    3  10.9396 THz  -0.5078  0.0000 -0.4453 -0.0000 -0.4453  0.0000 -0.5053  0.0000  0.2123 -0.0000  0.2123  0.0000
    4  12.5645 THz  -0.3894  0.0000 -0.2033  0.0000 -0.2033 -0.0000  0.2515 -0.0000 -0.5927  0.0000 -0.5927  0.0000
    5  15.3985 THz  -0.2938  0.0000 -0.1440  0.0000 -0.1440 -0.0000  0.8174 -0.0000  0.3194 -0.0000  0.3194 -0.0000


 Q= -0.115445  0.000000 -0.115445, q= -0.250000 -0.500000 -0.250000

                       Mg X   0        Mg Y   0        Mg Z   0         O X   1         O Y   1         O Z   1     
                    --------------- --------------- --------------- --------------- --------------- ---------------
    0   6.3022 THz   0.6801  0.0000 -0.0000  0.0000 -0.6801  0.0000  0.1935  0.0000 -0.0000 -0.0000 -0.1935  0.0000
    1   8.5278 THz  -0.0000  0.0000 -0.9967  0.0678  0.0000  0.0000 -0.0000  0.0000 -0.0453  0.0031  0.0000 -0.0000
    2   9.9219 THz   0.1935  0.0000  0.0000  0.0000 -0.1935  0.0000 -0.6801  0.0000  0.0000  0.0000  0.6801 -0.0000
    3  10.8564 THz   0.6197  0.0000 -0.0000  0.0000  0.6197 -0.0000  0.3405 -0.0000 -0.0000 -0.0000  0.3405  0.0000
    4  12.1393 THz  -0.0000  0.0000  0.0449 -0.0071 -0.0000  0.0000 -0.0000  0.0000 -0.9865  0.1571 -0.0000 -0.0000
    5  16.0206 THz   0.3405  0.0000 -0.0000  0.0000  0.3405  0.0000 -0.6197  0.0000  0.0000 -0.0000 -0.6197  0.0000


 Q= -0.057722  0.057722 -0.173167, q= -0.250000 -0.500000  0.000000

                       Mg X   0        Mg Y   0        Mg Z   0         O X   1         O Y   1         O Z   1     
                    --------------- --------------- --------------- --------------- --------------- ---------------
    0   7.3424 THz  -0.7026  0.0000 -0.7026 -0.0000 -0.0000 -0.0000 -0.0798 -0.0000 -0.0798 -0.0000 -0.0000 -0.0000
    1   8.2875 THz  -0.4895  0.0000  0.4895  0.0000  0.7101  0.0000 -0.0410 -0.0000  0.0410 -0.0000  0.1147 -0.0000
    2  10.7135 THz  -0.0798  0.0000 -0.0798  0.0000  0.0000 -0.0000  0.7026 -0.0000  0.7026 -0.0000  0.0000 -0.0000
    3  10.9396 THz   0.4453  0.0000 -0.4453  0.0000  0.5078 -0.0000 -0.2123 -0.0000  0.2123 -0.0000  0.5053 -0.0000
    4  12.5645 THz  -0.2033  0.0000  0.2033 -0.0000 -0.3894  0.0000 -0.5927  0.0000  0.5927 -0.0000  0.2515 -0.0000
    5  15.3985 THz   0.1440  0.0000 -0.1440 -0.0000  0.2938  0.0000 -0.3194  0.0000  0.3194 -0.0000 -0.8174  0.0000


 Q=  0.000000  0.115445 -0.230890, q= -0.250000 -0.500000  0.250000

                       Mg X   0        Mg Y   0        Mg Z   0         O X   1         O Y   1         O Z   1     
                    --------------- --------------- --------------- --------------- --------------- ---------------
    0   8.9009 THz  -0.0000  0.0000  0.9987  0.0502  0.0000  0.0000 -0.0000 -0.0000 -0.0000  0.0000  0.0000 -0.0000
    1   9.5600 THz   0.9894  0.0000  0.0000  0.0000  0.0000  0.0000 -0.1454  0.0000  0.0000  0.0000 -0.0000  0.0000
    2   9.5600 THz   0.0000  0.0000  0.0000  0.0000 -0.9891 -0.0233  0.0000  0.0000  0.0000  0.0000 -0.1453 -0.0034
    3  11.9814 THz  -0.0000  0.0000 -0.0000  0.0000  0.0000  0.0000 -0.0000 -0.0000  0.9693  0.2459  0.0000 -0.0000
    4  13.6905 THz  -0.0042  0.0000 -0.0000  0.0000  0.1152 -0.0886 -0.0286 -0.0000  0.0000 -0.0000 -0.7841  0.6027
    5  13.6905 THz   0.1453  0.0000  0.0000 -0.0000  0.0033 -0.0026  0.9890 -0.0000  0.0000 -0.0000 -0.0227  0.0174


 Q= -0.115445 -0.115445  0.000000, q= -0.250000 -0.250000 -0.500000

                       Mg X   0        Mg Y   0        Mg Z   0         O X   1         O Y   1         O Z   1     
                    --------------- --------------- --------------- --------------- --------------- ---------------
    0   6.3022 THz  -0.6801  0.0000  0.6801 -0.0000 -0.0000 -0.0000 -0.1935  0.0000  0.1935 -0.0000 -0.0000  0.0000
    1   8.5278 THz   0.0000  0.0000 -0.0000  0.0000 -0.9987  0.0234  0.0000  0.0000  0.0000  0.0000 -0.0454  0.0011
    2   9.9219 THz   0.1935  0.0000 -0.1935 -0.0000  0.0000  0.0000 -0.6801  0.0000  0.6801 -0.0000  0.0000  0.0000
    3  10.8564 THz   0.6197  0.0000  0.6197 -0.0000  0.0000 -0.0000  0.3405 -0.0000  0.3405 -0.0000  0.0000 -0.0000
    4  12.1393 THz   0.0000  0.0000  0.0000 -0.0000  0.0277 -0.0360  0.0000  0.0000  0.0000  0.0000 -0.6092  0.7917
    5  16.0206 THz  -0.3405  0.0000 -0.3405 -0.0000  0.0000 -0.0000  0.6197 -0.0000  0.6197 -0.0000 -0.0000 -0.0000


 Q= -0.057722 -0.057722 -0.057722, q= -0.250000 -0.250000 -0.250000

                       Mg X   0        Mg Y   0        Mg Z   0         O X   1         O Y   1         O Z   1     
                    --------------- --------------- --------------- --------------- --------------- ---------------
    0   4.9331 THz  -0.7262  0.0000  0.3631 -0.0000  0.3631 -0.0000 -0.3733  0.0000  0.1866 -0.0000  0.1866 -0.0000
    1   4.9331 THz   0.0000  0.0000  0.3812 -0.5002 -0.3812  0.5002  0.0000 -0.0000  0.1960 -0.2571 -0.1960  0.2571
    2   9.0077 THz  -0.4902  0.0000 -0.4902 -0.0000 -0.4902 -0.0000 -0.3050 -0.0000 -0.3050  0.0000 -0.3050  0.0000
    3   9.7573 THz   0.0000  0.0000 -0.3220  0.0288  0.3220 -0.0288  0.0000 -0.0000  0.6264 -0.0561 -0.6264  0.0561
    4   9.7573 THz  -0.3733  0.0000  0.1866  0.0000  0.1866  0.0000  0.7262  0.0000 -0.3631 -0.0000 -0.3631  0.0000
    5  16.2901 THz  -0.3050  0.0000 -0.3050 -0.0000 -0.3050 -0.0000  0.4902 -0.0000  0.4902 -0.0000  0.4902 -0.0000


 Q=  0.000000  0.000000 -0.115445, q= -0.250000 -0.250000  0.000000

                       Mg X   0        Mg Y   0        Mg Z   0         O X   1         O Y   1         O Z   1     
                    --------------- --------------- --------------- --------------- --------------- ---------------
    0   6.3303 THz   0.0000  0.0000 -0.9102 -0.1867  0.0000  0.0000  0.0000  0.0000 -0.3623 -0.0743  0.0000  0.0000
    1   6.3303 THz   0.9291  0.0000  0.0000 -0.0000  0.0000 -0.0000  0.3698  0.0000  0.0000  0.0000 -0.0000 -0.0000
    2   8.1661 THz   0.0000  0.0000  0.0000  0.0000 -0.7688  0.3979  0.0000 -0.0000 -0.0000  0.0000 -0.4446  0.2301
    3  10.5771 THz  -0.3698  0.0000  0.0000 -0.0000  0.0000 -0.0000  0.9291  0.0000  0.0000  0.0000 -0.0000 -0.0000
    4  10.5771 THz   0.0000  0.0000 -0.3578  0.0936 -0.0000  0.0000 -0.0000  0.0000  0.8989 -0.2350 -0.0000  0.0000
    5  16.4362 THz   0.0000  0.0000  0.0000 -0.0000 -0.4925 -0.0893  0.0000 -0.0000 -0.0000  0.0000  0.8518  0.1545


 Q=  0.057722  0.057722 -0.173167, q= -0.250000 -0.250000  0.250000

                       Mg X   0        Mg Y   0        Mg Z   0         O X   1         O Y   1         O Z   1     
                    --------------- --------------- --------------- --------------- --------------- ---------------
    0   7.3424 THz   0.7026  0.0000 -0.7026 -0.0000  0.0000 -0.0000  0.0798 -0.0000 -0.0798  0.0000  0.0000  0.0000
    1   8.2875 THz  -0.4895  0.0000 -0.4895 -0.0000 -0.7101 -0.0000 -0.0410  0.0000 -0.0410 -0.0000 -0.1147 -0.0000
    2  10.7135 THz   0.0798  0.0000 -0.0798 -0.0000 -0.0000  0.0000 -0.7026 -0.0000  0.7026  0.0000 -0.0000  0.0000
    3  10.9396 THz   0.4453  0.0000  0.4453  0.0000 -0.5078 -0.0000 -0.2123  0.0000 -0.2123 -0.0000 -0.5053 -0.0000
    4  12.5645 THz   0.2033  0.0000  0.2033  0.0000 -0.3894 -0.0000  0.5927  0.0000  0.5927  0.0000  0.2515  0.0000
    5  15.3985 THz  -0.1440  0.0000 -0.1440  0.0000  0.2938 -0.0000  0.3194 -0.0000  0.3194 -0.0000 -0.8174  0.0000


 Q= -0.057722 -0.173167  0.057722, q= -0.250000  0.000000 -0.500000

                       Mg X   0        Mg Y   0        Mg Z   0         O X   1         O Y   1         O Z   1     
                    --------------- --------------- --------------- --------------- --------------- ---------------
    0   7.3424 THz   0.7026  0.0000 -0.0000  0.0000  0.7026  0.0000  0.0798 -0.0000  0.0000  0.0000  0.0798 -0.0000
    1   8.2875 THz  -0.4895  0.0000  0.7101  0.0000  0.4895  0.0000 -0.0410  0.0000  0.1147 -0.0000  0.0410  0.0000
    2  10.7135 THz   0.0798  0.0000 -0.0000 -0.0000  0.0798  0.0000 -0.7026 -0.0000 -0.0000 -0.0000 -0.7026 -0.0000
    3  10.9396 THz   0.4453  0.0000  0.5078 -0.0000 -0.4453 -0.0000 -0.2123  0.0000  0.5053 -0.0000  0.2123  0.0000
    4  12.5645 THz  -0.2033  0.0000 -0.3894  0.0000  0.2033  0.0000 -0.5927  0.0000  0.2515 -0.0000  0.5927 -0.0000
    5  15.3985 THz   0.1440  0.0000  0.2938  0.0000 -0.1440  0.0000 -0.3194 -0.0000 -0.8174 -0.0000  0.3194  0.0000


 Q=  0.000000 -0.115445  0.000000, q= -0.250000  0.000000 -0.250000

                       Mg X   0        Mg Y   0        Mg Z   0         O X   1         O Y   1         O Z   1     
                    --------------- --------------- --------------- --------------- --------------- ---------------
    0   6.3303 THz  -0.0561  0.0000  0.0000  0.0000 -0.9235 -0.0851 -0.0223 -0.0000  0.0000  0.0000 -0.3676 -0.0339
    1   6.3303 THz   0.9274  0.0000 -0.0000 -0.0000 -0.0559 -0.0052  0.3691 -0.0000 -0.0000 -0.0000 -0.0222 -0.0020
    2   8.1661 THz   0.0000  0.0000  0.8585  0.1110  0.0000 -0.0000 -0.0000 -0.0000  0.4964  0.0642  0.0000 -0.0000
    3  10.5771 THz  -0.0202  0.0000  0.0000  0.0000  0.3456  0.1299  0.0508 -0.0000  0.0000  0.0000 -0.8684 -0.3264
    4  10.5771 THz   0.3692  0.0000 -0.0000 -0.0000  0.0189  0.0071 -0.9277  0.0000 -0.0000 -0.0000 -0.0476 -0.0179
    5  16.4362 THz   0.0000  0.0000  0.4832 -0.1308  0.0000  0.0000  0.0000 -0.0000 -0.8356  0.2263 -0.0000  0.0000


 Q=  0.057722 -0.057722 -0.057722, q= -0.250000  0.000000  0.000000

                       Mg X   0        Mg Y   0        Mg Z   0         O X   1         O Y   1         O Z   1     
                    --------------- --------------- --------------- --------------- --------------- ---------------
    0   4.9331 THz  -0.3070  0.0000 -0.7234  0.0081  0.4163 -0.0081 -0.1578 -0.0000 -0.3718  0.0042  0.2140 -0.0042
    1   4.9331 THz  -0.6581 -0.0000 -0.0632 -0.0038 -0.5949  0.0038 -0.3383  0.0000 -0.0325 -0.0019 -0.3058  0.0019
    2   9.0077 THz  -0.4902  0.0000  0.4902 -0.0000  0.4902 -0.0000 -0.3050  0.0000  0.3050  0.0000  0.3050 -0.0000
    3   9.7573 THz   0.3312  0.0000  0.0183 -0.0225  0.3129  0.0225 -0.6444 -0.0000 -0.0356  0.0438 -0.6088 -0.0438
    4   9.7573 THz   0.1721  0.0000  0.3696  0.0433 -0.1975 -0.0433 -0.3348  0.0000 -0.7191 -0.0843  0.3843  0.0843
    5  16.2901 THz  -0.3050  0.0000  0.3050  0.0000  0.3050  0.0000  0.4902  0.0000 -0.4902  0.0000 -0.4902  0.0000


 Q=  0.115445  0.000000 -0.115445, q= -0.250000  0.000000  0.250000

                       Mg X   0        Mg Y   0        Mg Z   0         O X   1         O Y   1         O Z   1     
                    --------------- --------------- --------------- --------------- --------------- ---------------
    0   6.3022 THz   0.6801  0.0000  0.0000 -0.0000  0.6801  0.0000  0.1935  0.0000  0.0000 -0.0000  0.1935  0.0000
    1   8.5278 THz   0.0000  0.0000 -0.9962  0.0748  0.0000  0.0000  0.0000 -0.0000 -0.0453  0.0034  0.0000 -0.0000
    2   9.9219 THz   0.1935  0.0000 -0.0000 -0.0000  0.1935 -0.0000 -0.6801  0.0000 -0.0000  0.0000 -0.6801  0.0000
    3  10.8564 THz   0.6197  0.0000  0.0000  0.0000 -0.6197  0.0000  0.3405 -0.0000  0.0000 -0.0000 -0.3405 -0.0000
    4  12.1393 THz  -0.0000  0.0000 -0.0152  0.0428  0.0000 -0.0000 -0.0000 -0.0000  0.3340 -0.9415  0.0000 -0.0000
    5  16.0206 THz  -0.3405  0.0000 -0.0000 -0.0000  0.3405  0.0000  0.6197  0.0000  0.0000 -0.0000 -0.6197 -0.0000


 Q=  0.000000 -0.230890  0.115445, q= -0.250000  0.250000 -0.500000

                       Mg X   0        Mg Y   0        Mg Z   0         O X   1         O Y   1         O Z   1     
                    --------------- --------------- --------------- --------------- --------------- ---------------
    0   8.9009 THz   0.0000  0.0000  0.0000 -0.0000  0.9887 -0.1499  0.0000 -0.0000  0.0000  0.0000  0.0000 -0.0000
    1   9.5600 THz   0.9894  0.0000  0.0000  0.0000  0.0000  0.0000 -0.1454 -0.0000  0.0000  0.0000 -0.0000  0.0000
    2   9.5600 THz   0.0000  0.0000 -0.9814  0.1257  0.0000 -0.0000 -0.0000  0.0000 -0.1442  0.0185 -0.0000  0.0000
    3  11.9814 THz   0.0000  0.0000 -0.0000  0.0000 -0.0000 -0.0000  0.0000 -0.0000 -0.0000  0.0000  0.9359 -0.3523
    4  13.6905 THz   0.0000  0.0000  0.0587 -0.1330 -0.0000  0.0000  0.0000  0.0000 -0.3992  0.9053 -0.0000  0.0000
    5  13.6905 THz   0.1454  0.0000 -0.0000 -0.0000 -0.0000 -0.0000  0.9894  0.0000 -0.0000 -0.0000  0.0000 -0.0000


 Q=  0.057722 -0.173167  0.057722, q= -0.250000  0.250000 -0.250000

                       Mg X   0        Mg Y   0        Mg Z   0         O X   1         O Y   1         O Z   1     
                    --------------- --------------- --------------- --------------- --------------- ---------------
    0   7.3424 THz  -0.7026  0.0000 -0.0000  0.0000  0.7026  0.0000 -0.0798  0.0000 -0.0000  0.0000  0.0798 -0.0000
    1   8.2875 THz  -0.4895  0.0000 -0.7101 -0.0000 -0.4895 -0.0000 -0.0410  0.0000 -0.1147  0.0000 -0.0410 -0.0000
    2  10.7135 THz  -0.0798  0.0000 -0.0000 -0.0000  0.0798  0.0000  0.7026  0.0000 -0.0000 -0.0000 -0.7026 -0.0000
    3  10.9396 THz   0.4453  0.0000 -0.5078 -0.0000  0.4453  0.0000 -0.2123  0.0000 -0.5053 -0.0000 -0.2123 -0.0000
    4  12.5645 THz   0.2033  0.0000 -0.3894 -0.0000  0.2033  0.0000  0.5927  0.0000  0.2515  0.0000  0.5927  0.0000
    5  15.3985 THz  -0.1440  0.0000  0.2938 -0.0000 -0.1440  0.0000  0.3194 -0.0000 -0.8174  0.0000  0.3194 -0.0000


 Q=  0.115445 -0.115445  0.000000, q= -0.250000  0.250000  0.000000

                       Mg X   0        Mg Y   0        Mg Z   0         O X   1         O Y   1         O Z   1     
                    --------------- --------------- --------------- --------------- --------------- ---------------
    0   6.3022 THz   0.6801  0.0000  0.6801  0.0000  0.0000  0.0000  0.1935 -0.0000  0.1935 -0.0000  0.0000  0.0000
    1   8.5278 THz   0.0000  0.0000  0.0000 -0.0000  0.8658  0.4983 -0.0000  0.0000 -0.0000  0.0000  0.0394  0.0227
    2   9.9219 THz   0.1935  0.0000  0.1935  0.0000 -0.0000 -0.0000 -0.6801 -0.0000 -0.6801 -0.0000  0.0000  0.0000
    3  10.8564 THz   0.6197  0.0000 -0.6197 -0.0000  0.0000  0.0000  0.3405  0.0000 -0.3405  0.0000 -0.0000 -0.0000
    4  12.1393 THz   0.0000  0.0000  0.0000 -0.0000  0.0422  0.0169 -0.0000  0.0000 -0.0000  0.0000 -0.9272 -0.3718
    5  16.0206 THz  -0.3405  0.0000  0.3405 -0.0000  0.0000 -0.0000  0.6197 -0.0000 -0.6197  0.0000 -0.0000  0.0000


 Q=  0.173167 -0.057722 -0.057722, q= -0.250000  0.250000  0.250000

                       Mg X   0        Mg Y   0        Mg Z   0         O X   1         O Y   1         O Z   1     
                    --------------- --------------- --------------- --------------- --------------- ---------------
    0   7.3424 THz   0.0000  0.0000 -0.6648  0.2273  0.6648 -0.2273  0.0000 -0.0000 -0.0755  0.0258  0.0755 -0.0258
    1   8.2875 THz   0.7101  0.0000  0.4895  0.0000  0.4895 -0.0000  0.1147 -0.0000  0.0410  0.0000  0.0410  0.0000
    2  10.7135 THz   0.0000  0.0000 -0.0085  0.0793  0.0085 -0.0793 -0.0000  0.0000  0.0747 -0.6986 -0.0747  0.6986
    3  10.9396 THz   0.5078  0.0000 -0.4453 -0.0000 -0.4453  0.0000  0.5053 -0.0000  0.2123 -0.0000  0.2123 -0.0000
    4  12.5645 THz  -0.3894  0.0000  0.2033  0.0000  0.2033  0.0000  0.2515 -0.0000  0.5927 -0.0000  0.5927 -0.0000
    5  15.3985 THz  -0.2938  0.0000  0.1440 -0.0000  0.1440 -0.0000  0.8174  0.0000 -0.3194 -0.0000 -0.3194 -0.0000


 Q= -0.230890  0.000000  0.000000, q=  0.000000 -0.500000 -0.500000

                       Mg X   0        Mg Y   0        Mg Z   0         O X   1         O Y   1         O Z   1     
                    --------------- --------------- --------------- --------------- --------------- ---------------
    0   7.9188 THz   0.0000  0.0000  0.5186  0.3128 -0.7176 -0.3107  0.0000  0.0000  0.0773  0.0466 -0.1070 -0.0463
    1   7.9188 THz   0.0000  0.0000  0.7281  0.2852  0.5884  0.1434 -0.0000  0.0000  0.1085  0.0425  0.0877  0.0214
    2  10.4947 THz   0.9634  0.0000  0.0000  0.0000  0.0000  0.0000  0.2681 -0.0000 -0.0000  0.0000  0.0000 -0.0000
    3  11.6008 THz   0.0000  0.0000  0.0029 -0.0466 -0.0050  0.1398 -0.0000  0.0000 -0.0197  0.3125  0.0336 -0.9376
    4  11.6008 THz   0.0000  0.0000  0.0148  0.1391  0.0062  0.0463 -0.0000 -0.0000 -0.0993 -0.9329 -0.0416 -0.3103
    5  15.3922 THz   0.2681  0.0000  0.0000 -0.0000 -0.0000 -0.0000 -0.9634  0.0000  0.0000 -0.0000 -0.0000  0.0000


 Q= -0.173167  0.057722 -0.057722, q=  0.000000 -0.500000 -0.250000

                       Mg X   0        Mg Y   0        Mg Z   0         O X   1         O Y   1         O Z   1     
                    --------------- --------------- --------------- --------------- --------------- ---------------
    0   7.3424 THz  -0.0000  0.0000 -0.6977  0.0826 -0.6977  0.0826  0.0000 -0.0000 -0.0792  0.0094 -0.0792  0.0094
    1   8.2875 THz   0.7101  0.0000  0.4895  0.0000 -0.4895  0.0000  0.1147 -0.0000  0.0410 -0.0000 -0.0410  0.0000
    2  10.7135 THz  -0.0000  0.0000  0.0759  0.0245  0.0759  0.0245 -0.0000 -0.0000 -0.6686 -0.2159 -0.6686 -0.2159
    3  10.9396 THz  -0.5078  0.0000  0.4453 -0.0000 -0.4453 -0.0000 -0.5053  0.0000 -0.2123  0.0000  0.2123  0.0000
    4  12.5645 THz  -0.3894  0.0000  0.2033 -0.0000 -0.2033  0.0000  0.2515 -0.0000  0.5927  0.0000 -0.5927  0.0000
    5  15.3985 THz  -0.2938  0.0000  0.1440  0.0000 -0.1440 -0.0000  0.8174 -0.0000 -0.3194 -0.0000  0.3194  0.0000


 Q= -0.115445  0.115445 -0.115445, q=  0.000000 -0.500000  0.000000

                       Mg X   0        Mg Y   0        Mg Z   0         O X   1         O Y   1         O Z   1     
                    --------------- --------------- --------------- --------------- --------------- ---------------
    0   6.7125 THz   0.8165  0.0000  0.4082 -0.0000 -0.4082  0.0000  0.0000  0.0000 -0.0000 -0.0000  0.0000  0.0000
    1   6.7125 THz   0.0000  0.0000 -0.7061  0.0382 -0.7061  0.0382 -0.0000 -0.0000 -0.0000  0.0000  0.0000  0.0000
    2   9.6290 THz   0.0000  0.0000 -0.0000 -0.0000 -0.0000 -0.0000  0.1555  0.8013  0.0777  0.3846 -0.0777 -0.4167
    3   9.6290 THz   0.0000  0.0000  0.0000  0.0000  0.0000  0.0000 -0.0123 -0.0139 -0.3648 -0.6161 -0.3525 -0.6022
    4  14.5623 THz   0.5774  0.0000 -0.5774  0.0000  0.5774 -0.0000 -0.0000 -0.0000  0.0000  0.0000 -0.0000 -0.0000
    5  15.7675 THz   0.0000  0.0000 -0.0000 -0.0000 -0.0000 -0.0000  0.4275  0.3880 -0.4275 -0.3880  0.4275  0.3880


 Q= -0.057722  0.173167 -0.173167, q=  0.000000 -0.500000  0.250000

                       Mg X   0        Mg Y   0        Mg Z   0         O X   1         O Y   1         O Z   1     
                    --------------- --------------- --------------- --------------- --------------- ---------------
    0   7.3424 THz   0.0000  0.0000  0.7023  0.0202  0.7023  0.0202 -0.0000 -0.0000 -0.0798 -0.0023 -0.0798 -0.0023
    1   8.2875 THz   0.7101  0.0000  0.4895 -0.0000 -0.4895 -0.0000 -0.1147 -0.0000 -0.0410 -0.0000  0.0410  0.0000
    2  10.7135 THz   0.0000  0.0000 -0.0753  0.0263 -0.0753  0.0263 -0.0000 -0.0000 -0.6633  0.2315 -0.6633  0.2315
    3  10.9396 THz   0.5078  0.0000 -0.4453  0.0000  0.4453 -0.0000 -0.5053  0.0000 -0.2123 -0.0000  0.2123 -0.0000
    4  12.5645 THz  -0.3894  0.0000  0.2033  0.0000 -0.2033 -0.0000 -0.2515  0.0000 -0.5927 -0.0000  0.5927 -0.0000
    5  15.3985 THz  -0.2938  0.0000  0.1440 -0.0000 -0.1440  0.0000 -0.8174  0.0000  0.3194  0.0000 -0.3194 -0.0000


 Q= -0.173167 -0.057722  0.057722, q=  0.000000 -0.250000 -0.500000

                       Mg X   0        Mg Y   0        Mg Z   0         O X   1         O Y   1         O Z   1     
                    --------------- --------------- --------------- --------------- --------------- ---------------
    0   7.3424 THz   0.0000  0.0000 -0.7025 -0.0132 -0.7025 -0.0132 -0.0000 -0.0000 -0.0798 -0.0015 -0.0798 -0.0015
    1   8.2875 THz   0.7101  0.0000 -0.4895  0.0000  0.4895  0.0000  0.1147 -0.0000 -0.0410  0.0000  0.0410  0.0000
    2  10.7135 THz  -0.0000  0.0000  0.0448 -0.0661  0.0448 -0.0661 -0.0000  0.0000 -0.3942  0.5816 -0.3942  0.5816
    3  10.9396 THz  -0.5078  0.0000 -0.4453 -0.0000  0.4453  0.0000 -0.5053  0.0000  0.2123 -0.0000 -0.2123 -0.0000
    4  12.5645 THz   0.3894  0.0000  0.2033  0.0000 -0.2033 -0.0000 -0.2515  0.0000  0.5927 -0.0000 -0.5927  0.0000
    5  15.3985 THz   0.2938  0.0000  0.1440 -0.0000 -0.1440  0.0000 -0.8174  0.0000 -0.3194  0.0000  0.3194 -0.0000


 Q= -0.115445  0.000000  0.000000, q=  0.000000 -0.250000 -0.250000

                       Mg X   0        Mg Y   0        Mg Z   0         O X   1         O Y   1         O Z   1     
                    --------------- --------------- --------------- --------------- --------------- ---------------
    0   6.3303 THz   0.0000  0.0000 -0.5506  0.0205 -0.7207  0.2007 -0.0000  0.0000 -0.2192  0.0082 -0.2868  0.0799
    1   6.3303 THz   0.0000  0.0000  0.7453 -0.0648 -0.5228  0.1739  0.0000  0.0000  0.2966 -0.0258 -0.2081  0.0692
    2   8.1661 THz   0.8657  0.0000  0.0000  0.0000  0.0000 -0.0000  0.5006 -0.0000 -0.0000  0.0000  0.0000 -0.0000
    3  10.5771 THz   0.0000  0.0000  0.2494 -0.0970  0.1450 -0.2100 -0.0000 -0.0000 -0.6267  0.2437 -0.3644  0.5275
    4  10.5771 THz   0.0000  0.0000  0.1458 -0.2095 -0.0034  0.2676 -0.0000  0.0000 -0.3662  0.5262  0.0085 -0.6724
    5  16.4362 THz   0.5006  0.0000  0.0000 -0.0000 -0.0000  0.0000 -0.8657  0.0000  0.0000 -0.0000 -0.0000  0.0000


 Q= -0.057722  0.057722 -0.057722, q=  0.000000 -0.250000  0.000000

                       Mg X   0        Mg Y   0        Mg Z   0         O X   1         O Y   1         O Z   1     
                    --------------- --------------- --------------- --------------- --------------- ---------------
    0   4.9331 THz   0.0000  0.0000 -0.1287 -0.6156 -0.1287 -0.6156 -0.0000  0.0000 -0.0661 -0.3164 -0.0661 -0.3164
    1   4.9331 THz   0.7262  0.0000  0.3631  0.0000 -0.3631  0.0000  0.3733  0.0000  0.1866 -0.0000 -0.1866  0.0000
    2   9.0077 THz  -0.4902  0.0000  0.4902  0.0000 -0.4902  0.0000 -0.3050  0.0000  0.3050 -0.0000 -0.3050  0.0000
    3   9.7573 THz   0.0000  0.0000  0.2116  0.2444  0.2116  0.2444  0.0000  0.0000 -0.4117 -0.4754 -0.4117 -0.4754
    4   9.7573 THz  -0.3733  0.0000 -0.1866 -0.0000  0.1866 -0.0000  0.7262 -0.0000  0.3631  0.0000 -0.3631  0.0000
    5  16.2901 THz  -0.3050  0.0000  0.3050  0.0000 -0.3050 -0.0000  0.4902  0.0000 -0.4902 -0.0000  0.4902 -0.0000


 Q=  0.000000  0.115445 -0.115445, q=  0.000000 -0.250000  0.250000

                       Mg X   0        Mg Y   0        Mg Z   0         O X   1         O Y   1         O Z   1     
                    --------------- --------------- --------------- --------------- --------------- ---------------
    0   6.3022 THz  -0.0000  0.0000 -0.6661  0.1372 -0.6661  0.1372 -0.0000  0.0000 -0.1896  0.0391 -0.1896  0.0391
    1   8.5278 THz   0.9990  0.0000 -0.0000  0.0000 -0.0000 -0.0000  0.0454  0.0000 -0.0000 -0.0000 -0.0000  0.0000
    2   9.9219 THz  -0.0000  0.0000  0.1929  0.0153  0.1929  0.0153  0.0000  0.0000 -0.6780 -0.0539 -0.6780 -0.0539
    3  10.8564 THz  -0.0000  0.0000  0.5992  0.1579 -0.5992 -0.1579  0.0000  0.0000  0.3293  0.0868 -0.3293 -0.0868
    4  12.1393 THz   0.0454  0.0000  0.0000  0.0000 -0.0000 -0.0000 -0.9990 -0.0000  0.0000  0.0000 -0.0000 -0.0000
    5  16.0206 THz   0.0000  0.0000 -0.1336 -0.3132  0.1336  0.3132  0.0000  0.0000  0.2432  0.5700 -0.2432 -0.5700


 Q= -0.115445 -0.115445  0.115445, q=  0.000000  0.000000 -0.500000

                       Mg X   0        Mg Y   0        Mg Z   0         O X   1         O Y   1         O Z   1     
                    --------------- --------------- --------------- --------------- --------------- ---------------
    0   6.7125 THz   0.8165  0.0000 -0.4082  0.0000  0.4082 -0.0000  0.0000 -0.0000  0.0000 -0.0000 -0.0000 -0.0000
    1   6.7125 THz   0.0000  0.0000  0.7061 -0.0382  0.7061 -0.0382  0.0000 -0.0000 -0.0000  0.0000 -0.0000  0.0000
    2   9.6290 THz   0.0000  0.0000 -0.0000  0.0000 -0.0000  0.0000 -0.1583  0.2594 -0.3244  0.3878 -0.4827  0.6473
    3   9.6290 THz   0.0000  0.0000 -0.0000 -0.0000  0.0000 -0.0000  0.0865  0.7529 -0.0433 -0.6396  0.0433  0.1132
    4  14.5623 THz  -0.5774  0.0000 -0.5774  0.0000  0.5774 -0.0000  0.0000 -0.0000  0.0000 -0.0000 -0.0000 -0.0000
    5  15.7675 THz   0.0000  0.0000 -0.0000  0.0000  0.0000  0.0000 -0.5711  0.0848 -0.5711  0.0848  0.5711 -0.0848


 Q= -0.057722 -0.057722  0.057722, q=  0.000000  0.000000 -0.250000

                       Mg X   0        Mg Y   0        Mg Z   0         O X   1         O Y   1         O Z   1     
                    --------------- --------------- --------------- --------------- --------------- ---------------
    0   4.9331 THz   0.2631  0.0000  0.4508 -0.0668  0.7139 -0.0668  0.1352 -0.0000  0.2317 -0.0343  0.3669 -0.0343
    1   4.9331 THz  -0.6768  0.0000  0.5648 -0.0260 -0.1120 -0.0260 -0.3479  0.0000  0.2903 -0.0133 -0.0576 -0.0133
    2   9.0077 THz  -0.4902  0.0000 -0.4902  0.0000  0.4902  0.0000 -0.3050 -0.0000 -0.3050 -0.0000  0.3050 -0.0000
    3   9.7573 THz   0.3471  0.0000 -0.2864 -0.0373  0.0607 -0.0373 -0.6753  0.0000  0.5572  0.0726 -0.1180  0.0726
    4   9.7573 THz   0.1373  0.0000  0.2168  0.0944  0.3540  0.0944 -0.2671 -0.0000 -0.4217 -0.1836 -0.6888 -0.1836
    5  16.2901 THz  -0.3050  0.0000 -0.3050  0.0000  0.3050  0.0000  0.4902  0.0000  0.4902  0.0000 -0.4902 -0.0000


 Q=  0.000000  0.000000  0.000000, q=  0.000000  0.000000  0.000000

                       Mg X   0        Mg Y   0        Mg Z   0         O X   1         O Y   1         O Z   1     
                    --------------- --------------- --------------- --------------- --------------- ---------------
    0   0.0000 THz   0.0000  0.0000  0.4858  0.0000  0.6058  0.0000  0.0000  0.0000  0.3941  0.0000  0.4915  0.0000
    1   0.0000 THz   0.7766  0.0000  0.0000  0.0000 -0.0000  0.0000  0.6301  0.0000  0.0000  0.0000  0.0000  0.0000
    2   0.0000 THz   0.0000  0.0000  0.6058  0.0000 -0.4858  0.0000  0.0000  0.0000  0.4915  0.0000 -0.3941  0.0000
    3   9.5565 THz   0.0000  0.0000 -0.1585  0.0000 -0.6098  0.0000 -0.0000  0.0000  0.1953  0.0000  0.7516  0.0000
    4   9.5565 THz   0.6301  0.0000  0.0000  0.0000  0.0000  0.0000 -0.7766  0.0000 -0.0000  0.0000 -0.0000  0.0000
    5   9.5565 THz   0.0000  0.0000 -0.6098  0.0000  0.1585  0.0000  0.0000  0.0000  0.7516  0.0000 -0.1953  0.0000


 Q=  0.057722  0.057722 -0.057722, q=  0.000000  0.000000  0.250000

                       Mg X   0        Mg Y   0        Mg Z   0         O X   1         O Y   1         O Z   1     
                    --------------- --------------- --------------- --------------- --------------- ---------------
    0   4.9331 THz   0.2631  0.0000  0.4508  0.0668  0.7139  0.0668  0.1352  0.0000  0.2317  0.0343  0.3669  0.0343
    1   4.9331 THz  -0.6768  0.0000  0.5648  0.0260 -0.1120  0.0260 -0.3479 -0.0000  0.2903  0.0133 -0.0576  0.0133
    2   9.0077 THz  -0.4902  0.0000 -0.4902 -0.0000  0.4902 -0.0000 -0.3050  0.0000 -0.3050  0.0000  0.3050  0.0000
    3   9.7573 THz   0.3471  0.0000 -0.2864  0.0373  0.0607  0.0373 -0.6753 -0.0000  0.5572 -0.0726 -0.1180 -0.0726
    4   9.7573 THz   0.1373  0.0000  0.2168 -0.0944  0.3540 -0.0944 -0.2671  0.0000 -0.4217  0.1836 -0.6888  0.1836
    5  16.2901 THz  -0.3050  0.0000 -0.3050 -0.0000  0.3050 -0.0000  0.4902 -0.0000  0.4902 -0.0000 -0.4902  0.0000


 Q= -0.057722 -0.173167  0.173167, q=  0.000000  0.250000 -0.500000

                       Mg X   0        Mg Y   0        Mg Z   0         O X   1         O Y   1         O Z   1     
                    --------------- --------------- --------------- --------------- --------------- ---------------
    0   7.3424 THz  -0.0000  0.0000  0.6937  0.1115  0.6937  0.1115 -0.0000 -0.0000 -0.0788 -0.0127 -0.0788 -0.0127
    1   8.2875 THz   0.7101  0.0000 -0.4895  0.0000  0.4895  0.0000 -0.1147  0.0000  0.0410  0.0000 -0.0410 -0.0000
    2  10.7135 THz   0.0000  0.0000 -0.0797 -0.0033 -0.0797 -0.0033 -0.0000 -0.0000 -0.7020 -0.0295 -0.7020 -0.0295
    3  10.9396 THz   0.5078  0.0000  0.4453 -0.0000 -0.4453  0.0000 -0.5053  0.0000  0.2123 -0.0000 -0.2123  0.0000
    4  12.5645 THz   0.3894  0.0000  0.2033  0.0000 -0.2033 -0.0000  0.2515 -0.0000 -0.5927  0.0000  0.5927 -0.0000
    5  15.3985 THz   0.2938  0.0000  0.1440 -0.0000 -0.1440  0.0000  0.8174 -0.0000  0.3194 -0.0000 -0.3194  0.0000


 Q=  0.000000 -0.115445  0.115445, q=  0.000000  0.250000 -0.250000

                       Mg X   0        Mg Y   0        Mg Z   0         O X   1         O Y   1         O Z   1     
                    --------------- --------------- --------------- --------------- --------------- ---------------
    0   6.3022 THz  -0.0000  0.0000 -0.6661 -0.1372 -0.6661 -0.1372 -0.0000 -0.0000 -0.1896 -0.0391 -0.1896 -0.0391
    1   8.5278 THz   0.9990  0.0000 -0.0000 -0.0000 -0.0000  0.0000  0.0454 -0.0000 -0.0000  0.0000 -0.0000 -0.0000
    2   9.9219 THz  -0.0000  0.0000  0.1929 -0.0153  0.1929 -0.0153  0.0000 -0.0000 -0.6780  0.0539 -0.6780  0.0539
    3  10.8564 THz  -0.0000  0.0000  0.5992 -0.1579 -0.5992  0.1579  0.0000 -0.0000  0.3293 -0.0868 -0.3293  0.0868
    4  12.1393 THz   0.0454  0.0000  0.0000 -0.0000 -0.0000  0.0000 -0.9990  0.0000  0.0000 -0.0000 -0.0000  0.0000
    5  16.0206 THz   0.0000  0.0000 -0.1336  0.3132  0.1336 -0.3132  0.0000 -0.0000  0.2432 -0.5700 -0.2432  0.5700


 Q=  0.057722 -0.057722  0.057722, q=  0.000000  0.250000  0.000000

                       Mg X   0        Mg Y   0        Mg Z   0         O X   1         O Y   1         O Z   1     
                    --------------- --------------- --------------- --------------- --------------- ---------------
    0   4.9331 THz   0.0000  0.0000 -0.1287  0.6156 -0.1287  0.6156 -0.0000 -0.0000 -0.0661  0.3164 -0.0661  0.3164
    1   4.9331 THz   0.7262  0.0000  0.3631 -0.0000 -0.3631 -0.0000  0.3733 -0.0000  0.1866  0.0000 -0.1866 -0.0000
    2   9.0077 THz  -0.4902  0.0000  0.4902 -0.0000 -0.4902 -0.0000 -0.3050 -0.0000  0.3050  0.0000 -0.3050 -0.0000
    3   9.7573 THz   0.0000  0.0000  0.2116 -0.2444  0.2116 -0.2444  0.0000 -0.0000 -0.4117  0.4754 -0.4117  0.4754
    4   9.7573 THz  -0.3733  0.0000 -0.1866  0.0000  0.1866  0.0000  0.7262  0.0000  0.3631 -0.0000 -0.3631 -0.0000
    5  16.2901 THz  -0.3050  0.0000  0.3050 -0.0000 -0.3050  0.0000  0.4902 -0.0000 -0.4902  0.0000  0.4902  0.0000


 Q=  0.115445  0.000000  0.000000, q=  0.000000  0.250000  0.250000

                       Mg X   0        Mg Y   0        Mg Z   0         O X   1         O Y   1         O Z   1     
                    --------------- --------------- --------------- --------------- --------------- ---------------
    0   6.3303 THz   0.0000  0.0000 -0.5506 -0.0205 -0.7207 -0.2007 -0.0000 -0.0000 -0.2192 -0.0082 -0.2868 -0.0799
    1   6.3303 THz   0.0000  0.0000  0.7453  0.0648 -0.5228 -0.1739  0.0000 -0.0000  0.2966  0.0258 -0.2081 -0.0692
    2   8.1661 THz   0.8657  0.0000  0.0000 -0.0000  0.0000  0.0000  0.5006  0.0000 -0.0000 -0.0000  0.0000  0.0000
    3  10.5771 THz   0.0000  0.0000  0.2494  0.0970  0.1450  0.2100 -0.0000  0.0000 -0.6267 -0.2437 -0.3644 -0.5275
    4  10.5771 THz   0.0000  0.0000  0.1458  0.2095 -0.0034 -0.2676 -0.0000 -0.0000 -0.3662 -0.5262  0.0085  0.6724
    5  16.4362 THz   0.5006  0.0000  0.0000  0.0000 -0.0000 -0.0000 -0.8657 -0.0000  0.0000  0.0000 -0.0000 -0.0000


 Q= -0.288612  0.057722  0.057722, q=  0.250000 -0.500000 -0.500000

                       Mg X   0        Mg Y   0        Mg Z   0         O X   1         O Y   1         O Z   1     
                    --------------- --------------- --------------- --------------- --------------- ---------------
    0   7.3424 THz   0.0000  0.0000 -0.7018 -0.0324  0.7018  0.0324 -0.0000 -0.0000 -0.0797 -0.0037  0.0797  0.0037
    1   8.2875 THz   0.7101  0.0000 -0.4895  0.0000 -0.4895 -0.0000  0.1147 -0.0000 -0.0410  0.0000 -0.0410 -0.0000
    2  10.7135 THz   0.0000  0.0000 -0.0789 -0.0120  0.0789  0.0120  0.0000  0.0000  0.6945  0.1060 -0.6945 -0.1060
    3  10.9396 THz  -0.5078  0.0000 -0.4453 -0.0000 -0.4453  0.0000 -0.5053  0.0000  0.2123 -0.0000  0.2123 -0.0000
    4  12.5645 THz  -0.3894  0.0000 -0.2033  0.0000 -0.2033  0.0000  0.2515 -0.0000 -0.5927  0.0000 -0.5927  0.0000
    5  15.3985 THz   0.2938  0.0000  0.1440 -0.0000  0.1440 -0.0000 -0.8174  0.0000 -0.3194  0.0000 -0.3194  0.0000


 Q= -0.230890  0.115445  0.000000, q=  0.250000 -0.500000 -0.250000

                       Mg X   0        Mg Y   0        Mg Z   0         O X   1         O Y   1         O Z   1     
                    --------------- --------------- --------------- --------------- --------------- ---------------
    0   8.9009 THz   0.0000  0.0000 -0.9659  0.2587 -0.0000 -0.0000  0.0000 -0.0000 -0.0000  0.0000  0.0000 -0.0000
    1   9.5600 THz   0.9894  0.0000  0.0000 -0.0000  0.0000  0.0000  0.1454 -0.0000 -0.0000  0.0000  0.0000  0.0000
    2   9.5600 THz   0.0000  0.0000  0.0000 -0.0000 -0.9868 -0.0713  0.0000  0.0000  0.0000 -0.0000  0.1450  0.0105
    3  11.9814 THz   0.0000  0.0000  0.0000  0.0000 -0.0000 -0.0000  0.0000 -0.0000 -0.8754 -0.4834 -0.0000  0.0000
    4  13.6905 THz   0.0000  0.0000  0.0000  0.0000  0.0306 -0.1421  0.0000  0.0000 -0.0000 -0.0000  0.2080 -0.9673
    5  13.6905 THz   0.1454  0.0000 -0.0000  0.0000 -0.0000 -0.0000 -0.9894  0.0000  0.0000 -0.0000 -0.0000 -0.0000


 Q= -0.173167  0.173167 -0.057722, q=  0.250000 -0.500000  0.000000

                       Mg X   0        Mg Y   0        Mg Z   0         O X   1         O Y   1         O Z   1     
                    --------------- --------------- --------------- --------------- --------------- ---------------
    0   7.3424 THz  -0.7026  0.0000 -0.7026 -0.0000 -0.0000 -0.0000  0.0798 -0.0000  0.0798 -0.0000  0.0000  0.0000
    1   8.2875 THz   0.4895  0.0000 -0.4895 -0.0000 -0.7101  0.0000 -0.0410  0.0000  0.0410 -0.0000  0.1147 -0.0000
    2  10.7135 THz   0.0798  0.0000  0.0798 -0.0000 -0.0000  0.0000  0.7026 -0.0000  0.7026 -0.0000  0.0000 -0.0000
    3  10.9396 THz   0.4453  0.0000 -0.4453  0.0000  0.5078 -0.0000  0.2123  0.0000 -0.2123  0.0000 -0.5053  0.0000
    4  12.5645 THz   0.2033  0.0000 -0.2033 -0.0000  0.3894  0.0000 -0.5927  0.0000  0.5927 -0.0000  0.2515 -0.0000
    5  15.3985 THz   0.1440  0.0000 -0.1440 -0.0000  0.2938 -0.0000  0.3194 -0.0000 -0.3194  0.0000  0.8174 -0.0000


 Q= -0.115445  0.230890 -0.115445, q=  0.250000 -0.500000  0.250000

                       Mg X   0        Mg Y   0        Mg Z   0         O X   1         O Y   1         O Z   1     
                    --------------- --------------- --------------- --------------- --------------- ---------------
    0   6.3022 THz   0.6801  0.0000 -0.0000  0.0000 -0.6801  0.0000 -0.1935  0.0000  0.0000  0.0000  0.1935 -0.0000
    1   8.5278 THz  -0.0000  0.0000 -0.9989  0.0130  0.0000 -0.0000  0.0000  0.0000  0.0454 -0.0006  0.0000 -0.0000
    2   9.9219 THz  -0.1935  0.0000 -0.0000  0.0000  0.1935  0.0000 -0.6801 -0.0000  0.0000  0.0000  0.6801  0.0000
    3  10.8564 THz   0.6197  0.0000 -0.0000  0.0000  0.6197  0.0000 -0.3405 -0.0000  0.0000  0.0000 -0.3405  0.0000
    4  12.1393 THz   0.0000  0.0000  0.0419  0.0175  0.0000  0.0000  0.0000 -0.0000  0.9217  0.3851 -0.0000  0.0000
    5  16.0206 THz   0.3405  0.0000 -0.0000  0.0000  0.3405 -0.0000  0.6197 -0.0000 -0.0000  0.0000  0.6197 -0.0000


 Q= -0.230890  0.000000  0.115445, q=  0.250000 -0.250000 -0.500000

                       Mg X   0        Mg Y   0        Mg Z   0         O X   1         O Y   1         O Z   1     
                    --------------- --------------- --------------- --------------- --------------- ---------------
    0   8.9009 THz   0.0000  0.0000  0.0000 -0.0000  0.9708 -0.2401 -0.0000  0.0000 -0.0000 -0.0000 -0.0000 -0.0000
    1   9.5600 THz   0.0000  0.0000 -0.9503  0.2754  0.0000 -0.0000 -0.0000 -0.0000  0.1396 -0.0405  0.0000  0.0000
    2   9.5600 THz   0.9894  0.0000  0.0000  0.0000  0.0000 -0.0000  0.1454 -0.0000  0.0000 -0.0000 -0.0000  0.0000
    3  11.9814 THz   0.0000  0.0000 -0.0000  0.0000 -0.0000  0.0000 -0.0000 -0.0000  0.0000 -0.0000 -0.6475 -0.7621
    4  13.6905 THz   0.1454  0.0000 -0.0000 -0.0000 -0.0000  0.0000 -0.9894  0.0000 -0.0000  0.0000  0.0000 -0.0000
    5  13.6905 THz   0.0000  0.0000 -0.0802  0.1212  0.0000  0.0000  0.0000 -0.0000 -0.5460  0.8251 -0.0000  0.0000


 Q= -0.173167  0.057722  0.057722, q=  0.250000 -0.250000 -0.250000

                       Mg X   0        Mg Y   0        Mg Z   0         O X   1         O Y   1         O Z   1     
                    --------------- --------------- --------------- --------------- --------------- ---------------
    0   7.3424 THz   0.0000  0.0000 -0.6648 -0.2273  0.6648  0.2273  0.0000  0.0000 -0.0755 -0.0258  0.0755  0.0258
    1   8.2875 THz   0.7101  0.0000  0.4895 -0.0000  0.4895  0.0000  0.1147  0.0000  0.0410 -0.0000  0.0410 -0.0000
    2  10.7135 THz   0.0000  0.0000 -0.0085 -0.0793  0.0085  0.0793 -0.0000 -0.0000  0.0747  0.6986 -0.0747 -0.6986
    3  10.9396 THz   0.5078  0.0000 -0.4453  0.0000 -0.4453 -0.0000  0.5053  0.0000  0.2123  0.0000  0.2123  0.0000
    4  12.5645 THz  -0.3894  0.0000  0.2033 -0.0000  0.2033 -0.0000  0.2515  0.0000  0.5927  0.0000  0.5927  0.0000
    5  15.3985 THz  -0.2938  0.0000  0.1440  0.0000  0.1440  0.0000  0.8174 -0.0000 -0.3194  0.0000 -0.3194  0.0000


 Q= -0.115445  0.115445  0.000000, q=  0.250000 -0.250000  0.000000

                       Mg X   0        Mg Y   0        Mg Z   0         O X   1         O Y   1         O Z   1     
                    --------------- --------------- --------------- --------------- --------------- ---------------
    0   6.3022 THz   0.6801  0.0000  0.6801 -0.0000  0.0000 -0.0000  0.1935  0.0000  0.1935  0.0000  0.0000 -0.0000
    1   8.5278 THz   0.0000  0.0000  0.0000  0.0000  0.8658 -0.4983 -0.0000 -0.0000 -0.0000 -0.0000  0.0394 -0.0227
    2   9.9219 THz   0.1935  0.0000  0.1935 -0.0000 -0.0000  0.0000 -0.6801  0.0000 -0.6801  0.0000  0.0000 -0.0000
    3  10.8564 THz   0.6197  0.0000 -0.6197  0.0000  0.0000 -0.0000  0.3405 -0.0000 -0.3405 -0.0000 -0.0000  0.0000
    4  12.1393 THz   0.0000  0.0000  0.0000  0.0000  0.0422 -0.0169 -0.0000 -0.0000 -0.0000 -0.0000 -0.9272  0.3718
    5  16.0206 THz  -0.3405  0.0000  0.3405  0.0000  0.0000  0.0000  0.6197  0.0000 -0.6197 -0.0000 -0.0000 -0.0000


 Q= -0.057722  0.173167 -0.057722, q=  0.250000 -0.250000  0.250000

                       Mg X   0        Mg Y   0        Mg Z   0         O X   1         O Y   1         O Z   1     
                    --------------- --------------- --------------- --------------- --------------- ---------------
    0   7.3424 THz  -0.7026  0.0000 -0.0000 -0.0000  0.7026 -0.0000 -0.0798 -0.0000 -0.0000 -0.0000  0.0798  0.0000
    1   8.2875 THz  -0.4895  0.0000 -0.7101  0.0000 -0.4895  0.0000 -0.0410 -0.0000 -0.1147 -0.0000 -0.0410  0.0000
    2  10.7135 THz  -0.0798  0.0000 -0.0000  0.0000  0.0798 -0.0000  0.7026 -0.0000 -0.0000  0.0000 -0.7026  0.0000
    3  10.9396 THz   0.4453  0.0000 -0.5078  0.0000  0.4453 -0.0000 -0.2123 -0.0000 -0.5053  0.0000 -0.2123  0.0000
    4  12.5645 THz   0.2033  0.0000 -0.3894  0.0000  0.2033 -0.0000  0.5927 -0.0000  0.2515 -0.0000  0.5927 -0.0000
    5  15.3985 THz  -0.1440  0.0000  0.2938  0.0000 -0.1440 -0.0000  0.3194  0.0000 -0.8174 -0.0000  0.3194  0.0000


 Q= -0.173167 -0.057722  0.173167, q=  0.250000  0.000000 -0.500000

                       Mg X   0        Mg Y   0        Mg Z   0         O X   1         O Y   1         O Z   1     
                    --------------- --------------- --------------- --------------- --------------- ---------------
    0   7.3424 THz   0.7026  0.0000  0.0000  0.0000  0.7026  0.0000 -0.0798 -0.0000 -0.0000 -0.0000 -0.0798 -0.0000
    1   8.2875 THz   0.4895  0.0000 -0.7101 -0.0000 -0.4895 -0.0000 -0.0410 -0.0000  0.1147 -0.0000  0.0410  0.0000
    2  10.7135 THz  -0.0798  0.0000 -0.0000  0.0000 -0.0798 -0.0000 -0.7026 -0.0000  0.0000 -0.0000 -0.7026 -0.0000
    3  10.9396 THz   0.4453  0.0000  0.5078  0.0000 -0.4453 -0.0000  0.2123 -0.0000 -0.5053  0.0000 -0.2123  0.0000
    4  12.5645 THz   0.2033  0.0000  0.3894 -0.0000 -0.2033  0.0000 -0.5927  0.0000  0.2515 -0.0000  0.5927 -0.0000
    5  15.3985 THz   0.1440  0.0000  0.2938  0.0000 -0.1440 -0.0000  0.3194  0.0000  0.8174  0.0000 -0.3194 -0.0000


 Q= -0.115445  0.000000  0.115445, q=  0.250000  0.000000 -0.250000

                       Mg X   0        Mg Y   0        Mg Z   0         O X   1         O Y   1         O Z   1     
                    --------------- --------------- --------------- --------------- --------------- ---------------
    0   6.3022 THz   0.6801  0.0000  0.0000  0.0000  0.6801 -0.0000  0.1935 -0.0000  0.0000  0.0000  0.1935 -0.0000
    1   8.5278 THz   0.0000  0.0000 -0.9962 -0.0748  0.0000 -0.0000  0.0000  0.0000 -0.0453 -0.0034  0.0000  0.0000
    2   9.9219 THz   0.1935  0.0000 -0.0000  0.0000  0.1935  0.0000 -0.6801 -0.0000 -0.0000 -0.0000 -0.6801 -0.0000
    3  10.8564 THz   0.6197  0.0000  0.0000 -0.0000 -0.6197 -0.0000  0.3405  0.0000  0.0000  0.0000 -0.3405  0.0000
    4  12.1393 THz  -0.0000  0.0000 -0.0152 -0.0428  0.0000  0.0000 -0.0000  0.0000  0.3340  0.9415  0.0000  0.0000
    5  16.0206 THz  -0.3405  0.0000 -0.0000  0.0000  0.3405 -0.0000  0.6197 -0.0000  0.0000  0.0000 -0.6197  0.0000


 Q= -0.057722  0.057722  0.057722, q=  0.250000  0.000000  0.000000

                       Mg X   0        Mg Y   0        Mg Z   0         O X   1         O Y   1         O Z   1     
                    --------------- --------------- --------------- --------------- --------------- ---------------
    0   4.9331 THz  -0.3070  0.0000 -0.7234 -0.0081  0.4163  0.0081 -0.1578  0.0000 -0.3718 -0.0042  0.2140  0.0042
    1   4.9331 THz  -0.6581 -0.0000 -0.0632  0.0038 -0.5949 -0.0038 -0.3383 -0.0000 -0.0325  0.0019 -0.3058 -0.0019
    2   9.0077 THz  -0.4902  0.0000  0.4902  0.0000  0.4902  0.0000 -0.3050 -0.0000  0.3050 -0.0000  0.3050  0.0000
    3   9.7573 THz   0.3312  0.0000  0.0183  0.0225  0.3129 -0.0225 -0.6444  0.0000 -0.0356 -0.0438 -0.6088  0.0438
    4   9.7573 THz   0.1721  0.0000  0.3696 -0.0433 -0.1975  0.0433 -0.3348 -0.0000 -0.7191  0.0843  0.3843 -0.0843
    5  16.2901 THz  -0.3050  0.0000  0.3050 -0.0000  0.3050 -0.0000  0.4902 -0.0000 -0.4902 -0.0000 -0.4902 -0.0000


 Q=  0.000000  0.115445  0.000000, q=  0.250000  0.000000  0.250000

                       Mg X   0        Mg Y   0        Mg Z   0         O X   1         O Y   1         O Z   1     
                    --------------- --------------- --------------- --------------- --------------- ---------------
    0   6.3303 THz  -0.0561  0.0000  0.0000 -0.0000 -0.9235  0.0851 -0.0223  0.0000  0.0000 -0.0000 -0.3676  0.0339
    1   6.3303 THz   0.9274  0.0000 -0.0000  0.0000 -0.0559  0.0052  0.3691  0.0000 -0.0000  0.0000 -0.0222  0.0020
    2   8.1661 THz   0.0000  0.0000  0.8585 -0.1110  0.0000  0.0000 -0.0000  0.0000  0.4964 -0.0642  0.0000  0.0000
    3  10.5771 THz  -0.0202  0.0000  0.0000 -0.0000  0.3456 -0.1299  0.0508  0.0000  0.0000 -0.0000 -0.8684  0.3264
    4  10.5771 THz   0.3692  0.0000 -0.0000  0.0000  0.0189 -0.0071 -0.9277 -0.0000 -0.0000  0.0000 -0.0476  0.0179
    5  16.4362 THz   0.0000  0.0000  0.4832  0.1308  0.0000 -0.0000  0.0000  0.0000 -0.8356 -0.2263 -0.0000 -0.0000


 Q= -0.115445 -0.115445  0.230890, q=  0.250000  0.250000 -0.500000

                       Mg X   0        Mg Y   0        Mg Z   0         O X   1         O Y   1         O Z   1     
                    --------------- --------------- --------------- --------------- --------------- ---------------
    0   6.3022 THz  -0.6801  0.0000  0.6801  0.0000  0.0000  0.0000  0.1935 -0.0000 -0.1935  0.0000 -0.0000  0.0000
    1   8.5278 THz  -0.0000  0.0000  0.0000  0.0000 -0.9978 -0.0481 -0.0000 -0.0000  0.0000 -0.0000  0.0454  0.0022
    2   9.9219 THz  -0.1935  0.0000  0.1935  0.0000  0.0000 -0.0000 -0.6801 -0.0000  0.6801  0.0000 -0.0000 -0.0000
    3  10.8564 THz   0.6197  0.0000  0.6197  0.0000 -0.0000 -0.0000 -0.3405 -0.0000 -0.3405  0.0000  0.0000  0.0000
    4  12.1393 THz   0.0000  0.0000  0.0000  0.0000 -0.0072 -0.0449 -0.0000  0.0000 -0.0000 -0.0000 -0.1573 -0.9865
    5  16.0206 THz   0.3405  0.0000  0.3405 -0.0000  0.0000  0.0000  0.6197  0.0000  0.6197  0.0000 -0.0000 -0.0000


 Q= -0.057722 -0.057722  0.173167, q=  0.250000  0.250000 -0.250000

                       Mg X   0        Mg Y   0        Mg Z   0         O X   1         O Y   1         O Z   1     
                    --------------- --------------- --------------- --------------- --------------- ---------------
    0   7.3424 THz   0.7026  0.0000 -0.7026  0.0000  0.0000  0.0000  0.0798  0.0000 -0.0798 -0.0000  0.0000 -0.0000
    1   8.2875 THz  -0.4895  0.0000 -0.4895  0.0000 -0.7101  0.0000 -0.0410 -0.0000 -0.0410  0.0000 -0.1147  0.0000
    2  10.7135 THz   0.0798  0.0000 -0.0798  0.0000 -0.0000 -0.0000 -0.7026  0.0000  0.7026 -0.0000 -0.0000 -0.0000
    3  10.9396 THz   0.4453  0.0000  0.4453 -0.0000 -0.5078  0.0000 -0.2123 -0.0000 -0.2123  0.0000 -0.5053  0.0000
    4  12.5645 THz   0.2033  0.0000  0.2033 -0.0000 -0.3894  0.0000  0.5927 -0.0000  0.5927 -0.0000  0.2515 -0.0000
    5  15.3985 THz  -0.1440  0.0000 -0.1440 -0.0000  0.2938  0.0000  0.3194  0.0000  0.3194  0.0000 -0.8174 -0.0000


 Q=  0.000000  0.000000  0.115445, q=  0.250000  0.250000  0.000000

                       Mg X   0        Mg Y   0        Mg Z   0         O X   1         O Y   1         O Z   1     
                    --------------- --------------- --------------- --------------- --------------- ---------------
    0   6.3303 THz   0.0000  0.0000 -0.9102  0.1867  0.0000 -0.0000  0.0000 -0.0000 -0.3623  0.0743  0.0000 -0.0000
    1   6.3303 THz   0.9291  0.0000  0.0000  0.0000  0.0000  0.0000  0.3698 -0.0000  0.0000 -0.0000 -0.0000  0.0000
    2   8.1661 THz   0.0000  0.0000  0.0000 -0.0000 -0.7688 -0.3979  0.0000  0.0000 -0.0000 -0.0000 -0.4446 -0.2301
    3  10.5771 THz  -0.3698  0.0000  0.0000  0.0000  0.0000  0.0000  0.9291 -0.0000  0.0000 -0.0000 -0.0000  0.0000
    4  10.5771 THz   0.0000  0.0000 -0.3578 -0.0936 -0.0000 -0.0000 -0.0000 -0.0000  0.8989  0.2350 -0.0000 -0.0000
    5  16.4362 THz   0.0000  0.0000  0.0000  0.0000 -0.4925  0.0893  0.0000  0.0000 -0.0000 -0.0000  0.8518 -0.1545


 Q=  0.057722  0.057722  0.057722, q=  0.250000  0.250000  0.250000

                       Mg X   0        Mg Y   0        Mg Z   0         O X   1         O Y   1         O Z   1     
                    --------------- --------------- --------------- --------------- --------------- ---------------
    0   4.9331 THz  -0.7262  0.0000  0.3631  0.0000  0.3631  0.0000 -0.3733 -0.0000  0.1866  0.0000  0.1866  0.0000
    1   4.9331 THz   0.0000  0.0000  0.3812  0.5002 -0.3812 -0.5002  0.0000  0.0000  0.1960  0.2571 -0.1960 -0.2571
    2   9.0077 THz  -0.4902  0.0000 -0.4902  0.0000 -0.4902  0.0000 -0.3050  0.0000 -0.3050 -0.0000 -0.3050 -0.0000
    3   9.7573 THz   0.0000  0.0000 -0.3220 -0.0288  0.3220  0.0288  0.0000  0.0000  0.6264  0.0561 -0.6264 -0.0561
    4   9.7573 THz  -0.3733  0.0000  0.1866 -0.0000  0.1866 -0.0000  0.7262 -0.0000 -0.3631  0.0000 -0.3631 -0.0000
    5  16.2901 THz  -0.3050  0.0000 -0.3050  0.0000 -0.3050  0.0000  0.4902  0.0000  0.4902  0.0000  0.4902  0.0000
