
Used Primitive lattice vector

   -1.597160224575      1.597160224575      1.597160224575  
    1.597160224575     -1.597160224575      1.597160224575  
    1.597160224575      1.597160224575     -1.597160224575  

   1 Atom(s) in the Primitive cell

 0.0000000000 0.0000000000 0.0000000000  W    0


 Q= -0.313056 -0.313056 -0.313056, q= -0.500000 -0.500000 -0.500000

                        W X   0         W Y   0         W Z   0     
                    --------------- --------------- ---------------
    0   5.1637 THz   1.0000  0.0000  0.0000  0.0000  0.0000  0.0000
    1   5.1637 THz   0.0000  0.0000 -0.0111  0.0160 -0.0378  0.9991
    2   5.1637 THz   0.0000  0.0000 -0.0139  0.9997 -0.0103 -0.0165


 Q= -0.234792 -0.234792 -0.313056, q= -0.500000 -0.500000 -0.250000

                        W X   0         W Y   0         W Z   0     
                    --------------- --------------- ---------------
    0   4.4028 THz   0.0000  0.0000  0.0000 -0.0000 -0.9202  0.3914
    1   5.5995 THz  -0.7071  0.0000 -0.7071 -0.0000 -0.0000  0.0000
    2   5.7661 THz   0.7071  0.0000 -0.7071 -0.0000  0.0000 -0.0000


 Q= -0.156528 -0.156528 -0.313056, q= -0.500000 -0.500000  0.000000

                        W X   0         W Y   0         W Z   0     
                    --------------- --------------- ---------------
    0   3.5043 THz   0.0000  0.0000 -0.0000  0.0000 -0.5167  0.8561
    1   4.4198 THz   0.7071  0.0000  0.7071 -0.0000 -0.0000  0.0000
    2   6.2827 THz   0.7071  0.0000 -0.7071  0.0000  0.0000 -0.0000


 Q= -0.078264 -0.078264 -0.313056, q= -0.500000 -0.500000  0.250000

                        W X   0         W Y   0         W Z   0     
                    --------------- --------------- ---------------
    0   4.4028 THz  -0.0000  0.0000 -0.0000 -0.0000 -0.7700 -0.6381
    1   5.5995 THz  -0.7071  0.0000 -0.7071 -0.0000  0.0000  0.0000
    2   5.7661 THz   0.7071  0.0000 -0.7071 -0.0000  0.0000  0.0000


 Q= -0.234792 -0.313056 -0.234792, q= -0.500000 -0.250000 -0.500000

                        W X   0         W Y   0         W Z   0     
                    --------------- --------------- ---------------
    0   4.4028 THz   0.0000  0.0000 -0.7945  0.6073  0.0000 -0.0000
    1   5.5995 THz   0.7071  0.0000 -0.0000 -0.0000  0.7071  0.0000
    2   5.7661 THz   0.7071  0.0000  0.0000 -0.0000 -0.7071 -0.0000


 Q= -0.156528 -0.234792 -0.234792, q= -0.500000 -0.250000 -0.250000

                        W X   0         W Y   0         W Z   0     
                    --------------- --------------- ---------------
    0   4.4481 THz  -0.4237  0.0000 -0.6405 -0.0000 -0.6405  0.0000
    1   4.8464 THz   0.0000  0.0000  0.7064 -0.0324 -0.7064  0.0324
    2   5.5804 THz   0.9058  0.0000 -0.2996  0.0000 -0.2996 -0.0000


 Q= -0.078264 -0.156528 -0.234792, q= -0.500000 -0.250000  0.000000

                        W X   0         W Y   0         W Z   0     
                    --------------- --------------- ---------------
    0   4.4481 THz  -0.6405  0.0000 -0.4237 -0.0000  0.6405 -0.0000
    1   4.8464 THz  -0.7071  0.0000  0.0000 -0.0000 -0.7071 -0.0000
    2   5.5804 THz  -0.2996  0.0000  0.9058  0.0000  0.2996  0.0000


 Q=  0.000000 -0.078264 -0.234792, q= -0.500000 -0.250000  0.250000

                        W X   0         W Y   0         W Z   0     
                    --------------- --------------- ---------------
    0   4.4028 THz   1.0000  0.0000  0.0000  0.0000  0.0000  0.0000
    1   5.5995 THz   0.0000  0.0000 -0.3421  0.6188  0.3421 -0.6188
    2   5.7661 THz   0.0000  0.0000 -0.7071  0.0035 -0.7071  0.0035


 Q= -0.156528 -0.313056 -0.156528, q= -0.500000  0.000000 -0.500000

                        W X   0         W Y   0         W Z   0     
                    --------------- --------------- ---------------
    0   3.5043 THz   0.0000  0.0000 -0.4150 -0.9098  0.0000  0.0000
    1   4.4198 THz   0.7071  0.0000  0.0000  0.0000  0.7071 -0.0000
    2   6.2827 THz  -0.7071  0.0000  0.0000  0.0000  0.7071 -0.0000


 Q= -0.078264 -0.234792 -0.156528, q= -0.500000  0.000000 -0.250000

                        W X   0         W Y   0         W Z   0     
                    --------------- --------------- ---------------
    0   4.4481 THz  -0.6405  0.0000  0.6405 -0.0000 -0.4237 -0.0000
    1   4.8464 THz  -0.7071  0.0000 -0.7071  0.0000  0.0000 -0.0000
    2   5.5804 THz   0.2996  0.0000 -0.2996 -0.0000 -0.9058 -0.0000


 Q=  0.000000 -0.156528 -0.156528, q= -0.500000  0.000000  0.000000

                        W X   0         W Y   0         W Z   0     
                    --------------- --------------- ---------------
    0   3.5043 THz   1.0000  0.0000  0.0000  0.0000  0.0000  0.0000
    1   4.4198 THz   0.0000  0.0000 -0.7071  0.0000  0.7071 -0.0000
    2   6.2827 THz   0.0000  0.0000 -0.7071 -0.0000 -0.7071 -0.0000


 Q=  0.078264 -0.078264 -0.156528, q= -0.500000  0.000000  0.250000

                        W X   0         W Y   0         W Z   0     
                    --------------- --------------- ---------------
    0   4.4481 THz  -0.6405  0.0000  0.6405 -0.0000 -0.4237 -0.0000
    1   4.8464 THz  -0.7071  0.0000 -0.7071  0.0000  0.0000 -0.0000
    2   5.5804 THz   0.2996  0.0000 -0.2996 -0.0000 -0.9058 -0.0000


 Q= -0.078264 -0.313056 -0.078264, q= -0.500000  0.250000 -0.500000

                        W X   0         W Y   0         W Z   0     
                    --------------- --------------- ---------------
    0   4.4028 THz   0.0000  0.0000  0.9741  0.2260  0.0000  0.0000
    1   5.5995 THz  -0.7071  0.0000  0.0000 -0.0000 -0.7071 -0.0000
    2   5.7661 THz   0.7071  0.0000  0.0000 -0.0000 -0.7071 -0.0000


 Q=  0.000000 -0.234792 -0.078264, q= -0.500000  0.250000 -0.250000

                        W X   0         W Y   0         W Z   0     
                    --------------- --------------- ---------------
    0   4.4028 THz   1.0000  0.0000  0.0000  0.0000  0.0000  0.0000
    1   5.5995 THz   0.0000  0.0000 -0.2880 -0.6458  0.2880  0.6458
    2   5.7661 THz   0.0000  0.0000 -0.7070  0.0092 -0.7070  0.0092


 Q=  0.078264 -0.156528 -0.078264, q= -0.500000  0.250000  0.000000

                        W X   0         W Y   0         W Z   0     
                    --------------- --------------- ---------------
    0   4.4481 THz  -0.6405  0.0000 -0.4237 -0.0000  0.6405 -0.0000
    1   4.8464 THz  -0.7071  0.0000  0.0000 -0.0000 -0.7071  0.0000
    2   5.5804 THz  -0.2996  0.0000  0.9058  0.0000  0.2996 -0.0000


 Q=  0.156528 -0.078264 -0.078264, q= -0.500000  0.250000  0.250000

                        W X   0         W Y   0         W Z   0     
                    --------------- --------------- ---------------
    0   4.4481 THz  -0.4237  0.0000 -0.6405  0.0000 -0.6405 -0.0000
    1   4.8464 THz   0.0000  0.0000  0.7070  0.0095 -0.7070 -0.0095
    2   5.5804 THz   0.9058  0.0000 -0.2996 -0.0000 -0.2996 -0.0000


 Q= -0.313056 -0.234792 -0.234792, q= -0.250000 -0.500000 -0.500000

                        W X   0         W Y   0         W Z   0     
                    --------------- --------------- ---------------
    0   4.4028 THz   1.0000  0.0000  0.0000  0.0000  0.0000  0.0000
    1   5.5995 THz   0.0000  0.0000 -0.6281  0.3248 -0.6281  0.3248
    2   5.7661 THz   0.0000  0.0000  0.6371  0.3069 -0.6371 -0.3069


 Q= -0.234792 -0.156528 -0.234792, q= -0.250000 -0.500000 -0.250000

                        W X   0         W Y   0         W Z   0     
                    --------------- --------------- ---------------
    0   4.4481 THz   0.6405  0.0000  0.4237 -0.0000  0.6405 -0.0000
    1   4.8464 THz  -0.7071  0.0000  0.0000 -0.0000  0.7071 -0.0000
    2   5.5804 THz  -0.2996 -0.0000  0.9058  0.0000 -0.2996 -0.0000


 Q= -0.156528 -0.078264 -0.234792, q= -0.250000 -0.500000  0.000000

                        W X   0         W Y   0         W Z   0     
                    --------------- --------------- ---------------
    0   4.4481 THz  -0.4237  0.0000 -0.6405 -0.0000  0.6405 -0.0000
    1   4.8464 THz  -0.0000  0.0000 -0.7069  0.0185 -0.7069  0.0185
    2   5.5804 THz   0.9058  0.0000 -0.2996 -0.0000  0.2996  0.0000


 Q= -0.078264  0.000000 -0.234792, q= -0.250000 -0.500000  0.250000

                        W X   0         W Y   0         W Z   0     
                    --------------- --------------- ---------------
    0   4.4028 THz   0.0000  0.0000  0.8777  0.4792 -0.0000  0.0000
    1   5.5995 THz   0.7071  0.0000 -0.0000 -0.0000 -0.7071 -0.0000
    2   5.7661 THz  -0.7071  0.0000 -0.0000 -0.0000 -0.7071 -0.0000


 Q= -0.234792 -0.234792 -0.156528, q= -0.250000 -0.250000 -0.500000

                        W X   0         W Y   0         W Z   0     
                    --------------- --------------- ---------------
    0   4.4481 THz  -0.6405  0.0000 -0.6405  0.0000 -0.4237  0.0000
    1   4.8464 THz  -0.7071  0.0000  0.7071 -0.0000  0.0000 -0.0000
    2   5.5804 THz  -0.2996  0.0000 -0.2996 -0.0000  0.9058  0.0000


 Q= -0.156528 -0.156528 -0.156528, q= -0.250000 -0.250000 -0.250000

                        W X   0         W Y   0         W Z   0     
                    --------------- --------------- ---------------
    0   5.0482 THz   1.0000  0.0000  0.0000  0.0000  0.0000  0.0000
    1   5.0482 THz   0.0000  0.0000 -0.1819 -0.1126  0.1836 -0.9594
    2   5.0482 THz   0.0000  0.0000  0.2118 -0.9536 -0.2116  0.0312


 Q= -0.078264 -0.078264 -0.156528, q= -0.250000 -0.250000  0.000000

                        W X   0         W Y   0         W Z   0     
                    --------------- --------------- ---------------
    0   4.4481 THz   0.6405  0.0000  0.6405 -0.0000 -0.4237  0.0000
    1   4.8464 THz  -0.7071  0.0000  0.7071 -0.0000 -0.0000  0.0000
    2   5.5804 THz  -0.2996 -0.0000 -0.2996 -0.0000 -0.9058 -0.0000


 Q=  0.000000  0.000000 -0.156528, q= -0.250000 -0.250000  0.250000

                        W X   0         W Y   0         W Z   0     
                    --------------- --------------- ---------------
    0   3.7369 THz   1.0000  0.0000  0.0000  0.0000  0.0000  0.0000
    1   3.7369 THz   0.0000  0.0000  0.0033  1.0000 -0.0000 -0.0000
    2   5.7763 THz   0.0000  0.0000 -0.0000  0.0000 -0.1449  0.9894


 Q= -0.156528 -0.234792 -0.078264, q= -0.250000  0.000000 -0.500000

                        W X   0         W Y   0         W Z   0     
                    --------------- --------------- ---------------
    0   4.4481 THz   0.4237  0.0000 -0.6405 -0.0000  0.6405  0.0000
    1   4.8464 THz   0.0000  0.0000 -0.7058  0.0424 -0.7058  0.0424
    2   5.5804 THz   0.9058  0.0000  0.2996 -0.0000 -0.2996 -0.0000


 Q= -0.078264 -0.156528 -0.078264, q= -0.250000  0.000000 -0.250000

                        W X   0         W Y   0         W Z   0     
                    --------------- --------------- ---------------
    0   4.4481 THz   0.6405  0.0000 -0.4237  0.0000  0.6405 -0.0000
    1   4.8464 THz  -0.7071  0.0000 -0.0000  0.0000  0.7071 -0.0000
    2   5.5804 THz   0.2996  0.0000  0.9058  0.0000  0.2996  0.0000


 Q=  0.000000 -0.078264 -0.078264, q= -0.250000  0.000000  0.000000

                        W X   0         W Y   0         W Z   0     
                    --------------- --------------- ---------------
    0   3.0013 THz   1.0000  0.0000  0.0000  0.0000  0.0000  0.0000
    1   3.0277 THz   0.0000  0.0000 -0.7070  0.0127  0.7070 -0.0127
    2   4.6390 THz   0.0000  0.0000  0.0132  0.7070  0.0132  0.7070


 Q=  0.078264  0.000000 -0.078264, q= -0.250000  0.000000  0.250000

                        W X   0         W Y   0         W Z   0     
                    --------------- --------------- ---------------
    0   3.0013 THz   0.0000  0.0000  0.8458  0.5334  0.0000 -0.0000
    1   3.0277 THz   0.7071  0.0000  0.0000 -0.0000  0.7071 -0.0000
    2   4.6390 THz   0.7071  0.0000 -0.0000  0.0000 -0.7071  0.0000


 Q= -0.078264 -0.234792  0.000000, q= -0.250000  0.250000 -0.500000

                        W X   0         W Y   0         W Z   0     
                    --------------- --------------- ---------------
    0   4.4028 THz   0.0000  0.0000  0.0000  0.0000 -0.3524 -0.9358
    1   5.5995 THz   0.7071  0.0000 -0.7071 -0.0000 -0.0000 -0.0000
    2   5.7661 THz  -0.7071  0.0000 -0.7071 -0.0000 -0.0000 -0.0000


 Q=  0.000000 -0.156528  0.000000, q= -0.250000  0.250000 -0.250000

                        W X   0         W Y   0         W Z   0     
                    --------------- --------------- ---------------
    0   3.7369 THz   1.0000  0.0000  0.0000  0.0000  0.0000  0.0000
    1   3.7369 THz   0.0000  0.0000 -0.0000  0.0000 -0.6880 -0.7257
    2   5.7763 THz   0.0000  0.0000 -0.1332  0.9911  0.0000  0.0000


 Q=  0.078264 -0.078264  0.000000, q= -0.250000  0.250000  0.000000

                        W X   0         W Y   0         W Z   0     
                    --------------- --------------- ---------------
    0   3.0013 THz   0.0000  0.0000  0.0000  0.0000 -0.7618 -0.6478
    1   3.0277 THz   0.7071  0.0000  0.7071 -0.0000  0.0000  0.0000
    2   4.6390 THz   0.7071  0.0000 -0.7071  0.0000 -0.0000 -0.0000


 Q=  0.156528  0.000000  0.000000, q= -0.250000  0.250000  0.250000

                        W X   0         W Y   0         W Z   0     
                    --------------- --------------- ---------------
    0   3.7369 THz   0.0000  0.0000  0.0668  0.0338 -0.1703 -0.9825
    1   3.7369 THz   0.0000  0.0000 -0.2369 -0.9686  0.0477 -0.0577
    2   5.7763 THz   1.0000  0.0000  0.0000  0.0000  0.0000  0.0000


 Q= -0.313056 -0.156528 -0.156528, q=  0.000000 -0.500000 -0.500000

                        W X   0         W Y   0         W Z   0     
                    --------------- --------------- ---------------
    0   3.5043 THz   1.0000  0.0000  0.0000  0.0000  0.0000  0.0000
    1   4.4198 THz   0.0000  0.0000 -0.1173 -0.6973 -0.1173 -0.6973
    2   6.2827 THz   0.0000  0.0000  0.7071 -0.0000 -0.7071  0.0000


 Q= -0.234792 -0.078264 -0.156528, q=  0.000000 -0.500000 -0.250000

                        W X   0         W Y   0         W Z   0     
                    --------------- --------------- ---------------
    0   4.4481 THz   0.6405  0.0000 -0.6405  0.0000 -0.4237  0.0000
    1   4.8464 THz  -0.7071  0.0000 -0.7071  0.0000 -0.0000  0.0000
    2   5.5804 THz   0.2996  0.0000 -0.2996  0.0000  0.9058  0.0000


 Q= -0.156528  0.000000 -0.156528, q=  0.000000 -0.500000  0.000000

                        W X   0         W Y   0         W Z   0     
                    --------------- --------------- ---------------
    0   3.5043 THz   0.0000  0.0000 -1.0000 -0.0000 -0.0000 -0.0000
    1   4.4198 THz   0.7071  0.0000  0.0000 -0.0000 -0.7071 -0.0000
    2   6.2827 THz   0.7071  0.0000 -0.0000  0.0000  0.7071  0.0000


 Q= -0.078264  0.078264 -0.156528, q=  0.000000 -0.500000  0.250000

                        W X   0         W Y   0         W Z   0     
                    --------------- --------------- ---------------
    0   4.4481 THz   0.6405  0.0000 -0.6405  0.0000 -0.4237  0.0000
    1   4.8464 THz  -0.7071  0.0000 -0.7071  0.0000 -0.0000  0.0000
    2   5.5804 THz   0.2996  0.0000 -0.2996  0.0000  0.9058 -0.0000


 Q= -0.234792 -0.156528 -0.078264, q=  0.000000 -0.250000 -0.500000

                        W X   0         W Y   0         W Z   0     
                    --------------- --------------- ---------------
    0   4.4481 THz  -0.6405  0.0000  0.4237 -0.0000  0.6405 -0.0000
    1   4.8464 THz  -0.7071  0.0000 -0.0000  0.0000 -0.7071  0.0000
    2   5.5804 THz   0.2996  0.0000  0.9058  0.0000 -0.2996 -0.0000


 Q= -0.156528 -0.078264 -0.078264, q=  0.000000 -0.250000 -0.250000

                        W X   0         W Y   0         W Z   0     
                    --------------- --------------- ---------------
    0   4.4481 THz   0.4237  0.0000 -0.6405 -0.0000 -0.6405  0.0000
    1   4.8464 THz  -0.0000  0.0000  0.7065 -0.0297 -0.7065  0.0297
    2   5.5804 THz   0.9058  0.0000  0.2996 -0.0000  0.2996  0.0000


 Q= -0.078264  0.000000 -0.078264, q=  0.000000 -0.250000  0.000000

                        W X   0         W Y   0         W Z   0     
                    --------------- --------------- ---------------
    0   3.0013 THz   0.0000  0.0000 -0.7795 -0.6264  0.0000  0.0000
    1   3.0277 THz   0.7071  0.0000  0.0000 -0.0000 -0.7071  0.0000
    2   4.6390 THz   0.7071  0.0000  0.0000  0.0000  0.7071 -0.0000


 Q=  0.000000  0.078264 -0.078264, q=  0.000000 -0.250000  0.250000

                        W X   0         W Y   0         W Z   0     
                    --------------- --------------- ---------------
    0   3.0013 THz   1.0000  0.0000  0.0000  0.0000  0.0000  0.0000
    1   3.0277 THz   0.0000  0.0000 -0.7023  0.0819 -0.7023  0.0819
    2   4.6390 THz   0.0000  0.0000  0.0692 -0.7037 -0.0692  0.7037


 Q= -0.156528 -0.156528  0.000000, q=  0.000000  0.000000 -0.500000

                        W X   0         W Y   0         W Z   0     
                    --------------- --------------- ---------------
    0   3.5043 THz   0.0000  0.0000 -0.0000  0.0000 -1.0000  0.0000
    1   4.4198 THz   0.7071  0.0000 -0.7071 -0.0000  0.0000 -0.0000
    2   6.2827 THz  -0.7071  0.0000 -0.7071 -0.0000  0.0000 -0.0000


 Q= -0.078264 -0.078264  0.000000, q=  0.000000  0.000000 -0.250000

                        W X   0         W Y   0         W Z   0     
                    --------------- --------------- ---------------
    0   3.0013 THz   0.0000  0.0000  0.0000 -0.0000 -0.9895  0.1446
    1   3.0277 THz   0.7071  0.0000 -0.7071 -0.0000 -0.0000 -0.0000
    2   4.6390 THz  -0.7071  0.0000 -0.7071 -0.0000 -0.0000 -0.0000


 Q=  0.000000  0.000000  0.000000, q=  0.000000  0.000000  0.000000

                        W X   0         W Y   0         W Z   0     
                    --------------- --------------- ---------------
    0  -0.0000 THz   0.9353  0.0000  0.3452  0.0000  0.0780  0.0000
    1   0.0000 THz   0.3534  0.0000 -0.9230  0.0000 -0.1523  0.0000
    2  -0.0000 THz   0.0194  0.0000  0.1700  0.0000 -0.9852  0.0000


 Q=  0.078264  0.078264  0.000000, q=  0.000000  0.000000  0.250000

                        W X   0         W Y   0         W Z   0     
                    --------------- --------------- ---------------
    0   3.0013 THz   0.0000  0.0000  0.0000  0.0000 -0.9895 -0.1446
    1   3.0277 THz   0.7071  0.0000 -0.7071  0.0000 -0.0000  0.0000
    2   4.6390 THz  -0.7071  0.0000 -0.7071  0.0000 -0.0000  0.0000


 Q= -0.078264 -0.156528  0.078264, q=  0.000000  0.250000 -0.500000

                        W X   0         W Y   0         W Z   0     
                    --------------- --------------- ---------------
    0   4.4481 THz  -0.6405  0.0000  0.4237 -0.0000  0.6405 -0.0000
    1   4.8464 THz  -0.7071  0.0000 -0.0000  0.0000 -0.7071  0.0000
    2   5.5804 THz   0.2996  0.0000  0.9058 -0.0000 -0.2996 -0.0000


 Q=  0.000000 -0.078264  0.078264, q=  0.000000  0.250000 -0.250000

                        W X   0         W Y   0         W Z   0     
                    --------------- --------------- ---------------
    0   3.0013 THz   1.0000  0.0000  0.0000  0.0000  0.0000  0.0000
    1   3.0277 THz   0.0000  0.0000 -0.7023 -0.0819 -0.7023 -0.0819
    2   4.6390 THz   0.0000  0.0000  0.0692  0.7037 -0.0692 -0.7037


 Q=  0.078264  0.000000  0.078264, q=  0.000000  0.250000  0.000000

                        W X   0         W Y   0         W Z   0     
                    --------------- --------------- ---------------
    0   3.0013 THz   0.0000  0.0000 -0.7795  0.6264  0.0000  0.0000
    1   3.0277 THz   0.7071  0.0000  0.0000  0.0000 -0.7071 -0.0000
    2   4.6390 THz   0.7071  0.0000  0.0000 -0.0000  0.7071  0.0000


 Q=  0.156528  0.078264  0.078264, q=  0.000000  0.250000  0.250000

                        W X   0         W Y   0         W Z   0     
                    --------------- --------------- ---------------
    0   4.4481 THz   0.4237  0.0000 -0.6405  0.0000 -0.6405 -0.0000
    1   4.8464 THz  -0.0000  0.0000  0.7065  0.0297 -0.7065 -0.0297
    2   5.5804 THz   0.9058  0.0000  0.2996  0.0000  0.2996 -0.0000


 Q= -0.313056 -0.078264 -0.078264, q=  0.250000 -0.500000 -0.500000

                        W X   0         W Y   0         W Z   0     
                    --------------- --------------- ---------------
    0   4.4028 THz   1.0000  0.0000  0.0000  0.0000  0.0000  0.0000
    1   5.5995 THz   0.0000  0.0000 -0.5907 -0.3887 -0.5907 -0.3887
    2   5.7661 THz   0.0000  0.0000  0.6371 -0.3069 -0.6371  0.3069


 Q= -0.234792  0.000000 -0.078264, q=  0.250000 -0.500000 -0.250000

                        W X   0         W Y   0         W Z   0     
                    --------------- --------------- ---------------
    0   4.4028 THz  -0.0000  0.0000  0.8866 -0.4625  0.0000 -0.0000
    1   5.5995 THz   0.7071  0.0000  0.0000 -0.0000 -0.7071 -0.0000
    2   5.7661 THz   0.7071  0.0000 -0.0000 -0.0000  0.7071  0.0000


 Q= -0.156528  0.078264 -0.078264, q=  0.250000 -0.500000  0.000000

                        W X   0         W Y   0         W Z   0     
                    --------------- --------------- ---------------
    0   4.4481 THz  -0.4237  0.0000 -0.6405 -0.0000  0.6405 -0.0000
    1   4.8464 THz  -0.0000  0.0000 -0.7070  0.0140 -0.7070  0.0140
    2   5.5804 THz   0.9058  0.0000 -0.2996 -0.0000  0.2996  0.0000


 Q= -0.078264  0.156528 -0.078264, q=  0.250000 -0.500000  0.250000

                        W X   0         W Y   0         W Z   0     
                    --------------- --------------- ---------------
    0   4.4481 THz   0.6405  0.0000  0.4237  0.0000  0.6405  0.0000
    1   4.8464 THz  -0.7071  0.0000  0.0000  0.0000  0.7071  0.0000
    2   5.5804 THz  -0.2996 -0.0000  0.9058  0.0000 -0.2996 -0.0000


 Q= -0.234792 -0.078264  0.000000, q=  0.250000 -0.250000 -0.500000

                        W X   0         W Y   0         W Z   0     
                    --------------- --------------- ---------------
    0   4.4028 THz   0.0000  0.0000 -0.0000 -0.0000 -0.1848 -0.9828
    1   5.5995 THz   0.7071  0.0000 -0.7071 -0.0000  0.0000  0.0000
    2   5.7661 THz  -0.7071  0.0000 -0.7071 -0.0000  0.0000  0.0000


 Q= -0.156528  0.000000  0.000000, q=  0.250000 -0.250000 -0.250000

                        W X   0         W Y   0         W Z   0     
                    --------------- --------------- ---------------
    0   3.7369 THz   0.0000  0.0000  0.0668 -0.0338 -0.1703  0.9825
    1   3.7369 THz   0.0000  0.0000 -0.2369  0.9686  0.0477  0.0577
    2   5.7763 THz   1.0000  0.0000  0.0000  0.0000  0.0000  0.0000


 Q= -0.078264  0.078264  0.000000, q=  0.250000 -0.250000  0.000000

                        W X   0         W Y   0         W Z   0     
                    --------------- --------------- ---------------
    0   3.0013 THz   0.0000  0.0000  0.0000 -0.0000 -0.7618  0.6478
    1   3.0277 THz   0.7071  0.0000  0.7071  0.0000  0.0000 -0.0000
    2   4.6390 THz   0.7071  0.0000 -0.7071 -0.0000 -0.0000  0.0000


 Q=  0.000000  0.156528  0.000000, q=  0.250000 -0.250000  0.250000

                        W X   0         W Y   0         W Z   0     
                    --------------- --------------- ---------------
    0   3.7369 THz   1.0000  0.0000  0.0000  0.0000  0.0000  0.0000
    1   3.7369 THz   0.0000  0.0000 -0.0000 -0.0000 -0.6880  0.7257
    2   5.7763 THz   0.0000  0.0000 -0.1332 -0.9911  0.0000  0.0000


 Q= -0.156528 -0.078264  0.078264, q=  0.250000  0.000000 -0.500000

                        W X   0         W Y   0         W Z   0     
                    --------------- --------------- ---------------
    0   4.4481 THz   0.4237  0.0000 -0.6405 -0.0000  0.6405 -0.0000
    1   4.8464 THz   0.0000  0.0000 -0.7070  0.0133 -0.7070  0.0133
    2   5.5804 THz   0.9058  0.0000  0.2996 -0.0000 -0.2996 -0.0000


 Q= -0.078264  0.000000  0.078264, q=  0.250000  0.000000 -0.250000

                        W X   0         W Y   0         W Z   0     
                    --------------- --------------- ---------------
    0   3.0013 THz   0.0000  0.0000  0.8458 -0.5334  0.0000  0.0000
    1   3.0277 THz   0.7071  0.0000  0.0000  0.0000  0.7071  0.0000
    2   4.6390 THz   0.7071  0.0000 -0.0000 -0.0000 -0.7071 -0.0000


 Q=  0.000000  0.078264  0.078264, q=  0.250000  0.000000  0.000000

                        W X   0         W Y   0         W Z   0     
                    --------------- --------------- ---------------
    0   3.0013 THz   1.0000  0.0000  0.0000  0.0000  0.0000  0.0000
    1   3.0277 THz   0.0000  0.0000 -0.7070 -0.0127  0.7070  0.0127
    2   4.6390 THz   0.0000  0.0000  0.0132 -0.7070  0.0132 -0.7070


 Q=  0.078264  0.156528  0.078264, q=  0.250000  0.000000  0.250000

                        W X   0         W Y   0         W Z   0     
                    --------------- --------------- ---------------
    0   4.4481 THz   0.6405  0.0000 -0.4237 -0.0000  0.6405  0.0000
    1   4.8464 THz  -0.7071  0.0000 -0.0000 -0.0000  0.7071  0.0000
    2   5.5804 THz   0.2996  0.0000  0.9058 -0.0000  0.2996 -0.0000


 Q= -0.078264 -0.078264  0.156528, q=  0.250000  0.250000 -0.500000

                        W X   0         W Y   0         W Z   0     
                    --------------- --------------- ---------------
    0   4.4481 THz  -0.6405  0.0000 -0.6405 -0.0000 -0.4237 -0.0000
    1   4.8464 THz  -0.7071  0.0000  0.7071  0.0000  0.0000  0.0000
    2   5.5804 THz  -0.2996  0.0000 -0.2996  0.0000  0.9058  0.0000


 Q=  0.000000  0.000000  0.156528, q=  0.250000  0.250000 -0.250000

                        W X   0         W Y   0         W Z   0     
                    --------------- --------------- ---------------
    0   3.7369 THz   1.0000  0.0000  0.0000  0.0000  0.0000  0.0000
    1   3.7369 THz   0.0000  0.0000  0.0033 -1.0000 -0.0000  0.0000
    2   5.7763 THz   0.0000  0.0000 -0.0000  0.0000 -0.1449 -0.9894


 Q=  0.078264  0.078264  0.156528, q=  0.250000  0.250000  0.000000

                        W X   0         W Y   0         W Z   0     
                    --------------- --------------- ---------------
    0   4.4481 THz   0.6405  0.0000  0.6405  0.0000 -0.4237 -0.0000
    1   4.8464 THz  -0.7071  0.0000  0.7071  0.0000 -0.0000 -0.0000
    2   5.5804 THz  -0.2996 -0.0000 -0.2996  0.0000 -0.9058  0.0000


 Q=  0.156528  0.156528  0.156528, q=  0.250000  0.250000  0.250000

                        W X   0         W Y   0         W Z   0     
                    --------------- --------------- ---------------
    0   5.0482 THz   1.0000  0.0000  0.0000  0.0000  0.0000  0.0000
    1   5.0482 THz   0.0000  0.0000 -0.1819  0.1126  0.1836  0.9594
    2   5.0482 THz   0.0000  0.0000  0.2118  0.9536 -0.2116 -0.0312
