
Used Primitive lattice vector

   -2.201213000000     -2.201213000000      0.000000000000  
   -2.201213000000      0.000000000000     -2.201213000000  
    0.000000000000     -2.201213000000     -2.201213000000  

   1 Atom(s) in the Primitive cell

 0.0000000000 0.0000000000 0.0000000000 Al    0


 Q=  0.113574  0.113574  0.113574, q= -0.500000 -0.500000 -0.500000

                       Al X   0        Al Y   0        Al Z   0     
                    --------------- --------------- ---------------
    0   1.9429 THz   0.0000  0.0000  0.7071 -0.0000 -0.7071  0.0000
    1   1.9429 THz   0.8165  0.0000 -0.4082  0.0000 -0.4082  0.0000
    2   3.3889 THz  -0.5774  0.0000 -0.5774  0.0000 -0.5774  0.0000


 Q=  0.170361  0.056787  0.056787, q= -0.500000 -0.500000 -0.250000

                       Al X   0        Al Y   0        Al Z   0     
                    --------------- --------------- ---------------
    0   2.3526 THz   0.0000  0.0000  0.7069  0.0159 -0.7069 -0.0159
    1   3.6478 THz   0.4640  0.0000 -0.6264  0.0000 -0.6264  0.0000
    2   4.7137 THz   0.8859  0.0000  0.3281 -0.0000  0.3281 -0.0000


 Q=  0.227147  0.000000  0.000000, q= -0.500000 -0.500000  0.000000

                       Al X   0        Al Y   0        Al Z   0     
                    --------------- --------------- ---------------
    0   2.2215 THz   0.0000  0.0000 -0.5957 -0.0000 -0.8032  0.0000
    1   2.2215 THz   0.0000  0.0000  0.8032  0.0000 -0.5957  0.0000
    2   6.0115 THz   1.0000  0.0000  0.0000  0.0000  0.0000  0.0000


 Q=  0.283934 -0.056787 -0.056787, q= -0.500000 -0.500000  0.250000

                       Al X   0        Al Y   0        Al Z   0     
                    --------------- --------------- ---------------
    0   2.3526 THz   0.0000  0.0000  0.7069 -0.0159 -0.7069  0.0159
    1   3.6478 THz   0.4640  0.0000 -0.6264 -0.0000 -0.6264 -0.0000
    2   4.7137 THz   0.8859  0.0000  0.3281  0.0000  0.3281  0.0000


 Q=  0.056787  0.170361  0.056787, q= -0.500000 -0.250000 -0.500000

                       Al X   0        Al Y   0        Al Z   0     
                    --------------- --------------- ---------------
    0   2.3526 THz   0.7071  0.0000  0.0000 -0.0000 -0.7071  0.0000
    1   3.6478 THz   0.6264  0.0000 -0.4640  0.0000  0.6264 -0.0000
    2   4.7137 THz  -0.3281  0.0000 -0.8859 -0.0000 -0.3281 -0.0000


 Q=  0.113574  0.113574  0.000000, q= -0.500000 -0.250000 -0.250000

                       Al X   0        Al Y   0        Al Z   0     
                    --------------- --------------- ---------------
    0   2.2681 THz   0.0000  0.0000  0.0000  0.0000 -0.0840  0.9965
    1   2.4024 THz   0.7071  0.0000 -0.7071  0.0000  0.0000  0.0000
    2   4.2267 THz   0.7071  0.0000  0.7071 -0.0000 -0.0000 -0.0000


 Q=  0.170361  0.056787 -0.056787, q= -0.500000 -0.250000  0.000000

                       Al X   0        Al Y   0        Al Z   0     
                    --------------- --------------- ---------------
    0   2.3526 THz   0.0000  0.0000 -0.6521 -0.2735 -0.6521 -0.2735
    1   3.6478 THz   0.4640  0.0000 -0.6264 -0.0000  0.6264 -0.0000
    2   4.7137 THz   0.8859  0.0000  0.3281  0.0000 -0.3281  0.0000


 Q=  0.227147  0.000000 -0.113574, q= -0.500000 -0.250000  0.250000

                       Al X   0        Al Y   0        Al Z   0     
                    --------------- --------------- ---------------
    0   3.2309 THz   0.0000  0.0000  0.0000  0.0000  0.8939  0.4482
    1   3.9089 THz   1.0000  0.0000  0.0000  0.0000  0.0000  0.0000
    2   3.9089 THz   0.0000  0.0000 -0.9893  0.1460  0.0000  0.0000


 Q=  0.000000  0.227147  0.000000, q= -0.500000  0.000000 -0.500000

                       Al X   0        Al Y   0        Al Z   0     
                    --------------- --------------- ---------------
    0   2.2215 THz   0.0000  0.0000 -0.0000  0.0000 -1.0000  0.0000
    1   2.2215 THz   1.0000  0.0000  0.0000  0.0000  0.0000  0.0000
    2   6.0115 THz   0.0000  0.0000  1.0000 -0.0000 -0.0000  0.0000


 Q=  0.056787  0.170361 -0.056787, q= -0.500000  0.000000 -0.250000

                       Al X   0        Al Y   0        Al Z   0     
                    --------------- --------------- ---------------
    0   2.3526 THz   0.7071  0.0000 -0.0000 -0.0000  0.7071  0.0000
    1   3.6478 THz  -0.6264  0.0000  0.4640  0.0000  0.6264  0.0000
    2   4.7137 THz  -0.3281  0.0000 -0.8859 -0.0000  0.3281  0.0000


 Q=  0.113574  0.113574 -0.113574, q= -0.500000  0.000000  0.000000

                       Al X   0        Al Y   0        Al Z   0     
                    --------------- --------------- ---------------
    0   1.9429 THz   0.0000  0.0000 -0.7071  0.0000 -0.7071  0.0000
    1   1.9429 THz   0.8165  0.0000 -0.4082 -0.0000  0.4082  0.0000
    2   3.3889 THz  -0.5774  0.0000 -0.5774 -0.0000  0.5774  0.0000


 Q=  0.170361  0.056787 -0.170361, q= -0.500000  0.000000  0.250000

                       Al X   0        Al Y   0        Al Z   0     
                    --------------- --------------- ---------------
    0   2.3526 THz   0.7071  0.0000  0.0000  0.0000  0.7071 -0.0000
    1   3.6478 THz  -0.6264  0.0000  0.4640 -0.0000  0.6264 -0.0000
    2   4.7137 THz  -0.3281  0.0000 -0.8859  0.0000  0.3281 -0.0000


 Q= -0.056787  0.283934 -0.056787, q= -0.500000  0.250000 -0.500000

                       Al X   0        Al Y   0        Al Z   0     
                    --------------- --------------- ---------------
    0   2.3526 THz   0.7071  0.0000  0.0000 -0.0000 -0.7071 -0.0000
    1   3.6478 THz   0.6264  0.0000 -0.4640 -0.0000  0.6264  0.0000
    2   4.7137 THz  -0.3281  0.0000 -0.8859 -0.0000 -0.3281 -0.0000


 Q=  0.000000  0.227147 -0.113574, q= -0.500000  0.250000 -0.250000

                       Al X   0        Al Y   0        Al Z   0     
                    --------------- --------------- ---------------
    0   3.2309 THz   0.0000  0.0000 -0.0000 -0.0000  0.1413 -0.9900
    1   3.9089 THz   0.0000  0.0000 -0.9834 -0.1816 -0.0000  0.0000
    2   3.9089 THz   1.0000  0.0000  0.0000  0.0000  0.0000  0.0000


 Q=  0.056787  0.170361 -0.170361, q= -0.500000  0.250000  0.000000

                       Al X   0        Al Y   0        Al Z   0     
                    --------------- --------------- ---------------
    0   2.3526 THz   0.0000  0.0000 -0.6569  0.2617 -0.6569  0.2617
    1   3.6478 THz   0.4640  0.0000 -0.6264  0.0000  0.6264  0.0000
    2   4.7137 THz   0.8859  0.0000  0.3281 -0.0000 -0.3281 -0.0000


 Q=  0.113574  0.113574 -0.227147, q= -0.500000  0.250000  0.250000

                       Al X   0        Al Y   0        Al Z   0     
                    --------------- --------------- ---------------
    0   2.2681 THz   0.0000  0.0000 -0.0000  0.0000 -0.1658  0.9862
    1   2.4024 THz   0.7071  0.0000 -0.7071 -0.0000  0.0000 -0.0000
    2   4.2267 THz   0.7071  0.0000  0.7071  0.0000 -0.0000  0.0000


 Q=  0.056787  0.056787  0.170361, q= -0.250000 -0.500000 -0.500000

                       Al X   0        Al Y   0        Al Z   0     
                    --------------- --------------- ---------------
    0   2.3526 THz   0.7071  0.0000 -0.7071 -0.0000  0.0000 -0.0000
    1   3.6478 THz  -0.6264  0.0000 -0.6264 -0.0000  0.4640  0.0000
    2   4.7137 THz  -0.3281  0.0000 -0.3281 -0.0000 -0.8859 -0.0000


 Q=  0.113574  0.000000  0.113574, q= -0.250000 -0.500000 -0.250000

                       Al X   0        Al Y   0        Al Z   0     
                    --------------- --------------- ---------------
    0   2.2681 THz   0.0000  0.0000  0.7017 -0.7124  0.0000  0.0000
    1   2.4024 THz   0.7071  0.0000  0.0000 -0.0000 -0.7071  0.0000
    2   4.2267 THz   0.7071  0.0000  0.0000  0.0000  0.7071 -0.0000


 Q=  0.170361 -0.056787  0.056787, q= -0.250000 -0.500000  0.000000

                       Al X   0        Al Y   0        Al Z   0     
                    --------------- --------------- ---------------
    0   2.3526 THz   0.0000  0.0000 -0.5994 -0.3752 -0.5994 -0.3752
    1   3.6478 THz  -0.4640  0.0000 -0.6264 -0.0000  0.6264  0.0000
    2   4.7137 THz   0.8859  0.0000 -0.3281 -0.0000  0.3281  0.0000


 Q=  0.227147 -0.113574  0.000000, q= -0.250000 -0.500000  0.250000

                       Al X   0        Al Y   0        Al Z   0     
                    --------------- --------------- ---------------
    0   3.2309 THz   0.0000  0.0000 -0.9575 -0.2883  0.0000  0.0000
    1   3.9089 THz   0.0000  0.0000  0.0000  0.0000 -0.8706  0.4921
    2   3.9089 THz   1.0000  0.0000  0.0000  0.0000  0.0000  0.0000


 Q=  0.000000  0.113574  0.113574, q= -0.250000 -0.250000 -0.500000

                       Al X   0        Al Y   0        Al Z   0     
                    --------------- --------------- ---------------
    0   2.2681 THz   1.0000  0.0000  0.0000  0.0000  0.0000  0.0000
    1   2.4024 THz   0.0000  0.0000  0.6437 -0.2926 -0.6437  0.2926
    2   4.2267 THz   0.0000  0.0000 -0.6740 -0.2139 -0.6740 -0.2139


 Q=  0.056787  0.056787  0.056787, q= -0.250000 -0.250000 -0.250000

                       Al X   0        Al Y   0        Al Z   0     
                    --------------- --------------- ---------------
    0   1.7359 THz   0.0000  0.0000  0.6625  0.2471 -0.6625 -0.2471
    1   1.7359 THz   0.8165  0.0000 -0.4082  0.0000 -0.4082 -0.0000
    2   3.4643 THz  -0.5774  0.0000 -0.5774  0.0000 -0.5774 -0.0000


 Q=  0.113574  0.000000  0.000000, q= -0.250000 -0.250000  0.000000

                       Al X   0        Al Y   0        Al Z   0     
                    --------------- --------------- ---------------
    0   1.6153 THz   0.0000  0.0000 -0.9359  0.3201 -0.1422  0.0372
    1   1.6153 THz   0.0000  0.0000 -0.0457 -0.1397  0.2379  0.9601
    2   3.0623 THz   1.0000  0.0000  0.0000  0.0000  0.0000  0.0000


 Q=  0.170361 -0.056787 -0.056787, q= -0.250000 -0.250000  0.250000

                       Al X   0        Al Y   0        Al Z   0     
                    --------------- --------------- ---------------
    0   2.3526 THz   0.0000  0.0000  0.7012 -0.0915 -0.7012  0.0915
    1   3.6478 THz  -0.4640  0.0000 -0.6264  0.0000 -0.6264  0.0000
    2   4.7137 THz   0.8859  0.0000 -0.3281  0.0000 -0.3281  0.0000


 Q= -0.056787  0.170361  0.056787, q= -0.250000  0.000000 -0.500000

                       Al X   0        Al Y   0        Al Z   0     
                    --------------- --------------- ---------------
    0   2.3526 THz   0.7071  0.0000  0.0000  0.0000  0.7071  0.0000
    1   3.6478 THz  -0.6264  0.0000 -0.4640 -0.0000  0.6264  0.0000
    2   4.7137 THz   0.3281  0.0000 -0.8859 -0.0000 -0.3281 -0.0000


 Q=  0.000000  0.113574  0.000000, q= -0.250000  0.000000 -0.250000

                       Al X   0        Al Y   0        Al Z   0     
                    --------------- --------------- ---------------
    0   1.6153 THz   0.0000  0.0000  0.0000  0.0000 -0.8005 -0.5993
    1   1.6153 THz   1.0000  0.0000  0.0000  0.0000  0.0000  0.0000
    2   3.0623 THz   0.0000  0.0000 -0.0834 -0.9965  0.0000 -0.0000


 Q=  0.056787  0.056787 -0.056787, q= -0.250000  0.000000  0.000000

                       Al X   0        Al Y   0        Al Z   0     
                    --------------- --------------- ---------------
    0   1.7359 THz   0.0000  0.0000 -0.7058 -0.0423 -0.7058 -0.0423
    1   1.7359 THz   0.8165  0.0000 -0.4082 -0.0000  0.4082  0.0000
    2   3.4643 THz  -0.5774  0.0000 -0.5774 -0.0000  0.5774  0.0000


 Q=  0.113574  0.000000 -0.113574, q= -0.250000  0.000000  0.250000

                       Al X   0        Al Y   0        Al Z   0     
                    --------------- --------------- ---------------
    0   2.2681 THz   0.0000  0.0000  0.9965  0.0835  0.0000  0.0000
    1   2.4024 THz  -0.7071  0.0000  0.0000 -0.0000 -0.7071 -0.0000
    2   4.2267 THz   0.7071  0.0000  0.0000 -0.0000 -0.7071 -0.0000


 Q= -0.113574  0.227147  0.000000, q= -0.250000  0.250000 -0.500000

                       Al X   0        Al Y   0        Al Z   0     
                    --------------- --------------- ---------------
    0   3.2309 THz   1.0000  0.0000  0.0000  0.0000  0.0000  0.0000
    1   3.9089 THz   0.0000  0.0000  0.4901 -0.1245 -0.1076 -0.8560
    2   3.9089 THz   0.0000  0.0000 -0.8204  0.2668 -0.0958 -0.4965


 Q= -0.056787  0.170361 -0.056787, q= -0.250000  0.250000 -0.250000

                       Al X   0        Al Y   0        Al Z   0     
                    --------------- --------------- ---------------
    0   2.3526 THz   0.7071  0.0000 -0.0000  0.0000 -0.7071  0.0000
    1   3.6478 THz   0.6264  0.0000  0.4640 -0.0000  0.6264 -0.0000
    2   4.7137 THz   0.3281  0.0000 -0.8859  0.0000  0.3281 -0.0000


 Q=  0.000000  0.113574 -0.113574, q= -0.250000  0.250000  0.000000

                       Al X   0        Al Y   0        Al Z   0     
                    --------------- --------------- ---------------
    0   2.2681 THz   1.0000  0.0000  0.0000  0.0000  0.0000  0.0000
    1   2.4024 THz   0.0000  0.0000 -0.6899  0.1548 -0.6899  0.1548
    2   4.2267 THz   0.0000  0.0000  0.5933 -0.3846 -0.5933  0.3846


 Q=  0.056787  0.056787 -0.170361, q= -0.250000  0.250000  0.250000

                       Al X   0        Al Y   0        Al Z   0     
                    --------------- --------------- ---------------
    0   2.3526 THz   0.7071  0.0000 -0.7071  0.0000 -0.0000 -0.0000
    1   3.6478 THz   0.6264  0.0000  0.6264 -0.0000  0.4640  0.0000
    2   4.7137 THz  -0.3281  0.0000 -0.3281  0.0000  0.8859 -0.0000


 Q=  0.000000  0.000000  0.227147, q=  0.000000 -0.500000 -0.500000

                       Al X   0        Al Y   0        Al Z   0     
                    --------------- --------------- ---------------
    0   2.2215 THz   0.0000  0.0000  1.0000 -0.0000  0.0000  0.0000
    1   2.2215 THz   1.0000  0.0000  0.0000  0.0000  0.0000  0.0000
    2   6.0115 THz   0.0000  0.0000  0.0000 -0.0000 -1.0000  0.0000


 Q=  0.056787 -0.056787  0.170361, q=  0.000000 -0.500000 -0.250000

                       Al X   0        Al Y   0        Al Z   0     
                    --------------- --------------- ---------------
    0   2.3526 THz   0.7071  0.0000  0.7071  0.0000  0.0000 -0.0000
    1   3.6478 THz  -0.6264  0.0000  0.6264 -0.0000  0.4640 -0.0000
    2   4.7137 THz   0.3281  0.0000 -0.3281 -0.0000  0.8859 -0.0000


 Q=  0.113574 -0.113574  0.113574, q=  0.000000 -0.500000  0.000000

                       Al X   0        Al Y   0        Al Z   0     
                    --------------- --------------- ---------------
    0   1.9429 THz   0.0000  0.0000 -0.7071 -0.0000 -0.7071 -0.0000
    1   1.9429 THz   0.8165  0.0000  0.4082  0.0000 -0.4082  0.0000
    2   3.3889 THz   0.5774  0.0000 -0.5774 -0.0000  0.5774 -0.0000


 Q=  0.170361 -0.170361  0.056787, q=  0.000000 -0.500000  0.250000

                       Al X   0        Al Y   0        Al Z   0     
                    --------------- --------------- ---------------
    0   2.3526 THz   0.7071  0.0000  0.7071 -0.0000 -0.0000  0.0000
    1   3.6478 THz  -0.6264  0.0000  0.6264  0.0000  0.4640  0.0000
    2   4.7137 THz   0.3281  0.0000 -0.3281  0.0000  0.8859  0.0000


 Q= -0.056787  0.056787  0.170361, q=  0.000000 -0.250000 -0.500000

                       Al X   0        Al Y   0        Al Z   0     
                    --------------- --------------- ---------------
    0   2.3526 THz   0.7071  0.0000  0.7071 -0.0000 -0.0000 -0.0000
    1   3.6478 THz   0.6264  0.0000 -0.6264  0.0000  0.4640  0.0000
    2   4.7137 THz   0.3281  0.0000 -0.3281  0.0000 -0.8859  0.0000


 Q=  0.000000  0.000000  0.113574, q=  0.000000 -0.250000 -0.250000

                       Al X   0        Al Y   0        Al Z   0     
                    --------------- --------------- ---------------
    0   1.6153 THz   0.0000  0.0000 -0.6271 -0.7790 -0.0000 -0.0000
    1   1.6153 THz   1.0000  0.0000  0.0000  0.0000  0.0000  0.0000
    2   3.0623 THz   0.0000  0.0000  0.0000  0.0000 -0.9116 -0.4111


 Q=  0.056787 -0.056787  0.056787, q=  0.000000 -0.250000  0.000000

                       Al X   0        Al Y   0        Al Z   0     
                    --------------- --------------- ---------------
    0   1.7359 THz   0.0000  0.0000 -0.7068  0.0217 -0.7068  0.0217
    1   1.7359 THz   0.8165  0.0000  0.4082 -0.0000 -0.4082  0.0000
    2   3.4643 THz   0.5774  0.0000 -0.5774  0.0000  0.5774 -0.0000


 Q=  0.113574 -0.113574  0.000000, q=  0.000000 -0.250000  0.250000

                       Al X   0        Al Y   0        Al Z   0     
                    --------------- --------------- ---------------
    0   2.2681 THz   0.0000  0.0000  0.0000 -0.0000 -0.0233 -0.9997
    1   2.4024 THz  -0.7071  0.0000 -0.7071  0.0000  0.0000 -0.0000
    2   4.2267 THz   0.7071  0.0000 -0.7071  0.0000  0.0000 -0.0000


 Q= -0.113574  0.113574  0.113574, q=  0.000000  0.000000 -0.500000

                       Al X   0        Al Y   0        Al Z   0     
                    --------------- --------------- ---------------
    0   1.9429 THz   0.0000  0.0000 -0.0000  0.7071 -0.0000 -0.7071
    1   1.9429 THz   0.8165  0.0000  0.4082  0.0000  0.4082  0.0000
    2   3.3889 THz   0.5774  0.0000 -0.5774 -0.0000 -0.5774 -0.0000


 Q= -0.056787  0.056787  0.056787, q=  0.000000  0.000000 -0.250000

                       Al X   0        Al Y   0        Al Z   0     
                    --------------- --------------- ---------------
    0   1.7359 THz   0.0000  0.0000 -0.0000  0.7071 -0.0000 -0.7071
    1   1.7359 THz   0.8165  0.0000  0.4082  0.0000  0.4082  0.0000
    2   3.4643 THz   0.5774  0.0000 -0.5774 -0.0000 -0.5774 -0.0000


 Q=  0.000000  0.000000  0.000000, q=  0.000000  0.000000  0.000000

                       Al X   0        Al Y   0        Al Z   0     
                    --------------- --------------- ---------------
    0   0.0000 THz   0.9942  0.0000 -0.0996  0.0000 -0.0413  0.0000
    1  -0.0000 THz   0.0194  0.0000  0.5422  0.0000 -0.8400  0.0000
    2  -0.0000 THz  -0.1061  0.0000 -0.8343  0.0000 -0.5410  0.0000


 Q=  0.056787 -0.056787 -0.056787, q=  0.000000  0.000000  0.250000

                       Al X   0        Al Y   0        Al Z   0     
                    --------------- --------------- ---------------
    0   1.7359 THz   0.0000  0.0000 -0.0000 -0.7071 -0.0000  0.7071
    1   1.7359 THz   0.8165  0.0000  0.4082 -0.0000  0.4082 -0.0000
    2   3.4643 THz   0.5774  0.0000 -0.5774  0.0000 -0.5774  0.0000


 Q= -0.170361  0.170361  0.056787, q=  0.000000  0.250000 -0.500000

                       Al X   0        Al Y   0        Al Z   0     
                    --------------- --------------- ---------------
    0   2.3526 THz   0.7071  0.0000  0.7071  0.0000 -0.0000 -0.0000
    1   3.6478 THz   0.6264  0.0000 -0.6264 -0.0000  0.4640 -0.0000
    2   4.7137 THz   0.3281  0.0000 -0.3281 -0.0000 -0.8859  0.0000


 Q= -0.113574  0.113574  0.000000, q=  0.000000  0.250000 -0.250000

                       Al X   0        Al Y   0        Al Z   0     
                    --------------- --------------- ---------------
    0   2.2681 THz   0.0000  0.0000  0.0000  0.0000 -0.0233  0.9997
    1   2.4024 THz  -0.7071  0.0000 -0.7071 -0.0000  0.0000  0.0000
    2   4.2267 THz   0.7071  0.0000 -0.7071 -0.0000  0.0000  0.0000


 Q= -0.056787  0.056787 -0.056787, q=  0.000000  0.250000  0.000000

                       Al X   0        Al Y   0        Al Z   0     
                    --------------- --------------- ---------------
    0   1.7359 THz   0.0000  0.0000 -0.7068 -0.0217 -0.7068 -0.0217
    1   1.7359 THz   0.8165  0.0000  0.4082  0.0000 -0.4082 -0.0000
    2   3.4643 THz   0.5774  0.0000 -0.5774 -0.0000  0.5774  0.0000


 Q=  0.000000  0.000000 -0.113574, q=  0.000000  0.250000  0.250000

                       Al X   0        Al Y   0        Al Z   0     
                    --------------- --------------- ---------------
    0   1.6153 THz   0.0000  0.0000 -0.6271  0.7790 -0.0000  0.0000
    1   1.6153 THz   1.0000  0.0000  0.0000  0.0000  0.0000  0.0000
    2   3.0623 THz   0.0000  0.0000  0.0000 -0.0000 -0.9116  0.4111


 Q= -0.056787 -0.056787  0.283934, q=  0.250000 -0.500000 -0.500000

                       Al X   0        Al Y   0        Al Z   0     
                    --------------- --------------- ---------------
    0   2.3526 THz   0.7071  0.0000 -0.7071  0.0000 -0.0000  0.0000
    1   3.6478 THz  -0.6264  0.0000 -0.6264  0.0000  0.4640 -0.0000
    2   4.7137 THz  -0.3281  0.0000 -0.3281  0.0000 -0.8859  0.0000


 Q=  0.000000 -0.113574  0.227147, q=  0.250000 -0.500000 -0.250000

                       Al X   0        Al Y   0        Al Z   0     
                    --------------- --------------- ---------------
    0   3.2309 THz   0.0000  0.0000 -0.8161 -0.5779 -0.0000 -0.0000
    1   3.9089 THz   0.0000  0.0000  0.0000  0.0000 -0.3059 -0.9521
    2   3.9089 THz   1.0000  0.0000  0.0000  0.0000  0.0000  0.0000


 Q=  0.056787 -0.170361  0.170361, q=  0.250000 -0.500000  0.000000

                       Al X   0        Al Y   0        Al Z   0     
                    --------------- --------------- ---------------
    0   2.3526 THz   0.0000  0.0000 -0.6928  0.1417 -0.6928  0.1417
    1   3.6478 THz  -0.4640  0.0000 -0.6264  0.0000  0.6264 -0.0000
    2   4.7137 THz   0.8859  0.0000 -0.3281  0.0000  0.3281 -0.0000


 Q=  0.113574 -0.227147  0.113574, q=  0.250000 -0.500000  0.250000

                       Al X   0        Al Y   0        Al Z   0     
                    --------------- --------------- ---------------
    0   2.2681 THz  -0.0000  0.0000 -0.9918 -0.1278  0.0000  0.0000
    1   2.4024 THz  -0.7071  0.0000  0.0000  0.0000  0.7071  0.0000
    2   4.2267 THz   0.7071  0.0000  0.0000 -0.0000  0.7071  0.0000


 Q= -0.113574  0.000000  0.227147, q=  0.250000 -0.250000 -0.500000

                       Al X   0        Al Y   0        Al Z   0     
                    --------------- --------------- ---------------
    0   3.2309 THz   1.0000  0.0000  0.0000  0.0000  0.0000  0.0000
    1   3.9089 THz   0.0000  0.0000 -0.0939  0.1754  0.9249 -0.3240
    2   3.9089 THz   0.0000  0.0000 -0.9739  0.1096 -0.1607 -0.1173


 Q= -0.056787 -0.056787  0.170361, q=  0.250000 -0.250000 -0.250000

                       Al X   0        Al Y   0        Al Z   0     
                    --------------- --------------- ---------------
    0   2.3526 THz   0.7071  0.0000 -0.7071 -0.0000 -0.0000  0.0000
    1   3.6478 THz   0.6264  0.0000  0.6264  0.0000  0.4640 -0.0000
    2   4.7137 THz  -0.3281  0.0000 -0.3281 -0.0000  0.8859  0.0000


 Q=  0.000000 -0.113574  0.113574, q=  0.250000 -0.250000  0.000000

                       Al X   0        Al Y   0        Al Z   0     
                    --------------- --------------- ---------------
    0   2.2681 THz   1.0000  0.0000  0.0000  0.0000  0.0000  0.0000
    1   2.4024 THz   0.0000  0.0000 -0.6899 -0.1548 -0.6899 -0.1548
    2   4.2267 THz   0.0000  0.0000  0.5933  0.3846 -0.5933 -0.3846


 Q=  0.056787 -0.170361  0.056787, q=  0.250000 -0.250000  0.250000

                       Al X   0        Al Y   0        Al Z   0     
                    --------------- --------------- ---------------
    0   2.3526 THz   0.7071  0.0000 -0.0000 -0.0000 -0.7071 -0.0000
    1   3.6478 THz   0.6264  0.0000  0.4640  0.0000  0.6264  0.0000
    2   4.7137 THz   0.3281  0.0000 -0.8859 -0.0000  0.3281  0.0000


 Q= -0.170361  0.056787  0.170361, q=  0.250000  0.000000 -0.500000

                       Al X   0        Al Y   0        Al Z   0     
                    --------------- --------------- ---------------
    0   2.3526 THz   0.7071  0.0000 -0.0000  0.0000  0.7071 -0.0000
    1   3.6478 THz  -0.6264  0.0000 -0.4640  0.0000  0.6264 -0.0000
    2   4.7137 THz   0.3281  0.0000 -0.8859  0.0000 -0.3281  0.0000


 Q= -0.113574  0.000000  0.113574, q=  0.250000  0.000000 -0.250000

                       Al X   0        Al Y   0        Al Z   0     
                    --------------- --------------- ---------------
    0   2.2681 THz   0.0000  0.0000  0.9965 -0.0835  0.0000 -0.0000
    1   2.4024 THz  -0.7071  0.0000  0.0000  0.0000 -0.7071  0.0000
    2   4.2267 THz   0.7071  0.0000  0.0000  0.0000 -0.7071  0.0000


 Q= -0.056787 -0.056787  0.056787, q=  0.250000  0.000000  0.000000

                       Al X   0        Al Y   0        Al Z   0     
                    --------------- --------------- ---------------
    0   1.7359 THz   0.0000  0.0000 -0.7058  0.0423 -0.7058  0.0423
    1   1.7359 THz   0.8165  0.0000 -0.4082  0.0000  0.4082 -0.0000
    2   3.4643 THz  -0.5774  0.0000 -0.5774  0.0000  0.5774 -0.0000


 Q=  0.000000 -0.113574  0.000000, q=  0.250000  0.000000  0.250000

                       Al X   0        Al Y   0        Al Z   0     
                    --------------- --------------- ---------------
    0   1.6153 THz   0.0000  0.0000  0.0000 -0.0000 -0.8005  0.5993
    1   1.6153 THz   1.0000  0.0000  0.0000  0.0000  0.0000  0.0000
    2   3.0623 THz   0.0000  0.0000 -0.0834  0.9965  0.0000  0.0000


 Q= -0.227147  0.113574  0.113574, q=  0.250000  0.250000 -0.500000

                       Al X   0        Al Y   0        Al Z   0     
                    --------------- --------------- ---------------
    0   2.2681 THz   1.0000  0.0000  0.0000  0.0000  0.0000  0.0000
    1   2.4024 THz   0.0000  0.0000  0.5043  0.4956 -0.5043 -0.4956
    2   4.2267 THz   0.0000  0.0000 -0.7069  0.0185 -0.7069  0.0185


 Q= -0.170361  0.056787  0.056787, q=  0.250000  0.250000 -0.250000

                       Al X   0        Al Y   0        Al Z   0     
                    --------------- --------------- ---------------
    0   2.3526 THz   0.0000  0.0000  0.7012  0.0915 -0.7012 -0.0915
    1   3.6478 THz  -0.4640  0.0000 -0.6264 -0.0000 -0.6264 -0.0000
    2   4.7137 THz   0.8859  0.0000 -0.3281 -0.0000 -0.3281 -0.0000


 Q= -0.113574  0.000000  0.000000, q=  0.250000  0.250000  0.000000

                       Al X   0        Al Y   0        Al Z   0     
                    --------------- --------------- ---------------
    0   1.6153 THz   0.0000  0.0000 -0.9359 -0.3201 -0.1422 -0.0372
    1   1.6153 THz   0.0000  0.0000 -0.0457  0.1397  0.2379 -0.9601
    2   3.0623 THz   1.0000  0.0000  0.0000  0.0000  0.0000  0.0000


 Q= -0.056787 -0.056787 -0.056787, q=  0.250000  0.250000  0.250000

                       Al X   0        Al Y   0        Al Z   0     
                    --------------- --------------- ---------------
    0   1.7359 THz   0.0000  0.0000  0.6625 -0.2471 -0.6625  0.2471
    1   1.7359 THz   0.8165  0.0000 -0.4082 -0.0000 -0.4082  0.0000
    2   3.4643 THz  -0.5774  0.0000 -0.5774 -0.0000 -0.5774  0.0000
