
Used Primitive lattice vector

    0.000000000000      1.788937500000      1.788937500000  
    1.788937500000      0.000000000000      1.788937500000  
    1.788937500000      1.788937500000      0.000000000000  

   1 Atom(s) in the Primitive cell

 0.0000000000 0.0000000000 0.0000000000 Ni    0


 Q= -0.139748 -0.139748 -0.139748, q= -0.500000 -0.500000 -0.500000

                       Ni X   0        Ni Y   0        Ni Z   0     
                    --------------- --------------- ---------------
    0   4.5901 THz   0.8165  0.0000 -0.4082 -0.0000 -0.4082  0.0000
    1   4.5901 THz   0.0000  0.0000  0.7071  0.0000 -0.7071 -0.0000
    2   7.8466 THz  -0.5774  0.0000 -0.5774 -0.0000 -0.5774  0.0000


 Q= -0.069874 -0.069874 -0.209622, q= -0.500000 -0.500000 -0.250000

                       Ni X   0        Ni Y   0        Ni Z   0     
                    --------------- --------------- ---------------
    0   5.3543 THz   0.7071  0.0000 -0.7071  0.0000  0.0000 -0.0000
    1   5.6868 THz   0.5787  0.0000  0.5787 -0.0000 -0.5746  0.0000
    2   7.3088 THz   0.4063  0.0000  0.4063 -0.0000  0.8184 -0.0000


 Q=  0.000000  0.000000 -0.279496, q= -0.500000 -0.500000  0.000000

                       Ni X   0        Ni Y   0        Ni Z   0     
                    --------------- --------------- ---------------
    0   5.9769 THz   0.0000  0.0000 -1.0000  0.0000  0.0000  0.0000
    1   5.9769 THz   1.0000  0.0000  0.0000  0.0000  0.0000  0.0000
    2   7.6483 THz   0.0000  0.0000 -0.0000  0.0000 -1.0000 -0.0000


 Q=  0.069874  0.069874 -0.349369, q= -0.500000 -0.500000  0.250000

                       Ni X   0        Ni Y   0        Ni Z   0     
                    --------------- --------------- ---------------
    0   5.3543 THz   0.7071  0.0000 -0.7071 -0.0000  0.0000  0.0000
    1   5.6868 THz   0.5787  0.0000  0.5787  0.0000 -0.5746 -0.0000
    2   7.3088 THz   0.4063  0.0000  0.4063  0.0000  0.8184 -0.0000


 Q= -0.069874 -0.209622 -0.069874, q= -0.500000 -0.250000 -0.500000

                       Ni X   0        Ni Y   0        Ni Z   0     
                    --------------- --------------- ---------------
    0   5.3543 THz  -0.7071  0.0000  0.0000 -0.0000  0.7071  0.0000
    1   5.6868 THz   0.5787  0.0000 -0.5746 -0.0000  0.5787  0.0000
    2   7.3088 THz   0.4063  0.0000  0.8184 -0.0000  0.4063  0.0000


 Q=  0.000000 -0.139748 -0.139748, q= -0.500000 -0.250000 -0.250000

                       Ni X   0        Ni Y   0        Ni Z   0     
                    --------------- --------------- ---------------
    0   4.5323 THz   0.0000  0.0000  0.2536 -0.6601 -0.2536  0.6601
    1   5.6655 THz   1.0000  0.0000  0.0000  0.0000  0.0000  0.0000
    2   7.0799 THz   0.0000  0.0000 -0.6704 -0.2249 -0.6704 -0.2249


 Q=  0.069874 -0.069874 -0.209622, q= -0.500000 -0.250000  0.000000

                       Ni X   0        Ni Y   0        Ni Z   0     
                    --------------- --------------- ---------------
    0   5.3543 THz  -0.7071  0.0000 -0.7071  0.0000 -0.0000 -0.0000
    1   5.6868 THz   0.5787  0.0000 -0.5787  0.0000  0.5746 -0.0000
    2   7.3088 THz  -0.4063  0.0000  0.4063  0.0000  0.8184 -0.0000


 Q=  0.139748  0.000000 -0.279496, q= -0.500000 -0.250000  0.250000

                       Ni X   0        Ni Y   0        Ni Z   0     
                    --------------- --------------- ---------------
    0   5.8743 THz   1.0000  0.0000  0.0000  0.0000  0.0000  0.0000
    1   6.7148 THz   0.0000  0.0000  0.4152  0.1097 -0.8628  0.2668
    2   6.7148 THz   0.0000  0.0000 -0.8180 -0.3827 -0.4263  0.0517


 Q=  0.000000 -0.279496  0.000000, q= -0.500000  0.000000 -0.500000

                       Ni X   0        Ni Y   0        Ni Z   0     
                    --------------- --------------- ---------------
    0   5.9769 THz   1.0000  0.0000  0.0000  0.0000  0.0000  0.0000
    1   5.9769 THz   0.0000  0.0000  0.0000 -0.0000 -1.0000 -0.0000
    2   7.6483 THz   0.0000  0.0000  1.0000  0.0000  0.0000  0.0000


 Q=  0.069874 -0.209622 -0.069874, q= -0.500000  0.000000 -0.250000

                       Ni X   0        Ni Y   0        Ni Z   0     
                    --------------- --------------- ---------------
    0   5.3543 THz   0.7071  0.0000  0.0000 -0.0000  0.7071  0.0000
    1   5.6868 THz   0.5787  0.0000  0.5746 -0.0000 -0.5787 -0.0000
    2   7.3088 THz  -0.4063  0.0000  0.8184 -0.0000  0.4063 -0.0000


 Q=  0.139748 -0.139748 -0.139748, q= -0.500000  0.000000  0.000000

                       Ni X   0        Ni Y   0        Ni Z   0     
                    --------------- --------------- ---------------
    0   4.5901 THz   0.8165  0.0000  0.4082  0.0000  0.4082 -0.0000
    1   4.5901 THz   0.0000  0.0000  0.7071 -0.0000 -0.7071  0.0000
    2   7.8466 THz   0.5774  0.0000 -0.5774 -0.0000 -0.5774  0.0000


 Q=  0.209622 -0.069874 -0.209622, q= -0.500000  0.000000  0.250000

                       Ni X   0        Ni Y   0        Ni Z   0     
                    --------------- --------------- ---------------
    0   5.3543 THz   0.7071  0.0000  0.0000  0.0000  0.7071 -0.0000
    1   5.6868 THz   0.5787  0.0000  0.5746 -0.0000 -0.5787  0.0000
    2   7.3088 THz  -0.4063  0.0000  0.8184 -0.0000  0.4063 -0.0000


 Q=  0.069874 -0.349369  0.069874, q= -0.500000  0.250000 -0.500000

                       Ni X   0        Ni Y   0        Ni Z   0     
                    --------------- --------------- ---------------
    0   5.3543 THz  -0.7071  0.0000  0.0000  0.0000  0.7071 -0.0000
    1   5.6868 THz   0.5787  0.0000 -0.5746  0.0000  0.5787 -0.0000
    2   7.3088 THz   0.4063  0.0000  0.8184 -0.0000  0.4063  0.0000


 Q=  0.139748 -0.279496  0.000000, q= -0.500000  0.250000 -0.250000

                       Ni X   0        Ni Y   0        Ni Z   0     
                    --------------- --------------- ---------------
    0   5.8743 THz   1.0000  0.0000  0.0000  0.0000  0.0000  0.0000
    1   6.7148 THz   0.0000  0.0000 -0.9241  0.2042 -0.2391 -0.2172
    2   6.7148 THz   0.0000  0.0000  0.3195 -0.0479 -0.6551 -0.6830


 Q=  0.209622 -0.209622 -0.069874, q= -0.500000  0.250000  0.000000

                       Ni X   0        Ni Y   0        Ni Z   0     
                    --------------- --------------- ---------------
    0   5.3543 THz  -0.7071  0.0000 -0.7071  0.0000 -0.0000 -0.0000
    1   5.6868 THz   0.5787  0.0000 -0.5787  0.0000  0.5746 -0.0000
    2   7.3088 THz  -0.4063  0.0000  0.4063 -0.0000  0.8184 -0.0000


 Q=  0.279496 -0.139748 -0.139748, q= -0.500000  0.250000  0.250000

                       Ni X   0        Ni Y   0        Ni Z   0     
                    --------------- --------------- ---------------
    0   4.5323 THz   0.0000  0.0000  0.5213 -0.4778 -0.5213  0.4778
    1   5.6655 THz   1.0000  0.0000  0.0000  0.0000  0.0000  0.0000
    2   7.0799 THz   0.0000  0.0000 -0.7053 -0.0506 -0.7053 -0.0506


 Q= -0.209622 -0.069874 -0.069874, q= -0.250000 -0.500000 -0.500000

                       Ni X   0        Ni Y   0        Ni Z   0     
                    --------------- --------------- ---------------
    0   5.3543 THz   0.0000  0.0000  0.7070 -0.0125 -0.7070  0.0125
    1   5.6868 THz   0.5746  0.0000 -0.5787  0.0000 -0.5787 -0.0000
    2   7.3088 THz   0.8184  0.0000  0.4063 -0.0000  0.4063  0.0000


 Q= -0.139748  0.000000 -0.139748, q= -0.250000 -0.500000 -0.250000

                       Ni X   0        Ni Y   0        Ni Z   0     
                    --------------- --------------- ---------------
    0   4.5323 THz   0.7071  0.0000  0.0000  0.0000 -0.7071 -0.0000
    1   5.6655 THz   0.0000  0.0000 -0.8544  0.5197  0.0000  0.0000
    2   7.0799 THz   0.7071  0.0000  0.0000 -0.0000  0.7071  0.0000


 Q= -0.069874  0.069874 -0.209622, q= -0.250000 -0.500000  0.000000

                       Ni X   0        Ni Y   0        Ni Z   0     
                    --------------- --------------- ---------------
    0   5.3543 THz   0.7071  0.0000  0.7071  0.0000  0.0000  0.0000
    1   5.6868 THz   0.5787  0.0000 -0.5787 -0.0000 -0.5746  0.0000
    2   7.3088 THz  -0.4063  0.0000  0.4063 -0.0000 -0.8184  0.0000


 Q=  0.000000  0.139748 -0.279496, q= -0.250000 -0.500000  0.250000

                       Ni X   0        Ni Y   0        Ni Z   0     
                    --------------- --------------- ---------------
    0   5.8743 THz   0.0000  0.0000 -0.8779 -0.4789 -0.0000 -0.0000
    1   6.7148 THz   0.0000  0.0000  0.0000 -0.0000 -1.0000 -0.0042
    2   6.7148 THz   1.0000  0.0000  0.0000  0.0000  0.0000  0.0000


 Q= -0.139748 -0.139748  0.000000, q= -0.250000 -0.250000 -0.500000

                       Ni X   0        Ni Y   0        Ni Z   0     
                    --------------- --------------- ---------------
    0   4.5323 THz   0.7071  0.0000 -0.7071  0.0000  0.0000  0.0000
    1   5.6655 THz   0.0000  0.0000 -0.0000  0.0000 -0.7474 -0.6644
    2   7.0799 THz  -0.7071  0.0000 -0.7071  0.0000  0.0000  0.0000


 Q= -0.069874 -0.069874 -0.069874, q= -0.250000 -0.250000 -0.250000

                       Ni X   0        Ni Y   0        Ni Z   0     
                    --------------- --------------- ---------------
    0   3.4565 THz   0.0000  0.0000 -0.0000 -0.7071 -0.0000  0.7071
    1   3.4565 THz   0.8165  0.0000 -0.4082  0.0000 -0.4082 -0.0000
    2   6.2177 THz  -0.5774  0.0000 -0.5774  0.0000 -0.5774 -0.0000


 Q=  0.000000  0.000000 -0.139748, q= -0.250000 -0.250000  0.000000

                       Ni X   0        Ni Y   0        Ni Z   0     
                    --------------- --------------- ---------------
    0   4.5599 THz   0.0000  0.0000  1.0000 -0.0023  0.0000  0.0000
    1   4.5599 THz   1.0000  0.0000  0.0000  0.0000  0.0000  0.0000
    2   6.2500 THz   0.0000  0.0000  0.0000 -0.0000 -0.4179  0.9085


 Q=  0.069874  0.069874 -0.209622, q= -0.250000 -0.250000  0.250000

                       Ni X   0        Ni Y   0        Ni Z   0     
                    --------------- --------------- ---------------
    0   5.3543 THz  -0.7071  0.0000  0.7071 -0.0000 -0.0000 -0.0000
    1   5.6868 THz   0.5787  0.0000  0.5787 -0.0000  0.5746 -0.0000
    2   7.3088 THz   0.4063  0.0000  0.4063  0.0000 -0.8184  0.0000


 Q= -0.069874 -0.209622  0.069874, q= -0.250000  0.000000 -0.500000

                       Ni X   0        Ni Y   0        Ni Z   0     
                    --------------- --------------- ---------------
    0   5.3543 THz   0.7071  0.0000 -0.0000  0.0000  0.7071  0.0000
    1   5.6868 THz   0.5787  0.0000 -0.5746 -0.0000 -0.5787 -0.0000
    2   7.3088 THz   0.4063  0.0000  0.8184  0.0000 -0.4063  0.0000


 Q=  0.000000 -0.139748  0.000000, q= -0.250000  0.000000 -0.250000

                       Ni X   0        Ni Y   0        Ni Z   0     
                    --------------- --------------- ---------------
    0   4.5599 THz   1.0000  0.0000  0.0000  0.0000  0.0000  0.0000
    1   4.5599 THz   0.0000  0.0000  0.0000 -0.0000 -1.0000 -0.0024
    2   6.2500 THz   0.0000  0.0000 -0.9995 -0.0307 -0.0000 -0.0000


 Q=  0.069874 -0.069874 -0.069874, q= -0.250000  0.000000  0.000000

                       Ni X   0        Ni Y   0        Ni Z   0     
                    --------------- --------------- ---------------
    0   3.4565 THz   0.8165  0.0000  0.4082  0.0000  0.4082  0.0000
    1   3.4565 THz   0.0000  0.0000  0.6747 -0.2117 -0.6747  0.2117
    2   6.2177 THz   0.5774  0.0000 -0.5774 -0.0000 -0.5774 -0.0000


 Q=  0.139748  0.000000 -0.139748, q= -0.250000  0.000000  0.250000

                       Ni X   0        Ni Y   0        Ni Z   0     
                    --------------- --------------- ---------------
    0   4.5323 THz   0.7071  0.0000 -0.0000  0.0000  0.7071 -0.0000
    1   5.6655 THz   0.0000  0.0000  0.9991 -0.0429  0.0000 -0.0000
    2   7.0799 THz  -0.7071 -0.0000  0.0000 -0.0000  0.7071 -0.0000


 Q=  0.000000 -0.279496  0.139748, q= -0.250000  0.250000 -0.500000

                       Ni X   0        Ni Y   0        Ni Z   0     
                    --------------- --------------- ---------------
    0   5.8743 THz   0.0000  0.0000  0.0000  0.0000 -0.6950  0.7190
    1   6.7148 THz   1.0000  0.0000  0.0000  0.0000  0.0000  0.0000
    2   6.7148 THz   0.0000  0.0000 -1.0000  0.0014 -0.0000  0.0000


 Q=  0.069874 -0.209622  0.069874, q= -0.250000  0.250000 -0.250000

                       Ni X   0        Ni Y   0        Ni Z   0     
                    --------------- --------------- ---------------
    0   5.3543 THz  -0.7071  0.0000 -0.0000 -0.0000  0.7071 -0.0000
    1   5.6868 THz   0.5787  0.0000  0.5746 -0.0000  0.5787 -0.0000
    2   7.3088 THz  -0.4063  0.0000  0.8184 -0.0000 -0.4063 -0.0000


 Q=  0.139748 -0.139748  0.000000, q= -0.250000  0.250000  0.000000

                       Ni X   0        Ni Y   0        Ni Z   0     
                    --------------- --------------- ---------------
    0   4.5323 THz   0.7071  0.0000  0.7071  0.0000  0.0000  0.0000
    1   5.6655 THz   0.0000  0.0000  0.0000 -0.0000 -0.9777  0.2101
    2   7.0799 THz   0.7071  0.0000 -0.7071 -0.0000 -0.0000 -0.0000


 Q=  0.209622 -0.069874 -0.069874, q= -0.250000  0.250000  0.250000

                       Ni X   0        Ni Y   0        Ni Z   0     
                    --------------- --------------- ---------------
    0   5.3543 THz   0.0000  0.0000  0.7066  0.0268 -0.7066 -0.0268
    1   5.6868 THz  -0.5746  0.0000 -0.5787  0.0000 -0.5787 -0.0000
    2   7.3088 THz   0.8184  0.0000 -0.4063  0.0000 -0.4063 -0.0000


 Q= -0.279496  0.000000  0.000000, q=  0.000000 -0.500000 -0.500000

                       Ni X   0        Ni Y   0        Ni Z   0     
                    --------------- --------------- ---------------
    0   5.9769 THz   0.0000  0.0000 -0.6698  0.0000 -0.7426  0.0000
    1   5.9769 THz   0.0000  0.0000  0.7426  0.0000 -0.6698 -0.0000
    2   7.6483 THz   1.0000  0.0000  0.0000  0.0000  0.0000  0.0000


 Q= -0.209622  0.069874 -0.069874, q=  0.000000 -0.500000 -0.250000

                       Ni X   0        Ni Y   0        Ni Z   0     
                    --------------- --------------- ---------------
    0   5.3543 THz   0.0000  0.0000 -0.7070 -0.0097 -0.7070 -0.0097
    1   5.6868 THz  -0.5746  0.0000 -0.5787  0.0000  0.5787  0.0000
    2   7.3088 THz   0.8184  0.0000 -0.4063  0.0000  0.4063  0.0000


 Q= -0.139748  0.139748 -0.139748, q=  0.000000 -0.500000  0.000000

                       Ni X   0        Ni Y   0        Ni Z   0     
                    --------------- --------------- ---------------
    0   4.5901 THz   0.8165  0.0000  0.4082  0.0000 -0.4082 -0.0000
    1   4.5901 THz   0.0000  0.0000 -0.0000 -0.7071 -0.0000 -0.7071
    2   7.8466 THz   0.5774  0.0000 -0.5774 -0.0000  0.5774  0.0000


 Q= -0.069874  0.209622 -0.209622, q=  0.000000 -0.500000  0.250000

                       Ni X   0        Ni Y   0        Ni Z   0     
                    --------------- --------------- ---------------
    0   5.3543 THz   0.0000  0.0000 -0.7069 -0.0159 -0.7069 -0.0159
    1   5.6868 THz  -0.5746  0.0000 -0.5787  0.0000  0.5787  0.0000
    2   7.3088 THz   0.8184  0.0000 -0.4063  0.0000  0.4063  0.0000


 Q= -0.209622 -0.069874  0.069874, q=  0.000000 -0.250000 -0.500000

                       Ni X   0        Ni Y   0        Ni Z   0     
                    --------------- --------------- ---------------
    0   5.3543 THz  -0.0000  0.0000 -0.7069  0.0154 -0.7069  0.0154
    1   5.6868 THz   0.5746  0.0000 -0.5787  0.0000  0.5787  0.0000
    2   7.3088 THz   0.8184  0.0000  0.4063  0.0000 -0.4063  0.0000


 Q= -0.139748  0.000000  0.000000, q=  0.000000 -0.250000 -0.250000

                       Ni X   0        Ni Y   0        Ni Z   0     
                    --------------- --------------- ---------------
    0   4.5599 THz   0.0000  0.0000 -0.5982 -0.6301 -0.4176 -0.2660
    1   4.5599 THz   0.0000  0.0000  0.3639  0.3358 -0.7620 -0.4173
    2   6.2500 THz   1.0000  0.0000  0.0000  0.0000  0.0000  0.0000


 Q= -0.069874  0.069874 -0.069874, q=  0.000000 -0.250000  0.000000

                       Ni X   0        Ni Y   0        Ni Z   0     
                    --------------- --------------- ---------------
    0   3.4565 THz   0.8165  0.0000  0.4082 -0.0000 -0.4082 -0.0000
    1   3.4565 THz   0.0000  0.0000 -0.0000 -0.7071  0.0000 -0.7071
    2   6.2177 THz   0.5774  0.0000 -0.5774  0.0000  0.5774  0.0000


 Q=  0.000000  0.139748 -0.139748, q=  0.000000 -0.250000  0.250000

                       Ni X   0        Ni Y   0        Ni Z   0     
                    --------------- --------------- ---------------
    0   4.5323 THz   0.0000  0.0000 -0.6119 -0.3544 -0.6119 -0.3544
    1   5.6655 THz   1.0000  0.0000  0.0000  0.0000  0.0000  0.0000
    2   7.0799 THz   0.0000  0.0000  0.6268 -0.3272 -0.6268  0.3272


 Q= -0.139748 -0.139748  0.139748, q=  0.000000  0.000000 -0.500000

                       Ni X   0        Ni Y   0        Ni Z   0     
                    --------------- --------------- ---------------
    0   4.5901 THz   0.8165  0.0000 -0.4082 -0.0000  0.4082  0.0000
    1   4.5901 THz   0.0000  0.0000 -0.7071  0.0000 -0.7071  0.0000
    2   7.8466 THz  -0.5774  0.0000 -0.5774 -0.0000  0.5774  0.0000


 Q= -0.069874 -0.069874  0.069874, q=  0.000000  0.000000 -0.250000

                       Ni X   0        Ni Y   0        Ni Z   0     
                    --------------- --------------- ---------------
    0   3.4565 THz   0.8165  0.0000 -0.4082 -0.0000  0.4082 -0.0000
    1   3.4565 THz   0.0000  0.0000 -0.7070  0.0139 -0.7070  0.0139
    2   6.2177 THz  -0.5774  0.0000 -0.5774 -0.0000  0.5774 -0.0000


 Q=  0.000000  0.000000  0.000000, q=  0.000000  0.000000  0.000000

                       Ni X   0        Ni Y   0        Ni Z   0     
                    --------------- --------------- ---------------
    0  -0.0000 THz   0.9468  0.0000 -0.2723  0.0000 -0.1715  0.0000
    1  -0.0000 THz  -0.3200  0.0000 -0.8531  0.0000 -0.4121  0.0000
    2  -0.0000 THz  -0.0341  0.0000  0.4451  0.0000 -0.8948  0.0000


 Q=  0.069874  0.069874 -0.069874, q=  0.000000  0.000000  0.250000

                       Ni X   0        Ni Y   0        Ni Z   0     
                    --------------- --------------- ---------------
    0   3.4565 THz   0.8165  0.0000 -0.4082  0.0000  0.4082  0.0000
    1   3.4565 THz   0.0000  0.0000 -0.7070 -0.0139 -0.7070 -0.0139
    2   6.2177 THz  -0.5774  0.0000 -0.5774  0.0000  0.5774  0.0000


 Q= -0.069874 -0.209622  0.209622, q=  0.000000  0.250000 -0.500000

                       Ni X   0        Ni Y   0        Ni Z   0     
                    --------------- --------------- ---------------
    0   5.3543 THz   0.0000  0.0000 -0.7069 -0.0183 -0.7069 -0.0183
    1   5.6868 THz   0.5746  0.0000 -0.5787  0.0000  0.5787  0.0000
    2   7.3088 THz   0.8184  0.0000  0.4063 -0.0000 -0.4063 -0.0000


 Q=  0.000000 -0.139748  0.139748, q=  0.000000  0.250000 -0.250000

                       Ni X   0        Ni Y   0        Ni Z   0     
                    --------------- --------------- ---------------
    0   4.5323 THz   0.0000  0.0000 -0.6119  0.3544 -0.6119  0.3544
    1   5.6655 THz   1.0000  0.0000  0.0000  0.0000  0.0000  0.0000
    2   7.0799 THz   0.0000  0.0000  0.6268  0.3272 -0.6268 -0.3272


 Q=  0.069874 -0.069874  0.069874, q=  0.000000  0.250000  0.000000

                       Ni X   0        Ni Y   0        Ni Z   0     
                    --------------- --------------- ---------------
    0   3.4565 THz   0.8165  0.0000  0.4082  0.0000 -0.4082  0.0000
    1   3.4565 THz   0.0000  0.0000 -0.0000  0.7071  0.0000  0.7071
    2   6.2177 THz   0.5774  0.0000 -0.5774 -0.0000  0.5774 -0.0000


 Q=  0.139748  0.000000  0.000000, q=  0.000000  0.250000  0.250000

                       Ni X   0        Ni Y   0        Ni Z   0     
                    --------------- --------------- ---------------
    0   4.5599 THz   0.0000  0.0000 -0.5982  0.6301 -0.4176  0.2660
    1   4.5599 THz   0.0000  0.0000  0.3639 -0.3358 -0.7620  0.4173
    2   6.2500 THz   1.0000  0.0000  0.0000  0.0000  0.0000  0.0000


 Q= -0.349369  0.069874  0.069874, q=  0.250000 -0.500000 -0.500000

                       Ni X   0        Ni Y   0        Ni Z   0     
                    --------------- --------------- ---------------
    0   5.3543 THz   0.0000  0.0000  0.6892 -0.1579 -0.6892  0.1579
    1   5.6868 THz   0.5746  0.0000 -0.5787 -0.0000 -0.5787  0.0000
    2   7.3088 THz   0.8184  0.0000  0.4063  0.0000  0.4063 -0.0000


 Q= -0.279496  0.139748  0.000000, q=  0.250000 -0.500000 -0.250000

                       Ni X   0        Ni Y   0        Ni Z   0     
                    --------------- --------------- ---------------
    0   5.8743 THz   0.0000  0.0000 -0.9854  0.1702  0.0000 -0.0000
    1   6.7148 THz   1.0000  0.0000  0.0000  0.0000  0.0000  0.0000
    2   6.7148 THz   0.0000  0.0000 -0.0000 -0.0000 -1.0000  0.0034


 Q= -0.209622  0.209622 -0.069874, q=  0.250000 -0.500000  0.000000

                       Ni X   0        Ni Y   0        Ni Z   0     
                    --------------- --------------- ---------------
    0   5.3543 THz   0.7071  0.0000  0.7071 -0.0000 -0.0000 -0.0000
    1   5.6868 THz   0.5787  0.0000 -0.5787  0.0000 -0.5746 -0.0000
    2   7.3088 THz  -0.4063  0.0000  0.4063  0.0000 -0.8184 -0.0000


 Q= -0.139748  0.279496 -0.139748, q=  0.250000 -0.500000  0.250000

                       Ni X   0        Ni Y   0        Ni Z   0     
                    --------------- --------------- ---------------
    0   4.5323 THz   0.7071  0.0000  0.0000 -0.0000 -0.7071  0.0000
    1   5.6655 THz   0.0000  0.0000 -0.8739  0.4861 -0.0000  0.0000
    2   7.0799 THz   0.7071  0.0000 -0.0000  0.0000  0.7071 -0.0000


 Q= -0.279496  0.000000  0.139748, q=  0.250000 -0.250000 -0.500000

                       Ni X   0        Ni Y   0        Ni Z   0     
                    --------------- --------------- ---------------
    0   5.8743 THz   0.0000  0.0000  0.0000 -0.0000 -0.9346 -0.3557
    1   6.7148 THz   1.0000  0.0000  0.0000  0.0000  0.0000  0.0000
    2   6.7148 THz   0.0000  0.0000  1.0000  0.0013  0.0000  0.0000


 Q= -0.209622  0.069874  0.069874, q=  0.250000 -0.250000 -0.250000

                       Ni X   0        Ni Y   0        Ni Z   0     
                    --------------- --------------- ---------------
    0   5.3543 THz   0.0000  0.0000  0.7066 -0.0268 -0.7066  0.0268
    1   5.6868 THz  -0.5746  0.0000 -0.5787 -0.0000 -0.5787  0.0000
    2   7.3088 THz   0.8184  0.0000 -0.4063 -0.0000 -0.4063  0.0000


 Q= -0.139748  0.139748  0.000000, q=  0.250000 -0.250000  0.000000

                       Ni X   0        Ni Y   0        Ni Z   0     
                    --------------- --------------- ---------------
    0   4.5323 THz   0.7071  0.0000  0.7071 -0.0000  0.0000 -0.0000
    1   5.6655 THz   0.0000  0.0000  0.0000  0.0000 -0.9777 -0.2101
    2   7.0799 THz   0.7071  0.0000 -0.7071  0.0000 -0.0000  0.0000


 Q= -0.069874  0.209622 -0.069874, q=  0.250000 -0.250000  0.250000

                       Ni X   0        Ni Y   0        Ni Z   0     
                    --------------- --------------- ---------------
    0   5.3543 THz  -0.7071  0.0000 -0.0000  0.0000  0.7071  0.0000
    1   5.6868 THz   0.5787  0.0000  0.5746  0.0000  0.5787  0.0000
    2   7.3088 THz  -0.4063  0.0000  0.8184  0.0000 -0.4063  0.0000


 Q= -0.209622 -0.069874  0.209622, q=  0.250000  0.000000 -0.500000

                       Ni X   0        Ni Y   0        Ni Z   0     
                    --------------- --------------- ---------------
    0   5.3543 THz   0.7071  0.0000 -0.0000 -0.0000  0.7071 -0.0000
    1   5.6868 THz   0.5787  0.0000 -0.5746  0.0000 -0.5787  0.0000
    2   7.3088 THz   0.4063  0.0000  0.8184 -0.0000 -0.4063 -0.0000


 Q= -0.139748  0.000000  0.139748, q=  0.250000  0.000000 -0.250000

                       Ni X   0        Ni Y   0        Ni Z   0     
                    --------------- --------------- ---------------
    0   4.5323 THz   0.7071  0.0000 -0.0000 -0.0000  0.7071  0.0000
    1   5.6655 THz   0.0000  0.0000  0.9991  0.0429  0.0000  0.0000
    2   7.0799 THz  -0.7071 -0.0000  0.0000  0.0000  0.7071  0.0000


 Q= -0.069874  0.069874  0.069874, q=  0.250000  0.000000  0.000000

                       Ni X   0        Ni Y   0        Ni Z   0     
                    --------------- --------------- ---------------
    0   3.4565 THz   0.8165  0.0000  0.4082 -0.0000  0.4082 -0.0000
    1   3.4565 THz   0.0000  0.0000  0.6747  0.2117 -0.6747 -0.2117
    2   6.2177 THz   0.5774  0.0000 -0.5774  0.0000 -0.5774  0.0000


 Q=  0.000000  0.139748  0.000000, q=  0.250000  0.000000  0.250000

                       Ni X   0        Ni Y   0        Ni Z   0     
                    --------------- --------------- ---------------
    0   4.5599 THz   1.0000  0.0000  0.0000  0.0000  0.0000  0.0000
    1   4.5599 THz   0.0000  0.0000  0.0000  0.0000 -1.0000  0.0024
    2   6.2500 THz   0.0000  0.0000 -0.9995  0.0307 -0.0000  0.0000


 Q= -0.139748 -0.139748  0.279496, q=  0.250000  0.250000 -0.500000

                       Ni X   0        Ni Y   0        Ni Z   0     
                    --------------- --------------- ---------------
    0   4.5323 THz   0.7071  0.0000 -0.7071  0.0000  0.0000 -0.0000
    1   5.6655 THz   0.0000  0.0000 -0.0000 -0.0000 -0.4736 -0.8808
    2   7.0799 THz  -0.7071  0.0000 -0.7071  0.0000  0.0000 -0.0000


 Q= -0.069874 -0.069874  0.209622, q=  0.250000  0.250000 -0.250000

                       Ni X   0        Ni Y   0        Ni Z   0     
                    --------------- --------------- ---------------
    0   5.3543 THz  -0.7071  0.0000  0.7071  0.0000 -0.0000  0.0000
    1   5.6868 THz   0.5787  0.0000  0.5787  0.0000  0.5746  0.0000
    2   7.3088 THz   0.4063  0.0000  0.4063 -0.0000 -0.8184 -0.0000


 Q=  0.000000  0.000000  0.139748, q=  0.250000  0.250000  0.000000

                       Ni X   0        Ni Y   0        Ni Z   0     
                    --------------- --------------- ---------------
    0   4.5599 THz   0.0000  0.0000  1.0000  0.0023  0.0000  0.0000
    1   4.5599 THz   1.0000  0.0000  0.0000  0.0000  0.0000  0.0000
    2   6.2500 THz   0.0000  0.0000  0.0000  0.0000 -0.4179 -0.9085


 Q=  0.069874  0.069874  0.069874, q=  0.250000  0.250000  0.250000

                       Ni X   0        Ni Y   0        Ni Z   0     
                    --------------- --------------- ---------------
    0   3.4565 THz   0.0000  0.0000 -0.0000  0.7071 -0.0000 -0.7071
    1   3.4565 THz   0.8165  0.0000 -0.4082 -0.0000 -0.4082  0.0000
    2   6.2177 THz  -0.5774  0.0000 -0.5774 -0.0000 -0.5774  0.0000
