 4.978563048194234 0.000000 -0.8491862793204846
 0.000000 5.127253706722824 0.000000
 -0.00296364833862131 0.000000 5.216377847513763
 0.7223777169936358 0.4572227986830135 0.29215622729120483 Hf
 0.27762228300636416 0.9572227986830135 0.2078437727087952 Hf
 0.27762228300636416 0.5427772013169865 0.7078437727087952 Hf
 0.7223777169936358 0.04277720131698649 0.7921562272912048 Hf
 0.5528554061433567 0.7419129463037039 0.01899916699631155 O
 0.4471445938566433 0.24191294630370389 0.48100083300368845 O
 0.4471445938566433 0.25808705369629614 0.9810008330036885 O
 0.5528554061433567 0.7580870536962961 0.5189991669963115 O
 0.9289366565632408 0.3374005306353678 0.6593846766437005 O
 0.07106334343675925 0.8374005306353678 0.8406153233562995 O
 0.07106334343675925 0.6625994693646322 0.3406153233562995 O
 0.9289366565632408 0.16259946936463224 0.1593846766437005 O
 5.044828401062609 0.0 0.08103056938661012 
 0.0 5.023874504363961 0.0 
 0.08103050021691743 0.0 4.675923666251051 
 ion 1
 1 5.384955062598425 -0.3176194994858942 0.11738869600565702 
 2 -0.11009839046613502 5.3064907551095075 0.191275034279681 
 3 0.13155547436453635 0.41117022749502985 4.719089710584054 
 ion 2
 1 5.384944370901498 0.3177074243951136 0.11735869600565701 
 2 0.11009839046613502 5.3064907551095075 -0.191275034279681 
 3 0.13155685775839002 -0.4112309191919567 4.718965560402493 
 ion 3
 1 5.384944370901498 -0.3177074243951136 0.11735869600565701 
 2 -0.11012046555691554 5.306338680018727 0.1916529591889005 
 3 0.13155685775839002 0.4112309191919567 4.718965560402493 
 ion 4
 1 5.384955062598425 0.3176194994858942 0.11738869600565702 
 2 0.11012046555691554 5.306338680018727 -0.1916529591889005 
 3 0.13155547436453635 -0.41117022749502985 4.719089710584054 
 ion 5
 1 -2.392498654273374 0.17237301026966736 -0.02332739336633263 
 2 0.22753955314005175 -2.726805785324133 0.31533119370269774 
 3 -0.06931132553799389 0.3935474014964441 -2.5229348795457156 
 ion 6
 1 -2.392492112758008 -0.17239162687581366 -0.02331739336633263 
 2 -0.22753955314005175 -2.726805785324133 -0.31533119370269774 
 3 -0.06941994214414021 -0.393528093193371 -2.523063496151862 
 ion 7
 1 -2.392492112758008 0.17239162687581366 -0.02331739336633263 
 2 0.22803093653390544 -2.726825093627206 0.3152974189750393 
 3 -0.06941994214414021 0.393528093193371 -2.523063496151862 
 ion 8
 1 -2.392498654273374 -0.17237301026966736 -0.02332739336633263 
 2 -0.22803093653390544 -2.726825093627206 -0.3152974189750393 
 3 -0.06931132553799389 -0.3935474014964441 -2.5229348795457156 
 ion 9
 1 -2.994021566446563 -0.9202006499646436 -0.0940199192454707 
 2 -1.1592549455316867 -2.581560444149911 0.8582914197060626 
 3 -0.06215207373576194 0.8199913119878081 -2.1977624397045346 
 ion 10
 1 -2.9940294913557826 0.9203478831769363 -0.09402130263932439 
 2 1.1592549455316867 -2.581560444149911 -0.8582914197060626 
 3 -0.06206414882654246 -0.8204168455632228 -2.1977696729168272 
 ion 11
 1 -2.9940294913557826 -0.9203478831769363 -0.09402130263932439 
 2 -1.159478720259345 -2.581701827543765 0.8577107280091357 
 3 -0.06206414882654246 0.8204168455632228 -2.1977696729168272 
 ion 12
 1 -2.994021566446563 0.9202006499646436 -0.0940199192454707 
 2 1.159478720259345 -2.581701827543765 -0.8577107280091357 
 3 -0.06215207373576194 -0.8199913119878081 -2.1977624397045346 
