
Used Primitive lattice vector

   -2.219554000000     -2.219554000000      0.000000000000  
   -2.219554000000      0.000000000000     -2.219554000000  
    0.000000000000     -2.219554000000     -2.219554000000  

   1 Atom(s) in the Primitive cell

 0.0000000000 0.0000000000 0.0000000000 Al    0


 Q=  0.112635  0.112635  0.112635, q= -0.500000 -0.500000 -0.500000

                       Al X   0        Al Y   0        Al Z   0     
                    --------------- --------------- ---------------
    0   1.7537 THz   0.8165  0.0000 -0.4082 -0.0000 -0.4082  0.0000
    1   1.7537 THz   0.0000  0.0000 -0.0000  0.7071 -0.0000 -0.7071
    2   3.0290 THz  -0.5774  0.0000 -0.5774 -0.0000 -0.5774  0.0000


 Q=  0.168953  0.056318  0.056318, q= -0.500000 -0.500000 -0.250000

                       Al X   0        Al Y   0        Al Z   0     
                    --------------- --------------- ---------------
    0   2.0708 THz   0.0000  0.0000  0.2810 -0.6489 -0.2810  0.6489
    1   3.3996 THz   0.4535  0.0000 -0.6302 -0.0000 -0.6302  0.0000
    2   4.3660 THz   0.8912  0.0000  0.3207  0.0000  0.3207 -0.0000


 Q=  0.225270  0.000000  0.000000, q= -0.500000 -0.500000  0.000000

                       Al X   0        Al Y   0        Al Z   0     
                    --------------- --------------- ---------------
    0   1.9117 THz   0.0000  0.0000  0.0000 -0.6957 -0.1791  0.6957
    1   1.9117 THz   0.0000  0.0000  0.1623  0.6998 -0.0168  0.6955
    2   5.4116 THz   1.0000  0.0000  0.0000  0.0000  0.0000  0.0000


 Q=  0.281588 -0.056318 -0.056318, q= -0.500000 -0.500000  0.250000

                       Al X   0        Al Y   0        Al Z   0     
                    --------------- --------------- ---------------
    0   2.0708 THz   0.0000  0.0000  0.6052 -0.3657 -0.6052  0.3657
    1   3.3996 THz   0.4535  0.0000 -0.6302 -0.0000 -0.6302  0.0000
    2   4.3660 THz   0.8912  0.0000  0.3207  0.0000  0.3207 -0.0000


 Q=  0.056318  0.168953  0.056318, q= -0.500000 -0.250000 -0.500000

                       Al X   0        Al Y   0        Al Z   0     
                    --------------- --------------- ---------------
    0   2.0708 THz   0.7071  0.0000 -0.0000 -0.0000 -0.7071 -0.0000
    1   3.3996 THz   0.6302  0.0000 -0.4535 -0.0000  0.6302  0.0000
    2   4.3660 THz  -0.3207  0.0000 -0.8912 -0.0000 -0.3207 -0.0000


 Q=  0.112635  0.112635  0.000000, q= -0.500000 -0.250000 -0.250000

                       Al X   0        Al Y   0        Al Z   0     
                    --------------- --------------- ---------------
    0   1.9478 THz   0.0000  0.0000  0.0000 -0.0000 -0.9349  0.3550
    1   2.1894 THz   0.7071  0.0000 -0.7071 -0.0000 -0.0000 -0.0000
    2   3.8719 THz  -0.7071  0.0000 -0.7071 -0.0000 -0.0000 -0.0000


 Q=  0.168953  0.056318 -0.056318, q= -0.500000 -0.250000  0.000000

                       Al X   0        Al Y   0        Al Z   0     
                    --------------- --------------- ---------------
    0   2.0708 THz   0.0000  0.0000 -0.6881  0.1630 -0.6881  0.1630
    1   3.3996 THz   0.4535  0.0000 -0.6302 -0.0000  0.6302  0.0000
    2   4.3660 THz   0.8912  0.0000  0.3207  0.0000 -0.3207 -0.0000


 Q=  0.225270  0.000000 -0.112635, q= -0.500000 -0.250000  0.250000

                       Al X   0        Al Y   0        Al Z   0     
                    --------------- --------------- ---------------
    0   2.9753 THz   0.0000  0.0000 -0.0000  0.0000  0.8379 -0.5458
    1   3.5515 THz   0.0000  0.0000 -0.9463  0.3233 -0.0000  0.0000
    2   3.5515 THz   1.0000  0.0000  0.0000  0.0000  0.0000  0.0000


 Q=  0.000000  0.225270  0.000000, q= -0.500000  0.000000 -0.500000

                       Al X   0        Al Y   0        Al Z   0     
                    --------------- --------------- ---------------
    0   1.9117 THz   1.0000  0.0000  0.0000  0.0000  0.0000  0.0000
    1   1.9117 THz   0.0000  0.0000 -0.0000 -0.0000 -1.0000 -0.0000
    2   5.4116 THz   0.0000  0.0000 -0.0000 -1.0000  0.0000  0.0000


 Q=  0.056318  0.168953 -0.056318, q= -0.500000  0.000000 -0.250000

                       Al X   0        Al Y   0        Al Z   0     
                    --------------- --------------- ---------------
    0   2.0708 THz   0.7071  0.0000 -0.0000 -0.0000  0.7071  0.0000
    1   3.3996 THz  -0.6302  0.0000  0.4535  0.0000  0.6302  0.0000
    2   4.3660 THz  -0.3207  0.0000 -0.8912 -0.0000  0.3207  0.0000


 Q=  0.112635  0.112635 -0.112635, q= -0.500000  0.000000  0.000000

                       Al X   0        Al Y   0        Al Z   0     
                    --------------- --------------- ---------------
    0   1.7537 THz  -0.5979 -0.0000  0.7701  0.0996  0.1722  0.0996
    1   1.7537 THz   0.5560  0.0000  0.2286  0.1071  0.7846  0.1071
    2   3.0290 THz   0.5774  0.0000  0.5774  0.0000 -0.5774 -0.0000


 Q=  0.168953  0.056318 -0.168953, q= -0.500000  0.000000  0.250000

                       Al X   0        Al Y   0        Al Z   0     
                    --------------- --------------- ---------------
    0   2.0708 THz   0.7071  0.0000 -0.0000 -0.0000  0.7071 -0.0000
    1   3.3996 THz  -0.6302  0.0000  0.4535 -0.0000  0.6302 -0.0000
    2   4.3660 THz  -0.3207  0.0000 -0.8912  0.0000  0.3207 -0.0000


 Q= -0.056318  0.281588 -0.056318, q= -0.500000  0.250000 -0.500000

                       Al X   0        Al Y   0        Al Z   0     
                    --------------- --------------- ---------------
    0   2.0708 THz   0.7071  0.0000 -0.0000  0.0000 -0.7071  0.0000
    1   3.3996 THz   0.6302  0.0000 -0.4535 -0.0000  0.6302 -0.0000
    2   4.3660 THz  -0.3207  0.0000 -0.8912 -0.0000 -0.3207  0.0000


 Q=  0.000000  0.225270 -0.112635, q= -0.500000  0.250000 -0.250000

                       Al X   0        Al Y   0        Al Z   0     
                    --------------- --------------- ---------------
    0   2.9753 THz   0.0000  0.0000 -0.0000 -0.0000 -0.2599 -0.9656
    1   3.5515 THz   1.0000  0.0000  0.0000  0.0000  0.0000  0.0000
    2   3.5515 THz   0.0000  0.0000 -0.7441  0.6681  0.0000 -0.0000


 Q=  0.056318  0.168953 -0.168953, q= -0.500000  0.250000  0.000000

                       Al X   0        Al Y   0        Al Z   0     
                    --------------- --------------- ---------------
    0   2.0708 THz  -0.0000  0.0000 -0.5986 -0.3764 -0.5986 -0.3764
    1   3.3996 THz   0.4535  0.0000 -0.6302 -0.0000  0.6302 -0.0000
    2   4.3660 THz   0.8912  0.0000  0.3207  0.0000 -0.3207  0.0000


 Q=  0.112635  0.112635 -0.225270, q= -0.500000  0.250000  0.250000

                       Al X   0        Al Y   0        Al Z   0     
                    --------------- --------------- ---------------
    0   1.9478 THz   0.0000  0.0000  0.0000 -0.0000 -0.1367  0.9906
    1   2.1894 THz  -0.7071 -0.0000  0.7071  0.0000  0.0000 -0.0000
    2   3.8719 THz   0.7071  0.0000  0.7071  0.0000  0.0000 -0.0000


 Q=  0.056318  0.056318  0.168953, q= -0.250000 -0.500000 -0.500000

                       Al X   0        Al Y   0        Al Z   0     
                    --------------- --------------- ---------------
    0   2.0708 THz   0.7071  0.0000 -0.7071 -0.0000 -0.0000 -0.0000
    1   3.3996 THz  -0.6302  0.0000 -0.6302 -0.0000  0.4535 -0.0000
    2   4.3660 THz  -0.3207  0.0000 -0.3207 -0.0000 -0.8912  0.0000


 Q=  0.112635  0.000000  0.112635, q= -0.250000 -0.500000 -0.250000

                       Al X   0        Al Y   0        Al Z   0     
                    --------------- --------------- ---------------
    0   1.9478 THz  -0.0000  0.0000  0.9982 -0.0593  0.0000 -0.0000
    1   2.1894 THz   0.7071  0.0000  0.0000 -0.0000 -0.7071  0.0000
    2   3.8719 THz   0.7071  0.0000 -0.0000 -0.0000  0.7071 -0.0000


 Q=  0.168953 -0.056318  0.056318, q= -0.250000 -0.500000  0.000000

                       Al X   0        Al Y   0        Al Z   0     
                    --------------- --------------- ---------------
    0   2.0708 THz   0.0000  0.0000 -0.5445 -0.4511 -0.5445 -0.4511
    1   3.3996 THz  -0.4535  0.0000 -0.6302  0.0000  0.6302  0.0000
    2   4.3660 THz   0.8912  0.0000 -0.3207  0.0000  0.3207  0.0000


 Q=  0.225270 -0.112635  0.000000, q= -0.250000 -0.500000  0.250000

                       Al X   0        Al Y   0        Al Z   0     
                    --------------- --------------- ---------------
    0   2.9753 THz   0.0000  0.0000 -0.8993 -0.4374  0.0000 -0.0000
    1   3.5515 THz   1.0000  0.0000  0.0000  0.0000  0.0000  0.0000
    2   3.5515 THz   0.0000  0.0000  0.0000 -0.0000 -0.4754 -0.8798


 Q=  0.000000  0.112635  0.112635, q= -0.250000 -0.250000 -0.500000

                       Al X   0        Al Y   0        Al Z   0     
                    --------------- --------------- ---------------
    0   1.9478 THz   1.0000  0.0000  0.0000  0.0000  0.0000  0.0000
    1   2.1894 THz   0.0000  0.0000 -0.1635 -0.6879  0.1635  0.6879
    2   3.8719 THz   0.0000  0.0000 -0.4811  0.5182 -0.4811  0.5182


 Q=  0.056318  0.056318  0.056318, q= -0.250000 -0.250000 -0.250000

                       Al X   0        Al Y   0        Al Z   0     
                    --------------- --------------- ---------------
    0   1.6005 THz   0.0000  0.0000  0.6958  0.1261 -0.6958 -0.1261
    1   1.6005 THz   0.8165  0.0000 -0.4082  0.0000 -0.4082 -0.0000
    2   3.1385 THz  -0.5774  0.0000 -0.5774  0.0000 -0.5774 -0.0000


 Q=  0.112635  0.000000  0.000000, q= -0.250000 -0.250000  0.000000

                       Al X   0        Al Y   0        Al Z   0     
                    --------------- --------------- ---------------
    0   1.3763 THz   0.0000  0.0000 -0.0343  0.1216 -0.3595  0.9245
    1   1.3763 THz   0.0000  0.0000 -0.4347 -0.8916  0.0442  0.1184
    2   2.6635 THz   1.0000  0.0000  0.0000  0.0000  0.0000  0.0000


 Q=  0.168953 -0.056318 -0.056318, q= -0.250000 -0.250000  0.250000

                       Al X   0        Al Y   0        Al Z   0     
                    --------------- --------------- ---------------
    0   2.0708 THz   0.0000  0.0000  0.4772 -0.5218 -0.4772  0.5218
    1   3.3996 THz  -0.4535  0.0000 -0.6302  0.0000 -0.6302 -0.0000
    2   4.3660 THz   0.8912  0.0000 -0.3207  0.0000 -0.3207 -0.0000


 Q= -0.056318  0.168953  0.056318, q= -0.250000  0.000000 -0.500000

                       Al X   0        Al Y   0        Al Z   0     
                    --------------- --------------- ---------------
    0   2.0708 THz   0.7071  0.0000  0.0000 -0.0000  0.7071 -0.0000
    1   3.3996 THz  -0.6302  0.0000 -0.4535  0.0000  0.6302 -0.0000
    2   4.3660 THz   0.3207  0.0000 -0.8912  0.0000 -0.3207  0.0000


 Q=  0.000000  0.112635  0.000000, q= -0.250000  0.000000 -0.250000

                       Al X   0        Al Y   0        Al Z   0     
                    --------------- --------------- ---------------
    0   1.3763 THz   0.0000  0.0000 -0.0000 -0.0000 -0.9992 -0.0391
    1   1.3763 THz   1.0000  0.0000  0.0000  0.0000  0.0000  0.0000
    2   2.6635 THz   0.0000  0.0000  0.8135  0.5815 -0.0000 -0.0000


 Q=  0.056318  0.056318 -0.056318, q= -0.250000  0.000000  0.000000

                       Al X   0        Al Y   0        Al Z   0     
                    --------------- --------------- ---------------
    0   1.6005 THz   0.8165  0.0000 -0.4082  0.0000  0.4082 -0.0000
    1   1.6005 THz   0.0000  0.0000 -0.0000 -0.7071  0.0000 -0.7071
    2   3.1385 THz  -0.5774  0.0000 -0.5774  0.0000  0.5774 -0.0000


 Q=  0.112635  0.000000 -0.112635, q= -0.250000  0.000000  0.250000

                       Al X   0        Al Y   0        Al Z   0     
                    --------------- --------------- ---------------
    0   1.9478 THz   0.0000  0.0000  0.9960 -0.0897  0.0000 -0.0000
    1   2.1894 THz  -0.7071  0.0000  0.0000 -0.0000 -0.7071 -0.0000
    2   3.8719 THz   0.7071  0.0000  0.0000  0.0000 -0.7071 -0.0000


 Q= -0.112635  0.225270  0.000000, q= -0.250000  0.250000 -0.500000

                       Al X   0        Al Y   0        Al Z   0     
                    --------------- --------------- ---------------
    0   2.9753 THz   1.0000  0.0000  0.0000  0.0000  0.0000  0.0000
    1   3.5515 THz   0.0000  0.0000 -0.9435 -0.1971  0.0469 -0.2621
    2   3.5515 THz   0.0000  0.0000 -0.2661 -0.0079 -0.0005  0.9639


 Q= -0.056318  0.168953 -0.056318, q= -0.250000  0.250000 -0.250000

                       Al X   0        Al Y   0        Al Z   0     
                    --------------- --------------- ---------------
    0   2.0708 THz   0.7071  0.0000 -0.0000  0.0000 -0.7071  0.0000
    1   3.3996 THz   0.6302  0.0000  0.4535 -0.0000  0.6302 -0.0000
    2   4.3660 THz   0.3207  0.0000 -0.8912  0.0000  0.3207  0.0000


 Q=  0.000000  0.112635 -0.112635, q= -0.250000  0.250000  0.000000

                       Al X   0        Al Y   0        Al Z   0     
                    --------------- --------------- ---------------
    0   1.9478 THz   1.0000  0.0000  0.0000  0.0000  0.0000  0.0000
    1   2.1894 THz   0.0000  0.0000 -0.0520 -0.7052 -0.0520 -0.7052
    2   3.8719 THz   0.0000  0.0000 -0.0824  0.7023  0.0824 -0.7023


 Q=  0.056318  0.056318 -0.168953, q= -0.250000  0.250000  0.250000

                       Al X   0        Al Y   0        Al Z   0     
                    --------------- --------------- ---------------
    0   2.0708 THz   0.7071  0.0000 -0.7071  0.0000 -0.0000  0.0000
    1   3.3996 THz   0.6302  0.0000  0.6302 -0.0000  0.4535  0.0000
    2   4.3660 THz  -0.3207  0.0000 -0.3207  0.0000  0.8912  0.0000


 Q=  0.000000  0.000000  0.225270, q=  0.000000 -0.500000 -0.500000

                       Al X   0        Al Y   0        Al Z   0     
                    --------------- --------------- ---------------
    0   1.9117 THz  -0.5461  0.0000 -0.1168  0.8295 -0.0000 -0.0000
    1   1.9117 THz   0.8377  0.0000 -0.0762  0.5408 -0.0000 -0.0000
    2   5.4116 THz   0.0000  0.0000 -0.0000  0.0000 -1.0000  0.0000


 Q=  0.056318 -0.056318  0.168953, q=  0.000000 -0.500000 -0.250000

                       Al X   0        Al Y   0        Al Z   0     
                    --------------- --------------- ---------------
    0   2.0708 THz   0.7071  0.0000  0.7071  0.0000  0.0000  0.0000
    1   3.3996 THz  -0.6302  0.0000  0.6302  0.0000  0.4535  0.0000
    2   4.3660 THz   0.3207  0.0000 -0.3207 -0.0000  0.8912  0.0000


 Q=  0.112635 -0.112635  0.112635, q=  0.000000 -0.500000  0.000000

                       Al X   0        Al Y   0        Al Z   0     
                    --------------- --------------- ---------------
    0   1.7537 THz   0.8165  0.0000  0.4082 -0.0000 -0.4082  0.0000
    1   1.7537 THz   0.0000  0.0000 -0.6341 -0.3128 -0.6341 -0.3128
    2   3.0290 THz   0.5774  0.0000 -0.5774  0.0000  0.5774 -0.0000


 Q=  0.168953 -0.168953  0.056318, q=  0.000000 -0.500000  0.250000

                       Al X   0        Al Y   0        Al Z   0     
                    --------------- --------------- ---------------
    0   2.0708 THz   0.7071  0.0000  0.7071  0.0000 -0.0000  0.0000
    1   3.3996 THz  -0.6302  0.0000  0.6302  0.0000  0.4535 -0.0000
    2   4.3660 THz   0.3207  0.0000 -0.3207 -0.0000  0.8912 -0.0000


 Q= -0.056318  0.056318  0.168953, q=  0.000000 -0.250000 -0.500000

                       Al X   0        Al Y   0        Al Z   0     
                    --------------- --------------- ---------------
    0   2.0708 THz   0.7071  0.0000  0.7071  0.0000 -0.0000 -0.0000
    1   3.3996 THz   0.6302  0.0000 -0.6302 -0.0000  0.4535  0.0000
    2   4.3660 THz   0.3207  0.0000 -0.3207 -0.0000 -0.8912 -0.0000


 Q=  0.000000  0.000000  0.112635, q=  0.000000 -0.250000 -0.250000

                       Al X   0        Al Y   0        Al Z   0     
                    --------------- --------------- ---------------
    0   1.3763 THz   0.0000  0.0000 -0.9475  0.3198  0.0000 -0.0000
    1   1.3763 THz   1.0000  0.0000  0.0000  0.0000  0.0000  0.0000
    2   2.6635 THz   0.0000  0.0000 -0.0000  0.0000 -1.0000 -0.0013


 Q=  0.056318 -0.056318  0.056318, q=  0.000000 -0.250000  0.000000

                       Al X   0        Al Y   0        Al Z   0     
                    --------------- --------------- ---------------
    0   1.6005 THz   0.8165  0.0000  0.4082  0.0000 -0.4082 -0.0000
    1   1.6005 THz   0.0000  0.0000 -0.5854  0.3966 -0.5854  0.3966
    2   3.1385 THz   0.5774  0.0000 -0.5774 -0.0000  0.5774  0.0000


 Q=  0.112635 -0.112635  0.000000, q=  0.000000 -0.250000  0.250000

                       Al X   0        Al Y   0        Al Z   0     
                    --------------- --------------- ---------------
    0   1.9478 THz   0.0000  0.0000 -0.0000  0.0000 -0.2961 -0.9552
    1   2.1894 THz  -0.7071  0.0000 -0.7071 -0.0000 -0.0000  0.0000
    2   3.8719 THz   0.7071  0.0000 -0.7071 -0.0000 -0.0000  0.0000


 Q= -0.112635  0.112635  0.112635, q=  0.000000  0.000000 -0.500000

                       Al X   0        Al Y   0        Al Z   0     
                    --------------- --------------- ---------------
    0   1.7537 THz   0.8165  0.0000  0.4082 -0.0000  0.4082 -0.0000
    1   1.7537 THz   0.0000  0.0000  0.3959 -0.5859 -0.3959  0.5859
    2   3.0290 THz   0.5774  0.0000 -0.5774  0.0000 -0.5774  0.0000


 Q= -0.056318  0.056318  0.056318, q=  0.000000  0.000000 -0.250000

                       Al X   0        Al Y   0        Al Z   0     
                    --------------- --------------- ---------------
    0   1.6005 THz   0.0000  0.0000  0.6488  0.2811 -0.6488 -0.2811
    1   1.6005 THz   0.8165  0.0000  0.4082  0.0000  0.4082  0.0000
    2   3.1385 THz   0.5774  0.0000 -0.5774 -0.0000 -0.5774 -0.0000


 Q=  0.000000  0.000000  0.000000, q=  0.000000  0.000000  0.000000

                       Al X   0        Al Y   0        Al Z   0     
                    --------------- --------------- ---------------
    0  -0.0000 THz   0.8245  0.0000  0.4406  0.0000 -0.3552  0.0000
    1  -0.0000 THz  -0.4690  0.0000  0.1808  0.0000 -0.8645  0.0000
    2   0.0000 THz  -0.3167  0.0000  0.8793  0.0000  0.3557  0.0000


 Q=  0.056318 -0.056318 -0.056318, q=  0.000000  0.000000  0.250000

                       Al X   0        Al Y   0        Al Z   0     
                    --------------- --------------- ---------------
    0   1.6005 THz   0.0000  0.0000  0.6488 -0.2811 -0.6488  0.2811
    1   1.6005 THz   0.8165  0.0000  0.4082 -0.0000  0.4082 -0.0000
    2   3.1385 THz   0.5774  0.0000 -0.5774  0.0000 -0.5774  0.0000


 Q= -0.168953  0.168953  0.056318, q=  0.000000  0.250000 -0.500000

                       Al X   0        Al Y   0        Al Z   0     
                    --------------- --------------- ---------------
    0   2.0708 THz   0.7071  0.0000  0.7071 -0.0000 -0.0000  0.0000
    1   3.3996 THz   0.6302  0.0000 -0.6302  0.0000  0.4535 -0.0000
    2   4.3660 THz   0.3207  0.0000 -0.3207  0.0000 -0.8912  0.0000


 Q= -0.112635  0.112635  0.000000, q=  0.000000  0.250000 -0.250000

                       Al X   0        Al Y   0        Al Z   0     
                    --------------- --------------- ---------------
    0   1.9478 THz   0.0000  0.0000 -0.0000 -0.0000 -0.2961  0.9552
    1   2.1894 THz  -0.7071  0.0000 -0.7071  0.0000 -0.0000 -0.0000
    2   3.8719 THz   0.7071  0.0000 -0.7071  0.0000 -0.0000 -0.0000


 Q= -0.056318  0.056318 -0.056318, q=  0.000000  0.250000  0.000000

                       Al X   0        Al Y   0        Al Z   0     
                    --------------- --------------- ---------------
    0   1.6005 THz   0.8165  0.0000  0.4082 -0.0000 -0.4082  0.0000
    1   1.6005 THz   0.0000  0.0000 -0.5854 -0.3966 -0.5854 -0.3966
    2   3.1385 THz   0.5774  0.0000 -0.5774  0.0000  0.5774 -0.0000


 Q=  0.000000  0.000000 -0.112635, q=  0.000000  0.250000  0.250000

                       Al X   0        Al Y   0        Al Z   0     
                    --------------- --------------- ---------------
    0   1.3763 THz   0.0000  0.0000 -0.9475 -0.3198  0.0000  0.0000
    1   1.3763 THz   1.0000  0.0000  0.0000  0.0000  0.0000  0.0000
    2   2.6635 THz   0.0000  0.0000 -0.0000  0.0000 -1.0000  0.0013


 Q= -0.056318 -0.056318  0.281588, q=  0.250000 -0.500000 -0.500000

                       Al X   0        Al Y   0        Al Z   0     
                    --------------- --------------- ---------------
    0   2.0708 THz   0.7071  0.0000 -0.7071 -0.0000 -0.0000  0.0000
    1   3.3996 THz  -0.6302  0.0000 -0.6302 -0.0000  0.4535 -0.0000
    2   4.3660 THz  -0.3207  0.0000 -0.3207 -0.0000 -0.8912  0.0000


 Q=  0.000000 -0.112635  0.225270, q=  0.250000 -0.500000 -0.250000

                       Al X   0        Al Y   0        Al Z   0     
                    --------------- --------------- ---------------
    0   2.9753 THz   0.0000  0.0000 -0.6054 -0.7959 -0.0000 -0.0000
    1   3.5515 THz   1.0000  0.0000  0.0000  0.0000  0.0000  0.0000
    2   3.5515 THz   0.0000  0.0000  0.0000  0.0000 -0.9229 -0.3850


 Q=  0.056318 -0.168953  0.168953, q=  0.250000 -0.500000  0.000000

                       Al X   0        Al Y   0        Al Z   0     
                    --------------- --------------- ---------------
    0   2.0708 THz   0.0000  0.0000 -0.0000  0.7071  0.0000  0.7071
    1   3.3996 THz  -0.4535  0.0000 -0.6302 -0.0000  0.6302 -0.0000
    2   4.3660 THz   0.8912  0.0000 -0.3207 -0.0000  0.3207 -0.0000


 Q=  0.112635 -0.225270  0.112635, q=  0.250000 -0.500000  0.250000

                       Al X   0        Al Y   0        Al Z   0     
                    --------------- --------------- ---------------
    0   1.9478 THz   0.0000  0.0000 -0.6759 -0.7370  0.0000  0.0000
    1   2.1894 THz  -0.7071  0.0000  0.0000  0.0000  0.7071 -0.0000
    2   3.8719 THz   0.7071  0.0000  0.0000  0.0000  0.7071 -0.0000


 Q= -0.112635  0.000000  0.225270, q=  0.250000 -0.250000 -0.500000

                       Al X   0        Al Y   0        Al Z   0     
                    --------------- --------------- ---------------
    0   2.9753 THz   1.0000  0.0000  0.0000  0.0000  0.0000  0.0000
    1   3.5515 THz   0.0000  0.0000  0.6518  0.0293  0.6661  0.3613
    2   3.5515 THz   0.0000  0.0000 -0.6993  0.2920  0.6514  0.0369


 Q= -0.056318 -0.056318  0.168953, q=  0.250000 -0.250000 -0.250000

                       Al X   0        Al Y   0        Al Z   0     
                    --------------- --------------- ---------------
    0   2.0708 THz   0.7071  0.0000 -0.7071 -0.0000 -0.0000 -0.0000
    1   3.3996 THz   0.6302  0.0000  0.6302  0.0000  0.4535 -0.0000
    2   4.3660 THz  -0.3207  0.0000 -0.3207 -0.0000  0.8912 -0.0000


 Q=  0.000000 -0.112635  0.112635, q=  0.250000 -0.250000  0.000000

                       Al X   0        Al Y   0        Al Z   0     
                    --------------- --------------- ---------------
    0   1.9478 THz   1.0000  0.0000  0.0000  0.0000  0.0000  0.0000
    1   2.1894 THz   0.0000  0.0000 -0.0520  0.7052 -0.0520  0.7052
    2   3.8719 THz   0.0000  0.0000 -0.0824 -0.7023  0.0824  0.7023


 Q=  0.056318 -0.168953  0.056318, q=  0.250000 -0.250000  0.250000

                       Al X   0        Al Y   0        Al Z   0     
                    --------------- --------------- ---------------
    0   2.0708 THz   0.7071  0.0000 -0.0000 -0.0000 -0.7071 -0.0000
    1   3.3996 THz   0.6302  0.0000  0.4535  0.0000  0.6302  0.0000
    2   4.3660 THz   0.3207  0.0000 -0.8912 -0.0000  0.3207 -0.0000


 Q= -0.168953  0.056318  0.168953, q=  0.250000  0.000000 -0.500000

                       Al X   0        Al Y   0        Al Z   0     
                    --------------- --------------- ---------------
    0   2.0708 THz   0.7071  0.0000  0.0000 -0.0000  0.7071  0.0000
    1   3.3996 THz  -0.6302  0.0000 -0.4535 -0.0000  0.6302  0.0000
    2   4.3660 THz   0.3207  0.0000 -0.8912 -0.0000 -0.3207 -0.0000


 Q= -0.112635  0.000000  0.112635, q=  0.250000  0.000000 -0.250000

                       Al X   0        Al Y   0        Al Z   0     
                    --------------- --------------- ---------------
    0   1.9478 THz   0.0000  0.0000  0.9960  0.0897  0.0000  0.0000
    1   2.1894 THz  -0.7071  0.0000  0.0000  0.0000 -0.7071  0.0000
    2   3.8719 THz   0.7071  0.0000  0.0000 -0.0000 -0.7071  0.0000


 Q= -0.056318 -0.056318  0.056318, q=  0.250000  0.000000  0.000000

                       Al X   0        Al Y   0        Al Z   0     
                    --------------- --------------- ---------------
    0   1.6005 THz   0.8165  0.0000 -0.4082 -0.0000  0.4082  0.0000
    1   1.6005 THz   0.0000  0.0000 -0.0000  0.7071  0.0000  0.7071
    2   3.1385 THz  -0.5774  0.0000 -0.5774 -0.0000  0.5774  0.0000


 Q=  0.000000 -0.112635  0.000000, q=  0.250000  0.000000  0.250000

                       Al X   0        Al Y   0        Al Z   0     
                    --------------- --------------- ---------------
    0   1.3763 THz   0.0000  0.0000 -0.0000  0.0000 -0.9992  0.0391
    1   1.3763 THz   1.0000  0.0000  0.0000  0.0000  0.0000  0.0000
    2   2.6635 THz   0.0000  0.0000  0.8135 -0.5815 -0.0000  0.0000


 Q= -0.225270  0.112635  0.112635, q=  0.250000  0.250000 -0.500000

                       Al X   0        Al Y   0        Al Z   0     
                    --------------- --------------- ---------------
    0   1.9478 THz   1.0000  0.0000  0.0000  0.0000  0.0000  0.0000
    1   2.1894 THz   0.0000  0.0000 -0.1695  0.6865  0.1695 -0.6865
    2   3.8719 THz   0.0000  0.0000 -0.7014 -0.0897 -0.7014 -0.0897


 Q= -0.168953  0.056318  0.056318, q=  0.250000  0.250000 -0.250000

                       Al X   0        Al Y   0        Al Z   0     
                    --------------- --------------- ---------------
    0   2.0708 THz   0.0000  0.0000  0.4772  0.5218 -0.4772 -0.5218
    1   3.3996 THz  -0.4535  0.0000 -0.6302 -0.0000 -0.6302  0.0000
    2   4.3660 THz   0.8912  0.0000 -0.3207 -0.0000 -0.3207  0.0000


 Q= -0.112635  0.000000  0.000000, q=  0.250000  0.250000  0.000000

                       Al X   0        Al Y   0        Al Z   0     
                    --------------- --------------- ---------------
    0   1.3763 THz   0.0000  0.0000 -0.0343 -0.1216 -0.3595 -0.9245
    1   1.3763 THz   0.0000  0.0000 -0.4347  0.8916  0.0442 -0.1184
    2   2.6635 THz   1.0000  0.0000  0.0000  0.0000  0.0000  0.0000


 Q= -0.056318 -0.056318 -0.056318, q=  0.250000  0.250000  0.250000

                       Al X   0        Al Y   0        Al Z   0     
                    --------------- --------------- ---------------
    0   1.6005 THz   0.0000  0.0000  0.6958 -0.1261 -0.6958  0.1261
    1   1.6005 THz   0.8165  0.0000 -0.4082 -0.0000 -0.4082  0.0000
    2   3.1385 THz  -0.5774  0.0000 -0.5774 -0.0000 -0.5774  0.0000
