
Used Primitive lattice vector

    3.859077000000      0.000000000000      0.000000000000  
    0.000000000000      3.859077000000      0.000000000000  
    0.000000000000      0.000000000000      4.650635000000  

   5 Atom(s) in the Primitive cell

 0.5000000000 0.5000000000 0.5168231000 Ti    0
 0.0000000000 0.0000000000 0.9555878700 Pb    1
 0.5000000000 0.5000000000 0.1549223000  O    2
 -0.0000000000 0.5000000000 0.6292813800  O    3
 0.5000000000 0.0000000000 0.6292833800  O    4


 Q= -0.129565 -0.064782  0.000000, q= -0.500000 -0.250000  0.000000

                       Ti X   0        Ti Y   0        Ti Z   0        Pb X   1        Pb Y   1        Pb Z   1         O X   2         O Y   2         O Z   2         O X   3         O Y   3         O Z   3         O X   4         O Y   4         O Z   4     
                    --------------- --------------- --------------- --------------- --------------- --------------- --------------- --------------- --------------- --------------- --------------- --------------- --------------- --------------- ---------------
    0   2.0406 THz  -0.0130  0.0000 -0.0000 -0.0036 -0.0001 -0.0000  0.0000  0.0120 -0.5703 -0.0000  0.0000 -0.8000 -0.1553 -0.0000  0.0000 -0.0018 -0.0004 -0.0000  0.0000 -0.0007  0.0048  0.0000  0.0000 -0.0978 -0.0264 -0.0000 -0.0000  0.0015  0.0006 -0.0000
    1   2.0879 THz  -0.1513  0.0000  0.0000 -0.0030 -0.0014  0.0000 -0.0000  0.0102  0.8111  0.0000 -0.0000 -0.5606 -0.0501  0.0000 -0.0000 -0.0001 -0.0011  0.0000 -0.0000 -0.0005  0.0109 -0.0000 -0.0000 -0.0338 -0.0309 -0.0000  0.0000  0.0014 -0.0011  0.0000
    2   2.5429 THz   0.0008  0.0000  0.0000 -0.2050  0.0444  0.0000 -0.0000  0.9743 -0.0015  0.0000 -0.0000  0.0158  0.0017  0.0000  0.0000 -0.0055  0.0515  0.0000 -0.0000  0.0433  0.0000  0.0000 -0.0000  0.0029  0.0003  0.0000  0.0000 -0.0172  0.0393  0.0000
    3   5.1236 THz  -0.0018  0.0000  0.0000  0.0146 -0.4952  0.0000  0.0000  0.0740 -0.0024  0.0000 -0.0000  0.0014  0.0003  0.0000  0.0000  0.4656 -0.2826  0.0000 -0.0000 -0.0618  0.0003  0.0000  0.0000  0.0008  0.0001 -0.0000  0.0000  0.0655 -0.6665  0.0000
    4   6.2597 THz   0.3115  0.0000  0.0000  0.1148  0.0835 -0.0000  0.0000  0.0177 -0.0058  0.0000  0.0000 -0.1997  0.7007  0.0000  0.0000  0.1405  0.0540 -0.0000  0.0000  0.0173 -0.3026  0.0000  0.0000  0.4362  0.2141  0.0000  0.0000  0.0254  0.0181 -0.0000
    5   6.4382 THz   0.0651  0.0000 -0.0000 -0.5367 -0.3899  0.0000 -0.0000 -0.0811 -0.0017 -0.0000  0.0000 -0.0401  0.1496 -0.0000 -0.0000 -0.6511 -0.2311  0.0000 -0.0000 -0.0886 -0.0666 -0.0000 -0.0000  0.0983  0.0457  0.0000 -0.0000 -0.1236 -0.0920  0.0000
    6   7.8318 THz   0.1634  0.0000  0.0000  0.0042 -0.0000  0.0000  0.0000  0.0016  0.0541  0.0000 -0.0000  0.0333 -0.3465 -0.0000 -0.0000 -0.0038 -0.0004  0.0000  0.0000  0.0001 -0.5696  0.0000 -0.0000 -0.2691  0.6725  0.0000  0.0000  0.0005 -0.0034  0.0000
    7   8.5310 THz   0.2709  0.0000  0.0000 -0.0124  0.0029  0.0000 -0.0000 -0.0009  0.0318 -0.0000  0.0000 -0.0113  0.4621 -0.0000 -0.0000  0.0009  0.0045  0.0000 -0.0000 -0.0039  0.0853 -0.0000 -0.0000 -0.8343 -0.0913  0.0000 -0.0000  0.0004 -0.0051 -0.0000
    8   9.2336 THz  -0.0009  0.0000  0.0000 -0.6704  0.4845  0.0000  0.0000 -0.1639  0.0001  0.0000  0.0000  0.0001 -0.0099 -0.0000 -0.0000  0.2194  0.3171  0.0000 -0.0000  0.0103 -0.0010 -0.0000 -0.0000  0.0098  0.0023  0.0000 -0.0000  0.0093 -0.3740 -0.0000
    9  10.1241 THz   0.0039  0.0000 -0.0000  0.4202  0.2712  0.0000 -0.0000  0.0899  0.0004  0.0000  0.0000 -0.0000  0.0006  0.0000  0.0000 -0.5396  0.1620  0.0000 -0.0000  0.0660  0.0071  0.0000 -0.0000  0.0012 -0.0034 -0.0000 -0.0000  0.2089 -0.6135 -0.0000
   10  11.4773 THz   0.7967  0.0000  0.0000  0.0002 -0.0051 -0.0000 -0.0000 -0.0000  0.1015  0.0000  0.0000 -0.0488 -0.2832  0.0000 -0.0000  0.0024 -0.0017 -0.0000 -0.0000  0.0088  0.4864 -0.0000  0.0000  0.1424  0.1236  0.0000  0.0000 -0.0139  0.0016  0.0000
   11  12.3282 THz  -0.0119  0.0000  0.0000  0.0886  0.0024 -0.0000 -0.0000 -0.0176 -0.0014 -0.0000  0.0000 -0.0020  0.0054  0.0000  0.0000  0.0045  0.0128  0.0000 -0.0000  0.6172 -0.0078  0.0000  0.0000 -0.0049 -0.0033 -0.0000  0.0000 -0.7692 -0.1370 -0.0000
   12  14.5287 THz   0.3751  0.0000  0.0000  0.0008 -0.0009  0.0000  0.0000  0.0003  0.0505  0.0000 -0.0000  0.0163 -0.2145 -0.0000 -0.0000  0.0006 -0.0007  0.0000  0.0000  0.0013 -0.5793  0.0000  0.0000  0.0208 -0.6888 -0.0000 -0.0000  0.0024 -0.0001  0.0000
   13  19.8607 THz   0.0002  0.0000  0.0000  0.1257  0.3360 -0.0000  0.0000  0.0526  0.0002 -0.0000  0.0000 -0.0001 -0.0012  0.0000  0.0000  0.0050 -0.3010  0.0000 -0.0000 -0.6965 -0.0007  0.0000 -0.0000  0.0008 -0.0019  0.0000 -0.0000 -0.5322 -0.0977  0.0000
   14  22.7897 THz   0.0027  0.0000  0.0000 -0.0820  0.4155  0.0000 -0.0000 -0.0056 -0.0000 -0.0000 -0.0000 -0.0001  0.0045  0.0000 -0.0000  0.0087 -0.8022 -0.0000 -0.0000  0.3398  0.0001  0.0000  0.0000 -0.0002  0.0017  0.0000 -0.0000  0.2464  0.0277  0.0000


 Q= -0.129565  0.064782  0.000000, q= -0.500000  0.250000  0.000000

                       Ti X   0        Ti Y   0        Ti Z   0        Pb X   1        Pb Y   1        Pb Z   1         O X   2         O Y   2         O Z   2         O X   3         O Y   3         O Z   3         O X   4         O Y   4         O Z   4     
                    --------------- --------------- --------------- --------------- --------------- --------------- --------------- --------------- --------------- --------------- --------------- --------------- --------------- --------------- ---------------
    0   2.0406 THz  -0.0130  0.0000 -0.0000  0.0036 -0.0001 -0.0000 -0.0000  0.0120  0.5703  0.0000  0.0000 -0.8000 -0.1553 -0.0000 -0.0000  0.0018 -0.0004 -0.0000  0.0000 -0.0007 -0.0048 -0.0000  0.0000 -0.0978 -0.0264 -0.0000  0.0000 -0.0015  0.0006 -0.0000
    1   2.0879 THz  -0.1513  0.0000 -0.0000  0.0030 -0.0014  0.0000 -0.0000  0.0102 -0.8111 -0.0000 -0.0000 -0.5606 -0.0501  0.0000  0.0000  0.0001 -0.0011  0.0000 -0.0000 -0.0005 -0.0109  0.0000 -0.0000 -0.0338 -0.0309  0.0000 -0.0000 -0.0014 -0.0011  0.0000
    2   2.5429 THz   0.0008  0.0000 -0.0000  0.2050  0.0444  0.0000 -0.0000  0.9743  0.0015 -0.0000 -0.0000  0.0158  0.0017  0.0000 -0.0000  0.0055  0.0515  0.0000 -0.0000  0.0433 -0.0000 -0.0000 -0.0000  0.0029  0.0003  0.0000 -0.0000  0.0172  0.0393  0.0000
    3   5.1236 THz   0.0018  0.0000 -0.0000  0.0146  0.4952  0.0000  0.0000 -0.0740 -0.0024 -0.0000 -0.0000 -0.0014 -0.0003 -0.0000 -0.0000  0.4656  0.2826  0.0000 -0.0000  0.0618  0.0003  0.0000  0.0000 -0.0008 -0.0001  0.0000 -0.0000  0.0655  0.6665  0.0000
    4   6.2597 THz  -0.3115  0.0000  0.0000  0.1148 -0.0835  0.0000 -0.0000 -0.0177 -0.0058  0.0000 -0.0000  0.1997 -0.7007 -0.0000  0.0000  0.1405 -0.0540  0.0000 -0.0000 -0.0173 -0.3026  0.0000  0.0000 -0.4362 -0.2141  0.0000  0.0000  0.0254 -0.0181  0.0000
    5   6.4382 THz   0.0651  0.0000  0.0000  0.5367 -0.3899  0.0000 -0.0000 -0.0811  0.0017  0.0000 -0.0000 -0.0401  0.1496 -0.0000  0.0000  0.6511 -0.2311  0.0000 -0.0000 -0.0886  0.0666  0.0000  0.0000  0.0983  0.0457  0.0000  0.0000  0.1236 -0.0920  0.0000
    6   7.8318 THz  -0.1634  0.0000  0.0000  0.0042  0.0000  0.0000 -0.0000 -0.0016  0.0541  0.0000  0.0000 -0.0333  0.3465 -0.0000  0.0000 -0.0038  0.0004  0.0000 -0.0000 -0.0001 -0.5696  0.0000 -0.0000  0.2691 -0.6725 -0.0000  0.0000  0.0005  0.0034 -0.0000
    7   8.5310 THz   0.2709  0.0000 -0.0000  0.0124  0.0029  0.0000  0.0000 -0.0009 -0.0318  0.0000  0.0000 -0.0113  0.4621 -0.0000  0.0000 -0.0009  0.0045  0.0000 -0.0000 -0.0039 -0.0853  0.0000 -0.0000 -0.8343 -0.0913  0.0000  0.0000 -0.0004 -0.0051 -0.0000
    8   9.2336 THz  -0.0009  0.0000 -0.0000  0.6704  0.4845  0.0000  0.0000 -0.1639 -0.0001  0.0000 -0.0000  0.0001 -0.0099 -0.0000  0.0000 -0.2194  0.3171  0.0000 -0.0000  0.0103  0.0010  0.0000 -0.0000  0.0098  0.0023  0.0000  0.0000 -0.0093 -0.3740 -0.0000
    9  10.1241 THz   0.0039  0.0000  0.0000 -0.4202  0.2712  0.0000 -0.0000  0.0899 -0.0004 -0.0000  0.0000 -0.0000  0.0006 -0.0000 -0.0000  0.5396  0.1620  0.0000 -0.0000  0.0660 -0.0071 -0.0000  0.0000  0.0012 -0.0034 -0.0000  0.0000 -0.2089 -0.6135 -0.0000
   10  11.4773 THz   0.7967  0.0000 -0.0000 -0.0002 -0.0051  0.0000  0.0000 -0.0000 -0.1015 -0.0000  0.0000 -0.0488 -0.2832  0.0000 -0.0000 -0.0024 -0.0017  0.0000 -0.0000  0.0088 -0.4864  0.0000  0.0000  0.1424  0.1236  0.0000 -0.0000  0.0139  0.0016 -0.0000
   11  12.3282 THz  -0.0119  0.0000  0.0000 -0.0886  0.0024  0.0000  0.0000 -0.0176  0.0014  0.0000  0.0000 -0.0020  0.0054 -0.0000  0.0000 -0.0045  0.0128  0.0000 -0.0000  0.6172  0.0078  0.0000  0.0000 -0.0049 -0.0033 -0.0000 -0.0000  0.7692 -0.1370 -0.0000
   12  14.5287 THz  -0.3751  0.0000  0.0000  0.0008  0.0009 -0.0000  0.0000 -0.0003  0.0505  0.0000  0.0000 -0.0163  0.2145 -0.0000 -0.0000  0.0006  0.0007 -0.0000  0.0000 -0.0013 -0.5793  0.0000 -0.0000 -0.0208  0.6888  0.0000  0.0000  0.0024  0.0001 -0.0000
   13  19.8607 THz  -0.0002  0.0000  0.0000  0.1257 -0.3360  0.0000 -0.0000 -0.0526  0.0002 -0.0000 -0.0000  0.0001  0.0012 -0.0000  0.0000  0.0050  0.3010 -0.0000  0.0000  0.6965 -0.0007 -0.0000 -0.0000 -0.0008  0.0019 -0.0000 -0.0000 -0.5322  0.0977 -0.0000
   14  22.7897 THz   0.0027  0.0000 -0.0000  0.0820  0.4155  0.0000  0.0000 -0.0056  0.0000 -0.0000 -0.0000 -0.0001  0.0045  0.0000  0.0000 -0.0087 -0.8022 -0.0000 -0.0000  0.3398 -0.0001 -0.0000  0.0000 -0.0002  0.0017  0.0000  0.0000 -0.2464  0.0277  0.0000


 Q= -0.086376 -0.129565  0.071675, q= -0.333333 -0.500000  0.333333

                       Ti X   0        Ti Y   0        Ti Z   0        Pb X   1        Pb Y   1        Pb Z   1         O X   2         O Y   2         O Z   2         O X   3         O Y   3         O Z   3         O X   4         O Y   4         O Z   4     
                    --------------- --------------- --------------- --------------- --------------- --------------- --------------- --------------- --------------- --------------- --------------- --------------- --------------- --------------- ---------------
    0   1.9964 THz   0.0000  0.0000  0.0958  0.1130 -0.0000  0.0000 -0.9557  0.1582 -0.0000  0.0000 -0.1209  0.0320  0.0000  0.0000 -0.0945  0.1146 -0.0000  0.0000  0.0000  0.0000  0.0052  0.0151 -0.0000  0.0000  0.0020 -0.0137 -0.0000  0.0000 -0.0377 -0.0112
    1   2.3162 THz  -0.1780  0.0000 -0.0000  0.0000  0.0380 -0.0784 -0.0000  0.0000  0.5887 -0.7643 -0.0000  0.0000 -0.0175 -0.1604 -0.0000  0.0000  0.0285 -0.0206 -0.0147 -0.0057 -0.0000  0.0000  0.0357 -0.0291  0.0000 -0.0000  0.0187 -0.0066 -0.0000 -0.0000
    2   2.3577 THz   0.0000  0.0000 -0.0611  0.0305 -0.0000  0.0000  0.1372  0.0012 -0.0000  0.0000 -0.9760  0.1148  0.0000  0.0000 -0.0115  0.0638 -0.0000  0.0000  0.0000  0.0000 -0.0070  0.0256 -0.0000  0.0000  0.0104  0.0066 -0.0000  0.0000 -0.0730 -0.0218
    3   5.2293 THz   0.0293  0.0000  0.0000 -0.0000  0.3273 -0.4929 -0.0000  0.0000 -0.0849  0.1165  0.0000 -0.0000 -0.0863 -0.3316 -0.0000 -0.0000  0.3803 -0.0614  0.0349 -0.0040  0.0000 -0.0000  0.2782 -0.5198 -0.0000  0.0000  0.1075  0.0453 -0.0000 -0.0000
    4   5.6505 THz   0.0000  0.0000 -0.1816  0.0333 -0.0000  0.0000  0.0612  0.1256 -0.0000 -0.0000  0.0667  0.0885  0.0000  0.0000 -0.6970 -0.2327 -0.0000  0.0000  0.0000  0.0000 -0.1749  0.0152 -0.0000  0.0000  0.1847  0.0518 -0.0000  0.0000 -0.3838 -0.4232
    5   6.5145 THz  -0.3153  0.0000  0.0000  0.0000 -0.0370  0.4256 -0.0000 -0.0000 -0.0110  0.1344 -0.0000 -0.0000 -0.5373 -0.5100 -0.0000 -0.0000 -0.2396  0.1718 -0.1179 -0.0053  0.0000 -0.0000  0.0408 -0.1974 -0.0000  0.0000 -0.0954  0.0252 -0.0000 -0.0000
    6   6.7906 THz  -0.0000  0.0000 -0.0947  0.0650 -0.0000  0.0000 -0.0203  0.0250  0.0000  0.0000  0.0042 -0.0021 -0.0000 -0.0000  0.2074 -0.0997 -0.0000 -0.0000  0.0000 -0.0000 -0.3991  0.5439 -0.0000 -0.0000  0.3762 -0.5528 -0.0000  0.0000  0.1493 -0.0907
    7   8.6548 THz  -0.3947  0.0000  0.0000 -0.0000  0.0291 -0.3408 -0.0000 -0.0000 -0.0557  0.1132  0.0000  0.0000 -0.2767 -0.1772  0.0000  0.0000  0.2099 -0.1520  0.1369 -0.0102 -0.0000 -0.0000  0.0420  0.7179  0.0000 -0.0000  0.0082  0.0028 -0.0000 -0.0000
    8   8.9604 THz  -0.0000  0.0000 -0.3780 -0.0441  0.0000 -0.0000 -0.0512  0.0971 -0.0000  0.0000 -0.0323  0.0059 -0.0000 -0.0000 -0.3168 -0.3779  0.0000 -0.0000  0.0000  0.0000 -0.0371  0.0867 -0.0000  0.0000 -0.0605  0.0084 -0.0000 -0.0000  0.1673  0.7472
    9  10.5230 THz  -0.8291  0.0000  0.0000 -0.0000  0.0067 -0.0178  0.0000 -0.0000 -0.0966  0.0642 -0.0000  0.0000  0.3314  0.2932 -0.0000  0.0000  0.0172 -0.0158 -0.1877  0.0526  0.0000  0.0000 -0.0268 -0.2522  0.0000 -0.0000 -0.0074 -0.0026  0.0000 -0.0000
   10  11.5988 THz  -0.0000  0.0000 -0.4541  0.7336  0.0000 -0.0000  0.0090  0.0950 -0.0000 -0.0000  0.0554 -0.0424  0.0000  0.0000  0.3490 -0.0844  0.0000  0.0000  0.0000 -0.0000 -0.0625 -0.0157 -0.0000 -0.0000 -0.1227  0.2128 -0.0000  0.0000 -0.2123 -0.0562
   11  11.7055 THz  -0.0905  0.0000  0.0000 -0.0000  0.0041  0.0053 -0.0000 -0.0000  0.0035 -0.0136 -0.0000  0.0000  0.0344  0.0491 -0.0000  0.0000 -0.0053  0.0085  0.6913 -0.2019  0.0000  0.0000 -0.0387 -0.1421  0.0000 -0.0000 -0.6417  0.1889  0.0000  0.0000
   12  14.3021 THz  -0.0000  0.0000  0.1580 -0.1094  0.0000 -0.0000  0.0075 -0.0320  0.0000 -0.0000  0.0069  0.0203  0.0000 -0.0000 -0.0377  0.0850 -0.0000  0.0000  0.0000  0.0000 -0.5681  0.4210  0.0000  0.0000 -0.5454  0.3926 -0.0000 -0.0000  0.0235 -0.0256
   13  19.5864 THz   0.1100  0.0000 -0.0000  0.0000  0.0716 -0.3894  0.0000  0.0000  0.0133  0.0094 -0.0000 -0.0000 -0.0052 -0.0116  0.0000 -0.0000 -0.2569  0.0986 -0.5615  0.1106  0.0000 -0.0000  0.0146  0.0780 -0.0000 -0.0000 -0.6363  0.1278  0.0000  0.0000
   14  23.6816 THz   0.0675  0.0000 -0.0000  0.0000 -0.0730  0.4247 -0.0000 -0.0000  0.0083 -0.0220  0.0000 -0.0000 -0.0108 -0.0111  0.0000 -0.0000  0.6410 -0.4573 -0.2685  0.0972 -0.0000 -0.0000  0.0043  0.0101 -0.0000  0.0000 -0.3086  0.1103 -0.0000 -0.0000


 Q= -0.086376  0.000000  0.071675, q= -0.333333  0.000000  0.333333

                       Ti X   0        Ti Y   0        Ti Z   0        Pb X   1        Pb Y   1        Pb Z   1         O X   2         O Y   2         O Z   2         O X   3         O Y   3         O Z   3         O X   4         O Y   4         O Z   4     
                    --------------- --------------- --------------- --------------- --------------- --------------- --------------- --------------- --------------- --------------- --------------- --------------- --------------- --------------- ---------------
    0   1.7196 THz  -0.0000  0.0000  0.0461  0.0612 -0.0000 -0.0000 -0.0000 -0.0000  0.9953  0.0183 -0.0000 -0.0000 -0.0000  0.0000 -0.0200  0.0345 -0.0000 -0.0000 -0.0000 -0.0000  0.0150  0.0211 -0.0000 -0.0000 -0.0000  0.0000  0.0219  0.0195 -0.0000 -0.0000
    1   1.8434 THz   0.1229  0.0000  0.0000  0.0000  0.2266  0.1447  0.2848  0.3258  0.0000  0.0000  0.7666  0.2274  0.1104  0.0053 -0.0000  0.0000  0.0350  0.1432  0.0083  0.0382  0.0000  0.0000  0.1213  0.1060  0.0128  0.0036  0.0000  0.0000  0.1366  0.0758
    2   2.5032 THz   0.0992  0.0000 -0.0000  0.0000 -0.1014 -0.0967 -0.1371 -0.8304  0.0000 -0.0000  0.3442  0.3474  0.0473 -0.0007 -0.0000  0.0000 -0.0270 -0.0648  0.0099 -0.0647  0.0000  0.0000  0.0170  0.0483  0.0254 -0.0557  0.0000  0.0000 -0.0704  0.0157
    3   4.3853 THz  -0.1038  0.0000 -0.0000 -0.0000 -0.3736  0.4192  0.2705 -0.0934  0.0000 -0.0000  0.1331 -0.2467 -0.3155  0.1883  0.0000 -0.0000 -0.3690  0.0193 -0.0685  0.0043 -0.0000 -0.0000 -0.2344  0.1615 -0.0246  0.0410 -0.0000 -0.0000 -0.1898  0.3433
    4   4.5604 THz   0.0000  0.0000 -0.1746 -0.8768  0.0000 -0.0000 -0.0000  0.0000  0.0829  0.0337 -0.0000  0.0000  0.0000 -0.0000  0.1642 -0.3579  0.0000 -0.0000  0.0000 -0.0000  0.0031 -0.0578  0.0000 -0.0000  0.0000 -0.0000 -0.0538 -0.1771  0.0000 -0.0000
    5   5.9283 THz  -0.2570  0.0000  0.0000 -0.0000  0.2833  0.1307 -0.0269 -0.1193 -0.0000  0.0000  0.0156  0.1280 -0.3849 -0.4949  0.0000 -0.0000  0.0464  0.1945 -0.1027  0.0886  0.0000 -0.0000 -0.2655 -0.4066 -0.1406  0.1288  0.0000 -0.0000  0.2169  0.1852
    6   8.0992 THz  -0.0000  0.0000 -0.2060  0.2950  0.0000  0.0000  0.0000  0.0000  0.0114 -0.0096  0.0000 -0.0000 -0.0000 -0.0000  0.8136 -0.3688 -0.0000  0.0000 -0.0000  0.0000  0.0765  0.1852  0.0000  0.0000 -0.0000  0.0000  0.0400  0.1748 -0.0000 -0.0000
    7   8.5221 THz   0.6461  0.0000 -0.0000  0.0000 -0.0463 -0.0242 -0.0121  0.0354 -0.0000 -0.0000 -0.0660 -0.0538  0.0199 -0.0088  0.0000 -0.0000  0.0030 -0.0246  0.1883 -0.0428  0.0000  0.0000 -0.2375 -0.3302  0.4480 -0.0850  0.0000  0.0000  0.1553  0.3679
    8   9.6209 THz   0.3369  0.0000  0.0000  0.0000  0.0439  0.3077 -0.0196 -0.0443 -0.0000 -0.0000 -0.0619 -0.0463 -0.1145 -0.4609 -0.0000 -0.0000 -0.0990  0.1944 -0.0076  0.1011  0.0000 -0.0000 -0.0320  0.3279  0.2768  0.1580  0.0000 -0.0000 -0.2081 -0.4947
    9  10.3191 THz   0.0000  0.0000  0.1224 -0.1524  0.0000  0.0000 -0.0000 -0.0000 -0.0158 -0.0221 -0.0000 -0.0000 -0.0000 -0.0000 -0.1928 -0.0829 -0.0000  0.0000 -0.0000  0.0000 -0.2494  0.8436 -0.0000  0.0000  0.0000  0.0000 -0.1058  0.3632 -0.0000 -0.0000
   10  11.0879 THz   0.1813  0.0000  0.0000 -0.0000  0.2496  0.0430 -0.0097 -0.0195 -0.0000  0.0000  0.0416 -0.0432  0.2698  0.2521  0.0000  0.0000 -0.0006  0.2253 -0.1429  0.1658 -0.0000 -0.0000 -0.4787 -0.2609 -0.3214 -0.1408  0.0000 -0.0000 -0.4629 -0.1714
   11  12.8265 THz  -0.5440  0.0000  0.0000  0.0000 -0.0120  0.0291 -0.0151  0.0006 -0.0000 -0.0000  0.0847 -0.0066  0.2981 -0.0166  0.0000 -0.0000  0.0815  0.0449 -0.0629  0.1481  0.0000 -0.0000 -0.2257 -0.0472  0.6928 -0.1570  0.0000  0.0000 -0.1178 -0.0136
   12  14.2611 THz  -0.0000  0.0000 -0.0620  0.1527 -0.0000  0.0000  0.0000  0.0000 -0.0001  0.0047  0.0000  0.0000  0.0000  0.0000  0.0300  0.0190 -0.0000  0.0000  0.0000  0.0000 -0.0572  0.4227  0.0000 -0.0000  0.0000 -0.0000  0.1209 -0.8803 -0.0000  0.0000
   13  17.7116 THz   0.1716  0.0000  0.0000  0.0000 -0.0366 -0.3159  0.0341  0.0088 -0.0000 -0.0000 -0.0471  0.0007 -0.0605 -0.0312  0.0000  0.0000 -0.1262  0.0544 -0.7914  0.3730  0.0000  0.0000  0.1188  0.1237  0.0812 -0.1047 -0.0000 -0.0000  0.0941  0.1456
   14  24.1590 THz   0.0948  0.0000 -0.0000 -0.0000 -0.1493  0.4555  0.0202 -0.0387  0.0000  0.0000 -0.0037 -0.0064 -0.0060  0.0359  0.0000  0.0000  0.7333 -0.3642 -0.2856  0.0528  0.0000 -0.0000 -0.0138 -0.0245 -0.0442  0.0236  0.0000 -0.0000 -0.0033  0.0005


 Q= -0.043188 -0.064782 -0.071675, q= -0.166667 -0.250000 -0.333333

                       Ti X   0        Ti Y   0        Ti Z   0        Pb X   1        Pb Y   1        Pb Z   1         O X   2         O Y   2         O Z   2         O X   3         O Y   3         O Z   3         O X   4         O Y   4         O Z   4     
                    --------------- --------------- --------------- --------------- --------------- --------------- --------------- --------------- --------------- --------------- --------------- --------------- --------------- --------------- ---------------
    0   1.6462 THz  -0.0496  0.0000  0.0456 -0.1207  0.1385  0.1023 -0.8355 -0.1142  0.0207 -0.0262  0.2281  0.3805  0.0015  0.0032 -0.0498 -0.0968  0.0924 -0.0083 -0.0339  0.0133  0.0067 -0.0180  0.0747  0.0622 -0.0180  0.0198 -0.0017 -0.0156  0.0821  0.0533
    1   1.8097 THz   0.1450  0.0000 -0.0068 -0.0636 -0.0293  0.1983  0.1401  0.3354 -0.1715 -0.6263 -0.3117  0.4778  0.0656 -0.0817  0.0116 -0.0061  0.0641  0.0894  0.0329  0.0008 -0.0249 -0.0134 -0.0174  0.1267  0.0303  0.0052 -0.0325 -0.0298 -0.0094  0.1044
    2   2.3900 THz   0.0944  0.0000  0.0341  0.0873  0.0126 -0.0071 -0.3547  0.0087 -0.7162  0.0127 -0.3920 -0.4155  0.0042 -0.0172  0.0211  0.0501 -0.0074  0.0164  0.0049 -0.0040 -0.0315  0.0341 -0.0586 -0.0030 -0.0067 -0.0001 -0.0270  0.0203 -0.0768 -0.0226
    3   4.3996 THz  -0.2093  0.0000 -0.1028 -0.0665 -0.0446  0.5968  0.0610  0.0836  0.0188  0.1314  0.1037 -0.2896 -0.0261 -0.0794 -0.0390 -0.2988  0.2363  0.2902 -0.0513 -0.0196 -0.0347 -0.0644 -0.1141  0.3402  0.0009  0.0192 -0.0710 -0.0758  0.0035  0.2719
    4   5.5219 THz   0.4520  0.0000 -0.2836  0.0269 -0.1082  0.0789 -0.0489 -0.0855  0.0660  0.1600  0.0759  0.0203  0.4485 -0.1814 -0.2679  0.2113 -0.0012  0.0830  0.2058 -0.0435 -0.2064  0.0761 -0.0724  0.2466  0.2280 -0.1002 -0.1344  0.0246 -0.0060 -0.2323
    5   6.3802 THz   0.5394  0.0000  0.2498 -0.1456  0.1700 -0.0945  0.0371 -0.0143  0.0485  0.0205  0.0627 -0.1418  0.2177 -0.2833  0.1493 -0.4347  0.0348 -0.1067  0.0840  0.0379  0.2161  0.0093  0.0495 -0.0950 -0.0015  0.0370  0.1908  0.0113  0.0032  0.3211
    6   7.3281 THz  -0.2492  0.0000  0.0885 -0.0208 -0.0821 -0.0677  0.0227  0.0271 -0.0541 -0.0526 -0.0229  0.0154  0.3126  0.1460 -0.3871 -0.2581 -0.0743 -0.0036 -0.0800 -0.2784  0.0980  0.4162  0.0231 -0.0780 -0.0837 -0.4931  0.0660  0.1778 -0.0128  0.0998
    7   7.8639 THz   0.2538  0.0000 -0.4424  0.2413 -0.0531  0.1290 -0.0552 -0.0150  0.0376  0.0433 -0.0010  0.0499 -0.1198  0.1775 -0.0735  0.1047  0.0270  0.0811 -0.0646 -0.0019 -0.0911  0.0546 -0.0297 -0.5379 -0.0501 -0.0249 -0.0734  0.0314  0.0176  0.5178
    8   8.8364 THz  -0.4217  0.0000 -0.3762  0.0098  0.1600 -0.2233 -0.0063 -0.0369 -0.0074 -0.0222 -0.0911  0.0476  0.3828 -0.4234  0.2075 -0.1538 -0.0391 -0.1984 -0.0905  0.0830 -0.2294 -0.0234 -0.1806 -0.0774 -0.0477  0.1300 -0.1146  0.0180 -0.0680  0.1229
    9   9.9578 THz   0.2535  0.0000 -0.4937 -0.0840  0.0810 -0.0670 -0.0167 -0.0068  0.0302 -0.0154 -0.0418  0.0202 -0.2154  0.2048  0.2411 -0.2717  0.0089 -0.0985 -0.1289 -0.0310  0.1664  0.1590 -0.2106  0.2696 -0.3782 -0.1492  0.0248  0.0797 -0.0036 -0.2834
   10  11.0892 THz   0.0645  0.0000  0.0831  0.0759 -0.1867  0.1789  0.0121  0.0270  0.0090  0.0237 -0.0527  0.0174  0.0763 -0.1593  0.0614 -0.3172  0.1483  0.2033 -0.1791 -0.0003 -0.1631  0.1335  0.2655 -0.4219 -0.1816  0.1620 -0.1960 -0.0242  0.2262 -0.4883
   11  12.8519 THz  -0.1485  0.0000 -0.2808 -0.0152  0.0018  0.0860 -0.0255 -0.0180 -0.0222 -0.0083 -0.0658 -0.0136  0.0890  0.0082  0.1632  0.0153 -0.0712  0.0541  0.0826 -0.0492  0.6723  0.2125  0.1417 -0.0872  0.4841  0.1425 -0.0664 -0.1222  0.1683 -0.0785
   12  13.9258 THz  -0.0875  0.0000  0.0709 -0.0066  0.0032 -0.0128 -0.0042 -0.0052  0.0088  0.0066  0.0054  0.0010 -0.0087 -0.0098 -0.0154 -0.0030  0.0083 -0.0075  0.6897  0.1519  0.1809  0.0408 -0.0008 -0.0508 -0.4054 -0.0794 -0.5173 -0.0903 -0.0263  0.0600
   13  18.1959 THz   0.1411  0.0000  0.1700 -0.0087 -0.0239 -0.3133  0.0144 -0.0060  0.0225 -0.0106  0.0537 -0.0066 -0.0240  0.0296 -0.0401  0.0371  0.1587  0.0369 -0.4764 -0.1497  0.1013  0.0885 -0.0863  0.1604  0.0790  0.0719 -0.6560 -0.2024 -0.0967  0.1580
   14  24.4564 THz   0.0787  0.0000  0.1015 -0.0004  0.1741  0.4419  0.0105  0.0183  0.0168  0.0282  0.0050 -0.0070 -0.0031 -0.0104 -0.0076 -0.0236 -0.7448 -0.3212 -0.1742 -0.0368 -0.0400 -0.0170  0.0052 -0.0098 -0.0264 -0.0087 -0.2458 -0.0470  0.0086 -0.0217


 Q= -0.043188  0.064782 -0.071675, q= -0.166667  0.250000 -0.333333

                       Ti X   0        Ti Y   0        Ti Z   0        Pb X   1        Pb Y   1        Pb Z   1         O X   2         O Y   2         O Z   2         O X   3         O Y   3         O Z   3         O X   4         O Y   4         O Z   4     
                    --------------- --------------- --------------- --------------- --------------- --------------- --------------- --------------- --------------- --------------- --------------- --------------- --------------- --------------- ---------------
    0   1.6462 THz  -0.0496  0.0000 -0.0456  0.1207  0.1385  0.1023 -0.8355 -0.1142 -0.0207  0.0262  0.2281  0.3805  0.0015  0.0032  0.0498  0.0968  0.0924 -0.0083 -0.0339  0.0133 -0.0067  0.0180  0.0747  0.0622 -0.0180  0.0198  0.0017  0.0156  0.0821  0.0533
    1   1.8097 THz  -0.1450  0.0000 -0.0068 -0.0636  0.0293 -0.1983 -0.1401 -0.3354 -0.1715 -0.6263  0.3117 -0.4778 -0.0656  0.0817  0.0116 -0.0061 -0.0641 -0.0894 -0.0329 -0.0008 -0.0249 -0.0134  0.0174 -0.1267 -0.0303 -0.0052 -0.0325 -0.0298  0.0094 -0.1044
    2   2.3900 THz   0.0944  0.0000 -0.0341 -0.0873  0.0126 -0.0071 -0.3547  0.0087  0.7162 -0.0127 -0.3920 -0.4155  0.0042 -0.0172 -0.0211 -0.0501 -0.0074  0.0164  0.0049 -0.0040  0.0315 -0.0341 -0.0586 -0.0030 -0.0067 -0.0001  0.0270 -0.0203 -0.0768 -0.0226
    3   4.3996 THz   0.2093  0.0000 -0.1028 -0.0665  0.0446 -0.5968 -0.0610 -0.0836  0.0188  0.1314 -0.1037  0.2896  0.0261  0.0794 -0.0390 -0.2988 -0.2363 -0.2902  0.0513  0.0196 -0.0347 -0.0644  0.1141 -0.3402 -0.0009 -0.0192 -0.0710 -0.0758 -0.0035 -0.2719
    4   5.5219 THz   0.4520  0.0000  0.2836 -0.0269 -0.1082  0.0789 -0.0489 -0.0855 -0.0660 -0.1600  0.0759  0.0203  0.4485 -0.1814  0.2679 -0.2113 -0.0012  0.0830  0.2058 -0.0435  0.2064 -0.0761 -0.0724  0.2466  0.2280 -0.1002  0.1344 -0.0246 -0.0060 -0.2323
    5   6.3802 THz  -0.5394  0.0000  0.2498 -0.1456 -0.1700  0.0945 -0.0371  0.0143  0.0485  0.0205 -0.0627  0.1418 -0.2177  0.2833  0.1493 -0.4347 -0.0348  0.1067 -0.0840 -0.0379  0.2161  0.0093 -0.0495  0.0950  0.0015 -0.0370  0.1908  0.0113 -0.0032 -0.3211
    6   7.3281 THz  -0.2492  0.0000 -0.0885  0.0208 -0.0821 -0.0677  0.0227  0.0271  0.0541  0.0526 -0.0229  0.0154  0.3126  0.1460  0.3871  0.2581 -0.0743 -0.0036 -0.0800 -0.2784 -0.0980 -0.4162  0.0231 -0.0780 -0.0837 -0.4931 -0.0660 -0.1778 -0.0128  0.0998
    7   7.8639 THz   0.2538  0.0000  0.4424 -0.2413 -0.0531  0.1290 -0.0552 -0.0150 -0.0376 -0.0433 -0.0010  0.0499 -0.1198  0.1775  0.0735 -0.1047  0.0270  0.0811 -0.0646 -0.0019  0.0911 -0.0546 -0.0297 -0.5379 -0.0501 -0.0249  0.0734 -0.0314  0.0176  0.5178
    8   8.8364 THz   0.4217  0.0000 -0.3762  0.0098 -0.1600  0.2233  0.0063  0.0369 -0.0074 -0.0222  0.0911 -0.0476 -0.3828  0.4234  0.2075 -0.1538  0.0391  0.1984  0.0905 -0.0830 -0.2294 -0.0234  0.1806  0.0774  0.0477 -0.1300 -0.1146  0.0180  0.0680 -0.1229
    9   9.9578 THz   0.2535  0.0000  0.4937  0.0840  0.0810 -0.0670 -0.0167 -0.0068 -0.0302  0.0154 -0.0418  0.0202 -0.2154  0.2048 -0.2411  0.2717  0.0089 -0.0985 -0.1289 -0.0310 -0.1664 -0.1590 -0.2106  0.2696 -0.3782 -0.1492 -0.0248 -0.0797 -0.0036 -0.2834
   10  11.0892 THz   0.0645  0.0000 -0.0831 -0.0759 -0.1867  0.1789  0.0121  0.0270 -0.0090 -0.0237 -0.0527  0.0174  0.0763 -0.1593 -0.0614  0.3172  0.1483  0.2033 -0.1791 -0.0003  0.1631 -0.1335  0.2655 -0.4219 -0.1816  0.1620  0.1960  0.0242  0.2262 -0.4883
   11  12.8519 THz  -0.1485  0.0000  0.2808  0.0152  0.0018  0.0860 -0.0255 -0.0180  0.0222  0.0083 -0.0658 -0.0136  0.0890  0.0082 -0.1632 -0.0153 -0.0712  0.0541  0.0826 -0.0492 -0.6723 -0.2125  0.1417 -0.0872  0.4841  0.1425  0.0664  0.1222  0.1683 -0.0785
   12  13.9258 THz  -0.0875  0.0000 -0.0709  0.0066  0.0032 -0.0128 -0.0042 -0.0052 -0.0088 -0.0066  0.0054  0.0010 -0.0087 -0.0098  0.0154  0.0030  0.0083 -0.0075  0.6897  0.1519 -0.1809 -0.0408 -0.0008 -0.0508 -0.4054 -0.0794  0.5173  0.0903 -0.0263  0.0600
   13  18.1959 THz   0.1411  0.0000 -0.1700  0.0087 -0.0239 -0.3133  0.0144 -0.0060 -0.0225  0.0106  0.0537 -0.0066 -0.0240  0.0296  0.0401 -0.0371  0.1587  0.0369 -0.4764 -0.1497 -0.1013 -0.0885 -0.0863  0.1604  0.0790  0.0719  0.6560  0.2024 -0.0967  0.1580
   14  24.4564 THz  -0.0787  0.0000  0.1015 -0.0004 -0.1741 -0.4419 -0.0105 -0.0183  0.0168  0.0282 -0.0050  0.0070  0.0031  0.0104 -0.0076 -0.0236  0.7448  0.3212  0.1742  0.0368 -0.0400 -0.0170 -0.0052  0.0098  0.0264  0.0087 -0.2458 -0.0470 -0.0086  0.0217


 Q=  0.000000 -0.129565  0.000000, q=  0.000000 -0.500000  0.000000

                       Ti X   0        Ti Y   0        Ti Z   0        Pb X   1        Pb Y   1        Pb Z   1         O X   2         O Y   2         O Z   2         O X   3         O Y   3         O Z   3         O X   4         O Y   4         O Z   4     
                    --------------- --------------- --------------- --------------- --------------- --------------- --------------- --------------- --------------- --------------- --------------- --------------- --------------- --------------- ---------------
    0   1.6110 THz  -0.0000  0.0000  0.0041  0.0073 -0.0000 -0.0000 -0.8731  0.4847  0.0000 -0.0000 -0.0444  0.0246 -0.0000  0.0000  0.0053  0.0095 -0.0000 -0.0000  0.0000 -0.0000  0.0010  0.0018 -0.0000 -0.0000 -0.0052  0.0029  0.0000 -0.0000 -0.0037  0.0020
    1   1.9573 THz   0.0000  0.0000 -0.0957  0.0908  0.0000 -0.0000  0.0363  0.0382  0.0000  0.0000 -0.6696 -0.7054  0.0000 -0.0000 -0.1206  0.1145  0.0000 -0.0000  0.0000 -0.0000 -0.0175  0.0166  0.0000 -0.0000  0.0018  0.0019  0.0000  0.0000 -0.0515 -0.0543
    2   3.0196 THz   0.0180  0.0000  0.0000 -0.0000  0.2344  0.0000 -0.0000  0.0000  0.0000  0.9251  0.0000  0.0000  0.0112 -0.0000  0.0000 -0.0000  0.1668  0.0000  0.0035 -0.0000  0.0000 -0.0000  0.2312 -0.0000 -0.0000  0.0000 -0.0000  0.0865  0.0000  0.0000
    3   4.3092 THz   0.8937  0.0000 -0.0000  0.0000  0.0112 -0.0000 -0.0000 -0.0000 -0.0000 -0.0280  0.0000  0.0000  0.4024  0.0000 -0.0000  0.0000  0.0112 -0.0000  0.1956 -0.0000 -0.0000  0.0000  0.0017 -0.0000  0.0000 -0.0000  0.0000 -0.0025  0.0000  0.0000
    4   5.2453 THz   0.0194  0.0000  0.0000 -0.0000 -0.6250  0.0000 -0.0000  0.0000  0.0000  0.3696  0.0000 -0.0000  0.0081 -0.0000  0.0000 -0.0000 -0.3667  0.0000  0.0095 -0.0000 -0.0000 -0.0000 -0.5811  0.0000 -0.0000  0.0000 -0.0000 -0.0051 -0.0000  0.0000
    5   7.3212 THz   0.0000  0.0000  0.4789  0.0021  0.0000  0.0000  0.0000 -0.0025  0.0000 -0.0000  0.0009 -0.2035 -0.0000  0.0000  0.8494  0.0037  0.0000  0.0000  0.0000  0.0000 -0.0038 -0.0000 -0.0000  0.0000  0.0000 -0.0063  0.0000  0.0000  0.0004 -0.0872
    6   8.4712 THz  -0.4051  0.0000 -0.0000  0.0000  0.0061  0.0000 -0.0000 -0.0000  0.0000 -0.0026  0.0000 -0.0000  0.9136  0.0000  0.0000  0.0000  0.0094  0.0000 -0.0299  0.0000 -0.0000  0.0000 -0.0154  0.0000  0.0000 -0.0000  0.0000  0.0016 -0.0000 -0.0000
    7   8.7964 THz  -0.0000  0.0000  0.1255 -0.0156 -0.0000  0.0000 -0.0001 -0.0005 -0.0000  0.0000 -0.0119 -0.0956  0.0000 -0.0000  0.0068 -0.0009 -0.0000  0.0000  0.0000 -0.0000  0.0961 -0.0120  0.0000 -0.0000 -0.0007 -0.0056 -0.0000 -0.0000  0.1214  0.9750
    8   9.5908 THz   0.0000  0.0000 -0.5667  0.0283  0.0000  0.0000  0.0000  0.0006  0.0000 -0.0000  0.0013  0.0262 -0.0000 -0.0000  0.3375 -0.0169  0.0000  0.0000  0.0000 -0.0000 -0.7352  0.0367 -0.0000 -0.0000  0.0005  0.0106 -0.0000  0.0000  0.0073  0.1457
    9  10.3829 THz  -0.0021  0.0000 -0.0000  0.0000 -0.5114 -0.0000 -0.0000  0.0000 -0.0000  0.0153 -0.0000  0.0000  0.0195  0.0000  0.0000 -0.0000 -0.3267 -0.0000  0.0105 -0.0000 -0.0000  0.0000  0.7680 -0.0000 -0.0000  0.0000  0.0000 -0.2029  0.0000 -0.0000
   10  11.2349 THz   0.0000  0.0000  0.0075  0.0087  0.0000  0.0000  0.0046 -0.0040  0.0000 -0.0000 -0.0001  0.0001  0.0000  0.0000  0.0009  0.0010  0.0000  0.0000 -0.0000  0.0000  0.0046  0.0053 -0.0000 -0.0000 -0.7566  0.6537  0.0000  0.0000 -0.0027  0.0023
   11  13.6074 THz   0.1910  0.0000 -0.0000  0.0000 -0.0103 -0.0000 -0.0000  0.0000 -0.0000  0.0015  0.0000 -0.0000  0.0527  0.0000  0.0000 -0.0000 -0.0012 -0.0000 -0.9801  0.0000  0.0000 -0.0000  0.0040 -0.0000  0.0000 -0.0000  0.0000 -0.0042  0.0000  0.0000
   12  14.2585 THz   0.0000  0.0000  0.6441 -0.0147  0.0000  0.0000  0.0000  0.0004  0.0000  0.0000 -0.0001 -0.0065  0.0000 -0.0000 -0.3693  0.0084  0.0000  0.0000 -0.0000 -0.0000 -0.6693  0.0153 -0.0000 -0.0000 -0.0000 -0.0021 -0.0000  0.0000 -0.0003 -0.0150
   13  18.3697 THz  -0.0008  0.0000  0.0000  0.0000  0.3003 -0.0000 -0.0000 -0.0000 -0.0000  0.0803  0.0000 -0.0000 -0.0006  0.0000 -0.0000  0.0000 -0.2079 -0.0000  0.0004 -0.0000 -0.0000  0.0000 -0.1326  0.0000 -0.0000 -0.0000  0.0000 -0.9179 -0.0000  0.0000
   14  22.7926 THz  -0.0033  0.0000 -0.0000  0.0000 -0.4500  0.0000 -0.0000  0.0000  0.0000  0.0040  0.0000  0.0000 -0.0069 -0.0000  0.0000  0.0000  0.8292  0.0000  0.0040 -0.0000 -0.0000 -0.0000 -0.0340  0.0000  0.0000 -0.0000 -0.0000 -0.3298 -0.0000  0.0000


 Q=  0.000000  0.000000  0.000000, q=  0.000000  0.000000  0.000000

                       Ti X   0        Ti Y   0        Ti Z   0        Pb X   1        Pb Y   1        Pb Z   1         O X   2         O Y   2         O Z   2         O X   3         O Y   3         O Z   3         O X   4         O Y   4         O Z   4     
                    --------------- --------------- --------------- --------------- --------------- --------------- --------------- --------------- --------------- --------------- --------------- --------------- --------------- --------------- ---------------
    0  -0.0000 THz   0.0067  0.0000 -0.3971  0.0000 -0.0145  0.0000  0.0140  0.0000 -0.8262  0.0000 -0.0301  0.0000  0.0039  0.0000 -0.2296  0.0000 -0.0084  0.0000  0.0039  0.0000 -0.2296  0.0000 -0.0084  0.0000  0.0039  0.0000 -0.2296  0.0000 -0.0084  0.0000
    1  -0.0000 THz  -0.3690  0.0000 -0.0009  0.0000 -0.1476  0.0000 -0.7677  0.0000 -0.0019  0.0000 -0.3070  0.0000 -0.2133  0.0000 -0.0005  0.0000 -0.0853  0.0000 -0.2133  0.0000 -0.0005  0.0000 -0.0853  0.0000 -0.2133  0.0000 -0.0005  0.0000 -0.0853  0.0000
    2  -0.0000 THz   0.1474  0.0000  0.0160  0.0000 -0.3687  0.0000  0.3067  0.0000  0.0332  0.0000 -0.7672  0.0000  0.0852  0.0000  0.0092  0.0000 -0.2132  0.0000  0.0852  0.0000  0.0092  0.0000 -0.2132  0.0000  0.0852  0.0000  0.0092  0.0000 -0.2132  0.0000
    3   2.7700 THz  -0.5735  0.0000 -0.0000  0.0000 -0.0092  0.0000  0.5586  0.0000  0.0000  0.0000  0.0108  0.0000 -0.4327  0.0000 -0.0000  0.0000 -0.0083  0.0000 -0.2886  0.0000 -0.0000  0.0000 -0.0063  0.0000 -0.2969  0.0000 -0.0000  0.0000 -0.0082  0.0000
    4   2.9660 THz  -0.0000  0.0000  0.5734  0.0000 -0.0000  0.0000  0.0000  0.0000 -0.5580  0.0000  0.0000  0.0000 -0.0000  0.0000  0.4407  0.0000 -0.0000  0.0000 -0.0000  0.0000  0.2911  0.0000 -0.0000  0.0000 -0.0000  0.0000  0.2844  0.0000  0.0000  0.0000
    5   5.0483 THz   0.0174  0.0000 -0.0000  0.0000 -0.5592  0.0000 -0.0111  0.0000 -0.0000  0.0000  0.5608  0.0000  0.0010  0.0000 -0.0000  0.0000 -0.4031  0.0000  0.0055  0.0000 -0.0000  0.0000 -0.3226  0.0000  0.0036  0.0000 -0.0000  0.0000 -0.3251  0.0000
    6   7.5740 THz  -0.6516  0.0000  0.0000  0.0000 -0.0014  0.0000 -0.0105  0.0000  0.0000  0.0000  0.0041  0.0000  0.1821  0.0000 -0.0000  0.0000  0.0030  0.0000  0.3199  0.0000 -0.0000  0.0000 -0.0053  0.0000  0.6631  0.0000 -0.0000  0.0000 -0.0102  0.0000
    7   7.6467 THz  -0.0000  0.0000 -0.6508  0.0000 -0.0000  0.0000 -0.0000  0.0000 -0.0122  0.0000  0.0000  0.0000  0.0000  0.0000  0.1872  0.0000 -0.0000  0.0000  0.0000  0.0000  0.6625  0.0000 -0.0000  0.0000  0.0000  0.0000  0.3199  0.0000 -0.0000  0.0000
    8   7.9551 THz   0.0166  0.0000  0.0000  0.0000 -0.0003  0.0000 -0.0041  0.0000 -0.0000  0.0000 -0.0012  0.0000 -0.0454  0.0000 -0.0000  0.0000  0.0012  0.0000  0.0150  0.0000  0.0000  0.0000  0.7079  0.0000  0.0163  0.0000  0.0000  0.0000 -0.7043  0.0000
    9   8.1394 THz  -0.0000  0.0000 -0.2641  0.0000  0.0000  0.0000  0.0000  0.0000  0.0686  0.0000 -0.0000  0.0000  0.0000  0.0000  0.8472  0.0000  0.0000  0.0000 -0.0000  0.0000 -0.3673  0.0000  0.0000  0.0000 -0.0000  0.0000 -0.2700  0.0000 -0.0000  0.0000
   10   8.1779 THz  -0.2599  0.0000  0.0000  0.0000 -0.0086  0.0000  0.0627  0.0000 -0.0000  0.0000  0.0039  0.0000  0.8513  0.0000 -0.0000  0.0000 -0.0041  0.0000 -0.2684  0.0000  0.0000  0.0000  0.0401  0.0000 -0.3590  0.0000  0.0000  0.0000 -0.0351  0.0000
   11  12.2329 THz   0.0076  0.0000  0.0000  0.0000  0.5313  0.0000 -0.0002  0.0000 -0.0000  0.0000  0.0092  0.0000  0.0063  0.0000 -0.0000  0.0000  0.2085  0.0000 -0.0214  0.0000 -0.0000  0.0000 -0.5786  0.0000  0.0027  0.0000  0.0000  0.0000 -0.5821  0.0000
   12  15.2260 THz   0.1426 -0.0000 -0.0000 -0.0000 -0.0145 -0.0000  0.0102 -0.0000 -0.0000 -0.0000  0.0002 -0.0000  0.0079 -0.0000 -0.0000 -0.0000  0.0017 -0.0000 -0.8300 -0.0000 -0.0000 -0.0000  0.0124 -0.0000  0.5387 -0.0000  0.0000 -0.0000  0.0100 -0.0000
   13  15.2570 THz  -0.0000  0.0000 -0.1413  0.0000  0.0000  0.0000 -0.0000  0.0000 -0.0106  0.0000  0.0000  0.0000 -0.0000  0.0000 -0.0112  0.0000 -0.0000  0.0000  0.0000  0.0000 -0.5373  0.0000 -0.0000  0.0000 -0.0000  0.0000  0.8313  0.0000 -0.0000  0.0000
   14  22.7709 THz  -0.0014  0.0000 -0.0000  0.0000  0.4967  0.0000 -0.0006  0.0000 -0.0000  0.0000 -0.0398  0.0000  0.0017  0.0000  0.0000  0.0000 -0.8609  0.0000 -0.0042  0.0000 -0.0000  0.0000  0.0731  0.0000  0.0070  0.0000  0.0000  0.0000  0.0718  0.0000


 Q=  0.043188 -0.064782  0.071675, q=  0.166667 -0.250000  0.333333

                       Ti X   0        Ti Y   0        Ti Z   0        Pb X   1        Pb Y   1        Pb Z   1         O X   2         O Y   2         O Z   2         O X   3         O Y   3         O Z   3         O X   4         O Y   4         O Z   4     
                    --------------- --------------- --------------- --------------- --------------- --------------- --------------- --------------- --------------- --------------- --------------- --------------- --------------- --------------- ---------------
    0   1.6462 THz  -0.0496  0.0000 -0.0456 -0.1207  0.1385 -0.1023 -0.8355  0.1142 -0.0207 -0.0262  0.2281 -0.3805  0.0015 -0.0032  0.0498 -0.0968  0.0924  0.0083 -0.0339 -0.0133 -0.0067 -0.0180  0.0747 -0.0622 -0.0180 -0.0198  0.0017 -0.0156  0.0821 -0.0533
    1   1.8097 THz  -0.1450  0.0000 -0.0068  0.0636  0.0293  0.1983 -0.1401  0.3354 -0.1715  0.6263  0.3117  0.4778 -0.0656 -0.0817  0.0116  0.0061 -0.0641  0.0894 -0.0329  0.0008 -0.0249  0.0134  0.0174  0.1267 -0.0303  0.0052 -0.0325  0.0298  0.0094  0.1044
    2   2.3900 THz   0.0944  0.0000 -0.0341  0.0873  0.0126  0.0071 -0.3547 -0.0087  0.7162  0.0127 -0.3920  0.4155  0.0042  0.0172 -0.0211  0.0501 -0.0074 -0.0164  0.0049  0.0040  0.0315  0.0341 -0.0586  0.0030 -0.0067  0.0001  0.0270  0.0203 -0.0768  0.0226
    3   4.3996 THz   0.2093  0.0000 -0.1028  0.0665  0.0446  0.5968 -0.0610  0.0836  0.0188 -0.1314 -0.1037 -0.2896  0.0261 -0.0794 -0.0390  0.2988 -0.2363  0.2902  0.0513 -0.0196 -0.0347  0.0644  0.1141  0.3402 -0.0009  0.0192 -0.0710  0.0758 -0.0035  0.2719
    4   5.5219 THz   0.4520  0.0000  0.2836  0.0269 -0.1082 -0.0789 -0.0489  0.0855 -0.0660  0.1600  0.0759 -0.0203  0.4485  0.1814  0.2679  0.2113 -0.0012 -0.0830  0.2058  0.0435  0.2064  0.0761 -0.0724 -0.2466  0.2280  0.1002  0.1344  0.0246 -0.0060  0.2323
    5   6.3802 THz  -0.5394  0.0000  0.2498  0.1456 -0.1700 -0.0945 -0.0371 -0.0143  0.0485 -0.0205 -0.0627 -0.1418 -0.2177 -0.2833  0.1493  0.4347 -0.0348 -0.1067 -0.0840  0.0379  0.2161 -0.0093 -0.0495 -0.0950  0.0015  0.0370  0.1908 -0.0113 -0.0032  0.3211
    6   7.3281 THz  -0.2492  0.0000 -0.0885 -0.0208 -0.0821  0.0677  0.0227 -0.0271  0.0541 -0.0526 -0.0229 -0.0154  0.3126 -0.1460  0.3871 -0.2581 -0.0743  0.0036 -0.0800  0.2784 -0.0980  0.4162  0.0231  0.0780 -0.0837  0.4931 -0.0660  0.1778 -0.0128 -0.0998
    7   7.8639 THz   0.2538  0.0000  0.4424  0.2413 -0.0531 -0.1290 -0.0552  0.0150 -0.0376  0.0433 -0.0010 -0.0499 -0.1198 -0.1775  0.0735  0.1047  0.0270 -0.0811 -0.0646  0.0019  0.0911  0.0546 -0.0297  0.5379 -0.0501  0.0249  0.0734  0.0314  0.0176 -0.5178
    8   8.8364 THz   0.4217  0.0000 -0.3762 -0.0098 -0.1600 -0.2233  0.0063 -0.0369 -0.0074  0.0222  0.0911  0.0476 -0.3828 -0.4234  0.2075  0.1538  0.0391 -0.1984  0.0905  0.0830 -0.2294  0.0234  0.1806 -0.0774  0.0477  0.1300 -0.1146 -0.0180  0.0680  0.1229
    9   9.9578 THz   0.2535  0.0000  0.4937 -0.0840  0.0810  0.0670 -0.0167  0.0068 -0.0302 -0.0154 -0.0418 -0.0202 -0.2154 -0.2048 -0.2411 -0.2717  0.0089  0.0985 -0.1289  0.0310 -0.1664  0.1590 -0.2106 -0.2696 -0.3782  0.1492 -0.0248  0.0797 -0.0036  0.2834
   10  11.0892 THz   0.0645  0.0000 -0.0831  0.0759 -0.1867 -0.1789  0.0121 -0.0270 -0.0090  0.0237 -0.0527 -0.0174  0.0763  0.1593 -0.0614 -0.3172  0.1483 -0.2033 -0.1791  0.0003  0.1631  0.1335  0.2655  0.4219 -0.1816 -0.1620  0.1960 -0.0242  0.2262  0.4883
   11  12.8519 THz  -0.1485  0.0000  0.2808 -0.0152  0.0018 -0.0860 -0.0255  0.0180  0.0222 -0.0083 -0.0658  0.0136  0.0890 -0.0082 -0.1632  0.0153 -0.0712 -0.0541  0.0826  0.0492 -0.6723  0.2125  0.1417  0.0872  0.4841 -0.1425  0.0664 -0.1222  0.1683  0.0785
   12  13.9258 THz  -0.0875  0.0000 -0.0709 -0.0066  0.0032  0.0128 -0.0042  0.0052 -0.0088  0.0066  0.0054 -0.0010 -0.0087  0.0098  0.0154 -0.0030  0.0083  0.0075  0.6897 -0.1519 -0.1809  0.0408 -0.0008  0.0508 -0.4054  0.0794  0.5173 -0.0903 -0.0263 -0.0600
   13  18.1959 THz   0.1411  0.0000 -0.1700 -0.0087 -0.0239  0.3133  0.0144  0.0060 -0.0225 -0.0106  0.0537  0.0066 -0.0240 -0.0296  0.0401  0.0371  0.1587 -0.0369 -0.4764  0.1497 -0.1013  0.0885 -0.0863 -0.1604  0.0790 -0.0719  0.6560 -0.2024 -0.0967 -0.1580
   14  24.4564 THz  -0.0787  0.0000  0.1015  0.0004 -0.1741  0.4419 -0.0105  0.0183  0.0168 -0.0282 -0.0050 -0.0070  0.0031 -0.0104 -0.0076  0.0236  0.7448 -0.3212  0.1742 -0.0368 -0.0400  0.0170 -0.0052 -0.0098  0.0264 -0.0087 -0.2458  0.0470 -0.0086 -0.0217


 Q=  0.043188  0.064782  0.071675, q=  0.166667  0.250000  0.333333

                       Ti X   0        Ti Y   0        Ti Z   0        Pb X   1        Pb Y   1        Pb Z   1         O X   2         O Y   2         O Z   2         O X   3         O Y   3         O Z   3         O X   4         O Y   4         O Z   4     
                    --------------- --------------- --------------- --------------- --------------- --------------- --------------- --------------- --------------- --------------- --------------- --------------- --------------- --------------- ---------------
    0   1.6462 THz  -0.0496  0.0000  0.0456  0.1207  0.1385 -0.1023 -0.8355  0.1142  0.0207  0.0262  0.2281 -0.3805  0.0015 -0.0032 -0.0498  0.0968  0.0924  0.0083 -0.0339 -0.0133  0.0067  0.0180  0.0747 -0.0622 -0.0180 -0.0198 -0.0017  0.0156  0.0821 -0.0533
    1   1.8097 THz   0.1450  0.0000 -0.0068  0.0636 -0.0293 -0.1983  0.1401 -0.3354 -0.1715  0.6263 -0.3117 -0.4778  0.0656  0.0817  0.0116  0.0061  0.0641 -0.0894  0.0329 -0.0008 -0.0249  0.0134 -0.0174 -0.1267  0.0303 -0.0052 -0.0325  0.0298 -0.0094 -0.1044
    2   2.3900 THz   0.0944  0.0000  0.0341 -0.0873  0.0126  0.0071 -0.3547 -0.0087 -0.7162 -0.0127 -0.3920  0.4155  0.0042  0.0172  0.0211 -0.0501 -0.0074 -0.0164  0.0049  0.0040 -0.0315 -0.0341 -0.0586  0.0030 -0.0067  0.0001 -0.0270 -0.0203 -0.0768  0.0226
    3   4.3996 THz  -0.2093  0.0000 -0.1028  0.0665 -0.0446 -0.5968  0.0610 -0.0836  0.0188 -0.1314  0.1037  0.2896 -0.0261  0.0794 -0.0390  0.2988  0.2363 -0.2902 -0.0513  0.0196 -0.0347  0.0644 -0.1141 -0.3402  0.0009 -0.0192 -0.0710  0.0758  0.0035 -0.2719
    4   5.5219 THz   0.4520  0.0000 -0.2836 -0.0269 -0.1082 -0.0789 -0.0489  0.0855  0.0660 -0.1600  0.0759 -0.0203  0.4485  0.1814 -0.2679 -0.2113 -0.0012 -0.0830  0.2058  0.0435 -0.2064 -0.0761 -0.0724 -0.2466  0.2280  0.1002 -0.1344 -0.0246 -0.0060  0.2323
    5   6.3802 THz   0.5394  0.0000  0.2498  0.1456  0.1700  0.0945  0.0371  0.0143  0.0485 -0.0205  0.0627  0.1418  0.2177  0.2833  0.1493  0.4347  0.0348  0.1067  0.0840 -0.0379  0.2161 -0.0093  0.0495  0.0950 -0.0015 -0.0370  0.1908 -0.0113  0.0032 -0.3211
    6   7.3281 THz  -0.2492  0.0000  0.0885  0.0208 -0.0821  0.0677  0.0227 -0.0271 -0.0541  0.0526 -0.0229 -0.0154  0.3126 -0.1460 -0.3871  0.2581 -0.0743  0.0036 -0.0800  0.2784  0.0980 -0.4162  0.0231  0.0780 -0.0837  0.4931  0.0660 -0.1778 -0.0128 -0.0998
    7   7.8639 THz   0.2538  0.0000 -0.4424 -0.2413 -0.0531 -0.1290 -0.0552  0.0150  0.0376 -0.0433 -0.0010 -0.0499 -0.1198 -0.1775 -0.0735 -0.1047  0.0270 -0.0811 -0.0646  0.0019 -0.0911 -0.0546 -0.0297  0.5379 -0.0501  0.0249 -0.0734 -0.0314  0.0176 -0.5178
    8   8.8364 THz  -0.4217  0.0000 -0.3762 -0.0098  0.1600  0.2233 -0.0063  0.0369 -0.0074  0.0222 -0.0911 -0.0476  0.3828  0.4234  0.2075  0.1538 -0.0391  0.1984 -0.0905 -0.0830 -0.2294  0.0234 -0.1806  0.0774 -0.0477 -0.1300 -0.1146 -0.0180 -0.0680 -0.1229
    9   9.9578 THz   0.2535  0.0000 -0.4937  0.0840  0.0810  0.0670 -0.0167  0.0068  0.0302  0.0154 -0.0418 -0.0202 -0.2154 -0.2048  0.2411  0.2717  0.0089  0.0985 -0.1289  0.0310  0.1664 -0.1590 -0.2106 -0.2696 -0.3782  0.1492  0.0248 -0.0797 -0.0036  0.2834
   10  11.0892 THz   0.0645  0.0000  0.0831 -0.0759 -0.1867 -0.1789  0.0121 -0.0270  0.0090 -0.0237 -0.0527 -0.0174  0.0763  0.1593  0.0614  0.3172  0.1483 -0.2033 -0.1791  0.0003 -0.1631 -0.1335  0.2655  0.4219 -0.1816 -0.1620 -0.1960  0.0242  0.2262  0.4883
   11  12.8519 THz  -0.1485  0.0000 -0.2808  0.0152  0.0018 -0.0860 -0.0255  0.0180 -0.0222  0.0083 -0.0658  0.0136  0.0890 -0.0082  0.1632 -0.0153 -0.0712 -0.0541  0.0826  0.0492  0.6723 -0.2125  0.1417  0.0872  0.4841 -0.1425 -0.0664  0.1222  0.1683  0.0785
   12  13.9258 THz  -0.0875  0.0000  0.0709  0.0066  0.0032  0.0128 -0.0042  0.0052  0.0088 -0.0066  0.0054 -0.0010 -0.0087  0.0098 -0.0154  0.0030  0.0083  0.0075  0.6897 -0.1519  0.1809 -0.0408 -0.0008  0.0508 -0.4054  0.0794 -0.5173  0.0903 -0.0263 -0.0600
   13  18.1959 THz   0.1411  0.0000  0.1700  0.0087 -0.0239  0.3133  0.0144  0.0060  0.0225  0.0106  0.0537  0.0066 -0.0240 -0.0296 -0.0401 -0.0371  0.1587 -0.0369 -0.4764  0.1497  0.1013 -0.0885 -0.0863 -0.1604  0.0790 -0.0719 -0.6560  0.2024 -0.0967 -0.1580
   14  24.4564 THz   0.0787  0.0000  0.1015  0.0004  0.1741 -0.4419  0.0105 -0.0183  0.0168 -0.0282  0.0050  0.0070 -0.0031  0.0104 -0.0076  0.0236 -0.7448  0.3212 -0.1742  0.0368 -0.0400  0.0170  0.0052  0.0098 -0.0264  0.0087 -0.2458  0.0470  0.0086  0.0217


 Q=  0.086376 -0.129565 -0.071675, q=  0.333333 -0.500000 -0.333333

                       Ti X   0        Ti Y   0        Ti Z   0        Pb X   1        Pb Y   1        Pb Z   1         O X   2         O Y   2         O Z   2         O X   3         O Y   3         O Z   3         O X   4         O Y   4         O Z   4     
                    --------------- --------------- --------------- --------------- --------------- --------------- --------------- --------------- --------------- --------------- --------------- --------------- --------------- --------------- ---------------
    0   1.9964 THz   0.0000  0.0000 -0.0877  0.1193 -0.0000 -0.0000 -0.9644 -0.0917  0.0000  0.0000 -0.1228 -0.0236  0.0000 -0.0000  0.1022  0.1078 -0.0000 -0.0000  0.0000 -0.0000 -0.0041  0.0155 -0.0000 -0.0000  0.0030  0.0136  0.0000  0.0000 -0.0368  0.0138
    1   2.3162 THz   0.1780  0.0000  0.0000 -0.0000 -0.0380 -0.0784  0.0000 -0.0000  0.5887  0.7643 -0.0000  0.0000  0.0175 -0.1604 -0.0000  0.0000 -0.0285 -0.0206  0.0147 -0.0057  0.0000  0.0000 -0.0357 -0.0291  0.0000 -0.0000  0.0187  0.0066 -0.0000  0.0000
    2   2.3577 THz  -0.0000  0.0000  0.0676  0.0099  0.0000  0.0000  0.1299 -0.0440 -0.0000 -0.0000 -0.9630  0.1957 -0.0000  0.0000  0.0308  0.0570  0.0000  0.0000 -0.0000  0.0000  0.0146  0.0222  0.0000  0.0000  0.0078 -0.0095 -0.0000 -0.0000 -0.0625  0.0435
    3   5.2293 THz   0.0293  0.0000  0.0000 -0.0000  0.3273  0.4929  0.0000 -0.0000  0.0849  0.1165  0.0000  0.0000 -0.0863  0.3316 -0.0000 -0.0000  0.3803  0.0614  0.0349  0.0040  0.0000 -0.0000  0.2782  0.5198  0.0000 -0.0000 -0.1075  0.0453  0.0000  0.0000
    4   5.6505 THz   0.0000  0.0000  0.1147 -0.1446 -0.0000 -0.0000 -0.0822 -0.1130 -0.0000 -0.0000 -0.0468 -0.1005  0.0000 -0.0000  0.1221 -0.7247 -0.0000 -0.0000 -0.0000  0.0000  0.0956 -0.1472  0.0000 -0.0000  0.0411 -0.1874  0.0000 -0.0000  0.1933  0.5377
    5   6.5145 THz  -0.3153  0.0000 -0.0000  0.0000 -0.0370 -0.4256 -0.0000  0.0000  0.0110  0.1344  0.0000 -0.0000 -0.5373  0.5100  0.0000 -0.0000 -0.2396 -0.1718 -0.1179  0.0053 -0.0000  0.0000  0.0408  0.1974 -0.0000  0.0000  0.0954  0.0252  0.0000  0.0000
    6   6.7906 THz  -0.0000  0.0000  0.1008 -0.0550 -0.0000 -0.0000 -0.0315  0.0068 -0.0000  0.0000  0.0038 -0.0028 -0.0000  0.0000 -0.1828  0.1399 -0.0000 -0.0000 -0.0000  0.0000  0.6656 -0.1098  0.0000  0.0000  0.6632 -0.0853  0.0000  0.0000  0.1484 -0.0921
    7   8.6548 THz   0.3947  0.0000  0.0000  0.0000 -0.0291 -0.3408 -0.0000 -0.0000 -0.0557 -0.1132  0.0000 -0.0000  0.2767 -0.1772  0.0000 -0.0000 -0.2099 -0.1520 -0.1369 -0.0102 -0.0000  0.0000 -0.0420  0.7179 -0.0000 -0.0000  0.0082 -0.0028  0.0000 -0.0000
    8   8.9604 THz   0.0000  0.0000 -0.3253 -0.1974 -0.0000 -0.0000 -0.0193  0.1080 -0.0000 -0.0000  0.0218  0.0245  0.0000 -0.0000 -0.4821  0.1035 -0.0000 -0.0000 -0.0000  0.0000  0.0240 -0.0912  0.0000  0.0000  0.0426  0.0438  0.0000 -0.0000 -0.5910  0.4868
    9  10.5230 THz  -0.8291  0.0000  0.0000  0.0000  0.0067  0.0178  0.0000  0.0000  0.0966  0.0642 -0.0000 -0.0000  0.3314 -0.2932 -0.0000  0.0000  0.0172  0.0158 -0.1877 -0.0526  0.0000 -0.0000 -0.0268  0.2522 -0.0000 -0.0000  0.0074 -0.0026 -0.0000  0.0000
   10  11.5988 THz   0.0000  0.0000  0.8215  0.2636  0.0000  0.0000 -0.0548 -0.0782 -0.0000  0.0000  0.0697 -0.0036 -0.0000  0.0000 -0.3203  0.1622  0.0000  0.0000 -0.0000 -0.0000  0.0374 -0.0525  0.0000 -0.0000 -0.2314 -0.0823 -0.0000 -0.0000 -0.1251  0.1805
   11  11.7055 THz  -0.0905  0.0000  0.0000  0.0000  0.0041 -0.0053 -0.0000 -0.0000 -0.0035 -0.0136  0.0000  0.0000  0.0344 -0.0491 -0.0000  0.0000 -0.0053 -0.0085  0.6913  0.2019  0.0000 -0.0000 -0.0387  0.1421 -0.0000 -0.0000  0.6417  0.1889 -0.0000  0.0000
   12  14.3021 THz  -0.0000  0.0000  0.1919  0.0114  0.0000 -0.0000 -0.0230 -0.0234  0.0000  0.0000  0.0047  0.0209  0.0000 -0.0000 -0.0763 -0.0530  0.0000 -0.0000  0.0000  0.0000 -0.7042 -0.0645 -0.0000 -0.0000  0.6700  0.0520  0.0000  0.0000 -0.0334 -0.0096
   13  19.5864 THz  -0.1100  0.0000  0.0000  0.0000 -0.0716 -0.3894 -0.0000 -0.0000  0.0133 -0.0094  0.0000 -0.0000  0.0052 -0.0116 -0.0000  0.0000  0.2569  0.0986  0.5615  0.1106  0.0000 -0.0000 -0.0146  0.0780 -0.0000 -0.0000 -0.6363 -0.1278  0.0000  0.0000
   14  23.6816 THz   0.0675  0.0000 -0.0000  0.0000 -0.0730 -0.4247 -0.0000 -0.0000 -0.0083 -0.0220 -0.0000  0.0000 -0.0108  0.0111  0.0000 -0.0000  0.6410  0.4573 -0.2685 -0.0972  0.0000 -0.0000  0.0043 -0.0101 -0.0000 -0.0000  0.3086  0.1103  0.0000 -0.0000


 Q=  0.086376  0.000000 -0.071675, q=  0.333333  0.000000 -0.333333

                       Ti X   0        Ti Y   0        Ti Z   0        Pb X   1        Pb Y   1        Pb Z   1         O X   2         O Y   2         O Z   2         O X   3         O Y   3         O Z   3         O X   4         O Y   4         O Z   4     
                    --------------- --------------- --------------- --------------- --------------- --------------- --------------- --------------- --------------- --------------- --------------- --------------- --------------- --------------- ---------------
    0   1.7196 THz  -0.0000  0.0000  0.0461 -0.0612 -0.0000  0.0000 -0.0000  0.0000  0.9953 -0.0183 -0.0000  0.0000 -0.0000 -0.0000 -0.0200 -0.0345 -0.0000  0.0000 -0.0000  0.0000  0.0150 -0.0211 -0.0000  0.0000 -0.0000 -0.0000  0.0219 -0.0195 -0.0000  0.0000
    1   1.8434 THz   0.1229  0.0000  0.0000 -0.0000  0.2266 -0.1447  0.2848 -0.3258  0.0000 -0.0000  0.7666 -0.2274  0.1104 -0.0053 -0.0000 -0.0000  0.0350 -0.1432  0.0083 -0.0382  0.0000 -0.0000  0.1213 -0.1060  0.0128 -0.0036  0.0000 -0.0000  0.1366 -0.0758
    2   2.5032 THz   0.0992  0.0000 -0.0000 -0.0000 -0.1014  0.0967 -0.1371  0.8304  0.0000  0.0000  0.3442 -0.3474  0.0473  0.0007 -0.0000 -0.0000 -0.0270  0.0648  0.0099  0.0647  0.0000 -0.0000  0.0170 -0.0483  0.0254  0.0557  0.0000 -0.0000 -0.0704 -0.0157
    3   4.3853 THz  -0.1038  0.0000 -0.0000  0.0000 -0.3736 -0.4192  0.2705  0.0934  0.0000  0.0000  0.1331  0.2467 -0.3155 -0.1883  0.0000  0.0000 -0.3690 -0.0193 -0.0685 -0.0043 -0.0000  0.0000 -0.2344 -0.1615 -0.0246 -0.0410 -0.0000  0.0000 -0.1898 -0.3433
    4   4.5604 THz   0.0000  0.0000 -0.1746  0.8768  0.0000  0.0000 -0.0000 -0.0000  0.0829 -0.0337 -0.0000 -0.0000  0.0000  0.0000  0.1642  0.3579  0.0000  0.0000  0.0000  0.0000  0.0031  0.0578  0.0000  0.0000  0.0000  0.0000 -0.0538  0.1771  0.0000  0.0000
    5   5.9283 THz  -0.2570  0.0000  0.0000  0.0000  0.2833 -0.1307 -0.0269  0.1193 -0.0000 -0.0000  0.0156 -0.1280 -0.3849  0.4949  0.0000  0.0000  0.0464 -0.1945 -0.1027 -0.0886  0.0000  0.0000 -0.2655  0.4066 -0.1406 -0.1288  0.0000  0.0000  0.2169 -0.1852
    6   8.0992 THz  -0.0000  0.0000 -0.2060 -0.2950  0.0000 -0.0000  0.0000 -0.0000  0.0114  0.0096  0.0000  0.0000 -0.0000  0.0000  0.8136  0.3688 -0.0000 -0.0000 -0.0000 -0.0000  0.0765 -0.1852  0.0000 -0.0000 -0.0000 -0.0000  0.0400 -0.1748 -0.0000  0.0000
    7   8.5221 THz   0.6461  0.0000 -0.0000 -0.0000 -0.0463  0.0242 -0.0121 -0.0354 -0.0000  0.0000 -0.0660  0.0538  0.0199  0.0088  0.0000  0.0000  0.0030  0.0246  0.1883  0.0428  0.0000 -0.0000 -0.2375  0.3302  0.4480  0.0850  0.0000 -0.0000  0.1553 -0.3679
    8   9.6209 THz   0.3369  0.0000  0.0000 -0.0000  0.0439 -0.3077 -0.0196  0.0443 -0.0000  0.0000 -0.0619  0.0463 -0.1145  0.4609 -0.0000  0.0000 -0.0990 -0.1944 -0.0076 -0.1011  0.0000  0.0000 -0.0320 -0.3279  0.2768 -0.1580  0.0000  0.0000 -0.2081  0.4947
    9  10.3191 THz   0.0000  0.0000  0.1224  0.1524  0.0000 -0.0000 -0.0000  0.0000 -0.0158  0.0221 -0.0000  0.0000 -0.0000  0.0000 -0.1928  0.0829 -0.0000 -0.0000 -0.0000 -0.0000 -0.2494 -0.8436 -0.0000 -0.0000  0.0000 -0.0000 -0.1058 -0.3632 -0.0000  0.0000
   10  11.0879 THz   0.1813  0.0000  0.0000  0.0000  0.2496 -0.0430 -0.0097  0.0195 -0.0000 -0.0000  0.0416  0.0432  0.2698 -0.2521  0.0000 -0.0000 -0.0006 -0.2253 -0.1429 -0.1658 -0.0000  0.0000 -0.4787  0.2609 -0.3214  0.1408  0.0000  0.0000 -0.4629  0.1714
   11  12.8265 THz  -0.5440  0.0000  0.0000 -0.0000 -0.0120 -0.0291 -0.0151 -0.0006 -0.0000  0.0000  0.0847  0.0066  0.2981  0.0166  0.0000  0.0000  0.0815 -0.0449 -0.0629 -0.1481  0.0000  0.0000 -0.2257  0.0472  0.6928  0.1570  0.0000 -0.0000 -0.1178  0.0136
   12  14.2611 THz  -0.0000  0.0000 -0.0620 -0.1527 -0.0000 -0.0000  0.0000 -0.0000 -0.0001 -0.0047  0.0000 -0.0000  0.0000 -0.0000  0.0300 -0.0190 -0.0000 -0.0000  0.0000 -0.0000 -0.0572 -0.4227  0.0000  0.0000  0.0000  0.0000  0.1209  0.8803 -0.0000 -0.0000
   13  17.7116 THz   0.1716  0.0000  0.0000 -0.0000 -0.0366  0.3159  0.0341 -0.0088 -0.0000  0.0000 -0.0471 -0.0007 -0.0605  0.0312  0.0000 -0.0000 -0.1262 -0.0544 -0.7914 -0.3730  0.0000 -0.0000  0.1188 -0.1237  0.0812  0.1047 -0.0000  0.0000  0.0941 -0.1456
   14  24.1590 THz   0.0948  0.0000 -0.0000  0.0000 -0.1493 -0.4555  0.0202  0.0387  0.0000 -0.0000 -0.0037  0.0064 -0.0060 -0.0359  0.0000 -0.0000  0.7333  0.3642 -0.2856 -0.0528  0.0000  0.0000 -0.0138  0.0245 -0.0442 -0.0236  0.0000  0.0000 -0.0033 -0.0005
