
Used Primitive lattice vector

   -2.062861000000     -2.062861000000      0.000000000000  
   -2.062861000000      0.000000000000     -2.062861000000  
    0.000000000000     -2.062861000000     -2.062861000000  

   1 Atom(s) in the Primitive cell

 0.0000000000 0.0000000000 0.0000000000 Al    0


 Q=  0.121191  0.121191  0.121191, q= -0.500000 -0.500000 -0.500000

                       Al X   0        Al Y   0        Al Z   0     
                    --------------- --------------- ---------------
    0   3.7088 THz   0.4975  0.0000  0.3119 -0.0000 -0.8094  0.0000
    1   3.7088 THz   0.6474  0.0000 -0.7546  0.0000  0.1072 -0.0000
    2   6.9415 THz   0.5774  0.0000  0.5774 -0.0000  0.5774  0.0000


 Q=  0.181786  0.060595  0.060595, q= -0.500000 -0.500000 -0.250000

                       Al X   0        Al Y   0        Al Z   0     
                    --------------- --------------- ---------------
    0   4.5434 THz   0.0000  0.0000  0.7057  0.0440 -0.7057 -0.0440
    1   5.8345 THz   0.5328  0.0000 -0.5984 -0.0000 -0.5984  0.0000
    2   7.7117 THz   0.8463  0.0000  0.3767 -0.0000  0.3767 -0.0000


 Q=  0.242382  0.000000  0.000000, q= -0.500000 -0.500000  0.000000

                       Al X   0        Al Y   0        Al Z   0     
                    --------------- --------------- ---------------
    0   4.9241 THz   0.0000  0.0000 -0.4307 -0.0000 -0.9025 -0.0000
    1   4.9241 THz   0.0000  0.0000 -0.9025 -0.0000  0.4307  0.0000
    2   9.2336 THz   1.0000  0.0000  0.0000  0.0000  0.0000  0.0000


 Q=  0.302977 -0.060595 -0.060595, q= -0.500000 -0.500000  0.250000

                       Al X   0        Al Y   0        Al Z   0     
                    --------------- --------------- ---------------
    0   4.5434 THz   0.0000  0.0000  0.7050 -0.0549 -0.7050  0.0549
    1   5.8345 THz   0.5328  0.0000 -0.5984 -0.0000 -0.5984  0.0000
    2   7.7117 THz   0.8463  0.0000  0.3767  0.0000  0.3767 -0.0000


 Q=  0.060595  0.181786  0.060595, q= -0.500000 -0.250000 -0.500000

                       Al X   0        Al Y   0        Al Z   0     
                    --------------- --------------- ---------------
    0   4.5434 THz  -0.7071  0.0000 -0.0000 -0.0000  0.7071 -0.0000
    1   5.8345 THz   0.5984  0.0000 -0.5328  0.0000  0.5984 -0.0000
    2   7.7117 THz   0.3767  0.0000  0.8463 -0.0000  0.3767 -0.0000


 Q=  0.121191  0.121191  0.000000, q= -0.500000 -0.250000 -0.250000

                       Al X   0        Al Y   0        Al Z   0     
                    --------------- --------------- ---------------
    0   4.1010 THz   0.7071  0.0000 -0.7071 -0.0000  0.0000 -0.0000
    1   4.9321 THz   0.0000  0.0000 -0.0000 -0.0000 -0.9090 -0.4168
    2   7.1911 THz   0.7071  0.0000  0.7071  0.0000 -0.0000  0.0000


 Q=  0.181786  0.060595 -0.060595, q= -0.500000 -0.250000  0.000000

                       Al X   0        Al Y   0        Al Z   0     
                    --------------- --------------- ---------------
    0   4.5434 THz  -0.0000  0.0000 -0.7064  0.0305 -0.7064  0.0305
    1   5.8345 THz   0.5328  0.0000 -0.5984  0.0000  0.5984  0.0000
    2   7.7117 THz   0.8463  0.0000  0.3767 -0.0000 -0.3767 -0.0000


 Q=  0.242382  0.000000 -0.121191, q= -0.500000 -0.250000  0.250000

                       Al X   0        Al Y   0        Al Z   0     
                    --------------- --------------- ---------------
    0   5.4828 THz   0.0000  0.0000 -0.0000 -0.0000  0.9967  0.0816
    1   6.7865 THz   0.0000  0.0000 -0.9933 -0.1157 -0.0000 -0.0000
    2   6.7865 THz   1.0000  0.0000  0.0000  0.0000  0.0000  0.0000


 Q=  0.000000  0.242382  0.000000, q= -0.500000  0.000000 -0.500000

                       Al X   0        Al Y   0        Al Z   0     
                    --------------- --------------- ---------------
    0   4.9241 THz   0.0000  0.0000  0.0000  0.0000 -1.0000  0.0000
    1   4.9241 THz   1.0000  0.0000  0.0000  0.0000  0.0000  0.0000
    2   9.2336 THz   0.0000  0.0000 -1.0000  0.0000  0.0000  0.0000


 Q=  0.060595  0.181786 -0.060595, q= -0.500000  0.000000 -0.250000

                       Al X   0        Al Y   0        Al Z   0     
                    --------------- --------------- ---------------
    0   4.5434 THz  -0.7071  0.0000  0.0000  0.0000 -0.7071  0.0000
    1   5.8345 THz   0.5984  0.0000 -0.5328  0.0000 -0.5984  0.0000
    2   7.7117 THz  -0.3767  0.0000 -0.8463 -0.0000  0.3767  0.0000


 Q=  0.121191  0.121191 -0.121191, q= -0.500000  0.000000  0.000000

                       Al X   0        Al Y   0        Al Z   0     
                    --------------- --------------- ---------------
    0   3.7088 THz   0.0000  0.0000 -0.7071  0.0000 -0.7071  0.0000
    1   3.7088 THz   0.8165  0.0000 -0.4082 -0.0000  0.4082 -0.0000
    2   6.9415 THz  -0.5774  0.0000 -0.5774 -0.0000  0.5774 -0.0000


 Q=  0.181786  0.060595 -0.181786, q= -0.500000  0.000000  0.250000

                       Al X   0        Al Y   0        Al Z   0     
                    --------------- --------------- ---------------
    0   4.5434 THz  -0.7071  0.0000  0.0000 -0.0000 -0.7071 -0.0000
    1   5.8345 THz   0.5984  0.0000 -0.5328 -0.0000 -0.5984 -0.0000
    2   7.7117 THz  -0.3767  0.0000 -0.8463  0.0000  0.3767 -0.0000


 Q= -0.060595  0.302977 -0.060595, q= -0.500000  0.250000 -0.500000

                       Al X   0        Al Y   0        Al Z   0     
                    --------------- --------------- ---------------
    0   4.5434 THz  -0.7071  0.0000 -0.0000  0.0000  0.7071  0.0000
    1   5.8345 THz   0.5984  0.0000 -0.5328 -0.0000  0.5984  0.0000
    2   7.7117 THz   0.3767  0.0000  0.8463  0.0000  0.3767  0.0000


 Q=  0.000000  0.242382 -0.121191, q= -0.500000  0.250000 -0.250000

                       Al X   0        Al Y   0        Al Z   0     
                    --------------- --------------- ---------------
    0   5.4828 THz   0.0000  0.0000 -0.0000  0.0000 -0.8315  0.5555
    1   6.7865 THz   1.0000  0.0000  0.0000  0.0000  0.0000  0.0000
    2   6.7865 THz   0.0000  0.0000 -0.9933  0.1157  0.0000 -0.0000


 Q=  0.060595  0.181786 -0.181786, q= -0.500000  0.250000  0.000000

                       Al X   0        Al Y   0        Al Z   0     
                    --------------- --------------- ---------------
    0   4.5434 THz  -0.0000  0.0000 -0.7070  0.0113 -0.7070  0.0113
    1   5.8345 THz   0.5328  0.0000 -0.5984  0.0000  0.5984 -0.0000
    2   7.7117 THz   0.8463  0.0000  0.3767 -0.0000 -0.3767  0.0000


 Q=  0.121191  0.121191 -0.242382, q= -0.500000  0.250000  0.250000

                       Al X   0        Al Y   0        Al Z   0     
                    --------------- --------------- ---------------
    0   4.1010 THz   0.7071  0.0000 -0.7071  0.0000  0.0000  0.0000
    1   4.9321 THz   0.0000  0.0000 -0.0000 -0.0000 -0.3642 -0.9313
    2   7.1911 THz   0.7071  0.0000  0.7071 -0.0000 -0.0000 -0.0000


 Q=  0.060595  0.060595  0.181786, q= -0.250000 -0.500000 -0.500000

                       Al X   0        Al Y   0        Al Z   0     
                    --------------- --------------- ---------------
    0   4.5434 THz  -0.7071  0.0000  0.7071 -0.0000 -0.0000 -0.0000
    1   5.8345 THz   0.5984  0.0000  0.5984 -0.0000 -0.5328 -0.0000
    2   7.7117 THz  -0.3767  0.0000 -0.3767  0.0000 -0.8463 -0.0000


 Q=  0.121191  0.000000  0.121191, q= -0.250000 -0.500000 -0.250000

                       Al X   0        Al Y   0        Al Z   0     
                    --------------- --------------- ---------------
    0   4.1010 THz   0.7071  0.0000  0.0000 -0.0000 -0.7071 -0.0000
    1   4.9321 THz   0.0000  0.0000  0.1825  0.9832 -0.0000  0.0000
    2   7.1911 THz   0.7071  0.0000  0.0000  0.0000  0.7071  0.0000


 Q=  0.181786 -0.060595  0.060595, q= -0.250000 -0.500000  0.000000

                       Al X   0        Al Y   0        Al Z   0     
                    --------------- --------------- ---------------
    0   4.5434 THz   0.0000  0.0000 -0.7071 -0.0072 -0.7071 -0.0072
    1   5.8345 THz  -0.5328  0.0000 -0.5984  0.0000  0.5984 -0.0000
    2   7.7117 THz   0.8463  0.0000 -0.3767  0.0000  0.3767 -0.0000


 Q=  0.242382 -0.121191  0.000000, q= -0.250000 -0.500000  0.250000

                       Al X   0        Al Y   0        Al Z   0     
                    --------------- --------------- ---------------
    0   5.4828 THz   0.0000  0.0000 -0.9973  0.0740 -0.0000  0.0000
    1   6.7865 THz   0.0000  0.0000  0.0000  0.0000 -0.9604 -0.2788
    2   6.7865 THz   1.0000  0.0000  0.0000  0.0000  0.0000  0.0000


 Q=  0.000000  0.121191  0.121191, q= -0.250000 -0.250000 -0.500000

                       Al X   0        Al Y   0        Al Z   0     
                    --------------- --------------- ---------------
    0   4.1010 THz   0.0000  0.0000 -0.2512 -0.6610  0.2512  0.6610
    1   4.9321 THz   1.0000  0.0000  0.0000  0.0000  0.0000  0.0000
    2   7.1911 THz   0.0000  0.0000 -0.6434 -0.2933 -0.6434 -0.2933


 Q=  0.060595  0.060595  0.060595, q= -0.250000 -0.250000 -0.250000

                       Al X   0        Al Y   0        Al Z   0     
                    --------------- --------------- ---------------
    0   2.9871 THz   0.0000  0.0000  0.7046  0.0597 -0.7046 -0.0597
    1   2.9871 THz   0.8165  0.0000 -0.4082  0.0000 -0.4082 -0.0000
    2   6.1443 THz  -0.5774  0.0000 -0.5774  0.0000 -0.5774 -0.0000


 Q=  0.121191  0.000000  0.000000, q= -0.250000 -0.250000  0.000000

                       Al X   0        Al Y   0        Al Z   0     
                    --------------- --------------- ---------------
    0   3.5079 THz   0.0000  0.0000 -0.1574  0.1837  0.7569  0.6071
    1   3.5079 THz   0.0000  0.0000  0.2246  0.9439 -0.2334  0.0636
    2   6.0732 THz   1.0000  0.0000  0.0000  0.0000  0.0000  0.0000


 Q=  0.181786 -0.060595 -0.060595, q= -0.250000 -0.250000  0.250000

                       Al X   0        Al Y   0        Al Z   0     
                    --------------- --------------- ---------------
    0   4.5434 THz   0.0000  0.0000  0.7053 -0.0503 -0.7053  0.0503
    1   5.8345 THz  -0.5328  0.0000 -0.5984  0.0000 -0.5984  0.0000
    2   7.7117 THz   0.8463  0.0000 -0.3767  0.0000 -0.3767  0.0000


 Q= -0.060595  0.181786  0.060595, q= -0.250000  0.000000 -0.500000

                       Al X   0        Al Y   0        Al Z   0     
                    --------------- --------------- ---------------
    0   4.5434 THz   0.7071  0.0000 -0.0000  0.0000  0.7071 -0.0000
    1   5.8345 THz   0.5984  0.0000  0.5328 -0.0000 -0.5984  0.0000
    2   7.7117 THz  -0.3767  0.0000  0.8463  0.0000  0.3767 -0.0000


 Q=  0.000000  0.121191  0.000000, q= -0.250000  0.000000 -0.250000

                       Al X   0        Al Y   0        Al Z   0     
                    --------------- --------------- ---------------
    0   3.5079 THz   0.0000  0.0000 -0.0000 -0.0000  0.9986 -0.0524
    1   3.5079 THz   1.0000  0.0000  0.0000  0.0000  0.0000  0.0000
    2   6.0732 THz   0.0000  0.0000 -0.6670 -0.7450 -0.0000 -0.0000


 Q=  0.060595  0.060595 -0.060595, q= -0.250000  0.000000  0.000000

                       Al X   0        Al Y   0        Al Z   0     
                    --------------- --------------- ---------------
    0   2.9871 THz   0.0000  0.0000 -0.7071  0.0062 -0.7071  0.0062
    1   2.9871 THz   0.8165  0.0000 -0.4082 -0.0000  0.4082  0.0000
    2   6.1443 THz  -0.5774  0.0000 -0.5774 -0.0000  0.5774  0.0000


 Q=  0.121191  0.000000 -0.121191, q= -0.250000  0.000000  0.250000

                       Al X   0        Al Y   0        Al Z   0     
                    --------------- --------------- ---------------
    0   4.1010 THz   0.7071  0.0000  0.0000  0.0000  0.7071 -0.0000
    1   4.9321 THz   0.0000  0.0000 -0.0149  0.9999 -0.0000  0.0000
    2   7.1911 THz   0.7071  0.0000  0.0000 -0.0000 -0.7071  0.0000


 Q= -0.121191  0.242382  0.000000, q= -0.250000  0.250000 -0.500000

                       Al X   0        Al Y   0        Al Z   0     
                    --------------- --------------- ---------------
    0   5.4828 THz   1.0000  0.0000  0.0000  0.0000  0.0000  0.0000
    1   6.7865 THz   0.0000  0.0000  0.3174 -0.0313 -0.5134  0.7967
    2   6.7865 THz   0.0000  0.0000 -0.9292  0.1870 -0.1450  0.2840


 Q= -0.060595  0.181786 -0.060595, q= -0.250000  0.250000 -0.250000

                       Al X   0        Al Y   0        Al Z   0     
                    --------------- --------------- ---------------
    0   4.5434 THz   0.7071  0.0000  0.0000  0.0000 -0.7071 -0.0000
    1   5.8345 THz   0.5984  0.0000  0.5328  0.0000  0.5984 -0.0000
    2   7.7117 THz   0.3767  0.0000 -0.8463 -0.0000  0.3767  0.0000


 Q=  0.000000  0.121191 -0.121191, q= -0.250000  0.250000  0.000000

                       Al X   0        Al Y   0        Al Z   0     
                    --------------- --------------- ---------------
    0   4.1010 THz   0.0000  0.0000 -0.4570  0.5396 -0.4570  0.5396
    1   4.9321 THz   1.0000  0.0000  0.0000  0.0000  0.0000  0.0000
    2   7.1911 THz   0.0000  0.0000 -0.0124 -0.7070  0.0124  0.7070


 Q=  0.060595  0.060595 -0.181786, q= -0.250000  0.250000  0.250000

                       Al X   0        Al Y   0        Al Z   0     
                    --------------- --------------- ---------------
    0   4.5434 THz  -0.7071  0.0000  0.7071 -0.0000  0.0000 -0.0000
    1   5.8345 THz   0.5984  0.0000  0.5984 -0.0000  0.5328 -0.0000
    2   7.7117 THz   0.3767  0.0000  0.3767  0.0000 -0.8463  0.0000


 Q=  0.000000  0.000000  0.242382, q=  0.000000 -0.500000 -0.500000

                       Al X   0        Al Y   0        Al Z   0     
                    --------------- --------------- ---------------
    0   4.9241 THz   0.0000  0.0000  1.0000 -0.0000  0.0000 -0.0000
    1   4.9241 THz   1.0000  0.0000  0.0000  0.0000  0.0000  0.0000
    2   9.2336 THz   0.0000  0.0000  0.0000  0.0000 -1.0000  0.0000


 Q=  0.060595 -0.060595  0.181786, q=  0.000000 -0.500000 -0.250000

                       Al X   0        Al Y   0        Al Z   0     
                    --------------- --------------- ---------------
    0   4.5434 THz   0.7071  0.0000  0.7071  0.0000  0.0000 -0.0000
    1   5.8345 THz   0.5984  0.0000 -0.5984 -0.0000 -0.5328 -0.0000
    2   7.7117 THz  -0.3767  0.0000  0.3767  0.0000 -0.8463 -0.0000


 Q=  0.121191 -0.121191  0.121191, q=  0.000000 -0.500000  0.000000

                       Al X   0        Al Y   0        Al Z   0     
                    --------------- --------------- ---------------
    0   3.7088 THz   0.0000  0.0000 -0.7071 -0.0000 -0.7071 -0.0000
    1   3.7088 THz   0.8165  0.0000  0.4082  0.0000 -0.4082  0.0000
    2   6.9415 THz   0.5774  0.0000 -0.5774 -0.0000  0.5774 -0.0000


 Q=  0.181786 -0.181786  0.060595, q=  0.000000 -0.500000  0.250000

                       Al X   0        Al Y   0        Al Z   0     
                    --------------- --------------- ---------------
    0   4.5434 THz   0.7071  0.0000  0.7071 -0.0000 -0.0000  0.0000
    1   5.8345 THz   0.5984  0.0000 -0.5984  0.0000 -0.5328  0.0000
    2   7.7117 THz  -0.3767  0.0000  0.3767 -0.0000 -0.8463  0.0000


 Q= -0.060595  0.060595  0.181786, q=  0.000000 -0.250000 -0.500000

                       Al X   0        Al Y   0        Al Z   0     
                    --------------- --------------- ---------------
    0   4.5434 THz   0.7071  0.0000  0.7071 -0.0000  0.0000  0.0000
    1   5.8345 THz   0.5984  0.0000 -0.5984  0.0000  0.5328 -0.0000
    2   7.7117 THz   0.3767  0.0000 -0.3767 -0.0000 -0.8463 -0.0000


 Q=  0.000000  0.000000  0.121191, q=  0.000000 -0.250000 -0.250000

                       Al X   0        Al Y   0        Al Z   0     
                    --------------- --------------- ---------------
    0   3.5079 THz   0.0000  0.0000 -0.6721  0.7405  0.0000  0.0000
    1   3.5079 THz   1.0000  0.0000  0.0000  0.0000  0.0000  0.0000
    2   6.0732 THz   0.0000  0.0000 -0.0000  0.0000 -0.9874 -0.1583


 Q=  0.060595 -0.060595  0.060595, q=  0.000000 -0.250000  0.000000

                       Al X   0        Al Y   0        Al Z   0     
                    --------------- --------------- ---------------
    0   2.9871 THz   0.0000  0.0000 -0.6716  0.2212 -0.6716  0.2212
    1   2.9871 THz   0.8165  0.0000  0.4082  0.0000 -0.4082  0.0000
    2   6.1443 THz   0.5774  0.0000 -0.5774 -0.0000  0.5774 -0.0000


 Q=  0.121191 -0.121191  0.000000, q=  0.000000 -0.250000  0.250000

                       Al X   0        Al Y   0        Al Z   0     
                    --------------- --------------- ---------------
    0   4.1010 THz  -0.7071  0.0000 -0.7071  0.0000 -0.0000  0.0000
    1   4.9321 THz   0.0000  0.0000  0.0000  0.0000 -0.3528  0.9357
    2   7.1911 THz   0.7071  0.0000 -0.7071  0.0000 -0.0000  0.0000


 Q= -0.121191  0.121191  0.121191, q=  0.000000  0.000000 -0.500000

                       Al X   0        Al Y   0        Al Z   0     
                    --------------- --------------- ---------------
    0   3.7088 THz   0.0000  0.0000  0.7071  0.0000 -0.7071 -0.0000
    1   3.7088 THz   0.8165  0.0000  0.4082 -0.0000  0.4082  0.0000
    2   6.9415 THz   0.5774  0.0000 -0.5774  0.0000 -0.5774 -0.0000


 Q= -0.060595  0.060595  0.060595, q=  0.000000  0.000000 -0.250000

                       Al X   0        Al Y   0        Al Z   0     
                    --------------- --------------- ---------------
    0   2.9871 THz   0.0000  0.0000 -0.0000  0.7071 -0.0000 -0.7071
    1   2.9871 THz   0.8165  0.0000  0.4082  0.0000  0.4082  0.0000
    2   6.1443 THz   0.5774  0.0000 -0.5774 -0.0000 -0.5774 -0.0000


 Q=  0.000000  0.000000  0.000000, q=  0.000000  0.000000  0.000000

                       Al X   0        Al Y   0        Al Z   0     
                    --------------- --------------- ---------------
    0   0.0000 THz   0.1194  0.0000  0.9354  0.0000 -0.3328  0.0000
    1   0.0000 THz  -0.4310  0.0000 -0.2531  0.0000 -0.8661  0.0000
    2   0.0000 THz   0.8944  0.0000 -0.2468  0.0000 -0.3729  0.0000


 Q=  0.060595 -0.060595 -0.060595, q=  0.000000  0.000000  0.250000

                       Al X   0        Al Y   0        Al Z   0     
                    --------------- --------------- ---------------
    0   2.9871 THz   0.0000  0.0000 -0.0000 -0.7071 -0.0000  0.7071
    1   2.9871 THz   0.8165  0.0000  0.4082 -0.0000  0.4082 -0.0000
    2   6.1443 THz   0.5774  0.0000 -0.5774  0.0000 -0.5774  0.0000


 Q= -0.181786  0.181786  0.060595, q=  0.000000  0.250000 -0.500000

                       Al X   0        Al Y   0        Al Z   0     
                    --------------- --------------- ---------------
    0   4.5434 THz   0.7071  0.0000  0.7071 -0.0000 -0.0000  0.0000
    1   5.8345 THz   0.5984  0.0000 -0.5984  0.0000  0.5328  0.0000
    2   7.7117 THz   0.3767  0.0000 -0.3767  0.0000 -0.8463 -0.0000


 Q= -0.121191  0.121191  0.000000, q=  0.000000  0.250000 -0.250000

                       Al X   0        Al Y   0        Al Z   0     
                    --------------- --------------- ---------------
    0   4.1010 THz  -0.7071  0.0000 -0.7071 -0.0000 -0.0000 -0.0000
    1   4.9321 THz   0.0000  0.0000  0.0000 -0.0000 -0.3528 -0.9357
    2   7.1911 THz   0.7071  0.0000 -0.7071 -0.0000 -0.0000 -0.0000


 Q= -0.060595  0.060595 -0.060595, q=  0.000000  0.250000  0.000000

                       Al X   0        Al Y   0        Al Z   0     
                    --------------- --------------- ---------------
    0   2.9871 THz   0.0000  0.0000 -0.6716 -0.2212 -0.6716 -0.2212
    1   2.9871 THz   0.8165  0.0000  0.4082 -0.0000 -0.4082 -0.0000
    2   6.1443 THz   0.5774  0.0000 -0.5774  0.0000  0.5774  0.0000


 Q=  0.000000  0.000000 -0.121191, q=  0.000000  0.250000  0.250000

                       Al X   0        Al Y   0        Al Z   0     
                    --------------- --------------- ---------------
    0   3.5079 THz   0.0000  0.0000 -0.6721 -0.7405  0.0000 -0.0000
    1   3.5079 THz   1.0000  0.0000  0.0000  0.0000  0.0000  0.0000
    2   6.0732 THz   0.0000  0.0000 -0.0000 -0.0000 -0.9874  0.1583


 Q= -0.060595 -0.060595  0.302977, q=  0.250000 -0.500000 -0.500000

                       Al X   0        Al Y   0        Al Z   0     
                    --------------- --------------- ---------------
    0   4.5434 THz  -0.7071  0.0000  0.7071  0.0000  0.0000 -0.0000
    1   5.8345 THz   0.5984  0.0000  0.5984  0.0000 -0.5328  0.0000
    2   7.7117 THz  -0.3767  0.0000 -0.3767  0.0000 -0.8463  0.0000


 Q=  0.000000 -0.121191  0.242382, q=  0.250000 -0.500000 -0.250000

                       Al X   0        Al Y   0        Al Z   0     
                    --------------- --------------- ---------------
    0   5.4828 THz   0.0000  0.0000  0.5809  0.8140  0.0000  0.0000
    1   6.7865 THz   0.0000  0.0000  0.0000 -0.0000 -0.9593  0.2823
    2   6.7865 THz   1.0000  0.0000  0.0000  0.0000  0.0000  0.0000


 Q=  0.060595 -0.181786  0.181786, q=  0.250000 -0.500000  0.000000

                       Al X   0        Al Y   0        Al Z   0     
                    --------------- --------------- ---------------
    0   4.5434 THz   0.0000  0.0000 -0.7070  0.0128 -0.7070  0.0128
    1   5.8345 THz  -0.5328  0.0000 -0.5984 -0.0000  0.5984  0.0000
    2   7.7117 THz   0.8463  0.0000 -0.3767 -0.0000  0.3767  0.0000


 Q=  0.121191 -0.242382  0.121191, q=  0.250000 -0.500000  0.250000

                       Al X   0        Al Y   0        Al Z   0     
                    --------------- --------------- ---------------
    0   4.1010 THz  -0.7071  0.0000  0.0000 -0.0000  0.7071 -0.0000
    1   4.9321 THz   0.0000  0.0000 -0.9880  0.1541  0.0000  0.0000
    2   7.1911 THz   0.7071  0.0000  0.0000 -0.0000  0.7071 -0.0000


 Q= -0.121191  0.000000  0.242382, q=  0.250000 -0.250000 -0.500000

                       Al X   0        Al Y   0        Al Z   0     
                    --------------- --------------- ---------------
    0   5.4828 THz   1.0000  0.0000  0.0000  0.0000  0.0000  0.0000
    1   6.7865 THz   0.0000  0.0000  0.5851  0.0320 -0.8006 -0.1253
    2   6.7865 THz   0.0000  0.0000  0.7624  0.2746  0.5286  0.2529


 Q= -0.060595 -0.060595  0.181786, q=  0.250000 -0.250000 -0.250000

                       Al X   0        Al Y   0        Al Z   0     
                    --------------- --------------- ---------------
    0   4.5434 THz  -0.7071  0.0000  0.7071  0.0000  0.0000  0.0000
    1   5.8345 THz   0.5984  0.0000  0.5984  0.0000  0.5328  0.0000
    2   7.7117 THz   0.3767  0.0000  0.3767 -0.0000 -0.8463 -0.0000


 Q=  0.000000 -0.121191  0.121191, q=  0.250000 -0.250000  0.000000

                       Al X   0        Al Y   0        Al Z   0     
                    --------------- --------------- ---------------
    0   4.1010 THz   0.0000  0.0000 -0.4570 -0.5396 -0.4570 -0.5396
    1   4.9321 THz   1.0000  0.0000  0.0000  0.0000  0.0000  0.0000
    2   7.1911 THz   0.0000  0.0000 -0.0124  0.7070  0.0124 -0.7070


 Q=  0.060595 -0.181786  0.060595, q=  0.250000 -0.250000  0.250000

                       Al X   0        Al Y   0        Al Z   0     
                    --------------- --------------- ---------------
    0   4.5434 THz   0.7071  0.0000  0.0000 -0.0000 -0.7071  0.0000
    1   5.8345 THz   0.5984  0.0000  0.5328 -0.0000  0.5984  0.0000
    2   7.7117 THz   0.3767  0.0000 -0.8463  0.0000  0.3767 -0.0000


 Q= -0.181786  0.060595  0.181786, q=  0.250000  0.000000 -0.500000

                       Al X   0        Al Y   0        Al Z   0     
                    --------------- --------------- ---------------
    0   4.5434 THz   0.7071  0.0000 -0.0000  0.0000  0.7071  0.0000
    1   5.8345 THz   0.5984  0.0000  0.5328 -0.0000 -0.5984 -0.0000
    2   7.7117 THz  -0.3767  0.0000  0.8463 -0.0000  0.3767  0.0000


 Q= -0.121191  0.000000  0.121191, q=  0.250000  0.000000 -0.250000

                       Al X   0        Al Y   0        Al Z   0     
                    --------------- --------------- ---------------
    0   4.1010 THz   0.7071  0.0000  0.0000 -0.0000  0.7071  0.0000
    1   4.9321 THz   0.0000  0.0000 -0.0149 -0.9999 -0.0000  0.0000
    2   7.1911 THz   0.7071  0.0000  0.0000  0.0000 -0.7071 -0.0000


 Q= -0.060595 -0.060595  0.060595, q=  0.250000  0.000000  0.000000

                       Al X   0        Al Y   0        Al Z   0     
                    --------------- --------------- ---------------
    0   2.9871 THz   0.0000  0.0000 -0.7071 -0.0062 -0.7071 -0.0062
    1   2.9871 THz   0.8165  0.0000 -0.4082  0.0000  0.4082 -0.0000
    2   6.1443 THz  -0.5774  0.0000 -0.5774  0.0000  0.5774 -0.0000


 Q=  0.000000 -0.121191  0.000000, q=  0.250000  0.000000  0.250000

                       Al X   0        Al Y   0        Al Z   0     
                    --------------- --------------- ---------------
    0   3.5079 THz   0.0000  0.0000 -0.0000  0.0000  0.9986  0.0524
    1   3.5079 THz   1.0000  0.0000  0.0000  0.0000  0.0000  0.0000
    2   6.0732 THz   0.0000  0.0000 -0.6670  0.7450 -0.0000  0.0000


 Q= -0.242382  0.121191  0.121191, q=  0.250000  0.250000 -0.500000

                       Al X   0        Al Y   0        Al Z   0     
                    --------------- --------------- ---------------
    0   4.1010 THz   0.0000  0.0000  0.2406 -0.6649 -0.2406  0.6649
    1   4.9321 THz   1.0000  0.0000  0.0000  0.0000  0.0000  0.0000
    2   7.1911 THz   0.0000  0.0000 -0.7063  0.0347 -0.7063  0.0347


 Q= -0.181786  0.060595  0.060595, q=  0.250000  0.250000 -0.250000

                       Al X   0        Al Y   0        Al Z   0     
                    --------------- --------------- ---------------
    0   4.5434 THz   0.0000  0.0000  0.7053  0.0503 -0.7053 -0.0503
    1   5.8345 THz  -0.5328  0.0000 -0.5984 -0.0000 -0.5984 -0.0000
    2   7.7117 THz   0.8463  0.0000 -0.3767 -0.0000 -0.3767 -0.0000


 Q= -0.121191  0.000000  0.000000, q=  0.250000  0.250000  0.000000

                       Al X   0        Al Y   0        Al Z   0     
                    --------------- --------------- ---------------
    0   3.5079 THz   0.0000  0.0000 -0.1574 -0.1837  0.7569 -0.6071
    1   3.5079 THz   0.0000  0.0000  0.2246 -0.9439 -0.2334 -0.0636
    2   6.0732 THz   1.0000  0.0000  0.0000  0.0000  0.0000  0.0000


 Q= -0.060595 -0.060595 -0.060595, q=  0.250000  0.250000  0.250000

                       Al X   0        Al Y   0        Al Z   0     
                    --------------- --------------- ---------------
    0   2.9871 THz   0.0000  0.0000  0.7046 -0.0597 -0.7046  0.0597
    1   2.9871 THz   0.8165  0.0000 -0.4082 -0.0000 -0.4082  0.0000
    2   6.1443 THz  -0.5774  0.0000 -0.5774 -0.0000 -0.5774  0.0000
