
Used Primitive lattice vector

    3.803509000000      0.000000000000      0.000000000000  
    0.000000000000      3.803509000000      0.000000000000  
    0.000000000000      0.000000000000      3.803509000000  

   5 Atom(s) in the Primitive cell

 0.5000000000 0.5000000000 0.5000000000 Ti    0
 0.0000000000 0.0000000000 0.0000000000 Pb    1
 0.5000000000 0.0000000000 0.5000000000  O    2
 0.5000000000 0.5000000000 0.0000000000  O    3
 0.0000000000 0.5000000000 0.5000000000  O    4


 Q= -0.131458 -0.131458 -0.131458, q= -0.500000 -0.500000 -0.500000

                       Ti X   0        Ti Y   0        Ti Z   0        Pb X   1        Pb Y   1        Pb Z   1         O X   2         O Y   2         O Z   2         O X   3         O Y   3         O Z   3         O X   4         O Y   4         O Z   4     
                    --------------- --------------- --------------- --------------- --------------- --------------- --------------- --------------- --------------- --------------- --------------- --------------- --------------- --------------- ---------------
    0  -1.8536 THz   0.0000  0.0000 -0.0000  0.0000 -0.0000  0.0000 -0.0000 -0.0000  0.0000 -0.0000 -0.0000  0.0000 -0.0442 -0.0272  0.0000 -0.0000  0.0574 -0.0231 -0.7019  0.0280 -0.0574  0.0231 -0.0000 -0.0000 -0.0000 -0.0000  0.0442  0.0272  0.7019 -0.0280
    1  -1.8536 THz   0.0000  0.0000  0.0000  0.0000  0.0000  0.0000  0.0000 -0.0000 -0.0000 -0.0000 -0.0000  0.0000  0.2955 -0.6402 -0.0000  0.0000 -0.0122 -0.0029  0.0073  0.0508  0.0122  0.0029 -0.0000  0.0000  0.0000  0.0000 -0.2955  0.6402 -0.0073 -0.0508
    2  -1.8536 THz   0.0000  0.0000  0.0000  0.0000 -0.0000  0.0000 -0.0000  0.0000 -0.0000 -0.0000  0.0000 -0.0000 -0.0040  0.0093 -0.0000 -0.0000 -0.6980  0.0942 -0.0608 -0.0135  0.6980 -0.0942  0.0000  0.0000  0.0000  0.0000  0.0040 -0.0093  0.0608  0.0135
    3   2.4023 THz   0.0000  0.0000  0.0000 -0.0000  0.0000 -0.0000  0.8115 -0.2025 -0.4320  0.1175 -0.2746  0.1486 -0.0098  0.0053 -0.0000 -0.0000  0.0291 -0.0073 -0.0155  0.0042  0.0291 -0.0073  0.0000  0.0000 -0.0000  0.0000 -0.0098  0.0053 -0.0155  0.0042
    4   2.4023 THz   0.0000  0.0000 -0.0000  0.0000  0.0000  0.0000 -0.5068 -0.1515 -0.5613 -0.0605 -0.6124 -0.1545 -0.0219 -0.0055  0.0000  0.0000 -0.0181 -0.0054 -0.0201 -0.0022 -0.0181 -0.0054  0.0000  0.0000  0.0000  0.0000 -0.0219 -0.0055 -0.0201 -0.0022
    5   2.4023 THz   0.0000  0.0000 -0.0000  0.0000  0.0000  0.0000 -0.0838  0.1055 -0.6429  0.2550  0.6670 -0.2370  0.0239 -0.0085  0.0000  0.0000 -0.0030  0.0038 -0.0230  0.0091 -0.0030  0.0038  0.0000 -0.0000 -0.0000 -0.0000  0.0239 -0.0085 -0.0230  0.0091
    6  11.9033 THz   0.0000  0.0000 -0.0000  0.0000  0.0000 -0.0000 -0.0487 -0.0074  0.0087 -0.0059  0.0008  0.0045 -0.0114 -0.0623  0.0000 -0.0000  0.6800  0.1039 -0.1214  0.0821  0.6800  0.1039 -0.0000 -0.0000 -0.0000  0.0000 -0.0114 -0.0623 -0.1214  0.0821
    7  11.9033 THz   0.0000  0.0000  0.0000 -0.0000  0.0000 -0.0000  0.0000 -0.0003 -0.0208 -0.0027 -0.0217  0.0406  0.3026 -0.5665 -0.0000 -0.0000 -0.0002  0.0047  0.2911  0.0379 -0.0002  0.0047 -0.0000 -0.0000  0.0000  0.0000  0.3026 -0.5665  0.2911  0.0379
    8  11.9033 THz   0.0000  0.0000  0.0000 -0.0000  0.0000 -0.0000 -0.0101 -0.0054 -0.0434  0.0109  0.0023 -0.0204 -0.0319  0.2849 -0.0000 -0.0000  0.1408  0.0752  0.6064 -0.1527  0.1408  0.0752 -0.0000 -0.0000  0.0000  0.0000 -0.0319  0.2849  0.6064 -0.1527
    9  13.4721 THz   0.0000  0.0000 -0.1904  0.0000 -0.5659 -0.8022  0.0000  0.0000 -0.0000 -0.0000 -0.0000 -0.0000  0.0000 -0.0000 -0.0000  0.0000  0.0000  0.0000  0.0000  0.0000  0.0000  0.0000  0.0000  0.0000  0.0000 -0.0000  0.0000 -0.0000 -0.0000  0.0000
   10  13.4721 THz   0.0000  0.0000 -0.9817 -0.0000  0.1098  0.1556  0.0000  0.0000 -0.0000  0.0000 -0.0000  0.0000 -0.0000 -0.0000  0.0000 -0.0000 -0.0000 -0.0000  0.0000  0.0000  0.0000 -0.0000  0.0000  0.0000 -0.0000 -0.0000 -0.0000 -0.0000  0.0000 -0.0000
   11  13.4721 THz   1.0000  0.0000  0.0000  0.0000  0.0000  0.0000  0.0000  0.0000  0.0000  0.0000  0.0000  0.0000  0.0000  0.0000  0.0000  0.0000  0.0000  0.0000  0.0000  0.0000  0.0000  0.0000  0.0000  0.0000  0.0000  0.0000  0.0000  0.0000  0.0000  0.0000
   12  17.9198 THz   0.0000  0.0000  0.0000 -0.0000  0.0000  0.0000 -0.0000 -0.0000 -0.0000 -0.0000 -0.0000  0.0000  0.0000 -0.0000  0.0573  0.4045  0.0000  0.0000  0.0000  0.0000  0.0000  0.0000  0.0573  0.4039 -0.1146 -0.8084  0.0000 -0.0000  0.0000  0.0000
   13  17.9198 THz  -0.0000 -0.0000  0.0000  0.0000 -0.0000  0.0000  0.0000 -0.0000  0.0000 -0.0000  0.0000  0.0000 -0.0000  0.0000 -0.1297 -0.6949 -0.0000  0.0000  0.0000 -0.0000 -0.0000  0.0000  0.1298  0.6952 -0.0001 -0.0003  0.0000  0.0000  0.0000  0.0000
   14  27.6361 THz   0.0000  0.0000  0.0000 -0.0000 -0.0000 -0.0000  0.0000  0.0000  0.0000  0.0000  0.0000  0.0000 -0.0000  0.0000 -0.0811 -0.5716 -0.0000 -0.0000 -0.0000  0.0000 -0.0000 -0.0000 -0.0811 -0.5716 -0.0811 -0.5716  0.0000  0.0000  0.0000 -0.0000


 Q= -0.131458 -0.131458  0.000000, q= -0.500000 -0.500000  0.000000

                       Ti X   0        Ti Y   0        Ti Z   0        Pb X   1        Pb Y   1        Pb Z   1         O X   2         O Y   2         O Z   2         O X   3         O Y   3         O Z   3         O X   4         O Y   4         O Z   4     
                    --------------- --------------- --------------- --------------- --------------- --------------- --------------- --------------- --------------- --------------- --------------- --------------- --------------- --------------- ---------------
    0   1.3752 THz  -0.0000  0.0000  0.0000 -0.0000 -0.0000 -0.0000  0.0000  0.0000  0.0000 -0.0000  0.0000  0.0000 -0.6153 -0.3485  0.0000 -0.0000 -0.0000  0.0000  0.0000  0.0000 -0.0000  0.0000 -0.0000 -0.0000 -0.0000  0.0000  0.6153  0.3485 -0.0000 -0.0000
    1   1.8028 THz  -0.0018  0.0000 -0.1603  0.0000 -0.0000  0.0000  0.9828 -0.0000  0.0109 -0.0000  0.0000  0.0000  0.0000 -0.0000 -0.0000 -0.0000  0.0000 -0.0000  0.0010 -0.0000  0.0915 -0.0000 -0.0000  0.0000  0.0000  0.0000 -0.0000  0.0000 -0.0000 -0.0000
    2   1.8028 THz   0.1603  0.0000 -0.0018  0.0000 -0.0000  0.0000  0.0109 -0.0000 -0.9828 -0.0000  0.0000  0.0000 -0.0000 -0.0000 -0.0000 -0.0000  0.0000 -0.0000 -0.0915  0.0000  0.0010 -0.0000  0.0000  0.0000  0.0000  0.0000  0.0000  0.0000 -0.0000 -0.0000
    3   1.8105 THz   0.0000  0.0000 -0.0000 -0.0000  0.0000 -0.0000  0.0000  0.0000 -0.0000 -0.0000 -0.8229 -0.5682 -0.0000 -0.0000  0.0000 -0.0000  0.0000  0.0000 -0.0000  0.0000  0.0000  0.0000  0.0000 -0.0000 -0.0000  0.0000  0.0000  0.0000  0.0000  0.0000
    4   4.4915 THz  -0.0000  0.0000  0.0000  0.0000 -0.9776 -0.0000 -0.0000 -0.0000  0.0000  0.0000 -0.0000 -0.0000  0.0000 -0.0000  0.0000  0.0000 -0.0000 -0.0000  0.0000  0.0000 -0.0000 -0.0000 -0.2105 -0.0000  0.0000 -0.0000 -0.0000  0.0000 -0.0000  0.0000
    5   7.6555 THz   0.0000  0.0000  0.2409 -0.0000  0.0000 -0.0000 -0.0509  0.0000 -0.0000  0.0000 -0.0000  0.0000  0.0000 -0.0000  0.0000  0.0000  0.0000 -0.0000  0.0000  0.0000  0.9692 -0.0000  0.0000 -0.0000 -0.0000 -0.0000 -0.0000  0.0000  0.0000 -0.0000
    6   7.6555 THz  -0.2409  0.0000  0.0000 -0.0000  0.0000 -0.0000 -0.0000  0.0000  0.0509  0.0000 -0.0000  0.0000  0.0000 -0.0000  0.0000  0.0000  0.0000 -0.0000 -0.9692 -0.0000  0.0000 -0.0000  0.0000 -0.0000 -0.0000 -0.0000  0.0000 -0.0000 -0.0000 -0.0000
    7   9.8533 THz   0.0000  0.0000  0.0000  0.0000 -0.0000  0.0000  0.0000  0.0000 -0.0000 -0.0000 -0.0000  0.0000 -0.0000  0.0000  0.0000 -0.0000 -0.0077 -0.0167 -0.0000 -0.0000  0.0000  0.0000 -0.0000  0.0000 -0.0000  0.0000  0.0000 -0.0000 -0.7007 -0.7132
    8   9.8533 THz   0.0000  0.0000  0.0000 -0.0000  0.0000 -0.0000  0.0000  0.0000 -0.0000  0.0000  0.0000  0.0000  0.0000  0.0000 -0.0000 -0.0000 -0.9993  0.0334 -0.0000  0.0000  0.0000 -0.0000  0.0000 -0.0000  0.0000  0.0000 -0.0000 -0.0000  0.0171 -0.0068
    9  13.7386 THz   0.0008  0.0000 -0.9572 -0.0000 -0.0000  0.0000 -0.1774 -0.0000  0.0002  0.0000 -0.0000  0.0000  0.0000 -0.0000  0.0000  0.0000 -0.0000  0.0000 -0.0002  0.0000  0.2286  0.0000 -0.0000  0.0000 -0.0000 -0.0000  0.0000 -0.0000  0.0000  0.0000
   10  13.7386 THz   0.9572  0.0000  0.0008  0.0000  0.0000 -0.0000  0.0002  0.0000  0.1774  0.0000  0.0000 -0.0000  0.0000 -0.0000 -0.0000 -0.0000  0.0000 -0.0000 -0.2286 -0.0000 -0.0002 -0.0000  0.0000 -0.0000  0.0000 -0.0000  0.0000 -0.0000 -0.0000 -0.0000
   11  14.1020 THz  -0.0000  0.0000  0.0000  0.0000 -0.0000  0.0000  0.0000  0.0000 -0.0000  0.0000  0.0000  0.0000  0.6754 -0.2094  0.0000  0.0000 -0.0000  0.0000  0.0000  0.0000 -0.0000 -0.0000 -0.0000  0.0000 -0.0000 -0.0000  0.6754 -0.2094  0.0000  0.0000
   12  17.2336 THz  -0.0000  0.0000 -0.0000 -0.0000 -0.2105 -0.0000  0.0000 -0.0000  0.0000  0.0000 -0.0000 -0.0000  0.0000 -0.0000 -0.0000 -0.0000  0.0000 -0.0000  0.0000  0.0000  0.0000 -0.0000  0.9776  0.0000  0.0000  0.0000  0.0000 -0.0000 -0.0000 -0.0000
   13  18.7550 THz   0.0000  0.0000  0.0000  0.0000 -0.0000 -0.0000  0.0000  0.0000  0.0000 -0.0000  0.0000  0.0000 -0.0000  0.0000  0.0804  0.7025 -0.0000 -0.0000  0.0000  0.0000 -0.0000 -0.0000  0.0000  0.0000 -0.0804 -0.7025 -0.0000 -0.0000 -0.0000 -0.0000
   14  26.6258 THz   0.0000  0.0000 -0.0000 -0.0000 -0.0000 -0.0000 -0.0000 -0.0000  0.0000 -0.0000  0.0000  0.0000 -0.0000  0.0000  0.0932  0.7009 -0.0000 -0.0000 -0.0000 -0.0000  0.0000 -0.0000  0.0000  0.0000  0.0932  0.7009 -0.0000 -0.0000 -0.0000 -0.0000


 Q= -0.131458  0.000000 -0.131458, q= -0.500000  0.000000 -0.500000

                       Ti X   0        Ti Y   0        Ti Z   0        Pb X   1        Pb Y   1        Pb Z   1         O X   2         O Y   2         O Z   2         O X   3         O Y   3         O Z   3         O X   4         O Y   4         O Z   4     
                    --------------- --------------- --------------- --------------- --------------- --------------- --------------- --------------- --------------- --------------- --------------- --------------- --------------- --------------- ---------------
    0   1.3752 THz   0.0000  0.0000  0.0000  0.0000  0.0000  0.0000 -0.0000 -0.0000  0.0000 -0.0000 -0.0000  0.0000 -0.0000  0.0000  0.0000  0.0000 -0.0000 -0.0000  0.3738 -0.6002 -0.0000 -0.0000 -0.0000 -0.0000  0.0000 -0.0000  0.0000  0.0000 -0.3738  0.6002
    1   1.8028 THz   0.0038  0.0000  0.0000 -0.0000 -0.1603  0.0000  0.9825 -0.0000 -0.0000  0.0000 -0.0235 -0.0000 -0.0022 -0.0000  0.0000 -0.0000  0.0915 -0.0000 -0.0000 -0.0000 -0.0000  0.0000 -0.0000  0.0000  0.0000  0.0000 -0.0000 -0.0000  0.0000  0.0000
    2   1.8028 THz   0.1603  0.0000 -0.0000  0.0000  0.0038 -0.0000 -0.0235  0.0000  0.0000 -0.0000 -0.9825  0.0000 -0.0915  0.0000 -0.0000  0.0000 -0.0022  0.0000 -0.0000  0.0000  0.0000 -0.0000 -0.0000 -0.0000  0.0000  0.0000  0.0000  0.0000  0.0000 -0.0000
    3   1.8105 THz   0.0000  0.0000  0.0000  0.0000  0.0000  0.0000 -0.0000 -0.0000 -0.9980  0.0628 -0.0000  0.0000 -0.0000  0.0000  0.0000  0.0000 -0.0000 -0.0000  0.0000 -0.0000  0.0000 -0.0000  0.0000 -0.0000 -0.0000  0.0000 -0.0000 -0.0000 -0.0000  0.0000
    4   4.4915 THz   0.0000  0.0000 -0.9776 -0.0000  0.0000  0.0000  0.0000  0.0000 -0.0000  0.0000  0.0000 -0.0000  0.0000 -0.0000 -0.2105 -0.0000  0.0000  0.0000 -0.0000 -0.0000 -0.0000  0.0000 -0.0000 -0.0000 -0.0000 -0.0000 -0.0000 -0.0000  0.0000  0.0000
    5   7.6555 THz  -0.0082  0.0000 -0.0000 -0.0000 -0.2408  0.0000  0.0509 -0.0000 -0.0000  0.0000  0.0017 -0.0000 -0.0330 -0.0000 -0.0000 -0.0000 -0.9687  0.0000  0.0000  0.0000 -0.0000  0.0000 -0.0000  0.0000  0.0000 -0.0000 -0.0000 -0.0000 -0.0000  0.0000
    6   7.6555 THz   0.2408  0.0000  0.0000 -0.0000 -0.0082  0.0000  0.0017 -0.0000 -0.0000  0.0000 -0.0509 -0.0000  0.9687 -0.0000  0.0000 -0.0000 -0.0330  0.0000  0.0000  0.0000 -0.0000  0.0000 -0.0000 -0.0000  0.0000  0.0000 -0.0000 -0.0000 -0.0000 -0.0000
    7   9.8533 THz  -0.0000 -0.0000  0.0000  0.0000  0.0000 -0.0000 -0.0000 -0.0000 -0.0000 -0.0000 -0.0000 -0.0000 -0.0000 -0.0000  0.0000 -0.0000  0.0000  0.0000  0.0000  0.0000 -0.7791  0.0383 -0.0000 -0.0000  0.0000 -0.0000  0.0000 -0.6258  0.0000 -0.0000
    8   9.8533 THz   0.0000  0.0000 -0.0000  0.0000 -0.0000  0.0000 -0.0000  0.0000 -0.0000 -0.0000  0.0000  0.0000  0.0000  0.0000 -0.0000 -0.0000 -0.0000 -0.0000 -0.0000  0.0000 -0.6250  0.0307 -0.0000  0.0000  0.0000  0.0000  0.0000  0.7800 -0.0000 -0.0000
    9  13.7386 THz  -0.0003  0.0000 -0.0000  0.0000 -0.9572  0.0000 -0.1774  0.0000  0.0000 -0.0000 -0.0000 -0.0000  0.0001 -0.0000 -0.0000  0.0000  0.2286 -0.0000  0.0000 -0.0000  0.0000 -0.0000  0.0000 -0.0000 -0.0000 -0.0000  0.0000 -0.0000  0.0000 -0.0000
   10  13.7386 THz   0.9572  0.0000 -0.0000  0.0000 -0.0003  0.0000 -0.0000  0.0000  0.0000 -0.0000  0.1774 -0.0000 -0.2286 -0.0000  0.0000  0.0000  0.0001 -0.0000  0.0000 -0.0000  0.0000 -0.0000  0.0000  0.0000  0.0000  0.0000  0.0000 -0.0000  0.0000 -0.0000
   11  14.1020 THz  -0.0000  0.0000  0.0000 -0.0000  0.0000  0.0000  0.0000  0.0000  0.0000 -0.0000 -0.0000 -0.0000  0.0000 -0.0000  0.0000  0.0000 -0.0000 -0.0000  0.5385 -0.4583  0.0000 -0.0000 -0.0000 -0.0000  0.0000  0.0000  0.0000  0.0000  0.5385 -0.4583
   12  17.2336 THz   0.0000  0.0000  0.2105 -0.0000  0.0000  0.0000  0.0000  0.0000 -0.0000 -0.0000 -0.0000 -0.0000  0.0000 -0.0000 -0.9776  0.0000 -0.0000 -0.0000  0.0000 -0.0000  0.0000 -0.0000  0.0000  0.0000  0.0000 -0.0000  0.0000  0.0000  0.0000 -0.0000
   13  18.7550 THz   0.0000  0.0000 -0.0000  0.0000  0.0000 -0.0000 -0.0000  0.0000 -0.0000  0.0000  0.0000 -0.0000 -0.0000  0.0000  0.0000 -0.0000  0.0000 -0.0000  0.0000  0.0000 -0.0000  0.0000  0.0963  0.7005 -0.0963 -0.7005 -0.0000 -0.0000  0.0000 -0.0000
   14  26.6258 THz  -0.0000  0.0000  0.0000  0.0000 -0.0000 -0.0000 -0.0000  0.0000 -0.0000  0.0000 -0.0000 -0.0000  0.0000 -0.0000 -0.0000  0.0000  0.0000 -0.0000 -0.0000 -0.0000 -0.0000  0.0000  0.1167  0.6974  0.1167  0.6974  0.0000  0.0000 -0.0000  0.0000


 Q= -0.131458  0.000000  0.000000, q= -0.500000  0.000000  0.000000

                       Ti X   0        Ti Y   0        Ti Z   0        Pb X   1        Pb Y   1        Pb Z   1         O X   2         O Y   2         O Z   2         O X   3         O Y   3         O Z   3         O X   4         O Y   4         O Z   4     
                    --------------- --------------- --------------- --------------- --------------- --------------- --------------- --------------- --------------- --------------- --------------- --------------- --------------- --------------- ---------------
    0   1.7410 THz   0.0000  0.0000 -0.0000  0.0000 -0.0000 -0.0000  0.0000 -0.0000 -0.0000 -0.9984  0.0036  0.0279 -0.0000  0.0000 -0.0000  0.0000  0.0000  0.0000  0.0000 -0.0000 -0.0000 -0.0000 -0.0000 -0.0000  0.0000 -0.0000  0.0000  0.0491 -0.0002 -0.0014
    1   1.7410 THz   0.0000  0.0000  0.0000  0.0000 -0.0000  0.0000 -0.0000  0.0000 -0.0000 -0.0281 -0.1265 -0.9904  0.0000  0.0000  0.0000  0.0000  0.0000 -0.0000 -0.0000 -0.0000 -0.0000 -0.0000  0.0000  0.0000  0.0000  0.0000  0.0000  0.0014  0.0062  0.0487
    2   3.7488 THz   0.0000  0.0000  0.0000  0.0000  0.0000  0.0000  0.2197 -0.9743  0.0000  0.0000  0.0000 -0.0000 -0.0000 -0.0000  0.0000  0.0000  0.0000  0.0000  0.0000  0.0000  0.0000 -0.0000  0.0000  0.0000  0.0109 -0.0484 -0.0000 -0.0000 -0.0000  0.0000
    3   4.4629 THz   0.0000  0.0000 -0.9728  0.0000  0.0118  0.0842 -0.0000 -0.0000 -0.0000  0.0000 -0.0000  0.0000  0.0000 -0.0000 -0.2125  0.0000  0.0004  0.0027 -0.0000  0.0000 -0.0309  0.0000  0.0026  0.0184 -0.0000 -0.0000  0.0000 -0.0000  0.0000 -0.0000
    4   4.4629 THz   0.0000  0.0000  0.0850 -0.0000  0.1347  0.9634 -0.0000  0.0000  0.0000 -0.0000  0.0000  0.0000 -0.0000 -0.0000  0.0186 -0.0000  0.0043  0.0306  0.0000  0.0000  0.0027 -0.0000  0.0294  0.2104 -0.0000  0.0000 -0.0000 -0.0000  0.0000 -0.0000
    5   6.3849 THz   0.0000  0.0000  0.0007  0.0000 -0.0926 -0.0218 -0.0000  0.0000 -0.0000  0.0000 -0.0000  0.0000  0.0000  0.0000 -0.0021 -0.0000  0.9247  0.2181 -0.0000 -0.0000 -0.0067 -0.0000  0.2892  0.0682  0.0000  0.0000 -0.0000  0.0000  0.0000 -0.0000
    6   6.3849 THz   0.0000  0.0000  0.0951  0.0000  0.0007  0.0002  0.0000  0.0000  0.0000  0.0000 -0.0000 -0.0000 -0.0000 -0.0000 -0.2971  0.0000 -0.0066 -0.0015 -0.0000  0.0000 -0.9501  0.0000 -0.0021 -0.0005  0.0000  0.0000 -0.0000  0.0000  0.0000  0.0000
    7   8.7088 THz   0.0000  0.0000  0.0000  0.0000  0.0000  0.0000 -0.0000 -0.0000  0.0000  0.0000  0.0000 -0.0000  0.7071 -0.0000  0.0000  0.0000 -0.0000 -0.0000 -0.7071  0.0000  0.0000 -0.0000  0.0000  0.0000 -0.0000 -0.0000 -0.0000  0.0000 -0.0000  0.0000
    8   9.0797 THz   0.0000  0.0000  0.0000  0.0000  0.0000  0.0000  0.0000  0.0000 -0.0000  0.0491 -0.0000 -0.0000 -0.0000  0.0000  0.0000  0.0000 -0.0000  0.0000  0.0000 -0.0000  0.0000 -0.0000 -0.0000  0.0000 -0.0000  0.0000 -0.0000  0.9988 -0.0000 -0.0000
    9   9.0797 THz   0.0000  0.0000 -0.0000  0.0000 -0.0000  0.0000 -0.0000  0.0000  0.0000 -0.0000 -0.0315 -0.0376 -0.0000 -0.0000 -0.0000 -0.0000  0.0000  0.0000  0.0000  0.0000 -0.0000 -0.0000  0.0000  0.0000 -0.0000  0.0000  0.0000 -0.0000 -0.6415 -0.7656
   10   9.6718 THz   0.5787  0.0000  0.0000  0.0000  0.0000  0.0000 -0.0000 -0.0000  0.0000  0.0000  0.0000  0.0000  0.5767  0.0000 -0.0000  0.0000  0.0000  0.0000  0.5767  0.0000 -0.0000  0.0000  0.0000  0.0000  0.0000  0.0000  0.0000 -0.0000  0.0000  0.0000
   11  15.8059 THz   0.8155  0.0000  0.0000  0.0000  0.0000  0.0000  0.0000  0.0000  0.0000  0.0000  0.0000  0.0000 -0.4092  0.0000  0.0000  0.0000  0.0000  0.0000 -0.4092  0.0000  0.0000  0.0000  0.0000  0.0000 -0.0000 -0.0000 -0.0000  0.0000  0.0000  0.0000
   12  17.9863 THz   0.0000  0.0000  0.1934 -0.0000  0.0003  0.0002  0.0000  0.0000  0.0000  0.0000  0.0000 -0.0000  0.0000  0.0000 -0.9307  0.0000  0.0005  0.0003 -0.0000 -0.0000  0.3104 -0.0000 -0.0014 -0.0009 -0.0000 -0.0000  0.0000 -0.0000  0.0000  0.0000
   13  17.9863 THz   0.0000  0.0000  0.0003  0.0000 -0.1663 -0.0988  0.0000 -0.0000  0.0000  0.0000 -0.0000  0.0000 -0.0000 -0.0000 -0.0017 -0.0000 -0.2669 -0.1586  0.0000  0.0000  0.0006  0.0000  0.8001  0.4754 -0.0000  0.0000 -0.0000  0.0000 -0.0000 -0.0000
   14  24.7285 THz   0.0000  0.0000 -0.0000 -0.0000  0.0000 -0.0000 -0.0403 -0.0289  0.0000 -0.0000  0.0000  0.0000 -0.0000  0.0000 -0.0000  0.0000  0.0000 -0.0000 -0.0000  0.0000  0.0000 -0.0000 -0.0000  0.0000  0.8115  0.5823  0.0000  0.0000  0.0000  0.0000


 Q=  0.000000 -0.131458 -0.131458, q=  0.000000 -0.500000 -0.500000

                       Ti X   0        Ti Y   0        Ti Z   0        Pb X   1        Pb Y   1        Pb Z   1         O X   2         O Y   2         O Z   2         O X   3         O Y   3         O Z   3         O X   4         O Y   4         O Z   4     
                    --------------- --------------- --------------- --------------- --------------- --------------- --------------- --------------- --------------- --------------- --------------- --------------- --------------- --------------- ---------------
    0   1.3752 THz   0.0000  0.0000 -0.0000  0.0000  0.0000  0.0000 -0.0000  0.0000 -0.0000 -0.0000  0.0000 -0.0000  0.0000 -0.0000 -0.0000 -0.0000  0.0070  0.7071 -0.0000  0.0000 -0.0070 -0.7071 -0.0000 -0.0000 -0.0000 -0.0000  0.0000 -0.0000 -0.0000 -0.0000
    1   1.8028 THz  -0.0000 -0.0000 -0.0233 -0.0463 -0.1498  0.0239  0.0000  0.0000  0.9185 -0.1466  0.1429  0.2836 -0.0000  0.0000 -0.0000  0.0000  0.0000  0.0000 -0.0000  0.0000 -0.0000 -0.0000  0.0000 -0.0000  0.0000  0.0000  0.0133  0.0264  0.0855 -0.0136
    2   1.8028 THz   0.0000  0.0000  0.1198 -0.0931  0.0179  0.0486 -0.0000  0.0000 -0.1096 -0.2981 -0.7343  0.5709 -0.0000 -0.0000 -0.0000 -0.0000 -0.0000  0.0000 -0.0000 -0.0000  0.0000 -0.0000  0.0000  0.0000 -0.0000 -0.0000 -0.0684  0.0531 -0.0102 -0.0277
    3   1.8105 THz   0.0000  0.0000  0.0000 -0.0000  0.0000  0.0000  1.0000  0.0000 -0.0000 -0.0000 -0.0000  0.0000  0.0000 -0.0000  0.0000 -0.0000 -0.0000  0.0000 -0.0000 -0.0000 -0.0000 -0.0000  0.0000 -0.0000  0.0000 -0.0000 -0.0000  0.0000 -0.0000 -0.0000
    4   4.4915 THz   0.9776  0.0000  0.0000  0.0000  0.0000  0.0000 -0.0000  0.0000  0.0000  0.0000  0.0000  0.0000 -0.0000  0.0000  0.0000  0.0000  0.0000  0.0000 -0.0000  0.0000 -0.0000  0.0000  0.0000  0.0000  0.2105  0.0000  0.0000  0.0000  0.0000  0.0000
    5   7.6555 THz   0.0000  0.0000  0.1307 -0.0108  0.2020 -0.0047 -0.0000  0.0000 -0.0427  0.0010 -0.0276  0.0023  0.0000  0.0000 -0.0000  0.0000 -0.0000  0.0000  0.0000  0.0000  0.0000  0.0000  0.0000 -0.0000  0.0000 -0.0000  0.5259 -0.0436  0.8127 -0.0190
    6   7.6555 THz   0.0000  0.0000  0.2012 -0.0182 -0.1311  0.0040 -0.0000  0.0000  0.0277 -0.0009 -0.0425  0.0038  0.0000  0.0000 -0.0000 -0.0000  0.0000  0.0000 -0.0000 -0.0000 -0.0000 -0.0000  0.0000  0.0000 -0.0000  0.0000  0.8096 -0.0732 -0.5275  0.0163
    7   9.8533 THz   0.0000  0.0000 -0.0000 -0.0000 -0.0000  0.0000 -0.0000 -0.0000 -0.0000  0.0000  0.0000 -0.0000 -0.0791 -0.0881  0.0000 -0.0000  0.0000  0.0000 -0.0452 -0.9919  0.0000  0.0000 -0.0000 -0.0000  0.0000 -0.0000  0.0000  0.0000  0.0000 -0.0000
    8   9.8533 THz   0.0000  0.0000  0.0000  0.0000 -0.0000 -0.0000  0.0000 -0.0000  0.0000 -0.0000 -0.0000  0.0000  0.5901  0.7986 -0.0000 -0.0000 -0.0000 -0.0000  0.0059 -0.1183 -0.0000 -0.0000  0.0000  0.0000 -0.0000  0.0000 -0.0000 -0.0000 -0.0000  0.0000
    9  13.7386 THz   0.0000  0.0000 -0.8440 -0.1864 -0.3957 -0.1122  0.0000  0.0000 -0.0734 -0.0208 -0.1565 -0.0346  0.0000  0.0000 -0.0000 -0.0000 -0.0000  0.0000 -0.0000  0.0000 -0.0000  0.0000 -0.0000  0.0000 -0.0000  0.0000  0.2015  0.0445  0.0945  0.0268
   10  13.7386 THz   0.0000  0.0000  0.4107 -0.0228 -0.8643 -0.0030 -0.0000  0.0000 -0.1602 -0.0006  0.0761 -0.0042 -0.0000 -0.0000  0.0000 -0.0000 -0.0000  0.0000  0.0000  0.0000 -0.0000  0.0000 -0.0000  0.0000  0.0000 -0.0000 -0.0981  0.0054  0.2064  0.0007
   11  14.1020 THz   0.0000  0.0000 -0.0000  0.0000 -0.0000  0.0000 -0.0000 -0.0000 -0.0000  0.0000 -0.0000  0.0000 -0.0000 -0.0000  0.0000 -0.0000  0.2254 -0.6702  0.0000  0.0000  0.2254 -0.6702 -0.0000  0.0000  0.0000 -0.0000  0.0000 -0.0000  0.0000 -0.0000
   12  17.2336 THz  -0.2105  0.0000  0.0000  0.0000  0.0000  0.0000 -0.0000  0.0000  0.0000  0.0000  0.0000  0.0000 -0.0000  0.0000  0.0000  0.0000  0.0000  0.0000 -0.0000  0.0000 -0.0000  0.0000  0.0000  0.0000  0.9776  0.0000  0.0000  0.0000  0.0000  0.0000
   13  18.7550 THz   0.0000  0.0000 -0.0000 -0.0000 -0.0000  0.0000 -0.0000 -0.0000 -0.0000 -0.0000 -0.0000  0.0000  0.0000  0.0000 -0.0000  0.7071  0.0000 -0.0000  0.0000 -0.0000  0.0000 -0.0000  0.0000 -0.7071 -0.0000  0.0000 -0.0000 -0.0000  0.0000  0.0000
   14  26.6258 THz   0.0000  0.0000  0.0000  0.0000 -0.0000  0.0000 -0.0000  0.0000  0.0000  0.0000  0.0000  0.0000  0.0000  0.0000  0.0000 -0.7071  0.0000 -0.0000  0.0000  0.0000 -0.0000  0.0000  0.0000 -0.7071 -0.0000  0.0000  0.0000  0.0000  0.0000  0.0000


 Q=  0.000000 -0.131458  0.000000, q=  0.000000 -0.500000  0.000000

                       Ti X   0        Ti Y   0        Ti Z   0        Pb X   1        Pb Y   1        Pb Z   1         O X   2         O Y   2         O Z   2         O X   3         O Y   3         O Z   3         O X   4         O Y   4         O Z   4     
                    --------------- --------------- --------------- --------------- --------------- --------------- --------------- --------------- --------------- --------------- --------------- --------------- --------------- --------------- ---------------
    0   1.7410 THz   0.0000  0.0000 -0.0000 -0.0000 -0.0000  0.0000  0.6848  0.7257  0.0000 -0.0000  0.0229 -0.0382 -0.0337 -0.0357  0.0000 -0.0000 -0.0011  0.0019 -0.0000  0.0000 -0.0000 -0.0000 -0.0000  0.0000 -0.0000  0.0000  0.0000  0.0000  0.0000  0.0000
    1   1.7410 THz   0.0000  0.0000 -0.0000 -0.0000  0.0000  0.0000  0.0306  0.0324  0.0000 -0.0000 -0.5134  0.8556 -0.0015 -0.0016  0.0000 -0.0000  0.0252 -0.0421 -0.0000  0.0000 -0.0000 -0.0000  0.0000 -0.0000 -0.0000  0.0000  0.0000 -0.0000 -0.0000 -0.0000
    2   3.7488 THz   0.0000  0.0000 -0.0000 -0.0000  0.0000  0.0000  0.0000  0.0000  0.0000  0.9988  0.0000  0.0000  0.0000  0.0000  0.0000  0.0496 -0.0000 -0.0000  0.0000  0.0000  0.0000 -0.0000  0.0000  0.0000  0.0000  0.0000 -0.0000 -0.0000 -0.0000 -0.0000
    3   4.4629 THz  -0.0059  0.0000 -0.0000 -0.0000 -0.9765 -0.0000 -0.0000 -0.0000  0.0000  0.0000  0.0000  0.0000  0.0000  0.0000 -0.0000  0.0000  0.0000 -0.0000 -0.0002  0.0000 -0.0000 -0.0000 -0.2133 -0.0000 -0.0013  0.0000 -0.0000 -0.0000 -0.0311  0.0000
    4   4.4629 THz  -0.9765  0.0000 -0.0000  0.0000  0.0059  0.0000  0.0000  0.0000 -0.0000  0.0000 -0.0000 -0.0000 -0.0000 -0.0000  0.0000  0.0000 -0.0000  0.0000 -0.0311 -0.0000 -0.0000  0.0000  0.0013  0.0000 -0.2133 -0.0000 -0.0000  0.0000  0.0002 -0.0000
    5   6.3849 THz  -0.0951  0.0000 -0.0000  0.0000 -0.0006 -0.0000  0.0000  0.0000  0.0000 -0.0000 -0.0000  0.0000  0.0000 -0.0000  0.0000  0.0000  0.0000  0.0000  0.9501  0.0000 -0.0000  0.0000  0.0017  0.0000  0.2971  0.0000 -0.0000 -0.0000  0.0055  0.0000
    6   6.3849 THz  -0.0006  0.0000  0.0000 -0.0000  0.0951  0.0000  0.0000  0.0000 -0.0000  0.0000  0.0000 -0.0000  0.0000 -0.0000 -0.0000  0.0000 -0.0000 -0.0000  0.0055  0.0000  0.0000 -0.0000 -0.2971 -0.0000  0.0017  0.0000 -0.0000  0.0000 -0.9501 -0.0000
    7   8.7088 THz  -0.0000  0.0000 -0.0000 -0.0000 -0.0000  0.0000  0.0000  0.0000 -0.0000 -0.0000 -0.0000  0.0000  0.0000  0.0000 -0.0000 -0.0000  0.0000  0.0000  0.0000  0.0000  0.7016 -0.0880  0.0000 -0.0000  0.0000  0.0000 -0.7016  0.0880  0.0000 -0.0000
    8   9.0797 THz   0.0000  0.0000 -0.0000  0.0000 -0.0000 -0.0000 -0.0030 -0.0455 -0.0000  0.0000  0.0181  0.0000 -0.0612 -0.9265 -0.0000  0.0000  0.3680  0.0005 -0.0000  0.0000  0.0000  0.0000  0.0000  0.0000 -0.0000 -0.0000 -0.0000  0.0000  0.0000  0.0000
    9   9.0797 THz   0.0000  0.0000 -0.0000  0.0000 -0.0000 -0.0000 -0.0012 -0.0180 -0.0000 -0.0000 -0.0456 -0.0001 -0.0243 -0.3672 -0.0000  0.0000 -0.9285 -0.0013 -0.0000  0.0000 -0.0000 -0.0000  0.0000 -0.0000 -0.0000 -0.0000 -0.0000  0.0000  0.0000 -0.0000
   10   9.6718 THz   0.0000  0.0000 -0.5787 -0.0000  0.0000  0.0000 -0.0000 -0.0000 -0.0000  0.0000  0.0000 -0.0000 -0.0000  0.0000 -0.0000  0.0000  0.0000 -0.0000 -0.0000 -0.0000 -0.5767 -0.0000 -0.0000  0.0000 -0.0000 -0.0000 -0.5767 -0.0000  0.0000  0.0000
   11  15.8059 THz   0.0000  0.0000 -0.8155 -0.0000  0.0000 -0.0000 -0.0000  0.0000 -0.0000  0.0000 -0.0000  0.0000 -0.0000  0.0000 -0.0000 -0.0000 -0.0000  0.0000  0.0000 -0.0000  0.4092 -0.0000 -0.0000 -0.0000 -0.0000 -0.0000  0.4092 -0.0000  0.0000  0.0000
   12  17.9863 THz  -0.1934  0.0000 -0.0000  0.0000  0.0001 -0.0000 -0.0000  0.0000 -0.0000 -0.0000  0.0000  0.0000 -0.0000  0.0000  0.0000  0.0000 -0.0000 -0.0000 -0.3104  0.0000  0.0000  0.0000 -0.0005  0.0000  0.9307 -0.0000  0.0000  0.0000  0.0002 -0.0000
   13  17.9863 THz   0.0001  0.0000  0.0000  0.0000  0.1934 -0.0000 -0.0000 -0.0000 -0.0000  0.0000  0.0000  0.0000 -0.0000 -0.0000  0.0000 -0.0000 -0.0000 -0.0000  0.0002 -0.0000  0.0000  0.0000 -0.9307  0.0000 -0.0005 -0.0000  0.0000  0.0000  0.3104 -0.0000
   14  24.7285 THz  -0.0000  0.0000  0.0000  0.0000  0.0000 -0.0000 -0.0000  0.0000  0.0000  0.0496  0.0000  0.0000 -0.0000 -0.0000  0.0000 -0.9988  0.0000 -0.0000  0.0000 -0.0000 -0.0000 -0.0000 -0.0000  0.0000  0.0000 -0.0000 -0.0000 -0.0000  0.0000 -0.0000


 Q=  0.000000  0.000000 -0.131458, q=  0.000000  0.000000 -0.500000

                       Ti X   0        Ti Y   0        Ti Z   0        Pb X   1        Pb Y   1        Pb Z   1         O X   2         O Y   2         O Z   2         O X   3         O Y   3         O Z   3         O X   4         O Y   4         O Z   4     
                    --------------- --------------- --------------- --------------- --------------- --------------- --------------- --------------- --------------- --------------- --------------- --------------- --------------- --------------- ---------------
    0   1.7410 THz  -0.0000  0.0000 -0.0000  0.0000  0.0000  0.0000 -0.6089  0.7656 -0.1631  0.1187 -0.0000 -0.0000  0.0000 -0.0000 -0.0000  0.0000  0.0000 -0.0000  0.0299 -0.0376  0.0080 -0.0058 -0.0000  0.0000 -0.0000 -0.0000  0.0000 -0.0000 -0.0000  0.0000
    1   1.7410 THz   0.0000  0.0000  0.0000 -0.0000 -0.0000 -0.0000  0.1256 -0.1579 -0.7909  0.5757  0.0000  0.0000 -0.0000  0.0000 -0.0000 -0.0000 -0.0000 -0.0000 -0.0062  0.0078  0.0389 -0.0283  0.0000  0.0000  0.0000  0.0000 -0.0000  0.0000  0.0000 -0.0000
    2   3.7488 THz   0.0000  0.0000 -0.0000  0.0000  0.0000 -0.0000 -0.0000 -0.0000  0.0000 -0.0000  0.0000  0.9988 -0.0000 -0.0000 -0.0000  0.0000  0.0000 -0.0000  0.0000 -0.0000 -0.0000  0.0000  0.0000  0.0496 -0.0000 -0.0000 -0.0000  0.0000  0.0000  0.0000
    3   4.4629 THz  -0.6815  0.0000 -0.6994 -0.0000 -0.0000 -0.0000  0.0000  0.0000  0.0000 -0.0000  0.0000 -0.0000 -0.0217  0.0000 -0.1528 -0.0000 -0.0000  0.0000 -0.0000  0.0000 -0.0000  0.0000  0.0000 -0.0000 -0.1489  0.0000 -0.0222  0.0000  0.0000  0.0000
    4   4.4629 THz  -0.6994  0.0000  0.6815  0.0000  0.0000  0.0000 -0.0000 -0.0000 -0.0000  0.0000 -0.0000  0.0000 -0.0222 -0.0000  0.1489  0.0000  0.0000 -0.0000  0.0000  0.0000  0.0000 -0.0000 -0.0000 -0.0000 -0.1528 -0.0000  0.0217 -0.0000 -0.0000 -0.0000
    5   6.3849 THz  -0.0030  0.0000  0.0951 -0.0000 -0.0000 -0.0000 -0.0000  0.0000  0.0000 -0.0000  0.0000 -0.0000  0.0302  0.0000 -0.2970  0.0000 -0.0000 -0.0000  0.0000 -0.0000 -0.0000  0.0000  0.0000 -0.0000  0.0094  0.0000 -0.9496  0.0000 -0.0000  0.0000
    6   6.3849 THz   0.0951  0.0000  0.0030 -0.0000  0.0000 -0.0000 -0.0000 -0.0000  0.0000 -0.0000  0.0000 -0.0000 -0.9496  0.0000 -0.0094  0.0000  0.0000 -0.0000 -0.0000 -0.0000 -0.0000  0.0000  0.0000 -0.0000 -0.2970  0.0000 -0.0302  0.0000  0.0000  0.0000
    7   8.7088 THz   0.0000  0.0000  0.0000  0.0000 -0.0000  0.0000 -0.0000  0.0000  0.0000 -0.0000 -0.0000  0.0000 -0.0000 -0.0000  0.0000 -0.0000 -0.6841  0.1788 -0.0000  0.0000  0.0000 -0.0000  0.0000 -0.0000 -0.0000 -0.0000  0.0000 -0.0000  0.6841 -0.1788
    8   9.0797 THz   0.0000  0.0000  0.0000  0.0000 -0.0000 -0.0000 -0.0080  0.0478  0.0077 -0.0012 -0.0000  0.0000 -0.0000 -0.0000 -0.0000 -0.0000 -0.0000 -0.0000 -0.1621  0.9727  0.1567 -0.0234 -0.0000  0.0000  0.0000  0.0000 -0.0000  0.0000 -0.0000  0.0000
    9   9.0797 THz   0.0000  0.0000 -0.0000 -0.0000 -0.0000  0.0000 -0.0013  0.0077 -0.0479  0.0072  0.0000  0.0000 -0.0000 -0.0000  0.0000 -0.0000 -0.0000  0.0000 -0.0260  0.1563 -0.9753  0.1456 -0.0000  0.0000  0.0000  0.0000  0.0000 -0.0000  0.0000 -0.0000
   10   9.6718 THz  -0.0000  0.0000 -0.0000  0.0000  0.5787 -0.0000  0.0000 -0.0000 -0.0000  0.0000 -0.0000 -0.0000  0.0000 -0.0000 -0.0000  0.0000  0.5767 -0.0000 -0.0000  0.0000 -0.0000 -0.0000  0.0000  0.0000  0.0000  0.0000 -0.0000  0.0000  0.5767  0.0000
   11  15.8059 THz   0.0000  0.0000  0.0000 -0.0000 -0.8155 -0.0000  0.0000 -0.0000  0.0000 -0.0000  0.0000 -0.0000 -0.0000  0.0000  0.0000  0.0000  0.4092  0.0000 -0.0000  0.0000  0.0000 -0.0000 -0.0000 -0.0000 -0.0000 -0.0000 -0.0000  0.0000  0.4092  0.0000
   12  17.9863 THz   0.0056  0.0000 -0.1934 -0.0000  0.0000  0.0000  0.0000 -0.0000  0.0000 -0.0000  0.0000  0.0000  0.0089  0.0000  0.9303  0.0000 -0.0000 -0.0000 -0.0000  0.0000 -0.0000  0.0000 -0.0000 -0.0000 -0.0268  0.0000 -0.3103  0.0000 -0.0000 -0.0000
   13  17.9863 THz  -0.1934  0.0000 -0.0056 -0.0000 -0.0000  0.0000  0.0000  0.0000  0.0000 -0.0000  0.0000 -0.0000 -0.3103  0.0000  0.0268  0.0000  0.0000 -0.0000 -0.0000 -0.0000 -0.0000  0.0000 -0.0000  0.0000  0.9303  0.0000 -0.0089  0.0000  0.0000 -0.0000
   14  24.7285 THz   0.0000  0.0000  0.0000  0.0000 -0.0000  0.0000 -0.0000  0.0000 -0.0000  0.0000 -0.0000  0.0496 -0.0000  0.0000 -0.0000 -0.0000 -0.0000 -0.0000  0.0000 -0.0000  0.0000  0.0000  0.0000 -0.9988  0.0000  0.0000  0.0000  0.0000 -0.0000 -0.0000


 Q=  0.000000  0.000000  0.000000, q=  0.000000  0.000000  0.000000

                       Ti X   0        Ti Y   0        Ti Z   0        Pb X   1        Pb Y   1        Pb Z   1         O X   2         O Y   2         O Z   2         O X   3         O Y   3         O Z   3         O X   4         O Y   4         O Z   4     
                    --------------- --------------- --------------- --------------- --------------- --------------- --------------- --------------- --------------- --------------- --------------- --------------- --------------- --------------- ---------------
    0   0.0000 THz   0.1715  0.0000 -0.3568  0.0000  0.0353  0.0000  0.3568  0.0000 -0.7423  0.0000  0.0734  0.0000  0.0991  0.0000 -0.2063  0.0000  0.0204  0.0000  0.0991  0.0000 -0.2063  0.0000  0.0204  0.0000  0.0991  0.0000 -0.2063  0.0000  0.0204  0.0000
    1  -0.0000 THz   0.3485  0.0000  0.1567  0.0000 -0.1092  0.0000  0.7251  0.0000  0.3260  0.0000 -0.2272  0.0000  0.2015  0.0000  0.0906  0.0000 -0.0631  0.0000  0.2015  0.0000  0.0906  0.0000 -0.0631  0.0000  0.2015  0.0000  0.0906  0.0000 -0.0631  0.0000
    2   0.0000 THz  -0.0841  0.0000 -0.0780  0.0000 -0.3805  0.0000 -0.1750  0.0000 -0.1623  0.0000 -0.7916  0.0000 -0.0486  0.0000 -0.0451  0.0000 -0.2200  0.0000 -0.0486  0.0000 -0.0451  0.0000 -0.2200  0.0000 -0.0486  0.0000 -0.0451  0.0000 -0.2200  0.0000
    3  -2.3266 THz   0.0635  0.0000 -0.0323  0.0000 -0.0312  0.0000  0.3205  0.0000 -0.1629  0.0000 -0.1576  0.0000 -0.4894  0.0000  0.1446  0.0000  0.2406  0.0000 -0.4894  0.0000  0.2487  0.0000  0.1399  0.0000 -0.2845  0.0000  0.2487  0.0000  0.2406  0.0000
    4  -2.3266 THz  -0.0006  0.0000 -0.0547  0.0000  0.0553  0.0000 -0.0031  0.0000 -0.2760  0.0000  0.2791  0.0000  0.0047  0.0000  0.2450  0.0000 -0.4261  0.0000  0.0047  0.0000  0.4215  0.0000 -0.2477  0.0000  0.0027  0.0000  0.4215  0.0000 -0.4261  0.0000
    5   4.0993 THz   0.4172  0.0000  0.4172  0.0000  0.4172  0.0000 -0.3171  0.0000 -0.3171  0.0000 -0.3171  0.0000  0.1368  0.0000  0.1459  0.0000  0.1368  0.0000  0.1368  0.0000  0.1368  0.0000  0.1459  0.0000  0.1459  0.0000  0.1368  0.0000  0.1368  0.0000
    6   4.9269 THz   0.5554  0.0000 -0.6906  0.0000  0.1351  0.0000 -0.2495  0.0000  0.3102  0.0000 -0.0607  0.0000 -0.0653  0.0000 -0.0843  0.0000 -0.0159  0.0000 -0.0653  0.0000  0.0812  0.0000  0.0165  0.0000  0.0678  0.0000  0.0812  0.0000 -0.0159  0.0000
    7   4.9269 THz  -0.4767  0.0000 -0.2427  0.0000  0.7194  0.0000  0.2141  0.0000  0.1090  0.0000 -0.3231  0.0000  0.0561  0.0000 -0.0296  0.0000 -0.0846  0.0000  0.0561  0.0000  0.0285  0.0000  0.0878  0.0000 -0.0582  0.0000  0.0285  0.0000 -0.0846  0.0000
    8   7.2321 THz   0.0000  0.0000  0.0000  0.0000 -0.0000  0.0000 -0.0000  0.0000 -0.0000  0.0000  0.0000  0.0000 -0.6027  0.0000 -0.0000  0.0000 -0.2855  0.0000  0.6027  0.0000 -0.2351  0.0000  0.0000  0.0000 -0.0000  0.0000  0.2351  0.0000  0.2855  0.0000
    9   7.2321 THz   0.0000  0.0000 -0.0000  0.0000  0.0000  0.0000 -0.0000  0.0000 -0.0000  0.0000 -0.0000  0.0000  0.1214  0.0000 -0.0000  0.0000  0.2719  0.0000 -0.1214  0.0000 -0.6414  0.0000  0.0000  0.0000 -0.0000  0.0000  0.6414  0.0000 -0.2719  0.0000
   10   7.2321 THz  -0.0000  0.0000  0.0000  0.0000 -0.0000  0.0000 -0.0000  0.0000 -0.0000  0.0000  0.0000  0.0000  0.3493  0.0000 -0.0000  0.0000 -0.5870  0.0000 -0.3493  0.0000 -0.1827  0.0000  0.0000  0.0000  0.0000  0.0000  0.1827  0.0000  0.5870  0.0000
   11  12.7290 THz  -0.2213  0.0000 -0.2213  0.0000 -0.2213  0.0000 -0.0511  0.0000 -0.0511  0.0000 -0.0511  0.0000  0.3595  0.0000 -0.1525  0.0000  0.3595  0.0000  0.3595  0.0000  0.3595  0.0000 -0.1525  0.0000 -0.1525  0.0000  0.3595  0.0000  0.3595  0.0000
   12  18.5039 THz  -0.1467  0.0000  0.0672  0.0000  0.0795  0.0000 -0.0083  0.0000  0.0038  0.0000  0.0045  0.0000 -0.2261  0.0000 -0.3371  0.0000  0.1225  0.0000 -0.2261  0.0000  0.1036  0.0000 -0.3986  0.0000  0.7357  0.0000  0.1036  0.0000  0.1225  0.0000
   13  18.5039 THz   0.0071  0.0000 -0.1306  0.0000  0.1235  0.0000  0.0004  0.0000 -0.0074  0.0000  0.0070  0.0000  0.0109  0.0000  0.6549  0.0000  0.1903  0.0000  0.0109  0.0000 -0.2012  0.0000 -0.6194  0.0000 -0.0355  0.0000 -0.2012  0.0000  0.1903  0.0000
   14  24.0058 THz   0.2401  0.0000  0.2401  0.0000  0.2401  0.0000  0.0477  0.0000  0.0477  0.0000  0.0477  0.0000 -0.0332  0.0000 -0.5208  0.0000 -0.0332  0.0000 -0.0332  0.0000 -0.0332  0.0000 -0.5208  0.0000 -0.5208  0.0000 -0.0332  0.0000 -0.0332  0.0000
