5.143313 0.000000 -0.926969
0.000000 5.243312 0.000000
-0.048726 0.000000 5.427153
0.726990 0.449435 0.287934 Hf
0.273010 0.949435 0.212066 Hf
0.273010 0.550565 0.712066 Hf
0.726990 0.050565 0.787934 Hf
0.539517 0.741218 0.036867 O
0.460483 0.241218 0.463133 O
0.460483 0.258782 0.963133 O
0.539517 0.758782 0.536867 O
0.938650 0.321899 0.641893 O
0.061350 0.821899 0.858107 O
0.061350 0.678101 0.358107 O
0.938650 0.178101 0.141893 O
4.96705 0.0 0.083701 
0.0 4.849655 0.0 
0.083701 0.0 4.642868 
 ion  1
  1 5.32432 -0.19442 0.1549 
  2 -0.12067 5.04634 0.13367 
  3 0.16651 0.29793 4.71796 
 ion  2
  1 5.32434 0.1945 0.15486 
  2 0.12067 5.04634 -0.13367 
  3 0.16652 -0.29801 4.71776 
 ion  3
  1 5.32434 -0.1945 0.15486 
  2 -0.12073 5.04616 0.13402 
  3 0.16652 0.29801 4.71776 
 ion  4
  1 5.32432 0.19442 0.1549 
  2 0.12073 5.04616 -0.13402 
  3 0.16651 -0.29793 4.71796 
 ion  5
  1 -2.40346 0.42846 -0.04625 
  2 0.43701 -2.56984 0.20228 
  3 -0.08151 0.20094 -2.47594 
 ion  6
  1 -2.40343 -0.42849 -0.04628 
  2 -0.43701 -2.56984 -0.20228 
  3 -0.0815 -0.20087 -2.4761 
 ion  7
  1 -2.40343 0.42849 -0.04628 
  2 0.43732 -2.56981 0.20262 
  3 -0.0815 0.20087 -2.4761 
 ion  8
  1 -2.40346 -0.42846 -0.04625 
  2 -0.43732 -2.56981 -0.20262 
  3 -0.08151 -0.20094 -2.47594 
 ion  9
  1 -2.92224 -0.97045 -0.10856 
  2 -1.15115 -2.47839 0.84255 
  3 -0.08487 0.85155 -2.24382 
 ion  10
  1 -2.92221 0.97057 -0.10859 
  2 1.15115 -2.47839 -0.84255 
  3 -0.08482 -0.85202 -2.2438 
 ion  11
  1 -2.92221 -0.97057 -0.10859 
  2 -1.15121 -2.47853 0.84197 
  3 -0.08482 0.85202 -2.2438 
 ion  12
  1 -2.92224 0.97045 -0.10856 
  2 1.15121 -2.47853 -0.84197 
  3 -0.08487 -0.85155 -2.24382 
