0 0
30405331776.2 2.62736087452e-13
60810663552.3 1.2444682128e-13
91215995328.5 6.2275633554e-14
121621327105 3.75203487075e-14
152026658881 2.52017158089e-14
182431990657 1.81373430111e-14
212837322433 1.37058374327e-14
243242654209 1.07053788274e-14
273647985986 8.58930831148e-15
304053317762 7.06132317761e-15
334458649538 5.92066003207e-15
364863981314 5.04841955521e-15
395269313090 4.36034324291e-15
425674644866 3.80701942402e-15
456079976643 3.67758634096e-15
486485308419 8.31350164773e-15
516890640195 1.38855527691e-14
547295971971 1.82311623947e-14
577701303747 2.3233059463e-14
608106635523 3.15457918365e-14
638511967300 3.95648431159e-14
668917299076 4.96731277362e-14
699322630852 6.12611737614e-14
729727962628 7.13371011408e-14
760133294404 8.38909243543e-14
790538626180 9.69844774949e-14
820943957957 1.09596842361e-13
851349289733 1.20980760371e-13
881754621509 1.33045097037e-13
912159953285 1.44519146485e-13
942565285061 1.54519667731e-13
972970616837 1.63322672379e-13
1.00337594861e+12 1.72985912271e-13
1.03378128039e+12 1.83061628158e-13
1.06418661217e+12 1.9657700887e-13
1.09459194394e+12 2.10642642424e-13
1.12499727572e+12 2.25763745067e-13
1.15540260749e+12 2.44597768929e-13
1.18580793927e+12 2.67700877303e-13
1.21621327105e+12 2.91965483757e-13
1.24661860282e+12 3.14138792444e-13
1.2770239346e+12 3.37129916976e-13
1.30742926638e+12 3.61239885956e-13
1.33783459815e+12 3.86249850051e-13
1.36823992993e+12 4.11678305169e-13
1.3986452617e+12 4.38529255282e-13
1.42905059348e+12 4.66017317293e-13
1.45945592526e+12 4.94254932122e-13
1.48986125703e+12 5.21593272531e-13
1.52026658881e+12 5.49146496956e-13
1.55067192058e+12 5.80100596653e-13
1.58107725236e+12 6.11911154107e-13
1.61148258414e+12 6.44098902853e-13
1.64188791591e+12 6.78404052126e-13
1.67229324769e+12 7.13993235095e-13
1.70269857947e+12 7.51811647129e-13
1.73310391124e+12 7.90642952384e-13
1.76350924302e+12 8.30495817622e-13
1.79391457479e+12 8.70083949795e-13
1.82431990657e+12 9.10033689506e-13
1.85472523835e+12 9.52823884562e-13
1.88513057012e+12 9.95588817828e-13
1.9155359019e+12 1.03913574969e-12
1.94594123367e+12 1.08289159314e-12
1.97634656545e+12 1.12674095869e-12
2.00675189723e+12 1.17040950164e-12
2.037157229e+12 1.21358806584e-12
2.06756256078e+12 1.255387218e-12
2.09796789256e+12 1.29530411295e-12
2.12837322433e+12 1.33378435516e-12
2.15877855611e+12 1.37113909931e-12
2.18918388788e+12 1.40698238222e-12
2.21958921966e+12 1.4412261456e-12
2.24999455144e+12 1.47357551279e-12
2.28039988321e+12 1.50443783764e-12
2.31080521499e+12 1.53379174969e-12
2.34121054676e+12 1.56200132052e-12
2.37161587854e+12 1.58927314065e-12
2.40202121032e+12 1.61531346703e-12
2.43242654209e+12 1.64063472207e-12
2.46283187387e+12 1.66480750979e-12
2.49323720565e+12 1.68809387721e-12
2.52364253742e+12 1.7108420878e-12
2.5540478692e+12 1.73307056075e-12
2.58445320097e+12 1.75442195399e-12
2.61485853275e+12 1.77522383965e-12
2.64526386453e+12 1.79474120106e-12
2.6756691963e+12 1.81312246422e-12
2.70607452808e+12 1.83044775848e-12
2.73647985986e+12 1.84740535037e-12
2.76688519163e+12 1.8697708306e-12
2.79729052341e+12 1.89187603092e-12
2.82769585518e+12 1.91387806867e-12
2.85810118696e+12 1.9356941922e-12
2.88850651874e+12 1.95721288523e-12
2.91891185051e+12 1.97847129836e-12
2.94931718229e+12 1.9998040892e-12
2.97972251406e+12 2.0210996972e-12
3.01012784584e+12 2.04246999301e-12
3.04053317762e+12 2.06350564324e-12
3.07093850939e+12 2.08413230306e-12
3.10134384117e+12 2.10401530602e-12
3.13174917295e+12 2.12358225481e-12
3.16215450472e+12 2.14264723522e-12
3.1925598365e+12 2.1613404043e-12
3.22296516827e+12 2.17977329348e-12
3.25337050005e+12 2.19777857996e-12
3.28377583183e+12 2.21500302673e-12
3.3141811636e+12 2.23174429536e-12
3.34458649538e+12 2.24811373555e-12
3.37499182715e+12 2.26403698162e-12
3.40539715893e+12 2.27921657083e-12
3.43580249071e+12 2.29365265516e-12
3.46620782248e+12 2.30734508262e-12
3.49661315426e+12 2.32047976743e-12
3.52701848604e+12 2.33313107528e-12
3.55742381781e+12 2.34507590944e-12
3.58782914959e+12 2.35664891516e-12
3.61823448136e+12 2.36840783511e-12
3.64863981314e+12 2.37916281828e-12
3.67904514492e+12 2.38847712052e-12
3.70945047669e+12 2.39693621736e-12
3.73985580847e+12 2.40474461445e-12
3.77026114024e+12 2.41210681742e-12
3.80066647202e+12 2.41852085788e-12
3.8310718038e+12 2.42406110153e-12
3.86147713557e+12 2.42932247385e-12
3.89188246735e+12 2.43380300647e-12
3.92228779913e+12 2.43807903344e-12
3.9526931309e+12 2.44183450061e-12
3.98309846268e+12 2.44495785945e-12
4.01350379445e+12 2.44731897e-12
4.04390912623e+12 2.44902938079e-12
4.07431445801e+12 2.45059106021e-12
4.10471978978e+12 2.45222710531e-12
4.13512512156e+12 2.45360287051e-12
4.16553045334e+12 2.45490427003e-12
4.19593578511e+12 2.45609412101e-12
4.22634111689e+12 2.45720960631e-12
4.25674644866e+12 2.45828790876e-12
4.28715178044e+12 2.45923607127e-12
4.31755711222e+12 2.46010986808e-12
4.34796244399e+12 2.46142985902e-12
4.37836777577e+12 2.46256393574e-12
4.40877310754e+12 2.4637351953e-12
4.43917843932e+12 2.46483208918e-12
4.4695837711e+12 2.46602194016e-12
4.49998910287e+12 2.46724897399e-12
4.53039443465e+12 2.46847600782e-12
4.56079976643e+12 2.4694055789e-12
4.5912050982e+12 2.47011205292e-12
4.62161042998e+12 2.47048388136e-12
4.65201576175e+12 2.47053965562e-12
4.68242109353e+12 2.47046528994e-12
4.71282642531e+12 2.47014923577e-12
4.74323175708e+12 2.46936839606e-12
4.77363708886e+12 2.46823431934e-12
4.80404242063e+12 2.46687714556e-12
4.83444775241e+12 2.46544560609e-12
4.86485308419e+12 2.46388392668e-12
4.89525841596e+12 2.46219210731e-12
4.92566374774e+12 2.46057465362e-12
4.95606907952e+12 2.4586597372e-12
4.98647441129e+12 2.45663327224e-12
5.01687974307e+12 2.45442089306e-12
5.04728507484e+12 2.45181809403e-12
5.07769040662e+12 2.4486947352e-12
5.1080957384e+12 2.44553419352e-12
5.13850107017e+12 2.44226210331e-12
5.16890640195e+12 2.43891564742e-12
5.19931173372e+12 2.43501144887e-12
5.2297170655e+12 2.43054950768e-12
5.26012239728e+12 2.42608756649e-12
5.29052772905e+12 2.42169999098e-12
5.32093306083e+12 2.41742396401e-12
5.35133839261e+12 2.41296202281e-12
5.38174372438e+12 2.40861163015e-12
5.41214905616e+12 2.40409391469e-12
5.44255438793e+12 2.39933451075e-12
5.47295971971e+12 2.39412891269e-12
5.50336505149e+12 2.38925796023e-12
5.53377038326e+12 2.38423827638e-12
5.56417571504e+12 2.3790140869e-12
5.59458104682e+12 2.37358539179e-12
5.62498637859e+12 2.36819387951e-12
5.65539171037e+12 2.36283955008e-12
5.68579704214e+12 2.35748522065e-12
5.71620237392e+12 2.35157314857e-12
5.7466077057e+12 2.34502896815e-12
5.77701303747e+12 2.33829887352e-12
5.80741836925e+12 2.33121554188e-12
5.83782370102e+12 2.32435530729e-12
5.8682290328e+12 2.31734634133e-12
5.89863436458e+12 2.31015146116e-12
5.92903969635e+12 2.30310531236e-12
5.95944502813e+12 2.29598479787e-12
5.98985035991e+12 2.28849245495e-12
6.02025569168e+12 2.28088856351e-12
6.05066102346e+12 2.27339622059e-12
6.08106635523e+12 2.26553204923e-12
6.11147168701e+12 2.25748196366e-12
6.14187701879e+12 2.24920878104e-12
6.17228235056e+12 2.24123306115e-12
6.20268768234e+12 2.23340607264e-12
6.23309301411e+12 2.22569063267e-12
6.26349834589e+12 2.21775209563e-12
6.29390367767e+12 2.21003665565e-12
6.32430900944e+12 2.20265586126e-12
6.35471434122e+12 2.19468014138e-12
6.385119673e+12 2.18640695875e-12
6.41552500477e+12 2.1788030673e-12
6.44593033655e+12 2.17170114423e-12
6.47633566832e+12 2.16476654396e-12
6.5067410001e+12 2.15785053511e-12
6.53714633188e+12 2.15121339759e-12
6.56755166365e+12 2.1452083684e-12
6.59795699543e+12 2.13920333921e-12
6.6283623272e+12 2.13308676149e-12
6.65876765898e+12 2.1268214524e-12
6.68917299076e+12 2.12025868056e-12
6.71957832253e+12 2.11373309157e-12
6.74998365431e+12 2.10724468542e-12
6.78038898609e+12 2.10084923637e-12
6.81079431786e+12 2.09430505596e-12
6.84119964964e+12 2.08724031574e-12
6.87160498141e+12 2.07984092993e-12
6.90201031319e+12 2.0720883071e-12
6.93241564497e+12 2.063926673e-12
6.96282097674e+12 2.05543039332e-12
6.99322630852e+12 2.04646932809e-12
7.0236316403e+12 2.03683897168e-12
7.05403697207e+12 2.02676242115e-12
7.08444230385e+12 2.01594221376e-12
7.11484763562e+12 2.00510341495e-12
7.1452529674e+12 1.99396715339e-12
7.17565829918e+12 1.98251483766e-12
7.20606363095e+12 1.97082083345e-12
7.23646896273e+12 1.9589223236e-12
7.2668742945e+12 1.94668916816e-12
7.29727962628e+12 1.93430728135e-12
7.32768495806e+12 1.9218882117e-12
7.35809028983e+12 1.90958069058e-12
7.38849562161e+12 1.89749626651e-12
7.41890095339e+12 1.88524451965e-12
7.44930628516e+12 1.87267671863e-12
7.47971161694e+12 1.85999736907e-12
7.51011694871e+12 1.84757829942e-12
7.54052228049e+12 1.83532655256e-12
7.57092761227e+12 1.82300044001e-12
7.60133294404e+12 1.81056277894e-12
7.63173827582e+12 1.79814370929e-12
7.66214360759e+12 1.78609646806e-12
7.69254893937e+12 1.77449542096e-12
7.72295427115e+12 1.76308028808e-12
7.75335960292e+12 1.75207416647e-12
7.7837649347e+12 1.74140269045e-12
7.81417026648e+12 1.73114022571e-12
7.84457559825e+12 1.7212495894e-12
7.87498093003e+12 1.7115448673e-12
7.9053862618e+12 1.70206324227e-12
7.93579159358e+12 1.69261880007e-12
7.96619692536e+12 1.68365773485e-12
7.99660225713e+12 1.67488258383e-12
8.02700758891e+12 1.66610743282e-12
8.05741292068e+12 1.65740664749e-12
8.08781825246e+12 1.64904050776e-12
8.11822358424e+12 1.64086028224e-12
8.14862891601e+12 1.63281019667e-12
8.17903424779e+12 1.6251877138e-12
8.20943957957e+12 1.61812297358e-12
8.23984491134e+12 1.61113259904e-12
8.27025024312e+12 1.60417940735e-12
8.30065557489e+12 1.59759804409e-12
8.33106090667e+12 1.5915930149e-12
8.36146623845e+12 1.58581108277e-12
8.39187157022e+12 1.57984323643e-12
8.422276902e+12 1.57354074449e-12
8.45268223377e+12 1.56761008099e-12
8.48308756555e+12 1.56218138587e-12
8.51349289733e+12 1.55716170203e-12
8.5438982291e+12 1.55191892113e-12
8.57430356088e+12 1.54710374292e-12
8.60470889266e+12 1.54228856472e-12
8.63511422443e+12 1.5379753549e-12
8.66551955621e+12 1.53369932792e-12
8.69592488798e+12 1.52957203232e-12
8.72633021976e+12 1.52579797373e-12
8.75673555154e+12 1.52261884063e-12
8.78714088331e+12 1.51981153596e-12
8.81754621509e+12 1.51763633963e-12
8.84795154687e+12 1.51575860604e-12
8.87835687864e+12 1.51402960383e-12
8.90876221042e+12 1.51259806437e-12
8.93916754219e+12 1.51112934206e-12
8.96957287397e+12 1.50954907122e-12
8.99997820575e+12 1.5086752744e-12
9.03038353752e+12 1.50832203739e-12
9.0607888693e+12 1.50770852048e-12
9.09119420107e+12 1.50728091778e-12
9.12159953285e+12 1.50767133763e-12
9.15200486463e+12 1.50809894033e-12
9.1824101964e+12 1.5089355543e-12
9.21281552818e+12 1.51014399671e-12
9.24322085996e+12 1.51144539622e-12
9.27362619173e+12 1.51289552711e-12
9.30403152351e+12 1.51404819525e-12
9.33443685528e+12 1.51479185212e-12
9.36484218706e+12 1.51611184306e-12
9.39524751884e+12 1.51756197394e-12
9.42565285061e+12 1.5195884389e-12
9.45605818239e+12 1.52191236661e-12
9.48646351416e+12 1.52444079995e-12
9.51686884594e+12 1.52719233035e-12
9.54727417772e+12 1.5302413235e-12
9.57767950949e+12 1.53347623086e-12
9.60808484127e+12 1.53734324656e-12
9.63849017305e+12 1.54174941349e-12
9.66889550482e+12 1.54684346302e-12
9.6993008366e+12 1.55227215814e-12
9.72970616837e+12 1.55796113316e-12
9.76011150015e+12 1.56422644225e-12
9.79051683193e+12 1.57082639693e-12
9.8209221637e+12 1.57779818005e-12
9.85132749548e+12 1.58465841463e-12
9.88173282725e+12 1.59109104652e-12
9.91213815903e+12 1.59761663551e-12
9.94254349081e+12 1.60427236446e-12
9.97294882258e+12 1.61107682478e-12
1.00033541544e+13 1.61780691941e-12
1.00337594861e+13 1.6244998312e-12
1.00641648179e+13 1.63126710867e-12
1.00945701497e+13 1.63781128909e-12
1.01249754815e+13 1.64398364107e-12
1.01553808132e+13 1.64989571315e-12
1.0185786145e+13 1.65617961367e-12
1.02161914768e+13 1.66244492276e-12
1.02465968086e+13 1.66898910317e-12
1.02770021403e+13 1.67544032648e-12
1.03074074721e+13 1.68163126989e-12
1.03378128039e+13 1.68789657898e-12
1.03682181357e+13 1.69431061944e-12
1.03986234674e+13 1.70027846579e-12
1.04290287992e+13 1.7056142038e-12
1.0459434131e+13 1.71035501632e-12
1.04898394628e+13 1.71509582883e-12
1.05202447946e+13 1.71946481292e-12
1.05506501263e+13 1.72379661416e-12
1.05810554581e+13 1.72805404971e-12
1.06114607899e+13 1.73212557105e-12
1.06418661217e+13 1.73638300661e-12
1.06722714534e+13 1.74060325932e-12
1.07026767852e+13 1.74493506056e-12
1.0733082117e+13 1.74922967896e-12
1.07634874488e+13 1.75339415741e-12
1.07938927805e+13 1.75726117311e-12
1.08242981123e+13 1.76090509175e-12
1.08547034441e+13 1.76436309617e-12
1.08851087759e+13 1.76787687486e-12
1.09155141076e+13 1.77140924497e-12
1.09459194394e+13 1.7746999266e-12
1.09763247712e+13 1.77780469401e-12
1.1006730103e+13 1.78090946143e-12
1.10371354347e+13 1.78393986315e-12
1.10675407665e+13 1.78637533939e-12
1.10979460983e+13 1.78843898719e-12
1.11283514301e+13 1.79053981784e-12
1.11587567619e+13 1.79297529407e-12
1.11891620936e+13 1.79537358746e-12
1.12195674254e+13 1.79734427815e-12
1.12499727572e+13 1.79914764605e-12
1.1280378089e+13 1.80136002523e-12
1.13107834207e+13 1.80323775881e-12
1.13411887525e+13 1.80526422377e-12
1.13715940843e+13 1.80706759167e-12
1.14019994161e+13 1.8087222282e-12
1.14324047478e+13 1.81017235908e-12
1.14628100796e+13 1.81145516718e-12
1.14932154114e+13 1.8124219211e-12
1.15236207432e+13 1.8132771265e-12
1.15540260749e+13 1.81361177209e-12
1.15844314067e+13 1.81364895493e-12
1.16148367385e+13 1.81398360052e-12
1.16452420703e+13 1.81442979464e-12
1.1675647402e+13 1.8149131716e-12
1.17060527338e+13 1.81580555984e-12
1.17364580656e+13 1.81651203386e-12
1.17668633974e+13 1.81669794808e-12
1.17972687292e+13 1.81669794808e-12
1.18276740609e+13 1.81658639955e-12
1.18580793927e+13 1.81623316254e-12
1.18884847245e+13 1.81580555984e-12
1.19188900563e+13 1.8151734515e-12
1.1949295388e+13 1.81398360052e-12
1.19797007198e+13 1.81288670664e-12
1.20101060516e+13 1.81171544708e-12
1.20405113834e+13 1.81065573605e-12
1.20709167151e+13 1.81004221913e-12
1.21013220469e+13 1.80961461643e-12
1.21317273787e+13 1.80907546521e-12
1.21621327105e+13 1.80836899119e-12
1.21925380422e+13 1.80766251716e-12
1.2222943374e+13 1.80665858039e-12
1.22533487058e+13 1.80571041789e-12
1.22837540376e+13 1.80479943823e-12
1.23141593693e+13 1.80377691004e-12
1.23445647011e+13 1.80256846763e-12
1.23749700329e+13 1.80083946542e-12
1.24053753647e+13 1.79864567767e-12
1.24357806965e+13 1.7962659757e-12
1.24661860282e+13 1.79388627373e-12
1.249659136e+13 1.79139502323e-12
1.25269966918e+13 1.78877363278e-12
1.25574020236e+13 1.78656125361e-12
1.25878073553e+13 1.78444183154e-12
1.26182126871e+13 1.78302888349e-12
1.26486180189e+13 1.78213649526e-12
1.26790233507e+13 1.78156016119e-12
1.27094286824e+13 1.78074213863e-12
1.27398340142e+13 1.77990552466e-12
1.2770239346e+13 1.77932919059e-12
1.28006446778e+13 1.77905031926e-12
1.28310500095e+13 1.77892017931e-12
1.28614553413e+13 1.77916186779e-12
1.28918606731e+13 1.77973820186e-12
1.29222660049e+13 1.78027735309e-12
1.29526713366e+13 1.78074213863e-12
1.29830766684e+13 1.78113255849e-12
1.30134820002e+13 1.78137424697e-12
1.3043887332e+13 1.7819133982e-12
1.30742926638e+13 1.78267564648e-12
1.31046979955e+13 1.78388408889e-12
1.31351033273e+13 1.78544576831e-12
1.31655086591e+13 1.78756519037e-12
1.31959139909e+13 1.78998207519e-12
1.32263193226e+13 1.79258487422e-12
1.32567246544e+13 1.79503894187e-12
1.32871299862e+13 1.79760455806e-12
1.3317535318e+13 1.8001329914e-12
1.33479406497e+13 1.80281015612e-12
1.33783459815e+13 1.8053757723e-12
1.34087513133e+13 1.80781124854e-12
1.34391566451e+13 1.81026531619e-12
1.34695619768e+13 1.81253346963e-12
1.34999673086e+13 1.81489458018e-12
1.35303726404e+13 1.81753456205e-12
1.35607779722e+13 1.82050918951e-12
1.35911833039e+13 1.82340945129e-12
1.36215886357e+13 1.82638407875e-12
1.36519939675e+13 1.82893110352e-12
1.36823992993e+13 1.83171981676e-12
1.37128046311e+13 1.83430402437e-12
1.37432099628e+13 1.83703696335e-12
1.37736152946e+13 1.83954680527e-12
1.38040206264e+13 1.84224256141e-12
1.38344259582e+13 1.8451614146e-12
1.38648312899e+13 1.84822899917e-12
1.38952366217e+13 1.85107348668e-12
1.39256419535e+13 1.85406670557e-12
1.39560472853e+13 1.85732020435e-12
1.3986452617e+13 1.860964123e-12
1.40168579488e+13 1.86438494458e-12
1.40472632806e+13 1.867842949e-12
1.40776686124e+13 1.87159841617e-12
1.41080739441e+13 1.87529810908e-12
1.41384792759e+13 1.8791837162e-12
1.41688846077e+13 1.88299495764e-12
1.41992899395e+13 1.88712225324e-12
1.42296952712e+13 1.89160278585e-12
1.4260100603e+13 1.89589740425e-12
1.42905059348e+13 1.90009906554e-12
1.43209112666e+13 1.90441227536e-12
1.43513165984e+13 1.9084837967e-12
1.43817219301e+13 1.91231362956e-12
1.44121272619e+13 1.91614346241e-12
1.44425325937e+13 1.91963864968e-12
1.44729379255e+13 1.92246454577e-12
1.45033432572e+13 1.92525325902e-12
1.4533748589e+13 1.92833943501e-12
1.45641539208e+13 1.93123969678e-12
1.45945592526e+13 1.9343444642e-12
1.46249645843e+13 1.93750500587e-12
1.46553699161e+13 1.94033090196e-12
1.46857752479e+13 1.943286938e-12
1.47161805797e+13 1.94598269414e-12
1.47465859114e+13 1.94841817037e-12
1.47769912432e+13 1.95077928092e-12
1.4807396575e+13 1.95293588583e-12
1.48378019068e+13 1.95460911378e-12
1.48682072385e+13 1.95602206182e-12
1.48986125703e+13 1.95706318144e-12
1.49290179021e+13 1.95810430105e-12
1.49594232339e+13 1.95923837777e-12
1.49898285657e+13 1.96026090596e-12
1.50202338974e+13 1.9609859714e-12
1.50506392292e+13 1.961673854e-12
1.5081044561e+13 1.96232455376e-12
1.51114498928e+13 1.96319835058e-12
1.51418552245e+13 1.96405355597e-12
1.51722605563e+13 1.96453693293e-12
1.52026658881e+13 1.96479721284e-12
1.52330712199e+13 1.96509467558e-12
1.52634765516e+13 1.96559664397e-12
1.52938818834e+13 1.96563382681e-12
1.53242872152e+13 1.96515044985e-12
1.5354692547e+13 1.96438820156e-12
1.53850978787e+13 1.96299384494e-12
1.54155032105e+13 1.96074428292e-12
1.54459085423e+13 1.95834598953e-12
1.54763138741e+13 1.95607783609e-12
1.55067192058e+13 1.95380968265e-12
1.55371245376e+13 1.95124406646e-12
1.55675298694e+13 1.94845535322e-12
1.55979352012e+13 1.94533199438e-12
1.5628340533e+13 1.94202272133e-12
1.56587458647e+13 1.93867626544e-12
1.56891511965e+13 1.93551572376e-12
1.57195565283e+13 1.93213208502e-12
1.57499618601e+13 1.9286740806e-12
1.57803671918e+13 1.92484424774e-12
1.58107725236e+13 1.92056822076e-12
1.58411778554e+13 1.91584599967e-12
1.58715831872e+13 1.91039871313e-12
1.59019885189e+13 1.90439368394e-12
1.59323938507e+13 1.89812837485e-12
1.59627991825e+13 1.89137968879e-12
1.59932045143e+13 1.88455663705e-12
1.6023609846e+13 1.87765921963e-12
1.60540151778e+13 1.87072461936e-12
1.60844205096e+13 1.86360410487e-12
1.61148258414e+13 1.85626049332e-12
1.61452311731e+13 1.84908420457e-12
1.61756365049e+13 1.84161045307e-12
1.62060418367e+13 1.83389501309e-12
1.62364471685e+13 1.82603084174e-12
1.62668525003e+13 1.81781343338e-12
1.6297257832e+13 1.80903828236e-12
1.63276631638e+13 1.80011439998e-12
1.63580684956e+13 1.79100460338e-12
1.63884738274e+13 1.78163452687e-12
1.64188791591e+13 1.77211571899e-12
1.64492844909e+13 1.76220649126e-12
1.64796898227e+13 1.75229726353e-12
1.65100951545e+13 1.74223930442e-12
1.65405004862e+13 1.73221852816e-12
1.6570905818e+13 1.72186310631e-12
1.66013111498e+13 1.71143331877e-12
1.66317164816e+13 1.70074325133e-12
1.66621218133e+13 1.68979290399e-12
1.66925271451e+13 1.67852650247e-12
1.67229324769e+13 1.66688827253e-12
1.67533378087e+13 1.65480384847e-12
1.67837431404e+13 1.64281238151e-12
1.68141484722e+13 1.63033753759e-12
1.6844553804e+13 1.61773255372e-12
1.68749591358e+13 1.60477433284e-12
1.69053644676e+13 1.59177892912e-12
1.69357697993e+13 1.57852324549e-12
1.69661751311e+13 1.56482136774e-12
1.69965804629e+13 1.55061752161e-12
1.70269857947e+13 1.53661818112e-12
1.70573911264e+13 1.52248870068e-12
1.70877964582e+13 1.50856372587e-12
1.711820179e+13 1.49449001969e-12
1.71486071218e+13 1.48010025935e-12
1.71790124535e+13 1.46559895047e-12
1.72094177853e+13 1.45154383571e-12
1.72398231171e+13 1.43767463517e-12
1.72702284489e+13 1.42376825179e-12
1.73006337806e+13 1.40982468556e-12
1.73310391124e+13 1.39575097938e-12
1.73614444442e+13 1.38132403619e-12
1.7391849776e+13 1.36674836163e-12
1.74222551077e+13 1.35213550422e-12
1.74526604395e+13 1.33752264681e-12
1.74830657713e+13 1.32317006931e-12
1.75134711031e+13 1.30889185749e-12
1.75438764348e+13 1.29455787141e-12
1.75742817666e+13 1.28020529391e-12
1.76046870984e+13 1.26615017915e-12
1.76350924302e+13 1.25239252714e-12
1.7665497762e+13 1.23863487513e-12
1.76959030937e+13 1.22484004027e-12
1.77263084255e+13 1.21098943115e-12
1.77567137573e+13 1.19739910194e-12
1.77871190891e+13 1.18395750409e-12
1.78175244208e+13 1.17059027194e-12
1.78479297526e+13 1.15729740547e-12
1.78783350844e+13 1.1440974961e-12
1.79087404162e+13 1.13125082375e-12
1.79391457479e+13 1.11885034552e-12
1.79695510797e+13 1.10630113592e-12
1.79999564115e+13 1.09349164641e-12
1.80303617433e+13 1.08051483411e-12
1.8060767075e+13 1.06794703308e-12
1.80911724068e+13 1.05549078058e-12
1.81215777386e+13 1.04318325946e-12
1.81519830704e+13 1.03128474961e-12
1.81823884021e+13 1.01968370251e-12
1.82127937339e+13 1.00826856963e-12
1.82431990657e+13 9.96704705368e-13
1.82736043975e+13 9.85103658267e-13
1.83040097293e+13 9.73651342538e-13
1.8334415061e+13 9.625336724e-13
1.83648203928e+13 9.51453185104e-13
1.83952257246e+13 9.40372697809e-13
1.84256310564e+13 9.29180661983e-13
1.84560363881e+13 9.18174540374e-13
1.84864417199e+13 9.07317150138e-13
1.85168470517e+13 8.96905954022e-13
1.85472523835e+13 8.86866586338e-13
1.85776577152e+13 8.77161864244e-13
1.8608063047e+13 8.67866153425e-13
1.86384683788e+13 8.5883072251e-13
1.86688737106e+13 8.50036980076e-13
1.86992790423e+13 8.41577883231e-13
1.87296843741e+13 8.33676529035e-13
1.87600897059e+13 8.25998271899e-13
1.87904950377e+13 8.1839438045e-13
1.88209003694e+13 8.10864854687e-13
1.88513057012e+13 8.0352124314e-13
1.8881711033e+13 7.9625199728e-13
1.89121163648e+13 7.89187257059e-13
1.89425216966e+13 7.82252656788e-13
1.89729270283e+13 7.7557833642e-13
1.90033323601e+13 7.69015564583e-13
1.90337376919e+13 7.62936169707e-13
1.90641430237e+13 7.57117054735e-13
1.90945483554e+13 7.51297939763e-13
1.91249536872e+13 7.45776287537e-13
1.9155359019e+13 7.40180269624e-13
1.91857643508e+13 7.34956080144e-13
1.92161696825e+13 7.29694707821e-13
1.92465750143e+13 7.24544884028e-13
1.92769803461e+13 7.19227737439e-13
1.93073856779e+13 7.14022139381e-13
1.93377910096e+13 7.08816541323e-13
1.93681963414e+13 7.03871223167e-13
1.93986016732e+13 6.99111819228e-13
1.9429007005e+13 6.94742835144e-13
1.94594123367e+13 6.90392442481e-13
1.94898176685e+13 6.8663697531e-13
1.95202230003e+13 6.82900099561e-13
1.95506283321e+13 6.79516460823e-13
1.95810336639e+13 6.76430284832e-13
1.96114389956e+13 6.73622980164e-13
1.96418443274e+13 6.71261869617e-13
1.96722496592e+13 6.69123856128e-13
1.9702654991e+13 6.67134574013e-13
1.97330603227e+13 6.65795991655e-13
1.97634656545e+13 6.64810646309e-13
1.97938709863e+13 6.640298066e-13
1.98242763181e+13 6.63397698264e-13
1.98546816498e+13 6.62932912723e-13
1.98850869816e+13 6.6289572988e-13
1.99154923134e+13 6.63081644096e-13
1.99458976452e+13 6.63602203902e-13
1.99763029769e+13 6.63974032335e-13
2.00067083087e+13 6.64494592141e-13
2.00371136405e+13 6.65312614693e-13
2.00675189723e+13 6.66000497293e-13
2.0097924304e+13 6.67078799748e-13
2.01283296358e+13 6.68417382106e-13
2.01587349676e+13 6.7027652427e-13
2.01891402994e+13 6.72358763493e-13
2.02195456312e+13 6.74701282619e-13
2.02499509629e+13 6.77118167432e-13
2.02803562947e+13 6.79497869402e-13
2.03107616265e+13 6.82007711323e-13
2.03411669583e+13 6.84629101773e-13
2.037157229e+13 6.87120352273e-13
2.04019776218e+13 6.89871882675e-13
2.04323829536e+13 6.92697778764e-13
2.04627882854e+13 6.95672406226e-13
2.04931936171e+13 6.98572668001e-13
2.05235989489e+13 7.01696026836e-13
2.05540042807e+13 7.04819385671e-13
2.05844096125e+13 7.0775683029e-13
2.06148149442e+13 7.10954554811e-13
2.0645220276e+13 7.14096505068e-13
2.06756256078e+13 7.17201272481e-13
2.07060309396e+13 7.20343222738e-13
2.07364362713e+13 7.23819818584e-13
2.07668416031e+13 7.27370780116e-13
2.07972469349e+13 7.31014698757e-13
2.08276522667e+13 7.34732983084e-13
2.08580575985e+13 7.38581407363e-13
2.08884629302e+13 7.41454095345e-13
2.0918868262e+13 7.44424283844e-13
2.09492735938e+13 7.47615774663e-13
2.09796789256e+13 7.50838118892e-13
2.10100842573e+13 7.54507465132e-13
2.10404895891e+13 7.58354477887e-13
2.10708949209e+13 7.6186469904e-13
2.11013002527e+13 7.65233813742e-13
2.11317055844e+13 7.69067157037e-13
2.11621109162e+13 7.72926476695e-13
2.1192516248e+13 7.76689644532e-13
2.12229215798e+13 7.80691448039e-13
2.12533269115e+13 7.84541091779e-13
2.12837322433e+13 7.88326536505e-13
2.13141375751e+13 7.91824890541e-13
2.13445429069e+13 7.94734434804e-13
2.13749482386e+13 7.9751024625e-13
2.14053535704e+13 8.00543432216e-13
2.14357589022e+13 8.0349505804e-13
2.1466164234e+13 8.06660836738e-13
2.14965695658e+13 8.09551330332e-13
2.15269748975e+13 8.1249517021e-13
2.15573802293e+13 8.15560168005e-13
2.15877855611e+13 8.1885664341e-13
2.16181908929e+13 8.22188720593e-13
2.16485962246e+13 8.2555498269e-13
2.16790015564e+13 8.28840435482e-13
2.17094068882e+13 8.32032087805e-13
2.173981222e+13 8.35880443263e-13
2.17702175517e+13 8.39530693409e-13
2.18006228835e+13 8.43730391726e-13
2.18310282153e+13 8.48351995309e-13
2.18614335471e+13 8.53616520436e-13
2.18918388788e+13 8.59107147595e-13
2.19222442106e+13 8.65233777134e-13
2.19526495424e+13 8.72671190854e-13
2.19830548742e+13 8.80703705456e-13
2.20134602059e+13 8.8977053132e-13
2.20438655377e+13 9.0009000838e-13
2.20742708695e+13 9.12089677434e-13
2.21046762013e+13 9.2607430102e-13
2.21350815331e+13 9.42261387053e-13
2.21654868648e+13 9.59815023102e-13
2.21958921966e+13 9.77882550602e-13
2.22262975284e+13 9.95893149397e-13
2.22567028602e+13 1.01363050464e-12
2.22871081919e+13 1.03067746259e-12
2.23175135237e+13 1.04670784712e-12
2.23479188555e+13 1.06363563706e-12
2.23783241873e+13 1.08023698304e-12
2.2408729519e+13 1.09620134611e-12
2.24391348508e+13 1.11218287462e-12
2.24695401826e+13 1.12963236513e-12
2.24999455144e+13 1.14872248909e-12
2.25303508461e+13 1.16916802818e-12
2.25607561779e+13 1.19213554239e-12
2.25911615097e+13 1.21526008948e-12
2.26215668415e+13 1.2387289942e-12
2.26519721732e+13 1.26338999024e-12
2.2682377505e+13 1.28507324776e-12
2.27127828368e+13 1.30579285983e-12
2.27431881686e+13 1.32405700834e-12
2.27735935004e+13 1.33875277921e-12
2.28039988321e+13 1.34933439669e-12
2.28344041639e+13 1.35561581835e-12
2.28648094957e+13 1.35641617905e-12
2.28952148275e+13 1.35465080232e-12
2.29256201592e+13 1.34900861816e-12
2.2956025491e+13 1.33972319508e-12
2.29864308228e+13 1.32650722949e-12
2.30168361546e+13 1.31788276685e-12
2.30472414863e+13 1.31026957969e-12
2.30776468181e+13 1.30817444734e-12
2.31080521499e+13 1.31663354418e-12
2.31384574817e+13 1.32469456588e-12
2.31688628134e+13 1.34862172553e-12
2.31992681452e+13 1.37873982858e-12
2.3229673477e+13 1.40355937647e-12
2.32600788088e+13 1.41651421709e-12
2.32904841405e+13 1.4451213446e-12
2.33208894723e+13 1.49556832215e-12
2.33512948041e+13 1.51417833521e-12
2.33817001359e+13 1.47913350542e-12
2.34121054677e+13 1.35587237997e-12
2.34425107994e+13 1.19780811321e-12
2.34729161312e+13 9.28808833551e-13
2.3503321463e+13 6.59809553888e-13
2.35337267948e+13 4.82168520149e-13
2.35641321265e+13 3.80659358013e-13
2.35945374583e+13 0
