
Used Primitive lattice vector

    0.000000000000      1.753330000000      1.753330000000  
    1.753330000000      0.000000000000      1.753330000000  
    1.753330000000      1.753330000000      0.000000000000  

   1 Atom(s) in the Primitive cell

 0.0000000000 0.0000000000 0.0000000000 Ni    0


 Q= -0.142586 -0.142586 -0.142586, q= -0.500000 -0.500000 -0.500000

                       Ni X   0        Ni Y   0        Ni Z   0     
                    --------------- --------------- ---------------
    0   4.2440 THz   0.3086  0.0000  0.5004 -0.0000 -0.8090  0.0000
    1   4.2440 THz   0.7559  0.0000 -0.6452  0.0000 -0.1107 -0.0000
    2   8.3416 THz   0.5774  0.0000  0.5774  0.0000  0.5774 -0.0000


 Q= -0.071293 -0.071293 -0.213879, q= -0.500000 -0.500000 -0.250000

                       Ni X   0        Ni Y   0        Ni Z   0     
                    --------------- --------------- ---------------
    0   5.4163 THz   0.7071  0.0000 -0.7071 -0.0000 -0.0000  0.0000
    1   5.8088 THz   0.5825  0.0000  0.5825  0.0000 -0.5668 -0.0000
    2   7.8863 THz   0.4008  0.0000  0.4008 -0.0000  0.8238 -0.0000


 Q=  0.000000  0.000000 -0.285172, q= -0.500000 -0.500000  0.000000

                       Ni X   0        Ni Y   0        Ni Z   0     
                    --------------- --------------- ---------------
    0   6.3519 THz   0.0000  0.0000  1.0000 -0.0000  0.0000  0.0000
    1   6.3519 THz   1.0000  0.0000  0.0000  0.0000  0.0000  0.0000
    2   8.2009 THz   0.0000  0.0000  0.0000 -0.0000 -1.0000 -0.0000


 Q=  0.071293  0.071293 -0.356465, q= -0.500000 -0.500000  0.250000

                       Ni X   0        Ni Y   0        Ni Z   0     
                    --------------- --------------- ---------------
    0   5.4163 THz   0.7071  0.0000 -0.7071 -0.0000  0.0000  0.0000
    1   5.8088 THz   0.5825  0.0000  0.5825  0.0000 -0.5668 -0.0000
    2   7.8863 THz   0.4008  0.0000  0.4008  0.0000  0.8238  0.0000


 Q= -0.071293 -0.213879 -0.071293, q= -0.500000 -0.250000 -0.500000

                       Ni X   0        Ni Y   0        Ni Z   0     
                    --------------- --------------- ---------------
    0   5.4163 THz  -0.7071  0.0000 -0.0000  0.0000  0.7071 -0.0000
    1   5.8088 THz   0.5825  0.0000 -0.5668  0.0000  0.5825 -0.0000
    2   7.8863 THz   0.4008  0.0000  0.8238  0.0000  0.4008  0.0000


 Q=  0.000000 -0.142586 -0.142586, q= -0.500000 -0.250000 -0.250000

                       Ni X   0        Ni Y   0        Ni Z   0     
                    --------------- --------------- ---------------
    0   4.0438 THz   0.0000  0.0000  0.6976  0.1155 -0.6976 -0.1155
    1   5.8741 THz   1.0000  0.0000  0.0000  0.0000  0.0000  0.0000
    2   7.5320 THz   0.0000  0.0000 -0.7058 -0.0438 -0.7058 -0.0438


 Q=  0.071293 -0.071293 -0.213879, q= -0.500000 -0.250000  0.000000

                       Ni X   0        Ni Y   0        Ni Z   0     
                    --------------- --------------- ---------------
    0   5.4163 THz  -0.7071  0.0000 -0.7071 -0.0000  0.0000  0.0000
    1   5.8088 THz   0.5825  0.0000 -0.5825 -0.0000  0.5668  0.0000
    2   7.8863 THz  -0.4008  0.0000  0.4008 -0.0000  0.8238  0.0000


 Q=  0.142586  0.000000 -0.285172, q= -0.500000 -0.250000  0.250000

                       Ni X   0        Ni Y   0        Ni Z   0     
                    --------------- --------------- ---------------
    0   5.8174 THz   1.0000  0.0000  0.0000  0.0000  0.0000  0.0000
    1   7.2027 THz   0.0000  0.0000 -0.4182  0.1175 -0.8901  0.1380
    2   7.2027 THz   0.0000  0.0000  0.8752 -0.2130 -0.4314  0.0514


 Q=  0.000000 -0.285172  0.000000, q= -0.500000  0.000000 -0.500000

                       Ni X   0        Ni Y   0        Ni Z   0     
                    --------------- --------------- ---------------
    0   6.3519 THz   0.0000  0.0000  0.0000  0.0000 -1.0000  0.0000
    1   6.3519 THz   1.0000  0.0000  0.0000  0.0000  0.0000  0.0000
    2   8.2009 THz   0.0000  0.0000  1.0000  0.0000  0.0000  0.0000


 Q=  0.071293 -0.213879 -0.071293, q= -0.500000  0.000000 -0.250000

                       Ni X   0        Ni Y   0        Ni Z   0     
                    --------------- --------------- ---------------
    0   5.4163 THz   0.7071  0.0000 -0.0000 -0.0000  0.7071  0.0000
    1   5.8088 THz   0.5825  0.0000  0.5668  0.0000 -0.5825 -0.0000
    2   7.8863 THz  -0.4008  0.0000  0.8238 -0.0000  0.4008  0.0000


 Q=  0.142586 -0.142586 -0.142586, q= -0.500000  0.000000  0.000000

                       Ni X   0        Ni Y   0        Ni Z   0     
                    --------------- --------------- ---------------
    0   4.2440 THz   0.0000  0.0000  0.0000  0.7071  0.0000 -0.7071
    1   4.2440 THz   0.8165  0.0000  0.4082 -0.0000  0.4082 -0.0000
    2   8.3416 THz   0.5774  0.0000 -0.5774  0.0000 -0.5774  0.0000


 Q=  0.213879 -0.071293 -0.213879, q= -0.500000  0.000000  0.250000

                       Ni X   0        Ni Y   0        Ni Z   0     
                    --------------- --------------- ---------------
    0   5.4163 THz   0.7071  0.0000 -0.0000 -0.0000  0.7071  0.0000
    1   5.8088 THz   0.5825  0.0000  0.5668  0.0000 -0.5825 -0.0000
    2   7.8863 THz  -0.4008  0.0000  0.8238  0.0000  0.4008  0.0000


 Q=  0.071293 -0.356465  0.071293, q= -0.500000  0.250000 -0.500000

                       Ni X   0        Ni Y   0        Ni Z   0     
                    --------------- --------------- ---------------
    0   5.4163 THz  -0.7071  0.0000 -0.0000 -0.0000  0.7071  0.0000
    1   5.8088 THz   0.5825  0.0000 -0.5668 -0.0000  0.5825  0.0000
    2   7.8863 THz   0.4008  0.0000  0.8238 -0.0000  0.4008 -0.0000


 Q=  0.142586 -0.285172  0.000000, q= -0.500000  0.250000 -0.250000

                       Ni X   0        Ni Y   0        Ni Z   0     
                    --------------- --------------- ---------------
    0   5.8174 THz   1.0000  0.0000  0.0000  0.0000  0.0000  0.0000
    1   7.2027 THz   0.0000  0.0000 -0.1007 -0.1005 -0.9843 -0.1041
    2   7.2027 THz   0.0000  0.0000  0.9740  0.1764 -0.1249  0.0681


 Q=  0.213879 -0.213879 -0.071293, q= -0.500000  0.250000  0.000000

                       Ni X   0        Ni Y   0        Ni Z   0     
                    --------------- --------------- ---------------
    0   5.4163 THz  -0.7071  0.0000 -0.7071  0.0000  0.0000 -0.0000
    1   5.8088 THz   0.5825  0.0000 -0.5825  0.0000  0.5668 -0.0000
    2   7.8863 THz  -0.4008  0.0000  0.4008  0.0000  0.8238  0.0000


 Q=  0.285172 -0.142586 -0.142586, q= -0.500000  0.250000  0.250000

                       Ni X   0        Ni Y   0        Ni Z   0     
                    --------------- --------------- ---------------
    0   4.0438 THz   0.0000  0.0000  0.6666 -0.2359 -0.6666  0.2359
    1   5.8741 THz   1.0000  0.0000  0.0000  0.0000  0.0000  0.0000
    2   7.5320 THz   0.0000  0.0000 -0.6769  0.2043 -0.6769  0.2043


 Q= -0.213879 -0.071293 -0.071293, q= -0.250000 -0.500000 -0.500000

                       Ni X   0        Ni Y   0        Ni Z   0     
                    --------------- --------------- ---------------
    0   5.4163 THz   0.0000  0.0000  0.7070 -0.0100 -0.7070  0.0100
    1   5.8088 THz   0.5668  0.0000 -0.5825  0.0000 -0.5825  0.0000
    2   7.8863 THz   0.8238  0.0000  0.4008 -0.0000  0.4008 -0.0000


 Q= -0.142586  0.000000 -0.142586, q= -0.250000 -0.500000 -0.250000

                       Ni X   0        Ni Y   0        Ni Z   0     
                    --------------- --------------- ---------------
    0   4.0438 THz   0.7071  0.0000 -0.0000 -0.0000 -0.7071  0.0000
    1   5.8741 THz   0.0000  0.0000  0.9995 -0.0321  0.0000  0.0000
    2   7.5320 THz   0.7071  0.0000  0.0000  0.0000  0.7071 -0.0000


 Q= -0.071293  0.071293 -0.213879, q= -0.250000 -0.500000  0.000000

                       Ni X   0        Ni Y   0        Ni Z   0     
                    --------------- --------------- ---------------
    0   5.4163 THz   0.7071  0.0000  0.7071 -0.0000  0.0000 -0.0000
    1   5.8088 THz   0.5825  0.0000 -0.5825  0.0000 -0.5668  0.0000
    2   7.8863 THz  -0.4008  0.0000  0.4008 -0.0000 -0.8238  0.0000


 Q=  0.000000  0.142586 -0.285172, q= -0.250000 -0.500000  0.250000

                       Ni X   0        Ni Y   0        Ni Z   0     
                    --------------- --------------- ---------------
    0   5.8174 THz   0.0000  0.0000  0.9579  0.2870 -0.0000  0.0000
    1   7.2027 THz   0.0000  0.0000  0.0000  0.0000 -1.0000 -0.0084
    2   7.2027 THz   1.0000  0.0000  0.0000  0.0000  0.0000  0.0000


 Q= -0.142586 -0.142586  0.000000, q= -0.250000 -0.250000 -0.500000

                       Ni X   0        Ni Y   0        Ni Z   0     
                    --------------- --------------- ---------------
    0   4.0438 THz   0.7071  0.0000 -0.7071  0.0000 -0.0000  0.0000
    1   5.8741 THz   0.0000  0.0000  0.0000  0.0000 -0.9279 -0.3727
    2   7.5320 THz   0.7071  0.0000  0.7071 -0.0000  0.0000 -0.0000


 Q= -0.071293 -0.071293 -0.071293, q= -0.250000 -0.250000 -0.250000

                       Ni X   0        Ni Y   0        Ni Z   0     
                    --------------- --------------- ---------------
    0   2.5007 THz   0.4085  0.0000  0.4047  0.0632 -0.8132 -0.0632
    1   2.5007 THz   0.7070  0.0000 -0.7054 -0.0365 -0.0016  0.0365
    2   6.7688 THz   0.5774  0.0000  0.5774  0.0000  0.5774 -0.0000


 Q=  0.000000  0.000000 -0.142586, q= -0.250000 -0.250000  0.000000

                       Ni X   0        Ni Y   0        Ni Z   0     
                    --------------- --------------- ---------------
    0   4.3163 THz   0.0000  0.0000  1.0000 -0.0012 -0.0000 -0.0000
    1   4.3163 THz   1.0000  0.0000  0.0000  0.0000  0.0000  0.0000
    2   5.8341 THz   0.0000  0.0000 -0.0000  0.0000 -0.9985  0.0556


 Q=  0.071293  0.071293 -0.213879, q= -0.250000 -0.250000  0.250000

                       Ni X   0        Ni Y   0        Ni Z   0     
                    --------------- --------------- ---------------
    0   5.4163 THz  -0.7071  0.0000  0.7071  0.0000  0.0000  0.0000
    1   5.8088 THz   0.5825  0.0000  0.5825  0.0000  0.5668  0.0000
    2   7.8863 THz   0.4008  0.0000  0.4008 -0.0000 -0.8238  0.0000


 Q= -0.071293 -0.213879  0.071293, q= -0.250000  0.000000 -0.500000

                       Ni X   0        Ni Y   0        Ni Z   0     
                    --------------- --------------- ---------------
    0   5.4163 THz   0.7071  0.0000 -0.0000 -0.0000  0.7071 -0.0000
    1   5.8088 THz   0.5825  0.0000 -0.5668  0.0000 -0.5825  0.0000
    2   7.8863 THz   0.4008  0.0000  0.8238  0.0000 -0.4008 -0.0000


 Q=  0.000000 -0.142586  0.000000, q= -0.250000  0.000000 -0.250000

                       Ni X   0        Ni Y   0        Ni Z   0     
                    --------------- --------------- ---------------
    0   4.3163 THz   0.0000  0.0000  0.0000 -0.0000 -0.9995 -0.0331
    1   4.3163 THz   1.0000  0.0000  0.0000  0.0000  0.0000  0.0000
    2   5.8341 THz   0.0000  0.0000  0.9970 -0.0772  0.0000  0.0000


 Q=  0.071293 -0.071293 -0.071293, q= -0.250000  0.000000  0.000000

                       Ni X   0        Ni Y   0        Ni Z   0     
                    --------------- --------------- ---------------
    0   2.5007 THz  -0.2402  0.0000  0.5491  0.0943 -0.7893 -0.0943
    1   2.5007 THz   0.7804  0.0000  0.5962  0.0290  0.1842 -0.0290
    2   6.7688 THz  -0.5774  0.0000  0.5774 -0.0000  0.5774 -0.0000


 Q=  0.142586  0.000000 -0.142586, q= -0.250000  0.000000  0.250000

                       Ni X   0        Ni Y   0        Ni Z   0     
                    --------------- --------------- ---------------
    0   4.0438 THz   0.7071  0.0000 -0.0000 -0.0000  0.7071 -0.0000
    1   5.8741 THz   0.0000  0.0000 -0.9990 -0.0447 -0.0000  0.0000
    2   7.5320 THz   0.7071  0.0000  0.0000  0.0000 -0.7071  0.0000


 Q=  0.000000 -0.285172  0.142586, q= -0.250000  0.250000 -0.500000

                       Ni X   0        Ni Y   0        Ni Z   0     
                    --------------- --------------- ---------------
    0   5.8174 THz   0.0000  0.0000 -0.0000 -0.0000 -0.9990  0.0442
    1   7.2027 THz   0.0000  0.0000  0.9980  0.0628 -0.0000  0.0000
    2   7.2027 THz   1.0000  0.0000  0.0000  0.0000  0.0000  0.0000


 Q=  0.071293 -0.213879  0.071293, q= -0.250000  0.250000 -0.250000

                       Ni X   0        Ni Y   0        Ni Z   0     
                    --------------- --------------- ---------------
    0   5.4163 THz  -0.7071  0.0000  0.0000 -0.0000  0.7071 -0.0000
    1   5.8088 THz   0.5825  0.0000  0.5668 -0.0000  0.5825 -0.0000
    2   7.8863 THz  -0.4008  0.0000  0.8238 -0.0000 -0.4008  0.0000


 Q=  0.142586 -0.142586  0.000000, q= -0.250000  0.250000  0.000000

                       Ni X   0        Ni Y   0        Ni Z   0     
                    --------------- --------------- ---------------
    0   4.0438 THz  -0.7071  0.0000 -0.7071 -0.0000  0.0000  0.0000
    1   5.8741 THz   0.0000  0.0000 -0.0000 -0.0000 -0.9892 -0.1469
    2   7.5320 THz   0.7071  0.0000 -0.7071 -0.0000  0.0000  0.0000


 Q=  0.213879 -0.071293 -0.071293, q= -0.250000  0.250000  0.250000

                       Ni X   0        Ni Y   0        Ni Z   0     
                    --------------- --------------- ---------------
    0   5.4163 THz   0.0000  0.0000  0.6213  0.3377 -0.6213 -0.3377
    1   5.8088 THz  -0.5668  0.0000 -0.5825 -0.0000 -0.5825  0.0000
    2   7.8863 THz   0.8238  0.0000 -0.4008 -0.0000 -0.4008  0.0000


 Q= -0.285172  0.000000  0.000000, q=  0.000000 -0.500000 -0.500000

                       Ni X   0        Ni Y   0        Ni Z   0     
                    --------------- --------------- ---------------
    0   6.3519 THz   0.0000  0.0000 -0.3505  0.0000 -0.9366 -0.0000
    1   6.3519 THz   0.0000  0.0000  0.9366 -0.0000 -0.3505 -0.0000
    2   8.2009 THz   1.0000  0.0000  0.0000  0.0000  0.0000  0.0000


 Q= -0.213879  0.071293 -0.071293, q=  0.000000 -0.500000 -0.250000

                       Ni X   0        Ni Y   0        Ni Z   0     
                    --------------- --------------- ---------------
    0   5.4163 THz   0.0000  0.0000 -0.7066 -0.0269 -0.7066 -0.0269
    1   5.8088 THz  -0.5668  0.0000 -0.5825 -0.0000  0.5825 -0.0000
    2   7.8863 THz   0.8238  0.0000 -0.4008 -0.0000  0.4008  0.0000


 Q= -0.142586  0.142586 -0.142586, q=  0.000000 -0.500000  0.000000

                       Ni X   0        Ni Y   0        Ni Z   0     
                    --------------- --------------- ---------------
    0   4.2440 THz   0.0000  0.0000 -0.7071 -0.0000 -0.7071 -0.0000
    1   4.2440 THz   0.8165  0.0000  0.4082 -0.0000 -0.4082  0.0000
    2   8.3416 THz   0.5774  0.0000 -0.5774  0.0000  0.5774 -0.0000


 Q= -0.071293  0.213879 -0.213879, q=  0.000000 -0.500000  0.250000

                       Ni X   0        Ni Y   0        Ni Z   0     
                    --------------- --------------- ---------------
    0   5.4163 THz   0.0000  0.0000 -0.7070  0.0123 -0.7070  0.0123
    1   5.8088 THz  -0.5668  0.0000 -0.5825  0.0000  0.5825 -0.0000
    2   7.8863 THz   0.8238  0.0000 -0.4008  0.0000  0.4008 -0.0000


 Q= -0.213879 -0.071293  0.071293, q=  0.000000 -0.250000 -0.500000

                       Ni X   0        Ni Y   0        Ni Z   0     
                    --------------- --------------- ---------------
    0   5.4163 THz   0.0000  0.0000 -0.6935  0.1382 -0.6935  0.1382
    1   5.8088 THz   0.5668  0.0000 -0.5825  0.0000  0.5825  0.0000
    2   7.8863 THz   0.8238  0.0000  0.4008 -0.0000 -0.4008 -0.0000


 Q= -0.142586  0.000000  0.000000, q=  0.000000 -0.250000 -0.250000

                       Ni X   0        Ni Y   0        Ni Z   0     
                    --------------- --------------- ---------------
    0   4.3163 THz   0.0000  0.0000  0.2658  0.0508 -0.9406 -0.2048
    1   4.3163 THz   0.0000  0.0000  0.9374  0.2191  0.2619  0.0683
    2   5.8341 THz   1.0000  0.0000  0.0000  0.0000  0.0000  0.0000


 Q= -0.071293  0.071293 -0.071293, q=  0.000000 -0.250000  0.000000

                       Ni X   0        Ni Y   0        Ni Z   0     
                    --------------- --------------- ---------------
    0   2.5007 THz   0.3930  0.0000 -0.4233 -0.0063 -0.8163 -0.0063
    1   2.5007 THz   0.7157  0.0000  0.6982  0.0035 -0.0175  0.0035
    2   6.7688 THz  -0.5774  0.0000  0.5774  0.0000 -0.5774  0.0000


 Q=  0.000000  0.142586 -0.142586, q=  0.000000 -0.250000  0.250000

                       Ni X   0        Ni Y   0        Ni Z   0     
                    --------------- --------------- ---------------
    0   4.0438 THz   0.0000  0.0000 -0.7041 -0.0652 -0.7041 -0.0652
    1   5.8741 THz   1.0000  0.0000  0.0000  0.0000  0.0000  0.0000
    2   7.5320 THz   0.0000  0.0000  0.6963 -0.1231 -0.6963  0.1231


 Q= -0.142586 -0.142586  0.142586, q=  0.000000  0.000000 -0.500000

                       Ni X   0        Ni Y   0        Ni Z   0     
                    --------------- --------------- ---------------
    0   4.2440 THz   0.8165  0.0000 -0.4082  0.0000  0.4082 -0.0000
    1   4.2440 THz   0.0000  0.0000 -0.7071  0.0000 -0.7071  0.0000
    2   8.3416 THz  -0.5774  0.0000 -0.5774  0.0000  0.5774 -0.0000


 Q= -0.071293 -0.071293  0.071293, q=  0.000000  0.000000 -0.250000

                       Ni X   0        Ni Y   0        Ni Z   0     
                    --------------- --------------- ---------------
    0   2.5007 THz  -0.4795  0.0000 -0.3202  0.1182 -0.7997  0.1182
    1   2.5007 THz   0.6608  0.0000 -0.7368  0.0857 -0.0759  0.0857
    2   6.7688 THz   0.5774  0.0000  0.5774 -0.0000 -0.5774  0.0000


 Q=  0.000000  0.000000  0.000000, q=  0.000000  0.000000  0.000000

                       Ni X   0        Ni Y   0        Ni Z   0     
                    --------------- --------------- ---------------
    0   0.0000 THz   0.7761  0.0000 -0.6273  0.0000 -0.0649  0.0000
    1   0.0000 THz   0.6274  0.0000  0.7575  0.0000  0.1803  0.0000
    2  -0.0000 THz   0.0640  0.0000  0.1807  0.0000 -0.9815  0.0000


 Q=  0.071293  0.071293 -0.071293, q=  0.000000  0.000000  0.250000

                       Ni X   0        Ni Y   0        Ni Z   0     
                    --------------- --------------- ---------------
    0   2.5007 THz  -0.4795  0.0000 -0.3202 -0.1182 -0.7997 -0.1182
    1   2.5007 THz   0.6608  0.0000 -0.7368 -0.0857 -0.0759 -0.0857
    2   6.7688 THz   0.5774  0.0000  0.5774  0.0000 -0.5774 -0.0000


 Q= -0.071293 -0.213879  0.213879, q=  0.000000  0.250000 -0.500000

                       Ni X   0        Ni Y   0        Ni Z   0     
                    --------------- --------------- ---------------
    0   5.4163 THz   0.0000  0.0000 -0.6298 -0.3215 -0.6298 -0.3215
    1   5.8088 THz   0.5668  0.0000 -0.5825 -0.0000  0.5825 -0.0000
    2   7.8863 THz   0.8238  0.0000  0.4008  0.0000 -0.4008  0.0000


 Q=  0.000000 -0.142586  0.142586, q=  0.000000  0.250000 -0.250000

                       Ni X   0        Ni Y   0        Ni Z   0     
                    --------------- --------------- ---------------
    0   4.0438 THz   0.0000  0.0000 -0.7041  0.0652 -0.7041  0.0652
    1   5.8741 THz   1.0000  0.0000  0.0000  0.0000  0.0000  0.0000
    2   7.5320 THz   0.0000  0.0000  0.6963  0.1231 -0.6963 -0.1231


 Q=  0.071293 -0.071293  0.071293, q=  0.000000  0.250000  0.000000

                       Ni X   0        Ni Y   0        Ni Z   0     
                    --------------- --------------- ---------------
    0   2.5007 THz   0.3930  0.0000 -0.4233  0.0063 -0.8163  0.0063
    1   2.5007 THz   0.7157  0.0000  0.6982 -0.0035 -0.0175 -0.0035
    2   6.7688 THz  -0.5774  0.0000  0.5774 -0.0000 -0.5774 -0.0000


 Q=  0.142586  0.000000  0.000000, q=  0.000000  0.250000  0.250000

                       Ni X   0        Ni Y   0        Ni Z   0     
                    --------------- --------------- ---------------
    0   4.3163 THz   0.0000  0.0000  0.2658 -0.0508 -0.9406  0.2048
    1   4.3163 THz   0.0000  0.0000  0.9374 -0.2191  0.2619 -0.0683
    2   5.8341 THz   1.0000  0.0000  0.0000  0.0000  0.0000  0.0000


 Q= -0.356465  0.071293  0.071293, q=  0.250000 -0.500000 -0.500000

                       Ni X   0        Ni Y   0        Ni Z   0     
                    --------------- --------------- ---------------
    0   5.4163 THz   0.0000  0.0000  0.7070  0.0140 -0.7070 -0.0140
    1   5.8088 THz   0.5668  0.0000 -0.5825 -0.0000 -0.5825 -0.0000
    2   7.8863 THz   0.8238  0.0000  0.4008  0.0000  0.4008  0.0000


 Q= -0.285172  0.142586  0.000000, q=  0.250000 -0.500000 -0.250000

                       Ni X   0        Ni Y   0        Ni Z   0     
                    --------------- --------------- ---------------
    0   5.8174 THz   0.0000  0.0000  0.7142 -0.6999 -0.0000  0.0000
    1   7.2027 THz   0.0000  0.0000 -0.0000  0.0000 -1.0000  0.0085
    2   7.2027 THz   1.0000  0.0000  0.0000  0.0000  0.0000  0.0000


 Q= -0.213879  0.213879 -0.071293, q=  0.250000 -0.500000  0.000000

                       Ni X   0        Ni Y   0        Ni Z   0     
                    --------------- --------------- ---------------
    0   5.4163 THz   0.7071  0.0000  0.7071  0.0000 -0.0000  0.0000
    1   5.8088 THz   0.5825  0.0000 -0.5825 -0.0000 -0.5668 -0.0000
    2   7.8863 THz  -0.4008  0.0000  0.4008  0.0000 -0.8238 -0.0000


 Q= -0.142586  0.285172 -0.142586, q=  0.250000 -0.500000  0.250000

                       Ni X   0        Ni Y   0        Ni Z   0     
                    --------------- --------------- ---------------
    0   4.0438 THz   0.7071  0.0000  0.0000  0.0000 -0.7071 -0.0000
    1   5.8741 THz   0.0000  0.0000  0.9992  0.0405  0.0000 -0.0000
    2   7.5320 THz   0.7071  0.0000  0.0000 -0.0000  0.7071  0.0000


 Q= -0.285172  0.000000  0.142586, q=  0.250000 -0.250000 -0.500000

                       Ni X   0        Ni Y   0        Ni Z   0     
                    --------------- --------------- ---------------
    0   5.8174 THz   0.0000  0.0000 -0.0000  0.0000 -0.9998 -0.0191
    1   7.2027 THz   0.0000  0.0000  0.9977 -0.0675 -0.0000  0.0000
    2   7.2027 THz   1.0000  0.0000  0.0000  0.0000  0.0000  0.0000


 Q= -0.213879  0.071293  0.071293, q=  0.250000 -0.250000 -0.250000

                       Ni X   0        Ni Y   0        Ni Z   0     
                    --------------- --------------- ---------------
    0   5.4163 THz   0.0000  0.0000  0.6213 -0.3377 -0.6213  0.3377
    1   5.8088 THz  -0.5668  0.0000 -0.5825  0.0000 -0.5825 -0.0000
    2   7.8863 THz   0.8238  0.0000 -0.4008  0.0000 -0.4008 -0.0000


 Q= -0.142586  0.142586  0.000000, q=  0.250000 -0.250000  0.000000

                       Ni X   0        Ni Y   0        Ni Z   0     
                    --------------- --------------- ---------------
    0   4.0438 THz  -0.7071  0.0000 -0.7071  0.0000  0.0000 -0.0000
    1   5.8741 THz   0.0000  0.0000 -0.0000  0.0000 -0.9892  0.1469
    2   7.5320 THz   0.7071  0.0000 -0.7071  0.0000  0.0000 -0.0000


 Q= -0.071293  0.213879 -0.071293, q=  0.250000 -0.250000  0.250000

                       Ni X   0        Ni Y   0        Ni Z   0     
                    --------------- --------------- ---------------
    0   5.4163 THz  -0.7071  0.0000  0.0000  0.0000  0.7071  0.0000
    1   5.8088 THz   0.5825  0.0000  0.5668  0.0000  0.5825  0.0000
    2   7.8863 THz  -0.4008  0.0000  0.8238  0.0000 -0.4008 -0.0000


 Q= -0.213879 -0.071293  0.213879, q=  0.250000  0.000000 -0.500000

                       Ni X   0        Ni Y   0        Ni Z   0     
                    --------------- --------------- ---------------
    0   5.4163 THz   0.7071  0.0000  0.0000  0.0000  0.7071  0.0000
    1   5.8088 THz   0.5825  0.0000 -0.5668 -0.0000 -0.5825 -0.0000
    2   7.8863 THz   0.4008  0.0000  0.8238 -0.0000 -0.4008  0.0000


 Q= -0.142586  0.000000  0.142586, q=  0.250000  0.000000 -0.250000

                       Ni X   0        Ni Y   0        Ni Z   0     
                    --------------- --------------- ---------------
    0   4.0438 THz   0.7071  0.0000 -0.0000  0.0000  0.7071  0.0000
    1   5.8741 THz   0.0000  0.0000 -0.9990  0.0447 -0.0000 -0.0000
    2   7.5320 THz   0.7071  0.0000  0.0000 -0.0000 -0.7071 -0.0000


 Q= -0.071293  0.071293  0.071293, q=  0.250000  0.000000  0.000000

                       Ni X   0        Ni Y   0        Ni Z   0     
                    --------------- --------------- ---------------
    0   2.5007 THz  -0.2402  0.0000  0.5491 -0.0943 -0.7893  0.0943
    1   2.5007 THz   0.7804  0.0000  0.5962 -0.0290  0.1842  0.0290
    2   6.7688 THz  -0.5774  0.0000  0.5774  0.0000  0.5774  0.0000


 Q=  0.000000  0.142586  0.000000, q=  0.250000  0.000000  0.250000

                       Ni X   0        Ni Y   0        Ni Z   0     
                    --------------- --------------- ---------------
    0   4.3163 THz   0.0000  0.0000  0.0000  0.0000 -0.9995  0.0331
    1   4.3163 THz   1.0000  0.0000  0.0000  0.0000  0.0000  0.0000
    2   5.8341 THz   0.0000  0.0000  0.9970  0.0772  0.0000 -0.0000


 Q= -0.142586 -0.142586  0.285172, q=  0.250000  0.250000 -0.500000

                       Ni X   0        Ni Y   0        Ni Z   0     
                    --------------- --------------- ---------------
    0   4.0438 THz   0.7071  0.0000 -0.7071 -0.0000 -0.0000 -0.0000
    1   5.8741 THz   0.0000  0.0000  0.0000 -0.0000 -0.8638  0.5038
    2   7.5320 THz   0.7071  0.0000  0.7071  0.0000  0.0000  0.0000


 Q= -0.071293 -0.071293  0.213879, q=  0.250000  0.250000 -0.250000

                       Ni X   0        Ni Y   0        Ni Z   0     
                    --------------- --------------- ---------------
    0   5.4163 THz  -0.7071  0.0000  0.7071 -0.0000  0.0000 -0.0000
    1   5.8088 THz   0.5825  0.0000  0.5825 -0.0000  0.5668 -0.0000
    2   7.8863 THz   0.4008  0.0000  0.4008  0.0000 -0.8238 -0.0000


 Q=  0.000000  0.000000  0.142586, q=  0.250000  0.250000  0.000000

                       Ni X   0        Ni Y   0        Ni Z   0     
                    --------------- --------------- ---------------
    0   4.3163 THz   0.0000  0.0000  1.0000  0.0012 -0.0000  0.0000
    1   4.3163 THz   1.0000  0.0000  0.0000  0.0000  0.0000  0.0000
    2   5.8341 THz   0.0000  0.0000 -0.0000 -0.0000 -0.9985 -0.0556


 Q=  0.071293  0.071293  0.071293, q=  0.250000  0.250000  0.250000

                       Ni X   0        Ni Y   0        Ni Z   0     
                    --------------- --------------- ---------------
    0   2.5007 THz   0.4085  0.0000  0.4047 -0.0632 -0.8132  0.0632
    1   2.5007 THz   0.7070  0.0000 -0.7054  0.0365 -0.0016 -0.0365
    2   6.7688 THz   0.5774  0.0000  0.5774 -0.0000  0.5774  0.0000
