
Used Primitive lattice vector

    3.434710000000      0.000000000000      0.000000000000  
    0.000000000000      3.434710000000      0.000000000000  
    0.000000000000      0.000000000000      3.434710000000  

   4 Atom(s) in the Primitive cell

 0.0000000000 0.5000000000 0.5000000000 Ni    0
 0.5000000000 0.0000000000 0.5000000000 Ni    1
 0.5000000000 0.5000000000 0.0000000000 Ni    2
 0.0000000000 0.0000000000 0.0000000000 Al    3


 Q= -0.145573 -0.145573 -0.145573, q= -0.500000 -0.500000 -0.500000

                       Ni X   0        Ni Y   0        Ni Z   0        Ni X   1        Ni Y   1        Ni Z   1        Ni X   2        Ni Y   2        Ni Z   2        Al X   3        Al Y   3        Al Z   3     
                    --------------- --------------- --------------- --------------- --------------- --------------- --------------- --------------- --------------- --------------- --------------- ---------------
    0   4.7243 THz   0.0000  0.0000 -0.3044 -0.0035 -0.1928 -0.0100  0.3044  0.0035  0.0000  0.0000 -0.5629 -0.2306  0.1928  0.0100  0.5629  0.2306 -0.0000 -0.0000  0.0000  0.0000  0.0000  0.0000 -0.0000 -0.0000
    1   4.7243 THz   0.0000  0.0000 -0.6333  0.0011  0.1747  0.0010  0.6333 -0.0011 -0.0000 -0.0000  0.2426  0.0976 -0.1747 -0.0010 -0.2426 -0.0976 -0.0000  0.0000 -0.0000 -0.0000  0.0000  0.0000 -0.0000  0.0000
    2   4.7243 THz   0.0000  0.0000 -0.0772  0.0163 -0.6388  0.1552  0.0772 -0.0163  0.0000 -0.0000  0.2466  0.0272  0.6388 -0.1552 -0.2466 -0.0272 -0.0000  0.0000 -0.0000  0.0000  0.0000 -0.0000  0.0000 -0.0000
    3   5.6602 THz   0.5617  0.0000  0.0000 -0.0000  0.0000  0.0000 -0.0000 -0.0000  0.2323 -0.0004  0.0000  0.0000 -0.0000  0.0000  0.0000 -0.0000 -0.7940  0.0004 -0.0000  0.0000  0.0000 -0.0000  0.0000  0.0000
    4   5.6602 THz   0.5926  0.0000 -0.0000  0.0000 -0.0000 -0.0000 -0.0000  0.0000 -0.7827  0.0004 -0.0000  0.0000  0.0000 -0.0000 -0.0000  0.0000  0.1902 -0.0004  0.0000 -0.0000 -0.0000  0.0000  0.0000 -0.0000
    5   5.8774 THz  -0.0000  0.0000 -0.1248 -0.0142 -0.0901 -0.0118 -0.1248 -0.0142 -0.0000 -0.0000  0.5139  0.0380 -0.0901 -0.0118  0.5139  0.0380  0.0000  0.0000 -0.6195 -0.0458  0.1086  0.0142  0.1505  0.0172
    6   5.8774 THz   0.0000  0.0000  0.5232  0.0027 -0.0199  0.0040  0.5232  0.0027 -0.0000 -0.0000  0.1240 -0.0035 -0.0199  0.0040  0.1240 -0.0035 -0.0000  0.0000 -0.1495  0.0042  0.0240 -0.0048 -0.6308 -0.0032
    7   5.8774 THz   0.0000  0.0000 -0.0008  0.0047  0.5156 -0.1228 -0.0008  0.0047  0.0000  0.0000  0.0894 -0.0256  0.5156 -0.1228  0.0894 -0.0256 -0.0000 -0.0000 -0.1077  0.0308 -0.6216  0.1481  0.0010 -0.0057
    8  10.8682 THz   0.5774  0.0000 -0.0000 -0.0000  0.0000 -0.0000  0.0000 -0.0000  0.5774  0.0000  0.0000 -0.0000 -0.0000 -0.0000  0.0000 -0.0000  0.5774  0.0000  0.0000 -0.0000 -0.0000 -0.0000  0.0000 -0.0000
    9  12.5794 THz  -0.0000  0.0000  0.4502 -0.0180 -0.0313 -0.0055  0.4502 -0.0180 -0.0000 -0.0000  0.0771 -0.0220 -0.0313 -0.0055  0.0771 -0.0220 -0.0000  0.0000  0.1278 -0.0365 -0.0520 -0.0091  0.7469 -0.0299
   10  12.5794 THz  -0.0000  0.0000 -0.0847  0.0006 -0.2364 -0.0558 -0.0847  0.0006  0.0000  0.0000  0.3679 -0.0943 -0.2364 -0.0558  0.3679 -0.0943  0.0000  0.0000  0.6103 -0.1564 -0.3922 -0.0927 -0.1405  0.0009
   11  12.5794 THz   0.0000  0.0000  0.0160 -0.0021 -0.3826 -0.0634  0.0160 -0.0021 -0.0000 -0.0000 -0.2322  0.0764 -0.3826 -0.0634 -0.2322  0.0764  0.0000  0.0000 -0.3852  0.1268 -0.6347 -0.1051  0.0265 -0.0035


 Q= -0.145573 -0.145573  0.000000, q= -0.500000 -0.500000  0.000000

                       Ni X   0        Ni Y   0        Ni Z   0        Ni X   1        Ni Y   1        Ni Z   1        Ni X   2        Ni Y   2        Ni Z   2        Al X   3        Al Y   3        Al Z   3     
                    --------------- --------------- --------------- --------------- --------------- --------------- --------------- --------------- --------------- --------------- --------------- ---------------
    0   4.7970 THz   0.0000  0.0000  0.7071 -0.0000  0.0000  0.0000 -0.7071  0.0000  0.0000 -0.0000  0.0000 -0.0000  0.0000  0.0000 -0.0000 -0.0000 -0.0000  0.0000  0.0000  0.0000 -0.0000 -0.0000  0.0000  0.0000
    1   5.7159 THz   0.0000  0.0000  0.0000 -0.0000 -0.0000 -0.0000 -0.0000 -0.0000 -0.0000  0.0000  0.0000 -0.0000 -0.3662 -0.1858  0.2563  0.7373  0.0000 -0.0000 -0.1369 -0.3938  0.1956  0.0993  0.0000 -0.0000
    2   5.7159 THz   0.0000  0.0000  0.0000  0.0000  0.0000  0.0000 -0.0000 -0.0000  0.0000  0.0000  0.0000  0.0000  0.5983  0.5015  0.0436  0.4084 -0.0000  0.0000 -0.0233 -0.2181 -0.3195 -0.2678 -0.0000  0.0000
    3   5.7637 THz   0.7071  0.0000  0.0000  0.0000  0.0000  0.0000 -0.0000  0.0000 -0.7071  0.0000  0.0000  0.0000  0.0000  0.0000  0.0000  0.0000  0.0000  0.0000 -0.0000  0.0000  0.0000 -0.0000  0.0000  0.0000
    4   7.1902 THz   0.0000  0.0000 -0.0000  0.0000 -0.0653 -0.0097 -0.0000 -0.0000 -0.0000 -0.0000  0.9430  0.3261 -0.0000 -0.0000 -0.0000 -0.0000  0.0000  0.0000 -0.0000  0.0000  0.0000  0.0000 -0.0000  0.0000
    5   7.1902 THz   0.0000  0.0000  0.0000  0.0000  0.9975 -0.0243  0.0000 -0.0000 -0.0000  0.0000  0.0651  0.0106 -0.0000 -0.0000 -0.0000  0.0000  0.0000  0.0000 -0.0000  0.0000  0.0000 -0.0000  0.0000  0.0000
    6   7.8218 THz   0.0000  0.0000  0.0000  0.0000  0.0000  0.0000 -0.0000 -0.0000 -0.0000 -0.0000  0.0000  0.0000  0.0000 -0.0000  0.0000  0.0000 -0.7511 -0.6601 -0.0000  0.0000 -0.0000  0.0000  0.0000  0.0000
    7   9.4343 THz   0.0000  0.0000  0.7071 -0.0000 -0.0000  0.0000  0.7071 -0.0000 -0.0000  0.0000 -0.0000  0.0000 -0.0000 -0.0000  0.0000 -0.0000  0.0000  0.0000  0.0000 -0.0000 -0.0000  0.0000 -0.0000  0.0000
    8   9.5338 THz  -0.7071  0.0000  0.0000  0.0000  0.0000  0.0000 -0.0000  0.0000 -0.7071  0.0000  0.0000  0.0000  0.0000  0.0000  0.0000  0.0000  0.0000  0.0000 -0.0000  0.0000  0.0000 -0.0000  0.0000  0.0000
    9  10.8746 THz   0.0000  0.0000 -0.0000  0.0000  0.0000 -0.0000  0.0000 -0.0000 -0.0000 -0.0000 -0.0000  0.0000 -0.0000 -0.0000 -0.0000 -0.0000 -0.0000 -0.0000 -0.0000  0.0000 -0.0000 -0.0000 -1.0000 -0.0044
   10  11.6651 THz   0.0000  0.0000 -0.0000  0.0000  0.0000 -0.0000 -0.0000  0.0000 -0.0000  0.0000  0.0000 -0.0000 -0.1087 -0.0023  0.0855 -0.4504 -0.0000  0.0000  0.1601 -0.8432 -0.2036 -0.0043 -0.0000 -0.0000
   11  11.6651 THz   0.0000  0.0000 -0.0000 -0.0000 -0.0000  0.0000 -0.0000 -0.0000 -0.0000 -0.0000 -0.0000  0.0000 -0.4563  0.0442 -0.0076  0.1085  0.0000 -0.0000 -0.0142  0.2031 -0.8542  0.0828  0.0000  0.0000


 Q= -0.145573  0.000000 -0.145573, q= -0.500000  0.000000 -0.500000

                       Ni X   0        Ni Y   0        Ni Z   0        Ni X   1        Ni Y   1        Ni Z   1        Ni X   2        Ni Y   2        Ni Z   2        Al X   3        Al Y   3        Al Z   3     
                    --------------- --------------- --------------- --------------- --------------- --------------- --------------- --------------- --------------- --------------- --------------- ---------------
    0   4.7970 THz   0.0000  0.0000  0.0000  0.0000 -0.7071 -0.0000 -0.0000  0.0000  0.0000  0.0000 -0.0000 -0.0000  0.7071  0.0000 -0.0000 -0.0000 -0.0000  0.0000  0.0000  0.0000 -0.0000  0.0000  0.0000  0.0000
    1   5.7159 THz   0.0000  0.0000  0.0000 -0.0000  0.0000 -0.0000  0.3283  0.0613  0.0000  0.0000 -0.3553 -0.7350  0.0000  0.0000 -0.0000 -0.0000  0.0000 -0.0000  0.1898  0.3926 -0.0000  0.0000 -0.1754 -0.0327
    2   5.7159 THz  -0.0000 -0.0000  0.0000  0.0000 -0.0000  0.0000 -0.3128 -0.7541 -0.0000  0.0000  0.1726 -0.2860 -0.0000 -0.0000 -0.0000 -0.0000 -0.0000 -0.0000 -0.0922  0.1527 -0.0000  0.0000  0.1671  0.4028
    3   5.7637 THz  -0.7071  0.0000  0.0000 -0.0000  0.0000  0.0000 -0.0000 -0.0000 -0.0000 -0.0000  0.0000  0.0000  0.0000  0.0000  0.0000  0.0000  0.7071  0.0000  0.0000  0.0000  0.0000  0.0000  0.0000  0.0000
    4   7.1902 THz   0.0000  0.0000  0.4055 -0.7246 -0.0000 -0.0000  0.0000 -0.0000 -0.0000 -0.0000  0.0000  0.0000  0.0000  0.0000 -0.3363  0.4444 -0.0000 -0.0000  0.0000 -0.0000 -0.0000 -0.0000  0.0000 -0.0000
    5   7.1902 THz   0.0000  0.0000  0.0348 -0.5562 -0.0000 -0.0000  0.0000  0.0000 -0.0000 -0.0000  0.0000  0.0000  0.0000  0.0000  0.1650 -0.8137 -0.0000 -0.0000 -0.0000  0.0000 -0.0000 -0.0000 -0.0000  0.0000
    6   7.8218 THz   0.0000  0.0000 -0.0000  0.0000  0.0000  0.0000 -0.0000  0.0000  0.0000 -1.0000  0.0000 -0.0000  0.0000  0.0000 -0.0000  0.0000 -0.0000 -0.0000 -0.0000  0.0000 -0.0000  0.0000  0.0000 -0.0000
    7   9.4343 THz   0.0000  0.0000  0.0000 -0.0000  0.7071 -0.0000 -0.0000 -0.0000  0.0000  0.0000  0.0000  0.0000  0.7071 -0.0000  0.0000  0.0000 -0.0000 -0.0000  0.0000  0.0000 -0.0000 -0.0000 -0.0000 -0.0000
    8   9.5338 THz   0.7071  0.0000  0.0000 -0.0000  0.0000  0.0000 -0.0000 -0.0000 -0.0000 -0.0000  0.0000  0.0000  0.0000  0.0000  0.0000  0.0000  0.7071  0.0000  0.0000  0.0000  0.0000  0.0000  0.0000  0.0000
    9  10.8746 THz   0.0000  0.0000  0.0000 -0.0000 -0.0000 -0.0000  0.0000  0.0000  0.0000  0.0000  0.0000  0.0000  0.0000  0.0000  0.0000 -0.0000  0.0000  0.0000 -0.0000  0.0000 -0.0000  1.0000 -0.0000  0.0000
   10  11.6651 THz   0.0000  0.0000  0.0000 -0.0000 -0.0000  0.0000 -0.2834 -0.3106 -0.0000 -0.0000  0.1145  0.1792 -0.0000 -0.0000 -0.0000 -0.0000 -0.0000 -0.0000  0.2144  0.3355 -0.0000  0.0000 -0.5305 -0.5814
   11  11.6651 THz   0.0000  0.0000  0.0000  0.0000 -0.0000 -0.0000  0.1506  0.1501  0.0000  0.0000  0.2430  0.3431 -0.0000  0.0000  0.0000  0.0000 -0.0000  0.0000  0.4549  0.6423  0.0000 -0.0000  0.2820  0.2811


 Q= -0.145573  0.000000  0.000000, q= -0.500000  0.000000  0.000000

                       Ni X   0        Ni Y   0        Ni Z   0        Ni X   1        Ni Y   1        Ni Z   1        Ni X   2        Ni Y   2        Ni Z   2        Al X   3        Al Y   3        Al Z   3     
                    --------------- --------------- --------------- --------------- --------------- --------------- --------------- --------------- --------------- --------------- --------------- ---------------
    0   5.3857 THz   0.0000  0.0000  0.0000  0.0000  0.0000  0.0000  0.0000  0.0000 -0.0000 -0.0000 -0.7262 -0.1334 -0.0000 -0.0000 -0.0000 -0.0000 -0.6633 -0.1219  0.0000 -0.0000  0.0000  0.0000  0.0000  0.0000
    1   5.3857 THz   0.0000  0.0000  0.0000  0.0000  0.0000  0.0000 -0.0000 -0.0000  0.0000  0.6744 -0.0000 -0.0000  0.0000  0.0000  0.0000  0.7383 -0.0000 -0.0000 -0.0000 -0.0000  0.0000  0.0000  0.0000  0.0000
    2   6.2559 THz   0.0000  0.0000 -0.0014 -0.0013  0.9144 -0.0397 -0.0000 -0.0000 -0.0000 -0.0000  0.0000 -0.0000 -0.0000 -0.0000 -0.0000 -0.0000  0.0000 -0.0000 -0.0000  0.0000 -0.0006 -0.0006  0.4024 -0.0175
    3   6.2559 THz   0.0000  0.0000  0.9126 -0.0697  0.0012 -0.0014 -0.0000 -0.0000 -0.0000 -0.0000  0.0000 -0.0000  0.0000 -0.0000 -0.0000 -0.0000  0.0000 -0.0000 -0.0000  0.0000  0.4016 -0.0307  0.0005 -0.0006
    4   7.1788 THz   0.0000  0.0000  0.0000 -0.0000 -0.0000  0.0000 -0.0000  0.7071 -0.0000  0.0000 -0.0000 -0.0000  0.0000 -0.7071 -0.0000  0.0000  0.0000  0.0000 -0.0000  0.0000  0.0000  0.0000 -0.0000  0.0000
    5   7.7894 THz   0.0000  0.0000 -0.0000  0.0000 -0.0000 -0.0000 -0.6000 -0.3741  0.0000 -0.0000  0.0000  0.0000 -0.6000 -0.3741 -0.0000  0.0000 -0.0000 -0.0000 -0.0000 -0.0000 -0.0000  0.0000 -0.0000 -0.0000
    6   7.8636 THz   0.9940  0.0000  0.0000  0.0000  0.0000  0.0000  0.0000  0.0000 -0.0000 -0.0000  0.0000  0.0000  0.0000  0.0000  0.0000  0.0000  0.0000  0.0000 -0.1090 -0.0000  0.0000  0.0000  0.0000  0.0000
    7   9.1836 THz   0.0000  0.0000  0.0000  0.0000  0.0000  0.0000  0.0000  0.0000 -0.0000 -0.0000  0.6633  0.1219  0.0000 -0.0000  0.0000 -0.0000 -0.7262 -0.1334 -0.0000  0.0000  0.0000 -0.0000  0.0000  0.0000
    8   9.1836 THz   0.0000  0.0000 -0.0000 -0.0000  0.0000  0.0000  0.0000  0.0000 -0.0000 -0.7383  0.0000  0.0000  0.0000 -0.0000  0.0000  0.6744  0.0000  0.0000  0.0000 -0.0000  0.0000  0.0000  0.0000  0.0000
    9  11.1723 THz   0.0000  0.0000  0.0061 -0.0208  0.4020 -0.0119  0.0000  0.0000 -0.0000 -0.0000  0.0000 -0.0000  0.0000  0.0000 -0.0000  0.0000 -0.0000  0.0000 -0.0000 -0.0000 -0.0138  0.0473 -0.9136  0.0270
   10  11.1723 THz   0.0000  0.0000  0.4016 -0.0220 -0.0078 -0.0202 -0.0000 -0.0000 -0.0000 -0.0000  0.0000  0.0000 -0.0000 -0.0000  0.0000  0.0000  0.0000 -0.0000  0.0000  0.0000 -0.9126  0.0500  0.0178  0.0460
   11  11.3209 THz   0.1090  0.0000  0.0000 -0.0000  0.0000  0.0000 -0.0000 -0.0000  0.0000  0.0000  0.0000  0.0000 -0.0000 -0.0000  0.0000  0.0000  0.0000  0.0000  0.9940  0.0000  0.0000  0.0000  0.0000  0.0000


 Q=  0.000000 -0.145573 -0.145573, q=  0.000000 -0.500000 -0.500000

                       Ni X   0        Ni Y   0        Ni Z   0        Ni X   1        Ni Y   1        Ni Z   1        Ni X   2        Ni Y   2        Ni Z   2        Al X   3        Al Y   3        Al Z   3     
                    --------------- --------------- --------------- --------------- --------------- --------------- --------------- --------------- --------------- --------------- --------------- ---------------
    0   4.7970 THz   0.0000  0.0000  0.0000  0.0000 -0.0000 -0.0000  0.0000  0.0000 -0.0000  0.0000  0.0000 -0.7071 -0.0000  0.0000 -0.0000  0.7071  0.0000 -0.0000  0.0000 -0.0000  0.0000  0.0000 -0.0000 -0.0000
    1   5.7159 THz   0.0000  0.0000 -0.4127  0.0000  0.7174  0.3051 -0.0000  0.0000 -0.0000  0.0000 -0.0000 -0.0000 -0.0000 -0.0000  0.0000  0.0000  0.0000 -0.0000  0.0000  0.0000 -0.3832 -0.1629  0.2205 -0.0000
    2   5.7159 THz   0.0000  0.0000  0.7795  0.0000  0.3798  0.1615  0.0000  0.0000 -0.0000  0.0000 -0.0000  0.0000 -0.0000  0.0000  0.0000  0.0000  0.0000 -0.0000 -0.0000 -0.0000 -0.2029 -0.0863 -0.4164 -0.0000
    3   5.7637 THz   0.0000  0.0000 -0.0000  0.0000 -0.0000  0.0000 -0.0000  0.0000 -0.0000  0.7071  0.0000  0.0000  0.0000 -0.0000 -0.0000 -0.0000  0.0000 -0.7071  0.0000 -0.0000  0.0000 -0.0000  0.0000 -0.0000
    4   7.1902 THz   0.0000  0.0000  0.0000  0.0000  0.0000  0.0000 -0.9471 -0.3092  0.0000 -0.0000 -0.0000 -0.0000  0.0732  0.0445 -0.0000 -0.0000 -0.0000  0.0000 -0.0000  0.0000 -0.0000  0.0000 -0.0000 -0.0000
    5   7.1902 THz   0.0000  0.0000  0.0000  0.0000  0.0000  0.0000  0.0778 -0.0357  0.0000 -0.0000 -0.0000 -0.0000  0.9766 -0.1974 -0.0000 -0.0000 -0.0000  0.0000 -0.0000  0.0000 -0.0000  0.0000 -0.0000 -0.0000
    6   7.8218 THz   1.0000  0.0000  0.0000  0.0000  0.0000  0.0000  0.0000  0.0000  0.0000  0.0000  0.0000  0.0000  0.0000  0.0000  0.0000  0.0000  0.0000  0.0000  0.0000  0.0000  0.0000  0.0000  0.0000  0.0000
    7   9.4343 THz   0.0000  0.0000  0.0000  0.0000 -0.0000 -0.0000 -0.0000 -0.0000 -0.0000  0.0000 -0.0000  0.7071  0.0000 -0.0000 -0.0000  0.7071  0.0000  0.0000  0.0000  0.0000  0.0000  0.0000 -0.0000  0.0000
    8   9.5338 THz   0.0000  0.0000  0.0000  0.0000 -0.0000  0.0000  0.0000  0.0000 -0.0000 -0.7071 -0.0000  0.0000  0.0000 -0.0000 -0.0000  0.0000 -0.0000 -0.7071  0.0000  0.0000  0.0000 -0.0000  0.0000 -0.0000
    9  10.8746 THz   0.0000  0.0000 -0.0000  0.0000  0.0000  0.0000 -0.0000 -0.0000  0.0000 -0.0000  0.0000 -0.0000  0.0000 -0.0000  0.0000 -0.0000 -0.0000  0.0000  1.0000  0.0000 -0.0000  0.0000 -0.0000  0.0000
   10  11.6651 THz   0.0000  0.0000 -0.4711 -0.0000  0.0000 -0.0002  0.0000  0.0000 -0.0000  0.0000  0.0000 -0.0000 -0.0000  0.0000  0.0000 -0.0000  0.0000 -0.0000 -0.0000 -0.0000  0.0000 -0.0004 -0.8821 -0.0000
   11  11.6651 THz   0.0000  0.0000  0.0002  0.0000  0.0510 -0.4684 -0.0000  0.0000 -0.0000 -0.0000 -0.0000  0.0000  0.0000 -0.0000 -0.0000  0.0000  0.0000  0.0000  0.0000 -0.0000  0.0954 -0.8769  0.0004  0.0000


 Q=  0.000000 -0.145573  0.000000, q=  0.000000 -0.500000  0.000000

                       Ni X   0        Ni Y   0        Ni Z   0        Ni X   1        Ni Y   1        Ni Z   1        Ni X   2        Ni Y   2        Ni Z   2        Al X   3        Al Y   3        Al Z   3     
                    --------------- --------------- --------------- --------------- --------------- --------------- --------------- --------------- --------------- --------------- --------------- ---------------
    0   5.3857 THz   0.0000  0.0000 -0.0000 -0.0000  0.4512 -0.5844 -0.0000  0.0000  0.0000  0.0000  0.0000 -0.0000 -0.0000 -0.0000  0.0000  0.0000  0.4122 -0.5338 -0.0000  0.0000 -0.0000 -0.0000  0.0000 -0.0000
    1   5.3857 THz  -0.6744  0.0000  0.0000  0.0000  0.0000  0.0000 -0.0000 -0.0000 -0.0000 -0.0000  0.0000  0.0000 -0.7383 -0.0000  0.0000  0.0000  0.0000  0.0000  0.0000  0.0000  0.0000  0.0000  0.0000  0.0000
    2   6.2559 THz   0.0000  0.0000 -0.0000 -0.0000  0.0000 -0.0000  0.0297  0.0168  0.0000  0.0000 -0.9146 -0.0120 -0.0000 -0.0000  0.0000  0.0000 -0.0000 -0.0000  0.0131  0.0074 -0.0000 -0.0000 -0.4025 -0.0053
    3   6.2559 THz   0.0000  0.0000  0.0000 -0.0000 -0.0000 -0.0000 -0.7964 -0.4498 -0.0000  0.0000 -0.0341 -0.0004  0.0000  0.0000  0.0000  0.0000 -0.0000 -0.0000 -0.3505 -0.1979  0.0000 -0.0000 -0.0150 -0.0002
    4   7.1788 THz   0.0000  0.0000 -0.2029  0.6774  0.0000  0.0000 -0.0000 -0.0000 -0.0000 -0.0000 -0.0000 -0.0000  0.0000 -0.0000  0.2029 -0.6774  0.0000  0.0000 -0.0000 -0.0000 -0.0000 -0.0000  0.0000 -0.0000
    5   7.7894 THz   0.0000  0.0000  0.3018 -0.6394 -0.0000  0.0000 -0.0000 -0.0000  0.0000 -0.0000  0.0000 -0.0000  0.0000 -0.0000  0.3018 -0.6394  0.0000  0.0000  0.0000  0.0000  0.0000  0.0000  0.0000 -0.0000
    6   7.8636 THz   0.0000  0.0000  0.0000 -0.0000  0.0000  0.0000  0.0000  0.0000  0.0000  0.9940  0.0000  0.0000 -0.0000 -0.0000  0.0000 -0.0000 -0.0000 -0.0000  0.0000  0.0000  0.0000 -0.1090  0.0000  0.0000
    7   9.1836 THz   0.0000  0.0000  0.0000 -0.0000  0.6540  0.1648 -0.0000 -0.0000 -0.0000 -0.0000  0.0000  0.0000  0.0000  0.0000  0.0000  0.0000 -0.7160 -0.1804  0.0000 -0.0000 -0.0000 -0.0000 -0.0000 -0.0000
    8   9.1836 THz   0.7383  0.0000  0.0000  0.0000  0.0000  0.0000 -0.0000 -0.0000 -0.0000 -0.0000  0.0000  0.0000 -0.6744 -0.0000  0.0000  0.0000  0.0000  0.0000  0.0000  0.0000  0.0000  0.0000  0.0000  0.0000
    9  11.1723 THz   0.0000  0.0000 -0.0000  0.0000 -0.0000 -0.0000  0.0032  0.0021  0.0000  0.0000  0.4027  0.0053 -0.0000 -0.0000  0.0000  0.0000  0.0000 -0.0000 -0.0073 -0.0049 -0.0000  0.0000 -0.9152 -0.0120
   10  11.1723 THz   0.0000  0.0000 -0.0000  0.0000 -0.0000 -0.0000 -0.3347 -0.2241 -0.0000  0.0000  0.0039  0.0001  0.0000  0.0000 -0.0000  0.0000  0.0000  0.0000  0.7605  0.5092  0.0000  0.0000 -0.0088 -0.0001
   11  11.3209 THz   0.0000  0.0000  0.0000  0.0000 -0.0000 -0.0000 -0.0000 -0.0000 -0.0000 -0.1090  0.0000  0.0000  0.0000  0.0000 -0.0000  0.0000  0.0000  0.0000  0.0000  0.0000  0.0000 -0.9940 -0.0000 -0.0000


 Q=  0.000000  0.000000 -0.145573, q=  0.000000  0.000000 -0.500000

                       Ni X   0        Ni Y   0        Ni Z   0        Ni X   1        Ni Y   1        Ni Z   1        Ni X   2        Ni Y   2        Ni Z   2        Al X   3        Al Y   3        Al Z   3     
                    --------------- --------------- --------------- --------------- --------------- --------------- --------------- --------------- --------------- --------------- --------------- ---------------
    0   5.3857 THz   0.0000  0.0000 -0.7383 -0.0000  0.0000 -0.0000 -0.0000  0.0000 -0.6744 -0.0000 -0.0000 -0.0000  0.0000 -0.0000  0.0000 -0.0000  0.0000  0.0000  0.0000 -0.0000  0.0000 -0.0000 -0.0000  0.0000
    1   5.3857 THz  -0.6744  0.0000  0.0000  0.0000  0.0000  0.0000 -0.7383 -0.0000  0.0000 -0.0000  0.0000  0.0000 -0.0000  0.0000  0.0000  0.0000 -0.0000 -0.0000  0.0000  0.0000  0.0000  0.0000  0.0000  0.0000
    2   6.2559 THz   0.0000  0.0000 -0.0000 -0.0000 -0.0000 -0.0000  0.0000 -0.0000 -0.0000 -0.0000 -0.0000 -0.0000 -0.3805  0.8278 -0.0878  0.0000  0.0000  0.0000 -0.1675  0.3643 -0.0387  0.0000  0.0000 -0.0000
    3   6.2559 THz   0.0000  0.0000  0.0000  0.0000  0.0000  0.0000  0.0000 -0.0000 -0.0000  0.0000  0.0000 -0.0000 -0.0367  0.0798  0.9111 -0.0003 -0.0000 -0.0000 -0.0161  0.0351  0.4009 -0.0001 -0.0000 -0.0000
    4   7.1788 THz   0.0000  0.0000  0.0000 -0.0000  0.6156 -0.3478  0.0000 -0.0000  0.0000 -0.0000 -0.6156  0.3478 -0.0000  0.0000  0.0000  0.0000 -0.0000 -0.0000 -0.0000  0.0000  0.0000  0.0000  0.0000  0.0000
    5   7.7894 THz   0.0000  0.0000  0.0000  0.0000 -0.5343 -0.4631  0.0000 -0.0000  0.0000 -0.0000 -0.5343 -0.4631  0.0000  0.0000  0.0000  0.0000 -0.0000 -0.0000  0.0000 -0.0000 -0.0000  0.0000  0.0000  0.0000
    6   7.8636 THz   0.0000  0.0000 -0.0000 -0.0000  0.0000  0.0000  0.0000  0.0000  0.0000 -0.0000  0.0000  0.0000 -0.0000  0.0000 -0.0000  0.0000 -0.0000 -0.9940 -0.0000  0.0000 -0.0000  0.0000 -0.0000  0.1090
    7   9.1836 THz   0.0000  0.0000 -0.6744  0.0000 -0.0000  0.0000  0.0000  0.0000  0.7383 -0.0000 -0.0000 -0.0000 -0.0000  0.0000  0.0000 -0.0000 -0.0000  0.0000 -0.0000  0.0000  0.0000 -0.0000  0.0000 -0.0000
    8   9.1836 THz   0.7383  0.0000  0.0000  0.0000  0.0000  0.0000 -0.6744 -0.0000  0.0000 -0.0000  0.0000  0.0000 -0.0000  0.0000  0.0000  0.0000 -0.0000 -0.0000  0.0000  0.0000  0.0000  0.0000  0.0000  0.0000
    9  11.1723 THz   0.0000  0.0000  0.0000 -0.0000 -0.0000 -0.0000 -0.0000  0.0000 -0.0000 -0.0000 -0.0000 -0.0000  0.0004 -0.0005 -0.4028  0.0001  0.0000 -0.0000 -0.0009  0.0011  0.9153 -0.0003  0.0000 -0.0000
   10  11.1723 THz   0.0000  0.0000  0.0000  0.0000 -0.0000 -0.0000 -0.0000  0.0000 -0.0000 -0.0000 -0.0000  0.0000  0.2561 -0.3109  0.0006 -0.0000 -0.0000 -0.0000 -0.5820  0.7064 -0.0015  0.0000 -0.0000 -0.0000
   11  11.3209 THz   0.0000  0.0000  0.0000 -0.0000  0.0000  0.0000  0.0000 -0.0000 -0.0000  0.0000  0.0000  0.0000 -0.0000  0.0000  0.0000 -0.0000  0.0000 -0.1090  0.0000 -0.0000 -0.0000  0.0000  0.0000 -0.9940


 Q=  0.000000  0.000000  0.000000, q=  0.000000  0.000000  0.000000

                       Ni X   0        Ni Y   0        Ni Z   0        Ni X   1        Ni Y   1        Ni Z   1        Ni X   2        Ni Y   2        Ni Z   2        Al X   3        Al Y   3        Al Z   3     
                    --------------- --------------- --------------- --------------- --------------- --------------- --------------- --------------- --------------- --------------- --------------- ---------------
    0   0.0000 THz   0.0664  0.0000  0.1225  0.0000  0.5192  0.0000  0.0664  0.0000  0.1225  0.0000  0.5192  0.0000  0.0664  0.0000  0.1225  0.0000  0.5192  0.0000  0.0451  0.0000  0.0831  0.0000  0.3521  0.0000
    1   0.0000 THz   0.0127  0.0000  0.5227  0.0000 -0.1250  0.0000  0.0127  0.0000  0.5227  0.0000 -0.1250  0.0000  0.0127  0.0000  0.5227  0.0000 -0.1250  0.0000  0.0086  0.0000  0.3544  0.0000 -0.0847  0.0000
    2  -0.0000 THz   0.5334  0.0000 -0.0277  0.0000 -0.0617  0.0000  0.5334  0.0000 -0.0277  0.0000 -0.0617  0.0000  0.5334  0.0000 -0.0277  0.0000 -0.0617  0.0000  0.3616  0.0000 -0.0188  0.0000 -0.0418  0.0000
    3   7.4050 THz   0.0000  0.0000  0.0881  0.0000  0.7013  0.0000 -0.0211  0.0000  0.0000  0.0000 -0.7013  0.0000  0.0211  0.0000 -0.0881  0.0000 -0.0000  0.0000 -0.0000  0.0000  0.0000  0.0000  0.0000  0.0000
    4   7.4050 THz   0.0000  0.0000 -0.1113  0.0000  0.0350  0.0000  0.6974  0.0000  0.0000  0.0000 -0.0350  0.0000 -0.6974  0.0000  0.1113  0.0000  0.0000  0.0000 -0.0000  0.0000 -0.0000  0.0000 -0.0000  0.0000
    5   7.4050 THz   0.0000  0.0000  0.6927  0.0000 -0.0835  0.0000  0.1147  0.0000 -0.0000  0.0000  0.0835  0.0000 -0.1147  0.0000 -0.6927  0.0000  0.0000  0.0000  0.0000  0.0000  0.0000  0.0000 -0.0000  0.0000
    6   8.3454 THz  -0.0601  0.0000  0.0000  0.0000 -0.2184  0.0000  0.0166  0.0000 -0.0002  0.0000 -0.2184  0.0000  0.0166  0.0000  0.0000  0.0000  0.7911  0.0000  0.0397  0.0000  0.0001  0.0000 -0.5225  0.0000
    7   8.3454 THz   0.7911  0.0000  0.0005  0.0000 -0.0166  0.0000 -0.2184  0.0000 -0.0018  0.0000 -0.0166  0.0000 -0.2184  0.0000  0.0005  0.0000  0.0601  0.0000 -0.5225  0.0000  0.0012  0.0000 -0.0397  0.0000
    8   8.3454 THz   0.0018  0.0000 -0.2190  0.0000 -0.0001  0.0000 -0.0005  0.0000  0.7934  0.0000 -0.0001  0.0000 -0.0005  0.0000 -0.2190  0.0000  0.0003  0.0000 -0.0012  0.0000 -0.5240  0.0000 -0.0002  0.0000
    9  11.9299 THz   0.0000  0.0000  0.1282  0.0000 -0.3828  0.0000 -0.0000  0.0000 -0.0907  0.0000 -0.3828  0.0000 -0.0000  0.0000  0.1282  0.0000  0.2707  0.0000  0.0000  0.0000 -0.2444  0.0000  0.7299  0.0000
   10  11.9299 THz   0.2855  0.0000 -0.0000  0.0000  0.0000  0.0000 -0.4037  0.0000  0.0000  0.0000  0.0000  0.0000 -0.4037  0.0000 -0.0000  0.0000 -0.0000  0.0000  0.7698  0.0000  0.0000  0.0000 -0.0000  0.0000
   11  11.9299 THz   0.0000  0.0000  0.3828  0.0000  0.1282  0.0000  0.0000  0.0000 -0.2707  0.0000  0.1282  0.0000 -0.0000  0.0000  0.3828  0.0000 -0.0907  0.0000  0.0000  0.0000 -0.7299  0.0000 -0.2444  0.0000
