
Used Primitive lattice vector

    0.000000000000      2.046302000000      2.046302000000  
    2.046302000000      0.000000000000      2.046302000000  
    2.046302000000      2.046302000000      0.000000000000  

   2 Atom(s) in the Primitive cell

 0.0000000000 0.0000000000 0.0000000000 Mg    0
 0.5000000000 0.5000000000 0.5000000000  O    1


 Q= -0.122172 -0.122172 -0.122172, q= -0.500000 -0.500000 -0.500000

                       Mg X   0        Mg Y   0        Mg Z   0         O X   1         O Y   1         O Z   1     
                    --------------- --------------- --------------- --------------- --------------- ---------------
    0   9.6897 THz   0.4063  0.0000  0.4102  0.0000 -0.8165 -0.0000 -0.0000 -0.0000  0.0000  0.0000 -0.0000  0.0000
    1   9.6897 THz  -0.7082  0.0000  0.7060  0.0000  0.0022 -0.0000 -0.0000 -0.0000  0.0000  0.0000  0.0000  0.0000
    2  13.0959 THz   0.0000 -0.0000  0.0000  0.0000 -0.0000 -0.0000 -0.0471  0.4085 -0.1183  0.3899  0.1654 -0.7984
    3  13.0959 THz  -0.0000  0.0000  0.0000  0.0000 -0.0000  0.0000  0.4246  0.5633 -0.3912 -0.5896 -0.0334  0.0263
    4  17.2954 THz  -0.5774  0.0000 -0.5774 -0.0000 -0.5774  0.0000 -0.0000 -0.0000 -0.0000  0.0000 -0.0000 -0.0000
    5  19.2242 THz   0.0000  0.0000  0.0000 -0.0000  0.0000  0.0000 -0.5773  0.0056 -0.5773  0.0056 -0.5773  0.0056


 Q= -0.061086 -0.061086 -0.183257, q= -0.500000 -0.500000 -0.250000

                       Mg X   0        Mg Y   0        Mg Z   0         O X   1         O Y   1         O Z   1     
                    --------------- --------------- --------------- --------------- --------------- ---------------
    0   9.2857 THz   0.6487  0.0000 -0.6487  0.0000 -0.0000  0.0000  0.2815 -0.0000 -0.2815  0.0000 -0.0000  0.0000
    1  10.9802 THz   0.5546  0.0000  0.5546 -0.0000 -0.5819  0.0000  0.1485 -0.0000  0.1485  0.0000  0.0457 -0.0000
    2  14.3566 THz  -0.3261  0.0000 -0.3261  0.0000 -0.7668  0.0000 -0.3033  0.0000 -0.3033 -0.0000  0.1235 -0.0000
    3  14.8284 THz  -0.2815  0.0000  0.2815 -0.0000 -0.0000 -0.0000  0.6487 -0.0000 -0.6487  0.0000  0.0000  0.0000
    4  15.8503 THz  -0.2378  0.0000 -0.2378  0.0000 -0.2651  0.0000  0.4645 -0.0000  0.4645 -0.0000 -0.6206  0.0000
    5  18.6781 THz  -0.1716  0.0000 -0.1716  0.0000 -0.0559  0.0000  0.4126 -0.0000  0.4126 -0.0000  0.7730 -0.0000


 Q=  0.000000  0.000000 -0.244343, q= -0.500000 -0.500000  0.000000

                       Mg X   0        Mg Y   0        Mg Z   0         O X   1         O Y   1         O Z   1     
                    --------------- --------------- --------------- --------------- --------------- ---------------
    0   9.2583 THz  -0.5537  0.0000  0.7000 -0.0000  0.0000  0.0000 -0.2798  0.0000  0.3538 -0.0000 -0.0000 -0.0000
    1   9.2583 THz   0.7000  0.0000  0.5537 -0.0000  0.0000 -0.0000  0.3538 -0.0000  0.2798 -0.0000 -0.0000 -0.0000
    2  13.9199 THz  -0.0000  0.0000  0.0000  0.0000 -0.9857 -0.0000 -0.0000 -0.0000  0.0000  0.0000  0.1685  0.0000
    3  16.0769 THz  -0.3024  0.0000 -0.3346 -0.0000  0.0000 -0.0000  0.5985 -0.0000  0.6621  0.0000 -0.0000 -0.0000
    4  16.0769 THz  -0.3346  0.0000  0.3024  0.0000 -0.0000  0.0000  0.6621 -0.0000 -0.5985 -0.0000  0.0000  0.0000
    5  18.7185 THz  -0.0000  0.0000  0.0000 -0.0000 -0.1685  0.0000 -0.0000  0.0000 -0.0000  0.0000 -0.9857  0.0000


 Q=  0.061086  0.061086 -0.305429, q= -0.500000 -0.500000  0.250000

                       Mg X   0        Mg Y   0        Mg Z   0         O X   1         O Y   1         O Z   1     
                    --------------- --------------- --------------- --------------- --------------- ---------------
    0   9.2857 THz   0.6487  0.0000 -0.6487 -0.0000  0.0000 -0.0000  0.2815  0.0000 -0.2815 -0.0000 -0.0000 -0.0000
    1  10.9802 THz   0.5546  0.0000  0.5546  0.0000 -0.5819 -0.0000  0.1485  0.0000  0.1485  0.0000  0.0457  0.0000
    2  14.3566 THz  -0.3261  0.0000 -0.3261 -0.0000 -0.7668 -0.0000 -0.3033 -0.0000 -0.3033 -0.0000  0.1235  0.0000
    3  14.8284 THz  -0.2815  0.0000  0.2815  0.0000  0.0000  0.0000  0.6487  0.0000 -0.6487 -0.0000 -0.0000 -0.0000
    4  15.8503 THz  -0.2378  0.0000 -0.2378 -0.0000 -0.2651  0.0000  0.4645  0.0000  0.4645  0.0000 -0.6206 -0.0000
    5  18.6781 THz  -0.1716  0.0000 -0.1716 -0.0000 -0.0559 -0.0000  0.4126  0.0000  0.4126  0.0000  0.7730  0.0000


 Q= -0.061086 -0.183257 -0.061086, q= -0.500000 -0.250000 -0.500000

                       Mg X   0        Mg Y   0        Mg Z   0         O X   1         O Y   1         O Z   1     
                    --------------- --------------- --------------- --------------- --------------- ---------------
    0   9.2857 THz   0.6487  0.0000  0.0000  0.0000 -0.6487  0.0000  0.2815 -0.0000  0.0000  0.0000 -0.2815  0.0000
    1  10.9802 THz  -0.5546  0.0000  0.5819  0.0000 -0.5546  0.0000 -0.1485  0.0000 -0.0457  0.0000 -0.1485  0.0000
    2  14.3566 THz  -0.3261  0.0000 -0.7668 -0.0000 -0.3261 -0.0000 -0.3033  0.0000  0.1235 -0.0000 -0.3033  0.0000
    3  14.8284 THz   0.2815  0.0000 -0.0000 -0.0000 -0.2815 -0.0000 -0.6487  0.0000 -0.0000 -0.0000  0.6487 -0.0000
    4  15.8503 THz   0.2378  0.0000  0.2651  0.0000  0.2378  0.0000 -0.4645  0.0000  0.6206 -0.0000 -0.4645  0.0000
    5  18.6781 THz   0.1716  0.0000  0.0559 -0.0000  0.1716 -0.0000 -0.4126  0.0000 -0.7730  0.0000 -0.4126  0.0000


 Q=  0.000000 -0.122172 -0.122172, q= -0.500000 -0.250000 -0.250000

                       Mg X   0        Mg Y   0        Mg Z   0         O X   1         O Y   1         O Z   1     
                    --------------- --------------- --------------- --------------- --------------- ---------------
    0   9.5346 THz   0.0000  0.0000  0.6475 -0.2600 -0.6475  0.2600  0.0000  0.0000  0.1066 -0.0428 -0.1066  0.0428
    1  10.2334 THz   0.9122  0.0000  0.0000 -0.0000 -0.0000 -0.0000  0.4097 -0.0000 -0.0000  0.0000 -0.0000  0.0000
    2  13.2687 THz   0.0000  0.0000  0.1148  0.0038 -0.1148 -0.0038  0.0000 -0.0000 -0.6973 -0.0229  0.6973  0.0229
    3  14.0031 THz   0.0000  0.0000  0.3712  0.5234  0.3712  0.5234  0.0000 -0.0000  0.1718  0.2422  0.1718  0.2422
    4  16.3775 THz   0.4097  0.0000  0.0000  0.0000  0.0000  0.0000 -0.9122  0.0000  0.0000 -0.0000  0.0000 -0.0000
    5  19.1887 THz   0.0000  0.0000  0.1508  0.2558  0.1508  0.2558  0.0000 -0.0000 -0.3259 -0.5528 -0.3259 -0.5528


 Q=  0.061086 -0.061086 -0.183257, q= -0.500000 -0.250000  0.000000

                       Mg X   0        Mg Y   0        Mg Z   0         O X   1         O Y   1         O Z   1     
                    --------------- --------------- --------------- --------------- --------------- ---------------
    0   9.2857 THz   0.6487  0.0000  0.6487  0.0000  0.0000 -0.0000  0.2815 -0.0000  0.2815 -0.0000  0.0000  0.0000
    1  10.9802 THz   0.5546  0.0000 -0.5546 -0.0000  0.5819  0.0000  0.1485 -0.0000 -0.1485  0.0000 -0.0457 -0.0000
    2  14.3566 THz   0.3261  0.0000 -0.3261 -0.0000 -0.7668 -0.0000  0.3033 -0.0000 -0.3033  0.0000  0.1235 -0.0000
    3  14.8284 THz   0.2815  0.0000  0.2815  0.0000  0.0000  0.0000 -0.6487  0.0000 -0.6487  0.0000 -0.0000 -0.0000
    4  15.8503 THz   0.2378  0.0000 -0.2378  0.0000 -0.2651  0.0000 -0.4645  0.0000  0.4645 -0.0000 -0.6206  0.0000
    5  18.6781 THz   0.1716  0.0000 -0.1716 -0.0000 -0.0559 -0.0000 -0.4126  0.0000  0.4126 -0.0000  0.7730 -0.0000


 Q=  0.122172  0.000000 -0.244343, q= -0.500000 -0.250000  0.250000

                       Mg X   0        Mg Y   0        Mg Z   0         O X   1         O Y   1         O Z   1     
                    --------------- --------------- --------------- --------------- --------------- ---------------
    0  11.6357 THz   1.0000  0.0000  0.0000  0.0000  0.0000  0.0000  0.0000  0.0000  0.0000  0.0000  0.0000  0.0000
    1  12.1411 THz   0.0000  0.0000 -0.0441  0.0221  0.8040  0.5133  0.0000 -0.0000 -0.0137  0.0069 -0.2492 -0.1591
    2  12.1411 THz   0.0000  0.0000 -0.1742  0.9378 -0.0463  0.0171  0.0000 -0.0000 -0.0540  0.2907  0.0143 -0.0053
    3  15.3715 THz   0.0000  0.0000 -0.0000 -0.0000  0.0000  0.0000 -0.5716 -0.8206 -0.0000 -0.0000 -0.0000 -0.0000
    4  17.4642 THz   0.0000  0.0000  0.0025  0.0025 -0.2574  0.1463  0.0000 -0.0000 -0.0082 -0.0081 -0.8304  0.4719
    5  17.4642 THz   0.0000  0.0000  0.0340  0.2941  0.0035  0.0006 -0.0000  0.0000 -0.1098 -0.9488  0.0113  0.0018


 Q=  0.000000 -0.244343  0.000000, q= -0.500000  0.000000 -0.500000

                       Mg X   0        Mg Y   0        Mg Z   0         O X   1         O Y   1         O Z   1     
                    --------------- --------------- --------------- --------------- --------------- ---------------
    0   9.2583 THz   0.0000  0.0000  0.0000  0.0000 -0.8925 -0.0000 -0.0000  0.0000  0.0000 -0.0000 -0.4510 -0.0000
    1   9.2583 THz   0.8925  0.0000  0.0000  0.0000 -0.0000 -0.0000  0.4510 -0.0000 -0.0000 -0.0000  0.0000  0.0000
    2  13.9199 THz   0.0000  0.0000  0.9857 -0.0000  0.0000  0.0000 -0.0000  0.0000 -0.1685  0.0000  0.0000 -0.0000
    3  16.0769 THz   0.0000  0.0000 -0.0000 -0.0000 -0.4510 -0.0000 -0.0000  0.0000 -0.0000 -0.0000  0.8925  0.0000
    4  16.0769 THz   0.4510  0.0000  0.0000 -0.0000  0.0000  0.0000 -0.8925  0.0000  0.0000  0.0000 -0.0000 -0.0000
    5  18.7185 THz   0.0000  0.0000 -0.1685  0.0000 -0.0000 -0.0000  0.0000  0.0000 -0.9857  0.0000 -0.0000  0.0000


 Q=  0.061086 -0.183257 -0.061086, q= -0.500000  0.000000 -0.250000

                       Mg X   0        Mg Y   0        Mg Z   0         O X   1         O Y   1         O Z   1     
                    --------------- --------------- --------------- --------------- --------------- ---------------
    0   9.2857 THz   0.6487  0.0000 -0.0000  0.0000  0.6487  0.0000  0.2815  0.0000 -0.0000 -0.0000  0.2815  0.0000
    1  10.9802 THz  -0.5546  0.0000 -0.5819  0.0000  0.5546 -0.0000 -0.1485 -0.0000  0.0457 -0.0000  0.1485  0.0000
    2  14.3566 THz   0.3261  0.0000 -0.7668  0.0000 -0.3261  0.0000  0.3033 -0.0000  0.1235 -0.0000 -0.3033 -0.0000
    3  14.8284 THz  -0.2815  0.0000 -0.0000  0.0000 -0.2815  0.0000  0.6487 -0.0000 -0.0000 -0.0000  0.6487 -0.0000
    4  15.8503 THz  -0.2378  0.0000  0.2651  0.0000  0.2378 -0.0000  0.4645  0.0000  0.6206  0.0000 -0.4645 -0.0000
    5  18.6781 THz  -0.1716  0.0000  0.0559 -0.0000  0.1716  0.0000  0.4126  0.0000 -0.7730 -0.0000 -0.4126 -0.0000


 Q=  0.122172 -0.122172 -0.122172, q= -0.500000  0.000000  0.000000

                       Mg X   0        Mg Y   0        Mg Z   0         O X   1         O Y   1         O Z   1     
                    --------------- --------------- --------------- --------------- --------------- ---------------
    0   9.6897 THz   0.4884  0.0000 -0.3225  0.0000  0.8109 -0.0000  0.0000 -0.0000 -0.0000  0.0000  0.0000 -0.0000
    1   9.6897 THz  -0.6543 -0.0000 -0.7501  0.0000  0.0958 -0.0000  0.0000  0.0000 -0.0000  0.0000  0.0000  0.0000
    2  13.0959 THz   0.0000  0.0000 -0.0000  0.0000  0.0000 -0.0000 -0.1051  0.3861  0.1610 -0.3852 -0.2661  0.7712
    3  13.0959 THz  -0.0000 -0.0000 -0.0000 -0.0000  0.0000  0.0000  0.2670 -0.6598  0.2912 -0.6385 -0.0242 -0.0213
    4  17.2954 THz  -0.5774  0.0000  0.5774  0.0000  0.5774 -0.0000 -0.0000  0.0000  0.0000 -0.0000  0.0000 -0.0000
    5  19.2242 THz   0.0000  0.0000 -0.0000  0.0000 -0.0000 -0.0000 -0.5167  0.2575  0.5167 -0.2575  0.5167 -0.2575


 Q=  0.183257 -0.061086 -0.183257, q= -0.500000  0.000000  0.250000

                       Mg X   0        Mg Y   0        Mg Z   0         O X   1         O Y   1         O Z   1     
                    --------------- --------------- --------------- --------------- --------------- ---------------
    0   9.2857 THz   0.6487  0.0000 -0.0000 -0.0000  0.6487  0.0000 -0.2815 -0.0000  0.0000 -0.0000 -0.2815  0.0000
    1  10.9802 THz   0.5546  0.0000  0.5819  0.0000 -0.5546 -0.0000 -0.1485 -0.0000  0.0457 -0.0000  0.1485 -0.0000
    2  14.3566 THz   0.3261  0.0000 -0.7668 -0.0000 -0.3261 -0.0000 -0.3033 -0.0000 -0.1235  0.0000  0.3033 -0.0000
    3  14.8284 THz   0.2815  0.0000  0.0000  0.0000  0.2815  0.0000  0.6487  0.0000 -0.0000  0.0000  0.6487  0.0000
    4  15.8503 THz   0.2378  0.0000 -0.2651 -0.0000 -0.2378 -0.0000  0.4645 -0.0000  0.6206 -0.0000 -0.4645  0.0000
    5  18.6781 THz  -0.1716  0.0000  0.0559 -0.0000  0.1716  0.0000 -0.4126 -0.0000  0.7730  0.0000  0.4126  0.0000


 Q=  0.061086 -0.305429  0.061086, q= -0.500000  0.250000 -0.500000

                       Mg X   0        Mg Y   0        Mg Z   0         O X   1         O Y   1         O Z   1     
                    --------------- --------------- --------------- --------------- --------------- ---------------
    0   9.2857 THz   0.6487  0.0000  0.0000  0.0000 -0.6487 -0.0000  0.2815  0.0000  0.0000 -0.0000 -0.2815 -0.0000
    1  10.9802 THz  -0.5546  0.0000  0.5819  0.0000 -0.5546 -0.0000 -0.1485 -0.0000 -0.0457 -0.0000 -0.1485 -0.0000
    2  14.3566 THz  -0.3261  0.0000 -0.7668 -0.0000 -0.3261  0.0000 -0.3033 -0.0000  0.1235  0.0000 -0.3033 -0.0000
    3  14.8284 THz   0.2815  0.0000 -0.0000  0.0000 -0.2815 -0.0000 -0.6487 -0.0000 -0.0000  0.0000  0.6487  0.0000
    4  15.8503 THz   0.2378  0.0000  0.2651 -0.0000  0.2378  0.0000 -0.4645 -0.0000  0.6206  0.0000 -0.4645 -0.0000
    5  18.6781 THz   0.1716  0.0000  0.0559  0.0000  0.1716  0.0000 -0.4126 -0.0000 -0.7730  0.0000 -0.4126 -0.0000


 Q=  0.122172 -0.244343  0.000000, q= -0.500000  0.250000 -0.250000

                       Mg X   0        Mg Y   0        Mg Z   0         O X   1         O Y   1         O Z   1     
                    --------------- --------------- --------------- --------------- --------------- ---------------
    0  11.6357 THz   1.0000  0.0000  0.0000  0.0000  0.0000  0.0000  0.0000  0.0000  0.0000  0.0000  0.0000  0.0000
    1  12.1411 THz   0.0000  0.0000 -0.0187 -0.0326  0.5361  0.7897  0.0000  0.0000  0.0058  0.0101  0.1662  0.2448
    2  12.1411 THz   0.0000  0.0000 -0.9511 -0.0800 -0.0376 -0.0003 -0.0000 -0.0000  0.2948  0.0248 -0.0117 -0.0001
    3  15.3715 THz   0.0000  0.0000 -0.0000  0.0000 -0.0000 -0.0000  0.3624  0.9320  0.0000  0.0000  0.0000  0.0000
    4  17.4642 THz   0.0000  0.0000  0.0050  0.0006 -0.2144 -0.2041 -0.0000 -0.0000  0.0163  0.0020  0.6917  0.6585
    5  17.4642 THz   0.0000  0.0000 -0.0334 -0.2942  0.0025 -0.0044  0.0000  0.0000 -0.1078 -0.9489 -0.0082  0.0142


 Q=  0.183257 -0.183257 -0.061086, q= -0.500000  0.250000  0.000000

                       Mg X   0        Mg Y   0        Mg Z   0         O X   1         O Y   1         O Z   1     
                    --------------- --------------- --------------- --------------- --------------- ---------------
    0   9.2857 THz   0.6487  0.0000  0.6487 -0.0000 -0.0000  0.0000 -0.2815 -0.0000 -0.2815 -0.0000 -0.0000  0.0000
    1  10.9802 THz  -0.5546  0.0000  0.5546 -0.0000 -0.5819  0.0000  0.1485 -0.0000 -0.1485 -0.0000 -0.0457  0.0000
    2  14.3566 THz   0.3261  0.0000 -0.3261  0.0000 -0.7668  0.0000 -0.3033  0.0000  0.3033  0.0000 -0.1235 -0.0000
    3  14.8284 THz  -0.2815  0.0000 -0.2815  0.0000 -0.0000  0.0000 -0.6487  0.0000 -0.6487  0.0000  0.0000  0.0000
    4  15.8503 THz  -0.2378  0.0000  0.2378 -0.0000  0.2651 -0.0000 -0.4645 -0.0000  0.4645  0.0000 -0.6206 -0.0000
    5  18.6781 THz   0.1716  0.0000 -0.1716  0.0000 -0.0559 -0.0000  0.4126 -0.0000 -0.4126  0.0000 -0.7730  0.0000


 Q=  0.244343 -0.122172 -0.122172, q= -0.500000  0.250000  0.250000

                       Mg X   0        Mg Y   0        Mg Z   0         O X   1         O Y   1         O Z   1     
                    --------------- --------------- --------------- --------------- --------------- ---------------
    0   9.5346 THz   0.0000  0.0000  0.6977 -0.0081 -0.6977  0.0081  0.0000  0.0000 -0.1148  0.0013  0.1148 -0.0013
    1  10.2334 THz   0.9122  0.0000  0.0000  0.0000  0.0000  0.0000 -0.4097 -0.0000  0.0000  0.0000  0.0000  0.0000
    2  13.2687 THz   0.0000  0.0000  0.1143  0.0115 -0.1143 -0.0115  0.0000 -0.0000  0.6942  0.0700 -0.6942 -0.0700
    3  14.0031 THz   0.0000  0.0000  0.6356  0.0881  0.6356  0.0881  0.0000 -0.0000 -0.2942 -0.0408 -0.2942 -0.0408
    4  16.3775 THz   0.4097  0.0000 -0.0000 -0.0000 -0.0000 -0.0000  0.9122  0.0000 -0.0000 -0.0000 -0.0000 -0.0000
    5  19.1887 THz   0.0000  0.0000  0.2838  0.0875  0.2838  0.0875  0.0000  0.0000  0.6132  0.1891  0.6132  0.1891


 Q= -0.183257 -0.061086 -0.061086, q= -0.250000 -0.500000 -0.500000

                       Mg X   0        Mg Y   0        Mg Z   0         O X   1         O Y   1         O Z   1     
                    --------------- --------------- --------------- --------------- --------------- ---------------
    0   9.2857 THz  -0.0000  0.0000 -0.6487 -0.0007  0.6487  0.0007 -0.0000 -0.0000 -0.2815 -0.0003  0.2815  0.0003
    1  10.9802 THz   0.5819  0.0000 -0.5546 -0.0000 -0.5546 -0.0000 -0.0457 -0.0000 -0.1485 -0.0000 -0.1485  0.0000
    2  14.3566 THz   0.7668  0.0000  0.3261 -0.0000  0.3261  0.0000 -0.1235 -0.0000  0.3033  0.0000  0.3033 -0.0000
    3  14.8284 THz   0.0000  0.0000 -0.2815  0.0018  0.2815 -0.0018  0.0000 -0.0000  0.6486 -0.0042 -0.6486  0.0042
    4  15.8503 THz   0.2651  0.0000  0.2378  0.0000  0.2378  0.0000  0.6206  0.0000 -0.4645 -0.0000 -0.4645 -0.0000
    5  18.6781 THz  -0.0559  0.0000 -0.1716  0.0000 -0.1716  0.0000  0.7730 -0.0000  0.4126 -0.0000  0.4126 -0.0000


 Q= -0.122172  0.000000 -0.122172, q= -0.250000 -0.500000 -0.250000

                       Mg X   0        Mg Y   0        Mg Z   0         O X   1         O Y   1         O Z   1     
                    --------------- --------------- --------------- --------------- --------------- ---------------
    0   9.5346 THz  -0.6977  0.0000 -0.0000 -0.0000  0.6977  0.0000 -0.1148  0.0000 -0.0000 -0.0000  0.1148 -0.0000
    1  10.2334 THz   0.0000  0.0000 -0.9055 -0.1109 -0.0000 -0.0000  0.0000  0.0000 -0.4066 -0.0498 -0.0000  0.0000
    2  13.2687 THz   0.1148  0.0000 -0.0000 -0.0000 -0.1148  0.0000 -0.6977  0.0000  0.0000 -0.0000  0.6977 -0.0000
    3  14.0031 THz   0.6417  0.0000  0.0000  0.0000  0.6417 -0.0000  0.2970 -0.0000  0.0000 -0.0000  0.2970  0.0000
    4  16.3775 THz  -0.0000  0.0000 -0.4031  0.0732 -0.0000  0.0000  0.0000 -0.0000  0.8976 -0.1629 -0.0000  0.0000
    5  19.1887 THz   0.2970  0.0000 -0.0000  0.0000  0.2970  0.0000 -0.6417  0.0000  0.0000 -0.0000 -0.6417  0.0000


 Q= -0.061086  0.061086 -0.183257, q= -0.250000 -0.500000  0.000000

                       Mg X   0        Mg Y   0        Mg Z   0         O X   1         O Y   1         O Z   1     
                    --------------- --------------- --------------- --------------- --------------- ---------------
    0   9.2857 THz   0.6487  0.0000  0.6487 -0.0000  0.0000 -0.0000  0.2815 -0.0000  0.2815 -0.0000  0.0000  0.0000
    1  10.9802 THz   0.5546  0.0000 -0.5546  0.0000 -0.5819  0.0000  0.1485 -0.0000 -0.1485  0.0000  0.0457 -0.0000
    2  14.3566 THz   0.3261  0.0000 -0.3261  0.0000  0.7668 -0.0000  0.3033 -0.0000 -0.3033 -0.0000 -0.1235  0.0000
    3  14.8284 THz  -0.2815  0.0000 -0.2815  0.0000 -0.0000 -0.0000  0.6487 -0.0000  0.6487 -0.0000 -0.0000  0.0000
    4  15.8503 THz   0.2378  0.0000 -0.2378  0.0000  0.2651 -0.0000 -0.4645  0.0000  0.4645 -0.0000  0.6206 -0.0000
    5  18.6781 THz  -0.1716  0.0000  0.1716 -0.0000 -0.0559  0.0000  0.4126 -0.0000 -0.4126  0.0000  0.7730 -0.0000


 Q=  0.000000  0.122172 -0.244343, q= -0.250000 -0.500000  0.250000

                       Mg X   0        Mg Y   0        Mg Z   0         O X   1         O Y   1         O Z   1     
                    --------------- --------------- --------------- --------------- --------------- ---------------
    0  11.6357 THz   0.0000  0.0000 -0.1992 -0.9800  0.0000  0.0000  0.0000  0.0000 -0.0000 -0.0000 -0.0000 -0.0000
    1  12.1411 THz   0.0000  0.0000  0.0000 -0.0000  0.1542 -0.9426  0.0000  0.0000  0.0000  0.0000 -0.0478  0.2922
    2  12.1411 THz   0.9552  0.0000  0.0000  0.0000 -0.0000  0.0000  0.2961  0.0000 -0.0000  0.0000  0.0000 -0.0000
    3  15.3715 THz   0.0000  0.0000 -0.0000 -0.0000 -0.0000  0.0000  0.0000  0.0000  0.3936  0.9193 -0.0000 -0.0000
    4  17.4642 THz   0.0000  0.0000  0.0000 -0.0000 -0.2957  0.0160  0.0000  0.0000  0.0000 -0.0000 -0.9538  0.0517
    5  17.4642 THz  -0.2961  0.0000  0.0000  0.0000 -0.0000  0.0000  0.9552  0.0000 -0.0000  0.0000  0.0000 -0.0000


 Q= -0.122172 -0.122172  0.000000, q= -0.250000 -0.250000 -0.500000

                       Mg X   0        Mg Y   0        Mg Z   0         O X   1         O Y   1         O Z   1     
                    --------------- --------------- --------------- --------------- --------------- ---------------
    0   9.5346 THz  -0.6977  0.0000  0.6977  0.0000 -0.0000  0.0000 -0.1148 -0.0000  0.1148  0.0000 -0.0000  0.0000
    1  10.2334 THz  -0.0000  0.0000  0.0000  0.0000  0.9118 -0.0265 -0.0000 -0.0000  0.0000  0.0000  0.4095 -0.0119
    2  13.2687 THz   0.1148  0.0000 -0.1148 -0.0000  0.0000  0.0000 -0.6977 -0.0000  0.6977  0.0000  0.0000 -0.0000
    3  14.0031 THz   0.6417  0.0000  0.6417  0.0000  0.0000  0.0000  0.2970  0.0000  0.2970 -0.0000  0.0000 -0.0000
    4  16.3775 THz   0.0000  0.0000  0.0000 -0.0000  0.4018 -0.0797  0.0000 -0.0000 -0.0000 -0.0000 -0.8948  0.1775
    5  19.1887 THz   0.2970  0.0000  0.2970 -0.0000 -0.0000  0.0000 -0.6417  0.0000 -0.6417 -0.0000  0.0000 -0.0000


 Q= -0.061086 -0.061086 -0.061086, q= -0.250000 -0.250000 -0.250000

                       Mg X   0        Mg Y   0        Mg Z   0         O X   1         O Y   1         O Z   1     
                    --------------- --------------- --------------- --------------- --------------- ---------------
    0   6.6126 THz   0.3500  0.0000  0.3432 -0.0038 -0.6932  0.0038  0.2179 -0.0000  0.2136 -0.0024 -0.4314  0.0024
    1   6.6126 THz  -0.5983  0.0000  0.6023 -0.0022 -0.0039  0.0022 -0.3724  0.0000  0.3749 -0.0014 -0.0024  0.0014
    2  10.9195 THz  -0.4806  0.0000 -0.4806  0.0000 -0.4806  0.0000 -0.3199  0.0000 -0.3199 -0.0000 -0.3199 -0.0000
    3  14.0238 THz  -0.1853  0.0000 -0.2447  0.0033  0.4301 -0.0033  0.2978 -0.0000  0.3932 -0.0053 -0.6910  0.0053
    4  14.0238 THz  -0.3896  0.0000  0.3553 -0.0016  0.0343  0.0016  0.6260 -0.0000 -0.5708  0.0025 -0.0551 -0.0025
    5  20.4294 THz  -0.3199  0.0000 -0.3199  0.0000 -0.3199  0.0000  0.4806 -0.0000  0.4806 -0.0000  0.4806 -0.0000


 Q=  0.000000  0.000000 -0.122172, q= -0.250000 -0.250000  0.000000

                       Mg X   0        Mg Y   0        Mg Z   0         O X   1         O Y   1         O Z   1     
                    --------------- --------------- --------------- --------------- --------------- ---------------
    0   7.0355 THz   0.8486  0.0000  0.0000  0.0000 -0.0000 -0.0000  0.5290  0.0000  0.0000  0.0000  0.0000 -0.0000
    1   7.0355 THz   0.0000  0.0000 -0.8484 -0.0172  0.0000 -0.0000  0.0000  0.0000 -0.5289 -0.0107  0.0000  0.0000
    2  11.7959 THz   0.0000  0.0000 -0.0000 -0.0000  0.1388  0.8805  0.0000 -0.0000 -0.0000  0.0000  0.0706  0.4478
    3  15.2557 THz   0.0000  0.0000  0.4891  0.2017  0.0000  0.0000  0.0000 -0.0000 -0.7845 -0.3235  0.0000  0.0000
    4  15.2557 THz   0.5290  0.0000  0.0000 -0.0000  0.0000  0.0000 -0.8486 -0.0000 -0.0000 -0.0000 -0.0000  0.0000
    5  19.4725 THz   0.0000  0.0000 -0.0000  0.0000  0.4159  0.1803 -0.0000 -0.0000 -0.0000 -0.0000 -0.8178 -0.3546


 Q=  0.061086  0.061086 -0.183257, q= -0.250000 -0.250000  0.250000

                       Mg X   0        Mg Y   0        Mg Z   0         O X   1         O Y   1         O Z   1     
                    --------------- --------------- --------------- --------------- --------------- ---------------
    0   9.2857 THz   0.6487  0.0000 -0.6487 -0.0000  0.0000  0.0000  0.2815  0.0000 -0.2815  0.0000 -0.0000  0.0000
    1  10.9802 THz   0.5546  0.0000  0.5546  0.0000  0.5819 -0.0000  0.1485  0.0000  0.1485 -0.0000 -0.0457 -0.0000
    2  14.3566 THz  -0.3261  0.0000 -0.3261  0.0000  0.7668 -0.0000 -0.3033 -0.0000 -0.3033 -0.0000 -0.1235 -0.0000
    3  14.8284 THz   0.2815  0.0000 -0.2815  0.0000  0.0000 -0.0000 -0.6487 -0.0000  0.6487 -0.0000 -0.0000 -0.0000
    4  15.8503 THz  -0.2378  0.0000 -0.2378  0.0000  0.2651 -0.0000  0.4645  0.0000  0.4645 -0.0000  0.6206 -0.0000
    5  18.6781 THz   0.1716  0.0000  0.1716  0.0000 -0.0559 -0.0000 -0.4126  0.0000 -0.4126  0.0000  0.7730 -0.0000


 Q= -0.061086 -0.183257  0.061086, q= -0.250000  0.000000 -0.500000

                       Mg X   0        Mg Y   0        Mg Z   0         O X   1         O Y   1         O Z   1     
                    --------------- --------------- --------------- --------------- --------------- ---------------
    0   9.2857 THz   0.6487  0.0000  0.0000  0.0000  0.6487  0.0000  0.2815  0.0000 -0.0000 -0.0000  0.2815  0.0000
    1  10.9802 THz  -0.5546  0.0000  0.5819 -0.0000  0.5546  0.0000 -0.1485 -0.0000 -0.0457 -0.0000  0.1485 -0.0000
    2  14.3566 THz  -0.3261  0.0000 -0.7668 -0.0000  0.3261  0.0000 -0.3033 -0.0000  0.1235  0.0000  0.3033 -0.0000
    3  14.8284 THz  -0.2815  0.0000  0.0000  0.0000 -0.2815 -0.0000  0.6487  0.0000  0.0000  0.0000  0.6487  0.0000
    4  15.8503 THz   0.2378  0.0000  0.2651  0.0000 -0.2378 -0.0000 -0.4645  0.0000  0.6206  0.0000  0.4645  0.0000
    5  18.6781 THz  -0.1716  0.0000 -0.0559  0.0000  0.1716  0.0000  0.4126  0.0000  0.7730  0.0000 -0.4126 -0.0000


 Q=  0.000000 -0.122172  0.000000, q= -0.250000  0.000000 -0.250000

                       Mg X   0        Mg Y   0        Mg Z   0         O X   1         O Y   1         O Z   1     
                    --------------- --------------- --------------- --------------- --------------- ---------------
    0   7.0355 THz   0.0000  0.0000  0.0000 -0.0000  0.8436 -0.0921  0.0000 -0.0000  0.0000 -0.0000  0.5259 -0.0574
    1   7.0355 THz   0.8486  0.0000  0.0000 -0.0000 -0.0000  0.0000  0.5290 -0.0000 -0.0000  0.0000  0.0000 -0.0000
    2  11.7959 THz   0.0000  0.0000 -0.8910 -0.0236  0.0000 -0.0000 -0.0000  0.0000 -0.4532 -0.0120  0.0000 -0.0000
    3  15.2557 THz   0.0000  0.0000 -0.0000 -0.0000  0.5284 -0.0254  0.0000  0.0000  0.0000 -0.0000 -0.8476  0.0408
    4  15.2557 THz  -0.5290  0.0000  0.0000 -0.0000 -0.0000  0.0000  0.8486 -0.0000 -0.0000  0.0000  0.0000 -0.0000
    5  19.4725 THz   0.0000  0.0000  0.4495 -0.0585  0.0000 -0.0000  0.0000 -0.0000 -0.8839  0.1151 -0.0000  0.0000


 Q=  0.061086 -0.061086 -0.061086, q= -0.250000  0.000000  0.000000

                       Mg X   0        Mg Y   0        Mg Z   0         O X   1         O Y   1         O Z   1     
                    --------------- --------------- --------------- --------------- --------------- ---------------
    0   6.6126 THz  -0.3483  0.0000  0.3449  0.0037 -0.6932 -0.0037 -0.2168  0.0000  0.2147  0.0023 -0.4315 -0.0023
    1   6.6126 THz  -0.5993  0.0000 -0.6013 -0.0021  0.0019  0.0021 -0.3731  0.0000 -0.3743 -0.0013  0.0012  0.0013
    2  10.9195 THz  -0.4806  0.0000  0.4806 -0.0000  0.4806 -0.0000 -0.3199  0.0000  0.3199 -0.0000  0.3199  0.0000
    3  14.0238 THz   0.1877  0.0000 -0.2426 -0.0005  0.4303  0.0005 -0.3016  0.0000  0.3897  0.0008 -0.6913 -0.0008
    4  14.0238 THz   0.3885  0.0000  0.3568  0.0003  0.0317 -0.0003 -0.6241  0.0000 -0.5732 -0.0004 -0.0509  0.0004
    5  20.4294 THz   0.3199  0.0000 -0.3199  0.0000 -0.3199  0.0000 -0.4806  0.0000  0.4806 -0.0000  0.4806 -0.0000


 Q=  0.122172  0.000000 -0.122172, q= -0.250000  0.000000  0.250000

                       Mg X   0        Mg Y   0        Mg Z   0         O X   1         O Y   1         O Z   1     
                    --------------- --------------- --------------- --------------- --------------- ---------------
    0   9.5346 THz  -0.6977  0.0000 -0.0000  0.0000 -0.6977  0.0000 -0.1148  0.0000 -0.0000 -0.0000 -0.1148  0.0000
    1  10.2334 THz  -0.0000  0.0000  0.9122 -0.0117 -0.0000  0.0000  0.0000  0.0000  0.4096 -0.0053 -0.0000  0.0000
    2  13.2687 THz   0.1148  0.0000  0.0000 -0.0000  0.1148 -0.0000 -0.6977  0.0000  0.0000  0.0000 -0.6977  0.0000
    3  14.0031 THz   0.6417  0.0000 -0.0000 -0.0000 -0.6417  0.0000  0.2970 -0.0000 -0.0000 -0.0000 -0.2970 -0.0000
    4  16.3775 THz   0.0000  0.0000 -0.4095  0.0135 -0.0000  0.0000 -0.0000 -0.0000  0.9117 -0.0300  0.0000 -0.0000
    5  19.1887 THz  -0.2970  0.0000 -0.0000  0.0000  0.2970  0.0000  0.6417 -0.0000  0.0000 -0.0000 -0.6417  0.0000


 Q=  0.000000 -0.244343  0.122172, q= -0.250000  0.250000 -0.500000

                       Mg X   0        Mg Y   0        Mg Z   0         O X   1         O Y   1         O Z   1     
                    --------------- --------------- --------------- --------------- --------------- ---------------
    0  11.6357 THz   0.0000  0.0000  0.0000  0.0000  0.8538  0.5206  0.0000 -0.0000 -0.0000 -0.0000  0.0000  0.0000
    1  12.1411 THz   0.9552  0.0000  0.0000 -0.0000 -0.0000 -0.0000  0.2961  0.0000  0.0000 -0.0000 -0.0000 -0.0000
    2  12.1411 THz   0.0000  0.0000  0.9551  0.0117 -0.0000  0.0000  0.0000  0.0000 -0.2961 -0.0036  0.0000  0.0000
    3  15.3715 THz   0.0000  0.0000 -0.0000 -0.0000  0.0000 -0.0000 -0.0000  0.0000 -0.0000  0.0000 -0.8551 -0.5185
    4  17.4642 THz   0.0000  0.0000  0.2917 -0.0509 -0.0000  0.0000  0.0000 -0.0000  0.9410 -0.1641 -0.0000 -0.0000
    5  17.4642 THz  -0.2961  0.0000  0.0000 -0.0000 -0.0000 -0.0000  0.9552  0.0000  0.0000 -0.0000 -0.0000 -0.0000


 Q=  0.061086 -0.183257  0.061086, q= -0.250000  0.250000 -0.250000

                       Mg X   0        Mg Y   0        Mg Z   0         O X   1         O Y   1         O Z   1     
                    --------------- --------------- --------------- --------------- --------------- ---------------
    0   9.2857 THz   0.6487  0.0000 -0.0000 -0.0000 -0.6487 -0.0000  0.2815  0.0000  0.0000 -0.0000 -0.2815 -0.0000
    1  10.9802 THz  -0.5546  0.0000 -0.5819 -0.0000 -0.5546 -0.0000 -0.1485 -0.0000  0.0457  0.0000 -0.1485 -0.0000
    2  14.3566 THz   0.3261  0.0000 -0.7668 -0.0000  0.3261 -0.0000  0.3033  0.0000  0.1235  0.0000  0.3033  0.0000
    3  14.8284 THz   0.2815  0.0000  0.0000 -0.0000 -0.2815  0.0000 -0.6487  0.0000  0.0000  0.0000  0.6487  0.0000
    4  15.8503 THz  -0.2378  0.0000  0.2651 -0.0000 -0.2378 -0.0000  0.4645  0.0000  0.6206  0.0000  0.4645  0.0000
    5  18.6781 THz   0.1716  0.0000 -0.0559 -0.0000  0.1716 -0.0000 -0.4126 -0.0000  0.7730  0.0000 -0.4126 -0.0000


 Q=  0.122172 -0.122172  0.000000, q= -0.250000  0.250000  0.000000

                       Mg X   0        Mg Y   0        Mg Z   0         O X   1         O Y   1         O Z   1     
                    --------------- --------------- --------------- --------------- --------------- ---------------
    0   9.5346 THz  -0.6977  0.0000 -0.6977  0.0000 -0.0000 -0.0000 -0.1148  0.0000 -0.1148  0.0000 -0.0000 -0.0000
    1  10.2334 THz   0.0000  0.0000  0.0000  0.0000 -0.7417 -0.5311 -0.0000 -0.0000  0.0000  0.0000 -0.3331 -0.2385
    2  13.2687 THz   0.1148  0.0000  0.1148 -0.0000  0.0000  0.0000 -0.6977  0.0000 -0.6977  0.0000  0.0000 -0.0000
    3  14.0031 THz  -0.6417  0.0000  0.6417 -0.0000  0.0000 -0.0000 -0.2970  0.0000  0.2970  0.0000  0.0000 -0.0000
    4  16.3775 THz  -0.0000  0.0000 -0.0000  0.0000 -0.0560 -0.4058  0.0000  0.0000  0.0000  0.0000  0.1247  0.9037
    5  19.1887 THz   0.2970  0.0000 -0.2970 -0.0000  0.0000  0.0000 -0.6417  0.0000  0.6417 -0.0000 -0.0000 -0.0000


 Q=  0.183257 -0.061086 -0.061086, q= -0.250000  0.250000  0.250000

                       Mg X   0        Mg Y   0        Mg Z   0         O X   1         O Y   1         O Z   1     
                    --------------- --------------- --------------- --------------- --------------- ---------------
    0   9.2857 THz   0.0000  0.0000 -0.6486  0.0072  0.6486 -0.0072 -0.0000  0.0000 -0.2815  0.0031  0.2815 -0.0031
    1  10.9802 THz  -0.5819  0.0000 -0.5546  0.0000 -0.5546 -0.0000  0.0457  0.0000 -0.1485  0.0000 -0.1485 -0.0000
    2  14.3566 THz   0.7668  0.0000 -0.3261 -0.0000 -0.3261  0.0000 -0.1235 -0.0000 -0.3033 -0.0000 -0.3033 -0.0000
    3  14.8284 THz  -0.0000  0.0000 -0.2815 -0.0016  0.2815  0.0016 -0.0000 -0.0000  0.6486  0.0036 -0.6486 -0.0036
    4  15.8503 THz   0.2651  0.0000 -0.2378 -0.0000 -0.2378 -0.0000  0.6206  0.0000  0.4645  0.0000  0.4645  0.0000
    5  18.6781 THz   0.0559  0.0000 -0.1716  0.0000 -0.1716  0.0000 -0.7730  0.0000  0.4126 -0.0000  0.4126 -0.0000


 Q= -0.244343  0.000000  0.000000, q=  0.000000 -0.500000 -0.500000

                       Mg X   0        Mg Y   0        Mg Z   0         O X   1         O Y   1         O Z   1     
                    --------------- --------------- --------------- --------------- --------------- ---------------
    0   9.2583 THz   0.0000  0.0000  0.0248 -0.0000 -0.8922  0.0000 -0.0000  0.0000  0.0125 -0.0000 -0.4509  0.0000
    1   9.2583 THz   0.0000  0.0000  0.8922 -0.0000  0.0248 -0.0000 -0.0000 -0.0000  0.4509 -0.0000  0.0125 -0.0000
    2  13.9199 THz   0.9857  0.0000  0.0000  0.0000  0.0000 -0.0000 -0.1685 -0.0000 -0.0000  0.0000  0.0000  0.0000
    3  16.0769 THz   0.0000  0.0000  0.0214 -0.0000  0.4505 -0.0000 -0.0000 -0.0000 -0.0424  0.0000 -0.8915  0.0000
    4  16.0769 THz   0.0000  0.0000 -0.4505  0.0000  0.0214 -0.0000 -0.0000  0.0000  0.8915 -0.0000 -0.0424  0.0000
    5  18.7185 THz   0.1685  0.0000  0.0000 -0.0000 -0.0000  0.0000  0.9857  0.0000  0.0000 -0.0000 -0.0000 -0.0000


 Q= -0.183257  0.061086 -0.061086, q=  0.000000 -0.500000 -0.250000

                       Mg X   0        Mg Y   0        Mg Z   0         O X   1         O Y   1         O Z   1     
                    --------------- --------------- --------------- --------------- --------------- ---------------
    0   9.2857 THz   0.0000  0.0000 -0.6486 -0.0051 -0.6486 -0.0051 -0.0000 -0.0000 -0.2815 -0.0022 -0.2815 -0.0022
    1  10.9802 THz   0.5819  0.0000  0.5546  0.0000 -0.5546  0.0000 -0.0457 -0.0000  0.1485  0.0000 -0.1485  0.0000
    2  14.3566 THz   0.7668  0.0000 -0.3261  0.0000  0.3261  0.0000 -0.1235 -0.0000 -0.3033 -0.0000  0.3033 -0.0000
    3  14.8284 THz   0.0000  0.0000  0.2815 -0.0027  0.2815 -0.0027  0.0000 -0.0000 -0.6486  0.0063 -0.6486  0.0063
    4  15.8503 THz   0.2651  0.0000 -0.2378 -0.0000  0.2378  0.0000  0.6206  0.0000  0.4645  0.0000 -0.4645 -0.0000
    5  18.6781 THz   0.0559  0.0000 -0.1716  0.0000  0.1716 -0.0000 -0.7730  0.0000  0.4126 -0.0000 -0.4126  0.0000


 Q= -0.122172  0.122172 -0.122172, q=  0.000000 -0.500000  0.000000

                       Mg X   0        Mg Y   0        Mg Z   0         O X   1         O Y   1         O Z   1     
                    --------------- --------------- --------------- --------------- --------------- ---------------
    0   9.6897 THz   0.4538  0.0000 -0.3609  0.0000 -0.8147  0.0000  0.0000 -0.0000 -0.0000 -0.0000 -0.0000 -0.0000
    1   9.6897 THz   0.6788  0.0000  0.7324 -0.0000  0.0536 -0.0000  0.0000  0.0000  0.0000  0.0000 -0.0000  0.0000
    2  13.0959 THz  -0.0000  0.0000 -0.0000 -0.0000 -0.0000 -0.0000  0.1182 -0.3792 -0.1289  0.3989 -0.2471  0.7781
    3  13.0959 THz   0.0000  0.0000  0.0000  0.0000  0.0000 -0.0000 -0.2682 -0.6610 -0.2612 -0.6502  0.0070  0.0108
    4  17.2954 THz  -0.5774  0.0000  0.5774  0.0000 -0.5774 -0.0000 -0.0000 -0.0000  0.0000 -0.0000 -0.0000 -0.0000
    5  19.2242 THz   0.0000  0.0000 -0.0000  0.0000  0.0000 -0.0000 -0.5421 -0.1986  0.5421  0.1986 -0.5421 -0.1986


 Q= -0.061086  0.183257 -0.183257, q=  0.000000 -0.500000  0.250000

                       Mg X   0        Mg Y   0        Mg Z   0         O X   1         O Y   1         O Z   1     
                    --------------- --------------- --------------- --------------- --------------- ---------------
    0   9.2857 THz  -0.0000  0.0000  0.6486 -0.0033  0.6486 -0.0033 -0.0000  0.0000 -0.2815  0.0014 -0.2815  0.0014
    1  10.9802 THz   0.5819  0.0000  0.5546 -0.0000 -0.5546  0.0000  0.0457 -0.0000 -0.1485  0.0000  0.1485  0.0000
    2  14.3566 THz   0.7668  0.0000 -0.3261 -0.0000  0.3261 -0.0000  0.1235 -0.0000  0.3033 -0.0000 -0.3033 -0.0000
    3  14.8284 THz  -0.0000  0.0000 -0.2815 -0.0033 -0.2815 -0.0033  0.0000  0.0000 -0.6486 -0.0075 -0.6486 -0.0075
    4  15.8503 THz  -0.2651  0.0000  0.2378 -0.0000 -0.2378  0.0000  0.6206 -0.0000  0.4645 -0.0000 -0.4645  0.0000
    5  18.6781 THz   0.0559  0.0000 -0.1716 -0.0000  0.1716  0.0000  0.7730  0.0000 -0.4126 -0.0000  0.4126  0.0000


 Q= -0.183257 -0.061086  0.061086, q=  0.000000 -0.250000 -0.500000

                       Mg X   0        Mg Y   0        Mg Z   0         O X   1         O Y   1         O Z   1     
                    --------------- --------------- --------------- --------------- --------------- ---------------
    0   9.2857 THz  -0.0000  0.0000 -0.6487 -0.0016 -0.6487 -0.0016  0.0000  0.0000 -0.2815 -0.0007 -0.2815 -0.0007
    1  10.9802 THz  -0.5819  0.0000  0.5546  0.0000 -0.5546 -0.0000  0.0457  0.0000  0.1485  0.0000 -0.1485  0.0000
    2  14.3566 THz   0.7668  0.0000  0.3261 -0.0000 -0.3261 -0.0000 -0.1235 -0.0000  0.3033  0.0000 -0.3033  0.0000
    3  14.8284 THz  -0.0000  0.0000  0.2815 -0.0025  0.2815 -0.0025 -0.0000  0.0000 -0.6486  0.0057 -0.6486  0.0057
    4  15.8503 THz   0.2651  0.0000  0.2378  0.0000 -0.2378 -0.0000  0.6206  0.0000 -0.4645 -0.0000  0.4645  0.0000
    5  18.6781 THz  -0.0559  0.0000 -0.1716  0.0000  0.1716 -0.0000  0.7730 -0.0000  0.4126 -0.0000 -0.4126  0.0000


 Q= -0.122172  0.000000  0.000000, q=  0.000000 -0.250000 -0.250000

                       Mg X   0        Mg Y   0        Mg Z   0         O X   1         O Y   1         O Z   1     
                    --------------- --------------- --------------- --------------- --------------- ---------------
    0   7.0355 THz  -0.0000  0.0000  0.1125  0.0219  0.8116  0.2197 -0.0000  0.0000  0.0701  0.0136  0.5060  0.1369
    1   7.0355 THz   0.0000  0.0000 -0.8408  0.0037  0.1143  0.0078  0.0000  0.0000 -0.5242  0.0023  0.0713  0.0049
    2  11.7959 THz   0.8914  0.0000  0.0000 -0.0000  0.0000  0.0000  0.4533 -0.0000  0.0000  0.0000  0.0000  0.0000
    3  15.2557 THz  -0.0000  0.0000 -0.0041  0.0094  0.2683 -0.4559  0.0000  0.0000  0.0066 -0.0152 -0.4303  0.7312
    4  15.2557 THz  -0.0000  0.0000 -0.5289 -0.0086 -0.0102 -0.0014 -0.0000 -0.0000  0.8483  0.0138  0.0164  0.0022
    5  19.4725 THz   0.4533  0.0000 -0.0000 -0.0000  0.0000 -0.0000 -0.8914  0.0000  0.0000  0.0000 -0.0000  0.0000


 Q= -0.061086  0.061086 -0.061086, q=  0.000000 -0.250000  0.000000

                       Mg X   0        Mg Y   0        Mg Z   0         O X   1         O Y   1         O Z   1     
                    --------------- --------------- --------------- --------------- --------------- ---------------
    0   6.6126 THz  -0.3708  0.0000  0.3218 -0.0032  0.6926 -0.0032 -0.2308  0.0000  0.2003 -0.0020  0.4311 -0.0020
    1   6.6126 THz  -0.5857  0.0000 -0.6139  0.0020 -0.0282  0.0020 -0.3646  0.0000 -0.3821  0.0013 -0.0176  0.0013
    2  10.9195 THz  -0.4806  0.0000  0.4806 -0.0000 -0.4806  0.0000 -0.3199  0.0000  0.3199  0.0000 -0.3199  0.0000
    3  14.0238 THz  -0.2437  0.0000  0.1865  0.0003  0.4302  0.0003  0.3915 -0.0000 -0.2996 -0.0004 -0.6912 -0.0004
    4  14.0238 THz  -0.3561  0.0000 -0.3891 -0.0002 -0.0330 -0.0002  0.5720 -0.0000  0.6251  0.0003  0.0531  0.0003
    5  20.4294 THz   0.3199  0.0000 -0.3199  0.0000  0.3199 -0.0000 -0.4806  0.0000  0.4806 -0.0000 -0.4806  0.0000


 Q=  0.000000  0.122172 -0.122172, q=  0.000000 -0.250000  0.250000

                       Mg X   0        Mg Y   0        Mg Z   0         O X   1         O Y   1         O Z   1     
                    --------------- --------------- --------------- --------------- --------------- ---------------
    0   9.5346 THz   0.0000  0.0000 -0.0295 -0.6971 -0.0295 -0.6971 -0.0000  0.0000 -0.0049 -0.1147 -0.0049 -0.1147
    1  10.2334 THz   0.9122  0.0000  0.0000  0.0000 -0.0000 -0.0000  0.4097  0.0000  0.0000  0.0000 -0.0000 -0.0000
    2  13.2687 THz   0.0000  0.0000  0.1002  0.0561  0.1002  0.0561  0.0000  0.0000 -0.6089 -0.3407 -0.6089 -0.3407
    3  14.0031 THz   0.0000  0.0000  0.2813  0.5768 -0.2813 -0.5768 -0.0000  0.0000  0.1302  0.2669 -0.1302 -0.2669
    4  16.3775 THz  -0.4097  0.0000  0.0000  0.0000 -0.0000 -0.0000  0.9122  0.0000  0.0000  0.0000 -0.0000 -0.0000
    5  19.1887 THz   0.0000  0.0000 -0.2737 -0.1152  0.2737  0.1152  0.0000  0.0000  0.5915  0.2489 -0.5915 -0.2489


 Q= -0.122172 -0.122172  0.122172, q=  0.000000  0.000000 -0.500000

                       Mg X   0        Mg Y   0        Mg Z   0         O X   1         O Y   1         O Z   1     
                    --------------- --------------- --------------- --------------- --------------- ---------------
    0   9.6897 THz  -0.4100  0.0000 -0.4065 -0.0000 -0.8165 -0.0000 -0.0000  0.0000 -0.0000 -0.0000 -0.0000  0.0000
    1   9.6897 THz  -0.7061  0.0000  0.7081  0.0000  0.0020  0.0000  0.0000 -0.0000  0.0000  0.0000  0.0000  0.0000
    2  13.0959 THz  -0.0000  0.0000 -0.0000  0.0000 -0.0000  0.0000  0.1713 -0.4255  0.1790 -0.3089  0.3503 -0.7344
    3  13.0959 THz   0.0000 -0.0000 -0.0000  0.0000 -0.0000  0.0000 -0.3965 -0.5469  0.4026  0.6141  0.0062  0.0672
    4  17.2954 THz  -0.5774  0.0000 -0.5774 -0.0000  0.5774 -0.0000 -0.0000 -0.0000 -0.0000  0.0000  0.0000  0.0000
    5  19.2242 THz   0.0000  0.0000  0.0000 -0.0000 -0.0000 -0.0000 -0.5438 -0.1940 -0.5438 -0.1940  0.5438  0.1940


 Q= -0.061086 -0.061086  0.061086, q=  0.000000  0.000000 -0.250000

                       Mg X   0        Mg Y   0        Mg Z   0         O X   1         O Y   1         O Z   1     
                    --------------- --------------- --------------- --------------- --------------- ---------------
    0   6.6126 THz   0.3200  0.0000  0.3725 -0.0038  0.6925 -0.0038  0.1992 -0.0000  0.2319 -0.0023  0.4310 -0.0023
    1   6.6126 THz  -0.6149  0.0000  0.5846 -0.0020 -0.0303 -0.0020 -0.3827 -0.0000  0.3639 -0.0012 -0.0189 -0.0012
    2  10.9195 THz  -0.4806  0.0000 -0.4806  0.0000  0.4806  0.0000 -0.3199 -0.0000 -0.3199 -0.0000  0.3199 -0.0000
    3  14.0238 THz   0.1925  0.0000  0.2382 -0.0005  0.4307 -0.0005 -0.3092 -0.0000 -0.3827  0.0008 -0.6919  0.0008
    4  14.0238 THz   0.3862  0.0000 -0.3598  0.0002  0.0264  0.0002 -0.6204 -0.0000  0.5780 -0.0004 -0.0424 -0.0004
    5  20.4294 THz  -0.3199  0.0000 -0.3199  0.0000  0.3199  0.0000  0.4806 -0.0000  0.4806 -0.0000 -0.4806  0.0000


 Q=  0.000000  0.000000  0.000000, q=  0.000000  0.000000  0.000000

                       Mg X   0        Mg Y   0        Mg Z   0         O X   1         O Y   1         O Z   1     
                    --------------- --------------- --------------- --------------- --------------- ---------------
    0  -0.0000 THz   0.0000  0.0000 -0.0132  0.0000 -0.7764  0.0000 -0.0000  0.0000 -0.0107  0.0000 -0.6300  0.0000
    1   0.0000 THz   0.0000  0.0000 -0.7764  0.0000  0.0132  0.0000 -0.0000  0.0000 -0.6300  0.0000  0.0107  0.0000
    2   0.0000 THz   0.7766  0.0000 -0.0000  0.0000  0.0000  0.0000  0.6301  0.0000 -0.0000  0.0000 -0.0000  0.0000
    3  14.3373 THz   0.0000  0.0000 -0.0033  0.0000  0.6300  0.0000  0.0000  0.0000  0.0041  0.0000 -0.7765  0.0000
    4  14.3373 THz   0.0000  0.0000  0.6300  0.0000  0.0033  0.0000  0.0000  0.0000 -0.7765  0.0000 -0.0041  0.0000
    5  14.3373 THz  -0.6301  0.0000 -0.0000  0.0000  0.0000  0.0000  0.7766  0.0000 -0.0000  0.0000 -0.0000  0.0000


 Q=  0.061086  0.061086 -0.061086, q=  0.000000  0.000000  0.250000

                       Mg X   0        Mg Y   0        Mg Z   0         O X   1         O Y   1         O Z   1     
                    --------------- --------------- --------------- --------------- --------------- ---------------
    0   6.6126 THz   0.3200  0.0000  0.3725  0.0038  0.6925  0.0038  0.1992  0.0000  0.2319  0.0023  0.4310  0.0023
    1   6.6126 THz  -0.6149  0.0000  0.5846  0.0020 -0.0303  0.0020 -0.3827  0.0000  0.3639  0.0012 -0.0189  0.0012
    2  10.9195 THz  -0.4806  0.0000 -0.4806 -0.0000  0.4806 -0.0000 -0.3199  0.0000 -0.3199  0.0000  0.3199  0.0000
    3  14.0238 THz   0.1925  0.0000  0.2382  0.0005  0.4307  0.0005 -0.3092  0.0000 -0.3827 -0.0008 -0.6919 -0.0008
    4  14.0238 THz   0.3862  0.0000 -0.3598 -0.0002  0.0264 -0.0002 -0.6204  0.0000  0.5780  0.0004 -0.0424  0.0004
    5  20.4294 THz  -0.3199  0.0000 -0.3199 -0.0000  0.3199 -0.0000  0.4806  0.0000  0.4806  0.0000 -0.4806 -0.0000


 Q= -0.061086 -0.183257  0.183257, q=  0.000000  0.250000 -0.500000

                       Mg X   0        Mg Y   0        Mg Z   0         O X   1         O Y   1         O Z   1     
                    --------------- --------------- --------------- --------------- --------------- ---------------
    0   9.2857 THz   0.0000  0.0000  0.6486  0.0038  0.6486  0.0038  0.0000 -0.0000 -0.2815 -0.0017 -0.2815 -0.0017
    1  10.9802 THz  -0.5819  0.0000  0.5546  0.0000 -0.5546  0.0000 -0.0457  0.0000 -0.1485  0.0000  0.1485  0.0000
    2  14.3566 THz   0.7668  0.0000  0.3261  0.0000 -0.3261  0.0000  0.1235 -0.0000 -0.3033  0.0000  0.3033  0.0000
    3  14.8284 THz   0.0000  0.0000 -0.2815 -0.0029 -0.2815 -0.0029 -0.0000 -0.0000 -0.6486 -0.0067 -0.6486 -0.0067
    4  15.8503 THz  -0.2651  0.0000 -0.2378  0.0000  0.2378 -0.0000  0.6206 -0.0000 -0.4645  0.0000  0.4645 -0.0000
    5  18.6781 THz  -0.0559  0.0000 -0.1716 -0.0000  0.1716  0.0000 -0.7730 -0.0000 -0.4126 -0.0000  0.4126  0.0000


 Q=  0.000000 -0.122172  0.122172, q=  0.000000  0.250000 -0.250000

                       Mg X   0        Mg Y   0        Mg Z   0         O X   1         O Y   1         O Z   1     
                    --------------- --------------- --------------- --------------- --------------- ---------------
    0   9.5346 THz   0.0000  0.0000 -0.0295  0.6971 -0.0295  0.6971 -0.0000  0.0000 -0.0049  0.1147 -0.0049  0.1147
    1  10.2334 THz   0.9122  0.0000  0.0000 -0.0000 -0.0000  0.0000  0.4097 -0.0000  0.0000 -0.0000 -0.0000  0.0000
    2  13.2687 THz   0.0000  0.0000  0.1002 -0.0561  0.1002 -0.0561  0.0000  0.0000 -0.6089  0.3407 -0.6089  0.3407
    3  14.0031 THz   0.0000  0.0000  0.2813 -0.5768 -0.2813  0.5768 -0.0000  0.0000  0.1302 -0.2669 -0.1302  0.2669
    4  16.3775 THz  -0.4097  0.0000  0.0000 -0.0000 -0.0000  0.0000  0.9122 -0.0000  0.0000 -0.0000 -0.0000  0.0000
    5  19.1887 THz   0.0000  0.0000 -0.2737  0.1152  0.2737 -0.1152  0.0000  0.0000  0.5915 -0.2489 -0.5915  0.2489


 Q=  0.061086 -0.061086  0.061086, q=  0.000000  0.250000  0.000000

                       Mg X   0        Mg Y   0        Mg Z   0         O X   1         O Y   1         O Z   1     
                    --------------- --------------- --------------- --------------- --------------- ---------------
    0   6.6126 THz  -0.3708  0.0000  0.3218  0.0032  0.6926  0.0032 -0.2308 -0.0000  0.2003  0.0020  0.4311  0.0020
    1   6.6126 THz  -0.5857  0.0000 -0.6139 -0.0020 -0.0282 -0.0020 -0.3646 -0.0000 -0.3821 -0.0013 -0.0176 -0.0013
    2  10.9195 THz  -0.4806  0.0000  0.4806  0.0000 -0.4806 -0.0000 -0.3199 -0.0000  0.3199 -0.0000 -0.3199 -0.0000
    3  14.0238 THz  -0.2437  0.0000  0.1865 -0.0003  0.4302 -0.0003  0.3915  0.0000 -0.2996  0.0004 -0.6912  0.0004
    4  14.0238 THz  -0.3561  0.0000 -0.3891  0.0002 -0.0330  0.0002  0.5720  0.0000  0.6251 -0.0003  0.0531 -0.0003
    5  20.4294 THz   0.3199  0.0000 -0.3199 -0.0000  0.3199  0.0000 -0.4806 -0.0000  0.4806  0.0000 -0.4806 -0.0000


 Q=  0.122172  0.000000  0.000000, q=  0.000000  0.250000  0.250000

                       Mg X   0        Mg Y   0        Mg Z   0         O X   1         O Y   1         O Z   1     
                    --------------- --------------- --------------- --------------- --------------- ---------------
    0   7.0355 THz  -0.0000  0.0000  0.1125 -0.0219  0.8116 -0.2197 -0.0000 -0.0000  0.0701 -0.0136  0.5060 -0.1369
    1   7.0355 THz   0.0000  0.0000 -0.8408 -0.0037  0.1143 -0.0078  0.0000 -0.0000 -0.5242 -0.0023  0.0713 -0.0049
    2  11.7959 THz   0.8914  0.0000  0.0000  0.0000  0.0000 -0.0000  0.4533  0.0000  0.0000 -0.0000  0.0000 -0.0000
    3  15.2557 THz  -0.0000  0.0000 -0.0041 -0.0094  0.2683  0.4559  0.0000 -0.0000  0.0066  0.0152 -0.4303 -0.7312
    4  15.2557 THz  -0.0000  0.0000 -0.5289  0.0086 -0.0102  0.0014 -0.0000  0.0000  0.8483 -0.0138  0.0164 -0.0022
    5  19.4725 THz   0.4533  0.0000 -0.0000  0.0000  0.0000  0.0000 -0.8914 -0.0000  0.0000 -0.0000 -0.0000 -0.0000


 Q= -0.305429  0.061086  0.061086, q=  0.250000 -0.500000 -0.500000

                       Mg X   0        Mg Y   0        Mg Z   0         O X   1         O Y   1         O Z   1     
                    --------------- --------------- --------------- --------------- --------------- ---------------
    0   9.2857 THz  -0.0000  0.0000 -0.6487  0.0009  0.6487 -0.0009  0.0000  0.0000 -0.2815  0.0004  0.2815 -0.0004
    1  10.9802 THz   0.5819  0.0000 -0.5546  0.0000 -0.5546  0.0000 -0.0457  0.0000 -0.1485  0.0000 -0.1485 -0.0000
    2  14.3566 THz   0.7668  0.0000  0.3261  0.0000  0.3261 -0.0000 -0.1235  0.0000  0.3033 -0.0000  0.3033  0.0000
    3  14.8284 THz   0.0000  0.0000 -0.2815 -0.0028  0.2815  0.0028  0.0000  0.0000  0.6486  0.0066 -0.6486 -0.0066
    4  15.8503 THz   0.2651  0.0000  0.2378 -0.0000  0.2378 -0.0000  0.6206 -0.0000 -0.4645  0.0000 -0.4645  0.0000
    5  18.6781 THz  -0.0559  0.0000 -0.1716 -0.0000 -0.1716 -0.0000  0.7730  0.0000  0.4126  0.0000  0.4126  0.0000


 Q= -0.244343  0.122172  0.000000, q=  0.250000 -0.500000 -0.250000

                       Mg X   0        Mg Y   0        Mg Z   0         O X   1         O Y   1         O Z   1     
                    --------------- --------------- --------------- --------------- --------------- ---------------
    0  11.6357 THz   0.0000  0.0000  0.9998 -0.0193  0.0000  0.0000 -0.0000  0.0000 -0.0000  0.0000  0.0000  0.0000
    1  12.1411 THz  -0.0017  0.0000 -0.0000 -0.0000  0.1459  0.9440  0.0005 -0.0000  0.0000  0.0000  0.0452  0.2926
    2  12.1411 THz   0.9552  0.0000 -0.0000  0.0000  0.0003  0.0017 -0.2961  0.0000 -0.0000 -0.0000  0.0001  0.0005
    3  15.3715 THz   0.0000  0.0000  0.0000  0.0000 -0.0000 -0.0000  0.0000 -0.0000  0.9839  0.1789 -0.0000 -0.0000
    4  17.4642 THz  -0.0000  0.0000  0.0000 -0.0000 -0.2937 -0.0379 -0.0000  0.0000  0.0000  0.0000  0.9473  0.1224
    5  17.4642 THz  -0.2961 -0.0000 -0.0000  0.0000  0.0000  0.0000 -0.9552  0.0000  0.0000  0.0000 -0.0000 -0.0000


 Q= -0.183257  0.183257 -0.061086, q=  0.250000 -0.500000  0.000000

                       Mg X   0        Mg Y   0        Mg Z   0         O X   1         O Y   1         O Z   1     
                    --------------- --------------- --------------- --------------- --------------- ---------------
    0   9.2857 THz   0.6487  0.0000  0.6487  0.0000  0.0000  0.0000 -0.2815 -0.0000 -0.2815 -0.0000  0.0000  0.0000
    1  10.9802 THz  -0.5546  0.0000  0.5546  0.0000  0.5819  0.0000  0.1485  0.0000 -0.1485 -0.0000  0.0457 -0.0000
    2  14.3566 THz   0.3261  0.0000 -0.3261 -0.0000  0.7668  0.0000 -0.3033 -0.0000  0.3033 -0.0000  0.1235 -0.0000
    3  14.8284 THz   0.2815  0.0000  0.2815  0.0000  0.0000 -0.0000  0.6487  0.0000  0.6487  0.0000 -0.0000 -0.0000
    4  15.8503 THz  -0.2378  0.0000  0.2378  0.0000 -0.2651 -0.0000 -0.4645 -0.0000  0.4645  0.0000  0.6206  0.0000
    5  18.6781 THz  -0.1716  0.0000  0.1716  0.0000 -0.0559  0.0000 -0.4126 -0.0000  0.4126  0.0000 -0.7730 -0.0000


 Q= -0.122172  0.244343 -0.122172, q=  0.250000 -0.500000  0.250000

                       Mg X   0        Mg Y   0        Mg Z   0         O X   1         O Y   1         O Z   1     
                    --------------- --------------- --------------- --------------- --------------- ---------------
    0   9.5346 THz  -0.6977  0.0000  0.0000  0.0000  0.6977 -0.0000  0.1148  0.0000 -0.0000 -0.0000 -0.1148 -0.0000
    1  10.2334 THz   0.0000  0.0000  0.9119  0.0259 -0.0000  0.0000 -0.0000 -0.0000 -0.4095 -0.0116  0.0000  0.0000
    2  13.2687 THz  -0.1148  0.0000 -0.0000  0.0000  0.1148  0.0000 -0.6977 -0.0000  0.0000  0.0000  0.6977  0.0000
    3  14.0031 THz  -0.6417  0.0000  0.0000  0.0000 -0.6417 -0.0000  0.2970  0.0000 -0.0000  0.0000  0.2970 -0.0000
    4  16.3775 THz   0.0000  0.0000 -0.4029  0.0745  0.0000 -0.0000 -0.0000  0.0000 -0.8970  0.1658 -0.0000  0.0000
    5  19.1887 THz   0.2970  0.0000 -0.0000 -0.0000  0.2970 -0.0000  0.6417  0.0000 -0.0000 -0.0000  0.6417  0.0000


 Q= -0.244343  0.000000  0.122172, q=  0.250000 -0.250000 -0.500000

                       Mg X   0        Mg Y   0        Mg Z   0         O X   1         O Y   1         O Z   1     
                    --------------- --------------- --------------- --------------- --------------- ---------------
    0  11.6357 THz   0.0000  0.0000  0.0000 -0.0000 -0.9670 -0.2549 -0.0000  0.0000  0.0000 -0.0000 -0.0000 -0.0000
    1  12.1411 THz   0.9552  0.0000  0.0000  0.0000  0.0000  0.0000 -0.2961  0.0000  0.0000 -0.0000 -0.0000 -0.0000
    2  12.1411 THz   0.0000  0.0000  0.9551 -0.0120  0.0000  0.0000  0.0000  0.0000  0.2961 -0.0037  0.0000 -0.0000
    3  15.3715 THz   0.0000  0.0000 -0.0000  0.0000  0.0000  0.0000  0.0000  0.0000  0.0000 -0.0000  0.9085  0.4179
    4  17.4642 THz  -0.2961  0.0000  0.0000  0.0000  0.0000  0.0000 -0.9552  0.0000  0.0000 -0.0000 -0.0000 -0.0000
    5  17.4642 THz   0.0000  0.0000  0.2908  0.0560 -0.0000 -0.0000  0.0000 -0.0000 -0.9379 -0.1806 -0.0000  0.0000


 Q= -0.183257  0.061086  0.061086, q=  0.250000 -0.250000 -0.250000

                       Mg X   0        Mg Y   0        Mg Z   0         O X   1         O Y   1         O Z   1     
                    --------------- --------------- --------------- --------------- --------------- ---------------
    0   9.2857 THz   0.0000  0.0000 -0.6486 -0.0072  0.6486  0.0072 -0.0000 -0.0000 -0.2815 -0.0031  0.2815  0.0031
    1  10.9802 THz  -0.5819  0.0000 -0.5546 -0.0000 -0.5546  0.0000  0.0457 -0.0000 -0.1485 -0.0000 -0.1485  0.0000
    2  14.3566 THz   0.7668  0.0000 -0.3261  0.0000 -0.3261 -0.0000 -0.1235  0.0000 -0.3033  0.0000 -0.3033  0.0000
    3  14.8284 THz  -0.0000  0.0000 -0.2815  0.0016  0.2815 -0.0016 -0.0000  0.0000  0.6486 -0.0036 -0.6486  0.0036
    4  15.8503 THz   0.2651  0.0000 -0.2378  0.0000 -0.2378  0.0000  0.6206 -0.0000  0.4645 -0.0000  0.4645 -0.0000
    5  18.6781 THz   0.0559  0.0000 -0.1716 -0.0000 -0.1716 -0.0000 -0.7730 -0.0000  0.4126  0.0000  0.4126  0.0000


 Q= -0.122172  0.122172  0.000000, q=  0.250000 -0.250000  0.000000

                       Mg X   0        Mg Y   0        Mg Z   0         O X   1         O Y   1         O Z   1     
                    --------------- --------------- --------------- --------------- --------------- ---------------
    0   9.5346 THz  -0.6977  0.0000 -0.6977 -0.0000 -0.0000  0.0000 -0.1148 -0.0000 -0.1148 -0.0000 -0.0000  0.0000
    1  10.2334 THz   0.0000  0.0000  0.0000 -0.0000 -0.7417  0.5311 -0.0000  0.0000  0.0000 -0.0000 -0.3331  0.2385
    2  13.2687 THz   0.1148  0.0000  0.1148  0.0000  0.0000 -0.0000 -0.6977 -0.0000 -0.6977 -0.0000  0.0000  0.0000
    3  14.0031 THz  -0.6417  0.0000  0.6417  0.0000  0.0000  0.0000 -0.2970 -0.0000  0.2970 -0.0000  0.0000  0.0000
    4  16.3775 THz  -0.0000  0.0000 -0.0000 -0.0000 -0.0560  0.4058  0.0000 -0.0000  0.0000 -0.0000  0.1247 -0.9037
    5  19.1887 THz   0.2970  0.0000 -0.2970  0.0000  0.0000 -0.0000 -0.6417 -0.0000  0.6417  0.0000 -0.0000  0.0000


 Q= -0.061086  0.183257 -0.061086, q=  0.250000 -0.250000  0.250000

                       Mg X   0        Mg Y   0        Mg Z   0         O X   1         O Y   1         O Z   1     
                    --------------- --------------- --------------- --------------- --------------- ---------------
    0   9.2857 THz   0.6487  0.0000 -0.0000  0.0000 -0.6487  0.0000  0.2815 -0.0000  0.0000  0.0000 -0.2815  0.0000
    1  10.9802 THz  -0.5546  0.0000 -0.5819  0.0000 -0.5546  0.0000 -0.1485  0.0000  0.0457 -0.0000 -0.1485  0.0000
    2  14.3566 THz   0.3261  0.0000 -0.7668  0.0000  0.3261  0.0000  0.3033 -0.0000  0.1235 -0.0000  0.3033 -0.0000
    3  14.8284 THz   0.2815  0.0000  0.0000  0.0000 -0.2815 -0.0000 -0.6487 -0.0000  0.0000 -0.0000  0.6487 -0.0000
    4  15.8503 THz  -0.2378  0.0000  0.2651  0.0000 -0.2378  0.0000  0.4645 -0.0000  0.6206 -0.0000  0.4645 -0.0000
    5  18.6781 THz   0.1716  0.0000 -0.0559  0.0000  0.1716  0.0000 -0.4126  0.0000  0.7730 -0.0000 -0.4126  0.0000


 Q= -0.183257 -0.061086  0.183257, q=  0.250000  0.000000 -0.500000

                       Mg X   0        Mg Y   0        Mg Z   0         O X   1         O Y   1         O Z   1     
                    --------------- --------------- --------------- --------------- --------------- ---------------
    0   9.2857 THz   0.6487  0.0000  0.0000  0.0000  0.6487  0.0000 -0.2815 -0.0000 -0.0000  0.0000 -0.2815 -0.0000
    1  10.9802 THz   0.5546  0.0000 -0.5819 -0.0000 -0.5546 -0.0000 -0.1485 -0.0000 -0.0457  0.0000  0.1485 -0.0000
    2  14.3566 THz  -0.3261  0.0000 -0.7668 -0.0000  0.3261  0.0000  0.3033  0.0000 -0.1235 -0.0000 -0.3033  0.0000
    3  14.8284 THz   0.2815  0.0000 -0.0000 -0.0000  0.2815  0.0000  0.6487  0.0000  0.0000 -0.0000  0.6487  0.0000
    4  15.8503 THz  -0.2378  0.0000 -0.2651 -0.0000  0.2378 -0.0000 -0.4645 -0.0000  0.6206  0.0000  0.4645 -0.0000
    5  18.6781 THz  -0.1716  0.0000 -0.0559 -0.0000  0.1716  0.0000 -0.4126 -0.0000 -0.7730 -0.0000  0.4126  0.0000


 Q= -0.122172  0.000000  0.122172, q=  0.250000  0.000000 -0.250000

                       Mg X   0        Mg Y   0        Mg Z   0         O X   1         O Y   1         O Z   1     
                    --------------- --------------- --------------- --------------- --------------- ---------------
    0   9.5346 THz  -0.6977  0.0000 -0.0000 -0.0000 -0.6977 -0.0000 -0.1148 -0.0000 -0.0000  0.0000 -0.1148 -0.0000
    1  10.2334 THz  -0.0000  0.0000  0.9122  0.0117 -0.0000 -0.0000  0.0000 -0.0000  0.4096  0.0053 -0.0000 -0.0000
    2  13.2687 THz   0.1148  0.0000  0.0000  0.0000  0.1148  0.0000 -0.6977 -0.0000  0.0000 -0.0000 -0.6977 -0.0000
    3  14.0031 THz   0.6417  0.0000 -0.0000  0.0000 -0.6417 -0.0000  0.2970  0.0000 -0.0000  0.0000 -0.2970  0.0000
    4  16.3775 THz   0.0000  0.0000 -0.4095 -0.0135 -0.0000 -0.0000 -0.0000  0.0000  0.9117  0.0300  0.0000  0.0000
    5  19.1887 THz  -0.2970  0.0000 -0.0000 -0.0000  0.2970 -0.0000  0.6417  0.0000  0.0000  0.0000 -0.6417 -0.0000


 Q= -0.061086  0.061086  0.061086, q=  0.250000  0.000000  0.000000

                       Mg X   0        Mg Y   0        Mg Z   0         O X   1         O Y   1         O Z   1     
                    --------------- --------------- --------------- --------------- --------------- ---------------
    0   6.6126 THz  -0.3483  0.0000  0.3449 -0.0037 -0.6932  0.0037 -0.2168 -0.0000  0.2147 -0.0023 -0.4315  0.0023
    1   6.6126 THz  -0.5993  0.0000 -0.6013  0.0021  0.0019 -0.0021 -0.3731 -0.0000 -0.3743  0.0013  0.0012 -0.0013
    2  10.9195 THz  -0.4806  0.0000  0.4806  0.0000  0.4806  0.0000 -0.3199 -0.0000  0.3199  0.0000  0.3199 -0.0000
    3  14.0238 THz   0.1877  0.0000 -0.2426  0.0005  0.4303 -0.0005 -0.3016 -0.0000  0.3897 -0.0008 -0.6913  0.0008
    4  14.0238 THz   0.3885  0.0000  0.3568 -0.0003  0.0317  0.0003 -0.6241 -0.0000 -0.5732  0.0004 -0.0509 -0.0004
    5  20.4294 THz   0.3199  0.0000 -0.3199 -0.0000 -0.3199 -0.0000 -0.4806 -0.0000  0.4806  0.0000  0.4806  0.0000


 Q=  0.000000  0.122172  0.000000, q=  0.250000  0.000000  0.250000

                       Mg X   0        Mg Y   0        Mg Z   0         O X   1         O Y   1         O Z   1     
                    --------------- --------------- --------------- --------------- --------------- ---------------
    0   7.0355 THz   0.0000  0.0000  0.0000  0.0000  0.8436  0.0921  0.0000  0.0000  0.0000  0.0000  0.5259  0.0574
    1   7.0355 THz   0.8486  0.0000  0.0000  0.0000 -0.0000 -0.0000  0.5290  0.0000 -0.0000 -0.0000  0.0000  0.0000
    2  11.7959 THz   0.0000  0.0000 -0.8910  0.0236  0.0000  0.0000 -0.0000 -0.0000 -0.4532  0.0120  0.0000  0.0000
    3  15.2557 THz   0.0000  0.0000 -0.0000  0.0000  0.5284  0.0254  0.0000 -0.0000  0.0000  0.0000 -0.8476 -0.0408
    4  15.2557 THz  -0.5290  0.0000  0.0000  0.0000 -0.0000 -0.0000  0.8486  0.0000 -0.0000 -0.0000  0.0000  0.0000
    5  19.4725 THz   0.0000  0.0000  0.4495  0.0585  0.0000  0.0000  0.0000  0.0000 -0.8839 -0.1151 -0.0000 -0.0000


 Q= -0.122172 -0.122172  0.244343, q=  0.250000  0.250000 -0.500000

                       Mg X   0        Mg Y   0        Mg Z   0         O X   1         O Y   1         O Z   1     
                    --------------- --------------- --------------- --------------- --------------- ---------------
    0   9.5346 THz  -0.6977  0.0000  0.6977 -0.0000 -0.0000 -0.0000  0.1148 -0.0000 -0.1148  0.0000  0.0000  0.0000
    1  10.2334 THz   0.0000  0.0000 -0.0000  0.0000 -0.9108 -0.0502 -0.0000  0.0000  0.0000 -0.0000  0.4091  0.0225
    2  13.2687 THz  -0.1148  0.0000  0.1148 -0.0000  0.0000  0.0000 -0.6977  0.0000  0.6977 -0.0000  0.0000  0.0000
    3  14.0031 THz   0.6417  0.0000  0.6417 -0.0000  0.0000 -0.0000 -0.2970  0.0000 -0.2970 -0.0000 -0.0000 -0.0000
    4  16.3775 THz  -0.0000  0.0000 -0.0000  0.0000 -0.3806 -0.1516 -0.0000 -0.0000  0.0000 -0.0000 -0.8475 -0.3376
    5  19.1887 THz   0.2970  0.0000  0.2970  0.0000 -0.0000 -0.0000  0.6417  0.0000  0.6417 -0.0000 -0.0000 -0.0000


 Q= -0.061086 -0.061086  0.183257, q=  0.250000  0.250000 -0.250000

                       Mg X   0        Mg Y   0        Mg Z   0         O X   1         O Y   1         O Z   1     
                    --------------- --------------- --------------- --------------- --------------- ---------------
    0   9.2857 THz   0.6487  0.0000 -0.6487  0.0000  0.0000 -0.0000  0.2815 -0.0000 -0.2815 -0.0000 -0.0000 -0.0000
    1  10.9802 THz   0.5546  0.0000  0.5546 -0.0000  0.5819  0.0000  0.1485 -0.0000  0.1485  0.0000 -0.0457  0.0000
    2  14.3566 THz  -0.3261  0.0000 -0.3261 -0.0000  0.7668  0.0000 -0.3033  0.0000 -0.3033  0.0000 -0.1235  0.0000
    3  14.8284 THz   0.2815  0.0000 -0.2815 -0.0000  0.0000  0.0000 -0.6487  0.0000  0.6487  0.0000 -0.0000  0.0000
    4  15.8503 THz  -0.2378  0.0000 -0.2378 -0.0000  0.2651  0.0000  0.4645 -0.0000  0.4645  0.0000  0.6206  0.0000
    5  18.6781 THz   0.1716  0.0000  0.1716 -0.0000 -0.0559  0.0000 -0.4126 -0.0000 -0.4126 -0.0000  0.7730  0.0000


 Q=  0.000000  0.000000  0.122172, q=  0.250000  0.250000  0.000000

                       Mg X   0        Mg Y   0        Mg Z   0         O X   1         O Y   1         O Z   1     
                    --------------- --------------- --------------- --------------- --------------- ---------------
    0   7.0355 THz   0.8486  0.0000  0.0000 -0.0000 -0.0000  0.0000  0.5290 -0.0000  0.0000 -0.0000  0.0000  0.0000
    1   7.0355 THz   0.0000  0.0000 -0.8484  0.0172  0.0000  0.0000  0.0000 -0.0000 -0.5289  0.0107  0.0000 -0.0000
    2  11.7959 THz   0.0000  0.0000 -0.0000  0.0000  0.1388 -0.8805  0.0000  0.0000 -0.0000 -0.0000  0.0706 -0.4478
    3  15.2557 THz   0.0000  0.0000  0.4891 -0.2017  0.0000 -0.0000  0.0000  0.0000 -0.7845  0.3235  0.0000 -0.0000
    4  15.2557 THz   0.5290  0.0000  0.0000  0.0000  0.0000 -0.0000 -0.8486  0.0000 -0.0000  0.0000 -0.0000 -0.0000
    5  19.4725 THz   0.0000  0.0000 -0.0000 -0.0000  0.4159 -0.1803 -0.0000  0.0000 -0.0000  0.0000 -0.8178  0.3546


 Q=  0.061086  0.061086  0.061086, q=  0.250000  0.250000  0.250000

                       Mg X   0        Mg Y   0        Mg Z   0         O X   1         O Y   1         O Z   1     
                    --------------- --------------- --------------- --------------- --------------- ---------------
    0   6.6126 THz   0.3500  0.0000  0.3432  0.0038 -0.6932 -0.0038  0.2179  0.0000  0.2136  0.0024 -0.4314 -0.0024
    1   6.6126 THz  -0.5983  0.0000  0.6023  0.0022 -0.0039 -0.0022 -0.3724 -0.0000  0.3749  0.0014 -0.0024 -0.0014
    2  10.9195 THz  -0.4806  0.0000 -0.4806 -0.0000 -0.4806 -0.0000 -0.3199 -0.0000 -0.3199  0.0000 -0.3199  0.0000
    3  14.0238 THz  -0.1853  0.0000 -0.2447 -0.0033  0.4301  0.0033  0.2978  0.0000  0.3932  0.0053 -0.6910 -0.0053
    4  14.0238 THz  -0.3896  0.0000  0.3553  0.0016  0.0343 -0.0016  0.6260  0.0000 -0.5708 -0.0025 -0.0551  0.0025
    5  20.4294 THz  -0.3199  0.0000 -0.3199 -0.0000 -0.3199 -0.0000  0.4806  0.0000  0.4806  0.0000  0.4806  0.0000
