
Used Primitive lattice vector

    0.000000000000      2.103942000000      2.103942000000  
    2.103942000000      0.000000000000      2.103942000000  
    2.103942000000      2.103942000000      0.000000000000  

   2 Atom(s) in the Primitive cell

 0.0000000000 0.0000000000 0.0000000000 Mg    0
 0.5000000000 0.5000000000 0.5000000000  O    1


 Q= -0.118825 -0.118825 -0.118825, q= -0.500000 -0.500000 -0.500000

                       Mg X   0        Mg Y   0        Mg Z   0         O X   1         O Y   1         O Z   1     
                    --------------- --------------- --------------- --------------- --------------- ---------------
    0   7.6256 THz   0.8165  0.0000 -0.4082  0.0000 -0.4082  0.0000  0.0000 -0.0000  0.0000 -0.0000 -0.0000 -0.0000
    1   7.6256 THz   0.0000  0.0000  0.6937 -0.1368 -0.6937  0.1368  0.0000  0.0000  0.0000 -0.0000 -0.0000 -0.0000
    2  10.8124 THz   0.0000  0.0000 -0.0000  0.0000  0.0000 -0.0000  0.0659 -0.0490  0.5589 -0.3559 -0.6247  0.4049
    3  10.8124 THz   0.0000  0.0000 -0.0000  0.0000  0.0000 -0.0000  0.8118  0.0292 -0.4766 -0.0220 -0.3352 -0.0072
    4  16.7133 THz  -0.5774  0.0000 -0.5774  0.0000 -0.5774  0.0000  0.0000 -0.0000  0.0000 -0.0000 -0.0000 -0.0000
    5  16.9026 THz   0.0000  0.0000  0.0000  0.0000 -0.0000  0.0000  0.4884  0.3079  0.4884  0.3079  0.4884  0.3079


 Q= -0.059412 -0.059412 -0.178237, q= -0.500000 -0.500000 -0.250000

                       Mg X   0        Mg Y   0        Mg Z   0         O X   1         O Y   1         O Z   1     
                    --------------- --------------- --------------- --------------- --------------- ---------------
    0   7.9619 THz   0.6953  0.0000 -0.6953 -0.0000 -0.0000  0.0000  0.1285  0.0000 -0.1285 -0.0000  0.0000  0.0000
    1   9.0640 THz   0.4988  0.0000  0.4988  0.0000 -0.7008 -0.0000  0.0584  0.0000  0.0584  0.0000 -0.0664 -0.0000
    2  11.9289 THz  -0.1285  0.0000  0.1285  0.0000  0.0000  0.0000  0.6953  0.0000 -0.6953 -0.0000  0.0000  0.0000
    3  12.4624 THz   0.4351  0.0000  0.4351 -0.0000  0.5405 -0.0000 -0.1811 -0.0000 -0.1811 -0.0000  0.5134  0.0000
    4  13.5191 THz  -0.1801  0.0000 -0.1801  0.0000 -0.3827 -0.0000 -0.5937 -0.0000 -0.5937 -0.0000  0.2893  0.0000
    5  16.5188 THz   0.1716  0.0000  0.1716  0.0000  0.2650  0.0000 -0.3336 -0.0000 -0.3336 -0.0000 -0.8052 -0.0000


 Q=  0.000000  0.000000 -0.237649, q= -0.500000 -0.500000  0.000000

                       Mg X   0        Mg Y   0        Mg Z   0         O X   1         O Y   1         O Z   1     
                    --------------- --------------- --------------- --------------- --------------- ---------------
    0   8.3288 THz   0.9766  0.0000 -0.0000 -0.0000  0.0000 -0.0000  0.2150  0.0000 -0.0000  0.0000  0.0000  0.0000
    1   8.3288 THz   0.0000  0.0000  0.9743 -0.0664  0.0000 -0.0000  0.0000 -0.0000  0.2146 -0.0146 -0.0000  0.0000
    2  11.4616 THz   0.0000  0.0000  0.0000 -0.0000 -0.4753  0.8667  0.0000  0.0000  0.0000 -0.0000 -0.0728  0.1328
    3  12.8113 THz   0.0000  0.0000 -0.2050 -0.0651  0.0000 -0.0000  0.0000  0.0000  0.9308  0.2956 -0.0000 -0.0000
    4  12.8113 THz  -0.2150  0.0000 -0.0000 -0.0000  0.0000 -0.0000  0.9766  0.0000 -0.0000  0.0000  0.0000  0.0000
    5  16.3582 THz   0.0000  0.0000  0.0000  0.0000 -0.1345 -0.0696 -0.0000  0.0000  0.0000 -0.0000  0.8779  0.4542


 Q=  0.059412  0.059412 -0.297061, q= -0.500000 -0.500000  0.250000

                       Mg X   0        Mg Y   0        Mg Z   0         O X   1         O Y   1         O Z   1     
                    --------------- --------------- --------------- --------------- --------------- ---------------
    0   7.9619 THz   0.6953  0.0000 -0.6953  0.0000  0.0000  0.0000  0.1285  0.0000 -0.1285 -0.0000 -0.0000  0.0000
    1   9.0640 THz   0.4988  0.0000  0.4988 -0.0000 -0.7008  0.0000  0.0584  0.0000  0.0584  0.0000 -0.0664 -0.0000
    2  11.9289 THz  -0.1285  0.0000  0.1285 -0.0000  0.0000 -0.0000  0.6953  0.0000 -0.6953 -0.0000  0.0000 -0.0000
    3  12.4624 THz   0.4351  0.0000  0.4351 -0.0000  0.5405 -0.0000 -0.1811 -0.0000 -0.1811 -0.0000  0.5134  0.0000
    4  13.5191 THz  -0.1801  0.0000 -0.1801  0.0000 -0.3827 -0.0000 -0.5937 -0.0000 -0.5937 -0.0000  0.2893  0.0000
    5  16.5188 THz   0.1716  0.0000  0.1716 -0.0000  0.2650  0.0000 -0.3336 -0.0000 -0.3336 -0.0000 -0.8052 -0.0000


 Q= -0.059412 -0.178237 -0.059412, q= -0.500000 -0.250000 -0.500000

                       Mg X   0        Mg Y   0        Mg Z   0         O X   1         O Y   1         O Z   1     
                    --------------- --------------- --------------- --------------- --------------- ---------------
    0   7.9619 THz   0.6953  0.0000 -0.0000 -0.0000 -0.6953  0.0000  0.1285  0.0000  0.0000 -0.0000 -0.1285 -0.0000
    1   9.0640 THz   0.4988  0.0000 -0.7008  0.0000  0.4988 -0.0000  0.0584  0.0000 -0.0664 -0.0000  0.0584  0.0000
    2  11.9289 THz  -0.1285  0.0000 -0.0000  0.0000  0.1285  0.0000  0.6953  0.0000 -0.0000  0.0000 -0.6953 -0.0000
    3  12.4624 THz  -0.4351  0.0000 -0.5405 -0.0000 -0.4351 -0.0000  0.1811 -0.0000 -0.5134 -0.0000  0.1811  0.0000
    4  13.5191 THz  -0.1801  0.0000 -0.3827 -0.0000 -0.1801 -0.0000 -0.5937 -0.0000  0.2893  0.0000 -0.5937 -0.0000
    5  16.5188 THz  -0.1716  0.0000 -0.2650  0.0000 -0.1716  0.0000  0.3336  0.0000  0.8052  0.0000  0.3336  0.0000


 Q=  0.000000 -0.118825 -0.118825, q= -0.500000 -0.250000 -0.250000

                       Mg X   0        Mg Y   0        Mg Z   0         O X   1         O Y   1         O Z   1     
                    --------------- --------------- --------------- --------------- --------------- ---------------
    0   7.2477 THz   0.0000  0.0000 -0.4191  0.5416  0.4191 -0.5416  0.0000 -0.0000 -0.1077  0.1392  0.1077 -0.1392
    1   9.0334 THz   0.9888  0.0000 -0.0000 -0.0000 -0.0000  0.0000  0.1496  0.0000  0.0000  0.0000 -0.0000 -0.0000
    2  11.0984 THz  -0.0000  0.0000 -0.0273 -0.1739  0.0273  0.1739 -0.0000 -0.0000  0.1062  0.6766 -0.1062 -0.6766
    3  12.4081 THz  -0.0000  0.0000 -0.5491  0.2256 -0.5491  0.2256  0.0000 -0.0000 -0.3553  0.1460 -0.3553  0.1460
    4  13.3350 THz  -0.1496  0.0000  0.0000 -0.0000  0.0000 -0.0000  0.9888  0.0000  0.0000 -0.0000  0.0000 -0.0000
    5  17.4133 THz  -0.0000  0.0000 -0.3756  0.0805 -0.3756  0.0805 -0.0000  0.0000  0.5805 -0.1244  0.5805 -0.1244


 Q=  0.059412 -0.059412 -0.178237, q= -0.500000 -0.250000  0.000000

                       Mg X   0        Mg Y   0        Mg Z   0         O X   1         O Y   1         O Z   1     
                    --------------- --------------- --------------- --------------- --------------- ---------------
    0   7.9619 THz  -0.6953  0.0000 -0.6953 -0.0000 -0.0000  0.0000 -0.1285 -0.0000 -0.1285 -0.0000 -0.0000 -0.0000
    1   9.0640 THz   0.4988  0.0000 -0.4988 -0.0000  0.7008  0.0000  0.0584  0.0000 -0.0584 -0.0000  0.0664  0.0000
    2  11.9289 THz   0.1285  0.0000  0.1285 -0.0000  0.0000 -0.0000 -0.6953 -0.0000 -0.6953 -0.0000  0.0000 -0.0000
    3  12.4624 THz  -0.4351  0.0000  0.4351  0.0000  0.5405 -0.0000  0.1811  0.0000 -0.1811 -0.0000  0.5134  0.0000
    4  13.5191 THz  -0.1801  0.0000  0.1801 -0.0000  0.3827 -0.0000 -0.5937 -0.0000  0.5937  0.0000 -0.2893 -0.0000
    5  16.5188 THz  -0.1716  0.0000  0.1716  0.0000  0.2650  0.0000  0.3336  0.0000 -0.3336 -0.0000 -0.8052 -0.0000


 Q=  0.118825  0.000000 -0.237649, q= -0.500000 -0.250000  0.250000

                       Mg X   0        Mg Y   0        Mg Z   0         O X   1         O Y   1         O Z   1     
                    --------------- --------------- --------------- --------------- --------------- ---------------
    0  10.0288 THz   1.0000  0.0000  0.0000  0.0000  0.0000  0.0000  0.0000  0.0000  0.0000  0.0000  0.0000  0.0000
    1  10.3024 THz   0.0000  0.0000 -0.6908 -0.2635  0.6134 -0.2758  0.0000  0.0000  0.0219  0.0084  0.0194 -0.0087
    2  10.3024 THz   0.0000  0.0000 -0.6074 -0.2889 -0.6962  0.2487  0.0000 -0.0000  0.0193  0.0092 -0.0221  0.0079
    3  13.0862 THz   0.0000  0.0000 -0.0000  0.0000 -0.0000  0.0000 -0.2458  0.9693  0.0000 -0.0000 -0.0000 -0.0000
    4  14.7570 THz   0.0000  0.0000 -0.0227  0.0199 -0.0001 -0.0095 -0.0000  0.0000 -0.7176  0.6277  0.0036  0.2999
    5  14.7570 THz   0.0000  0.0000  0.0046 -0.0083 -0.0107 -0.0283 -0.0000  0.0000  0.1441 -0.2630  0.3385  0.8913


 Q=  0.000000 -0.237649  0.000000, q= -0.500000  0.000000 -0.500000

                       Mg X   0        Mg Y   0        Mg Z   0         O X   1         O Y   1         O Z   1     
                    --------------- --------------- --------------- --------------- --------------- ---------------
    0   8.3288 THz   0.9766  0.0000  0.0000 -0.0000 -0.0000  0.0000  0.2150  0.0000 -0.0000 -0.0000  0.0000  0.0000
    1   8.3288 THz   0.0000  0.0000 -0.0000  0.0000  0.9766 -0.0000  0.0000 -0.0000 -0.0000  0.0000  0.2150  0.0000
    2  11.4616 THz   0.0000  0.0000 -0.2879  0.9456 -0.0000  0.0000  0.0000  0.0000 -0.0441  0.1449  0.0000  0.0000
    3  12.8113 THz   0.0000  0.0000  0.0000  0.0000  0.2150  0.0000  0.0000 -0.0000  0.0000  0.0000 -0.9766 -0.0000
    4  12.8113 THz   0.2150  0.0000 -0.0000  0.0000  0.0000 -0.0000 -0.9766 -0.0000  0.0000  0.0000 -0.0000 -0.0000
    5  16.3582 THz   0.0000  0.0000  0.0138  0.1508  0.0000 -0.0000 -0.0000 -0.0000 -0.0902 -0.9843  0.0000 -0.0000


 Q=  0.059412 -0.178237 -0.059412, q= -0.500000  0.000000 -0.250000

                       Mg X   0        Mg Y   0        Mg Z   0         O X   1         O Y   1         O Z   1     
                    --------------- --------------- --------------- --------------- --------------- ---------------
    0   7.9619 THz  -0.6953  0.0000 -0.0000  0.0000 -0.6953 -0.0000 -0.1285 -0.0000  0.0000  0.0000 -0.1285 -0.0000
    1   9.0640 THz   0.4988  0.0000  0.7008  0.0000 -0.4988 -0.0000  0.0584 -0.0000  0.0664 -0.0000 -0.0584 -0.0000
    2  11.9289 THz   0.1285  0.0000 -0.0000  0.0000  0.1285  0.0000 -0.6953 -0.0000 -0.0000  0.0000 -0.6953 -0.0000
    3  12.4624 THz   0.4351  0.0000 -0.5405 -0.0000 -0.4351 -0.0000 -0.1811  0.0000 -0.5134 -0.0000  0.1811  0.0000
    4  13.5191 THz  -0.1801  0.0000  0.3827  0.0000  0.1801  0.0000 -0.5937 -0.0000 -0.2893  0.0000  0.5937  0.0000
    5  16.5188 THz   0.1716  0.0000 -0.2650 -0.0000 -0.1716  0.0000 -0.3336 -0.0000  0.8052  0.0000  0.3336  0.0000


 Q=  0.118825 -0.118825 -0.118825, q= -0.500000  0.000000  0.000000

                       Mg X   0        Mg Y   0        Mg Z   0         O X   1         O Y   1         O Z   1     
                    --------------- --------------- --------------- --------------- --------------- ---------------
    0   7.6256 THz   0.0000  0.0000  0.7028 -0.0784 -0.7028  0.0784  0.0000 -0.0000  0.0000  0.0000  0.0000 -0.0000
    1   7.6256 THz   0.8165  0.0000  0.4082  0.0000  0.4082  0.0000 -0.0000  0.0000  0.0000  0.0000  0.0000 -0.0000
    2  10.8124 THz   0.0000  0.0000 -0.0000  0.0000  0.0000 -0.0000 -0.0099 -0.4212  0.2211  0.3513 -0.2310 -0.7725
    3  10.8124 THz   0.0000  0.0000  0.0000 -0.0000 -0.0000  0.0000 -0.6126  0.3374 -0.5437  0.4458 -0.0689 -0.1084
    4  16.7133 THz   0.5774  0.0000 -0.5774 -0.0000 -0.5774 -0.0000  0.0000 -0.0000 -0.0000 -0.0000 -0.0000  0.0000
    5  16.9026 THz  -0.0000 -0.0000 -0.0000  0.0000  0.0000 -0.0000  0.5663 -0.1126 -0.5663  0.1126 -0.5663  0.1126


 Q=  0.178237 -0.059412 -0.178237, q= -0.500000  0.000000  0.250000

                       Mg X   0        Mg Y   0        Mg Z   0         O X   1         O Y   1         O Z   1     
                    --------------- --------------- --------------- --------------- --------------- ---------------
    0   7.9619 THz  -0.6953  0.0000 -0.0000  0.0000 -0.6953 -0.0000  0.1285 -0.0000 -0.0000 -0.0000  0.1285  0.0000
    1   9.0640 THz  -0.4988  0.0000 -0.7008 -0.0000  0.4988  0.0000  0.0584 -0.0000  0.0664  0.0000 -0.0584  0.0000
    2  11.9289 THz  -0.1285  0.0000 -0.0000  0.0000 -0.1285 -0.0000 -0.6953 -0.0000  0.0000  0.0000 -0.6953 -0.0000
    3  12.4624 THz  -0.4351  0.0000  0.5405 -0.0000  0.4351  0.0000 -0.1811 -0.0000 -0.5134 -0.0000  0.1811  0.0000
    4  13.5191 THz  -0.1801  0.0000  0.3827  0.0000  0.1801 -0.0000  0.5937  0.0000  0.2893  0.0000 -0.5937 -0.0000
    5  16.5188 THz   0.1716  0.0000 -0.2650  0.0000 -0.1716  0.0000  0.3336  0.0000 -0.8052 -0.0000 -0.3336  0.0000


 Q=  0.059412 -0.297061  0.059412, q= -0.500000  0.250000 -0.500000

                       Mg X   0        Mg Y   0        Mg Z   0         O X   1         O Y   1         O Z   1     
                    --------------- --------------- --------------- --------------- --------------- ---------------
    0   7.9619 THz   0.6953  0.0000  0.0000 -0.0000 -0.6953  0.0000  0.1285  0.0000  0.0000 -0.0000 -0.1285 -0.0000
    1   9.0640 THz   0.4988  0.0000 -0.7008  0.0000  0.4988 -0.0000  0.0584  0.0000 -0.0664 -0.0000  0.0584 -0.0000
    2  11.9289 THz  -0.1285  0.0000  0.0000  0.0000  0.1285  0.0000  0.6953  0.0000  0.0000  0.0000 -0.6953 -0.0000
    3  12.4624 THz  -0.4351  0.0000 -0.5405 -0.0000 -0.4351 -0.0000  0.1811 -0.0000 -0.5134 -0.0000  0.1811  0.0000
    4  13.5191 THz  -0.1801  0.0000 -0.3827 -0.0000 -0.1801 -0.0000 -0.5937 -0.0000  0.2893  0.0000 -0.5937 -0.0000
    5  16.5188 THz  -0.1716  0.0000 -0.2650  0.0000 -0.1716  0.0000  0.3336  0.0000  0.8052  0.0000  0.3336  0.0000


 Q=  0.118825 -0.237649  0.000000, q= -0.500000  0.250000 -0.250000

                       Mg X   0        Mg Y   0        Mg Z   0         O X   1         O Y   1         O Z   1     
                    --------------- --------------- --------------- --------------- --------------- ---------------
    0  10.0288 THz   1.0000  0.0000  0.0000  0.0000  0.0000  0.0000  0.0000  0.0000  0.0000  0.0000  0.0000  0.0000
    1  10.3024 THz   0.0000  0.0000  0.3629  0.0605  0.9263  0.0743  0.0000  0.0000  0.0115  0.0019 -0.0294 -0.0024
    2  10.3024 THz   0.0000  0.0000 -0.9261 -0.0767  0.3679 -0.0010 -0.0000  0.0000 -0.0294 -0.0024 -0.0117  0.0000
    3  13.0862 THz   0.0000  0.0000  0.0000  0.0000  0.0000 -0.0000 -0.9119 -0.4104  0.0000  0.0000 -0.0000  0.0000
    4  14.7570 THz   0.0000  0.0000 -0.0084 -0.0037 -0.0253  0.0167  0.0000  0.0000  0.2645  0.1176 -0.7990  0.5262
    5  14.7570 THz   0.0000  0.0000  0.0161  0.0257 -0.0092 -0.0001 -0.0000 -0.0000 -0.5064 -0.8117 -0.2894 -0.0035


 Q=  0.178237 -0.178237 -0.059412, q= -0.500000  0.250000  0.000000

                       Mg X   0        Mg Y   0        Mg Z   0         O X   1         O Y   1         O Z   1     
                    --------------- --------------- --------------- --------------- --------------- ---------------
    0   7.9619 THz  -0.6953  0.0000 -0.6953 -0.0000  0.0000  0.0000  0.1285  0.0000  0.1285  0.0000  0.0000 -0.0000
    1   9.0640 THz  -0.4988  0.0000  0.4988  0.0000 -0.7008  0.0000  0.0584 -0.0000 -0.0584 -0.0000  0.0664 -0.0000
    2  11.9289 THz  -0.1285  0.0000 -0.1285 -0.0000 -0.0000 -0.0000 -0.6953 -0.0000 -0.6953 -0.0000  0.0000  0.0000
    3  12.4624 THz   0.4351  0.0000 -0.4351 -0.0000 -0.5405  0.0000  0.1811 -0.0000 -0.1811 -0.0000  0.5134 -0.0000
    4  13.5191 THz  -0.1801  0.0000  0.1801  0.0000  0.3827 -0.0000  0.5937 -0.0000 -0.5937  0.0000  0.2893 -0.0000
    5  16.5188 THz  -0.1716  0.0000  0.1716  0.0000  0.2650  0.0000 -0.3336 -0.0000  0.3336  0.0000  0.8052 -0.0000


 Q=  0.237649 -0.118825 -0.118825, q= -0.500000  0.250000  0.250000

                       Mg X   0        Mg Y   0        Mg Z   0         O X   1         O Y   1         O Z   1     
                    --------------- --------------- --------------- --------------- --------------- ---------------
    0   7.2477 THz   0.0000  0.0000  0.6742 -0.1204 -0.6742  0.1204 -0.0000  0.0000 -0.1732  0.0309  0.1732 -0.0309
    1   9.0334 THz   0.9888  0.0000  0.0000  0.0000  0.0000 -0.0000 -0.1496  0.0000 -0.0000  0.0000 -0.0000 -0.0000
    2  11.0984 THz  -0.0000  0.0000  0.0501  0.1687 -0.0501 -0.1687  0.0000 -0.0000  0.1951  0.6565 -0.1951 -0.6565
    3  12.4081 THz   0.0000  0.0000 -0.5915 -0.0510 -0.5915 -0.0510  0.0000  0.0000  0.3827  0.0330  0.3827  0.0330
    4  13.3350 THz   0.1496  0.0000  0.0000 -0.0000  0.0000  0.0000  0.9888 -0.0000 -0.0000 -0.0000 -0.0000  0.0000
    5  17.4133 THz  -0.0000  0.0000 -0.3481 -0.1624 -0.3481 -0.1624 -0.0000 -0.0000 -0.5380 -0.2509 -0.5380 -0.2509


 Q= -0.178237 -0.059412 -0.059412, q= -0.250000 -0.500000 -0.500000

                       Mg X   0        Mg Y   0        Mg Z   0         O X   1         O Y   1         O Z   1     
                    --------------- --------------- --------------- --------------- --------------- ---------------
    0   7.9619 THz   0.0000  0.0000 -0.4002  0.5686  0.4002 -0.5686  0.0000 -0.0000 -0.0739  0.1051  0.0739 -0.1051
    1   9.0640 THz  -0.7008  0.0000  0.4988  0.0000  0.4988 -0.0000 -0.0664 -0.0000  0.0584  0.0000  0.0584  0.0000
    2  11.9289 THz  -0.0000  0.0000 -0.0176 -0.1273  0.0176  0.1273 -0.0000 -0.0000  0.0950  0.6888 -0.0950 -0.6888
    3  12.4624 THz  -0.5405  0.0000 -0.4351  0.0000 -0.4351 -0.0000 -0.5134 -0.0000  0.1811 -0.0000  0.1811  0.0000
    4  13.5191 THz   0.3827  0.0000  0.1801  0.0000  0.1801  0.0000 -0.2893 -0.0000  0.5937  0.0000  0.5937  0.0000
    5  16.5188 THz   0.2650  0.0000  0.1716  0.0000  0.1716  0.0000 -0.8052 -0.0000 -0.3336 -0.0000 -0.3336 -0.0000


 Q= -0.118825  0.000000 -0.118825, q= -0.250000 -0.500000 -0.250000

                       Mg X   0        Mg Y   0        Mg Z   0         O X   1         O Y   1         O Z   1     
                    --------------- --------------- --------------- --------------- --------------- ---------------
    0   7.2477 THz  -0.6849  0.0000 -0.0000  0.0000  0.6849  0.0000 -0.1760 -0.0000 -0.0000  0.0000  0.1760  0.0000
    1   9.0334 THz   0.0000  0.0000 -0.9630  0.2244 -0.0000  0.0000  0.0000 -0.0000 -0.1457  0.0339 -0.0000  0.0000
    2  11.0984 THz   0.1760  0.0000  0.0000  0.0000 -0.1760 -0.0000 -0.6849 -0.0000  0.0000 -0.0000  0.6849  0.0000
    3  12.4081 THz  -0.5937  0.0000 -0.0000  0.0000 -0.5937 -0.0000 -0.3841 -0.0000 -0.0000  0.0000 -0.3841 -0.0000
    4  13.3350 THz  -0.0000  0.0000 -0.1329  0.0686 -0.0000  0.0000  0.0000  0.0000  0.8785 -0.4537 -0.0000 -0.0000
    5  17.4133 THz  -0.3841  0.0000 -0.0000  0.0000 -0.3841  0.0000  0.5937  0.0000  0.0000 -0.0000  0.5937  0.0000


 Q= -0.059412  0.059412 -0.178237, q= -0.250000 -0.500000  0.000000

                       Mg X   0        Mg Y   0        Mg Z   0         O X   1         O Y   1         O Z   1     
                    --------------- --------------- --------------- --------------- --------------- ---------------
    0   7.9619 THz  -0.6953  0.0000 -0.6953  0.0000 -0.0000  0.0000 -0.1285 -0.0000 -0.1285 -0.0000 -0.0000  0.0000
    1   9.0640 THz   0.4988  0.0000 -0.4988  0.0000 -0.7008  0.0000  0.0584  0.0000 -0.0584  0.0000 -0.0664 -0.0000
    2  11.9289 THz  -0.1285  0.0000 -0.1285 -0.0000  0.0000  0.0000  0.6953  0.0000  0.6953  0.0000  0.0000  0.0000
    3  12.4624 THz  -0.4351  0.0000  0.4351  0.0000 -0.5405 -0.0000  0.1811  0.0000 -0.1811 -0.0000 -0.5134 -0.0000
    4  13.5191 THz  -0.1801  0.0000  0.1801  0.0000 -0.3827 -0.0000 -0.5937 -0.0000  0.5937  0.0000  0.2893  0.0000
    5  16.5188 THz   0.1716  0.0000 -0.1716 -0.0000  0.2650  0.0000 -0.3336 -0.0000  0.3336  0.0000 -0.8052 -0.0000


 Q=  0.000000  0.118825 -0.237649, q= -0.250000 -0.500000  0.250000

                       Mg X   0        Mg Y   0        Mg Z   0         O X   1         O Y   1         O Z   1     
                    --------------- --------------- --------------- --------------- --------------- ---------------
    0  10.0288 THz   0.0000  0.0000  0.2402 -0.9707 -0.0000 -0.0000  0.0000 -0.0000 -0.0000 -0.0000 -0.0000 -0.0000
    1  10.3024 THz   0.9995  0.0000 -0.0000  0.0000 -0.0000 -0.0000 -0.0317 -0.0000  0.0000 -0.0000  0.0000 -0.0000
    2  10.3024 THz  -0.0000  0.0000 -0.0000  0.0000 -0.7533 -0.6570 -0.0000  0.0000  0.0000 -0.0000 -0.0239 -0.0208
    3  13.0862 THz   0.0000  0.0000  0.0000 -0.0000 -0.0000 -0.0000  0.0000 -0.0000 -0.0876  0.9962  0.0000  0.0000
    4  14.7570 THz   0.0002  0.0000  0.0000  0.0000  0.0292  0.0124  0.0052 -0.0000  0.0000  0.0000 -0.9200 -0.3907
    5  14.7570 THz   0.0317  0.0000 -0.0000  0.0000 -0.0002 -0.0001  0.9995  0.0000  0.0000 -0.0000  0.0048  0.0020


 Q= -0.118825 -0.118825  0.000000, q= -0.250000 -0.250000 -0.500000

                       Mg X   0        Mg Y   0        Mg Z   0         O X   1         O Y   1         O Z   1     
                    --------------- --------------- --------------- --------------- --------------- ---------------
    0   7.2477 THz  -0.6849  0.0000  0.6849  0.0000  0.0000  0.0000 -0.1760 -0.0000  0.1760  0.0000  0.0000  0.0000
    1   9.0334 THz  -0.0000  0.0000  0.0000 -0.0000 -0.9775  0.1491  0.0000 -0.0000 -0.0000 -0.0000 -0.1478  0.0225
    2  11.0984 THz   0.1760  0.0000 -0.1760  0.0000 -0.0000  0.0000 -0.6849 -0.0000  0.6849  0.0000 -0.0000 -0.0000
    3  12.4081 THz   0.5937  0.0000  0.5937 -0.0000  0.0000  0.0000  0.3841  0.0000  0.3841  0.0000 -0.0000  0.0000
    4  13.3350 THz   0.0000  0.0000  0.0000 -0.0000 -0.0092  0.1493  0.0000  0.0000  0.0000  0.0000  0.0605 -0.9869
    5  17.4133 THz   0.3841  0.0000  0.3841  0.0000 -0.0000 -0.0000 -0.5937 -0.0000 -0.5937 -0.0000 -0.0000 -0.0000


 Q= -0.059412 -0.059412 -0.059412, q= -0.250000 -0.250000 -0.250000

                       Mg X   0        Mg Y   0        Mg Z   0         O X   1         O Y   1         O Z   1     
                    --------------- --------------- --------------- --------------- --------------- ---------------
    0   5.3380 THz  -0.1247  0.0000  0.6645 -0.1344 -0.5399  0.1344 -0.0653 -0.0000  0.3481 -0.0704 -0.2828  0.0704
    1   5.3380 THz  -0.7125  0.0000  0.2509  0.0235  0.4616 -0.0235 -0.3732 -0.0000  0.1314  0.0123  0.2418 -0.0123
    2  10.5911 THz   0.4545  0.0000  0.4545  0.0000  0.4545  0.0000  0.3560  0.0000  0.3560  0.0000  0.3560  0.0000
    3  11.0989 THz   0.3399  0.0000 -0.0290 -0.0336 -0.3109  0.0336 -0.6489 -0.0000  0.0554  0.0642  0.5935 -0.0642
    4  11.0989 THz   0.1673  0.0000 -0.3700  0.0683  0.2027 -0.0683 -0.3194 -0.0000  0.7064 -0.1305 -0.3869  0.1305
    5  18.3103 THz  -0.3560  0.0000 -0.3560 -0.0000 -0.3560  0.0000  0.4545  0.0000  0.4545  0.0000  0.4545  0.0000


 Q=  0.000000  0.000000 -0.118825, q= -0.250000 -0.250000  0.000000

                       Mg X   0        Mg Y   0        Mg Z   0         O X   1         O Y   1         O Z   1     
                    --------------- --------------- --------------- --------------- --------------- ---------------
    0   6.4784 THz   0.9164  0.0000  0.0000  0.0000  0.0000  0.0000  0.4004  0.0000 -0.0000 -0.0000  0.0000 -0.0000
    1   6.4784 THz   0.0000  0.0000 -0.9133  0.0749 -0.0000 -0.0000  0.0000 -0.0000 -0.3990  0.0327 -0.0000 -0.0000
    2   9.7872 THz   0.0000  0.0000 -0.0000 -0.0000 -0.2768 -0.7899  0.0000  0.0000  0.0000  0.0000 -0.1810 -0.5164
    3  11.9166 THz   0.4004  0.0000 -0.0000 -0.0000 -0.0000 -0.0000 -0.9164 -0.0000  0.0000  0.0000 -0.0000  0.0000
    4  11.9166 THz   0.0000  0.0000  0.3307 -0.2257 -0.0000 -0.0000 -0.0000  0.0000 -0.7569  0.5166 -0.0000  0.0000
    5  17.9473 THz   0.0000  0.0000 -0.0000  0.0000  0.2265 -0.4981  0.0000 -0.0000  0.0000 -0.0000 -0.3465  0.7619


 Q=  0.059412  0.059412 -0.178237, q= -0.250000 -0.250000  0.250000

                       Mg X   0        Mg Y   0        Mg Z   0         O X   1         O Y   1         O Z   1     
                    --------------- --------------- --------------- --------------- --------------- ---------------
    0   7.9619 THz   0.6953  0.0000 -0.6953 -0.0000  0.0000  0.0000  0.1285 -0.0000 -0.1285  0.0000  0.0000  0.0000
    1   9.0640 THz   0.4988  0.0000  0.4988  0.0000  0.7008 -0.0000  0.0584  0.0000  0.0584 -0.0000  0.0664 -0.0000
    2  11.9289 THz   0.1285  0.0000 -0.1285  0.0000  0.0000 -0.0000 -0.6953  0.0000  0.6953 -0.0000  0.0000 -0.0000
    3  12.4624 THz   0.4351  0.0000  0.4351  0.0000 -0.5405  0.0000 -0.1811 -0.0000 -0.1811  0.0000 -0.5134  0.0000
    4  13.5191 THz  -0.1801  0.0000 -0.1801  0.0000  0.3827 -0.0000 -0.5937  0.0000 -0.5937 -0.0000 -0.2893  0.0000
    5  16.5188 THz  -0.1716  0.0000 -0.1716 -0.0000  0.2650  0.0000  0.3336  0.0000  0.3336  0.0000 -0.8052 -0.0000


 Q= -0.059412 -0.178237  0.059412, q= -0.250000  0.000000 -0.500000

                       Mg X   0        Mg Y   0        Mg Z   0         O X   1         O Y   1         O Z   1     
                    --------------- --------------- --------------- --------------- --------------- ---------------
    0   7.9619 THz   0.6953  0.0000 -0.0000  0.0000  0.6953  0.0000  0.1285  0.0000  0.0000 -0.0000  0.1285  0.0000
    1   9.0640 THz   0.4988  0.0000 -0.7008 -0.0000 -0.4988 -0.0000  0.0584  0.0000 -0.0664 -0.0000 -0.0584 -0.0000
    2  11.9289 THz   0.1285  0.0000  0.0000  0.0000  0.1285 -0.0000 -0.6953  0.0000  0.0000  0.0000 -0.6953  0.0000
    3  12.4624 THz  -0.4351  0.0000 -0.5405 -0.0000  0.4351 -0.0000  0.1811  0.0000 -0.5134 -0.0000 -0.1811 -0.0000
    4  13.5191 THz  -0.1801  0.0000 -0.3827 -0.0000  0.1801 -0.0000 -0.5937 -0.0000  0.2893  0.0000  0.5937  0.0000
    5  16.5188 THz   0.1716  0.0000  0.2650 -0.0000 -0.1716 -0.0000 -0.3336 -0.0000 -0.8052 -0.0000  0.3336  0.0000


 Q=  0.000000 -0.118825  0.000000, q= -0.250000  0.000000 -0.250000

                       Mg X   0        Mg Y   0        Mg Z   0         O X   1         O Y   1         O Z   1     
                    --------------- --------------- --------------- --------------- --------------- ---------------
    0   6.4784 THz   0.0396  0.0000  0.0000 -0.0000  0.8434 -0.3562  0.0173 -0.0000 -0.0000  0.0000  0.3685 -0.1556
    1   6.4784 THz   0.9155  0.0000  0.0000  0.0000 -0.0364  0.0154  0.4000  0.0000  0.0000  0.0000 -0.0159  0.0067
    2   9.7872 THz   0.0000  0.0000 -0.8227 -0.1539  0.0000  0.0000 -0.0000 -0.0000 -0.5379 -0.1006  0.0000 -0.0000
    3  11.9166 THz   0.0329  0.0000 -0.0000 -0.0000  0.3987  0.0153 -0.0752  0.0000 -0.0000 -0.0000 -0.9126 -0.0350
    4  11.9166 THz   0.3990  0.0000  0.0000  0.0000 -0.0328 -0.0013 -0.9133 -0.0000  0.0000  0.0000  0.0751  0.0029
    5  17.9473 THz   0.0000  0.0000  0.5439 -0.0596 -0.0000  0.0000 -0.0000 -0.0000 -0.8320  0.0912 -0.0000 -0.0000


 Q=  0.059412 -0.059412 -0.059412, q= -0.250000  0.000000  0.000000

                       Mg X   0        Mg Y   0        Mg Z   0         O X   1         O Y   1         O Z   1     
                    --------------- --------------- --------------- --------------- --------------- ---------------
    0   5.3380 THz  -0.5451 -0.0000 -0.6843 -0.0010  0.1392  0.0010 -0.2855 -0.0000 -0.3584 -0.0005  0.0729  0.0005
    1   5.3380 THz   0.4755  0.0000 -0.2343 -0.0012  0.7098  0.0012  0.2490  0.0000 -0.1227 -0.0006  0.3717  0.0006
    2  10.5911 THz  -0.4545  0.0000  0.4545  0.0000  0.4545  0.0000 -0.3560 -0.0000  0.3560 -0.0000  0.3560  0.0000
    3  11.0989 THz   0.1350  0.0000  0.3730  0.0249 -0.2380 -0.0249 -0.2578  0.0000 -0.7122 -0.0475  0.4545  0.0475
    4  11.0989 THz   0.3540  0.0000  0.0604 -0.0095  0.2935  0.0095 -0.6758 -0.0000 -0.1154  0.0181 -0.5604 -0.0181
    5  18.3103 THz  -0.3560  0.0000  0.3560  0.0000  0.3560 -0.0000  0.4545  0.0000 -0.4545 -0.0000 -0.4545 -0.0000


 Q=  0.118825  0.000000 -0.118825, q= -0.250000  0.000000  0.250000

                       Mg X   0        Mg Y   0        Mg Z   0         O X   1         O Y   1         O Z   1     
                    --------------- --------------- --------------- --------------- --------------- ---------------
    0   7.2477 THz   0.6849  0.0000 -0.0000  0.0000  0.6849 -0.0000  0.1760  0.0000 -0.0000  0.0000  0.1760  0.0000
    1   9.0334 THz  -0.0000  0.0000 -0.9879  0.0408 -0.0000  0.0000 -0.0000 -0.0000 -0.1494  0.0062 -0.0000  0.0000
    2  11.0984 THz   0.1760  0.0000 -0.0000  0.0000  0.1760  0.0000 -0.6849 -0.0000 -0.0000 -0.0000 -0.6849 -0.0000
    3  12.4081 THz   0.5937  0.0000 -0.0000 -0.0000 -0.5937 -0.0000  0.3841  0.0000 -0.0000  0.0000 -0.3841  0.0000
    4  13.3350 THz   0.0000  0.0000 -0.0376  0.1448 -0.0000  0.0000  0.0000  0.0000  0.2485 -0.9570 -0.0000  0.0000
    5  17.4133 THz  -0.3841  0.0000  0.0000  0.0000  0.3841 -0.0000  0.5937  0.0000  0.0000  0.0000 -0.5937 -0.0000


 Q=  0.000000 -0.237649  0.118825, q= -0.250000  0.250000 -0.500000

                       Mg X   0        Mg Y   0        Mg Z   0         O X   1         O Y   1         O Z   1     
                    --------------- --------------- --------------- --------------- --------------- ---------------
    0  10.0288 THz  -0.0000  0.0000 -0.0000 -0.0000 -0.9950 -0.1002 -0.0000 -0.0000 -0.0000 -0.0000 -0.0000 -0.0000
    1  10.3024 THz   0.9995  0.0000  0.0000  0.0000 -0.0000 -0.0000 -0.0317 -0.0000  0.0000 -0.0000  0.0000  0.0000
    2  10.3024 THz  -0.0000  0.0000  0.7304  0.6823 -0.0000  0.0000 -0.0000 -0.0000  0.0232  0.0216 -0.0000  0.0000
    3  13.0862 THz   0.0000  0.0000 -0.0000 -0.0000  0.0000 -0.0000  0.0000  0.0000 -0.0000  0.0000 -0.8135 -0.5815
    4  14.7570 THz  -0.0000  0.0000 -0.0135  0.0287 -0.0000  0.0000  0.0000  0.0000  0.4245 -0.9049 -0.0000 -0.0000
    5  14.7570 THz  -0.0317  0.0000 -0.0000 -0.0000  0.0000 -0.0000 -0.9995 -0.0000 -0.0000 -0.0000 -0.0000 -0.0000


 Q=  0.059412 -0.178237  0.059412, q= -0.250000  0.250000 -0.250000

                       Mg X   0        Mg Y   0        Mg Z   0         O X   1         O Y   1         O Z   1     
                    --------------- --------------- --------------- --------------- --------------- ---------------
    0   7.9619 THz  -0.6953  0.0000 -0.0000  0.0000  0.6953  0.0000 -0.1285 -0.0000  0.0000  0.0000  0.1285  0.0000
    1   9.0640 THz   0.4988  0.0000  0.7008  0.0000  0.4988  0.0000  0.0584  0.0000  0.0664  0.0000  0.0584 -0.0000
    2  11.9289 THz  -0.1285  0.0000  0.0000  0.0000  0.1285 -0.0000  0.6953 -0.0000  0.0000  0.0000 -0.6953  0.0000
    3  12.4624 THz   0.4351  0.0000 -0.5405  0.0000  0.4351 -0.0000 -0.1811 -0.0000 -0.5134 -0.0000 -0.1811  0.0000
    4  13.5191 THz  -0.1801  0.0000  0.3827 -0.0000 -0.1801  0.0000 -0.5937  0.0000 -0.2893  0.0000 -0.5937  0.0000
    5  16.5188 THz  -0.1716  0.0000  0.2650 -0.0000 -0.1716 -0.0000  0.3336  0.0000 -0.8052 -0.0000  0.3336  0.0000


 Q=  0.118825 -0.118825  0.000000, q= -0.250000  0.250000  0.000000

                       Mg X   0        Mg Y   0        Mg Z   0         O X   1         O Y   1         O Z   1     
                    --------------- --------------- --------------- --------------- --------------- ---------------
    0   7.2477 THz   0.6849  0.0000  0.6849 -0.0000  0.0000  0.0000  0.1760  0.0000  0.1760 -0.0000  0.0000  0.0000
    1   9.0334 THz   0.0000  0.0000  0.0000 -0.0000 -0.9886  0.0147 -0.0000 -0.0000 -0.0000 -0.0000 -0.1495  0.0022
    2  11.0984 THz   0.1760  0.0000  0.1760 -0.0000  0.0000 -0.0000 -0.6849  0.0000 -0.6849  0.0000  0.0000  0.0000
    3  12.4081 THz  -0.5937  0.0000  0.5937 -0.0000 -0.0000  0.0000 -0.3841  0.0000  0.3841  0.0000 -0.0000 -0.0000
    4  13.3350 THz   0.0000  0.0000 -0.0000 -0.0000  0.0560  0.1387  0.0000  0.0000 -0.0000 -0.0000 -0.3703 -0.9168
    5  17.4133 THz  -0.3841  0.0000  0.3841 -0.0000  0.0000  0.0000  0.5937 -0.0000 -0.5937  0.0000  0.0000 -0.0000


 Q=  0.178237 -0.059412 -0.059412, q= -0.250000  0.250000  0.250000

                       Mg X   0        Mg Y   0        Mg Z   0         O X   1         O Y   1         O Z   1     
                    --------------- --------------- --------------- --------------- --------------- ---------------
    0   7.9619 THz  -0.0000  0.0000 -0.6940 -0.0428  0.6940  0.0428 -0.0000 -0.0000 -0.1282 -0.0079  0.1282  0.0079
    1   9.0640 THz  -0.7008  0.0000 -0.4988  0.0000 -0.4988 -0.0000 -0.0664  0.0000 -0.0584  0.0000 -0.0584  0.0000
    2  11.9289 THz  -0.0000  0.0000  0.0023  0.1285 -0.0023 -0.1285 -0.0000  0.0000 -0.0125 -0.6952  0.0125  0.6952
    3  12.4624 THz  -0.5405  0.0000  0.4351 -0.0000  0.4351  0.0000 -0.5134  0.0000 -0.1811  0.0000 -0.1811 -0.0000
    4  13.5191 THz  -0.3827  0.0000  0.1801 -0.0000  0.1801 -0.0000  0.2893  0.0000  0.5937 -0.0000  0.5937 -0.0000
    5  16.5188 THz  -0.2650  0.0000  0.1716 -0.0000  0.1716 -0.0000  0.8052 -0.0000 -0.3336  0.0000 -0.3336  0.0000


 Q= -0.237649  0.000000  0.000000, q=  0.000000 -0.500000 -0.500000

                       Mg X   0        Mg Y   0        Mg Z   0         O X   1         O Y   1         O Z   1     
                    --------------- --------------- --------------- --------------- --------------- ---------------
    0   8.3288 THz   0.0000  0.0000 -0.1973  0.5410 -0.3079 -0.7262  0.0000  0.0000 -0.0435  0.1191 -0.0678 -0.1599
    1   8.3288 THz  -0.0000  0.0000 -0.7881 -0.0314 -0.4364  0.3758 -0.0000  0.0000 -0.1735 -0.0069 -0.0961  0.0827
    2  11.4616 THz   0.9885  0.0000 -0.0000 -0.0000 -0.0000  0.0000  0.1515  0.0000 -0.0000  0.0000 -0.0000 -0.0000
    3  12.8113 THz  -0.0000  0.0000  0.1838 -0.0700  0.0686  0.0532  0.0000 -0.0000 -0.8349  0.3181 -0.3117 -0.2416
    4  12.8113 THz   0.0000  0.0000 -0.0851  0.0174  0.1340  0.1441 -0.0000  0.0000  0.3863 -0.0789 -0.6083 -0.6544
    5  16.3582 THz  -0.1515  0.0000 -0.0000 -0.0000  0.0000  0.0000  0.9885  0.0000  0.0000  0.0000  0.0000 -0.0000


 Q= -0.178237  0.059412 -0.059412, q=  0.000000 -0.500000 -0.250000

                       Mg X   0        Mg Y   0        Mg Z   0         O X   1         O Y   1         O Z   1     
                    --------------- --------------- --------------- --------------- --------------- ---------------
    0   7.9619 THz   0.0000  0.0000 -0.6818 -0.1364 -0.6818 -0.1364 -0.0000  0.0000 -0.1260 -0.0252 -0.1260 -0.0252
    1   9.0640 THz  -0.7008  0.0000 -0.4988 -0.0000  0.4988  0.0000 -0.0664  0.0000 -0.0584  0.0000  0.0584  0.0000
    2  11.9289 THz   0.0000  0.0000  0.1186 -0.0493  0.1186 -0.0493  0.0000 -0.0000 -0.6421  0.2669 -0.6421  0.2669
    3  12.4624 THz  -0.5405  0.0000  0.4351  0.0000 -0.4351 -0.0000 -0.5134 -0.0000 -0.1811  0.0000  0.1811  0.0000
    4  13.5191 THz   0.3827  0.0000 -0.1801 -0.0000  0.1801  0.0000 -0.2893 -0.0000 -0.5937  0.0000  0.5937  0.0000
    5  16.5188 THz  -0.2650  0.0000  0.1716  0.0000 -0.1716  0.0000  0.8052  0.0000 -0.3336 -0.0000  0.3336  0.0000


 Q= -0.118825  0.118825 -0.118825, q=  0.000000 -0.500000  0.000000

                       Mg X   0        Mg Y   0        Mg Z   0         O X   1         O Y   1         O Z   1     
                    --------------- --------------- --------------- --------------- --------------- ---------------
    0   7.6256 THz   0.6373  0.0000  0.7584 -0.0446  0.1211 -0.0446  0.0000 -0.0000  0.0000 -0.0000 -0.0000  0.0000
    1   7.6256 THz  -0.5104 -0.0000  0.2939 -0.0557  0.8043 -0.0557  0.0000 -0.0000  0.0000 -0.0000  0.0000  0.0000
    2  10.8124 THz   0.0000  0.0000  0.0000  0.0000  0.0000  0.0000 -0.5880 -0.4121 -0.2940  0.1306  0.2940  0.5427
    3  10.8124 THz   0.0000  0.0000 -0.0000 -0.0000 -0.0000 -0.0000  0.3692  0.1219  0.3637  0.6564 -0.0054  0.5345
    4  16.7133 THz  -0.5774  0.0000  0.5774 -0.0000 -0.5774  0.0000 -0.0000  0.0000  0.0000 -0.0000 -0.0000  0.0000
    5  16.9026 THz   0.0000  0.0000 -0.0000 -0.0000  0.0000 -0.0000 -0.5627  0.1292  0.5627 -0.1292 -0.5627  0.1292


 Q= -0.059412  0.178237 -0.178237, q=  0.000000 -0.500000  0.250000

                       Mg X   0        Mg Y   0        Mg Z   0         O X   1         O Y   1         O Z   1     
                    --------------- --------------- --------------- --------------- --------------- ---------------
    0   7.9619 THz   0.0000  0.0000  0.6930 -0.0572  0.6930 -0.0572  0.0000 -0.0000 -0.1280  0.0106 -0.1280  0.0106
    1   9.0640 THz  -0.7008  0.0000 -0.4988 -0.0000  0.4988  0.0000  0.0664 -0.0000  0.0584 -0.0000 -0.0584  0.0000
    2  11.9289 THz   0.0000  0.0000 -0.1279  0.0118 -0.1279  0.0118 -0.0000  0.0000 -0.6924  0.0640 -0.6924  0.0640
    3  12.4624 THz   0.5405  0.0000 -0.4351 -0.0000  0.4351  0.0000 -0.5134 -0.0000 -0.1811 -0.0000  0.1811  0.0000
    4  13.5191 THz   0.3827  0.0000 -0.1801  0.0000  0.1801 -0.0000  0.2893  0.0000  0.5937  0.0000 -0.5937 -0.0000
    5  16.5188 THz  -0.2650  0.0000  0.1716  0.0000 -0.1716 -0.0000 -0.8052 -0.0000  0.3336 -0.0000 -0.3336 -0.0000


 Q= -0.178237 -0.059412  0.059412, q=  0.000000 -0.250000 -0.500000

                       Mg X   0        Mg Y   0        Mg Z   0         O X   1         O Y   1         O Z   1     
                    --------------- --------------- --------------- --------------- --------------- ---------------
    0   7.9619 THz  -0.0000  0.0000 -0.6952  0.0112 -0.6952  0.0112 -0.0000  0.0000 -0.1285  0.0021 -0.1285  0.0021
    1   9.0640 THz  -0.7008  0.0000  0.4988  0.0000 -0.4988 -0.0000 -0.0664 -0.0000  0.0584  0.0000 -0.0584  0.0000
    2  11.9289 THz  -0.0000  0.0000  0.1144  0.0585  0.1144  0.0585 -0.0000 -0.0000 -0.6190 -0.3168 -0.6190 -0.3168
    3  12.4624 THz  -0.5405  0.0000 -0.4351 -0.0000  0.4351  0.0000 -0.5134 -0.0000  0.1811  0.0000 -0.1811 -0.0000
    4  13.5191 THz  -0.3827  0.0000 -0.1801 -0.0000  0.1801 -0.0000  0.2893  0.0000 -0.5937 -0.0000  0.5937  0.0000
    5  16.5188 THz   0.2650  0.0000  0.1716  0.0000 -0.1716 -0.0000 -0.8052 -0.0000 -0.3336 -0.0000  0.3336  0.0000


 Q= -0.118825  0.000000  0.000000, q=  0.000000 -0.250000 -0.250000

                       Mg X   0        Mg Y   0        Mg Z   0         O X   1         O Y   1         O Z   1     
                    --------------- --------------- --------------- --------------- --------------- ---------------
    0   6.4784 THz   0.0000  0.0000 -0.1989 -0.0685  0.8840 -0.1185 -0.0000  0.0000 -0.0869 -0.0299  0.3862 -0.0518
    1   6.4784 THz   0.0000  0.0000 -0.8886  0.0763 -0.1792  0.1101  0.0000  0.0000 -0.3882  0.0333 -0.0783  0.0481
    2   9.7872 THz   0.8370  0.0000  0.0000 -0.0000  0.0000 -0.0000  0.5472  0.0000  0.0000 -0.0000  0.0000  0.0000
    3  11.9166 THz   0.0000  0.0000  0.0512 -0.0004  0.1693 -0.3592 -0.0000  0.0000 -0.1171  0.0008 -0.3875  0.8221
    4  11.9166 THz  -0.0000  0.0000 -0.3966  0.0195  0.0198 -0.0472 -0.0000 -0.0000  0.9077 -0.0447 -0.0454  0.1079
    5  17.9473 THz   0.5472  0.0000 -0.0000 -0.0000 -0.0000 -0.0000 -0.8370 -0.0000  0.0000  0.0000  0.0000 -0.0000


 Q= -0.059412  0.059412 -0.059412, q=  0.000000 -0.250000  0.000000

                       Mg X   0        Mg Y   0        Mg Z   0         O X   1         O Y   1         O Z   1     
                    --------------- --------------- --------------- --------------- --------------- ---------------
    0   5.3380 THz  -0.5404  0.0000 -0.6863  0.0136 -0.1459  0.0136 -0.2831 -0.0000 -0.3595  0.0071 -0.0764  0.0071
    1   5.3380 THz   0.4807  0.0000 -0.2274  0.0153 -0.7081  0.0153  0.2518  0.0000 -0.1191  0.0080 -0.3709  0.0080
    2  10.5911 THz   0.4545  0.0000 -0.4545 -0.0000  0.4545 -0.0000  0.3560  0.0000 -0.3560  0.0000  0.3560  0.0000
    3  11.0989 THz   0.3787  0.0000  0.1906  0.0079 -0.1881  0.0079 -0.7231 -0.0000 -0.3639 -0.0151  0.3592 -0.0151
    4  11.0989 THz  -0.0093  0.0000  0.0460  0.3240  0.0553  0.3240  0.0177  0.0000 -0.0879 -0.6187 -0.1056 -0.6187
    5  18.3103 THz  -0.3560  0.0000  0.3560  0.0000 -0.3560 -0.0000  0.4545  0.0000 -0.4545 -0.0000  0.4545  0.0000


 Q=  0.000000  0.118825 -0.118825, q=  0.000000 -0.250000  0.250000

                       Mg X   0        Mg Y   0        Mg Z   0         O X   1         O Y   1         O Z   1     
                    --------------- --------------- --------------- --------------- --------------- ---------------
    0   7.2477 THz  -0.0000  0.0000 -0.6787  0.0917 -0.6787  0.0917 -0.0000  0.0000 -0.1744  0.0236 -0.1744  0.0236
    1   9.0334 THz  -0.9888  0.0000  0.0000  0.0000  0.0000 -0.0000 -0.1496  0.0000  0.0000 -0.0000  0.0000 -0.0000
    2  11.0984 THz  -0.0000  0.0000  0.1704 -0.0440  0.1704 -0.0440  0.0000 -0.0000 -0.6631  0.1714 -0.6631  0.1714
    3  12.4081 THz  -0.0000  0.0000  0.5812 -0.1210 -0.5812  0.1210  0.0000 -0.0000  0.3761 -0.0783 -0.3761  0.0783
    4  13.3350 THz  -0.1496  0.0000 -0.0000  0.0000  0.0000 -0.0000  0.9888 -0.0000 -0.0000  0.0000  0.0000 -0.0000
    5  17.4133 THz   0.0000  0.0000  0.2451  0.2958 -0.2451 -0.2958 -0.0000 -0.0000 -0.3787 -0.4572  0.3787  0.4572


 Q= -0.118825 -0.118825  0.118825, q=  0.000000  0.000000 -0.500000

                       Mg X   0        Mg Y   0        Mg Z   0         O X   1         O Y   1         O Z   1     
                    --------------- --------------- --------------- --------------- --------------- ---------------
    0   7.6256 THz   0.0000  0.0000 -0.7061  0.0376 -0.7061  0.0376  0.0000  0.0000 -0.0000 -0.0000 -0.0000 -0.0000
    1   7.6256 THz   0.8165  0.0000 -0.4082  0.0000  0.4082 -0.0000  0.0000  0.0000  0.0000  0.0000 -0.0000 -0.0000
    2  10.8124 THz   0.0000  0.0000 -0.0000 -0.0000 -0.0000 -0.0000 -0.1314  0.5216 -0.4253 -0.0562 -0.5568  0.4654
    3  10.8124 THz   0.0000  0.0000  0.0000  0.0000  0.0000  0.0000  0.4818  0.3811 -0.2280 -0.6562  0.2537 -0.2751
    4  16.7133 THz  -0.5774  0.0000 -0.5774  0.0000  0.5774 -0.0000  0.0000  0.0000  0.0000  0.0000 -0.0000 -0.0000
    5  16.9026 THz   0.0000  0.0000  0.0000  0.0000  0.0000  0.0000  0.4527  0.3584  0.4527  0.3584 -0.4527 -0.3584


 Q= -0.059412 -0.059412  0.059412, q=  0.000000  0.000000 -0.250000

                       Mg X   0        Mg Y   0        Mg Z   0         O X   1         O Y   1         O Z   1     
                    --------------- --------------- --------------- --------------- --------------- ---------------
    0   5.3380 THz   0.0915  0.0000  0.5753 -0.0215  0.6667 -0.0215  0.0479 -0.0000  0.3013 -0.0112  0.3492 -0.0112
    1   5.3380 THz  -0.7175  0.0000  0.4379 -0.0027 -0.2796 -0.0027 -0.3758 -0.0000  0.2294 -0.0014 -0.1464 -0.0014
    2  10.5911 THz  -0.4545  0.0000 -0.4545  0.0000  0.4545  0.0000 -0.3560 -0.0000 -0.3560 -0.0000  0.3560 -0.0000
    3  11.0989 THz   0.2343  0.0000  0.1405 -0.0068  0.3749 -0.0068 -0.4474 -0.0000 -0.2683  0.0130 -0.7157  0.0130
    4  11.0989 THz   0.2977  0.0000 -0.3517  0.0054 -0.0541  0.0054 -0.5683  0.0000  0.6715 -0.0102  0.1032 -0.0102
    5  18.3103 THz  -0.3560  0.0000 -0.3560  0.0000  0.3560  0.0000  0.4545  0.0000  0.4545  0.0000 -0.4545 -0.0000


 Q=  0.000000  0.000000  0.000000, q=  0.000000  0.000000  0.000000

                       Mg X   0        Mg Y   0        Mg Z   0         O X   1         O Y   1         O Z   1     
                    --------------- --------------- --------------- --------------- --------------- ---------------
    0   0.0000 THz  -0.2428  0.0000  0.7071  0.0000  0.2101  0.0000 -0.1970  0.0000  0.5737  0.0000  0.1705  0.0000
    1   0.0000 THz   0.5083  0.0000  0.0001  0.0000  0.5871  0.0000  0.4124  0.0000  0.0000  0.0000  0.4763  0.0000
    2   0.0000 THz   0.5345  0.0000  0.3211  0.0000 -0.4628  0.0000  0.4337  0.0000  0.2605  0.0000 -0.3755  0.0000
    3  10.8976 THz   0.0000  0.0000  0.4455  0.0000 -0.4455  0.0000 -0.0000  0.0000 -0.5491  0.0000  0.5491  0.0000
    4  10.8976 THz  -0.5144  0.0000  0.2572  0.0000  0.2572  0.0000  0.6341  0.0000 -0.3170  0.0000 -0.3170  0.0000
    5  20.4623 THz   0.3638  0.0000  0.3638  0.0000  0.3638  0.0000 -0.4483  0.0000 -0.4483  0.0000 -0.4483  0.0000


 Q=  0.059412  0.059412 -0.059412, q=  0.000000  0.000000  0.250000

                       Mg X   0        Mg Y   0        Mg Z   0         O X   1         O Y   1         O Z   1     
                    --------------- --------------- --------------- --------------- --------------- ---------------
    0   5.3380 THz   0.0915  0.0000  0.5753  0.0215  0.6667  0.0215  0.0479  0.0000  0.3013  0.0112  0.3492  0.0112
    1   5.3380 THz  -0.7175  0.0000  0.4379  0.0027 -0.2796  0.0027 -0.3758  0.0000  0.2294  0.0014 -0.1464  0.0014
    2  10.5911 THz  -0.4545  0.0000 -0.4545 -0.0000  0.4545 -0.0000 -0.3560  0.0000 -0.3560  0.0000  0.3560  0.0000
    3  11.0989 THz   0.2343  0.0000  0.1405  0.0068  0.3749  0.0068 -0.4474  0.0000 -0.2683 -0.0130 -0.7157 -0.0130
    4  11.0989 THz   0.2977  0.0000 -0.3517 -0.0054 -0.0541 -0.0054 -0.5683 -0.0000  0.6715  0.0102  0.1032  0.0102
    5  18.3103 THz  -0.3560  0.0000 -0.3560 -0.0000  0.3560 -0.0000  0.4545 -0.0000  0.4545 -0.0000 -0.4545  0.0000


 Q= -0.059412 -0.178237  0.178237, q=  0.000000  0.250000 -0.500000

                       Mg X   0        Mg Y   0        Mg Z   0         O X   1         O Y   1         O Z   1     
                    --------------- --------------- --------------- --------------- --------------- ---------------
    0   7.9619 THz   0.0000  0.0000  0.6951 -0.0200  0.6951 -0.0200 -0.0000 -0.0000 -0.1284  0.0037 -0.1284  0.0037
    1   9.0640 THz  -0.7008  0.0000  0.4988  0.0000 -0.4988  0.0000  0.0664  0.0000 -0.0584  0.0000  0.0584 -0.0000
    2  11.9289 THz   0.0000  0.0000 -0.0223  0.1265 -0.0223  0.1265  0.0000 -0.0000 -0.1210  0.6847 -0.1210  0.6847
    3  12.4624 THz   0.5405  0.0000  0.4351  0.0000 -0.4351 -0.0000 -0.5134 -0.0000  0.1811  0.0000 -0.1811 -0.0000
    4  13.5191 THz  -0.3827  0.0000 -0.1801  0.0000  0.1801 -0.0000 -0.2893 -0.0000  0.5937  0.0000 -0.5937 -0.0000
    5  16.5188 THz   0.2650  0.0000  0.1716  0.0000 -0.1716 -0.0000  0.8052  0.0000  0.3336  0.0000 -0.3336 -0.0000


 Q=  0.000000 -0.118825  0.118825, q=  0.000000  0.250000 -0.250000

                       Mg X   0        Mg Y   0        Mg Z   0         O X   1         O Y   1         O Z   1     
                    --------------- --------------- --------------- --------------- --------------- ---------------
    0   7.2477 THz  -0.0000  0.0000 -0.6787 -0.0917 -0.6787 -0.0917 -0.0000 -0.0000 -0.1744 -0.0236 -0.1744 -0.0236
    1   9.0334 THz  -0.9888  0.0000  0.0000 -0.0000  0.0000  0.0000 -0.1496 -0.0000  0.0000  0.0000  0.0000  0.0000
    2  11.0984 THz  -0.0000  0.0000  0.1704  0.0440  0.1704  0.0440  0.0000  0.0000 -0.6631 -0.1714 -0.6631 -0.1714
    3  12.4081 THz  -0.0000  0.0000  0.5812  0.1210 -0.5812 -0.1210  0.0000  0.0000  0.3761  0.0783 -0.3761 -0.0783
    4  13.3350 THz  -0.1496  0.0000 -0.0000 -0.0000  0.0000  0.0000  0.9888  0.0000 -0.0000 -0.0000  0.0000  0.0000
    5  17.4133 THz   0.0000  0.0000  0.2451 -0.2958 -0.2451  0.2958 -0.0000  0.0000 -0.3787  0.4572  0.3787 -0.4572


 Q=  0.059412 -0.059412  0.059412, q=  0.000000  0.250000  0.000000

                       Mg X   0        Mg Y   0        Mg Z   0         O X   1         O Y   1         O Z   1     
                    --------------- --------------- --------------- --------------- --------------- ---------------
    0   5.3380 THz  -0.5404  0.0000 -0.6863 -0.0136 -0.1459 -0.0136 -0.2831  0.0000 -0.3595 -0.0071 -0.0764 -0.0071
    1   5.3380 THz   0.4807  0.0000 -0.2274 -0.0153 -0.7081 -0.0153  0.2518 -0.0000 -0.1191 -0.0080 -0.3709 -0.0080
    2  10.5911 THz   0.4545  0.0000 -0.4545  0.0000  0.4545  0.0000  0.3560 -0.0000 -0.3560 -0.0000  0.3560 -0.0000
    3  11.0989 THz   0.3787  0.0000  0.1906 -0.0079 -0.1881 -0.0079 -0.7231  0.0000 -0.3639  0.0151  0.3592  0.0151
    4  11.0989 THz  -0.0093  0.0000  0.0460 -0.3240  0.0553 -0.3240  0.0177 -0.0000 -0.0879  0.6187 -0.1056  0.6187
    5  18.3103 THz  -0.3560  0.0000  0.3560 -0.0000 -0.3560  0.0000  0.4545 -0.0000 -0.4545  0.0000  0.4545 -0.0000


 Q=  0.118825  0.000000  0.000000, q=  0.000000  0.250000  0.250000

                       Mg X   0        Mg Y   0        Mg Z   0         O X   1         O Y   1         O Z   1     
                    --------------- --------------- --------------- --------------- --------------- ---------------
    0   6.4784 THz   0.0000  0.0000 -0.1989  0.0685  0.8840  0.1185 -0.0000 -0.0000 -0.0869  0.0299  0.3862  0.0518
    1   6.4784 THz   0.0000  0.0000 -0.8886 -0.0763 -0.1792 -0.1101  0.0000 -0.0000 -0.3882 -0.0333 -0.0783 -0.0481
    2   9.7872 THz   0.8370  0.0000  0.0000  0.0000  0.0000  0.0000  0.5472 -0.0000  0.0000  0.0000  0.0000 -0.0000
    3  11.9166 THz   0.0000  0.0000  0.0512  0.0004  0.1693  0.3592 -0.0000 -0.0000 -0.1171 -0.0008 -0.3875 -0.8221
    4  11.9166 THz  -0.0000  0.0000 -0.3966 -0.0195  0.0198  0.0472 -0.0000  0.0000  0.9077  0.0447 -0.0454 -0.1079
    5  17.9473 THz   0.5472  0.0000 -0.0000  0.0000 -0.0000  0.0000 -0.8370  0.0000  0.0000 -0.0000  0.0000  0.0000


 Q= -0.297061  0.059412  0.059412, q=  0.250000 -0.500000 -0.500000

                       Mg X   0        Mg Y   0        Mg Z   0         O X   1         O Y   1         O Z   1     
                    --------------- --------------- --------------- --------------- --------------- ---------------
    0   7.9619 THz  -0.0000  0.0000 -0.6953  0.0075  0.6953 -0.0075  0.0000  0.0000 -0.1285  0.0014  0.1285 -0.0014
    1   9.0640 THz  -0.7008  0.0000  0.4988 -0.0000  0.4988  0.0000 -0.0664 -0.0000  0.0584 -0.0000  0.0584  0.0000
    2  11.9289 THz  -0.0000  0.0000 -0.0431 -0.1210  0.0431  0.1210  0.0000 -0.0000  0.2334  0.6550 -0.2334 -0.6550
    3  12.4624 THz  -0.5405  0.0000 -0.4351  0.0000 -0.4351 -0.0000 -0.5134 -0.0000  0.1811 -0.0000  0.1811  0.0000
    4  13.5191 THz   0.3827  0.0000  0.1801 -0.0000  0.1801  0.0000 -0.2893  0.0000  0.5937  0.0000  0.5937 -0.0000
    5  16.5188 THz   0.2650  0.0000  0.1716  0.0000  0.1716 -0.0000 -0.8052 -0.0000 -0.3336 -0.0000 -0.3336 -0.0000


 Q= -0.237649  0.118825  0.000000, q=  0.250000 -0.500000 -0.250000

                       Mg X   0        Mg Y   0        Mg Z   0         O X   1         O Y   1         O Z   1     
                    --------------- --------------- --------------- --------------- --------------- ---------------
    0  10.0288 THz  -0.0000  0.0000 -1.0000 -0.0019 -0.0000 -0.0000 -0.0000 -0.0000  0.0000 -0.0000  0.0000 -0.0000
    1  10.3024 THz   0.0217  0.0000  0.0000  0.0000 -0.9836 -0.1760  0.0007 -0.0000  0.0000  0.0000  0.0312  0.0056
    2  10.3024 THz   0.9993  0.0000 -0.0000 -0.0000  0.0213  0.0038  0.0317  0.0000  0.0000  0.0000 -0.0007 -0.0001
    3  13.0862 THz  -0.0000  0.0000  0.0000  0.0000  0.0000  0.0000  0.0000 -0.0000  0.9504  0.3110 -0.0000  0.0000
    4  14.7570 THz   0.0000  0.0000 -0.0000 -0.0000 -0.0009 -0.0317 -0.0000 -0.0000  0.0000  0.0000 -0.0277 -0.9991
    5  14.7570 THz  -0.0317  0.0000 -0.0000  0.0000 -0.0000 -0.0000  0.9995  0.0000 -0.0000 -0.0000 -0.0000 -0.0000


 Q= -0.178237  0.178237 -0.059412, q=  0.250000 -0.500000  0.000000

                       Mg X   0        Mg Y   0        Mg Z   0         O X   1         O Y   1         O Z   1     
                    --------------- --------------- --------------- --------------- --------------- ---------------
    0   7.9619 THz  -0.6953  0.0000 -0.6953  0.0000 -0.0000  0.0000  0.1285  0.0000  0.1285 -0.0000  0.0000 -0.0000
    1   9.0640 THz  -0.4988  0.0000  0.4988 -0.0000  0.7008 -0.0000  0.0584 -0.0000 -0.0584  0.0000 -0.0664  0.0000
    2  11.9289 THz   0.1285  0.0000  0.1285 -0.0000 -0.0000 -0.0000  0.6953  0.0000  0.6953  0.0000  0.0000  0.0000
    3  12.4624 THz   0.4351  0.0000 -0.4351  0.0000  0.5405 -0.0000  0.1811  0.0000 -0.1811 -0.0000 -0.5134  0.0000
    4  13.5191 THz  -0.1801  0.0000  0.1801 -0.0000 -0.3827 -0.0000  0.5937  0.0000 -0.5937 -0.0000 -0.2893 -0.0000
    5  16.5188 THz   0.1716  0.0000 -0.1716  0.0000  0.2650  0.0000  0.3336  0.0000 -0.3336  0.0000  0.8052 -0.0000


 Q= -0.118825  0.237649 -0.118825, q=  0.250000 -0.500000  0.250000

                       Mg X   0        Mg Y   0        Mg Z   0         O X   1         O Y   1         O Z   1     
                    --------------- --------------- --------------- --------------- --------------- ---------------
    0   7.2477 THz  -0.6849  0.0000  0.0000  0.0000  0.6849  0.0000  0.1760  0.0000 -0.0000 -0.0000 -0.1760 -0.0000
    1   9.0334 THz   0.0000  0.0000 -0.0036  0.9887  0.0000 -0.0000 -0.0000 -0.0000  0.0005 -0.1496  0.0000  0.0000
    2  11.0984 THz  -0.1760  0.0000 -0.0000 -0.0000  0.1760 -0.0000 -0.6849 -0.0000  0.0000 -0.0000  0.6849  0.0000
    3  12.4081 THz   0.5937  0.0000  0.0000 -0.0000  0.5937  0.0000 -0.3841 -0.0000 -0.0000 -0.0000 -0.3841 -0.0000
    4  13.3350 THz  -0.0000  0.0000 -0.1469 -0.0282 -0.0000 -0.0000  0.0000 -0.0000 -0.9710 -0.1864  0.0000  0.0000
    5  17.4133 THz  -0.3841  0.0000  0.0000  0.0000 -0.3841 -0.0000 -0.5937 -0.0000  0.0000  0.0000 -0.5937 -0.0000


 Q= -0.237649  0.000000  0.118825, q=  0.250000 -0.250000 -0.500000

                       Mg X   0        Mg Y   0        Mg Z   0         O X   1         O Y   1         O Z   1     
                    --------------- --------------- --------------- --------------- --------------- ---------------
    0  10.0288 THz  -0.0000  0.0000 -0.0000 -0.0000  0.9897  0.1430 -0.0000 -0.0000 -0.0000  0.0000  0.0000 -0.0000
    1  10.3024 THz   0.9995  0.0000 -0.0000 -0.0000  0.0000  0.0000  0.0317  0.0000 -0.0000  0.0000 -0.0000  0.0000
    2  10.3024 THz   0.0000  0.0000  0.9018  0.4311  0.0000  0.0000 -0.0000 -0.0000 -0.0286 -0.0137  0.0000 -0.0000
    3  13.0862 THz  -0.0000  0.0000 -0.0000  0.0000  0.0000  0.0000 -0.0000  0.0000 -0.0000 -0.0000 -0.9482  0.3177
    4  14.7570 THz   0.0045  0.0000 -0.0174  0.0261 -0.0000 -0.0000 -0.1426  0.0000 -0.5499  0.8223 -0.0000 -0.0000
    5  14.7570 THz  -0.0314  0.0000 -0.0025  0.0038 -0.0000 -0.0000  0.9893  0.0000 -0.0793  0.1185 -0.0000 -0.0000


 Q= -0.178237  0.059412  0.059412, q=  0.250000 -0.250000 -0.250000

                       Mg X   0        Mg Y   0        Mg Z   0         O X   1         O Y   1         O Z   1     
                    --------------- --------------- --------------- --------------- --------------- ---------------
    0   7.9619 THz  -0.0000  0.0000 -0.6940  0.0428  0.6940 -0.0428 -0.0000  0.0000 -0.1282  0.0079  0.1282 -0.0079
    1   9.0640 THz  -0.7008  0.0000 -0.4988 -0.0000 -0.4988  0.0000 -0.0664 -0.0000 -0.0584 -0.0000 -0.0584 -0.0000
    2  11.9289 THz  -0.0000  0.0000  0.0023 -0.1285 -0.0023  0.1285 -0.0000 -0.0000 -0.0125  0.6952  0.0125 -0.6952
    3  12.4624 THz  -0.5405  0.0000  0.4351  0.0000  0.4351 -0.0000 -0.5134 -0.0000 -0.1811 -0.0000 -0.1811  0.0000
    4  13.5191 THz  -0.3827  0.0000  0.1801  0.0000  0.1801  0.0000  0.2893 -0.0000  0.5937  0.0000  0.5937  0.0000
    5  16.5188 THz  -0.2650  0.0000  0.1716  0.0000  0.1716  0.0000  0.8052  0.0000 -0.3336 -0.0000 -0.3336 -0.0000


 Q= -0.118825  0.118825  0.000000, q=  0.250000 -0.250000  0.000000

                       Mg X   0        Mg Y   0        Mg Z   0         O X   1         O Y   1         O Z   1     
                    --------------- --------------- --------------- --------------- --------------- ---------------
    0   7.2477 THz   0.6849  0.0000  0.6849  0.0000  0.0000 -0.0000  0.1760 -0.0000  0.1760  0.0000  0.0000 -0.0000
    1   9.0334 THz   0.0000  0.0000  0.0000  0.0000 -0.9886 -0.0147 -0.0000  0.0000 -0.0000  0.0000 -0.1495 -0.0022
    2  11.0984 THz   0.1760  0.0000  0.1760  0.0000  0.0000  0.0000 -0.6849 -0.0000 -0.6849 -0.0000  0.0000 -0.0000
    3  12.4081 THz  -0.5937  0.0000  0.5937  0.0000 -0.0000 -0.0000 -0.3841 -0.0000  0.3841 -0.0000 -0.0000  0.0000
    4  13.3350 THz   0.0000  0.0000 -0.0000  0.0000  0.0560 -0.1387  0.0000 -0.0000 -0.0000  0.0000 -0.3703  0.9168
    5  17.4133 THz  -0.3841  0.0000  0.3841  0.0000  0.0000 -0.0000  0.5937  0.0000 -0.5937 -0.0000  0.0000  0.0000


 Q= -0.059412  0.178237 -0.059412, q=  0.250000 -0.250000  0.250000

                       Mg X   0        Mg Y   0        Mg Z   0         O X   1         O Y   1         O Z   1     
                    --------------- --------------- --------------- --------------- --------------- ---------------
    0   7.9619 THz  -0.6953  0.0000 -0.0000 -0.0000  0.6953 -0.0000 -0.1285  0.0000  0.0000 -0.0000  0.1285 -0.0000
    1   9.0640 THz   0.4988  0.0000  0.7008 -0.0000  0.4988 -0.0000  0.0584 -0.0000  0.0664 -0.0000  0.0584  0.0000
    2  11.9289 THz  -0.1285  0.0000  0.0000 -0.0000  0.1285  0.0000  0.6953  0.0000  0.0000 -0.0000 -0.6953 -0.0000
    3  12.4624 THz   0.4351  0.0000 -0.5405 -0.0000  0.4351  0.0000 -0.1811  0.0000 -0.5134  0.0000 -0.1811 -0.0000
    4  13.5191 THz  -0.1801  0.0000  0.3827  0.0000 -0.1801 -0.0000 -0.5937 -0.0000 -0.2893 -0.0000 -0.5937 -0.0000
    5  16.5188 THz  -0.1716  0.0000  0.2650  0.0000 -0.1716  0.0000  0.3336 -0.0000 -0.8052  0.0000  0.3336 -0.0000


 Q= -0.178237 -0.059412  0.178237, q=  0.250000  0.000000 -0.500000

                       Mg X   0        Mg Y   0        Mg Z   0         O X   1         O Y   1         O Z   1     
                    --------------- --------------- --------------- --------------- --------------- ---------------
    0   7.9619 THz   0.6953  0.0000 -0.0000 -0.0000  0.6953 -0.0000 -0.1285  0.0000  0.0000  0.0000 -0.1285  0.0000
    1   9.0640 THz  -0.4988  0.0000  0.7008 -0.0000  0.4988 -0.0000  0.0584 -0.0000 -0.0664 -0.0000 -0.0584  0.0000
    2  11.9289 THz  -0.1285  0.0000  0.0000  0.0000 -0.1285 -0.0000 -0.6953 -0.0000 -0.0000 -0.0000 -0.6953 -0.0000
    3  12.4624 THz   0.4351  0.0000  0.5405  0.0000 -0.4351 -0.0000  0.1811  0.0000 -0.5134 -0.0000 -0.1811 -0.0000
    4  13.5191 THz  -0.1801  0.0000 -0.3827 -0.0000  0.1801  0.0000  0.5937  0.0000 -0.2893 -0.0000 -0.5937 -0.0000
    5  16.5188 THz   0.1716  0.0000  0.2650 -0.0000 -0.1716  0.0000  0.3336 -0.0000  0.8052 -0.0000 -0.3336  0.0000


 Q= -0.118825  0.000000  0.118825, q=  0.250000  0.000000 -0.250000

                       Mg X   0        Mg Y   0        Mg Z   0         O X   1         O Y   1         O Z   1     
                    --------------- --------------- --------------- --------------- --------------- ---------------
    0   7.2477 THz   0.6849  0.0000 -0.0000 -0.0000  0.6849  0.0000  0.1760 -0.0000 -0.0000 -0.0000  0.1760 -0.0000
    1   9.0334 THz  -0.0000  0.0000 -0.9879 -0.0408 -0.0000 -0.0000 -0.0000  0.0000 -0.1494 -0.0062 -0.0000 -0.0000
    2  11.0984 THz   0.1760  0.0000 -0.0000 -0.0000  0.1760 -0.0000 -0.6849  0.0000 -0.0000  0.0000 -0.6849  0.0000
    3  12.4081 THz   0.5937  0.0000 -0.0000  0.0000 -0.5937  0.0000  0.3841 -0.0000 -0.0000 -0.0000 -0.3841 -0.0000
    4  13.3350 THz   0.0000  0.0000 -0.0376 -0.1448 -0.0000 -0.0000  0.0000 -0.0000  0.2485  0.9570 -0.0000 -0.0000
    5  17.4133 THz  -0.3841  0.0000  0.0000 -0.0000  0.3841  0.0000  0.5937 -0.0000  0.0000 -0.0000 -0.5937  0.0000


 Q= -0.059412  0.059412  0.059412, q=  0.250000  0.000000  0.000000

                       Mg X   0        Mg Y   0        Mg Z   0         O X   1         O Y   1         O Z   1     
                    --------------- --------------- --------------- --------------- --------------- ---------------
    0   5.3380 THz  -0.5451 -0.0000 -0.6843  0.0010  0.1392 -0.0010 -0.2855  0.0000 -0.3584  0.0005  0.0729 -0.0005
    1   5.3380 THz   0.4755  0.0000 -0.2343  0.0012  0.7098 -0.0012  0.2490 -0.0000 -0.1227  0.0006  0.3717 -0.0006
    2  10.5911 THz  -0.4545  0.0000  0.4545 -0.0000  0.4545 -0.0000 -0.3560  0.0000  0.3560  0.0000  0.3560 -0.0000
    3  11.0989 THz   0.1350  0.0000  0.3730 -0.0249 -0.2380  0.0249 -0.2578 -0.0000 -0.7122  0.0475  0.4545 -0.0475
    4  11.0989 THz   0.3540  0.0000  0.0604  0.0095  0.2935 -0.0095 -0.6758  0.0000 -0.1154 -0.0181 -0.5604  0.0181
    5  18.3103 THz  -0.3560  0.0000  0.3560 -0.0000  0.3560  0.0000  0.4545 -0.0000 -0.4545  0.0000 -0.4545  0.0000


 Q=  0.000000  0.118825  0.000000, q=  0.250000  0.000000  0.250000

                       Mg X   0        Mg Y   0        Mg Z   0         O X   1         O Y   1         O Z   1     
                    --------------- --------------- --------------- --------------- --------------- ---------------
    0   6.4784 THz   0.0396  0.0000  0.0000  0.0000  0.8434  0.3562  0.0173  0.0000 -0.0000 -0.0000  0.3685  0.1556
    1   6.4784 THz   0.9155  0.0000  0.0000 -0.0000 -0.0364 -0.0154  0.4000 -0.0000  0.0000 -0.0000 -0.0159 -0.0067
    2   9.7872 THz   0.0000  0.0000 -0.8227  0.1539  0.0000 -0.0000 -0.0000  0.0000 -0.5379  0.1006  0.0000  0.0000
    3  11.9166 THz   0.0329  0.0000 -0.0000  0.0000  0.3987 -0.0153 -0.0752 -0.0000 -0.0000  0.0000 -0.9126  0.0350
    4  11.9166 THz   0.3990  0.0000  0.0000 -0.0000 -0.0328  0.0013 -0.9133  0.0000  0.0000 -0.0000  0.0751 -0.0029
    5  17.9473 THz   0.0000  0.0000  0.5439  0.0596 -0.0000 -0.0000 -0.0000  0.0000 -0.8320 -0.0912 -0.0000  0.0000


 Q= -0.118825 -0.118825  0.237649, q=  0.250000  0.250000 -0.500000

                       Mg X   0        Mg Y   0        Mg Z   0         O X   1         O Y   1         O Z   1     
                    --------------- --------------- --------------- --------------- --------------- ---------------
    0   7.2477 THz  -0.6849  0.0000  0.6849  0.0000  0.0000 -0.0000  0.1760 -0.0000 -0.1760  0.0000 -0.0000  0.0000
    1   9.0334 THz   0.0000  0.0000 -0.0000 -0.0000  0.9696 -0.1939 -0.0000 -0.0000 -0.0000  0.0000 -0.1467  0.0293
    2  11.0984 THz  -0.1760  0.0000  0.1760  0.0000  0.0000  0.0000 -0.6849  0.0000  0.6849 -0.0000 -0.0000 -0.0000
    3  12.4081 THz   0.5937  0.0000  0.5937  0.0000 -0.0000 -0.0000 -0.3841  0.0000 -0.3841  0.0000 -0.0000 -0.0000
    4  13.3350 THz  -0.0000  0.0000 -0.0000  0.0000 -0.0926 -0.1174  0.0000 -0.0000  0.0000 -0.0000 -0.6125 -0.7762
    5  17.4133 THz  -0.3841  0.0000 -0.3841 -0.0000 -0.0000  0.0000 -0.5937  0.0000 -0.5937  0.0000  0.0000 -0.0000


 Q= -0.059412 -0.059412  0.178237, q=  0.250000  0.250000 -0.250000

                       Mg X   0        Mg Y   0        Mg Z   0         O X   1         O Y   1         O Z   1     
                    --------------- --------------- --------------- --------------- --------------- ---------------
    0   7.9619 THz   0.6953  0.0000 -0.6953  0.0000  0.0000 -0.0000  0.1285  0.0000 -0.1285 -0.0000  0.0000 -0.0000
    1   9.0640 THz   0.4988  0.0000  0.4988 -0.0000  0.7008  0.0000  0.0584 -0.0000  0.0584  0.0000  0.0664  0.0000
    2  11.9289 THz   0.1285  0.0000 -0.1285 -0.0000  0.0000  0.0000 -0.6953 -0.0000  0.6953  0.0000  0.0000  0.0000
    3  12.4624 THz   0.4351  0.0000  0.4351 -0.0000 -0.5405 -0.0000 -0.1811  0.0000 -0.1811 -0.0000 -0.5134 -0.0000
    4  13.5191 THz  -0.1801  0.0000 -0.1801 -0.0000  0.3827  0.0000 -0.5937 -0.0000 -0.5937  0.0000 -0.2893 -0.0000
    5  16.5188 THz  -0.1716  0.0000 -0.1716  0.0000  0.2650 -0.0000  0.3336 -0.0000  0.3336 -0.0000 -0.8052  0.0000


 Q=  0.000000  0.000000  0.118825, q=  0.250000  0.250000  0.000000

                       Mg X   0        Mg Y   0        Mg Z   0         O X   1         O Y   1         O Z   1     
                    --------------- --------------- --------------- --------------- --------------- ---------------
    0   6.4784 THz   0.9164  0.0000  0.0000 -0.0000  0.0000 -0.0000  0.4004 -0.0000 -0.0000  0.0000  0.0000  0.0000
    1   6.4784 THz   0.0000  0.0000 -0.9133 -0.0749 -0.0000  0.0000  0.0000  0.0000 -0.3990 -0.0327 -0.0000  0.0000
    2   9.7872 THz   0.0000  0.0000 -0.0000  0.0000 -0.2768  0.7899  0.0000 -0.0000  0.0000 -0.0000 -0.1810  0.5164
    3  11.9166 THz   0.4004  0.0000 -0.0000  0.0000 -0.0000  0.0000 -0.9164  0.0000  0.0000 -0.0000 -0.0000 -0.0000
    4  11.9166 THz   0.0000  0.0000  0.3307  0.2257 -0.0000  0.0000 -0.0000 -0.0000 -0.7569 -0.5166 -0.0000 -0.0000
    5  17.9473 THz   0.0000  0.0000 -0.0000 -0.0000  0.2265  0.4981  0.0000  0.0000  0.0000  0.0000 -0.3465 -0.7619


 Q=  0.059412  0.059412  0.059412, q=  0.250000  0.250000  0.250000

                       Mg X   0        Mg Y   0        Mg Z   0         O X   1         O Y   1         O Z   1     
                    --------------- --------------- --------------- --------------- --------------- ---------------
    0   5.3380 THz  -0.1247  0.0000  0.6645  0.1344 -0.5399 -0.1344 -0.0653  0.0000  0.3481  0.0704 -0.2828 -0.0704
    1   5.3380 THz  -0.7125  0.0000  0.2509 -0.0235  0.4616  0.0235 -0.3732  0.0000  0.1314 -0.0123  0.2418  0.0123
    2  10.5911 THz   0.4545  0.0000  0.4545 -0.0000  0.4545 -0.0000  0.3560 -0.0000  0.3560 -0.0000  0.3560 -0.0000
    3  11.0989 THz   0.3399  0.0000 -0.0290  0.0336 -0.3109 -0.0336 -0.6489  0.0000  0.0554 -0.0642  0.5935  0.0642
    4  11.0989 THz   0.1673  0.0000 -0.3700 -0.0683  0.2027  0.0683 -0.3194  0.0000  0.7064  0.1305 -0.3869 -0.1305
    5  18.3103 THz  -0.3560  0.0000 -0.3560  0.0000 -0.3560 -0.0000  0.4545 -0.0000  0.4545 -0.0000  0.4545 -0.0000
