
Used Primitive lattice vector

    0.000000000000      2.705995715300      2.705995715300  
    2.705995715300      0.000000000000      2.705995715300  
    2.705995715300      2.705995715300      0.000000000000  

   2 Atom(s) in the Primitive cell

 0.0000000000 0.0000000000 0.0000000000 Si    0
 0.2500000000 0.2500000000 0.2500000000 Si    1


 Q= -0.092387 -0.092387 -0.092387, q= -0.500000 -0.500000 -0.500000

                       Si X   0        Si Y   0        Si Z   0        Si X   1        Si Y   1        Si Z   1     
                    --------------- --------------- --------------- --------------- --------------- ---------------
    0   3.1386 THz  -0.3597  0.0000  0.5330 -0.1681 -0.1733  0.1681 -0.2543  0.2543  0.2581 -0.4957 -0.0037  0.2414
    1   3.1386 THz   0.4516  0.0000  0.0555 -0.1339 -0.5071  0.1339  0.3193 -0.3193 -0.0554 -0.1339 -0.2639  0.4532
    2  11.0332 THz  -0.4082  0.0000 -0.4082  0.0000 -0.4082  0.0000  0.2887 -0.2887  0.2887 -0.2887  0.2887 -0.2887
    3  12.6639 THz  -0.4082  0.0000 -0.4082  0.0000 -0.4082  0.0000 -0.2887  0.2887 -0.2887  0.2887 -0.2887  0.2887
    4  14.7093 THz  -0.5633  0.0000  0.3883 -0.0246  0.1750  0.0246  0.3983 -0.3983 -0.2572  0.2920 -0.1412  0.1063
    5  14.7093 THz  -0.1264  0.0000 -0.4121  0.1098  0.5385 -0.1098  0.0894 -0.0894  0.2138 -0.3691 -0.3031  0.4585


 Q= -0.046194 -0.046194 -0.138581, q= -0.500000 -0.500000 -0.250000

                       Si X   0        Si Y   0        Si Z   0        Si X   1        Si Y   1        Si Z   1     
                    --------------- --------------- --------------- --------------- --------------- ---------------
    0   4.0396 THz  -0.5000  0.0000  0.5000  0.0000  0.0000  0.0000 -0.2258  0.4461  0.2258 -0.4461  0.0000 -0.0000
    1   5.7898 THz   0.4237  0.0000  0.4237  0.0000 -0.2435 -0.2857  0.2826  0.3157  0.2826  0.3157 -0.3753  0.0091
    2   9.5816 THz   0.3093  0.0000  0.3093 -0.0000  0.2260  0.5076 -0.2405  0.1945 -0.2405  0.1945  0.1434  0.5368
    3  12.5490 THz   0.3085  0.0000  0.3085  0.0000  0.4227  0.3619  0.1030 -0.2908  0.1030 -0.2908 -0.2001 -0.5193
    4  14.0945 THz   0.5000  0.0000 -0.5000 -0.0000  0.0000 -0.0000 -0.2258  0.4461  0.2258 -0.4461 -0.0000  0.0000
    5  14.4929 THz   0.3601  0.0000  0.3601 -0.0000 -0.2698 -0.4098 -0.2142 -0.2894 -0.2142 -0.2894  0.4899 -0.0269


 Q=  0.000000  0.000000 -0.184775, q= -0.500000 -0.500000  0.000000

                       Si X   0        Si Y   0        Si Z   0        Si X   1        Si Y   1        Si Z   1     
                    --------------- --------------- --------------- --------------- --------------- ---------------
    0   4.0610 THz  -0.5250  0.0000  0.4737  0.0000  0.0000  0.0000 -0.0000  0.4737  0.0000 -0.5250  0.0000 -0.0000
    1   4.0610 THz  -0.4737  0.0000 -0.5250 -0.0000 -0.0000 -0.0000 -0.0000 -0.5250 -0.0000 -0.4737 -0.0000  0.0000
    2  12.2632 THz   0.0000  0.0000  0.0000 -0.0000 -0.1218  0.1717 -0.0000 -0.0000  0.0000  0.0000 -0.7973 -0.5656
    3  12.2632 THz  -0.0000  0.0000  0.0000 -0.0000 -0.9776  0.0000 -0.0000 -0.0000 -0.0000  0.0000 -0.0000  0.2105
    4  13.9598 THz   0.6257  0.0000  0.3293 -0.0000  0.0000  0.0000 -0.0000 -0.3293 -0.0000 -0.6257 -0.0000  0.0000
    5  13.9598 THz   0.3293  0.0000 -0.6257  0.0000 -0.0000 -0.0000 -0.0000  0.6257  0.0000 -0.3293  0.0000 -0.0000


 Q=  0.046194  0.046194 -0.230969, q= -0.500000 -0.500000  0.250000

                       Si X   0        Si Y   0        Si Z   0        Si X   1        Si Y   1        Si Z   1     
                    --------------- --------------- --------------- --------------- --------------- ---------------
    0   4.0396 THz  -0.5000  0.0000  0.5000  0.0000 -0.0000 -0.0000  0.2258  0.4461 -0.2258 -0.4461  0.0000  0.0000
    1   5.7898 THz   0.4237  0.0000  0.4237  0.0000 -0.2435  0.2857 -0.2826  0.3157 -0.2826  0.3157  0.3753  0.0091
    2   9.5816 THz  -0.3093  0.0000 -0.3093  0.0000 -0.2260  0.5076 -0.2405 -0.1945 -0.2405 -0.1945  0.1434 -0.5368
    3  12.5490 THz  -0.3085  0.0000 -0.3085  0.0000 -0.4227  0.3619  0.1030  0.2908  0.1030  0.2908 -0.2001  0.5193
    4  14.0945 THz   0.5000  0.0000 -0.5000 -0.0000  0.0000 -0.0000  0.2258  0.4461 -0.2258 -0.4461  0.0000  0.0000
    5  14.4929 THz  -0.3601  0.0000 -0.3601 -0.0000  0.2698 -0.4098 -0.2142  0.2894 -0.2142  0.2894  0.4899  0.0269


 Q= -0.046194 -0.138581 -0.046194, q= -0.500000 -0.250000 -0.500000

                       Si X   0        Si Y   0        Si Z   0        Si X   1        Si Y   1        Si Z   1     
                    --------------- --------------- --------------- --------------- --------------- ---------------
    0   4.0396 THz  -0.5000  0.0000 -0.0000 -0.0000  0.5000  0.0000 -0.2258  0.4461 -0.0000  0.0000  0.2258 -0.4461
    1   5.7898 THz   0.4237  0.0000 -0.2435 -0.2857  0.4237 -0.0000  0.2826  0.3157 -0.3753  0.0091  0.2826  0.3157
    2   9.5816 THz  -0.3093  0.0000 -0.2260 -0.5076 -0.3093 -0.0000  0.2405 -0.1945 -0.1434 -0.5368  0.2405 -0.1945
    3  12.5490 THz  -0.3085  0.0000 -0.4227 -0.3619 -0.3085 -0.0000 -0.1030  0.2908  0.2001  0.5193 -0.1030  0.2908
    4  14.0945 THz   0.5000  0.0000 -0.0000 -0.0000 -0.5000 -0.0000 -0.2258  0.4461  0.0000 -0.0000  0.2258 -0.4461
    5  14.4929 THz  -0.3601  0.0000  0.2698  0.4098 -0.3601 -0.0000  0.2142  0.2894 -0.4899  0.0269  0.2142  0.2894


 Q=  0.000000 -0.092387 -0.092387, q= -0.500000 -0.250000 -0.250000

                       Si X   0        Si Y   0        Si Z   0        Si X   1        Si Y   1        Si Z   1     
                    --------------- --------------- --------------- --------------- --------------- ---------------
    0   3.9907 THz  -0.0000  0.0000 -0.4996  0.0195  0.4996 -0.0195 -0.0000  0.0000 -0.4996  0.0195  0.4996 -0.0195
    1   5.7474 THz   0.6217  0.0000 -0.0000 -0.2382  0.0000 -0.2382  0.6217  0.0000 -0.0000  0.2382  0.0000  0.2382
    2   8.5200 THz   0.3483  0.0000 -0.0000  0.4352 -0.0000  0.4352 -0.3483 -0.0000 -0.0000  0.4352 -0.0000  0.4352
    3  12.7210 THz   0.3368  0.0000 -0.0000  0.4396 -0.0000  0.4396  0.3368  0.0000  0.0000 -0.4396 -0.0000 -0.4396
    4  14.2454 THz  -0.0000  0.0000 -0.4716 -0.1661  0.4716  0.1661 -0.0000 -0.0000  0.4716  0.1661 -0.4716 -0.1661
    5  14.7629 THz  -0.6154  0.0000 -0.0000  0.2463 -0.0000  0.2463  0.6154  0.0000  0.0000  0.2463  0.0000  0.2463


 Q=  0.046194 -0.046194 -0.138581, q= -0.500000 -0.250000  0.000000

                       Si X   0        Si Y   0        Si Z   0        Si X   1        Si Y   1        Si Z   1     
                    --------------- --------------- --------------- --------------- --------------- ---------------
    0   4.0396 THz   0.5000  0.0000  0.5000  0.0000  0.0000 -0.0000  0.2258  0.4461  0.2258  0.4461  0.0000 -0.0000
    1   5.7898 THz  -0.4237  0.0000  0.4237  0.0000 -0.2435  0.2857 -0.2826  0.3157  0.2826 -0.3157 -0.3753 -0.0091
    2   9.5816 THz  -0.3093  0.0000  0.3093  0.0000  0.2260 -0.5076  0.2405  0.1945 -0.2405 -0.1945  0.1434 -0.5368
    3  12.5490 THz  -0.3085  0.0000  0.3085 -0.0000  0.4227 -0.3619 -0.1030 -0.2908  0.1030  0.2908 -0.2001  0.5193
    4  14.0945 THz   0.5000  0.0000  0.5000  0.0000  0.0000 -0.0000 -0.2258 -0.4461 -0.2258 -0.4461 -0.0000 -0.0000
    5  14.4929 THz   0.3601  0.0000 -0.3601 -0.0000  0.2698 -0.4098 -0.2142  0.2894  0.2142 -0.2894 -0.4899 -0.0269


 Q=  0.092387  0.000000 -0.184775, q= -0.500000 -0.250000  0.250000

                       Si X   0        Si Y   0        Si Z   0        Si X   1        Si Y   1        Si Z   1     
                    --------------- --------------- --------------- --------------- --------------- ---------------
    0   5.8678 THz   0.7496  0.0000  0.0000 -0.0000  0.0000 -0.0000  0.0000  0.0000 -0.0000  0.4681  0.4681 -0.0000
    1   5.8678 THz   0.0000  0.0000 -0.3279  0.3340 -0.3340 -0.3279 -0.5348 -0.5252 -0.0000  0.0000  0.0000 -0.0000
    2  10.7338 THz   0.0000  0.0000 -0.4187 -0.1677 -0.1677  0.4187 -0.0000 -0.0000  0.1414  0.5259 -0.5259  0.1414
    3  10.7338 THz   0.0000  0.0000 -0.4278 -0.3370 -0.3370  0.4278 -0.0000 -0.0000  0.0106 -0.4509  0.4509  0.0106
    4  14.1428 THz  -0.6619  0.0000  0.0000 -0.0000  0.0000 -0.0000  0.0000  0.0000 -0.0000  0.5300  0.5300 -0.0000
    5  14.1428 THz   0.0000  0.0000  0.4877 -0.2076  0.2076  0.4877 -0.2592 -0.6091 -0.0000 -0.0000  0.0000 -0.0000


 Q=  0.000000 -0.184775  0.000000, q= -0.500000  0.000000 -0.500000

                       Si X   0        Si Y   0        Si Z   0        Si X   1        Si Y   1        Si Z   1     
                    --------------- --------------- --------------- --------------- --------------- ---------------
    0   4.0610 THz   0.7071  0.0000  0.0000  0.0000 -0.0000 -0.0000  0.0000  0.0000  0.0000  0.0000  0.0000  0.7071
    1   4.0610 THz   0.0000  0.0000 -0.0000  0.0000 -0.7071 -0.0000  0.0000 -0.7071  0.0000 -0.0000 -0.0000  0.0000
    2  12.2632 THz   0.0000  0.0000  0.9949 -0.0013  0.0000 -0.0000 -0.0000  0.0000 -0.0719  0.0700  0.0000  0.0000
    3  12.2632 THz   0.0000  0.0000  0.0994  0.0141 -0.0000  0.0000  0.0000  0.0000  0.8038 -0.5864 -0.0000  0.0000
    4  13.9598 THz   0.7071  0.0000  0.0000 -0.0000  0.0000  0.0000 -0.0000 -0.0000 -0.0000 -0.0000 -0.0000 -0.7071
    5  13.9598 THz   0.0000  0.0000  0.0000 -0.0000  0.7071 -0.0000  0.0000 -0.7071  0.0000  0.0000 -0.0000  0.0000


 Q=  0.046194 -0.138581 -0.046194, q= -0.500000  0.000000 -0.250000

                       Si X   0        Si Y   0        Si Z   0        Si X   1        Si Y   1        Si Z   1     
                    --------------- --------------- --------------- --------------- --------------- ---------------
    0   4.0396 THz   0.5000  0.0000 -0.0000  0.0000  0.5000  0.0000  0.2258  0.4461 -0.0000 -0.0000  0.2258  0.4461
    1   5.7898 THz  -0.4237  0.0000 -0.2435  0.2857  0.4237  0.0000 -0.2826  0.3157 -0.3753 -0.0091  0.2826 -0.3157
    2   9.5816 THz   0.3093  0.0000 -0.2260  0.5076 -0.3093  0.0000 -0.2405 -0.1945 -0.1434  0.5368  0.2405  0.1945
    3  12.5490 THz   0.3085  0.0000 -0.4227  0.3619 -0.3085 -0.0000  0.1030  0.2908  0.2001 -0.5193 -0.1030 -0.2908
    4  14.0945 THz   0.5000  0.0000 -0.0000  0.0000  0.5000  0.0000 -0.2258 -0.4461  0.0000 -0.0000 -0.2258 -0.4461
    5  14.4929 THz  -0.3601  0.0000 -0.2698  0.4098  0.3601  0.0000  0.2142 -0.2894  0.4899  0.0269 -0.2142  0.2894


 Q=  0.092387 -0.092387 -0.092387, q= -0.500000  0.000000  0.000000

                       Si X   0        Si Y   0        Si Z   0        Si X   1        Si Y   1        Si Z   1     
                    --------------- --------------- --------------- --------------- --------------- ---------------
    0   3.1386 THz   0.3963  0.0000  0.5408  0.1217 -0.1445 -0.1217  0.2802  0.2802  0.2963  0.4685 -0.0161 -0.1882
    1   3.1386 THz   0.4199  0.0000 -0.1135 -0.1149  0.5333  0.1149  0.2969  0.2969  0.0010 -0.1615  0.2959  0.4583
    2  11.0332 THz   0.4082  0.0000 -0.4082 -0.0000 -0.4082 -0.0000 -0.2887 -0.2887  0.2887  0.2887  0.2887  0.2887
    3  12.6639 THz  -0.4082  0.0000  0.4082  0.0000  0.4082  0.0000 -0.2887 -0.2887  0.2887  0.2887  0.2887  0.2887
    4  14.7093 THz   0.5736  0.0000  0.2304 -0.0083  0.3432  0.0083 -0.4056 -0.4056 -0.1688 -0.1570 -0.2368 -0.2486
    5  14.7093 THz   0.0658  0.0000  0.5243  0.0727 -0.4585 -0.0727 -0.0465 -0.0465 -0.3193 -0.4221  0.2728  0.3756


 Q=  0.138581 -0.046194 -0.138581, q= -0.500000  0.000000  0.250000

                       Si X   0        Si Y   0        Si Z   0        Si X   1        Si Y   1        Si Z   1     
                    --------------- --------------- --------------- --------------- --------------- ---------------
    0   4.0396 THz   0.5000  0.0000 -0.0000  0.0000  0.5000  0.0000  0.4461  0.2258 -0.0000 -0.0000  0.4461  0.2258
    1   5.7898 THz  -0.4237  0.0000 -0.2435 -0.2857  0.4237 -0.0000  0.3157 -0.2826 -0.0091 -0.3753 -0.3157  0.2826
    2   9.5816 THz  -0.3093  0.0000  0.2260  0.5076  0.3093  0.0000  0.1945  0.2405 -0.5368  0.1434 -0.1945 -0.2405
    3  12.5490 THz   0.3085  0.0000 -0.4227 -0.3619 -0.3085 -0.0000  0.2908  0.1030 -0.5193  0.2001 -0.2908 -0.1030
    4  14.0945 THz   0.5000  0.0000 -0.0000 -0.0000  0.5000 -0.0000 -0.4461 -0.2258  0.0000  0.0000 -0.4461 -0.2258
    5  14.4929 THz  -0.3601  0.0000 -0.2698 -0.4098  0.3601 -0.0000 -0.2894  0.2142  0.0269  0.4899  0.2894 -0.2142


 Q=  0.046194 -0.230969  0.046194, q= -0.500000  0.250000 -0.500000

                       Si X   0        Si Y   0        Si Z   0        Si X   1        Si Y   1        Si Z   1     
                    --------------- --------------- --------------- --------------- --------------- ---------------
    0   4.0396 THz  -0.5000  0.0000 -0.0000 -0.0000  0.5000  0.0000  0.2258  0.4461  0.0000  0.0000 -0.2258 -0.4461
    1   5.7898 THz   0.4237  0.0000 -0.2435  0.2857  0.4237  0.0000 -0.2826  0.3157  0.3753  0.0091 -0.2826  0.3157
    2   9.5816 THz   0.3093  0.0000  0.2260 -0.5076  0.3093 -0.0000  0.2405  0.1945 -0.1434  0.5368  0.2405  0.1945
    3  12.5490 THz   0.3085  0.0000  0.4227 -0.3619  0.3085 -0.0000 -0.1030 -0.2908  0.2001 -0.5193 -0.1030 -0.2908
    4  14.0945 THz   0.5000  0.0000  0.0000 -0.0000 -0.5000  0.0000  0.2258  0.4461 -0.0000 -0.0000 -0.2258 -0.4461
    5  14.4929 THz   0.3601  0.0000 -0.2698  0.4098  0.3601 -0.0000  0.2142 -0.2894 -0.4899 -0.0269  0.2142 -0.2894


 Q=  0.092387 -0.184775  0.000000, q= -0.500000  0.250000 -0.250000

                       Si X   0        Si Y   0        Si Z   0        Si X   1        Si Y   1        Si Z   1     
                    --------------- --------------- --------------- --------------- --------------- ---------------
    0   5.8678 THz   0.7496  0.0000  0.0000  0.0000 -0.0000 -0.0000  0.0000  0.0000  0.4681 -0.0000 -0.0000  0.4681
    1   5.8678 THz   0.0000  0.0000 -0.2229 -0.4116 -0.4116  0.2229 -0.3570 -0.6591  0.0000 -0.0000 -0.0000  0.0000
    2  10.7338 THz   0.0000  0.0000  0.0930 -0.1760  0.1760  0.0930 -0.0000  0.0000  0.6783 -0.0147 -0.0147 -0.6783
    3  10.7338 THz   0.0000  0.0000 -0.2533  0.6294 -0.6294 -0.2533 -0.0000 -0.0000  0.1975 -0.0249 -0.0249 -0.1975
    4  14.1428 THz  -0.6619  0.0000  0.0000  0.0000 -0.0000 -0.0000  0.0000  0.0000  0.5300 -0.0000 -0.0000  0.5300
    5  14.1428 THz   0.0000  0.0000  0.4037  0.3435  0.3435 -0.4037 -0.5042 -0.4289  0.0000 -0.0000 -0.0000  0.0000


 Q=  0.138581 -0.138581 -0.046194, q= -0.500000  0.250000  0.000000

                       Si X   0        Si Y   0        Si Z   0        Si X   1        Si Y   1        Si Z   1     
                    --------------- --------------- --------------- --------------- --------------- ---------------
    0   4.0396 THz   0.5000  0.0000  0.5000 -0.0000  0.0000  0.0000  0.4461  0.2258  0.4461  0.2258  0.0000  0.0000
    1   5.7898 THz  -0.4237  0.0000  0.4237 -0.0000 -0.2435 -0.2857  0.3157 -0.2826 -0.3157  0.2826 -0.0091 -0.3753
    2   9.5816 THz  -0.3093  0.0000  0.3093  0.0000  0.2260  0.5076  0.1945  0.2405 -0.1945 -0.2405 -0.5368  0.1434
    3  12.5490 THz   0.3085  0.0000 -0.3085 -0.0000 -0.4227 -0.3619  0.2908  0.1030 -0.2908 -0.1030 -0.5193  0.2001
    4  14.0945 THz   0.5000  0.0000  0.5000 -0.0000 -0.0000  0.0000 -0.4461 -0.2258 -0.4461 -0.2258  0.0000  0.0000
    5  14.4929 THz  -0.3601  0.0000  0.3601 -0.0000 -0.2698 -0.4098 -0.2894  0.2142  0.2894 -0.2142  0.0269  0.4899


 Q=  0.184775 -0.092387 -0.092387, q= -0.500000  0.250000  0.250000

                       Si X   0        Si Y   0        Si Z   0        Si X   1        Si Y   1        Si Z   1     
                    --------------- --------------- --------------- --------------- --------------- ---------------
    0   3.9907 THz  -0.0000  0.0000 -0.4665 -0.1800  0.4665  0.1800 -0.0000 -0.0000  0.1800 -0.4665 -0.1800  0.4665
    1   5.7474 THz   0.6217  0.0000  0.0000  0.2382  0.0000  0.2382  0.0000  0.6217  0.2382 -0.0000  0.2382  0.0000
    2   8.5200 THz   0.3483  0.0000 -0.0000 -0.4352 -0.0000 -0.4352 -0.0000 -0.3483  0.4352 -0.0000  0.4352 -0.0000
    3  12.7210 THz  -0.3368  0.0000  0.0000  0.4396  0.0000  0.4396 -0.0000 -0.3368  0.4396 -0.0000  0.4396 -0.0000
    4  14.2454 THz   0.0000  0.0000 -0.4139 -0.2805  0.4139  0.2805  0.0000 -0.0000 -0.2805  0.4139  0.2805 -0.4139
    5  14.7629 THz  -0.6154  0.0000 -0.0000 -0.2463  0.0000 -0.2463  0.0000  0.6154  0.2463  0.0000  0.2463 -0.0000


 Q= -0.138581 -0.046194 -0.046194, q= -0.250000 -0.500000 -0.500000

                       Si X   0        Si Y   0        Si Z   0        Si X   1        Si Y   1        Si Z   1     
                    --------------- --------------- --------------- --------------- --------------- ---------------
    0   4.0396 THz  -0.0000  0.0000  0.4774 -0.1487 -0.4774  0.1487 -0.0000  0.0000  0.0829 -0.4931 -0.0829  0.4931
    1   5.7898 THz   0.3754  0.0000 -0.2748  0.3225 -0.2748  0.3225  0.2364 -0.2916 -0.4236  0.0103 -0.4236  0.0103
    2   9.5816 THz  -0.5556  0.0000 -0.1258  0.2825 -0.1258  0.2825 -0.5487 -0.0873 -0.0798 -0.2988 -0.0798 -0.2988
    3  12.5490 THz   0.5565  0.0000  0.2343 -0.2006  0.2343 -0.2006 -0.4897 -0.2643 -0.1109 -0.2879 -0.1109 -0.2879
    4  14.0945 THz  -0.0000  0.0000 -0.1392 -0.4802  0.1392  0.4802  0.0000 -0.0000  0.4913  0.0927 -0.4913 -0.0927
    5  14.4929 THz  -0.4906  0.0000  0.1980 -0.3007  0.1980 -0.3007  0.2469 -0.4240 -0.3595  0.0197 -0.3595  0.0197


 Q= -0.092387  0.000000 -0.092387, q= -0.250000 -0.500000 -0.250000

                       Si X   0        Si Y   0        Si Z   0        Si X   1        Si Y   1        Si Z   1     
                    --------------- --------------- --------------- --------------- --------------- ---------------
    0   3.9907 THz  -0.5000  0.0000  0.0000 -0.0000  0.5000 -0.0000 -0.5000  0.0000  0.0000 -0.0000  0.5000  0.0000
    1   5.7474 THz   0.2382  0.0000  0.0000  0.6217  0.2382 -0.0000 -0.2382  0.0000  0.0000  0.6217 -0.2382 -0.0000
    2   8.5200 THz  -0.4352  0.0000 -0.0000  0.3483 -0.4352 -0.0000 -0.4352 -0.0000  0.0000 -0.3483 -0.4352 -0.0000
    3  12.7210 THz  -0.4396  0.0000 -0.0000  0.3368 -0.4396 -0.0000  0.4396  0.0000 -0.0000  0.3368  0.4396  0.0000
    4  14.2454 THz   0.5000  0.0000  0.0000  0.0000 -0.5000 -0.0000 -0.5000 -0.0000 -0.0000 -0.0000  0.5000  0.0000
    5  14.7629 THz   0.2463  0.0000 -0.0000  0.6154  0.2463  0.0000  0.2463  0.0000  0.0000 -0.6154  0.2463 -0.0000


 Q= -0.046194  0.046194 -0.138581, q= -0.250000 -0.500000  0.000000

                       Si X   0        Si Y   0        Si Z   0        Si X   1        Si Y   1        Si Z   1     
                    --------------- --------------- --------------- --------------- --------------- ---------------
    0   4.0396 THz   0.5000  0.0000  0.5000 -0.0000 -0.0000  0.0000  0.2258  0.4461  0.2258  0.4461 -0.0000 -0.0000
    1   5.7898 THz   0.4237  0.0000 -0.4237  0.0000 -0.2435  0.2857  0.2826 -0.3157 -0.2826  0.3157 -0.3753 -0.0091
    2   9.5816 THz  -0.3093  0.0000  0.3093 -0.0000 -0.2260  0.5076  0.2405  0.1945 -0.2405 -0.1945 -0.1434  0.5368
    3  12.5490 THz   0.3085  0.0000 -0.3085  0.0000  0.4227 -0.3619  0.1030  0.2908 -0.1030 -0.2908 -0.2001  0.5193
    4  14.0945 THz   0.5000  0.0000  0.5000 -0.0000 -0.0000  0.0000 -0.2258 -0.4461 -0.2258 -0.4461  0.0000 -0.0000
    5  14.4929 THz   0.3601  0.0000 -0.3601 -0.0000 -0.2698  0.4098 -0.2142  0.2894  0.2142 -0.2894  0.4899  0.0269


 Q=  0.000000  0.092387 -0.184775, q= -0.250000 -0.500000  0.250000

                       Si X   0        Si Y   0        Si Z   0        Si X   1        Si Y   1        Si Z   1     
                    --------------- --------------- --------------- --------------- --------------- ---------------
    0   5.8678 THz   0.0000  0.0000  0.3199  0.6779 -0.0000 -0.0000 -0.4233  0.1998 -0.0000  0.0000  0.1998  0.4233
    1   5.8678 THz   0.4681  0.0000 -0.0000  0.0000  0.0000  0.4681 -0.0000 -0.0000  0.0000  0.7496 -0.0000 -0.0000
    2  10.7338 THz  -0.7071  0.0000  0.0000  0.0000  0.0000  0.7071 -0.0000 -0.0000  0.0000 -0.0000 -0.0000 -0.0000
    3  10.7338 THz   0.0000  0.0000  0.0000 -0.0000 -0.0000  0.0000  0.6681 -0.2317  0.0000  0.0000  0.2317  0.6681
    4  14.1428 THz   0.5300  0.0000  0.0000  0.0000  0.0000  0.5300  0.0000 -0.0000 -0.0000 -0.6619 -0.0000  0.0000
    5  14.1428 THz   0.0000  0.0000  0.6352  0.1864 -0.0000 -0.0000  0.1492 -0.5086 -0.0000 -0.0000 -0.5086 -0.1492


 Q= -0.092387 -0.092387  0.000000, q= -0.250000 -0.250000 -0.500000

                       Si X   0        Si Y   0        Si Z   0        Si X   1        Si Y   1        Si Z   1     
                    --------------- --------------- --------------- --------------- --------------- ---------------
    0   3.9907 THz  -0.5000  0.0000  0.5000 -0.0000  0.0000  0.0000 -0.5000  0.0000  0.5000  0.0000  0.0000  0.0000
    1   5.7474 THz  -0.2382  0.0000 -0.2382  0.0000 -0.0000 -0.6217  0.2382 -0.0000  0.2382 -0.0000 -0.0000 -0.6217
    2   8.5200 THz  -0.4352  0.0000 -0.4352 -0.0000  0.0000  0.3483 -0.4352  0.0000 -0.4352  0.0000  0.0000 -0.3483
    3  12.7210 THz   0.4396  0.0000  0.4396 -0.0000 -0.0000 -0.3368 -0.4396  0.0000 -0.4396  0.0000  0.0000 -0.3368
    4  14.2454 THz   0.5000  0.0000 -0.5000 -0.0000  0.0000  0.0000 -0.5000 -0.0000  0.5000  0.0000 -0.0000 -0.0000
    5  14.7629 THz   0.2463  0.0000  0.2463  0.0000 -0.0000  0.6154  0.2463  0.0000  0.2463 -0.0000  0.0000 -0.6154


 Q= -0.046194 -0.046194 -0.046194, q= -0.250000 -0.250000 -0.250000

                       Si X   0        Si Y   0        Si Z   0        Si X   1        Si Y   1        Si Z   1     
                    --------------- --------------- --------------- --------------- --------------- ---------------
    0   2.7873 THz   0.5656  0.0000 -0.3780  0.0318 -0.1876 -0.0318  0.5357 -0.1816 -0.3478  0.1514 -0.1879  0.0301
    1   2.7873 THz   0.1159  0.0000  0.4067 -0.1551 -0.5226  0.1551  0.1098 -0.0372  0.3354 -0.2774 -0.4451  0.3146
    2   6.8767 THz  -0.4082  0.0000 -0.4082 -0.0000 -0.4082 -0.0000 -0.3554 -0.2009 -0.3554 -0.2009 -0.3554 -0.2009
    3  14.6187 THz  -0.4082  0.0000 -0.4082 -0.0000 -0.4082  0.0000  0.3554  0.2009  0.3554  0.2009  0.3554  0.2009
    4  14.8586 THz  -0.1826  0.0000 -0.3749 -0.0875  0.5575  0.0875  0.1730 -0.0586  0.3831 -0.0374 -0.5561  0.0961
    5  14.8586 THz  -0.5477  0.0000  0.4293  0.0292  0.1184 -0.0292  0.5187 -0.1758 -0.4160  0.1102 -0.1028  0.0656


 Q=  0.000000  0.000000 -0.092387, q= -0.250000 -0.250000  0.000000

                       Si X   0        Si Y   0        Si Z   0        Si X   1        Si Y   1        Si Z   1     
                    --------------- --------------- --------------- --------------- --------------- ---------------
    0   3.7386 THz   0.0000  0.0000  0.2256 -0.6701 -0.0000 -0.0000  0.4049  0.1363  0.1798 -0.5340 -0.0000  0.0000
    1   3.7386 THz  -0.7071 -0.0000 -0.0000 -0.0000 -0.0000 -0.0000 -0.5635 -0.0000 -0.0000 -0.4272 -0.0000 -0.0000
    2   7.1913 THz   0.0000  0.0000  0.0000 -0.0000  0.7048 -0.0574  0.0000  0.0000  0.0000 -0.0000  0.7048 -0.0574
    3  14.2579 THz   0.7071  0.0000  0.0000 -0.0000 -0.0000 -0.0000 -0.5635 -0.0000 -0.0000 -0.4272 -0.0000 -0.0000
    4  14.2579 THz   0.0000  0.0000  0.7065  0.0286 -0.0000 -0.0000  0.0173 -0.4269 -0.5630 -0.0228  0.0000  0.0000
    5  14.7633 THz   0.0000  0.0000 -0.0000  0.0000 -0.6206 -0.3389 -0.0000  0.0000  0.0000  0.0000  0.6206  0.3389


 Q=  0.046194  0.046194 -0.138581, q= -0.250000 -0.250000  0.250000

                       Si X   0        Si Y   0        Si Z   0        Si X   1        Si Y   1        Si Z   1     
                    --------------- --------------- --------------- --------------- --------------- ---------------
    0   4.0396 THz  -0.5000 -0.0000  0.5000 -0.0000  0.0000 -0.0000 -0.2258  0.4461  0.2258 -0.4461  0.0000 -0.0000
    1   5.7898 THz  -0.4237  0.0000 -0.4237  0.0000 -0.2435 -0.2857 -0.2826 -0.3157 -0.2826 -0.3157 -0.3753  0.0091
    2   9.5816 THz   0.3093  0.0000  0.3093  0.0000 -0.2260 -0.5076 -0.2405  0.1945 -0.2405  0.1945 -0.1434 -0.5368
    3  12.5490 THz  -0.3085  0.0000 -0.3085  0.0000  0.4227  0.3619 -0.1030  0.2908 -0.1030  0.2908 -0.2001 -0.5193
    4  14.0945 THz   0.5000  0.0000 -0.5000  0.0000  0.0000  0.0000 -0.2258  0.4461  0.2258 -0.4461 -0.0000 -0.0000
    5  14.4929 THz   0.3601  0.0000  0.3601 -0.0000  0.2698  0.4098 -0.2142 -0.2894 -0.2142 -0.2894 -0.4899  0.0269


 Q= -0.046194 -0.138581  0.046194, q= -0.250000  0.000000 -0.500000

                       Si X   0        Si Y   0        Si Z   0        Si X   1        Si Y   1        Si Z   1     
                    --------------- --------------- --------------- --------------- --------------- ---------------
    0   4.0396 THz  -0.5000 -0.0000 -0.0000 -0.0000 -0.5000 -0.0000 -0.2258 -0.4461 -0.0000 -0.0000 -0.2258 -0.4461
    1   5.7898 THz  -0.4237  0.0000  0.2435 -0.2857  0.4237  0.0000 -0.2826  0.3157  0.3753  0.0091  0.2826 -0.3157
    2   9.5816 THz  -0.3093  0.0000 -0.2260  0.5076  0.3093 -0.0000  0.2405  0.1945 -0.1434  0.5368 -0.2405 -0.1945
    3  12.5490 THz   0.3085  0.0000  0.4227 -0.3619 -0.3085 -0.0000  0.1030  0.2908 -0.2001  0.5193 -0.1030 -0.2908
    4  14.0945 THz   0.5000  0.0000  0.0000 -0.0000  0.5000 -0.0000 -0.2258 -0.4461 -0.0000  0.0000 -0.2258 -0.4461
    5  14.4929 THz  -0.3601  0.0000  0.2698 -0.4098  0.3601 -0.0000  0.2142 -0.2894 -0.4899 -0.0269 -0.2142  0.2894


 Q=  0.000000 -0.092387  0.000000, q= -0.250000  0.000000 -0.250000

                       Si X   0        Si Y   0        Si Z   0        Si X   1        Si Y   1        Si Z   1     
                    --------------- --------------- --------------- --------------- --------------- ---------------
    0   3.7386 THz  -0.0000 -0.0000  0.0000  0.0000  0.0341 -0.7063  0.4267  0.0206  0.0000  0.0000  0.0272 -0.5628
    1   3.7386 THz   0.7071  0.0000  0.0000  0.0000 -0.0000 -0.0000  0.5635 -0.0000  0.0000  0.0000  0.0000  0.4272
    2   7.1913 THz   0.0000  0.0000  0.7070  0.0116  0.0000  0.0000 -0.0000  0.0000  0.7070  0.0116  0.0000  0.0000
    3  14.2579 THz   0.0000  0.0000 -0.0000  0.0000 -0.0222  0.7068  0.4270  0.0134  0.0000 -0.0000  0.0177 -0.5632
    4  14.2579 THz  -0.7071  0.0000  0.0000  0.0000 -0.0000 -0.0000  0.5635 -0.0000  0.0000  0.0000  0.0000  0.4272
    5  14.7633 THz   0.0000  0.0000  0.7071 -0.0082 -0.0000  0.0000  0.0000  0.0000 -0.7071  0.0082  0.0000 -0.0000


 Q=  0.046194 -0.046194 -0.046194, q= -0.250000  0.000000  0.000000

                       Si X   0        Si Y   0        Si Z   0        Si X   1        Si Y   1        Si Z   1     
                    --------------- --------------- --------------- --------------- --------------- ---------------
    0   2.7873 THz   0.5774  0.0000  0.2887  0.0000  0.2887 -0.0000  0.5468  0.1853  0.2734  0.0927  0.2734  0.0927
    1   2.7873 THz   0.0000  0.0000  0.4801  0.1396 -0.4801 -0.1396  0.0000  0.0000  0.4099  0.2863 -0.4099 -0.2863
    2   6.8767 THz  -0.4082  0.0000  0.4082  0.0000  0.4082 -0.0000 -0.3554  0.2009  0.3554 -0.2009  0.3554 -0.2009
    3  14.6187 THz   0.4082  0.0000 -0.4082 -0.0000 -0.4082 -0.0000 -0.3554  0.2009  0.3554 -0.2009  0.3554 -0.2009
    4  14.8586 THz   0.0000  0.0000 -0.4985 -0.0385  0.4985  0.0385 -0.0000 -0.0000  0.4598  0.1965 -0.4598 -0.1965
    5  14.8586 THz  -0.5774  0.0000 -0.2887 -0.0000 -0.2887 -0.0000  0.5468  0.1853  0.2734  0.0927  0.2734  0.0927


 Q=  0.092387  0.000000 -0.092387, q= -0.250000  0.000000  0.250000

                       Si X   0        Si Y   0        Si Z   0        Si X   1        Si Y   1        Si Z   1     
                    --------------- --------------- --------------- --------------- --------------- ---------------
    0   3.9907 THz  -0.5000  0.0000  0.0000 -0.0000 -0.5000 -0.0000 -0.5000 -0.0000 -0.0000  0.0000 -0.5000 -0.0000
    1   5.7474 THz   0.2382  0.0000 -0.0000  0.6217 -0.2382 -0.0000 -0.2382  0.0000 -0.0000  0.6217  0.2382  0.0000
    2   8.5200 THz   0.4352  0.0000  0.0000 -0.3483 -0.4352 -0.0000  0.4352  0.0000  0.0000  0.3483 -0.4352 -0.0000
    3  12.7210 THz   0.4396  0.0000  0.0000 -0.3368 -0.4396 -0.0000 -0.4396 -0.0000  0.0000 -0.3368  0.4396  0.0000
    4  14.2454 THz   0.5000  0.0000  0.0000  0.0000  0.5000  0.0000 -0.5000 -0.0000 -0.0000 -0.0000 -0.5000 -0.0000
    5  14.7629 THz   0.2463  0.0000 -0.0000  0.6154 -0.2463 -0.0000  0.2463  0.0000  0.0000 -0.6154 -0.2463  0.0000


 Q=  0.000000 -0.184775  0.092387, q= -0.250000  0.250000 -0.500000

                       Si X   0        Si Y   0        Si Z   0        Si X   1        Si Y   1        Si Z   1     
                    --------------- --------------- --------------- --------------- --------------- ---------------
    0   5.8678 THz   0.0000  0.0000  0.0000 -0.0000  0.6042  0.4436 -0.2770  0.3773  0.3773  0.2770  0.0000 -0.0000
    1   5.8678 THz   0.4681  0.0000  0.0000  0.4681  0.0000  0.0000 -0.0000  0.0000 -0.0000 -0.0000 -0.0000  0.7496
    2  10.7338 THz   0.0000  0.0000 -0.0000 -0.0000 -0.0000  0.0000 -0.5282  0.4701 -0.4701 -0.5282  0.0000 -0.0000
    3  10.7338 THz  -0.7071  0.0000  0.0000  0.7071  0.0000  0.0000 -0.0000 -0.0000 -0.0000  0.0000  0.0000 -0.0000
    4  14.1428 THz   0.0000  0.0000  0.0000  0.0000 -0.2736  0.6028  0.4826  0.2191  0.2191 -0.4826 -0.0000 -0.0000
    5  14.1428 THz   0.5300  0.0000  0.0000  0.5300  0.0000  0.0000 -0.0000 -0.0000 -0.0000  0.0000  0.0000 -0.6619


 Q=  0.046194 -0.138581  0.046194, q= -0.250000  0.250000 -0.250000

                       Si X   0        Si Y   0        Si Z   0        Si X   1        Si Y   1        Si Z   1     
                    --------------- --------------- --------------- --------------- --------------- ---------------
    0   4.0396 THz   0.5000  0.0000 -0.0000 -0.0000 -0.5000  0.0000  0.2258 -0.4461 -0.0000  0.0000 -0.2258  0.4461
    1   5.7898 THz   0.4237  0.0000  0.2435  0.2857  0.4237 -0.0000  0.2826  0.3157  0.3753 -0.0091  0.2826  0.3157
    2   9.5816 THz   0.3093  0.0000 -0.2260 -0.5076  0.3093 -0.0000 -0.2405  0.1945 -0.1434 -0.5368 -0.2405  0.1945
    3  12.5490 THz  -0.3085  0.0000  0.4227  0.3619 -0.3085 -0.0000 -0.1030  0.2908 -0.2001 -0.5193 -0.1030  0.2908
    4  14.0945 THz   0.5000  0.0000  0.0000  0.0000 -0.5000 -0.0000 -0.2258  0.4461 -0.0000  0.0000  0.2258 -0.4461
    5  14.4929 THz  -0.3601  0.0000 -0.2698 -0.4098 -0.3601 -0.0000  0.2142  0.2894  0.4899 -0.0269  0.2142  0.2894


 Q=  0.092387 -0.092387  0.000000, q= -0.250000  0.250000  0.000000

                       Si X   0        Si Y   0        Si Z   0        Si X   1        Si Y   1        Si Z   1     
                    --------------- --------------- --------------- --------------- --------------- ---------------
    0   3.9907 THz  -0.5000  0.0000 -0.5000  0.0000  0.0000  0.0000 -0.5000  0.0000 -0.5000 -0.0000  0.0000  0.0000
    1   5.7474 THz   0.2382  0.0000 -0.2382  0.0000  0.0000  0.6217 -0.2382  0.0000  0.2382 -0.0000  0.0000  0.6217
    2   8.5200 THz   0.4352  0.0000 -0.4352 -0.0000 -0.0000 -0.3483  0.4352 -0.0000 -0.4352 -0.0000 -0.0000  0.3483
    3  12.7210 THz  -0.4396  0.0000  0.4396  0.0000  0.0000  0.3368  0.4396  0.0000 -0.4396  0.0000  0.0000  0.3368
    4  14.2454 THz   0.5000  0.0000  0.5000 -0.0000 -0.0000  0.0000 -0.5000  0.0000 -0.5000 -0.0000  0.0000 -0.0000
    5  14.7629 THz  -0.2463  0.0000  0.2463 -0.0000 -0.0000 -0.6154 -0.2463  0.0000  0.2463 -0.0000  0.0000  0.6154


 Q=  0.138581 -0.046194 -0.046194, q= -0.250000  0.250000  0.250000

                       Si X   0        Si Y   0        Si Z   0        Si X   1        Si Y   1        Si Z   1     
                    --------------- --------------- --------------- --------------- --------------- ---------------
    0   4.0396 THz  -0.0000  0.0000 -0.3903 -0.3125  0.3903  0.3125 -0.0000 -0.0000  0.1025 -0.4894 -0.1025  0.4894
    1   5.7898 THz   0.3754  0.0000  0.2748  0.3225  0.2748  0.3225  0.2364  0.2916  0.4236  0.0103  0.4236  0.0103
    2   9.5816 THz   0.5556  0.0000 -0.1258 -0.2825 -0.1258 -0.2825  0.5487 -0.0873 -0.0798  0.2988 -0.0798  0.2988
    3  12.5490 THz  -0.5565  0.0000  0.2343  0.2006  0.2343  0.2006  0.4897 -0.2643 -0.1109  0.2879 -0.1109  0.2879
    4  14.0945 THz  -0.0000  0.0000 -0.4988  0.0345  0.4988 -0.0345  0.0000  0.0000  0.2561  0.4294 -0.2561 -0.4294
    5  14.4929 THz  -0.4906  0.0000 -0.1980 -0.3007 -0.1980 -0.3007  0.2469  0.4240  0.3595  0.0197  0.3595  0.0197


 Q= -0.184775  0.000000  0.000000, q=  0.000000 -0.500000 -0.500000

                       Si X   0        Si Y   0        Si Z   0        Si X   1        Si Y   1        Si Z   1     
                    --------------- --------------- --------------- --------------- --------------- ---------------
    0   4.0610 THz   0.0000  0.0000  0.6280  0.0000  0.3251  0.0000  0.0000 -0.0000  0.0000  0.3251 -0.0000  0.6280
    1   4.0610 THz   0.0000  0.0000  0.0578  0.3199 -0.1116 -0.6180 -0.0000 -0.0000  0.6180 -0.1116 -0.3199  0.0578
    2  12.2632 THz   1.0000  0.0000  0.0000  0.0000  0.0000  0.0000  0.0000  0.0000  0.0000  0.0000  0.0000  0.0000
    3  12.2632 THz   0.0000  0.0000 -0.0000  0.0000  0.0000  0.0000 -0.6826  0.7308  0.0000 -0.0000  0.0000  0.0000
    4  13.9598 THz   0.0000  0.0000 -0.1678 -0.0166  0.6834  0.0676  0.0000 -0.0000  0.0676 -0.6834 -0.0166  0.1678
    5  13.9598 THz   0.0000  0.0000  0.6867 -0.0000  0.1686 -0.0000 -0.0000  0.0000 -0.0000 -0.1686 -0.0000 -0.6867


 Q= -0.138581  0.046194 -0.046194, q=  0.000000 -0.500000 -0.250000

                       Si X   0        Si Y   0        Si Z   0        Si X   1        Si Y   1        Si Z   1     
                    --------------- --------------- --------------- --------------- --------------- ---------------
    0   4.0396 THz  -0.0000  0.0000  0.4878 -0.1100  0.4878 -0.1100 -0.0000 -0.0000  0.3184  0.3855  0.3184  0.3855
    1   5.7898 THz   0.3754  0.0000  0.2748  0.3225 -0.2748 -0.3225  0.2364  0.2916  0.4236  0.0103 -0.4236 -0.0103
    2   9.5816 THz  -0.5556  0.0000  0.1258  0.2825 -0.1258 -0.2825 -0.5487  0.0873  0.0798 -0.2988 -0.0798  0.2988
    3  12.5490 THz  -0.5565  0.0000  0.2343  0.2006 -0.2343 -0.2006  0.4897 -0.2643 -0.1109  0.2879  0.1109 -0.2879
    4  14.0945 THz   0.0000  0.0000  0.4689 -0.1737  0.4689 -0.1737 -0.0000 -0.0000 -0.3667 -0.3399 -0.3667 -0.3399
    5  14.4929 THz  -0.4906  0.0000 -0.1980 -0.3007  0.1980  0.3007  0.2469  0.4240  0.3595  0.0197 -0.3595 -0.0197


 Q= -0.092387  0.092387 -0.092387, q=  0.000000 -0.500000  0.000000

                       Si X   0        Si Y   0        Si Z   0        Si X   1        Si Y   1        Si Z   1     
                    --------------- --------------- --------------- --------------- --------------- ---------------
    0   3.1386 THz   0.4260  0.0000 -0.1226  0.0362 -0.5486  0.0362  0.3012  0.3012 -0.1123 -0.0611 -0.4135 -0.3623
    1   3.1386 THz   0.3897  0.0000  0.5616 -0.0396  0.1719 -0.0396  0.2756  0.2756  0.4251  0.3691  0.1495  0.0935
    2  11.0332 THz  -0.4082  0.0000  0.4082 -0.0000 -0.4082 -0.0000  0.2887  0.2887 -0.2887 -0.2887  0.2887  0.2887
    3  12.6639 THz  -0.4082  0.0000  0.4082  0.0000 -0.4082  0.0000 -0.2887 -0.2887  0.2887  0.2887 -0.2887 -0.2887
    4  14.7093 THz   0.2909  0.0000 -0.2861  0.0169 -0.5770  0.0169 -0.2057 -0.2057  0.2143  0.1904  0.4200  0.3960
    5  14.7093 THz   0.4987  0.0000  0.5011 -0.0099  0.0023 -0.0099 -0.3527 -0.3527 -0.3613 -0.3473 -0.0086  0.0053


 Q= -0.046194  0.138581 -0.138581, q=  0.000000 -0.500000  0.250000

                       Si X   0        Si Y   0        Si Z   0        Si X   1        Si Y   1        Si Z   1     
                    --------------- --------------- --------------- --------------- --------------- ---------------
    0   4.0396 THz   0.0000  0.0000  0.3564 -0.3506  0.3564 -0.3506  0.0000  0.0000  0.4764 -0.1519  0.4764 -0.1519
    1   5.7898 THz   0.3754  0.0000  0.2748 -0.3225 -0.2748  0.3225  0.2916  0.2364  0.0103  0.4236 -0.0103 -0.4236
    2   9.5816 THz  -0.5556  0.0000  0.1258 -0.2825 -0.1258  0.2825  0.0873 -0.5487 -0.2988  0.0798  0.2988 -0.0798
    3  12.5490 THz  -0.5565  0.0000  0.2343 -0.2006 -0.2343  0.2006 -0.2643  0.4897  0.2879 -0.1109 -0.2879  0.1109
    4  14.0945 THz  -0.0000  0.0000  0.3071 -0.3946  0.3071 -0.3946 -0.0000  0.0000 -0.4522  0.2134 -0.4522  0.2134
    5  14.4929 THz   0.4906  0.0000  0.1980 -0.3007 -0.1980  0.3007 -0.4240 -0.2469 -0.0197 -0.3595  0.0197  0.3595


 Q= -0.138581 -0.046194  0.046194, q=  0.000000 -0.250000 -0.500000

                       Si X   0        Si Y   0        Si Z   0        Si X   1        Si Y   1        Si Z   1     
                    --------------- --------------- --------------- --------------- --------------- ---------------
    0   4.0396 THz  -0.0000  0.0000  0.4954  0.0676  0.4954  0.0676 -0.0000 -0.0000  0.1634  0.4726  0.1634  0.4726
    1   5.7898 THz   0.3754  0.0000 -0.2748 -0.3225  0.2748  0.3225  0.2364  0.2916 -0.4236 -0.0103  0.4236  0.0103
    2   9.5816 THz  -0.5556  0.0000 -0.1258 -0.2825  0.1258  0.2825 -0.5487  0.0873 -0.0798  0.2988  0.0798 -0.2988
    3  12.5490 THz  -0.5565  0.0000 -0.2343 -0.2006  0.2343  0.2006  0.4897 -0.2643  0.1109 -0.2879 -0.1109  0.2879
    4  14.0945 THz  -0.0000  0.0000 -0.3041 -0.3969 -0.3041 -0.3969  0.0000  0.0000 -0.2168  0.4505 -0.2168  0.4505
    5  14.4929 THz  -0.4906  0.0000  0.1980  0.3007 -0.1980 -0.3007  0.2469  0.4240 -0.3595 -0.0197  0.3595  0.0197


 Q= -0.092387  0.000000  0.000000, q=  0.000000 -0.250000 -0.250000

                       Si X   0        Si Y   0        Si Z   0        Si X   1        Si Y   1        Si Z   1     
                    --------------- --------------- --------------- --------------- --------------- ---------------
    0   3.7386 THz   0.0000  0.0000 -0.1791  0.0514 -0.6821 -0.0039  0.0000  0.0000 -0.1404 -0.3711 -0.5746 -0.1114
    1   3.7386 THz   0.0000  0.0000 -0.6761  0.0901  0.1842  0.0283  0.0000  0.0000 -0.5559  0.1831  0.0923 -0.3859
    2   7.1913 THz   0.7071  0.0000  0.0000  0.0000 -0.0000 -0.0000  0.7071 -0.0000  0.0000 -0.0000  0.0000 -0.0000
    3  14.2579 THz   0.0000  0.0000  0.2265  0.0567 -0.6343 -0.2075 -0.0000 -0.0000 -0.3059  0.3381  0.5397  0.0285
    4  14.2579 THz   0.0000  0.0000  0.6594 -0.1032  0.2327 -0.0196  0.0000  0.0000 -0.5373 -0.0584 -0.2478 -0.3827
    5  14.7633 THz  -0.7071  0.0000  0.0000  0.0000 -0.0000 -0.0000  0.7071 -0.0000  0.0000 -0.0000  0.0000 -0.0000


 Q= -0.046194  0.046194 -0.046194, q=  0.000000 -0.250000  0.000000

                       Si X   0        Si Y   0        Si Z   0        Si X   1        Si Y   1        Si Z   1     
                    --------------- --------------- --------------- --------------- --------------- ---------------
    0   2.7873 THz   0.4387  0.0000  0.0963  0.3008 -0.3424  0.3008  0.4155  0.1408 -0.0054  0.3158 -0.4209  0.1750
    1   2.7873 THz   0.3753  0.0000  0.3315 -0.3516 -0.0438 -0.3516  0.3555  0.1205  0.4269 -0.2266  0.0714 -0.3471
    2   6.8767 THz  -0.4082  0.0000  0.4082 -0.0000 -0.4082 -0.0000 -0.3554  0.2009  0.3554 -0.2009 -0.3554  0.2009
    3  14.6187 THz  -0.4082  0.0000  0.4082 -0.0000 -0.4082 -0.0000  0.3554 -0.2009 -0.3554  0.2009  0.3554 -0.2009
    4  14.8586 THz   0.4862  0.0000  0.0195 -0.1507 -0.4667 -0.1507 -0.4605 -0.1561 -0.0669  0.1365  0.3936  0.2925
    5  14.8586 THz  -0.3113  0.0000 -0.5048 -0.2353 -0.1935 -0.2353  0.2949  0.0999  0.4026  0.3849  0.1077  0.2850


 Q=  0.000000  0.092387 -0.092387, q=  0.000000 -0.250000  0.250000

                       Si X   0        Si Y   0        Si Z   0        Si X   1        Si Y   1        Si Z   1     
                    --------------- --------------- --------------- --------------- --------------- ---------------
    0   3.9907 THz   0.0000  0.0000 -0.4963 -0.0605 -0.4963 -0.0605  0.0000  0.0000 -0.4963 -0.0605 -0.4963 -0.0605
    1   5.7474 THz   0.6217  0.0000  0.0000 -0.2382  0.0000  0.2382  0.6217 -0.0000  0.0000  0.2382  0.0000 -0.2382
    2   8.5200 THz   0.3483  0.0000  0.0000  0.4352 -0.0000 -0.4352 -0.3483  0.0000  0.0000  0.4352 -0.0000 -0.4352
    3  12.7210 THz   0.3368  0.0000  0.0000  0.4396 -0.0000 -0.4396  0.3368 -0.0000 -0.0000 -0.4396  0.0000  0.4396
    4  14.2454 THz   0.0000  0.0000  0.4154 -0.2784  0.4154 -0.2784 -0.0000 -0.0000 -0.4154  0.2784 -0.4154  0.2784
    5  14.7629 THz   0.6154  0.0000 -0.0000 -0.2463 -0.0000  0.2463 -0.6154 -0.0000  0.0000 -0.2463  0.0000  0.2463


 Q= -0.092387 -0.092387  0.092387, q=  0.000000  0.000000 -0.500000

                       Si X   0        Si Y   0        Si Z   0        Si X   1        Si Y   1        Si Z   1     
                    --------------- --------------- --------------- --------------- --------------- ---------------
    0   3.1386 THz   0.5595  0.0000 -0.1710 -0.0583  0.3885 -0.0583  0.3956  0.3956 -0.0797 -0.1622  0.3159  0.2335
    1   3.1386 THz   0.1424  0.0000 -0.4983  0.2290 -0.3558  0.2290  0.1007  0.1007 -0.5142 -0.1904 -0.4135 -0.0897
    2  11.0332 THz   0.4082  0.0000  0.4082 -0.0000 -0.4082 -0.0000 -0.2887 -0.2887 -0.2887 -0.2887  0.2887  0.2887
    3  12.6639 THz  -0.4082  0.0000 -0.4082 -0.0000  0.4082  0.0000 -0.2887 -0.2887 -0.2887 -0.2887  0.2887  0.2887
    4  14.7093 THz   0.5764  0.0000 -0.3016 -0.0251  0.2748 -0.0251 -0.4076 -0.4076  0.1955  0.2310 -0.2121 -0.1766
    5  14.7093 THz   0.0329  0.0000  0.2188  0.4403  0.2517  0.4403 -0.0232 -0.0232  0.1566 -0.4660  0.1334 -0.4893


 Q= -0.046194 -0.046194  0.046194, q=  0.000000  0.000000 -0.250000

                       Si X   0        Si Y   0        Si Z   0        Si X   1        Si Y   1        Si Z   1     
                    --------------- --------------- --------------- --------------- --------------- ---------------
    0   2.7873 THz   0.4155  0.0000 -0.5392  0.1034 -0.1237  0.1034  0.3935  0.1334 -0.5438 -0.0752 -0.1503  0.0582
    1   2.7873 THz  -0.4009  0.0000 -0.1431  0.1071 -0.5439  0.1071 -0.3796 -0.1287 -0.1699  0.0555 -0.5496 -0.0731
    2   6.8767 THz   0.4082  0.0000  0.4082  0.0000 -0.4082  0.0000  0.3554 -0.2009  0.3554 -0.2009 -0.3554  0.2009
    3  14.6187 THz  -0.4082  0.0000 -0.4082 -0.0000  0.4082 -0.0000  0.3554 -0.2009  0.3554 -0.2009 -0.3554  0.2009
    4  14.8586 THz  -0.0000  0.0000 -0.3658 -0.3409 -0.3658 -0.3409  0.0000  0.0000  0.2370  0.4403  0.2370  0.4403
    5  14.8586 THz  -0.5774  0.0000  0.2887  0.0000 -0.2887  0.0000  0.5468  0.1853 -0.2734 -0.0927  0.2734  0.0927


 Q=  0.000000  0.000000  0.000000, q=  0.000000  0.000000  0.000000

                       Si X   0        Si Y   0        Si Z   0        Si X   1        Si Y   1        Si Z   1     
                    --------------- --------------- --------------- --------------- --------------- ---------------
    0  -0.0000 THz   0.7071  0.0000  0.0000  0.0000 -0.0000  0.0000  0.7071  0.0000  0.0000  0.0000  0.0000  0.0000
    1  -0.0000 THz   0.0000  0.0000 -0.7068  0.0000 -0.0209  0.0000  0.0000  0.0000 -0.7068  0.0000 -0.0209  0.0000
    2  -0.0000 THz   0.0000  0.0000  0.0209  0.0000 -0.7068  0.0000 -0.0000  0.0000  0.0209  0.0000 -0.7068  0.0000
    3  15.1770 THz   0.7071  0.0000  0.0000  0.0000  0.0000  0.0000 -0.7071  0.0000 -0.0000  0.0000 -0.0000  0.0000
    4  15.1770 THz   0.0000  0.0000 -0.4506  0.0000 -0.5449  0.0000 -0.0000  0.0000  0.4506  0.0000  0.5449  0.0000
    5  15.1770 THz   0.0000  0.0000  0.5449  0.0000 -0.4506  0.0000 -0.0000  0.0000 -0.5449  0.0000  0.4506  0.0000


 Q=  0.046194  0.046194 -0.046194, q=  0.000000  0.000000  0.250000

                       Si X   0        Si Y   0        Si Z   0        Si X   1        Si Y   1        Si Z   1     
                    --------------- --------------- --------------- --------------- --------------- ---------------
    0   2.7873 THz   0.4155  0.0000 -0.5392 -0.1034 -0.1237 -0.1034  0.3935 -0.1334 -0.5438  0.0752 -0.1503 -0.0582
    1   2.7873 THz  -0.4009  0.0000 -0.1431 -0.1071 -0.5439 -0.1071 -0.3796  0.1287 -0.1699 -0.0555 -0.5496  0.0731
    2   6.8767 THz   0.4082  0.0000  0.4082 -0.0000 -0.4082 -0.0000  0.3554  0.2009  0.3554  0.2009 -0.3554 -0.2009
    3  14.6187 THz  -0.4082  0.0000 -0.4082  0.0000  0.4082  0.0000  0.3554  0.2009  0.3554  0.2009 -0.3554 -0.2009
    4  14.8586 THz  -0.0000  0.0000 -0.3658  0.3409 -0.3658  0.3409  0.0000 -0.0000  0.2370 -0.4403  0.2370 -0.4403
    5  14.8586 THz  -0.5774  0.0000  0.2887 -0.0000 -0.2887 -0.0000  0.5468 -0.1853 -0.2734  0.0927  0.2734 -0.0927


 Q= -0.046194 -0.138581  0.138581, q=  0.000000  0.250000 -0.500000

                       Si X   0        Si Y   0        Si Z   0        Si X   1        Si Y   1        Si Z   1     
                    --------------- --------------- --------------- --------------- --------------- ---------------
    0   4.0396 THz   0.0000  0.0000 -0.4980  0.0446 -0.4980  0.0446  0.0000  0.0000 -0.4645 -0.1851 -0.4645 -0.1851
    1   5.7898 THz   0.3754  0.0000 -0.2748  0.3225  0.2748 -0.3225  0.2916  0.2364 -0.0103 -0.4236  0.0103  0.4236
    2   9.5816 THz   0.5556  0.0000  0.1258 -0.2825 -0.1258  0.2825 -0.0873  0.5487 -0.2988  0.0798  0.2988 -0.0798
    3  12.5490 THz   0.5565  0.0000  0.2343 -0.2006 -0.2343  0.2006  0.2643 -0.4897  0.2879 -0.1109 -0.2879  0.1109
    4  14.0945 THz   0.0000  0.0000  0.2006  0.4580  0.2006  0.4580 -0.0000 -0.0000  0.0278 -0.4992  0.0278 -0.4992
    5  14.4929 THz   0.4906  0.0000 -0.1980  0.3007  0.1980 -0.3007 -0.4240 -0.2469  0.0197  0.3595 -0.0197 -0.3595


 Q=  0.000000 -0.092387  0.092387, q=  0.000000  0.250000 -0.250000

                       Si X   0        Si Y   0        Si Z   0        Si X   1        Si Y   1        Si Z   1     
                    --------------- --------------- --------------- --------------- --------------- ---------------
    0   3.9907 THz   0.0000  0.0000 -0.4963  0.0605 -0.4963  0.0605  0.0000 -0.0000 -0.4963  0.0605 -0.4963  0.0605
    1   5.7474 THz   0.6217  0.0000  0.0000  0.2382  0.0000 -0.2382  0.6217  0.0000  0.0000 -0.2382  0.0000  0.2382
    2   8.5200 THz   0.3483  0.0000  0.0000 -0.4352 -0.0000  0.4352 -0.3483 -0.0000  0.0000 -0.4352 -0.0000  0.4352
    3  12.7210 THz   0.3368  0.0000  0.0000 -0.4396 -0.0000  0.4396  0.3368  0.0000 -0.0000  0.4396  0.0000 -0.4396
    4  14.2454 THz   0.0000  0.0000  0.4154  0.2784  0.4154  0.2784 -0.0000  0.0000 -0.4154 -0.2784 -0.4154 -0.2784
    5  14.7629 THz   0.6154  0.0000 -0.0000  0.2463 -0.0000 -0.2463 -0.6154  0.0000  0.0000  0.2463  0.0000 -0.2463


 Q=  0.046194 -0.046194  0.046194, q=  0.000000  0.250000  0.000000

                       Si X   0        Si Y   0        Si Z   0        Si X   1        Si Y   1        Si Z   1     
                    --------------- --------------- --------------- --------------- --------------- ---------------
    0   2.7873 THz   0.4387  0.0000  0.0963 -0.3008 -0.3424 -0.3008  0.4155 -0.1408 -0.0054 -0.3158 -0.4209 -0.1750
    1   2.7873 THz   0.3753  0.0000  0.3315  0.3516 -0.0438  0.3516  0.3555 -0.1205  0.4269  0.2266  0.0714  0.3471
    2   6.8767 THz  -0.4082  0.0000  0.4082  0.0000 -0.4082  0.0000 -0.3554 -0.2009  0.3554  0.2009 -0.3554 -0.2009
    3  14.6187 THz  -0.4082  0.0000  0.4082  0.0000 -0.4082  0.0000  0.3554  0.2009 -0.3554 -0.2009  0.3554  0.2009
    4  14.8586 THz   0.4862  0.0000  0.0195  0.1507 -0.4667  0.1507 -0.4605  0.1561 -0.0669 -0.1365  0.3936 -0.2925
    5  14.8586 THz  -0.3113  0.0000 -0.5048  0.2353 -0.1935  0.2353  0.2949 -0.0999  0.4026 -0.3849  0.1077 -0.2850


 Q=  0.092387  0.000000  0.000000, q=  0.000000  0.250000  0.250000

                       Si X   0        Si Y   0        Si Z   0        Si X   1        Si Y   1        Si Z   1     
                    --------------- --------------- --------------- --------------- --------------- ---------------
    0   3.7386 THz   0.0000  0.0000 -0.1791 -0.0514 -0.6821  0.0039  0.0000 -0.0000 -0.1404  0.3711 -0.5746  0.1114
    1   3.7386 THz   0.0000  0.0000 -0.6761 -0.0901  0.1842 -0.0283  0.0000 -0.0000 -0.5559 -0.1831  0.0923  0.3859
    2   7.1913 THz   0.7071  0.0000  0.0000 -0.0000 -0.0000  0.0000  0.7071  0.0000  0.0000  0.0000  0.0000  0.0000
    3  14.2579 THz   0.0000  0.0000  0.2265 -0.0567 -0.6343  0.2075 -0.0000  0.0000 -0.3059 -0.3381  0.5397 -0.0285
    4  14.2579 THz   0.0000  0.0000  0.6594  0.1032  0.2327  0.0196  0.0000 -0.0000 -0.5373  0.0584 -0.2478  0.3827
    5  14.7633 THz  -0.7071  0.0000  0.0000 -0.0000 -0.0000  0.0000  0.7071  0.0000  0.0000  0.0000  0.0000  0.0000


 Q= -0.230969  0.046194  0.046194, q=  0.250000 -0.500000 -0.500000

                       Si X   0        Si Y   0        Si Z   0        Si X   1        Si Y   1        Si Z   1     
                    --------------- --------------- --------------- --------------- --------------- ---------------
    0   4.0396 THz   0.0000  0.0000 -0.0386  0.4985  0.0386 -0.4985 -0.0000  0.0000  0.4622 -0.1907 -0.4622  0.1907
    1   5.7898 THz  -0.3754  0.0000  0.2748  0.3225  0.2748  0.3225  0.2364  0.2916 -0.4236 -0.0103 -0.4236 -0.0103
    2   9.5816 THz  -0.5556  0.0000 -0.1258 -0.2825 -0.1258 -0.2825  0.5487 -0.0873  0.0798 -0.2988  0.0798 -0.2988
    3  12.5490 THz   0.5565  0.0000  0.2343  0.2006  0.2343  0.2006  0.4897 -0.2643  0.1109 -0.2879  0.1109 -0.2879
    4  14.0945 THz   0.0000  0.0000 -0.0386 -0.4985  0.0386  0.4985 -0.0000 -0.0000  0.4273 -0.2596 -0.4273  0.2596
    5  14.4929 THz   0.4906  0.0000 -0.1980 -0.3007 -0.1980 -0.3007  0.2469  0.4240 -0.3595 -0.0197 -0.3595 -0.0197


 Q= -0.184775  0.092387  0.000000, q=  0.250000 -0.500000 -0.250000

                       Si X   0        Si Y   0        Si Z   0        Si X   1        Si Y   1        Si Z   1     
                    --------------- --------------- --------------- --------------- --------------- ---------------
    0   5.8678 THz   0.0000  0.0000 -0.2703  0.6991  0.0000  0.0000 -0.1688  0.4366  0.0000  0.0000 -0.4366 -0.1688
    1   5.8678 THz   0.4681  0.0000 -0.0000 -0.0000  0.0000 -0.4681 -0.0000 -0.0000  0.7496  0.0000 -0.0000 -0.0000
    2  10.7338 THz   0.0000  0.0000 -0.0000  0.0000 -0.0000 -0.0000  0.5113 -0.4884 -0.0000 -0.0000 -0.4884 -0.5113
    3  10.7338 THz  -0.7071  0.0000  0.0000 -0.0000  0.0000 -0.7071 -0.0000  0.0000 -0.0000  0.0000 -0.0000 -0.0000
    4  14.1428 THz   0.0000  0.0000  0.6543  0.1005 -0.0000  0.0000 -0.5239 -0.0804  0.0000  0.0000  0.0804 -0.5239
    5  14.1428 THz   0.5300  0.0000  0.0000 -0.0000  0.0000 -0.5300 -0.0000  0.0000 -0.6619 -0.0000  0.0000 -0.0000


 Q= -0.138581  0.138581 -0.046194, q=  0.250000 -0.500000  0.000000

                       Si X   0        Si Y   0        Si Z   0        Si X   1        Si Y   1        Si Z   1     
                    --------------- --------------- --------------- --------------- --------------- ---------------
    0   4.0396 THz   0.5000  0.0000  0.5000 -0.0000  0.0000 -0.0000  0.4461  0.2258  0.4461  0.2258  0.0000  0.0000
    1   5.7898 THz   0.4237  0.0000 -0.4237  0.0000 -0.2435 -0.2857 -0.3157  0.2826  0.3157 -0.2826 -0.0091 -0.3753
    2   9.5816 THz  -0.3093  0.0000  0.3093  0.0000 -0.2260 -0.5076  0.1945  0.2405 -0.1945 -0.2405  0.5368 -0.1434
    3  12.5490 THz  -0.3085  0.0000  0.3085 -0.0000 -0.4227 -0.3619 -0.2908 -0.1030  0.2908  0.1030 -0.5193  0.2001
    4  14.0945 THz   0.5000  0.0000  0.5000 -0.0000 -0.0000 -0.0000 -0.4461 -0.2258 -0.4461 -0.2258 -0.0000  0.0000
    5  14.4929 THz  -0.3601  0.0000  0.3601 -0.0000  0.2698  0.4098 -0.2894  0.2142  0.2894 -0.2142 -0.0269 -0.4899


 Q= -0.092387  0.184775 -0.092387, q=  0.250000 -0.500000  0.250000

                       Si X   0        Si Y   0        Si Z   0        Si X   1        Si Y   1        Si Z   1     
                    --------------- --------------- --------------- --------------- --------------- ---------------
    0   3.9907 THz  -0.5000  0.0000  0.0000 -0.0000  0.5000 -0.0000  0.0000 -0.5000 -0.0000 -0.0000  0.0000  0.5000
    1   5.7474 THz  -0.2382  0.0000  0.0000  0.6217 -0.2382 -0.0000 -0.0000  0.2382 -0.6217 -0.0000  0.0000  0.2382
    2   8.5200 THz  -0.4352  0.0000 -0.0000 -0.3483 -0.4352  0.0000 -0.0000 -0.4352 -0.3483 -0.0000 -0.0000 -0.4352
    3  12.7210 THz  -0.4396  0.0000 -0.0000 -0.3368 -0.4396  0.0000  0.0000  0.4396  0.3368 -0.0000  0.0000  0.4396
    4  14.2454 THz   0.5000  0.0000  0.0000 -0.0000 -0.5000  0.0000 -0.0000 -0.5000 -0.0000 -0.0000  0.0000  0.5000
    5  14.7629 THz   0.2463  0.0000 -0.0000 -0.6154  0.2463 -0.0000  0.0000  0.2463 -0.6154  0.0000 -0.0000  0.2463


 Q= -0.184775  0.000000  0.092387, q=  0.250000 -0.250000 -0.500000

                       Si X   0        Si Y   0        Si Z   0        Si X   1        Si Y   1        Si Z   1     
                    --------------- --------------- --------------- --------------- --------------- ---------------
    0   5.8678 THz   0.0000  0.0000 -0.0000  0.0000  0.7266  0.1841  0.4537  0.1150 -0.1150  0.4537 -0.0000 -0.0000
    1   5.8678 THz   0.4681  0.0000  0.0000 -0.4681  0.0000 -0.0000  0.0000 -0.0000 -0.0000 -0.0000  0.7496  0.0000
    2  10.7338 THz   0.0000  0.0000  0.0000  0.0000  0.0000  0.0000 -0.3435  0.6181  0.6181  0.3435  0.0000 -0.0000
    3  10.7338 THz  -0.7071  0.0000  0.0000 -0.7071  0.0000 -0.0000  0.0000  0.0000 -0.0000  0.0000  0.0000  0.0000
    4  14.1428 THz   0.0000  0.0000 -0.0000  0.0000  0.6534 -0.1056 -0.5232  0.0846 -0.0846 -0.5232  0.0000  0.0000
    5  14.1428 THz   0.5300  0.0000  0.0000 -0.5300  0.0000 -0.0000 -0.0000  0.0000 -0.0000  0.0000 -0.6619 -0.0000


 Q= -0.138581  0.046194  0.046194, q=  0.250000 -0.250000 -0.250000

                       Si X   0        Si Y   0        Si Z   0        Si X   1        Si Y   1        Si Z   1     
                    --------------- --------------- --------------- --------------- --------------- ---------------
    0   4.0396 THz  -0.0000  0.0000 -0.3903  0.3125  0.3903 -0.3125 -0.0000  0.0000  0.1025  0.4894 -0.1025 -0.4894
    1   5.7898 THz   0.3754  0.0000  0.2748 -0.3225  0.2748 -0.3225  0.2364 -0.2916  0.4236 -0.0103  0.4236 -0.0103
    2   9.5816 THz   0.5556  0.0000 -0.1258  0.2825 -0.1258  0.2825  0.5487  0.0873 -0.0798 -0.2988 -0.0798 -0.2988
    3  12.5490 THz  -0.5565  0.0000  0.2343 -0.2006  0.2343 -0.2006  0.4897  0.2643 -0.1109 -0.2879 -0.1109 -0.2879
    4  14.0945 THz  -0.0000  0.0000 -0.4988 -0.0345  0.4988  0.0345  0.0000 -0.0000  0.2561 -0.4294 -0.2561  0.4294
    5  14.4929 THz  -0.4906  0.0000 -0.1980  0.3007 -0.1980  0.3007  0.2469 -0.4240  0.3595 -0.0197  0.3595 -0.0197


 Q= -0.092387  0.092387  0.000000, q=  0.250000 -0.250000  0.000000

                       Si X   0        Si Y   0        Si Z   0        Si X   1        Si Y   1        Si Z   1     
                    --------------- --------------- --------------- --------------- --------------- ---------------
    0   3.9907 THz  -0.5000  0.0000 -0.5000 -0.0000  0.0000 -0.0000 -0.5000 -0.0000 -0.5000  0.0000  0.0000 -0.0000
    1   5.7474 THz   0.2382  0.0000 -0.2382 -0.0000  0.0000 -0.6217 -0.2382 -0.0000  0.2382  0.0000  0.0000 -0.6217
    2   8.5200 THz   0.4352  0.0000 -0.4352  0.0000 -0.0000  0.3483  0.4352  0.0000 -0.4352  0.0000 -0.0000 -0.3483
    3  12.7210 THz  -0.4396  0.0000  0.4396 -0.0000  0.0000 -0.3368  0.4396 -0.0000 -0.4396 -0.0000  0.0000 -0.3368
    4  14.2454 THz   0.5000  0.0000  0.5000  0.0000 -0.0000 -0.0000 -0.5000 -0.0000 -0.5000  0.0000  0.0000  0.0000
    5  14.7629 THz  -0.2463  0.0000  0.2463  0.0000 -0.0000  0.6154 -0.2463 -0.0000  0.2463  0.0000  0.0000 -0.6154


 Q= -0.046194  0.138581 -0.046194, q=  0.250000 -0.250000  0.250000

                       Si X   0        Si Y   0        Si Z   0        Si X   1        Si Y   1        Si Z   1     
                    --------------- --------------- --------------- --------------- --------------- ---------------
    0   4.0396 THz   0.5000  0.0000 -0.0000  0.0000 -0.5000 -0.0000  0.2258  0.4461 -0.0000 -0.0000 -0.2258 -0.4461
    1   5.7898 THz   0.4237  0.0000  0.2435 -0.2857  0.4237  0.0000  0.2826 -0.3157  0.3753  0.0091  0.2826 -0.3157
    2   9.5816 THz   0.3093  0.0000 -0.2260  0.5076  0.3093  0.0000 -0.2405 -0.1945 -0.1434  0.5368 -0.2405 -0.1945
    3  12.5490 THz  -0.3085  0.0000  0.4227 -0.3619 -0.3085  0.0000 -0.1030 -0.2908 -0.2001  0.5193 -0.1030 -0.2908
    4  14.0945 THz   0.5000  0.0000  0.0000 -0.0000 -0.5000  0.0000 -0.2258 -0.4461 -0.0000 -0.0000  0.2258  0.4461
    5  14.4929 THz  -0.3601  0.0000 -0.2698  0.4098 -0.3601  0.0000  0.2142 -0.2894  0.4899  0.0269  0.2142 -0.2894


 Q= -0.138581 -0.046194  0.138581, q=  0.250000  0.000000 -0.500000

                       Si X   0        Si Y   0        Si Z   0        Si X   1        Si Y   1        Si Z   1     
                    --------------- --------------- --------------- --------------- --------------- ---------------
    0   4.0396 THz  -0.5000 -0.0000 -0.0000  0.0000 -0.5000  0.0000 -0.4461 -0.2258 -0.0000 -0.0000 -0.4461 -0.2258
    1   5.7898 THz  -0.4237  0.0000  0.2435  0.2857  0.4237 -0.0000  0.3157 -0.2826  0.0091  0.3753 -0.3157  0.2826
    2   9.5816 THz   0.3093  0.0000  0.2260  0.5076 -0.3093 -0.0000 -0.1945 -0.2405 -0.5368  0.1434  0.1945  0.2405
    3  12.5490 THz   0.3085  0.0000  0.4227  0.3619 -0.3085 -0.0000  0.2908  0.1030  0.5193 -0.2001 -0.2908 -0.1030
    4  14.0945 THz   0.5000  0.0000  0.0000  0.0000  0.5000  0.0000 -0.4461 -0.2258  0.0000 -0.0000 -0.4461 -0.2258
    5  14.4929 THz  -0.3601  0.0000  0.2698  0.4098  0.3601  0.0000 -0.2894  0.2142 -0.0269 -0.4899  0.2894 -0.2142


 Q= -0.092387  0.000000  0.092387, q=  0.250000  0.000000 -0.250000

                       Si X   0        Si Y   0        Si Z   0        Si X   1        Si Y   1        Si Z   1     
                    --------------- --------------- --------------- --------------- --------------- ---------------
    0   3.9907 THz  -0.5000  0.0000  0.0000  0.0000 -0.5000  0.0000 -0.5000  0.0000 -0.0000 -0.0000 -0.5000  0.0000
    1   5.7474 THz   0.2382  0.0000 -0.0000 -0.6217 -0.2382  0.0000 -0.2382 -0.0000 -0.0000 -0.6217  0.2382 -0.0000
    2   8.5200 THz   0.4352  0.0000  0.0000  0.3483 -0.4352  0.0000  0.4352 -0.0000  0.0000 -0.3483 -0.4352  0.0000
    3  12.7210 THz   0.4396  0.0000  0.0000  0.3368 -0.4396  0.0000 -0.4396  0.0000  0.0000  0.3368  0.4396 -0.0000
    4  14.2454 THz   0.5000  0.0000  0.0000 -0.0000  0.5000 -0.0000 -0.5000  0.0000 -0.0000  0.0000 -0.5000  0.0000
    5  14.7629 THz   0.2463  0.0000 -0.0000 -0.6154 -0.2463  0.0000  0.2463 -0.0000  0.0000  0.6154 -0.2463 -0.0000


 Q= -0.046194  0.046194  0.046194, q=  0.250000  0.000000  0.000000

                       Si X   0        Si Y   0        Si Z   0        Si X   1        Si Y   1        Si Z   1     
                    --------------- --------------- --------------- --------------- --------------- ---------------
    0   2.7873 THz   0.5774  0.0000  0.2887 -0.0000  0.2887  0.0000  0.5468 -0.1853  0.2734 -0.0927  0.2734 -0.0927
    1   2.7873 THz   0.0000  0.0000  0.4801 -0.1396 -0.4801  0.1396  0.0000 -0.0000  0.4099 -0.2863 -0.4099  0.2863
    2   6.8767 THz  -0.4082  0.0000  0.4082 -0.0000  0.4082  0.0000 -0.3554 -0.2009  0.3554  0.2009  0.3554  0.2009
    3  14.6187 THz   0.4082  0.0000 -0.4082  0.0000 -0.4082  0.0000 -0.3554 -0.2009  0.3554  0.2009  0.3554  0.2009
    4  14.8586 THz   0.0000  0.0000 -0.4985  0.0385  0.4985 -0.0385 -0.0000  0.0000  0.4598 -0.1965 -0.4598  0.1965
    5  14.8586 THz  -0.5774  0.0000 -0.2887  0.0000 -0.2887  0.0000  0.5468 -0.1853  0.2734 -0.0927  0.2734 -0.0927


 Q=  0.000000  0.092387  0.000000, q=  0.250000  0.000000  0.250000

                       Si X   0        Si Y   0        Si Z   0        Si X   1        Si Y   1        Si Z   1     
                    --------------- --------------- --------------- --------------- --------------- ---------------
    0   3.7386 THz  -0.0000 -0.0000  0.0000 -0.0000  0.0341  0.7063  0.4267 -0.0206  0.0000 -0.0000  0.0272  0.5628
    1   3.7386 THz   0.7071  0.0000  0.0000 -0.0000 -0.0000  0.0000  0.5635  0.0000  0.0000 -0.0000  0.0000 -0.4272
    2   7.1913 THz   0.0000  0.0000  0.7070 -0.0116  0.0000 -0.0000 -0.0000 -0.0000  0.7070 -0.0116  0.0000 -0.0000
    3  14.2579 THz   0.0000  0.0000 -0.0000 -0.0000 -0.0222 -0.7068  0.4270 -0.0134  0.0000  0.0000  0.0177  0.5632
    4  14.2579 THz  -0.7071  0.0000  0.0000 -0.0000 -0.0000  0.0000  0.5635  0.0000  0.0000 -0.0000  0.0000 -0.4272
    5  14.7633 THz   0.0000  0.0000  0.7071  0.0082 -0.0000 -0.0000  0.0000 -0.0000 -0.7071 -0.0082  0.0000  0.0000


 Q= -0.092387 -0.092387  0.184775, q=  0.250000  0.250000 -0.500000

                       Si X   0        Si Y   0        Si Z   0        Si X   1        Si Y   1        Si Z   1     
                    --------------- --------------- --------------- --------------- --------------- ---------------
    0   3.9907 THz  -0.5000  0.0000  0.5000  0.0000  0.0000 -0.0000  0.0000 -0.5000  0.0000  0.5000  0.0000  0.0000
    1   5.7474 THz   0.2382  0.0000  0.2382  0.0000  0.0000 -0.6217  0.0000 -0.2382  0.0000 -0.2382  0.6217  0.0000
    2   8.5200 THz   0.4352  0.0000  0.4352  0.0000 -0.0000  0.3483 -0.0000  0.4352 -0.0000  0.4352  0.3483 -0.0000
    3  12.7210 THz   0.4396  0.0000  0.4396  0.0000 -0.0000  0.3368 -0.0000 -0.4396  0.0000 -0.4396 -0.3368 -0.0000
    4  14.2454 THz   0.5000  0.0000 -0.5000 -0.0000  0.0000  0.0000  0.0000 -0.5000  0.0000  0.5000  0.0000  0.0000
    5  14.7629 THz   0.2463  0.0000  0.2463  0.0000  0.0000 -0.6154 -0.0000  0.2463 -0.0000  0.2463 -0.6154 -0.0000


 Q= -0.046194 -0.046194  0.138581, q=  0.250000  0.250000 -0.250000

                       Si X   0        Si Y   0        Si Z   0        Si X   1        Si Y   1        Si Z   1     
                    --------------- --------------- --------------- --------------- --------------- ---------------
    0   4.0396 THz  -0.5000 -0.0000  0.5000  0.0000  0.0000  0.0000 -0.2258 -0.4461  0.2258  0.4461  0.0000  0.0000
    1   5.7898 THz  -0.4237  0.0000 -0.4237 -0.0000 -0.2435  0.2857 -0.2826  0.3157 -0.2826  0.3157 -0.3753 -0.0091
    2   9.5816 THz   0.3093  0.0000  0.3093 -0.0000 -0.2260  0.5076 -0.2405 -0.1945 -0.2405 -0.1945 -0.1434  0.5368
    3  12.5490 THz  -0.3085  0.0000 -0.3085 -0.0000  0.4227 -0.3619 -0.1030 -0.2908 -0.1030 -0.2908 -0.2001  0.5193
    4  14.0945 THz   0.5000  0.0000 -0.5000 -0.0000  0.0000 -0.0000 -0.2258 -0.4461  0.2258  0.4461 -0.0000  0.0000
    5  14.4929 THz   0.3601  0.0000  0.3601  0.0000  0.2698 -0.4098 -0.2142  0.2894 -0.2142  0.2894 -0.4899 -0.0269


 Q=  0.000000  0.000000  0.092387, q=  0.250000  0.250000  0.000000

                       Si X   0        Si Y   0        Si Z   0        Si X   1        Si Y   1        Si Z   1     
                    --------------- --------------- --------------- --------------- --------------- ---------------
    0   3.7386 THz   0.0000  0.0000  0.2256  0.6701 -0.0000  0.0000  0.4049 -0.1363  0.1798  0.5340 -0.0000 -0.0000
    1   3.7386 THz  -0.7071 -0.0000 -0.0000  0.0000 -0.0000  0.0000 -0.5635  0.0000 -0.0000  0.4272 -0.0000  0.0000
    2   7.1913 THz   0.0000  0.0000  0.0000  0.0000  0.7048  0.0574  0.0000 -0.0000  0.0000  0.0000  0.7048  0.0574
    3  14.2579 THz   0.7071  0.0000  0.0000  0.0000 -0.0000  0.0000 -0.5635  0.0000 -0.0000  0.4272 -0.0000  0.0000
    4  14.2579 THz   0.0000  0.0000  0.7065 -0.0286 -0.0000  0.0000  0.0173  0.4269 -0.5630  0.0228  0.0000 -0.0000
    5  14.7633 THz   0.0000  0.0000 -0.0000 -0.0000 -0.6206  0.3389 -0.0000 -0.0000  0.0000 -0.0000  0.6206 -0.3389


 Q=  0.046194  0.046194  0.046194, q=  0.250000  0.250000  0.250000

                       Si X   0        Si Y   0        Si Z   0        Si X   1        Si Y   1        Si Z   1     
                    --------------- --------------- --------------- --------------- --------------- ---------------
    0   2.7873 THz   0.5656  0.0000 -0.3780 -0.0318 -0.1876  0.0318  0.5357  0.1816 -0.3478 -0.1514 -0.1879 -0.0301
    1   2.7873 THz   0.1159  0.0000  0.4067  0.1551 -0.5226 -0.1551  0.1098  0.0372  0.3354  0.2774 -0.4451 -0.3146
    2   6.8767 THz  -0.4082  0.0000 -0.4082  0.0000 -0.4082  0.0000 -0.3554  0.2009 -0.3554  0.2009 -0.3554  0.2009
    3  14.6187 THz  -0.4082  0.0000 -0.4082  0.0000 -0.4082 -0.0000  0.3554 -0.2009  0.3554 -0.2009  0.3554 -0.2009
    4  14.8586 THz  -0.1826  0.0000 -0.3749  0.0875  0.5575 -0.0875  0.1730  0.0586  0.3831  0.0374 -0.5561 -0.0961
    5  14.8586 THz  -0.5477  0.0000  0.4293 -0.0292  0.1184  0.0292  0.5187  0.1758 -0.4160 -0.1102 -0.1028 -0.0656
