
Used Primitive lattice vector

    0.000000000000      1.736062500000      1.736062500000  
    1.736062500000      0.000000000000      1.736062500000  
    1.736062500000      1.736062500000      0.000000000000  

   1 Atom(s) in the Primitive cell

 0.0000000000 0.0000000000 0.0000000000 Ni    0


 Q= -0.144004 -0.144004 -0.144004, q= -0.500000 -0.500000 -0.500000

                       Ni X   0        Ni Y   0        Ni Z   0     
                    --------------- --------------- ---------------
    0   4.5910 THz   0.0000  0.0000  0.7071 -0.0000 -0.7071  0.0000
    1   4.5910 THz   0.8165  0.0000 -0.4082 -0.0000 -0.4082 -0.0000
    2   9.6317 THz  -0.5774  0.0000 -0.5774 -0.0000 -0.5774 -0.0000


 Q=  0.000000  0.000000 -0.288008, q= -0.500000 -0.500000  0.000000

                       Ni X   0        Ni Y   0        Ni Z   0     
                    --------------- --------------- ---------------
    0   6.7003 THz   0.0000  0.0000 -1.0000 -0.0000  0.0000 -0.0000
    1   6.7003 THz   1.0000  0.0000  0.0000  0.0000  0.0000  0.0000
    2   9.3549 THz   0.0000  0.0000  0.0000 -0.0000 -1.0000  0.0000


 Q=  0.000000 -0.288008  0.000000, q= -0.500000  0.000000 -0.500000

                       Ni X   0        Ni Y   0        Ni Z   0     
                    --------------- --------------- ---------------
    0   6.7003 THz   1.0000  0.0000  0.0000  0.0000  0.0000  0.0000
    1   6.7003 THz   0.0000  0.0000  0.0000 -0.0000  1.0000 -0.0000
    2   9.3549 THz   0.0000  0.0000 -1.0000  0.0000  0.0000 -0.0000


 Q=  0.144004 -0.144004 -0.144004, q= -0.500000  0.000000  0.000000

                       Ni X   0        Ni Y   0        Ni Z   0     
                    --------------- --------------- ---------------
    0   4.5910 THz   0.8165  0.0000  0.4082  0.0000  0.4082 -0.0000
    1   4.5910 THz   0.0000  0.0000 -0.0000  0.7071 -0.0000 -0.7071
    2   9.6317 THz   0.5774  0.0000 -0.5774 -0.0000 -0.5774  0.0000


 Q= -0.288008  0.000000  0.000000, q=  0.000000 -0.500000 -0.500000

                       Ni X   0        Ni Y   0        Ni Z   0     
                    --------------- --------------- ---------------
    0   6.7003 THz   0.0000  0.0000 -0.8255  0.0000  0.5644  0.0000
    1   6.7003 THz   0.0000  0.0000 -0.5644  0.0000 -0.8255 -0.0000
    2   9.3549 THz   1.0000  0.0000  0.0000  0.0000  0.0000  0.0000


 Q= -0.144004  0.144004 -0.144004, q=  0.000000 -0.500000  0.000000

                       Ni X   0        Ni Y   0        Ni Z   0     
                    --------------- --------------- ---------------
    0   4.5910 THz   0.8165  0.0000  0.4082 -0.0000 -0.4082 -0.0000
    1   4.5910 THz   0.0000  0.0000 -0.7071  0.0000 -0.7071  0.0000
    2   9.6317 THz   0.5774  0.0000 -0.5774  0.0000  0.5774  0.0000


 Q= -0.144004 -0.144004  0.144004, q=  0.000000  0.000000 -0.500000

                       Ni X   0        Ni Y   0        Ni Z   0     
                    --------------- --------------- ---------------
    0   4.5910 THz   0.0000  0.0000 -0.7071 -0.0000 -0.7071 -0.0000
    1   4.5910 THz   0.8165  0.0000 -0.4082 -0.0000  0.4082  0.0000
    2   9.6317 THz  -0.5774  0.0000 -0.5774 -0.0000  0.5774  0.0000


 Q=  0.000000  0.000000  0.000000, q=  0.000000  0.000000  0.000000

                       Ni X   0        Ni Y   0        Ni Z   0     
                    --------------- --------------- ---------------
    0  -0.0000 THz  -0.2477  0.0000 -0.9532  0.0000 -0.1735  0.0000
    1  -0.0000 THz   0.3444  0.0000  0.0807  0.0000 -0.9353  0.0000
    2  -0.0000 THz   0.9056  0.0000 -0.2914  0.0000  0.3083  0.0000
