
Used Primitive lattice vector

    0.000000000000      1.762500000000      1.762500000000  
    1.762500000000      0.000000000000      1.762500000000  
    1.762500000000      1.762500000000      0.000000000000  

   1 Atom(s) in the Primitive cell

 0.0000000000 0.0000000000 0.0000000000 Ni    0


 Q= -0.141844 -0.141844 -0.141844, q= -0.500000 -0.500000 -0.500000

                       Ni X   0        Ni Y   0        Ni Z   0     
                    --------------- --------------- ---------------
    0   4.3433 THz   0.8165  0.0000  0.0000  0.0000 -0.5774  0.0000
    1   4.3433 THz  -0.4082 -0.0000  0.7071  0.0000 -0.5774 -0.0000
    2   8.6876 THz  -0.4082 -0.0000 -0.7071 -0.0000 -0.5774 -0.0000


 Q=  0.000000  0.000000 -0.283688, q= -0.500000 -0.500000  0.000000

                       Ni X   0        Ni Y   0        Ni Z   0     
                    --------------- --------------- ---------------
    0   6.2396 THz   1.0000  0.0000  0.0000  0.0000  0.0000  0.0000
    1   6.2396 THz   0.0000  0.0000  1.0000  0.0000 -0.0000  0.0000
    2   8.4079 THz   0.0000  0.0000 -0.0000  0.0000 -1.0000  0.0000


 Q=  0.000000 -0.283688  0.000000, q= -0.500000  0.000000 -0.500000

                       Ni X   0        Ni Y   0        Ni Z   0     
                    --------------- --------------- ---------------
    0   6.2396 THz   0.0000  0.0000  1.0000  0.0000  0.0000  0.0000
    1   6.2396 THz  -0.0000  0.0000  0.0000  0.0000  1.0000  0.0000
    2   8.4079 THz  -1.0000 -0.0000  0.0000  0.0000 -0.0000 -0.0000


 Q=  0.141844 -0.141844 -0.141844, q= -0.500000  0.000000  0.000000

                       Ni X   0        Ni Y   0        Ni Z   0     
                    --------------- --------------- ---------------
    0   4.3433 THz   0.8165  0.0000  0.0000  0.0000  0.5774  0.0000
    1   4.3433 THz   0.4082  0.0000  0.7071 -0.0000 -0.5774 -0.0000
    2   8.6876 THz   0.4082  0.0000 -0.7071  0.0000 -0.5774 -0.0000


 Q= -0.283688  0.000000  0.000000, q=  0.000000 -0.500000 -0.500000

                       Ni X   0        Ni Y   0        Ni Z   0     
                    --------------- --------------- ---------------
    0   6.2396 THz   0.0000  0.0000  0.0000  0.0000  1.0000  0.0000
    1   6.2396 THz  -0.5243 -0.0000  0.8516 -0.0000  0.0000  0.0000
    2   8.4079 THz  -0.8516  0.0000 -0.5243  0.0000  0.0000  0.0000


 Q= -0.141844  0.141844 -0.141844, q=  0.000000 -0.500000  0.000000

                       Ni X   0        Ni Y   0        Ni Z   0     
                    --------------- --------------- ---------------
    0   4.3433 THz   0.8165  0.0000  0.0000  0.0000  0.5774  0.0000
    1   4.3433 THz   0.4082 -0.0000 -0.7071 -0.0000 -0.5774  0.0000
    2   8.6876 THz  -0.4082 -0.0000 -0.7071 -0.0000  0.5774  0.0000


 Q= -0.141844 -0.141844  0.141844, q=  0.000000  0.000000 -0.500000

                       Ni X   0        Ni Y   0        Ni Z   0     
                    --------------- --------------- ---------------
    0   4.3433 THz   0.0000  0.0000  0.8165  0.0000 -0.5774  0.0000
    1   4.3433 THz  -0.0000 -0.7071 -0.4082  0.0000 -0.5774  0.0000
    2   8.6876 THz   0.0000 -0.7071  0.4082  0.0000  0.5774  0.0000


 Q=  0.000000  0.000000  0.000000, q=  0.000000  0.000000  0.000000

                       Ni X   0        Ni Y   0        Ni Z   0     
                    --------------- --------------- ---------------
    0  -0.0000 THz   0.1792  0.0000 -0.3082  0.0000  0.9343  0.0000
    1   0.0000 THz   0.9464  0.0000 -0.2053  0.0000 -0.2493  0.0000
    2   0.0000 THz  -0.2686  0.0000 -0.9289  0.0000 -0.2549  0.0000
