6.623175 -3.823890 0.000000
0.000000 7.647781 0.000000
0.000000 0.000000 5.546703
0.045203 0.388784 0.973423 N
0.611216 0.656420 0.973423 N
0.343580 0.954797 0.973423 N
0.388784 0.045203 0.473423 N
0.656420 0.611216 0.473423 N
0.954797 0.343580 0.473423 N
0.317573 0.318690 0.203099 N
0.681310 0.998883 0.203099 N
0.001117 0.682427 0.203099 N
0.318690 0.317573 0.703099 N
0.998883 0.681310 0.703099 N
0.682427 0.001117 0.703099 N
0.333333 0.666667 0.305621 N
0.666667 0.333333 0.805621 N
0.000000 0.000000 0.949138 N
0.000000 0.000000 0.449138 N
0.082029 0.511183 0.246228 Si
0.488817 0.570845 0.246228 Si
0.429155 0.917971 0.246228 Si
0.511183 0.082029 0.746228 Si
0.570845 0.488817 0.746228 Si
0.917971 0.429155 0.746228 Si
0.168161 0.253583 0.950695 Si
0.746417 0.914578 0.950695 Si
0.085422 0.831839 0.950695 Si
0.253583 0.168161 0.450695 Si
0.914578 0.746417 0.450695 Si
0.831839 0.085422 0.450695 Si
4.25477 0.0 0.0 
0.0 4.254767 0.0 
0.0 0.0 4.206409 
 ion  1
  1 -2.04423 0.4618 -0.53233 
  2 0.50345 -2.73926 -0.15975 
  3 -0.49323 -0.0778 -2.72646 
 ion  2
  1 -2.14757 -0.56316 0.40448 
  2 -0.52139 -2.63599 -0.38116 
  3 0.31399 -0.38825 -2.72646 
 ion  3
  1 -2.98352 0.03888 0.12772 
  2 0.08047 -1.80001 0.54085 
  3 0.17924 0.46605 -2.72646 
 ion  4
  1 -2.14748 0.56309 -0.40442 
  2 0.52139 -2.63599 -0.38116 
  3 -0.31399 -0.38825 -2.72646 
 ion  5
  1 -2.98348 -0.03882 -0.12778 
  2 -0.08047 -1.80001 0.54085 
  3 -0.17924 0.46605 -2.72646 
 ion  6
  1 -2.04425 -0.46191 0.53224 
  2 -0.50345 -2.73926 -0.15975 
  3 0.49323 -0.0778 -2.72646 
 ion  7
  1 -2.35821 -0.42349 -0.27669 
  2 -0.51904 -2.38159 0.33661 
  3 -0.23004 0.31107 -2.81017 
 ion  8
  1 -2.78378 0.27329 -0.15315 
  2 0.17775 -1.95595 -0.40793 
  3 -0.15438 -0.35475 -2.81017 
 ion  9
  1 -1.96761 0.2935 0.42987 
  2 0.19799 -2.77218 0.0713 
  3 0.38442 0.04368 -2.81017 
 ion  10
  1 -2.78388 -0.27328 0.15316 
  2 -0.17775 -1.95595 -0.40793 
  3 0.15438 -0.35475 -2.81017 
 ion  11
  1 -1.96759 -0.29345 -0.42984 
  2 -0.19799 -2.77218 0.0713 
  3 -0.38442 0.04368 -2.81017 
 ion  12
  1 -2.3582 0.42354 0.27667 
  2 0.51904 -2.38159 0.33661 
  3 0.23004 0.31107 -2.81017 
 ion  13
  1 -2.90967 -0.06557 -1e-05 
  2 0.0655 -2.90965 3e-05 
  3 -0.0 0.0 -1.55261 
 ion  14
  1 -2.90974 0.06551 6e-05 
  2 -0.0655 -2.90965 3e-05 
  3 0.0 0.0 -1.55261 
 ion  15
  1 -2.86998 -0.07051 2e-05 
  2 0.0705 -2.87001 1e-05 
  3 -0.0 -0.0 -1.74893 
 ion  16
  1 -2.86997 0.07047 0.0 
  2 -0.0705 -2.87001 1e-05 
  3 0.0 0.0 -1.74893 
 ion  17
  1 3.17567 0.20443 -0.10176 
  2 0.0533 3.57545 0.01682 
  3 -0.28601 0.01779 3.26509 
 ion  18
  1 3.58718 0.1843 0.03637 
  2 0.03316 3.16401 -0.09657 
  3 0.12759 -0.25659 3.26509 
 ion  19
  1 3.36392 -0.16206 0.06545 
  2 -0.31313 3.38721 0.07976 
  3 0.15842 0.23879 3.26509 
 ion  20
  1 3.58709 -0.18433 -0.03632 
  2 -0.03316 3.16401 -0.09657 
  3 -0.12759 -0.25659 3.26509 
 ion  21
  1 3.36398 0.1621 -0.06551 
  2 0.31313 3.38721 0.07976 
  3 -0.15842 0.23879 3.26509 
 ion  22
  1 3.17562 -0.20441 0.10179 
  2 -0.0533 3.57545 0.01682 
  3 0.28601 0.01779 3.26509 
 ion  23
  1 3.27956 0.00043 -0.22403 
  2 -0.05855 3.34611 0.40056 
  3 -0.02975 0.10616 3.3725 
 ion  24
  1 3.30423 0.07286 -0.23483 
  2 0.01377 3.32139 -0.39426 
  3 -0.07707 -0.07885 3.3725 
 ion  25
  1 3.35468 0.01518 0.45887 
  2 -0.04375 3.27106 -0.00629 
  3 0.10682 -0.02732 3.3725 
 ion  26
  1 3.30426 -0.07284 0.23488 
  2 -0.01377 3.32139 -0.39426 
  3 0.07707 -0.07885 3.3725 
 ion  27
  1 3.35462 -0.01533 -0.45883 
  2 0.04375 3.27106 -0.00629 
  3 -0.10682 -0.02732 3.3725 
 ion  28
  1 3.27961 -0.00038 0.22394 
  2 0.05855 3.34611 0.40056 
  3 0.02975 0.10616 3.3725 
