
Used Primitive lattice vector

   -1.498138000000      1.498138000000      1.498138000000  
    1.498138000000     -1.498138000000      1.498138000000  
    1.498138000000      1.498138000000     -1.498138000000  

   1 Atom(s) in the Primitive cell

 0.0000000000 0.0000000000 0.0000000000 Mo    0


 Q= -0.333748 -0.333748 -0.333748, q= -0.500000 -0.500000 -0.500000

                       Mo X   0        Mo Y   0        Mo Z   0     
                    --------------- --------------- ---------------
    0   7.0441 THz   1.0000  0.0000  0.0000  0.0000  0.0000  0.0000
    1   7.0441 THz   0.0000  0.0000 -0.5592 -0.0000 -0.8290 -0.0000
    2   7.0441 THz   0.0000  0.0000 -0.8290  0.0000  0.5592  0.0000


 Q= -0.250311 -0.250311 -0.333748, q= -0.500000 -0.500000 -0.250000

                       Mo X   0        Mo Y   0        Mo Z   0     
                    --------------- --------------- ---------------
    0   7.1174 THz   0.0000  0.0000  0.0000  0.0000 -0.9103  0.4139
    1   7.5789 THz   0.7071  0.0000  0.7071 -0.0000  0.0000 -0.0000
    2   9.4368 THz   0.7071  0.0000 -0.7071  0.0000 -0.0000  0.0000


 Q= -0.166874 -0.166874 -0.333748, q= -0.500000 -0.500000  0.000000

                       Mo X   0        Mo Y   0        Mo Z   0     
                    --------------- --------------- ---------------
    0   6.4508 THz   0.0000  0.0000 -0.0000  0.0000 -1.0000  0.0000
    1   6.8835 THz  -0.7071  0.0000 -0.7071  0.0000  0.0000  0.0000
    2  10.6312 THz   0.7071  0.0000 -0.7071  0.0000  0.0000  0.0000


 Q= -0.083437 -0.083437 -0.333748, q= -0.500000 -0.500000  0.250000

                       Mo X   0        Mo Y   0        Mo Z   0     
                    --------------- --------------- ---------------
    0   7.1174 THz   0.0000  0.0000 -0.0000 -0.0000 -0.9602  0.2792
    1   7.5789 THz   0.7071  0.0000  0.7071  0.0000 -0.0000  0.0000
    2   9.4368 THz   0.7071  0.0000 -0.7071 -0.0000  0.0000 -0.0000


 Q= -0.250311 -0.333748 -0.250311, q= -0.500000 -0.250000 -0.500000

                       Mo X   0        Mo Y   0        Mo Z   0     
                    --------------- --------------- ---------------
    0   7.1174 THz   0.0000  0.0000  0.9739  0.2269  0.0000 -0.0000
    1   7.5789 THz   0.7071  0.0000  0.0000 -0.0000  0.7071 -0.0000
    2   9.4368 THz   0.7071  0.0000  0.0000  0.0000 -0.7071  0.0000


 Q= -0.166874 -0.250311 -0.250311, q= -0.500000 -0.250000 -0.250000

                       Mo X   0        Mo Y   0        Mo Z   0     
                    --------------- --------------- ---------------
    0   6.8430 THz  -0.5424  0.0000 -0.5940  0.0000 -0.5940  0.0000
    1   7.6321 THz   0.0000  0.0000  0.7063  0.0341 -0.7063 -0.0341
    2   9.5370 THz   0.8401  0.0000 -0.3835  0.0000 -0.3835  0.0000


 Q= -0.083437 -0.166874 -0.250311, q= -0.500000 -0.250000  0.000000

                       Mo X   0        Mo Y   0        Mo Z   0     
                    --------------- --------------- ---------------
    0   6.8430 THz   0.5940  0.0000  0.5424 -0.0000 -0.5940  0.0000
    1   7.6321 THz   0.7071  0.0000 -0.0000 -0.0000  0.7071 -0.0000
    2   9.5370 THz  -0.3835  0.0000  0.8401 -0.0000  0.3835 -0.0000


 Q=  0.000000 -0.083437 -0.250311, q= -0.500000 -0.250000  0.250000

                       Mo X   0        Mo Y   0        Mo Z   0     
                    --------------- --------------- ---------------
    0   7.1174 THz   1.0000  0.0000  0.0000  0.0000  0.0000  0.0000
    1   7.5789 THz   0.0000  0.0000 -0.5410 -0.4553  0.5410  0.4553
    2   9.4368 THz   0.0000  0.0000  0.1182  0.6972  0.1182  0.6972


 Q= -0.166874 -0.333748 -0.166874, q= -0.500000  0.000000 -0.500000

                       Mo X   0        Mo Y   0        Mo Z   0     
                    --------------- --------------- ---------------
    0   6.4508 THz   0.0000  0.0000 -1.0000  0.0000 -0.0000  0.0000
    1   6.8835 THz   0.7071  0.0000 -0.0000  0.0000  0.7071 -0.0000
    2  10.6312 THz  -0.7071  0.0000 -0.0000  0.0000  0.7071 -0.0000


 Q= -0.083437 -0.250311 -0.166874, q= -0.500000  0.000000 -0.250000

                       Mo X   0        Mo Y   0        Mo Z   0     
                    --------------- --------------- ---------------
    0   6.8430 THz   0.5940  0.0000 -0.5940 -0.0000  0.5424 -0.0000
    1   7.6321 THz  -0.7071  0.0000 -0.7071 -0.0000  0.0000 -0.0000
    2   9.5370 THz  -0.3835  0.0000  0.3835  0.0000  0.8401 -0.0000


 Q=  0.000000 -0.166874 -0.166874, q= -0.500000  0.000000  0.000000

                       Mo X   0        Mo Y   0        Mo Z   0     
                    --------------- --------------- ---------------
    0   6.4508 THz   1.0000  0.0000  0.0000  0.0000  0.0000  0.0000
    1   6.8835 THz   0.0000  0.0000 -0.7071  0.0000  0.7071 -0.0000
    2  10.6312 THz   0.0000  0.0000 -0.7071  0.0000 -0.7071  0.0000


 Q=  0.083437 -0.083437 -0.166874, q= -0.500000  0.000000  0.250000

                       Mo X   0        Mo Y   0        Mo Z   0     
                    --------------- --------------- ---------------
    0   6.8430 THz   0.5940  0.0000 -0.5940  0.0000  0.5424 -0.0000
    1   7.6321 THz  -0.7071  0.0000 -0.7071  0.0000 -0.0000 -0.0000
    2   9.5370 THz  -0.3835  0.0000  0.3835 -0.0000  0.8401 -0.0000


 Q= -0.083437 -0.333748 -0.083437, q= -0.500000  0.250000 -0.500000

                       Mo X   0        Mo Y   0        Mo Z   0     
                    --------------- --------------- ---------------
    0   7.1174 THz   0.0000  0.0000 -0.9969  0.0792  0.0000 -0.0000
    1   7.5789 THz   0.7071  0.0000  0.0000  0.0000  0.7071  0.0000
    2   9.4368 THz  -0.7071  0.0000  0.0000  0.0000  0.7071  0.0000


 Q=  0.000000 -0.250311 -0.083437, q= -0.500000  0.250000 -0.250000

                       Mo X   0        Mo Y   0        Mo Z   0     
                    --------------- --------------- ---------------
    0   7.1174 THz   1.0000  0.0000  0.0000  0.0000  0.0000  0.0000
    1   7.5789 THz   0.0000  0.0000 -0.5653  0.4247  0.5653 -0.4247
    2   9.4368 THz   0.0000  0.0000  0.1155 -0.6976  0.1155 -0.6976


 Q=  0.083437 -0.166874 -0.083437, q= -0.500000  0.250000  0.000000

                       Mo X   0        Mo Y   0        Mo Z   0     
                    --------------- --------------- ---------------
    0   6.8430 THz   0.5940  0.0000  0.5424 -0.0000 -0.5940  0.0000
    1   7.6321 THz   0.7071  0.0000 -0.0000  0.0000  0.7071 -0.0000
    2   9.5370 THz  -0.3835  0.0000  0.8401 -0.0000  0.3835 -0.0000


 Q=  0.166874 -0.083437 -0.083437, q= -0.500000  0.250000  0.250000

                       Mo X   0        Mo Y   0        Mo Z   0     
                    --------------- --------------- ---------------
    0   6.8430 THz  -0.5424  0.0000 -0.5940 -0.0000 -0.5940  0.0000
    1   7.6321 THz   0.0000  0.0000  0.4778 -0.5213 -0.4778  0.5213
    2   9.5370 THz   0.8401  0.0000 -0.3835 -0.0000 -0.3835  0.0000


 Q= -0.333748 -0.250311 -0.250311, q= -0.250000 -0.500000 -0.500000

                       Mo X   0        Mo Y   0        Mo Z   0     
                    --------------- --------------- ---------------
    0   7.1174 THz   1.0000  0.0000  0.0000  0.0000  0.0000  0.0000
    1   7.5789 THz   0.0000  0.0000 -0.6925  0.1428 -0.6925  0.1428
    2   9.4368 THz   0.0000  0.0000  0.6726 -0.2181 -0.6726  0.2181


 Q= -0.250311 -0.166874 -0.250311, q= -0.250000 -0.500000 -0.250000

                       Mo X   0        Mo Y   0        Mo Z   0     
                    --------------- --------------- ---------------
    0   6.8430 THz   0.5940  0.0000  0.5424  0.0000  0.5940  0.0000
    1   7.6321 THz  -0.7071  0.0000  0.0000  0.0000  0.7071 -0.0000
    2   9.5370 THz  -0.3835  0.0000  0.8401 -0.0000 -0.3835  0.0000


 Q= -0.166874 -0.083437 -0.250311, q= -0.250000 -0.500000  0.000000

                       Mo X   0        Mo Y   0        Mo Z   0     
                    --------------- --------------- ---------------
    0   6.8430 THz  -0.5424  0.0000 -0.5940 -0.0000  0.5940 -0.0000
    1   7.6321 THz   0.0000  0.0000 -0.6463  0.2868 -0.6463  0.2868
    2   9.5370 THz   0.8401  0.0000 -0.3835 -0.0000  0.3835 -0.0000


 Q= -0.083437  0.000000 -0.250311, q= -0.250000 -0.500000  0.250000

                       Mo X   0        Mo Y   0        Mo Z   0     
                    --------------- --------------- ---------------
    0   7.1174 THz   0.0000  0.0000  0.4821 -0.8761 -0.0000  0.0000
    1   7.5789 THz   0.7071  0.0000  0.0000  0.0000 -0.7071  0.0000
    2   9.4368 THz  -0.7071  0.0000  0.0000  0.0000 -0.7071  0.0000


 Q= -0.250311 -0.250311 -0.166874, q= -0.250000 -0.250000 -0.500000

                       Mo X   0        Mo Y   0        Mo Z   0     
                    --------------- --------------- ---------------
    0   6.8430 THz   0.5940  0.0000  0.5940  0.0000  0.5424 -0.0000
    1   7.6321 THz  -0.7071  0.0000  0.7071  0.0000  0.0000 -0.0000
    2   9.5370 THz   0.3835  0.0000  0.3835  0.0000 -0.8401 -0.0000


 Q= -0.166874 -0.166874 -0.166874, q= -0.250000 -0.250000 -0.250000

                       Mo X   0        Mo Y   0        Mo Z   0     
                    --------------- --------------- ---------------
    0   8.0866 THz   1.0000  0.0000  0.0000  0.0000  0.0000  0.0000
    1   8.0866 THz   0.0000  0.0000 -0.5996 -0.0205 -0.7286 -0.3304
    2   8.0866 THz   0.0000  0.0000  0.7739  0.2028 -0.4784 -0.3620


 Q= -0.083437 -0.083437 -0.166874, q= -0.250000 -0.250000  0.000000

                       Mo X   0        Mo Y   0        Mo Z   0     
                    --------------- --------------- ---------------
    0   6.8430 THz   0.5940  0.0000  0.5940 -0.0000 -0.5424  0.0000
    1   7.6321 THz   0.7071  0.0000 -0.7071  0.0000  0.0000 -0.0000
    2   9.5370 THz   0.3835  0.0000  0.3835 -0.0000  0.8401 -0.0000


 Q=  0.000000  0.000000 -0.166874, q= -0.250000 -0.250000  0.250000

                       Mo X   0        Mo Y   0        Mo Z   0     
                    --------------- --------------- ---------------
    0   5.6771 THz   1.0000  0.0000  0.0000  0.0000  0.0000  0.0000
    1   5.6771 THz   0.0000  0.0000 -0.0733 -0.9973 -0.0000  0.0000
    2   8.7262 THz   0.0000  0.0000 -0.0000  0.0000 -0.3432  0.9392


 Q= -0.166874 -0.250311 -0.083437, q= -0.250000  0.000000 -0.500000

                       Mo X   0        Mo Y   0        Mo Z   0     
                    --------------- --------------- ---------------
    0   6.8430 THz   0.5424  0.0000 -0.5940  0.0000  0.5940  0.0000
    1   7.6321 THz   0.0000  0.0000 -0.7063 -0.0347 -0.7063 -0.0347
    2   9.5370 THz   0.8401  0.0000  0.3835 -0.0000 -0.3835 -0.0000


 Q= -0.083437 -0.166874 -0.083437, q= -0.250000  0.000000 -0.250000

                       Mo X   0        Mo Y   0        Mo Z   0     
                    --------------- --------------- ---------------
    0   6.8430 THz   0.5940  0.0000 -0.5424  0.0000  0.5940  0.0000
    1   7.6321 THz  -0.7071  0.0000 -0.0000 -0.0000  0.7071  0.0000
    2   9.5370 THz   0.3835  0.0000  0.8401 -0.0000  0.3835 -0.0000


 Q=  0.000000 -0.083437 -0.083437, q= -0.250000  0.000000  0.000000

                       Mo X   0        Mo Y   0        Mo Z   0     
                    --------------- --------------- ---------------
    0   4.7505 THz   1.0000  0.0000  0.0000  0.0000  0.0000  0.0000
    1   4.9614 THz   0.0000  0.0000  0.4520  0.5438 -0.4520 -0.5438
    2   7.8113 THz   0.0000  0.0000  0.6956  0.1270  0.6956  0.1270


 Q=  0.083437  0.000000 -0.083437, q= -0.250000  0.000000  0.250000

                       Mo X   0        Mo Y   0        Mo Z   0     
                    --------------- --------------- ---------------
    0   4.7505 THz   0.0000  0.0000  0.2789 -0.9603 -0.0000  0.0000
    1   4.9614 THz   0.7071  0.0000  0.0000 -0.0000  0.7071  0.0000
    2   7.8113 THz   0.7071  0.0000  0.0000  0.0000 -0.7071 -0.0000


 Q= -0.083437 -0.250311  0.000000, q= -0.250000  0.250000 -0.500000

                       Mo X   0        Mo Y   0        Mo Z   0     
                    --------------- --------------- ---------------
    0   7.1174 THz   0.0000  0.0000  0.0000 -0.0000 -0.4054 -0.9142
    1   7.5789 THz   0.7071  0.0000 -0.7071 -0.0000 -0.0000 -0.0000
    2   9.4368 THz  -0.7071  0.0000 -0.7071 -0.0000 -0.0000 -0.0000


 Q=  0.000000 -0.166874  0.000000, q= -0.250000  0.250000 -0.250000

                       Mo X   0        Mo Y   0        Mo Z   0     
                    --------------- --------------- ---------------
    0   5.6771 THz   0.0000  0.0000  0.0000  0.0000 -0.9830  0.1836
    1   5.6771 THz   1.0000  0.0000  0.0000  0.0000  0.0000  0.0000
    2   8.7262 THz   0.0000  0.0000 -0.4071 -0.9134 -0.0000 -0.0000


 Q=  0.083437 -0.083437  0.000000, q= -0.250000  0.250000  0.000000

                       Mo X   0        Mo Y   0        Mo Z   0     
                    --------------- --------------- ---------------
    0   4.7505 THz   0.0000  0.0000 -0.0000 -0.0000 -0.0532  0.9986
    1   4.9614 THz   0.7071  0.0000  0.7071 -0.0000  0.0000  0.0000
    2   7.8113 THz   0.7071  0.0000 -0.7071  0.0000 -0.0000 -0.0000


 Q=  0.166874  0.000000  0.000000, q= -0.250000  0.250000  0.250000

                       Mo X   0        Mo Y   0        Mo Z   0     
                    --------------- --------------- ---------------
    0   5.6771 THz   0.0000  0.0000  0.9639  0.2492 -0.0545 -0.0765
    1   5.6771 THz   0.0000  0.0000 -0.0709 -0.0616 -0.1556 -0.9833
    2   8.7262 THz   1.0000  0.0000  0.0000  0.0000  0.0000  0.0000


 Q= -0.333748 -0.166874 -0.166874, q=  0.000000 -0.500000 -0.500000

                       Mo X   0        Mo Y   0        Mo Z   0     
                    --------------- --------------- ---------------
    0   6.4508 THz   1.0000  0.0000  0.0000  0.0000  0.0000  0.0000
    1   6.8835 THz   0.0000  0.0000 -0.7071 -0.0000 -0.7071 -0.0000
    2  10.6312 THz   0.0000  0.0000  0.7071 -0.0000 -0.7071  0.0000


 Q= -0.250311 -0.083437 -0.166874, q=  0.000000 -0.500000 -0.250000

                       Mo X   0        Mo Y   0        Mo Z   0     
                    --------------- --------------- ---------------
    0   6.8430 THz   0.5940  0.0000 -0.5940  0.0000 -0.5424  0.0000
    1   7.6321 THz   0.7071  0.0000  0.7071 -0.0000  0.0000 -0.0000
    2   9.5370 THz  -0.3835  0.0000  0.3835  0.0000 -0.8401 -0.0000


 Q= -0.166874  0.000000 -0.166874, q=  0.000000 -0.500000  0.000000

                       Mo X   0        Mo Y   0        Mo Z   0     
                    --------------- --------------- ---------------
    0   6.4508 THz   0.0000  0.0000 -1.0000  0.0000 -0.0000  0.0000
    1   6.8835 THz   0.7071  0.0000  0.0000 -0.0000 -0.7071 -0.0000
    2  10.6312 THz   0.7071  0.0000 -0.0000  0.0000  0.7071  0.0000


 Q= -0.083437  0.083437 -0.166874, q=  0.000000 -0.500000  0.250000

                       Mo X   0        Mo Y   0        Mo Z   0     
                    --------------- --------------- ---------------
    0   6.8430 THz   0.5940  0.0000 -0.5940  0.0000 -0.5424  0.0000
    1   7.6321 THz   0.7071  0.0000  0.7071 -0.0000  0.0000  0.0000
    2   9.5370 THz  -0.3835  0.0000  0.3835 -0.0000 -0.8401  0.0000


 Q= -0.250311 -0.166874 -0.083437, q=  0.000000 -0.250000 -0.500000

                       Mo X   0        Mo Y   0        Mo Z   0     
                    --------------- --------------- ---------------
    0   6.8430 THz   0.5940  0.0000 -0.5424  0.0000 -0.5940  0.0000
    1   7.6321 THz   0.7071  0.0000  0.0000 -0.0000  0.7071 -0.0000
    2   9.5370 THz   0.3835  0.0000  0.8401 -0.0000 -0.3835  0.0000


 Q= -0.166874 -0.083437 -0.083437, q=  0.000000 -0.250000 -0.250000

                       Mo X   0        Mo Y   0        Mo Z   0     
                    --------------- --------------- ---------------
    0   6.8430 THz   0.5424  0.0000 -0.5940  0.0000 -0.5940 -0.0000
    1   7.6321 THz   0.0000  0.0000  0.7008  0.0944 -0.7008 -0.0944
    2   9.5370 THz   0.8401  0.0000  0.3835 -0.0000  0.3835  0.0000


 Q= -0.083437  0.000000 -0.083437, q=  0.000000 -0.250000  0.000000

                       Mo X   0        Mo Y   0        Mo Z   0     
                    --------------- --------------- ---------------
    0   4.7505 THz   0.0000  0.0000  0.9944 -0.1058 -0.0000  0.0000
    1   4.9614 THz   0.7071  0.0000 -0.0000  0.0000 -0.7071  0.0000
    2   7.8113 THz  -0.7071  0.0000 -0.0000  0.0000 -0.7071  0.0000


 Q=  0.000000  0.083437 -0.083437, q=  0.000000 -0.250000  0.250000

                       Mo X   0        Mo Y   0        Mo Z   0     
                    --------------- --------------- ---------------
    0   4.7505 THz   1.0000  0.0000  0.0000  0.0000  0.0000  0.0000
    1   4.9614 THz   0.0000  0.0000 -0.6618  0.2489 -0.6618  0.2489
    2   7.8113 THz   0.0000  0.0000 -0.5135  0.4861  0.5135 -0.4861


 Q= -0.166874 -0.166874  0.000000, q=  0.000000  0.000000 -0.500000

                       Mo X   0        Mo Y   0        Mo Z   0     
                    --------------- --------------- ---------------
    0   6.4508 THz   0.0000  0.0000 -0.0000  0.0000 -1.0000 -0.0000
    1   6.8835 THz   0.7071  0.0000 -0.7071 -0.0000  0.0000  0.0000
    2  10.6312 THz  -0.7071  0.0000 -0.7071 -0.0000  0.0000  0.0000


 Q= -0.083437 -0.083437  0.000000, q=  0.000000  0.000000 -0.250000

                       Mo X   0        Mo Y   0        Mo Z   0     
                    --------------- --------------- ---------------
    0   4.7505 THz   0.0000  0.0000  0.0000  0.0000 -0.9416  0.3368
    1   4.9614 THz   0.7071  0.0000 -0.7071  0.0000 -0.0000  0.0000
    2   7.8113 THz  -0.7071  0.0000 -0.7071  0.0000 -0.0000  0.0000


 Q=  0.000000  0.000000  0.000000, q=  0.000000  0.000000  0.000000

                       Mo X   0        Mo Y   0        Mo Z   0     
                    --------------- --------------- ---------------
    0  -0.0000 THz   0.9913  0.0000 -0.0979  0.0000  0.0880  0.0000
    1   0.0000 THz  -0.0177  0.0000 -0.7618  0.0000 -0.6476  0.0000
    2   0.0000 THz  -0.1305  0.0000 -0.6404  0.0000  0.7569  0.0000


 Q=  0.083437  0.083437  0.000000, q=  0.000000  0.000000  0.250000

                       Mo X   0        Mo Y   0        Mo Z   0     
                    --------------- --------------- ---------------
    0   4.7505 THz   0.0000  0.0000  0.0000 -0.0000 -0.9416 -0.3368
    1   4.9614 THz   0.7071  0.0000 -0.7071 -0.0000 -0.0000 -0.0000
    2   7.8113 THz  -0.7071  0.0000 -0.7071 -0.0000 -0.0000 -0.0000


 Q= -0.083437 -0.166874  0.083437, q=  0.000000  0.250000 -0.500000

                       Mo X   0        Mo Y   0        Mo Z   0     
                    --------------- --------------- ---------------
    0   6.8430 THz   0.5940  0.0000 -0.5424 -0.0000 -0.5940 -0.0000
    1   7.6321 THz   0.7071  0.0000  0.0000 -0.0000  0.7071  0.0000
    2   9.5370 THz   0.3835  0.0000  0.8401  0.0000 -0.3835 -0.0000


 Q=  0.000000 -0.083437  0.083437, q=  0.000000  0.250000 -0.250000

                       Mo X   0        Mo Y   0        Mo Z   0     
                    --------------- --------------- ---------------
    0   4.7505 THz   1.0000  0.0000  0.0000  0.0000  0.0000  0.0000
    1   4.9614 THz   0.0000  0.0000 -0.6618 -0.2489 -0.6618 -0.2489
    2   7.8113 THz   0.0000  0.0000 -0.5135 -0.4861  0.5135  0.4861


 Q=  0.083437  0.000000  0.083437, q=  0.000000  0.250000  0.000000

                       Mo X   0        Mo Y   0        Mo Z   0     
                    --------------- --------------- ---------------
    0   4.7505 THz   0.0000  0.0000  0.9944  0.1058 -0.0000 -0.0000
    1   4.9614 THz   0.7071  0.0000 -0.0000 -0.0000 -0.7071 -0.0000
    2   7.8113 THz  -0.7071  0.0000 -0.0000 -0.0000 -0.7071 -0.0000


 Q=  0.166874  0.083437  0.083437, q=  0.000000  0.250000  0.250000

                       Mo X   0        Mo Y   0        Mo Z   0     
                    --------------- --------------- ---------------
    0   6.8430 THz   0.5424  0.0000 -0.5940 -0.0000 -0.5940  0.0000
    1   7.6321 THz   0.0000  0.0000  0.7008 -0.0944 -0.7008  0.0944
    2   9.5370 THz   0.8401  0.0000  0.3835  0.0000  0.3835 -0.0000


 Q= -0.333748 -0.083437 -0.083437, q=  0.250000 -0.500000 -0.500000

                       Mo X   0        Mo Y   0        Mo Z   0     
                    --------------- --------------- ---------------
    0   7.1174 THz   1.0000  0.0000  0.0000  0.0000  0.0000  0.0000
    1   7.5789 THz   0.0000  0.0000 -0.7017  0.0876 -0.7017  0.0876
    2   9.4368 THz   0.0000  0.0000  0.6776  0.2022 -0.6776 -0.2022


 Q= -0.250311  0.000000 -0.083437, q=  0.250000 -0.500000 -0.250000

                       Mo X   0        Mo Y   0        Mo Z   0     
                    --------------- --------------- ---------------
    0   7.1174 THz   0.0000  0.0000  0.2597 -0.9657  0.0000  0.0000
    1   7.5789 THz  -0.7071 -0.0000 -0.0000  0.0000  0.7071 -0.0000
    2   9.4368 THz   0.7071  0.0000  0.0000  0.0000  0.7071 -0.0000


 Q= -0.166874  0.083437 -0.083437, q=  0.250000 -0.500000  0.000000

                       Mo X   0        Mo Y   0        Mo Z   0     
                    --------------- --------------- ---------------
    0   6.8430 THz  -0.5424  0.0000 -0.5940  0.0000  0.5940  0.0000
    1   7.6321 THz   0.0000  0.0000 -0.7070  0.0125 -0.7070  0.0125
    2   9.5370 THz   0.8401  0.0000 -0.3835  0.0000  0.3835  0.0000


 Q= -0.083437  0.166874 -0.083437, q=  0.250000 -0.500000  0.250000

                       Mo X   0        Mo Y   0        Mo Z   0     
                    --------------- --------------- ---------------
    0   6.8430 THz   0.5940  0.0000  0.5424 -0.0000  0.5940 -0.0000
    1   7.6321 THz  -0.7071  0.0000  0.0000 -0.0000  0.7071  0.0000
    2   9.5370 THz  -0.3835  0.0000  0.8401  0.0000 -0.3835 -0.0000


 Q= -0.250311 -0.083437  0.000000, q=  0.250000 -0.250000 -0.500000

                       Mo X   0        Mo Y   0        Mo Z   0     
                    --------------- --------------- ---------------
    0   7.1174 THz   0.0000  0.0000  0.0000  0.0000 -0.8127  0.5826
    1   7.5789 THz   0.7071  0.0000 -0.7071 -0.0000 -0.0000  0.0000
    2   9.4368 THz  -0.7071  0.0000 -0.7071 -0.0000 -0.0000  0.0000


 Q= -0.166874  0.000000  0.000000, q=  0.250000 -0.250000 -0.250000

                       Mo X   0        Mo Y   0        Mo Z   0     
                    --------------- --------------- ---------------
    0   5.6771 THz   0.0000  0.0000  0.9639 -0.2492 -0.0545  0.0765
    1   5.6771 THz   0.0000  0.0000 -0.0709  0.0616 -0.1556  0.9833
    2   8.7262 THz   1.0000  0.0000  0.0000  0.0000  0.0000  0.0000


 Q= -0.083437  0.083437  0.000000, q=  0.250000 -0.250000  0.000000

                       Mo X   0        Mo Y   0        Mo Z   0     
                    --------------- --------------- ---------------
    0   4.7505 THz   0.0000  0.0000 -0.0000  0.0000 -0.0532 -0.9986
    1   4.9614 THz   0.7071  0.0000  0.7071  0.0000  0.0000 -0.0000
    2   7.8113 THz   0.7071  0.0000 -0.7071 -0.0000 -0.0000  0.0000


 Q=  0.000000  0.166874  0.000000, q=  0.250000 -0.250000  0.250000

                       Mo X   0        Mo Y   0        Mo Z   0     
                    --------------- --------------- ---------------
    0   5.6771 THz   0.0000  0.0000  0.0000 -0.0000 -0.9830 -0.1836
    1   5.6771 THz   1.0000  0.0000  0.0000  0.0000  0.0000  0.0000
    2   8.7262 THz   0.0000  0.0000 -0.4071  0.9134 -0.0000  0.0000


 Q= -0.166874 -0.083437  0.083437, q=  0.250000  0.000000 -0.500000

                       Mo X   0        Mo Y   0        Mo Z   0     
                    --------------- --------------- ---------------
    0   6.8430 THz   0.5424  0.0000 -0.5940 -0.0000  0.5940 -0.0000
    1   7.6321 THz   0.0000  0.0000 -0.7044  0.0621 -0.7044  0.0621
    2   9.5370 THz   0.8401  0.0000  0.3835  0.0000 -0.3835  0.0000


 Q= -0.083437  0.000000  0.083437, q=  0.250000  0.000000 -0.250000

                       Mo X   0        Mo Y   0        Mo Z   0     
                    --------------- --------------- ---------------
    0   4.7505 THz   0.0000  0.0000  0.2789  0.9603 -0.0000  0.0000
    1   4.9614 THz   0.7071  0.0000  0.0000  0.0000  0.7071 -0.0000
    2   7.8113 THz   0.7071  0.0000  0.0000 -0.0000 -0.7071  0.0000


 Q=  0.000000  0.083437  0.083437, q=  0.250000  0.000000  0.000000

                       Mo X   0        Mo Y   0        Mo Z   0     
                    --------------- --------------- ---------------
    0   4.7505 THz   1.0000  0.0000  0.0000  0.0000  0.0000  0.0000
    1   4.9614 THz   0.0000  0.0000  0.4520 -0.5438 -0.4520  0.5438
    2   7.8113 THz   0.0000  0.0000  0.6956 -0.1270  0.6956 -0.1270


 Q=  0.083437  0.166874  0.083437, q=  0.250000  0.000000  0.250000

                       Mo X   0        Mo Y   0        Mo Z   0     
                    --------------- --------------- ---------------
    0   6.8430 THz   0.5940  0.0000 -0.5424 -0.0000  0.5940 -0.0000
    1   7.6321 THz  -0.7071  0.0000 -0.0000  0.0000  0.7071 -0.0000
    2   9.5370 THz   0.3835  0.0000  0.8401  0.0000  0.3835  0.0000


 Q= -0.083437 -0.083437  0.166874, q=  0.250000  0.250000 -0.500000

                       Mo X   0        Mo Y   0        Mo Z   0     
                    --------------- --------------- ---------------
    0   6.8430 THz   0.5940  0.0000  0.5940 -0.0000  0.5424  0.0000
    1   7.6321 THz  -0.7071  0.0000  0.7071 -0.0000  0.0000  0.0000
    2   9.5370 THz   0.3835  0.0000  0.3835 -0.0000 -0.8401  0.0000


 Q=  0.000000  0.000000  0.166874, q=  0.250000  0.250000 -0.250000

                       Mo X   0        Mo Y   0        Mo Z   0     
                    --------------- --------------- ---------------
    0   5.6771 THz   1.0000  0.0000  0.0000  0.0000  0.0000  0.0000
    1   5.6771 THz   0.0000  0.0000 -0.0733  0.9973 -0.0000 -0.0000
    2   8.7262 THz   0.0000  0.0000 -0.0000 -0.0000 -0.3432 -0.9392


 Q=  0.083437  0.083437  0.166874, q=  0.250000  0.250000  0.000000

                       Mo X   0        Mo Y   0        Mo Z   0     
                    --------------- --------------- ---------------
    0   6.8430 THz   0.5940  0.0000  0.5940  0.0000 -0.5424 -0.0000
    1   7.6321 THz   0.7071  0.0000 -0.7071 -0.0000  0.0000  0.0000
    2   9.5370 THz   0.3835  0.0000  0.3835  0.0000  0.8401  0.0000


 Q=  0.166874  0.166874  0.166874, q=  0.250000  0.250000  0.250000

                       Mo X   0        Mo Y   0        Mo Z   0     
                    --------------- --------------- ---------------
    0   8.0866 THz   1.0000  0.0000  0.0000  0.0000  0.0000  0.0000
    1   8.0866 THz   0.0000  0.0000 -0.5996  0.0205 -0.7286  0.3304
    2   8.0866 THz   0.0000  0.0000  0.7739 -0.2028 -0.4784  0.3620
