
Used Primitive lattice vector

   -2.639086000000     -2.639086000000      0.000000000000  
   -2.639086000000      0.000000000000     -2.639086000000  
    0.000000000000     -2.639086000000     -2.639086000000  

   2 Atom(s) in the Primitive cell

 0.0000000000 0.0000000000 0.0000000000 Si    0
 0.7500000000 0.7500000000 0.7500000000 Si    1


 Q=  0.094730  0.094730  0.094730, q= -0.500000 -0.500000 -0.500000

                       Si X   0        Si Y   0        Si Z   0        Si X   1        Si Y   1        Si Z   1     
                    --------------- --------------- --------------- --------------- --------------- ---------------
    0   2.5371 THz   0.5298  0.0000 -0.4632  0.0113 -0.0666 -0.0113  0.3746  0.3746 -0.3356 -0.3195 -0.0391 -0.0551
    1   2.5371 THz   0.2294  0.0000  0.3434 -0.0262 -0.5728  0.0262  0.1622  0.1622  0.2614  0.2243 -0.4236 -0.3865
    2  11.4037 THz  -0.4082  0.0000 -0.4082  0.0000 -0.4082  0.0000  0.2887  0.2887  0.2887  0.2887  0.2887  0.2887
    3  14.4565 THz  -0.4082  0.0000 -0.4082  0.0000 -0.4082 -0.0000 -0.2887 -0.2887 -0.2887 -0.2887 -0.2887 -0.2887
    4  16.3230 THz  -0.5771  0.0000  0.2794  0.0118  0.2977 -0.0118  0.4081  0.4081 -0.1892 -0.2059 -0.2189 -0.2022
    5  16.3230 THz   0.0173  0.0000 -0.3160  0.3941  0.2988 -0.3941 -0.0122 -0.0122  0.5021 -0.0552 -0.4899  0.0674


 Q=  0.142095  0.047365  0.047365, q= -0.500000 -0.500000 -0.250000

                       Si X   0        Si Y   0        Si Z   0        Si X   1        Si Y   1        Si Z   1     
                    --------------- --------------- --------------- --------------- --------------- ---------------
    0   3.3939 THz   0.0000  0.0000 -0.3549  0.3522  0.3549 -0.3522  0.0000  0.0000 -0.4689 -0.1735  0.4689  0.1735
    1   5.5132 THz   0.3653  0.0000 -0.2462 -0.3503 -0.2462 -0.3503  0.2009  0.3051 -0.4279 -0.0130 -0.4279 -0.0130
    2  10.4291 THz   0.5662  0.0000  0.1106  0.2784  0.1106  0.2784  0.5479 -0.1425  0.0370 -0.2972  0.0370 -0.2972
    3  13.9595 THz  -0.5852  0.0000 -0.1825 -0.2132 -0.1825 -0.2132  0.5202 -0.2680  0.0646 -0.2731  0.0646 -0.2731
    4  15.8372 THz  -0.0000  0.0000  0.2652 -0.4239 -0.2652  0.4239  0.0000  0.0000 -0.4962 -0.0619  0.4962  0.0619
    5  16.2494 THz  -0.4512  0.0000  0.1762  0.3423  0.1762  0.3423  0.1755  0.4157 -0.3839 -0.0292 -0.3839 -0.0292


 Q=  0.189460  0.000000  0.000000, q= -0.500000 -0.500000  0.000000

                       Si X   0        Si Y   0        Si Z   0        Si X   1        Si Y   1        Si Z   1     
                    --------------- --------------- --------------- --------------- --------------- ---------------
    0   3.0260 THz   0.0000  0.0000  0.3298 -0.0545 -0.5941 -0.1879  0.0000 -0.0000 -0.1879  0.5941 -0.0545 -0.3298
    1   3.0260 THz   0.0000  0.0000 -0.5646  0.2636 -0.3341 -0.0111  0.0000 -0.0000 -0.0111  0.3341  0.2636  0.5646
    2  13.3981 THz   0.0000  0.0000  0.0000 -0.0000 -0.0000  0.0000  0.5510 -0.8345 -0.0000 -0.0000  0.0000  0.0000
    3  13.3981 THz   1.0000  0.0000  0.0000  0.0000  0.0000  0.0000  0.0000  0.0000  0.0000  0.0000  0.0000  0.0000
    4  15.8120 THz   0.0000  0.0000  0.6745 -0.0703 -0.1894  0.0652 -0.0000  0.0000 -0.0652 -0.1894  0.0703  0.6745
    5  15.8120 THz   0.0000  0.0000  0.1978  0.0313  0.6765 -0.0480 -0.0000  0.0000  0.0480  0.6765 -0.0313  0.1978


 Q=  0.236824 -0.047365 -0.047365, q= -0.500000 -0.500000  0.250000

                       Si X   0        Si Y   0        Si Z   0        Si X   1        Si Y   1        Si Z   1     
                    --------------- --------------- --------------- --------------- --------------- ---------------
    0   3.3939 THz  -0.0000  0.0000  0.3409  0.3658 -0.3409 -0.3658  0.0000 -0.0000 -0.4754  0.1550  0.4754 -0.1550
    1   5.5132 THz   0.3653  0.0000 -0.2462  0.3503 -0.2462  0.3503 -0.2009  0.3051  0.4279 -0.0130  0.4279 -0.0130
    2  10.4291 THz  -0.5662  0.0000 -0.1106  0.2784 -0.1106  0.2784  0.5479  0.1425  0.0370  0.2972  0.0370  0.2972
    3  13.9595 THz   0.5852  0.0000  0.1825 -0.2132  0.1825 -0.2132  0.5202  0.2680  0.0646  0.2731  0.0646  0.2731
    4  15.8372 THz   0.0000  0.0000 -0.2636 -0.4249  0.2636  0.4249  0.0000 -0.0000 -0.4964  0.0600  0.4964 -0.0600
    5  16.2494 THz   0.4512  0.0000 -0.1762  0.3423 -0.1762  0.3423  0.1755 -0.4157 -0.3839  0.0292 -0.3839  0.0292


 Q=  0.047365  0.142095  0.047365, q= -0.500000 -0.250000 -0.500000

                       Si X   0        Si Y   0        Si Z   0        Si X   1        Si Y   1        Si Z   1     
                    --------------- --------------- --------------- --------------- --------------- ---------------
    0   3.3939 THz  -0.5000  0.0000  0.0000  0.0000  0.5000 -0.0000 -0.2107 -0.4534  0.0000  0.0000  0.2107  0.4534
    1   5.5132 THz   0.4281  0.0000 -0.2100  0.2988  0.4281 -0.0000  0.2566 -0.3427 -0.3651 -0.0111  0.2566 -0.3427
    2  10.4291 THz  -0.2995  0.0000 -0.2090  0.5262 -0.2995 -0.0000  0.2626  0.1441 -0.0698  0.5619  0.2626  0.1441
    3  13.9595 THz  -0.2807  0.0000 -0.3806  0.4445 -0.2807 -0.0000 -0.1655 -0.2267  0.1347 -0.5695 -0.1655 -0.2267
    4  15.8372 THz   0.5000  0.0000 -0.0000 -0.0000 -0.5000  0.0000 -0.2107 -0.4534 -0.0000  0.0000  0.2107  0.4534
    5  16.2494 THz  -0.3850  0.0000  0.2066 -0.4011 -0.3850  0.0000  0.2017 -0.3279 -0.4499 -0.0343  0.2017 -0.3279


 Q=  0.094730  0.094730  0.000000, q= -0.500000 -0.250000 -0.250000

                       Si X   0        Si Y   0        Si Z   0        Si X   1        Si Y   1        Si Z   1     
                    --------------- --------------- --------------- --------------- --------------- ---------------
    0   3.6329 THz  -0.5000  0.0000  0.5000 -0.0000 -0.0000 -0.0000 -0.5000  0.0000  0.5000  0.0000 -0.0000 -0.0000
    1   5.5454 THz  -0.2588  0.0000 -0.2588  0.0000  0.0000  0.6050  0.2588 -0.0000  0.2588 -0.0000  0.0000  0.6050
    2   9.2670 THz   0.4229  0.0000  0.4229  0.0000  0.0000  0.3772  0.4229 -0.0000  0.4229 -0.0000  0.0000 -0.3772
    3  14.1676 THz  -0.4278  0.0000 -0.4278  0.0000 -0.0000 -0.3660  0.4278 -0.0000  0.4278 -0.0000 -0.0000 -0.3660
    4  15.8841 THz   0.5000  0.0000 -0.5000  0.0000 -0.0000  0.0000 -0.5000  0.0000  0.5000 -0.0000 -0.0000 -0.0000
    5  16.4843 THz   0.2667  0.0000  0.2667 -0.0000 -0.0000 -0.5981  0.2667 -0.0000  0.2667  0.0000  0.0000  0.5981


 Q=  0.142095  0.047365 -0.047365, q= -0.500000 -0.250000  0.000000

                       Si X   0        Si Y   0        Si Z   0        Si X   1        Si Y   1        Si Z   1     
                    --------------- --------------- --------------- --------------- --------------- ---------------
    0   3.3939 THz   0.0000  0.0000 -0.4509 -0.2160 -0.4509 -0.2160  0.0000 -0.0000 -0.3859  0.3179 -0.3859  0.3179
    1   5.5132 THz   0.3653  0.0000 -0.2462  0.3503  0.2462 -0.3503  0.2009 -0.3051 -0.4279  0.0130  0.4279 -0.0130
    2  10.4291 THz   0.5662  0.0000  0.1106 -0.2784 -0.1106  0.2784  0.5479  0.1425  0.0370  0.2972 -0.0370 -0.2972
    3  13.9595 THz   0.5852  0.0000  0.1825 -0.2132 -0.1825  0.2132 -0.5202 -0.2680 -0.0646 -0.2731  0.0646  0.2731
    4  15.8372 THz   0.0000  0.0000 -0.4971 -0.0538 -0.4971 -0.0538 -0.0000  0.0000  0.2583 -0.4281  0.2583 -0.4281
    5  16.2494 THz  -0.4512  0.0000  0.1762 -0.3423 -0.1762  0.3423  0.1755 -0.4157 -0.3839  0.0292  0.3839 -0.0292


 Q=  0.189460  0.000000 -0.094730, q= -0.500000 -0.250000  0.250000

                       Si X   0        Si Y   0        Si Z   0        Si X   1        Si Y   1        Si Z   1     
                    --------------- --------------- --------------- --------------- --------------- ---------------
    0   5.4774 THz   0.4740  0.0000  0.0000  0.4740  0.0000 -0.0000  0.0000 -0.0000  0.0000  0.0000  0.7421  0.0000
    1   5.4774 THz   0.0000  0.0000 -0.0000 -0.0000 -0.1069 -0.7343 -0.0683 -0.4690 -0.4690  0.0683 -0.0000  0.0000
    2  11.8859 THz   0.0000  0.0000  0.0000  0.0000  0.0000 -0.0000 -0.6450  0.2898 -0.2898 -0.6450  0.0000  0.0000
    3  11.8859 THz  -0.7071  0.0000  0.0000  0.7071 -0.0000 -0.0000  0.0000  0.0000  0.0000 -0.0000  0.0000  0.0000
    4  15.9948 THz   0.0000  0.0000 -0.0000  0.0000 -0.0947  0.6636  0.0741 -0.5195 -0.5195 -0.0741 -0.0000 -0.0000
    5  15.9948 THz   0.5247  0.0000  0.0000  0.5247 -0.0000 -0.0000 -0.0000  0.0000 -0.0000 -0.0000 -0.6703  0.0000


 Q=  0.000000  0.189460  0.000000, q= -0.500000  0.000000 -0.500000

                       Si X   0        Si Y   0        Si Z   0        Si X   1        Si Y   1        Si Z   1     
                    --------------- --------------- --------------- --------------- --------------- ---------------
    0   3.0260 THz   0.7071  0.0000  0.0000 -0.0000  0.0000 -0.0000  0.0000  0.0000  0.0000 -0.0000 -0.0000 -0.7071
    1   3.0260 THz   0.0000  0.0000  0.0000  0.0000 -0.7071  0.0000  0.0000  0.7071  0.0000  0.0000 -0.0000  0.0000
    2  13.3981 THz   0.0000  0.0000 -0.0282 -0.0418  0.0000 -0.0000  0.0000  0.0000 -0.8104 -0.5837  0.0000 -0.0000
    3  13.3981 THz   0.0000  0.0000 -0.9981 -0.0343 -0.0000  0.0000  0.0000 -0.0000  0.0479 -0.0158  0.0000 -0.0000
    4  15.8120 THz  -0.7071  0.0000  0.0000 -0.0000  0.0000 -0.0000  0.0000  0.0000  0.0000 -0.0000 -0.0000 -0.7071
    5  15.8120 THz   0.0000  0.0000  0.0000 -0.0000 -0.7071 -0.0000  0.0000 -0.7071  0.0000 -0.0000  0.0000 -0.0000


 Q=  0.047365  0.142095 -0.047365, q= -0.500000  0.000000 -0.250000

                       Si X   0        Si Y   0        Si Z   0        Si X   1        Si Y   1        Si Z   1     
                    --------------- --------------- --------------- --------------- --------------- ---------------
    0   3.3939 THz  -0.5000 -0.0000  0.0000 -0.0000 -0.5000 -0.0000 -0.2107  0.4534  0.0000 -0.0000 -0.2107  0.4534
    1   5.5132 THz  -0.4281  0.0000  0.2100  0.2988  0.4281  0.0000 -0.2566 -0.3427  0.3651 -0.0111  0.2566  0.3427
    2  10.4291 THz  -0.2995  0.0000 -0.2090 -0.5262  0.2995 -0.0000  0.2626 -0.1441 -0.0698 -0.5619 -0.2626  0.1441
    3  13.9595 THz   0.2807  0.0000  0.3806  0.4445 -0.2807 -0.0000  0.1655 -0.2267 -0.1347 -0.5695 -0.1655  0.2267
    4  15.8372 THz   0.5000  0.0000  0.0000  0.0000  0.5000  0.0000 -0.2107  0.4534 -0.0000 -0.0000 -0.2107  0.4534
    5  16.2494 THz  -0.3850  0.0000  0.2066  0.4011  0.3850  0.0000  0.2017  0.3279 -0.4499  0.0343 -0.2017 -0.3279


 Q=  0.094730  0.094730 -0.094730, q= -0.500000  0.000000  0.000000

                       Si X   0        Si Y   0        Si Z   0        Si X   1        Si Y   1        Si Z   1     
                    --------------- --------------- --------------- --------------- --------------- ---------------
    0   2.5371 THz   0.5703  0.0000 -0.3498  0.0436  0.2204  0.0436  0.4032 -0.4032 -0.2165  0.2782  0.1867 -0.1250
    1   2.5371 THz   0.0901  0.0000  0.3645 -0.2760  0.4546 -0.2760  0.0637 -0.0637  0.0625 -0.4529  0.1263 -0.5166
    2  11.4037 THz   0.4082  0.0000  0.4082  0.0000 -0.4082  0.0000 -0.2887  0.2887 -0.2887  0.2887  0.2887 -0.2887
    3  14.4565 THz  -0.4082  0.0000 -0.4082  0.0000  0.4082 -0.0000 -0.2887  0.2887 -0.2887  0.2887  0.2887 -0.2887
    4  16.3230 THz   0.0405  0.0000 -0.5179 -0.0329 -0.4774 -0.0329 -0.0287  0.0287  0.3895 -0.3430  0.3608 -0.3143
    5  16.3230 THz  -0.5759  0.0000  0.2529 -0.0023 -0.3230 -0.0023  0.4072 -0.4072 -0.1772  0.1805  0.2300 -0.2268


 Q=  0.142095  0.047365 -0.142095, q= -0.500000  0.000000  0.250000

                       Si X   0        Si Y   0        Si Z   0        Si X   1        Si Y   1        Si Z   1     
                    --------------- --------------- --------------- --------------- --------------- ---------------
    0   3.3939 THz  -0.5000 -0.0000  0.0000  0.0000 -0.5000  0.0000 -0.4534  0.2107  0.0000 -0.0000 -0.4534  0.2107
    1   5.5132 THz  -0.4281  0.0000  0.2100 -0.2988  0.4281 -0.0000  0.3427  0.2566  0.0111 -0.3651 -0.3427 -0.2566
    2  10.4291 THz   0.2995  0.0000  0.2090 -0.5262 -0.2995 -0.0000 -0.1441  0.2626 -0.5619 -0.0698  0.1441 -0.2626
    3  13.9595 THz   0.2807  0.0000  0.3806 -0.4445 -0.2807 -0.0000  0.2267 -0.1655  0.5695  0.1347 -0.2267  0.1655
    4  15.8372 THz   0.5000  0.0000 -0.0000  0.0000  0.5000 -0.0000 -0.4534  0.2107  0.0000 -0.0000 -0.4534  0.2107
    5  16.2494 THz  -0.3850  0.0000  0.2066 -0.4011  0.3850 -0.0000 -0.3279 -0.2017 -0.0343  0.4499  0.3279  0.2017


 Q= -0.047365  0.236824 -0.047365, q= -0.500000  0.250000 -0.500000

                       Si X   0        Si Y   0        Si Z   0        Si X   1        Si Y   1        Si Z   1     
                    --------------- --------------- --------------- --------------- --------------- ---------------
    0   3.3939 THz  -0.5000  0.0000  0.0000  0.0000  0.5000  0.0000  0.2107 -0.4534 -0.0000  0.0000 -0.2107  0.4534
    1   5.5132 THz   0.4281  0.0000 -0.2100 -0.2988  0.4281  0.0000 -0.2566 -0.3427  0.3651 -0.0111 -0.2566 -0.3427
    2  10.4291 THz   0.2995  0.0000  0.2090  0.5262  0.2995 -0.0000  0.2626 -0.1441 -0.0698 -0.5619  0.2626 -0.1441
    3  13.9595 THz   0.2807  0.0000  0.3806  0.4445  0.2807 -0.0000 -0.1655  0.2267  0.1347  0.5695 -0.1655  0.2267
    4  15.8372 THz   0.5000  0.0000 -0.0000  0.0000 -0.5000 -0.0000  0.2107 -0.4534  0.0000  0.0000 -0.2107  0.4534
    5  16.2494 THz   0.3850  0.0000 -0.2066 -0.4011  0.3850  0.0000  0.2017  0.3279 -0.4499  0.0343  0.2017  0.3279


 Q=  0.000000  0.189460 -0.094730, q= -0.500000  0.250000 -0.250000

                       Si X   0        Si Y   0        Si Z   0        Si X   1        Si Y   1        Si Z   1     
                    --------------- --------------- --------------- --------------- --------------- ---------------
    0   5.4774 THz  -0.4243  0.0000  0.0000  0.4243  0.2910 -0.1574 -0.1006 -0.1859  0.1859 -0.1006  0.0000  0.6642
    1   5.4774 THz   0.2113  0.0000  0.0000 -0.2113  0.5842 -0.3161 -0.2019 -0.3732  0.3732 -0.2019  0.0000 -0.3308
    2  11.8859 THz   0.3808  0.0000 -0.0000  0.3808  0.0000 -0.0000  0.3003 -0.5146 -0.5146 -0.3003  0.0000 -0.0000
    3  11.8859 THz   0.5958  0.0000 -0.0000  0.5958  0.0000 -0.0000 -0.1919  0.3289  0.3289  0.1919 -0.0000  0.0000
    4  15.9948 THz   0.5247  0.0000  0.0000 -0.5247  0.0000  0.0000 -0.0000  0.0000 -0.0000 -0.0000 -0.0000  0.6703
    5  15.9948 THz   0.0000  0.0000 -0.0000 -0.0000 -0.5565 -0.3737  0.2925 -0.4356  0.4356  0.2925  0.0000  0.0000


 Q=  0.047365  0.142095 -0.142095, q= -0.500000  0.250000  0.000000

                       Si X   0        Si Y   0        Si Z   0        Si X   1        Si Y   1        Si Z   1     
                    --------------- --------------- --------------- --------------- --------------- ---------------
    0   3.3939 THz   0.0000  0.0000 -0.4265  0.2610 -0.4265  0.2610  0.0000 -0.0000 -0.2768  0.4164 -0.2768  0.4164
    1   5.5132 THz   0.3653  0.0000 -0.2462 -0.3503  0.2462  0.3503  0.3051 -0.2009 -0.0130  0.4279  0.0130 -0.4279
    2  10.4291 THz  -0.5662  0.0000 -0.1106 -0.2784  0.1106  0.2784  0.1425  0.5479  0.2972  0.0370 -0.2972 -0.0370
    3  13.9595 THz   0.5852  0.0000  0.1825  0.2132 -0.1825 -0.2132  0.2680  0.5202  0.2731  0.0646 -0.2731 -0.0646
    4  15.8372 THz   0.0000  0.0000 -0.4500  0.2180 -0.4500  0.2180 -0.0000  0.0000  0.3162 -0.3873  0.3162 -0.3873
    5  16.2494 THz  -0.4512  0.0000  0.1762  0.3423 -0.1762 -0.3423  0.4157 -0.1755 -0.0292  0.3839  0.0292 -0.3839


 Q=  0.094730  0.094730 -0.189460, q= -0.500000  0.250000  0.250000

                       Si X   0        Si Y   0        Si Z   0        Si X   1        Si Y   1        Si Z   1     
                    --------------- --------------- --------------- --------------- --------------- ---------------
    0   3.6329 THz  -0.5000  0.0000  0.5000  0.0000 -0.0000 -0.0000 -0.0000  0.5000  0.0000 -0.5000 -0.0000  0.0000
    1   5.5454 THz  -0.2588  0.0000 -0.2588 -0.0000  0.0000 -0.6050  0.0000 -0.2588 -0.0000 -0.2588 -0.6050 -0.0000
    2   9.2670 THz  -0.4229  0.0000 -0.4229  0.0000  0.0000  0.3772  0.0000  0.4229  0.0000  0.4229 -0.3772 -0.0000
    3  14.1676 THz  -0.4278  0.0000 -0.4278 -0.0000 -0.0000  0.3660  0.0000 -0.4278 -0.0000 -0.4278  0.3660 -0.0000
    4  15.8841 THz  -0.5000  0.0000  0.5000 -0.0000  0.0000  0.0000 -0.0000 -0.5000  0.0000  0.5000 -0.0000  0.0000
    5  16.4843 THz   0.2667  0.0000  0.2667 -0.0000  0.0000  0.5981 -0.0000 -0.2667  0.0000 -0.2667 -0.5981  0.0000


 Q=  0.047365  0.047365  0.142095, q= -0.250000 -0.500000 -0.500000

                       Si X   0        Si Y   0        Si Z   0        Si X   1        Si Y   1        Si Z   1     
                    --------------- --------------- --------------- --------------- --------------- ---------------
    0   3.3939 THz  -0.5000  0.0000  0.5000 -0.0000  0.0000 -0.0000 -0.2107 -0.4534  0.2107  0.4534  0.0000  0.0000
    1   5.5132 THz   0.4281  0.0000  0.4281 -0.0000 -0.2100  0.2988  0.2566 -0.3427  0.2566 -0.3427 -0.3651 -0.0111
    2  10.4291 THz   0.2995  0.0000  0.2995  0.0000  0.2090 -0.5262 -0.2626 -0.1441 -0.2626 -0.1441  0.0698 -0.5619
    3  13.9595 THz   0.2807  0.0000  0.2807 -0.0000  0.3806 -0.4445  0.1655  0.2267  0.1655  0.2267 -0.1347  0.5695
    4  15.8372 THz   0.5000  0.0000 -0.5000  0.0000 -0.0000  0.0000 -0.2107 -0.4534  0.2107  0.4534  0.0000  0.0000
    5  16.2494 THz   0.3850  0.0000  0.3850 -0.0000 -0.2066  0.4011 -0.2017  0.3279 -0.2017  0.3279  0.4499  0.0343


 Q=  0.094730  0.000000  0.094730, q= -0.250000 -0.500000 -0.250000

                       Si X   0        Si Y   0        Si Z   0        Si X   1        Si Y   1        Si Z   1     
                    --------------- --------------- --------------- --------------- --------------- ---------------
    0   3.6329 THz  -0.5000  0.0000 -0.0000 -0.0000  0.5000 -0.0000 -0.5000  0.0000 -0.0000  0.0000  0.5000  0.0000
    1   5.5454 THz   0.2588  0.0000 -0.0000 -0.6050  0.2588 -0.0000 -0.2588  0.0000 -0.0000 -0.6050 -0.2588  0.0000
    2   9.2670 THz  -0.4229  0.0000 -0.0000 -0.3772 -0.4229 -0.0000 -0.4229  0.0000 -0.0000  0.3772 -0.4229  0.0000
    3  14.1676 THz  -0.4278  0.0000  0.0000 -0.3660 -0.4278 -0.0000  0.4278 -0.0000  0.0000 -0.3660  0.4278 -0.0000
    4  15.8841 THz   0.5000  0.0000 -0.0000  0.0000 -0.5000 -0.0000 -0.5000 -0.0000  0.0000 -0.0000  0.5000  0.0000
    5  16.4843 THz   0.2667  0.0000  0.0000 -0.5981  0.2667  0.0000  0.2667  0.0000 -0.0000  0.5981  0.2667 -0.0000


 Q=  0.142095 -0.047365  0.047365, q= -0.250000 -0.500000  0.000000

                       Si X   0        Si Y   0        Si Z   0        Si X   1        Si Y   1        Si Z   1     
                    --------------- --------------- --------------- --------------- --------------- ---------------
    0   3.3939 THz  -0.0000  0.0000  0.1575 -0.4745  0.1575 -0.4745 -0.0000  0.0000 -0.3640 -0.3428 -0.3640 -0.3428
    1   5.5132 THz   0.3653  0.0000  0.2462 -0.3503 -0.2462  0.3503  0.2009 -0.3051  0.4279 -0.0130 -0.4279  0.0130
    2  10.4291 THz   0.5662  0.0000 -0.1106  0.2784  0.1106 -0.2784  0.5479  0.1425 -0.0370 -0.2972  0.0370  0.2972
    3  13.9595 THz  -0.5852  0.0000  0.1825 -0.2132 -0.1825  0.2132  0.5202  0.2680 -0.0646 -0.2731  0.0646  0.2731
    4  15.8372 THz   0.0000  0.0000  0.2720  0.4195  0.2720  0.4195 -0.0000  0.0000 -0.4951  0.0699 -0.4951  0.0699
    5  16.2494 THz   0.4512  0.0000  0.1762 -0.3423 -0.1762  0.3423 -0.1755  0.4157 -0.3839  0.0292  0.3839 -0.0292


 Q=  0.189460 -0.094730  0.000000, q= -0.250000 -0.500000  0.250000

                       Si X   0        Si Y   0        Si Z   0        Si X   1        Si Y   1        Si Z   1     
                    --------------- --------------- --------------- --------------- --------------- ---------------
    0   5.4774 THz   0.4740  0.0000  0.0000 -0.0000  0.0000  0.4740 -0.0000 -0.0000  0.7421  0.0000  0.0000  0.0000
    1   5.4774 THz   0.0000  0.0000 -0.3227 -0.6682 -0.0000 -0.0000 -0.2061 -0.4268 -0.0000  0.0000 -0.4268  0.2061
    2  11.8859 THz   0.0000  0.0000  0.0000  0.0000 -0.0000  0.0000  0.3203  0.6304  0.0000 -0.0000 -0.6304  0.3203
    3  11.8859 THz   0.7071  0.0000 -0.0000  0.0000 -0.0000 -0.7071  0.0000 -0.0000 -0.0000  0.0000 -0.0000  0.0000
    4  15.9948 THz   0.0000  0.0000  0.0753 -0.6661 -0.0000 -0.0000 -0.0589  0.5214  0.0000 -0.0000  0.5214  0.0589
    5  15.9948 THz   0.5247  0.0000  0.0000 -0.0000 -0.0000  0.5247 -0.0000  0.0000 -0.6703 -0.0000 -0.0000 -0.0000


 Q=  0.000000  0.094730  0.094730, q= -0.250000 -0.250000 -0.500000

                       Si X   0        Si Y   0        Si Z   0        Si X   1        Si Y   1        Si Z   1     
                    --------------- --------------- --------------- --------------- --------------- ---------------
    0   3.6329 THz   0.0000  0.0000 -0.4997 -0.0185  0.4997  0.0185  0.0000  0.0000 -0.4997 -0.0185  0.4997  0.0185
    1   5.5454 THz   0.6050  0.0000  0.0000  0.2588 -0.0000  0.2588  0.6050  0.0000  0.0000 -0.2588 -0.0000 -0.2588
    2   9.2670 THz   0.3772  0.0000  0.0000 -0.4229  0.0000 -0.4229 -0.3772 -0.0000  0.0000 -0.4229  0.0000 -0.4229
    3  14.1676 THz  -0.3660  0.0000 -0.0000  0.4278 -0.0000  0.4278 -0.3660 -0.0000  0.0000 -0.4278  0.0000 -0.4278
    4  15.8841 THz  -0.0000  0.0000 -0.4154 -0.2782  0.4154  0.2782  0.0000  0.0000  0.4154  0.2782 -0.4154 -0.2782
    5  16.4843 THz  -0.5981  0.0000  0.0000 -0.2667 -0.0000 -0.2667  0.5981  0.0000 -0.0000 -0.2667  0.0000 -0.2667


 Q=  0.047365  0.047365  0.047365, q= -0.250000 -0.250000 -0.250000

                       Si X   0        Si Y   0        Si Z   0        Si X   1        Si Y   1        Si Z   1     
                    --------------- --------------- --------------- --------------- --------------- ---------------
    0   2.5617 THz   0.5276  0.0000 -0.4668 -0.0037 -0.0607  0.0037  0.4948  0.1831 -0.4365 -0.1655 -0.0583 -0.0176
    1   2.5617 THz   0.2345  0.0000  0.3396  0.0084 -0.5741 -0.0084  0.2199  0.0814  0.3156  0.1257 -0.5355 -0.2071
    2   7.4511 THz  -0.4082  0.0000 -0.4082 -0.0000 -0.4082  0.0000 -0.3299  0.2405 -0.3299  0.2405 -0.3299  0.2405
    3  16.0292 THz  -0.4082  0.0000 -0.4082 -0.0000 -0.4082 -0.0000  0.3299 -0.2405  0.3299 -0.2405  0.3299 -0.2405
    4  16.3766 THz  -0.5016  0.0000  0.4931  0.0505  0.0085 -0.0505  0.4705  0.1741 -0.4450 -0.2185 -0.0255  0.0444
    5  16.3766 THz  -0.2858  0.0000 -0.2824 -0.0887  0.5682  0.0887  0.2681  0.0992  0.2341  0.1811 -0.5021 -0.2803


 Q=  0.094730  0.000000  0.000000, q= -0.250000 -0.250000  0.000000

                       Si X   0        Si Y   0        Si Z   0        Si X   1        Si Y   1        Si Z   1     
                    --------------- --------------- --------------- --------------- --------------- ---------------
    0   3.4099 THz   0.0000  0.0000  0.6383 -0.0468 -0.0212  0.2999 -0.0000 -0.0000  0.6794 -0.0217 -0.0466 -0.1891
    1   3.4099 THz   0.0000  0.0000 -0.1152  0.2777  0.5499  0.3274  0.0000 -0.0000  0.1263 -0.1483  0.5980  0.3233
    2   7.9185 THz   0.7071  0.0000  0.0000 -0.0000  0.0000 -0.0000  0.7071 -0.0000  0.0000  0.0000  0.0000 -0.0000
    3  15.8998 THz   0.0000  0.0000  0.2112 -0.0600 -0.0546  0.6699 -0.0000 -0.0000 -0.5971  0.0099  0.0806 -0.3700
    4  15.8998 THz   0.0000  0.0000 -0.6528  0.1602 -0.0258  0.2180 -0.0000  0.0000  0.3525 -0.1382 -0.0849 -0.5911
    5  16.0872 THz   0.7071  0.0000  0.0000  0.0000 -0.0000  0.0000 -0.7071  0.0000 -0.0000 -0.0000 -0.0000  0.0000


 Q=  0.142095 -0.047365 -0.047365, q= -0.250000 -0.250000  0.250000

                       Si X   0        Si Y   0        Si Z   0        Si X   1        Si Y   1        Si Z   1     
                    --------------- --------------- --------------- --------------- --------------- ---------------
    0   3.3939 THz   0.0000  0.0000  0.4998 -0.0139 -0.4998  0.0139  0.0000  0.0000  0.2232  0.4474 -0.2232 -0.4474
    1   5.5132 THz   0.3653  0.0000  0.2462  0.3503  0.2462  0.3503  0.2009  0.3051  0.4279  0.0130  0.4279  0.0130
    2  10.4291 THz   0.5662  0.0000 -0.1106 -0.2784 -0.1106 -0.2784  0.5479 -0.1425 -0.0370  0.2972 -0.0370  0.2972
    3  13.9595 THz  -0.5852  0.0000  0.1825  0.2132  0.1825  0.2132  0.5202 -0.2680 -0.0646  0.2731 -0.0646  0.2731
    4  15.8372 THz   0.0000  0.0000  0.4562 -0.2046 -0.4562  0.2046 -0.0000 -0.0000 -0.3778 -0.3275  0.3778  0.3275
    5  16.2494 THz  -0.4512  0.0000 -0.1762 -0.3423 -0.1762 -0.3423  0.1755  0.4157  0.3839  0.0292  0.3839  0.0292


 Q= -0.047365  0.142095  0.047365, q= -0.250000  0.000000 -0.500000

                       Si X   0        Si Y   0        Si Z   0        Si X   1        Si Y   1        Si Z   1     
                    --------------- --------------- --------------- --------------- --------------- ---------------
    0   3.3939 THz   0.5000  0.0000  0.0000 -0.0000  0.5000  0.0000  0.2107 -0.4534  0.0000 -0.0000  0.2107 -0.4534
    1   5.5132 THz  -0.4281  0.0000 -0.2100 -0.2988  0.4281  0.0000 -0.2566 -0.3427 -0.3651  0.0111  0.2566  0.3427
    2  10.4291 THz   0.2995  0.0000 -0.2090 -0.5262 -0.2995  0.0000 -0.2626  0.1441 -0.0698 -0.5619  0.2626 -0.1441
    3  13.9595 THz   0.2807  0.0000 -0.3806 -0.4445 -0.2807  0.0000  0.1655 -0.2267  0.1347  0.5695 -0.1655  0.2267
    4  15.8372 THz   0.5000  0.0000  0.0000  0.0000  0.5000  0.0000 -0.2107  0.4534 -0.0000  0.0000 -0.2107  0.4534
    5  16.2494 THz  -0.3850  0.0000 -0.2066 -0.4011  0.3850  0.0000  0.2017  0.3279  0.4499 -0.0343 -0.2017 -0.3279


 Q=  0.000000  0.094730  0.000000, q= -0.250000  0.000000 -0.250000

                       Si X   0        Si Y   0        Si Z   0        Si X   1        Si Y   1        Si Z   1     
                    --------------- --------------- --------------- --------------- --------------- ---------------
    0   3.4099 THz   0.5004  0.0000  0.0000  0.0000 -0.0287  0.4988  0.7046  0.0187  0.0000 -0.0000 -0.0217  0.0516
    1   3.4099 THz   0.4996  0.0000  0.0000 -0.0000  0.0287 -0.4995  0.0527 -0.0187  0.0000 -0.0000  0.0218 -0.7046
    2   7.9185 THz   0.0000  0.0000 -0.7044  0.0615  0.0000  0.0000  0.0000  0.0000 -0.7044  0.0615 -0.0000 -0.0000
    3  15.8998 THz  -0.0018  0.0000  0.0000  0.0000 -0.0489 -0.7054  0.4616 -0.0319 -0.0000 -0.0000  0.0370  0.5334
    4  15.8998 THz  -0.7071  0.0000  0.0000 -0.0000  0.0001  0.0018  0.5347  0.0001 -0.0000  0.0000 -0.0001 -0.4627
    5  16.0872 THz   0.0000  0.0000  0.7062 -0.0359  0.0000  0.0000 -0.0000  0.0000 -0.7062  0.0359 -0.0000 -0.0000


 Q=  0.047365  0.047365 -0.047365, q= -0.250000  0.000000  0.000000

                       Si X   0        Si Y   0        Si Z   0        Si X   1        Si Y   1        Si Z   1     
                    --------------- --------------- --------------- --------------- --------------- ---------------
    0   2.5617 THz   0.5087  0.0000 -0.4906 -0.0108  0.0181 -0.0108  0.4771 -0.1765 -0.4639  0.1602  0.0132 -0.0164
    1   2.5617 THz   0.2731  0.0000  0.3035  0.0200  0.5766  0.0200  0.2561 -0.0948  0.2916 -0.0865  0.5477 -0.1813
    2   7.4511 THz   0.4082  0.0000  0.4082 -0.0000 -0.4082 -0.0000  0.3299  0.2405  0.3299  0.2405 -0.3299 -0.2405
    3  16.0292 THz  -0.4082  0.0000 -0.4082 -0.0000  0.4082 -0.0000  0.3299  0.2405  0.3299  0.2405 -0.3299 -0.2405
    4  16.3766 THz  -0.5414  0.0000  0.1106  0.0674 -0.4308  0.0674  0.5077 -0.1879 -0.1271 -0.0248  0.3807 -0.2127
    5  16.3766 THz  -0.2006  0.0000  0.5325 -0.1818  0.3319 -0.1818  0.1881 -0.0696 -0.4363  0.3553 -0.2482  0.2857


 Q=  0.094730  0.000000 -0.094730, q= -0.250000  0.000000  0.250000

                       Si X   0        Si Y   0        Si Z   0        Si X   1        Si Y   1        Si Z   1     
                    --------------- --------------- --------------- --------------- --------------- ---------------
    0   3.6329 THz  -0.5000  0.0000  0.0000  0.0000 -0.5000  0.0000 -0.5000  0.0000  0.0000  0.0000 -0.5000 -0.0000
    1   5.5454 THz  -0.2588  0.0000 -0.0000 -0.6050  0.2588 -0.0000  0.2588 -0.0000 -0.0000 -0.6050 -0.2588 -0.0000
    2   9.2670 THz  -0.4229  0.0000 -0.0000  0.3772  0.4229  0.0000 -0.4229  0.0000  0.0000 -0.3772  0.4229  0.0000
    3  14.1676 THz  -0.4278  0.0000  0.0000  0.3660  0.4278  0.0000  0.4278  0.0000 -0.0000  0.3660 -0.4278 -0.0000
    4  15.8841 THz  -0.5000  0.0000 -0.0000 -0.0000 -0.5000 -0.0000  0.5000  0.0000  0.0000 -0.0000  0.5000  0.0000
    5  16.4843 THz   0.2667  0.0000 -0.0000  0.5981 -0.2667 -0.0000  0.2667  0.0000  0.0000 -0.5981 -0.2667  0.0000


 Q= -0.094730  0.189460  0.000000, q= -0.250000  0.250000 -0.500000

                       Si X   0        Si Y   0        Si Z   0        Si X   1        Si Y   1        Si Z   1     
                    --------------- --------------- --------------- --------------- --------------- ---------------
    0   5.4774 THz   0.0000  0.0000 -0.3420  0.3282 -0.3282 -0.3420 -0.5355  0.5137  0.0000  0.0000 -0.0000 -0.0000
    1   5.4774 THz   0.7421  0.0000  0.0000 -0.0000  0.0000 -0.0000  0.0000  0.0000  0.4740 -0.0000  0.0000 -0.4740
    2  11.8859 THz   0.0000  0.0000  0.4983 -0.1375 -0.1375 -0.4983  0.0000 -0.0000  0.4822 -0.0164  0.0164  0.4822
    3  11.8859 THz   0.0000  0.0000  0.1043 -0.4711 -0.4711 -0.1043  0.0000 -0.0000 -0.2262  0.4648 -0.4648 -0.2262
    4  15.9948 THz   0.0000  0.0000 -0.3907  0.3503 -0.3503 -0.3907  0.4991 -0.4475  0.0000 -0.0000  0.0000 -0.0000
    5  15.9948 THz  -0.6703  0.0000  0.0000 -0.0000  0.0000 -0.0000  0.0000  0.0000  0.5247 -0.0000  0.0000 -0.5247


 Q= -0.047365  0.142095 -0.047365, q= -0.250000  0.250000 -0.250000

                       Si X   0        Si Y   0        Si Z   0        Si X   1        Si Y   1        Si Z   1     
                    --------------- --------------- --------------- --------------- --------------- ---------------
    0   3.3939 THz   0.5000  0.0000 -0.0000  0.0000 -0.5000  0.0000  0.2107  0.4534 -0.0000  0.0000 -0.2107 -0.4534
    1   5.5132 THz   0.4281  0.0000  0.2100 -0.2988  0.4281 -0.0000  0.2566 -0.3427  0.3651  0.0111  0.2566 -0.3427
    2  10.4291 THz   0.2995  0.0000 -0.2090  0.5262  0.2995 -0.0000 -0.2626 -0.1441 -0.0698  0.5619 -0.2626 -0.1441
    3  13.9595 THz  -0.2807  0.0000  0.3806 -0.4445 -0.2807  0.0000 -0.1655 -0.2267 -0.1347  0.5695 -0.1655 -0.2267
    4  15.8372 THz   0.5000  0.0000  0.0000 -0.0000 -0.5000  0.0000 -0.2107 -0.4534 -0.0000 -0.0000  0.2107  0.4534
    5  16.2494 THz  -0.3850  0.0000 -0.2066  0.4011 -0.3850  0.0000  0.2017 -0.3279  0.4499  0.0343  0.2017 -0.3279


 Q=  0.000000  0.094730 -0.094730, q= -0.250000  0.250000  0.000000

                       Si X   0        Si Y   0        Si Z   0        Si X   1        Si Y   1        Si Z   1     
                    --------------- --------------- --------------- --------------- --------------- ---------------
    0   3.6329 THz   0.0000  0.0000 -0.4773  0.1489 -0.4773  0.1489  0.0000 -0.0000 -0.4773  0.1489 -0.4773  0.1489
    1   5.5454 THz  -0.6050  0.0000 -0.0000  0.2588 -0.0000 -0.2588 -0.6050  0.0000 -0.0000 -0.2588 -0.0000  0.2588
    2   9.2670 THz   0.3772  0.0000  0.0000  0.4229 -0.0000 -0.4229 -0.3772  0.0000  0.0000  0.4229  0.0000 -0.4229
    3  14.1676 THz  -0.3660  0.0000 -0.0000 -0.4278  0.0000  0.4278 -0.3660  0.0000  0.0000  0.4278 -0.0000 -0.4278
    4  15.8841 THz   0.0000  0.0000  0.3623 -0.3445  0.3623 -0.3445 -0.0000  0.0000 -0.3623  0.3445 -0.3623  0.3445
    5  16.4843 THz  -0.5981  0.0000  0.0000  0.2667  0.0000 -0.2667  0.5981 -0.0000 -0.0000  0.2667 -0.0000 -0.2667


 Q=  0.047365  0.047365 -0.142095, q= -0.250000  0.250000  0.250000

                       Si X   0        Si Y   0        Si Z   0        Si X   1        Si Y   1        Si Z   1     
                    --------------- --------------- --------------- --------------- --------------- ---------------
    0   3.3939 THz  -0.5000 -0.0000  0.5000  0.0000 -0.0000 -0.0000 -0.2107  0.4534  0.2107 -0.4534 -0.0000  0.0000
    1   5.5132 THz  -0.4281  0.0000 -0.4281 -0.0000 -0.2100 -0.2988 -0.2566 -0.3427 -0.2566 -0.3427 -0.3651  0.0111
    2  10.4291 THz   0.2995  0.0000  0.2995  0.0000 -0.2090 -0.5262 -0.2626  0.1441 -0.2626  0.1441 -0.0698 -0.5619
    3  13.9595 THz  -0.2807  0.0000 -0.2807 -0.0000  0.3806  0.4445 -0.1655  0.2267 -0.1655  0.2267 -0.1347 -0.5695
    4  15.8372 THz   0.5000  0.0000 -0.5000  0.0000  0.0000  0.0000 -0.2107  0.4534  0.2107 -0.4534 -0.0000 -0.0000
    5  16.2494 THz   0.3850  0.0000  0.3850 -0.0000  0.2066  0.4011 -0.2017 -0.3279 -0.2017 -0.3279 -0.4499  0.0343


 Q=  0.000000  0.000000  0.189460, q=  0.000000 -0.500000 -0.500000

                       Si X   0        Si Y   0        Si Z   0        Si X   1        Si Y   1        Si Z   1     
                    --------------- --------------- --------------- --------------- --------------- ---------------
    0   3.0260 THz   0.7071  0.0000  0.0000  0.0000  0.0000 -0.0000  0.0000  0.0000 -0.0000 -0.7071  0.0000  0.0000
    1   3.0260 THz   0.0000  0.0000  0.7059  0.0413  0.0000  0.0000  0.0413 -0.7059  0.0000 -0.0000  0.0000 -0.0000
    2  13.3981 THz   0.0000  0.0000  0.0000  0.0000 -0.8122 -0.1254 -0.0000 -0.0000  0.0000 -0.0000 -0.0000  0.5697
    3  13.3981 THz   0.0000  0.0000 -0.0000 -0.0000  0.5574  0.1179 -0.0000 -0.0000 -0.0000  0.0000 -0.0453  0.8206
    4  15.8120 THz   0.0000  0.0000  0.6993  0.1045  0.0000 -0.0000 -0.1045  0.6993 -0.0000  0.0000 -0.0000  0.0000
    5  15.8120 THz  -0.7071  0.0000  0.0000  0.0000  0.0000 -0.0000  0.0000  0.0000 -0.0000 -0.7071  0.0000  0.0000


 Q=  0.047365 -0.047365  0.142095, q=  0.000000 -0.500000 -0.250000

                       Si X   0        Si Y   0        Si Z   0        Si X   1        Si Y   1        Si Z   1     
                    --------------- --------------- --------------- --------------- --------------- ---------------
    0   3.3939 THz   0.5000  0.0000  0.5000  0.0000 -0.0000  0.0000  0.2107 -0.4534  0.2107 -0.4534  0.0000  0.0000
    1   5.5132 THz   0.4281  0.0000 -0.4281 -0.0000 -0.2100 -0.2988  0.2566  0.3427 -0.2566 -0.3427 -0.3651  0.0111
    2  10.4291 THz  -0.2995  0.0000  0.2995 -0.0000 -0.2090 -0.5262  0.2626 -0.1441 -0.2626  0.1441 -0.0698 -0.5619
    3  13.9595 THz   0.2807  0.0000 -0.2807 -0.0000  0.3806  0.4445  0.1655 -0.2267 -0.1655  0.2267 -0.1347 -0.5695
    4  15.8372 THz   0.5000  0.0000  0.5000  0.0000 -0.0000 -0.0000 -0.2107  0.4534 -0.2107  0.4534  0.0000 -0.0000
    5  16.2494 THz   0.3850  0.0000 -0.3850 -0.0000 -0.2066 -0.4011 -0.2017 -0.3279  0.2017  0.3279  0.4499 -0.0343


 Q=  0.094730 -0.094730  0.094730, q=  0.000000 -0.500000  0.000000

                       Si X   0        Si Y   0        Si Z   0        Si X   1        Si Y   1        Si Z   1     
                    --------------- --------------- --------------- --------------- --------------- ---------------
    0   2.5371 THz   0.4303  0.0000  0.5466  0.0355  0.1163  0.0355  0.3043 -0.3043  0.4116 -0.3614  0.1074 -0.0571
    1   2.5371 THz   0.3850  0.0000 -0.1780 -0.0397 -0.5630 -0.0397  0.2722 -0.2722 -0.1540  0.0978 -0.4262  0.3700
    2  11.4037 THz  -0.4082  0.0000  0.4082  0.0000 -0.4082  0.0000  0.2887 -0.2887 -0.2887  0.2887  0.2887 -0.2887
    3  14.4565 THz  -0.4082  0.0000  0.4082  0.0000 -0.4082 -0.0000 -0.2887  0.2887  0.2887 -0.2887 -0.2887  0.2887
    4  16.3230 THz   0.3440  0.0000  0.5733 -0.0149  0.2293 -0.0149 -0.2432  0.2432 -0.3949  0.4159 -0.1516  0.1727
    5  16.3230 THz   0.4637  0.0000 -0.0659  0.0110 -0.5295  0.0110 -0.3279  0.3279  0.0388 -0.0544  0.3666 -0.3822


 Q=  0.142095 -0.142095  0.047365, q=  0.000000 -0.500000  0.250000

                       Si X   0        Si Y   0        Si Z   0        Si X   1        Si Y   1        Si Z   1     
                    --------------- --------------- --------------- --------------- --------------- ---------------
    0   3.3939 THz   0.5000  0.0000  0.5000 -0.0000 -0.0000  0.0000  0.4534 -0.2107  0.4534 -0.2107 -0.0000  0.0000
    1   5.5132 THz   0.4281  0.0000 -0.4281 -0.0000 -0.2100  0.2988 -0.3427 -0.2566  0.3427  0.2566 -0.0111  0.3651
    2  10.4291 THz  -0.2995  0.0000  0.2995 -0.0000 -0.2090  0.5262  0.1441 -0.2626 -0.1441  0.2626  0.5619  0.0698
    3  13.9595 THz  -0.2807  0.0000  0.2807 -0.0000 -0.3806  0.4445 -0.2267  0.1655  0.2267 -0.1655 -0.5695 -0.1347
    4  15.8372 THz   0.5000  0.0000  0.5000 -0.0000  0.0000  0.0000 -0.4534  0.2107 -0.4534  0.2107  0.0000  0.0000
    5  16.2494 THz  -0.3850  0.0000  0.3850 -0.0000  0.2066 -0.4011 -0.3279 -0.2017  0.3279  0.2017 -0.0343  0.4499


 Q= -0.047365  0.047365  0.142095, q=  0.000000 -0.250000 -0.500000

                       Si X   0        Si Y   0        Si Z   0        Si X   1        Si Y   1        Si Z   1     
                    --------------- --------------- --------------- --------------- --------------- ---------------
    0   3.3939 THz   0.5000  0.0000  0.5000 -0.0000 -0.0000  0.0000  0.2107 -0.4534  0.2107 -0.4534 -0.0000 -0.0000
    1   5.5132 THz  -0.4281  0.0000  0.4281 -0.0000 -0.2100 -0.2988 -0.2566 -0.3427  0.2566  0.3427 -0.3651  0.0111
    2  10.4291 THz  -0.2995  0.0000  0.2995 -0.0000  0.2090  0.5262  0.2626 -0.1441 -0.2626  0.1441  0.0698  0.5619
    3  13.9595 THz  -0.2807  0.0000  0.2807 -0.0000  0.3806  0.4445 -0.1655  0.2267  0.1655 -0.2267 -0.1347 -0.5695
    4  15.8372 THz   0.5000  0.0000  0.5000  0.0000  0.0000  0.0000 -0.2107  0.4534 -0.2107  0.4534 -0.0000  0.0000
    5  16.2494 THz   0.3850  0.0000 -0.3850 -0.0000  0.2066  0.4011 -0.2017 -0.3279  0.2017  0.3279 -0.4499  0.0343


 Q=  0.000000  0.000000  0.094730, q=  0.000000 -0.250000 -0.250000

                       Si X   0        Si Y   0        Si Z   0        Si X   1        Si Y   1        Si Z   1     
                    --------------- --------------- --------------- --------------- --------------- ---------------
    0   3.4099 THz   0.7071  0.0000  0.0000  0.0000  0.0000  0.0000  0.5359 -0.0000 -0.0000 -0.4613 -0.0000  0.0000
    1   3.4099 THz   0.0000  0.0000 -0.4916  0.5083  0.0000 -0.0000  0.3316  0.3207 -0.3726  0.3852  0.0000 -0.0000
    2   7.9185 THz   0.0000  0.0000  0.0000 -0.0000 -0.3522 -0.6132 -0.0000 -0.0000  0.0000 -0.0000 -0.3522 -0.6132
    3  15.8998 THz   0.7071  0.0000  0.0000 -0.0000 -0.0000 -0.0000 -0.5359  0.0000  0.0000  0.4613  0.0000 -0.0000
    4  15.8998 THz   0.0000  0.0000  0.3809  0.5958  0.0000  0.0000 -0.3887  0.2485 -0.2886 -0.4515 -0.0000 -0.0000
    5  16.0872 THz   0.0000  0.0000  0.0000  0.0000 -0.6566 -0.2624 -0.0000  0.0000 -0.0000 -0.0000  0.6566  0.2624


 Q=  0.047365 -0.047365  0.047365, q=  0.000000 -0.250000  0.000000

                       Si X   0        Si Y   0        Si Z   0        Si X   1        Si Y   1        Si Z   1     
                    --------------- --------------- --------------- --------------- --------------- ---------------
    0   2.5617 THz   0.0892  0.0000 -0.4474  0.0445 -0.5366  0.0445  0.0836 -0.0309 -0.4042  0.1970 -0.4878  0.2279
    1   2.5617 THz   0.5704  0.0000  0.3621 -0.0070 -0.2083 -0.0070  0.5350 -0.1979  0.3372 -0.1322 -0.1978  0.0658
    2   7.4511 THz  -0.4082  0.0000  0.4082 -0.0000 -0.4082 -0.0000 -0.3299 -0.2405  0.3299  0.2405 -0.3299 -0.2405
    3  16.0292 THz  -0.4082  0.0000  0.4082 -0.0000 -0.4082  0.0000  0.3299  0.2405 -0.3299 -0.2405  0.3299  0.2405
    4  16.3766 THz   0.5153  0.0000  0.4689 -0.0789 -0.0464 -0.0789 -0.4833  0.1788 -0.4124  0.2367  0.0709  0.0579
    5  16.3766 THz   0.2604  0.0000 -0.2879  0.1562 -0.5482  0.1562 -0.2442  0.0903  0.2158 -0.2464  0.4600 -0.3367


 Q=  0.094730 -0.094730  0.000000, q=  0.000000 -0.250000  0.250000

                       Si X   0        Si Y   0        Si Z   0        Si X   1        Si Y   1        Si Z   1     
                    --------------- --------------- --------------- --------------- --------------- ---------------
    0   3.6329 THz  -0.5000  0.0000 -0.5000 -0.0000 -0.0000 -0.0000 -0.5000 -0.0000 -0.5000  0.0000 -0.0000 -0.0000
    1   5.5454 THz  -0.2588  0.0000  0.2588  0.0000  0.0000 -0.6050  0.2588  0.0000 -0.2588 -0.0000  0.0000 -0.6050
    2   9.2670 THz  -0.4229  0.0000  0.4229 -0.0000 -0.0000  0.3772 -0.4229  0.0000  0.4229 -0.0000 -0.0000 -0.3772
    3  14.1676 THz   0.4278  0.0000 -0.4278  0.0000  0.0000 -0.3660 -0.4278  0.0000  0.4278 -0.0000 -0.0000 -0.3660
    4  15.8841 THz   0.5000  0.0000  0.5000  0.0000  0.0000 -0.0000 -0.5000 -0.0000 -0.5000  0.0000 -0.0000  0.0000
    5  16.4843 THz   0.2667  0.0000 -0.2667 -0.0000 -0.0000  0.5981  0.2667  0.0000 -0.2667 -0.0000  0.0000 -0.5981


 Q= -0.094730  0.094730  0.094730, q=  0.000000  0.000000 -0.500000

                       Si X   0        Si Y   0        Si Z   0        Si X   1        Si Y   1        Si Z   1     
                    --------------- --------------- --------------- --------------- --------------- ---------------
    0   2.5371 THz   0.5039  0.0000  0.0088 -0.0207  0.4951  0.0207  0.3563 -0.3563 -0.0084 -0.0209  0.3647 -0.3355
    1   2.5371 THz   0.2818  0.0000  0.5757  0.0370 -0.2939 -0.0370  0.1992 -0.1992  0.4333 -0.3809 -0.2340  0.1817
    2  11.4037 THz   0.4082  0.0000 -0.4082  0.0000 -0.4082  0.0000 -0.2887  0.2887  0.2887 -0.2887  0.2887 -0.2887
    3  14.4565 THz  -0.4082  0.0000  0.4082 -0.0000  0.4082 -0.0000 -0.2887  0.2887  0.2887 -0.2887  0.2887 -0.2887
    4  16.3230 THz  -0.5617  0.0000 -0.3945 -0.0206 -0.1672  0.0206  0.3972 -0.3972  0.2935 -0.2644  0.1037 -0.1328
    5  16.3230 THz   0.1334  0.0000 -0.4120 -0.0866  0.5454  0.0866 -0.0943  0.0943  0.3526 -0.2301 -0.4469  0.3244


 Q= -0.047365  0.047365  0.047365, q=  0.000000  0.000000 -0.250000

                       Si X   0        Si Y   0        Si Z   0        Si X   1        Si Y   1        Si Z   1     
                    --------------- --------------- --------------- --------------- --------------- ---------------
    0   2.5617 THz   0.5604  0.0000  0.4001 -0.0084  0.1604  0.0084  0.5256 -0.1945  0.3723 -0.1467  0.1533 -0.0478
    1   2.5617 THz  -0.1387  0.0000  0.4148 -0.0339 -0.5535  0.0339 -0.1301  0.0481  0.3773 -0.1758 -0.5073  0.2239
    2   7.4511 THz   0.4082  0.0000 -0.4082 -0.0000 -0.4082 -0.0000  0.3299  0.2405 -0.3299 -0.2405 -0.3299 -0.2405
    3  16.0292 THz  -0.4082  0.0000  0.4082 -0.0000  0.4082 -0.0000  0.3299  0.2405 -0.3299 -0.2405 -0.3299 -0.2405
    4  16.3766 THz   0.5248  0.0000  0.4669  0.0403  0.0578 -0.0403 -0.4921  0.1821 -0.4519  0.1242 -0.0402  0.0579
    5  16.3766 THz   0.2408  0.0000 -0.3255 -0.0879  0.5662  0.0879 -0.2258  0.0835  0.3358 -0.0305 -0.5616  0.1140


 Q=  0.000000  0.000000  0.000000, q=  0.000000  0.000000  0.000000

                       Si X   0        Si Y   0        Si Z   0        Si X   1        Si Y   1        Si Z   1     
                    --------------- --------------- --------------- --------------- --------------- ---------------
    0  -0.0000 THz   0.7071  0.0000  0.0000  0.0000  0.0000  0.0000  0.7071  0.0000  0.0000  0.0000 -0.0000  0.0000
    1  -0.0000 THz   0.0000  0.0000  0.4302  0.0000  0.5612  0.0000  0.0000  0.0000  0.4302  0.0000  0.5612  0.0000
    2  -0.0000 THz   0.0000  0.0000 -0.5612  0.0000  0.4302  0.0000  0.0000  0.0000 -0.5612  0.0000  0.4302  0.0000
    3  16.6102 THz   0.0000  0.0000  0.5483  0.0000  0.4465  0.0000  0.0000  0.0000 -0.5483  0.0000 -0.4465  0.0000
    4  16.6102 THz  -0.7071  0.0000  0.0000  0.0000  0.0000  0.0000  0.7071  0.0000  0.0000  0.0000 -0.0000  0.0000
    5  16.6102 THz   0.0000  0.0000  0.4465  0.0000 -0.5483  0.0000  0.0000  0.0000 -0.4465  0.0000  0.5483  0.0000


 Q=  0.047365 -0.047365 -0.047365, q=  0.000000  0.000000  0.250000

                       Si X   0        Si Y   0        Si Z   0        Si X   1        Si Y   1        Si Z   1     
                    --------------- --------------- --------------- --------------- --------------- ---------------
    0   2.5617 THz   0.5604  0.0000  0.4001  0.0084  0.1604 -0.0084  0.5256  0.1945  0.3723  0.1467  0.1533  0.0478
    1   2.5617 THz  -0.1387  0.0000  0.4148  0.0339 -0.5535 -0.0339 -0.1301 -0.0481  0.3773  0.1758 -0.5073 -0.2239
    2   7.4511 THz   0.4082  0.0000 -0.4082  0.0000 -0.4082  0.0000  0.3299 -0.2405 -0.3299  0.2405 -0.3299  0.2405
    3  16.0292 THz  -0.4082  0.0000  0.4082  0.0000  0.4082  0.0000  0.3299 -0.2405 -0.3299  0.2405 -0.3299  0.2405
    4  16.3766 THz   0.5248  0.0000  0.4669 -0.0403  0.0578  0.0403 -0.4921 -0.1821 -0.4519 -0.1242 -0.0402 -0.0579
    5  16.3766 THz   0.2408  0.0000 -0.3255  0.0879  0.5662 -0.0879 -0.2258 -0.0835  0.3358  0.0305 -0.5616 -0.1140


 Q= -0.142095  0.142095  0.047365, q=  0.000000  0.250000 -0.500000

                       Si X   0        Si Y   0        Si Z   0        Si X   1        Si Y   1        Si Z   1     
                    --------------- --------------- --------------- --------------- --------------- ---------------
    0   3.3939 THz   0.5000  0.0000  0.5000  0.0000  0.0000 -0.0000  0.4534 -0.2107  0.4534 -0.2107 -0.0000 -0.0000
    1   5.5132 THz  -0.4281  0.0000  0.4281  0.0000 -0.2100  0.2988  0.3427  0.2566 -0.3427 -0.2566 -0.0111  0.3651
    2  10.4291 THz  -0.2995  0.0000  0.2995  0.0000  0.2090 -0.5262  0.1441 -0.2626 -0.1441  0.2626 -0.5619 -0.0698
    3  13.9595 THz   0.2807  0.0000 -0.2807  0.0000 -0.3806  0.4445  0.2267 -0.1655 -0.2267  0.1655 -0.5695 -0.1347
    4  15.8372 THz   0.5000  0.0000  0.5000 -0.0000 -0.0000  0.0000 -0.4534  0.2107 -0.4534  0.2107 -0.0000 -0.0000
    5  16.2494 THz  -0.3850  0.0000  0.3850 -0.0000 -0.2066  0.4011 -0.3279 -0.2017  0.3279  0.2017  0.0343 -0.4499


 Q= -0.094730  0.094730  0.000000, q=  0.000000  0.250000 -0.250000

                       Si X   0        Si Y   0        Si Z   0        Si X   1        Si Y   1        Si Z   1     
                    --------------- --------------- --------------- --------------- --------------- ---------------
    0   3.6329 THz  -0.5000  0.0000 -0.5000  0.0000 -0.0000  0.0000 -0.5000  0.0000 -0.5000 -0.0000 -0.0000  0.0000
    1   5.5454 THz  -0.2588  0.0000  0.2588 -0.0000  0.0000  0.6050  0.2588 -0.0000 -0.2588  0.0000  0.0000  0.6050
    2   9.2670 THz  -0.4229  0.0000  0.4229  0.0000 -0.0000 -0.3772 -0.4229 -0.0000  0.4229  0.0000 -0.0000  0.3772
    3  14.1676 THz   0.4278  0.0000 -0.4278 -0.0000  0.0000  0.3660 -0.4278 -0.0000  0.4278  0.0000 -0.0000  0.3660
    4  15.8841 THz   0.5000  0.0000  0.5000 -0.0000  0.0000  0.0000 -0.5000  0.0000 -0.5000 -0.0000 -0.0000 -0.0000
    5  16.4843 THz   0.2667  0.0000 -0.2667  0.0000 -0.0000 -0.5981  0.2667 -0.0000 -0.2667  0.0000  0.0000  0.5981


 Q= -0.047365  0.047365 -0.047365, q=  0.000000  0.250000  0.000000

                       Si X   0        Si Y   0        Si Z   0        Si X   1        Si Y   1        Si Z   1     
                    --------------- --------------- --------------- --------------- --------------- ---------------
    0   2.5617 THz   0.0892  0.0000 -0.4474 -0.0445 -0.5366 -0.0445  0.0836  0.0309 -0.4042 -0.1970 -0.4878 -0.2279
    1   2.5617 THz   0.5704  0.0000  0.3621  0.0070 -0.2083  0.0070  0.5350  0.1979  0.3372  0.1322 -0.1978 -0.0658
    2   7.4511 THz  -0.4082  0.0000  0.4082  0.0000 -0.4082  0.0000 -0.3299  0.2405  0.3299 -0.2405 -0.3299  0.2405
    3  16.0292 THz  -0.4082  0.0000  0.4082  0.0000 -0.4082 -0.0000  0.3299 -0.2405 -0.3299  0.2405  0.3299 -0.2405
    4  16.3766 THz   0.5153  0.0000  0.4689  0.0789 -0.0464  0.0789 -0.4833 -0.1788 -0.4124 -0.2367  0.0709 -0.0579
    5  16.3766 THz   0.2604  0.0000 -0.2879 -0.1562 -0.5482 -0.1562 -0.2442 -0.0903  0.2158  0.2464  0.4600  0.3367


 Q=  0.000000  0.000000 -0.094730, q=  0.000000  0.250000  0.250000

                       Si X   0        Si Y   0        Si Z   0        Si X   1        Si Y   1        Si Z   1     
                    --------------- --------------- --------------- --------------- --------------- ---------------
    0   3.4099 THz   0.7071  0.0000  0.0000 -0.0000  0.0000 -0.0000  0.5359  0.0000 -0.0000  0.4613 -0.0000 -0.0000
    1   3.4099 THz   0.0000  0.0000 -0.4916 -0.5083  0.0000  0.0000  0.3316 -0.3207 -0.3726 -0.3852  0.0000  0.0000
    2   7.9185 THz   0.0000  0.0000  0.0000  0.0000 -0.3522  0.6132 -0.0000  0.0000  0.0000  0.0000 -0.3522  0.6132
    3  15.8998 THz   0.7071  0.0000  0.0000  0.0000 -0.0000  0.0000 -0.5359 -0.0000  0.0000 -0.4613  0.0000  0.0000
    4  15.8998 THz   0.0000  0.0000  0.3809 -0.5958  0.0000 -0.0000 -0.3887 -0.2485 -0.2886  0.4515 -0.0000  0.0000
    5  16.0872 THz   0.0000  0.0000  0.0000 -0.0000 -0.6566  0.2624 -0.0000 -0.0000 -0.0000  0.0000  0.6566 -0.2624


 Q= -0.047365 -0.047365  0.236824, q=  0.250000 -0.500000 -0.500000

                       Si X   0        Si Y   0        Si Z   0        Si X   1        Si Y   1        Si Z   1     
                    --------------- --------------- --------------- --------------- --------------- ---------------
    0   3.3939 THz  -0.5000  0.0000  0.5000  0.0000 -0.0000 -0.0000  0.2107 -0.4534 -0.2107  0.4534  0.0000  0.0000
    1   5.5132 THz   0.4281  0.0000  0.4281  0.0000 -0.2100 -0.2988 -0.2566 -0.3427 -0.2566 -0.3427  0.3651 -0.0111
    2  10.4291 THz  -0.2995  0.0000 -0.2995  0.0000 -0.2090 -0.5262 -0.2626  0.1441 -0.2626  0.1441  0.0698  0.5619
    3  13.9595 THz  -0.2807  0.0000 -0.2807 -0.0000 -0.3806 -0.4445  0.1655 -0.2267  0.1655 -0.2267 -0.1347 -0.5695
    4  15.8372 THz   0.5000  0.0000 -0.5000 -0.0000 -0.0000 -0.0000  0.2107 -0.4534 -0.2107  0.4534 -0.0000  0.0000
    5  16.2494 THz  -0.3850  0.0000 -0.3850 -0.0000  0.2066  0.4011 -0.2017 -0.3279 -0.2017 -0.3279  0.4499 -0.0343


 Q=  0.000000 -0.094730  0.189460, q=  0.250000 -0.500000 -0.250000

                       Si X   0        Si Y   0        Si Z   0        Si X   1        Si Y   1        Si Z   1     
                    --------------- --------------- --------------- --------------- --------------- ---------------
    0   5.4774 THz   0.4740  0.0000  0.0000  0.0000 -0.0000 -0.4740  0.0000  0.0000 -0.0000 -0.7421  0.0000  0.0000
    1   5.4774 THz   0.0000  0.0000 -0.6833 -0.2894 -0.0000 -0.0000 -0.1849  0.4365 -0.0000 -0.0000 -0.4365 -0.1849
    2  11.8859 THz   0.0000  0.0000 -0.0000 -0.0000  0.0000  0.0000 -0.5436 -0.4522  0.0000 -0.0000 -0.4522  0.5436
    3  11.8859 THz   0.7071  0.0000 -0.0000 -0.0000  0.0000  0.7071  0.0000  0.0000 -0.0000  0.0000  0.0000  0.0000
    4  15.9948 THz   0.0000  0.0000  0.5018  0.4444  0.0000  0.0000 -0.3479  0.3928 -0.0000 -0.0000 -0.3928 -0.3479
    5  15.9948 THz   0.5247  0.0000  0.0000  0.0000 -0.0000 -0.5247 -0.0000 -0.0000  0.0000  0.6703 -0.0000 -0.0000


 Q=  0.047365 -0.142095  0.142095, q=  0.250000 -0.500000  0.000000

                       Si X   0        Si Y   0        Si Z   0        Si X   1        Si Y   1        Si Z   1     
                    --------------- --------------- --------------- --------------- --------------- ---------------
    0   3.3939 THz   0.0000  0.0000 -0.3180  0.3858 -0.3180  0.3858  0.0000 -0.0000 -0.1258  0.4839 -0.1258  0.4839
    1   5.5132 THz   0.3653  0.0000  0.2462  0.3503 -0.2462 -0.3503  0.3051 -0.2009  0.0130 -0.4279 -0.0130  0.4279
    2  10.4291 THz  -0.5662  0.0000  0.1106  0.2784 -0.1106 -0.2784  0.1425  0.5479 -0.2972 -0.0370  0.2972  0.0370
    3  13.9595 THz  -0.5852  0.0000  0.1825  0.2132 -0.1825 -0.2132 -0.2680 -0.5202  0.2731  0.0646 -0.2731 -0.0646
    4  15.8372 THz   0.0000  0.0000  0.3907 -0.3121  0.3907 -0.3121 -0.0000  0.0000 -0.2228  0.4476 -0.2228  0.4476
    5  16.2494 THz   0.4512  0.0000  0.1762  0.3423 -0.1762 -0.3423 -0.4157  0.1755 -0.0292  0.3839  0.0292 -0.3839


 Q=  0.094730 -0.189460  0.094730, q=  0.250000 -0.500000  0.250000

                       Si X   0        Si Y   0        Si Z   0        Si X   1        Si Y   1        Si Z   1     
                    --------------- --------------- --------------- --------------- --------------- ---------------
    0   3.6329 THz  -0.5000  0.0000  0.0000 -0.0000  0.5000 -0.0000  0.0000  0.5000 -0.0000 -0.0000  0.0000 -0.5000
    1   5.5454 THz   0.2588  0.0000  0.0000  0.6050  0.2588 -0.0000  0.0000  0.2588  0.6050 -0.0000  0.0000  0.2588
    2   9.2670 THz   0.4229  0.0000 -0.0000 -0.3772  0.4229  0.0000 -0.0000 -0.4229  0.3772  0.0000 -0.0000 -0.4229
    3  14.1676 THz  -0.4278  0.0000 -0.0000  0.3660 -0.4278  0.0000  0.0000 -0.4278  0.3660 -0.0000 -0.0000 -0.4278
    4  15.8841 THz   0.5000  0.0000 -0.0000 -0.0000 -0.5000  0.0000  0.0000  0.5000  0.0000 -0.0000 -0.0000 -0.5000
    5  16.4843 THz   0.2667  0.0000  0.0000  0.5981  0.2667 -0.0000 -0.0000 -0.2667 -0.5981  0.0000  0.0000 -0.2667


 Q= -0.094730  0.000000  0.189460, q=  0.250000 -0.250000 -0.500000

                       Si X   0        Si Y   0        Si Z   0        Si X   1        Si Y   1        Si Z   1     
                    --------------- --------------- --------------- --------------- --------------- ---------------
    0   5.4774 THz   0.7421  0.0000  0.0000  0.0000  0.0000  0.0000 -0.0000 -0.0000  0.0000 -0.4740  0.4740  0.0000
    1   5.4774 THz   0.0000  0.0000 -0.2768 -0.3848 -0.3848  0.2768 -0.6024  0.4333 -0.0000  0.0000  0.0000  0.0000
    2  11.8859 THz   0.0000  0.0000  0.1585 -0.1139  0.1139  0.1585 -0.0000  0.0000  0.0210 -0.6793 -0.6793 -0.0210
    3  11.8859 THz   0.0000  0.0000 -0.6527  0.1894 -0.1894 -0.6527 -0.0000 -0.0000  0.0709 -0.1818 -0.1818 -0.0709
    4  15.9948 THz  -0.6703  0.0000  0.0000  0.0000  0.0000  0.0000 -0.0000 -0.0000  0.0000 -0.5247  0.5247  0.0000
    5  15.9948 THz   0.0000  0.0000 -0.3114 -0.4223 -0.4223  0.3114  0.5395 -0.3979 -0.0000 -0.0000 -0.0000 -0.0000


 Q= -0.047365 -0.047365  0.142095, q=  0.250000 -0.250000 -0.250000

                       Si X   0        Si Y   0        Si Z   0        Si X   1        Si Y   1        Si Z   1     
                    --------------- --------------- --------------- --------------- --------------- ---------------
    0   3.3939 THz  -0.5000 -0.0000  0.5000 -0.0000 -0.0000  0.0000 -0.2107 -0.4534  0.2107  0.4534 -0.0000 -0.0000
    1   5.5132 THz  -0.4281  0.0000 -0.4281  0.0000 -0.2100  0.2988 -0.2566  0.3427 -0.2566  0.3427 -0.3651 -0.0111
    2  10.4291 THz   0.2995  0.0000  0.2995 -0.0000 -0.2090  0.5262 -0.2626 -0.1441 -0.2626 -0.1441 -0.0698  0.5619
    3  13.9595 THz  -0.2807  0.0000 -0.2807  0.0000  0.3806 -0.4445 -0.1655 -0.2267 -0.1655 -0.2267 -0.1347  0.5695
    4  15.8372 THz   0.5000  0.0000 -0.5000 -0.0000  0.0000 -0.0000 -0.2107 -0.4534  0.2107  0.4534 -0.0000  0.0000
    5  16.2494 THz   0.3850  0.0000  0.3850  0.0000  0.2066 -0.4011 -0.2017  0.3279 -0.2017  0.3279 -0.4499 -0.0343


 Q=  0.000000 -0.094730  0.094730, q=  0.250000 -0.250000  0.000000

                       Si X   0        Si Y   0        Si Z   0        Si X   1        Si Y   1        Si Z   1     
                    --------------- --------------- --------------- --------------- --------------- ---------------
    0   3.6329 THz   0.0000  0.0000 -0.4773 -0.1489 -0.4773 -0.1489  0.0000  0.0000 -0.4773 -0.1489 -0.4773 -0.1489
    1   5.5454 THz  -0.6050  0.0000 -0.0000 -0.2588 -0.0000  0.2588 -0.6050 -0.0000 -0.0000  0.2588 -0.0000 -0.2588
    2   9.2670 THz   0.3772  0.0000  0.0000 -0.4229 -0.0000  0.4229 -0.3772 -0.0000  0.0000 -0.4229  0.0000  0.4229
    3  14.1676 THz  -0.3660  0.0000 -0.0000  0.4278  0.0000 -0.4278 -0.3660 -0.0000  0.0000 -0.4278 -0.0000  0.4278
    4  15.8841 THz   0.0000  0.0000  0.3623  0.3445  0.3623  0.3445 -0.0000 -0.0000 -0.3623 -0.3445 -0.3623 -0.3445
    5  16.4843 THz  -0.5981  0.0000  0.0000 -0.2667  0.0000  0.2667  0.5981  0.0000 -0.0000 -0.2667 -0.0000  0.2667


 Q=  0.047365 -0.142095  0.047365, q=  0.250000 -0.250000  0.250000

                       Si X   0        Si Y   0        Si Z   0        Si X   1        Si Y   1        Si Z   1     
                    --------------- --------------- --------------- --------------- --------------- ---------------
    0   3.3939 THz   0.5000  0.0000 -0.0000 -0.0000 -0.5000 -0.0000  0.2107 -0.4534 -0.0000 -0.0000 -0.2107  0.4534
    1   5.5132 THz   0.4281  0.0000  0.2100  0.2988  0.4281  0.0000  0.2566  0.3427  0.3651 -0.0111  0.2566  0.3427
    2  10.4291 THz   0.2995  0.0000 -0.2090 -0.5262  0.2995  0.0000 -0.2626  0.1441 -0.0698 -0.5619 -0.2626  0.1441
    3  13.9595 THz  -0.2807  0.0000  0.3806  0.4445 -0.2807 -0.0000 -0.1655  0.2267 -0.1347 -0.5695 -0.1655  0.2267
    4  15.8372 THz   0.5000  0.0000  0.0000  0.0000 -0.5000 -0.0000 -0.2107  0.4534 -0.0000  0.0000  0.2107 -0.4534
    5  16.2494 THz  -0.3850  0.0000 -0.2066 -0.4011 -0.3850 -0.0000  0.2017  0.3279  0.4499 -0.0343  0.2017  0.3279


 Q= -0.142095  0.047365  0.142095, q=  0.250000  0.000000 -0.500000

                       Si X   0        Si Y   0        Si Z   0        Si X   1        Si Y   1        Si Z   1     
                    --------------- --------------- --------------- --------------- --------------- ---------------
    0   3.3939 THz   0.5000  0.0000  0.0000  0.0000  0.5000 -0.0000  0.4534 -0.2107  0.0000  0.0000  0.4534 -0.2107
    1   5.5132 THz  -0.4281  0.0000 -0.2100  0.2988  0.4281 -0.0000  0.3427  0.2566 -0.0111  0.3651 -0.3427 -0.2566
    2  10.4291 THz  -0.2995  0.0000  0.2090 -0.5262  0.2995  0.0000  0.1441 -0.2626 -0.5619 -0.0698 -0.1441  0.2626
    3  13.9595 THz   0.2807  0.0000 -0.3806  0.4445 -0.2807 -0.0000  0.2267 -0.1655 -0.5695 -0.1347 -0.2267  0.1655
    4  15.8372 THz   0.5000  0.0000  0.0000 -0.0000  0.5000 -0.0000 -0.4534  0.2107 -0.0000  0.0000 -0.4534  0.2107
    5  16.2494 THz  -0.3850  0.0000 -0.2066  0.4011  0.3850 -0.0000 -0.3279 -0.2017  0.0343 -0.4499  0.3279  0.2017


 Q= -0.094730  0.000000  0.094730, q=  0.250000  0.000000 -0.250000

                       Si X   0        Si Y   0        Si Z   0        Si X   1        Si Y   1        Si Z   1     
                    --------------- --------------- --------------- --------------- --------------- ---------------
    0   3.6329 THz  -0.5000  0.0000  0.0000 -0.0000 -0.5000 -0.0000 -0.5000 -0.0000  0.0000 -0.0000 -0.5000  0.0000
    1   5.5454 THz  -0.2588  0.0000 -0.0000  0.6050  0.2588  0.0000  0.2588  0.0000 -0.0000  0.6050 -0.2588  0.0000
    2   9.2670 THz  -0.4229  0.0000 -0.0000 -0.3772  0.4229 -0.0000 -0.4229 -0.0000  0.0000  0.3772  0.4229 -0.0000
    3  14.1676 THz  -0.4278  0.0000  0.0000 -0.3660  0.4278 -0.0000  0.4278 -0.0000 -0.0000 -0.3660 -0.4278  0.0000
    4  15.8841 THz  -0.5000  0.0000 -0.0000  0.0000 -0.5000  0.0000  0.5000 -0.0000  0.0000  0.0000  0.5000 -0.0000
    5  16.4843 THz   0.2667  0.0000 -0.0000 -0.5981 -0.2667  0.0000  0.2667 -0.0000  0.0000  0.5981 -0.2667 -0.0000


 Q= -0.047365 -0.047365  0.047365, q=  0.250000  0.000000  0.000000

                       Si X   0        Si Y   0        Si Z   0        Si X   1        Si Y   1        Si Z   1     
                    --------------- --------------- --------------- --------------- --------------- ---------------
    0   2.5617 THz   0.5087  0.0000 -0.4906  0.0108  0.0181  0.0108  0.4771  0.1765 -0.4639 -0.1602  0.0132  0.0164
    1   2.5617 THz   0.2731  0.0000  0.3035 -0.0200  0.5766 -0.0200  0.2561  0.0948  0.2916  0.0865  0.5477  0.1813
    2   7.4511 THz   0.4082  0.0000  0.4082  0.0000 -0.4082  0.0000  0.3299 -0.2405  0.3299 -0.2405 -0.3299  0.2405
    3  16.0292 THz  -0.4082  0.0000 -0.4082  0.0000  0.4082  0.0000  0.3299 -0.2405  0.3299 -0.2405 -0.3299  0.2405
    4  16.3766 THz  -0.5414  0.0000  0.1106 -0.0674 -0.4308 -0.0674  0.5077  0.1879 -0.1271  0.0248  0.3807  0.2127
    5  16.3766 THz  -0.2006  0.0000  0.5325  0.1818  0.3319  0.1818  0.1881  0.0696 -0.4363 -0.3553 -0.2482 -0.2857


 Q=  0.000000 -0.094730  0.000000, q=  0.250000  0.000000  0.250000

                       Si X   0        Si Y   0        Si Z   0        Si X   1        Si Y   1        Si Z   1     
                    --------------- --------------- --------------- --------------- --------------- ---------------
    0   3.4099 THz   0.5004  0.0000  0.0000 -0.0000 -0.0287 -0.4988  0.7046 -0.0187  0.0000  0.0000 -0.0217 -0.0516
    1   3.4099 THz   0.4996  0.0000  0.0000  0.0000  0.0287  0.4995  0.0527  0.0187  0.0000  0.0000  0.0218  0.7046
    2   7.9185 THz   0.0000  0.0000 -0.7044 -0.0615  0.0000 -0.0000  0.0000 -0.0000 -0.7044 -0.0615 -0.0000  0.0000
    3  15.8998 THz  -0.0018  0.0000  0.0000 -0.0000 -0.0489  0.7054  0.4616  0.0319 -0.0000  0.0000  0.0370 -0.5334
    4  15.8998 THz  -0.7071  0.0000  0.0000  0.0000  0.0001 -0.0018  0.5347 -0.0001 -0.0000 -0.0000 -0.0001  0.4627
    5  16.0872 THz   0.0000  0.0000  0.7062  0.0359  0.0000 -0.0000 -0.0000 -0.0000 -0.7062 -0.0359 -0.0000  0.0000


 Q= -0.189460  0.094730  0.094730, q=  0.250000  0.250000 -0.500000

                       Si X   0        Si Y   0        Si Z   0        Si X   1        Si Y   1        Si Z   1     
                    --------------- --------------- --------------- --------------- --------------- ---------------
    0   3.6329 THz   0.0000  0.0000 -0.4993  0.0272  0.4993 -0.0272 -0.0000 -0.0000  0.0272  0.4993 -0.0272 -0.4993
    1   5.5454 THz  -0.6050  0.0000 -0.0000  0.2588  0.0000  0.2588  0.0000  0.6050 -0.2588  0.0000 -0.2588 -0.0000
    2   9.2670 THz   0.3772  0.0000  0.0000  0.4229  0.0000  0.4229  0.0000  0.3772  0.4229 -0.0000  0.4229 -0.0000
    3  14.1676 THz  -0.3660  0.0000  0.0000 -0.4278 -0.0000 -0.4278  0.0000  0.3660  0.4278 -0.0000  0.4278 -0.0000
    4  15.8841 THz   0.0000  0.0000  0.4107 -0.2852 -0.4107  0.2852  0.0000  0.0000  0.2852  0.4107 -0.2852 -0.4107
    5  16.4843 THz  -0.5981  0.0000  0.0000  0.2667 -0.0000  0.2667 -0.0000 -0.5981  0.2667  0.0000  0.2667 -0.0000


 Q= -0.142095  0.047365  0.047365, q=  0.250000  0.250000 -0.250000

                       Si X   0        Si Y   0        Si Z   0        Si X   1        Si Y   1        Si Z   1     
                    --------------- --------------- --------------- --------------- --------------- ---------------
    0   3.3939 THz   0.0000  0.0000  0.4998  0.0139 -0.4998 -0.0139  0.0000 -0.0000  0.2232 -0.4474 -0.2232  0.4474
    1   5.5132 THz   0.3653  0.0000  0.2462 -0.3503  0.2462 -0.3503  0.2009 -0.3051  0.4279 -0.0130  0.4279 -0.0130
    2  10.4291 THz   0.5662  0.0000 -0.1106  0.2784 -0.1106  0.2784  0.5479  0.1425 -0.0370 -0.2972 -0.0370 -0.2972
    3  13.9595 THz  -0.5852  0.0000  0.1825 -0.2132  0.1825 -0.2132  0.5202  0.2680 -0.0646 -0.2731 -0.0646 -0.2731
    4  15.8372 THz   0.0000  0.0000  0.4562  0.2046 -0.4562 -0.2046 -0.0000  0.0000 -0.3778  0.3275  0.3778 -0.3275
    5  16.2494 THz  -0.4512  0.0000 -0.1762  0.3423 -0.1762  0.3423  0.1755 -0.4157  0.3839 -0.0292  0.3839 -0.0292


 Q= -0.094730  0.000000  0.000000, q=  0.250000  0.250000  0.000000

                       Si X   0        Si Y   0        Si Z   0        Si X   1        Si Y   1        Si Z   1     
                    --------------- --------------- --------------- --------------- --------------- ---------------
    0   3.4099 THz   0.0000  0.0000  0.6383  0.0468 -0.0212 -0.2999 -0.0000  0.0000  0.6794  0.0217 -0.0466  0.1891
    1   3.4099 THz   0.0000  0.0000 -0.1152 -0.2777  0.5499 -0.3274  0.0000  0.0000  0.1263  0.1483  0.5980 -0.3233
    2   7.9185 THz   0.7071  0.0000  0.0000  0.0000  0.0000  0.0000  0.7071  0.0000  0.0000 -0.0000  0.0000  0.0000
    3  15.8998 THz   0.0000  0.0000  0.2112  0.0600 -0.0546 -0.6699 -0.0000  0.0000 -0.5971 -0.0099  0.0806  0.3700
    4  15.8998 THz   0.0000  0.0000 -0.6528 -0.1602 -0.0258 -0.2180 -0.0000 -0.0000  0.3525  0.1382 -0.0849  0.5911
    5  16.0872 THz   0.7071  0.0000  0.0000 -0.0000 -0.0000 -0.0000 -0.7071 -0.0000 -0.0000  0.0000 -0.0000 -0.0000


 Q= -0.047365 -0.047365 -0.047365, q=  0.250000  0.250000  0.250000

                       Si X   0        Si Y   0        Si Z   0        Si X   1        Si Y   1        Si Z   1     
                    --------------- --------------- --------------- --------------- --------------- ---------------
    0   2.5617 THz   0.5276  0.0000 -0.4668  0.0037 -0.0607 -0.0037  0.4948 -0.1831 -0.4365  0.1655 -0.0583  0.0176
    1   2.5617 THz   0.2345  0.0000  0.3396 -0.0084 -0.5741  0.0084  0.2199 -0.0814  0.3156 -0.1257 -0.5355  0.2071
    2   7.4511 THz  -0.4082  0.0000 -0.4082  0.0000 -0.4082 -0.0000 -0.3299 -0.2405 -0.3299 -0.2405 -0.3299 -0.2405
    3  16.0292 THz  -0.4082  0.0000 -0.4082  0.0000 -0.4082  0.0000  0.3299  0.2405  0.3299  0.2405  0.3299  0.2405
    4  16.3766 THz  -0.5016  0.0000  0.4931 -0.0505  0.0085  0.0505  0.4705 -0.1741 -0.4450  0.2185 -0.0255 -0.0444
    5  16.3766 THz  -0.2858  0.0000 -0.2824  0.0887  0.5682 -0.0887  0.2681 -0.0992  0.2341 -0.1811 -0.5021  0.2803
