
Used Primitive lattice vector

   -1.497004000000      1.497004000000      1.497004000000  
    1.497004000000     -1.497004000000      1.497004000000  
    1.497004000000      1.497004000000     -1.497004000000  

   1 Atom(s) in the Primitive cell

 0.0000000000 0.0000000000 0.0000000000 Fe    0


 Q= -0.334000 -0.334000 -0.334000, q= -0.500000 -0.500000 -0.500000

                       Fe X   0        Fe Y   0        Fe Z   0     
                    --------------- --------------- ---------------
    0   6.5603 THz   1.0000  0.0000  0.0000  0.0000  0.0000  0.0000
    1   6.5603 THz   0.0000  0.0000 -0.5916  0.4613 -0.4738  0.4613
    2   6.5603 THz   0.0000  0.0000  0.5784 -0.3205 -0.6124  0.4333


 Q= -0.250500 -0.250500 -0.334000, q= -0.500000 -0.500000 -0.250000

                       Fe X   0        Fe Y   0        Fe Z   0     
                    --------------- --------------- ---------------
    0   5.3180 THz   0.7071  0.0000  0.7071  0.0000  0.0000  0.0000
    1   5.7713 THz   0.0000  0.0000  0.0000  0.0000 -0.7993 -0.6010
    2   5.9346 THz   0.7071  0.0000 -0.7071 -0.0000 -0.0000 -0.0000


 Q= -0.167000 -0.167000 -0.334000, q= -0.500000 -0.500000  0.000000

                       Fe X   0        Fe Y   0        Fe Z   0     
                    --------------- --------------- ---------------
    0   3.6896 THz   0.7071  0.0000  0.7071  0.0000  0.0000  0.0000
    1   5.3769 THz   0.0000  0.0000  0.0000 -0.0000 -0.9990  0.0437
    2   5.5582 THz   0.7071  0.0000 -0.7071 -0.0000 -0.0000 -0.0000


 Q= -0.083500 -0.083500 -0.334000, q= -0.500000 -0.500000  0.250000

                       Fe X   0        Fe Y   0        Fe Z   0     
                    --------------- --------------- ---------------
    0   5.3180 THz   0.7071  0.0000  0.7071 -0.0000 -0.0000 -0.0000
    1   5.7713 THz   0.0000  0.0000 -0.0000  0.0000 -0.9779  0.2091
    2   5.9346 THz   0.7071  0.0000 -0.7071  0.0000  0.0000  0.0000


 Q= -0.250500 -0.334000 -0.250500, q= -0.500000 -0.250000 -0.500000

                       Fe X   0        Fe Y   0        Fe Z   0     
                    --------------- --------------- ---------------
    0   5.3180 THz   0.7071  0.0000  0.0000  0.0000  0.7071  0.0000
    1   5.7713 THz   0.0000  0.0000  0.5255 -0.8508  0.0000  0.0000
    2   5.9346 THz   0.7071  0.0000  0.0000 -0.0000 -0.7071 -0.0000


 Q= -0.167000 -0.250500 -0.250500, q= -0.500000 -0.250000 -0.250000

                       Fe X   0        Fe Y   0        Fe Z   0     
                    --------------- --------------- ---------------
    0   3.8351 THz   0.7255  0.0000  0.4867  0.0000  0.4867 -0.0000
    1   4.4260 THz   0.0000  0.0000  0.2666  0.6549 -0.2666 -0.6549
    2   5.6672 THz   0.6883  0.0000 -0.5130 -0.0000 -0.5130  0.0000


 Q= -0.083500 -0.167000 -0.250500, q= -0.500000 -0.250000  0.000000

                       Fe X   0        Fe Y   0        Fe Z   0     
                    --------------- --------------- ---------------
    0   3.8351 THz   0.4867  0.0000  0.7255  0.0000 -0.4867 -0.0000
    1   4.4260 THz   0.7071  0.0000 -0.0000 -0.0000  0.7071 -0.0000
    2   5.6672 THz  -0.5130  0.0000  0.6883 -0.0000  0.5130 -0.0000


 Q=  0.000000 -0.083500 -0.250500, q= -0.500000 -0.250000  0.250000

                       Fe X   0        Fe Y   0        Fe Z   0     
                    --------------- --------------- ---------------
    0   5.3180 THz   0.0000  0.0000  0.6774  0.2028 -0.6774 -0.2028
    1   5.7713 THz   1.0000  0.0000  0.0000  0.0000  0.0000  0.0000
    2   5.9346 THz   0.0000  0.0000 -0.7068 -0.0193 -0.7068 -0.0193


 Q= -0.167000 -0.334000 -0.167000, q= -0.500000  0.000000 -0.500000

                       Fe X   0        Fe Y   0        Fe Z   0     
                    --------------- --------------- ---------------
    0   3.6896 THz   0.7071  0.0000  0.0000  0.0000  0.7071  0.0000
    1   5.3769 THz   0.0000  0.0000 -0.3993 -0.9168  0.0000  0.0000
    2   5.5582 THz  -0.7071  0.0000  0.0000  0.0000  0.7071  0.0000


 Q= -0.083500 -0.250500 -0.167000, q= -0.500000  0.000000 -0.250000

                       Fe X   0        Fe Y   0        Fe Z   0     
                    --------------- --------------- ---------------
    0   3.8351 THz   0.4867  0.0000 -0.4867 -0.0000  0.7255 -0.0000
    1   4.4260 THz  -0.7071  0.0000 -0.7071  0.0000  0.0000  0.0000
    2   5.6672 THz  -0.5130  0.0000  0.5130 -0.0000  0.6883 -0.0000


 Q=  0.000000 -0.167000 -0.167000, q= -0.500000  0.000000  0.000000

                       Fe X   0        Fe Y   0        Fe Z   0     
                    --------------- --------------- ---------------
    0   3.6896 THz   0.0000  0.0000 -0.7071 -0.0000  0.7071  0.0000
    1   5.3769 THz   1.0000  0.0000  0.0000  0.0000  0.0000  0.0000
    2   5.5582 THz   0.0000  0.0000 -0.7071  0.0000 -0.7071  0.0000


 Q=  0.083500 -0.083500 -0.167000, q= -0.500000  0.000000  0.250000

                       Fe X   0        Fe Y   0        Fe Z   0     
                    --------------- --------------- ---------------
    0   3.8351 THz   0.4867  0.0000 -0.4867 -0.0000  0.7255  0.0000
    1   4.4260 THz  -0.7071  0.0000 -0.7071  0.0000 -0.0000  0.0000
    2   5.6672 THz  -0.5130  0.0000  0.5130 -0.0000  0.6883 -0.0000


 Q= -0.083500 -0.334000 -0.083500, q= -0.500000  0.250000 -0.500000

                       Fe X   0        Fe Y   0        Fe Z   0     
                    --------------- --------------- ---------------
    0   5.3180 THz  -0.7071 -0.0000  0.0000 -0.0000 -0.7071 -0.0000
    1   5.7713 THz   0.0000  0.0000 -0.9998  0.0205  0.0000 -0.0000
    2   5.9346 THz   0.7071  0.0000  0.0000 -0.0000 -0.7071 -0.0000


 Q=  0.000000 -0.250500 -0.083500, q= -0.500000  0.250000 -0.250000

                       Fe X   0        Fe Y   0        Fe Z   0     
                    --------------- --------------- ---------------
    0   5.3180 THz   0.0000  0.0000  0.6400 -0.3007 -0.6400  0.3007
    1   5.7713 THz   1.0000  0.0000  0.0000  0.0000  0.0000  0.0000
    2   5.9346 THz   0.0000  0.0000 -0.7067  0.0226 -0.7067  0.0226


 Q=  0.083500 -0.167000 -0.083500, q= -0.500000  0.250000  0.000000

                       Fe X   0        Fe Y   0        Fe Z   0     
                    --------------- --------------- ---------------
    0   3.8351 THz   0.4867  0.0000  0.7255  0.0000 -0.4867 -0.0000
    1   4.4260 THz   0.7071  0.0000  0.0000 -0.0000  0.7071  0.0000
    2   5.6672 THz  -0.5130  0.0000  0.6883 -0.0000  0.5130 -0.0000


 Q=  0.167000 -0.083500 -0.083500, q= -0.500000  0.250000  0.250000

                       Fe X   0        Fe Y   0        Fe Z   0     
                    --------------- --------------- ---------------
    0   3.8351 THz   0.7255  0.0000  0.4867 -0.0000  0.4867  0.0000
    1   4.4260 THz   0.0000  0.0000  0.3236  0.6287 -0.3236 -0.6287
    2   5.6672 THz   0.6883  0.0000 -0.5130  0.0000 -0.5130 -0.0000


 Q= -0.334000 -0.250500 -0.250500, q= -0.250000 -0.500000 -0.500000

                       Fe X   0        Fe Y   0        Fe Z   0     
                    --------------- --------------- ---------------
    0   5.3180 THz   0.0000  0.0000 -0.5530 -0.4407 -0.5530 -0.4407
    1   5.7713 THz   1.0000  0.0000  0.0000  0.0000  0.0000  0.0000
    2   5.9346 THz   0.0000  0.0000  0.7065  0.0289 -0.7065 -0.0289


 Q= -0.250500 -0.167000 -0.250500, q= -0.250000 -0.500000 -0.250000

                       Fe X   0        Fe Y   0        Fe Z   0     
                    --------------- --------------- ---------------
    0   3.8351 THz   0.4867  0.0000  0.7255  0.0000  0.4867  0.0000
    1   4.4260 THz  -0.7071  0.0000  0.0000  0.0000  0.7071  0.0000
    2   5.6672 THz  -0.5130  0.0000  0.6883 -0.0000 -0.5130  0.0000


 Q= -0.167000 -0.083500 -0.250500, q= -0.250000 -0.500000  0.000000

                       Fe X   0        Fe Y   0        Fe Z   0     
                    --------------- --------------- ---------------
    0   3.8351 THz   0.7255  0.0000  0.4867 -0.0000 -0.4867  0.0000
    1   4.4260 THz   0.0000  0.0000 -0.6889 -0.1592 -0.6889 -0.1592
    2   5.6672 THz   0.6883  0.0000 -0.5130  0.0000  0.5130 -0.0000


 Q= -0.083500  0.000000 -0.250500, q= -0.250000 -0.500000  0.250000

                       Fe X   0        Fe Y   0        Fe Z   0     
                    --------------- --------------- ---------------
    0   5.3180 THz  -0.7071 -0.0000  0.0000 -0.0000  0.7071 -0.0000
    1   5.7713 THz   0.0000  0.0000  0.9998 -0.0187  0.0000  0.0000
    2   5.9346 THz   0.7071  0.0000 -0.0000  0.0000  0.7071 -0.0000


 Q= -0.250500 -0.250500 -0.167000, q= -0.250000 -0.250000 -0.500000

                       Fe X   0        Fe Y   0        Fe Z   0     
                    --------------- --------------- ---------------
    0   3.8351 THz   0.4867  0.0000  0.4867  0.0000  0.7255  0.0000
    1   4.4260 THz  -0.7071  0.0000  0.7071  0.0000  0.0000  0.0000
    2   5.6672 THz   0.5130  0.0000  0.5130 -0.0000 -0.6883  0.0000


 Q= -0.167000 -0.167000 -0.167000, q= -0.250000 -0.250000 -0.250000

                       Fe X   0        Fe Y   0        Fe Z   0     
                    --------------- --------------- ---------------
    0   4.8087 THz   1.0000  0.0000  0.0000  0.0000  0.0000  0.0000
    1   4.8087 THz   0.0000  0.0000  0.6492  0.1249 -0.7254 -0.1914
    2   4.8087 THz   0.0000  0.0000 -0.7496 -0.0300 -0.6573 -0.0711


 Q= -0.083500 -0.083500 -0.167000, q= -0.250000 -0.250000  0.000000

                       Fe X   0        Fe Y   0        Fe Z   0     
                    --------------- --------------- ---------------
    0   3.8351 THz   0.4867  0.0000  0.4867  0.0000 -0.7255 -0.0000
    1   4.4260 THz   0.7071  0.0000 -0.7071  0.0000  0.0000  0.0000
    2   5.6672 THz   0.5130  0.0000  0.5130 -0.0000  0.6883 -0.0000


 Q=  0.000000  0.000000 -0.167000, q= -0.250000 -0.250000  0.250000

                       Fe X   0        Fe Y   0        Fe Z   0     
                    --------------- --------------- ---------------
    0   4.2308 THz   1.0000  0.0000  0.0000  0.0000  0.0000  0.0000
    1   4.2308 THz   0.0000  0.0000 -0.1059 -0.9944  0.0000  0.0000
    2   6.1545 THz   0.0000  0.0000 -0.0000 -0.0000 -0.9974  0.0716


 Q= -0.167000 -0.250500 -0.083500, q= -0.250000  0.000000 -0.500000

                       Fe X   0        Fe Y   0        Fe Z   0     
                    --------------- --------------- ---------------
    0   3.8351 THz   0.7255  0.0000 -0.4867  0.0000  0.4867 -0.0000
    1   4.4260 THz   0.0000  0.0000 -0.6382 -0.3044 -0.6382 -0.3044
    2   5.6672 THz  -0.6883  0.0000 -0.5130  0.0000  0.5130 -0.0000


 Q= -0.083500 -0.167000 -0.083500, q= -0.250000  0.000000 -0.250000

                       Fe X   0        Fe Y   0        Fe Z   0     
                    --------------- --------------- ---------------
    0   3.8351 THz   0.4867  0.0000 -0.7255 -0.0000  0.4867  0.0000
    1   4.4260 THz  -0.7071  0.0000  0.0000 -0.0000  0.7071 -0.0000
    2   5.6672 THz   0.5130  0.0000  0.6883 -0.0000  0.5130 -0.0000


 Q=  0.000000 -0.083500 -0.083500, q= -0.250000  0.000000  0.000000

                       Fe X   0        Fe Y   0        Fe Z   0     
                    --------------- --------------- ---------------
    0   2.1297 THz   0.0000  0.0000 -0.6697 -0.2269  0.6697  0.2269
    1   3.0463 THz   1.0000  0.0000  0.0000  0.0000  0.0000  0.0000
    2   3.7242 THz   0.0000  0.0000 -0.6932  0.1394 -0.6932  0.1394


 Q=  0.083500  0.000000 -0.083500, q= -0.250000  0.000000  0.250000

                       Fe X   0        Fe Y   0        Fe Z   0     
                    --------------- --------------- ---------------
    0   2.1297 THz   0.7071  0.0000  0.0000  0.0000  0.7071  0.0000
    1   3.0463 THz   0.0000  0.0000  0.9239 -0.3827  0.0000  0.0000
    2   3.7242 THz   0.7071  0.0000  0.0000 -0.0000 -0.7071 -0.0000


 Q= -0.083500 -0.250500  0.000000, q= -0.250000  0.250000 -0.500000

                       Fe X   0        Fe Y   0        Fe Z   0     
                    --------------- --------------- ---------------
    0   5.3180 THz  -0.7071 -0.0000  0.7071  0.0000 -0.0000 -0.0000
    1   5.7713 THz   0.0000  0.0000  0.0000  0.0000 -0.6929  0.7211
    2   5.9346 THz   0.7071  0.0000  0.7071  0.0000 -0.0000 -0.0000


 Q=  0.000000 -0.167000  0.000000, q= -0.250000  0.250000 -0.250000

                       Fe X   0        Fe Y   0        Fe Z   0     
                    --------------- --------------- ---------------
    0   4.2308 THz   0.0000  0.0000 -0.0000  0.0000 -0.3849 -0.9229
    1   4.2308 THz   1.0000  0.0000  0.0000  0.0000  0.0000  0.0000
    2   6.1545 THz   0.0000  0.0000  0.9991  0.0428 -0.0000 -0.0000


 Q=  0.083500 -0.083500  0.000000, q= -0.250000  0.250000  0.000000

                       Fe X   0        Fe Y   0        Fe Z   0     
                    --------------- --------------- ---------------
    0   2.1297 THz   0.7071  0.0000  0.7071  0.0000  0.0000  0.0000
    1   3.0463 THz   0.0000  0.0000  0.0000 -0.0000 -0.6660 -0.7459
    2   3.7242 THz   0.7071  0.0000 -0.7071 -0.0000 -0.0000 -0.0000


 Q=  0.167000  0.000000  0.000000, q= -0.250000  0.250000  0.250000

                       Fe X   0        Fe Y   0        Fe Z   0     
                    --------------- --------------- ---------------
    0   4.2308 THz   0.0000  0.0000  0.8522 -0.1720  0.0871 -0.4865
    1   4.2308 THz   0.0000  0.0000 -0.3130  0.3824 -0.4233 -0.7593
    2   6.1545 THz   1.0000  0.0000  0.0000  0.0000  0.0000  0.0000


 Q= -0.334000 -0.167000 -0.167000, q=  0.000000 -0.500000 -0.500000

                       Fe X   0        Fe Y   0        Fe Z   0     
                    --------------- --------------- ---------------
    0   3.6896 THz   0.0000  0.0000 -0.3509 -0.6139 -0.3509 -0.6139
    1   5.3769 THz   1.0000  0.0000  0.0000  0.0000  0.0000  0.0000
    2   5.5582 THz   0.0000  0.0000 -0.7071 -0.0000  0.7071  0.0000


 Q= -0.250500 -0.083500 -0.167000, q=  0.000000 -0.500000 -0.250000

                       Fe X   0        Fe Y   0        Fe Z   0     
                    --------------- --------------- ---------------
    0   3.8351 THz   0.4867  0.0000 -0.4867 -0.0000 -0.7255 -0.0000
    1   4.4260 THz   0.7071  0.0000  0.7071  0.0000  0.0000  0.0000
    2   5.6672 THz  -0.5130  0.0000  0.5130  0.0000 -0.6883  0.0000


 Q= -0.167000  0.000000 -0.167000, q=  0.000000 -0.500000  0.000000

                       Fe X   0        Fe Y   0        Fe Z   0     
                    --------------- --------------- ---------------
    0   3.6896 THz   0.7071  0.0000  0.0000 -0.0000 -0.7071 -0.0000
    1   5.3769 THz   0.0000  0.0000 -1.0000  0.0000  0.0000  0.0000
    2   5.5582 THz   0.7071  0.0000  0.0000  0.0000  0.7071  0.0000


 Q= -0.083500  0.083500 -0.167000, q=  0.000000 -0.500000  0.250000

                       Fe X   0        Fe Y   0        Fe Z   0     
                    --------------- --------------- ---------------
    0   3.8351 THz   0.4867  0.0000 -0.4867 -0.0000 -0.7255 -0.0000
    1   4.4260 THz   0.7071  0.0000  0.7071  0.0000  0.0000  0.0000
    2   5.6672 THz  -0.5130  0.0000  0.5130 -0.0000 -0.6883 -0.0000


 Q= -0.250500 -0.167000 -0.083500, q=  0.000000 -0.250000 -0.500000

                       Fe X   0        Fe Y   0        Fe Z   0     
                    --------------- --------------- ---------------
    0   3.8351 THz   0.4867  0.0000 -0.7255  0.0000 -0.4867  0.0000
    1   4.4260 THz   0.7071  0.0000  0.0000  0.0000  0.7071 -0.0000
    2   5.6672 THz   0.5130  0.0000  0.6883 -0.0000 -0.5130  0.0000


 Q= -0.167000 -0.083500 -0.083500, q=  0.000000 -0.250000 -0.250000

                       Fe X   0        Fe Y   0        Fe Z   0     
                    --------------- --------------- ---------------
    0   3.8351 THz   0.7255  0.0000 -0.4867  0.0000 -0.4867  0.0000
    1   4.4260 THz   0.0000  0.0000  0.3927  0.5880 -0.3927 -0.5880
    2   5.6672 THz  -0.6883  0.0000 -0.5130  0.0000 -0.5130  0.0000


 Q= -0.083500  0.000000 -0.083500, q=  0.000000 -0.250000  0.000000

                       Fe X   0        Fe Y   0        Fe Z   0     
                    --------------- --------------- ---------------
    0   2.1297 THz   0.7071  0.0000  0.0000 -0.0000 -0.7071 -0.0000
    1   3.0463 THz   0.0000  0.0000 -0.9665 -0.2566  0.0000  0.0000
    2   3.7242 THz   0.7071  0.0000  0.0000  0.0000  0.7071  0.0000


 Q=  0.000000  0.083500 -0.083500, q=  0.000000 -0.250000  0.250000

                       Fe X   0        Fe Y   0        Fe Z   0     
                    --------------- --------------- ---------------
    0   2.1297 THz   0.0000  0.0000 -0.7071  0.0002 -0.7071  0.0002
    1   3.0463 THz   1.0000  0.0000  0.0000  0.0000  0.0000  0.0000
    2   3.7242 THz   0.0000  0.0000  0.2943  0.6429 -0.2943 -0.6429


 Q= -0.167000 -0.167000  0.000000, q=  0.000000  0.000000 -0.500000

                       Fe X   0        Fe Y   0        Fe Z   0     
                    --------------- --------------- ---------------
    0   3.6896 THz   0.7071  0.0000 -0.7071 -0.0000  0.0000  0.0000
    1   5.3769 THz   0.0000  0.0000 -0.0000  0.0000 -1.0000 -0.0000
    2   5.5582 THz   0.7071  0.0000  0.7071  0.0000 -0.0000 -0.0000


 Q= -0.083500 -0.083500  0.000000, q=  0.000000  0.000000 -0.250000

                       Fe X   0        Fe Y   0        Fe Z   0     
                    --------------- --------------- ---------------
    0   2.1297 THz   0.7071  0.0000 -0.7071  0.0000  0.0000 -0.0000
    1   3.0463 THz   0.0000  0.0000 -0.0000 -0.0000 -0.7413  0.6712
    2   3.7242 THz  -0.7071  0.0000 -0.7071  0.0000  0.0000 -0.0000


 Q=  0.000000  0.000000  0.000000, q=  0.000000  0.000000  0.000000

                       Fe X   0        Fe Y   0        Fe Z   0     
                    --------------- --------------- ---------------
    0   0.0000 THz   0.9901  0.0000  0.0716  0.0000  0.1209  0.0000
    1  -0.0000 THz  -0.1335  0.0000  0.2104  0.0000  0.9685  0.0000
    2   0.0000 THz   0.0439  0.0000 -0.9750  0.0000  0.2179  0.0000


 Q=  0.083500  0.083500  0.000000, q=  0.000000  0.000000  0.250000

                       Fe X   0        Fe Y   0        Fe Z   0     
                    --------------- --------------- ---------------
    0   2.1297 THz   0.7071  0.0000 -0.7071 -0.0000  0.0000  0.0000
    1   3.0463 THz   0.0000  0.0000 -0.0000  0.0000 -0.7413 -0.6712
    2   3.7242 THz  -0.7071  0.0000 -0.7071 -0.0000  0.0000  0.0000


 Q= -0.083500 -0.167000  0.083500, q=  0.000000  0.250000 -0.500000

                       Fe X   0        Fe Y   0        Fe Z   0     
                    --------------- --------------- ---------------
    0   3.8351 THz   0.4867  0.0000 -0.7255 -0.0000 -0.4867 -0.0000
    1   4.4260 THz   0.7071  0.0000  0.0000  0.0000  0.7071  0.0000
    2   5.6672 THz   0.5130  0.0000  0.6883  0.0000 -0.5130  0.0000


 Q=  0.000000 -0.083500  0.083500, q=  0.000000  0.250000 -0.250000

                       Fe X   0        Fe Y   0        Fe Z   0     
                    --------------- --------------- ---------------
    0   2.1297 THz   0.0000  0.0000 -0.7071 -0.0002 -0.7071 -0.0002
    1   3.0463 THz   1.0000  0.0000  0.0000  0.0000  0.0000  0.0000
    2   3.7242 THz   0.0000  0.0000  0.2943 -0.6429 -0.2943  0.6429


 Q=  0.083500  0.000000  0.083500, q=  0.000000  0.250000  0.000000

                       Fe X   0        Fe Y   0        Fe Z   0     
                    --------------- --------------- ---------------
    0   2.1297 THz   0.7071  0.0000  0.0000  0.0000 -0.7071  0.0000
    1   3.0463 THz   0.0000  0.0000 -0.9665  0.2566  0.0000  0.0000
    2   3.7242 THz   0.7071  0.0000  0.0000 -0.0000  0.7071 -0.0000


 Q=  0.167000  0.083500  0.083500, q=  0.000000  0.250000  0.250000

                       Fe X   0        Fe Y   0        Fe Z   0     
                    --------------- --------------- ---------------
    0   3.8351 THz   0.7255  0.0000 -0.4867 -0.0000 -0.4867 -0.0000
    1   4.4260 THz   0.0000  0.0000  0.3927 -0.5880 -0.3927  0.5880
    2   5.6672 THz  -0.6883  0.0000 -0.5130 -0.0000 -0.5130 -0.0000


 Q= -0.334000 -0.083500 -0.083500, q=  0.250000 -0.500000 -0.500000

                       Fe X   0        Fe Y   0        Fe Z   0     
                    --------------- --------------- ---------------
    0   5.3180 THz   0.0000  0.0000 -0.2446  0.6635 -0.2446  0.6635
    1   5.7713 THz   1.0000  0.0000  0.0000  0.0000  0.0000  0.0000
    2   5.9346 THz   0.0000  0.0000  0.7067 -0.0248 -0.7067  0.0248


 Q= -0.250500  0.000000 -0.083500, q=  0.250000 -0.500000 -0.250000

                       Fe X   0        Fe Y   0        Fe Z   0     
                    --------------- --------------- ---------------
    0   5.3180 THz  -0.7071 -0.0000  0.0000 -0.0000  0.7071  0.0000
    1   5.7713 THz   0.0000  0.0000  0.9990 -0.0456  0.0000  0.0000
    2   5.9346 THz   0.7071  0.0000  0.0000 -0.0000  0.7071  0.0000


 Q= -0.167000  0.083500 -0.083500, q=  0.250000 -0.500000  0.000000

                       Fe X   0        Fe Y   0        Fe Z   0     
                    --------------- --------------- ---------------
    0   3.8351 THz   0.7255  0.0000  0.4867 -0.0000 -0.4867 -0.0000
    1   4.4260 THz   0.0000  0.0000 -0.6482 -0.2825 -0.6482 -0.2825
    2   5.6672 THz   0.6883  0.0000 -0.5130  0.0000  0.5130  0.0000


 Q= -0.083500  0.167000 -0.083500, q=  0.250000 -0.500000  0.250000

                       Fe X   0        Fe Y   0        Fe Z   0     
                    --------------- --------------- ---------------
    0   3.8351 THz   0.4867  0.0000  0.7255  0.0000  0.4867  0.0000
    1   4.4260 THz  -0.7071  0.0000  0.0000  0.0000  0.7071  0.0000
    2   5.6672 THz  -0.5130  0.0000  0.6883 -0.0000 -0.5130  0.0000


 Q= -0.250500 -0.083500  0.000000, q=  0.250000 -0.250000 -0.500000

                       Fe X   0        Fe Y   0        Fe Z   0     
                    --------------- --------------- ---------------
    0   5.3180 THz  -0.7071 -0.0000  0.7071  0.0000  0.0000 -0.0000
    1   5.7713 THz   0.0000  0.0000  0.0000 -0.0000 -0.9007  0.4344
    2   5.9346 THz   0.7071  0.0000  0.7071  0.0000  0.0000 -0.0000


 Q= -0.167000  0.000000  0.000000, q=  0.250000 -0.250000 -0.250000

                       Fe X   0        Fe Y   0        Fe Z   0     
                    --------------- --------------- ---------------
    0   4.2308 THz   0.0000  0.0000  0.8522  0.1720  0.0871  0.4865
    1   4.2308 THz   0.0000  0.0000 -0.3130 -0.3824 -0.4233  0.7593
    2   6.1545 THz   1.0000  0.0000  0.0000  0.0000  0.0000  0.0000


 Q= -0.083500  0.083500  0.000000, q=  0.250000 -0.250000  0.000000

                       Fe X   0        Fe Y   0        Fe Z   0     
                    --------------- --------------- ---------------
    0   2.1297 THz   0.7071  0.0000  0.7071 -0.0000  0.0000 -0.0000
    1   3.0463 THz   0.0000  0.0000  0.0000  0.0000 -0.6660  0.7459
    2   3.7242 THz   0.7071  0.0000 -0.7071  0.0000 -0.0000  0.0000


 Q=  0.000000  0.167000  0.000000, q=  0.250000 -0.250000  0.250000

                       Fe X   0        Fe Y   0        Fe Z   0     
                    --------------- --------------- ---------------
    0   4.2308 THz   0.0000  0.0000 -0.0000  0.0000 -0.3849  0.9229
    1   4.2308 THz   1.0000  0.0000  0.0000  0.0000  0.0000  0.0000
    2   6.1545 THz   0.0000  0.0000  0.9991 -0.0428 -0.0000  0.0000


 Q= -0.167000 -0.083500  0.083500, q=  0.250000  0.000000 -0.500000

                       Fe X   0        Fe Y   0        Fe Z   0     
                    --------------- --------------- ---------------
    0   3.8351 THz   0.7255  0.0000 -0.4867 -0.0000  0.4867 -0.0000
    1   4.4260 THz   0.0000  0.0000 -0.5909  0.3884 -0.5909  0.3884
    2   5.6672 THz  -0.6883  0.0000 -0.5130 -0.0000  0.5130 -0.0000


 Q= -0.083500  0.000000  0.083500, q=  0.250000  0.000000 -0.250000

                       Fe X   0        Fe Y   0        Fe Z   0     
                    --------------- --------------- ---------------
    0   2.1297 THz   0.7071  0.0000  0.0000 -0.0000  0.7071 -0.0000
    1   3.0463 THz   0.0000  0.0000  0.9239  0.3827  0.0000 -0.0000
    2   3.7242 THz   0.7071  0.0000  0.0000  0.0000 -0.7071  0.0000


 Q=  0.000000  0.083500  0.083500, q=  0.250000  0.000000  0.000000

                       Fe X   0        Fe Y   0        Fe Z   0     
                    --------------- --------------- ---------------
    0   2.1297 THz   0.0000  0.0000 -0.6697  0.2269  0.6697 -0.2269
    1   3.0463 THz   1.0000  0.0000  0.0000  0.0000  0.0000  0.0000
    2   3.7242 THz   0.0000  0.0000 -0.6932 -0.1394 -0.6932 -0.1394


 Q=  0.083500  0.167000  0.083500, q=  0.250000  0.000000  0.250000

                       Fe X   0        Fe Y   0        Fe Z   0     
                    --------------- --------------- ---------------
    0   3.8351 THz   0.4867  0.0000 -0.7255  0.0000  0.4867 -0.0000
    1   4.4260 THz  -0.7071  0.0000  0.0000  0.0000  0.7071  0.0000
    2   5.6672 THz   0.5130  0.0000  0.6883  0.0000  0.5130  0.0000


 Q= -0.083500 -0.083500  0.167000, q=  0.250000  0.250000 -0.500000

                       Fe X   0        Fe Y   0        Fe Z   0     
                    --------------- --------------- ---------------
    0   3.8351 THz   0.4867  0.0000  0.4867  0.0000  0.7255  0.0000
    1   4.4260 THz  -0.7071  0.0000  0.7071  0.0000  0.0000  0.0000
    2   5.6672 THz   0.5130  0.0000  0.5130 -0.0000 -0.6883  0.0000


 Q=  0.000000  0.000000  0.167000, q=  0.250000  0.250000 -0.250000

                       Fe X   0        Fe Y   0        Fe Z   0     
                    --------------- --------------- ---------------
    0   4.2308 THz   1.0000  0.0000  0.0000  0.0000  0.0000  0.0000
    1   4.2308 THz   0.0000  0.0000 -0.1059  0.9944  0.0000 -0.0000
    2   6.1545 THz   0.0000  0.0000 -0.0000  0.0000 -0.9974 -0.0716


 Q=  0.083500  0.083500  0.167000, q=  0.250000  0.250000  0.000000

                       Fe X   0        Fe Y   0        Fe Z   0     
                    --------------- --------------- ---------------
    0   3.8351 THz   0.4867  0.0000  0.4867 -0.0000 -0.7255  0.0000
    1   4.4260 THz   0.7071  0.0000 -0.7071 -0.0000  0.0000 -0.0000
    2   5.6672 THz   0.5130  0.0000  0.5130  0.0000  0.6883  0.0000


 Q=  0.167000  0.167000  0.167000, q=  0.250000  0.250000  0.250000

                       Fe X   0        Fe Y   0        Fe Z   0     
                    --------------- --------------- ---------------
    0   4.8087 THz   1.0000  0.0000  0.0000  0.0000  0.0000  0.0000
    1   4.8087 THz   0.0000  0.0000  0.6492 -0.1249 -0.7254  0.1914
    2   4.8087 THz   0.0000  0.0000 -0.7496  0.0300 -0.6573  0.0711
