
Used Primitive lattice vector

    0.000000000000      1.736062500000      1.736062500000  
    1.736062500000      0.000000000000      1.736062500000  
    1.736062500000      1.736062500000      0.000000000000  

   1 Atom(s) in the Primitive cell

 0.0000000000 0.0000000000 0.0000000000 Ni    0


 Q= -0.144004 -0.144004 -0.144004, q= -0.500000 -0.500000 -0.500000

                       Ni X   0        Ni Y   0        Ni Z   0     
                    --------------- --------------- ---------------
    0   4.5910 THz   0.0000  0.0000  0.7071  0.0000 -0.7071 -0.0000
    1   4.5910 THz   0.8165  0.0000 -0.4082  0.0000 -0.4082  0.0000
    2   9.6317 THz  -0.5774  0.0000 -0.5774  0.0000 -0.5774  0.0000


 Q= -0.072002 -0.072002 -0.216006, q= -0.500000 -0.500000 -0.250000

                       Ni X   0        Ni Y   0        Ni Z   0     
                    --------------- --------------- ---------------
    0   5.7575 THz   0.7071  0.0000 -0.7071  0.0000 -0.0000 -0.0000
    1   6.4606 THz   0.5722  0.0000  0.5722 -0.0000 -0.5875  0.0000
    2   8.8589 THz   0.4154  0.0000  0.4154  0.0000  0.8092  0.0000


 Q=  0.000000  0.000000 -0.288008, q= -0.500000 -0.500000  0.000000

                       Ni X   0        Ni Y   0        Ni Z   0     
                    --------------- --------------- ---------------
    0   6.7003 THz   0.0000  0.0000 -1.0000  0.0000  0.0000  0.0000
    1   6.7003 THz   1.0000  0.0000  0.0000  0.0000  0.0000  0.0000
    2   9.3549 THz   0.0000  0.0000  0.0000  0.0000 -1.0000 -0.0000


 Q=  0.072002  0.072002 -0.360010, q= -0.500000 -0.500000  0.250000

                       Ni X   0        Ni Y   0        Ni Z   0     
                    --------------- --------------- ---------------
    0   5.7575 THz   0.7071  0.0000 -0.7071 -0.0000 -0.0000  0.0000
    1   6.4606 THz   0.5722  0.0000  0.5722  0.0000 -0.5875 -0.0000
    2   8.8589 THz   0.4154  0.0000  0.4154 -0.0000  0.8092 -0.0000


 Q= -0.072002 -0.216006 -0.072002, q= -0.500000 -0.250000 -0.500000

                       Ni X   0        Ni Y   0        Ni Z   0     
                    --------------- --------------- ---------------
    0   5.7575 THz  -0.7071  0.0000  0.0000 -0.0000  0.7071  0.0000
    1   6.4606 THz   0.5722  0.0000 -0.5875  0.0000  0.5722  0.0000
    2   8.8589 THz   0.4154  0.0000  0.8092 -0.0000  0.4154 -0.0000


 Q=  0.000000 -0.144004 -0.144004, q= -0.500000 -0.250000 -0.250000

                       Ni X   0        Ni Y   0        Ni Z   0     
                    --------------- --------------- ---------------
    0   4.5173 THz   0.0000  0.0000 -0.6881 -0.1629  0.6881  0.1629
    1   6.5424 THz   1.0000  0.0000  0.0000  0.0000  0.0000  0.0000
    2   8.4287 THz   0.0000  0.0000 -0.6634  0.2448 -0.6634  0.2448


 Q=  0.072002 -0.072002 -0.216006, q= -0.500000 -0.250000  0.000000

                       Ni X   0        Ni Y   0        Ni Z   0     
                    --------------- --------------- ---------------
    0   5.7575 THz  -0.7071  0.0000 -0.7071 -0.0000 -0.0000 -0.0000
    1   6.4606 THz   0.5722  0.0000 -0.5722 -0.0000  0.5875 -0.0000
    2   8.8589 THz  -0.4154  0.0000  0.4154  0.0000  0.8092 -0.0000


 Q=  0.144004  0.000000 -0.288008, q= -0.500000 -0.250000  0.250000

                       Ni X   0        Ni Y   0        Ni Z   0     
                    --------------- --------------- ---------------
    0   6.6283 THz   1.0000  0.0000  0.0000  0.0000  0.0000  0.0000
    1   8.0529 THz   0.0000  0.0000 -0.3655  0.0169  0.8693 -0.3323
    2   8.0529 THz   0.0000  0.0000 -0.9306 -0.0055 -0.3481  0.1127


 Q=  0.000000 -0.288008  0.000000, q= -0.500000  0.000000 -0.500000

                       Ni X   0        Ni Y   0        Ni Z   0     
                    --------------- --------------- ---------------
    0   6.7003 THz   0.0000  0.0000  0.0000  0.0000  1.0000 -0.0000
    1   6.7003 THz   1.0000  0.0000  0.0000  0.0000  0.0000  0.0000
    2   9.3549 THz   0.0000  0.0000 -1.0000  0.0000  0.0000  0.0000


 Q=  0.072002 -0.216006 -0.072002, q= -0.500000  0.000000 -0.250000

                       Ni X   0        Ni Y   0        Ni Z   0     
                    --------------- --------------- ---------------
    0   5.7575 THz   0.7071  0.0000 -0.0000  0.0000  0.7071 -0.0000
    1   6.4606 THz   0.5722  0.0000  0.5875 -0.0000 -0.5722  0.0000
    2   8.8589 THz  -0.4154  0.0000  0.8092 -0.0000  0.4154 -0.0000


 Q=  0.144004 -0.144004 -0.144004, q= -0.500000  0.000000  0.000000

                       Ni X   0        Ni Y   0        Ni Z   0     
                    --------------- --------------- ---------------
    0   4.5910 THz   0.8165  0.0000  0.4082  0.0000  0.4082 -0.0000
    1   4.5910 THz   0.0000  0.0000 -0.0000  0.7071 -0.0000 -0.7071
    2   9.6317 THz   0.5774  0.0000 -0.5774 -0.0000 -0.5774  0.0000


 Q=  0.216006 -0.072002 -0.216006, q= -0.500000  0.000000  0.250000

                       Ni X   0        Ni Y   0        Ni Z   0     
                    --------------- --------------- ---------------
    0   5.7575 THz   0.7071  0.0000  0.0000 -0.0000  0.7071  0.0000
    1   6.4606 THz   0.5722  0.0000  0.5875  0.0000 -0.5722 -0.0000
    2   8.8589 THz  -0.4154  0.0000  0.8092  0.0000  0.4154  0.0000


 Q=  0.072002 -0.360010  0.072002, q= -0.500000  0.250000 -0.500000

                       Ni X   0        Ni Y   0        Ni Z   0     
                    --------------- --------------- ---------------
    0   5.7575 THz  -0.7071  0.0000 -0.0000  0.0000  0.7071 -0.0000
    1   6.4606 THz   0.5722  0.0000 -0.5875  0.0000  0.5722 -0.0000
    2   8.8589 THz   0.4154  0.0000  0.8092  0.0000  0.4154  0.0000


 Q=  0.144004 -0.288008  0.000000, q= -0.500000  0.250000 -0.250000

                       Ni X   0        Ni Y   0        Ni Z   0     
                    --------------- --------------- ---------------
    0   6.6283 THz   1.0000  0.0000  0.0000  0.0000  0.0000  0.0000
    1   8.0529 THz   0.0000  0.0000  0.6068  0.0856 -0.0032 -0.7902
    2   8.0529 THz   0.0000  0.0000 -0.7897  0.0292 -0.1104 -0.6028


 Q=  0.216006 -0.216006 -0.072002, q= -0.500000  0.250000  0.000000

                       Ni X   0        Ni Y   0        Ni Z   0     
                    --------------- --------------- ---------------
    0   5.7575 THz  -0.7071  0.0000 -0.7071  0.0000 -0.0000 -0.0000
    1   6.4606 THz   0.5722  0.0000 -0.5722  0.0000  0.5875 -0.0000
    2   8.8589 THz  -0.4154  0.0000  0.4154 -0.0000  0.8092 -0.0000


 Q=  0.288008 -0.144004 -0.144004, q= -0.500000  0.250000  0.250000

                       Ni X   0        Ni Y   0        Ni Z   0     
                    --------------- --------------- ---------------
    0   4.5173 THz   0.0000  0.0000  0.7008 -0.0943 -0.7008  0.0943
    1   6.5424 THz   1.0000  0.0000  0.0000  0.0000  0.0000  0.0000
    2   8.4287 THz   0.0000  0.0000 -0.7060  0.0389 -0.7060  0.0389


 Q= -0.216006 -0.072002 -0.072002, q= -0.250000 -0.500000 -0.500000

                       Ni X   0        Ni Y   0        Ni Z   0     
                    --------------- --------------- ---------------
    0   5.7575 THz   0.0000  0.0000  0.7049  0.0557 -0.7049 -0.0557
    1   6.4606 THz   0.5875  0.0000 -0.5722 -0.0000 -0.5722 -0.0000
    2   8.8589 THz   0.8092  0.0000  0.4154  0.0000  0.4154  0.0000


 Q= -0.144004  0.000000 -0.144004, q= -0.250000 -0.500000 -0.250000

                       Ni X   0        Ni Y   0        Ni Z   0     
                    --------------- --------------- ---------------
    0   4.5173 THz   0.7071  0.0000  0.0000 -0.0000 -0.7071 -0.0000
    1   6.5424 THz   0.0000  0.0000  0.9960  0.0889 -0.0000 -0.0000
    2   8.4287 THz   0.7071  0.0000  0.0000  0.0000  0.7071  0.0000


 Q= -0.072002  0.072002 -0.216006, q= -0.250000 -0.500000  0.000000

                       Ni X   0        Ni Y   0        Ni Z   0     
                    --------------- --------------- ---------------
    0   5.7575 THz   0.7071  0.0000  0.7071 -0.0000 -0.0000 -0.0000
    1   6.4606 THz   0.5722  0.0000 -0.5722  0.0000 -0.5875  0.0000
    2   8.8589 THz  -0.4154  0.0000  0.4154 -0.0000 -0.8092  0.0000


 Q=  0.000000  0.144004 -0.288008, q= -0.250000 -0.500000  0.250000

                       Ni X   0        Ni Y   0        Ni Z   0     
                    --------------- --------------- ---------------
    0   6.6283 THz   0.0000  0.0000 -0.9993  0.0386 -0.0000  0.0000
    1   8.0529 THz   1.0000  0.0000  0.0000  0.0000  0.0000  0.0000
    2   8.0529 THz   0.0000  0.0000  0.0000  0.0000 -1.0000 -0.0018


 Q= -0.144004 -0.144004  0.000000, q= -0.250000 -0.250000 -0.500000

                       Ni X   0        Ni Y   0        Ni Z   0     
                    --------------- --------------- ---------------
    0   4.5173 THz   0.7071  0.0000 -0.7071  0.0000  0.0000 -0.0000
    1   6.5424 THz   0.0000  0.0000  0.0000 -0.0000 -0.6389 -0.7693
    2   8.4287 THz  -0.7071  0.0000 -0.7071  0.0000  0.0000 -0.0000


 Q= -0.072002 -0.072002 -0.072002, q= -0.250000 -0.250000 -0.250000

                       Ni X   0        Ni Y   0        Ni Z   0     
                    --------------- --------------- ---------------
    0   3.0202 THz   0.8165  0.0000 -0.4082 -0.0000 -0.4082 -0.0000
    1   3.0202 THz   0.0000  0.0000  0.6988 -0.1080 -0.6988  0.1080
    2   7.1657 THz  -0.5774  0.0000 -0.5774 -0.0000 -0.5774 -0.0000


 Q=  0.000000  0.000000 -0.144004, q= -0.250000 -0.250000  0.000000

                       Ni X   0        Ni Y   0        Ni Z   0     
                    --------------- --------------- ---------------
    0   4.7328 THz   1.0000  0.0000  0.0000  0.0000  0.0000  0.0000
    1   4.7328 THz   0.0000  0.0000 -1.0000 -0.0053  0.0000 -0.0000
    2   7.1385 THz   0.0000  0.0000  0.0000 -0.0000 -0.6192 -0.7852


 Q=  0.072002  0.072002 -0.216006, q= -0.250000 -0.250000  0.250000

                       Ni X   0        Ni Y   0        Ni Z   0     
                    --------------- --------------- ---------------
    0   5.7575 THz  -0.7071  0.0000  0.7071  0.0000 -0.0000  0.0000
    1   6.4606 THz   0.5722  0.0000  0.5722  0.0000  0.5875  0.0000
    2   8.8589 THz   0.4154  0.0000  0.4154 -0.0000 -0.8092  0.0000


 Q= -0.072002 -0.216006  0.072002, q= -0.250000  0.000000 -0.500000

                       Ni X   0        Ni Y   0        Ni Z   0     
                    --------------- --------------- ---------------
    0   5.7575 THz   0.7071  0.0000  0.0000  0.0000  0.7071 -0.0000
    1   6.4606 THz   0.5722  0.0000 -0.5875  0.0000 -0.5722 -0.0000
    2   8.8589 THz   0.4154  0.0000  0.8092 -0.0000 -0.4154  0.0000


 Q=  0.000000 -0.144004  0.000000, q= -0.250000  0.000000 -0.250000

                       Ni X   0        Ni Y   0        Ni Z   0     
                    --------------- --------------- ---------------
    0   4.7328 THz   1.0000  0.0000  0.0000  0.0000  0.0000  0.0000
    1   4.7328 THz   0.0000  0.0000  0.0000 -0.0000 -1.0000  0.0050
    2   7.1385 THz   0.0000  0.0000 -0.9997 -0.0244 -0.0000 -0.0000


 Q=  0.072002 -0.072002 -0.072002, q= -0.250000  0.000000  0.000000

                       Ni X   0        Ni Y   0        Ni Z   0     
                    --------------- --------------- ---------------
    0   3.0202 THz   0.0000  0.0000  0.7061  0.0377 -0.7061 -0.0377
    1   3.0202 THz   0.8165  0.0000  0.4082  0.0000  0.4082  0.0000
    2   7.1657 THz   0.5774  0.0000 -0.5774 -0.0000 -0.5774 -0.0000


 Q=  0.144004  0.000000 -0.144004, q= -0.250000  0.000000  0.250000

                       Ni X   0        Ni Y   0        Ni Z   0     
                    --------------- --------------- ---------------
    0   4.5173 THz   0.7071  0.0000 -0.0000  0.0000  0.7071 -0.0000
    1   6.5424 THz  -0.0000  0.0000 -0.9997  0.0256 -0.0000  0.0000
    2   8.4287 THz   0.7071  0.0000 -0.0000  0.0000 -0.7071  0.0000


 Q=  0.000000 -0.288008  0.144004, q= -0.250000  0.250000 -0.500000

                       Ni X   0        Ni Y   0        Ni Z   0     
                    --------------- --------------- ---------------
    0   6.6283 THz   0.0000  0.0000 -0.0000  0.0000 -0.6374  0.7705
    1   8.0529 THz   1.0000  0.0000  0.0000  0.0000  0.0000  0.0000
    2   8.0529 THz   0.0000  0.0000 -0.9998  0.0193  0.0000 -0.0000


 Q=  0.072002 -0.216006  0.072002, q= -0.250000  0.250000 -0.250000

                       Ni X   0        Ni Y   0        Ni Z   0     
                    --------------- --------------- ---------------
    0   5.7575 THz  -0.7071  0.0000  0.0000 -0.0000  0.7071 -0.0000
    1   6.4606 THz   0.5722  0.0000  0.5875 -0.0000  0.5722 -0.0000
    2   8.8589 THz  -0.4154  0.0000  0.8092 -0.0000 -0.4154 -0.0000


 Q=  0.144004 -0.144004  0.000000, q= -0.250000  0.250000  0.000000

                       Ni X   0        Ni Y   0        Ni Z   0     
                    --------------- --------------- ---------------
    0   4.5173 THz   0.7071  0.0000  0.7071  0.0000  0.0000  0.0000
    1   6.5424 THz   0.0000  0.0000  0.0000 -0.0000 -0.5821 -0.8131
    2   8.4287 THz   0.7071  0.0000 -0.7071 -0.0000 -0.0000 -0.0000


 Q=  0.216006 -0.072002 -0.072002, q= -0.250000  0.250000  0.250000

                       Ni X   0        Ni Y   0        Ni Z   0     
                    --------------- --------------- ---------------
    0   5.7575 THz   0.0000  0.0000  0.7028 -0.0780 -0.7028  0.0780
    1   6.4606 THz  -0.5875  0.0000 -0.5722 -0.0000 -0.5722  0.0000
    2   8.8589 THz   0.8092  0.0000 -0.4154 -0.0000 -0.4154  0.0000


 Q= -0.288008  0.000000  0.000000, q=  0.000000 -0.500000 -0.500000

                       Ni X   0        Ni Y   0        Ni Z   0     
                    --------------- --------------- ---------------
    0   6.7003 THz   0.0000  0.0000 -0.8255  0.0000  0.5644 -0.0000
    1   6.7003 THz   0.0000  0.0000 -0.5644  0.0000 -0.8255  0.0000
    2   9.3549 THz   1.0000  0.0000  0.0000  0.0000  0.0000  0.0000


 Q= -0.216006  0.072002 -0.072002, q=  0.000000 -0.500000 -0.250000

                       Ni X   0        Ni Y   0        Ni Z   0     
                    --------------- --------------- ---------------
    0   5.7575 THz   0.0000  0.0000 -0.6991 -0.1061 -0.6991 -0.1061
    1   6.4606 THz  -0.5875  0.0000 -0.5722 -0.0000  0.5722 -0.0000
    2   8.8589 THz   0.8092  0.0000 -0.4154 -0.0000  0.4154 -0.0000


 Q= -0.144004  0.144004 -0.144004, q=  0.000000 -0.500000  0.000000

                       Ni X   0        Ni Y   0        Ni Z   0     
                    --------------- --------------- ---------------
    0   4.5910 THz   0.8165  0.0000  0.4082 -0.0000 -0.4082  0.0000
    1   4.5910 THz   0.0000  0.0000 -0.7071  0.0000 -0.7071  0.0000
    2   9.6317 THz   0.5774  0.0000 -0.5774  0.0000  0.5774 -0.0000


 Q= -0.072002  0.216006 -0.216006, q=  0.000000 -0.500000  0.250000

                       Ni X   0        Ni Y   0        Ni Z   0     
                    --------------- --------------- ---------------
    0   5.7575 THz   0.0000  0.0000 -0.7015 -0.0891 -0.7015 -0.0891
    1   6.4606 THz  -0.5875  0.0000 -0.5722 -0.0000  0.5722  0.0000
    2   8.8589 THz   0.8092  0.0000 -0.4154 -0.0000  0.4154  0.0000


 Q= -0.216006 -0.072002  0.072002, q=  0.000000 -0.250000 -0.500000

                       Ni X   0        Ni Y   0        Ni Z   0     
                    --------------- --------------- ---------------
    0   5.7575 THz   0.0000  0.0000 -0.7065 -0.0301 -0.7065 -0.0301
    1   6.4606 THz   0.5875  0.0000 -0.5722 -0.0000  0.5722  0.0000
    2   8.8589 THz   0.8092  0.0000  0.4154  0.0000 -0.4154 -0.0000


 Q= -0.144004  0.000000  0.000000, q=  0.000000 -0.250000 -0.250000

                       Ni X   0        Ni Y   0        Ni Z   0     
                    --------------- --------------- ---------------
    0   4.7328 THz   0.0000  0.0000 -0.7268 -0.0140  0.0937 -0.6803
    1   4.7328 THz   0.0000  0.0000 -0.6846  0.0547 -0.0275  0.7264
    2   7.1385 THz   1.0000  0.0000  0.0000  0.0000  0.0000  0.0000


 Q= -0.072002  0.072002 -0.072002, q=  0.000000 -0.250000  0.000000

                       Ni X   0        Ni Y   0        Ni Z   0     
                    --------------- --------------- ---------------
    0   3.0202 THz   0.8165  0.0000  0.4082 -0.0000 -0.4082  0.0000
    1   3.0202 THz   0.0000  0.0000 -0.7071 -0.0072 -0.7071 -0.0072
    2   7.1657 THz   0.5774  0.0000 -0.5774  0.0000  0.5774 -0.0000


 Q=  0.000000  0.144004 -0.144004, q=  0.000000 -0.250000  0.250000

                       Ni X   0        Ni Y   0        Ni Z   0     
                    --------------- --------------- ---------------
    0   4.5173 THz   0.0000  0.0000 -0.6913  0.1485 -0.6913  0.1485
    1   6.5424 THz   1.0000  0.0000  0.0000  0.0000  0.0000  0.0000
    2   8.4287 THz   0.0000  0.0000 -0.6816 -0.1882  0.6816  0.1882


 Q= -0.144004 -0.144004  0.144004, q=  0.000000  0.000000 -0.500000

                       Ni X   0        Ni Y   0        Ni Z   0     
                    --------------- --------------- ---------------
    0   4.5910 THz   0.0000  0.0000 -0.7071 -0.0000 -0.7071 -0.0000
    1   4.5910 THz   0.8165  0.0000 -0.4082 -0.0000  0.4082 -0.0000
    2   9.6317 THz  -0.5774  0.0000 -0.5774 -0.0000  0.5774 -0.0000


 Q= -0.072002 -0.072002  0.072002, q=  0.000000  0.000000 -0.250000

                       Ni X   0        Ni Y   0        Ni Z   0     
                    --------------- --------------- ---------------
    0   3.0202 THz   0.8165  0.0000 -0.4082  0.0000  0.4082  0.0000
    1   3.0202 THz   0.0000  0.0000 -0.6954  0.1279 -0.6954  0.1279
    2   7.1657 THz  -0.5774  0.0000 -0.5774  0.0000  0.5774  0.0000


 Q=  0.000000  0.000000  0.000000, q=  0.000000  0.000000  0.000000

                       Ni X   0        Ni Y   0        Ni Z   0     
                    --------------- --------------- ---------------
    0  -0.0000 THz  -0.2477  0.0000 -0.9532  0.0000 -0.1735  0.0000
    1  -0.0000 THz   0.3444  0.0000  0.0807  0.0000 -0.9353  0.0000
    2  -0.0000 THz   0.9056  0.0000 -0.2914  0.0000  0.3083  0.0000


 Q=  0.072002  0.072002 -0.072002, q=  0.000000  0.000000  0.250000

                       Ni X   0        Ni Y   0        Ni Z   0     
                    --------------- --------------- ---------------
    0   3.0202 THz   0.8165  0.0000 -0.4082 -0.0000  0.4082 -0.0000
    1   3.0202 THz   0.0000  0.0000 -0.6954 -0.1279 -0.6954 -0.1279
    2   7.1657 THz  -0.5774  0.0000 -0.5774 -0.0000  0.5774 -0.0000


 Q= -0.072002 -0.216006  0.216006, q=  0.000000  0.250000 -0.500000

                       Ni X   0        Ni Y   0        Ni Z   0     
                    --------------- --------------- ---------------
    0   5.7575 THz   0.0000  0.0000 -0.6531  0.2710 -0.6531  0.2710
    1   6.4606 THz   0.5875  0.0000 -0.5722  0.0000  0.5722 -0.0000
    2   8.8589 THz   0.8092  0.0000  0.4154 -0.0000 -0.4154  0.0000


 Q=  0.000000 -0.144004  0.144004, q=  0.000000  0.250000 -0.250000

                       Ni X   0        Ni Y   0        Ni Z   0     
                    --------------- --------------- ---------------
    0   4.5173 THz   0.0000  0.0000 -0.6913 -0.1485 -0.6913 -0.1485
    1   6.5424 THz   1.0000  0.0000  0.0000  0.0000  0.0000  0.0000
    2   8.4287 THz   0.0000  0.0000 -0.6816  0.1882  0.6816 -0.1882


 Q=  0.072002 -0.072002  0.072002, q=  0.000000  0.250000  0.000000

                       Ni X   0        Ni Y   0        Ni Z   0     
                    --------------- --------------- ---------------
    0   3.0202 THz   0.8165  0.0000  0.4082  0.0000 -0.4082 -0.0000
    1   3.0202 THz   0.0000  0.0000 -0.7071  0.0072 -0.7071  0.0072
    2   7.1657 THz   0.5774  0.0000 -0.5774 -0.0000  0.5774  0.0000


 Q=  0.144004  0.000000  0.000000, q=  0.000000  0.250000  0.250000

                       Ni X   0        Ni Y   0        Ni Z   0     
                    --------------- --------------- ---------------
    0   4.7328 THz   0.0000  0.0000 -0.7268  0.0140  0.0937  0.6803
    1   4.7328 THz   0.0000  0.0000 -0.6846 -0.0547 -0.0275 -0.7264
    2   7.1385 THz   1.0000  0.0000  0.0000  0.0000  0.0000  0.0000


 Q= -0.360010  0.072002  0.072002, q=  0.250000 -0.500000 -0.500000

                       Ni X   0        Ni Y   0        Ni Z   0     
                    --------------- --------------- ---------------
    0   5.7575 THz   0.0000  0.0000  0.7049  0.0557 -0.7049 -0.0557
    1   6.4606 THz   0.5875  0.0000 -0.5722  0.0000 -0.5722  0.0000
    2   8.8589 THz   0.8092  0.0000  0.4154 -0.0000  0.4154 -0.0000


 Q= -0.288008  0.144004  0.000000, q=  0.250000 -0.500000 -0.250000

                       Ni X   0        Ni Y   0        Ni Z   0     
                    --------------- --------------- ---------------
    0   6.6283 THz   0.0000  0.0000 -0.9992 -0.0412 -0.0000 -0.0000
    1   8.0529 THz   0.0000  0.0000  0.0000 -0.0000 -1.0000  0.0016
    2   8.0529 THz   1.0000  0.0000  0.0000  0.0000  0.0000  0.0000


 Q= -0.216006  0.216006 -0.072002, q=  0.250000 -0.500000  0.000000

                       Ni X   0        Ni Y   0        Ni Z   0     
                    --------------- --------------- ---------------
    0   5.7575 THz   0.7071  0.0000  0.7071  0.0000 -0.0000  0.0000
    1   6.4606 THz   0.5722  0.0000 -0.5722 -0.0000 -0.5875 -0.0000
    2   8.8589 THz  -0.4154  0.0000  0.4154  0.0000 -0.8092 -0.0000


 Q= -0.144004  0.288008 -0.144004, q=  0.250000 -0.500000  0.250000

                       Ni X   0        Ni Y   0        Ni Z   0     
                    --------------- --------------- ---------------
    0   4.5173 THz  -0.7071  0.0000  0.0000  0.0000  0.7071 -0.0000
    1   6.5424 THz   0.0000  0.0000 -0.9992 -0.0411 -0.0000 -0.0000
    2   8.4287 THz   0.7071  0.0000  0.0000  0.0000  0.7071 -0.0000


 Q= -0.288008  0.000000  0.144004, q=  0.250000 -0.250000 -0.500000

                       Ni X   0        Ni Y   0        Ni Z   0     
                    --------------- --------------- ---------------
    0   6.6283 THz   0.0000  0.0000  0.0000  0.0000  0.9915  0.1300
    1   8.0529 THz   1.0000  0.0000  0.0000  0.0000  0.0000  0.0000
    2   8.0529 THz   0.0000  0.0000 -0.9998 -0.0212  0.0000  0.0000


 Q= -0.216006  0.072002  0.072002, q=  0.250000 -0.250000 -0.250000

                       Ni X   0        Ni Y   0        Ni Z   0     
                    --------------- --------------- ---------------
    0   5.7575 THz   0.0000  0.0000  0.7028  0.0780 -0.7028 -0.0780
    1   6.4606 THz  -0.5875  0.0000 -0.5722  0.0000 -0.5722 -0.0000
    2   8.8589 THz   0.8092  0.0000 -0.4154  0.0000 -0.4154 -0.0000


 Q= -0.144004  0.144004  0.000000, q=  0.250000 -0.250000  0.000000

                       Ni X   0        Ni Y   0        Ni Z   0     
                    --------------- --------------- ---------------
    0   4.5173 THz   0.7071  0.0000  0.7071 -0.0000  0.0000 -0.0000
    1   6.5424 THz   0.0000  0.0000  0.0000  0.0000 -0.5821  0.8131
    2   8.4287 THz   0.7071  0.0000 -0.7071  0.0000 -0.0000  0.0000


 Q= -0.072002  0.216006 -0.072002, q=  0.250000 -0.250000  0.250000

                       Ni X   0        Ni Y   0        Ni Z   0     
                    --------------- --------------- ---------------
    0   5.7575 THz  -0.7071  0.0000  0.0000  0.0000  0.7071  0.0000
    1   6.4606 THz   0.5722  0.0000  0.5875  0.0000  0.5722  0.0000
    2   8.8589 THz  -0.4154  0.0000  0.8092  0.0000 -0.4154  0.0000


 Q= -0.216006 -0.072002  0.216006, q=  0.250000  0.000000 -0.500000

                       Ni X   0        Ni Y   0        Ni Z   0     
                    --------------- --------------- ---------------
    0   5.7575 THz   0.7071  0.0000 -0.0000 -0.0000  0.7071  0.0000
    1   6.4606 THz   0.5722  0.0000 -0.5875 -0.0000 -0.5722  0.0000
    2   8.8589 THz   0.4154  0.0000  0.8092  0.0000 -0.4154 -0.0000


 Q= -0.144004  0.000000  0.144004, q=  0.250000  0.000000 -0.250000

                       Ni X   0        Ni Y   0        Ni Z   0     
                    --------------- --------------- ---------------
    0   4.5173 THz   0.7071  0.0000 -0.0000 -0.0000  0.7071  0.0000
    1   6.5424 THz  -0.0000  0.0000 -0.9997 -0.0256 -0.0000 -0.0000
    2   8.4287 THz   0.7071  0.0000 -0.0000 -0.0000 -0.7071 -0.0000


 Q= -0.072002  0.072002  0.072002, q=  0.250000  0.000000  0.000000

                       Ni X   0        Ni Y   0        Ni Z   0     
                    --------------- --------------- ---------------
    0   3.0202 THz   0.0000  0.0000  0.7061 -0.0377 -0.7061  0.0377
    1   3.0202 THz   0.8165  0.0000  0.4082 -0.0000  0.4082 -0.0000
    2   7.1657 THz   0.5774  0.0000 -0.5774  0.0000 -0.5774  0.0000


 Q=  0.000000  0.144004  0.000000, q=  0.250000  0.000000  0.250000

                       Ni X   0        Ni Y   0        Ni Z   0     
                    --------------- --------------- ---------------
    0   4.7328 THz   1.0000  0.0000  0.0000  0.0000  0.0000  0.0000
    1   4.7328 THz   0.0000  0.0000  0.0000  0.0000 -1.0000 -0.0050
    2   7.1385 THz   0.0000  0.0000 -0.9997  0.0244 -0.0000  0.0000


 Q= -0.144004 -0.144004  0.288008, q=  0.250000  0.250000 -0.500000

                       Ni X   0        Ni Y   0        Ni Z   0     
                    --------------- --------------- ---------------
    0   4.5173 THz   0.7071  0.0000 -0.7071 -0.0000  0.0000  0.0000
    1   6.5424 THz   0.0000  0.0000 -0.0000 -0.0000 -0.9313 -0.3642
    2   8.4287 THz  -0.7071  0.0000 -0.7071 -0.0000  0.0000  0.0000


 Q= -0.072002 -0.072002  0.216006, q=  0.250000  0.250000 -0.250000

                       Ni X   0        Ni Y   0        Ni Z   0     
                    --------------- --------------- ---------------
    0   5.7575 THz  -0.7071  0.0000  0.7071 -0.0000 -0.0000 -0.0000
    1   6.4606 THz   0.5722  0.0000  0.5722 -0.0000  0.5875 -0.0000
    2   8.8589 THz   0.4154  0.0000  0.4154  0.0000 -0.8092 -0.0000


 Q=  0.000000  0.000000  0.144004, q=  0.250000  0.250000  0.000000

                       Ni X   0        Ni Y   0        Ni Z   0     
                    --------------- --------------- ---------------
    0   4.7328 THz   1.0000  0.0000  0.0000  0.0000  0.0000  0.0000
    1   4.7328 THz   0.0000  0.0000 -1.0000  0.0053  0.0000  0.0000
    2   7.1385 THz   0.0000  0.0000  0.0000  0.0000 -0.6192  0.7852


 Q=  0.072002  0.072002  0.072002, q=  0.250000  0.250000  0.250000

                       Ni X   0        Ni Y   0        Ni Z   0     
                    --------------- --------------- ---------------
    0   3.0202 THz   0.8165  0.0000 -0.4082  0.0000 -0.4082  0.0000
    1   3.0202 THz   0.0000  0.0000  0.6988  0.1080 -0.6988 -0.1080
    2   7.1657 THz  -0.5774  0.0000 -0.5774  0.0000 -0.5774  0.0000
