
Used Primitive lattice vector

   -1.524473000000      1.524473000000      1.524473000000  
    1.524473000000     -1.524473000000      1.524473000000  
    1.524473000000      1.524473000000     -1.524473000000  

   1 Atom(s) in the Primitive cell

 0.0000000000 0.0000000000 0.0000000000 Fe    0


 Q= -0.327982 -0.327982 -0.327982, q= -0.500000 -0.500000 -0.500000

                       Fe X   0        Fe Y   0        Fe Z   0     
                    --------------- --------------- ---------------
    0   5.7889 THz   0.0000  0.0000 -0.9573  0.0000 -0.2890 -0.0000
    1   5.7889 THz   1.0000  0.0000  0.0000  0.0000  0.0000  0.0000
    2   5.7889 THz   0.0000  0.0000  0.2890 -0.0000 -0.9573 -0.0000


 Q= -0.245987 -0.245987 -0.327982, q= -0.500000 -0.500000 -0.250000

                       Fe X   0        Fe Y   0        Fe Z   0     
                    --------------- --------------- ---------------
    0   4.7838 THz   0.7071  0.0000 -0.7071  0.0000 -0.0000 -0.0000
    1   4.8839 THz  -0.7071  0.0000 -0.7071  0.0000 -0.0000 -0.0000
    2   5.1248 THz   0.0000  0.0000  0.0000  0.0000 -0.9501 -0.3120


 Q= -0.163991 -0.163991 -0.327982, q= -0.500000 -0.500000  0.000000

                       Fe X   0        Fe Y   0        Fe Z   0     
                    --------------- --------------- ---------------
    0   3.0380 THz   0.7071  0.0000  0.7071  0.0000 -0.0000  0.0000
    1   4.2964 THz   0.7071  0.0000 -0.7071 -0.0000  0.0000 -0.0000
    2   5.0005 THz   0.0000  0.0000 -0.0000 -0.0000 -1.0000  0.0000


 Q= -0.081996 -0.081996 -0.327982, q= -0.500000 -0.500000  0.250000

                       Fe X   0        Fe Y   0        Fe Z   0     
                    --------------- --------------- ---------------
    0   4.7838 THz   0.7071  0.0000 -0.7071  0.0000 -0.0000  0.0000
    1   4.8839 THz  -0.7071  0.0000 -0.7071  0.0000 -0.0000  0.0000
    2   5.1248 THz   0.0000  0.0000  0.0000  0.0000 -0.9959  0.0905


 Q= -0.245987 -0.327982 -0.245987, q= -0.500000 -0.250000 -0.500000

                       Fe X   0        Fe Y   0        Fe Z   0     
                    --------------- --------------- ---------------
    0   4.7838 THz   0.7071  0.0000  0.0000 -0.0000 -0.7071 -0.0000
    1   4.8839 THz   0.7071  0.0000  0.0000  0.0000  0.7071  0.0000
    2   5.1248 THz   0.0000  0.0000 -0.2839  0.9589 -0.0000 -0.0000


 Q= -0.163991 -0.245987 -0.245987, q= -0.500000 -0.250000 -0.250000

                       Fe X   0        Fe Y   0        Fe Z   0     
                    --------------- --------------- ---------------
    0   3.1157 THz   0.7605  0.0000  0.4591 -0.0000  0.4591  0.0000
    1   3.5072 THz   0.0000  0.0000  0.6663 -0.2366 -0.6663  0.2366
    2   4.6496 THz   0.6493  0.0000 -0.5378  0.0000 -0.5378 -0.0000


 Q= -0.081996 -0.163991 -0.245987, q= -0.500000 -0.250000  0.000000

                       Fe X   0        Fe Y   0        Fe Z   0     
                    --------------- --------------- ---------------
    0   3.1157 THz   0.4591  0.0000  0.7605 -0.0000 -0.4591  0.0000
    1   3.5072 THz   0.7071  0.0000 -0.0000  0.0000  0.7071 -0.0000
    2   4.6496 THz  -0.5378  0.0000  0.6493 -0.0000  0.5378 -0.0000


 Q=  0.000000 -0.081996 -0.245987, q= -0.500000 -0.250000  0.250000

                       Fe X   0        Fe Y   0        Fe Z   0     
                    --------------- --------------- ---------------
    0   4.7838 THz   0.0000  0.0000 -0.3367 -0.6218 -0.3367 -0.6218
    1   4.8839 THz   0.0000  0.0000 -0.6783  0.1999  0.6783 -0.1999
    2   5.1248 THz   1.0000  0.0000  0.0000  0.0000  0.0000  0.0000


 Q= -0.163991 -0.327982 -0.163991, q= -0.500000  0.000000 -0.500000

                       Fe X   0        Fe Y   0        Fe Z   0     
                    --------------- --------------- ---------------
    0   3.0380 THz   0.7071  0.0000  0.0000 -0.0000  0.7071  0.0000
    1   4.2964 THz  -0.7071  0.0000  0.0000 -0.0000  0.7071  0.0000
    2   5.0005 THz   0.0000  0.0000 -1.0000 -0.0000  0.0000  0.0000


 Q= -0.081996 -0.245987 -0.163991, q= -0.500000  0.000000 -0.250000

                       Fe X   0        Fe Y   0        Fe Z   0     
                    --------------- --------------- ---------------
    0   3.1157 THz   0.4591  0.0000 -0.4591 -0.0000  0.7605  0.0000
    1   3.5072 THz  -0.7071  0.0000 -0.7071 -0.0000  0.0000  0.0000
    2   4.6496 THz  -0.5378  0.0000  0.5378 -0.0000  0.6493  0.0000


 Q=  0.000000 -0.163991 -0.163991, q= -0.500000  0.000000  0.000000

                       Fe X   0        Fe Y   0        Fe Z   0     
                    --------------- --------------- ---------------
    0   3.0380 THz   0.0000  0.0000  0.7071  0.0000 -0.7071 -0.0000
    1   4.2964 THz   0.0000  0.0000 -0.7071  0.0000 -0.7071  0.0000
    2   5.0005 THz   1.0000  0.0000  0.0000  0.0000  0.0000  0.0000


 Q=  0.081996 -0.081996 -0.163991, q= -0.500000  0.000000  0.250000

                       Fe X   0        Fe Y   0        Fe Z   0     
                    --------------- --------------- ---------------
    0   3.1157 THz   0.4591  0.0000 -0.4591 -0.0000  0.7605  0.0000
    1   3.5072 THz  -0.7071  0.0000 -0.7071 -0.0000  0.0000  0.0000
    2   4.6496 THz  -0.5378  0.0000  0.5378 -0.0000  0.6493 -0.0000


 Q= -0.081996 -0.327982 -0.081996, q= -0.500000  0.250000 -0.500000

                       Fe X   0        Fe Y   0        Fe Z   0     
                    --------------- --------------- ---------------
    0   4.7838 THz   0.7071  0.0000 -0.0000 -0.0000 -0.7071  0.0000
    1   4.8839 THz  -0.7071  0.0000 -0.0000 -0.0000 -0.7071  0.0000
    2   5.1248 THz   0.0000  0.0000  0.1336  0.9910 -0.0000 -0.0000


 Q=  0.000000 -0.245987 -0.081996, q= -0.500000  0.250000 -0.250000

                       Fe X   0        Fe Y   0        Fe Z   0     
                    --------------- --------------- ---------------
    0   4.7838 THz   0.0000  0.0000  0.2587 -0.6581  0.2587 -0.6581
    1   4.8839 THz   0.0000  0.0000 -0.4498  0.5456  0.4498 -0.5456
    2   5.1248 THz   1.0000  0.0000  0.0000  0.0000  0.0000  0.0000


 Q=  0.081996 -0.163991 -0.081996, q= -0.500000  0.250000  0.000000

                       Fe X   0        Fe Y   0        Fe Z   0     
                    --------------- --------------- ---------------
    0   3.1157 THz   0.4591  0.0000  0.7605  0.0000 -0.4591 -0.0000
    1   3.5072 THz   0.7071  0.0000 -0.0000 -0.0000  0.7071  0.0000
    2   4.6496 THz  -0.5378  0.0000  0.6493 -0.0000  0.5378 -0.0000


 Q=  0.163991 -0.081996 -0.081996, q= -0.500000  0.250000  0.250000

                       Fe X   0        Fe Y   0        Fe Z   0     
                    --------------- --------------- ---------------
    0   3.1157 THz   0.7605  0.0000  0.4591  0.0000  0.4591  0.0000
    1   3.5072 THz   0.0000  0.0000  0.5943  0.3831 -0.5943 -0.3831
    2   4.6496 THz   0.6493  0.0000 -0.5378 -0.0000 -0.5378 -0.0000


 Q= -0.327982 -0.245987 -0.245987, q= -0.250000 -0.500000 -0.500000

                       Fe X   0        Fe Y   0        Fe Z   0     
                    --------------- --------------- ---------------
    0   4.7838 THz   0.0000  0.0000 -0.1622 -0.6883  0.1622  0.6883
    1   4.8839 THz   0.0000  0.0000 -0.7044  0.0618 -0.7044  0.0618
    2   5.1248 THz   1.0000  0.0000  0.0000  0.0000  0.0000  0.0000


 Q= -0.245987 -0.163991 -0.245987, q= -0.250000 -0.500000 -0.250000

                       Fe X   0        Fe Y   0        Fe Z   0     
                    --------------- --------------- ---------------
    0   3.1157 THz   0.4591  0.0000  0.7605 -0.0000  0.4591 -0.0000
    1   3.5072 THz  -0.7071  0.0000  0.0000 -0.0000  0.7071 -0.0000
    2   4.6496 THz  -0.5378  0.0000  0.6493  0.0000 -0.5378  0.0000


 Q= -0.163991 -0.081996 -0.245987, q= -0.250000 -0.500000  0.000000

                       Fe X   0        Fe Y   0        Fe Z   0     
                    --------------- --------------- ---------------
    0   3.1157 THz   0.7605  0.0000  0.4591 -0.0000 -0.4591  0.0000
    1   3.5072 THz   0.0000  0.0000 -0.7063 -0.0341 -0.7063 -0.0341
    2   4.6496 THz   0.6493  0.0000 -0.5378  0.0000  0.5378 -0.0000


 Q= -0.081996  0.000000 -0.245987, q= -0.250000 -0.500000  0.250000

                       Fe X   0        Fe Y   0        Fe Z   0     
                    --------------- --------------- ---------------
    0   4.7838 THz   0.7071  0.0000  0.0000 -0.0000  0.7071 -0.0000
    1   4.8839 THz  -0.7071  0.0000  0.0000 -0.0000  0.7071 -0.0000
    2   5.1248 THz   0.0000  0.0000 -0.9985 -0.0556  0.0000  0.0000


 Q= -0.245987 -0.245987 -0.163991, q= -0.250000 -0.250000 -0.500000

                       Fe X   0        Fe Y   0        Fe Z   0     
                    --------------- --------------- ---------------
    0   3.1157 THz   0.4591  0.0000  0.4591  0.0000  0.7605  0.0000
    1   3.5072 THz  -0.7071  0.0000  0.7071  0.0000  0.0000  0.0000
    2   4.6496 THz   0.5378  0.0000  0.5378 -0.0000 -0.6493  0.0000


 Q= -0.163991 -0.163991 -0.163991, q= -0.250000 -0.250000 -0.250000

                       Fe X   0        Fe Y   0        Fe Z   0     
                    --------------- --------------- ---------------
    0   3.8538 THz   1.0000  0.0000  0.0000  0.0000  0.0000  0.0000
    1   3.8538 THz   0.0000  0.0000  0.6889 -0.0827 -0.7188  0.0423
    2   3.8538 THz   0.0000  0.0000 -0.6657  0.2746 -0.6563  0.2252


 Q= -0.081996 -0.081996 -0.163991, q= -0.250000 -0.250000  0.000000

                       Fe X   0        Fe Y   0        Fe Z   0     
                    --------------- --------------- ---------------
    0   3.1157 THz   0.4591  0.0000  0.4591 -0.0000 -0.7605  0.0000
    1   3.5072 THz   0.7071  0.0000 -0.7071  0.0000  0.0000 -0.0000
    2   4.6496 THz   0.5378  0.0000  0.5378  0.0000  0.6493 -0.0000


 Q=  0.000000  0.000000 -0.163991, q= -0.250000 -0.250000  0.250000

                       Fe X   0        Fe Y   0        Fe Z   0     
                    --------------- --------------- ---------------
    0   3.6801 THz   1.0000  0.0000  0.0000  0.0000  0.0000  0.0000
    1   3.6801 THz   0.0000  0.0000  0.9970  0.0769  0.0000 -0.0000
    2   4.1538 THz   0.0000  0.0000  0.0000 -0.0000 -0.0018  1.0000


 Q= -0.163991 -0.245987 -0.081996, q= -0.250000  0.000000 -0.500000

                       Fe X   0        Fe Y   0        Fe Z   0     
                    --------------- --------------- ---------------
    0   3.1157 THz   0.7605  0.0000 -0.4591  0.0000  0.4591 -0.0000
    1   3.5072 THz   0.0000  0.0000 -0.7071 -0.0055 -0.7071 -0.0055
    2   4.6496 THz  -0.6493  0.0000 -0.5378  0.0000  0.5378 -0.0000


 Q= -0.081996 -0.163991 -0.081996, q= -0.250000  0.000000 -0.250000

                       Fe X   0        Fe Y   0        Fe Z   0     
                    --------------- --------------- ---------------
    0   3.1157 THz   0.4591  0.0000 -0.7605  0.0000  0.4591 -0.0000
    1   3.5072 THz  -0.7071  0.0000  0.0000  0.0000  0.7071 -0.0000
    2   4.6496 THz   0.5378  0.0000  0.6493  0.0000  0.5378 -0.0000


 Q=  0.000000 -0.081996 -0.081996, q= -0.250000  0.000000  0.000000

                       Fe X   0        Fe Y   0        Fe Z   0     
                    --------------- --------------- ---------------
    0   1.4327 THz   0.0000  0.0000  0.4439 -0.5504 -0.4439  0.5504
    1   2.6863 THz   1.0000  0.0000  0.0000  0.0000  0.0000  0.0000
    2   2.8137 THz   0.0000  0.0000 -0.3368  0.6218 -0.3368  0.6218


 Q=  0.081996  0.000000 -0.081996, q= -0.250000  0.000000  0.250000

                       Fe X   0        Fe Y   0        Fe Z   0     
                    --------------- --------------- ---------------
    0   1.4327 THz   0.7071  0.0000 -0.0000  0.0000  0.7071 -0.0000
    1   2.6863 THz   0.0000  0.0000 -0.9910  0.1341  0.0000 -0.0000
    2   2.8137 THz  -0.7071  0.0000 -0.0000  0.0000  0.7071 -0.0000


 Q= -0.081996 -0.245987  0.000000, q= -0.250000  0.250000 -0.500000

                       Fe X   0        Fe Y   0        Fe Z   0     
                    --------------- --------------- ---------------
    0   4.7838 THz   0.7071  0.0000  0.7071 -0.0000 -0.0000 -0.0000
    1   4.8839 THz   0.7071  0.0000 -0.7071  0.0000  0.0000  0.0000
    2   5.1248 THz   0.0000  0.0000 -0.0000  0.0000 -0.9180 -0.3965


 Q=  0.000000 -0.163991  0.000000, q= -0.250000  0.250000 -0.250000

                       Fe X   0        Fe Y   0        Fe Z   0     
                    --------------- --------------- ---------------
    0   3.6801 THz   1.0000  0.0000  0.0000  0.0000  0.0000  0.0000
    1   3.6801 THz   0.0000  0.0000  0.0000  0.0000 -0.7534  0.6576
    2   4.1538 THz   0.0000  0.0000 -0.5996 -0.8003 -0.0000  0.0000


 Q=  0.081996 -0.081996  0.000000, q= -0.250000  0.250000  0.000000

                       Fe X   0        Fe Y   0        Fe Z   0     
                    --------------- --------------- ---------------
    0   1.4327 THz  -0.7071  0.0000 -0.7071  0.0000 -0.0000 -0.0000
    1   2.6863 THz   0.0000  0.0000 -0.0000 -0.0000 -0.4716  0.8818
    2   2.8137 THz   0.7071  0.0000 -0.7071  0.0000 -0.0000 -0.0000


 Q=  0.163991  0.000000  0.000000, q= -0.250000  0.250000  0.250000

                       Fe X   0        Fe Y   0        Fe Z   0     
                    --------------- --------------- ---------------
    0   3.6801 THz   0.0000  0.0000 -0.3921  0.8570  0.0891  0.3222
    1   3.6801 THz   0.0000  0.0000 -0.1058  0.3171 -0.3468 -0.8764
    2   4.1538 THz   1.0000  0.0000  0.0000  0.0000  0.0000  0.0000


 Q= -0.327982 -0.163991 -0.163991, q=  0.000000 -0.500000 -0.500000

                       Fe X   0        Fe Y   0        Fe Z   0     
                    --------------- --------------- ---------------
    0   3.0380 THz   0.0000  0.0000 -0.7071  0.0000 -0.7071  0.0000
    1   4.2964 THz   0.0000  0.0000 -0.7071  0.0000  0.7071 -0.0000
    2   5.0005 THz   1.0000  0.0000  0.0000  0.0000  0.0000  0.0000


 Q= -0.245987 -0.081996 -0.163991, q=  0.000000 -0.500000 -0.250000

                       Fe X   0        Fe Y   0        Fe Z   0     
                    --------------- --------------- ---------------
    0   3.1157 THz   0.4591  0.0000 -0.4591  0.0000 -0.7605  0.0000
    1   3.5072 THz   0.7071  0.0000  0.7071 -0.0000  0.0000 -0.0000
    2   4.6496 THz  -0.5378  0.0000  0.5378  0.0000 -0.6493 -0.0000


 Q= -0.163991  0.000000 -0.163991, q=  0.000000 -0.500000  0.000000

                       Fe X   0        Fe Y   0        Fe Z   0     
                    --------------- --------------- ---------------
    0   3.0380 THz   0.7071  0.0000  0.0000 -0.0000 -0.7071  0.0000
    1   4.2964 THz  -0.7071  0.0000  0.0000 -0.0000 -0.7071  0.0000
    2   5.0005 THz   0.0000  0.0000  1.0000  0.0000  0.0000  0.0000


 Q= -0.081996  0.081996 -0.163991, q=  0.000000 -0.500000  0.250000

                       Fe X   0        Fe Y   0        Fe Z   0     
                    --------------- --------------- ---------------
    0   3.1157 THz   0.4591  0.0000 -0.4591 -0.0000 -0.7605 -0.0000
    1   3.5072 THz   0.7071  0.0000  0.7071  0.0000  0.0000  0.0000
    2   4.6496 THz  -0.5378  0.0000  0.5378  0.0000 -0.6493  0.0000


 Q= -0.245987 -0.163991 -0.081996, q=  0.000000 -0.250000 -0.500000

                       Fe X   0        Fe Y   0        Fe Z   0     
                    --------------- --------------- ---------------
    0   3.1157 THz   0.4591  0.0000 -0.7605 -0.0000 -0.4591 -0.0000
    1   3.5072 THz   0.7071  0.0000  0.0000  0.0000  0.7071  0.0000
    2   4.6496 THz   0.5378  0.0000  0.6493  0.0000 -0.5378 -0.0000


 Q= -0.163991 -0.081996 -0.081996, q=  0.000000 -0.250000 -0.250000

                       Fe X   0        Fe Y   0        Fe Z   0     
                    --------------- --------------- ---------------
    0   3.1157 THz   0.7605  0.0000 -0.4591  0.0000 -0.4591  0.0000
    1   3.5072 THz   0.0000  0.0000  0.6286  0.3239 -0.6286 -0.3239
    2   4.6496 THz  -0.6493  0.0000 -0.5378  0.0000 -0.5378  0.0000


 Q= -0.081996  0.000000 -0.081996, q=  0.000000 -0.250000  0.000000

                       Fe X   0        Fe Y   0        Fe Z   0     
                    --------------- --------------- ---------------
    0   1.4327 THz   0.7071  0.0000  0.0000  0.0000 -0.7071 -0.0000
    1   2.6863 THz   0.0000  0.0000  0.7697 -0.6384  0.0000  0.0000
    2   2.8137 THz  -0.7071  0.0000  0.0000  0.0000 -0.7071 -0.0000


 Q=  0.000000  0.081996 -0.081996, q=  0.000000 -0.250000  0.250000

                       Fe X   0        Fe Y   0        Fe Z   0     
                    --------------- --------------- ---------------
    0   1.4327 THz   0.0000  0.0000 -0.5496 -0.4449 -0.5496 -0.4449
    1   2.6863 THz   1.0000  0.0000  0.0000  0.0000  0.0000  0.0000
    2   2.8137 THz   0.0000  0.0000  0.1434 -0.6924 -0.1434  0.6924


 Q= -0.163991 -0.163991  0.000000, q=  0.000000  0.000000 -0.500000

                       Fe X   0        Fe Y   0        Fe Z   0     
                    --------------- --------------- ---------------
    0   3.0380 THz   0.7071  0.0000 -0.7071 -0.0000 -0.0000 -0.0000
    1   4.2964 THz  -0.7071  0.0000 -0.7071 -0.0000 -0.0000 -0.0000
    2   5.0005 THz   0.0000  0.0000  0.0000 -0.0000 -1.0000 -0.0000


 Q= -0.081996 -0.081996  0.000000, q=  0.000000  0.000000 -0.250000

                       Fe X   0        Fe Y   0        Fe Z   0     
                    --------------- --------------- ---------------
    0   1.4327 THz   0.7071  0.0000 -0.7071 -0.0000 -0.0000 -0.0000
    1   2.6863 THz   0.0000  0.0000 -0.0000 -0.0000 -0.3753  0.9269
    2   2.8137 THz  -0.7071  0.0000 -0.7071 -0.0000 -0.0000 -0.0000


 Q=  0.000000  0.000000  0.000000, q=  0.000000  0.000000  0.000000

                       Fe X   0        Fe Y   0        Fe Z   0     
                    --------------- --------------- ---------------
    0  -0.0000 THz   0.9999  0.0000 -0.0025  0.0000 -0.0100  0.0000
    1   0.0000 THz  -0.0093  0.0000 -0.6434  0.0000 -0.7655  0.0000
    2   0.0000 THz  -0.0046  0.0000  0.7655  0.0000 -0.6434  0.0000


 Q=  0.081996  0.081996  0.000000, q=  0.000000  0.000000  0.250000

                       Fe X   0        Fe Y   0        Fe Z   0     
                    --------------- --------------- ---------------
    0   1.4327 THz   0.7071  0.0000 -0.7071  0.0000 -0.0000  0.0000
    1   2.6863 THz   0.0000  0.0000 -0.0000  0.0000 -0.3753 -0.9269
    2   2.8137 THz  -0.7071  0.0000 -0.7071  0.0000 -0.0000  0.0000


 Q= -0.081996 -0.163991  0.081996, q=  0.000000  0.250000 -0.500000

                       Fe X   0        Fe Y   0        Fe Z   0     
                    --------------- --------------- ---------------
    0   3.1157 THz   0.4591  0.0000 -0.7605 -0.0000 -0.4591 -0.0000
    1   3.5072 THz   0.7071  0.0000  0.0000  0.0000  0.7071  0.0000
    2   4.6496 THz   0.5378  0.0000  0.6493 -0.0000 -0.5378  0.0000


 Q=  0.000000 -0.081996  0.081996, q=  0.000000  0.250000 -0.250000

                       Fe X   0        Fe Y   0        Fe Z   0     
                    --------------- --------------- ---------------
    0   1.4327 THz   0.0000  0.0000 -0.5496  0.4449 -0.5496  0.4449
    1   2.6863 THz   1.0000  0.0000  0.0000  0.0000  0.0000  0.0000
    2   2.8137 THz   0.0000  0.0000  0.1434  0.6924 -0.1434 -0.6924


 Q=  0.081996  0.000000  0.081996, q=  0.000000  0.250000  0.000000

                       Fe X   0        Fe Y   0        Fe Z   0     
                    --------------- --------------- ---------------
    0   1.4327 THz   0.7071  0.0000  0.0000 -0.0000 -0.7071  0.0000
    1   2.6863 THz   0.0000  0.0000  0.7697  0.6384  0.0000  0.0000
    2   2.8137 THz  -0.7071  0.0000  0.0000 -0.0000 -0.7071  0.0000


 Q=  0.163991  0.081996  0.081996, q=  0.000000  0.250000  0.250000

                       Fe X   0        Fe Y   0        Fe Z   0     
                    --------------- --------------- ---------------
    0   3.1157 THz   0.7605  0.0000 -0.4591 -0.0000 -0.4591 -0.0000
    1   3.5072 THz   0.0000  0.0000  0.6286 -0.3239 -0.6286  0.3239
    2   4.6496 THz  -0.6493  0.0000 -0.5378 -0.0000 -0.5378 -0.0000


 Q= -0.327982 -0.081996 -0.081996, q=  0.250000 -0.500000 -0.500000

                       Fe X   0        Fe Y   0        Fe Z   0     
                    --------------- --------------- ---------------
    0   4.7838 THz   0.0000  0.0000 -0.1622  0.6883  0.1622 -0.6883
    1   4.8839 THz   0.0000  0.0000 -0.4474 -0.5476 -0.4474 -0.5476
    2   5.1248 THz   1.0000  0.0000  0.0000  0.0000  0.0000  0.0000


 Q= -0.245987  0.000000 -0.081996, q=  0.250000 -0.500000 -0.250000

                       Fe X   0        Fe Y   0        Fe Z   0     
                    --------------- --------------- ---------------
    0   4.7838 THz   0.7071  0.0000  0.0000 -0.0000  0.7071 -0.0000
    1   4.8839 THz   0.7071  0.0000  0.0000  0.0000 -0.7071  0.0000
    2   5.1248 THz   0.0000  0.0000  0.9982 -0.0595  0.0000 -0.0000


 Q= -0.163991  0.081996 -0.081996, q=  0.250000 -0.500000  0.000000

                       Fe X   0        Fe Y   0        Fe Z   0     
                    --------------- --------------- ---------------
    0   3.1157 THz   0.7605  0.0000  0.4591  0.0000 -0.4591 -0.0000
    1   3.5072 THz   0.0000  0.0000 -0.7008  0.0946 -0.7008  0.0946
    2   4.6496 THz   0.6493  0.0000 -0.5378 -0.0000  0.5378  0.0000


 Q= -0.081996  0.163991 -0.081996, q=  0.250000 -0.500000  0.250000

                       Fe X   0        Fe Y   0        Fe Z   0     
                    --------------- --------------- ---------------
    0   3.1157 THz   0.4591  0.0000  0.7605 -0.0000  0.4591 -0.0000
    1   3.5072 THz  -0.7071  0.0000  0.0000 -0.0000  0.7071 -0.0000
    2   4.6496 THz  -0.5378  0.0000  0.6493  0.0000 -0.5378 -0.0000


 Q= -0.245987 -0.081996  0.000000, q=  0.250000 -0.250000 -0.500000

                       Fe X   0        Fe Y   0        Fe Z   0     
                    --------------- --------------- ---------------
    0   4.7838 THz   0.7071  0.0000  0.7071  0.0000  0.0000  0.0000
    1   4.8839 THz   0.7071  0.0000 -0.7071 -0.0000 -0.0000 -0.0000
    2   5.1248 THz   0.0000  0.0000 -0.0000 -0.0000 -0.3375  0.9413


 Q= -0.163991  0.000000  0.000000, q=  0.250000 -0.250000 -0.250000

                       Fe X   0        Fe Y   0        Fe Z   0     
                    --------------- --------------- ---------------
    0   3.6801 THz   0.0000  0.0000 -0.3921 -0.8570  0.0891 -0.3222
    1   3.6801 THz   0.0000  0.0000 -0.1058 -0.3171 -0.3468  0.8764
    2   4.1538 THz   1.0000  0.0000  0.0000  0.0000  0.0000  0.0000


 Q= -0.081996  0.081996  0.000000, q=  0.250000 -0.250000  0.000000

                       Fe X   0        Fe Y   0        Fe Z   0     
                    --------------- --------------- ---------------
    0   1.4327 THz  -0.7071  0.0000 -0.7071 -0.0000 -0.0000  0.0000
    1   2.6863 THz   0.0000  0.0000 -0.0000  0.0000 -0.4716 -0.8818
    2   2.8137 THz   0.7071  0.0000 -0.7071 -0.0000 -0.0000  0.0000


 Q=  0.000000  0.163991  0.000000, q=  0.250000 -0.250000  0.250000

                       Fe X   0        Fe Y   0        Fe Z   0     
                    --------------- --------------- ---------------
    0   3.6801 THz   1.0000  0.0000  0.0000  0.0000  0.0000  0.0000
    1   3.6801 THz   0.0000  0.0000  0.0000 -0.0000 -0.7534 -0.6576
    2   4.1538 THz   0.0000  0.0000 -0.5996  0.8003 -0.0000 -0.0000


 Q= -0.163991 -0.081996  0.081996, q=  0.250000  0.000000 -0.500000

                       Fe X   0        Fe Y   0        Fe Z   0     
                    --------------- --------------- ---------------
    0   3.1157 THz   0.7605  0.0000 -0.4591 -0.0000  0.4591  0.0000
    1   3.5072 THz   0.0000  0.0000 -0.7070 -0.0137 -0.7070 -0.0137
    2   4.6496 THz  -0.6493  0.0000 -0.5378 -0.0000  0.5378  0.0000


 Q= -0.081996  0.000000  0.081996, q=  0.250000  0.000000 -0.250000

                       Fe X   0        Fe Y   0        Fe Z   0     
                    --------------- --------------- ---------------
    0   1.4327 THz   0.7071  0.0000 -0.0000 -0.0000  0.7071  0.0000
    1   2.6863 THz   0.0000  0.0000 -0.9910 -0.1341  0.0000  0.0000
    2   2.8137 THz  -0.7071  0.0000 -0.0000 -0.0000  0.7071  0.0000


 Q=  0.000000  0.081996  0.081996, q=  0.250000  0.000000  0.000000

                       Fe X   0        Fe Y   0        Fe Z   0     
                    --------------- --------------- ---------------
    0   1.4327 THz   0.0000  0.0000  0.4439  0.5504 -0.4439 -0.5504
    1   2.6863 THz   1.0000  0.0000  0.0000  0.0000  0.0000  0.0000
    2   2.8137 THz   0.0000  0.0000 -0.3368 -0.6218 -0.3368 -0.6218


 Q=  0.081996  0.163991  0.081996, q=  0.250000  0.000000  0.250000

                       Fe X   0        Fe Y   0        Fe Z   0     
                    --------------- --------------- ---------------
    0   3.1157 THz   0.4591  0.0000 -0.7605 -0.0000  0.4591  0.0000
    1   3.5072 THz  -0.7071  0.0000  0.0000 -0.0000  0.7071  0.0000
    2   4.6496 THz   0.5378  0.0000  0.6493 -0.0000  0.5378  0.0000


 Q= -0.081996 -0.081996  0.163991, q=  0.250000  0.250000 -0.500000

                       Fe X   0        Fe Y   0        Fe Z   0     
                    --------------- --------------- ---------------
    0   3.1157 THz   0.4591  0.0000  0.4591 -0.0000  0.7605 -0.0000
    1   3.5072 THz  -0.7071  0.0000  0.7071 -0.0000  0.0000 -0.0000
    2   4.6496 THz   0.5378  0.0000  0.5378 -0.0000 -0.6493 -0.0000


 Q=  0.000000  0.000000  0.163991, q=  0.250000  0.250000 -0.250000

                       Fe X   0        Fe Y   0        Fe Z   0     
                    --------------- --------------- ---------------
    0   3.6801 THz   1.0000  0.0000  0.0000  0.0000  0.0000  0.0000
    1   3.6801 THz   0.0000  0.0000  0.9970 -0.0769  0.0000  0.0000
    2   4.1538 THz   0.0000  0.0000  0.0000  0.0000 -0.0018 -1.0000


 Q=  0.081996  0.081996  0.163991, q=  0.250000  0.250000  0.000000

                       Fe X   0        Fe Y   0        Fe Z   0     
                    --------------- --------------- ---------------
    0   3.1157 THz   0.4591  0.0000  0.4591  0.0000 -0.7605 -0.0000
    1   3.5072 THz   0.7071  0.0000 -0.7071 -0.0000  0.0000  0.0000
    2   4.6496 THz   0.5378  0.0000  0.5378 -0.0000  0.6493  0.0000


 Q=  0.163991  0.163991  0.163991, q=  0.250000  0.250000  0.250000

                       Fe X   0        Fe Y   0        Fe Z   0     
                    --------------- --------------- ---------------
    0   3.8538 THz   1.0000  0.0000  0.0000  0.0000  0.0000  0.0000
    1   3.8538 THz   0.0000  0.0000  0.6889  0.0827 -0.7188 -0.0423
    2   3.8538 THz   0.0000  0.0000 -0.6657 -0.2746 -0.6563 -0.2252
