
Used Primitive lattice vector

    3.934662000000      0.000000000000      0.000000000000  
    0.000000000000      3.934662000000      0.000000000000  
    0.000000000000      0.000000000000      3.934662000000  

   5 Atom(s) in the Primitive cell

 0.5000000000 0.5000000000 0.5000000000 Ti    0
 0.0000000000 -0.0000000000 0.0000000000 Pb    1
 0.5000000000 0.0000000000 0.5000000000  O    2
 0.5000000000 0.5000000000 -0.0000010000  O    3
 0.0000000000 0.5000000000 0.5000010000  O    4


 Q= -0.127076 -0.063538  0.000000, q= -0.500000 -0.250000  0.000000

                       Ti X   0        Ti Y   0        Ti Z   0        Pb X   1        Pb Y   1        Pb Z   1         O X   2         O Y   2         O Z   2         O X   3         O Y   3         O Z   3         O X   4         O Y   4         O Z   4     
                    --------------- --------------- --------------- --------------- --------------- --------------- --------------- --------------- --------------- --------------- --------------- --------------- --------------- --------------- ---------------
    0   1.5204 THz  -0.1194  0.0000 -0.0000 -0.0000  0.0036  0.0000  0.0000  0.0000  0.9896 -0.0000 -0.0000 -0.0000  0.0113  0.0000 -0.0000  0.0000 -0.0025 -0.0000  0.0570  0.0000  0.0000  0.0000 -0.0005 -0.0000  0.0000  0.0000 -0.0554  0.0000  0.0000  0.0000
    1   1.5519 THz   0.0000  0.0000 -0.0060 -0.0001 -0.0000  0.0000  0.0218  0.0002 -0.0000  0.0000 -0.9988 -0.0100 -0.0000 -0.0000  0.0012  0.0000  0.0000 -0.0000 -0.0000 -0.0000  0.0022  0.0000 -0.0000 -0.0000 -0.0006 -0.0000  0.0000 -0.0000  0.0430  0.0004
    2   1.9687 THz  -0.0000  0.0000 -0.2552  0.0210 -0.0000 -0.0000  0.9596 -0.0791  0.0000  0.0000  0.0228 -0.0019 -0.0000  0.0000  0.0221 -0.0018 -0.0000  0.0000  0.0000  0.0000  0.0792 -0.0065 -0.0000  0.0000  0.0023 -0.0002  0.0000 -0.0000  0.0022 -0.0002
    3   2.2607 THz  -0.0010  0.0000  0.0000  0.0000  0.9974  0.0000  0.0000 -0.0000 -0.0040  0.0000 -0.0000 -0.0000 -0.0012  0.0000 -0.0000  0.0000 -0.0581 -0.0000  0.0011  0.0000 -0.0000 -0.0000 -0.0433 -0.0000 -0.0000  0.0000  0.0005 -0.0000  0.0000  0.0000
    4   5.6595 THz  -0.1906  0.0000 -0.0000  0.0000 -0.0010 -0.0000 -0.0000  0.0000  0.0261  0.0000 -0.0000  0.0000 -0.6784 -0.0000 -0.0000  0.0000  0.0030  0.0000 -0.0296  0.0000 -0.0000  0.0000  0.0015  0.0000 -0.0000 -0.0000  0.7084  0.0000  0.0000  0.0000
    5   7.0748 THz   0.0000  0.0000 -0.5000  0.2821 -0.0000  0.0000 -0.0722  0.0407  0.0000 -0.0000 -0.0003  0.0002  0.0000  0.0000 -0.1891  0.1067 -0.0000  0.0000  0.0000 -0.0000 -0.6837  0.3858 -0.0000  0.0000  0.0110 -0.0062 -0.0000  0.0000 -0.0005  0.0003
    6   7.9619 THz  -0.1104  0.0000  0.0000  0.0000  0.0687 -0.0000 -0.0000  0.0000  0.0007 -0.0000  0.0000 -0.0000  0.0338  0.0000 -0.0000  0.0000  0.8791  0.0000 -0.2224 -0.0000 -0.0000 -0.0000  0.3994 -0.0000  0.0000 -0.0000 -0.0110 -0.0000  0.0000  0.0000
    7   8.5119 THz  -0.4718  0.0000 -0.0000 -0.0000 -0.0173  0.0000 -0.0000 -0.0000 -0.0135 -0.0000  0.0000  0.0000  0.1149  0.0000  0.0000  0.0000 -0.2227 -0.0000 -0.8358  0.0000  0.0000  0.0000 -0.1138  0.0000 -0.0000  0.0000 -0.0502 -0.0000 -0.0000 -0.0000
    8   9.5931 THz  -0.0000  0.0000  0.6386  0.4203 -0.0000 -0.0000  0.2095  0.1379 -0.0000 -0.0000  0.0014  0.0009  0.0000  0.0000 -0.0950 -0.0625 -0.0000 -0.0000 -0.0000 -0.0000 -0.4604 -0.3030 -0.0000 -0.0000  0.1516  0.0998  0.0000  0.0000  0.0453  0.0298
    9   9.6206 THz   0.0000  0.0000  0.0394 -0.0113  0.0000  0.0000  0.0160 -0.0046  0.0000 -0.0000 -0.0412  0.0119  0.0000 -0.0000 -0.0053  0.0015 -0.0000 -0.0000  0.0000  0.0000 -0.0282  0.0081 -0.0000  0.0000  0.0100 -0.0029 -0.0000  0.0000 -0.9587  0.2759
   10  11.3854 THz   0.5731  0.0000 -0.0000 -0.0000  0.0007  0.0000 -0.0000  0.0000  0.1136 -0.0000  0.0000 -0.0000  0.4731  0.0000  0.0000  0.0000 -0.0084 -0.0000 -0.2921  0.0000  0.0000 -0.0000 -0.0100  0.0000 -0.0000  0.0000  0.5910  0.0000  0.0000  0.0000
   11  13.9952 THz   0.0316  0.0000 -0.0000 -0.0000 -0.0152  0.0000 -0.0000 -0.0000  0.0041  0.0000 -0.0000  0.0000 -0.0300 -0.0000 -0.0000  0.0000  0.4164  0.0000 -0.0078  0.0000  0.0000 -0.0000 -0.9077 -0.0000  0.0000  0.0000 -0.0206 -0.0000  0.0000  0.0000
   12  14.4050 THz   0.6206  0.0000  0.0000  0.0000  0.0012 -0.0000  0.0000  0.0000  0.0832  0.0000  0.0000 -0.0000 -0.5482 -0.0000  0.0000  0.0000 -0.0261 -0.0000 -0.4029 -0.0000 -0.0000 -0.0000  0.0401  0.0000 -0.0000 -0.0000 -0.3778 -0.0000  0.0000 -0.0000
   13  15.1716 THz  -0.0000  0.0000  0.0448  0.0126  0.0000  0.0000  0.0165  0.0046  0.0000 -0.0000  0.0007  0.0002  0.0000 -0.0000  0.7758  0.2181 -0.0000  0.0000  0.0000 -0.0000 -0.2572 -0.0723 -0.0000 -0.0000 -0.5064 -0.1423  0.0000 -0.0000  0.0001  0.0000
   14  22.4590 THz  -0.0000  0.0000  0.0624 -0.1126 -0.0000  0.0000  0.0221 -0.0399 -0.0000  0.0000  0.0001 -0.0001 -0.0000 -0.0000 -0.2611  0.4710 -0.0000  0.0000  0.0000 -0.0000  0.0178 -0.0321  0.0000 -0.0000 -0.4028  0.7265 -0.0000 -0.0000 -0.0003  0.0006


 Q= -0.127076  0.063538  0.000000, q= -0.500000  0.250000  0.000000

                       Ti X   0        Ti Y   0        Ti Z   0        Pb X   1        Pb Y   1        Pb Z   1         O X   2         O Y   2         O Z   2         O X   3         O Y   3         O Z   3         O X   4         O Y   4         O Z   4     
                    --------------- --------------- --------------- --------------- --------------- --------------- --------------- --------------- --------------- --------------- --------------- --------------- --------------- --------------- ---------------
    0   1.5204 THz   0.1194  0.0000 -0.0000  0.0000 -0.0036  0.0000 -0.0000  0.0000  0.9896  0.0000  0.0000 -0.0000 -0.0113  0.0000  0.0000 -0.0000  0.0025 -0.0000 -0.0570  0.0000  0.0000  0.0000  0.0005 -0.0000  0.0000 -0.0000 -0.0554 -0.0000 -0.0000  0.0000
    1   1.5519 THz   0.0000  0.0000  0.0060 -0.0001  0.0000  0.0000  0.0218 -0.0004  0.0000  0.0000 -0.9986  0.0189 -0.0000  0.0000 -0.0012  0.0000 -0.0000 -0.0000 -0.0000  0.0000 -0.0022  0.0000 -0.0000 -0.0000 -0.0006  0.0000 -0.0000  0.0000  0.0430 -0.0008
    2   1.9687 THz  -0.0000  0.0000 -0.2560  0.0053  0.0000  0.0000 -0.9627  0.0198 -0.0000  0.0000 -0.0229  0.0005 -0.0000 -0.0000  0.0222 -0.0005 -0.0000 -0.0000  0.0000 -0.0000  0.0795 -0.0016 -0.0000 -0.0000 -0.0023  0.0000  0.0000 -0.0000 -0.0022  0.0000
    3   2.2607 THz   0.0010  0.0000 -0.0000  0.0000 -0.9974  0.0000 -0.0000  0.0000 -0.0040 -0.0000 -0.0000  0.0000  0.0012  0.0000  0.0000  0.0000  0.0581 -0.0000 -0.0011  0.0000  0.0000 -0.0000  0.0433 -0.0000  0.0000  0.0000  0.0005  0.0000  0.0000 -0.0000
    4   5.6595 THz   0.1906  0.0000 -0.0000  0.0000  0.0010 -0.0000 -0.0000 -0.0000  0.0261 -0.0000  0.0000 -0.0000  0.6784 -0.0000 -0.0000  0.0000 -0.0030  0.0000  0.0296  0.0000 -0.0000  0.0000 -0.0015  0.0000  0.0000  0.0000  0.7084 -0.0000 -0.0000 -0.0000
    5   7.0748 THz   0.0000  0.0000  0.4396 -0.3692  0.0000 -0.0000 -0.0634  0.0533 -0.0000  0.0000 -0.0003  0.0003  0.0000 -0.0000  0.1662 -0.1396  0.0000 -0.0000 -0.0000  0.0000  0.6011 -0.5049  0.0000 -0.0000  0.0097 -0.0081  0.0000 -0.0000 -0.0004  0.0004
    6   7.9619 THz   0.1104  0.0000 -0.0000  0.0000 -0.0687 -0.0000 -0.0000  0.0000  0.0007 -0.0000 -0.0000  0.0000 -0.0338  0.0000  0.0000  0.0000 -0.8791  0.0000  0.2224 -0.0000  0.0000  0.0000 -0.3994 -0.0000  0.0000 -0.0000 -0.0110  0.0000 -0.0000 -0.0000
    7   8.5119 THz   0.4718  0.0000  0.0000 -0.0000  0.0173 -0.0000  0.0000  0.0000 -0.0135  0.0000 -0.0000  0.0000 -0.1149  0.0000 -0.0000  0.0000  0.2227 -0.0000  0.8358  0.0000 -0.0000  0.0000  0.1138  0.0000 -0.0000  0.0000 -0.0502  0.0000 -0.0000 -0.0000
    8   9.5931 THz  -0.0000  0.0000  0.6267 -0.4378 -0.0000  0.0000 -0.2056  0.1436 -0.0000  0.0000 -0.0014  0.0010  0.0000 -0.0000 -0.0932  0.0651 -0.0000  0.0000 -0.0000 -0.0000 -0.4519  0.3157 -0.0000  0.0000 -0.1488  0.1040  0.0000 -0.0000 -0.0445  0.0311
    9   9.6206 THz  -0.0000  0.0000 -0.0252 -0.0323  0.0000 -0.0000  0.0103  0.0132 -0.0000 -0.0000 -0.0264 -0.0338  0.0000  0.0000  0.0034  0.0044  0.0000 -0.0000 -0.0000 -0.0000  0.0180  0.0231  0.0000  0.0000  0.0064  0.0082  0.0000 -0.0000 -0.6138 -0.7864
   10  11.3854 THz  -0.5731  0.0000 -0.0000  0.0000 -0.0007  0.0000  0.0000 -0.0000  0.1136  0.0000 -0.0000  0.0000 -0.4731  0.0000  0.0000  0.0000  0.0084 -0.0000  0.2921  0.0000 -0.0000 -0.0000  0.0100  0.0000  0.0000  0.0000  0.5910  0.0000 -0.0000 -0.0000
   11  13.9952 THz  -0.0316  0.0000  0.0000  0.0000  0.0152  0.0000  0.0000  0.0000  0.0041  0.0000  0.0000 -0.0000  0.0300 -0.0000  0.0000 -0.0000 -0.4164  0.0000  0.0078 -0.0000 -0.0000 -0.0000  0.9077  0.0000  0.0000 -0.0000 -0.0206  0.0000 -0.0000 -0.0000
   12  14.4050 THz   0.6206  0.0000 -0.0000  0.0000  0.0012  0.0000  0.0000 -0.0000 -0.0832  0.0000  0.0000  0.0000 -0.5482  0.0000  0.0000  0.0000 -0.0261  0.0000 -0.4029  0.0000  0.0000 -0.0000  0.0401  0.0000  0.0000  0.0000  0.3778 -0.0000 -0.0000 -0.0000
   13  15.1716 THz  -0.0000  0.0000 -0.0432  0.0174  0.0000  0.0000  0.0159 -0.0064  0.0000  0.0000  0.0007 -0.0003 -0.0000  0.0000 -0.7477  0.3006 -0.0000  0.0000 -0.0000 -0.0000  0.2479 -0.0996  0.0000 -0.0000 -0.4881  0.1962 -0.0000 -0.0000  0.0001 -0.0000
   14  22.4590 THz   0.0000  0.0000 -0.1283 -0.0106  0.0000 -0.0000  0.0454  0.0038 -0.0000 -0.0000  0.0002  0.0000  0.0000  0.0000  0.5367  0.0444 -0.0000  0.0000 -0.0000 -0.0000 -0.0365 -0.0030 -0.0000 -0.0000 -0.8279 -0.0685 -0.0000  0.0000 -0.0007 -0.0001


 Q= -0.084717 -0.127076  0.084717, q= -0.333333 -0.500000  0.333333

                       Ti X   0        Ti Y   0        Ti Z   0        Pb X   1        Pb Y   1        Pb Z   1         O X   2         O Y   2         O Z   2         O X   3         O Y   3         O Z   3         O X   4         O Y   4         O Z   4     
                    --------------- --------------- --------------- --------------- --------------- --------------- --------------- --------------- --------------- --------------- --------------- --------------- --------------- --------------- ---------------
    0   1.7736 THz   0.0000  0.0000 -0.0956 -0.0062 -0.0000 -0.0000  0.2006  0.0131 -0.0000 -0.0000 -0.9692 -0.0631  0.0718  0.0047  0.0000 -0.0000  0.0322  0.0021 -0.0000 -0.0000  0.0281  0.0018 -0.0000  0.0000 -0.0000 -0.0000  0.0055  0.0004  0.0000  0.0000
    1   1.7801 THz  -0.1084  0.0000 -0.0000 -0.0000  0.1053 -0.0000  0.0000  0.0000  0.9860  0.0000 -0.0000 -0.0000  0.0000  0.0000 -0.0055 -0.0000  0.0000  0.0000  0.0508  0.0000  0.0000  0.0000  0.0004  0.0000  0.0001 -0.0000  0.0000  0.0000 -0.0488  0.0000
    2   1.9910 THz  -0.0000  0.0000  0.0546 -0.0056  0.0000 -0.0000 -0.9684  0.0994  0.0000 -0.0000 -0.2048  0.0210  0.0376 -0.0039 -0.0000  0.0000  0.0123 -0.0013 -0.0000 -0.0000 -0.0728  0.0075 -0.0000 -0.0000 -0.0000 -0.0000 -0.0018  0.0002 -0.0000  0.0000
    3   4.3141 THz   0.0000  0.0000 -0.0032  0.0098 -0.0000  0.0000  0.0076 -0.0233  0.0000 -0.0000 -0.0181  0.0553 -0.1483  0.4528  0.0000 -0.0000 -0.1579  0.4822  0.0000 -0.0000 -0.1601  0.4889  0.0000 -0.0000 -0.0000 -0.0000  0.1546 -0.4721  0.0000 -0.0000
    4   4.5294 THz  -0.0000  0.0000 -0.1841  0.0144  0.0000 -0.0000  0.0343 -0.0027  0.0000  0.0000  0.0281 -0.0022  0.4790 -0.0374 -0.0000 -0.0000 -0.4624  0.0361 -0.0000  0.0000 -0.4909  0.0383  0.0000  0.0000 -0.0000  0.0000 -0.5234  0.0408 -0.0000  0.0000
    5   5.3384 THz  -0.1363  0.0000  0.0000  0.0000 -0.1333  0.0000  0.0000 -0.0000 -0.0009 -0.0000  0.0000 -0.0000 -0.0000 -0.0000 -0.0007  0.0000  0.0000  0.0000 -0.6729 -0.0000  0.0000  0.0000 -0.0832 -0.0000 -0.0828  0.0000  0.0000  0.0000 -0.7050  0.0000
    6   9.9068 THz   0.8351  0.0000  0.0000  0.0000  0.4944  0.0000  0.0000  0.0000  0.0329 -0.0000 -0.0000  0.0000  0.0000  0.0000  0.0257  0.0000 -0.0000 -0.0000 -0.0521 -0.0000 -0.0000  0.0000 -0.1172 -0.0000 -0.0837  0.0000  0.0000  0.0000 -0.1816  0.0000
    7  10.2370 THz   0.4372  0.0000 -0.0000 -0.0000 -0.7946 -0.0000  0.0000 -0.0000  0.1065  0.0000 -0.0000  0.0000 -0.0000  0.0000  0.1053  0.0000 -0.0000  0.0000  0.3030  0.0000  0.0000 -0.0000 -0.0264 -0.0000  0.0938 -0.0000 -0.0000  0.0000 -0.2316  0.0000
    8  11.4667 THz  -0.0000  0.0000  0.1381  0.0424  0.0000  0.0000 -0.0400 -0.0123 -0.0000  0.0000 -0.0574 -0.0176 -0.4018 -0.1233 -0.0000  0.0000 -0.5444 -0.1670  0.0000 -0.0000  0.5079  0.1558 -0.0000  0.0000  0.0000 -0.0000 -0.4174 -0.1281 -0.0000  0.0000
    9  11.5427 THz  -0.0000  0.0000  0.6892 -0.2992  0.0000  0.0000  0.0494 -0.0214 -0.0000 -0.0000 -0.0286  0.0124  0.4439 -0.1927 -0.0000  0.0000 -0.2635  0.1144  0.0000  0.0000  0.1182 -0.0513 -0.0000  0.0000  0.0000 -0.0000  0.2875 -0.1248 -0.0000 -0.0000
   10  11.5691 THz   0.2480  0.0000  0.0000 -0.0000 -0.2699  0.0000 -0.0000 -0.0000  0.1218  0.0000 -0.0000 -0.0000  0.0000 -0.0000  0.1380  0.0000 -0.0000 -0.0000 -0.6565 -0.0000  0.0000  0.0000  0.0424  0.0000 -0.0475  0.0000 -0.0000 -0.0000  0.6299 -0.0000
   11  12.9614 THz  -0.0000  0.0000  0.6058 -0.0352 -0.0000 -0.0000  0.0738 -0.0043  0.0000 -0.0000 -0.0742  0.0043 -0.3525  0.0205 -0.0000  0.0000  0.3450 -0.0201 -0.0000  0.0000 -0.4328  0.0252 -0.0000 -0.0000  0.0000 -0.0000 -0.4337  0.0252  0.0000  0.0000
   12  14.4246 THz   0.0862  0.0000  0.0000 -0.0000  0.0908 -0.0000  0.0000 -0.0000  0.0002  0.0000 -0.0000 -0.0000  0.0000  0.0000 -0.0307 -0.0000 -0.0000 -0.0000 -0.1087 -0.0000 -0.0000  0.0000  0.6747  0.0000  0.7124 -0.0000  0.0000  0.0000 -0.0934  0.0000
   13  14.5929 THz  -0.0489  0.0000  0.0000  0.0000  0.0626 -0.0000  0.0000  0.0000 -0.0169  0.0000 -0.0000  0.0000  0.0000  0.0000  0.7495 -0.0000  0.0000 -0.0000  0.0849  0.0000 -0.0000  0.0000  0.4837  0.0000 -0.4268  0.0000 -0.0000 -0.0000 -0.0910  0.0000
   14  23.9222 THz   0.0990  0.0000  0.0000  0.0000 -0.1013  0.0000  0.0000 -0.0000  0.0169  0.0000 -0.0000 -0.0000 -0.0000 -0.0000 -0.6376 -0.0000  0.0000 -0.0000  0.0112  0.0000 -0.0000 -0.0000  0.5363  0.0000 -0.5342  0.0000 -0.0000  0.0000 -0.0106  0.0000


 Q= -0.084717  0.000000  0.084717, q= -0.333333  0.000000  0.333333

                       Ti X   0        Ti Y   0        Ti Z   0        Pb X   1        Pb Y   1        Pb Z   1         O X   2         O Y   2         O Z   2         O X   3         O Y   3         O Z   3         O X   4         O Y   4         O Z   4     
                    --------------- --------------- --------------- --------------- --------------- --------------- --------------- --------------- --------------- --------------- --------------- --------------- --------------- --------------- ---------------
    0   1.1322 THz   0.1391  0.0000  0.0000 -0.0000  0.1131  0.0000  0.5942  0.0000  0.0000 -0.0000  0.7731  0.0000 -0.0796 -0.0000 -0.0000 -0.0000 -0.0552 -0.0000 -0.0581 -0.0000 -0.0000  0.0000 -0.0123 -0.0000 -0.0174  0.0000 -0.0000 -0.0000 -0.0631  0.0000
    1   1.3174 THz  -0.0000  0.0000  0.4451 -0.0040 -0.0000  0.0000 -0.0000  0.0000  0.8929 -0.0079 -0.0000  0.0000 -0.0000  0.0000 -0.0242  0.0002 -0.0000 -0.0000  0.0000 -0.0000 -0.0456  0.0004  0.0000 -0.0000  0.0000  0.0000 -0.0425  0.0004 -0.0000  0.0000
    2   2.0109 THz   0.0995  0.0000  0.0000 -0.0000 -0.1391 -0.0000 -0.7782 -0.0000  0.0000 -0.0000  0.6000  0.0000 -0.0466 -0.0000 -0.0000  0.0000  0.0430  0.0000  0.0283  0.0000 -0.0000 -0.0000  0.0096  0.0000 -0.0085  0.0000 -0.0000 -0.0000 -0.0110  0.0000
    3   2.4584 THz  -0.0000  0.0000  0.8928 -0.0189  0.0000 -0.0000  0.0000 -0.0000 -0.4479  0.0095 -0.0000 -0.0000 -0.0000  0.0000 -0.0330  0.0007 -0.0000  0.0000 -0.0000  0.0000 -0.0195  0.0004 -0.0000  0.0000 -0.0000  0.0000 -0.0204  0.0004 -0.0000  0.0000
    4   5.2696 THz   0.1497  0.0000  0.0000 -0.0000  0.1398 -0.0000  0.0435  0.0000  0.0000  0.0000  0.0484  0.0000  0.1259 -0.0000 -0.0000  0.0000  0.0938 -0.0000  0.6603  0.0000 -0.0000  0.0000  0.0989  0.0000  0.1007 -0.0000 -0.0000  0.0000  0.6879 -0.0000
    5   7.3638 THz  -0.2695  0.0000 -0.0000 -0.0000 -0.3031  0.0000  0.0189  0.0000 -0.0000 -0.0000 -0.0038  0.0000 -0.5758  0.0000 -0.0000 -0.0000 -0.6511  0.0000  0.1744  0.0000 -0.0000 -0.0000 -0.1020 -0.0000 -0.0917  0.0000 -0.0000 -0.0000  0.1742 -0.0000
    6   7.9342 THz  -0.4347  0.0000 -0.0000 -0.0000  0.3789 -0.0000 -0.0327  0.0000  0.0000 -0.0000  0.0290  0.0000 -0.5947  0.0000  0.0000 -0.0000  0.5422 -0.0000  0.0256  0.0000  0.0000 -0.0000  0.0885  0.0000 -0.0930  0.0000  0.0000 -0.0000  0.0289 -0.0000
    7   8.1246 THz   0.0000  0.0000  0.0623 -0.0192 -0.0000  0.0000  0.0000 -0.0000  0.0401 -0.0124 -0.0000  0.0000  0.0000  0.0000  0.4029 -0.1245 -0.0000  0.0000  0.0000 -0.0000  0.6029 -0.1862 -0.0000  0.0000  0.0000 -0.0000  0.6177 -0.1908  0.0000 -0.0000
    8   9.3842 THz   0.0000  0.0000  0.0011  0.0003 -0.0000  0.0000 -0.0000  0.0000  0.0026  0.0006 -0.0000  0.0000 -0.0000 -0.0000  0.0065  0.0015  0.0000  0.0000  0.0000  0.0000  0.6948  0.1613 -0.0000 -0.0000 -0.0000 -0.0000 -0.6827 -0.1585  0.0000  0.0000
    9  10.7332 THz   0.6981  0.0000 -0.0000 -0.0000  0.4903  0.0000 -0.1158 -0.0000 -0.0000  0.0000 -0.1728 -0.0000 -0.3722  0.0000 -0.0000 -0.0000 -0.1791 -0.0000  0.0502  0.0000  0.0000  0.0000 -0.1430 -0.0000 -0.1122  0.0000  0.0000  0.0000 -0.1508  0.0000
   10  11.0358 THz   0.2804  0.0000  0.0000  0.0000 -0.5846 -0.0000  0.1428  0.0000  0.0000 -0.0000 -0.0696 -0.0000 -0.2552 -0.0000  0.0000  0.0000  0.3900  0.0000  0.4278  0.0000 -0.0000  0.0000 -0.0334 -0.0000  0.1115 -0.0000 -0.0000  0.0000 -0.3750  0.0000
   11  13.9827 THz   0.3154  0.0000 -0.0000 -0.0000 -0.3284  0.0000  0.0538  0.0000  0.0000  0.0000 -0.0551  0.0000 -0.2464  0.0000 -0.0000 -0.0000  0.2415  0.0000 -0.5781 -0.0000  0.0000  0.0000 -0.0827 -0.0000  0.0736 -0.0000  0.0000  0.0000  0.5668 -0.0000
   12  13.9993 THz   0.0000  0.0000  0.0140  0.0012 -0.0000 -0.0000 -0.0000 -0.0000 -0.0120 -0.0010 -0.0000  0.0000 -0.0000  0.0000  0.9027  0.0743 -0.0000  0.0000 -0.0000 -0.0000 -0.3000 -0.0247 -0.0000 -0.0000  0.0000 -0.0000 -0.2967 -0.0244  0.0000  0.0000
   13  15.2792 THz   0.0578  0.0000  0.0000  0.0000  0.0640  0.0000 -0.0199 -0.0000 -0.0000  0.0000 -0.0198 -0.0000 -0.1610 -0.0000 -0.0000 -0.0000 -0.1602 -0.0000 -0.0922 -0.0000  0.0000  0.0000  0.6785  0.0000  0.6818 -0.0000  0.0000  0.0000 -0.0804  0.0000
   14  22.6778 THz   0.1338  0.0000  0.0000  0.0000 -0.1374  0.0000  0.0308  0.0000 -0.0000  0.0000 -0.0318  0.0000  0.0115  0.0000  0.0000 -0.0000 -0.0124  0.0000 -0.0210 -0.0000  0.0000  0.0000  0.6949  0.0000 -0.6908  0.0000  0.0000 -0.0000  0.0200 -0.0000


 Q= -0.042359 -0.063538 -0.084717, q= -0.166667 -0.250000 -0.333333

                       Ti X   0        Ti Y   0        Ti Z   0        Pb X   1        Pb Y   1        Pb Z   1         O X   2         O Y   2         O Z   2         O X   3         O Y   3         O Z   3         O X   4         O Y   4         O Z   4     
                    --------------- --------------- --------------- --------------- --------------- --------------- --------------- --------------- --------------- --------------- --------------- --------------- --------------- --------------- ---------------
    0   1.2531 THz   0.0843  0.0000  0.1429 -0.0000 -0.0977  0.0000  0.1404 -0.0000  0.6298 -0.0000 -0.7317  0.0000 -0.0229  0.0000 -0.0124  0.0000  0.0467 -0.0000 -0.0040  0.0000 -0.0484  0.0000  0.0165 -0.0000 -0.0026 -0.0000 -0.0505 -0.0000  0.0565  0.0000
    1   1.5611 THz   0.2121  0.0000  0.0214  0.0000  0.0289 -0.0000  0.5739 -0.0000 -0.6565  0.0000 -0.4321 -0.0000 -0.0421 -0.0000  0.0124  0.0000  0.0179  0.0000 -0.0459  0.0000  0.0426 -0.0000  0.0049 -0.0000 -0.0124 -0.0000  0.0101  0.0000 -0.0131 -0.0000
    2   1.8192 THz   0.0871  0.0000  0.1211 -0.0000  0.0921 -0.0000 -0.7953  0.0000 -0.3672  0.0000 -0.4480  0.0000  0.0105 -0.0000 -0.0007  0.0000 -0.0073 -0.0000  0.0250 -0.0000 -0.0053  0.0000 -0.0001  0.0000  0.0070  0.0000 -0.0140 -0.0000 -0.0139 -0.0000
    3   5.3856 THz  -0.0180  0.0000  0.1616  0.0000 -0.2019 -0.0000 -0.0039 -0.0000  0.0387  0.0000 -0.0254 -0.0000 -0.0912 -0.0000  0.1679  0.0000 -0.6267 -0.0000  0.0617 -0.0000  0.6260 -0.0000 -0.1256  0.0000 -0.0167 -0.0000  0.2521  0.0000 -0.1615 -0.0000
    4   5.9656 THz   0.7684  0.0000 -0.2503  0.0000 -0.1244 -0.0000 -0.0459  0.0000  0.0827  0.0000  0.1054 -0.0000  0.3714  0.0000 -0.0296 -0.0000 -0.1143 -0.0000  0.1966 -0.0000  0.0629 -0.0000 -0.0048  0.0000  0.1563  0.0000 -0.2837 -0.0000 -0.1094 -0.0000
    5   6.2456 THz   0.5541  0.0000  0.0391  0.0000  0.0846 -0.0000 -0.0706 -0.0000  0.0882  0.0000  0.1359 -0.0000 -0.4319 -0.0000  0.1601  0.0000  0.1115 -0.0000 -0.2563  0.0000 -0.0437  0.0000  0.1045 -0.0000 -0.2019 -0.0000  0.4826  0.0000  0.2763  0.0000
    6   6.7098 THz  -0.0567  0.0000 -0.1144  0.0000  0.1872 -0.0000 -0.0119 -0.0000  0.0004 -0.0000 -0.0141  0.0000  0.1768 -0.0000 -0.0539 -0.0000 -0.2458  0.0000 -0.4943  0.0000  0.2543 -0.0000  0.0724 -0.0000 -0.0593 -0.0000 -0.3662 -0.0000  0.6339  0.0000
    7   8.4802 THz   0.0954  0.0000  0.8294  0.0000  0.0459 -0.0000  0.0618  0.0000 -0.0190 -0.0000  0.1610  0.0000  0.4262  0.0000  0.0214 -0.0000  0.1210  0.0000 -0.0017  0.0000  0.0082 -0.0000  0.0976 -0.0000  0.1841  0.0000  0.1039  0.0000  0.1407  0.0000
    8   9.8515 THz   0.0366  0.0000  0.1827 -0.0000 -0.7480  0.0000 -0.0660  0.0000 -0.0882  0.0000  0.0757 -0.0000 -0.1273  0.0000 -0.1044  0.0000  0.0354  0.0000 -0.4616  0.0000 -0.1256  0.0000  0.0512 -0.0000 -0.1647 -0.0000 -0.2599 -0.0000 -0.1829 -0.0000
    9  10.1990 THz   0.0797  0.0000  0.2779 -0.0000  0.0808  0.0000  0.0113  0.0000 -0.0046  0.0000  0.1080 -0.0000 -0.5647 -0.0000 -0.0626  0.0000  0.1283  0.0000  0.4026 -0.0000  0.2593 -0.0000  0.1351 -0.0000 -0.0407 -0.0000 -0.5446 -0.0000  0.1139  0.0000
   10  10.6515 THz   0.0341  0.0000 -0.0278  0.0000  0.2979 -0.0000 -0.0160 -0.0000  0.0906 -0.0000 -0.0025  0.0000  0.0763 -0.0000  0.1075 -0.0000  0.4777 -0.0000 -0.3912  0.0000  0.5071 -0.0000 -0.0062  0.0000 -0.0546 -0.0000 -0.0918 -0.0000 -0.4832 -0.0000
   11  13.7258 THz   0.0903  0.0000  0.1933 -0.0000  0.4407  0.0000  0.0458 -0.0000  0.0634  0.0000  0.0411 -0.0000 -0.1812 -0.0000  0.1053 -0.0000 -0.4885 -0.0000 -0.2750  0.0000 -0.4196  0.0000  0.0486 -0.0000  0.0793  0.0000 -0.2329 -0.0000 -0.3941 -0.0000
   12  14.6668 THz  -0.0227  0.0000  0.0377 -0.0000  0.0522 -0.0000  0.0178 -0.0000 -0.0007 -0.0000 -0.0041  0.0000  0.2789 -0.0000  0.2640  0.0000 -0.0681  0.0000  0.2024 -0.0000 -0.0661  0.0000  0.2631 -0.0000 -0.8475 -0.0000 -0.0787 -0.0000 -0.0626 -0.0000
   13  15.1683 THz  -0.0081  0.0000  0.0369 -0.0000 -0.0803  0.0000 -0.0037  0.0000 -0.0189  0.0000  0.0147 -0.0000 -0.0130  0.0000  0.7299 -0.0000  0.1209 -0.0000  0.0051 -0.0000 -0.1113  0.0000 -0.6056  0.0000  0.0404  0.0000 -0.2053 -0.0000  0.1455  0.0000
   14  22.7805 THz   0.1130  0.0000  0.1473 -0.0000  0.1498  0.0000  0.0157  0.0000  0.0255  0.0000  0.0395  0.0000  0.0106  0.0000 -0.5493 -0.0000 -0.0183 -0.0000 -0.0024  0.0000 -0.0139  0.0000 -0.7064  0.0000 -0.3728 -0.0000  0.0126  0.0000 -0.0063 -0.0000


 Q= -0.042359  0.063538 -0.084717, q= -0.166667  0.250000 -0.333333

                       Ti X   0        Ti Y   0        Ti Z   0        Pb X   1        Pb Y   1        Pb Z   1         O X   2         O Y   2         O Z   2         O X   3         O Y   3         O Z   3         O X   4         O Y   4         O Z   4     
                    --------------- --------------- --------------- --------------- --------------- --------------- --------------- --------------- --------------- --------------- --------------- --------------- --------------- --------------- ---------------
    0   1.2531 THz  -0.0843  0.0000  0.1429 -0.0000  0.0977 -0.0000 -0.1404 -0.0000  0.6298 -0.0000  0.7317 -0.0000  0.0229 -0.0000 -0.0124  0.0000 -0.0467  0.0000  0.0040 -0.0000 -0.0484  0.0000 -0.0165  0.0000  0.0026  0.0000 -0.0505 -0.0000 -0.0565 -0.0000
    1   1.5611 THz   0.2121  0.0000 -0.0214 -0.0000  0.0289 -0.0000  0.5739 -0.0000  0.6565 -0.0000 -0.4321 -0.0000 -0.0421  0.0000 -0.0124  0.0000  0.0179  0.0000 -0.0459  0.0000 -0.0426  0.0000  0.0049 -0.0000 -0.0124 -0.0000 -0.0101 -0.0000 -0.0131 -0.0000
    2   1.8192 THz  -0.0871  0.0000  0.1211 -0.0000 -0.0921 -0.0000  0.7953  0.0000 -0.3672 -0.0000  0.4480 -0.0000 -0.0105  0.0000 -0.0007  0.0000  0.0073  0.0000 -0.0250  0.0000 -0.0053  0.0000  0.0001 -0.0000 -0.0070 -0.0000 -0.0140 -0.0000  0.0139  0.0000
    3   5.3856 THz  -0.0180  0.0000 -0.1616 -0.0000 -0.2019 -0.0000 -0.0039 -0.0000 -0.0387 -0.0000 -0.0254 -0.0000 -0.0912  0.0000 -0.1679 -0.0000 -0.6267 -0.0000  0.0617 -0.0000 -0.6260  0.0000 -0.1256  0.0000 -0.0167 -0.0000 -0.2521 -0.0000 -0.1615 -0.0000
    4   5.9656 THz   0.7684  0.0000  0.2503 -0.0000 -0.1244 -0.0000 -0.0459  0.0000 -0.0827 -0.0000  0.1054 -0.0000  0.3714 -0.0000  0.0296 -0.0000 -0.1143 -0.0000  0.1966 -0.0000 -0.0629  0.0000 -0.0048  0.0000  0.1563  0.0000  0.2837  0.0000 -0.1094 -0.0000
    5   6.2456 THz   0.5541  0.0000 -0.0391  0.0000  0.0846 -0.0000 -0.0706 -0.0000 -0.0882  0.0000  0.1359 -0.0000 -0.4319  0.0000 -0.1601  0.0000  0.1115  0.0000 -0.2563  0.0000  0.0437 -0.0000  0.1045 -0.0000 -0.2019 -0.0000 -0.4826 -0.0000  0.2763  0.0000
    6   6.7098 THz   0.0567  0.0000 -0.1144  0.0000 -0.1872  0.0000  0.0119 -0.0000  0.0004 -0.0000  0.0141 -0.0000 -0.1768  0.0000 -0.0539  0.0000  0.2458 -0.0000  0.4943 -0.0000  0.2543 -0.0000 -0.0724  0.0000  0.0593  0.0000 -0.3662 -0.0000 -0.6339 -0.0000
    7   8.4802 THz   0.0954  0.0000 -0.8294 -0.0000  0.0459 -0.0000  0.0618  0.0000  0.0190  0.0000  0.1610  0.0000  0.4262 -0.0000 -0.0214  0.0000  0.1210  0.0000 -0.0017  0.0000 -0.0082  0.0000  0.0976 -0.0000  0.1841  0.0000 -0.1039 -0.0000  0.1407  0.0000
    8   9.8515 THz   0.0366  0.0000 -0.1827  0.0000 -0.7480  0.0000 -0.0660  0.0000  0.0882 -0.0000  0.0757 -0.0000 -0.1273  0.0000  0.1044 -0.0000  0.0354 -0.0000 -0.4616  0.0000  0.1256 -0.0000  0.0512 -0.0000 -0.1647 -0.0000  0.2599  0.0000 -0.1829 -0.0000
    9  10.1990 THz   0.0797  0.0000 -0.2779  0.0000  0.0808 -0.0000  0.0113 -0.0000  0.0046  0.0000  0.1080 -0.0000 -0.5647  0.0000  0.0626  0.0000  0.1283 -0.0000  0.4026 -0.0000 -0.2593  0.0000  0.1351 -0.0000 -0.0407 -0.0000  0.5446  0.0000  0.1139  0.0000
   10  10.6515 THz  -0.0341  0.0000 -0.0278 -0.0000 -0.2979 -0.0000  0.0160  0.0000  0.0906  0.0000  0.0025  0.0000 -0.0763 -0.0000  0.1075  0.0000 -0.4777 -0.0000  0.3912 -0.0000  0.5071 -0.0000  0.0062 -0.0000  0.0546  0.0000 -0.0918 -0.0000  0.4832  0.0000
   11  13.7258 THz   0.0903  0.0000 -0.1933  0.0000  0.4407 -0.0000  0.0458 -0.0000 -0.0634  0.0000  0.0411 -0.0000 -0.1812  0.0000 -0.1053  0.0000 -0.4885  0.0000 -0.2750  0.0000  0.4196 -0.0000  0.0486 -0.0000  0.0793  0.0000  0.2329  0.0000 -0.3941 -0.0000
   12  14.6668 THz  -0.0227  0.0000 -0.0377  0.0000  0.0522 -0.0000  0.0178 -0.0000  0.0007  0.0000 -0.0041 -0.0000  0.2789 -0.0000 -0.2640  0.0000 -0.0681  0.0000  0.2024 -0.0000  0.0661 -0.0000  0.2631 -0.0000 -0.8475 -0.0000  0.0787  0.0000 -0.0626 -0.0000
   13  15.1683 THz  -0.0081  0.0000 -0.0369 -0.0000 -0.0803 -0.0000 -0.0037 -0.0000  0.0189  0.0000  0.0147  0.0000 -0.0130 -0.0000 -0.7299 -0.0000  0.1209  0.0000  0.0051 -0.0000  0.1113 -0.0000 -0.6056  0.0000  0.0404  0.0000  0.2053  0.0000  0.1455  0.0000
   14  22.7805 THz  -0.1130  0.0000  0.1473  0.0000 -0.1498  0.0000 -0.0157 -0.0000  0.0255  0.0000 -0.0395 -0.0000 -0.0106 -0.0000 -0.5493  0.0000  0.0183  0.0000  0.0024 -0.0000 -0.0139  0.0000  0.7064 -0.0000  0.3728  0.0000  0.0126  0.0000  0.0063  0.0000


 Q=  0.000000 -0.127076  0.000000, q=  0.000000 -0.500000  0.000000

                       Ti X   0        Ti Y   0        Ti Z   0        Pb X   1        Pb Y   1        Pb Z   1         O X   2         O Y   2         O Z   2         O X   3         O Y   3         O Z   3         O X   4         O Y   4         O Z   4     
                    --------------- --------------- --------------- --------------- --------------- --------------- --------------- --------------- --------------- --------------- --------------- --------------- --------------- --------------- ---------------
    0   1.4477 THz   0.0000  0.0000  0.0000 -0.0000 -0.0000 -0.0000 -0.0218 -0.1698 -0.0000 -0.0000 -0.1250 -0.9750  0.0030  0.0237  0.0000 -0.0000  0.0079  0.0612 -0.0000  0.0000 -0.0000 -0.0000  0.0000  0.0000 -0.0000 -0.0000 -0.0000 -0.0000  0.0000  0.0000
    1   1.7335 THz   0.0000  0.0000  0.0000 -0.0000 -0.0000 -0.0000  0.1974 -0.9632  0.0000 -0.0000 -0.0345  0.1686 -0.0120  0.0584  0.0000 -0.0000  0.0019 -0.0091 -0.0000  0.0000  0.0000  0.0000  0.0000  0.0000 -0.0000 -0.0000 -0.0000 -0.0000  0.0000  0.0000
    2   1.8203 THz   0.9850  0.0000 -0.0000 -0.0000 -0.0898  0.0000 -0.0000  0.0000  0.0000 -0.0000  0.0000  0.0000  0.0000 -0.0000  0.0000  0.0000 -0.0000  0.0000 -0.1258  0.0000  0.0000  0.0000  0.0109  0.0000 -0.0743 -0.0000 -0.0000  0.0000  0.0168 -0.0000
    3   2.0297 THz   0.0908  0.0000  0.0000  0.0000  0.9801 -0.0000 -0.0000 -0.0000 -0.0000  0.0000 -0.0000  0.0000  0.0000  0.0000 -0.0000  0.0000  0.0000 -0.0000 -0.0122 -0.0000 -0.0000  0.0000 -0.0943 -0.0000 -0.0078  0.0000  0.0000  0.0000 -0.1488  0.0000
    4   3.4939 THz  -0.0000  0.0000 -0.0000 -0.0000 -0.0000 -0.0000  0.0000  0.0000 -0.8192 -0.5702  0.0000  0.0000 -0.0000  0.0000 -0.0499 -0.0347  0.0000 -0.0000  0.0000  0.0000  0.0000 -0.0000  0.0000  0.0000  0.0000  0.0000 -0.0000 -0.0000  0.0000  0.0000
    5   6.1974 THz   0.0188  0.0000 -0.0000 -0.0000 -0.1758  0.0000  0.0000  0.0000 -0.0000  0.0000  0.0000 -0.0000 -0.0000 -0.0000 -0.0000 -0.0000 -0.0000 -0.0000  0.0858  0.0000  0.0000 -0.0000 -0.4689  0.0000  0.0540 -0.0000 -0.0000 -0.0000 -0.8594 -0.0000
    6   6.4815 THz   0.1456  0.0000  0.0000  0.0000  0.0191 -0.0000 -0.0000 -0.0000  0.0000 -0.0000 -0.0000 -0.0000  0.0000 -0.0000  0.0000 -0.0000  0.0000 -0.0000  0.8568 -0.0000  0.0000  0.0000  0.0442 -0.0000  0.4838  0.0000  0.0000  0.0000  0.0911  0.0000
    7   8.4724 THz   0.0000 -0.0000 -0.6851 -0.0000  0.0000 -0.0000 -0.0000 -0.0000  0.0000  0.0000 -0.0000 -0.0000 -0.0000  0.0000 -0.0000 -0.0000 -0.0000  0.0000  0.0000 -0.0000 -0.4850 -0.0000  0.0000 -0.0000  0.0000  0.0000 -0.5435 -0.0000  0.0000 -0.0000
    8   8.8374 THz   0.0000  0.0000  0.0289  0.0000  0.0000  0.0000  0.0000  0.0000 -0.0000 -0.0000 -0.0000 -0.0000 -0.0000 -0.0000 -0.0000 -0.0000 -0.0000  0.0000  0.0000 -0.0000  0.7274  0.0000 -0.0000  0.0000  0.0000 -0.0000 -0.6856  0.0000  0.0000 -0.0000
    9   9.1953 THz   0.0000  0.0000 -0.0000 -0.0000 -0.0000 -0.0000  0.0049 -0.0065  0.0000  0.0000  0.0382 -0.0507  0.0635 -0.0844 -0.0000 -0.0000  0.5965 -0.7931 -0.0000 -0.0000  0.0000 -0.0000 -0.0000 -0.0000  0.0000 -0.0000 -0.0000  0.0000  0.0000  0.0000
   10   9.3069 THz  -0.0000  0.0000  0.0000 -0.0000  0.0000  0.0000 -0.0024  0.0623  0.0000  0.0000 -0.0003  0.0066 -0.0384  0.9916  0.0000  0.0000  0.0041 -0.1065  0.0000 -0.0000  0.0000 -0.0000 -0.0000 -0.0000  0.0000  0.0000  0.0000  0.0000  0.0000 -0.0000
   11  14.4646 THz   0.0016  0.0000 -0.0000 -0.0000 -0.0078 -0.0000 -0.0000 -0.0000  0.0000 -0.0000  0.0000  0.0000 -0.0000  0.0000  0.0000  0.0000  0.0000  0.0000 -0.3298  0.0000  0.0000  0.0000 -0.6549  0.0000  0.5754 -0.0000  0.0000  0.0000  0.3622 -0.0000
   12  14.6234 THz  -0.0022  0.0000  0.0000 -0.0000 -0.0087 -0.0000 -0.0000  0.0000  0.0000  0.0000  0.0000  0.0000  0.0000 -0.0000  0.0000 -0.0000  0.0000  0.0000  0.3658  0.0000 -0.0000  0.0000 -0.5833  0.0000 -0.6529 -0.0000 -0.0000  0.0000  0.3155 -0.0000
   13  15.0219 THz   0.0000  0.0000 -0.7278 -0.0000  0.0000 -0.0000 -0.0000 -0.0000  0.0000  0.0000  0.0000 -0.0000  0.0000 -0.0000  0.0000  0.0000  0.0000 -0.0000  0.0000 -0.0000  0.4854  0.0000 -0.0000 -0.0000 -0.0000  0.0000  0.4844  0.0000  0.0000 -0.0000
   14  21.3359 THz   0.0000  0.0000 -0.0000 -0.0000 -0.0000  0.0000 -0.0000 -0.0000  0.0000  0.0608 -0.0000  0.0000 -0.0000 -0.0000 -0.0000 -0.9982  0.0000  0.0000 -0.0000 -0.0000 -0.0000  0.0000  0.0000 -0.0000  0.0000  0.0000  0.0000  0.0000  0.0000  0.0000


 Q=  0.000000  0.000000  0.000000, q=  0.000000  0.000000  0.000000

                       Ti X   0        Ti Y   0        Ti Z   0        Pb X   1        Pb Y   1        Pb Z   1         O X   2         O Y   2         O Z   2         O X   3         O Y   3         O Z   3         O X   4         O Y   4         O Z   4     
                    --------------- --------------- --------------- --------------- --------------- --------------- --------------- --------------- --------------- --------------- --------------- --------------- --------------- --------------- ---------------
    0   0.0000 THz   0.0230  0.0000 -0.3543  0.0000 -0.1785  0.0000  0.0479  0.0000 -0.7372  0.0000 -0.3714  0.0000  0.0133  0.0000 -0.2048  0.0000 -0.1032  0.0000  0.0133  0.0000 -0.2048  0.0000 -0.1032  0.0000  0.0133  0.0000 -0.2048  0.0000 -0.1032  0.0000
    1   0.0000 THz   0.3284  0.0000 -0.0834  0.0000  0.2078  0.0000  0.6832  0.0000 -0.1735  0.0000  0.4323  0.0000  0.1898  0.0000 -0.0482  0.0000  0.1201  0.0000  0.1898  0.0000 -0.0482  0.0000  0.1201  0.0000  0.1898  0.0000 -0.0482  0.0000  0.1201  0.0000
    2   0.0000 THz  -0.2227  0.0000 -0.1595  0.0000  0.2879  0.0000 -0.4633  0.0000 -0.3319  0.0000  0.5990  0.0000 -0.1287  0.0000 -0.0922  0.0000  0.1665  0.0000 -0.1287  0.0000 -0.0922  0.0000  0.1665  0.0000 -0.1287  0.0000 -0.0922  0.0000  0.1665  0.0000
    3   3.3532 THz   0.3865  0.0000  0.0000  0.0000 -0.7360  0.0000 -0.2471  0.0000 -0.0000  0.0000  0.4430  0.0000  0.0739  0.0000  0.0000  0.0000 -0.1143  0.0000  0.0838  0.0000  0.0000  0.0000 -0.0856  0.0000  0.0629  0.0000  0.0000  0.0000 -0.1215  0.0000
    4   3.3971 THz  -0.0000  0.0000  0.8331  0.0000  0.0000  0.0000  0.0000  0.0000 -0.5063  0.0000 -0.0000  0.0000 -0.0000  0.0000  0.1001  0.0000  0.0000  0.0000 -0.0000  0.0000  0.1458  0.0000  0.0000  0.0000 -0.0000  0.0000  0.1353  0.0000  0.0000  0.0000
    5   3.4698 THz  -0.7235  0.0000 -0.0000  0.0000 -0.4012  0.0000  0.4507  0.0000  0.0000  0.0000  0.2380  0.0000 -0.1291  0.0000 -0.0000  0.0000 -0.0602  0.0000 -0.1418  0.0000 -0.0000  0.0000 -0.0382  0.0000 -0.0996  0.0000 -0.0000  0.0000 -0.0639  0.0000
    6  -3.9641 THz   0.3845  0.0000 -0.0000  0.0000 -0.1454  0.0000  0.2097  0.0000  0.0000  0.0000 -0.0865  0.0000 -0.4902  0.0000  0.0000  0.0000  0.1980  0.0000 -0.4903  0.0000  0.0000  0.0000  0.1790  0.0000 -0.4394  0.0000  0.0000  0.0000  0.1857  0.0000
    7  -4.0400 THz   0.0000  0.0000  0.3846  0.0000  0.0000  0.0000  0.0000  0.0000  0.2432  0.0000  0.0000  0.0000 -0.0000  0.0000 -0.4776  0.0000 -0.0000  0.0000 -0.0000  0.0000 -0.5350  0.0000 -0.0000  0.0000 -0.0000  0.0000 -0.5278  0.0000 -0.0000  0.0000
    8  -4.1121 THz  -0.1456  0.0000  0.0000  0.0000 -0.3436  0.0000 -0.0862  0.0000  0.0000  0.0000 -0.2349  0.0000  0.2046  0.0000 -0.0000  0.0000  0.4947  0.0000  0.1843  0.0000 -0.0000  0.0000  0.4454  0.0000  0.1730  0.0000 -0.0000  0.0000  0.4993  0.0000
    9   7.8513 THz   0.0000  0.0000  0.0042  0.0000 -0.0000  0.0000 -0.0000  0.0000 -0.0049  0.0000 -0.0000  0.0000  0.0000  0.0000  0.0012  0.0000  0.0000  0.0000 -0.0000  0.0000 -0.7024  0.0000 -0.0000  0.0000  0.0000  0.0000  0.7118  0.0000 -0.0000  0.0000
   10   7.8586 THz  -0.0013  0.0000 -0.0000  0.0000 -0.0058  0.0000  0.0038  0.0000  0.0000  0.0000  0.0006  0.0000 -0.3064  0.0000  0.0000  0.0000 -0.6395  0.0000  0.2991  0.0000 -0.0000  0.0000  0.0091  0.0000 -0.0041  0.0000  0.0000  0.0000  0.6384  0.0000
   11   8.1858 THz   0.0118  0.0000  0.0000  0.0000  0.0009  0.0000 -0.0029  0.0000  0.0000  0.0000  0.0053  0.0000  0.6398  0.0000  0.0000  0.0000 -0.3077  0.0000 -0.6379  0.0000 -0.0000  0.0000 -0.0109  0.0000 -0.0116  0.0000  0.0000  0.0000  0.2978  0.0000
   12  15.1798 THz   0.0037 -0.0000  0.0000 -0.0000 -0.0070 -0.0000 -0.0147 -0.0000  0.0000 -0.0000  0.0193 -0.0000 -0.2532 -0.0000 -0.0000 -0.0000  0.2829 -0.0000 -0.2526 -0.0000  0.0000 -0.0000 -0.6329 -0.0000  0.5524 -0.0000  0.0000 -0.0000  0.2928 -0.0000
   13  15.2295 THz  -0.0000  0.0000  0.0107  0.0000  0.0000  0.0000  0.0000  0.0000 -0.0275  0.0000 -0.0000  0.0000  0.0000  0.0000  0.8421  0.0000  0.0000  0.0000 -0.0000  0.0000 -0.3825  0.0000 -0.0000  0.0000  0.0000  0.0000 -0.3791  0.0000  0.0000  0.0000
   14  15.3493 THz  -0.0071  0.0000 -0.0000  0.0000 -0.0091  0.0000  0.0225  0.0000  0.0000  0.0000  0.0191  0.0000  0.2751  0.0000 -0.0000  0.0000  0.2511  0.0000  0.2925  0.0000  0.0000  0.0000 -0.5542  0.0000 -0.6364  0.0000  0.0000  0.0000  0.2501  0.0000


 Q=  0.042359 -0.063538  0.084717, q=  0.166667 -0.250000  0.333333

                       Ti X   0        Ti Y   0        Ti Z   0        Pb X   1        Pb Y   1        Pb Z   1         O X   2         O Y   2         O Z   2         O X   3         O Y   3         O Z   3         O X   4         O Y   4         O Z   4     
                    --------------- --------------- --------------- --------------- --------------- --------------- --------------- --------------- --------------- --------------- --------------- --------------- --------------- --------------- ---------------
    0   1.2531 THz  -0.0843  0.0000  0.1429  0.0000  0.0977  0.0000 -0.1404  0.0000  0.6298  0.0000  0.7317  0.0000  0.0229  0.0000 -0.0124 -0.0000 -0.0467 -0.0000  0.0040  0.0000 -0.0484 -0.0000 -0.0165 -0.0000  0.0026 -0.0000 -0.0505  0.0000 -0.0565  0.0000
    1   1.5611 THz   0.2121  0.0000 -0.0214  0.0000  0.0289  0.0000  0.5739  0.0000  0.6565  0.0000 -0.4321  0.0000 -0.0421 -0.0000 -0.0124 -0.0000  0.0179 -0.0000 -0.0459 -0.0000 -0.0426 -0.0000  0.0049  0.0000 -0.0124  0.0000 -0.0101  0.0000 -0.0131  0.0000
    2   1.8192 THz  -0.0871  0.0000  0.1211  0.0000 -0.0921  0.0000  0.7953 -0.0000 -0.3672  0.0000  0.4480  0.0000 -0.0105 -0.0000 -0.0007 -0.0000  0.0073 -0.0000 -0.0250 -0.0000 -0.0053 -0.0000  0.0001  0.0000 -0.0070  0.0000 -0.0140  0.0000  0.0139 -0.0000
    3   5.3856 THz  -0.0180  0.0000 -0.1616  0.0000 -0.2019  0.0000 -0.0039  0.0000 -0.0387  0.0000 -0.0254  0.0000 -0.0912 -0.0000 -0.1679  0.0000 -0.6267  0.0000  0.0617  0.0000 -0.6260 -0.0000 -0.1256 -0.0000 -0.0167  0.0000 -0.2521  0.0000 -0.1615  0.0000
    4   5.9656 THz   0.7684  0.0000  0.2503  0.0000 -0.1244  0.0000 -0.0459 -0.0000 -0.0827  0.0000  0.1054  0.0000  0.3714  0.0000  0.0296  0.0000 -0.1143  0.0000  0.1966  0.0000 -0.0629 -0.0000 -0.0048 -0.0000  0.1563 -0.0000  0.2837 -0.0000 -0.1094  0.0000
    5   6.2456 THz   0.5541  0.0000 -0.0391 -0.0000  0.0846  0.0000 -0.0706  0.0000 -0.0882 -0.0000  0.1359  0.0000 -0.4319 -0.0000 -0.1601 -0.0000  0.1115 -0.0000 -0.2563 -0.0000  0.0437  0.0000  0.1045  0.0000 -0.2019  0.0000 -0.4826  0.0000  0.2763 -0.0000
    6   6.7098 THz   0.0567  0.0000 -0.1144 -0.0000 -0.1872 -0.0000  0.0119  0.0000  0.0004  0.0000  0.0141  0.0000 -0.1768 -0.0000 -0.0539 -0.0000  0.2458  0.0000  0.4943  0.0000  0.2543  0.0000 -0.0724 -0.0000  0.0593 -0.0000 -0.3662  0.0000 -0.6339  0.0000
    7   8.4802 THz   0.0954  0.0000 -0.8294  0.0000  0.0459  0.0000  0.0618 -0.0000  0.0190 -0.0000  0.1610 -0.0000  0.4262  0.0000 -0.0214 -0.0000  0.1210 -0.0000 -0.0017 -0.0000 -0.0082 -0.0000  0.0976  0.0000  0.1841 -0.0000 -0.1039  0.0000  0.1407 -0.0000
    8   9.8515 THz   0.0366  0.0000 -0.1827 -0.0000 -0.7480 -0.0000 -0.0660 -0.0000  0.0882  0.0000  0.0757  0.0000 -0.1273 -0.0000  0.1044  0.0000  0.0354  0.0000 -0.4616 -0.0000  0.1256  0.0000  0.0512  0.0000 -0.1647  0.0000  0.2599 -0.0000 -0.1829  0.0000
    9  10.1990 THz   0.0797  0.0000 -0.2779 -0.0000  0.0808  0.0000  0.0113  0.0000  0.0046 -0.0000  0.1080  0.0000 -0.5647 -0.0000  0.0626 -0.0000  0.1283  0.0000  0.4026  0.0000 -0.2593 -0.0000  0.1351  0.0000 -0.0407  0.0000  0.5446 -0.0000  0.1139 -0.0000
   10  10.6515 THz  -0.0341  0.0000 -0.0278  0.0000 -0.2979  0.0000  0.0160 -0.0000  0.0906 -0.0000  0.0025 -0.0000 -0.0763  0.0000  0.1075 -0.0000 -0.4777  0.0000  0.3912  0.0000  0.5071  0.0000  0.0062  0.0000  0.0546 -0.0000 -0.0918  0.0000  0.4832 -0.0000
   11  13.7258 THz   0.0903  0.0000 -0.1933 -0.0000  0.4407  0.0000  0.0458  0.0000 -0.0634 -0.0000  0.0411  0.0000 -0.1812 -0.0000 -0.1053 -0.0000 -0.4885 -0.0000 -0.2750 -0.0000  0.4196  0.0000  0.0486  0.0000  0.0793 -0.0000  0.2329 -0.0000 -0.3941  0.0000
   12  14.6668 THz  -0.0227  0.0000 -0.0377 -0.0000  0.0522  0.0000  0.0178  0.0000  0.0007 -0.0000 -0.0041  0.0000  0.2789  0.0000 -0.2640 -0.0000 -0.0681 -0.0000  0.2024  0.0000  0.0661  0.0000  0.2631  0.0000 -0.8475  0.0000  0.0787 -0.0000 -0.0626  0.0000
   13  15.1683 THz  -0.0081  0.0000 -0.0369  0.0000 -0.0803  0.0000 -0.0037  0.0000  0.0189 -0.0000  0.0147 -0.0000 -0.0130  0.0000 -0.7299  0.0000  0.1209 -0.0000  0.0051  0.0000  0.1113  0.0000 -0.6056 -0.0000  0.0404 -0.0000  0.2053 -0.0000  0.1455 -0.0000
   14  22.7805 THz  -0.1130  0.0000  0.1473 -0.0000 -0.1498 -0.0000 -0.0157  0.0000  0.0255 -0.0000 -0.0395  0.0000 -0.0106  0.0000 -0.5493 -0.0000  0.0183 -0.0000  0.0024  0.0000 -0.0139 -0.0000  0.7064  0.0000  0.3728 -0.0000  0.0126 -0.0000  0.0063 -0.0000


 Q=  0.042359  0.063538  0.084717, q=  0.166667  0.250000  0.333333

                       Ti X   0        Ti Y   0        Ti Z   0        Pb X   1        Pb Y   1        Pb Z   1         O X   2         O Y   2         O Z   2         O X   3         O Y   3         O Z   3         O X   4         O Y   4         O Z   4     
                    --------------- --------------- --------------- --------------- --------------- --------------- --------------- --------------- --------------- --------------- --------------- --------------- --------------- --------------- ---------------
    0   1.2531 THz   0.0843  0.0000  0.1429  0.0000 -0.0977 -0.0000  0.1404  0.0000  0.6298  0.0000 -0.7317 -0.0000 -0.0229 -0.0000 -0.0124 -0.0000  0.0467  0.0000 -0.0040 -0.0000 -0.0484 -0.0000  0.0165  0.0000 -0.0026  0.0000 -0.0505  0.0000  0.0565 -0.0000
    1   1.5611 THz   0.2121  0.0000  0.0214 -0.0000  0.0289  0.0000  0.5739  0.0000 -0.6565 -0.0000 -0.4321  0.0000 -0.0421  0.0000  0.0124 -0.0000  0.0179 -0.0000 -0.0459 -0.0000  0.0426  0.0000  0.0049  0.0000 -0.0124  0.0000  0.0101 -0.0000 -0.0131  0.0000
    2   1.8192 THz   0.0871  0.0000  0.1211  0.0000  0.0921  0.0000 -0.7953 -0.0000 -0.3672 -0.0000 -0.4480 -0.0000  0.0105  0.0000 -0.0007 -0.0000 -0.0073  0.0000  0.0250  0.0000 -0.0053 -0.0000 -0.0001 -0.0000  0.0070 -0.0000 -0.0140  0.0000 -0.0139  0.0000
    3   5.3856 THz  -0.0180  0.0000  0.1616 -0.0000 -0.2019  0.0000 -0.0039  0.0000  0.0387 -0.0000 -0.0254  0.0000 -0.0912  0.0000  0.1679 -0.0000 -0.6267  0.0000  0.0617  0.0000  0.6260  0.0000 -0.1256 -0.0000 -0.0167  0.0000  0.2521 -0.0000 -0.1615  0.0000
    4   5.9656 THz   0.7684  0.0000 -0.2503 -0.0000 -0.1244  0.0000 -0.0459 -0.0000  0.0827 -0.0000  0.1054  0.0000  0.3714 -0.0000 -0.0296  0.0000 -0.1143  0.0000  0.1966  0.0000  0.0629  0.0000 -0.0048 -0.0000  0.1563 -0.0000 -0.2837  0.0000 -0.1094  0.0000
    5   6.2456 THz   0.5541  0.0000  0.0391 -0.0000  0.0846  0.0000 -0.0706  0.0000  0.0882 -0.0000  0.1359  0.0000 -0.4319  0.0000  0.1601 -0.0000  0.1115  0.0000 -0.2563 -0.0000 -0.0437 -0.0000  0.1045  0.0000 -0.2019  0.0000  0.4826 -0.0000  0.2763 -0.0000
    6   6.7098 THz  -0.0567  0.0000 -0.1144 -0.0000  0.1872  0.0000 -0.0119  0.0000  0.0004  0.0000 -0.0141 -0.0000  0.1768  0.0000 -0.0539  0.0000 -0.2458 -0.0000 -0.4943 -0.0000  0.2543  0.0000  0.0724  0.0000 -0.0593  0.0000 -0.3662  0.0000  0.6339 -0.0000
    7   8.4802 THz   0.0954  0.0000  0.8294 -0.0000  0.0459  0.0000  0.0618 -0.0000 -0.0190  0.0000  0.1610 -0.0000  0.4262 -0.0000  0.0214  0.0000  0.1210 -0.0000 -0.0017 -0.0000  0.0082  0.0000  0.0976  0.0000  0.1841 -0.0000  0.1039 -0.0000  0.1407 -0.0000
    8   9.8515 THz   0.0366  0.0000  0.1827  0.0000 -0.7480 -0.0000 -0.0660 -0.0000 -0.0882 -0.0000  0.0757  0.0000 -0.1273 -0.0000 -0.1044 -0.0000  0.0354 -0.0000 -0.4616 -0.0000 -0.1256 -0.0000  0.0512  0.0000 -0.1647  0.0000 -0.2599  0.0000 -0.1829  0.0000
    9  10.1990 THz   0.0797  0.0000  0.2779  0.0000  0.0808 -0.0000  0.0113 -0.0000 -0.0046 -0.0000  0.1080  0.0000 -0.5647  0.0000 -0.0626 -0.0000  0.1283 -0.0000  0.4026  0.0000  0.2593  0.0000  0.1351  0.0000 -0.0407  0.0000 -0.5446  0.0000  0.1139 -0.0000
   10  10.6515 THz   0.0341  0.0000 -0.0278 -0.0000  0.2979  0.0000 -0.0160  0.0000  0.0906  0.0000 -0.0025 -0.0000  0.0763  0.0000  0.1075  0.0000  0.4777  0.0000 -0.3912 -0.0000  0.5071  0.0000 -0.0062 -0.0000 -0.0546  0.0000 -0.0918  0.0000 -0.4832  0.0000
   11  13.7258 THz   0.0903  0.0000  0.1933  0.0000  0.4407 -0.0000  0.0458  0.0000  0.0634 -0.0000  0.0411  0.0000 -0.1812  0.0000  0.1053  0.0000 -0.4885  0.0000 -0.2750 -0.0000 -0.4196 -0.0000  0.0486  0.0000  0.0793 -0.0000 -0.2329  0.0000 -0.3941  0.0000
   12  14.6668 THz  -0.0227  0.0000  0.0377  0.0000  0.0522  0.0000  0.0178  0.0000 -0.0007  0.0000 -0.0041 -0.0000  0.2789  0.0000  0.2640 -0.0000 -0.0681 -0.0000  0.2024  0.0000 -0.0661 -0.0000  0.2631  0.0000 -0.8475  0.0000 -0.0787  0.0000 -0.0626  0.0000
   13  15.1683 THz  -0.0081  0.0000  0.0369  0.0000 -0.0803 -0.0000 -0.0037 -0.0000 -0.0189 -0.0000  0.0147  0.0000 -0.0130 -0.0000  0.7299  0.0000  0.1209  0.0000  0.0051  0.0000 -0.1113 -0.0000 -0.6056 -0.0000  0.0404 -0.0000 -0.2053  0.0000  0.1455 -0.0000
   14  22.7805 THz   0.1130  0.0000  0.1473  0.0000  0.1498 -0.0000  0.0157 -0.0000  0.0255 -0.0000  0.0395 -0.0000  0.0106 -0.0000 -0.5493  0.0000 -0.0183  0.0000 -0.0024 -0.0000 -0.0139 -0.0000 -0.7064 -0.0000 -0.3728  0.0000  0.0126 -0.0000 -0.0063  0.0000


 Q=  0.084717 -0.127076 -0.084717, q=  0.333333 -0.500000 -0.333333

                       Ti X   0        Ti Y   0        Ti Z   0        Pb X   1        Pb Y   1        Pb Z   1         O X   2         O Y   2         O Z   2         O X   3         O Y   3         O Z   3         O X   4         O Y   4         O Z   4     
                    --------------- --------------- --------------- --------------- --------------- --------------- --------------- --------------- --------------- --------------- --------------- --------------- --------------- --------------- ---------------
    0   1.7736 THz   0.0000  0.0000  0.0955  0.0080 -0.0000 -0.0000  0.2004  0.0169  0.0000  0.0000 -0.9678 -0.0814  0.0717  0.0060 -0.0000 -0.0000  0.0322  0.0027 -0.0000 -0.0000 -0.0281 -0.0024 -0.0000  0.0000  0.0000 -0.0000 -0.0055 -0.0005  0.0000 -0.0000
    1   1.7801 THz  -0.1084  0.0000  0.0000  0.0000  0.1053 -0.0000  0.0000  0.0000 -0.9860  0.0000 -0.0000 -0.0000  0.0000  0.0000  0.0055  0.0000  0.0000  0.0000  0.0508 -0.0000 -0.0000 -0.0000  0.0004 -0.0000  0.0001  0.0000 -0.0000 -0.0000 -0.0488 -0.0000
    2   1.9910 THz  -0.0000  0.0000 -0.0549  0.0001  0.0000 -0.0000 -0.9735  0.0020 -0.0000 -0.0000 -0.2059  0.0004  0.0378 -0.0001  0.0000  0.0000  0.0123 -0.0000  0.0000  0.0000  0.0732 -0.0001 -0.0000 -0.0000 -0.0000  0.0000  0.0018 -0.0000 -0.0000  0.0000
    3   4.3141 THz  -0.0000  0.0000  0.0080 -0.0064 -0.0000  0.0000  0.0192 -0.0153 -0.0000  0.0000 -0.0455  0.0362 -0.3727  0.2969  0.0000 -0.0000 -0.3969  0.3161  0.0000  0.0000  0.4024 -0.3205 -0.0000  0.0000 -0.0000 -0.0000 -0.3886  0.3095 -0.0000  0.0000
    4   4.5294 THz   0.0000  0.0000  0.1796 -0.0427  0.0000 -0.0000  0.0334 -0.0079  0.0000 -0.0000  0.0274 -0.0065  0.4674 -0.1110 -0.0000  0.0000 -0.4512  0.1072 -0.0000  0.0000  0.4790 -0.1138  0.0000 -0.0000 -0.0000  0.0000  0.5108 -0.1213 -0.0000  0.0000
    5   5.3384 THz   0.1363  0.0000  0.0000  0.0000  0.1333  0.0000  0.0000 -0.0000 -0.0009  0.0000 -0.0000  0.0000 -0.0000 -0.0000 -0.0007 -0.0000 -0.0000 -0.0000  0.6729 -0.0000  0.0000  0.0000  0.0832 -0.0000  0.0828  0.0000 -0.0000 -0.0000  0.7050  0.0000
    6   9.9068 THz  -0.8351  0.0000 -0.0000  0.0000 -0.4944  0.0000  0.0000  0.0000  0.0329 -0.0000  0.0000 -0.0000  0.0000  0.0000  0.0257 -0.0000 -0.0000  0.0000  0.0521 -0.0000 -0.0000  0.0000  0.1172 -0.0000  0.0837  0.0000  0.0000 -0.0000  0.1816  0.0000
    7  10.2370 THz  -0.4372  0.0000 -0.0000 -0.0000  0.7946 -0.0000  0.0000  0.0000  0.1065 -0.0000 -0.0000 -0.0000  0.0000  0.0000  0.1053  0.0000  0.0000 -0.0000 -0.3030  0.0000  0.0000 -0.0000  0.0264 -0.0000 -0.0938 -0.0000 -0.0000 -0.0000  0.2316  0.0000
    8  11.4667 THz  -0.0000  0.0000 -0.1436 -0.0158  0.0000  0.0000 -0.0416 -0.0046  0.0000  0.0000 -0.0597 -0.0065 -0.4178 -0.0458  0.0000  0.0000 -0.5660 -0.0621  0.0000  0.0000 -0.5281 -0.0580  0.0000 -0.0000  0.0000  0.0000  0.4340  0.0476 -0.0000 -0.0000
    9  11.5427 THz  -0.0000  0.0000  0.7426 -0.1147  0.0000  0.0000 -0.0532  0.0082  0.0000  0.0000  0.0308 -0.0048 -0.4783  0.0739  0.0000  0.0000  0.2839 -0.0439  0.0000  0.0000  0.1274 -0.0197 -0.0000 -0.0000  0.0000  0.0000  0.3098 -0.0479 -0.0000 -0.0000
   10  11.5691 THz  -0.2480  0.0000 -0.0000  0.0000  0.2699  0.0000  0.0000 -0.0000  0.1218 -0.0000 -0.0000  0.0000  0.0000 -0.0000  0.1380  0.0000 -0.0000  0.0000  0.6565 -0.0000 -0.0000  0.0000 -0.0424  0.0000  0.0475  0.0000 -0.0000  0.0000 -0.6299 -0.0000
   11  12.9614 THz   0.0000  0.0000 -0.6040  0.0578  0.0000 -0.0000  0.0736 -0.0070 -0.0000 -0.0000 -0.0739  0.0071 -0.3515  0.0336  0.0000  0.0000  0.3440 -0.0329 -0.0000 -0.0000  0.4316 -0.0413  0.0000 -0.0000  0.0000  0.0000  0.4325 -0.0414  0.0000  0.0000
   12  14.4246 THz  -0.0862  0.0000 -0.0000  0.0000 -0.0908 -0.0000 -0.0000 -0.0000  0.0002 -0.0000 -0.0000 -0.0000 -0.0000  0.0000 -0.0307  0.0000  0.0000 -0.0000  0.1087 -0.0000  0.0000 -0.0000 -0.6747  0.0000 -0.7124 -0.0000  0.0000 -0.0000  0.0934  0.0000
   13  14.5929 THz  -0.0489  0.0000 -0.0000  0.0000  0.0626  0.0000 -0.0000 -0.0000  0.0169  0.0000  0.0000  0.0000  0.0000  0.0000 -0.7495 -0.0000  0.0000 -0.0000  0.0849 -0.0000  0.0000 -0.0000  0.4837 -0.0000 -0.4268 -0.0000 -0.0000 -0.0000 -0.0910 -0.0000
   14  23.9222 THz   0.0990  0.0000  0.0000 -0.0000 -0.1013 -0.0000 -0.0000  0.0000 -0.0169  0.0000  0.0000 -0.0000  0.0000  0.0000  0.6376  0.0000 -0.0000 -0.0000  0.0112 -0.0000 -0.0000  0.0000  0.5363 -0.0000 -0.5342 -0.0000 -0.0000  0.0000 -0.0106 -0.0000


 Q=  0.084717  0.000000 -0.084717, q=  0.333333  0.000000 -0.333333

                       Ti X   0        Ti Y   0        Ti Z   0        Pb X   1        Pb Y   1        Pb Z   1         O X   2         O Y   2         O Z   2         O X   3         O Y   3         O Z   3         O X   4         O Y   4         O Z   4     
                    --------------- --------------- --------------- --------------- --------------- --------------- --------------- --------------- --------------- --------------- --------------- --------------- --------------- --------------- ---------------
    0   1.1322 THz   0.1391  0.0000  0.0000  0.0000  0.1131 -0.0000  0.5942 -0.0000  0.0000  0.0000  0.7731 -0.0000 -0.0796  0.0000 -0.0000  0.0000 -0.0552  0.0000 -0.0581  0.0000 -0.0000 -0.0000 -0.0123  0.0000 -0.0174 -0.0000 -0.0000  0.0000 -0.0631 -0.0000
    1   1.3174 THz  -0.0000  0.0000  0.4451  0.0040 -0.0000 -0.0000 -0.0000 -0.0000  0.8929  0.0079 -0.0000 -0.0000 -0.0000 -0.0000 -0.0242 -0.0002 -0.0000  0.0000  0.0000  0.0000 -0.0456 -0.0004  0.0000  0.0000  0.0000 -0.0000 -0.0425 -0.0004 -0.0000 -0.0000
    2   2.0109 THz   0.0995  0.0000  0.0000  0.0000 -0.1391  0.0000 -0.7782  0.0000  0.0000  0.0000  0.6000 -0.0000 -0.0466  0.0000 -0.0000 -0.0000  0.0430 -0.0000  0.0283 -0.0000 -0.0000  0.0000  0.0096 -0.0000 -0.0085 -0.0000 -0.0000  0.0000 -0.0110 -0.0000
    3   2.4584 THz  -0.0000  0.0000  0.8928  0.0189  0.0000  0.0000  0.0000  0.0000 -0.4479 -0.0095 -0.0000  0.0000 -0.0000 -0.0000 -0.0330 -0.0007 -0.0000 -0.0000 -0.0000 -0.0000 -0.0195 -0.0004 -0.0000 -0.0000 -0.0000 -0.0000 -0.0204 -0.0004 -0.0000 -0.0000
    4   5.2696 THz   0.1497  0.0000  0.0000  0.0000  0.1398  0.0000  0.0435 -0.0000  0.0000 -0.0000  0.0484 -0.0000  0.1259  0.0000 -0.0000 -0.0000  0.0938  0.0000  0.6603 -0.0000 -0.0000 -0.0000  0.0989 -0.0000  0.1007  0.0000 -0.0000 -0.0000  0.6879  0.0000
    5   7.3638 THz  -0.2695  0.0000 -0.0000  0.0000 -0.3031 -0.0000  0.0189 -0.0000 -0.0000  0.0000 -0.0038 -0.0000 -0.5758 -0.0000 -0.0000  0.0000 -0.6511 -0.0000  0.1744 -0.0000 -0.0000  0.0000 -0.1020  0.0000 -0.0917 -0.0000 -0.0000  0.0000  0.1742  0.0000
    6   7.9342 THz  -0.4347  0.0000 -0.0000  0.0000  0.3789  0.0000 -0.0327 -0.0000  0.0000  0.0000  0.0290 -0.0000 -0.5947 -0.0000  0.0000  0.0000  0.5422  0.0000  0.0256 -0.0000  0.0000  0.0000  0.0885 -0.0000 -0.0930 -0.0000  0.0000  0.0000  0.0289  0.0000
    7   8.1246 THz   0.0000  0.0000  0.0623  0.0192 -0.0000 -0.0000  0.0000  0.0000  0.0401  0.0124 -0.0000 -0.0000  0.0000 -0.0000  0.4029  0.1245 -0.0000 -0.0000  0.0000  0.0000  0.6029  0.1862 -0.0000 -0.0000  0.0000  0.0000  0.6177  0.1908  0.0000  0.0000
    8   9.3842 THz   0.0000  0.0000  0.0011 -0.0003 -0.0000 -0.0000 -0.0000 -0.0000  0.0026 -0.0006 -0.0000 -0.0000 -0.0000  0.0000  0.0065 -0.0015  0.0000 -0.0000  0.0000 -0.0000  0.6948 -0.1613 -0.0000  0.0000 -0.0000  0.0000 -0.6827  0.1585  0.0000 -0.0000
    9  10.7332 THz   0.6981  0.0000 -0.0000  0.0000  0.4903 -0.0000 -0.1158  0.0000 -0.0000 -0.0000 -0.1728  0.0000 -0.3722 -0.0000 -0.0000  0.0000 -0.1791  0.0000  0.0502 -0.0000  0.0000 -0.0000 -0.1430  0.0000 -0.1122 -0.0000  0.0000 -0.0000 -0.1508 -0.0000
   10  11.0358 THz   0.2804  0.0000  0.0000 -0.0000 -0.5846  0.0000  0.1428 -0.0000  0.0000  0.0000 -0.0696  0.0000 -0.2552  0.0000  0.0000 -0.0000  0.3900 -0.0000  0.4278 -0.0000 -0.0000 -0.0000 -0.0334  0.0000  0.1115  0.0000 -0.0000 -0.0000 -0.3750 -0.0000
   11  13.9827 THz   0.3154  0.0000 -0.0000  0.0000 -0.3284 -0.0000  0.0538 -0.0000  0.0000 -0.0000 -0.0551 -0.0000 -0.2464 -0.0000 -0.0000  0.0000  0.2415 -0.0000 -0.5781  0.0000  0.0000 -0.0000 -0.0827  0.0000  0.0736  0.0000  0.0000 -0.0000  0.5668  0.0000
   12  13.9993 THz   0.0000  0.0000  0.0140 -0.0012 -0.0000  0.0000 -0.0000  0.0000 -0.0120  0.0010 -0.0000 -0.0000 -0.0000 -0.0000  0.9027 -0.0743 -0.0000 -0.0000 -0.0000  0.0000 -0.3000  0.0247 -0.0000  0.0000  0.0000  0.0000 -0.2967  0.0244  0.0000 -0.0000
   13  15.2792 THz   0.0578  0.0000  0.0000 -0.0000  0.0640 -0.0000 -0.0199  0.0000 -0.0000 -0.0000 -0.0198  0.0000 -0.1610  0.0000 -0.0000  0.0000 -0.1602  0.0000 -0.0922  0.0000  0.0000 -0.0000  0.6785 -0.0000  0.6818  0.0000  0.0000 -0.0000 -0.0804 -0.0000
   14  22.6778 THz   0.1338  0.0000  0.0000 -0.0000 -0.1374 -0.0000  0.0308 -0.0000 -0.0000 -0.0000 -0.0318 -0.0000  0.0115 -0.0000  0.0000  0.0000 -0.0124 -0.0000 -0.0210  0.0000  0.0000 -0.0000  0.6949 -0.0000 -0.6908 -0.0000  0.0000  0.0000  0.0200  0.0000
