
Used Primitive lattice vector

   -1.632759000000      1.632759000000      1.632759000000  
    1.632759000000     -1.632759000000      1.632759000000  
    1.632759000000      1.632759000000     -1.632759000000  

   1 Atom(s) in the Primitive cell

 0.0000000000 0.0000000000 0.0000000000 Ta    0


 Q= -0.306230 -0.306230 -0.306230, q= -0.500000 -0.500000 -0.500000

                       Ta X   0        Ta Y   0        Ta Z   0     
                    --------------- --------------- ---------------
    0   5.3293 THz   1.0000  0.0000  0.0000  0.0000  0.0000  0.0000
    1   5.3293 THz   0.0000  0.0000 -0.1001 -0.6081  0.5003 -0.6081
    2   5.3293 THz   0.0000  0.0000 -0.4331 -0.6577 -0.1639  0.5941


 Q= -0.229673 -0.229673 -0.306230, q= -0.500000 -0.500000 -0.250000

                       Ta X   0        Ta Y   0        Ta Z   0     
                    --------------- --------------- ---------------
    0   3.5466 THz   0.7071  0.0000  0.7071 -0.0000  0.0000 -0.0000
    1   4.7320 THz   0.7071  0.0000 -0.7071  0.0000 -0.0000  0.0000
    2   4.8263 THz   0.0000  0.0000 -0.0000  0.0000 -0.6413 -0.7673


 Q= -0.153115 -0.153115 -0.306230, q= -0.500000 -0.500000  0.000000

                       Ta X   0        Ta Y   0        Ta Z   0     
                    --------------- --------------- ---------------
    0   3.1813 THz   0.7071  0.0000  0.7071  0.0000 -0.0000  0.0000
    1   4.5469 THz   0.0000  0.0000 -0.0000 -0.0000 -0.8604 -0.5096
    2   4.8673 THz   0.7071  0.0000 -0.7071 -0.0000  0.0000 -0.0000


 Q= -0.076558 -0.076558 -0.306230, q= -0.500000 -0.500000  0.250000

                       Ta X   0        Ta Y   0        Ta Z   0     
                    --------------- --------------- ---------------
    0   3.5466 THz   0.7071  0.0000  0.7071 -0.0000 -0.0000 -0.0000
    1   4.7320 THz   0.7071  0.0000 -0.7071  0.0000  0.0000  0.0000
    2   4.8263 THz   0.0000  0.0000 -0.0000  0.0000 -0.9516  0.3073


 Q= -0.229673 -0.306230 -0.229673, q= -0.500000 -0.250000 -0.500000

                       Ta X   0        Ta Y   0        Ta Z   0     
                    --------------- --------------- ---------------
    0   3.5466 THz   0.7071  0.0000  0.0000 -0.0000  0.7071 -0.0000
    1   4.7320 THz   0.7071  0.0000 -0.0000  0.0000 -0.7071  0.0000
    2   4.8263 THz   0.0000  0.0000  0.9865 -0.1637 -0.0000  0.0000


 Q= -0.153115 -0.229673 -0.229673, q= -0.500000 -0.250000 -0.250000

                       Ta X   0        Ta Y   0        Ta Z   0     
                    --------------- --------------- ---------------
    0   3.1038 THz  -0.6733  0.0000 -0.5228 -0.0000 -0.5228 -0.0000
    1   3.2784 THz   0.0000  0.0000  0.5229  0.4760 -0.5229 -0.4760
    2   4.8213 THz   0.7393  0.0000 -0.4761 -0.0000 -0.4761 -0.0000


 Q= -0.076558 -0.153115 -0.229673, q= -0.500000 -0.250000  0.000000

                       Ta X   0        Ta Y   0        Ta Z   0     
                    --------------- --------------- ---------------
    0   3.1038 THz   0.5228  0.0000  0.6733  0.0000 -0.5228 -0.0000
    1   3.2784 THz   0.7071  0.0000  0.0000 -0.0000  0.7071 -0.0000
    2   4.8213 THz  -0.4761  0.0000  0.7393 -0.0000  0.4761 -0.0000


 Q=  0.000000 -0.076558 -0.229673, q= -0.500000 -0.250000  0.250000

                       Ta X   0        Ta Y   0        Ta Z   0     
                    --------------- --------------- ---------------
    0   3.5466 THz   0.0000  0.0000  0.4347  0.5577 -0.4347 -0.5577
    1   4.7320 THz   0.0000  0.0000 -0.7037 -0.0693 -0.7037 -0.0693
    2   4.8263 THz   1.0000  0.0000  0.0000  0.0000  0.0000  0.0000


 Q= -0.153115 -0.306230 -0.153115, q= -0.500000  0.000000 -0.500000

                       Ta X   0        Ta Y   0        Ta Z   0     
                    --------------- --------------- ---------------
    0   3.1813 THz   0.7071  0.0000  0.0000  0.0000  0.7071  0.0000
    1   4.5469 THz   0.0000  0.0000  0.9767 -0.2147  0.0000  0.0000
    2   4.8673 THz   0.7071  0.0000  0.0000 -0.0000 -0.7071 -0.0000


 Q= -0.076558 -0.229673 -0.153115, q= -0.500000  0.000000 -0.250000

                       Ta X   0        Ta Y   0        Ta Z   0     
                    --------------- --------------- ---------------
    0   3.1038 THz   0.5228  0.0000 -0.5228 -0.0000  0.6733  0.0000
    1   3.2784 THz  -0.7071  0.0000 -0.7071 -0.0000  0.0000  0.0000
    2   4.8213 THz  -0.4761  0.0000  0.4761 -0.0000  0.7393 -0.0000


 Q=  0.000000 -0.153115 -0.153115, q= -0.500000  0.000000  0.000000

                       Ta X   0        Ta Y   0        Ta Z   0     
                    --------------- --------------- ---------------
    0   3.1813 THz   0.0000  0.0000 -0.7071  0.0000  0.7071  0.0000
    1   4.5469 THz   1.0000  0.0000  0.0000  0.0000  0.0000  0.0000
    2   4.8673 THz   0.0000  0.0000 -0.7071 -0.0000 -0.7071 -0.0000


 Q=  0.076558 -0.076558 -0.153115, q= -0.500000  0.000000  0.250000

                       Ta X   0        Ta Y   0        Ta Z   0     
                    --------------- --------------- ---------------
    0   3.1038 THz   0.5228  0.0000 -0.5228  0.0000  0.6733 -0.0000
    1   3.2784 THz  -0.7071  0.0000 -0.7071  0.0000  0.0000 -0.0000
    2   4.8213 THz  -0.4761  0.0000  0.4761 -0.0000  0.7393 -0.0000


 Q= -0.076558 -0.306230 -0.076558, q= -0.500000  0.250000 -0.500000

                       Ta X   0        Ta Y   0        Ta Z   0     
                    --------------- --------------- ---------------
    0   3.5466 THz   0.7071  0.0000 -0.0000 -0.0000  0.7071 -0.0000
    1   4.7320 THz   0.7071  0.0000  0.0000  0.0000 -0.7071  0.0000
    2   4.8263 THz   0.0000  0.0000 -0.2376 -0.9714 -0.0000 -0.0000


 Q=  0.000000 -0.229673 -0.076558, q= -0.500000  0.250000 -0.250000

                       Ta X   0        Ta Y   0        Ta Z   0     
                    --------------- --------------- ---------------
    0   3.5466 THz   0.0000  0.0000  0.4793 -0.5199 -0.4793  0.5199
    1   4.7320 THz   0.0000  0.0000  0.7057 -0.0451  0.7057 -0.0451
    2   4.8263 THz   1.0000  0.0000  0.0000  0.0000  0.0000  0.0000


 Q=  0.076558 -0.153115 -0.076558, q= -0.500000  0.250000  0.000000

                       Ta X   0        Ta Y   0        Ta Z   0     
                    --------------- --------------- ---------------
    0   3.1038 THz   0.5228  0.0000  0.6733  0.0000 -0.5228 -0.0000
    1   3.2784 THz   0.7071  0.0000  0.0000 -0.0000  0.7071  0.0000
    2   4.8213 THz  -0.4761  0.0000  0.7393 -0.0000  0.4761 -0.0000


 Q=  0.153115 -0.076558 -0.076558, q= -0.500000  0.250000  0.250000

                       Ta X   0        Ta Y   0        Ta Z   0     
                    --------------- --------------- ---------------
    0   3.1038 THz   0.6733  0.0000  0.5228  0.0000  0.5228 -0.0000
    1   3.2784 THz   0.0000  0.0000  0.7071 -0.0089 -0.7071  0.0089
    2   4.8213 THz  -0.7393 -0.0000  0.4761 -0.0000  0.4761 -0.0000


 Q= -0.306230 -0.229673 -0.229673, q= -0.250000 -0.500000 -0.500000

                       Ta X   0        Ta Y   0        Ta Z   0     
                    --------------- --------------- ---------------
    0   3.5466 THz   0.0000  0.0000 -0.5583  0.4339 -0.5583  0.4339
    1   4.7320 THz   0.0000  0.0000  0.6909 -0.1506 -0.6909  0.1506
    2   4.8263 THz   1.0000  0.0000  0.0000  0.0000  0.0000  0.0000


 Q= -0.229673 -0.153115 -0.229673, q= -0.250000 -0.500000 -0.250000

                       Ta X   0        Ta Y   0        Ta Z   0     
                    --------------- --------------- ---------------
    0   3.1038 THz   0.5228  0.0000  0.6733  0.0000  0.5228  0.0000
    1   3.2784 THz  -0.7071  0.0000 -0.0000  0.0000  0.7071  0.0000
    2   4.8213 THz  -0.4761  0.0000  0.7393 -0.0000 -0.4761  0.0000


 Q= -0.153115 -0.076558 -0.229673, q= -0.250000 -0.500000  0.000000

                       Ta X   0        Ta Y   0        Ta Z   0     
                    --------------- --------------- ---------------
    0   3.1038 THz  -0.6733  0.0000 -0.5228  0.0000  0.5228 -0.0000
    1   3.2784 THz   0.0000  0.0000 -0.6906 -0.1519 -0.6906 -0.1519
    2   4.8213 THz   0.7393  0.0000 -0.4761  0.0000  0.4761 -0.0000


 Q= -0.076558  0.000000 -0.229673, q= -0.250000 -0.500000  0.250000

                       Ta X   0        Ta Y   0        Ta Z   0     
                    --------------- --------------- ---------------
    0   3.5466 THz  -0.7071  0.0000  0.0000 -0.0000  0.7071  0.0000
    1   4.7320 THz   0.7071  0.0000  0.0000 -0.0000  0.7071  0.0000
    2   4.8263 THz   0.0000  0.0000 -0.9840  0.1781  0.0000  0.0000


 Q= -0.229673 -0.229673 -0.153115, q= -0.250000 -0.250000 -0.500000

                       Ta X   0        Ta Y   0        Ta Z   0     
                    --------------- --------------- ---------------
    0   3.1038 THz   0.5228  0.0000  0.5228  0.0000  0.6733  0.0000
    1   3.2784 THz  -0.7071  0.0000  0.7071  0.0000 -0.0000  0.0000
    2   4.8213 THz   0.4761  0.0000  0.4761 -0.0000 -0.7393  0.0000


 Q= -0.153115 -0.153115 -0.153115, q= -0.250000 -0.250000 -0.250000

                       Ta X   0        Ta Y   0        Ta Z   0     
                    --------------- --------------- ---------------
    0   4.2141 THz   1.0000  0.0000  0.0000  0.0000  0.0000  0.0000
    1   4.2141 THz   0.0000  0.0000 -0.3758 -0.4937 -0.6683 -0.4104
    2   4.2141 THz   0.0000  0.0000  0.4422 -0.6477 -0.1412  0.6042


 Q= -0.076558 -0.076558 -0.153115, q= -0.250000 -0.250000  0.000000

                       Ta X   0        Ta Y   0        Ta Z   0     
                    --------------- --------------- ---------------
    0   3.1038 THz   0.5228  0.0000  0.5228  0.0000 -0.6733 -0.0000
    1   3.2784 THz   0.7071  0.0000 -0.7071 -0.0000  0.0000  0.0000
    2   4.8213 THz   0.4761  0.0000  0.4761 -0.0000  0.7393 -0.0000


 Q=  0.000000  0.000000 -0.153115, q= -0.250000 -0.250000  0.250000

                       Ta X   0        Ta Y   0        Ta Z   0     
                    --------------- --------------- ---------------
    0   3.2515 THz   1.0000  0.0000  0.0000  0.0000  0.0000  0.0000
    1   3.2515 THz   0.0000  0.0000 -0.2754 -0.9613  0.0000 -0.0000
    2   4.8004 THz   0.0000  0.0000 -0.0000 -0.0000  0.6372  0.7707


 Q= -0.153115 -0.229673 -0.076558, q= -0.250000  0.000000 -0.500000

                       Ta X   0        Ta Y   0        Ta Z   0     
                    --------------- --------------- ---------------
    0   3.1038 THz   0.6733  0.0000 -0.5228 -0.0000  0.5228 -0.0000
    1   3.2784 THz   0.0000  0.0000 -0.7000 -0.0999 -0.7000 -0.0999
    2   4.8213 THz   0.7393  0.0000  0.4761  0.0000 -0.4761  0.0000


 Q= -0.076558 -0.153115 -0.076558, q= -0.250000  0.000000 -0.250000

                       Ta X   0        Ta Y   0        Ta Z   0     
                    --------------- --------------- ---------------
    0   3.1038 THz   0.5228  0.0000 -0.6733 -0.0000  0.5228  0.0000
    1   3.2784 THz  -0.7071  0.0000 -0.0000 -0.0000  0.7071  0.0000
    2   4.8213 THz   0.4761  0.0000  0.7393 -0.0000  0.4761 -0.0000


 Q=  0.000000 -0.076558 -0.076558, q= -0.250000  0.000000  0.000000

                       Ta X   0        Ta Y   0        Ta Z   0     
                    --------------- --------------- ---------------
    0   2.1557 THz   0.0000  0.0000  0.4701 -0.5283 -0.4701  0.5283
    1   2.4367 THz   1.0000  0.0000  0.0000  0.0000  0.0000  0.0000
    2   3.7418 THz   0.0000  0.0000  0.7070 -0.0123  0.7070 -0.0123


 Q=  0.076558  0.000000 -0.076558, q= -0.250000  0.000000  0.250000

                       Ta X   0        Ta Y   0        Ta Z   0     
                    --------------- --------------- ---------------
    0   2.1557 THz   0.7071  0.0000  0.0000 -0.0000  0.7071 -0.0000
    1   2.4367 THz   0.0000  0.0000 -0.1694 -0.9856  0.0000  0.0000
    2   3.7418 THz  -0.7071  0.0000  0.0000 -0.0000  0.7071 -0.0000


 Q= -0.076558 -0.229673  0.000000, q= -0.250000  0.250000 -0.500000

                       Ta X   0        Ta Y   0        Ta Z   0     
                    --------------- --------------- ---------------
    0   3.5466 THz   0.7071  0.0000 -0.7071  0.0000 -0.0000  0.0000
    1   4.7320 THz  -0.7071  0.0000 -0.7071  0.0000 -0.0000  0.0000
    2   4.8263 THz   0.0000  0.0000  0.0000  0.0000 -0.9869 -0.1612


 Q=  0.000000 -0.153115  0.000000, q= -0.250000  0.250000 -0.250000

                       Ta X   0        Ta Y   0        Ta Z   0     
                    --------------- --------------- ---------------
    0   3.2515 THz   1.0000  0.0000  0.0000  0.0000  0.0000  0.0000
    1   3.2515 THz   0.0000  0.0000  0.0000 -0.0000  0.8728 -0.4880
    2   4.8004 THz   0.0000  0.0000 -0.6613  0.7501  0.0000 -0.0000


 Q=  0.076558 -0.076558  0.000000, q= -0.250000  0.250000  0.000000

                       Ta X   0        Ta Y   0        Ta Z   0     
                    --------------- --------------- ---------------
    0   2.1557 THz   0.7071  0.0000  0.7071 -0.0000 -0.0000  0.0000
    1   2.4367 THz   0.0000  0.0000 -0.0000  0.0000 -0.3823  0.9240
    2   3.7418 THz   0.7071  0.0000 -0.7071  0.0000  0.0000 -0.0000


 Q=  0.153115  0.000000  0.000000, q= -0.250000  0.250000  0.250000

                       Ta X   0        Ta Y   0        Ta Z   0     
                    --------------- --------------- ---------------
    0   3.2515 THz   0.0000  0.0000 -0.6693 -0.0735  0.6698 -0.3131
    1   3.2515 THz   0.0000  0.0000 -0.6958 -0.2500 -0.6597  0.1348
    2   4.8004 THz   1.0000  0.0000  0.0000  0.0000  0.0000  0.0000


 Q= -0.306230 -0.153115 -0.153115, q=  0.000000 -0.500000 -0.500000

                       Ta X   0        Ta Y   0        Ta Z   0     
                    --------------- --------------- ---------------
    0   3.1813 THz   0.0000  0.0000 -0.2750  0.6514 -0.2750  0.6514
    1   4.5469 THz   1.0000  0.0000  0.0000  0.0000  0.0000  0.0000
    2   4.8673 THz   0.0000  0.0000  0.7071  0.0000 -0.7071 -0.0000


 Q= -0.229673 -0.076558 -0.153115, q=  0.000000 -0.500000 -0.250000

                       Ta X   0        Ta Y   0        Ta Z   0     
                    --------------- --------------- ---------------
    0   3.1038 THz   0.5228  0.0000 -0.5228 -0.0000 -0.6733 -0.0000
    1   3.2784 THz   0.7071  0.0000  0.7071  0.0000 -0.0000  0.0000
    2   4.8213 THz  -0.4761  0.0000  0.4761 -0.0000 -0.7393  0.0000


 Q= -0.153115  0.000000 -0.153115, q=  0.000000 -0.500000  0.000000

                       Ta X   0        Ta Y   0        Ta Z   0     
                    --------------- --------------- ---------------
    0   3.1813 THz  -0.7071  0.0000 -0.0000  0.0000  0.7071  0.0000
    1   4.5469 THz   0.0000  0.0000 -1.0000 -0.0000 -0.0000 -0.0000
    2   4.8673 THz   0.7071  0.0000 -0.0000  0.0000  0.7071  0.0000


 Q= -0.076558  0.076558 -0.153115, q=  0.000000 -0.500000  0.250000

                       Ta X   0        Ta Y   0        Ta Z   0     
                    --------------- --------------- ---------------
    0   3.1038 THz   0.5228  0.0000 -0.5228 -0.0000 -0.6733 -0.0000
    1   3.2784 THz   0.7071  0.0000  0.7071  0.0000  0.0000  0.0000
    2   4.8213 THz  -0.4761  0.0000  0.4761  0.0000 -0.7393 -0.0000


 Q= -0.229673 -0.153115 -0.076558, q=  0.000000 -0.250000 -0.500000

                       Ta X   0        Ta Y   0        Ta Z   0     
                    --------------- --------------- ---------------
    0   3.1038 THz   0.5228  0.0000 -0.6733 -0.0000 -0.5228 -0.0000
    1   3.2784 THz   0.7071  0.0000  0.0000  0.0000  0.7071  0.0000
    2   4.8213 THz   0.4761  0.0000  0.7393 -0.0000 -0.4761  0.0000


 Q= -0.153115 -0.076558 -0.076558, q=  0.000000 -0.250000 -0.250000

                       Ta X   0        Ta Y   0        Ta Z   0     
                    --------------- --------------- ---------------
    0   3.1038 THz   0.6733  0.0000 -0.5228  0.0000 -0.5228  0.0000
    1   3.2784 THz   0.0000  0.0000  0.6898  0.1554 -0.6898 -0.1554
    2   4.8213 THz   0.7393  0.0000  0.4761 -0.0000  0.4761 -0.0000


 Q= -0.076558  0.000000 -0.076558, q=  0.000000 -0.250000  0.000000

                       Ta X   0        Ta Y   0        Ta Z   0     
                    --------------- --------------- ---------------
    0   2.1557 THz   0.7071  0.0000  0.0000 -0.0000 -0.7071 -0.0000
    1   2.4367 THz   0.0000  0.0000 -0.9928 -0.1202  0.0000 -0.0000
    2   3.7418 THz   0.7071  0.0000  0.0000  0.0000  0.7071  0.0000


 Q=  0.000000  0.076558 -0.076558, q=  0.000000 -0.250000  0.250000

                       Ta X   0        Ta Y   0        Ta Z   0     
                    --------------- --------------- ---------------
    0   2.1557 THz   0.0000  0.0000 -0.3947 -0.5867 -0.3947 -0.5867
    1   2.4367 THz   1.0000  0.0000  0.0000  0.0000  0.0000  0.0000
    2   3.7418 THz   0.0000  0.0000 -0.0561 -0.7049  0.0561  0.7049


 Q= -0.153115 -0.153115  0.000000, q=  0.000000  0.000000 -0.500000

                       Ta X   0        Ta Y   0        Ta Z   0     
                    --------------- --------------- ---------------
    0   3.1813 THz   0.7071  0.0000 -0.7071 -0.0000 -0.0000 -0.0000
    1   4.5469 THz   0.0000  0.0000  0.0000  0.0000 -1.0000 -0.0000
    2   4.8673 THz  -0.7071  0.0000 -0.7071 -0.0000 -0.0000 -0.0000


 Q= -0.076558 -0.076558  0.000000, q=  0.000000  0.000000 -0.250000

                       Ta X   0        Ta Y   0        Ta Z   0     
                    --------------- --------------- ---------------
    0   2.1557 THz   0.7071  0.0000 -0.7071 -0.0000 -0.0000 -0.0000
    1   2.4367 THz   0.0000  0.0000  0.0000  0.0000 -0.2704 -0.9627
    2   3.7418 THz  -0.7071  0.0000 -0.7071 -0.0000 -0.0000 -0.0000


 Q=  0.000000  0.000000  0.000000, q=  0.000000  0.000000  0.000000

                       Ta X   0        Ta Y   0        Ta Z   0     
                    --------------- --------------- ---------------
    0   0.0000 THz   0.9715  0.0000 -0.2130  0.0000  0.1039  0.0000
    1  -0.0000 THz  -0.2254  0.0000 -0.9658  0.0000  0.1282  0.0000
    2  -0.0000 THz   0.0730  0.0000 -0.1479  0.0000 -0.9863  0.0000


 Q=  0.076558  0.076558  0.000000, q=  0.000000  0.000000  0.250000

                       Ta X   0        Ta Y   0        Ta Z   0     
                    --------------- --------------- ---------------
    0   2.1557 THz   0.7071  0.0000 -0.7071  0.0000 -0.0000  0.0000
    1   2.4367 THz   0.0000  0.0000  0.0000 -0.0000 -0.2704  0.9627
    2   3.7418 THz  -0.7071  0.0000 -0.7071  0.0000 -0.0000  0.0000


 Q= -0.076558 -0.153115  0.076558, q=  0.000000  0.250000 -0.500000

                       Ta X   0        Ta Y   0        Ta Z   0     
                    --------------- --------------- ---------------
    0   3.1038 THz   0.5228  0.0000 -0.6733 -0.0000 -0.5228 -0.0000
    1   3.2784 THz   0.7071  0.0000 -0.0000  0.0000  0.7071  0.0000
    2   4.8213 THz   0.4761  0.0000  0.7393  0.0000 -0.4761  0.0000


 Q=  0.000000 -0.076558  0.076558, q=  0.000000  0.250000 -0.250000

                       Ta X   0        Ta Y   0        Ta Z   0     
                    --------------- --------------- ---------------
    0   2.1557 THz   0.0000  0.0000 -0.3947  0.5867 -0.3947  0.5867
    1   2.4367 THz   1.0000  0.0000  0.0000  0.0000  0.0000  0.0000
    2   3.7418 THz   0.0000  0.0000 -0.0561  0.7049  0.0561 -0.7049


 Q=  0.076558  0.000000  0.076558, q=  0.000000  0.250000  0.000000

                       Ta X   0        Ta Y   0        Ta Z   0     
                    --------------- --------------- ---------------
    0   2.1557 THz   0.7071  0.0000  0.0000  0.0000 -0.7071  0.0000
    1   2.4367 THz   0.0000  0.0000 -0.9928  0.1202  0.0000  0.0000
    2   3.7418 THz   0.7071  0.0000  0.0000 -0.0000  0.7071 -0.0000


 Q=  0.153115  0.076558  0.076558, q=  0.000000  0.250000  0.250000

                       Ta X   0        Ta Y   0        Ta Z   0     
                    --------------- --------------- ---------------
    0   3.1038 THz   0.6733  0.0000 -0.5228 -0.0000 -0.5228 -0.0000
    1   3.2784 THz   0.0000  0.0000  0.6898 -0.1554 -0.6898  0.1554
    2   4.8213 THz   0.7393  0.0000  0.4761  0.0000  0.4761  0.0000


 Q= -0.306230 -0.076558 -0.076558, q=  0.250000 -0.500000 -0.500000

                       Ta X   0        Ta Y   0        Ta Z   0     
                    --------------- --------------- ---------------
    0   3.5466 THz   0.0000  0.0000 -0.4540 -0.5421 -0.4540 -0.5421
    1   4.7320 THz   0.0000  0.0000  0.6966  0.1215 -0.6966 -0.1215
    2   4.8263 THz   1.0000  0.0000  0.0000  0.0000  0.0000  0.0000


 Q= -0.229673  0.000000 -0.076558, q=  0.250000 -0.500000 -0.250000

                       Ta X   0        Ta Y   0        Ta Z   0     
                    --------------- --------------- ---------------
    0   3.5466 THz   0.7071  0.0000  0.0000 -0.0000 -0.7071 -0.0000
    1   4.7320 THz  -0.7071  0.0000  0.0000 -0.0000 -0.7071 -0.0000
    2   4.8263 THz   0.0000  0.0000  0.7578 -0.6525  0.0000  0.0000


 Q= -0.153115  0.076558 -0.076558, q=  0.250000 -0.500000  0.000000

                       Ta X   0        Ta Y   0        Ta Z   0     
                    --------------- --------------- ---------------
    0   3.1038 THz  -0.6733  0.0000 -0.5228  0.0000  0.5228  0.0000
    1   3.2784 THz   0.0000  0.0000 -0.6440 -0.2920 -0.6440 -0.2920
    2   4.8213 THz   0.7393  0.0000 -0.4761  0.0000  0.4761  0.0000


 Q= -0.076558  0.153115 -0.076558, q=  0.250000 -0.500000  0.250000

                       Ta X   0        Ta Y   0        Ta Z   0     
                    --------------- --------------- ---------------
    0   3.1038 THz   0.5228  0.0000  0.6733  0.0000  0.5228  0.0000
    1   3.2784 THz  -0.7071  0.0000 -0.0000  0.0000  0.7071  0.0000
    2   4.8213 THz  -0.4761  0.0000  0.7393 -0.0000 -0.4761  0.0000


 Q= -0.229673 -0.076558  0.000000, q=  0.250000 -0.250000 -0.500000

                       Ta X   0        Ta Y   0        Ta Z   0     
                    --------------- --------------- ---------------
    0   3.5466 THz   0.7071  0.0000 -0.7071 -0.0000 -0.0000 -0.0000
    1   4.7320 THz  -0.7071  0.0000 -0.7071 -0.0000 -0.0000 -0.0000
    2   4.8263 THz   0.0000  0.0000  0.0000 -0.0000 -0.9495  0.3137


 Q= -0.153115  0.000000  0.000000, q=  0.250000 -0.250000 -0.250000

                       Ta X   0        Ta Y   0        Ta Z   0     
                    --------------- --------------- ---------------
    0   3.2515 THz   0.0000  0.0000 -0.6693  0.0735  0.6698  0.3131
    1   3.2515 THz   0.0000  0.0000 -0.6958  0.2500 -0.6597 -0.1348
    2   4.8004 THz   1.0000  0.0000  0.0000  0.0000  0.0000  0.0000


 Q= -0.076558  0.076558  0.000000, q=  0.250000 -0.250000  0.000000

                       Ta X   0        Ta Y   0        Ta Z   0     
                    --------------- --------------- ---------------
    0   2.1557 THz   0.7071  0.0000  0.7071  0.0000 -0.0000 -0.0000
    1   2.4367 THz   0.0000  0.0000 -0.0000 -0.0000 -0.3823 -0.9240
    2   3.7418 THz   0.7071  0.0000 -0.7071 -0.0000  0.0000  0.0000


 Q=  0.000000  0.153115  0.000000, q=  0.250000 -0.250000  0.250000

                       Ta X   0        Ta Y   0        Ta Z   0     
                    --------------- --------------- ---------------
    0   3.2515 THz   1.0000  0.0000  0.0000  0.0000  0.0000  0.0000
    1   3.2515 THz   0.0000  0.0000  0.0000  0.0000  0.8728  0.4880
    2   4.8004 THz   0.0000  0.0000 -0.6613 -0.7501  0.0000  0.0000


 Q= -0.153115 -0.076558  0.076558, q=  0.250000  0.000000 -0.500000

                       Ta X   0        Ta Y   0        Ta Z   0     
                    --------------- --------------- ---------------
    0   3.1038 THz   0.6733  0.0000 -0.5228 -0.0000  0.5228 -0.0000
    1   3.2784 THz   0.0000  0.0000 -0.7071  0.0008 -0.7071  0.0008
    2   4.8213 THz   0.7393  0.0000  0.4761  0.0000 -0.4761  0.0000


 Q= -0.076558  0.000000  0.076558, q=  0.250000  0.000000 -0.250000

                       Ta X   0        Ta Y   0        Ta Z   0     
                    --------------- --------------- ---------------
    0   2.1557 THz   0.7071  0.0000  0.0000  0.0000  0.7071  0.0000
    1   2.4367 THz   0.0000  0.0000 -0.1694  0.9856  0.0000  0.0000
    2   3.7418 THz  -0.7071  0.0000  0.0000  0.0000  0.7071  0.0000


 Q=  0.000000  0.076558  0.076558, q=  0.250000  0.000000  0.000000

                       Ta X   0        Ta Y   0        Ta Z   0     
                    --------------- --------------- ---------------
    0   2.1557 THz   0.0000  0.0000  0.4701  0.5283 -0.4701 -0.5283
    1   2.4367 THz   1.0000  0.0000  0.0000  0.0000  0.0000  0.0000
    2   3.7418 THz   0.0000  0.0000  0.7070  0.0123  0.7070  0.0123


 Q=  0.076558  0.153115  0.076558, q=  0.250000  0.000000  0.250000

                       Ta X   0        Ta Y   0        Ta Z   0     
                    --------------- --------------- ---------------
    0   3.1038 THz   0.5228  0.0000 -0.6733  0.0000  0.5228 -0.0000
    1   3.2784 THz  -0.7071  0.0000 -0.0000  0.0000  0.7071 -0.0000
    2   4.8213 THz   0.4761  0.0000  0.7393  0.0000  0.4761  0.0000


 Q= -0.076558 -0.076558  0.153115, q=  0.250000  0.250000 -0.500000

                       Ta X   0        Ta Y   0        Ta Z   0     
                    --------------- --------------- ---------------
    0   3.1038 THz   0.5228  0.0000  0.5228  0.0000  0.6733  0.0000
    1   3.2784 THz  -0.7071  0.0000  0.7071  0.0000 -0.0000  0.0000
    2   4.8213 THz   0.4761  0.0000  0.4761 -0.0000 -0.7393  0.0000


 Q=  0.000000  0.000000  0.153115, q=  0.250000  0.250000 -0.250000

                       Ta X   0        Ta Y   0        Ta Z   0     
                    --------------- --------------- ---------------
    0   3.2515 THz   1.0000  0.0000  0.0000  0.0000  0.0000  0.0000
    1   3.2515 THz   0.0000  0.0000 -0.2754  0.9613  0.0000  0.0000
    2   4.8004 THz   0.0000  0.0000 -0.0000  0.0000  0.6372 -0.7707


 Q=  0.076558  0.076558  0.153115, q=  0.250000  0.250000  0.000000

                       Ta X   0        Ta Y   0        Ta Z   0     
                    --------------- --------------- ---------------
    0   3.1038 THz   0.5228  0.0000  0.5228 -0.0000 -0.6733  0.0000
    1   3.2784 THz   0.7071  0.0000 -0.7071  0.0000  0.0000 -0.0000
    2   4.8213 THz   0.4761  0.0000  0.4761  0.0000  0.7393  0.0000


 Q=  0.153115  0.153115  0.153115, q=  0.250000  0.250000  0.250000

                       Ta X   0        Ta Y   0        Ta Z   0     
                    --------------- --------------- ---------------
    0   4.2141 THz   1.0000  0.0000  0.0000  0.0000  0.0000  0.0000
    1   4.2141 THz   0.0000  0.0000 -0.3758  0.4937 -0.6683  0.4104
    2   4.2141 THz   0.0000  0.0000  0.4422  0.6477 -0.1412 -0.6042
