
Used Primitive lattice vector

   -1.628364000000      1.628364000000      1.628364000000  
    1.628364000000     -1.628364000000      1.628364000000  
    1.628364000000      1.628364000000     -1.628364000000  

   1 Atom(s) in the Primitive cell

 0.0000000000 0.0000000000 0.0000000000  W    0


 Q= -0.307057 -0.307057 -0.307057, q= -0.500000 -0.500000 -0.500000

                        W X   0         W Y   0         W Z   0     
                    --------------- --------------- ---------------
    0   4.4739 THz   0.0000  0.0000 -0.2227  0.6706  0.2063 -0.6769
    1   4.4739 THz   0.0000  0.0000 -0.0529  0.7057 -0.0353  0.7057
    2   4.4739 THz   1.0000  0.0000  0.0000  0.0000  0.0000  0.0000


 Q= -0.230292 -0.230292 -0.307057, q= -0.500000 -0.500000 -0.250000

                        W X   0         W Y   0         W Z   0     
                    --------------- --------------- ---------------
    0   3.7702 THz   0.0000  0.0000  0.0000 -0.0000 -0.9102  0.4142
    1   5.0074 THz   0.7071  0.0000 -0.7071  0.0000 -0.0000 -0.0000
    2   5.1666 THz   0.7071  0.0000  0.7071 -0.0000  0.0000 -0.0000


 Q= -0.153528 -0.153528 -0.307057, q= -0.500000 -0.500000  0.000000

                        W X   0         W Y   0         W Z   0     
                    --------------- --------------- ---------------
    0   2.9540 THz   0.0000  0.0000 -0.0000 -0.0000 -0.8634  0.5046
    1   4.1926 THz   0.7071  0.0000  0.7071 -0.0000 -0.0000  0.0000
    2   5.4685 THz   0.7071  0.0000 -0.7071  0.0000  0.0000 -0.0000


 Q= -0.076764 -0.076764 -0.307057, q= -0.500000 -0.500000  0.250000

                        W X   0         W Y   0         W Z   0     
                    --------------- --------------- ---------------
    0   3.7702 THz  -0.0000  0.0000  0.0000  0.0000 -0.8732 -0.4873
    1   5.0074 THz   0.7071  0.0000 -0.7071  0.0000 -0.0000  0.0000
    2   5.1666 THz   0.7071  0.0000  0.7071 -0.0000 -0.0000 -0.0000


 Q= -0.230292 -0.307057 -0.230292, q= -0.500000 -0.250000 -0.500000

                        W X   0         W Y   0         W Z   0     
                    --------------- --------------- ---------------
    0   3.7702 THz  -0.0000  0.0000  0.9378 -0.3471  0.0000 -0.0000
    1   5.0074 THz   0.7071  0.0000  0.0000 -0.0000 -0.7071  0.0000
    2   5.1666 THz   0.7071  0.0000 -0.0000  0.0000  0.7071 -0.0000


 Q= -0.153528 -0.230292 -0.230292, q= -0.500000 -0.250000 -0.250000

                        W X   0         W Y   0         W Z   0     
                    --------------- --------------- ---------------
    0   4.0687 THz  -0.2443  0.0000 -0.6857  0.0000 -0.6857  0.0000
    1   4.3544 THz   0.0000  0.0000  0.6494 -0.2797 -0.6494  0.2797
    2   4.9035 THz   0.9697  0.0000 -0.1728  0.0000 -0.1728  0.0000


 Q= -0.076764 -0.153528 -0.230292, q= -0.500000 -0.250000  0.000000

                        W X   0         W Y   0         W Z   0     
                    --------------- --------------- ---------------
    0   4.0687 THz   0.6857  0.0000  0.2443  0.0000 -0.6857  0.0000
    1   4.3544 THz   0.7071  0.0000  0.0000  0.0000  0.7071 -0.0000
    2   4.9035 THz   0.1728  0.0000 -0.9697 -0.0000 -0.1728 -0.0000


 Q=  0.000000 -0.076764 -0.230292, q= -0.500000 -0.250000  0.250000

                        W X   0         W Y   0         W Z   0     
                    --------------- --------------- ---------------
    0   3.7702 THz   1.0000  0.0000  0.0000  0.0000  0.0000  0.0000
    1   5.0074 THz   0.0000  0.0000 -0.7020  0.0849 -0.7020  0.0849
    2   5.1666 THz   0.0000  0.0000  0.3059 -0.6375 -0.3059  0.6375


 Q= -0.153528 -0.307057 -0.153528, q= -0.500000  0.000000 -0.500000

                        W X   0         W Y   0         W Z   0     
                    --------------- --------------- ---------------
    0   2.9540 THz   0.0000  0.0000 -0.1925 -0.9813  0.0000  0.0000
    1   4.1926 THz   0.7071  0.0000  0.0000  0.0000  0.7071 -0.0000
    2   5.4685 THz   0.7071  0.0000  0.0000 -0.0000 -0.7071  0.0000


 Q= -0.076764 -0.230292 -0.153528, q= -0.500000  0.000000 -0.250000

                        W X   0         W Y   0         W Z   0     
                    --------------- --------------- ---------------
    0   4.0687 THz   0.6857  0.0000 -0.6857  0.0000  0.2443  0.0000
    1   4.3544 THz  -0.7071  0.0000 -0.7071  0.0000  0.0000 -0.0000
    2   4.9035 THz   0.1728  0.0000 -0.1728 -0.0000 -0.9697 -0.0000


 Q=  0.000000 -0.153528 -0.153528, q= -0.500000  0.000000  0.000000

                        W X   0         W Y   0         W Z   0     
                    --------------- --------------- ---------------
    0   2.9540 THz   1.0000  0.0000  0.0000  0.0000  0.0000  0.0000
    1   4.1926 THz   0.0000  0.0000  0.7071  0.0000 -0.7071 -0.0000
    2   5.4685 THz   0.0000  0.0000 -0.7071 -0.0000 -0.7071 -0.0000


 Q=  0.076764 -0.076764 -0.153528, q= -0.500000  0.000000  0.250000

                        W X   0         W Y   0         W Z   0     
                    --------------- --------------- ---------------
    0   4.0687 THz   0.6857  0.0000 -0.6857  0.0000  0.2443 -0.0000
    1   4.3544 THz  -0.7071  0.0000 -0.7071  0.0000  0.0000 -0.0000
    2   4.9035 THz   0.1728  0.0000 -0.1728 -0.0000 -0.9697 -0.0000


 Q= -0.076764 -0.307057 -0.076764, q= -0.500000  0.250000 -0.500000

                        W X   0         W Y   0         W Z   0     
                    --------------- --------------- ---------------
    0   3.7702 THz  -0.0000  0.0000 -0.2877 -0.9577 -0.0000 -0.0000
    1   5.0074 THz  -0.7071  0.0000 -0.0000  0.0000  0.7071 -0.0000
    2   5.1666 THz   0.7071  0.0000 -0.0000 -0.0000  0.7071 -0.0000


 Q=  0.000000 -0.230292 -0.076764, q= -0.500000  0.250000 -0.250000

                        W X   0         W Y   0         W Z   0     
                    --------------- --------------- ---------------
    0   3.7702 THz   1.0000  0.0000  0.0000  0.0000  0.0000  0.0000
    1   5.0074 THz   0.0000  0.0000 -0.6664 -0.2365 -0.6664 -0.2365
    2   5.1666 THz   0.0000  0.0000  0.0468  0.7056 -0.0468 -0.7056


 Q=  0.076764 -0.153528 -0.076764, q= -0.500000  0.250000  0.000000

                        W X   0         W Y   0         W Z   0     
                    --------------- --------------- ---------------
    0   4.0687 THz   0.6857  0.0000  0.2443 -0.0000 -0.6857  0.0000
    1   4.3544 THz   0.7071  0.0000  0.0000  0.0000  0.7071 -0.0000
    2   4.9035 THz   0.1728  0.0000 -0.9697 -0.0000 -0.1728 -0.0000


 Q=  0.153528 -0.076764 -0.076764, q= -0.500000  0.250000  0.250000

                        W X   0         W Y   0         W Z   0     
                    --------------- --------------- ---------------
    0   4.0687 THz  -0.2443  0.0000 -0.6857 -0.0000 -0.6857 -0.0000
    1   4.3544 THz   0.0000  0.0000  0.3579 -0.6098 -0.3579  0.6098
    2   4.9035 THz   0.9697  0.0000 -0.1728 -0.0000 -0.1728 -0.0000


 Q= -0.307057 -0.230292 -0.230292, q= -0.250000 -0.500000 -0.500000

                        W X   0         W Y   0         W Z   0     
                    --------------- --------------- ---------------
    0   3.7702 THz   1.0000  0.0000  0.0000  0.0000  0.0000  0.0000
    1   5.0074 THz   0.0000  0.0000  0.6863 -0.1704 -0.6863  0.1704
    2   5.1666 THz   0.0000  0.0000 -0.6683  0.2311 -0.6683  0.2311


 Q= -0.230292 -0.153528 -0.230292, q= -0.250000 -0.500000 -0.250000

                        W X   0         W Y   0         W Z   0     
                    --------------- --------------- ---------------
    0   4.0687 THz   0.6857  0.0000  0.2443 -0.0000  0.6857 -0.0000
    1   4.3544 THz   0.7071  0.0000  0.0000  0.0000 -0.7071  0.0000
    2   4.9035 THz  -0.1728  0.0000  0.9697 -0.0000 -0.1728  0.0000


 Q= -0.153528 -0.076764 -0.230292, q= -0.250000 -0.500000  0.000000

                        W X   0         W Y   0         W Z   0     
                    --------------- --------------- ---------------
    0   4.0687 THz  -0.2443  0.0000 -0.6857 -0.0000  0.6857  0.0000
    1   4.3544 THz   0.0000  0.0000 -0.7068 -0.0196 -0.7068 -0.0196
    2   4.9035 THz   0.9697  0.0000 -0.1728 -0.0000  0.1728  0.0000


 Q= -0.076764  0.000000 -0.230292, q= -0.250000 -0.500000  0.250000

                        W X   0         W Y   0         W Z   0     
                    --------------- --------------- ---------------
    0   3.7702 THz   0.0000  0.0000  0.0630 -0.9980 -0.0000  0.0000
    1   5.0074 THz   0.7071  0.0000  0.0000 -0.0000  0.7071 -0.0000
    2   5.1666 THz   0.7071  0.0000 -0.0000  0.0000 -0.7071  0.0000


 Q= -0.230292 -0.230292 -0.153528, q= -0.250000 -0.250000 -0.500000

                        W X   0         W Y   0         W Z   0     
                    --------------- --------------- ---------------
    0   4.0687 THz   0.6857  0.0000  0.6857 -0.0000  0.2443 -0.0000
    1   4.3544 THz   0.7071  0.0000 -0.7071  0.0000  0.0000  0.0000
    2   4.9035 THz   0.1728  0.0000  0.1728  0.0000 -0.9697  0.0000


 Q= -0.153528 -0.153528 -0.153528, q= -0.250000 -0.250000 -0.250000

                        W X   0         W Y   0         W Z   0     
                    --------------- --------------- ---------------
    0   4.5405 THz   0.0000  0.0000  0.4233 -0.6000 -0.0251  0.6784
    1   4.5405 THz   0.0000  0.0000 -0.1510 -0.6619 -0.5276 -0.5106
    2   4.5405 THz   1.0000  0.0000  0.0000  0.0000  0.0000  0.0000


 Q= -0.076764 -0.076764 -0.153528, q= -0.250000 -0.250000  0.000000

                        W X   0         W Y   0         W Z   0     
                    --------------- --------------- ---------------
    0   4.0687 THz   0.6857  0.0000  0.6857 -0.0000 -0.2443  0.0000
    1   4.3544 THz   0.7071  0.0000 -0.7071  0.0000  0.0000 -0.0000
    2   4.9035 THz  -0.1728  0.0000 -0.1728 -0.0000 -0.9697 -0.0000


 Q=  0.000000  0.000000 -0.153528, q= -0.250000 -0.250000  0.250000

                        W X   0         W Y   0         W Z   0     
                    --------------- --------------- ---------------
    0   3.4205 THz   0.0000  0.0000  0.0008 -1.0000 -0.0000  0.0000
    1   3.4205 THz   1.0000  0.0000  0.0000  0.0000  0.0000  0.0000
    2   5.3196 THz   0.0000  0.0000 -0.0000 -0.0000  0.0002 -1.0000


 Q= -0.153528 -0.230292 -0.076764, q= -0.250000  0.000000 -0.500000

                        W X   0         W Y   0         W Z   0     
                    --------------- --------------- ---------------
    0   4.0687 THz   0.2443  0.0000 -0.6857 -0.0000  0.6857  0.0000
    1   4.3544 THz   0.0000  0.0000 -0.1635  0.6879 -0.1635  0.6879
    2   4.9035 THz   0.9697  0.0000  0.1728  0.0000 -0.1728 -0.0000


 Q= -0.076764 -0.153528 -0.076764, q= -0.250000  0.000000 -0.250000

                        W X   0         W Y   0         W Z   0     
                    --------------- --------------- ---------------
    0   4.0687 THz   0.6857  0.0000 -0.2443  0.0000  0.6857 -0.0000
    1   4.3544 THz  -0.7071  0.0000  0.0000  0.0000  0.7071 -0.0000
    2   4.9035 THz  -0.1728  0.0000 -0.9697 -0.0000 -0.1728 -0.0000


 Q=  0.000000 -0.076764 -0.076764, q= -0.250000  0.000000  0.000000

                        W X   0         W Y   0         W Z   0     
                    --------------- --------------- ---------------
    0   2.7370 THz   1.0000  0.0000  0.0000  0.0000  0.0000  0.0000
    1   2.8674 THz   0.0000  0.0000  0.6863  0.1702 -0.6863 -0.1702
    2   4.0974 THz   0.0000  0.0000 -0.5000  0.5000 -0.5000  0.5000


 Q=  0.076764  0.000000 -0.076764, q= -0.250000  0.000000  0.250000

                        W X   0         W Y   0         W Z   0     
                    --------------- --------------- ---------------
    0   2.7370 THz   0.0000  0.0000  0.5680  0.8231  0.0000  0.0000
    1   2.8674 THz  -0.7071  0.0000  0.0000  0.0000 -0.7071  0.0000
    2   4.0974 THz   0.7071  0.0000  0.0000  0.0000 -0.7071  0.0000


 Q= -0.076764 -0.230292  0.000000, q= -0.250000  0.250000 -0.500000

                        W X   0         W Y   0         W Z   0     
                    --------------- --------------- ---------------
    0   3.7702 THz   0.0000  0.0000 -0.0000  0.0000 -0.6985 -0.7156
    1   5.0074 THz   0.7071  0.0000  0.7071 -0.0000 -0.0000 -0.0000
    2   5.1666 THz   0.7071  0.0000 -0.7071  0.0000  0.0000  0.0000


 Q=  0.000000 -0.153528  0.000000, q= -0.250000  0.250000 -0.250000

                        W X   0         W Y   0         W Z   0     
                    --------------- --------------- ---------------
    0   3.4205 THz   0.0000  0.0000 -0.0000  0.0000 -0.0004 -1.0000
    1   3.4205 THz   1.0000  0.0000  0.0000  0.0000  0.0000  0.0000
    2   5.3196 THz   0.0000  0.0000 -0.0815  0.9967  0.0000  0.0000


 Q=  0.076764 -0.076764  0.000000, q= -0.250000  0.250000  0.000000

                        W X   0         W Y   0         W Z   0     
                    --------------- --------------- ---------------
    0   2.7370 THz   0.0000  0.0000  0.0000  0.0000 -0.9908  0.1354
    1   2.8674 THz   0.7071  0.0000  0.7071 -0.0000  0.0000 -0.0000
    2   4.0974 THz   0.7071  0.0000 -0.7071  0.0000 -0.0000  0.0000


 Q=  0.153528  0.000000  0.000000, q= -0.250000  0.250000  0.250000

                        W X   0         W Y   0         W Z   0     
                    --------------- --------------- ---------------
    0   3.4205 THz   0.0000  0.0000  0.7891  0.2433 -0.4253 -0.3703
    1   3.4205 THz   0.0000  0.0000 -0.1974 -0.5283  0.0493 -0.8243
    2   5.3196 THz   1.0000  0.0000  0.0000  0.0000  0.0000  0.0000


 Q= -0.307057 -0.153528 -0.153528, q=  0.000000 -0.500000 -0.500000

                        W X   0         W Y   0         W Z   0     
                    --------------- --------------- ---------------
    0   2.9540 THz   1.0000  0.0000  0.0000  0.0000  0.0000  0.0000
    1   4.1926 THz   0.0000  0.0000 -0.1462  0.6918 -0.1462  0.6918
    2   5.4685 THz   0.0000  0.0000  0.7071  0.0000 -0.7071 -0.0000


 Q= -0.230292 -0.076764 -0.153528, q=  0.000000 -0.500000 -0.250000

                        W X   0         W Y   0         W Z   0     
                    --------------- --------------- ---------------
    0   4.0687 THz   0.6857  0.0000 -0.6857  0.0000 -0.2443 -0.0000
    1   4.3544 THz  -0.7071  0.0000 -0.7071  0.0000  0.0000  0.0000
    2   4.9035 THz  -0.1728  0.0000  0.1728 -0.0000 -0.9697 -0.0000


 Q= -0.153528  0.000000 -0.153528, q=  0.000000 -0.500000  0.000000

                        W X   0         W Y   0         W Z   0     
                    --------------- --------------- ---------------
    0   2.9540 THz   0.0000  0.0000 -1.0000  0.0000  0.0000  0.0000
    1   4.1926 THz  -0.7071  0.0000  0.0000 -0.0000  0.7071  0.0000
    2   5.4685 THz   0.7071  0.0000  0.0000 -0.0000  0.7071  0.0000


 Q= -0.076764  0.076764 -0.153528, q=  0.000000 -0.500000  0.250000

                        W X   0         W Y   0         W Z   0     
                    --------------- --------------- ---------------
    0   4.0687 THz   0.6857  0.0000 -0.6857  0.0000 -0.2443  0.0000
    1   4.3544 THz  -0.7071  0.0000 -0.7071  0.0000  0.0000  0.0000
    2   4.9035 THz  -0.1728  0.0000  0.1728 -0.0000 -0.9697  0.0000


 Q= -0.230292 -0.153528 -0.076764, q=  0.000000 -0.250000 -0.500000

                        W X   0         W Y   0         W Z   0     
                    --------------- --------------- ---------------
    0   4.0687 THz   0.6857  0.0000 -0.2443  0.0000 -0.6857  0.0000
    1   4.3544 THz  -0.7071  0.0000  0.0000  0.0000 -0.7071  0.0000
    2   4.9035 THz   0.1728  0.0000  0.9697  0.0000 -0.1728 -0.0000


 Q= -0.153528 -0.076764 -0.076764, q=  0.000000 -0.250000 -0.250000

                        W X   0         W Y   0         W Z   0     
                    --------------- --------------- ---------------
    0   4.0687 THz   0.2443  0.0000 -0.6857 -0.0000 -0.6857 -0.0000
    1   4.3544 THz   0.0000  0.0000  0.5867 -0.3947 -0.5867  0.3947
    2   4.9035 THz   0.9697  0.0000  0.1728  0.0000  0.1728  0.0000


 Q= -0.076764  0.000000 -0.076764, q=  0.000000 -0.250000  0.000000

                        W X   0         W Y   0         W Z   0     
                    --------------- --------------- ---------------
    0   2.7370 THz   0.0000  0.0000 -0.9867 -0.1627  0.0000  0.0000
    1   2.8674 THz  -0.7071  0.0000  0.0000 -0.0000  0.7071 -0.0000
    2   4.0974 THz   0.7071  0.0000  0.0000 -0.0000  0.7071 -0.0000


 Q=  0.000000  0.076764 -0.076764, q=  0.000000 -0.250000  0.250000

                        W X   0         W Y   0         W Z   0     
                    --------------- --------------- ---------------
    0   2.7370 THz   1.0000  0.0000  0.0000  0.0000  0.0000  0.0000
    1   2.8674 THz   0.0000  0.0000 -0.7060  0.0392 -0.7060  0.0392
    2   4.0974 THz   0.0000  0.0000 -0.0360  0.7062  0.0360 -0.7062


 Q= -0.153528 -0.153528  0.000000, q=  0.000000  0.000000 -0.500000

                        W X   0         W Y   0         W Z   0     
                    --------------- --------------- ---------------
    0   2.9540 THz   0.0000  0.0000 -0.0000 -0.0000 -1.0000 -0.0000
    1   4.1926 THz   0.7071  0.0000 -0.7071 -0.0000  0.0000  0.0000
    2   5.4685 THz  -0.7071  0.0000 -0.7071 -0.0000  0.0000  0.0000


 Q= -0.076764 -0.076764  0.000000, q=  0.000000  0.000000 -0.250000

                        W X   0         W Y   0         W Z   0     
                    --------------- --------------- ---------------
    0   2.7370 THz   0.0000  0.0000  0.0000  0.0000 -0.9915 -0.1304
    1   2.8674 THz   0.7071  0.0000 -0.7071  0.0000 -0.0000  0.0000
    2   4.0974 THz   0.7071  0.0000  0.7071 -0.0000  0.0000 -0.0000


 Q=  0.000000  0.000000  0.000000, q=  0.000000  0.000000  0.000000

                        W X   0         W Y   0         W Z   0     
                    --------------- --------------- ---------------
    0  -0.0000 THz   0.0539  0.0000 -0.9965  0.0000  0.0641  0.0000
    1   0.0000 THz   0.9969  0.0000  0.0574  0.0000  0.0539  0.0000
    2   0.0000 THz   0.0574  0.0000 -0.0610  0.0000 -0.9965  0.0000


 Q=  0.076764  0.076764  0.000000, q=  0.000000  0.000000  0.250000

                        W X   0         W Y   0         W Z   0     
                    --------------- --------------- ---------------
    0   2.7370 THz   0.0000  0.0000  0.0000 -0.0000 -0.9915  0.1304
    1   2.8674 THz   0.7071  0.0000 -0.7071 -0.0000 -0.0000 -0.0000
    2   4.0974 THz   0.7071  0.0000  0.7071  0.0000  0.0000  0.0000


 Q= -0.076764 -0.153528  0.076764, q=  0.000000  0.250000 -0.500000

                        W X   0         W Y   0         W Z   0     
                    --------------- --------------- ---------------
    0   4.0687 THz   0.6857  0.0000 -0.2443  0.0000 -0.6857  0.0000
    1   4.3544 THz  -0.7071  0.0000  0.0000  0.0000 -0.7071  0.0000
    2   4.9035 THz   0.1728  0.0000  0.9697 -0.0000 -0.1728 -0.0000


 Q=  0.000000 -0.076764  0.076764, q=  0.000000  0.250000 -0.250000

                        W X   0         W Y   0         W Z   0     
                    --------------- --------------- ---------------
    0   2.7370 THz   1.0000  0.0000  0.0000  0.0000  0.0000  0.0000
    1   2.8674 THz   0.0000  0.0000 -0.7060 -0.0392 -0.7060 -0.0392
    2   4.0974 THz   0.0000  0.0000 -0.0360 -0.7062  0.0360  0.7062


 Q=  0.076764  0.000000  0.076764, q=  0.000000  0.250000  0.000000

                        W X   0         W Y   0         W Z   0     
                    --------------- --------------- ---------------
    0   2.7370 THz   0.0000  0.0000 -0.9867  0.1627  0.0000 -0.0000
    1   2.8674 THz  -0.7071  0.0000  0.0000  0.0000  0.7071  0.0000
    2   4.0974 THz   0.7071  0.0000  0.0000  0.0000  0.7071  0.0000


 Q=  0.153528  0.076764  0.076764, q=  0.000000  0.250000  0.250000

                        W X   0         W Y   0         W Z   0     
                    --------------- --------------- ---------------
    0   4.0687 THz   0.2443  0.0000 -0.6857  0.0000 -0.6857  0.0000
    1   4.3544 THz   0.0000  0.0000  0.5867  0.3947 -0.5867 -0.3947
    2   4.9035 THz   0.9697  0.0000  0.1728 -0.0000  0.1728 -0.0000


 Q= -0.307057 -0.076764 -0.076764, q=  0.250000 -0.500000 -0.500000

                        W X   0         W Y   0         W Z   0     
                    --------------- --------------- ---------------
    0   3.7702 THz   1.0000  0.0000  0.0000  0.0000  0.0000  0.0000
    1   5.0074 THz   0.0000  0.0000  0.6863  0.1704 -0.6863 -0.1704
    2   5.1666 THz   0.0000  0.0000 -0.5861 -0.3956 -0.5861 -0.3956


 Q= -0.230292  0.000000 -0.076764, q=  0.250000 -0.500000 -0.250000

                        W X   0         W Y   0         W Z   0     
                    --------------- --------------- ---------------
    0   3.7702 THz   0.0000  0.0000 -0.6478  0.7618 -0.0000 -0.0000
    1   5.0074 THz   0.7071  0.0000 -0.0000  0.0000  0.7071 -0.0000
    2   5.1666 THz   0.7071  0.0000  0.0000 -0.0000 -0.7071  0.0000


 Q= -0.153528  0.076764 -0.076764, q=  0.250000 -0.500000  0.000000

                        W X   0         W Y   0         W Z   0     
                    --------------- --------------- ---------------
    0   4.0687 THz  -0.2443  0.0000 -0.6857 -0.0000  0.6857 -0.0000
    1   4.3544 THz   0.0000  0.0000 -0.7061 -0.0381 -0.7061 -0.0381
    2   4.9035 THz   0.9697  0.0000 -0.1728 -0.0000  0.1728 -0.0000


 Q= -0.076764  0.153528 -0.076764, q=  0.250000 -0.500000  0.250000

                        W X   0         W Y   0         W Z   0     
                    --------------- --------------- ---------------
    0   4.0687 THz   0.6857  0.0000  0.2443  0.0000  0.6857  0.0000
    1   4.3544 THz   0.7071  0.0000  0.0000  0.0000 -0.7071 -0.0000
    2   4.9035 THz  -0.1728  0.0000  0.9697  0.0000 -0.1728 -0.0000


 Q= -0.230292 -0.076764  0.000000, q=  0.250000 -0.250000 -0.500000

                        W X   0         W Y   0         W Z   0     
                    --------------- --------------- ---------------
    0   3.7702 THz   0.0000  0.0000 -0.0000 -0.0000 -0.4298  0.9029
    1   5.0074 THz  -0.7071  0.0000 -0.7071  0.0000 -0.0000 -0.0000
    2   5.1666 THz   0.7071  0.0000 -0.7071  0.0000 -0.0000 -0.0000


 Q= -0.153528  0.000000  0.000000, q=  0.250000 -0.250000 -0.250000

                        W X   0         W Y   0         W Z   0     
                    --------------- --------------- ---------------
    0   3.4205 THz   0.0000  0.0000  0.7891 -0.2433 -0.4253  0.3703
    1   3.4205 THz   0.0000  0.0000 -0.1974  0.5283  0.0493  0.8243
    2   5.3196 THz   1.0000  0.0000  0.0000  0.0000  0.0000  0.0000


 Q= -0.076764  0.076764  0.000000, q=  0.250000 -0.250000  0.000000

                        W X   0         W Y   0         W Z   0     
                    --------------- --------------- ---------------
    0   2.7370 THz   0.0000  0.0000  0.0000 -0.0000 -0.9908 -0.1354
    1   2.8674 THz   0.7071  0.0000  0.7071  0.0000  0.0000  0.0000
    2   4.0974 THz   0.7071  0.0000 -0.7071 -0.0000 -0.0000 -0.0000


 Q=  0.000000  0.153528  0.000000, q=  0.250000 -0.250000  0.250000

                        W X   0         W Y   0         W Z   0     
                    --------------- --------------- ---------------
    0   3.4205 THz   0.0000  0.0000 -0.0000 -0.0000 -0.0004  1.0000
    1   3.4205 THz   1.0000  0.0000  0.0000  0.0000  0.0000  0.0000
    2   5.3196 THz   0.0000  0.0000 -0.0815 -0.9967  0.0000 -0.0000


 Q= -0.153528 -0.076764  0.076764, q=  0.250000  0.000000 -0.500000

                        W X   0         W Y   0         W Z   0     
                    --------------- --------------- ---------------
    0   4.0687 THz   0.2443  0.0000 -0.6857  0.0000  0.6857  0.0000
    1   4.3544 THz   0.0000  0.0000 -0.6815 -0.1887 -0.6815 -0.1887
    2   4.9035 THz   0.9697  0.0000  0.1728 -0.0000 -0.1728 -0.0000


 Q= -0.076764  0.000000  0.076764, q=  0.250000  0.000000 -0.250000

                        W X   0         W Y   0         W Z   0     
                    --------------- --------------- ---------------
    0   2.7370 THz   0.0000  0.0000  0.5680 -0.8231  0.0000  0.0000
    1   2.8674 THz  -0.7071  0.0000  0.0000 -0.0000 -0.7071 -0.0000
    2   4.0974 THz   0.7071  0.0000  0.0000 -0.0000 -0.7071 -0.0000


 Q=  0.000000  0.076764  0.076764, q=  0.250000  0.000000  0.000000

                        W X   0         W Y   0         W Z   0     
                    --------------- --------------- ---------------
    0   2.7370 THz   1.0000  0.0000  0.0000  0.0000  0.0000  0.0000
    1   2.8674 THz   0.0000  0.0000  0.6863 -0.1702 -0.6863  0.1702
    2   4.0974 THz   0.0000  0.0000 -0.5000 -0.5000 -0.5000 -0.5000


 Q=  0.076764  0.153528  0.076764, q=  0.250000  0.000000  0.250000

                        W X   0         W Y   0         W Z   0     
                    --------------- --------------- ---------------
    0   4.0687 THz   0.6857  0.0000 -0.2443 -0.0000  0.6857  0.0000
    1   4.3544 THz  -0.7071  0.0000  0.0000 -0.0000  0.7071  0.0000
    2   4.9035 THz  -0.1728  0.0000 -0.9697  0.0000 -0.1728  0.0000


 Q= -0.076764 -0.076764  0.153528, q=  0.250000  0.250000 -0.500000

                        W X   0         W Y   0         W Z   0     
                    --------------- --------------- ---------------
    0   4.0687 THz   0.6857  0.0000  0.6857  0.0000  0.2443  0.0000
    1   4.3544 THz   0.7071  0.0000 -0.7071 -0.0000  0.0000 -0.0000
    2   4.9035 THz   0.1728  0.0000  0.1728 -0.0000 -0.9697 -0.0000


 Q=  0.000000  0.000000  0.153528, q=  0.250000  0.250000 -0.250000

                        W X   0         W Y   0         W Z   0     
                    --------------- --------------- ---------------
    0   3.4205 THz   0.0000  0.0000  0.0008  1.0000 -0.0000 -0.0000
    1   3.4205 THz   1.0000  0.0000  0.0000  0.0000  0.0000  0.0000
    2   5.3196 THz   0.0000  0.0000 -0.0000  0.0000  0.0002  1.0000


 Q=  0.076764  0.076764  0.153528, q=  0.250000  0.250000  0.000000

                        W X   0         W Y   0         W Z   0     
                    --------------- --------------- ---------------
    0   4.0687 THz   0.6857  0.0000  0.6857  0.0000 -0.2443 -0.0000
    1   4.3544 THz   0.7071  0.0000 -0.7071 -0.0000  0.0000  0.0000
    2   4.9035 THz  -0.1728  0.0000 -0.1728  0.0000 -0.9697  0.0000


 Q=  0.153528  0.153528  0.153528, q=  0.250000  0.250000  0.250000

                        W X   0         W Y   0         W Z   0     
                    --------------- --------------- ---------------
    0   4.5405 THz   0.0000  0.0000  0.4233  0.6000 -0.0251 -0.6784
    1   4.5405 THz   0.0000  0.0000 -0.1510  0.6619 -0.5276  0.5106
    2   4.5405 THz   1.0000  0.0000  0.0000  0.0000  0.0000  0.0000
