
Used Primitive lattice vector

   -1.931413000000     -1.931413000000      0.000000000000  
   -1.931413000000      0.000000000000     -1.931413000000  
    0.000000000000     -1.931413000000     -1.931413000000  

   1 Atom(s) in the Primitive cell

 0.0000000000 0.0000000000 0.0000000000 Cu    0


 Q=  0.129439  0.129439  0.129439, q= -0.500000 -0.500000 -0.500000

                       Cu X   0        Cu Y   0        Cu Z   0     
                    --------------- --------------- ---------------
    0   2.7395 THz   0.8165  0.0000 -0.4082 -0.0000 -0.4082  0.0000
    1   2.7395 THz   0.0000  0.0000  0.4242  0.5657 -0.4242 -0.5657
    2   3.7450 THz  -0.5774  0.0000 -0.5774 -0.0000 -0.5774  0.0000


 Q=  0.194158  0.064719  0.064719, q= -0.500000 -0.500000 -0.250000

                       Cu X   0        Cu Y   0        Cu Z   0     
                    --------------- --------------- ---------------
    0   3.0293 THz   0.4777  0.0000 -0.6212 -0.0000 -0.6212  0.0000
    1   3.1713 THz   0.0000  0.0000  0.7012  0.0913 -0.7012 -0.0913
    2   3.7440 THz   0.8785  0.0000  0.3378  0.0000  0.3378 -0.0000


 Q=  0.258878  0.000000  0.000000, q= -0.500000 -0.500000  0.000000

                       Cu X   0        Cu Y   0        Cu Z   0     
                    --------------- --------------- ---------------
    0   3.5685 THz   0.0000  0.0000 -0.1556 -0.7504 -0.1526  0.6240
    1   3.5685 THz   0.0000  0.0000 -0.0653  0.6391 -0.3980  0.6549
    2   3.8524 THz   1.0000  0.0000  0.0000  0.0000  0.0000  0.0000


 Q=  0.323597 -0.064719 -0.064719, q= -0.500000 -0.500000  0.250000

                       Cu X   0        Cu Y   0        Cu Z   0     
                    --------------- --------------- ---------------
    0   3.0293 THz   0.4777  0.0000 -0.6212 -0.0000 -0.6212  0.0000
    1   3.1713 THz   0.0000  0.0000  0.7033 -0.0731 -0.7033  0.0731
    2   3.7440 THz   0.8785  0.0000  0.3378  0.0000  0.3378 -0.0000


 Q=  0.064719  0.194158  0.064719, q= -0.500000 -0.250000 -0.500000

                       Cu X   0        Cu Y   0        Cu Z   0     
                    --------------- --------------- ---------------
    0   3.0293 THz   0.6212  0.0000 -0.4777  0.0000  0.6212 -0.0000
    1   3.1713 THz  -0.7071  0.0000 -0.0000  0.0000  0.7071 -0.0000
    2   3.7440 THz   0.3378  0.0000  0.8785  0.0000  0.3378  0.0000


 Q=  0.129439  0.129439  0.000000, q= -0.500000 -0.250000 -0.250000

                       Cu X   0        Cu Y   0        Cu Z   0     
                    --------------- --------------- ---------------
    0   2.7199 THz   0.7071  0.0000 -0.7071 -0.0000 -0.0000  0.0000
    1   3.0297 THz   0.0000  0.0000  0.0000  0.0000 -0.9410  0.3385
    2   3.7002 THz   0.7071  0.0000  0.7071  0.0000  0.0000 -0.0000


 Q=  0.194158  0.064719 -0.064719, q= -0.500000 -0.250000  0.000000

                       Cu X   0        Cu Y   0        Cu Z   0     
                    --------------- --------------- ---------------
    0   3.0293 THz   0.4777  0.0000 -0.6212  0.0000  0.6212 -0.0000
    1   3.1713 THz   0.0000  0.0000 -0.7060  0.0396 -0.7060  0.0396
    2   3.7440 THz   0.8785  0.0000  0.3378 -0.0000 -0.3378  0.0000


 Q=  0.258878  0.000000 -0.129439, q= -0.500000 -0.250000  0.250000

                       Cu X   0        Cu Y   0        Cu Z   0     
                    --------------- --------------- ---------------
    0   3.1429 THz   0.0000  0.0000  0.0000  0.0000  0.5493 -0.8356
    1   3.4656 THz   0.0000  0.0000 -0.9453  0.3263  0.0000 -0.0000
    2   3.4656 THz   1.0000  0.0000  0.0000  0.0000  0.0000  0.0000


 Q=  0.000000  0.258878  0.000000, q= -0.500000  0.000000 -0.500000

                       Cu X   0        Cu Y   0        Cu Z   0     
                    --------------- --------------- ---------------
    0   3.5685 THz   1.0000  0.0000  0.0000  0.0000  0.0000  0.0000
    1   3.5685 THz   0.0000  0.0000 -0.0000  0.0000 -1.0000  0.0000
    2   3.8524 THz   0.0000  0.0000 -0.3449 -0.9386 -0.0000  0.0000


 Q=  0.064719  0.194158 -0.064719, q= -0.500000  0.000000 -0.250000

                       Cu X   0        Cu Y   0        Cu Z   0     
                    --------------- --------------- ---------------
    0   3.0293 THz   0.6212  0.0000 -0.4777  0.0000 -0.6212  0.0000
    1   3.1713 THz   0.7071  0.0000 -0.0000 -0.0000  0.7071 -0.0000
    2   3.7440 THz   0.3378  0.0000  0.8785 -0.0000 -0.3378  0.0000


 Q=  0.129439  0.129439 -0.129439, q= -0.500000  0.000000  0.000000

                       Cu X   0        Cu Y   0        Cu Z   0     
                    --------------- --------------- ---------------
    0   2.7395 THz   0.8165  0.0000 -0.4082  0.0000  0.4082 -0.0000
    1   2.7395 THz   0.0000  0.0000 -0.6547  0.2671 -0.6547  0.2671
    2   3.7450 THz  -0.5774  0.0000 -0.5774  0.0000  0.5774 -0.0000


 Q=  0.194158  0.064719 -0.194158, q= -0.500000  0.000000  0.250000

                       Cu X   0        Cu Y   0        Cu Z   0     
                    --------------- --------------- ---------------
    0   3.0293 THz   0.6212  0.0000 -0.4777 -0.0000 -0.6212 -0.0000
    1   3.1713 THz   0.7071  0.0000 -0.0000  0.0000  0.7071  0.0000
    2   3.7440 THz   0.3378  0.0000  0.8785 -0.0000 -0.3378  0.0000


 Q= -0.064719  0.323597 -0.064719, q= -0.500000  0.250000 -0.500000

                       Cu X   0        Cu Y   0        Cu Z   0     
                    --------------- --------------- ---------------
    0   3.0293 THz   0.6212  0.0000 -0.4777 -0.0000  0.6212  0.0000
    1   3.1713 THz  -0.7071  0.0000 -0.0000 -0.0000  0.7071  0.0000
    2   3.7440 THz   0.3378  0.0000  0.8785  0.0000  0.3378  0.0000


 Q=  0.000000  0.258878 -0.129439, q= -0.500000  0.250000 -0.250000

                       Cu X   0        Cu Y   0        Cu Z   0     
                    --------------- --------------- ---------------
    0   3.1429 THz   0.0000  0.0000 -0.0000 -0.0000 -0.9774  0.2114
    1   3.4656 THz   0.0000  0.0000 -0.9665  0.2569  0.0000 -0.0000
    2   3.4656 THz   1.0000  0.0000  0.0000  0.0000  0.0000  0.0000


 Q=  0.064719  0.194158 -0.194158, q= -0.500000  0.250000  0.000000

                       Cu X   0        Cu Y   0        Cu Z   0     
                    --------------- --------------- ---------------
    0   3.0293 THz   0.4777  0.0000 -0.6212  0.0000  0.6212 -0.0000
    1   3.1713 THz   0.0000  0.0000 -0.6885  0.1610 -0.6885  0.1610
    2   3.7440 THz   0.8785  0.0000  0.3378 -0.0000 -0.3378  0.0000


 Q=  0.129439  0.129439 -0.258878, q= -0.500000  0.250000  0.250000

                       Cu X   0        Cu Y   0        Cu Z   0     
                    --------------- --------------- ---------------
    0   2.7199 THz   0.7071  0.0000 -0.7071 -0.0000  0.0000  0.0000
    1   3.0297 THz   0.0000  0.0000 -0.0000 -0.0000 -0.2707 -0.9627
    2   3.7002 THz  -0.7071  0.0000 -0.7071 -0.0000  0.0000  0.0000


 Q=  0.064719  0.064719  0.194158, q= -0.250000 -0.500000 -0.500000

                       Cu X   0        Cu Y   0        Cu Z   0     
                    --------------- --------------- ---------------
    0   3.0293 THz   0.6212  0.0000  0.6212 -0.0000 -0.4777  0.0000
    1   3.1713 THz   0.7071  0.0000 -0.7071  0.0000  0.0000 -0.0000
    2   3.7440 THz   0.3378  0.0000  0.3378  0.0000  0.8785  0.0000


 Q=  0.129439  0.000000  0.129439, q= -0.250000 -0.500000 -0.250000

                       Cu X   0        Cu Y   0        Cu Z   0     
                    --------------- --------------- ---------------
    0   2.7199 THz   0.7071  0.0000 -0.0000  0.0000 -0.7071  0.0000
    1   3.0297 THz   0.0000  0.0000  0.9578  0.2875 -0.0000 -0.0000
    2   3.7002 THz   0.7071  0.0000  0.0000 -0.0000  0.7071 -0.0000


 Q=  0.194158 -0.064719  0.064719, q= -0.250000 -0.500000  0.000000

                       Cu X   0        Cu Y   0        Cu Z   0     
                    --------------- --------------- ---------------
    0   3.0293 THz  -0.4777  0.0000 -0.6212 -0.0000  0.6212  0.0000
    1   3.1713 THz   0.0000  0.0000 -0.7068  0.0203 -0.7068  0.0203
    2   3.7440 THz   0.8785  0.0000 -0.3378 -0.0000  0.3378  0.0000


 Q=  0.258878 -0.129439  0.000000, q= -0.250000 -0.500000  0.250000

                       Cu X   0        Cu Y   0        Cu Z   0     
                    --------------- --------------- ---------------
    0   3.1429 THz   0.0000  0.0000 -0.7666 -0.6421  0.0000  0.0000
    1   3.4656 THz   1.0000  0.0000  0.0000  0.0000  0.0000  0.0000
    2   3.4656 THz   0.0000  0.0000 -0.0000 -0.0000 -0.1933 -0.9811


 Q=  0.000000  0.129439  0.129439, q= -0.250000 -0.250000 -0.500000

                       Cu X   0        Cu Y   0        Cu Z   0     
                    --------------- --------------- ---------------
    0   2.7199 THz   0.0000  0.0000  0.2070 -0.6761 -0.2070  0.6761
    1   3.0297 THz   1.0000  0.0000  0.0000  0.0000  0.0000  0.0000
    2   3.7002 THz   0.0000  0.0000 -0.6028 -0.3697 -0.6028 -0.3697


 Q=  0.064719  0.064719  0.064719, q= -0.250000 -0.250000 -0.250000

                       Cu X   0        Cu Y   0        Cu Z   0     
                    --------------- --------------- ---------------
    0   2.0633 THz   0.0000  0.0000  0.5081 -0.4918 -0.5081  0.4918
    1   2.0633 THz   0.8165  0.0000 -0.4082  0.0000 -0.4082 -0.0000
    2   3.3885 THz  -0.5774  0.0000 -0.5774  0.0000 -0.5774 -0.0000


 Q=  0.129439  0.000000  0.000000, q= -0.250000 -0.250000  0.000000

                       Cu X   0        Cu Y   0        Cu Z   0     
                    --------------- --------------- ---------------
    0   2.7529 THz   0.0000  0.0000 -0.5662 -0.1889 -0.0831  0.7980
    1   2.7529 THz   0.0000  0.0000 -0.7990  0.0732 -0.1819 -0.5685
    2   3.2936 THz   1.0000  0.0000  0.0000  0.0000  0.0000  0.0000


 Q=  0.194158 -0.064719 -0.064719, q= -0.250000 -0.250000  0.250000

                       Cu X   0        Cu Y   0        Cu Z   0     
                    --------------- --------------- ---------------
    0   3.0293 THz  -0.4777  0.0000 -0.6212  0.0000 -0.6212 -0.0000
    1   3.1713 THz   0.0000  0.0000  0.6599  0.2541 -0.6599 -0.2541
    2   3.7440 THz   0.8785  0.0000 -0.3378  0.0000 -0.3378 -0.0000


 Q= -0.064719  0.194158  0.064719, q= -0.250000  0.000000 -0.500000

                       Cu X   0        Cu Y   0        Cu Z   0     
                    --------------- --------------- ---------------
    0   3.0293 THz   0.6212  0.0000  0.4777  0.0000 -0.6212 -0.0000
    1   3.1713 THz   0.7071  0.0000  0.0000 -0.0000  0.7071  0.0000
    2   3.7440 THz  -0.3378  0.0000  0.8785  0.0000  0.3378  0.0000


 Q=  0.000000  0.129439  0.000000, q= -0.250000  0.000000 -0.250000

                       Cu X   0        Cu Y   0        Cu Z   0     
                    --------------- --------------- ---------------
    0   2.7529 THz   1.0000  0.0000  0.0000  0.0000  0.0000  0.0000
    1   2.7529 THz   0.0000  0.0000 -0.0000 -0.0000 -0.9922 -0.1243
    2   3.2936 THz   0.0000  0.0000 -0.1931 -0.9812  0.0000  0.0000


 Q=  0.064719  0.064719 -0.064719, q= -0.250000  0.000000  0.000000

                       Cu X   0        Cu Y   0        Cu Z   0     
                    --------------- --------------- ---------------
    0   2.0633 THz   0.0000  0.0000 -0.0000  0.7071  0.0000  0.7071
    1   2.0633 THz   0.8165  0.0000 -0.4082 -0.0000  0.4082  0.0000
    2   3.3885 THz  -0.5774  0.0000 -0.5774 -0.0000  0.5774  0.0000


 Q=  0.129439  0.000000 -0.129439, q= -0.250000  0.000000  0.250000

                       Cu X   0        Cu Y   0        Cu Z   0     
                    --------------- --------------- ---------------
    0   2.7199 THz   0.7071  0.0000  0.0000  0.0000  0.7071  0.0000
    1   3.0297 THz   0.0000  0.0000 -0.9998 -0.0191  0.0000 -0.0000
    2   3.7002 THz   0.7071  0.0000  0.0000  0.0000 -0.7071 -0.0000


 Q= -0.129439  0.258878  0.000000, q= -0.250000  0.250000 -0.500000

                       Cu X   0        Cu Y   0        Cu Z   0     
                    --------------- --------------- ---------------
    0   3.1429 THz   1.0000  0.0000  0.0000  0.0000  0.0000  0.0000
    1   3.4656 THz   0.0000  0.0000  0.6704 -0.2393 -0.5216 -0.4704
    2   3.4656 THz   0.0000  0.0000 -0.6125 -0.3437  0.0123 -0.7117


 Q= -0.064719  0.194158 -0.064719, q= -0.250000  0.250000 -0.250000

                       Cu X   0        Cu Y   0        Cu Z   0     
                    --------------- --------------- ---------------
    0   3.0293 THz   0.6212  0.0000  0.4777 -0.0000  0.6212  0.0000
    1   3.1713 THz  -0.7071  0.0000 -0.0000  0.0000  0.7071  0.0000
    2   3.7440 THz  -0.3378  0.0000  0.8785 -0.0000 -0.3378  0.0000


 Q=  0.000000  0.129439 -0.129439, q= -0.250000  0.250000  0.000000

                       Cu X   0        Cu Y   0        Cu Z   0     
                    --------------- --------------- ---------------
    0   2.7199 THz   0.0000  0.0000 -0.6909 -0.1505 -0.6909 -0.1505
    1   3.0297 THz   1.0000  0.0000  0.0000  0.0000  0.0000  0.0000
    2   3.7002 THz   0.0000  0.0000  0.4369 -0.5559 -0.4369  0.5559


 Q=  0.064719  0.064719 -0.194158, q= -0.250000  0.250000  0.250000

                       Cu X   0        Cu Y   0        Cu Z   0     
                    --------------- --------------- ---------------
    0   3.0293 THz   0.6212  0.0000  0.6212  0.0000  0.4777  0.0000
    1   3.1713 THz  -0.7071  0.0000  0.7071  0.0000 -0.0000  0.0000
    2   3.7440 THz   0.3378  0.0000  0.3378 -0.0000 -0.8785  0.0000


 Q=  0.000000  0.000000  0.258878, q=  0.000000 -0.500000 -0.500000

                       Cu X   0        Cu Y   0        Cu Z   0     
                    --------------- --------------- ---------------
    0   3.5685 THz   1.0000  0.0000  0.0000  0.0000  0.0000  0.0000
    1   3.5685 THz   0.0000  0.0000 -0.2364 -0.9717 -0.0000  0.0000
    2   3.8524 THz   0.0000  0.0000 -0.0000  0.0000 -1.0000  0.0000


 Q=  0.064719 -0.064719  0.194158, q=  0.000000 -0.500000 -0.250000

                       Cu X   0        Cu Y   0        Cu Z   0     
                    --------------- --------------- ---------------
    0   3.0293 THz   0.6212  0.0000 -0.6212  0.0000 -0.4777  0.0000
    1   3.1713 THz   0.7071  0.0000  0.7071 -0.0000 -0.0000 -0.0000
    2   3.7440 THz  -0.3378  0.0000  0.3378  0.0000 -0.8785 -0.0000


 Q=  0.129439 -0.129439  0.129439, q=  0.000000 -0.500000  0.000000

                       Cu X   0        Cu Y   0        Cu Z   0     
                    --------------- --------------- ---------------
    0   2.7395 THz   0.0000  0.0000 -0.5848 -0.3975 -0.5848 -0.3975
    1   2.7395 THz   0.8165  0.0000  0.4082  0.0000 -0.4082 -0.0000
    2   3.7450 THz   0.5774  0.0000 -0.5774 -0.0000  0.5774  0.0000


 Q=  0.194158 -0.194158  0.064719, q=  0.000000 -0.500000  0.250000

                       Cu X   0        Cu Y   0        Cu Z   0     
                    --------------- --------------- ---------------
    0   3.0293 THz   0.6212  0.0000 -0.6212 -0.0000 -0.4777 -0.0000
    1   3.1713 THz   0.7071  0.0000  0.7071  0.0000 -0.0000  0.0000
    2   3.7440 THz  -0.3378  0.0000  0.3378 -0.0000 -0.8785 -0.0000


 Q= -0.064719  0.064719  0.194158, q=  0.000000 -0.250000 -0.500000

                       Cu X   0        Cu Y   0        Cu Z   0     
                    --------------- --------------- ---------------
    0   3.0293 THz   0.6212  0.0000 -0.6212  0.0000  0.4777 -0.0000
    1   3.1713 THz  -0.7071  0.0000 -0.7071  0.0000 -0.0000 -0.0000
    2   3.7440 THz  -0.3378  0.0000  0.3378  0.0000  0.8785  0.0000


 Q=  0.000000  0.000000  0.129439, q=  0.000000 -0.250000 -0.250000

                       Cu X   0        Cu Y   0        Cu Z   0     
                    --------------- --------------- ---------------
    0   2.7529 THz   0.0000  0.0000 -0.9109  0.4126  0.0000  0.0000
    1   2.7529 THz   1.0000  0.0000  0.0000  0.0000  0.0000  0.0000
    2   3.2936 THz   0.0000  0.0000 -0.0000  0.0000 -0.3773  0.9261


 Q=  0.064719 -0.064719  0.064719, q=  0.000000 -0.250000  0.000000

                       Cu X   0        Cu Y   0        Cu Z   0     
                    --------------- --------------- ---------------
    0   2.0633 THz   0.0000  0.0000 -0.7010 -0.0925 -0.7010 -0.0925
    1   2.0633 THz   0.8165  0.0000  0.4082 -0.0000 -0.4082  0.0000
    2   3.3885 THz   0.5774  0.0000 -0.5774  0.0000  0.5774 -0.0000


 Q=  0.129439 -0.129439  0.000000, q=  0.000000 -0.250000  0.250000

                       Cu X   0        Cu Y   0        Cu Z   0     
                    --------------- --------------- ---------------
    0   2.7199 THz  -0.7071  0.0000 -0.7071  0.0000  0.0000 -0.0000
    1   3.0297 THz   0.0000  0.0000 -0.0000 -0.0000 -0.9225  0.3860
    2   3.7002 THz   0.7071  0.0000 -0.7071  0.0000  0.0000 -0.0000


 Q= -0.129439  0.129439  0.129439, q=  0.000000  0.000000 -0.500000

                       Cu X   0        Cu Y   0        Cu Z   0     
                    --------------- --------------- ---------------
    0   2.7395 THz   0.8165  0.0000  0.4082  0.0000  0.4082  0.0000
    1   2.7395 THz   0.0000  0.0000  0.4861  0.5135 -0.4861 -0.5135
    2   3.7450 THz   0.5774  0.0000 -0.5774 -0.0000 -0.5774 -0.0000


 Q= -0.064719  0.064719  0.064719, q=  0.000000  0.000000 -0.250000

                       Cu X   0        Cu Y   0        Cu Z   0     
                    --------------- --------------- ---------------
    0   2.0633 THz   0.6793  0.0000  0.7312 -0.0242 -0.0519  0.0242
    1   2.0633 THz   0.4530  0.0000 -0.3607  0.0362  0.8137 -0.0362
    2   3.3885 THz  -0.5774  0.0000  0.5774 -0.0000  0.5774 -0.0000


 Q=  0.000000  0.000000  0.000000, q=  0.000000  0.000000  0.000000

                       Cu X   0        Cu Y   0        Cu Z   0     
                    --------------- --------------- ---------------
    0   0.0000 THz  -0.6736  0.0000 -0.0896  0.0000  0.7336  0.0000
    1   0.0000 THz  -0.7233  0.0000 -0.1238  0.0000 -0.6793  0.0000
    2  -0.0000 THz  -0.1517  0.0000  0.9883  0.0000 -0.0185  0.0000


 Q=  0.064719 -0.064719 -0.064719, q=  0.000000  0.000000  0.250000

                       Cu X   0        Cu Y   0        Cu Z   0     
                    --------------- --------------- ---------------
    0   2.0633 THz   0.6793  0.0000  0.7312  0.0242 -0.0519 -0.0242
    1   2.0633 THz   0.4530  0.0000 -0.3607 -0.0362  0.8137  0.0362
    2   3.3885 THz  -0.5774  0.0000  0.5774  0.0000  0.5774  0.0000


 Q= -0.194158  0.194158  0.064719, q=  0.000000  0.250000 -0.500000

                       Cu X   0        Cu Y   0        Cu Z   0     
                    --------------- --------------- ---------------
    0   3.0293 THz   0.6212  0.0000 -0.6212 -0.0000  0.4777  0.0000
    1   3.1713 THz  -0.7071  0.0000 -0.7071 -0.0000 -0.0000  0.0000
    2   3.7440 THz  -0.3378  0.0000  0.3378 -0.0000  0.8785  0.0000


 Q= -0.129439  0.129439  0.000000, q=  0.000000  0.250000 -0.250000

                       Cu X   0        Cu Y   0        Cu Z   0     
                    --------------- --------------- ---------------
    0   2.7199 THz  -0.7071  0.0000 -0.7071 -0.0000  0.0000  0.0000
    1   3.0297 THz   0.0000  0.0000 -0.0000  0.0000 -0.9225 -0.3860
    2   3.7002 THz   0.7071  0.0000 -0.7071 -0.0000  0.0000  0.0000


 Q= -0.064719  0.064719 -0.064719, q=  0.000000  0.250000  0.000000

                       Cu X   0        Cu Y   0        Cu Z   0     
                    --------------- --------------- ---------------
    0   2.0633 THz   0.0000  0.0000 -0.7010  0.0925 -0.7010  0.0925
    1   2.0633 THz   0.8165  0.0000  0.4082  0.0000 -0.4082 -0.0000
    2   3.3885 THz   0.5774  0.0000 -0.5774 -0.0000  0.5774  0.0000


 Q=  0.000000  0.000000 -0.129439, q=  0.000000  0.250000  0.250000

                       Cu X   0        Cu Y   0        Cu Z   0     
                    --------------- --------------- ---------------
    0   2.7529 THz   0.0000  0.0000 -0.9109 -0.4126  0.0000 -0.0000
    1   2.7529 THz   1.0000  0.0000  0.0000  0.0000  0.0000  0.0000
    2   3.2936 THz   0.0000  0.0000 -0.0000 -0.0000 -0.3773 -0.9261


 Q= -0.064719 -0.064719  0.323597, q=  0.250000 -0.500000 -0.500000

                       Cu X   0        Cu Y   0        Cu Z   0     
                    --------------- --------------- ---------------
    0   3.0293 THz   0.6212  0.0000  0.6212 -0.0000 -0.4777  0.0000
    1   3.1713 THz   0.7071  0.0000 -0.7071  0.0000 -0.0000 -0.0000
    2   3.7440 THz   0.3378  0.0000  0.3378  0.0000  0.8785  0.0000


 Q=  0.000000 -0.129439  0.258878, q=  0.250000 -0.500000 -0.250000

                       Cu X   0        Cu Y   0        Cu Z   0     
                    --------------- --------------- ---------------
    0   3.1429 THz   0.0000  0.0000 -0.1772  0.9842 -0.0000  0.0000
    1   3.4656 THz   1.0000  0.0000  0.0000  0.0000  0.0000  0.0000
    2   3.4656 THz   0.0000  0.0000  0.0000 -0.0000 -0.9593  0.2824


 Q=  0.064719 -0.194158  0.194158, q=  0.250000 -0.500000  0.000000

                       Cu X   0        Cu Y   0        Cu Z   0     
                    --------------- --------------- ---------------
    0   3.0293 THz  -0.4777  0.0000 -0.6212 -0.0000  0.6212  0.0000
    1   3.1713 THz   0.0000  0.0000 -0.6929  0.1411 -0.6929  0.1411
    2   3.7440 THz   0.8785  0.0000 -0.3378 -0.0000  0.3378  0.0000


 Q=  0.129439 -0.258878  0.129439, q=  0.250000 -0.500000  0.250000

                       Cu X   0        Cu Y   0        Cu Z   0     
                    --------------- --------------- ---------------
    0   2.7199 THz  -0.7071  0.0000 -0.0000  0.0000  0.7071 -0.0000
    1   3.0297 THz   0.0000  0.0000 -0.2512 -0.9679  0.0000 -0.0000
    2   3.7002 THz   0.7071  0.0000 -0.0000  0.0000  0.7071 -0.0000


 Q= -0.129439  0.000000  0.258878, q=  0.250000 -0.250000 -0.500000

                       Cu X   0        Cu Y   0        Cu Z   0     
                    --------------- --------------- ---------------
    0   3.1429 THz   1.0000  0.0000  0.0000  0.0000  0.0000  0.0000
    1   3.4656 THz   0.0000  0.0000 -0.2873  0.4099  0.6810  0.5345
    2   3.4656 THz   0.0000  0.0000 -0.7829  0.3694 -0.1888 -0.4636


 Q= -0.064719 -0.064719  0.194158, q=  0.250000 -0.250000 -0.250000

                       Cu X   0        Cu Y   0        Cu Z   0     
                    --------------- --------------- ---------------
    0   3.0293 THz   0.6212  0.0000  0.6212 -0.0000  0.4777 -0.0000
    1   3.1713 THz  -0.7071  0.0000  0.7071 -0.0000 -0.0000 -0.0000
    2   3.7440 THz   0.3378  0.0000  0.3378  0.0000 -0.8785 -0.0000


 Q=  0.000000 -0.129439  0.129439, q=  0.250000 -0.250000  0.000000

                       Cu X   0        Cu Y   0        Cu Z   0     
                    --------------- --------------- ---------------
    0   2.7199 THz   0.0000  0.0000 -0.6909  0.1505 -0.6909  0.1505
    1   3.0297 THz   1.0000  0.0000  0.0000  0.0000  0.0000  0.0000
    2   3.7002 THz   0.0000  0.0000  0.4369  0.5559 -0.4369 -0.5559


 Q=  0.064719 -0.194158  0.064719, q=  0.250000 -0.250000  0.250000

                       Cu X   0        Cu Y   0        Cu Z   0     
                    --------------- --------------- ---------------
    0   3.0293 THz   0.6212  0.0000  0.4777  0.0000  0.6212 -0.0000
    1   3.1713 THz  -0.7071  0.0000 -0.0000 -0.0000  0.7071 -0.0000
    2   3.7440 THz  -0.3378  0.0000  0.8785  0.0000 -0.3378 -0.0000


 Q= -0.194158  0.064719  0.194158, q=  0.250000  0.000000 -0.500000

                       Cu X   0        Cu Y   0        Cu Z   0     
                    --------------- --------------- ---------------
    0   3.0293 THz   0.6212  0.0000  0.4777 -0.0000 -0.6212  0.0000
    1   3.1713 THz   0.7071  0.0000  0.0000  0.0000  0.7071 -0.0000
    2   3.7440 THz  -0.3378  0.0000  0.8785  0.0000  0.3378  0.0000


 Q= -0.129439  0.000000  0.129439, q=  0.250000  0.000000 -0.250000

                       Cu X   0        Cu Y   0        Cu Z   0     
                    --------------- --------------- ---------------
    0   2.7199 THz   0.7071  0.0000  0.0000 -0.0000  0.7071 -0.0000
    1   3.0297 THz   0.0000  0.0000 -0.9998  0.0191  0.0000  0.0000
    2   3.7002 THz   0.7071  0.0000  0.0000 -0.0000 -0.7071  0.0000


 Q= -0.064719 -0.064719  0.064719, q=  0.250000  0.000000  0.000000

                       Cu X   0        Cu Y   0        Cu Z   0     
                    --------------- --------------- ---------------
    0   2.0633 THz   0.0000  0.0000 -0.0000 -0.7071  0.0000 -0.7071
    1   2.0633 THz   0.8165  0.0000 -0.4082  0.0000  0.4082 -0.0000
    2   3.3885 THz  -0.5774  0.0000 -0.5774  0.0000  0.5774 -0.0000


 Q=  0.000000 -0.129439  0.000000, q=  0.250000  0.000000  0.250000

                       Cu X   0        Cu Y   0        Cu Z   0     
                    --------------- --------------- ---------------
    0   2.7529 THz   1.0000  0.0000  0.0000  0.0000  0.0000  0.0000
    1   2.7529 THz   0.0000  0.0000 -0.0000  0.0000 -0.9922  0.1243
    2   3.2936 THz   0.0000  0.0000 -0.1931  0.9812  0.0000 -0.0000


 Q= -0.258878  0.129439  0.129439, q=  0.250000  0.250000 -0.500000

                       Cu X   0        Cu Y   0        Cu Z   0     
                    --------------- --------------- ---------------
    0   2.7199 THz   0.0000  0.0000 -0.1082 -0.6988  0.1082  0.6988
    1   3.0297 THz   1.0000  0.0000  0.0000  0.0000  0.0000  0.0000
    2   3.7002 THz   0.0000  0.0000 -0.5186  0.4807 -0.5186  0.4807


 Q= -0.194158  0.064719  0.064719, q=  0.250000  0.250000 -0.250000

                       Cu X   0        Cu Y   0        Cu Z   0     
                    --------------- --------------- ---------------
    0   3.0293 THz  -0.4777  0.0000 -0.6212 -0.0000 -0.6212  0.0000
    1   3.1713 THz   0.0000  0.0000  0.6599 -0.2541 -0.6599  0.2541
    2   3.7440 THz   0.8785  0.0000 -0.3378 -0.0000 -0.3378  0.0000


 Q= -0.129439  0.000000  0.000000, q=  0.250000  0.250000  0.000000

                       Cu X   0        Cu Y   0        Cu Z   0     
                    --------------- --------------- ---------------
    0   2.7529 THz   0.0000  0.0000 -0.5662  0.1889 -0.0831 -0.7980
    1   2.7529 THz   0.0000  0.0000 -0.7990 -0.0732 -0.1819  0.5685
    2   3.2936 THz   1.0000  0.0000  0.0000  0.0000  0.0000  0.0000


 Q= -0.064719 -0.064719 -0.064719, q=  0.250000  0.250000  0.250000

                       Cu X   0        Cu Y   0        Cu Z   0     
                    --------------- --------------- ---------------
    0   2.0633 THz   0.0000  0.0000  0.5081  0.4918 -0.5081 -0.4918
    1   2.0633 THz   0.8165  0.0000 -0.4082 -0.0000 -0.4082  0.0000
    2   3.3885 THz  -0.5774  0.0000 -0.5774 -0.0000 -0.5774  0.0000
