
Used Primitive lattice vector

   -1.838526000000     -1.838526000000      0.000000000000  
   -1.838526000000      0.000000000000     -1.838526000000  
    0.000000000000     -1.838526000000     -1.838526000000  

   1 Atom(s) in the Primitive cell

 0.0000000000 0.0000000000 0.0000000000 Cu    0


 Q=  0.135978  0.135978  0.135978, q= -0.500000 -0.500000 -0.500000

                       Cu X   0        Cu Y   0        Cu Z   0     
                    --------------- --------------- ---------------
    0   3.7558 THz   0.0000  0.0000  0.7071  0.0000 -0.7071 -0.0000
    1   3.7558 THz   0.8165  0.0000 -0.4082  0.0000 -0.4082  0.0000
    2   6.4049 THz  -0.5774  0.0000 -0.5774  0.0000 -0.5774  0.0000


 Q=  0.203968  0.067989  0.067989, q= -0.500000 -0.500000 -0.250000

                       Cu X   0        Cu Y   0        Cu Z   0     
                    --------------- --------------- ---------------
    0   4.4411 THz   0.0000  0.0000  0.6994 -0.1042 -0.6994  0.1042
    1   4.7540 THz   0.5337  0.0000 -0.5980 -0.0000 -0.5980  0.0000
    2   6.0856 THz   0.8457  0.0000  0.3774  0.0000  0.3774 -0.0000


 Q=  0.271957  0.000000  0.000000, q= -0.500000 -0.500000  0.000000

                       Cu X   0        Cu Y   0        Cu Z   0     
                    --------------- --------------- ---------------
    0   5.0975 THz   0.0000  0.0000 -0.7007  0.0000  0.7134 -0.0000
    1   5.0975 THz   0.0000  0.0000 -0.7134 -0.0000 -0.7007 -0.0000
    2   6.3695 THz   1.0000  0.0000  0.0000  0.0000  0.0000  0.0000


 Q=  0.339946 -0.067989 -0.067989, q= -0.500000 -0.500000  0.250000

                       Cu X   0        Cu Y   0        Cu Z   0     
                    --------------- --------------- ---------------
    0   4.4411 THz   0.0000  0.0000  0.6806  0.1916 -0.6806 -0.1916
    1   4.7540 THz   0.5337  0.0000 -0.5980  0.0000 -0.5980 -0.0000
    2   6.0856 THz   0.8457  0.0000  0.3774 -0.0000  0.3774  0.0000


 Q=  0.067989  0.203968  0.067989, q= -0.500000 -0.250000 -0.500000

                       Cu X   0        Cu Y   0        Cu Z   0     
                    --------------- --------------- ---------------
    0   4.4411 THz  -0.7071  0.0000 -0.0000  0.0000  0.7071 -0.0000
    1   4.7540 THz   0.5980  0.0000 -0.5337  0.0000  0.5980 -0.0000
    2   6.0856 THz   0.3774  0.0000  0.8457  0.0000  0.3774 -0.0000


 Q=  0.135978  0.135978  0.000000, q= -0.500000 -0.250000 -0.250000

                       Cu X   0        Cu Y   0        Cu Z   0     
                    --------------- --------------- ---------------
    0   3.7483 THz   0.7071  0.0000 -0.7071  0.0000 -0.0000  0.0000
    1   4.7914 THz   0.0000  0.0000  0.0000  0.0000 -0.2275 -0.9738
    2   5.8868 THz  -0.7071  0.0000 -0.7071  0.0000 -0.0000  0.0000


 Q=  0.203968  0.067989 -0.067989, q= -0.500000 -0.250000  0.000000

                       Cu X   0        Cu Y   0        Cu Z   0     
                    --------------- --------------- ---------------
    0   4.4411 THz   0.0000  0.0000 -0.7067 -0.0228 -0.7067 -0.0228
    1   4.7540 THz   0.5337  0.0000 -0.5980  0.0000  0.5980  0.0000
    2   6.0856 THz   0.8457  0.0000  0.3774 -0.0000 -0.3774 -0.0000


 Q=  0.271957  0.000000 -0.135978, q= -0.500000 -0.250000  0.250000

                       Cu X   0        Cu Y   0        Cu Z   0     
                    --------------- --------------- ---------------
    0   4.8045 THz   0.0000  0.0000 -0.0000  0.0000 -0.4899 -0.8718
    1   5.6334 THz   1.0000  0.0000  0.0000  0.0000  0.0000  0.0000
    2   5.6334 THz   0.0000  0.0000  0.9928 -0.1196 -0.0000 -0.0000


 Q=  0.000000  0.271957  0.000000, q= -0.500000  0.000000 -0.500000

                       Cu X   0        Cu Y   0        Cu Z   0     
                    --------------- --------------- ---------------
    0   5.0975 THz   1.0000  0.0000  0.0000  0.0000  0.0000  0.0000
    1   5.0975 THz   0.0000  0.0000  0.0000 -0.0000 -1.0000  0.0000
    2   6.3695 THz   0.0000  0.0000 -1.0000 -0.0000 -0.0000 -0.0000


 Q=  0.067989  0.203968 -0.067989, q= -0.500000  0.000000 -0.250000

                       Cu X   0        Cu Y   0        Cu Z   0     
                    --------------- --------------- ---------------
    0   4.4411 THz   0.7071  0.0000  0.0000  0.0000  0.7071  0.0000
    1   4.7540 THz   0.5980  0.0000 -0.5337 -0.0000 -0.5980 -0.0000
    2   6.0856 THz   0.3774  0.0000  0.8457  0.0000 -0.3774 -0.0000


 Q=  0.135978  0.135978 -0.135978, q= -0.500000  0.000000  0.000000

                       Cu X   0        Cu Y   0        Cu Z   0     
                    --------------- --------------- ---------------
    0   3.7558 THz   0.0000  0.0000 -0.7071  0.0000 -0.7071  0.0000
    1   3.7558 THz   0.8165  0.0000 -0.4082  0.0000  0.4082  0.0000
    2   6.4049 THz  -0.5774  0.0000 -0.5774  0.0000  0.5774  0.0000


 Q=  0.203968  0.067989 -0.203968, q= -0.500000  0.000000  0.250000

                       Cu X   0        Cu Y   0        Cu Z   0     
                    --------------- --------------- ---------------
    0   4.4411 THz   0.7071  0.0000  0.0000 -0.0000  0.7071 -0.0000
    1   4.7540 THz   0.5980  0.0000 -0.5337  0.0000 -0.5980  0.0000
    2   6.0856 THz   0.3774  0.0000  0.8457 -0.0000 -0.3774  0.0000


 Q= -0.067989  0.339946 -0.067989, q= -0.500000  0.250000 -0.500000

                       Cu X   0        Cu Y   0        Cu Z   0     
                    --------------- --------------- ---------------
    0   4.4411 THz  -0.7071  0.0000  0.0000 -0.0000  0.7071  0.0000
    1   4.7540 THz   0.5980  0.0000 -0.5337 -0.0000  0.5980  0.0000
    2   6.0856 THz   0.3774  0.0000  0.8457  0.0000  0.3774  0.0000


 Q=  0.000000  0.271957 -0.135978, q= -0.500000  0.250000 -0.250000

                       Cu X   0        Cu Y   0        Cu Z   0     
                    --------------- --------------- ---------------
    0   4.8045 THz   0.0000  0.0000  0.0000  0.0000  0.9021  0.4315
    1   5.6334 THz   1.0000  0.0000  0.0000  0.0000  0.0000  0.0000
    2   5.6334 THz   0.0000  0.0000 -0.9615 -0.2746  0.0000  0.0000


 Q=  0.067989  0.203968 -0.203968, q= -0.500000  0.250000  0.000000

                       Cu X   0        Cu Y   0        Cu Z   0     
                    --------------- --------------- ---------------
    0   4.4411 THz   0.0000  0.0000 -0.7071  0.0075 -0.7071  0.0075
    1   4.7540 THz   0.5337  0.0000 -0.5980  0.0000  0.5980 -0.0000
    2   6.0856 THz   0.8457  0.0000  0.3774 -0.0000 -0.3774  0.0000


 Q=  0.135978  0.135978 -0.271957, q= -0.500000  0.250000  0.250000

                       Cu X   0        Cu Y   0        Cu Z   0     
                    --------------- --------------- ---------------
    0   3.7483 THz   0.7071  0.0000 -0.7071 -0.0000  0.0000  0.0000
    1   4.7914 THz   0.0000  0.0000 -0.0000  0.0000 -0.8476  0.5307
    2   5.8868 THz  -0.7071  0.0000 -0.7071 -0.0000  0.0000  0.0000


 Q=  0.067989  0.067989  0.203968, q= -0.250000 -0.500000 -0.500000

                       Cu X   0        Cu Y   0        Cu Z   0     
                    --------------- --------------- ---------------
    0   4.4411 THz   0.7071  0.0000 -0.7071 -0.0000  0.0000  0.0000
    1   4.7540 THz   0.5980  0.0000  0.5980  0.0000 -0.5337 -0.0000
    2   6.0856 THz   0.3774  0.0000  0.3774 -0.0000  0.8457 -0.0000


 Q=  0.135978  0.000000  0.135978, q= -0.250000 -0.500000 -0.250000

                       Cu X   0        Cu Y   0        Cu Z   0     
                    --------------- --------------- ---------------
    0   3.7483 THz   0.7071  0.0000  0.0000  0.0000 -0.7071  0.0000
    1   4.7914 THz   0.0000  0.0000  0.9751 -0.2219  0.0000 -0.0000
    2   5.8868 THz   0.7071  0.0000  0.0000 -0.0000  0.7071 -0.0000


 Q=  0.203968 -0.067989  0.067989, q= -0.250000 -0.500000  0.000000

                       Cu X   0        Cu Y   0        Cu Z   0     
                    --------------- --------------- ---------------
    0   4.4411 THz   0.0000  0.0000 -0.7059  0.0407 -0.7059  0.0407
    1   4.7540 THz  -0.5337  0.0000 -0.5980 -0.0000  0.5980  0.0000
    2   6.0856 THz   0.8457  0.0000 -0.3774 -0.0000  0.3774  0.0000


 Q=  0.271957 -0.135978  0.000000, q= -0.250000 -0.500000  0.250000

                       Cu X   0        Cu Y   0        Cu Z   0     
                    --------------- --------------- ---------------
    0   4.8045 THz   0.0000  0.0000 -0.7525 -0.6586  0.0000  0.0000
    1   5.6334 THz   1.0000  0.0000  0.0000  0.0000  0.0000  0.0000
    2   5.6334 THz   0.0000  0.0000 -0.0000 -0.0000 -0.9716 -0.2366


 Q=  0.000000  0.135978  0.135978, q= -0.250000 -0.250000 -0.500000

                       Cu X   0        Cu Y   0        Cu Z   0     
                    --------------- --------------- ---------------
    0   3.7483 THz   0.0000  0.0000 -0.1191  0.6970  0.1191 -0.6970
    1   4.7914 THz   1.0000  0.0000  0.0000  0.0000  0.0000  0.0000
    2   5.8868 THz   0.0000  0.0000 -0.6608 -0.2516 -0.6608 -0.2516


 Q=  0.067989  0.067989  0.067989, q= -0.250000 -0.250000 -0.250000

                       Cu X   0        Cu Y   0        Cu Z   0     
                    --------------- --------------- ---------------
    0   2.9329 THz   0.8165  0.0000 -0.4082  0.0000 -0.4082  0.0000
    1   2.9329 THz   0.0000  0.0000 -0.0000  0.7071  0.0000 -0.7071
    2   5.2958 THz  -0.5774  0.0000 -0.5774  0.0000 -0.5774  0.0000


 Q=  0.135978  0.000000  0.000000, q= -0.250000 -0.250000  0.000000

                       Cu X   0        Cu Y   0        Cu Z   0     
                    --------------- --------------- ---------------
    0   3.9394 THz   0.0000  0.0000 -0.0225 -0.7752 -0.4955 -0.3911
    1   3.9394 THz   0.0000  0.0000 -0.2356  0.5857 -0.3657 -0.6839
    2   5.1108 THz   1.0000  0.0000  0.0000  0.0000  0.0000  0.0000


 Q=  0.203968 -0.067989 -0.067989, q= -0.250000 -0.250000  0.250000

                       Cu X   0        Cu Y   0        Cu Z   0     
                    --------------- --------------- ---------------
    0   4.4411 THz   0.0000  0.0000  0.7069 -0.0188 -0.7069  0.0188
    1   4.7540 THz  -0.5337  0.0000 -0.5980  0.0000 -0.5980  0.0000
    2   6.0856 THz   0.8457  0.0000 -0.3774  0.0000 -0.3774  0.0000


 Q= -0.067989  0.203968  0.067989, q= -0.250000  0.000000 -0.500000

                       Cu X   0        Cu Y   0        Cu Z   0     
                    --------------- --------------- ---------------
    0   4.4411 THz   0.7071  0.0000 -0.0000  0.0000  0.7071 -0.0000
    1   4.7540 THz   0.5980  0.0000  0.5337 -0.0000 -0.5980  0.0000
    2   6.0856 THz  -0.3774  0.0000  0.8457  0.0000  0.3774 -0.0000


 Q=  0.000000  0.135978  0.000000, q= -0.250000  0.000000 -0.250000

                       Cu X   0        Cu Y   0        Cu Z   0     
                    --------------- --------------- ---------------
    0   3.9394 THz   0.0000  0.0000  0.0000  0.0000 -0.2518 -0.9678
    1   3.9394 THz   1.0000  0.0000  0.0000  0.0000  0.0000  0.0000
    2   5.1108 THz   0.0000  0.0000 -0.9985  0.0546 -0.0000 -0.0000


 Q=  0.067989  0.067989 -0.067989, q= -0.250000  0.000000  0.000000

                       Cu X   0        Cu Y   0        Cu Z   0     
                    --------------- --------------- ---------------
    0   2.9329 THz   0.8165  0.0000 -0.4082  0.0000  0.4082 -0.0000
    1   2.9329 THz   0.0000  0.0000 -0.7068  0.0191 -0.7068  0.0191
    2   5.2958 THz  -0.5774  0.0000 -0.5774  0.0000  0.5774 -0.0000


 Q=  0.135978  0.000000 -0.135978, q= -0.250000  0.000000  0.250000

                       Cu X   0        Cu Y   0        Cu Z   0     
                    --------------- --------------- ---------------
    0   3.7483 THz   0.7071  0.0000  0.0000 -0.0000  0.7071 -0.0000
    1   4.7914 THz   0.0000  0.0000 -0.1758 -0.9844 -0.0000  0.0000
    2   5.8868 THz   0.7071  0.0000  0.0000  0.0000 -0.7071  0.0000


 Q= -0.135978  0.271957  0.000000, q= -0.250000  0.250000 -0.500000

                       Cu X   0        Cu Y   0        Cu Z   0     
                    --------------- --------------- ---------------
    0   4.8045 THz   1.0000  0.0000  0.0000  0.0000  0.0000  0.0000
    1   5.6334 THz   0.0000  0.0000 -0.7488  0.2357 -0.5670  0.2496
    2   5.6334 THz   0.0000  0.0000 -0.4721  0.4012  0.5389 -0.5708


 Q= -0.067989  0.203968 -0.067989, q= -0.250000  0.250000 -0.250000

                       Cu X   0        Cu Y   0        Cu Z   0     
                    --------------- --------------- ---------------
    0   4.4411 THz  -0.7071  0.0000  0.0000 -0.0000  0.7071 -0.0000
    1   4.7540 THz   0.5980  0.0000  0.5337 -0.0000  0.5980 -0.0000
    2   6.0856 THz  -0.3774  0.0000  0.8457 -0.0000 -0.3774 -0.0000


 Q=  0.000000  0.135978 -0.135978, q= -0.250000  0.250000  0.000000

                       Cu X   0        Cu Y   0        Cu Z   0     
                    --------------- --------------- ---------------
    0   3.7483 THz   0.0000  0.0000 -0.7028 -0.0782 -0.7028 -0.0782
    1   4.7914 THz   1.0000  0.0000  0.0000  0.0000  0.0000  0.0000
    2   5.8868 THz   0.0000  0.0000  0.4617 -0.5356 -0.4617  0.5356


 Q=  0.067989  0.067989 -0.203968, q= -0.250000  0.250000  0.250000

                       Cu X   0        Cu Y   0        Cu Z   0     
                    --------------- --------------- ---------------
    0   4.4411 THz  -0.7071  0.0000  0.7071  0.0000  0.0000 -0.0000
    1   4.7540 THz   0.5980  0.0000  0.5980 -0.0000  0.5337  0.0000
    2   6.0856 THz   0.3774  0.0000  0.3774  0.0000 -0.8457 -0.0000


 Q=  0.000000  0.000000  0.271957, q=  0.000000 -0.500000 -0.500000

                       Cu X   0        Cu Y   0        Cu Z   0     
                    --------------- --------------- ---------------
    0   5.0975 THz   1.0000  0.0000  0.0000  0.0000  0.0000  0.0000
    1   5.0975 THz   0.0000  0.0000 -1.0000 -0.0000  0.0000  0.0000
    2   6.3695 THz   0.0000  0.0000  0.0000 -0.0000  1.0000 -0.0000


 Q=  0.067989 -0.067989  0.203968, q=  0.000000 -0.500000 -0.250000

                       Cu X   0        Cu Y   0        Cu Z   0     
                    --------------- --------------- ---------------
    0   4.4411 THz   0.7071  0.0000  0.7071 -0.0000 -0.0000 -0.0000
    1   4.7540 THz   0.5980  0.0000 -0.5980  0.0000 -0.5337  0.0000
    2   6.0856 THz  -0.3774  0.0000  0.3774  0.0000 -0.8457  0.0000


 Q=  0.135978 -0.135978  0.135978, q=  0.000000 -0.500000  0.000000

                       Cu X   0        Cu Y   0        Cu Z   0     
                    --------------- --------------- ---------------
    0   3.7558 THz   0.8165  0.0000  0.4082 -0.0000 -0.4082 -0.0000
    1   3.7558 THz   0.0000  0.0000 -0.7071  0.0000 -0.7071  0.0000
    2   6.4049 THz   0.5774  0.0000 -0.5774  0.0000  0.5774  0.0000


 Q=  0.203968 -0.203968  0.067989, q=  0.000000 -0.500000  0.250000

                       Cu X   0        Cu Y   0        Cu Z   0     
                    --------------- --------------- ---------------
    0   4.4411 THz   0.7071  0.0000  0.7071  0.0000 -0.0000  0.0000
    1   4.7540 THz   0.5980  0.0000 -0.5980 -0.0000 -0.5337 -0.0000
    2   6.0856 THz  -0.3774  0.0000  0.3774 -0.0000 -0.8457 -0.0000


 Q= -0.067989  0.067989  0.203968, q=  0.000000 -0.250000 -0.500000

                       Cu X   0        Cu Y   0        Cu Z   0     
                    --------------- --------------- ---------------
    0   4.4411 THz  -0.7071  0.0000 -0.7071  0.0000  0.0000 -0.0000
    1   4.7540 THz   0.5980  0.0000 -0.5980  0.0000  0.5337 -0.0000
    2   6.0856 THz  -0.3774  0.0000  0.3774 -0.0000  0.8457 -0.0000


 Q=  0.000000  0.000000  0.135978, q=  0.000000 -0.250000 -0.250000

                       Cu X   0        Cu Y   0        Cu Z   0     
                    --------------- --------------- ---------------
    0   3.9394 THz   1.0000  0.0000  0.0000  0.0000  0.0000  0.0000
    1   3.9394 THz   0.0000  0.0000 -0.2567  0.9665  0.0000  0.0000
    2   5.1108 THz   0.0000  0.0000 -0.0000 -0.0000 -0.4357  0.9001


 Q=  0.067989 -0.067989  0.067989, q=  0.000000 -0.250000  0.000000

                       Cu X   0        Cu Y   0        Cu Z   0     
                    --------------- --------------- ---------------
    0   2.9329 THz   0.5835  0.0000 -0.2022  0.0238 -0.7858  0.0238
    1   2.9329 THz   0.5711  0.0000  0.7903 -0.0243  0.2192 -0.0243
    2   5.2958 THz  -0.5774  0.0000  0.5774  0.0000 -0.5774 -0.0000


 Q=  0.135978 -0.135978  0.000000, q=  0.000000 -0.250000  0.250000

                       Cu X   0        Cu Y   0        Cu Z   0     
                    --------------- --------------- ---------------
    0   3.7483 THz   0.7071  0.0000  0.7071 -0.0000 -0.0000 -0.0000
    1   4.7914 THz   0.0000  0.0000 -0.0000 -0.0000 -0.0706 -0.9975
    2   5.8868 THz   0.7071  0.0000 -0.7071  0.0000  0.0000  0.0000


 Q= -0.135978  0.135978  0.135978, q=  0.000000  0.000000 -0.500000

                       Cu X   0        Cu Y   0        Cu Z   0     
                    --------------- --------------- ---------------
    0   3.7558 THz  -0.6091 -0.0000 -0.7755 -0.0000  0.1664  0.0000
    1   3.7558 THz   0.5437  0.0000 -0.2556 -0.0000  0.7994  0.0000
    2   6.4049 THz  -0.5774 -0.0000  0.5774  0.0000  0.5774 -0.0000


 Q= -0.067989  0.067989  0.067989, q=  0.000000  0.000000 -0.250000

                       Cu X   0        Cu Y   0        Cu Z   0     
                    --------------- --------------- ---------------
    0   2.9329 THz   0.0000  0.0000  0.6801 -0.1934 -0.6801  0.1934
    1   2.9329 THz   0.8165  0.0000  0.4082  0.0000  0.4082 -0.0000
    2   5.2958 THz   0.5774  0.0000 -0.5774 -0.0000 -0.5774  0.0000


 Q=  0.000000  0.000000  0.000000, q=  0.000000  0.000000  0.000000

                       Cu X   0        Cu Y   0        Cu Z   0     
                    --------------- --------------- ---------------
    0   0.0000 THz   0.6480  0.0000 -0.5341  0.0000  0.5430  0.0000
    1   0.0000 THz   0.4685  0.0000 -0.2826  0.0000 -0.8370  0.0000
    2   0.0000 THz   0.6005  0.0000  0.7968  0.0000  0.0671  0.0000


 Q=  0.067989 -0.067989 -0.067989, q=  0.000000  0.000000  0.250000

                       Cu X   0        Cu Y   0        Cu Z   0     
                    --------------- --------------- ---------------
    0   2.9329 THz   0.0000  0.0000  0.6801  0.1934 -0.6801 -0.1934
    1   2.9329 THz   0.8165  0.0000  0.4082 -0.0000  0.4082  0.0000
    2   5.2958 THz   0.5774  0.0000 -0.5774  0.0000 -0.5774 -0.0000


 Q= -0.203968  0.203968  0.067989, q=  0.000000  0.250000 -0.500000

                       Cu X   0        Cu Y   0        Cu Z   0     
                    --------------- --------------- ---------------
    0   4.4411 THz  -0.7071  0.0000 -0.7071 -0.0000 -0.0000  0.0000
    1   4.7540 THz   0.5980  0.0000 -0.5980 -0.0000  0.5337  0.0000
    2   6.0856 THz  -0.3774  0.0000  0.3774  0.0000  0.8457  0.0000


 Q= -0.135978  0.135978  0.000000, q=  0.000000  0.250000 -0.250000

                       Cu X   0        Cu Y   0        Cu Z   0     
                    --------------- --------------- ---------------
    0   3.7483 THz   0.7071  0.0000  0.7071  0.0000 -0.0000  0.0000
    1   4.7914 THz   0.0000  0.0000 -0.0000  0.0000 -0.0706  0.9975
    2   5.8868 THz   0.7071  0.0000 -0.7071 -0.0000  0.0000 -0.0000


 Q= -0.067989  0.067989 -0.067989, q=  0.000000  0.250000  0.000000

                       Cu X   0        Cu Y   0        Cu Z   0     
                    --------------- --------------- ---------------
    0   2.9329 THz   0.5835  0.0000 -0.2022 -0.0238 -0.7858 -0.0238
    1   2.9329 THz   0.5711  0.0000  0.7903  0.0243  0.2192  0.0243
    2   5.2958 THz  -0.5774  0.0000  0.5774 -0.0000 -0.5774  0.0000


 Q=  0.000000  0.000000 -0.135978, q=  0.000000  0.250000  0.250000

                       Cu X   0        Cu Y   0        Cu Z   0     
                    --------------- --------------- ---------------
    0   3.9394 THz   1.0000  0.0000  0.0000  0.0000  0.0000  0.0000
    1   3.9394 THz   0.0000  0.0000 -0.2567 -0.9665  0.0000 -0.0000
    2   5.1108 THz   0.0000  0.0000 -0.0000  0.0000 -0.4357 -0.9001


 Q= -0.067989 -0.067989  0.339946, q=  0.250000 -0.500000 -0.500000

                       Cu X   0        Cu Y   0        Cu Z   0     
                    --------------- --------------- ---------------
    0   4.4411 THz   0.7071  0.0000 -0.7071  0.0000  0.0000  0.0000
    1   4.7540 THz   0.5980  0.0000  0.5980  0.0000 -0.5337  0.0000
    2   6.0856 THz   0.3774  0.0000  0.3774 -0.0000  0.8457 -0.0000


 Q=  0.000000 -0.135978  0.271957, q=  0.250000 -0.500000 -0.250000

                       Cu X   0        Cu Y   0        Cu Z   0     
                    --------------- --------------- ---------------
    0   4.8045 THz   0.0000  0.0000  0.2111  0.9775 -0.0000  0.0000
    1   5.6334 THz   0.0000  0.0000  0.0000 -0.0000 -0.9937  0.1120
    2   5.6334 THz   1.0000  0.0000  0.0000  0.0000  0.0000  0.0000


 Q=  0.067989 -0.203968  0.203968, q=  0.250000 -0.500000  0.000000

                       Cu X   0        Cu Y   0        Cu Z   0     
                    --------------- --------------- ---------------
    0   4.4411 THz   0.0000  0.0000 -0.7058  0.0435 -0.7058  0.0435
    1   4.7540 THz  -0.5337  0.0000 -0.5980  0.0000  0.5980  0.0000
    2   6.0856 THz   0.8457  0.0000 -0.3774  0.0000  0.3774  0.0000


 Q=  0.135978 -0.271957  0.135978, q=  0.250000 -0.500000  0.250000

                       Cu X   0        Cu Y   0        Cu Z   0     
                    --------------- --------------- ---------------
    0   3.7483 THz   0.7071  0.0000  0.0000 -0.0000 -0.7071 -0.0000
    1   4.7914 THz   0.0000  0.0000 -0.9963 -0.0858  0.0000 -0.0000
    2   5.8868 THz   0.7071  0.0000 -0.0000  0.0000  0.7071  0.0000


 Q= -0.135978  0.000000  0.271957, q=  0.250000 -0.250000 -0.500000

                       Cu X   0        Cu Y   0        Cu Z   0     
                    --------------- --------------- ---------------
    0   4.8045 THz   1.0000  0.0000  0.0000  0.0000  0.0000  0.0000
    1   5.6334 THz   0.0000  0.0000 -0.1955  0.5470  0.1793 -0.7940
    2   5.6334 THz   0.0000  0.0000 -0.5416  0.6076 -0.3313  0.4772


 Q= -0.067989 -0.067989  0.203968, q=  0.250000 -0.250000 -0.250000

                       Cu X   0        Cu Y   0        Cu Z   0     
                    --------------- --------------- ---------------
    0   4.4411 THz  -0.7071  0.0000  0.7071 -0.0000  0.0000  0.0000
    1   4.7540 THz   0.5980  0.0000  0.5980  0.0000  0.5337 -0.0000
    2   6.0856 THz   0.3774  0.0000  0.3774 -0.0000 -0.8457  0.0000


 Q=  0.000000 -0.135978  0.135978, q=  0.250000 -0.250000  0.000000

                       Cu X   0        Cu Y   0        Cu Z   0     
                    --------------- --------------- ---------------
    0   3.7483 THz   0.0000  0.0000 -0.7028  0.0782 -0.7028  0.0782
    1   4.7914 THz   1.0000  0.0000  0.0000  0.0000  0.0000  0.0000
    2   5.8868 THz   0.0000  0.0000  0.4617  0.5356 -0.4617 -0.5356


 Q=  0.067989 -0.203968  0.067989, q=  0.250000 -0.250000  0.250000

                       Cu X   0        Cu Y   0        Cu Z   0     
                    --------------- --------------- ---------------
    0   4.4411 THz  -0.7071  0.0000  0.0000  0.0000  0.7071  0.0000
    1   4.7540 THz   0.5980  0.0000  0.5337  0.0000  0.5980  0.0000
    2   6.0856 THz  -0.3774  0.0000  0.8457  0.0000 -0.3774  0.0000


 Q= -0.203968  0.067989  0.203968, q=  0.250000  0.000000 -0.500000

                       Cu X   0        Cu Y   0        Cu Z   0     
                    --------------- --------------- ---------------
    0   4.4411 THz   0.7071  0.0000 -0.0000 -0.0000  0.7071  0.0000
    1   4.7540 THz   0.5980  0.0000  0.5337  0.0000 -0.5980 -0.0000
    2   6.0856 THz  -0.3774  0.0000  0.8457 -0.0000  0.3774 -0.0000


 Q= -0.135978  0.000000  0.135978, q=  0.250000  0.000000 -0.250000

                       Cu X   0        Cu Y   0        Cu Z   0     
                    --------------- --------------- ---------------
    0   3.7483 THz   0.7071  0.0000  0.0000  0.0000  0.7071  0.0000
    1   4.7914 THz   0.0000  0.0000 -0.1758  0.9844 -0.0000  0.0000
    2   5.8868 THz   0.7071  0.0000  0.0000 -0.0000 -0.7071 -0.0000


 Q= -0.067989 -0.067989  0.067989, q=  0.250000  0.000000  0.000000

                       Cu X   0        Cu Y   0        Cu Z   0     
                    --------------- --------------- ---------------
    0   2.9329 THz   0.8165  0.0000 -0.4082 -0.0000  0.4082  0.0000
    1   2.9329 THz   0.0000  0.0000 -0.7068 -0.0191 -0.7068 -0.0191
    2   5.2958 THz  -0.5774  0.0000 -0.5774 -0.0000  0.5774  0.0000


 Q=  0.000000 -0.135978  0.000000, q=  0.250000  0.000000  0.250000

                       Cu X   0        Cu Y   0        Cu Z   0     
                    --------------- --------------- ---------------
    0   3.9394 THz   0.0000  0.0000  0.0000 -0.0000 -0.2518  0.9678
    1   3.9394 THz   1.0000  0.0000  0.0000  0.0000  0.0000  0.0000
    2   5.1108 THz   0.0000  0.0000 -0.9985 -0.0546 -0.0000  0.0000


 Q= -0.271957  0.135978  0.135978, q=  0.250000  0.250000 -0.500000

                       Cu X   0        Cu Y   0        Cu Z   0     
                    --------------- --------------- ---------------
    0   3.7483 THz   0.0000  0.0000  0.0987 -0.7002 -0.0987  0.7002
    1   4.7914 THz   1.0000  0.0000  0.0000  0.0000  0.0000  0.0000
    2   5.8868 THz   0.0000  0.0000 -0.7018 -0.0868 -0.7018 -0.0868


 Q= -0.203968  0.067989  0.067989, q=  0.250000  0.250000 -0.250000

                       Cu X   0        Cu Y   0        Cu Z   0     
                    --------------- --------------- ---------------
    0   4.4411 THz   0.0000  0.0000  0.7069  0.0188 -0.7069 -0.0188
    1   4.7540 THz  -0.5337  0.0000 -0.5980 -0.0000 -0.5980 -0.0000
    2   6.0856 THz   0.8457  0.0000 -0.3774 -0.0000 -0.3774 -0.0000


 Q= -0.135978  0.000000  0.000000, q=  0.250000  0.250000  0.000000

                       Cu X   0        Cu Y   0        Cu Z   0     
                    --------------- --------------- ---------------
    0   3.9394 THz   0.0000  0.0000 -0.0225  0.7752 -0.4955  0.3911
    1   3.9394 THz   0.0000  0.0000 -0.2356 -0.5857 -0.3657  0.6839
    2   5.1108 THz   1.0000  0.0000  0.0000  0.0000  0.0000  0.0000


 Q= -0.067989 -0.067989 -0.067989, q=  0.250000  0.250000  0.250000

                       Cu X   0        Cu Y   0        Cu Z   0     
                    --------------- --------------- ---------------
    0   2.9329 THz   0.8165  0.0000 -0.4082 -0.0000 -0.4082 -0.0000
    1   2.9329 THz   0.0000  0.0000 -0.0000 -0.7071  0.0000  0.7071
    2   5.2958 THz  -0.5774  0.0000 -0.5774 -0.0000 -0.5774 -0.0000
