
Used Primitive lattice vector

    0.000000000000      1.820831000000      1.820831000000  
    1.820831000000      0.000000000000      1.820831000000  
    1.820831000000      1.820831000000      0.000000000000  

   1 Atom(s) in the Primitive cell

 0.0000000000 0.0000000000 0.0000000000 Ni    0


 Q= -0.137300 -0.137300 -0.137300, q= -0.500000 -0.500000 -0.500000

                       Ni X   0        Ni Y   0        Ni Z   0     
                    --------------- --------------- ---------------
    0   4.0835 THz   0.0000  0.0000  0.7071 -0.0000 -0.7071  0.0000
    1   4.0835 THz   0.8165  0.0000 -0.4082  0.0000 -0.4082 -0.0000
    2   6.1523 THz  -0.5774  0.0000 -0.5774  0.0000 -0.5774 -0.0000


 Q= -0.068650 -0.068650 -0.205950, q= -0.500000 -0.500000 -0.250000

                       Ni X   0        Ni Y   0        Ni Z   0     
                    --------------- --------------- ---------------
    0   4.7694 THz   0.5902  0.0000  0.5902 -0.0000 -0.5507  0.0000
    1   4.8245 THz   0.7071  0.0000 -0.7071  0.0000 -0.0000 -0.0000
    2   5.9966 THz   0.3894  0.0000  0.3894 -0.0000  0.8347 -0.0000


 Q=  0.000000  0.000000 -0.274600, q= -0.500000 -0.500000  0.000000

                       Ni X   0        Ni Y   0        Ni Z   0     
                    --------------- --------------- ---------------
    0   5.4627 THz   0.0000  0.0000  1.0000  0.0000 -0.0000 -0.0000
    1   5.4627 THz   1.0000  0.0000  0.0000  0.0000  0.0000  0.0000
    2   6.1671 THz   0.0000  0.0000 -0.0000 -0.0000 -1.0000  0.0000


 Q=  0.068650  0.068650 -0.343250, q= -0.500000 -0.500000  0.250000

                       Ni X   0        Ni Y   0        Ni Z   0     
                    --------------- --------------- ---------------
    0   4.7694 THz   0.5902  0.0000  0.5902  0.0000 -0.5507 -0.0000
    1   4.8245 THz   0.7071  0.0000 -0.7071 -0.0000 -0.0000  0.0000
    2   5.9966 THz   0.3894  0.0000  0.3894  0.0000  0.8347 -0.0000


 Q= -0.068650 -0.205950 -0.068650, q= -0.500000 -0.250000 -0.500000

                       Ni X   0        Ni Y   0        Ni Z   0     
                    --------------- --------------- ---------------
    0   4.7694 THz   0.5902  0.0000 -0.5507  0.0000  0.5902 -0.0000
    1   4.8245 THz  -0.7071  0.0000  0.0000  0.0000  0.7071 -0.0000
    2   5.9966 THz   0.3894  0.0000  0.8347  0.0000  0.3894  0.0000


 Q=  0.000000 -0.137300 -0.137300, q= -0.500000 -0.250000 -0.250000

                       Ni X   0        Ni Y   0        Ni Z   0     
                    --------------- --------------- ---------------
    0   3.8856 THz   0.0000  0.0000  0.5122 -0.4875 -0.5122  0.4875
    1   4.7656 THz   1.0000  0.0000  0.0000  0.0000  0.0000  0.0000
    2   5.8299 THz   0.0000  0.0000 -0.3697 -0.6028 -0.3697 -0.6028


 Q=  0.068650 -0.068650 -0.205950, q= -0.500000 -0.250000  0.000000

                       Ni X   0        Ni Y   0        Ni Z   0     
                    --------------- --------------- ---------------
    0   4.7694 THz   0.5902  0.0000 -0.5902  0.0000  0.5507 -0.0000
    1   4.8245 THz  -0.7071  0.0000 -0.7071  0.0000 -0.0000 -0.0000
    2   5.9966 THz  -0.3894  0.0000  0.3894  0.0000  0.8347  0.0000


 Q=  0.137300  0.000000 -0.274600, q= -0.500000 -0.250000  0.250000

                       Ni X   0        Ni Y   0        Ni Z   0     
                    --------------- --------------- ---------------
    0   4.8224 THz   1.0000  0.0000  0.0000  0.0000  0.0000  0.0000
    1   5.6270 THz   0.0000  0.0000 -0.0792 -0.8095 -0.5601 -0.1574
    2   5.6270 THz   0.0000  0.0000 -0.1362 -0.5657  0.8059  0.1096


 Q=  0.000000 -0.274600  0.000000, q= -0.500000  0.000000 -0.500000

                       Ni X   0        Ni Y   0        Ni Z   0     
                    --------------- --------------- ---------------
    0   5.4627 THz   1.0000  0.0000  0.0000  0.0000  0.0000  0.0000
    1   5.4627 THz   0.0000  0.0000 -0.0000  0.0000 -1.0000  0.0000
    2   6.1671 THz   0.0000  0.0000  1.0000 -0.0000 -0.0000  0.0000


 Q=  0.068650 -0.205950 -0.068650, q= -0.500000  0.000000 -0.250000

                       Ni X   0        Ni Y   0        Ni Z   0     
                    --------------- --------------- ---------------
    0   4.7694 THz   0.5902  0.0000  0.5507 -0.0000 -0.5902  0.0000
    1   4.8245 THz   0.7071  0.0000  0.0000  0.0000  0.7071 -0.0000
    2   5.9966 THz  -0.3894  0.0000  0.8347 -0.0000  0.3894 -0.0000


 Q=  0.137300 -0.137300 -0.137300, q= -0.500000  0.000000  0.000000

                       Ni X   0        Ni Y   0        Ni Z   0     
                    --------------- --------------- ---------------
    0   4.0835 THz   0.0000  0.0000  0.7071  0.0000 -0.7071 -0.0000
    1   4.0835 THz   0.8165  0.0000  0.4082  0.0000  0.4082  0.0000
    2   6.1523 THz   0.5774  0.0000 -0.5774 -0.0000 -0.5774 -0.0000


 Q=  0.205950 -0.068650 -0.205950, q= -0.500000  0.000000  0.250000

                       Ni X   0        Ni Y   0        Ni Z   0     
                    --------------- --------------- ---------------
    0   4.7694 THz   0.5902  0.0000  0.5507 -0.0000 -0.5902  0.0000
    1   4.8245 THz   0.7071  0.0000 -0.0000  0.0000  0.7071 -0.0000
    2   5.9966 THz  -0.3894  0.0000  0.8347  0.0000  0.3894  0.0000


 Q=  0.068650 -0.343250  0.068650, q= -0.500000  0.250000 -0.500000

                       Ni X   0        Ni Y   0        Ni Z   0     
                    --------------- --------------- ---------------
    0   4.7694 THz   0.5902  0.0000 -0.5507 -0.0000  0.5902  0.0000
    1   4.8245 THz  -0.7071  0.0000  0.0000 -0.0000  0.7071  0.0000
    2   5.9966 THz   0.3894  0.0000  0.8347 -0.0000  0.3894 -0.0000


 Q=  0.137300 -0.274600  0.000000, q= -0.500000  0.250000 -0.250000

                       Ni X   0        Ni Y   0        Ni Z   0     
                    --------------- --------------- ---------------
    0   4.8224 THz   1.0000  0.0000  0.0000  0.0000  0.0000  0.0000
    1   5.6270 THz   0.0000  0.0000 -0.6715 -0.7279 -0.1315  0.0450
    2   5.6270 THz   0.0000  0.0000  0.1141  0.0793 -0.8454  0.5157


 Q=  0.205950 -0.205950 -0.068650, q= -0.500000  0.250000  0.000000

                       Ni X   0        Ni Y   0        Ni Z   0     
                    --------------- --------------- ---------------
    0   4.7694 THz   0.5902  0.0000 -0.5902  0.0000  0.5507 -0.0000
    1   4.8245 THz  -0.7071  0.0000 -0.7071  0.0000 -0.0000 -0.0000
    2   5.9966 THz  -0.3894  0.0000  0.3894  0.0000  0.8347  0.0000


 Q=  0.274600 -0.137300 -0.137300, q= -0.500000  0.250000  0.250000

                       Ni X   0        Ni Y   0        Ni Z   0     
                    --------------- --------------- ---------------
    0   3.8856 THz   0.0000  0.0000  0.5407  0.4556 -0.5407 -0.4556
    1   4.7656 THz   1.0000  0.0000  0.0000  0.0000  0.0000  0.0000
    2   5.8299 THz   0.0000  0.0000 -0.6393  0.3022 -0.6393  0.3022


 Q= -0.205950 -0.068650 -0.068650, q= -0.250000 -0.500000 -0.500000

                       Ni X   0        Ni Y   0        Ni Z   0     
                    --------------- --------------- ---------------
    0   4.7694 THz   0.5507  0.0000 -0.5902 -0.0000 -0.5902  0.0000
    1   4.8245 THz   0.0000  0.0000  0.7064  0.0313 -0.7064 -0.0313
    2   5.9966 THz   0.8347  0.0000  0.3894  0.0000  0.3894 -0.0000


 Q= -0.137300  0.000000 -0.137300, q= -0.250000 -0.500000 -0.250000

                       Ni X   0        Ni Y   0        Ni Z   0     
                    --------------- --------------- ---------------
    0   3.8856 THz   0.7071  0.0000  0.0000 -0.0000 -0.7071  0.0000
    1   4.7656 THz   0.0000  0.0000  0.7815  0.6240  0.0000  0.0000
    2   5.8299 THz  -0.7071  0.0000  0.0000 -0.0000 -0.7071  0.0000


 Q= -0.068650  0.068650 -0.205950, q= -0.250000 -0.500000  0.000000

                       Ni X   0        Ni Y   0        Ni Z   0     
                    --------------- --------------- ---------------
    0   4.7694 THz   0.5902  0.0000 -0.5902  0.0000 -0.5507  0.0000
    1   4.8245 THz   0.7071  0.0000  0.7071 -0.0000 -0.0000 -0.0000
    2   5.9966 THz  -0.3894  0.0000  0.3894  0.0000 -0.8347 -0.0000


 Q=  0.000000  0.137300 -0.274600, q= -0.250000 -0.500000  0.250000

                       Ni X   0        Ni Y   0        Ni Z   0     
                    --------------- --------------- ---------------
    0   4.8224 THz   0.0000  0.0000 -0.9904 -0.1386  0.0000  0.0000
    1   5.6270 THz   1.0000  0.0000  0.0000  0.0000  0.0000  0.0000
    2   5.6270 THz   0.0000  0.0000  0.0000 -0.0000  0.9940 -0.1092


 Q= -0.137300 -0.137300  0.000000, q= -0.250000 -0.250000 -0.500000

                       Ni X   0        Ni Y   0        Ni Z   0     
                    --------------- --------------- ---------------
    0   3.8856 THz   0.7071  0.0000 -0.7071  0.0000  0.0000 -0.0000
    1   4.7656 THz   0.0000  0.0000 -0.0000  0.0000 -0.7332  0.6800
    2   5.8299 THz   0.7071  0.0000  0.7071 -0.0000 -0.0000  0.0000


 Q= -0.068650 -0.068650 -0.068650, q= -0.250000 -0.250000 -0.250000

                       Ni X   0        Ni Y   0        Ni Z   0     
                    --------------- --------------- ---------------
    0   2.8874 THz   0.0000  0.0000  0.7070  0.0144 -0.7070 -0.0144
    1   2.8874 THz   0.8165  0.0000 -0.4082  0.0000 -0.4082 -0.0000
    2   5.4107 THz  -0.5774  0.0000 -0.5774  0.0000 -0.5774 -0.0000


 Q=  0.000000  0.000000 -0.137300, q= -0.250000 -0.250000  0.000000

                       Ni X   0        Ni Y   0        Ni Z   0     
                    --------------- --------------- ---------------
    0   3.9827 THz   0.0000  0.0000  0.1191  0.9929  0.0000 -0.0000
    1   3.9827 THz   1.0000  0.0000  0.0000  0.0000  0.0000  0.0000
    2   4.6822 THz   0.0000  0.0000 -0.0000  0.0000 -0.8738  0.4863


 Q=  0.068650  0.068650 -0.205950, q= -0.250000 -0.250000  0.250000

                       Ni X   0        Ni Y   0        Ni Z   0     
                    --------------- --------------- ---------------
    0   4.7694 THz   0.5902  0.0000  0.5902  0.0000  0.5507  0.0000
    1   4.8245 THz  -0.7071  0.0000  0.7071  0.0000 -0.0000  0.0000
    2   5.9966 THz   0.3894  0.0000  0.3894  0.0000 -0.8347  0.0000


 Q= -0.068650 -0.205950  0.068650, q= -0.250000  0.000000 -0.500000

                       Ni X   0        Ni Y   0        Ni Z   0     
                    --------------- --------------- ---------------
    0   4.7694 THz   0.5902  0.0000 -0.5507  0.0000 -0.5902  0.0000
    1   4.8245 THz   0.7071  0.0000 -0.0000 -0.0000  0.7071 -0.0000
    2   5.9966 THz   0.3894  0.0000  0.8347  0.0000 -0.3894 -0.0000


 Q=  0.000000 -0.137300  0.000000, q= -0.250000  0.000000 -0.250000

                       Ni X   0        Ni Y   0        Ni Z   0     
                    --------------- --------------- ---------------
    0   3.9827 THz   1.0000  0.0000  0.0000  0.0000  0.0000  0.0000
    1   3.9827 THz   0.0000  0.0000  0.0000  0.0000 -0.9830 -0.1834
    2   4.6822 THz   0.0000  0.0000 -0.7225 -0.6914 -0.0000  0.0000


 Q=  0.068650 -0.068650 -0.068650, q= -0.250000  0.000000  0.000000

                       Ni X   0        Ni Y   0        Ni Z   0     
                    --------------- --------------- ---------------
    0   2.8874 THz   0.4720  0.0000  0.8129  0.0072 -0.3409 -0.0072
    1   2.8874 THz   0.6662  0.0000 -0.0756 -0.0051  0.7419  0.0051
    2   5.4107 THz  -0.5774 -0.0000  0.5774  0.0000  0.5774  0.0000


 Q=  0.137300  0.000000 -0.137300, q= -0.250000  0.000000  0.250000

                       Ni X   0        Ni Y   0        Ni Z   0     
                    --------------- --------------- ---------------
    0   3.8856 THz   0.7071  0.0000  0.0000  0.0000  0.7071  0.0000
    1   4.7656 THz   0.0000  0.0000  0.9655  0.2604  0.0000  0.0000
    2   5.8299 THz   0.7071  0.0000 -0.0000 -0.0000 -0.7071 -0.0000


 Q=  0.000000 -0.274600  0.137300, q= -0.250000  0.250000 -0.500000

                       Ni X   0        Ni Y   0        Ni Z   0     
                    --------------- --------------- ---------------
    0   4.8224 THz   0.0000  0.0000 -0.0000  0.0000  0.7170  0.6971
    1   5.6270 THz   0.0000  0.0000 -0.3422  0.9396 -0.0000  0.0000
    2   5.6270 THz   1.0000  0.0000  0.0000  0.0000  0.0000  0.0000


 Q=  0.068650 -0.205950  0.068650, q= -0.250000  0.250000 -0.250000

                       Ni X   0        Ni Y   0        Ni Z   0     
                    --------------- --------------- ---------------
    0   4.7694 THz   0.5902  0.0000  0.5507 -0.0000  0.5902 -0.0000
    1   4.8245 THz  -0.7071  0.0000  0.0000 -0.0000  0.7071 -0.0000
    2   5.9966 THz  -0.3894  0.0000  0.8347  0.0000 -0.3894  0.0000


 Q=  0.137300 -0.137300  0.000000, q= -0.250000  0.250000  0.000000

                       Ni X   0        Ni Y   0        Ni Z   0     
                    --------------- --------------- ---------------
    0   3.8856 THz  -0.7071  0.0000 -0.7071 -0.0000 -0.0000 -0.0000
    1   4.7656 THz   0.0000  0.0000 -0.0000 -0.0000 -0.3852  0.9228
    2   5.8299 THz   0.7071  0.0000 -0.7071 -0.0000 -0.0000 -0.0000


 Q=  0.205950 -0.068650 -0.068650, q= -0.250000  0.250000  0.250000

                       Ni X   0        Ni Y   0        Ni Z   0     
                    --------------- --------------- ---------------
    0   4.7694 THz  -0.5507  0.0000 -0.5902  0.0000 -0.5902  0.0000
    1   4.8245 THz   0.0000  0.0000  0.7063  0.0343 -0.7063 -0.0343
    2   5.9966 THz   0.8347  0.0000 -0.3894  0.0000 -0.3894  0.0000


 Q= -0.274600  0.000000  0.000000, q=  0.000000 -0.500000 -0.500000

                       Ni X   0        Ni Y   0        Ni Z   0     
                    --------------- --------------- ---------------
    0   5.4627 THz   0.0000  0.0000 -0.9730 -0.0000  0.2310  0.0000
    1   5.4627 THz   0.0000  0.0000  0.2310 -0.0000  0.9730  0.0000
    2   6.1671 THz   1.0000  0.0000  0.0000  0.0000  0.0000  0.0000


 Q= -0.205950  0.068650 -0.068650, q=  0.000000 -0.500000 -0.250000

                       Ni X   0        Ni Y   0        Ni Z   0     
                    --------------- --------------- ---------------
    0   4.7694 THz  -0.5507  0.0000 -0.5902 -0.0000  0.5902  0.0000
    1   4.8245 THz   0.0000  0.0000 -0.7063  0.0338 -0.7063  0.0338
    2   5.9966 THz   0.8347  0.0000 -0.3894 -0.0000  0.3894  0.0000


 Q= -0.137300  0.137300 -0.137300, q=  0.000000 -0.500000  0.000000

                       Ni X   0        Ni Y   0        Ni Z   0     
                    --------------- --------------- ---------------
    0   4.0835 THz   0.0000  0.0000 -0.7071 -0.0000 -0.7071 -0.0000
    1   4.0835 THz   0.8165  0.0000  0.4082 -0.0000 -0.4082 -0.0000
    2   6.1523 THz   0.5774  0.0000 -0.5774  0.0000  0.5774  0.0000


 Q= -0.068650  0.205950 -0.205950, q=  0.000000 -0.500000  0.250000

                       Ni X   0        Ni Y   0        Ni Z   0     
                    --------------- --------------- ---------------
    0   4.7694 THz  -0.5507  0.0000 -0.5902 -0.0000  0.5902 -0.0000
    1   4.8245 THz   0.0000  0.0000 -0.7029 -0.0767 -0.7029 -0.0767
    2   5.9966 THz   0.8347  0.0000 -0.3894 -0.0000  0.3894 -0.0000


 Q= -0.205950 -0.068650  0.068650, q=  0.000000 -0.250000 -0.500000

                       Ni X   0        Ni Y   0        Ni Z   0     
                    --------------- --------------- ---------------
    0   4.7694 THz   0.5507  0.0000 -0.5902 -0.0000  0.5902  0.0000
    1   4.8245 THz   0.0000  0.0000 -0.7035 -0.0718 -0.7035 -0.0718
    2   5.9966 THz   0.8347  0.0000  0.3894  0.0000 -0.3894 -0.0000


 Q= -0.137300  0.000000  0.000000, q=  0.000000 -0.250000 -0.250000

                       Ni X   0        Ni Y   0        Ni Z   0     
                    --------------- --------------- ---------------
    0   3.9827 THz   0.0000  0.0000 -0.9465 -0.1350 -0.1463 -0.2541
    1   3.9827 THz   0.0000  0.0000  0.2932 -0.0002 -0.5898 -0.7524
    2   4.6822 THz   1.0000  0.0000  0.0000  0.0000  0.0000  0.0000


 Q= -0.068650  0.068650 -0.068650, q=  0.000000 -0.250000  0.000000

                       Ni X   0        Ni Y   0        Ni Z   0     
                    --------------- --------------- ---------------
    0   2.8874 THz   0.8165  0.0000  0.4082 -0.0000 -0.4082  0.0000
    1   2.8874 THz   0.0000  0.0000 -0.7063 -0.0334 -0.7063 -0.0334
    2   5.4107 THz   0.5774  0.0000 -0.5774  0.0000  0.5774 -0.0000


 Q=  0.000000  0.137300 -0.137300, q=  0.000000 -0.250000  0.250000

                       Ni X   0        Ni Y   0        Ni Z   0     
                    --------------- --------------- ---------------
    0   3.8856 THz   0.0000  0.0000 -0.5172 -0.4822 -0.5172 -0.4822
    1   4.7656 THz   1.0000  0.0000  0.0000  0.0000  0.0000  0.0000
    2   5.8299 THz   0.0000  0.0000  0.4889 -0.5109 -0.4889  0.5109


 Q= -0.137300 -0.137300  0.137300, q=  0.000000  0.000000 -0.500000

                       Ni X   0        Ni Y   0        Ni Z   0     
                    --------------- --------------- ---------------
    0   4.0835 THz   0.0000  0.0000 -0.7071 -0.0000 -0.7071 -0.0000
    1   4.0835 THz   0.8165  0.0000 -0.4082 -0.0000  0.4082  0.0000
    2   6.1523 THz  -0.5774  0.0000 -0.5774 -0.0000  0.5774  0.0000


 Q= -0.068650 -0.068650  0.068650, q=  0.000000  0.000000 -0.250000

                       Ni X   0        Ni Y   0        Ni Z   0     
                    --------------- --------------- ---------------
    0   2.8874 THz   0.8165  0.0000 -0.4082 -0.0000  0.4082 -0.0000
    1   2.8874 THz   0.0000  0.0000 -0.7020 -0.0851 -0.7020 -0.0851
    2   5.4107 THz  -0.5774  0.0000 -0.5774 -0.0000  0.5774 -0.0000


 Q=  0.000000  0.000000  0.000000, q=  0.000000  0.000000  0.000000

                       Ni X   0        Ni Y   0        Ni Z   0     
                    --------------- --------------- ---------------
    0  -0.0000 THz  -0.1378 -0.0000 -0.9883 -0.0000 -0.0659 -0.0000
    1   0.0000 THz  -0.3692  0.0000  0.1129  0.0000 -0.9225  0.0000
    2   0.0000 THz  -0.9191  0.0000  0.1028  0.0000  0.3804  0.0000


 Q=  0.068650  0.068650 -0.068650, q=  0.000000  0.000000  0.250000

                       Ni X   0        Ni Y   0        Ni Z   0     
                    --------------- --------------- ---------------
    0   2.8874 THz   0.8165  0.0000 -0.4082  0.0000  0.4082  0.0000
    1   2.8874 THz   0.0000  0.0000 -0.7020  0.0851 -0.7020  0.0851
    2   5.4107 THz  -0.5774  0.0000 -0.5774  0.0000  0.5774  0.0000


 Q= -0.068650 -0.205950  0.205950, q=  0.000000  0.250000 -0.500000

                       Ni X   0        Ni Y   0        Ni Z   0     
                    --------------- --------------- ---------------
    0   4.7694 THz   0.5507  0.0000 -0.5902  0.0000  0.5902  0.0000
    1   4.8245 THz   0.0000  0.0000 -0.7017  0.0874 -0.7017  0.0874
    2   5.9966 THz   0.8347  0.0000  0.3894 -0.0000 -0.3894 -0.0000


 Q=  0.000000 -0.137300  0.137300, q=  0.000000  0.250000 -0.250000

                       Ni X   0        Ni Y   0        Ni Z   0     
                    --------------- --------------- ---------------
    0   3.8856 THz   0.0000  0.0000 -0.5172  0.4822 -0.5172  0.4822
    1   4.7656 THz   1.0000  0.0000  0.0000  0.0000  0.0000  0.0000
    2   5.8299 THz   0.0000  0.0000  0.4889  0.5109 -0.4889 -0.5109


 Q=  0.068650 -0.068650  0.068650, q=  0.000000  0.250000  0.000000

                       Ni X   0        Ni Y   0        Ni Z   0     
                    --------------- --------------- ---------------
    0   2.8874 THz   0.8165  0.0000  0.4082  0.0000 -0.4082 -0.0000
    1   2.8874 THz   0.0000  0.0000 -0.7063  0.0334 -0.7063  0.0334
    2   5.4107 THz   0.5774  0.0000 -0.5774 -0.0000  0.5774  0.0000


 Q=  0.137300  0.000000  0.000000, q=  0.000000  0.250000  0.250000

                       Ni X   0        Ni Y   0        Ni Z   0     
                    --------------- --------------- ---------------
    0   3.9827 THz   0.0000  0.0000 -0.9465  0.1350 -0.1463  0.2541
    1   3.9827 THz   0.0000  0.0000  0.2932  0.0002 -0.5898  0.7524
    2   4.6822 THz   1.0000  0.0000  0.0000  0.0000  0.0000  0.0000


 Q= -0.343250  0.068650  0.068650, q=  0.250000 -0.500000 -0.500000

                       Ni X   0        Ni Y   0        Ni Z   0     
                    --------------- --------------- ---------------
    0   4.7694 THz   0.5507  0.0000 -0.5902  0.0000 -0.5902 -0.0000
    1   4.8245 THz   0.0000  0.0000  0.7069 -0.0152 -0.7069  0.0152
    2   5.9966 THz   0.8347  0.0000  0.3894 -0.0000  0.3894  0.0000


 Q= -0.274600  0.137300  0.000000, q=  0.250000 -0.500000 -0.250000

                       Ni X   0        Ni Y   0        Ni Z   0     
                    --------------- --------------- ---------------
    0   4.8224 THz   0.0000  0.0000 -0.9995 -0.0329 -0.0000 -0.0000
    1   5.6270 THz   1.0000  0.0000  0.0000  0.0000  0.0000  0.0000
    2   5.6270 THz   0.0000  0.0000  0.0000  0.0000 -0.9895 -0.1444


 Q= -0.205950  0.205950 -0.068650, q=  0.250000 -0.500000  0.000000

                       Ni X   0        Ni Y   0        Ni Z   0     
                    --------------- --------------- ---------------
    0   4.7694 THz   0.5902  0.0000 -0.5902 -0.0000 -0.5507 -0.0000
    1   4.8245 THz   0.7071  0.0000  0.7071  0.0000 -0.0000  0.0000
    2   5.9966 THz  -0.3894  0.0000  0.3894 -0.0000 -0.8347  0.0000


 Q= -0.137300  0.274600 -0.137300, q=  0.250000 -0.500000  0.250000

                       Ni X   0        Ni Y   0        Ni Z   0     
                    --------------- --------------- ---------------
    0   3.8856 THz   0.7071  0.0000  0.0000  0.0000 -0.7071 -0.0000
    1   4.7656 THz   0.0000  0.0000 -0.9994  0.0336  0.0000  0.0000
    2   5.8299 THz   0.7071  0.0000  0.0000 -0.0000  0.7071  0.0000


 Q= -0.274600  0.000000  0.137300, q=  0.250000 -0.250000 -0.500000

                       Ni X   0        Ni Y   0        Ni Z   0     
                    --------------- --------------- ---------------
    0   4.8224 THz   0.0000  0.0000 -0.0000  0.0000 -1.0000 -0.0015
    1   5.6270 THz   0.0000  0.0000  0.9961 -0.0879 -0.0000  0.0000
    2   5.6270 THz   1.0000  0.0000  0.0000  0.0000  0.0000  0.0000


 Q= -0.205950  0.068650  0.068650, q=  0.250000 -0.250000 -0.250000

                       Ni X   0        Ni Y   0        Ni Z   0     
                    --------------- --------------- ---------------
    0   4.7694 THz  -0.5507  0.0000 -0.5902 -0.0000 -0.5902 -0.0000
    1   4.8245 THz   0.0000  0.0000  0.7063 -0.0343 -0.7063  0.0343
    2   5.9966 THz   0.8347  0.0000 -0.3894 -0.0000 -0.3894 -0.0000


 Q= -0.137300  0.137300  0.000000, q=  0.250000 -0.250000  0.000000

                       Ni X   0        Ni Y   0        Ni Z   0     
                    --------------- --------------- ---------------
    0   3.8856 THz  -0.7071  0.0000 -0.7071  0.0000 -0.0000  0.0000
    1   4.7656 THz   0.0000  0.0000 -0.0000  0.0000 -0.3852 -0.9228
    2   5.8299 THz   0.7071  0.0000 -0.7071  0.0000 -0.0000  0.0000


 Q= -0.068650  0.205950 -0.068650, q=  0.250000 -0.250000  0.250000

                       Ni X   0        Ni Y   0        Ni Z   0     
                    --------------- --------------- ---------------
    0   4.7694 THz   0.5902  0.0000  0.5507  0.0000  0.5902  0.0000
    1   4.8245 THz  -0.7071  0.0000  0.0000  0.0000  0.7071  0.0000
    2   5.9966 THz  -0.3894  0.0000  0.8347 -0.0000 -0.3894 -0.0000


 Q= -0.205950 -0.068650  0.205950, q=  0.250000  0.000000 -0.500000

                       Ni X   0        Ni Y   0        Ni Z   0     
                    --------------- --------------- ---------------
    0   4.7694 THz   0.5902  0.0000 -0.5507 -0.0000 -0.5902 -0.0000
    1   4.8245 THz   0.7071  0.0000  0.0000  0.0000  0.7071  0.0000
    2   5.9966 THz   0.3894  0.0000  0.8347 -0.0000 -0.3894  0.0000


 Q= -0.137300  0.000000  0.137300, q=  0.250000  0.000000 -0.250000

                       Ni X   0        Ni Y   0        Ni Z   0     
                    --------------- --------------- ---------------
    0   3.8856 THz   0.7071  0.0000  0.0000 -0.0000  0.7071 -0.0000
    1   4.7656 THz   0.0000  0.0000  0.9655 -0.2604  0.0000  0.0000
    2   5.8299 THz   0.7071  0.0000 -0.0000  0.0000 -0.7071  0.0000


 Q= -0.068650  0.068650  0.068650, q=  0.250000  0.000000  0.000000

                       Ni X   0        Ni Y   0        Ni Z   0     
                    --------------- --------------- ---------------
    0   2.8874 THz   0.4720  0.0000  0.8129 -0.0072 -0.3409  0.0072
    1   2.8874 THz   0.6662  0.0000 -0.0756  0.0051  0.7419 -0.0051
    2   5.4107 THz  -0.5774 -0.0000  0.5774 -0.0000  0.5774 -0.0000


 Q=  0.000000  0.137300  0.000000, q=  0.250000  0.000000  0.250000

                       Ni X   0        Ni Y   0        Ni Z   0     
                    --------------- --------------- ---------------
    0   3.9827 THz   1.0000  0.0000  0.0000  0.0000  0.0000  0.0000
    1   3.9827 THz   0.0000  0.0000  0.0000 -0.0000 -0.9830  0.1834
    2   4.6822 THz   0.0000  0.0000 -0.7225  0.6914 -0.0000 -0.0000


 Q= -0.137300 -0.137300  0.274600, q=  0.250000  0.250000 -0.500000

                       Ni X   0        Ni Y   0        Ni Z   0     
                    --------------- --------------- ---------------
    0   3.8856 THz   0.7071  0.0000 -0.7071 -0.0000  0.0000  0.0000
    1   4.7656 THz   0.0000  0.0000 -0.0000  0.0000 -0.7724  0.6351
    2   5.8299 THz   0.7071  0.0000  0.7071  0.0000 -0.0000 -0.0000


 Q= -0.068650 -0.068650  0.205950, q=  0.250000  0.250000 -0.250000

                       Ni X   0        Ni Y   0        Ni Z   0     
                    --------------- --------------- ---------------
    0   4.7694 THz   0.5902  0.0000  0.5902 -0.0000  0.5507 -0.0000
    1   4.8245 THz  -0.7071  0.0000  0.7071 -0.0000 -0.0000 -0.0000
    2   5.9966 THz   0.3894  0.0000  0.3894 -0.0000 -0.8347 -0.0000


 Q=  0.000000  0.000000  0.137300, q=  0.250000  0.250000  0.000000

                       Ni X   0        Ni Y   0        Ni Z   0     
                    --------------- --------------- ---------------
    0   3.9827 THz   0.0000  0.0000  0.1191 -0.9929  0.0000  0.0000
    1   3.9827 THz   1.0000  0.0000  0.0000  0.0000  0.0000  0.0000
    2   4.6822 THz   0.0000  0.0000 -0.0000 -0.0000 -0.8738 -0.4863


 Q=  0.068650  0.068650  0.068650, q=  0.250000  0.250000  0.250000

                       Ni X   0        Ni Y   0        Ni Z   0     
                    --------------- --------------- ---------------
    0   2.8874 THz   0.0000  0.0000  0.7070 -0.0144 -0.7070  0.0144
    1   2.8874 THz   0.8165  0.0000 -0.4082 -0.0000 -0.4082  0.0000
    2   5.4107 THz  -0.5774  0.0000 -0.5774 -0.0000 -0.5774  0.0000
