6.679992 0.000000 0.000000
0.000000 6.679992 0.000000
3.339996 3.339996 2.998822
0.806072 0.873370 0.387857 O
0.806072 0.238772 0.387857 O
0.738772 0.306072 0.887857 O
0.373370 0.306072 0.887857 O
0.193928 0.761228 0.612143 O
0.193928 0.126630 0.612143 O
0.261228 0.693928 0.112143 O
0.626630 0.693928 0.112143 O
0.625000 0.875000 0.750000 Si
0.375000 0.125000 0.250000 Si
0.875000 0.625000 0.250000 Zr
0.125000 0.375000 0.750000 Zr
4.133303 0.0 0.0 
-0.0 4.133303 0.0 
0.0 0.0 4.3957 
 ion  1
  1 -1.1352 -7e-05 2e-05 
  2 0.0 -3.12788 -0.33645 
  3 0.0 -0.14089 -2.27976 
 ion  2
  1 -1.1352 7e-05 2e-05 
  2 -0.0 -3.12794 0.3364 
  3 0.0 0.14089 -2.27976 
 ion  3
  1 -3.12789 -0.0 0.33649 
  2 9e-05 -1.1352 1e-05 
  3 0.14089 0.0 -2.27976 
 ion  4
  1 -3.12793 -0.0 -0.33636 
  2 -9e-05 -1.1352 1e-05 
  3 -0.14089 0.0 -2.27976 
 ion  5
  1 -1.1352 -7e-05 -2e-05 
  2 0.0 -3.12788 0.33645 
  3 -0.0 0.14078 -2.27984 
 ion  6
  1 -1.1352 7e-05 -2e-05 
  2 0.0 -3.12794 -0.3364 
  3 -0.0 -0.14078 -2.27984 
 ion  7
  1 -3.12793 0.0 0.33636 
  2 -9e-05 -1.1352 -1e-05 
  3 0.14078 -0.0 -2.27984 
 ion  8
  1 -3.12789 0.0 -0.33649 
  2 9e-05 -1.1352 -1e-05 
  3 -0.14078 -0.0 -2.27984 
 ion  9
  1 3.18199 0.0 3e-05 
  2 0.0 3.18199 -4e-05 
  3 -0.0 0.0 4.46578 
 ion  10
  1 3.18199 -0.0 -3e-05 
  2 -0.0 3.18199 4e-05 
  3 0.0 -0.0 4.46578 
 ion  11
  1 5.35314 -0.0 1e-05 
  2 0.0 5.35318 2e-05 
  3 -0.0 -0.0 4.65035 
 ion  12
  1 5.35314 -0.0 -1e-05 
  2 -0.0 5.35318 -2e-05 
  3 -0.0 -0.0 4.65035 
