
Used Primitive lattice vector

    0.000000000000      2.781146000000      2.781146000000  
    2.781146000000      0.000000000000      2.781146000000  
    2.781146000000      2.781146000000      0.000000000000  

   2 Atom(s) in the Primitive cell

 0.0000000000 0.0000000000 0.0000000000 Na    0
 0.5000000000 0.5000000000 0.5000000000 Cl    1


 Q= -0.089891 -0.089891 -0.089891, q= -0.500000 -0.500000 -0.500000

                       Na X   0        Na Y   0        Na Z   0        Cl X   1        Cl Y   1        Cl Z   1     
                    --------------- --------------- --------------- --------------- --------------- ---------------
    0   4.6540 THz   0.0000  0.0000  0.0000  0.0000 -0.0000 -0.0000  0.2492  0.2770 -0.2047  0.4856 -0.0445 -0.7626
    1   4.6540 THz   0.0000  0.0000  0.0000  0.0000 -0.0000 -0.0000  0.6156  0.3859 -0.3562 -0.5119 -0.2594  0.1260
    2   5.1423 THz   0.0000  0.0000  0.7071 -0.0000 -0.7071  0.0000 -0.0000  0.0000  0.0000 -0.0000  0.0000 -0.0000
    3   5.1423 THz   0.8165  0.0000 -0.4082 -0.0000 -0.4082  0.0000  0.0000 -0.0000  0.0000 -0.0000  0.0000  0.0000
    4   5.4961 THz   0.0000  0.0000 -0.0000  0.0000  0.0000 -0.0000 -0.0529 -0.5749 -0.0529 -0.5749 -0.0529 -0.5749
    5   6.8737 THz  -0.5774  0.0000 -0.5774 -0.0000 -0.5774  0.0000  0.0000 -0.0000  0.0000 -0.0000  0.0000  0.0000


 Q= -0.044946 -0.044946 -0.134837, q= -0.500000 -0.500000 -0.250000

                       Na X   0        Na Y   0        Na Z   0        Cl X   1        Cl Y   1        Cl Z   1     
                    --------------- --------------- --------------- --------------- --------------- ---------------
    0   4.2719 THz   0.4232  0.0000 -0.4232 -0.0000 -0.0000  0.0000  0.5665  0.0000 -0.5665 -0.0000  0.0000 -0.0000
    1   4.7234 THz   0.3292  0.0000  0.3292  0.0000 -0.1767  0.0000  0.5992  0.0000  0.5992  0.0000 -0.1846 -0.0000
    2   5.0578 THz  -0.2131  0.0000 -0.2131  0.0000  0.3979  0.0000  0.0426  0.0000  0.0426  0.0000 -0.8644 -0.0000
    3   5.6451 THz   0.5665  0.0000 -0.5665 -0.0000  0.0000  0.0000 -0.4232 -0.0000  0.4232  0.0000  0.0000  0.0000
    4   5.6890 THz   0.2709  0.0000  0.2709  0.0000 -0.6576 -0.0000 -0.3178 -0.0000 -0.3178 -0.0000 -0.4677 -0.0000
    5   6.5400 THz   0.5223  0.0000  0.5223  0.0000  0.6148 -0.0000 -0.1954 -0.0000 -0.1954 -0.0000  0.0062 -0.0000


 Q=  0.000000  0.000000 -0.179782, q= -0.500000 -0.500000  0.000000

                       Na X   0        Na Y   0        Na Z   0        Cl X   1        Cl Y   1        Cl Z   1     
                    --------------- --------------- --------------- --------------- --------------- ---------------
    0   4.0258 THz   0.0000  0.0000 -0.6507  0.0000  0.0000 -0.0000  0.0000  0.0000 -0.7593  0.0000  0.0000  0.0000
    1   4.0258 THz  -0.6507  0.0000  0.0000  0.0000  0.0000  0.0000 -0.7593 -0.0000 -0.0000  0.0000  0.0000  0.0000
    2   5.3347 THz   0.0000  0.0000 -0.0000  0.0000  0.4808  0.0000  0.0000  0.0000 -0.0000 -0.0000 -0.8768 -0.0000
    3   5.9304 THz   0.0000  0.0000 -0.0000  0.0000 -0.8768 -0.0000  0.0000  0.0000  0.0000 -0.0000 -0.4808 -0.0000
    4   5.9833 THz   0.7593  0.0000  0.0000  0.0000  0.0000  0.0000 -0.6507 -0.0000 -0.0000  0.0000  0.0000  0.0000
    5   5.9833 THz   0.0000  0.0000  0.7593 -0.0000 -0.0000 -0.0000  0.0000  0.0000 -0.6507  0.0000 -0.0000 -0.0000


 Q=  0.044946  0.044946 -0.224728, q= -0.500000 -0.500000  0.250000

                       Na X   0        Na Y   0        Na Z   0        Cl X   1        Cl Y   1        Cl Z   1     
                    --------------- --------------- --------------- --------------- --------------- ---------------
    0   4.2719 THz   0.4232  0.0000 -0.4232  0.0000 -0.0000  0.0000  0.5665 -0.0000 -0.5665  0.0000  0.0000 -0.0000
    1   4.7234 THz   0.3292  0.0000  0.3292  0.0000 -0.1767 -0.0000  0.5992 -0.0000  0.5992 -0.0000 -0.1846  0.0000
    2   5.0578 THz  -0.2131  0.0000 -0.2131 -0.0000  0.3979 -0.0000  0.0426 -0.0000  0.0426 -0.0000 -0.8644  0.0000
    3   5.6451 THz   0.5665  0.0000 -0.5665 -0.0000  0.0000  0.0000 -0.4232  0.0000  0.4232  0.0000  0.0000  0.0000
    4   5.6890 THz   0.2709  0.0000  0.2709  0.0000 -0.6576 -0.0000 -0.3178 -0.0000 -0.3178 -0.0000 -0.4677 -0.0000
    5   6.5400 THz   0.5223  0.0000  0.5223 -0.0000  0.6148 -0.0000 -0.1954  0.0000 -0.1954  0.0000  0.0062  0.0000


 Q= -0.044946 -0.134837 -0.044946, q= -0.500000 -0.250000 -0.500000

                       Na X   0        Na Y   0        Na Z   0        Cl X   1        Cl Y   1        Cl Z   1     
                    --------------- --------------- --------------- --------------- --------------- ---------------
    0   4.2719 THz   0.4232  0.0000  0.0000 -0.0000 -0.4232  0.0000  0.5665  0.0000  0.0000  0.0000 -0.5665 -0.0000
    1   4.7234 THz  -0.3292  0.0000  0.1767 -0.0000 -0.3292 -0.0000 -0.5992 -0.0000  0.1846  0.0000 -0.5992 -0.0000
    2   5.0578 THz   0.2131  0.0000 -0.3979 -0.0000  0.2131  0.0000 -0.0426 -0.0000  0.8644  0.0000 -0.0426 -0.0000
    3   5.6451 THz   0.5665  0.0000  0.0000 -0.0000 -0.5665  0.0000 -0.4232 -0.0000  0.0000 -0.0000  0.4232 -0.0000
    4   5.6890 THz   0.2709  0.0000 -0.6576  0.0000  0.2709 -0.0000 -0.3178  0.0000 -0.4677  0.0000 -0.3178  0.0000
    5   6.5400 THz   0.5223  0.0000  0.6148  0.0000  0.5223 -0.0000 -0.1954 -0.0000  0.0062 -0.0000 -0.1954 -0.0000


 Q=  0.000000 -0.089891 -0.089891, q= -0.500000 -0.250000 -0.250000

                       Na X   0        Na Y   0        Na Z   0        Cl X   1        Cl Y   1        Cl Z   1     
                    --------------- --------------- --------------- --------------- --------------- ---------------
    0   4.3212 THz  -0.6164  0.0000  0.0000 -0.0000 -0.0000  0.0000 -0.7874  0.0000 -0.0000  0.0000  0.0000 -0.0000
    1   4.6527 THz   0.0000  0.0000  0.0056  0.1590 -0.0056 -0.1590  0.0000  0.0000  0.0241  0.6886 -0.0241 -0.6886
    2   5.1372 THz   0.0000  0.0000  0.0360 -0.1449  0.0360 -0.1449  0.0000 -0.0000  0.1666 -0.6708  0.1666 -0.6708
    3   5.1433 THz   0.0000  0.0000 -0.6212  0.2980  0.6212 -0.2980 -0.0000 -0.0000  0.1434 -0.0688 -0.1434  0.0688
    4   5.8960 THz   0.7874  0.0000  0.0000 -0.0000 -0.0000  0.0000 -0.6164  0.0000 -0.0000  0.0000  0.0000 -0.0000
    5   6.5406 THz   0.0000  0.0000  0.0084 -0.6911  0.0084 -0.6911  0.0000 -0.0000 -0.0018  0.1493 -0.0018  0.1493


 Q=  0.044946 -0.044946 -0.134837, q= -0.500000 -0.250000  0.000000

                       Na X   0        Na Y   0        Na Z   0        Cl X   1        Cl Y   1        Cl Z   1     
                    --------------- --------------- --------------- --------------- --------------- ---------------
    0   4.2719 THz  -0.4232  0.0000 -0.4232  0.0000 -0.0000 -0.0000 -0.5665  0.0000 -0.5665  0.0000  0.0000  0.0000
    1   4.7234 THz   0.3292  0.0000 -0.3292  0.0000  0.1767  0.0000  0.5992 -0.0000 -0.5992  0.0000  0.1846 -0.0000
    2   5.0578 THz   0.2131  0.0000 -0.2131  0.0000  0.3979 -0.0000 -0.0426  0.0000  0.0426 -0.0000 -0.8644  0.0000
    3   5.6451 THz  -0.5665  0.0000 -0.5665  0.0000  0.0000 -0.0000  0.4232 -0.0000  0.4232 -0.0000  0.0000  0.0000
    4   5.6890 THz  -0.2709  0.0000  0.2709 -0.0000 -0.6576 -0.0000  0.3178 -0.0000 -0.3178  0.0000 -0.4677 -0.0000
    5   6.5400 THz   0.5223  0.0000 -0.5223 -0.0000 -0.6148 -0.0000 -0.1954  0.0000  0.1954 -0.0000 -0.0062 -0.0000


 Q=  0.089891  0.000000 -0.179782, q= -0.500000 -0.250000  0.250000

                       Na X   0        Na Y   0        Na Z   0        Cl X   1        Cl Y   1        Cl Z   1     
                    --------------- --------------- --------------- --------------- --------------- ---------------
    0   4.7478 THz   0.0000  0.0000  0.4279  0.2554  0.3181  0.0356  0.0000  0.0000  0.5822  0.3474 -0.4327 -0.0484
    1   4.7478 THz   0.0000  0.0000 -0.2548 -0.1937  0.4859  0.1104 -0.0000 -0.0000 -0.3466 -0.2635 -0.6611 -0.1502
    2   4.9458 THz   0.0000  0.0000  0.0000  0.0000  0.0000  0.0000  0.3136 -0.9495  0.0000  0.0000 -0.0000 -0.0000
    3   5.7845 THz   1.0000  0.0000  0.0000  0.0000  0.0000  0.0000  0.0000  0.0000  0.0000  0.0000  0.0000  0.0000
    4   5.9407 THz   0.0000  0.0000 -0.7641 -0.2095 -0.1085 -0.0985  0.0000  0.0000  0.5616  0.1540 -0.0797 -0.0724
    5   5.9407 THz   0.0000  0.0000 -0.1450  0.0215  0.7515  0.2511 -0.0000  0.0000  0.1065 -0.0158  0.5524  0.1845


 Q=  0.000000 -0.179782  0.000000, q= -0.500000  0.000000 -0.500000

                       Na X   0        Na Y   0        Na Z   0        Cl X   1        Cl Y   1        Cl Z   1     
                    --------------- --------------- --------------- --------------- --------------- ---------------
    0   4.0258 THz   0.0000  0.0000  0.0000  0.0000  0.6507 -0.0000 -0.0000  0.0000 -0.0000  0.0000  0.7593 -0.0000
    1   4.0258 THz   0.6507  0.0000  0.0000  0.0000  0.0000 -0.0000  0.7593 -0.0000 -0.0000 -0.0000  0.0000 -0.0000
    2   5.3347 THz   0.0000  0.0000 -0.4808  0.0000 -0.0000 -0.0000  0.0000  0.0000  0.8768 -0.0000  0.0000 -0.0000
    3   5.9304 THz   0.0000  0.0000  0.8768 -0.0000  0.0000 -0.0000  0.0000  0.0000  0.4808 -0.0000 -0.0000  0.0000
    4   5.9833 THz   0.0000  0.0000  0.0000 -0.0000 -0.7593  0.0000  0.0000  0.0000  0.0000 -0.0000  0.6507 -0.0000
    5   5.9833 THz   0.7593  0.0000  0.0000 -0.0000 -0.0000  0.0000 -0.6507  0.0000  0.0000  0.0000 -0.0000  0.0000


 Q=  0.044946 -0.134837 -0.044946, q= -0.500000  0.000000 -0.250000

                       Na X   0        Na Y   0        Na Z   0        Cl X   1        Cl Y   1        Cl Z   1     
                    --------------- --------------- --------------- --------------- --------------- ---------------
    0   4.2719 THz  -0.4232  0.0000  0.0000 -0.0000 -0.4232  0.0000 -0.5665 -0.0000  0.0000  0.0000 -0.5665 -0.0000
    1   4.7234 THz  -0.3292  0.0000 -0.1767  0.0000  0.3292  0.0000 -0.5992 -0.0000 -0.1846 -0.0000  0.5992  0.0000
    2   5.0578 THz  -0.2131  0.0000 -0.3979 -0.0000  0.2131  0.0000  0.0426  0.0000  0.8644  0.0000 -0.0426 -0.0000
    3   5.6451 THz  -0.5665  0.0000  0.0000 -0.0000 -0.5665  0.0000  0.4232  0.0000  0.0000 -0.0000  0.4232 -0.0000
    4   5.6890 THz  -0.2709  0.0000 -0.6576  0.0000  0.2709 -0.0000  0.3178 -0.0000 -0.4677  0.0000 -0.3178  0.0000
    5   6.5400 THz   0.5223  0.0000 -0.6148  0.0000 -0.5223  0.0000 -0.1954 -0.0000 -0.0062  0.0000  0.1954  0.0000


 Q=  0.089891 -0.089891 -0.089891, q= -0.500000  0.000000  0.000000

                       Na X   0        Na Y   0        Na Z   0        Cl X   1        Cl Y   1        Cl Z   1     
                    --------------- --------------- --------------- --------------- --------------- ---------------
    0   4.6540 THz  -0.0000  0.0000  0.0000  0.0000 -0.0000 -0.0000 -0.1120  0.3995  0.2623 -0.3195 -0.3742  0.7190
    1   4.6540 THz  -0.0000  0.0000 -0.0000 -0.0000 -0.0000  0.0000 -0.1619  0.6843 -0.2560  0.6559  0.0941  0.0284
    2   5.1423 THz  -0.0000  0.0000  0.7071  0.0000 -0.7071 -0.0000  0.0000 -0.0000 -0.0000  0.0000  0.0000 -0.0000
    3   5.1423 THz  -0.8165  0.0000 -0.4082  0.0000 -0.4082 -0.0000  0.0000 -0.0000  0.0000 -0.0000  0.0000 -0.0000
    4   5.4961 THz   0.0000  0.0000  0.0000  0.0000  0.0000  0.0000 -0.5456  0.1888  0.5456 -0.1888  0.5456 -0.1888
    5   6.8737 THz   0.5774  0.0000 -0.5774  0.0000 -0.5774  0.0000 -0.0000  0.0000  0.0000 -0.0000  0.0000 -0.0000


 Q=  0.134837 -0.044946 -0.134837, q= -0.500000  0.000000  0.250000

                       Na X   0        Na Y   0        Na Z   0        Cl X   1        Cl Y   1        Cl Z   1     
                    --------------- --------------- --------------- --------------- --------------- ---------------
    0   4.2719 THz  -0.4232  0.0000  0.0000 -0.0000 -0.4232  0.0000  0.5665 -0.0000 -0.0000  0.0000  0.5665 -0.0000
    1   4.7234 THz   0.3292  0.0000  0.1767  0.0000 -0.3292  0.0000 -0.5992  0.0000 -0.1846  0.0000  0.5992 -0.0000
    2   5.0578 THz   0.2131  0.0000  0.3979 -0.0000 -0.2131 -0.0000  0.0426 -0.0000  0.8644 -0.0000 -0.0426  0.0000
    3   5.6451 THz  -0.5665  0.0000  0.0000 -0.0000 -0.5665  0.0000 -0.4232 -0.0000 -0.0000  0.0000 -0.4232  0.0000
    4   5.6890 THz   0.2709  0.0000  0.6576  0.0000 -0.2709  0.0000  0.3178  0.0000 -0.4677 -0.0000 -0.3178  0.0000
    5   6.5400 THz   0.5223  0.0000 -0.6148 -0.0000 -0.5223  0.0000  0.1954 -0.0000  0.0062  0.0000 -0.1954  0.0000


 Q=  0.044946 -0.224728  0.044946, q= -0.500000  0.250000 -0.500000

                       Na X   0        Na Y   0        Na Z   0        Cl X   1        Cl Y   1        Cl Z   1     
                    --------------- --------------- --------------- --------------- --------------- ---------------
    0   4.2719 THz   0.4232  0.0000  0.0000  0.0000 -0.4232 -0.0000  0.5665  0.0000  0.0000 -0.0000 -0.5665 -0.0000
    1   4.7234 THz  -0.3292  0.0000  0.1767  0.0000 -0.3292 -0.0000 -0.5992 -0.0000  0.1846 -0.0000 -0.5992 -0.0000
    2   5.0578 THz   0.2131  0.0000 -0.3979 -0.0000  0.2131  0.0000 -0.0426 -0.0000  0.8644  0.0000 -0.0426  0.0000
    3   5.6451 THz   0.5665  0.0000  0.0000  0.0000 -0.5665 -0.0000 -0.4232  0.0000  0.0000  0.0000  0.4232  0.0000
    4   5.6890 THz   0.2709  0.0000 -0.6576 -0.0000  0.2709  0.0000 -0.3178 -0.0000 -0.4677 -0.0000 -0.3178 -0.0000
    5   6.5400 THz   0.5223  0.0000  0.6148 -0.0000  0.5223  0.0000 -0.1954 -0.0000  0.0062  0.0000 -0.1954  0.0000


 Q=  0.089891 -0.179782  0.000000, q= -0.500000  0.250000 -0.250000

                       Na X   0        Na Y   0        Na Z   0        Cl X   1        Cl Y   1        Cl Z   1     
                    --------------- --------------- --------------- --------------- --------------- ---------------
    0   4.7478 THz   0.0000  0.0000  0.5885 -0.0064  0.0326 -0.0578 -0.0000  0.0000 -0.8006  0.0087  0.0443 -0.0787
    1   4.7478 THz   0.0000  0.0000 -0.0264  0.0609 -0.3507 -0.4726 -0.0000  0.0000  0.0359 -0.0828 -0.4771 -0.6430
    2   4.9458 THz   0.0000  0.0000  0.0000 -0.0000 -0.0000 -0.0000  0.5780 -0.8160 -0.0000 -0.0000 -0.0000  0.0000
    3   5.7845 THz   1.0000  0.0000  0.0000  0.0000  0.0000  0.0000  0.0000  0.0000  0.0000  0.0000  0.0000  0.0000
    4   5.9407 THz   0.0000  0.0000  0.6655  0.0669 -0.4151 -0.1719 -0.0000  0.0000  0.4892  0.0491  0.3051  0.1263
    5   5.9407 THz   0.0000  0.0000  0.3867 -0.2288  0.6494 -0.1603 -0.0000  0.0000  0.2842 -0.1682 -0.4773  0.1178


 Q=  0.134837 -0.134837 -0.044946, q= -0.500000  0.250000  0.000000

                       Na X   0        Na Y   0        Na Z   0        Cl X   1        Cl Y   1        Cl Z   1     
                    --------------- --------------- --------------- --------------- --------------- ---------------
    0   4.2719 THz  -0.4232  0.0000 -0.4232 -0.0000 -0.0000  0.0000  0.5665  0.0000  0.5665  0.0000 -0.0000  0.0000
    1   4.7234 THz  -0.3292  0.0000  0.3292  0.0000 -0.1767  0.0000  0.5992  0.0000 -0.5992 -0.0000  0.1846  0.0000
    2   5.0578 THz  -0.2131  0.0000  0.2131  0.0000 -0.3979 -0.0000 -0.0426 -0.0000  0.0426  0.0000 -0.8644 -0.0000
    3   5.6451 THz  -0.5665  0.0000 -0.5665 -0.0000  0.0000  0.0000 -0.4232 -0.0000 -0.4232 -0.0000 -0.0000 -0.0000
    4   5.6890 THz   0.2709  0.0000 -0.2709 -0.0000  0.6576  0.0000  0.3178  0.0000 -0.3178 -0.0000 -0.4677 -0.0000
    5   6.5400 THz   0.5223  0.0000 -0.5223  0.0000 -0.6148  0.0000  0.1954  0.0000 -0.1954  0.0000  0.0062 -0.0000


 Q=  0.179782 -0.089891 -0.089891, q= -0.500000  0.250000  0.250000

                       Na X   0        Na Y   0        Na Z   0        Cl X   1        Cl Y   1        Cl Z   1     
                    --------------- --------------- --------------- --------------- --------------- ---------------
    0   4.3212 THz  -0.6164  0.0000 -0.0000  0.0000 -0.0000 -0.0000  0.7874  0.0000  0.0000  0.0000 -0.0000 -0.0000
    1   4.6527 THz   0.0000  0.0000 -0.1585  0.0130  0.1585 -0.0130 -0.0000  0.0000  0.6867 -0.0563 -0.6867  0.0563
    2   5.1372 THz   0.0000  0.0000  0.1493  0.0009  0.1493  0.0009  0.0000  0.0000 -0.6911 -0.0042 -0.6911 -0.0042
    3   5.1433 THz   0.0000  0.0000 -0.6890 -0.0053  0.6890  0.0053 -0.0000 -0.0000 -0.1590 -0.0012  0.1590  0.0012
    4   5.8960 THz   0.7874  0.0000 -0.0000  0.0000 -0.0000 -0.0000  0.6164  0.0000  0.0000  0.0000 -0.0000 -0.0000
    5   6.5406 THz   0.0000  0.0000 -0.6853  0.0901 -0.6853  0.0901 -0.0000  0.0000 -0.1480  0.0195 -0.1480  0.0195


 Q= -0.134837 -0.044946 -0.044946, q= -0.250000 -0.500000 -0.500000

                       Na X   0        Na Y   0        Na Z   0        Cl X   1        Cl Y   1        Cl Z   1     
                    --------------- --------------- --------------- --------------- --------------- ---------------
    0   4.2719 THz   0.0000  0.0000 -0.4210  0.0436  0.4210 -0.0436 -0.0000  0.0000 -0.5635  0.0584  0.5635 -0.0584
    1   4.7234 THz   0.1767  0.0000 -0.3292 -0.0000 -0.3292 -0.0000  0.1846  0.0000 -0.5992 -0.0000 -0.5992 -0.0000
    2   5.0578 THz  -0.3979  0.0000  0.2131 -0.0000  0.2131 -0.0000  0.8644  0.0000 -0.0426 -0.0000 -0.0426 -0.0000
    3   5.6451 THz   0.0000  0.0000  0.5643  0.0491 -0.5643 -0.0491  0.0000 -0.0000 -0.4216 -0.0367  0.4216  0.0367
    4   5.6890 THz   0.6576  0.0000 -0.2709 -0.0000 -0.2709  0.0000  0.4677  0.0000  0.3178  0.0000  0.3178 -0.0000
    5   6.5400 THz   0.6148  0.0000  0.5223 -0.0000  0.5223 -0.0000  0.0062 -0.0000 -0.1954 -0.0000 -0.1954 -0.0000


 Q= -0.089891  0.000000 -0.089891, q= -0.250000 -0.500000 -0.250000

                       Na X   0        Na Y   0        Na Z   0        Cl X   1        Cl Y   1        Cl Z   1     
                    --------------- --------------- --------------- --------------- --------------- ---------------
    0   4.3212 THz  -0.0000  0.0000 -0.5959 -0.1577  0.0000  0.0000  0.0000  0.0000 -0.7612 -0.2015 -0.0000 -0.0000
    1   4.6527 THz   0.1591  0.0000  0.0000 -0.0000 -0.1591 -0.0000  0.6890  0.0000  0.0000 -0.0000 -0.6890 -0.0000
    2   5.1372 THz  -0.1493  0.0000  0.0000 -0.0000 -0.1493 -0.0000 -0.6912 -0.0000 -0.0000  0.0000 -0.6912 -0.0000
    3   5.1433 THz  -0.6890  0.0000 -0.0000 -0.0000  0.6890  0.0000  0.1591  0.0000  0.0000  0.0000 -0.1591  0.0000
    4   5.8960 THz  -0.0000  0.0000  0.7873 -0.0135  0.0000 -0.0000  0.0000  0.0000 -0.6163  0.0106 -0.0000  0.0000
    5   6.5406 THz   0.6912  0.0000  0.0000 -0.0000  0.6912  0.0000 -0.1493 -0.0000 -0.0000  0.0000 -0.1493  0.0000


 Q= -0.044946  0.044946 -0.134837, q= -0.250000 -0.500000  0.000000

                       Na X   0        Na Y   0        Na Z   0        Cl X   1        Cl Y   1        Cl Z   1     
                    --------------- --------------- --------------- --------------- --------------- ---------------
    0   4.2719 THz  -0.4232  0.0000 -0.4232 -0.0000 -0.0000 -0.0000 -0.5665 -0.0000 -0.5665  0.0000 -0.0000  0.0000
    1   4.7234 THz   0.3292  0.0000 -0.3292 -0.0000 -0.1767 -0.0000  0.5992  0.0000 -0.5992  0.0000 -0.1846  0.0000
    2   5.0578 THz   0.2131  0.0000 -0.2131 -0.0000 -0.3979 -0.0000 -0.0426  0.0000  0.0426 -0.0000  0.8644 -0.0000
    3   5.6451 THz   0.5665  0.0000  0.5665  0.0000  0.0000  0.0000 -0.4232  0.0000 -0.4232 -0.0000  0.0000  0.0000
    4   5.6890 THz   0.2709  0.0000 -0.2709 -0.0000 -0.6576 -0.0000 -0.3178 -0.0000  0.3178  0.0000 -0.4677 -0.0000
    5   6.5400 THz   0.5223  0.0000 -0.5223  0.0000  0.6148  0.0000 -0.1954 -0.0000  0.1954 -0.0000  0.0062  0.0000


 Q=  0.000000  0.089891 -0.179782, q= -0.250000 -0.500000  0.250000

                       Na X   0        Na Y   0        Na Z   0        Cl X   1        Cl Y   1        Cl Z   1     
                    --------------- --------------- --------------- --------------- --------------- ---------------
    0   4.7478 THz   0.0000  0.0000 -0.0000 -0.0000  0.5766 -0.1353 -0.0000  0.0000  0.0000 -0.0000 -0.7844  0.1841
    1   4.7478 THz  -0.5923  0.0000  0.0000 -0.0000 -0.0000 -0.0000 -0.8058 -0.0000 -0.0000 -0.0000 -0.0000 -0.0000
    2   4.9458 THz   0.0000  0.0000  0.0000 -0.0000  0.0000 -0.0000 -0.0000 -0.0000 -0.6954  0.7187 -0.0000  0.0000
    3   5.7845 THz   0.0000  0.0000  0.0608 -0.9982  0.0000  0.0000  0.0000 -0.0000 -0.0000 -0.0000  0.0000  0.0000
    4   5.9407 THz   0.0000  0.0000 -0.0000 -0.0000 -0.7940 -0.1369  0.0000 -0.0000  0.0000  0.0000 -0.5836 -0.1006
    5   5.9407 THz   0.8058  0.0000  0.0000 -0.0000 -0.0000 -0.0000 -0.5923 -0.0000 -0.0000 -0.0000 -0.0000 -0.0000


 Q= -0.089891 -0.089891  0.000000, q= -0.250000 -0.250000 -0.500000

                       Na X   0        Na Y   0        Na Z   0        Cl X   1        Cl Y   1        Cl Z   1     
                    --------------- --------------- --------------- --------------- --------------- ---------------
    0   4.3212 THz   0.0000  0.0000 -0.0000 -0.0000 -0.6161 -0.0176  0.0000  0.0000 -0.0000 -0.0000 -0.7871 -0.0224
    1   4.6527 THz   0.1591  0.0000 -0.1591  0.0000  0.0000 -0.0000  0.6890 -0.0000 -0.6890  0.0000  0.0000 -0.0000
    2   5.1372 THz  -0.1493  0.0000 -0.1493  0.0000  0.0000 -0.0000 -0.6912  0.0000 -0.6912  0.0000  0.0000 -0.0000
    3   5.1433 THz   0.6890  0.0000 -0.6890  0.0000  0.0000  0.0000 -0.1591  0.0000  0.1591  0.0000 -0.0000 -0.0000
    4   5.8960 THz   0.0000  0.0000  0.0000 -0.0000 -0.5679 -0.5455 -0.0000 -0.0000  0.0000  0.0000  0.4445  0.4270
    5   6.5406 THz   0.6912  0.0000  0.6912 -0.0000  0.0000  0.0000 -0.1493  0.0000 -0.1493 -0.0000 -0.0000 -0.0000


 Q= -0.044946 -0.044946 -0.044946, q= -0.250000 -0.250000 -0.250000

                       Na X   0        Na Y   0        Na Z   0        Cl X   1        Cl Y   1        Cl Z   1     
                    --------------- --------------- --------------- --------------- --------------- ---------------
    0   3.9105 THz   0.1443  0.0000  0.3351 -0.0212 -0.4794  0.0212  0.1908  0.0000  0.4431 -0.0280 -0.6339  0.0280
    1   3.9105 THz  -0.4709  0.0000  0.3603 -0.0065  0.1106  0.0065 -0.6226 -0.0000  0.4764 -0.0086  0.1463  0.0086
    2   4.4868 THz  -0.2894  0.0000 -0.2894  0.0000 -0.2894  0.0000 -0.4996 -0.0000 -0.4996 -0.0000 -0.4996 -0.0000
    3   5.5507 THz  -0.6156  0.0000  0.1244  0.0141  0.4912 -0.0141  0.4656  0.0000 -0.0941 -0.0106 -0.3715  0.0106
    4   5.5507 THz  -0.2124  0.0000  0.6378 -0.0407 -0.4254  0.0407  0.1606 -0.0000 -0.4823  0.0308  0.3217 -0.0308
    5   6.3611 THz   0.4996  0.0000  0.4996 -0.0000  0.4996  0.0000 -0.2894 -0.0000 -0.2894 -0.0000 -0.2894 -0.0000


 Q=  0.000000  0.000000 -0.089891, q= -0.250000 -0.250000  0.000000

                       Na X   0        Na Y   0        Na Z   0        Cl X   1        Cl Y   1        Cl Z   1     
                    --------------- --------------- --------------- --------------- --------------- ---------------
    0   3.7481 THz   0.0000  0.0000 -0.5643  0.2961  0.0000  0.0000  0.0000 -0.0000 -0.6824  0.3581  0.0000 -0.0000
    1   3.7481 THz  -0.6372  0.0000  0.0000  0.0000 -0.0000 -0.0000 -0.7707 -0.0000 -0.0000 -0.0000 -0.0000  0.0000
    2   4.7830 THz   0.0000  0.0000 -0.0000 -0.0000 -0.0967 -0.2708  0.0000 -0.0000 -0.0000 -0.0000 -0.3222 -0.9019
    3   5.8446 THz   0.0000  0.0000  0.6808  0.3612 -0.0000 -0.0000  0.0000  0.0000 -0.5629 -0.2987  0.0000  0.0000
    4   5.8446 THz   0.7707  0.0000  0.0000  0.0000 -0.0000 -0.0000 -0.6372 -0.0000 -0.0000 -0.0000 -0.0000  0.0000
    5   6.2008 THz   0.0000  0.0000 -0.0000 -0.0000 -0.3065 -0.9074  0.0000  0.0000 -0.0000  0.0000  0.0920  0.2724


 Q=  0.044946  0.044946 -0.134837, q= -0.250000 -0.250000  0.250000

                       Na X   0        Na Y   0        Na Z   0        Cl X   1        Cl Y   1        Cl Z   1     
                    --------------- --------------- --------------- --------------- --------------- ---------------
    0   4.2719 THz   0.4232  0.0000 -0.4232 -0.0000 -0.0000  0.0000  0.5665  0.0000 -0.5665 -0.0000 -0.0000 -0.0000
    1   4.7234 THz   0.3292  0.0000  0.3292  0.0000  0.1767 -0.0000  0.5992  0.0000  0.5992  0.0000  0.1846  0.0000
    2   5.0578 THz  -0.2131  0.0000 -0.2131 -0.0000 -0.3979  0.0000  0.0426  0.0000  0.0426  0.0000  0.8644  0.0000
    3   5.6451 THz  -0.5665  0.0000  0.5665 -0.0000  0.0000 -0.0000  0.4232  0.0000 -0.4232 -0.0000  0.0000 -0.0000
    4   5.6890 THz  -0.2709  0.0000 -0.2709  0.0000 -0.6576  0.0000  0.3178  0.0000  0.3178  0.0000 -0.4677 -0.0000
    5   6.5400 THz   0.5223  0.0000  0.5223  0.0000 -0.6148  0.0000 -0.1954 -0.0000 -0.1954 -0.0000 -0.0062 -0.0000


 Q= -0.044946 -0.134837  0.044946, q= -0.250000  0.000000 -0.500000

                       Na X   0        Na Y   0        Na Z   0        Cl X   1        Cl Y   1        Cl Z   1     
                    --------------- --------------- --------------- --------------- --------------- ---------------
    0   4.2719 THz   0.4232  0.0000  0.0000 -0.0000  0.4232 -0.0000  0.5665  0.0000 -0.0000  0.0000  0.5665  0.0000
    1   4.7234 THz  -0.3292  0.0000  0.1767 -0.0000  0.3292 -0.0000 -0.5992 -0.0000  0.1846  0.0000  0.5992  0.0000
    2   5.0578 THz   0.2131  0.0000 -0.3979 -0.0000 -0.2131  0.0000 -0.0426 -0.0000  0.8644  0.0000  0.0426  0.0000
    3   5.6451 THz  -0.5665  0.0000 -0.0000  0.0000 -0.5665  0.0000  0.4232  0.0000 -0.0000  0.0000  0.4232 -0.0000
    4   5.6890 THz  -0.2709  0.0000  0.6576 -0.0000  0.2709 -0.0000  0.3178 -0.0000  0.4677 -0.0000 -0.3178  0.0000
    5   6.5400 THz   0.5223  0.0000  0.6148  0.0000 -0.5223 -0.0000 -0.1954 -0.0000  0.0062  0.0000  0.1954  0.0000


 Q=  0.000000 -0.089891  0.000000, q= -0.250000  0.000000 -0.250000

                       Na X   0        Na Y   0        Na Z   0        Cl X   1        Cl Y   1        Cl Z   1     
                    --------------- --------------- --------------- --------------- --------------- ---------------
    0   3.7481 THz   0.0000  0.0000  0.0000 -0.0000 -0.6290  0.1022 -0.0000  0.0000  0.0000 -0.0000 -0.7607  0.1236
    1   3.7481 THz  -0.6372  0.0000  0.0000 -0.0000  0.0000  0.0000 -0.7707  0.0000 -0.0000  0.0000 -0.0000 -0.0000
    2   4.7830 THz   0.0000  0.0000 -0.0714 -0.2785  0.0000 -0.0000  0.0000  0.0000 -0.2380 -0.9277 -0.0000 -0.0000
    3   5.8446 THz   0.7707  0.0000  0.0000 -0.0000  0.0000  0.0000 -0.6372  0.0000 -0.0000  0.0000 -0.0000 -0.0000
    4   5.8446 THz   0.0000  0.0000 -0.0000 -0.0000  0.7010  0.3201  0.0000  0.0000  0.0000  0.0000 -0.5797 -0.2647
    5   6.2008 THz   0.0000  0.0000 -0.0356  0.9571  0.0000  0.0000 -0.0000  0.0000  0.0107 -0.2873 -0.0000 -0.0000


 Q=  0.044946 -0.044946 -0.044946, q= -0.250000  0.000000  0.000000

                       Na X   0        Na Y   0        Na Z   0        Cl X   1        Cl Y   1        Cl Z   1     
                    --------------- --------------- --------------- --------------- --------------- ---------------
    0   3.9105 THz  -0.1158  0.0000  0.3564  0.0141 -0.4722 -0.0141 -0.1531  0.0000  0.4713  0.0187 -0.6244 -0.0187
    1   3.9105 THz   0.4787  0.0000  0.3396  0.0034  0.1392 -0.0034  0.6330 -0.0000  0.4490  0.0045  0.1840 -0.0045
    2   4.4868 THz  -0.2894  0.0000  0.2894 -0.0000  0.2894 -0.0000 -0.4996  0.0000  0.4996  0.0000  0.4996  0.0000
    3   5.5507 THz   0.2490  0.0000 -0.3949 -0.0435  0.6438  0.0435 -0.1883  0.0000  0.2986  0.0329 -0.4869 -0.0329
    4   5.5507 THz  -0.6018  0.0000 -0.5157 -0.0180 -0.0860  0.0180  0.4551 -0.0000  0.3900  0.0136  0.0651 -0.0136
    5   6.3611 THz  -0.4996  0.0000  0.4996 -0.0000  0.4996 -0.0000  0.2894 -0.0000 -0.2894 -0.0000 -0.2894 -0.0000


 Q=  0.089891  0.000000 -0.089891, q= -0.250000  0.000000  0.250000

                       Na X   0        Na Y   0        Na Z   0        Cl X   1        Cl Y   1        Cl Z   1     
                    --------------- --------------- --------------- --------------- --------------- ---------------
    0   4.3212 THz  -0.0000  0.0000  0.6108  0.0828 -0.0000 -0.0000  0.0000  0.0000  0.7803  0.1058  0.0000  0.0000
    1   4.6527 THz  -0.1591  0.0000  0.0000  0.0000 -0.1591  0.0000 -0.6890  0.0000  0.0000  0.0000 -0.6890  0.0000
    2   5.1372 THz  -0.1493  0.0000 -0.0000  0.0000  0.1493 -0.0000 -0.6912  0.0000  0.0000 -0.0000  0.6912 -0.0000
    3   5.1433 THz  -0.6890  0.0000  0.0000 -0.0000 -0.6890  0.0000  0.1591 -0.0000 -0.0000 -0.0000  0.1591  0.0000
    4   5.8960 THz   0.0000  0.0000  0.7874  0.0014 -0.0000 -0.0000 -0.0000 -0.0000 -0.6164 -0.0011 -0.0000  0.0000
    5   6.5406 THz   0.6912  0.0000 -0.0000  0.0000 -0.6912  0.0000 -0.1493  0.0000  0.0000 -0.0000  0.1493 -0.0000


 Q=  0.000000 -0.179782  0.089891, q= -0.250000  0.250000 -0.500000

                       Na X   0        Na Y   0        Na Z   0        Cl X   1        Cl Y   1        Cl Z   1     
                    --------------- --------------- --------------- --------------- --------------- ---------------
    0   4.7478 THz   0.0000  0.0000 -0.1071  0.5825  0.0000 -0.0000 -0.0000  0.0000  0.1457 -0.7925  0.0000 -0.0000
    1   4.7478 THz  -0.5923  0.0000  0.0000 -0.0000 -0.0000  0.0000 -0.8058 -0.0000 -0.0000  0.0000 -0.0000  0.0000
    2   4.9458 THz   0.0000  0.0000 -0.0000  0.0000 -0.0000  0.0000  0.0000  0.0000 -0.0000 -0.0000 -0.9747  0.2237
    3   5.7845 THz   0.0000  0.0000 -0.0000 -0.0000 -0.0096  1.0000  0.0000  0.0000 -0.0000 -0.0000  0.0000 -0.0000
    4   5.9407 THz   0.8058  0.0000  0.0000 -0.0000 -0.0000  0.0000 -0.5923 -0.0000 -0.0000  0.0000 -0.0000  0.0000
    5   5.9407 THz   0.0000  0.0000  0.2010 -0.7803  0.0000 -0.0000 -0.0000  0.0000  0.1477 -0.5735 -0.0000  0.0000


 Q=  0.044946 -0.134837  0.044946, q= -0.250000  0.250000 -0.250000

                       Na X   0        Na Y   0        Na Z   0        Cl X   1        Cl Y   1        Cl Z   1     
                    --------------- --------------- --------------- --------------- --------------- ---------------
    0   4.2719 THz  -0.4232  0.0000  0.0000  0.0000  0.4232 -0.0000 -0.5665  0.0000 -0.0000  0.0000  0.5665 -0.0000
    1   4.7234 THz  -0.3292  0.0000 -0.1767 -0.0000 -0.3292  0.0000 -0.5992  0.0000 -0.1846  0.0000 -0.5992  0.0000
    2   5.0578 THz  -0.2131  0.0000 -0.3979  0.0000 -0.2131  0.0000  0.0426 -0.0000  0.8644 -0.0000  0.0426 -0.0000
    3   5.6451 THz   0.5665  0.0000 -0.0000 -0.0000 -0.5665  0.0000 -0.4232  0.0000 -0.0000 -0.0000  0.4232  0.0000
    4   5.6890 THz   0.2709  0.0000  0.6576  0.0000  0.2709  0.0000 -0.3178  0.0000  0.4677  0.0000 -0.3178 -0.0000
    5   6.5400 THz   0.5223  0.0000 -0.6148 -0.0000  0.5223 -0.0000 -0.1954  0.0000 -0.0062 -0.0000 -0.1954  0.0000


 Q=  0.089891 -0.089891  0.000000, q= -0.250000  0.250000  0.000000

                       Na X   0        Na Y   0        Na Z   0        Cl X   1        Cl Y   1        Cl Z   1     
                    --------------- --------------- --------------- --------------- --------------- ---------------
    0   4.3212 THz  -0.0000  0.0000 -0.0000 -0.0000 -0.5197 -0.3314 -0.0000 -0.0000 -0.0000 -0.0000 -0.6639 -0.4234
    1   4.6527 THz  -0.1591  0.0000 -0.1591  0.0000  0.0000  0.0000 -0.6890  0.0000 -0.6890  0.0000  0.0000  0.0000
    2   5.1372 THz  -0.1493  0.0000  0.1493 -0.0000  0.0000 -0.0000 -0.6912  0.0000  0.6912 -0.0000 -0.0000 -0.0000
    3   5.1433 THz  -0.6890  0.0000 -0.6890  0.0000  0.0000 -0.0000  0.1591 -0.0000  0.1591  0.0000  0.0000  0.0000
    4   5.8960 THz  -0.0000  0.0000  0.0000 -0.0000 -0.4907  0.6158 -0.0000  0.0000  0.0000 -0.0000  0.3841 -0.4820
    5   6.5406 THz   0.6912  0.0000 -0.6912  0.0000 -0.0000  0.0000 -0.1493  0.0000  0.1493  0.0000  0.0000 -0.0000


 Q=  0.134837 -0.044946 -0.044946, q= -0.250000  0.250000  0.250000

                       Na X   0        Na Y   0        Na Z   0        Cl X   1        Cl Y   1        Cl Z   1     
                    --------------- --------------- --------------- --------------- --------------- ---------------
    0   4.2719 THz  -0.0000  0.0000  0.4223 -0.0275 -0.4223  0.0275 -0.0000  0.0000  0.5653 -0.0368 -0.5653  0.0368
    1   4.7234 THz  -0.1767  0.0000 -0.3292 -0.0000 -0.3292 -0.0000 -0.1846 -0.0000 -0.5992 -0.0000 -0.5992 -0.0000
    2   5.0578 THz  -0.3979  0.0000 -0.2131  0.0000 -0.2131  0.0000  0.8644  0.0000  0.0426  0.0000  0.0426  0.0000
    3   5.6451 THz  -0.0000  0.0000  0.5664 -0.0069 -0.5664  0.0069 -0.0000 -0.0000 -0.4232  0.0052  0.4232 -0.0052
    4   5.6890 THz  -0.6576  0.0000 -0.2709  0.0000 -0.2709 -0.0000 -0.4677  0.0000  0.3178  0.0000  0.3178  0.0000
    5   6.5400 THz   0.6148  0.0000 -0.5223  0.0000 -0.5223 -0.0000  0.0062 -0.0000  0.1954  0.0000  0.1954  0.0000


 Q= -0.179782  0.000000  0.000000, q=  0.000000 -0.500000 -0.500000

                       Na X   0        Na Y   0        Na Z   0        Cl X   1        Cl Y   1        Cl Z   1     
                    --------------- --------------- --------------- --------------- --------------- ---------------
    0   4.0258 THz   0.0000  0.0000  0.0075 -0.0000 -0.6507 -0.0000 -0.0000 -0.0000  0.0087 -0.0000 -0.7593 -0.0000
    1   4.0258 THz   0.0000  0.0000 -0.6507 -0.0000 -0.0075 -0.0000 -0.0000  0.0000 -0.7593 -0.0000 -0.0087 -0.0000
    2   5.3347 THz   0.4808  0.0000  0.0000  0.0000  0.0000  0.0000 -0.8768 -0.0000  0.0000 -0.0000 -0.0000  0.0000
    3   5.9304 THz   0.8768  0.0000  0.0000 -0.0000 -0.0000 -0.0000  0.4808  0.0000 -0.0000  0.0000  0.0000 -0.0000
    4   5.9833 THz   0.0000  0.0000  0.0131  0.0000  0.7592  0.0000  0.0000 -0.0000 -0.0112 -0.0000 -0.6506 -0.0000
    5   5.9833 THz   0.0000  0.0000  0.7592  0.0000 -0.0131  0.0000 -0.0000  0.0000 -0.6506 -0.0000  0.0112 -0.0000


 Q= -0.134837  0.044946 -0.044946, q=  0.000000 -0.500000 -0.250000

                       Na X   0        Na Y   0        Na Z   0        Cl X   1        Cl Y   1        Cl Z   1     
                    --------------- --------------- --------------- --------------- --------------- ---------------
    0   4.2719 THz   0.0000  0.0000 -0.4227 -0.0203 -0.4227 -0.0203  0.0000  0.0000 -0.5658 -0.0272 -0.5658 -0.0272
    1   4.7234 THz   0.1767  0.0000  0.3292  0.0000 -0.3292 -0.0000  0.1846  0.0000  0.5992  0.0000 -0.5992 -0.0000
    2   5.0578 THz  -0.3979  0.0000 -0.2131  0.0000  0.2131 -0.0000  0.8644 -0.0000  0.0426  0.0000 -0.0426 -0.0000
    3   5.6451 THz  -0.0000  0.0000 -0.5664  0.0104 -0.5664  0.0104 -0.0000 -0.0000  0.4231 -0.0077  0.4231 -0.0077
    4   5.6890 THz   0.6576  0.0000  0.2709  0.0000 -0.2709  0.0000  0.4677 -0.0000 -0.3178 -0.0000  0.3178 -0.0000
    5   6.5400 THz  -0.6148  0.0000  0.5223  0.0000 -0.5223 -0.0000 -0.0062  0.0000 -0.1954 -0.0000  0.1954  0.0000


 Q= -0.089891  0.089891 -0.089891, q=  0.000000 -0.500000  0.000000

                       Na X   0        Na Y   0        Na Z   0        Cl X   1        Cl Y   1        Cl Z   1     
                    --------------- --------------- --------------- --------------- --------------- ---------------
    0   4.6540 THz   0.0000  0.0000 -0.0000 -0.0000 -0.0000 -0.0000  0.0904  0.0724 -0.6547  0.0250 -0.7451 -0.0474
    1   4.6540 THz   0.0000  0.0000 -0.0000 -0.0000 -0.0000 -0.0000  0.4950 -0.6389  0.2475 -0.4197 -0.2475  0.2192
    2   5.1423 THz   0.0000  0.0000  0.7071 -0.0000  0.7071 -0.0000  0.0000 -0.0000 -0.0000  0.0000 -0.0000  0.0000
    3   5.1423 THz   0.8165  0.0000  0.4082  0.0000 -0.4082  0.0000  0.0000  0.0000 -0.0000  0.0000  0.0000  0.0000
    4   5.4961 THz   0.0000  0.0000  0.0000 -0.0000  0.0000  0.0000 -0.0416  0.5758  0.0416 -0.5758 -0.0416  0.5758
    5   6.8737 THz   0.5774  0.0000 -0.5774 -0.0000  0.5774 -0.0000 -0.0000 -0.0000  0.0000 -0.0000 -0.0000 -0.0000


 Q= -0.044946  0.134837 -0.134837, q=  0.000000 -0.500000  0.250000

                       Na X   0        Na Y   0        Na Z   0        Cl X   1        Cl Y   1        Cl Z   1     
                    --------------- --------------- --------------- --------------- --------------- ---------------
    0   4.2719 THz  -0.0000  0.0000  0.4207  0.0460  0.4207  0.0460 -0.0000 -0.0000 -0.5631 -0.0615 -0.5631 -0.0615
    1   4.7234 THz   0.1767  0.0000  0.3292 -0.0000 -0.3292  0.0000 -0.1846  0.0000 -0.5992  0.0000  0.5992 -0.0000
    2   5.0578 THz   0.3979  0.0000  0.2131  0.0000 -0.2131 -0.0000  0.8644  0.0000  0.0426 -0.0000 -0.0426  0.0000
    3   5.6451 THz  -0.0000  0.0000 -0.5664  0.0110 -0.5664  0.0110  0.0000  0.0000 -0.4231  0.0082 -0.4231  0.0082
    4   5.6890 THz  -0.6576  0.0000 -0.2709 -0.0000  0.2709 -0.0000  0.4677  0.0000 -0.3178 -0.0000  0.3178 -0.0000
    5   6.5400 THz   0.6148  0.0000 -0.5223  0.0000  0.5223  0.0000 -0.0062 -0.0000 -0.1954  0.0000  0.1954 -0.0000


 Q= -0.134837 -0.044946  0.044946, q=  0.000000 -0.250000 -0.500000

                       Na X   0        Na Y   0        Na Z   0        Cl X   1        Cl Y   1        Cl Z   1     
                    --------------- --------------- --------------- --------------- --------------- ---------------
    0   4.2719 THz   0.0000  0.0000  0.4230  0.0130  0.4230  0.0130 -0.0000  0.0000  0.5662  0.0174  0.5662  0.0174
    1   4.7234 THz  -0.1767  0.0000  0.3292  0.0000 -0.3292  0.0000 -0.1846  0.0000  0.5992 -0.0000 -0.5992  0.0000
    2   5.0578 THz  -0.3979  0.0000  0.2131 -0.0000 -0.2131  0.0000  0.8644 -0.0000 -0.0426  0.0000  0.0426  0.0000
    3   5.6451 THz   0.0000  0.0000  0.5639  0.0538  0.5639  0.0538  0.0000  0.0000 -0.4213 -0.0402 -0.4213 -0.0402
    4   5.6890 THz   0.6576  0.0000 -0.2709 -0.0000  0.2709 -0.0000  0.4677 -0.0000  0.3178  0.0000 -0.3178  0.0000
    5   6.5400 THz   0.6148  0.0000  0.5223 -0.0000 -0.5223  0.0000  0.0062 -0.0000 -0.1954  0.0000  0.1954 -0.0000


 Q= -0.089891  0.000000  0.000000, q=  0.000000 -0.250000 -0.250000

                       Na X   0        Na Y   0        Na Z   0        Cl X   1        Cl Y   1        Cl Z   1     
                    --------------- --------------- --------------- --------------- --------------- ---------------
    0   3.7481 THz   0.0000  0.0000 -0.0337 -0.0030 -0.4382  0.4614  0.0000 -0.0000 -0.0408 -0.0036 -0.5300  0.5580
    1   3.7481 THz   0.0000  0.0000  0.0106  0.6363 -0.0269 -0.0206  0.0000  0.0000  0.0129  0.7695 -0.0325 -0.0249
    2   4.7830 THz  -0.2875  0.0000  0.0000  0.0000 -0.0000 -0.0000 -0.9578  0.0000  0.0000 -0.0000  0.0000 -0.0000
    3   5.8446 THz   0.0000  0.0000  0.0828  0.0439  0.5281 -0.5534 -0.0000 -0.0000 -0.0684 -0.0363 -0.4367  0.4576
    4   5.8446 THz   0.0000  0.0000 -0.0126  0.7648 -0.0898 -0.0269  0.0000  0.0000  0.0104 -0.6324  0.0742  0.0222
    5   6.2008 THz   0.9578  0.0000  0.0000  0.0000 -0.0000 -0.0000 -0.2875  0.0000  0.0000 -0.0000  0.0000 -0.0000


 Q= -0.044946  0.044946 -0.044946, q=  0.000000 -0.250000  0.000000

                       Na X   0        Na Y   0        Na Z   0        Cl X   1        Cl Y   1        Cl Z   1     
                    --------------- --------------- --------------- --------------- --------------- ---------------
    0   3.9105 THz   0.0000  0.0000 -0.4265 -0.0009 -0.4265 -0.0009  0.0000 -0.0000 -0.5640 -0.0012 -0.5640 -0.0012
    1   3.9105 THz   0.4925  0.0000  0.2463 -0.0000 -0.2463 -0.0000  0.6512  0.0000  0.3256  0.0000 -0.3256 -0.0000
    2   4.4868 THz  -0.2894  0.0000  0.2894  0.0000 -0.2894 -0.0000 -0.4996 -0.0000  0.4996  0.0000 -0.4996 -0.0000
    3   5.5507 THz   0.0000  0.0000  0.5639  0.0067  0.5639  0.0067  0.0000  0.0000 -0.4265 -0.0051 -0.4265 -0.0051
    4   5.5507 THz  -0.6512  0.0000 -0.3256 -0.0000  0.3256  0.0000  0.4925  0.0000  0.2463  0.0000 -0.2463 -0.0000
    5   6.3611 THz  -0.4996 -0.0000  0.4996 -0.0000 -0.4996  0.0000  0.2894  0.0000 -0.2894 -0.0000  0.2894  0.0000


 Q=  0.000000  0.089891 -0.089891, q=  0.000000 -0.250000  0.250000

                       Na X   0        Na Y   0        Na Z   0        Cl X   1        Cl Y   1        Cl Z   1     
                    --------------- --------------- --------------- --------------- --------------- ---------------
    0   4.3212 THz  -0.6164  0.0000  0.0000  0.0000  0.0000  0.0000 -0.7874 -0.0000  0.0000  0.0000  0.0000 -0.0000
    1   4.6527 THz   0.0000  0.0000  0.1546  0.0373  0.1546  0.0373  0.0000 -0.0000  0.6698  0.1614  0.6698  0.1614
    2   5.1372 THz   0.0000  0.0000  0.1493  0.0044 -0.1493 -0.0044 -0.0000 -0.0000  0.6909  0.0202 -0.6909 -0.0202
    3   5.1433 THz   0.0000  0.0000 -0.6879  0.0385 -0.6879  0.0385  0.0000  0.0000  0.1588 -0.0089  0.1588 -0.0089
    4   5.8960 THz   0.7874  0.0000  0.0000  0.0000  0.0000  0.0000 -0.6164 -0.0000  0.0000  0.0000  0.0000 -0.0000
    5   6.5406 THz   0.0000  0.0000 -0.6892 -0.0518  0.6892  0.0518  0.0000 -0.0000  0.1489  0.0112 -0.1489 -0.0112


 Q= -0.089891 -0.089891  0.089891, q=  0.000000  0.000000 -0.500000

                       Na X   0        Na Y   0        Na Z   0        Cl X   1        Cl Y   1        Cl Z   1     
                    --------------- --------------- --------------- --------------- --------------- ---------------
    0   4.6540 THz  -0.0000  0.0000 -0.0000  0.0000 -0.0000  0.0000 -0.2353 -0.3029  0.0017 -0.4619 -0.2336 -0.7648
    1   4.6540 THz  -0.0000  0.0000 -0.0000  0.0000 -0.0000  0.0000 -0.6753 -0.2520  0.5616  0.3713 -0.1137  0.1193
    2   5.1423 THz  -0.0000  0.0000 -0.7071 -0.0000 -0.7071 -0.0000  0.0000  0.0000  0.0000  0.0000 -0.0000 -0.0000
    3   5.1423 THz   0.8165  0.0000 -0.4082 -0.0000  0.4082 -0.0000 -0.0000 -0.0000  0.0000 -0.0000 -0.0000 -0.0000
    4   5.4961 THz  -0.0000  0.0000  0.0000  0.0000  0.0000 -0.0000  0.1772  0.5495  0.1772  0.5495 -0.1772 -0.5495
    5   6.8737 THz   0.5774  0.0000  0.5774 -0.0000 -0.5774 -0.0000 -0.0000 -0.0000 -0.0000 -0.0000  0.0000  0.0000


 Q= -0.044946 -0.044946  0.044946, q=  0.000000  0.000000 -0.250000

                       Na X   0        Na Y   0        Na Z   0        Cl X   1        Cl Y   1        Cl Z   1     
                    --------------- --------------- --------------- --------------- --------------- ---------------
    0   3.9105 THz  -0.0691  0.0000 -0.3876  0.0133 -0.4566  0.0133 -0.0913 -0.0000 -0.5125  0.0176 -0.6038  0.0176
    1   3.9105 THz   0.4876  0.0000 -0.3036  0.0019  0.1840  0.0019  0.6448  0.0000 -0.4014  0.0025  0.2433  0.0025
    2   4.4868 THz  -0.2894  0.0000 -0.2894 -0.0000  0.2894 -0.0000 -0.4996 -0.0000 -0.4996  0.0000  0.4996  0.0000
    3   5.5507 THz   0.6413  0.0000 -0.4189  0.0028  0.2223  0.0028 -0.4850 -0.0000  0.3168 -0.0021 -0.1681 -0.0021
    4   5.5507 THz   0.1135  0.0000  0.4983 -0.0161  0.6119 -0.0161 -0.0859  0.0000 -0.3769  0.0121 -0.4628  0.0121
    5   6.3611 THz   0.4996  0.0000  0.4996 -0.0000 -0.4996  0.0000 -0.2894 -0.0000 -0.2894  0.0000  0.2894  0.0000


 Q=  0.000000  0.000000  0.000000, q=  0.000000  0.000000  0.000000

                       Na X   0        Na Y   0        Na Z   0        Cl X   1        Cl Y   1        Cl Z   1     
                    --------------- --------------- --------------- --------------- --------------- ---------------
    0  -0.0000 THz  -0.6272  0.0000  0.0000  0.0000  0.0000  0.0000 -0.7789  0.0000  0.0000  0.0000 -0.0000  0.0000
    1  -0.0000 THz   0.0000  0.0000  0.6272  0.0000 -0.0037  0.0000  0.0000  0.0000  0.7788  0.0000 -0.0046  0.0000
    2  -0.0000 THz   0.0000  0.0000 -0.0037  0.0000 -0.6272  0.0000  0.0000  0.0000 -0.0046  0.0000 -0.7788  0.0000
    3   5.7640 THz   0.0000  0.0000 -0.7362  0.0000  0.2543  0.0000  0.0000  0.0000  0.5928  0.0000 -0.2048  0.0000
    4   5.7640 THz   0.0000  0.0000  0.2543  0.0000  0.7362  0.0000  0.0000  0.0000 -0.2048  0.0000 -0.5928  0.0000
    5   5.7640 THz   0.7789  0.0000  0.0000  0.0000  0.0000  0.0000 -0.6272  0.0000  0.0000  0.0000 -0.0000  0.0000


 Q=  0.044946  0.044946 -0.044946, q=  0.000000  0.000000  0.250000

                       Na X   0        Na Y   0        Na Z   0        Cl X   1        Cl Y   1        Cl Z   1     
                    --------------- --------------- --------------- --------------- --------------- ---------------
    0   3.9105 THz  -0.0691  0.0000 -0.3876 -0.0133 -0.4566 -0.0133 -0.0913  0.0000 -0.5125 -0.0176 -0.6038 -0.0176
    1   3.9105 THz   0.4876  0.0000 -0.3036 -0.0019  0.1840 -0.0019  0.6448 -0.0000 -0.4014 -0.0025  0.2433 -0.0025
    2   4.4868 THz  -0.2894  0.0000 -0.2894  0.0000  0.2894  0.0000 -0.4996  0.0000 -0.4996 -0.0000  0.4996 -0.0000
    3   5.5507 THz   0.6413  0.0000 -0.4189 -0.0028  0.2223 -0.0028 -0.4850  0.0000  0.3168  0.0021 -0.1681  0.0021
    4   5.5507 THz   0.1135  0.0000  0.4983  0.0161  0.6119  0.0161 -0.0859 -0.0000 -0.3769 -0.0121 -0.4628 -0.0121
    5   6.3611 THz   0.4996  0.0000  0.4996  0.0000 -0.4996 -0.0000 -0.2894  0.0000 -0.2894 -0.0000  0.2894 -0.0000


 Q= -0.044946 -0.134837  0.134837, q=  0.000000  0.250000 -0.500000

                       Na X   0        Na Y   0        Na Z   0        Cl X   1        Cl Y   1        Cl Z   1     
                    --------------- --------------- --------------- --------------- --------------- ---------------
    0   4.2719 THz   0.0000  0.0000  0.4228 -0.0183  0.4228 -0.0183 -0.0000  0.0000 -0.5659  0.0244 -0.5659  0.0244
    1   4.7234 THz  -0.1767  0.0000  0.3292 -0.0000 -0.3292  0.0000  0.1846 -0.0000 -0.5992  0.0000  0.5992 -0.0000
    2   5.0578 THz   0.3979  0.0000 -0.2131 -0.0000  0.2131  0.0000  0.8644  0.0000 -0.0426  0.0000  0.0426 -0.0000
    3   5.6451 THz  -0.0000  0.0000 -0.5664  0.0081 -0.5664  0.0081  0.0000  0.0000 -0.4232  0.0060 -0.4232  0.0060
    4   5.6890 THz   0.6576  0.0000 -0.2709  0.0000  0.2709  0.0000 -0.4677 -0.0000 -0.3178  0.0000  0.3178  0.0000
    5   6.5400 THz   0.6148  0.0000  0.5223  0.0000 -0.5223  0.0000 -0.0062 -0.0000  0.1954 -0.0000 -0.1954  0.0000


 Q=  0.000000 -0.089891  0.089891, q=  0.000000  0.250000 -0.250000

                       Na X   0        Na Y   0        Na Z   0        Cl X   1        Cl Y   1        Cl Z   1     
                    --------------- --------------- --------------- --------------- --------------- ---------------
    0   4.3212 THz  -0.6164  0.0000  0.0000 -0.0000  0.0000 -0.0000 -0.7874  0.0000  0.0000 -0.0000  0.0000  0.0000
    1   4.6527 THz   0.0000  0.0000  0.1546 -0.0373  0.1546 -0.0373  0.0000  0.0000  0.6698 -0.1614  0.6698 -0.1614
    2   5.1372 THz   0.0000  0.0000  0.1493 -0.0044 -0.1493  0.0044 -0.0000  0.0000  0.6909 -0.0202 -0.6909  0.0202
    3   5.1433 THz   0.0000  0.0000 -0.6879 -0.0385 -0.6879 -0.0385  0.0000 -0.0000  0.1588  0.0089  0.1588  0.0089
    4   5.8960 THz   0.7874  0.0000  0.0000 -0.0000  0.0000 -0.0000 -0.6164  0.0000  0.0000 -0.0000  0.0000  0.0000
    5   6.5406 THz   0.0000  0.0000 -0.6892  0.0518  0.6892 -0.0518  0.0000  0.0000  0.1489 -0.0112 -0.1489  0.0112


 Q=  0.044946 -0.044946  0.044946, q=  0.000000  0.250000  0.000000

                       Na X   0        Na Y   0        Na Z   0        Cl X   1        Cl Y   1        Cl Z   1     
                    --------------- --------------- --------------- --------------- --------------- ---------------
    0   3.9105 THz   0.0000  0.0000 -0.4265  0.0009 -0.4265  0.0009  0.0000  0.0000 -0.5640  0.0012 -0.5640  0.0012
    1   3.9105 THz   0.4925  0.0000  0.2463  0.0000 -0.2463  0.0000  0.6512 -0.0000  0.3256 -0.0000 -0.3256  0.0000
    2   4.4868 THz  -0.2894  0.0000  0.2894 -0.0000 -0.2894  0.0000 -0.4996  0.0000  0.4996 -0.0000 -0.4996  0.0000
    3   5.5507 THz   0.0000  0.0000  0.5639 -0.0067  0.5639 -0.0067  0.0000 -0.0000 -0.4265  0.0051 -0.4265  0.0051
    4   5.5507 THz  -0.6512  0.0000 -0.3256  0.0000  0.3256 -0.0000  0.4925 -0.0000  0.2463 -0.0000 -0.2463  0.0000
    5   6.3611 THz  -0.4996 -0.0000  0.4996  0.0000 -0.4996 -0.0000  0.2894 -0.0000 -0.2894  0.0000  0.2894 -0.0000


 Q=  0.089891  0.000000  0.000000, q=  0.000000  0.250000  0.250000

                       Na X   0        Na Y   0        Na Z   0        Cl X   1        Cl Y   1        Cl Z   1     
                    --------------- --------------- --------------- --------------- --------------- ---------------
    0   3.7481 THz   0.0000  0.0000 -0.0337  0.0030 -0.4382 -0.4614  0.0000  0.0000 -0.0408  0.0036 -0.5300 -0.5580
    1   3.7481 THz   0.0000  0.0000  0.0106 -0.6363 -0.0269  0.0206  0.0000  0.0000  0.0129 -0.7695 -0.0325  0.0249
    2   4.7830 THz  -0.2875  0.0000  0.0000 -0.0000 -0.0000  0.0000 -0.9578 -0.0000  0.0000  0.0000  0.0000  0.0000
    3   5.8446 THz   0.0000  0.0000  0.0828 -0.0439  0.5281  0.5534 -0.0000  0.0000 -0.0684  0.0363 -0.4367 -0.4576
    4   5.8446 THz   0.0000  0.0000 -0.0126 -0.7648 -0.0898  0.0269  0.0000  0.0000  0.0104  0.6324  0.0742 -0.0222
    5   6.2008 THz   0.9578  0.0000  0.0000 -0.0000 -0.0000  0.0000 -0.2875 -0.0000  0.0000  0.0000  0.0000  0.0000


 Q= -0.224728  0.044946  0.044946, q=  0.250000 -0.500000 -0.500000

                       Na X   0        Na Y   0        Na Z   0        Cl X   1        Cl Y   1        Cl Z   1     
                    --------------- --------------- --------------- --------------- --------------- ---------------
    0   4.2719 THz  -0.0000  0.0000 -0.4231  0.0074  0.4231 -0.0074 -0.0000  0.0000 -0.5664  0.0099  0.5664 -0.0099
    1   4.7234 THz   0.1767  0.0000 -0.3292  0.0000 -0.3292  0.0000  0.1846 -0.0000 -0.5992  0.0000 -0.5992  0.0000
    2   5.0578 THz  -0.3979  0.0000  0.2131  0.0000  0.2131 -0.0000  0.8644 -0.0000 -0.0426  0.0000 -0.0426  0.0000
    3   5.6451 THz  -0.0000  0.0000  0.5663  0.0138 -0.5663 -0.0138 -0.0000  0.0000 -0.4231 -0.0103  0.4231  0.0103
    4   5.6890 THz   0.6576  0.0000 -0.2709  0.0000 -0.2709 -0.0000  0.4677 -0.0000  0.3178 -0.0000  0.3178  0.0000
    5   6.5400 THz   0.6148  0.0000  0.5223  0.0000  0.5223  0.0000  0.0062 -0.0000 -0.1954  0.0000 -0.1954  0.0000


 Q= -0.179782  0.089891  0.000000, q=  0.250000 -0.500000 -0.250000

                       Na X   0        Na Y   0        Na Z   0        Cl X   1        Cl Y   1        Cl Z   1     
                    --------------- --------------- --------------- --------------- --------------- ---------------
    0   4.7478 THz   0.0000  0.0000  0.0000  0.0000 -0.2757 -0.5242 -0.0000  0.0000  0.0000  0.0000 -0.3750 -0.7132
    1   4.7478 THz  -0.5923  0.0000 -0.0000  0.0000 -0.0000  0.0000  0.8058 -0.0000  0.0000 -0.0000  0.0000 -0.0000
    2   4.9458 THz   0.0000  0.0000 -0.0000  0.0000  0.0000 -0.0000 -0.0000 -0.0000  0.9871  0.1602  0.0000  0.0000
    3   5.7845 THz   0.0000  0.0000  0.9998  0.0222 -0.0000 -0.0000  0.0000  0.0000  0.0000  0.0000  0.0000  0.0000
    4   5.9407 THz   0.0000  0.0000  0.0000 -0.0000  0.6533 -0.4717  0.0000 -0.0000 -0.0000 -0.0000 -0.4802  0.3467
    5   5.9407 THz   0.8058  0.0000 -0.0000  0.0000 -0.0000  0.0000  0.5923 -0.0000  0.0000 -0.0000  0.0000 -0.0000


 Q= -0.134837  0.134837 -0.044946, q=  0.250000 -0.500000  0.000000

                       Na X   0        Na Y   0        Na Z   0        Cl X   1        Cl Y   1        Cl Z   1     
                    --------------- --------------- --------------- --------------- --------------- ---------------
    0   4.2719 THz  -0.4232  0.0000 -0.4232  0.0000 -0.0000  0.0000  0.5665  0.0000  0.5665  0.0000  0.0000  0.0000
    1   4.7234 THz  -0.3292  0.0000  0.3292 -0.0000  0.1767 -0.0000  0.5992  0.0000 -0.5992 -0.0000 -0.1846 -0.0000
    2   5.0578 THz  -0.2131  0.0000  0.2131 -0.0000  0.3979  0.0000 -0.0426 -0.0000  0.0426  0.0000  0.8644  0.0000
    3   5.6451 THz   0.5665  0.0000  0.5665 -0.0000  0.0000 -0.0000  0.4232  0.0000  0.4232 -0.0000 -0.0000  0.0000
    4   5.6890 THz  -0.2709  0.0000  0.2709 -0.0000  0.6576 -0.0000 -0.3178  0.0000  0.3178 -0.0000 -0.4677  0.0000
    5   6.5400 THz   0.5223  0.0000 -0.5223 -0.0000  0.6148 -0.0000  0.1954  0.0000 -0.1954 -0.0000 -0.0062  0.0000


 Q= -0.089891  0.179782 -0.089891, q=  0.250000 -0.500000  0.250000

                       Na X   0        Na Y   0        Na Z   0        Cl X   1        Cl Y   1        Cl Z   1     
                    --------------- --------------- --------------- --------------- --------------- ---------------
    0   4.3212 THz  -0.0000  0.0000  0.5682  0.2388  0.0000  0.0000  0.0000  0.0000 -0.7259 -0.3051 -0.0000 -0.0000
    1   4.6527 THz   0.1591  0.0000  0.0000  0.0000 -0.1591  0.0000 -0.6890  0.0000 -0.0000 -0.0000  0.6890 -0.0000
    2   5.1372 THz   0.1493  0.0000 -0.0000 -0.0000  0.1493 -0.0000 -0.6912  0.0000 -0.0000 -0.0000 -0.6912  0.0000
    3   5.1433 THz  -0.6890  0.0000 -0.0000  0.0000  0.6890 -0.0000 -0.1591  0.0000  0.0000  0.0000  0.1591  0.0000
    4   5.8960 THz  -0.0000  0.0000 -0.7865  0.0389 -0.0000 -0.0000  0.0000 -0.0000 -0.6156  0.0305  0.0000 -0.0000
    5   6.5406 THz   0.6912  0.0000 -0.0000  0.0000  0.6912 -0.0000  0.1493 -0.0000 -0.0000  0.0000  0.1493  0.0000


 Q= -0.179782  0.000000  0.089891, q=  0.250000 -0.250000 -0.500000

                       Na X   0        Na Y   0        Na Z   0        Cl X   1        Cl Y   1        Cl Z   1     
                    --------------- --------------- --------------- --------------- --------------- ---------------
    0   4.7478 THz   0.0000  0.0000  0.1613  0.5699 -0.0000  0.0000 -0.0000  0.0000  0.2195  0.7753  0.0000 -0.0000
    1   4.7478 THz  -0.5923  0.0000  0.0000  0.0000 -0.0000 -0.0000  0.8058  0.0000  0.0000  0.0000  0.0000  0.0000
    2   4.9458 THz   0.0000  0.0000 -0.0000  0.0000  0.0000  0.0000  0.0000 -0.0000 -0.0000  0.0000 -0.9999 -0.0124
    3   5.7845 THz   0.0000  0.0000 -0.0000 -0.0000 -0.9481 -0.3179 -0.0000 -0.0000  0.0000  0.0000 -0.0000  0.0000
    4   5.9407 THz   0.0000  0.0000  0.2481  0.7666 -0.0000 -0.0000  0.0000  0.0000 -0.1824 -0.5635  0.0000  0.0000
    5   5.9407 THz   0.8058  0.0000  0.0000  0.0000 -0.0000 -0.0000  0.5923  0.0000  0.0000  0.0000  0.0000  0.0000


 Q= -0.134837  0.044946  0.044946, q=  0.250000 -0.250000 -0.250000

                       Na X   0        Na Y   0        Na Z   0        Cl X   1        Cl Y   1        Cl Z   1     
                    --------------- --------------- --------------- --------------- --------------- ---------------
    0   4.2719 THz  -0.0000  0.0000  0.4223  0.0275 -0.4223 -0.0275 -0.0000 -0.0000  0.5653  0.0368 -0.5653 -0.0368
    1   4.7234 THz  -0.1767  0.0000 -0.3292  0.0000 -0.3292  0.0000 -0.1846  0.0000 -0.5992  0.0000 -0.5992  0.0000
    2   5.0578 THz  -0.3979  0.0000 -0.2131 -0.0000 -0.2131 -0.0000  0.8644 -0.0000  0.0426 -0.0000  0.0426 -0.0000
    3   5.6451 THz  -0.0000  0.0000  0.5664  0.0069 -0.5664 -0.0069 -0.0000  0.0000 -0.4232 -0.0052  0.4232  0.0052
    4   5.6890 THz  -0.6576  0.0000 -0.2709 -0.0000 -0.2709  0.0000 -0.4677 -0.0000  0.3178 -0.0000  0.3178 -0.0000
    5   6.5400 THz   0.6148  0.0000 -0.5223 -0.0000 -0.5223  0.0000  0.0062  0.0000  0.1954 -0.0000  0.1954 -0.0000


 Q= -0.089891  0.089891  0.000000, q=  0.250000 -0.250000  0.000000

                       Na X   0        Na Y   0        Na Z   0        Cl X   1        Cl Y   1        Cl Z   1     
                    --------------- --------------- --------------- --------------- --------------- ---------------
    0   4.3212 THz  -0.0000  0.0000 -0.0000  0.0000 -0.5197  0.3314 -0.0000  0.0000 -0.0000  0.0000 -0.6639  0.4234
    1   4.6527 THz  -0.1591  0.0000 -0.1591 -0.0000  0.0000 -0.0000 -0.6890 -0.0000 -0.6890 -0.0000  0.0000 -0.0000
    2   5.1372 THz  -0.1493  0.0000  0.1493  0.0000  0.0000  0.0000 -0.6912 -0.0000  0.6912  0.0000 -0.0000  0.0000
    3   5.1433 THz  -0.6890  0.0000 -0.6890 -0.0000  0.0000  0.0000  0.1591  0.0000  0.1591 -0.0000  0.0000 -0.0000
    4   5.8960 THz  -0.0000  0.0000  0.0000  0.0000 -0.4907 -0.6158 -0.0000 -0.0000  0.0000  0.0000  0.3841  0.4820
    5   6.5406 THz   0.6912  0.0000 -0.6912 -0.0000 -0.0000 -0.0000 -0.1493 -0.0000  0.1493 -0.0000  0.0000  0.0000


 Q= -0.044946  0.134837 -0.044946, q=  0.250000 -0.250000  0.250000

                       Na X   0        Na Y   0        Na Z   0        Cl X   1        Cl Y   1        Cl Z   1     
                    --------------- --------------- --------------- --------------- --------------- ---------------
    0   4.2719 THz  -0.4232  0.0000  0.0000 -0.0000  0.4232  0.0000 -0.5665 -0.0000 -0.0000 -0.0000  0.5665  0.0000
    1   4.7234 THz  -0.3292  0.0000 -0.1767  0.0000 -0.3292 -0.0000 -0.5992 -0.0000 -0.1846 -0.0000 -0.5992 -0.0000
    2   5.0578 THz  -0.2131  0.0000 -0.3979 -0.0000 -0.2131 -0.0000  0.0426  0.0000  0.8644  0.0000  0.0426  0.0000
    3   5.6451 THz   0.5665  0.0000 -0.0000  0.0000 -0.5665 -0.0000 -0.4232 -0.0000 -0.0000  0.0000  0.4232 -0.0000
    4   5.6890 THz   0.2709  0.0000  0.6576 -0.0000  0.2709 -0.0000 -0.3178 -0.0000  0.4677 -0.0000 -0.3178  0.0000
    5   6.5400 THz   0.5223  0.0000 -0.6148  0.0000  0.5223  0.0000 -0.1954 -0.0000 -0.0062  0.0000 -0.1954 -0.0000


 Q= -0.134837 -0.044946  0.134837, q=  0.250000  0.000000 -0.500000

                       Na X   0        Na Y   0        Na Z   0        Cl X   1        Cl Y   1        Cl Z   1     
                    --------------- --------------- --------------- --------------- --------------- ---------------
    0   4.2719 THz   0.4232  0.0000  0.0000  0.0000  0.4232  0.0000 -0.5665  0.0000  0.0000  0.0000 -0.5665  0.0000
    1   4.7234 THz   0.3292  0.0000 -0.1767 -0.0000 -0.3292  0.0000 -0.5992  0.0000  0.1846 -0.0000  0.5992 -0.0000
    2   5.0578 THz  -0.2131  0.0000  0.3979 -0.0000  0.2131 -0.0000 -0.0426  0.0000  0.8644 -0.0000  0.0426 -0.0000
    3   5.6451 THz  -0.5665  0.0000 -0.0000 -0.0000 -0.5665 -0.0000 -0.4232  0.0000  0.0000  0.0000 -0.4232 -0.0000
    4   5.6890 THz   0.2709  0.0000 -0.6576 -0.0000 -0.2709 -0.0000  0.3178  0.0000  0.4677  0.0000 -0.3178 -0.0000
    5   6.5400 THz   0.5223  0.0000  0.6148 -0.0000 -0.5223  0.0000  0.1954 -0.0000 -0.0062 -0.0000 -0.1954  0.0000


 Q= -0.089891  0.000000  0.089891, q=  0.250000  0.000000 -0.250000

                       Na X   0        Na Y   0        Na Z   0        Cl X   1        Cl Y   1        Cl Z   1     
                    --------------- --------------- --------------- --------------- --------------- ---------------
    0   4.3212 THz  -0.0000  0.0000  0.6108 -0.0828 -0.0000  0.0000  0.0000 -0.0000  0.7803 -0.1058  0.0000 -0.0000
    1   4.6527 THz  -0.1591  0.0000  0.0000 -0.0000 -0.1591 -0.0000 -0.6890 -0.0000  0.0000 -0.0000 -0.6890 -0.0000
    2   5.1372 THz  -0.1493  0.0000 -0.0000 -0.0000  0.1493  0.0000 -0.6912 -0.0000  0.0000  0.0000  0.6912  0.0000
    3   5.1433 THz  -0.6890  0.0000  0.0000  0.0000 -0.6890 -0.0000  0.1591  0.0000 -0.0000  0.0000  0.1591 -0.0000
    4   5.8960 THz   0.0000  0.0000  0.7874 -0.0014 -0.0000  0.0000 -0.0000  0.0000 -0.6164  0.0011 -0.0000 -0.0000
    5   6.5406 THz   0.6912  0.0000 -0.0000 -0.0000 -0.6912 -0.0000 -0.1493 -0.0000  0.0000  0.0000  0.1493  0.0000


 Q= -0.044946  0.044946  0.044946, q=  0.250000  0.000000  0.000000

                       Na X   0        Na Y   0        Na Z   0        Cl X   1        Cl Y   1        Cl Z   1     
                    --------------- --------------- --------------- --------------- --------------- ---------------
    0   3.9105 THz  -0.1158  0.0000  0.3564 -0.0141 -0.4722  0.0141 -0.1531 -0.0000  0.4713 -0.0187 -0.6244  0.0187
    1   3.9105 THz   0.4787  0.0000  0.3396 -0.0034  0.1392  0.0034  0.6330  0.0000  0.4490 -0.0045  0.1840  0.0045
    2   4.4868 THz  -0.2894  0.0000  0.2894  0.0000  0.2894  0.0000 -0.4996 -0.0000  0.4996 -0.0000  0.4996 -0.0000
    3   5.5507 THz   0.2490  0.0000 -0.3949  0.0435  0.6438 -0.0435 -0.1883 -0.0000  0.2986 -0.0329 -0.4869  0.0329
    4   5.5507 THz  -0.6018  0.0000 -0.5157  0.0180 -0.0860 -0.0180  0.4551  0.0000  0.3900 -0.0136  0.0651  0.0136
    5   6.3611 THz  -0.4996  0.0000  0.4996  0.0000  0.4996  0.0000  0.2894  0.0000 -0.2894  0.0000 -0.2894  0.0000


 Q=  0.000000  0.089891  0.000000, q=  0.250000  0.000000  0.250000

                       Na X   0        Na Y   0        Na Z   0        Cl X   1        Cl Y   1        Cl Z   1     
                    --------------- --------------- --------------- --------------- --------------- ---------------
    0   3.7481 THz   0.0000  0.0000  0.0000  0.0000 -0.6290 -0.1022 -0.0000  0.0000  0.0000  0.0000 -0.7607 -0.1236
    1   3.7481 THz  -0.6372  0.0000  0.0000  0.0000  0.0000 -0.0000 -0.7707  0.0000 -0.0000 -0.0000 -0.0000  0.0000
    2   4.7830 THz   0.0000  0.0000 -0.0714  0.2785  0.0000  0.0000  0.0000  0.0000 -0.2380  0.9277 -0.0000  0.0000
    3   5.8446 THz   0.7707  0.0000  0.0000  0.0000  0.0000 -0.0000 -0.6372  0.0000 -0.0000 -0.0000 -0.0000  0.0000
    4   5.8446 THz   0.0000  0.0000 -0.0000  0.0000  0.7010 -0.3201  0.0000  0.0000  0.0000 -0.0000 -0.5797  0.2647
    5   6.2008 THz   0.0000  0.0000 -0.0356 -0.9571  0.0000 -0.0000 -0.0000  0.0000  0.0107  0.2873 -0.0000  0.0000


 Q= -0.089891 -0.089891  0.179782, q=  0.250000  0.250000 -0.500000

                       Na X   0        Na Y   0        Na Z   0        Cl X   1        Cl Y   1        Cl Z   1     
                    --------------- --------------- --------------- --------------- --------------- ---------------
    0   4.3212 THz   0.0000  0.0000 -0.0000  0.0000  0.6084 -0.0990 -0.0000  0.0000  0.0000 -0.0000 -0.7772  0.1265
    1   4.6527 THz  -0.1591  0.0000  0.1591  0.0000  0.0000 -0.0000  0.6890 -0.0000 -0.6890  0.0000 -0.0000  0.0000
    2   5.1372 THz   0.1493  0.0000  0.1493  0.0000 -0.0000 -0.0000 -0.6912 -0.0000 -0.6912 -0.0000 -0.0000 -0.0000
    3   5.1433 THz   0.6890  0.0000 -0.6890 -0.0000 -0.0000 -0.0000  0.1591  0.0000 -0.1591  0.0000 -0.0000 -0.0000
    4   5.8960 THz  -0.0000  0.0000 -0.0000 -0.0000 -0.7836  0.0774 -0.0000 -0.0000  0.0000 -0.0000 -0.6134  0.0606
    5   6.5406 THz   0.6912  0.0000  0.6912  0.0000 -0.0000  0.0000  0.1493  0.0000  0.1493 -0.0000 -0.0000  0.0000


 Q= -0.044946 -0.044946  0.134837, q=  0.250000  0.250000 -0.250000

                       Na X   0        Na Y   0        Na Z   0        Cl X   1        Cl Y   1        Cl Z   1     
                    --------------- --------------- --------------- --------------- --------------- ---------------
    0   4.2719 THz   0.4232  0.0000 -0.4232  0.0000 -0.0000 -0.0000  0.5665 -0.0000 -0.5665  0.0000 -0.0000  0.0000
    1   4.7234 THz   0.3292  0.0000  0.3292 -0.0000  0.1767  0.0000  0.5992 -0.0000  0.5992 -0.0000  0.1846 -0.0000
    2   5.0578 THz  -0.2131  0.0000 -0.2131  0.0000 -0.3979 -0.0000  0.0426 -0.0000  0.0426 -0.0000  0.8644 -0.0000
    3   5.6451 THz  -0.5665  0.0000  0.5665  0.0000  0.0000  0.0000  0.4232 -0.0000 -0.4232  0.0000  0.0000  0.0000
    4   5.6890 THz  -0.2709  0.0000 -0.2709 -0.0000 -0.6576 -0.0000  0.3178 -0.0000  0.3178 -0.0000 -0.4677  0.0000
    5   6.5400 THz   0.5223  0.0000  0.5223 -0.0000 -0.6148 -0.0000 -0.1954  0.0000 -0.1954  0.0000 -0.0062  0.0000


 Q=  0.000000  0.000000  0.089891, q=  0.250000  0.250000  0.000000

                       Na X   0        Na Y   0        Na Z   0        Cl X   1        Cl Y   1        Cl Z   1     
                    --------------- --------------- --------------- --------------- --------------- ---------------
    0   3.7481 THz   0.0000  0.0000 -0.5643 -0.2961  0.0000 -0.0000  0.0000  0.0000 -0.6824 -0.3581  0.0000  0.0000
    1   3.7481 THz  -0.6372  0.0000  0.0000 -0.0000 -0.0000  0.0000 -0.7707  0.0000 -0.0000  0.0000 -0.0000 -0.0000
    2   4.7830 THz   0.0000  0.0000 -0.0000  0.0000 -0.0967  0.2708  0.0000  0.0000 -0.0000  0.0000 -0.3222  0.9019
    3   5.8446 THz   0.0000  0.0000  0.6808 -0.3612 -0.0000  0.0000  0.0000 -0.0000 -0.5629  0.2987  0.0000 -0.0000
    4   5.8446 THz   0.7707  0.0000  0.0000 -0.0000 -0.0000  0.0000 -0.6372  0.0000 -0.0000  0.0000 -0.0000 -0.0000
    5   6.2008 THz   0.0000  0.0000 -0.0000  0.0000 -0.3065  0.9074  0.0000 -0.0000 -0.0000 -0.0000  0.0920 -0.2724


 Q=  0.044946  0.044946  0.044946, q=  0.250000  0.250000  0.250000

                       Na X   0        Na Y   0        Na Z   0        Cl X   1        Cl Y   1        Cl Z   1     
                    --------------- --------------- --------------- --------------- --------------- ---------------
    0   3.9105 THz   0.1443  0.0000  0.3351  0.0212 -0.4794 -0.0212  0.1908 -0.0000  0.4431  0.0280 -0.6339 -0.0280
    1   3.9105 THz  -0.4709  0.0000  0.3603  0.0065  0.1106 -0.0065 -0.6226  0.0000  0.4764  0.0086  0.1463 -0.0086
    2   4.4868 THz  -0.2894  0.0000 -0.2894 -0.0000 -0.2894 -0.0000 -0.4996  0.0000 -0.4996  0.0000 -0.4996  0.0000
    3   5.5507 THz  -0.6156  0.0000  0.1244 -0.0141  0.4912  0.0141  0.4656 -0.0000 -0.0941  0.0106 -0.3715 -0.0106
    4   5.5507 THz  -0.2124  0.0000  0.6378  0.0407 -0.4254 -0.0407  0.1606  0.0000 -0.4823 -0.0308  0.3217  0.0308
    5   6.3611 THz   0.4996  0.0000  0.4996  0.0000  0.4996 -0.0000 -0.2894  0.0000 -0.2894  0.0000 -0.2894  0.0000
