
Used Primitive lattice vector

   -1.557474000000      1.557474000000      1.557474000000  
    1.557474000000     -1.557474000000      1.557474000000  
    1.557474000000      1.557474000000     -1.557474000000  

   1 Atom(s) in the Primitive cell

 0.0000000000 0.0000000000 0.0000000000  W    0


 Q= -0.321033 -0.321033 -0.321033, q= -0.500000 -0.500000 -0.500000

                        W X   0         W Y   0         W Z   0     
                    --------------- --------------- ---------------
    0   6.0335 THz   1.0000  0.0000  0.0000  0.0000  0.0000  0.0000
    1   6.0335 THz   0.0000  0.0000 -0.9483  0.0000  0.3173  0.0000
    2   6.0335 THz   0.0000  0.0000 -0.3173  0.0000 -0.9483  0.0000


 Q= -0.240774 -0.240774 -0.321033, q= -0.500000 -0.500000 -0.250000

                        W X   0         W Y   0         W Z   0     
                    --------------- --------------- ---------------
    0   5.2206 THz   0.0000  0.0000  0.0000 -0.0000 -0.9171  0.3988
    1   6.1540 THz   0.7071  0.0000  0.7071  0.0000  0.0000 -0.0000
    2   6.7547 THz   0.7071  0.0000 -0.7071 -0.0000 -0.0000  0.0000


 Q= -0.160516 -0.160516 -0.321033, q= -0.500000 -0.500000  0.000000

                        W X   0         W Y   0         W Z   0     
                    --------------- --------------- ---------------
    0   4.2322 THz   0.0000  0.0000  0.0000  0.0000 -1.0000  0.0000
    1   4.7416 THz   0.7071  0.0000  0.7071  0.0000  0.0000 -0.0000
    2   7.3156 THz   0.7071  0.0000 -0.7071 -0.0000 -0.0000  0.0000


 Q= -0.080258 -0.080258 -0.321033, q= -0.500000 -0.500000  0.250000

                        W X   0         W Y   0         W Z   0     
                    --------------- --------------- ---------------
    0   5.2206 THz   0.0000  0.0000 -0.0000  0.0000 -0.9976  0.0685
    1   6.1540 THz   0.7071  0.0000  0.7071 -0.0000 -0.0000  0.0000
    2   6.7547 THz   0.7071  0.0000 -0.7071  0.0000  0.0000 -0.0000


 Q= -0.240774 -0.321033 -0.240774, q= -0.500000 -0.250000 -0.500000

                        W X   0         W Y   0         W Z   0     
                    --------------- --------------- ---------------
    0   5.2206 THz   0.0000  0.0000  1.0000 -0.0032 -0.0000 -0.0000
    1   6.1540 THz   0.7071  0.0000  0.0000 -0.0000  0.7071 -0.0000
    2   6.7547 THz   0.7071  0.0000 -0.0000  0.0000 -0.7071  0.0000


 Q= -0.160516 -0.240774 -0.240774, q= -0.500000 -0.250000 -0.250000

                        W X   0         W Y   0         W Z   0     
                    --------------- --------------- ---------------
    0   4.8711 THz  -0.5269  0.0000 -0.6010  0.0000 -0.6010  0.0000
    1   5.4913 THz   0.0000  0.0000  0.6962  0.1238 -0.6962 -0.1238
    2   6.5206 THz   0.8499  0.0000 -0.3726  0.0000 -0.3726  0.0000


 Q= -0.080258 -0.160516 -0.240774, q= -0.500000 -0.250000  0.000000

                        W X   0         W Y   0         W Z   0     
                    --------------- --------------- ---------------
    0   4.8711 THz  -0.6010  0.0000 -0.5269  0.0000  0.6010 -0.0000
    1   5.4913 THz  -0.7071  0.0000  0.0000  0.0000 -0.7071  0.0000
    2   6.5206 THz  -0.3726  0.0000  0.8499 -0.0000  0.3726 -0.0000


 Q=  0.000000 -0.080258 -0.240774, q= -0.500000 -0.250000  0.250000

                        W X   0         W Y   0         W Z   0     
                    --------------- --------------- ---------------
    0   5.2206 THz   1.0000  0.0000  0.0000  0.0000  0.0000  0.0000
    1   6.1540 THz   0.0000  0.0000 -0.1534  0.6903  0.1534 -0.6903
    2   6.7547 THz   0.0000  0.0000 -0.6345 -0.3121 -0.6345 -0.3121


 Q= -0.160516 -0.321033 -0.160516, q= -0.500000  0.000000 -0.500000

                        W X   0         W Y   0         W Z   0     
                    --------------- --------------- ---------------
    0   4.2322 THz   0.0000  0.0000  1.0000 -0.0000  0.0000  0.0000
    1   4.7416 THz   0.7071  0.0000  0.0000 -0.0000  0.7071  0.0000
    2   7.3156 THz   0.7071  0.0000  0.0000  0.0000 -0.7071 -0.0000


 Q= -0.080258 -0.240774 -0.160516, q= -0.500000  0.000000 -0.250000

                        W X   0         W Y   0         W Z   0     
                    --------------- --------------- ---------------
    0   4.8711 THz  -0.6010  0.0000  0.6010 -0.0000 -0.5269  0.0000
    1   5.4913 THz  -0.7071  0.0000 -0.7071 -0.0000  0.0000 -0.0000
    2   6.5206 THz   0.3726  0.0000 -0.3726 -0.0000 -0.8499 -0.0000


 Q=  0.000000 -0.160516 -0.160516, q= -0.500000  0.000000  0.000000

                        W X   0         W Y   0         W Z   0     
                    --------------- --------------- ---------------
    0   4.2322 THz   1.0000  0.0000  0.0000  0.0000  0.0000  0.0000
    1   4.7416 THz   0.0000  0.0000  0.7071 -0.0000 -0.7071  0.0000
    2   7.3156 THz   0.0000  0.0000 -0.7071  0.0000 -0.7071  0.0000


 Q=  0.080258 -0.080258 -0.160516, q= -0.500000  0.000000  0.250000

                        W X   0         W Y   0         W Z   0     
                    --------------- --------------- ---------------
    0   4.8711 THz  -0.6010  0.0000  0.6010 -0.0000 -0.5269 -0.0000
    1   5.4913 THz  -0.7071  0.0000 -0.7071  0.0000  0.0000 -0.0000
    2   6.5206 THz   0.3726  0.0000 -0.3726  0.0000 -0.8499 -0.0000


 Q= -0.080258 -0.321033 -0.080258, q= -0.500000  0.250000 -0.500000

                        W X   0         W Y   0         W Z   0     
                    --------------- --------------- ---------------
    0   5.2206 THz   0.0000  0.0000 -0.9982 -0.0605 -0.0000 -0.0000
    1   6.1540 THz   0.7071  0.0000 -0.0000  0.0000  0.7071 -0.0000
    2   6.7547 THz  -0.7071  0.0000 -0.0000  0.0000  0.7071 -0.0000


 Q=  0.000000 -0.240774 -0.080258, q= -0.500000  0.250000 -0.250000

                        W X   0         W Y   0         W Z   0     
                    --------------- --------------- ---------------
    0   5.2206 THz   1.0000  0.0000  0.0000  0.0000  0.0000  0.0000
    1   6.1540 THz   0.0000  0.0000 -0.5322 -0.4656  0.5322  0.4656
    2   6.7547 THz   0.0000  0.0000 -0.7015  0.0888 -0.7015  0.0888


 Q=  0.080258 -0.160516 -0.080258, q= -0.500000  0.250000  0.000000

                        W X   0         W Y   0         W Z   0     
                    --------------- --------------- ---------------
    0   4.8711 THz  -0.6010  0.0000 -0.5269  0.0000  0.6010  0.0000
    1   5.4913 THz  -0.7071  0.0000  0.0000 -0.0000 -0.7071 -0.0000
    2   6.5206 THz  -0.3726  0.0000  0.8499  0.0000  0.3726  0.0000


 Q=  0.160516 -0.080258 -0.080258, q= -0.500000  0.250000  0.250000

                        W X   0         W Y   0         W Z   0     
                    --------------- --------------- ---------------
    0   4.8711 THz  -0.5269  0.0000 -0.6010 -0.0000 -0.6010  0.0000
    1   5.4913 THz   0.0000  0.0000  0.6962 -0.1238 -0.6962  0.1238
    2   6.5206 THz   0.8499  0.0000 -0.3726 -0.0000 -0.3726  0.0000


 Q= -0.321033 -0.240774 -0.240774, q= -0.250000 -0.500000 -0.500000

                        W X   0         W Y   0         W Z   0     
                    --------------- --------------- ---------------
    0   5.2206 THz   1.0000  0.0000  0.0000  0.0000  0.0000  0.0000
    1   6.1540 THz   0.0000  0.0000 -0.7016  0.0880 -0.7016  0.0880
    2   6.7547 THz   0.0000  0.0000  0.6080  0.3610 -0.6080 -0.3610


 Q= -0.240774 -0.160516 -0.240774, q= -0.250000 -0.500000 -0.250000

                        W X   0         W Y   0         W Z   0     
                    --------------- --------------- ---------------
    0   4.8711 THz   0.6010  0.0000  0.5269 -0.0000  0.6010 -0.0000
    1   5.4913 THz  -0.7071  0.0000  0.0000 -0.0000  0.7071 -0.0000
    2   6.5206 THz  -0.3726 -0.0000  0.8499 -0.0000 -0.3726 -0.0000


 Q= -0.160516 -0.080258 -0.240774, q= -0.250000 -0.500000  0.000000

                        W X   0         W Y   0         W Z   0     
                    --------------- --------------- ---------------
    0   4.8711 THz  -0.5269  0.0000 -0.6010 -0.0000  0.6010  0.0000
    1   5.4913 THz   0.0000  0.0000 -0.7071  0.0042 -0.7071  0.0042
    2   6.5206 THz   0.8499  0.0000 -0.3726 -0.0000  0.3726  0.0000


 Q= -0.080258  0.000000 -0.240774, q= -0.250000 -0.500000  0.250000

                        W X   0         W Y   0         W Z   0     
                    --------------- --------------- ---------------
    0   5.2206 THz   0.0000  0.0000 -0.9796 -0.2008  0.0000 -0.0000
    1   6.1540 THz   0.7071  0.0000  0.0000 -0.0000 -0.7071  0.0000
    2   6.7547 THz   0.7071  0.0000  0.0000  0.0000  0.7071 -0.0000


 Q= -0.240774 -0.240774 -0.160516, q= -0.250000 -0.250000 -0.500000

                        W X   0         W Y   0         W Z   0     
                    --------------- --------------- ---------------
    0   4.8711 THz  -0.6010  0.0000 -0.6010  0.0000 -0.5269 -0.0000
    1   5.4913 THz  -0.7071  0.0000  0.7071 -0.0000 -0.0000  0.0000
    2   6.5206 THz  -0.3726  0.0000 -0.3726  0.0000  0.8499 -0.0000


 Q= -0.160516 -0.160516 -0.160516, q= -0.250000 -0.250000 -0.250000

                        W X   0         W Y   0         W Z   0     
                    --------------- --------------- ---------------
    0   5.7360 THz   1.0000  0.0000  0.0000  0.0000  0.0000  0.0000
    1   5.7360 THz   0.0000  0.0000  0.6253  0.1677 -0.6549 -0.3899
    2   5.7360 THz   0.0000  0.0000 -0.5977  0.4729 -0.5977  0.2488


 Q= -0.080258 -0.080258 -0.160516, q= -0.250000 -0.250000  0.000000

                        W X   0         W Y   0         W Z   0     
                    --------------- --------------- ---------------
    0   4.8711 THz   0.6010  0.0000  0.6010 -0.0000 -0.5269 -0.0000
    1   5.4913 THz  -0.7071  0.0000  0.7071 -0.0000 -0.0000  0.0000
    2   6.5206 THz  -0.3726 -0.0000 -0.3726 -0.0000 -0.8499 -0.0000


 Q=  0.000000  0.000000 -0.160516, q= -0.250000 -0.250000  0.250000

                        W X   0         W Y   0         W Z   0     
                    --------------- --------------- ---------------
    0   4.1205 THz   1.0000  0.0000  0.0000  0.0000  0.0000  0.0000
    1   4.1205 THz   0.0000  0.0000  0.0054 -1.0000  0.0000 -0.0000
    2   6.3818 THz   0.0000  0.0000  0.0000 -0.0000 -0.8959 -0.4443


 Q= -0.160516 -0.240774 -0.080258, q= -0.250000  0.000000 -0.500000

                        W X   0         W Y   0         W Z   0     
                    --------------- --------------- ---------------
    0   4.8711 THz   0.5269  0.0000 -0.6010 -0.0000  0.6010 -0.0000
    1   5.4913 THz   0.0000  0.0000 -0.7064 -0.0316 -0.7064 -0.0316
    2   6.5206 THz   0.8499  0.0000  0.3726  0.0000 -0.3726  0.0000


 Q= -0.080258 -0.160516 -0.080258, q= -0.250000  0.000000 -0.250000

                        W X   0         W Y   0         W Z   0     
                    --------------- --------------- ---------------
    0   4.8711 THz   0.6010  0.0000 -0.5269 -0.0000  0.6010 -0.0000
    1   5.4913 THz  -0.7071  0.0000 -0.0000  0.0000  0.7071 -0.0000
    2   6.5206 THz   0.3726  0.0000  0.8499  0.0000  0.3726 -0.0000


 Q=  0.000000 -0.080258 -0.080258, q= -0.250000  0.000000  0.000000

                        W X   0         W Y   0         W Z   0     
                    --------------- --------------- ---------------
    0   3.2535 THz   0.0000  0.0000  0.7047 -0.0587 -0.7047  0.0587
    1   3.3354 THz   1.0000  0.0000  0.0000  0.0000  0.0000  0.0000
    2   5.3262 THz   0.0000  0.0000 -0.4787  0.5204 -0.4787  0.5204


 Q=  0.080258  0.000000 -0.080258, q= -0.250000  0.000000  0.250000

                        W X   0         W Y   0         W Z   0     
                    --------------- --------------- ---------------
    0   3.2535 THz   0.7071  0.0000  0.0000 -0.0000  0.7071 -0.0000
    1   3.3354 THz   0.0000  0.0000 -1.0000  0.0073  0.0000  0.0000
    2   5.3262 THz  -0.7071  0.0000  0.0000 -0.0000  0.7071 -0.0000


 Q= -0.080258 -0.240774  0.000000, q= -0.250000  0.250000 -0.500000

                        W X   0         W Y   0         W Z   0     
                    --------------- --------------- ---------------
    0   5.2206 THz   0.0000  0.0000 -0.0000 -0.0000 -0.9717  0.2362
    1   6.1540 THz   0.7071  0.0000 -0.7071  0.0000  0.0000 -0.0000
    2   6.7547 THz  -0.7071  0.0000 -0.7071  0.0000  0.0000 -0.0000


 Q=  0.000000 -0.160516  0.000000, q= -0.250000  0.250000 -0.250000

                        W X   0         W Y   0         W Z   0     
                    --------------- --------------- ---------------
    0   4.1205 THz   1.0000  0.0000  0.0000  0.0000  0.0000  0.0000
    1   4.1205 THz   0.0000  0.0000  0.0000  0.0000 -0.7071 -0.7071
    2   6.3818 THz   0.0000  0.0000 -1.0000 -0.0014 -0.0000  0.0000


 Q=  0.080258 -0.080258  0.000000, q= -0.250000  0.250000  0.000000

                        W X   0         W Y   0         W Z   0     
                    --------------- --------------- ---------------
    0   3.2535 THz   0.7071  0.0000  0.7071 -0.0000 -0.0000 -0.0000
    1   3.3354 THz   0.0000  0.0000 -0.0000  0.0000 -0.9922  0.1248
    2   5.3262 THz   0.7071  0.0000 -0.7071  0.0000  0.0000  0.0000


 Q=  0.160516  0.000000  0.000000, q= -0.250000  0.250000  0.250000

                        W X   0         W Y   0         W Z   0     
                    --------------- --------------- ---------------
    0   4.1205 THz   0.0000  0.0000  0.3994  0.1778 -0.8549 -0.2795
    1   4.1205 THz   0.0000  0.0000 -0.2846  0.8532 -0.0950  0.4267
    2   6.3818 THz   1.0000  0.0000  0.0000  0.0000  0.0000  0.0000


 Q= -0.321033 -0.160516 -0.160516, q=  0.000000 -0.500000 -0.500000

                        W X   0         W Y   0         W Z   0     
                    --------------- --------------- ---------------
    0   4.2322 THz   1.0000  0.0000  0.0000  0.0000  0.0000  0.0000
    1   4.7416 THz   0.0000  0.0000 -0.7071 -0.0000 -0.7071 -0.0000
    2   7.3156 THz   0.0000  0.0000 -0.7071  0.0000  0.7071 -0.0000


 Q= -0.240774 -0.080258 -0.160516, q=  0.000000 -0.500000 -0.250000

                        W X   0         W Y   0         W Z   0     
                    --------------- --------------- ---------------
    0   4.8711 THz   0.6010  0.0000 -0.6010  0.0000 -0.5269  0.0000
    1   5.4913 THz  -0.7071  0.0000 -0.7071  0.0000 -0.0000  0.0000
    2   6.5206 THz   0.3726  0.0000 -0.3726 -0.0000  0.8499  0.0000


 Q= -0.160516  0.000000 -0.160516, q=  0.000000 -0.500000  0.000000

                        W X   0         W Y   0         W Z   0     
                    --------------- --------------- ---------------
    0   4.2322 THz   0.0000  0.0000  1.0000 -0.0000  0.0000  0.0000
    1   4.7416 THz   0.7071  0.0000  0.0000  0.0000 -0.7071 -0.0000
    2   7.3156 THz  -0.7071  0.0000  0.0000  0.0000 -0.7071 -0.0000


 Q= -0.080258  0.080258 -0.160516, q=  0.000000 -0.500000  0.250000

                        W X   0         W Y   0         W Z   0     
                    --------------- --------------- ---------------
    0   4.8711 THz   0.6010  0.0000 -0.6010 -0.0000 -0.5269 -0.0000
    1   5.4913 THz  -0.7071  0.0000 -0.7071 -0.0000 -0.0000 -0.0000
    2   6.5206 THz   0.3726  0.0000 -0.3726  0.0000  0.8499 -0.0000


 Q= -0.240774 -0.160516 -0.080258, q=  0.000000 -0.250000 -0.500000

                        W X   0         W Y   0         W Z   0     
                    --------------- --------------- ---------------
    0   4.8711 THz  -0.6010  0.0000  0.5269  0.0000  0.6010 -0.0000
    1   5.4913 THz  -0.7071  0.0000 -0.0000  0.0000 -0.7071  0.0000
    2   6.5206 THz   0.3726  0.0000  0.8499  0.0000 -0.3726 -0.0000


 Q= -0.160516 -0.080258 -0.080258, q=  0.000000 -0.250000 -0.250000

                        W X   0         W Y   0         W Z   0     
                    --------------- --------------- ---------------
    0   4.8711 THz   0.5269  0.0000 -0.6010  0.0000 -0.6010  0.0000
    1   5.4913 THz   0.0000  0.0000  0.7070  0.0093 -0.7070 -0.0093
    2   6.5206 THz   0.8499  0.0000  0.3726 -0.0000  0.3726 -0.0000


 Q= -0.080258  0.000000 -0.080258, q=  0.000000 -0.250000  0.000000

                        W X   0         W Y   0         W Z   0     
                    --------------- --------------- ---------------
    0   3.2535 THz   0.7071  0.0000  0.0000 -0.0000 -0.7071 -0.0000
    1   3.3354 THz   0.0000  0.0000 -1.0000  0.0007 -0.0000  0.0000
    2   5.3262 THz  -0.7071 -0.0000 -0.0000  0.0000 -0.7071 -0.0000


 Q=  0.000000  0.080258 -0.080258, q=  0.000000 -0.250000  0.250000

                        W X   0         W Y   0         W Z   0     
                    --------------- --------------- ---------------
    0   3.2535 THz   0.0000  0.0000 -0.5000  0.5000 -0.5000  0.5000
    1   3.3354 THz   1.0000  0.0000  0.0000  0.0000  0.0000  0.0000
    2   5.3262 THz   0.0000  0.0000  0.3015 -0.6396 -0.3015  0.6396


 Q= -0.160516 -0.160516  0.000000, q=  0.000000  0.000000 -0.500000

                        W X   0         W Y   0         W Z   0     
                    --------------- --------------- ---------------
    0   4.2322 THz   0.0000  0.0000  0.0000  0.0000 -1.0000 -0.0000
    1   4.7416 THz   0.7071  0.0000 -0.7071  0.0000 -0.0000 -0.0000
    2   7.3156 THz  -0.7071  0.0000 -0.7071  0.0000 -0.0000 -0.0000


 Q= -0.080258 -0.080258  0.000000, q=  0.000000  0.000000 -0.250000

                        W X   0         W Y   0         W Z   0     
                    --------------- --------------- ---------------
    0   3.2535 THz   0.7071  0.0000 -0.7071 -0.0000 -0.0000 -0.0000
    1   3.3354 THz   0.0000  0.0000  0.0000 -0.0000 -0.9992  0.0397
    2   5.3262 THz  -0.7071  0.0000 -0.7071 -0.0000 -0.0000 -0.0000


 Q=  0.000000  0.000000  0.000000, q=  0.000000  0.000000  0.000000

                        W X   0         W Y   0         W Z   0     
                    --------------- --------------- ---------------
    0  -0.0000 THz   0.9996  0.0000 -0.0222  0.0000 -0.0163  0.0000
    1   0.0000 THz  -0.0056  0.0000  0.4152  0.0000 -0.9097  0.0000
    2   0.0000 THz  -0.0270  0.0000 -0.9095  0.0000 -0.4149  0.0000


 Q=  0.080258  0.080258  0.000000, q=  0.000000  0.000000  0.250000

                        W X   0         W Y   0         W Z   0     
                    --------------- --------------- ---------------
    0   3.2535 THz   0.7071  0.0000 -0.7071  0.0000 -0.0000  0.0000
    1   3.3354 THz   0.0000  0.0000  0.0000  0.0000 -0.9992 -0.0397
    2   5.3262 THz  -0.7071  0.0000 -0.7071  0.0000 -0.0000  0.0000


 Q= -0.080258 -0.160516  0.080258, q=  0.000000  0.250000 -0.500000

                        W X   0         W Y   0         W Z   0     
                    --------------- --------------- ---------------
    0   4.8711 THz  -0.6010  0.0000  0.5269 -0.0000  0.6010 -0.0000
    1   5.4913 THz  -0.7071  0.0000 -0.0000 -0.0000 -0.7071  0.0000
    2   6.5206 THz   0.3726  0.0000  0.8499 -0.0000 -0.3726  0.0000


 Q=  0.000000 -0.080258  0.080258, q=  0.000000  0.250000 -0.250000

                        W X   0         W Y   0         W Z   0     
                    --------------- --------------- ---------------
    0   3.2535 THz   0.0000  0.0000 -0.5000 -0.5000 -0.5000 -0.5000
    1   3.3354 THz   1.0000  0.0000  0.0000  0.0000  0.0000  0.0000
    2   5.3262 THz   0.0000  0.0000  0.3015  0.6396 -0.3015 -0.6396


 Q=  0.080258  0.000000  0.080258, q=  0.000000  0.250000  0.000000

                        W X   0         W Y   0         W Z   0     
                    --------------- --------------- ---------------
    0   3.2535 THz   0.7071  0.0000  0.0000  0.0000 -0.7071  0.0000
    1   3.3354 THz   0.0000  0.0000 -1.0000 -0.0007 -0.0000 -0.0000
    2   5.3262 THz  -0.7071 -0.0000 -0.0000 -0.0000 -0.7071  0.0000


 Q=  0.160516  0.080258  0.080258, q=  0.000000  0.250000  0.250000

                        W X   0         W Y   0         W Z   0     
                    --------------- --------------- ---------------
    0   4.8711 THz   0.5269  0.0000 -0.6010 -0.0000 -0.6010 -0.0000
    1   5.4913 THz   0.0000  0.0000  0.7070 -0.0093 -0.7070  0.0093
    2   6.5206 THz   0.8499  0.0000  0.3726  0.0000  0.3726  0.0000


 Q= -0.321033 -0.080258 -0.080258, q=  0.250000 -0.500000 -0.500000

                        W X   0         W Y   0         W Z   0     
                    --------------- --------------- ---------------
    0   5.2206 THz   1.0000  0.0000  0.0000  0.0000  0.0000  0.0000
    1   6.1540 THz   0.0000  0.0000 -0.7016  0.0879 -0.7016  0.0879
    2   6.7547 THz   0.0000  0.0000  0.6080 -0.3610 -0.6080  0.3610


 Q= -0.240774  0.000000 -0.080258, q=  0.250000 -0.500000 -0.250000

                        W X   0         W Y   0         W Z   0     
                    --------------- --------------- ---------------
    0   5.2206 THz   0.0000  0.0000 -0.9755  0.2201  0.0000  0.0000
    1   6.1540 THz   0.7071  0.0000  0.0000  0.0000 -0.7071  0.0000
    2   6.7547 THz   0.7071  0.0000  0.0000 -0.0000  0.7071 -0.0000


 Q= -0.160516  0.080258 -0.080258, q=  0.250000 -0.500000  0.000000

                        W X   0         W Y   0         W Z   0     
                    --------------- --------------- ---------------
    0   4.8711 THz  -0.5269  0.0000 -0.6010  0.0000  0.6010 -0.0000
    1   5.4913 THz   0.0000  0.0000 -0.7070 -0.0101 -0.7070 -0.0101
    2   6.5206 THz   0.8499  0.0000 -0.3726  0.0000  0.3726 -0.0000


 Q= -0.080258  0.160516 -0.080258, q=  0.250000 -0.500000  0.250000

                        W X   0         W Y   0         W Z   0     
                    --------------- --------------- ---------------
    0   4.8711 THz   0.6010  0.0000  0.5269  0.0000  0.6010 -0.0000
    1   5.4913 THz  -0.7071  0.0000  0.0000 -0.0000  0.7071 -0.0000
    2   6.5206 THz  -0.3726 -0.0000  0.8499  0.0000 -0.3726  0.0000


 Q= -0.240774 -0.080258  0.000000, q=  0.250000 -0.250000 -0.500000

                        W X   0         W Y   0         W Z   0     
                    --------------- --------------- ---------------
    0   5.2206 THz   0.0000  0.0000 -0.0000  0.0000 -0.9677 -0.2519
    1   6.1540 THz   0.7071  0.0000 -0.7071  0.0000  0.0000  0.0000
    2   6.7547 THz  -0.7071  0.0000 -0.7071  0.0000  0.0000  0.0000


 Q= -0.160516  0.000000  0.000000, q=  0.250000 -0.250000 -0.250000

                        W X   0         W Y   0         W Z   0     
                    --------------- --------------- ---------------
    0   4.1205 THz   0.0000  0.0000  0.3994 -0.1778 -0.8549  0.2795
    1   4.1205 THz   0.0000  0.0000 -0.2846 -0.8532 -0.0950 -0.4267
    2   6.3818 THz   1.0000  0.0000  0.0000  0.0000  0.0000  0.0000


 Q= -0.080258  0.080258  0.000000, q=  0.250000 -0.250000  0.000000

                        W X   0         W Y   0         W Z   0     
                    --------------- --------------- ---------------
    0   3.2535 THz   0.7071  0.0000  0.7071  0.0000 -0.0000  0.0000
    1   3.3354 THz   0.0000  0.0000 -0.0000 -0.0000 -0.9922 -0.1248
    2   5.3262 THz   0.7071  0.0000 -0.7071 -0.0000  0.0000 -0.0000


 Q=  0.000000  0.160516  0.000000, q=  0.250000 -0.250000  0.250000

                        W X   0         W Y   0         W Z   0     
                    --------------- --------------- ---------------
    0   4.1205 THz   1.0000  0.0000  0.0000  0.0000  0.0000  0.0000
    1   4.1205 THz   0.0000  0.0000  0.0000 -0.0000 -0.7071  0.7071
    2   6.3818 THz   0.0000  0.0000 -1.0000  0.0014 -0.0000 -0.0000


 Q= -0.160516 -0.080258  0.080258, q=  0.250000  0.000000 -0.500000

                        W X   0         W Y   0         W Z   0     
                    --------------- --------------- ---------------
    0   4.8711 THz   0.5269  0.0000 -0.6010  0.0000  0.6010  0.0000
    1   5.4913 THz   0.0000  0.0000 -0.7059 -0.0413 -0.7059 -0.0413
    2   6.5206 THz   0.8499  0.0000  0.3726 -0.0000 -0.3726 -0.0000


 Q= -0.080258  0.000000  0.080258, q=  0.250000  0.000000 -0.250000

                        W X   0         W Y   0         W Z   0     
                    --------------- --------------- ---------------
    0   3.2535 THz   0.7071  0.0000  0.0000  0.0000  0.7071  0.0000
    1   3.3354 THz   0.0000  0.0000 -1.0000 -0.0073  0.0000 -0.0000
    2   5.3262 THz  -0.7071  0.0000  0.0000  0.0000  0.7071  0.0000


 Q=  0.000000  0.080258  0.080258, q=  0.250000  0.000000  0.000000

                        W X   0         W Y   0         W Z   0     
                    --------------- --------------- ---------------
    0   3.2535 THz   0.0000  0.0000  0.7047  0.0587 -0.7047 -0.0587
    1   3.3354 THz   1.0000  0.0000  0.0000  0.0000  0.0000  0.0000
    2   5.3262 THz   0.0000  0.0000 -0.4787 -0.5204 -0.4787 -0.5204


 Q=  0.080258  0.160516  0.080258, q=  0.250000  0.000000  0.250000

                        W X   0         W Y   0         W Z   0     
                    --------------- --------------- ---------------
    0   4.8711 THz   0.6010  0.0000 -0.5269  0.0000  0.6010  0.0000
    1   5.4913 THz  -0.7071  0.0000 -0.0000 -0.0000  0.7071  0.0000
    2   6.5206 THz   0.3726  0.0000  0.8499 -0.0000  0.3726  0.0000


 Q= -0.080258 -0.080258  0.160516, q=  0.250000  0.250000 -0.500000

                        W X   0         W Y   0         W Z   0     
                    --------------- --------------- ---------------
    0   4.8711 THz  -0.6010  0.0000 -0.6010  0.0000 -0.5269  0.0000
    1   5.4913 THz  -0.7071  0.0000  0.7071 -0.0000 -0.0000 -0.0000
    2   6.5206 THz  -0.3726  0.0000 -0.3726 -0.0000  0.8499  0.0000


 Q=  0.000000  0.000000  0.160516, q=  0.250000  0.250000 -0.250000

                        W X   0         W Y   0         W Z   0     
                    --------------- --------------- ---------------
    0   4.1205 THz   1.0000  0.0000  0.0000  0.0000  0.0000  0.0000
    1   4.1205 THz   0.0000  0.0000  0.0054  1.0000  0.0000  0.0000
    2   6.3818 THz   0.0000  0.0000  0.0000  0.0000 -0.8959  0.4443


 Q=  0.080258  0.080258  0.160516, q=  0.250000  0.250000  0.000000

                        W X   0         W Y   0         W Z   0     
                    --------------- --------------- ---------------
    0   4.8711 THz   0.6010  0.0000  0.6010  0.0000 -0.5269  0.0000
    1   5.4913 THz  -0.7071  0.0000  0.7071  0.0000 -0.0000 -0.0000
    2   6.5206 THz  -0.3726 -0.0000 -0.3726  0.0000 -0.8499  0.0000


 Q=  0.160516  0.160516  0.160516, q=  0.250000  0.250000  0.250000

                        W X   0         W Y   0         W Z   0     
                    --------------- --------------- ---------------
    0   5.7360 THz   1.0000  0.0000  0.0000  0.0000  0.0000  0.0000
    1   5.7360 THz   0.0000  0.0000  0.6253 -0.1677 -0.6549  0.3899
    2   5.7360 THz   0.0000  0.0000 -0.5977 -0.4729 -0.5977 -0.2488
