
Used Primitive lattice vector

   -1.656958000000      1.656958000000      1.656958000000  
    1.656958000000     -1.656958000000      1.656958000000  
    1.656958000000      1.656958000000     -1.656958000000  

   1 Atom(s) in the Primitive cell

 0.0000000000 0.0000000000 0.0000000000 Mo    0


 Q= -0.301758 -0.301758 -0.301758, q= -0.500000 -0.500000 -0.500000

                       Mo X   0        Mo Y   0        Mo Z   0     
                    --------------- --------------- ---------------
    0   3.8258 THz  -0.0000 -0.0000 -0.0008  0.0000  1.0000  0.0000
    1   3.8258 THz   1.0000  0.0000  0.0000  0.0000  0.0000  0.0000
    2   3.8258 THz   0.0000  0.0000 -1.0000  0.0000 -0.0008 -0.0000


 Q= -0.226318 -0.226318 -0.301758, q= -0.500000 -0.500000 -0.250000

                       Mo X   0        Mo Y   0        Mo Z   0     
                    --------------- --------------- ---------------
    0   3.8395 THz   0.0000  0.0000  0.0000 -0.0000 -0.8127  0.5826
    1   4.7037 THz   0.7071  0.0000 -0.7071 -0.0000 -0.0000  0.0000
    2   5.9773 THz  -0.7071  0.0000 -0.7071 -0.0000 -0.0000  0.0000


 Q= -0.150879 -0.150879 -0.301758, q= -0.500000 -0.500000  0.000000

                       Mo X   0        Mo Y   0        Mo Z   0     
                    --------------- --------------- ---------------
    0   3.4696 THz   0.0000  0.0000  0.0000  0.0000 -1.0000 -0.0000
    1   5.2901 THz   0.7071  0.0000 -0.7071  0.0000 -0.0000 -0.0000
    2   5.6484 THz  -0.7071  0.0000 -0.7071  0.0000 -0.0000 -0.0000


 Q= -0.075439 -0.075439 -0.301758, q= -0.500000 -0.500000  0.250000

                       Mo X   0        Mo Y   0        Mo Z   0     
                    --------------- --------------- ---------------
    0   3.8395 THz   0.0000  0.0000 -0.0000  0.0000 -0.9682 -0.2501
    1   4.7037 THz   0.7071  0.0000 -0.7071 -0.0000  0.0000  0.0000
    2   5.9773 THz  -0.7071  0.0000 -0.7071 -0.0000  0.0000  0.0000


 Q= -0.226318 -0.301758 -0.226318, q= -0.500000 -0.250000 -0.500000

                       Mo X   0        Mo Y   0        Mo Z   0     
                    --------------- --------------- ---------------
    0   3.8395 THz  -0.0000  0.0000  1.0000 -0.0069  0.0000  0.0000
    1   4.7037 THz   0.7071  0.0000  0.0000 -0.0000 -0.7071  0.0000
    2   5.9773 THz   0.7071  0.0000 -0.0000  0.0000  0.7071 -0.0000


 Q= -0.150879 -0.226318 -0.226318, q= -0.500000 -0.250000 -0.250000

                       Mo X   0        Mo Y   0        Mo Z   0     
                    --------------- --------------- ---------------
    0   4.3693 THz   0.3664  0.0000 -0.6579  0.0000 -0.6579 -0.0000
    1   4.8596 THz  -0.0000  0.0000  0.7071  0.0046 -0.7071 -0.0046
    2   5.6454 THz   0.9305  0.0000  0.2591  0.0000  0.2591 -0.0000


 Q= -0.075439 -0.150879 -0.226318, q= -0.500000 -0.250000  0.000000

                       Mo X   0        Mo Y   0        Mo Z   0     
                    --------------- --------------- ---------------
    0   4.3693 THz  -0.6579  0.0000  0.3664  0.0000  0.6579  0.0000
    1   4.8596 THz  -0.7071  0.0000  0.0000 -0.0000 -0.7071 -0.0000
    2   5.6454 THz   0.2591  0.0000  0.9305 -0.0000 -0.2591 -0.0000


 Q=  0.000000 -0.075439 -0.226318, q= -0.500000 -0.250000  0.250000

                       Mo X   0        Mo Y   0        Mo Z   0     
                    --------------- --------------- ---------------
    0   3.8395 THz   1.0000  0.0000  0.0000  0.0000  0.0000  0.0000
    1   4.7037 THz   0.0000  0.0000 -0.5000  0.5000 -0.5000  0.5000
    2   5.9773 THz   0.0000  0.0000 -0.0009  0.7071  0.0009 -0.7071


 Q= -0.150879 -0.301758 -0.150879, q= -0.500000  0.000000 -0.500000

                       Mo X   0        Mo Y   0        Mo Z   0     
                    --------------- --------------- ---------------
    0   3.4696 THz   0.0000  0.0000  1.0000 -0.0000 -0.0000  0.0000
    1   5.2901 THz   0.7071  0.0000 -0.0000  0.0000 -0.7071 -0.0000
    2   5.6484 THz   0.7071  0.0000  0.0000 -0.0000  0.7071  0.0000


 Q= -0.075439 -0.226318 -0.150879, q= -0.500000  0.000000 -0.250000

                       Mo X   0        Mo Y   0        Mo Z   0     
                    --------------- --------------- ---------------
    0   4.3693 THz   0.6579  0.0000 -0.6579 -0.0000 -0.3664  0.0000
    1   4.8596 THz  -0.7071  0.0000 -0.7071 -0.0000 -0.0000  0.0000
    2   5.6454 THz   0.2591  0.0000 -0.2591 -0.0000  0.9305 -0.0000


 Q=  0.000000 -0.150879 -0.150879, q= -0.500000  0.000000  0.000000

                       Mo X   0        Mo Y   0        Mo Z   0     
                    --------------- --------------- ---------------
    0   3.4696 THz   1.0000  0.0000  0.0000  0.0000  0.0000  0.0000
    1   5.2901 THz   0.0000  0.0000 -0.7071 -0.0000 -0.7071 -0.0000
    2   5.6484 THz   0.0000  0.0000 -0.7071 -0.0000  0.7071  0.0000


 Q=  0.075439 -0.075439 -0.150879, q= -0.500000  0.000000  0.250000

                       Mo X   0        Mo Y   0        Mo Z   0     
                    --------------- --------------- ---------------
    0   4.3693 THz   0.6579  0.0000 -0.6579  0.0000 -0.3664 -0.0000
    1   4.8596 THz  -0.7071  0.0000 -0.7071  0.0000 -0.0000 -0.0000
    2   5.6454 THz   0.2591  0.0000 -0.2591  0.0000  0.9305 -0.0000


 Q= -0.075439 -0.301758 -0.075439, q= -0.500000  0.250000 -0.500000

                       Mo X   0        Mo Y   0        Mo Z   0     
                    --------------- --------------- ---------------
    0   3.8395 THz  -0.0000  0.0000 -0.9998  0.0183  0.0000 -0.0000
    1   4.7037 THz  -0.7071  0.0000  0.0000 -0.0000  0.7071 -0.0000
    2   5.9773 THz   0.7071  0.0000  0.0000 -0.0000  0.7071 -0.0000


 Q=  0.000000 -0.226318 -0.075439, q= -0.500000  0.250000 -0.250000

                       Mo X   0        Mo Y   0        Mo Z   0     
                    --------------- --------------- ---------------
    0   3.8395 THz   1.0000  0.0000  0.0000  0.0000  0.0000  0.0000
    1   4.7037 THz   0.0000  0.0000 -0.7071  0.0005 -0.7071  0.0005
    2   5.9773 THz   0.0000  0.0000 -0.6324 -0.3164  0.6324  0.3164


 Q=  0.075439 -0.150879 -0.075439, q= -0.500000  0.250000  0.000000

                       Mo X   0        Mo Y   0        Mo Z   0     
                    --------------- --------------- ---------------
    0   4.3693 THz  -0.6579  0.0000  0.3664  0.0000  0.6579  0.0000
    1   4.8596 THz  -0.7071  0.0000  0.0000 -0.0000 -0.7071 -0.0000
    2   5.6454 THz   0.2591  0.0000  0.9305  0.0000 -0.2591 -0.0000


 Q=  0.150879 -0.075439 -0.075439, q= -0.500000  0.250000  0.250000

                       Mo X   0        Mo Y   0        Mo Z   0     
                    --------------- --------------- ---------------
    0   4.3693 THz   0.3664  0.0000 -0.6579 -0.0000 -0.6579  0.0000
    1   4.8596 THz  -0.0000  0.0000  0.7071 -0.0022 -0.7071  0.0022
    2   5.6454 THz   0.9305  0.0000  0.2591  0.0000  0.2591 -0.0000


 Q= -0.301758 -0.226318 -0.226318, q= -0.250000 -0.500000 -0.500000

                       Mo X   0        Mo Y   0        Mo Z   0     
                    --------------- --------------- ---------------
    0   3.8395 THz   1.0000  0.0000  0.0000  0.0000  0.0000  0.0000
    1   4.7037 THz   0.0000  0.0000  0.0006 -0.7071 -0.0006  0.7071
    2   5.9773 THz   0.0000  0.0000 -0.7017  0.0877 -0.7017  0.0877


 Q= -0.226318 -0.150879 -0.226318, q= -0.250000 -0.500000 -0.250000

                       Mo X   0        Mo Y   0        Mo Z   0     
                    --------------- --------------- ---------------
    0   4.3693 THz   0.6579  0.0000 -0.3664  0.0000  0.6579 -0.0000
    1   4.8596 THz  -0.7071  0.0000  0.0000 -0.0000  0.7071 -0.0000
    2   5.6454 THz   0.2591  0.0000  0.9305 -0.0000  0.2591 -0.0000


 Q= -0.150879 -0.075439 -0.226318, q= -0.250000 -0.500000  0.000000

                       Mo X   0        Mo Y   0        Mo Z   0     
                    --------------- --------------- ---------------
    0   4.3693 THz   0.3664  0.0000 -0.6579  0.0000  0.6579 -0.0000
    1   4.8596 THz   0.0000  0.0000 -0.7071  0.0000 -0.7071  0.0000
    2   5.6454 THz   0.9305  0.0000  0.2591 -0.0000 -0.2591  0.0000


 Q= -0.075439  0.000000 -0.226318, q= -0.250000 -0.500000  0.250000

                       Mo X   0        Mo Y   0        Mo Z   0     
                    --------------- --------------- ---------------
    0   3.8395 THz   0.0000  0.0000  0.9958  0.0915  0.0000 -0.0000
    1   4.7037 THz  -0.7071  0.0000  0.0000  0.0000 -0.7071 -0.0000
    2   5.9773 THz   0.7071  0.0000  0.0000  0.0000 -0.7071 -0.0000


 Q= -0.226318 -0.226318 -0.150879, q= -0.250000 -0.250000 -0.500000

                       Mo X   0        Mo Y   0        Mo Z   0     
                    --------------- --------------- ---------------
    0   4.3693 THz   0.6579  0.0000  0.6579  0.0000 -0.3664 -0.0000
    1   4.8596 THz  -0.7071  0.0000  0.7071  0.0000 -0.0000 -0.0000
    2   5.6454 THz  -0.2591 -0.0000 -0.2591  0.0000 -0.9305 -0.0000


 Q= -0.150879 -0.150879 -0.150879, q= -0.250000 -0.250000 -0.250000

                       Mo X   0        Mo Y   0        Mo Z   0     
                    --------------- --------------- ---------------
    0   4.9210 THz   0.0000  0.0000 -0.1531  0.0358 -0.9794  0.1265
    1   4.9210 THz   1.0000  0.0000  0.0000  0.0000  0.0000  0.0000
    2   4.9210 THz   0.0000  0.0000  0.3828 -0.9103 -0.0753  0.1380


 Q= -0.075439 -0.075439 -0.150879, q= -0.250000 -0.250000  0.000000

                       Mo X   0        Mo Y   0        Mo Z   0     
                    --------------- --------------- ---------------
    0   4.3693 THz  -0.6579  0.0000 -0.6579 -0.0000 -0.3664  0.0000
    1   4.8596 THz  -0.7071  0.0000  0.7071  0.0000  0.0000  0.0000
    2   5.6454 THz  -0.2591  0.0000 -0.2591 -0.0000  0.9305 -0.0000


 Q=  0.000000  0.000000 -0.150879, q= -0.250000 -0.250000  0.250000

                       Mo X   0        Mo Y   0        Mo Z   0     
                    --------------- --------------- ---------------
    0   3.6446 THz   1.0000  0.0000  0.0000  0.0000  0.0000  0.0000
    1   3.6446 THz   0.0000  0.0000 -0.0026  1.0000  0.0000  0.0000
    2   6.0217 THz   0.0000  0.0000 -0.0000  0.0000  0.9701 -0.2425


 Q= -0.150879 -0.226318 -0.075439, q= -0.250000  0.000000 -0.500000

                       Mo X   0        Mo Y   0        Mo Z   0     
                    --------------- --------------- ---------------
    0   4.3693 THz  -0.3664  0.0000 -0.6579  0.0000  0.6579 -0.0000
    1   4.8596 THz  -0.0000  0.0000 -0.7071 -0.0050 -0.7071 -0.0050
    2   5.6454 THz   0.9305  0.0000 -0.2591 -0.0000  0.2591 -0.0000


 Q= -0.075439 -0.150879 -0.075439, q= -0.250000  0.000000 -0.250000

                       Mo X   0        Mo Y   0        Mo Z   0     
                    --------------- --------------- ---------------
    0   4.3693 THz   0.6579  0.0000  0.3664  0.0000  0.6579 -0.0000
    1   4.8596 THz  -0.7071  0.0000 -0.0000  0.0000  0.7071 -0.0000
    2   5.6454 THz  -0.2591 -0.0000  0.9305 -0.0000 -0.2591  0.0000


 Q=  0.000000 -0.075439 -0.075439, q= -0.250000  0.000000  0.000000

                       Mo X   0        Mo Y   0        Mo Z   0     
                    --------------- --------------- ---------------
    0   3.3162 THz   1.0000  0.0000  0.0000  0.0000  0.0000  0.0000
    1   4.1005 THz   0.0000  0.0000 -0.4414  0.5524  0.4414 -0.5524
    2   4.4199 THz   0.0000  0.0000 -0.7071  0.0005 -0.7071  0.0005


 Q=  0.075439  0.000000 -0.075439, q= -0.250000  0.000000  0.250000

                       Mo X   0        Mo Y   0        Mo Z   0     
                    --------------- --------------- ---------------
    0   3.3162 THz   0.0000  0.0000 -0.9928  0.1198  0.0000 -0.0000
    1   4.1005 THz   0.7071  0.0000  0.0000  0.0000  0.7071  0.0000
    2   4.4199 THz   0.7071  0.0000  0.0000 -0.0000 -0.7071  0.0000


 Q= -0.075439 -0.226318  0.000000, q= -0.250000  0.250000 -0.500000

                       Mo X   0        Mo Y   0        Mo Z   0     
                    --------------- --------------- ---------------
    0   3.8395 THz   0.0000  0.0000  0.0000 -0.0000 -0.0165  0.9999
    1   4.7037 THz   0.7071  0.0000  0.7071 -0.0000  0.0000 -0.0000
    2   5.9773 THz   0.7071  0.0000 -0.7071  0.0000 -0.0000  0.0000


 Q=  0.000000 -0.150879  0.000000, q= -0.250000  0.250000 -0.250000

                       Mo X   0        Mo Y   0        Mo Z   0     
                    --------------- --------------- ---------------
    0   3.6446 THz   0.0000  0.0000  0.0000  0.0000 -0.9406 -0.3395
    1   3.6446 THz   1.0000  0.0000  0.0000  0.0000  0.0000  0.0000
    2   6.0217 THz   0.0000  0.0000 -0.0007 -1.0000  0.0000  0.0000


 Q=  0.075439 -0.075439  0.000000, q= -0.250000  0.250000  0.000000

                       Mo X   0        Mo Y   0        Mo Z   0     
                    --------------- --------------- ---------------
    0   3.3162 THz   0.0000  0.0000 -0.0000 -0.0000 -0.9705 -0.2410
    1   4.1005 THz   0.7071  0.0000  0.7071  0.0000 -0.0000  0.0000
    2   4.4199 THz   0.7071  0.0000 -0.7071 -0.0000  0.0000 -0.0000


 Q=  0.150879  0.000000  0.000000, q= -0.250000  0.250000  0.250000

                       Mo X   0        Mo Y   0        Mo Z   0     
                    --------------- --------------- ---------------
    0   3.6446 THz   0.0000  0.0000 -0.0190  0.0154 -0.0052 -0.9997
    1   3.6446 THz   0.0000  0.0000 -0.0730 -0.9970 -0.0202 -0.0138
    2   6.0217 THz   1.0000  0.0000  0.0000  0.0000  0.0000  0.0000


 Q= -0.301758 -0.150879 -0.150879, q=  0.000000 -0.500000 -0.500000

                       Mo X   0        Mo Y   0        Mo Z   0     
                    --------------- --------------- ---------------
    0   3.4696 THz   1.0000  0.0000  0.0000  0.0000  0.0000  0.0000
    1   5.2901 THz   0.0000  0.0000  0.7071 -0.0000 -0.7071  0.0000
    2   5.6484 THz   0.0000  0.0000 -0.7071 -0.0000 -0.7071 -0.0000


 Q= -0.226318 -0.075439 -0.150879, q=  0.000000 -0.500000 -0.250000

                       Mo X   0        Mo Y   0        Mo Z   0     
                    --------------- --------------- ---------------
    0   4.3693 THz  -0.6579  0.0000  0.6579 -0.0000 -0.3664  0.0000
    1   4.8596 THz  -0.7071  0.0000 -0.7071  0.0000 -0.0000  0.0000
    2   5.6454 THz   0.2591  0.0000 -0.2591  0.0000 -0.9305  0.0000


 Q= -0.150879  0.000000 -0.150879, q=  0.000000 -0.500000  0.000000

                       Mo X   0        Mo Y   0        Mo Z   0     
                    --------------- --------------- ---------------
    0   3.4696 THz   0.0000  0.0000 -1.0000  0.0000  0.0000  0.0000
    1   5.2901 THz   0.7071  0.0000  0.0000  0.0000  0.7071  0.0000
    2   5.6484 THz   0.7071  0.0000  0.0000 -0.0000 -0.7071 -0.0000


 Q= -0.075439  0.075439 -0.150879, q=  0.000000 -0.500000  0.250000

                       Mo X   0        Mo Y   0        Mo Z   0     
                    --------------- --------------- ---------------
    0   4.3693 THz  -0.6579  0.0000  0.6579  0.0000 -0.3664 -0.0000
    1   4.8596 THz  -0.7071  0.0000 -0.7071 -0.0000  0.0000 -0.0000
    2   5.6454 THz   0.2591  0.0000 -0.2591 -0.0000 -0.9305 -0.0000


 Q= -0.226318 -0.150879 -0.075439, q=  0.000000 -0.250000 -0.500000

                       Mo X   0        Mo Y   0        Mo Z   0     
                    --------------- --------------- ---------------
    0   4.3693 THz  -0.6579  0.0000 -0.3664  0.0000  0.6579 -0.0000
    1   4.8596 THz  -0.7071  0.0000 -0.0000  0.0000 -0.7071  0.0000
    2   5.6454 THz  -0.2591  0.0000  0.9305 -0.0000  0.2591 -0.0000


 Q= -0.150879 -0.075439 -0.075439, q=  0.000000 -0.250000 -0.250000

                       Mo X   0        Mo Y   0        Mo Z   0     
                    --------------- --------------- ---------------
    0   4.3693 THz  -0.3664  0.0000 -0.6579 -0.0000 -0.6579  0.0000
    1   4.8596 THz   0.0000  0.0000  0.7071 -0.0057 -0.7071  0.0057
    2   5.6454 THz   0.9305  0.0000 -0.2591  0.0000 -0.2591 -0.0000


 Q= -0.075439  0.000000 -0.075439, q=  0.000000 -0.250000  0.000000

                       Mo X   0        Mo Y   0        Mo Z   0     
                    --------------- --------------- ---------------
    0   3.3162 THz   0.0000  0.0000 -0.4062 -0.9138 -0.0000  0.0000
    1   4.1005 THz  -0.7071  0.0000  0.0000 -0.0000  0.7071  0.0000
    2   4.4199 THz   0.7071  0.0000  0.0000 -0.0000  0.7071  0.0000


 Q=  0.000000  0.075439 -0.075439, q=  0.000000 -0.250000  0.250000

                       Mo X   0        Mo Y   0        Mo Z   0     
                    --------------- --------------- ---------------
    0   3.3162 THz   1.0000  0.0000  0.0000  0.0000  0.0000  0.0000
    1   4.1005 THz   0.0000  0.0000  0.0006  0.7071  0.0006  0.7071
    2   4.4199 THz   0.0000  0.0000 -0.7016 -0.0880  0.7016  0.0880


 Q= -0.150879 -0.150879  0.000000, q=  0.000000  0.000000 -0.500000

                       Mo X   0        Mo Y   0        Mo Z   0     
                    --------------- --------------- ---------------
    0   3.4696 THz   0.0000  0.0000 -0.0000  0.0000 -1.0000 -0.0000
    1   5.2901 THz   0.7071  0.0000  0.7071  0.0000  0.0000 -0.0000
    2   5.6484 THz   0.7071  0.0000 -0.7071 -0.0000  0.0000  0.0000


 Q= -0.075439 -0.075439  0.000000, q=  0.000000  0.000000 -0.250000

                       Mo X   0        Mo Y   0        Mo Z   0     
                    --------------- --------------- ---------------
    0   3.3162 THz   0.0000  0.0000 -0.0000 -0.0000 -0.8780 -0.4786
    1   4.1005 THz   0.7071  0.0000 -0.7071 -0.0000  0.0000  0.0000
    2   4.4199 THz  -0.7071  0.0000 -0.7071 -0.0000  0.0000  0.0000


 Q=  0.000000  0.000000  0.000000, q=  0.000000  0.000000  0.000000

                       Mo X   0        Mo Y   0        Mo Z   0     
                    --------------- --------------- ---------------
    0  -0.0000 THz   0.9991  0.0000  0.0341  0.0000 -0.0238  0.0000
    1   0.0000 THz   0.0357  0.0000 -0.9968  0.0000  0.0714  0.0000
    2   0.0000 THz  -0.0212  0.0000 -0.0722  0.0000 -0.9972  0.0000


 Q=  0.075439  0.075439  0.000000, q=  0.000000  0.000000  0.250000

                       Mo X   0        Mo Y   0        Mo Z   0     
                    --------------- --------------- ---------------
    0   3.3162 THz   0.0000  0.0000 -0.0000  0.0000 -0.8780  0.4786
    1   4.1005 THz   0.7071  0.0000 -0.7071  0.0000  0.0000 -0.0000
    2   4.4199 THz  -0.7071  0.0000 -0.7071  0.0000  0.0000 -0.0000


 Q= -0.075439 -0.150879  0.075439, q=  0.000000  0.250000 -0.500000

                       Mo X   0        Mo Y   0        Mo Z   0     
                    --------------- --------------- ---------------
    0   4.3693 THz  -0.6579  0.0000 -0.3664 -0.0000  0.6579  0.0000
    1   4.8596 THz  -0.7071  0.0000 -0.0000 -0.0000 -0.7071 -0.0000
    2   5.6454 THz  -0.2591  0.0000  0.9305  0.0000  0.2591  0.0000


 Q=  0.000000 -0.075439  0.075439, q=  0.000000  0.250000 -0.250000

                       Mo X   0        Mo Y   0        Mo Z   0     
                    --------------- --------------- ---------------
    0   3.3162 THz   1.0000  0.0000  0.0000  0.0000  0.0000  0.0000
    1   4.1005 THz   0.0000  0.0000  0.0006 -0.7071  0.0006 -0.7071
    2   4.4199 THz   0.0000  0.0000 -0.7016  0.0880  0.7016 -0.0880


 Q=  0.075439  0.000000  0.075439, q=  0.000000  0.250000  0.000000

                       Mo X   0        Mo Y   0        Mo Z   0     
                    --------------- --------------- ---------------
    0   3.3162 THz   0.0000  0.0000 -0.4062  0.9138 -0.0000  0.0000
    1   4.1005 THz  -0.7071  0.0000  0.0000  0.0000  0.7071 -0.0000
    2   4.4199 THz   0.7071  0.0000  0.0000  0.0000  0.7071 -0.0000


 Q=  0.150879  0.075439  0.075439, q=  0.000000  0.250000  0.250000

                       Mo X   0        Mo Y   0        Mo Z   0     
                    --------------- --------------- ---------------
    0   4.3693 THz  -0.3664  0.0000 -0.6579  0.0000 -0.6579 -0.0000
    1   4.8596 THz   0.0000  0.0000  0.7071  0.0057 -0.7071 -0.0057
    2   5.6454 THz   0.9305  0.0000 -0.2591 -0.0000 -0.2591  0.0000


 Q= -0.301758 -0.075439 -0.075439, q=  0.250000 -0.500000 -0.500000

                       Mo X   0        Mo Y   0        Mo Z   0     
                    --------------- --------------- ---------------
    0   3.8395 THz   1.0000  0.0000  0.0000  0.0000  0.0000  0.0000
    1   4.7037 THz   0.0000  0.0000  0.5660  0.4239 -0.5660 -0.4239
    2   5.9773 THz   0.0000  0.0000 -0.7023  0.0826 -0.7023  0.0826


 Q= -0.226318  0.000000 -0.075439, q=  0.250000 -0.500000 -0.250000

                       Mo X   0        Mo Y   0        Mo Z   0     
                    --------------- --------------- ---------------
    0   3.8395 THz   0.0000  0.0000  0.9988  0.0499  0.0000 -0.0000
    1   4.7037 THz  -0.7071  0.0000  0.0000  0.0000 -0.7071  0.0000
    2   5.9773 THz   0.7071  0.0000  0.0000  0.0000 -0.7071  0.0000


 Q= -0.150879  0.075439 -0.075439, q=  0.250000 -0.500000  0.000000

                       Mo X   0        Mo Y   0        Mo Z   0     
                    --------------- --------------- ---------------
    0   4.3693 THz   0.3664  0.0000 -0.6579 -0.0000  0.6579  0.0000
    1   4.8596 THz   0.0000  0.0000 -0.7071 -0.0000 -0.7071 -0.0000
    2   5.6454 THz   0.9305  0.0000  0.2591  0.0000 -0.2591 -0.0000


 Q= -0.075439  0.150879 -0.075439, q=  0.250000 -0.500000  0.250000

                       Mo X   0        Mo Y   0        Mo Z   0     
                    --------------- --------------- ---------------
    0   4.3693 THz   0.6579  0.0000 -0.3664  0.0000  0.6579 -0.0000
    1   4.8596 THz  -0.7071  0.0000  0.0000  0.0000  0.7071 -0.0000
    2   5.6454 THz   0.2591  0.0000  0.9305  0.0000  0.2591  0.0000


 Q= -0.226318 -0.075439  0.000000, q=  0.250000 -0.250000 -0.500000

                       Mo X   0        Mo Y   0        Mo Z   0     
                    --------------- --------------- ---------------
    0   3.8395 THz   0.0000  0.0000  0.0000 -0.0000 -0.3553 -0.9347
    1   4.7037 THz   0.7071  0.0000  0.7071 -0.0000  0.0000  0.0000
    2   5.9773 THz   0.7071  0.0000 -0.7071  0.0000 -0.0000 -0.0000


 Q= -0.150879  0.000000  0.000000, q=  0.250000 -0.250000 -0.250000

                       Mo X   0        Mo Y   0        Mo Z   0     
                    --------------- --------------- ---------------
    0   3.6446 THz   0.0000  0.0000 -0.0190 -0.0154 -0.0052  0.9997
    1   3.6446 THz   0.0000  0.0000 -0.0730  0.9970 -0.0202  0.0138
    2   6.0217 THz   1.0000  0.0000  0.0000  0.0000  0.0000  0.0000


 Q= -0.075439  0.075439  0.000000, q=  0.250000 -0.250000  0.000000

                       Mo X   0        Mo Y   0        Mo Z   0     
                    --------------- --------------- ---------------
    0   3.3162 THz   0.0000  0.0000 -0.0000  0.0000 -0.9705  0.2410
    1   4.1005 THz   0.7071  0.0000  0.7071 -0.0000 -0.0000 -0.0000
    2   4.4199 THz   0.7071  0.0000 -0.7071  0.0000  0.0000  0.0000


 Q=  0.000000  0.150879  0.000000, q=  0.250000 -0.250000  0.250000

                       Mo X   0        Mo Y   0        Mo Z   0     
                    --------------- --------------- ---------------
    0   3.6446 THz   0.0000  0.0000  0.0000  0.0000 -0.9406  0.3395
    1   3.6446 THz   1.0000  0.0000  0.0000  0.0000  0.0000  0.0000
    2   6.0217 THz   0.0000  0.0000 -0.0007  1.0000  0.0000  0.0000


 Q= -0.150879 -0.075439  0.075439, q=  0.250000  0.000000 -0.500000

                       Mo X   0        Mo Y   0        Mo Z   0     
                    --------------- --------------- ---------------
    0   4.3693 THz  -0.3664  0.0000 -0.6579 -0.0000  0.6579  0.0000
    1   4.8596 THz  -0.0000  0.0000 -0.7071  0.0048 -0.7071  0.0048
    2   5.6454 THz   0.9305  0.0000 -0.2591  0.0000  0.2591  0.0000


 Q= -0.075439  0.000000  0.075439, q=  0.250000  0.000000 -0.250000

                       Mo X   0        Mo Y   0        Mo Z   0     
                    --------------- --------------- ---------------
    0   3.3162 THz   0.0000  0.0000 -0.9928 -0.1198  0.0000  0.0000
    1   4.1005 THz   0.7071  0.0000  0.0000 -0.0000  0.7071  0.0000
    2   4.4199 THz   0.7071  0.0000  0.0000  0.0000 -0.7071  0.0000


 Q=  0.000000  0.075439  0.075439, q=  0.250000  0.000000  0.000000

                       Mo X   0        Mo Y   0        Mo Z   0     
                    --------------- --------------- ---------------
    0   3.3162 THz   1.0000  0.0000  0.0000  0.0000  0.0000  0.0000
    1   4.1005 THz   0.0000  0.0000 -0.4414 -0.5524  0.4414  0.5524
    2   4.4199 THz   0.0000  0.0000 -0.7071 -0.0005 -0.7071 -0.0005


 Q=  0.075439  0.150879  0.075439, q=  0.250000  0.000000  0.250000

                       Mo X   0        Mo Y   0        Mo Z   0     
                    --------------- --------------- ---------------
    0   4.3693 THz   0.6579  0.0000  0.3664 -0.0000  0.6579  0.0000
    1   4.8596 THz  -0.7071  0.0000 -0.0000 -0.0000  0.7071  0.0000
    2   5.6454 THz  -0.2591 -0.0000  0.9305  0.0000 -0.2591 -0.0000


 Q= -0.075439 -0.075439  0.150879, q=  0.250000  0.250000 -0.500000

                       Mo X   0        Mo Y   0        Mo Z   0     
                    --------------- --------------- ---------------
    0   4.3693 THz   0.6579  0.0000  0.6579 -0.0000 -0.3664  0.0000
    1   4.8596 THz  -0.7071  0.0000  0.7071 -0.0000 -0.0000 -0.0000
    2   5.6454 THz  -0.2591 -0.0000 -0.2591  0.0000 -0.9305  0.0000


 Q=  0.000000  0.000000  0.150879, q=  0.250000  0.250000 -0.250000

                       Mo X   0        Mo Y   0        Mo Z   0     
                    --------------- --------------- ---------------
    0   3.6446 THz   1.0000  0.0000  0.0000  0.0000  0.0000  0.0000
    1   3.6446 THz   0.0000  0.0000 -0.0026 -1.0000  0.0000 -0.0000
    2   6.0217 THz   0.0000  0.0000 -0.0000 -0.0000  0.9701  0.2425


 Q=  0.075439  0.075439  0.150879, q=  0.250000  0.250000  0.000000

                       Mo X   0        Mo Y   0        Mo Z   0     
                    --------------- --------------- ---------------
    0   4.3693 THz  -0.6579  0.0000 -0.6579  0.0000 -0.3664 -0.0000
    1   4.8596 THz  -0.7071  0.0000  0.7071 -0.0000  0.0000 -0.0000
    2   5.6454 THz  -0.2591  0.0000 -0.2591  0.0000  0.9305  0.0000


 Q=  0.150879  0.150879  0.150879, q=  0.250000  0.250000  0.250000

                       Mo X   0        Mo Y   0        Mo Z   0     
                    --------------- --------------- ---------------
    0   4.9210 THz   0.0000  0.0000 -0.1531 -0.0358 -0.9794 -0.1265
    1   4.9210 THz   1.0000  0.0000  0.0000  0.0000  0.0000  0.0000
    2   4.9210 THz   0.0000  0.0000  0.3828  0.9103 -0.0753 -0.1380
