
Used Primitive lattice vector

    0.000000000000      1.705269000000      1.705269000000  
    1.705269000000      0.000000000000      1.705269000000  
    1.705269000000      1.705269000000      0.000000000000  

   1 Atom(s) in the Primitive cell

 0.0000000000 0.0000000000 0.0000000000 Ni    0


 Q= -0.146604 -0.146604 -0.146604, q= -0.500000 -0.500000 -0.500000

                       Ni X   0        Ni Y   0        Ni Z   0     
                    --------------- --------------- ---------------
    0   5.0707 THz   0.8165  0.0000 -0.4082  0.0000 -0.4082 -0.0000
    1   5.0707 THz   0.0000  0.0000  0.7071 -0.0000 -0.7071  0.0000
    2  10.3360 THz  -0.5774  0.0000 -0.5774  0.0000 -0.5774 -0.0000


 Q= -0.073302 -0.073302 -0.219907, q= -0.500000 -0.500000 -0.250000

                       Ni X   0        Ni Y   0        Ni Z   0     
                    --------------- --------------- ---------------
    0   6.4329 THz   0.7071  0.0000 -0.7071  0.0000 -0.0000 -0.0000
    1   7.0863 THz   0.5801  0.0000  0.5801 -0.0000 -0.5717  0.0000
    2   9.6793 THz   0.4043  0.0000  0.4043  0.0000  0.8204  0.0000


 Q=  0.000000  0.000000 -0.293209, q= -0.500000 -0.500000  0.000000

                       Ni X   0        Ni Y   0        Ni Z   0     
                    --------------- --------------- ---------------
    0   7.5316 THz   1.0000  0.0000  0.0000  0.0000  0.0000  0.0000
    1   7.5316 THz   0.0000  0.0000 -1.0000  0.0000 -0.0000 -0.0000
    2  10.0962 THz   0.0000  0.0000  0.0000 -0.0000 -1.0000 -0.0000


 Q=  0.073302  0.073302 -0.366511, q= -0.500000 -0.500000  0.250000

                       Ni X   0        Ni Y   0        Ni Z   0     
                    --------------- --------------- ---------------
    0   6.4329 THz   0.7071  0.0000 -0.7071 -0.0000 -0.0000  0.0000
    1   7.0863 THz   0.5801  0.0000  0.5801  0.0000 -0.5717 -0.0000
    2   9.6793 THz   0.4043  0.0000  0.4043 -0.0000  0.8204 -0.0000


 Q= -0.073302 -0.219907 -0.073302, q= -0.500000 -0.250000 -0.500000

                       Ni X   0        Ni Y   0        Ni Z   0     
                    --------------- --------------- ---------------
    0   6.4329 THz  -0.7071  0.0000  0.0000 -0.0000  0.7071  0.0000
    1   7.0863 THz   0.5801  0.0000 -0.5717 -0.0000  0.5801  0.0000
    2   9.6793 THz   0.4043  0.0000  0.8204  0.0000  0.4043  0.0000


 Q=  0.000000 -0.146604 -0.146604, q= -0.500000 -0.250000 -0.250000

                       Ni X   0        Ni Y   0        Ni Z   0     
                    --------------- --------------- ---------------
    0   4.8729 THz   0.0000  0.0000 -0.3946 -0.5868  0.3946  0.5868
    1   7.1977 THz   1.0000  0.0000  0.0000  0.0000  0.0000  0.0000
    2   9.2090 THz   0.0000  0.0000  0.0847 -0.7020  0.0847 -0.7020


 Q=  0.073302 -0.073302 -0.219907, q= -0.500000 -0.250000  0.000000

                       Ni X   0        Ni Y   0        Ni Z   0     
                    --------------- --------------- ---------------
    0   6.4329 THz  -0.7071  0.0000 -0.7071 -0.0000 -0.0000  0.0000
    1   7.0863 THz   0.5801  0.0000 -0.5801 -0.0000  0.5717  0.0000
    2   9.6793 THz  -0.4043  0.0000  0.4043  0.0000  0.8204  0.0000


 Q=  0.146604  0.000000 -0.293209, q= -0.500000 -0.250000  0.250000

                       Ni X   0        Ni Y   0        Ni Z   0     
                    --------------- --------------- ---------------
    0   7.0427 THz   1.0000  0.0000  0.0000  0.0000  0.0000  0.0000
    1   8.7975 THz   0.0000  0.0000 -0.4673 -0.8774 -0.0033 -0.1082
    2   8.7975 THz   0.0000  0.0000 -0.1061  0.0217  0.9613  0.2533


 Q=  0.000000 -0.293209  0.000000, q= -0.500000  0.000000 -0.500000

                       Ni X   0        Ni Y   0        Ni Z   0     
                    --------------- --------------- ---------------
    0   7.5316 THz   1.0000  0.0000  0.0000  0.0000  0.0000  0.0000
    1   7.5316 THz   0.0000  0.0000 -0.0000  0.0000  1.0000 -0.0000
    2  10.0962 THz   0.0000  0.0000 -1.0000  0.0000 -0.0000  0.0000


 Q=  0.073302 -0.219907 -0.073302, q= -0.500000  0.000000 -0.250000

                       Ni X   0        Ni Y   0        Ni Z   0     
                    --------------- --------------- ---------------
    0   6.4329 THz   0.7071  0.0000  0.0000 -0.0000  0.7071  0.0000
    1   7.0863 THz   0.5801  0.0000  0.5717  0.0000 -0.5801 -0.0000
    2   9.6793 THz  -0.4043  0.0000  0.8204  0.0000  0.4043  0.0000


 Q=  0.146604 -0.146604 -0.146604, q= -0.500000  0.000000  0.000000

                       Ni X   0        Ni Y   0        Ni Z   0     
                    --------------- --------------- ---------------
    0   5.0707 THz   0.8165  0.0000  0.4082 -0.0000  0.4082  0.0000
    1   5.0707 THz   0.0000  0.0000  0.7071 -0.0000 -0.7071  0.0000
    2  10.3360 THz   0.5774  0.0000 -0.5774  0.0000 -0.5774 -0.0000


 Q=  0.219907 -0.073302 -0.219907, q= -0.500000  0.000000  0.250000

                       Ni X   0        Ni Y   0        Ni Z   0     
                    --------------- --------------- ---------------
    0   6.4329 THz   0.7071  0.0000  0.0000  0.0000  0.7071  0.0000
    1   7.0863 THz   0.5801  0.0000  0.5717  0.0000 -0.5801  0.0000
    2   9.6793 THz  -0.4043  0.0000  0.8204  0.0000  0.4043  0.0000


 Q=  0.073302 -0.366511  0.073302, q= -0.500000  0.250000 -0.500000

                       Ni X   0        Ni Y   0        Ni Z   0     
                    --------------- --------------- ---------------
    0   6.4329 THz  -0.7071  0.0000  0.0000 -0.0000  0.7071  0.0000
    1   7.0863 THz   0.5801  0.0000 -0.5717  0.0000  0.5801  0.0000
    2   9.6793 THz   0.4043  0.0000  0.8204 -0.0000  0.4043 -0.0000


 Q=  0.146604 -0.293209  0.000000, q= -0.500000  0.250000 -0.250000

                       Ni X   0        Ni Y   0        Ni Z   0     
                    --------------- --------------- ---------------
    0   7.0427 THz   1.0000  0.0000  0.0000  0.0000  0.0000  0.0000
    1   8.7975 THz   0.0000  0.0000 -0.3139  0.5887 -0.0067 -0.7449
    2   8.7975 THz   0.0000  0.0000 -0.7442  0.0325 -0.5714  0.3444


 Q=  0.219907 -0.219907 -0.073302, q= -0.500000  0.250000  0.000000

                       Ni X   0        Ni Y   0        Ni Z   0     
                    --------------- --------------- ---------------
    0   6.4329 THz  -0.7071  0.0000 -0.7071  0.0000 -0.0000 -0.0000
    1   7.0863 THz   0.5801  0.0000 -0.5801  0.0000  0.5717 -0.0000
    2   9.6793 THz  -0.4043  0.0000  0.4043 -0.0000  0.8204 -0.0000


 Q=  0.293209 -0.146604 -0.146604, q= -0.500000  0.250000  0.250000

                       Ni X   0        Ni Y   0        Ni Z   0     
                    --------------- --------------- ---------------
    0   4.8729 THz   0.0000  0.0000  0.2975 -0.6415 -0.2975  0.6415
    1   7.1977 THz   1.0000  0.0000  0.0000  0.0000  0.0000  0.0000
    2   9.2090 THz   0.0000  0.0000 -0.6834 -0.1817 -0.6834 -0.1817


 Q= -0.219907 -0.073302 -0.073302, q= -0.250000 -0.500000 -0.500000

                       Ni X   0        Ni Y   0        Ni Z   0     
                    --------------- --------------- ---------------
    0   6.4329 THz   0.0000  0.0000  0.7060  0.0397 -0.7060 -0.0397
    1   7.0863 THz   0.5717  0.0000 -0.5801  0.0000 -0.5801  0.0000
    2   9.6793 THz   0.8204  0.0000  0.4043 -0.0000  0.4043 -0.0000


 Q= -0.146604  0.000000 -0.146604, q= -0.250000 -0.500000 -0.250000

                       Ni X   0        Ni Y   0        Ni Z   0     
                    --------------- --------------- ---------------
    0   4.8729 THz   0.7071  0.0000  0.0000  0.0000 -0.7071 -0.0000
    1   7.1977 THz   0.0000  0.0000  0.9998  0.0178  0.0000 -0.0000
    2   9.2090 THz  -0.7071  0.0000  0.0000  0.0000 -0.7071 -0.0000


 Q= -0.073302  0.073302 -0.219907, q= -0.250000 -0.500000  0.000000

                       Ni X   0        Ni Y   0        Ni Z   0     
                    --------------- --------------- ---------------
    0   6.4329 THz   0.7071  0.0000  0.7071  0.0000 -0.0000  0.0000
    1   7.0863 THz   0.5801  0.0000 -0.5801 -0.0000 -0.5717 -0.0000
    2   9.6793 THz  -0.4043  0.0000  0.4043 -0.0000 -0.8204  0.0000


 Q=  0.000000  0.146604 -0.293209, q= -0.250000 -0.500000  0.250000

                       Ni X   0        Ni Y   0        Ni Z   0     
                    --------------- --------------- ---------------
    0   7.0427 THz   0.0000  0.0000 -0.8568  0.5157  0.0000 -0.0000
    1   8.7975 THz   1.0000  0.0000  0.0000  0.0000  0.0000  0.0000
    2   8.7975 THz   0.0000  0.0000  0.0000  0.0000  0.9932 -0.1162


 Q= -0.146604 -0.146604  0.000000, q= -0.250000 -0.250000 -0.500000

                       Ni X   0        Ni Y   0        Ni Z   0     
                    --------------- --------------- ---------------
    0   4.8729 THz   0.7071  0.0000 -0.7071  0.0000  0.0000  0.0000
    1   7.1977 THz   0.0000  0.0000  0.0000  0.0000 -0.3741  0.9274
    2   9.2090 THz  -0.7071  0.0000 -0.7071  0.0000  0.0000  0.0000


 Q= -0.073302 -0.073302 -0.073302, q= -0.250000 -0.250000 -0.250000

                       Ni X   0        Ni Y   0        Ni Z   0     
                    --------------- --------------- ---------------
    0   3.2779 THz   0.8165  0.0000 -0.4082 -0.0000 -0.4082 -0.0000
    1   3.2779 THz   0.0000  0.0000  0.6783 -0.1997 -0.6783  0.1997
    2   8.1972 THz  -0.5774  0.0000 -0.5774 -0.0000 -0.5774 -0.0000


 Q=  0.000000  0.000000 -0.146604, q= -0.250000 -0.250000  0.000000

                       Ni X   0        Ni Y   0        Ni Z   0     
                    --------------- --------------- ---------------
    0   5.2513 THz   1.0000  0.0000  0.0000  0.0000  0.0000  0.0000
    1   5.2513 THz   0.0000  0.0000 -0.9705 -0.2411  0.0000 -0.0000
    2   7.2533 THz   0.0000  0.0000  0.0000  0.0000 -0.1146 -0.9934


 Q=  0.073302  0.073302 -0.219907, q= -0.250000 -0.250000  0.250000

                       Ni X   0        Ni Y   0        Ni Z   0     
                    --------------- --------------- ---------------
    0   6.4329 THz  -0.7071  0.0000  0.7071 -0.0000 -0.0000 -0.0000
    1   7.0863 THz   0.5801  0.0000  0.5801 -0.0000  0.5717 -0.0000
    2   9.6793 THz   0.4043  0.0000  0.4043 -0.0000 -0.8204  0.0000


 Q= -0.073302 -0.219907  0.073302, q= -0.250000  0.000000 -0.500000

                       Ni X   0        Ni Y   0        Ni Z   0     
                    --------------- --------------- ---------------
    0   6.4329 THz   0.7071  0.0000 -0.0000  0.0000  0.7071  0.0000
    1   7.0863 THz   0.5801  0.0000 -0.5717 -0.0000 -0.5801 -0.0000
    2   9.6793 THz   0.4043  0.0000  0.8204  0.0000 -0.4043 -0.0000


 Q=  0.000000 -0.146604  0.000000, q= -0.250000  0.000000 -0.250000

                       Ni X   0        Ni Y   0        Ni Z   0     
                    --------------- --------------- ---------------
    0   5.2513 THz   1.0000  0.0000  0.0000  0.0000  0.0000  0.0000
    1   5.2513 THz   0.0000  0.0000  0.0000 -0.0000 -0.9620 -0.2730
    2   7.2533 THz   0.0000  0.0000 -0.7359 -0.6770  0.0000  0.0000


 Q=  0.073302 -0.073302 -0.073302, q= -0.250000  0.000000  0.000000

                       Ni X   0        Ni Y   0        Ni Z   0     
                    --------------- --------------- ---------------
    0   3.2779 THz   0.8165  0.0000  0.4082 -0.0000  0.4082 -0.0000
    1   3.2779 THz   0.0000  0.0000  0.6931 -0.1402 -0.6931  0.1402
    2   8.1972 THz   0.5774  0.0000 -0.5774  0.0000 -0.5774  0.0000


 Q=  0.146604  0.000000 -0.146604, q= -0.250000  0.000000  0.250000

                       Ni X   0        Ni Y   0        Ni Z   0     
                    --------------- --------------- ---------------
    0   4.8729 THz   0.7071  0.0000  0.0000  0.0000  0.7071  0.0000
    1   7.1977 THz   0.0000  0.0000 -0.1928 -0.9812  0.0000  0.0000
    2   9.2090 THz  -0.7071  0.0000  0.0000  0.0000  0.7071  0.0000


 Q=  0.000000 -0.293209  0.146604, q= -0.250000  0.250000 -0.500000

                       Ni X   0        Ni Y   0        Ni Z   0     
                    --------------- --------------- ---------------
    0   7.0427 THz   0.0000  0.0000 -0.0000  0.0000 -0.4719  0.8816
    1   8.7975 THz   0.0000  0.0000 -0.9770 -0.2133  0.0000  0.0000
    2   8.7975 THz   1.0000  0.0000  0.0000  0.0000  0.0000  0.0000


 Q=  0.073302 -0.219907  0.073302, q= -0.250000  0.250000 -0.250000

                       Ni X   0        Ni Y   0        Ni Z   0     
                    --------------- --------------- ---------------
    0   6.4329 THz  -0.7071  0.0000 -0.0000 -0.0000  0.7071 -0.0000
    1   7.0863 THz   0.5801  0.0000  0.5717 -0.0000  0.5801 -0.0000
    2   9.6793 THz  -0.4043  0.0000  0.8204 -0.0000 -0.4043 -0.0000


 Q=  0.146604 -0.146604  0.000000, q= -0.250000  0.250000  0.000000

                       Ni X   0        Ni Y   0        Ni Z   0     
                    --------------- --------------- ---------------
    0   4.8729 THz   0.7071  0.0000  0.7071 -0.0000  0.0000 -0.0000
    1   7.1977 THz   0.0000  0.0000  0.0000  0.0000 -0.8330 -0.5533
    2   9.2090 THz   0.7071  0.0000 -0.7071  0.0000 -0.0000  0.0000


 Q=  0.219907 -0.073302 -0.073302, q= -0.250000  0.250000  0.250000

                       Ni X   0        Ni Y   0        Ni Z   0     
                    --------------- --------------- ---------------
    0   6.4329 THz   0.0000  0.0000  0.6942 -0.1345 -0.6942  0.1345
    1   7.0863 THz  -0.5717  0.0000 -0.5801 -0.0000 -0.5801 -0.0000
    2   9.6793 THz   0.8204  0.0000 -0.4043 -0.0000 -0.4043 -0.0000


 Q= -0.293209  0.000000  0.000000, q=  0.000000 -0.500000 -0.500000

                       Ni X   0        Ni Y   0        Ni Z   0     
                    --------------- --------------- ---------------
    0   7.5316 THz   0.0000  0.0000 -0.3837  0.0000 -0.9235 -0.0000
    1   7.5316 THz   0.0000  0.0000  0.9235 -0.0000 -0.3837 -0.0000
    2  10.0962 THz   1.0000  0.0000  0.0000  0.0000  0.0000  0.0000


 Q= -0.219907  0.073302 -0.073302, q=  0.000000 -0.500000 -0.250000

                       Ni X   0        Ni Y   0        Ni Z   0     
                    --------------- --------------- ---------------
    0   6.4329 THz   0.0000  0.0000 -0.6991 -0.1059 -0.6991 -0.1059
    1   7.0863 THz  -0.5717  0.0000 -0.5801 -0.0000  0.5801 -0.0000
    2   9.6793 THz   0.8204  0.0000 -0.4043 -0.0000  0.4043 -0.0000


 Q= -0.146604  0.146604 -0.146604, q=  0.000000 -0.500000  0.000000

                       Ni X   0        Ni Y   0        Ni Z   0     
                    --------------- --------------- ---------------
    0   5.0707 THz   0.6435  0.0000  0.7570 -0.0000  0.1135 -0.0000
    1   5.0707 THz   0.5026  0.0000 -0.3060  0.0000 -0.8086  0.0000
    2  10.3360 THz  -0.5774 -0.0000  0.5774 -0.0000 -0.5774  0.0000


 Q= -0.073302  0.219907 -0.219907, q=  0.000000 -0.500000  0.250000

                       Ni X   0        Ni Y   0        Ni Z   0     
                    --------------- --------------- ---------------
    0   6.4329 THz   0.0000  0.0000 -0.7071 -0.0024 -0.7071 -0.0024
    1   7.0863 THz  -0.5717  0.0000 -0.5801  0.0000  0.5801 -0.0000
    2   9.6793 THz   0.8204  0.0000 -0.4043  0.0000  0.4043 -0.0000


 Q= -0.219907 -0.073302  0.073302, q=  0.000000 -0.250000 -0.500000

                       Ni X   0        Ni Y   0        Ni Z   0     
                    --------------- --------------- ---------------
    0   6.4329 THz   0.0000  0.0000 -0.7071 -0.0019 -0.7071 -0.0019
    1   7.0863 THz   0.5717  0.0000 -0.5801  0.0000  0.5801 -0.0000
    2   9.6793 THz   0.8204  0.0000  0.4043 -0.0000 -0.4043  0.0000


 Q= -0.146604  0.000000  0.000000, q=  0.000000 -0.250000 -0.250000

                       Ni X   0        Ni Y   0        Ni Z   0     
                    --------------- --------------- ---------------
    0   5.2513 THz   0.0000  0.0000 -0.4419 -0.7863 -0.3846  0.1963
    1   5.2513 THz   0.0000  0.0000  0.0564  0.4281 -0.8982  0.0821
    2   7.2533 THz   1.0000  0.0000  0.0000  0.0000  0.0000  0.0000


 Q= -0.073302  0.073302 -0.073302, q=  0.000000 -0.250000  0.000000

                       Ni X   0        Ni Y   0        Ni Z   0     
                    --------------- --------------- ---------------
    0   3.2779 THz   0.7303  0.0000  0.6781  0.0454 -0.0522  0.0454
    1   3.2779 THz   0.3652  0.0000 -0.4433 -0.0908 -0.8085 -0.0908
    2   8.1972 THz  -0.5774 -0.0000  0.5774  0.0000 -0.5774  0.0000


 Q=  0.000000  0.146604 -0.146604, q=  0.000000 -0.250000  0.250000

                       Ni X   0        Ni Y   0        Ni Z   0     
                    --------------- --------------- ---------------
    0   4.8729 THz   0.0000  0.0000 -0.2367  0.6663 -0.2367  0.6663
    1   7.1977 THz   1.0000  0.0000  0.0000  0.0000  0.0000  0.0000
    2   9.2090 THz   0.0000  0.0000  0.5164 -0.4830 -0.5164  0.4830


 Q= -0.146604 -0.146604  0.146604, q=  0.000000  0.000000 -0.500000

                       Ni X   0        Ni Y   0        Ni Z   0     
                    --------------- --------------- ---------------
    0   5.0707 THz   0.8165  0.0000 -0.4082  0.0000  0.4082 -0.0000
    1   5.0707 THz   0.0000  0.0000 -0.7071  0.0000 -0.7071  0.0000
    2  10.3360 THz  -0.5774  0.0000 -0.5774  0.0000  0.5774 -0.0000


 Q= -0.073302 -0.073302  0.073302, q=  0.000000  0.000000 -0.250000

                       Ni X   0        Ni Y   0        Ni Z   0     
                    --------------- --------------- ---------------
    0   3.2779 THz   0.7252  0.0000 -0.6865  0.0256  0.0387  0.0256
    1   3.2779 THz  -0.3751  0.0000 -0.4385  0.0494 -0.8137  0.0494
    2   8.1972 THz   0.5774  0.0000  0.5774 -0.0000 -0.5774  0.0000


 Q=  0.000000  0.000000  0.000000, q=  0.000000  0.000000  0.000000

                       Ni X   0        Ni Y   0        Ni Z   0     
                    --------------- --------------- ---------------
    0  -0.0000 THz  -0.8460  0.0000 -0.5211  0.0000  0.1131  0.0000
    1   0.0000 THz  -0.1300  0.0000 -0.0041  0.0000 -0.9915  0.0000
    2  -0.0000 THz   0.5171  0.0000 -0.8535  0.0000 -0.0643  0.0000


 Q=  0.073302  0.073302 -0.073302, q=  0.000000  0.000000  0.250000

                       Ni X   0        Ni Y   0        Ni Z   0     
                    --------------- --------------- ---------------
    0   3.2779 THz   0.7252  0.0000 -0.6865 -0.0256  0.0387 -0.0256
    1   3.2779 THz  -0.3751  0.0000 -0.4385 -0.0494 -0.8137 -0.0494
    2   8.1972 THz   0.5774  0.0000  0.5774  0.0000 -0.5774 -0.0000


 Q= -0.073302 -0.219907  0.219907, q=  0.000000  0.250000 -0.500000

                       Ni X   0        Ni Y   0        Ni Z   0     
                    --------------- --------------- ---------------
    0   6.4329 THz   0.0000  0.0000 -0.7071 -0.0016 -0.7071 -0.0016
    1   7.0863 THz   0.5717  0.0000 -0.5801 -0.0000  0.5801  0.0000
    2   9.6793 THz   0.8204  0.0000  0.4043  0.0000 -0.4043 -0.0000


 Q=  0.000000 -0.146604  0.146604, q=  0.000000  0.250000 -0.250000

                       Ni X   0        Ni Y   0        Ni Z   0     
                    --------------- --------------- ---------------
    0   4.8729 THz   0.0000  0.0000 -0.2367 -0.6663 -0.2367 -0.6663
    1   7.1977 THz   1.0000  0.0000  0.0000  0.0000  0.0000  0.0000
    2   9.2090 THz   0.0000  0.0000  0.5164  0.4830 -0.5164 -0.4830


 Q=  0.073302 -0.073302  0.073302, q=  0.000000  0.250000  0.000000

                       Ni X   0        Ni Y   0        Ni Z   0     
                    --------------- --------------- ---------------
    0   3.2779 THz   0.7303  0.0000  0.6781 -0.0454 -0.0522 -0.0454
    1   3.2779 THz   0.3652  0.0000 -0.4433  0.0908 -0.8085  0.0908
    2   8.1972 THz  -0.5774 -0.0000  0.5774 -0.0000 -0.5774 -0.0000


 Q=  0.146604  0.000000  0.000000, q=  0.000000  0.250000  0.250000

                       Ni X   0        Ni Y   0        Ni Z   0     
                    --------------- --------------- ---------------
    0   5.2513 THz   0.0000  0.0000 -0.4419  0.7863 -0.3846 -0.1963
    1   5.2513 THz   0.0000  0.0000  0.0564 -0.4281 -0.8982 -0.0821
    2   7.2533 THz   1.0000  0.0000  0.0000  0.0000  0.0000  0.0000


 Q= -0.366511  0.073302  0.073302, q=  0.250000 -0.500000 -0.500000

                       Ni X   0        Ni Y   0        Ni Z   0     
                    --------------- --------------- ---------------
    0   6.4329 THz   0.0000  0.0000  0.7060 -0.0397 -0.7060  0.0397
    1   7.0863 THz   0.5717  0.0000 -0.5801 -0.0000 -0.5801 -0.0000
    2   9.6793 THz   0.8204  0.0000  0.4043  0.0000  0.4043  0.0000


 Q= -0.293209  0.146604  0.000000, q=  0.250000 -0.500000 -0.250000

                       Ni X   0        Ni Y   0        Ni Z   0     
                    --------------- --------------- ---------------
    0   7.0427 THz   0.0000  0.0000 -0.9963 -0.0861  0.0000  0.0000
    1   8.7975 THz   1.0000  0.0000  0.0000  0.0000  0.0000  0.0000
    2   8.7975 THz   0.0000  0.0000 -0.0000  0.0000 -0.9949  0.1010


 Q= -0.219907  0.219907 -0.073302, q=  0.250000 -0.500000  0.000000

                       Ni X   0        Ni Y   0        Ni Z   0     
                    --------------- --------------- ---------------
    0   6.4329 THz   0.7071  0.0000  0.7071 -0.0000 -0.0000 -0.0000
    1   7.0863 THz   0.5801  0.0000 -0.5801  0.0000 -0.5717  0.0000
    2   9.6793 THz  -0.4043  0.0000  0.4043  0.0000 -0.8204 -0.0000


 Q= -0.146604  0.293209 -0.146604, q=  0.250000 -0.500000  0.250000

                       Ni X   0        Ni Y   0        Ni Z   0     
                    --------------- --------------- ---------------
    0   4.8729 THz   0.7071  0.0000 -0.0000 -0.0000 -0.7071  0.0000
    1   7.1977 THz  -0.0000  0.0000 -1.0000 -0.0033  0.0000 -0.0000
    2   9.2090 THz  -0.7071 -0.0000  0.0000 -0.0000 -0.7071  0.0000


 Q= -0.293209  0.000000  0.146604, q=  0.250000 -0.250000 -0.500000

                       Ni X   0        Ni Y   0        Ni Z   0     
                    --------------- --------------- ---------------
    0   7.0427 THz   0.0000  0.0000  0.0000  0.0000 -0.9633 -0.2684
    1   8.7975 THz   1.0000  0.0000  0.0000  0.0000  0.0000  0.0000
    2   8.7975 THz   0.0000  0.0000  0.9331  0.3596  0.0000  0.0000


 Q= -0.219907  0.073302  0.073302, q=  0.250000 -0.250000 -0.250000

                       Ni X   0        Ni Y   0        Ni Z   0     
                    --------------- --------------- ---------------
    0   6.4329 THz   0.0000  0.0000  0.6942  0.1345 -0.6942 -0.1345
    1   7.0863 THz  -0.5717  0.0000 -0.5801  0.0000 -0.5801  0.0000
    2   9.6793 THz   0.8204  0.0000 -0.4043  0.0000 -0.4043  0.0000


 Q= -0.146604  0.146604  0.000000, q=  0.250000 -0.250000  0.000000

                       Ni X   0        Ni Y   0        Ni Z   0     
                    --------------- --------------- ---------------
    0   4.8729 THz   0.7071  0.0000  0.7071  0.0000  0.0000  0.0000
    1   7.1977 THz   0.0000  0.0000  0.0000 -0.0000 -0.8330  0.5533
    2   9.2090 THz   0.7071  0.0000 -0.7071 -0.0000 -0.0000 -0.0000


 Q= -0.073302  0.219907 -0.073302, q=  0.250000 -0.250000  0.250000

                       Ni X   0        Ni Y   0        Ni Z   0     
                    --------------- --------------- ---------------
    0   6.4329 THz  -0.7071  0.0000 -0.0000  0.0000  0.7071  0.0000
    1   7.0863 THz   0.5801  0.0000  0.5717  0.0000  0.5801  0.0000
    2   9.6793 THz  -0.4043  0.0000  0.8204  0.0000 -0.4043  0.0000


 Q= -0.219907 -0.073302  0.219907, q=  0.250000  0.000000 -0.500000

                       Ni X   0        Ni Y   0        Ni Z   0     
                    --------------- --------------- ---------------
    0   6.4329 THz   0.7071  0.0000 -0.0000 -0.0000  0.7071 -0.0000
    1   7.0863 THz   0.5801  0.0000 -0.5717  0.0000 -0.5801  0.0000
    2   9.6793 THz   0.4043  0.0000  0.8204 -0.0000 -0.4043  0.0000


 Q= -0.146604  0.000000  0.146604, q=  0.250000  0.000000 -0.250000

                       Ni X   0        Ni Y   0        Ni Z   0     
                    --------------- --------------- ---------------
    0   4.8729 THz   0.7071  0.0000  0.0000 -0.0000  0.7071 -0.0000
    1   7.1977 THz   0.0000  0.0000 -0.1928  0.9812  0.0000  0.0000
    2   9.2090 THz  -0.7071  0.0000  0.0000 -0.0000  0.7071 -0.0000


 Q= -0.073302  0.073302  0.073302, q=  0.250000  0.000000  0.000000

                       Ni X   0        Ni Y   0        Ni Z   0     
                    --------------- --------------- ---------------
    0   3.2779 THz   0.8165  0.0000  0.4082  0.0000  0.4082  0.0000
    1   3.2779 THz   0.0000  0.0000  0.6931  0.1402 -0.6931 -0.1402
    2   8.1972 THz   0.5774  0.0000 -0.5774 -0.0000 -0.5774 -0.0000


 Q=  0.000000  0.146604  0.000000, q=  0.250000  0.000000  0.250000

                       Ni X   0        Ni Y   0        Ni Z   0     
                    --------------- --------------- ---------------
    0   5.2513 THz   1.0000  0.0000  0.0000  0.0000  0.0000  0.0000
    1   5.2513 THz   0.0000  0.0000  0.0000  0.0000 -0.9620  0.2730
    2   7.2533 THz   0.0000  0.0000 -0.7359  0.6770  0.0000 -0.0000


 Q= -0.146604 -0.146604  0.293209, q=  0.250000  0.250000 -0.500000

                       Ni X   0        Ni Y   0        Ni Z   0     
                    --------------- --------------- ---------------
    0   4.8729 THz   0.7071  0.0000 -0.7071 -0.0000  0.0000 -0.0000
    1   7.1977 THz   0.0000  0.0000 -0.0000 -0.0000 -0.9964 -0.0844
    2   9.2090 THz  -0.7071  0.0000 -0.7071 -0.0000  0.0000 -0.0000


 Q= -0.073302 -0.073302  0.219907, q=  0.250000  0.250000 -0.250000

                       Ni X   0        Ni Y   0        Ni Z   0     
                    --------------- --------------- ---------------
    0   6.4329 THz  -0.7071  0.0000  0.7071  0.0000 -0.0000  0.0000
    1   7.0863 THz   0.5801  0.0000  0.5801  0.0000  0.5717  0.0000
    2   9.6793 THz   0.4043  0.0000  0.4043  0.0000 -0.8204 -0.0000


 Q=  0.000000  0.000000  0.146604, q=  0.250000  0.250000  0.000000

                       Ni X   0        Ni Y   0        Ni Z   0     
                    --------------- --------------- ---------------
    0   5.2513 THz   1.0000  0.0000  0.0000  0.0000  0.0000  0.0000
    1   5.2513 THz   0.0000  0.0000 -0.9705  0.2411  0.0000  0.0000
    2   7.2533 THz   0.0000  0.0000  0.0000  0.0000 -0.1146  0.9934


 Q=  0.073302  0.073302  0.073302, q=  0.250000  0.250000  0.250000

                       Ni X   0        Ni Y   0        Ni Z   0     
                    --------------- --------------- ---------------
    0   3.2779 THz   0.8165  0.0000 -0.4082  0.0000 -0.4082  0.0000
    1   3.2779 THz   0.0000  0.0000  0.6783  0.1997 -0.6783 -0.1997
    2   8.1972 THz  -0.5774  0.0000 -0.5774  0.0000 -0.5774  0.0000
