
Used Primitive lattice vector

    0.000000000000      2.520103000000      2.520103000000  
    2.520103000000      0.000000000000      2.520103000000  
    2.520103000000      2.520103000000      0.000000000000  

   1 Atom(s) in the Primitive cell

 0.0000000000 0.0000000000 0.0000000000 Pb    0


 Q= -0.099202 -0.099202 -0.099202, q= -0.500000 -0.500000 -0.500000

                       Pb X   0        Pb Y   0        Pb Z   0     
                    --------------- --------------- ---------------
    0   1.6197 THz   0.0000  0.0000  0.6976  0.1157 -0.6976 -0.1157
    1   1.6197 THz   0.8165  0.0000 -0.4082  0.0000 -0.4082 -0.0000
    2   1.8652 THz  -0.5774  0.0000 -0.5774  0.0000 -0.5774 -0.0000


 Q= -0.049601 -0.049601 -0.148803, q= -0.500000 -0.500000 -0.250000

                       Pb X   0        Pb Y   0        Pb Z   0     
                    --------------- --------------- ---------------
    0   1.7036 THz   0.7071  0.0000 -0.7071  0.0000  0.0000  0.0000
    1   1.8035 THz  -0.7071  0.0000 -0.7071  0.0000  0.0013  0.0000
    2   1.9436 THz  -0.0009  0.0000 -0.0009  0.0000 -1.0000 -0.0000


 Q=  0.000000  0.000000 -0.198405, q= -0.500000 -0.500000  0.000000

                       Pb X   0        Pb Y   0        Pb Z   0     
                    --------------- --------------- ---------------
    0   1.5349 THz   0.0000  0.0000 -0.5332  0.8460  0.0000 -0.0000
    1   1.5349 THz   1.0000  0.0000  0.0000  0.0000  0.0000  0.0000
    2   1.8102 THz   0.0000  0.0000 -0.0000  0.0000 -1.0000  0.0000


 Q=  0.049601  0.049601 -0.248006, q= -0.500000 -0.500000  0.250000

                       Pb X   0        Pb Y   0        Pb Z   0     
                    --------------- --------------- ---------------
    0   1.7036 THz   0.7071  0.0000 -0.7071  0.0000 -0.0000  0.0000
    1   1.8035 THz  -0.7071  0.0000 -0.7071  0.0000  0.0013  0.0000
    2   1.9436 THz  -0.0009  0.0000 -0.0009  0.0000 -1.0000 -0.0000


 Q= -0.049601 -0.148803 -0.049601, q= -0.500000 -0.250000 -0.500000

                       Pb X   0        Pb Y   0        Pb Z   0     
                    --------------- --------------- ---------------
    0   1.7036 THz   0.7071  0.0000  0.0000 -0.0000 -0.7071  0.0000
    1   1.8035 THz  -0.7071  0.0000  0.0013  0.0000 -0.7071  0.0000
    2   1.9436 THz   0.0009  0.0000  1.0000  0.0000  0.0009  0.0000


 Q=  0.000000 -0.099202 -0.099202, q= -0.500000 -0.250000 -0.250000

                       Pb X   0        Pb Y   0        Pb Z   0     
                    --------------- --------------- ---------------
    0   1.6080 THz   0.0000  0.0000  0.3385  0.6208 -0.3385 -0.6208
    1   1.8156 THz   0.0000  0.0000 -0.3338  0.6233 -0.3338  0.6233
    2   1.8500 THz   1.0000  0.0000  0.0000  0.0000  0.0000  0.0000


 Q=  0.049601 -0.049601 -0.148803, q= -0.500000 -0.250000  0.000000

                       Pb X   0        Pb Y   0        Pb Z   0     
                    --------------- --------------- ---------------
    0   1.7036 THz   0.7071  0.0000  0.7071 -0.0000  0.0000  0.0000
    1   1.8035 THz   0.7071  0.0000 -0.7071  0.0000  0.0013  0.0000
    2   1.9436 THz   0.0009  0.0000 -0.0009 -0.0000 -1.0000 -0.0000


 Q=  0.099202  0.000000 -0.198405, q= -0.500000 -0.250000  0.250000

                       Pb X   0        Pb Y   0        Pb Z   0     
                    --------------- --------------- ---------------
    0   1.6940 THz   0.0000  0.0000  0.7141 -0.0053 -0.3228  0.6211
    1   1.6940 THz   0.0000  0.0000 -0.4569  0.5303  0.2603  0.6650
    2   1.8034 THz   1.0000  0.0000  0.0000  0.0000  0.0000  0.0000


 Q=  0.000000 -0.198405  0.000000, q= -0.500000  0.000000 -0.500000

                       Pb X   0        Pb Y   0        Pb Z   0     
                    --------------- --------------- ---------------
    0   1.5349 THz   0.0000  0.0000 -0.0000  0.0000 -1.0000 -0.0000
    1   1.5349 THz   1.0000  0.0000  0.0000  0.0000  0.0000  0.0000
    2   1.8102 THz   0.0000  0.0000 -0.1167  0.9932  0.0000 -0.0000


 Q=  0.049601 -0.148803 -0.049601, q= -0.500000  0.000000 -0.250000

                       Pb X   0        Pb Y   0        Pb Z   0     
                    --------------- --------------- ---------------
    0   1.7036 THz   0.7071  0.0000 -0.0000  0.0000  0.7071 -0.0000
    1   1.8035 THz   0.7071  0.0000  0.0013 -0.0000 -0.7071  0.0000
    2   1.9436 THz  -0.0009  0.0000  1.0000  0.0000  0.0009  0.0000


 Q=  0.099202 -0.099202 -0.099202, q= -0.500000  0.000000  0.000000

                       Pb X   0        Pb Y   0        Pb Z   0     
                    --------------- --------------- ---------------
    0   1.6197 THz   0.0000  0.0000  0.5335 -0.4641 -0.5335  0.4641
    1   1.6197 THz   0.8165  0.0000  0.4082  0.0000  0.4082  0.0000
    2   1.8652 THz   0.5774  0.0000 -0.5774 -0.0000 -0.5774 -0.0000


 Q=  0.148803 -0.049601 -0.148803, q= -0.500000  0.000000  0.250000

                       Pb X   0        Pb Y   0        Pb Z   0     
                    --------------- --------------- ---------------
    0   1.7036 THz   0.7071  0.0000  0.0000  0.0000  0.7071 -0.0000
    1   1.8035 THz   0.7071  0.0000  0.0013 -0.0000 -0.7071  0.0000
    2   1.9436 THz  -0.0009  0.0000  1.0000  0.0000  0.0009  0.0000


 Q=  0.049601 -0.248006  0.049601, q= -0.500000  0.250000 -0.500000

                       Pb X   0        Pb Y   0        Pb Z   0     
                    --------------- --------------- ---------------
    0   1.7036 THz   0.7071  0.0000 -0.0000  0.0000 -0.7071 -0.0000
    1   1.8035 THz  -0.7071  0.0000  0.0013  0.0000 -0.7071 -0.0000
    2   1.9436 THz   0.0009  0.0000  1.0000 -0.0000  0.0009 -0.0000


 Q=  0.099202 -0.198405  0.000000, q= -0.500000  0.250000 -0.250000

                       Pb X   0        Pb Y   0        Pb Z   0     
                    --------------- --------------- ---------------
    0   1.6940 THz   0.0000  0.0000  0.8753 -0.0025 -0.2320 -0.4244
    1   1.6940 THz   0.0000  0.0000 -0.4008 -0.2707  0.0845 -0.8712
    2   1.8034 THz   1.0000  0.0000  0.0000  0.0000  0.0000  0.0000


 Q=  0.148803 -0.148803 -0.049601, q= -0.500000  0.250000  0.000000

                       Pb X   0        Pb Y   0        Pb Z   0     
                    --------------- --------------- ---------------
    0   1.7036 THz   0.7071  0.0000  0.7071 -0.0000  0.0000  0.0000
    1   1.8035 THz   0.7071  0.0000 -0.7071  0.0000  0.0013  0.0000
    2   1.9436 THz   0.0009  0.0000 -0.0009 -0.0000 -1.0000 -0.0000


 Q=  0.198405 -0.099202 -0.099202, q= -0.500000  0.250000  0.250000

                       Pb X   0        Pb Y   0        Pb Z   0     
                    --------------- --------------- ---------------
    0   1.6080 THz   0.0000  0.0000  0.3092 -0.6359 -0.3092  0.6359
    1   1.8156 THz   0.0000  0.0000  0.0265 -0.7066  0.0265 -0.7066
    2   1.8500 THz   1.0000  0.0000  0.0000  0.0000  0.0000  0.0000


 Q= -0.148803 -0.049601 -0.049601, q= -0.250000 -0.500000 -0.500000

                       Pb X   0        Pb Y   0        Pb Z   0     
                    --------------- --------------- ---------------
    0   1.7036 THz   0.0000  0.0000  0.1342 -0.6943 -0.1342  0.6943
    1   1.8035 THz   0.0013  0.0000 -0.7071 -0.0000 -0.7071 -0.0000
    2   1.9436 THz   1.0000  0.0000  0.0009  0.0000  0.0009 -0.0000


 Q= -0.099202  0.000000 -0.099202, q= -0.250000 -0.500000 -0.250000

                       Pb X   0        Pb Y   0        Pb Z   0     
                    --------------- --------------- ---------------
    0   1.6080 THz  -0.7071  0.0000  0.0000  0.0000  0.7071  0.0000
    1   1.8156 THz   0.7071  0.0000  0.0000  0.0000  0.7071  0.0000
    2   1.8500 THz   0.0000  0.0000 -0.3124  0.9499 -0.0000 -0.0000


 Q= -0.049601  0.049601 -0.148803, q= -0.250000 -0.500000  0.000000

                       Pb X   0        Pb Y   0        Pb Z   0     
                    --------------- --------------- ---------------
    0   1.7036 THz   0.7071  0.0000  0.7071 -0.0000  0.0000  0.0000
    1   1.8035 THz   0.7071  0.0000 -0.7071  0.0000 -0.0013 -0.0000
    2   1.9436 THz  -0.0009  0.0000  0.0009 -0.0000 -1.0000 -0.0000


 Q=  0.000000  0.099202 -0.198405, q= -0.250000 -0.500000  0.250000

                       Pb X   0        Pb Y   0        Pb Z   0     
                    --------------- --------------- ---------------
    0   1.6940 THz   0.0000  0.0000  0.0000  0.0000 -0.4990 -0.8666
    1   1.6940 THz   1.0000  0.0000  0.0000  0.0000  0.0000  0.0000
    2   1.8034 THz   0.0000  0.0000 -0.2960  0.9552 -0.0000  0.0000


 Q= -0.099202 -0.099202  0.000000, q= -0.250000 -0.250000 -0.500000

                       Pb X   0        Pb Y   0        Pb Z   0     
                    --------------- --------------- ---------------
    0   1.6080 THz   0.7071  0.0000 -0.7071  0.0000  0.0000  0.0000
    1   1.8156 THz  -0.7071  0.0000 -0.7071  0.0000  0.0000  0.0000
    2   1.8500 THz   0.0000  0.0000 -0.0000  0.0000 -0.3267 -0.9451


 Q= -0.049601 -0.049601 -0.049601, q= -0.250000 -0.250000 -0.250000

                       Pb X   0        Pb Y   0        Pb Z   0     
                    --------------- --------------- ---------------
    0   1.4512 THz   0.0000  0.0000  0.6928  0.1416 -0.6928 -0.1416
    1   1.4512 THz   0.8165  0.0000 -0.4082  0.0000 -0.4082  0.0000
    2   1.7767 THz  -0.5774  0.0000 -0.5774  0.0000 -0.5774  0.0000


 Q=  0.000000  0.000000 -0.099202, q= -0.250000 -0.250000  0.000000

                       Pb X   0        Pb Y   0        Pb Z   0     
                    --------------- --------------- ---------------
    0   1.5855 THz   0.0000  0.0000 -0.8952  0.4457 -0.0000 -0.0000
    1   1.5855 THz   1.0000  0.0000  0.0000  0.0000  0.0000  0.0000
    2   1.8975 THz   0.0000  0.0000  0.0000 -0.0000 -0.6035 -0.7974


 Q=  0.049601  0.049601 -0.148803, q= -0.250000 -0.250000  0.250000

                       Pb X   0        Pb Y   0        Pb Z   0     
                    --------------- --------------- ---------------
    0   1.7036 THz   0.7071  0.0000 -0.7071  0.0000 -0.0000 -0.0000
    1   1.8035 THz  -0.7071  0.0000 -0.7071  0.0000 -0.0013 -0.0000
    2   1.9436 THz   0.0009  0.0000  0.0009 -0.0000 -1.0000 -0.0000


 Q= -0.049601 -0.148803  0.049601, q= -0.250000  0.000000 -0.500000

                       Pb X   0        Pb Y   0        Pb Z   0     
                    --------------- --------------- ---------------
    0   1.7036 THz   0.7071  0.0000 -0.0000  0.0000  0.7071  0.0000
    1   1.8035 THz  -0.7071  0.0000  0.0013 -0.0000  0.7071  0.0000
    2   1.9436 THz  -0.0009  0.0000 -1.0000  0.0000  0.0009 -0.0000


 Q=  0.000000 -0.099202  0.000000, q= -0.250000  0.000000 -0.250000

                       Pb X   0        Pb Y   0        Pb Z   0     
                    --------------- --------------- ---------------
    0   1.5855 THz   1.0000  0.0000  0.0000  0.0000  0.0000  0.0000
    1   1.5855 THz   0.0000  0.0000  0.0000 -0.0000 -0.9719  0.2354
    2   1.8975 THz   0.0000  0.0000 -0.2774 -0.9608  0.0000 -0.0000


 Q=  0.049601 -0.049601 -0.049601, q= -0.250000  0.000000  0.000000

                       Pb X   0        Pb Y   0        Pb Z   0     
                    --------------- --------------- ---------------
    0   1.4512 THz   0.8165  0.0000  0.4082 -0.0000  0.4082 -0.0000
    1   1.4512 THz   0.0000  0.0000  0.7058 -0.0432 -0.7058  0.0432
    2   1.7767 THz   0.5774  0.0000 -0.5774  0.0000 -0.5774  0.0000


 Q=  0.099202  0.000000 -0.099202, q= -0.250000  0.000000  0.250000

                       Pb X   0        Pb Y   0        Pb Z   0     
                    --------------- --------------- ---------------
    0   1.6080 THz   0.7071  0.0000  0.0000 -0.0000  0.7071  0.0000
    1   1.8156 THz   0.7071  0.0000  0.0000  0.0000 -0.7071 -0.0000
    2   1.8500 THz   0.0000  0.0000 -1.0000  0.0093 -0.0000  0.0000


 Q=  0.000000 -0.198405  0.099202, q= -0.250000  0.250000 -0.500000

                       Pb X   0        Pb Y   0        Pb Z   0     
                    --------------- --------------- ---------------
    0   1.6940 THz   1.0000  0.0000  0.0000  0.0000  0.0000  0.0000
    1   1.6940 THz   0.0000  0.0000 -0.1905  0.9817 -0.0000  0.0000
    2   1.8034 THz   0.0000  0.0000  0.0000 -0.0000 -0.5414  0.8408


 Q=  0.049601 -0.148803  0.049601, q= -0.250000  0.250000 -0.250000

                       Pb X   0        Pb Y   0        Pb Z   0     
                    --------------- --------------- ---------------
    0   1.7036 THz   0.7071  0.0000  0.0000 -0.0000 -0.7071 -0.0000
    1   1.8035 THz   0.7071  0.0000  0.0013 -0.0000  0.7071  0.0000
    2   1.9436 THz   0.0009  0.0000 -1.0000  0.0000  0.0009 -0.0000


 Q=  0.099202 -0.099202  0.000000, q= -0.250000  0.250000  0.000000

                       Pb X   0        Pb Y   0        Pb Z   0     
                    --------------- --------------- ---------------
    0   1.6080 THz   0.7071  0.0000  0.7071 -0.0000 -0.0000 -0.0000
    1   1.8156 THz   0.7071  0.0000 -0.7071  0.0000  0.0000  0.0000
    2   1.8500 THz   0.0000  0.0000  0.0000  0.0000 -0.0584  0.9983


 Q=  0.148803 -0.049601 -0.049601, q= -0.250000  0.250000  0.250000

                       Pb X   0        Pb Y   0        Pb Z   0     
                    --------------- --------------- ---------------
    0   1.7036 THz   0.0000  0.0000  0.2449  0.6634 -0.2449 -0.6634
    1   1.8035 THz  -0.0013  0.0000 -0.7071 -0.0000 -0.7071 -0.0000
    2   1.9436 THz   1.0000  0.0000 -0.0009 -0.0000 -0.0009 -0.0000


 Q= -0.198405  0.000000  0.000000, q=  0.000000 -0.500000 -0.500000

                       Pb X   0        Pb Y   0        Pb Z   0     
                    --------------- --------------- ---------------
    0   1.5349 THz   0.0000  0.0000 -0.0826  0.7033  0.0621 -0.7033
    1   1.5349 THz   0.0000  0.0000 -0.6678 -0.2291 -0.6762 -0.2104
    2   1.8102 THz   1.0000  0.0000  0.0000  0.0000  0.0000  0.0000


 Q= -0.148803  0.049601 -0.049601, q=  0.000000 -0.500000 -0.250000

                       Pb X   0        Pb Y   0        Pb Z   0     
                    --------------- --------------- ---------------
    0   1.7036 THz   0.0000  0.0000 -0.6978  0.1140 -0.6978  0.1140
    1   1.8035 THz  -0.0013  0.0000 -0.7071 -0.0000  0.7071  0.0000
    2   1.9436 THz   1.0000  0.0000 -0.0009 -0.0000  0.0009  0.0000


 Q= -0.099202  0.099202 -0.099202, q=  0.000000 -0.500000  0.000000

                       Pb X   0        Pb Y   0        Pb Z   0     
                    --------------- --------------- ---------------
    0   1.6197 THz   0.8165  0.0000  0.4082  0.0000 -0.4082 -0.0000
    1   1.6197 THz   0.0000  0.0000 -0.6791 -0.1969 -0.6791 -0.1969
    2   1.8652 THz   0.5774  0.0000 -0.5774 -0.0000  0.5774  0.0000


 Q= -0.049601  0.148803 -0.148803, q=  0.000000 -0.500000  0.250000

                       Pb X   0        Pb Y   0        Pb Z   0     
                    --------------- --------------- ---------------
    0   1.7036 THz   0.0000  0.0000 -0.6980  0.1129 -0.6980  0.1129
    1   1.8035 THz  -0.0013  0.0000 -0.7071 -0.0000  0.7071  0.0000
    2   1.9436 THz   1.0000  0.0000 -0.0009 -0.0000  0.0009  0.0000


 Q= -0.148803 -0.049601  0.049601, q=  0.000000 -0.250000 -0.500000

                       Pb X   0        Pb Y   0        Pb Z   0     
                    --------------- --------------- ---------------
    0   1.7036 THz  -0.0000  0.0000 -0.1127  0.6981 -0.1127  0.6981
    1   1.8035 THz   0.0013  0.0000 -0.7071  0.0000  0.7071 -0.0000
    2   1.9436 THz   1.0000  0.0000  0.0009 -0.0000 -0.0009  0.0000


 Q= -0.099202  0.000000  0.000000, q=  0.000000 -0.250000 -0.250000

                       Pb X   0        Pb Y   0        Pb Z   0     
                    --------------- --------------- ---------------
    0   1.5855 THz   0.0000  0.0000 -0.0964 -0.6048 -0.0029  0.7905
    1   1.5855 THz   0.0000  0.0000 -0.7832 -0.1073 -0.5855 -0.1798
    2   1.8975 THz   1.0000  0.0000  0.0000  0.0000  0.0000  0.0000


 Q= -0.049601  0.049601 -0.049601, q=  0.000000 -0.250000  0.000000

                       Pb X   0        Pb Y   0        Pb Z   0     
                    --------------- --------------- ---------------
    0   1.4512 THz   0.0000  0.0000 -0.7001  0.0989 -0.7001  0.0989
    1   1.4512 THz   0.8165  0.0000  0.4082 -0.0000 -0.4082  0.0000
    2   1.7767 THz   0.5774  0.0000 -0.5774  0.0000  0.5774 -0.0000


 Q=  0.000000  0.099202 -0.099202, q=  0.000000 -0.250000  0.250000

                       Pb X   0        Pb Y   0        Pb Z   0     
                    --------------- --------------- ---------------
    0   1.6080 THz   0.0000  0.0000 -0.4640 -0.5336 -0.4640 -0.5336
    1   1.8156 THz   0.0000  0.0000  0.6700  0.2261 -0.6700 -0.2261
    2   1.8500 THz   1.0000  0.0000  0.0000  0.0000  0.0000  0.0000


 Q= -0.099202 -0.099202  0.099202, q=  0.000000  0.000000 -0.500000

                       Pb X   0        Pb Y   0        Pb Z   0     
                    --------------- --------------- ---------------
    0   1.6197 THz   0.0000  0.0000 -0.6910 -0.1502 -0.6910 -0.1502
    1   1.6197 THz   0.8165  0.0000 -0.4082  0.0000  0.4082 -0.0000
    2   1.8652 THz  -0.5774  0.0000 -0.5774  0.0000  0.5774 -0.0000


 Q= -0.049601 -0.049601  0.049601, q=  0.000000  0.000000 -0.250000

                       Pb X   0        Pb Y   0        Pb Z   0     
                    --------------- --------------- ---------------
    0   1.4512 THz   0.0000  0.0000 -0.6392 -0.3023 -0.6392 -0.3023
    1   1.4512 THz   0.8165  0.0000 -0.4082 -0.0000  0.4082  0.0000
    2   1.7767 THz  -0.5774  0.0000 -0.5774 -0.0000  0.5774  0.0000


 Q=  0.000000  0.000000  0.000000, q=  0.000000  0.000000  0.000000

                       Pb X   0        Pb Y   0        Pb Z   0     
                    --------------- --------------- ---------------
    0  -0.0000 THz  -0.0710  0.0000 -0.9942  0.0000 -0.0812  0.0000
    1  -0.0000 THz   0.0069  0.0000  0.0809  0.0000 -0.9967  0.0000
    2  -0.0000 THz   0.9975  0.0000 -0.0713  0.0000  0.0011  0.0000


 Q=  0.049601  0.049601 -0.049601, q=  0.000000  0.000000  0.250000

                       Pb X   0        Pb Y   0        Pb Z   0     
                    --------------- --------------- ---------------
    0   1.4512 THz   0.0000  0.0000 -0.6392  0.3023 -0.6392  0.3023
    1   1.4512 THz   0.8165  0.0000 -0.4082  0.0000  0.4082 -0.0000
    2   1.7767 THz  -0.5774  0.0000 -0.5774  0.0000  0.5774 -0.0000


 Q= -0.049601 -0.148803  0.148803, q=  0.000000  0.250000 -0.500000

                       Pb X   0        Pb Y   0        Pb Z   0     
                    --------------- --------------- ---------------
    0   1.7036 THz  -0.0000  0.0000 -0.1676  0.6870 -0.1676  0.6870
    1   1.8035 THz   0.0013  0.0000 -0.7071  0.0000  0.7071 -0.0000
    2   1.9436 THz   1.0000  0.0000  0.0009 -0.0000 -0.0009  0.0000


 Q=  0.000000 -0.099202  0.099202, q=  0.000000  0.250000 -0.250000

                       Pb X   0        Pb Y   0        Pb Z   0     
                    --------------- --------------- ---------------
    0   1.6080 THz   0.0000  0.0000 -0.4640  0.5336 -0.4640  0.5336
    1   1.8156 THz   0.0000  0.0000  0.6700 -0.2261 -0.6700  0.2261
    2   1.8500 THz   1.0000  0.0000  0.0000  0.0000  0.0000  0.0000


 Q=  0.049601 -0.049601  0.049601, q=  0.000000  0.250000  0.000000

                       Pb X   0        Pb Y   0        Pb Z   0     
                    --------------- --------------- ---------------
    0   1.4512 THz   0.0000  0.0000 -0.7001 -0.0989 -0.7001 -0.0989
    1   1.4512 THz   0.8165  0.0000  0.4082  0.0000 -0.4082 -0.0000
    2   1.7767 THz   0.5774  0.0000 -0.5774 -0.0000  0.5774  0.0000


 Q=  0.099202  0.000000  0.000000, q=  0.000000  0.250000  0.250000

                       Pb X   0        Pb Y   0        Pb Z   0     
                    --------------- --------------- ---------------
    0   1.5855 THz   0.0000  0.0000 -0.0964  0.6048 -0.0029 -0.7905
    1   1.5855 THz   0.0000  0.0000 -0.7832  0.1073 -0.5855  0.1798
    2   1.8975 THz   1.0000  0.0000  0.0000  0.0000  0.0000  0.0000


 Q= -0.248006  0.049601  0.049601, q=  0.250000 -0.500000 -0.500000

                       Pb X   0        Pb Y   0        Pb Z   0     
                    --------------- --------------- ---------------
    0   1.7036 THz   0.0000  0.0000  0.0016 -0.7071 -0.0016  0.7071
    1   1.8035 THz   0.0013  0.0000 -0.7071 -0.0000 -0.7071 -0.0000
    2   1.9436 THz   1.0000  0.0000  0.0009  0.0000  0.0009 -0.0000


 Q= -0.198405  0.099202  0.000000, q=  0.250000 -0.500000 -0.250000

                       Pb X   0        Pb Y   0        Pb Z   0     
                    --------------- --------------- ---------------
    0   1.6940 THz   0.0000  0.0000  0.0000  0.0000  0.1136 -0.9935
    1   1.6940 THz   1.0000  0.0000  0.0000  0.0000  0.0000  0.0000
    2   1.8034 THz   0.0000  0.0000 -0.0085 -1.0000  0.0000 -0.0000


 Q= -0.148803  0.148803 -0.049601, q=  0.250000 -0.500000  0.000000

                       Pb X   0        Pb Y   0        Pb Z   0     
                    --------------- --------------- ---------------
    0   1.7036 THz   0.7071  0.0000  0.7071 -0.0000 -0.0000 -0.0000
    1   1.8035 THz   0.7071  0.0000 -0.7071  0.0000 -0.0013 -0.0000
    2   1.9436 THz  -0.0009  0.0000  0.0009  0.0000 -1.0000 -0.0000


 Q= -0.099202  0.198405 -0.099202, q=  0.250000 -0.500000  0.250000

                       Pb X   0        Pb Y   0        Pb Z   0     
                    --------------- --------------- ---------------
    0   1.6080 THz   0.7071  0.0000  0.0000 -0.0000 -0.7071 -0.0000
    1   1.8156 THz   0.7071  0.0000 -0.0000  0.0000  0.7071  0.0000
    2   1.8500 THz  -0.0000  0.0000 -0.9998 -0.0216 -0.0000 -0.0000


 Q= -0.198405  0.000000  0.099202, q=  0.250000 -0.250000 -0.500000

                       Pb X   0        Pb Y   0        Pb Z   0     
                    --------------- --------------- ---------------
    0   1.6940 THz   1.0000  0.0000  0.0000  0.0000  0.0000  0.0000
    1   1.6940 THz   0.0000  0.0000 -0.5670  0.8237 -0.0000  0.0000
    2   1.8034 THz   0.0000  0.0000 -0.0000 -0.0000 -0.1656  0.9862


 Q= -0.148803  0.049601  0.049601, q=  0.250000 -0.250000 -0.250000

                       Pb X   0        Pb Y   0        Pb Z   0     
                    --------------- --------------- ---------------
    0   1.7036 THz   0.0000  0.0000  0.2449 -0.6634 -0.2449  0.6634
    1   1.8035 THz  -0.0013  0.0000 -0.7071  0.0000 -0.7071  0.0000
    2   1.9436 THz   1.0000  0.0000 -0.0009  0.0000 -0.0009  0.0000


 Q= -0.099202  0.099202  0.000000, q=  0.250000 -0.250000  0.000000

                       Pb X   0        Pb Y   0        Pb Z   0     
                    --------------- --------------- ---------------
    0   1.6080 THz   0.7071  0.0000  0.7071  0.0000 -0.0000  0.0000
    1   1.8156 THz   0.7071  0.0000 -0.7071 -0.0000  0.0000 -0.0000
    2   1.8500 THz   0.0000  0.0000  0.0000 -0.0000 -0.0584 -0.9983


 Q= -0.049601  0.148803 -0.049601, q=  0.250000 -0.250000  0.250000

                       Pb X   0        Pb Y   0        Pb Z   0     
                    --------------- --------------- ---------------
    0   1.7036 THz   0.7071  0.0000  0.0000  0.0000 -0.7071  0.0000
    1   1.8035 THz   0.7071  0.0000  0.0013  0.0000  0.7071 -0.0000
    2   1.9436 THz   0.0009  0.0000 -1.0000 -0.0000  0.0009  0.0000


 Q= -0.148803 -0.049601  0.148803, q=  0.250000  0.000000 -0.500000

                       Pb X   0        Pb Y   0        Pb Z   0     
                    --------------- --------------- ---------------
    0   1.7036 THz   0.7071  0.0000 -0.0000  0.0000  0.7071  0.0000
    1   1.8035 THz  -0.7071  0.0000  0.0013  0.0000  0.7071  0.0000
    2   1.9436 THz  -0.0009  0.0000 -1.0000  0.0000  0.0009 -0.0000


 Q= -0.099202  0.000000  0.099202, q=  0.250000  0.000000 -0.250000

                       Pb X   0        Pb Y   0        Pb Z   0     
                    --------------- --------------- ---------------
    0   1.6080 THz   0.7071  0.0000  0.0000  0.0000  0.7071 -0.0000
    1   1.8156 THz   0.7071  0.0000  0.0000 -0.0000 -0.7071  0.0000
    2   1.8500 THz   0.0000  0.0000 -1.0000 -0.0093 -0.0000 -0.0000


 Q= -0.049601  0.049601  0.049601, q=  0.250000  0.000000  0.000000

                       Pb X   0        Pb Y   0        Pb Z   0     
                    --------------- --------------- ---------------
    0   1.4512 THz   0.8165  0.0000  0.4082  0.0000  0.4082  0.0000
    1   1.4512 THz   0.0000  0.0000  0.7058  0.0432 -0.7058 -0.0432
    2   1.7767 THz   0.5774  0.0000 -0.5774 -0.0000 -0.5774 -0.0000


 Q=  0.000000  0.099202  0.000000, q=  0.250000  0.000000  0.250000

                       Pb X   0        Pb Y   0        Pb Z   0     
                    --------------- --------------- ---------------
    0   1.5855 THz   1.0000  0.0000  0.0000  0.0000  0.0000  0.0000
    1   1.5855 THz   0.0000  0.0000  0.0000  0.0000 -0.9719 -0.2354
    2   1.8975 THz   0.0000  0.0000 -0.2774  0.9608  0.0000  0.0000


 Q= -0.099202 -0.099202  0.198405, q=  0.250000  0.250000 -0.500000

                       Pb X   0        Pb Y   0        Pb Z   0     
                    --------------- --------------- ---------------
    0   1.6080 THz  -0.7071 -0.0000  0.7071  0.0000 -0.0000 -0.0000
    1   1.8156 THz   0.7071  0.0000  0.7071  0.0000 -0.0000 -0.0000
    2   1.8500 THz   0.0000  0.0000 -0.0000  0.0000 -0.0810 -0.9967


 Q= -0.049601 -0.049601  0.148803, q=  0.250000  0.250000 -0.250000

                       Pb X   0        Pb Y   0        Pb Z   0     
                    --------------- --------------- ---------------
    0   1.7036 THz   0.7071  0.0000 -0.7071 -0.0000 -0.0000  0.0000
    1   1.8035 THz  -0.7071  0.0000 -0.7071 -0.0000 -0.0013  0.0000
    2   1.9436 THz   0.0009  0.0000  0.0009  0.0000 -1.0000  0.0000


 Q=  0.000000  0.000000  0.099202, q=  0.250000  0.250000  0.000000

                       Pb X   0        Pb Y   0        Pb Z   0     
                    --------------- --------------- ---------------
    0   1.5855 THz   0.0000  0.0000 -0.8952 -0.4457 -0.0000  0.0000
    1   1.5855 THz   1.0000  0.0000  0.0000  0.0000  0.0000  0.0000
    2   1.8975 THz   0.0000  0.0000  0.0000  0.0000 -0.6035  0.7974


 Q=  0.049601  0.049601  0.049601, q=  0.250000  0.250000  0.250000

                       Pb X   0        Pb Y   0        Pb Z   0     
                    --------------- --------------- ---------------
    0   1.4512 THz   0.0000  0.0000  0.6928 -0.1416 -0.6928  0.1416
    1   1.4512 THz   0.8165  0.0000 -0.4082 -0.0000 -0.4082 -0.0000
    2   1.7767 THz  -0.5774  0.0000 -0.5774 -0.0000 -0.5774 -0.0000
