
Used Primitive lattice vector

    0.000000000000      1.762025000000      1.762025000000  
    1.762025000000      0.000000000000      1.762025000000  
    1.762025000000      1.762025000000      0.000000000000  

   1 Atom(s) in the Primitive cell

 0.0000000000 0.0000000000 0.0000000000 Ni    0


 Q= -0.141882 -0.141882 -0.141882, q= -0.500000 -0.500000 -0.500000

                       Ni X   0        Ni Y   0        Ni Z   0     
                    --------------- --------------- ---------------
    0   4.3255 THz   0.8165  0.0000 -0.4082 -0.0000 -0.4082  0.0000
    1   4.3255 THz   0.0000  0.0000 -0.0000  0.7071 -0.0000 -0.7071
    2   8.3845 THz  -0.5774  0.0000 -0.5774 -0.0000 -0.5774  0.0000


 Q= -0.070941 -0.070941 -0.212823, q= -0.500000 -0.500000 -0.250000

                       Ni X   0        Ni Y   0        Ni Z   0     
                    --------------- --------------- ---------------
    0   5.4025 THz   0.7071  0.0000 -0.7071 -0.0000 -0.0000 -0.0000
    1   5.9095 THz   0.5785  0.0000  0.5785  0.0000 -0.5750 -0.0000
    2   7.8669 THz   0.4066  0.0000  0.4066  0.0000  0.8181  0.0000


 Q=  0.000000  0.000000 -0.283764, q= -0.500000 -0.500000  0.000000

                       Ni X   0        Ni Y   0        Ni Z   0     
                    --------------- --------------- ---------------
    0   6.2344 THz   1.0000  0.0000  0.0000  0.0000  0.0000  0.0000
    1   6.2344 THz   0.0000  0.0000 -1.0000 -0.0000  0.0000 -0.0000
    2   8.2128 THz   0.0000  0.0000  0.0000 -0.0000 -1.0000  0.0000


 Q=  0.070941  0.070941 -0.354706, q= -0.500000 -0.500000  0.250000

                       Ni X   0        Ni Y   0        Ni Z   0     
                    --------------- --------------- ---------------
    0   5.4025 THz   0.7071  0.0000 -0.7071  0.0000 -0.0000 -0.0000
    1   5.9095 THz   0.5785  0.0000  0.5785 -0.0000 -0.5750  0.0000
    2   7.8669 THz   0.4066  0.0000  0.4066 -0.0000  0.8181  0.0000


 Q= -0.070941 -0.212823 -0.070941, q= -0.500000 -0.250000 -0.500000

                       Ni X   0        Ni Y   0        Ni Z   0     
                    --------------- --------------- ---------------
    0   5.4025 THz  -0.7071  0.0000  0.0000  0.0000  0.7071  0.0000
    1   5.9095 THz   0.5785  0.0000 -0.5750 -0.0000  0.5785 -0.0000
    2   7.8669 THz   0.4066  0.0000  0.8181  0.0000  0.4066  0.0000


 Q=  0.000000 -0.141882 -0.141882, q= -0.500000 -0.250000 -0.250000

                       Ni X   0        Ni Y   0        Ni Z   0     
                    --------------- --------------- ---------------
    0   4.2251 THz   0.0000  0.0000  0.7050 -0.0545 -0.7050  0.0545
    1   5.9693 THz   1.0000  0.0000  0.0000  0.0000  0.0000  0.0000
    2   7.4816 THz   0.0000  0.0000 -0.7041 -0.0646 -0.7041 -0.0646


 Q=  0.070941 -0.070941 -0.212823, q= -0.500000 -0.250000  0.000000

                       Ni X   0        Ni Y   0        Ni Z   0     
                    --------------- --------------- ---------------
    0   5.4025 THz  -0.7071  0.0000 -0.7071  0.0000 -0.0000 -0.0000
    1   5.9095 THz   0.5785  0.0000 -0.5785  0.0000  0.5750 -0.0000
    2   7.8669 THz  -0.4066  0.0000  0.4066 -0.0000  0.8181  0.0000


 Q=  0.141882  0.000000 -0.283764, q= -0.500000 -0.250000  0.250000

                       Ni X   0        Ni Y   0        Ni Z   0     
                    --------------- --------------- ---------------
    0   5.9781 THz   1.0000  0.0000  0.0000  0.0000  0.0000  0.0000
    1   7.2229 THz   0.0000  0.0000 -0.9390  0.3297 -0.0954 -0.0207
    2   7.2229 THz   0.0000  0.0000 -0.0348 -0.0912 -0.1852  0.9778


 Q=  0.000000 -0.283764  0.000000, q= -0.500000  0.000000 -0.500000

                       Ni X   0        Ni Y   0        Ni Z   0     
                    --------------- --------------- ---------------
    0   6.2344 THz   1.0000  0.0000  0.0000  0.0000  0.0000  0.0000
    1   6.2344 THz   0.0000  0.0000 -0.0000 -0.0000 -1.0000 -0.0000
    2   8.2128 THz   0.0000  0.0000 -1.0000 -0.0000  0.0000  0.0000


 Q=  0.070941 -0.212823 -0.070941, q= -0.500000  0.000000 -0.250000

                       Ni X   0        Ni Y   0        Ni Z   0     
                    --------------- --------------- ---------------
    0   5.4025 THz   0.7071  0.0000  0.0000  0.0000  0.7071 -0.0000
    1   5.9095 THz   0.5785  0.0000  0.5750 -0.0000 -0.5785  0.0000
    2   7.8669 THz  -0.4066  0.0000  0.8181 -0.0000  0.4066 -0.0000


 Q=  0.141882 -0.141882 -0.141882, q= -0.500000  0.000000  0.000000

                       Ni X   0        Ni Y   0        Ni Z   0     
                    --------------- --------------- ---------------
    0   4.3255 THz   0.8165  0.0000  0.4082  0.0000  0.4082  0.0000
    1   4.3255 THz   0.0000  0.0000  0.7071  0.0000 -0.7071 -0.0000
    2   8.3845 THz   0.5774  0.0000 -0.5774 -0.0000 -0.5774 -0.0000


 Q=  0.212823 -0.070941 -0.212823, q= -0.500000  0.000000  0.250000

                       Ni X   0        Ni Y   0        Ni Z   0     
                    --------------- --------------- ---------------
    0   5.4025 THz   0.7071  0.0000  0.0000  0.0000  0.7071 -0.0000
    1   5.9095 THz   0.5785  0.0000  0.5750 -0.0000 -0.5785  0.0000
    2   7.8669 THz  -0.4066  0.0000  0.8181  0.0000  0.4066  0.0000


 Q=  0.070941 -0.354706  0.070941, q= -0.500000  0.250000 -0.500000

                       Ni X   0        Ni Y   0        Ni Z   0     
                    --------------- --------------- ---------------
    0   5.4025 THz  -0.7071  0.0000  0.0000  0.0000  0.7071 -0.0000
    1   5.9095 THz   0.5785  0.0000 -0.5750  0.0000  0.5785 -0.0000
    2   7.8669 THz   0.4066  0.0000  0.8181 -0.0000  0.4066 -0.0000


 Q=  0.141882 -0.283764  0.000000, q= -0.500000  0.250000 -0.250000

                       Ni X   0        Ni Y   0        Ni Z   0     
                    --------------- --------------- ---------------
    0   5.9781 THz   1.0000  0.0000  0.0000  0.0000  0.0000  0.0000
    1   7.2229 THz   0.0000  0.0000 -0.5031 -0.3960 -0.7665  0.0497
    2   7.2229 THz   0.0000  0.0000  0.7106  0.2917 -0.6032  0.2147


 Q=  0.212823 -0.212823 -0.070941, q= -0.500000  0.250000  0.000000

                       Ni X   0        Ni Y   0        Ni Z   0     
                    --------------- --------------- ---------------
    0   5.4025 THz  -0.7071  0.0000 -0.7071 -0.0000 -0.0000  0.0000
    1   5.9095 THz   0.5785  0.0000 -0.5785 -0.0000  0.5750  0.0000
    2   7.8669 THz  -0.4066  0.0000  0.4066  0.0000  0.8181 -0.0000


 Q=  0.283764 -0.141882 -0.141882, q= -0.500000  0.250000  0.250000

                       Ni X   0        Ni Y   0        Ni Z   0     
                    --------------- --------------- ---------------
    0   4.2251 THz   0.0000  0.0000 -0.7005 -0.0961  0.7005  0.0961
    1   5.9693 THz   1.0000  0.0000  0.0000  0.0000  0.0000  0.0000
    2   7.4816 THz   0.0000  0.0000 -0.5249  0.4738 -0.5249  0.4738


 Q= -0.212823 -0.070941 -0.070941, q= -0.250000 -0.500000 -0.500000

                       Ni X   0        Ni Y   0        Ni Z   0     
                    --------------- --------------- ---------------
    0   5.4025 THz   0.0000  0.0000  0.0000  0.7071  0.0000 -0.7071
    1   5.9095 THz   0.5750  0.0000 -0.5785  0.0000 -0.5785 -0.0000
    2   7.8669 THz   0.8181  0.0000  0.4066 -0.0000  0.4066  0.0000


 Q= -0.141882  0.000000 -0.141882, q= -0.250000 -0.500000 -0.250000

                       Ni X   0        Ni Y   0        Ni Z   0     
                    --------------- --------------- ---------------
    0   4.2251 THz   0.7071  0.0000 -0.0000  0.0000 -0.7071 -0.0000
    1   5.9693 THz   0.0000  0.0000  1.0000  0.0029 -0.0000 -0.0000
    2   7.4816 THz   0.7071  0.0000 -0.0000 -0.0000  0.7071  0.0000


 Q= -0.070941  0.070941 -0.212823, q= -0.250000 -0.500000  0.000000

                       Ni X   0        Ni Y   0        Ni Z   0     
                    --------------- --------------- ---------------
    0   5.4025 THz   0.7071  0.0000  0.7071  0.0000 -0.0000  0.0000
    1   5.9095 THz   0.5785  0.0000 -0.5785 -0.0000 -0.5750  0.0000
    2   7.8669 THz  -0.4066  0.0000  0.4066 -0.0000 -0.8181  0.0000


 Q=  0.000000  0.141882 -0.283764, q= -0.250000 -0.500000  0.250000

                       Ni X   0        Ni Y   0        Ni Z   0     
                    --------------- --------------- ---------------
    0   5.9781 THz   0.0000  0.0000 -0.9998 -0.0184 -0.0000 -0.0000
    1   7.2229 THz   1.0000  0.0000  0.0000  0.0000  0.0000  0.0000
    2   7.2229 THz   0.0000  0.0000  0.0000  0.0000 -0.9827 -0.1853


 Q= -0.141882 -0.141882  0.000000, q= -0.250000 -0.250000 -0.500000

                       Ni X   0        Ni Y   0        Ni Z   0     
                    --------------- --------------- ---------------
    0   4.2251 THz   0.7071  0.0000 -0.7071  0.0000 -0.0000 -0.0000
    1   5.9693 THz   0.0000  0.0000  0.0000  0.0000 -0.6807 -0.7326
    2   7.4816 THz  -0.7071  0.0000 -0.7071  0.0000 -0.0000 -0.0000


 Q= -0.070941 -0.070941 -0.070941, q= -0.250000 -0.250000 -0.250000

                       Ni X   0        Ni Y   0        Ni Z   0     
                    --------------- --------------- ---------------
    0   2.8484 THz   0.7938  0.0000 -0.5625  0.0014 -0.2313 -0.0014
    1   2.8484 THz   0.1913  0.0000  0.5918 -0.0057 -0.7830  0.0057
    2   6.6334 THz   0.5774  0.0000  0.5774  0.0000  0.5774  0.0000


 Q=  0.000000  0.000000 -0.141882, q= -0.250000 -0.250000  0.000000

                       Ni X   0        Ni Y   0        Ni Z   0     
                    --------------- --------------- ---------------
    0   4.4515 THz   1.0000  0.0000  0.0000  0.0000  0.0000  0.0000
    1   4.4515 THz   0.0000  0.0000 -0.9943  0.1070 -0.0000 -0.0000
    2   6.1376 THz   0.0000  0.0000  0.0000 -0.0000 -0.9840 -0.1780


 Q=  0.070941  0.070941 -0.212823, q= -0.250000 -0.250000  0.250000

                       Ni X   0        Ni Y   0        Ni Z   0     
                    --------------- --------------- ---------------
    0   5.4025 THz  -0.7071  0.0000  0.7071  0.0000 -0.0000  0.0000
    1   5.9095 THz   0.5785  0.0000  0.5785  0.0000  0.5750  0.0000
    2   7.8669 THz   0.4066  0.0000  0.4066  0.0000 -0.8181  0.0000


 Q= -0.070941 -0.212823  0.070941, q= -0.250000  0.000000 -0.500000

                       Ni X   0        Ni Y   0        Ni Z   0     
                    --------------- --------------- ---------------
    0   5.4025 THz   0.7071  0.0000 -0.0000 -0.0000  0.7071 -0.0000
    1   5.9095 THz   0.5785  0.0000 -0.5750  0.0000 -0.5785  0.0000
    2   7.8669 THz   0.4066  0.0000  0.8181  0.0000 -0.4066  0.0000


 Q=  0.000000 -0.141882  0.000000, q= -0.250000  0.000000 -0.250000

                       Ni X   0        Ni Y   0        Ni Z   0     
                    --------------- --------------- ---------------
    0   4.4515 THz   1.0000  0.0000  0.0000  0.0000  0.0000  0.0000
    1   4.4515 THz   0.0000  0.0000 -0.0000 -0.0000 -0.9383 -0.3458
    2   6.1376 THz   0.0000  0.0000 -0.9971 -0.0756  0.0000  0.0000


 Q=  0.070941 -0.070941 -0.070941, q= -0.250000  0.000000  0.000000

                       Ni X   0        Ni Y   0        Ni Z   0     
                    --------------- --------------- ---------------
    0   2.8484 THz   0.7811  0.0000  0.5965 -0.0029  0.1846  0.0029
    1   2.8484 THz  -0.2378  0.0000  0.5575 -0.0095 -0.7953  0.0095
    2   6.6334 THz  -0.5774 -0.0000  0.5774 -0.0000  0.5774  0.0000


 Q=  0.141882  0.000000 -0.141882, q= -0.250000  0.000000  0.250000

                       Ni X   0        Ni Y   0        Ni Z   0     
                    --------------- --------------- ---------------
    0   4.2251 THz   0.7071  0.0000 -0.0000  0.0000  0.7071 -0.0000
    1   5.9693 THz  -0.0000  0.0000 -0.9993  0.0364 -0.0000 -0.0000
    2   7.4816 THz   0.7071  0.0000 -0.0000 -0.0000 -0.7071  0.0000


 Q=  0.000000 -0.283764  0.141882, q= -0.250000  0.250000 -0.500000

                       Ni X   0        Ni Y   0        Ni Z   0     
                    --------------- --------------- ---------------
    0   5.9781 THz   0.0000  0.0000 -0.0000  0.0000 -0.9940  0.1091
    1   7.2229 THz   1.0000  0.0000  0.0000  0.0000  0.0000  0.0000
    2   7.2229 THz   0.0000  0.0000 -0.9999 -0.0135  0.0000  0.0000


 Q=  0.070941 -0.212823  0.070941, q= -0.250000  0.250000 -0.250000

                       Ni X   0        Ni Y   0        Ni Z   0     
                    --------------- --------------- ---------------
    0   5.4025 THz  -0.7071  0.0000 -0.0000  0.0000  0.7071 -0.0000
    1   5.9095 THz   0.5785  0.0000  0.5750 -0.0000  0.5785 -0.0000
    2   7.8669 THz  -0.4066  0.0000  0.8181 -0.0000 -0.4066  0.0000


 Q=  0.141882 -0.141882  0.000000, q= -0.250000  0.250000  0.000000

                       Ni X   0        Ni Y   0        Ni Z   0     
                    --------------- --------------- ---------------
    0   4.2251 THz   0.7071  0.0000  0.7071  0.0000 -0.0000 -0.0000
    1   5.9693 THz   0.0000  0.0000 -0.0000  0.0000 -0.7540 -0.6569
    2   7.4816 THz   0.7071  0.0000 -0.7071 -0.0000  0.0000  0.0000


 Q=  0.212823 -0.070941 -0.070941, q= -0.250000  0.250000  0.250000

                       Ni X   0        Ni Y   0        Ni Z   0     
                    --------------- --------------- ---------------
    0   5.4025 THz   0.0000  0.0000  0.7058  0.0427 -0.7058 -0.0427
    1   5.9095 THz  -0.5750  0.0000 -0.5785  0.0000 -0.5785 -0.0000
    2   7.8669 THz   0.8181  0.0000 -0.4066  0.0000 -0.4066 -0.0000


 Q= -0.283764  0.000000  0.000000, q=  0.000000 -0.500000 -0.500000

                       Ni X   0        Ni Y   0        Ni Z   0     
                    --------------- --------------- ---------------
    0   6.2344 THz   0.0000  0.0000  0.4997  0.0000 -0.8662  0.0000
    1   6.2344 THz   0.0000  0.0000 -0.8662  0.0000 -0.4997  0.0000
    2   8.2128 THz   1.0000  0.0000  0.0000  0.0000  0.0000  0.0000


 Q= -0.212823  0.070941 -0.070941, q=  0.000000 -0.500000 -0.250000

                       Ni X   0        Ni Y   0        Ni Z   0     
                    --------------- --------------- ---------------
    0   5.4025 THz   0.0000  0.0000 -0.7061 -0.0371 -0.7061 -0.0371
    1   5.9095 THz  -0.5750  0.0000 -0.5785 -0.0000  0.5785 -0.0000
    2   7.8669 THz   0.8181  0.0000 -0.4066 -0.0000  0.4066 -0.0000


 Q= -0.141882  0.141882 -0.141882, q=  0.000000 -0.500000  0.000000

                       Ni X   0        Ni Y   0        Ni Z   0     
                    --------------- --------------- ---------------
    0   4.3255 THz   0.7171  0.0000  0.6966  0.0000 -0.0205  0.0000
    1   4.3255 THz   0.3904  0.0000 -0.4259 -0.0000 -0.8162 -0.0000
    2   8.3845 THz  -0.5774 -0.0000  0.5774  0.0000 -0.5774 -0.0000


 Q= -0.070941  0.212823 -0.212823, q=  0.000000 -0.500000  0.250000

                       Ni X   0        Ni Y   0        Ni Z   0     
                    --------------- --------------- ---------------
    0   5.4025 THz   0.0000  0.0000 -0.7070 -0.0130 -0.7070 -0.0130
    1   5.9095 THz  -0.5750  0.0000 -0.5785  0.0000  0.5785 -0.0000
    2   7.8669 THz   0.8181  0.0000 -0.4066  0.0000  0.4066 -0.0000


 Q= -0.212823 -0.070941  0.070941, q=  0.000000 -0.250000 -0.500000

                       Ni X   0        Ni Y   0        Ni Z   0     
                    --------------- --------------- ---------------
    0   5.4025 THz   0.0000  0.0000 -0.7069 -0.0174 -0.7069 -0.0174
    1   5.9095 THz   0.5750  0.0000 -0.5785  0.0000  0.5785  0.0000
    2   7.8669 THz   0.8181  0.0000  0.4066 -0.0000 -0.4066 -0.0000


 Q= -0.141882  0.000000  0.000000, q=  0.000000 -0.250000 -0.250000

                       Ni X   0        Ni Y   0        Ni Z   0     
                    --------------- --------------- ---------------
    0   4.4515 THz   0.0000  0.0000 -0.9294  0.2516 -0.2665  0.0440
    1   4.4515 THz   0.0000  0.0000  0.1382 -0.2321 -0.5733  0.7736
    2   6.1376 THz   1.0000  0.0000  0.0000  0.0000  0.0000  0.0000


 Q= -0.070941  0.070941 -0.070941, q=  0.000000 -0.250000  0.000000

                       Ni X   0        Ni Y   0        Ni Z   0     
                    --------------- --------------- ---------------
    0   2.8484 THz   0.8165  0.0000  0.4082  0.0000 -0.4082 -0.0000
    1   2.8484 THz   0.0000  0.0000  0.0000  0.7071  0.0000  0.7071
    2   6.6334 THz   0.5774  0.0000 -0.5774 -0.0000  0.5774  0.0000


 Q=  0.000000  0.141882 -0.141882, q=  0.000000 -0.250000  0.250000

                       Ni X   0        Ni Y   0        Ni Z   0     
                    --------------- --------------- ---------------
    0   4.2251 THz   0.0000  0.0000 -0.7047 -0.0586 -0.7047 -0.0586
    1   5.9693 THz   1.0000  0.0000  0.0000  0.0000  0.0000  0.0000
    2   7.4816 THz   0.0000  0.0000  0.7067 -0.0254 -0.7067  0.0254


 Q= -0.141882 -0.141882  0.141882, q=  0.000000  0.000000 -0.500000

                       Ni X   0        Ni Y   0        Ni Z   0     
                    --------------- --------------- ---------------
    0   4.3255 THz   0.8165  0.0000 -0.4082  0.0000  0.4082  0.0000
    1   4.3255 THz   0.0000  0.0000 -0.7071 -0.0000 -0.7071 -0.0000
    2   8.3845 THz  -0.5774  0.0000 -0.5774  0.0000  0.5774  0.0000


 Q= -0.070941 -0.070941  0.070941, q=  0.000000  0.000000 -0.250000

                       Ni X   0        Ni Y   0        Ni Z   0     
                    --------------- --------------- ---------------
    0   2.8484 THz   0.7951  0.0000 -0.5582  0.0058  0.2369  0.0058
    1   2.8484 THz  -0.1856  0.0000 -0.5953  0.0249 -0.7809  0.0249
    2   6.6334 THz   0.5774  0.0000  0.5774 -0.0000 -0.5774 -0.0000


 Q=  0.000000  0.000000  0.000000, q=  0.000000  0.000000  0.000000

                       Ni X   0        Ni Y   0        Ni Z   0     
                    --------------- --------------- ---------------
    0   0.0000 THz  -0.5556  0.0000  0.8218  0.0000  0.1262  0.0000
    1   0.0000 THz  -0.6364  0.0000 -0.3227  0.0000 -0.7006  0.0000
    2   0.0000 THz  -0.5351  0.0000 -0.4696  0.0000  0.7023  0.0000


 Q=  0.070941  0.070941 -0.070941, q=  0.000000  0.000000  0.250000

                       Ni X   0        Ni Y   0        Ni Z   0     
                    --------------- --------------- ---------------
    0   2.8484 THz   0.7951  0.0000 -0.5582 -0.0058  0.2369 -0.0058
    1   2.8484 THz  -0.1856  0.0000 -0.5953 -0.0249 -0.7809 -0.0249
    2   6.6334 THz   0.5774  0.0000  0.5774  0.0000 -0.5774  0.0000


 Q= -0.070941 -0.212823  0.212823, q=  0.000000  0.250000 -0.500000

                       Ni X   0        Ni Y   0        Ni Z   0     
                    --------------- --------------- ---------------
    0   5.4025 THz   0.0000  0.0000 -0.7070 -0.0131 -0.7070 -0.0131
    1   5.9095 THz   0.5750  0.0000 -0.5785  0.0000  0.5785 -0.0000
    2   7.8669 THz   0.8181  0.0000  0.4066 -0.0000 -0.4066  0.0000


 Q=  0.000000 -0.141882  0.141882, q=  0.000000  0.250000 -0.250000

                       Ni X   0        Ni Y   0        Ni Z   0     
                    --------------- --------------- ---------------
    0   4.2251 THz   0.0000  0.0000 -0.7047  0.0586 -0.7047  0.0586
    1   5.9693 THz   1.0000  0.0000  0.0000  0.0000  0.0000  0.0000
    2   7.4816 THz   0.0000  0.0000  0.7067  0.0254 -0.7067 -0.0254


 Q=  0.070941 -0.070941  0.070941, q=  0.000000  0.250000  0.000000

                       Ni X   0        Ni Y   0        Ni Z   0     
                    --------------- --------------- ---------------
    0   2.8484 THz   0.8165  0.0000  0.4082 -0.0000 -0.4082  0.0000
    1   2.8484 THz   0.0000  0.0000  0.0000 -0.7071  0.0000 -0.7071
    2   6.6334 THz   0.5774  0.0000 -0.5774  0.0000  0.5774 -0.0000


 Q=  0.141882  0.000000  0.000000, q=  0.000000  0.250000  0.250000

                       Ni X   0        Ni Y   0        Ni Z   0     
                    --------------- --------------- ---------------
    0   4.4515 THz   0.0000  0.0000 -0.9294 -0.2516 -0.2665 -0.0440
    1   4.4515 THz   0.0000  0.0000  0.1382  0.2321 -0.5733 -0.7736
    2   6.1376 THz   1.0000  0.0000  0.0000  0.0000  0.0000  0.0000


 Q= -0.354706  0.070941  0.070941, q=  0.250000 -0.500000 -0.500000

                       Ni X   0        Ni Y   0        Ni Z   0     
                    --------------- --------------- ---------------
    0   5.4025 THz   0.0000  0.0000  0.6983 -0.1113 -0.6983  0.1113
    1   5.9095 THz   0.5750  0.0000 -0.5785 -0.0000 -0.5785  0.0000
    2   7.8669 THz   0.8181  0.0000  0.4066  0.0000  0.4066 -0.0000


 Q= -0.283764  0.141882  0.000000, q=  0.250000 -0.500000 -0.250000

                       Ni X   0        Ni Y   0        Ni Z   0     
                    --------------- --------------- ---------------
    0   5.9781 THz   0.0000  0.0000 -0.9949  0.1009 -0.0000  0.0000
    1   7.2229 THz   1.0000  0.0000  0.0000  0.0000  0.0000  0.0000
    2   7.2229 THz   0.0000  0.0000  0.0000 -0.0000 -0.9464  0.3230


 Q= -0.212823  0.212823 -0.070941, q=  0.250000 -0.500000  0.000000

                       Ni X   0        Ni Y   0        Ni Z   0     
                    --------------- --------------- ---------------
    0   5.4025 THz   0.7071  0.0000  0.7071 -0.0000 -0.0000 -0.0000
    1   5.9095 THz   0.5785  0.0000 -0.5785  0.0000 -0.5750 -0.0000
    2   7.8669 THz  -0.4066  0.0000  0.4066  0.0000 -0.8181 -0.0000


 Q= -0.141882  0.283764 -0.141882, q=  0.250000 -0.500000  0.250000

                       Ni X   0        Ni Y   0        Ni Z   0     
                    --------------- --------------- ---------------
    0   4.2251 THz   0.7071  0.0000  0.0000 -0.0000 -0.7071  0.0000
    1   5.9693 THz   0.0000  0.0000  0.9997  0.0227  0.0000  0.0000
    2   7.4816 THz  -0.7071  0.0000  0.0000 -0.0000 -0.7071  0.0000


 Q= -0.283764  0.000000  0.141882, q=  0.250000 -0.250000 -0.500000

                       Ni X   0        Ni Y   0        Ni Z   0     
                    --------------- --------------- ---------------
    0   5.9781 THz   0.0000  0.0000 -0.0000 -0.0000 -0.9828  0.1846
    1   7.2229 THz   1.0000  0.0000  0.0000  0.0000  0.0000  0.0000
    2   7.2229 THz   0.0000  0.0000 -0.9994  0.0343  0.0000 -0.0000


 Q= -0.212823  0.070941  0.070941, q=  0.250000 -0.250000 -0.250000

                       Ni X   0        Ni Y   0        Ni Z   0     
                    --------------- --------------- ---------------
    0   5.4025 THz   0.0000  0.0000  0.7058 -0.0427 -0.7058  0.0427
    1   5.9095 THz  -0.5750  0.0000 -0.5785 -0.0000 -0.5785  0.0000
    2   7.8669 THz   0.8181  0.0000 -0.4066 -0.0000 -0.4066  0.0000


 Q= -0.141882  0.141882  0.000000, q=  0.250000 -0.250000  0.000000

                       Ni X   0        Ni Y   0        Ni Z   0     
                    --------------- --------------- ---------------
    0   4.2251 THz   0.7071  0.0000  0.7071 -0.0000 -0.0000  0.0000
    1   5.9693 THz   0.0000  0.0000 -0.0000 -0.0000 -0.7540  0.6569
    2   7.4816 THz   0.7071  0.0000 -0.7071  0.0000  0.0000 -0.0000


 Q= -0.070941  0.212823 -0.070941, q=  0.250000 -0.250000  0.250000

                       Ni X   0        Ni Y   0        Ni Z   0     
                    --------------- --------------- ---------------
    0   5.4025 THz  -0.7071  0.0000 -0.0000 -0.0000  0.7071  0.0000
    1   5.9095 THz   0.5785  0.0000  0.5750  0.0000  0.5785  0.0000
    2   7.8669 THz  -0.4066  0.0000  0.8181  0.0000 -0.4066 -0.0000


 Q= -0.212823 -0.070941  0.212823, q=  0.250000  0.000000 -0.500000

                       Ni X   0        Ni Y   0        Ni Z   0     
                    --------------- --------------- ---------------
    0   5.4025 THz   0.7071  0.0000 -0.0000  0.0000  0.7071  0.0000
    1   5.9095 THz   0.5785  0.0000 -0.5750 -0.0000 -0.5785 -0.0000
    2   7.8669 THz   0.4066  0.0000  0.8181 -0.0000 -0.4066 -0.0000


 Q= -0.141882  0.000000  0.141882, q=  0.250000  0.000000 -0.250000

                       Ni X   0        Ni Y   0        Ni Z   0     
                    --------------- --------------- ---------------
    0   4.2251 THz   0.7071  0.0000 -0.0000 -0.0000  0.7071  0.0000
    1   5.9693 THz  -0.0000  0.0000 -0.9993 -0.0364 -0.0000  0.0000
    2   7.4816 THz   0.7071  0.0000 -0.0000  0.0000 -0.7071 -0.0000


 Q= -0.070941  0.070941  0.070941, q=  0.250000  0.000000  0.000000

                       Ni X   0        Ni Y   0        Ni Z   0     
                    --------------- --------------- ---------------
    0   2.8484 THz   0.7811  0.0000  0.5965  0.0029  0.1846 -0.0029
    1   2.8484 THz  -0.2378  0.0000  0.5575  0.0095 -0.7953 -0.0095
    2   6.6334 THz  -0.5774 -0.0000  0.5774  0.0000  0.5774 -0.0000


 Q=  0.000000  0.141882  0.000000, q=  0.250000  0.000000  0.250000

                       Ni X   0        Ni Y   0        Ni Z   0     
                    --------------- --------------- ---------------
    0   4.4515 THz   1.0000  0.0000  0.0000  0.0000  0.0000  0.0000
    1   4.4515 THz   0.0000  0.0000 -0.0000  0.0000 -0.9383  0.3458
    2   6.1376 THz   0.0000  0.0000 -0.9971  0.0756  0.0000 -0.0000


 Q= -0.141882 -0.141882  0.283764, q=  0.250000  0.250000 -0.500000

                       Ni X   0        Ni Y   0        Ni Z   0     
                    --------------- --------------- ---------------
    0   4.2251 THz   0.7071  0.0000 -0.7071 -0.0000  0.0000  0.0000
    1   5.9693 THz   0.0000  0.0000 -0.0000  0.0000 -0.8599  0.5104
    2   7.4816 THz  -0.7071  0.0000 -0.7071 -0.0000  0.0000  0.0000


 Q= -0.070941 -0.070941  0.212823, q=  0.250000  0.250000 -0.250000

                       Ni X   0        Ni Y   0        Ni Z   0     
                    --------------- --------------- ---------------
    0   5.4025 THz  -0.7071  0.0000  0.7071 -0.0000 -0.0000 -0.0000
    1   5.9095 THz   0.5785  0.0000  0.5785 -0.0000  0.5750 -0.0000
    2   7.8669 THz   0.4066  0.0000  0.4066 -0.0000 -0.8181 -0.0000


 Q=  0.000000  0.000000  0.141882, q=  0.250000  0.250000  0.000000

                       Ni X   0        Ni Y   0        Ni Z   0     
                    --------------- --------------- ---------------
    0   4.4515 THz   1.0000  0.0000  0.0000  0.0000  0.0000  0.0000
    1   4.4515 THz   0.0000  0.0000 -0.9943 -0.1070 -0.0000  0.0000
    2   6.1376 THz   0.0000  0.0000  0.0000  0.0000 -0.9840  0.1780


 Q=  0.070941  0.070941  0.070941, q=  0.250000  0.250000  0.250000

                       Ni X   0        Ni Y   0        Ni Z   0     
                    --------------- --------------- ---------------
    0   2.8484 THz   0.7938  0.0000 -0.5625 -0.0014 -0.2313  0.0014
    1   2.8484 THz   0.1913  0.0000  0.5918  0.0057 -0.7830 -0.0057
    2   6.6334 THz   0.5774  0.0000  0.5774 -0.0000  0.5774 -0.0000
