5.037735 0.000000 -0.874355
0.000000 5.150598 0.000000
-0.016295 0.000000 5.293028
0.723760 0.456305 0.292092 Hf
0.276240 0.956305 0.207908 Hf
0.276240 0.543695 0.707908 Hf
0.723760 0.043695 0.792092 Hf
0.549362 0.743083 0.022433 O
0.450638 0.243083 0.477567 O
0.450638 0.256917 0.977567 O
0.549362 0.756917 0.522433 O
0.934288 0.327086 0.649893 O
0.065712 0.827086 0.850107 O
0.065712 0.672914 0.350107 O
0.934288 0.172914 0.149893 O
5.024648 0.0 0.073408 
0.0 4.960619 0.0 
0.073407 0.0 4.681948 
 ion  1
  1 5.37345 -0.27132 0.11616 
  2 -0.14049 5.22347 0.20951 
  3 0.13136 0.37605 4.76336 
 ion  2
  1 5.37343 0.27138 0.11613 
  2 0.14049 5.22347 -0.20951 
  3 0.13138 -0.37612 4.76318 
 ion  3
  1 5.37343 -0.27138 0.11613 
  2 -0.14054 5.22329 0.20986 
  3 0.13138 0.37612 4.76318 
 ion  4
  1 5.37345 0.27132 0.11616 
  2 0.14054 5.22329 -0.20986 
  3 0.13136 -0.37605 4.76336 
 ion  5
  1 -2.39894 0.21911 -0.01616 
  2 0.26952 -2.67615 0.28776 
  3 -0.06435 0.35812 -2.52946 
 ion  6
  1 -2.39898 -0.21911 -0.01615 
  2 -0.26952 -2.67615 -0.28776 
  3 -0.06444 -0.35811 -2.52957 
 ion  7
  1 -2.39898 0.21911 -0.01615 
  2 0.27003 -2.67616 0.28781 
  3 -0.06444 0.35811 -2.52957 
 ion  8
  1 -2.39894 -0.21911 -0.01616 
  2 -0.27003 -2.67616 -0.28781 
  3 -0.06435 -0.35812 -2.52946 
 ion  9
  1 -2.97601 -0.92788 -0.09994 
  2 -1.1425 -2.549 0.86948 
  3 -0.06689 0.86213 -2.23561 
 ion  10
  1 -2.97599 0.92799 -0.09996 
  2 1.1425 -2.549 -0.86948 
  3 -0.06683 -0.86263 -2.23558 
 ion  11
  1 -2.97599 -0.92799 -0.09996 
  2 -1.14264 -2.54916 0.86889 
  3 -0.06683 0.86263 -2.23558 
 ion  12
  1 -2.97601 0.92788 -0.09994 
  2 1.14264 -2.54916 -0.86889 
  3 -0.06689 -0.86213 -2.23561 
