
Used Primitive lattice vector

    0.000000000000      1.788937500000      1.788937500000  
    1.788937500000      0.000000000000      1.788937500000  
    1.788937500000      1.788937500000      0.000000000000  

   1 Atom(s) in the Primitive cell

 0.0000000000 0.0000000000 0.0000000000 Ni    0


 Q= -0.139748 -0.139748 -0.139748, q= -0.500000 -0.500000 -0.500000

                       Ni X   0        Ni Y   0        Ni Z   0     
                    --------------- --------------- ---------------
    0   4.1828 THz   0.8165  0.0000 -0.4082  0.0000 -0.4082  0.0000
    1   4.1828 THz   0.0000  0.0000  0.7071 -0.0000 -0.7071  0.0000
    2   7.9455 THz  -0.5774  0.0000 -0.5774  0.0000 -0.5774  0.0000


 Q= -0.069874 -0.069874 -0.209622, q= -0.500000 -0.500000 -0.250000

                       Ni X   0        Ni Y   0        Ni Z   0     
                    --------------- --------------- ---------------
    0   5.0723 THz   0.7071  0.0000 -0.7071 -0.0000 -0.0000  0.0000
    1   5.5481 THz   0.5755  0.0000  0.5755  0.0000 -0.5810 -0.0000
    2   7.3559 THz   0.4108  0.0000  0.4108 -0.0000  0.8139  0.0000


 Q=  0.000000  0.000000 -0.279496, q= -0.500000 -0.500000  0.000000

                       Ni X   0        Ni Y   0        Ni Z   0     
                    --------------- --------------- ---------------
    0   5.8012 THz   0.0000  0.0000 -1.0000  0.0000  0.0000  0.0000
    1   5.8012 THz   1.0000  0.0000  0.0000  0.0000  0.0000  0.0000
    2   7.7291 THz   0.0000  0.0000 -0.0000  0.0000 -1.0000 -0.0000


 Q=  0.069874  0.069874 -0.349369, q= -0.500000 -0.500000  0.250000

                       Ni X   0        Ni Y   0        Ni Z   0     
                    --------------- --------------- ---------------
    0   5.0723 THz   0.7071  0.0000 -0.7071  0.0000 -0.0000 -0.0000
    1   5.5481 THz   0.5755  0.0000  0.5755 -0.0000 -0.5810  0.0000
    2   7.3559 THz   0.4108  0.0000  0.4108  0.0000  0.8139 -0.0000


 Q= -0.069874 -0.209622 -0.069874, q= -0.500000 -0.250000 -0.500000

                       Ni X   0        Ni Y   0        Ni Z   0     
                    --------------- --------------- ---------------
    0   5.0723 THz  -0.7071  0.0000 -0.0000  0.0000  0.7071 -0.0000
    1   5.5481 THz   0.5755  0.0000 -0.5810  0.0000  0.5755 -0.0000
    2   7.3559 THz   0.4108  0.0000  0.8139 -0.0000  0.4108  0.0000


 Q=  0.000000 -0.139748 -0.139748, q= -0.500000 -0.250000 -0.250000

                       Ni X   0        Ni Y   0        Ni Z   0     
                    --------------- --------------- ---------------
    0   4.0859 THz   0.0000  0.0000 -0.6756  0.2087  0.6756 -0.2087
    1   5.5437 THz   1.0000  0.0000  0.0000  0.0000  0.0000  0.0000
    2   7.0694 THz   0.0000  0.0000 -0.2743 -0.6517 -0.2743 -0.6517


 Q=  0.069874 -0.069874 -0.209622, q= -0.500000 -0.250000  0.000000

                       Ni X   0        Ni Y   0        Ni Z   0     
                    --------------- --------------- ---------------
    0   5.0723 THz  -0.7071  0.0000 -0.7071 -0.0000 -0.0000  0.0000
    1   5.5481 THz   0.5755  0.0000 -0.5755 -0.0000  0.5810  0.0000
    2   7.3559 THz  -0.4108  0.0000  0.4108 -0.0000  0.8139  0.0000


 Q=  0.139748  0.000000 -0.279496, q= -0.500000 -0.250000  0.250000

                       Ni X   0        Ni Y   0        Ni Z   0     
                    --------------- --------------- ---------------
    0   5.6445 THz   1.0000  0.0000  0.0000  0.0000  0.0000  0.0000
    1   6.7406 THz   0.0000  0.0000 -0.5248 -0.1047  0.8440 -0.0367
    2   6.7406 THz   0.0000  0.0000 -0.8447  0.0039 -0.5192  0.1298


 Q=  0.000000 -0.279496  0.000000, q= -0.500000  0.000000 -0.500000

                       Ni X   0        Ni Y   0        Ni Z   0     
                    --------------- --------------- ---------------
    0   5.8012 THz   1.0000  0.0000  0.0000  0.0000  0.0000  0.0000
    1   5.8012 THz   0.0000  0.0000  0.0000  0.0000 -1.0000  0.0000
    2   7.7291 THz   0.0000  0.0000 -1.0000 -0.0000 -0.0000 -0.0000


 Q=  0.069874 -0.209622 -0.069874, q= -0.500000  0.000000 -0.250000

                       Ni X   0        Ni Y   0        Ni Z   0     
                    --------------- --------------- ---------------
    0   5.0723 THz   0.7071  0.0000 -0.0000 -0.0000  0.7071  0.0000
    1   5.5481 THz   0.5755  0.0000  0.5810  0.0000 -0.5755 -0.0000
    2   7.3559 THz  -0.4108  0.0000  0.8139  0.0000  0.4108 -0.0000


 Q=  0.139748 -0.139748 -0.139748, q= -0.500000  0.000000  0.000000

                       Ni X   0        Ni Y   0        Ni Z   0     
                    --------------- --------------- ---------------
    0   4.1828 THz  -0.5164  0.0000  0.2895 -0.0000 -0.8059  0.0000
    1   4.1828 THz   0.6325  0.0000  0.7634 -0.0000 -0.1310  0.0000
    2   7.9455 THz  -0.5774  0.0000  0.5774 -0.0000  0.5774 -0.0000


 Q=  0.209622 -0.069874 -0.209622, q= -0.500000  0.000000  0.250000

                       Ni X   0        Ni Y   0        Ni Z   0     
                    --------------- --------------- ---------------
    0   5.0723 THz   0.7071  0.0000 -0.0000 -0.0000  0.7071  0.0000
    1   5.5481 THz   0.5755  0.0000  0.5810  0.0000 -0.5755 -0.0000
    2   7.3559 THz  -0.4108  0.0000  0.8139  0.0000  0.4108 -0.0000


 Q=  0.069874 -0.349369  0.069874, q= -0.500000  0.250000 -0.500000

                       Ni X   0        Ni Y   0        Ni Z   0     
                    --------------- --------------- ---------------
    0   5.0723 THz  -0.7071  0.0000  0.0000 -0.0000  0.7071  0.0000
    1   5.5481 THz   0.5755  0.0000 -0.5810 -0.0000  0.5755  0.0000
    2   7.3559 THz   0.4108  0.0000  0.8139  0.0000  0.4108 -0.0000


 Q=  0.139748 -0.279496  0.000000, q= -0.500000  0.250000 -0.250000

                       Ni X   0        Ni Y   0        Ni Z   0     
                    --------------- --------------- ---------------
    0   5.6445 THz   1.0000  0.0000  0.0000  0.0000  0.0000  0.0000
    1   6.7406 THz   0.0000  0.0000 -0.1777 -0.3263 -0.9146 -0.1594
    2   6.7406 THz   0.0000  0.0000  0.9279 -0.0315 -0.2210  0.2986


 Q=  0.209622 -0.209622 -0.069874, q= -0.500000  0.250000  0.000000

                       Ni X   0        Ni Y   0        Ni Z   0     
                    --------------- --------------- ---------------
    0   5.0723 THz  -0.7071  0.0000 -0.7071  0.0000 -0.0000 -0.0000
    1   5.5481 THz   0.5755  0.0000 -0.5755  0.0000  0.5810 -0.0000
    2   7.3559 THz  -0.4108  0.0000  0.4108  0.0000  0.8139 -0.0000


 Q=  0.279496 -0.139748 -0.139748, q= -0.500000  0.250000  0.250000

                       Ni X   0        Ni Y   0        Ni Z   0     
                    --------------- --------------- ---------------
    0   4.0859 THz   0.0000  0.0000  0.5958  0.3808 -0.5958 -0.3808
    1   5.5437 THz   1.0000  0.0000  0.0000  0.0000  0.0000  0.0000
    2   7.0694 THz   0.0000  0.0000 -0.7067 -0.0232 -0.7067 -0.0232


 Q= -0.209622 -0.069874 -0.069874, q= -0.250000 -0.500000 -0.500000

                       Ni X   0        Ni Y   0        Ni Z   0     
                    --------------- --------------- ---------------
    0   5.0723 THz   0.0000  0.0000  0.7071  0.0027 -0.7071 -0.0027
    1   5.5481 THz   0.5810  0.0000 -0.5755 -0.0000 -0.5755 -0.0000
    2   7.3559 THz   0.8139  0.0000  0.4108  0.0000  0.4108  0.0000


 Q= -0.139748  0.000000 -0.139748, q= -0.250000 -0.500000 -0.250000

                       Ni X   0        Ni Y   0        Ni Z   0     
                    --------------- --------------- ---------------
    0   4.0859 THz   0.7071  0.0000  0.0000 -0.0000 -0.7071 -0.0000
    1   5.5437 THz   0.0000  0.0000  0.9996 -0.0265  0.0000  0.0000
    2   7.0694 THz   0.7071  0.0000  0.0000  0.0000  0.7071  0.0000


 Q= -0.069874  0.069874 -0.209622, q= -0.250000 -0.500000  0.000000

                       Ni X   0        Ni Y   0        Ni Z   0     
                    --------------- --------------- ---------------
    0   5.0723 THz   0.7071  0.0000  0.7071  0.0000  0.0000  0.0000
    1   5.5481 THz   0.5755  0.0000 -0.5755 -0.0000 -0.5810 -0.0000
    2   7.3559 THz  -0.4108  0.0000  0.4108  0.0000 -0.8139 -0.0000


 Q=  0.000000  0.139748 -0.279496, q= -0.250000 -0.500000  0.250000

                       Ni X   0        Ni Y   0        Ni Z   0     
                    --------------- --------------- ---------------
    0   5.6445 THz   0.0000  0.0000 -0.9999  0.0151 -0.0000  0.0000
    1   6.7406 THz   0.0000  0.0000  0.0000 -0.0000 -1.0000 -0.0007
    2   6.7406 THz   1.0000  0.0000  0.0000  0.0000  0.0000  0.0000


 Q= -0.139748 -0.139748  0.000000, q= -0.250000 -0.250000 -0.500000

                       Ni X   0        Ni Y   0        Ni Z   0     
                    --------------- --------------- ---------------
    0   4.0859 THz  -0.7071 -0.0000  0.7071  0.0000 -0.0000  0.0000
    1   5.5437 THz   0.0000  0.0000  0.0000 -0.0000 -0.4747 -0.8802
    2   7.0694 THz   0.7071  0.0000  0.7071  0.0000 -0.0000  0.0000


 Q= -0.069874 -0.069874 -0.069874, q= -0.250000 -0.250000 -0.250000

                       Ni X   0        Ni Y   0        Ni Z   0     
                    --------------- --------------- ---------------
    0   2.8821 THz   0.7332  0.0000 -0.0555 -0.0010 -0.6777  0.0010
    1   2.8821 THz   0.3592  0.0000 -0.8146  0.0021  0.4554 -0.0021
    2   6.0533 THz   0.5774  0.0000  0.5774  0.0000  0.5774  0.0000


 Q=  0.000000  0.000000 -0.139748, q= -0.250000 -0.250000  0.000000

                       Ni X   0        Ni Y   0        Ni Z   0     
                    --------------- --------------- ---------------
    0   4.2035 THz   1.0000  0.0000  0.0000  0.0000  0.0000  0.0000
    1   4.2035 THz   0.0000  0.0000 -0.9992  0.0395 -0.0000  0.0000
    2   6.1154 THz   0.0000  0.0000 -0.0000  0.0000 -0.8727 -0.4882


 Q=  0.069874  0.069874 -0.209622, q= -0.250000 -0.250000  0.250000

                       Ni X   0        Ni Y   0        Ni Z   0     
                    --------------- --------------- ---------------
    0   5.0723 THz  -0.7071  0.0000  0.7071 -0.0000  0.0000 -0.0000
    1   5.5481 THz   0.5755  0.0000  0.5755 -0.0000  0.5810 -0.0000
    2   7.3559 THz   0.4108  0.0000  0.4108  0.0000 -0.8139 -0.0000


 Q= -0.069874 -0.209622  0.069874, q= -0.250000  0.000000 -0.500000

                       Ni X   0        Ni Y   0        Ni Z   0     
                    --------------- --------------- ---------------
    0   5.0723 THz   0.7071  0.0000 -0.0000 -0.0000  0.7071 -0.0000
    1   5.5481 THz   0.5755  0.0000 -0.5810  0.0000 -0.5755  0.0000
    2   7.3559 THz   0.4108  0.0000  0.8139 -0.0000 -0.4108  0.0000


 Q=  0.000000 -0.139748  0.000000, q= -0.250000  0.000000 -0.250000

                       Ni X   0        Ni Y   0        Ni Z   0     
                    --------------- --------------- ---------------
    0   4.2035 THz   1.0000  0.0000  0.0000  0.0000  0.0000  0.0000
    1   4.2035 THz   0.0000  0.0000 -0.0000  0.0000 -0.9977 -0.0680
    2   6.1154 THz   0.0000  0.0000 -0.8883  0.4593  0.0000  0.0000


 Q=  0.069874 -0.069874 -0.069874, q= -0.250000  0.000000  0.000000

                       Ni X   0        Ni Y   0        Ni Z   0     
                    --------------- --------------- ---------------
    0   2.8821 THz   0.0000  0.0000 -0.0000 -0.7071 -0.0000  0.7071
    1   2.8821 THz   0.8165  0.0000  0.4082 -0.0000  0.4082  0.0000
    2   6.0533 THz   0.5774  0.0000 -0.5774  0.0000 -0.5774 -0.0000


 Q=  0.139748  0.000000 -0.139748, q= -0.250000  0.000000  0.250000

                       Ni X   0        Ni Y   0        Ni Z   0     
                    --------------- --------------- ---------------
    0   4.0859 THz   0.7071  0.0000  0.0000  0.0000  0.7071 -0.0000
    1   5.5437 THz   0.0000  0.0000 -0.9542  0.2992  0.0000 -0.0000
    2   7.0694 THz   0.7071  0.0000  0.0000 -0.0000 -0.7071  0.0000


 Q=  0.000000 -0.279496  0.139748, q= -0.250000  0.250000 -0.500000

                       Ni X   0        Ni Y   0        Ni Z   0     
                    --------------- --------------- ---------------
    0   5.6445 THz   0.0000  0.0000 -0.0000 -0.0000 -0.9414 -0.3373
    1   6.7406 THz   1.0000  0.0000  0.0000  0.0000  0.0000  0.0000
    2   6.7406 THz   0.0000  0.0000 -0.9998 -0.0212  0.0000  0.0000


 Q=  0.069874 -0.209622  0.069874, q= -0.250000  0.250000 -0.250000

                       Ni X   0        Ni Y   0        Ni Z   0     
                    --------------- --------------- ---------------
    0   5.0723 THz  -0.7071  0.0000 -0.0000  0.0000  0.7071  0.0000
    1   5.5481 THz   0.5755  0.0000  0.5810  0.0000  0.5755  0.0000
    2   7.3559 THz  -0.4108  0.0000  0.8139  0.0000 -0.4108  0.0000


 Q=  0.139748 -0.139748  0.000000, q= -0.250000  0.250000  0.000000

                       Ni X   0        Ni Y   0        Ni Z   0     
                    --------------- --------------- ---------------
    0   4.0859 THz   0.7071  0.0000  0.7071  0.0000  0.0000  0.0000
    1   5.5437 THz   0.0000  0.0000  0.0000  0.0000 -0.2711 -0.9626
    2   7.0694 THz   0.7071  0.0000 -0.7071 -0.0000 -0.0000 -0.0000


 Q=  0.209622 -0.069874 -0.069874, q= -0.250000  0.250000  0.250000

                       Ni X   0        Ni Y   0        Ni Z   0     
                    --------------- --------------- ---------------
    0   5.0723 THz   0.0000  0.0000  0.6805 -0.1920 -0.6805  0.1920
    1   5.5481 THz  -0.5810  0.0000 -0.5755 -0.0000 -0.5755  0.0000
    2   7.3559 THz   0.8139  0.0000 -0.4108 -0.0000 -0.4108  0.0000


 Q= -0.279496  0.000000  0.000000, q=  0.000000 -0.500000 -0.500000

                       Ni X   0        Ni Y   0        Ni Z   0     
                    --------------- --------------- ---------------
    0   5.8012 THz   0.0000  0.0000 -0.9206  0.0000  0.3904 -0.0000
    1   5.8012 THz   0.0000  0.0000 -0.3904 -0.0000 -0.9206 -0.0000
    2   7.7291 THz   1.0000  0.0000  0.0000  0.0000  0.0000  0.0000


 Q= -0.209622  0.069874 -0.069874, q=  0.000000 -0.500000 -0.250000

                       Ni X   0        Ni Y   0        Ni Z   0     
                    --------------- --------------- ---------------
    0   5.0723 THz   0.0000  0.0000 -0.7068 -0.0198 -0.7068 -0.0198
    1   5.5481 THz  -0.5810  0.0000 -0.5755  0.0000  0.5755  0.0000
    2   7.3559 THz   0.8139  0.0000 -0.4108  0.0000  0.4108  0.0000


 Q= -0.139748  0.139748 -0.139748, q=  0.000000 -0.500000  0.000000

                       Ni X   0        Ni Y   0        Ni Z   0     
                    --------------- --------------- ---------------
    0   4.1828 THz   0.0000  0.0000 -0.7071  0.0000 -0.7071  0.0000
    1   4.1828 THz   0.8165  0.0000  0.4082  0.0000 -0.4082  0.0000
    2   7.9455 THz   0.5774  0.0000 -0.5774 -0.0000  0.5774 -0.0000


 Q= -0.069874  0.209622 -0.209622, q=  0.000000 -0.500000  0.250000

                       Ni X   0        Ni Y   0        Ni Z   0     
                    --------------- --------------- ---------------
    0   5.0723 THz   0.0000  0.0000 -0.7069 -0.0156 -0.7069 -0.0156
    1   5.5481 THz  -0.5810  0.0000 -0.5755 -0.0000  0.5755  0.0000
    2   7.3559 THz   0.8139  0.0000 -0.4108 -0.0000  0.4108  0.0000


 Q= -0.209622 -0.069874  0.069874, q=  0.000000 -0.250000 -0.500000

                       Ni X   0        Ni Y   0        Ni Z   0     
                    --------------- --------------- ---------------
    0   5.0723 THz   0.0000  0.0000 -0.7069 -0.0162 -0.7069 -0.0162
    1   5.5481 THz   0.5810  0.0000 -0.5755 -0.0000  0.5755  0.0000
    2   7.3559 THz   0.8139  0.0000  0.4108  0.0000 -0.4108 -0.0000


 Q= -0.139748  0.000000  0.000000, q=  0.000000 -0.250000 -0.250000

                       Ni X   0        Ni Y   0        Ni Z   0     
                    --------------- --------------- ---------------
    0   4.2035 THz   0.0000  0.0000 -0.4906 -0.3651 -0.5331 -0.5846
    1   4.2035 THz   0.0000  0.0000 -0.6911 -0.3852  0.4677  0.3940
    2   6.1154 THz   1.0000  0.0000  0.0000  0.0000  0.0000  0.0000


 Q= -0.069874  0.069874 -0.069874, q=  0.000000 -0.250000  0.000000

                       Ni X   0        Ni Y   0        Ni Z   0     
                    --------------- --------------- ---------------
    0   2.8821 THz   0.8165  0.0000  0.4082 -0.0000 -0.4082  0.0000
    1   2.8821 THz   0.0000  0.0000 -0.0000  0.7071 -0.0000  0.7071
    2   6.0533 THz   0.5774  0.0000 -0.5774  0.0000  0.5774 -0.0000


 Q=  0.000000  0.139748 -0.139748, q=  0.000000 -0.250000  0.250000

                       Ni X   0        Ni Y   0        Ni Z   0     
                    --------------- --------------- ---------------
    0   4.0859 THz   0.0000  0.0000 -0.7049  0.0555 -0.7049  0.0555
    1   5.5437 THz   1.0000  0.0000  0.0000  0.0000  0.0000  0.0000
    2   7.0694 THz   0.0000  0.0000 -0.7046 -0.0596  0.7046  0.0596


 Q= -0.139748 -0.139748  0.139748, q=  0.000000  0.000000 -0.500000

                       Ni X   0        Ni Y   0        Ni Z   0     
                    --------------- --------------- ---------------
    0   4.1828 THz   0.8165  0.0000 -0.4082 -0.0000  0.4082 -0.0000
    1   4.1828 THz   0.0000  0.0000 -0.7071 -0.0000 -0.7071 -0.0000
    2   7.9455 THz  -0.5774  0.0000 -0.5774 -0.0000  0.5774 -0.0000


 Q= -0.069874 -0.069874  0.069874, q=  0.000000  0.000000 -0.250000

                       Ni X   0        Ni Y   0        Ni Z   0     
                    --------------- --------------- ---------------
    0   2.8821 THz   0.5052  0.0000  0.3027 -0.0131  0.8079 -0.0131
    1   2.8821 THz  -0.6414 -0.0000  0.7581 -0.0103  0.1167 -0.0103
    2   6.0533 THz   0.5774  0.0000  0.5774  0.0000 -0.5774 -0.0000


 Q=  0.000000  0.000000  0.000000, q=  0.000000  0.000000  0.000000

                       Ni X   0        Ni Y   0        Ni Z   0     
                    --------------- --------------- ---------------
    0   0.0000 THz   0.6026  0.0000 -0.7396  0.0000 -0.2999  0.0000
    1   0.0000 THz  -0.7014  0.0000 -0.6701  0.0000  0.2429  0.0000
    2  -0.0000 THz   0.3806  0.0000 -0.0639  0.0000  0.9225  0.0000


 Q=  0.069874  0.069874 -0.069874, q=  0.000000  0.000000  0.250000

                       Ni X   0        Ni Y   0        Ni Z   0     
                    --------------- --------------- ---------------
    0   2.8821 THz   0.5052  0.0000  0.3027  0.0131  0.8079  0.0131
    1   2.8821 THz  -0.6414 -0.0000  0.7581  0.0103  0.1167  0.0103
    2   6.0533 THz   0.5774  0.0000  0.5774 -0.0000 -0.5774  0.0000


 Q= -0.069874 -0.209622  0.209622, q=  0.000000  0.250000 -0.500000

                       Ni X   0        Ni Y   0        Ni Z   0     
                    --------------- --------------- ---------------
    0   5.0723 THz   0.0000  0.0000 -0.7070  0.0103 -0.7070  0.0103
    1   5.5481 THz   0.5810  0.0000 -0.5755 -0.0000  0.5755 -0.0000
    2   7.3559 THz   0.8139  0.0000  0.4108  0.0000 -0.4108  0.0000


 Q=  0.000000 -0.139748  0.139748, q=  0.000000  0.250000 -0.250000

                       Ni X   0        Ni Y   0        Ni Z   0     
                    --------------- --------------- ---------------
    0   4.0859 THz   0.0000  0.0000 -0.7049 -0.0555 -0.7049 -0.0555
    1   5.5437 THz   1.0000  0.0000  0.0000  0.0000  0.0000  0.0000
    2   7.0694 THz   0.0000  0.0000 -0.7046  0.0596  0.7046 -0.0596


 Q=  0.069874 -0.069874  0.069874, q=  0.000000  0.250000  0.000000

                       Ni X   0        Ni Y   0        Ni Z   0     
                    --------------- --------------- ---------------
    0   2.8821 THz   0.8165  0.0000  0.4082  0.0000 -0.4082 -0.0000
    1   2.8821 THz   0.0000  0.0000 -0.0000 -0.7071 -0.0000 -0.7071
    2   6.0533 THz   0.5774  0.0000 -0.5774 -0.0000  0.5774  0.0000


 Q=  0.139748  0.000000  0.000000, q=  0.000000  0.250000  0.250000

                       Ni X   0        Ni Y   0        Ni Z   0     
                    --------------- --------------- ---------------
    0   4.2035 THz   0.0000  0.0000 -0.4906  0.3651 -0.5331  0.5846
    1   4.2035 THz   0.0000  0.0000 -0.6911  0.3852  0.4677 -0.3940
    2   6.1154 THz   1.0000  0.0000  0.0000  0.0000  0.0000  0.0000


 Q= -0.349369  0.069874  0.069874, q=  0.250000 -0.500000 -0.500000

                       Ni X   0        Ni Y   0        Ni Z   0     
                    --------------- --------------- ---------------
    0   5.0723 THz   0.0000  0.0000  0.7071 -0.0037 -0.7071  0.0037
    1   5.5481 THz   0.5810  0.0000 -0.5755  0.0000 -0.5755  0.0000
    2   7.3559 THz   0.8139  0.0000  0.4108 -0.0000  0.4108 -0.0000


 Q= -0.279496  0.139748  0.000000, q=  0.250000 -0.500000 -0.250000

                       Ni X   0        Ni Y   0        Ni Z   0     
                    --------------- --------------- ---------------
    0   5.6445 THz   0.0000  0.0000  0.0548  0.9985  0.0000  0.0000
    1   6.7406 THz   0.0000  0.0000  0.0000 -0.0000 -1.0000  0.0007
    2   6.7406 THz   1.0000  0.0000  0.0000  0.0000  0.0000  0.0000


 Q= -0.209622  0.209622 -0.069874, q=  0.250000 -0.500000  0.000000

                       Ni X   0        Ni Y   0        Ni Z   0     
                    --------------- --------------- ---------------
    0   5.0723 THz   0.7071  0.0000  0.7071 -0.0000 -0.0000 -0.0000
    1   5.5481 THz   0.5755  0.0000 -0.5755  0.0000 -0.5810  0.0000
    2   7.3559 THz  -0.4108  0.0000  0.4108 -0.0000 -0.8139  0.0000


 Q= -0.139748  0.279496 -0.139748, q=  0.250000 -0.500000  0.250000

                       Ni X   0        Ni Y   0        Ni Z   0     
                    --------------- --------------- ---------------
    0   4.0859 THz  -0.7071  0.0000  0.0000 -0.0000  0.7071 -0.0000
    1   5.5437 THz   0.0000  0.0000 -0.9986  0.0527  0.0000  0.0000
    2   7.0694 THz   0.7071  0.0000  0.0000 -0.0000  0.7071 -0.0000


 Q= -0.279496  0.000000  0.139748, q=  0.250000 -0.250000 -0.500000

                       Ni X   0        Ni Y   0        Ni Z   0     
                    --------------- --------------- ---------------
    0   5.6445 THz   0.0000  0.0000 -0.0000  0.0000  0.9930 -0.1178
    1   6.7406 THz   0.0000  0.0000 -0.9997  0.0232 -0.0000  0.0000
    2   6.7406 THz   1.0000  0.0000  0.0000  0.0000  0.0000  0.0000


 Q= -0.209622  0.069874  0.069874, q=  0.250000 -0.250000 -0.250000

                       Ni X   0        Ni Y   0        Ni Z   0     
                    --------------- --------------- ---------------
    0   5.0723 THz   0.0000  0.0000  0.6805  0.1920 -0.6805 -0.1920
    1   5.5481 THz  -0.5810  0.0000 -0.5755  0.0000 -0.5755 -0.0000
    2   7.3559 THz   0.8139  0.0000 -0.4108  0.0000 -0.4108 -0.0000


 Q= -0.139748  0.139748  0.000000, q=  0.250000 -0.250000  0.000000

                       Ni X   0        Ni Y   0        Ni Z   0     
                    --------------- --------------- ---------------
    0   4.0859 THz   0.7071  0.0000  0.7071 -0.0000  0.0000 -0.0000
    1   5.5437 THz   0.0000  0.0000  0.0000 -0.0000 -0.2711  0.9626
    2   7.0694 THz   0.7071  0.0000 -0.7071  0.0000 -0.0000  0.0000


 Q= -0.069874  0.209622 -0.069874, q=  0.250000 -0.250000  0.250000

                       Ni X   0        Ni Y   0        Ni Z   0     
                    --------------- --------------- ---------------
    0   5.0723 THz  -0.7071  0.0000 -0.0000 -0.0000  0.7071 -0.0000
    1   5.5481 THz   0.5755  0.0000  0.5810 -0.0000  0.5755 -0.0000
    2   7.3559 THz  -0.4108  0.0000  0.8139 -0.0000 -0.4108 -0.0000


 Q= -0.209622 -0.069874  0.209622, q=  0.250000  0.000000 -0.500000

                       Ni X   0        Ni Y   0        Ni Z   0     
                    --------------- --------------- ---------------
    0   5.0723 THz   0.7071  0.0000 -0.0000  0.0000  0.7071  0.0000
    1   5.5481 THz   0.5755  0.0000 -0.5810 -0.0000 -0.5755 -0.0000
    2   7.3559 THz   0.4108  0.0000  0.8139  0.0000 -0.4108 -0.0000


 Q= -0.139748  0.000000  0.139748, q=  0.250000  0.000000 -0.250000

                       Ni X   0        Ni Y   0        Ni Z   0     
                    --------------- --------------- ---------------
    0   4.0859 THz   0.7071  0.0000  0.0000 -0.0000  0.7071  0.0000
    1   5.5437 THz   0.0000  0.0000 -0.9542 -0.2992  0.0000  0.0000
    2   7.0694 THz   0.7071  0.0000  0.0000  0.0000 -0.7071 -0.0000


 Q= -0.069874  0.069874  0.069874, q=  0.250000  0.000000  0.000000

                       Ni X   0        Ni Y   0        Ni Z   0     
                    --------------- --------------- ---------------
    0   2.8821 THz   0.0000  0.0000 -0.0000  0.7071 -0.0000 -0.7071
    1   2.8821 THz   0.8165  0.0000  0.4082  0.0000  0.4082 -0.0000
    2   6.0533 THz   0.5774  0.0000 -0.5774 -0.0000 -0.5774  0.0000


 Q=  0.000000  0.139748  0.000000, q=  0.250000  0.000000  0.250000

                       Ni X   0        Ni Y   0        Ni Z   0     
                    --------------- --------------- ---------------
    0   4.2035 THz   1.0000  0.0000  0.0000  0.0000  0.0000  0.0000
    1   4.2035 THz   0.0000  0.0000 -0.0000 -0.0000 -0.9977  0.0680
    2   6.1154 THz   0.0000  0.0000 -0.8883 -0.4593  0.0000 -0.0000


 Q= -0.139748 -0.139748  0.279496, q=  0.250000  0.250000 -0.500000

                       Ni X   0        Ni Y   0        Ni Z   0     
                    --------------- --------------- ---------------
    0   4.0859 THz  -0.7071 -0.0000  0.7071 -0.0000 -0.0000 -0.0000
    1   5.5437 THz   0.0000  0.0000 -0.0000 -0.0000 -0.7718 -0.6358
    2   7.0694 THz   0.7071  0.0000  0.7071 -0.0000 -0.0000 -0.0000


 Q= -0.069874 -0.069874  0.209622, q=  0.250000  0.250000 -0.250000

                       Ni X   0        Ni Y   0        Ni Z   0     
                    --------------- --------------- ---------------
    0   5.0723 THz  -0.7071  0.0000  0.7071  0.0000  0.0000  0.0000
    1   5.5481 THz   0.5755  0.0000  0.5755  0.0000  0.5810  0.0000
    2   7.3559 THz   0.4108  0.0000  0.4108 -0.0000 -0.8139  0.0000


 Q=  0.000000  0.000000  0.139748, q=  0.250000  0.250000  0.000000

                       Ni X   0        Ni Y   0        Ni Z   0     
                    --------------- --------------- ---------------
    0   4.2035 THz   1.0000  0.0000  0.0000  0.0000  0.0000  0.0000
    1   4.2035 THz   0.0000  0.0000 -0.9992 -0.0395 -0.0000 -0.0000
    2   6.1154 THz   0.0000  0.0000 -0.0000 -0.0000 -0.8727  0.4882


 Q=  0.069874  0.069874  0.069874, q=  0.250000  0.250000  0.250000

                       Ni X   0        Ni Y   0        Ni Z   0     
                    --------------- --------------- ---------------
    0   2.8821 THz   0.7332  0.0000 -0.0555  0.0010 -0.6777 -0.0010
    1   2.8821 THz   0.3592  0.0000 -0.8146 -0.0021  0.4554  0.0021
    2   6.0533 THz   0.5774  0.0000  0.5774 -0.0000  0.5774 -0.0000
