
Used Primitive lattice vector

    1.827976000000      1.827976000000      1.827976000000  
    1.827976000000     -1.827976000000     -1.827976000000  
   -1.827976000000      1.827976000000     -1.827976000000  

   1 Atom(s) in the Primitive cell

 0.0000000000 0.0000000000 0.0000000000 Hf    0


 Q= -0.273527 -0.273527  0.273527, q= -0.500000 -0.500000 -0.500000

                       Hf X   0        Hf Y   0        Hf Z   0     
                    --------------- --------------- ---------------
    0   2.9401 THz   0.0000  0.0000 -0.8000  0.0000  0.5999  0.0000
    1   2.9401 THz   1.0000  0.0000  0.0000  0.0000  0.0000  0.0000
    2   2.9401 THz   0.0000  0.0000 -0.5999 -0.0000 -0.8000 -0.0000


 Q= -0.273527 -0.205145  0.205145, q= -0.500000 -0.500000 -0.250000

                       Hf X   0        Hf Y   0        Hf Z   0     
                    --------------- --------------- ---------------
    0   2.1783 THz   0.0000  0.0000 -0.2644  0.6558 -0.2644  0.6558
    1   2.3678 THz   0.0000  0.0000 -0.7068 -0.0203  0.7068  0.0203
    2   3.0864 THz   1.0000  0.0000  0.0000  0.0000  0.0000  0.0000


 Q= -0.273527 -0.136763  0.136763, q= -0.500000 -0.500000  0.000000

                       Hf X   0        Hf Y   0        Hf Z   0     
                    --------------- --------------- ---------------
    0   1.1455 THz   0.0000  0.0000 -0.7071 -0.0000 -0.7071 -0.0000
    1   2.6917 THz   1.0000  0.0000  0.0000  0.0000  0.0000  0.0000
    2  -2.7354 THz   0.0000  0.0000  0.7071  0.0000 -0.7071 -0.0000


 Q= -0.273527 -0.068382  0.068382, q= -0.500000 -0.500000  0.250000

                       Hf X   0        Hf Y   0        Hf Z   0     
                    --------------- --------------- ---------------
    0   2.1783 THz   0.0000  0.0000 -0.7015 -0.0888 -0.7015 -0.0888
    1   2.3678 THz   0.0000  0.0000 -0.7071 -0.0076  0.7071  0.0076
    2   3.0864 THz   1.0000  0.0000  0.0000  0.0000  0.0000  0.0000


 Q= -0.205145 -0.273527  0.205145, q= -0.500000 -0.250000 -0.500000

                       Hf X   0        Hf Y   0        Hf Z   0     
                    --------------- --------------- ---------------
    0   2.1783 THz   0.7071  0.0000  0.0000  0.0000  0.7071  0.0000
    1   2.3678 THz  -0.7071  0.0000  0.0000  0.0000  0.7071  0.0000
    2   3.0864 THz  -0.0000  0.0000 -0.9575 -0.2884  0.0000  0.0000


 Q= -0.205145 -0.205145  0.136763, q= -0.500000 -0.250000 -0.250000

                       Hf X   0        Hf Y   0        Hf Z   0     
                    --------------- --------------- ---------------
    0  -0.8450 THz   0.7071  0.0000 -0.7071 -0.0000  0.0000  0.0000
    1  -1.9704 THz   0.2610  0.0000  0.2610  0.0000 -0.9294 -0.0000
    2   2.2851 THz   0.6572  0.0000  0.6572 -0.0000  0.3691  0.0000


 Q= -0.205145 -0.136763  0.068382, q= -0.500000 -0.250000  0.000000

                       Hf X   0        Hf Y   0        Hf Z   0     
                    --------------- --------------- ---------------
    0  -0.8450 THz   0.7071  0.0000  0.0000  0.0000 -0.7071  0.0000
    1  -1.9704 THz  -0.2610  0.0000  0.9294  0.0000 -0.2610 -0.0000
    2   2.2851 THz   0.6572  0.0000  0.3691 -0.0000  0.6572 -0.0000


 Q= -0.205145 -0.068382  0.000000, q= -0.500000 -0.250000  0.250000

                       Hf X   0        Hf Y   0        Hf Z   0     
                    --------------- --------------- ---------------
    0   2.1783 THz   0.7071  0.0000  0.7071 -0.0000 -0.0000 -0.0000
    1   2.3678 THz   0.7071  0.0000 -0.7071  0.0000  0.0000  0.0000
    2   3.0864 THz   0.0000  0.0000 -0.0000 -0.0000 -0.9568 -0.2907


 Q= -0.136763 -0.273527  0.136763, q= -0.500000  0.000000 -0.500000

                       Hf X   0        Hf Y   0        Hf Z   0     
                    --------------- --------------- ---------------
    0   1.1455 THz  -0.7071  0.0000  0.0000  0.0000 -0.7071  0.0000
    1   2.6917 THz   0.0000  0.0000  1.0000 -0.0000  0.0000  0.0000
    2  -2.7354 THz   0.7071  0.0000  0.0000  0.0000 -0.7071  0.0000


 Q= -0.136763 -0.205145  0.068382, q= -0.500000  0.000000 -0.250000

                       Hf X   0        Hf Y   0        Hf Z   0     
                    --------------- --------------- ---------------
    0  -0.8450 THz   0.0000  0.0000  0.7052  0.0513 -0.7052 -0.0513
    1  -1.9704 THz  -0.9294 -0.0000  0.2610  0.0000  0.2610 -0.0000
    2   2.2851 THz   0.3691  0.0000  0.6572 -0.0000  0.6572  0.0000


 Q= -0.136763 -0.136763  0.000000, q= -0.500000  0.000000  0.000000

                       Hf X   0        Hf Y   0        Hf Z   0     
                    --------------- --------------- ---------------
    0   1.1455 THz  -0.7071  0.0000 -0.7071  0.0000 -0.0000 -0.0000
    1   2.6917 THz   0.0000  0.0000  0.0000 -0.0000 -1.0000 -0.0000
    2  -2.7354 THz   0.7071  0.0000 -0.7071  0.0000 -0.0000 -0.0000


 Q= -0.136763 -0.068382 -0.068382, q= -0.500000  0.000000  0.250000

                       Hf X   0        Hf Y   0        Hf Z   0     
                    --------------- --------------- ---------------
    0  -0.8450 THz   0.0000  0.0000  0.7071 -0.0033 -0.7071  0.0033
    1  -1.9704 THz   0.9294  0.0000 -0.2610 -0.0000 -0.2610 -0.0000
    2   2.2851 THz  -0.3691  0.0000 -0.6572 -0.0000 -0.6572 -0.0000


 Q= -0.068382 -0.273527  0.068382, q= -0.500000  0.250000 -0.500000

                       Hf X   0        Hf Y   0        Hf Z   0     
                    --------------- --------------- ---------------
    0   2.1783 THz   0.7071  0.0000  0.0000 -0.0000  0.7071  0.0000
    1   2.3678 THz   0.7071  0.0000  0.0000  0.0000 -0.7071 -0.0000
    2   3.0864 THz  -0.0000  0.0000  0.9883  0.1528 -0.0000 -0.0000


 Q= -0.068382 -0.205145  0.000000, q= -0.500000  0.250000 -0.250000

                       Hf X   0        Hf Y   0        Hf Z   0     
                    --------------- --------------- ---------------
    0   2.1783 THz   0.7071  0.0000  0.7071 -0.0000 -0.0000  0.0000
    1   2.3678 THz   0.7071  0.0000 -0.7071  0.0000  0.0000 -0.0000
    2   3.0864 THz   0.0000  0.0000 -0.0000 -0.0000 -1.0000 -0.0012


 Q= -0.068382 -0.136763 -0.068382, q= -0.500000  0.250000  0.000000

                       Hf X   0        Hf Y   0        Hf Z   0     
                    --------------- --------------- ---------------
    0  -0.8450 THz   0.7071  0.0000  0.0000 -0.0000 -0.7071  0.0000
    1  -1.9704 THz  -0.2610  0.0000  0.9294 -0.0000 -0.2610  0.0000
    2   2.2851 THz   0.6572  0.0000  0.3691 -0.0000  0.6572  0.0000


 Q= -0.068382 -0.068382 -0.136763, q= -0.500000  0.250000  0.250000

                       Hf X   0        Hf Y   0        Hf Z   0     
                    --------------- --------------- ---------------
    0  -0.8450 THz   0.7071  0.0000 -0.7071 -0.0000  0.0000 -0.0000
    1  -1.9704 THz   0.2610  0.0000  0.2610 -0.0000 -0.9294  0.0000
    2   2.2851 THz   0.6572  0.0000  0.6572  0.0000  0.3691 -0.0000


 Q= -0.205145 -0.205145  0.273527, q= -0.250000 -0.500000 -0.500000

                       Hf X   0        Hf Y   0        Hf Z   0     
                    --------------- --------------- ---------------
    0   2.1783 THz   0.7071  0.0000 -0.7071 -0.0000  0.0000 -0.0000
    1   2.3678 THz  -0.7071  0.0000 -0.7071 -0.0000 -0.0000  0.0000
    2   3.0864 THz   0.0000  0.0000  0.0000  0.0000 -0.9589  0.2839


 Q= -0.205145 -0.136763  0.205145, q= -0.250000 -0.500000 -0.250000

                       Hf X   0        Hf Y   0        Hf Z   0     
                    --------------- --------------- ---------------
    0  -0.8450 THz  -0.7071  0.0000  0.0000 -0.0000 -0.7071  0.0000
    1  -1.9704 THz   0.2610  0.0000  0.9294  0.0000 -0.2610  0.0000
    2   2.2851 THz   0.6572  0.0000 -0.3691 -0.0000 -0.6572  0.0000


 Q= -0.205145 -0.068382  0.136763, q= -0.250000 -0.500000  0.000000

                       Hf X   0        Hf Y   0        Hf Z   0     
                    --------------- --------------- ---------------
    0  -0.8450 THz  -0.7071  0.0000 -0.7071  0.0000  0.0000 -0.0000
    1  -1.9704 THz  -0.2610  0.0000  0.2610 -0.0000 -0.9294 -0.0000
    2   2.2851 THz   0.6572  0.0000 -0.6572  0.0000 -0.3691 -0.0000


 Q= -0.205145  0.000000  0.068382, q= -0.250000 -0.500000  0.250000

                       Hf X   0        Hf Y   0        Hf Z   0     
                    --------------- --------------- ---------------
    0   2.1783 THz  -0.7071  0.0000 -0.0000 -0.0000  0.7071 -0.0000
    1   2.3678 THz   0.7071  0.0000 -0.0000 -0.0000  0.7071 -0.0000
    2   3.0864 THz   0.0000  0.0000 -0.9754  0.2206 -0.0000  0.0000


 Q= -0.136763 -0.205145  0.205145, q= -0.250000 -0.250000 -0.500000

                       Hf X   0        Hf Y   0        Hf Z   0     
                    --------------- --------------- ---------------
    0  -0.8450 THz   0.0000  0.0000 -0.0000  0.7071 -0.0000  0.7071
    1  -1.9704 THz   0.9294  0.0000  0.2610 -0.0000 -0.2610  0.0000
    2   2.2851 THz   0.3691  0.0000 -0.6572  0.0000  0.6572 -0.0000


 Q= -0.136763 -0.136763  0.136763, q= -0.250000 -0.250000 -0.250000

                       Hf X   0        Hf Y   0        Hf Z   0     
                    --------------- --------------- ---------------
    0  -2.5118 THz   1.0000  0.0000  0.0000  0.0000  0.0000  0.0000
    1  -2.5118 THz   0.0000  0.0000 -0.6780  0.4157  0.5393 -0.2770
    2  -2.5118 THz   0.0000  0.0000 -0.5598  0.2328 -0.7552  0.2491


 Q= -0.136763 -0.068382  0.068382, q= -0.250000 -0.250000  0.000000

                       Hf X   0        Hf Y   0        Hf Z   0     
                    --------------- --------------- ---------------
    0  -0.8450 THz   0.0000  0.0000 -0.0000  0.7071 -0.0000  0.7071
    1  -1.9704 THz   0.9294  0.0000 -0.2610  0.0000  0.2610 -0.0000
    2   2.2851 THz  -0.3691  0.0000 -0.6572  0.0000  0.6572 -0.0000


 Q= -0.136763  0.000000  0.000000, q= -0.250000 -0.250000  0.250000

                       Hf X   0        Hf Y   0        Hf Z   0     
                    --------------- --------------- ---------------
    0   0.9528 THz   1.0000  0.0000  0.0000  0.0000  0.0000  0.0000
    1   2.4522 THz   0.0000  0.0000 -0.3365 -0.1163 -0.3254 -0.8760
    2   2.4522 THz   0.0000  0.0000  0.8791 -0.3168 -0.3060 -0.1820


 Q= -0.068382 -0.205145  0.136763, q= -0.250000  0.000000 -0.500000

                       Hf X   0        Hf Y   0        Hf Z   0     
                    --------------- --------------- ---------------
    0  -0.8450 THz  -0.7071  0.0000 -0.7071 -0.0000 -0.0000 -0.0000
    1  -1.9704 THz   0.2610  0.0000 -0.2610 -0.0000 -0.9294 -0.0000
    2   2.2851 THz   0.6572  0.0000 -0.6572 -0.0000  0.3691 -0.0000


 Q= -0.068382 -0.136763  0.068382, q= -0.250000  0.000000 -0.250000

                       Hf X   0        Hf Y   0        Hf Z   0     
                    --------------- --------------- ---------------
    0  -0.8450 THz   0.7071  0.0000  0.0000 -0.0000  0.7071 -0.0000
    1  -1.9704 THz   0.2610  0.0000 -0.9294  0.0000 -0.2610  0.0000
    2   2.2851 THz   0.6572  0.0000  0.3691  0.0000 -0.6572  0.0000


 Q= -0.068382 -0.068382  0.000000, q= -0.250000  0.000000  0.000000

                       Hf X   0        Hf Y   0        Hf Z   0     
                    --------------- --------------- ---------------
    0  -1.4278 THz   0.7071  0.0000 -0.7071  0.0000 -0.0000 -0.0000
    1   1.7016 THz   0.0000  0.0000  0.0000 -0.0000 -0.9663 -0.2573
    2   2.3154 THz  -0.7071  0.0000 -0.7071  0.0000 -0.0000 -0.0000


 Q= -0.068382  0.000000 -0.068382, q= -0.250000  0.000000  0.250000

                       Hf X   0        Hf Y   0        Hf Z   0     
                    --------------- --------------- ---------------
    0  -1.4278 THz   0.7071  0.0000  0.0000 -0.0000 -0.7071  0.0000
    1   1.7016 THz   0.0000  0.0000 -0.9979 -0.0641 -0.0000 -0.0000
    2   2.3154 THz   0.7071  0.0000  0.0000  0.0000  0.7071 -0.0000


 Q=  0.000000 -0.205145  0.068382, q= -0.250000  0.250000 -0.500000

                       Hf X   0        Hf Y   0        Hf Z   0     
                    --------------- --------------- ---------------
    0   2.1783 THz   0.0000  0.0000 -0.6958 -0.1262  0.6958  0.1262
    1   2.3678 THz   0.0000  0.0000 -0.7043  0.0632 -0.7043  0.0632
    2   3.0864 THz   1.0000  0.0000  0.0000  0.0000  0.0000  0.0000


 Q=  0.000000 -0.136763  0.000000, q= -0.250000  0.250000 -0.250000

                       Hf X   0        Hf Y   0        Hf Z   0     
                    --------------- --------------- ---------------
    0   0.9528 THz   0.0000  0.0000 -0.5116 -0.8592  0.0000  0.0000
    1   2.4522 THz   0.0000  0.0000  0.0000  0.0000  0.0219  0.9998
    2   2.4522 THz   1.0000  0.0000  0.0000  0.0000  0.0000  0.0000


 Q=  0.000000 -0.068382 -0.068382, q= -0.250000  0.250000  0.000000

                       Hf X   0        Hf Y   0        Hf Z   0     
                    --------------- --------------- ---------------
    0  -1.4278 THz   0.0000  0.0000 -0.0526 -0.7052  0.0526  0.7052
    1   1.7016 THz   1.0000  0.0000  0.0000  0.0000  0.0000  0.0000
    2   2.3154 THz   0.0000  0.0000 -0.1856 -0.6823 -0.1856 -0.6823


 Q=  0.000000  0.000000 -0.136763, q= -0.250000  0.250000  0.250000

                       Hf X   0        Hf Y   0        Hf Z   0     
                    --------------- --------------- ---------------
    0   0.9528 THz   0.0000  0.0000  0.0000  0.0000 -0.0056  1.0000
    1   2.4522 THz   0.0000  0.0000 -0.7014 -0.7127  0.0000 -0.0000
    2   2.4522 THz   1.0000  0.0000  0.0000  0.0000  0.0000  0.0000


 Q= -0.136763 -0.136763  0.273527, q=  0.000000 -0.500000 -0.500000

                       Hf X   0        Hf Y   0        Hf Z   0     
                    --------------- --------------- ---------------
    0   1.1455 THz   0.7071  0.0000 -0.7071  0.0000 -0.0000 -0.0000
    1   2.6917 THz   0.0000  0.0000  0.0000 -0.0000 -1.0000 -0.0000
    2  -2.7354 THz  -0.7071  0.0000 -0.7071  0.0000 -0.0000 -0.0000


 Q= -0.136763 -0.068382  0.205145, q=  0.000000 -0.500000 -0.250000

                       Hf X   0        Hf Y   0        Hf Z   0     
                    --------------- --------------- ---------------
    0  -0.8450 THz   0.0000  0.0000  0.0000 -0.7071  0.0000  0.7071
    1  -1.9704 THz   0.9294  0.0000  0.2610  0.0000  0.2610  0.0000
    2   2.2851 THz   0.3691  0.0000 -0.6572 -0.0000 -0.6572 -0.0000


 Q= -0.136763  0.000000  0.136763, q=  0.000000 -0.500000  0.000000

                       Hf X   0        Hf Y   0        Hf Z   0     
                    --------------- --------------- ---------------
    0   1.1455 THz   0.7071  0.0000  0.0000 -0.0000 -0.7071  0.0000
    1   2.6917 THz   0.0000  0.0000  1.0000  0.0000  0.0000  0.0000
    2  -2.7354 THz  -0.7071  0.0000  0.0000 -0.0000 -0.7071  0.0000


 Q= -0.136763  0.068382  0.068382, q=  0.000000 -0.500000  0.250000

                       Hf X   0        Hf Y   0        Hf Z   0     
                    --------------- --------------- ---------------
    0  -0.8450 THz   0.0000  0.0000  0.7071 -0.0033 -0.7071  0.0033
    1  -1.9704 THz   0.9294  0.0000  0.2610 -0.0000  0.2610 -0.0000
    2   2.2851 THz   0.3691  0.0000 -0.6572  0.0000 -0.6572  0.0000


 Q= -0.068382 -0.136763  0.205145, q=  0.000000 -0.250000 -0.500000

                       Hf X   0        Hf Y   0        Hf Z   0     
                    --------------- --------------- ---------------
    0  -0.8450 THz  -0.7071  0.0000  0.0000 -0.0000  0.7071 -0.0000
    1  -1.9704 THz  -0.2610  0.0000 -0.9294  0.0000 -0.2610  0.0000
    2   2.2851 THz   0.6572  0.0000 -0.3691  0.0000  0.6572 -0.0000


 Q= -0.068382 -0.068382  0.136763, q=  0.000000 -0.250000 -0.250000

                       Hf X   0        Hf Y   0        Hf Z   0     
                    --------------- --------------- ---------------
    0  -0.8450 THz   0.7071  0.0000 -0.7071  0.0000 -0.0000  0.0000
    1  -1.9704 THz  -0.2610  0.0000 -0.2610  0.0000 -0.9294  0.0000
    2   2.2851 THz   0.6572  0.0000  0.6572 -0.0000 -0.3691  0.0000


 Q= -0.068382  0.000000  0.068382, q=  0.000000 -0.250000  0.000000

                       Hf X   0        Hf Y   0        Hf Z   0     
                    --------------- --------------- ---------------
    0  -1.4278 THz   0.7071  0.0000  0.0000  0.0000  0.7071  0.0000
    1   1.7016 THz   0.0000  0.0000  0.9991  0.0422  0.0000  0.0000
    2   2.3154 THz   0.7071  0.0000  0.0000 -0.0000 -0.7071 -0.0000


 Q= -0.068382  0.068382  0.000000, q=  0.000000 -0.250000  0.250000

                       Hf X   0        Hf Y   0        Hf Z   0     
                    --------------- --------------- ---------------
    0  -1.4278 THz   0.7071  0.0000  0.7071  0.0000 -0.0000  0.0000
    1   1.7016 THz   0.0000  0.0000 -0.0000 -0.0000 -0.9903 -0.1391
    2   2.3154 THz   0.7071  0.0000 -0.7071 -0.0000  0.0000 -0.0000


 Q=  0.000000 -0.136763  0.136763, q=  0.000000  0.000000 -0.500000

                       Hf X   0        Hf Y   0        Hf Z   0     
                    --------------- --------------- ---------------
    0   1.1455 THz   0.0000  0.0000  0.7071 -0.0000 -0.7071  0.0000
    1   2.6917 THz   1.0000  0.0000  0.0000  0.0000  0.0000  0.0000
    2  -2.7354 THz   0.0000  0.0000 -0.7071  0.0000 -0.7071  0.0000


 Q=  0.000000 -0.068382  0.068382, q=  0.000000  0.000000 -0.250000

                       Hf X   0        Hf Y   0        Hf Z   0     
                    --------------- --------------- ---------------
    0  -1.4278 THz   0.0000  0.0000 -0.5322 -0.4656 -0.5322 -0.4656
    1   1.7016 THz   1.0000  0.0000  0.0000  0.0000  0.0000  0.0000
    2   2.3154 THz   0.0000  0.0000 -0.7038 -0.0682  0.7038  0.0682


 Q=  0.000000  0.000000  0.000000, q=  0.000000  0.000000  0.000000

                       Hf X   0        Hf Y   0        Hf Z   0     
                    --------------- --------------- ---------------
    0  -0.0000 THz  -0.3266  0.0000 -0.8222  0.0000 -0.4662  0.0000
    1  -0.0000 THz   0.9441  0.0000 -0.2609  0.0000 -0.2012  0.0000
    2   0.0000 THz  -0.0438  0.0000  0.5059  0.0000 -0.8615  0.0000


 Q=  0.000000  0.068382 -0.068382, q=  0.000000  0.000000  0.250000

                       Hf X   0        Hf Y   0        Hf Z   0     
                    --------------- --------------- ---------------
    0  -1.4278 THz   0.0000  0.0000 -0.5322  0.4656 -0.5322  0.4656
    1   1.7016 THz   1.0000  0.0000  0.0000  0.0000  0.0000  0.0000
    2   2.3154 THz   0.0000  0.0000 -0.7038  0.0682  0.7038 -0.0682


 Q=  0.068382 -0.136763  0.068382, q=  0.000000  0.250000 -0.500000

                       Hf X   0        Hf Y   0        Hf Z   0     
                    --------------- --------------- ---------------
    0  -0.8450 THz  -0.7071  0.0000  0.0000 -0.0000  0.7071  0.0000
    1  -1.9704 THz  -0.2610  0.0000 -0.9294 -0.0000 -0.2610  0.0000
    2   2.2851 THz   0.6572  0.0000 -0.3691 -0.0000  0.6572  0.0000


 Q=  0.068382 -0.068382  0.000000, q=  0.000000  0.250000 -0.250000

                       Hf X   0        Hf Y   0        Hf Z   0     
                    --------------- --------------- ---------------
    0  -1.4278 THz   0.7071  0.0000  0.7071 -0.0000 -0.0000 -0.0000
    1   1.7016 THz   0.0000  0.0000 -0.0000  0.0000 -0.9903  0.1391
    2   2.3154 THz   0.7071  0.0000 -0.7071  0.0000  0.0000  0.0000


 Q=  0.068382  0.000000 -0.068382, q=  0.000000  0.250000  0.000000

                       Hf X   0        Hf Y   0        Hf Z   0     
                    --------------- --------------- ---------------
    0  -1.4278 THz   0.7071  0.0000  0.0000 -0.0000  0.7071 -0.0000
    1   1.7016 THz   0.0000  0.0000  0.9991 -0.0422  0.0000 -0.0000
    2   2.3154 THz   0.7071  0.0000  0.0000  0.0000 -0.7071  0.0000


 Q=  0.068382  0.068382 -0.136763, q=  0.000000  0.250000  0.250000

                       Hf X   0        Hf Y   0        Hf Z   0     
                    --------------- --------------- ---------------
    0  -0.8450 THz   0.7071  0.0000 -0.7071 -0.0000 -0.0000 -0.0000
    1  -1.9704 THz  -0.2610  0.0000 -0.2610 -0.0000 -0.9294 -0.0000
    2   2.2851 THz   0.6572  0.0000  0.6572  0.0000 -0.3691 -0.0000


 Q= -0.068382 -0.068382  0.273527, q=  0.250000 -0.500000 -0.500000

                       Hf X   0        Hf Y   0        Hf Z   0     
                    --------------- --------------- ---------------
    0   2.1783 THz   0.7071  0.0000 -0.7071  0.0000  0.0000 -0.0000
    1   2.3678 THz  -0.7071  0.0000 -0.7071  0.0000  0.0000 -0.0000
    2   3.0864 THz  -0.0000  0.0000 -0.0000 -0.0000 -0.9998  0.0199


 Q= -0.068382  0.000000  0.205145, q=  0.250000 -0.500000 -0.250000

                       Hf X   0        Hf Y   0        Hf Z   0     
                    --------------- --------------- ---------------
    0   2.1783 THz  -0.7071  0.0000 -0.0000  0.0000  0.7071  0.0000
    1   2.3678 THz   0.7071  0.0000 -0.0000  0.0000  0.7071  0.0000
    2   3.0864 THz   0.0000  0.0000 -0.7616  0.6481 -0.0000  0.0000


 Q= -0.068382  0.068382  0.136763, q=  0.250000 -0.500000  0.000000

                       Hf X   0        Hf Y   0        Hf Z   0     
                    --------------- --------------- ---------------
    0  -0.8450 THz  -0.7071  0.0000 -0.7071 -0.0000  0.0000 -0.0000
    1  -1.9704 THz  -0.2610  0.0000  0.2610 -0.0000 -0.9294  0.0000
    2   2.2851 THz   0.6572  0.0000 -0.6572 -0.0000 -0.3691  0.0000


 Q= -0.068382  0.136763  0.068382, q=  0.250000 -0.500000  0.250000

                       Hf X   0        Hf Y   0        Hf Z   0     
                    --------------- --------------- ---------------
    0  -0.8450 THz  -0.7071  0.0000  0.0000 -0.0000 -0.7071  0.0000
    1  -1.9704 THz   0.2610  0.0000  0.9294 -0.0000 -0.2610  0.0000
    2   2.2851 THz   0.6572  0.0000 -0.3691  0.0000 -0.6572  0.0000


 Q=  0.000000 -0.068382  0.205145, q=  0.250000 -0.250000 -0.500000

                       Hf X   0        Hf Y   0        Hf Z   0     
                    --------------- --------------- ---------------
    0   2.1783 THz   0.0000  0.0000 -0.6958  0.1262  0.6958 -0.1262
    1   2.3678 THz   0.0000  0.0000 -0.7043 -0.0632 -0.7043 -0.0632
    2   3.0864 THz   1.0000  0.0000  0.0000  0.0000  0.0000  0.0000


 Q=  0.000000  0.000000  0.136763, q=  0.250000 -0.250000 -0.250000

                       Hf X   0        Hf Y   0        Hf Z   0     
                    --------------- --------------- ---------------
    0   0.9528 THz   0.0000  0.0000  0.0000  0.0000 -0.0056 -1.0000
    1   2.4522 THz   0.0000  0.0000 -0.7014  0.7127  0.0000  0.0000
    2   2.4522 THz   1.0000  0.0000  0.0000  0.0000  0.0000  0.0000


 Q=  0.000000  0.068382  0.068382, q=  0.250000 -0.250000  0.000000

                       Hf X   0        Hf Y   0        Hf Z   0     
                    --------------- --------------- ---------------
    0  -1.4278 THz   0.0000  0.0000 -0.0526  0.7052  0.0526 -0.7052
    1   1.7016 THz   1.0000  0.0000  0.0000  0.0000  0.0000  0.0000
    2   2.3154 THz   0.0000  0.0000 -0.1856  0.6823 -0.1856  0.6823


 Q=  0.000000  0.136763  0.000000, q=  0.250000 -0.250000  0.250000

                       Hf X   0        Hf Y   0        Hf Z   0     
                    --------------- --------------- ---------------
    0   0.9528 THz   0.0000  0.0000 -0.5116  0.8592  0.0000 -0.0000
    1   2.4522 THz   0.0000  0.0000  0.0000 -0.0000  0.0219 -0.9998
    2   2.4522 THz   1.0000  0.0000  0.0000  0.0000  0.0000  0.0000


 Q=  0.068382 -0.068382  0.136763, q=  0.250000  0.000000 -0.500000

                       Hf X   0        Hf Y   0        Hf Z   0     
                    --------------- --------------- ---------------
    0  -0.8450 THz  -0.7071  0.0000 -0.7071 -0.0000 -0.0000 -0.0000
    1  -1.9704 THz   0.2610  0.0000 -0.2610 -0.0000 -0.9294 -0.0000
    2   2.2851 THz   0.6572  0.0000 -0.6572  0.0000  0.3691 -0.0000


 Q=  0.068382  0.000000  0.068382, q=  0.250000  0.000000 -0.250000

                       Hf X   0        Hf Y   0        Hf Z   0     
                    --------------- --------------- ---------------
    0  -1.4278 THz   0.7071  0.0000  0.0000  0.0000 -0.7071 -0.0000
    1   1.7016 THz   0.0000  0.0000 -0.9979  0.0641 -0.0000  0.0000
    2   2.3154 THz   0.7071  0.0000  0.0000 -0.0000  0.7071  0.0000


 Q=  0.068382  0.068382  0.000000, q=  0.250000  0.000000  0.000000

                       Hf X   0        Hf Y   0        Hf Z   0     
                    --------------- --------------- ---------------
    0  -1.4278 THz   0.7071  0.0000 -0.7071 -0.0000 -0.0000  0.0000
    1   1.7016 THz   0.0000  0.0000  0.0000  0.0000 -0.9663  0.2573
    2   2.3154 THz  -0.7071  0.0000 -0.7071 -0.0000 -0.0000  0.0000


 Q=  0.068382  0.136763 -0.068382, q=  0.250000  0.000000  0.250000

                       Hf X   0        Hf Y   0        Hf Z   0     
                    --------------- --------------- ---------------
    0  -0.8450 THz   0.7071  0.0000  0.0000  0.0000  0.7071  0.0000
    1  -1.9704 THz   0.2610  0.0000 -0.9294 -0.0000 -0.2610 -0.0000
    2   2.2851 THz   0.6572  0.0000  0.3691 -0.0000 -0.6572 -0.0000


 Q=  0.136763 -0.068382  0.068382, q=  0.250000  0.250000 -0.500000

                       Hf X   0        Hf Y   0        Hf Z   0     
                    --------------- --------------- ---------------
    0  -0.8450 THz   0.0000  0.0000 -0.6876 -0.1648 -0.6876 -0.1648
    1  -1.9704 THz   0.9294  0.0000  0.2610  0.0000 -0.2610 -0.0000
    2   2.2851 THz   0.3691  0.0000 -0.6572 -0.0000  0.6572  0.0000


 Q=  0.136763  0.000000  0.000000, q=  0.250000  0.250000 -0.250000

                       Hf X   0        Hf Y   0        Hf Z   0     
                    --------------- --------------- ---------------
    0   0.9528 THz   1.0000  0.0000  0.0000  0.0000  0.0000  0.0000
    1   2.4522 THz   0.0000  0.0000 -0.3365  0.1163 -0.3254  0.8760
    2   2.4522 THz   0.0000  0.0000  0.8791  0.3168 -0.3060  0.1820


 Q=  0.136763  0.068382 -0.068382, q=  0.250000  0.250000  0.000000

                       Hf X   0        Hf Y   0        Hf Z   0     
                    --------------- --------------- ---------------
    0  -0.8450 THz   0.0000  0.0000 -0.0000 -0.7071 -0.0000 -0.7071
    1  -1.9704 THz   0.9294  0.0000 -0.2610 -0.0000  0.2610  0.0000
    2   2.2851 THz  -0.3691  0.0000 -0.6572 -0.0000  0.6572  0.0000


 Q=  0.136763  0.136763 -0.136763, q=  0.250000  0.250000  0.250000

                       Hf X   0        Hf Y   0        Hf Z   0     
                    --------------- --------------- ---------------
    0  -2.5118 THz   1.0000  0.0000  0.0000  0.0000  0.0000  0.0000
    1  -2.5118 THz   0.0000  0.0000 -0.6780 -0.4157  0.5393  0.2770
    2  -2.5118 THz   0.0000  0.0000 -0.5598 -0.2328 -0.7552 -0.2491
