4.838939 0.000000 -0.740593
0.000000 5.123199 0.000000
0.074202 0.000000 4.989795
0.722257 0.459892 0.288572 Hf
0.277743 0.959892 0.211428 Hf
0.277743 0.540108 0.711428 Hf
0.722257 0.040108 0.788572 Hf
0.558237 0.738143 0.011222 O
0.441763 0.238143 0.488778 O
0.441763 0.261857 0.988778 O
0.558237 0.761857 0.511222 O
0.907919 0.373862 0.691371 O
0.092081 0.873862 0.808629 O
0.092081 0.626138 0.308629 O
0.907919 0.126138 0.191371 O
5.178251 0.0 0.115948 
0.0 5.192917 0.0 
0.115948 0.0 4.745841 
 ion  1
  1 5.42357 -0.43374 0.1459 
  2 0.01063 5.45293 0.07745 
  3 0.13509 0.41907 4.57781 
 ion  2
  1 5.42354 0.43379 0.14581 
  2 -0.01063 5.45293 -0.07745 
  3 0.13499 -0.41914 4.57798 
 ion  3
  1 5.42354 -0.43379 0.14581 
  2 0.0106 5.45299 0.07772 
  3 0.13499 0.41914 4.57798 
 ion  4
  1 5.42357 0.43374 0.1459 
  2 -0.0106 5.45299 -0.07772 
  3 0.13509 -0.41907 4.57781 
 ion  5
  1 -2.40477 0.09798 -0.05774 
  2 0.12526 -2.84467 0.35808 
  3 -0.0743 0.42999 -2.46223 
 ion  6
  1 -2.40476 -0.09798 -0.05774 
  2 -0.12526 -2.84467 -0.35808 
  3 -0.07446 -0.42992 -2.46243 
 ion  7
  1 -2.40476 0.09798 -0.05774 
  2 0.1256 -2.84472 0.35792 
  3 -0.07446 0.42992 -2.46243 
 ion  8
  1 -2.40477 -0.09798 -0.05774 
  2 -0.1256 -2.84472 -0.35792 
  3 -0.0743 -0.42999 -2.46223 
 ion  9
  1 -3.02059 -0.86441 -0.08806 
  2 -1.10785 -2.61033 0.69554 
  3 -0.06069 0.58448 -2.11724 
 ion  10
  1 -3.0206 0.86451 -0.08807 
  2 1.10785 -2.61033 -0.69554 
  3 -0.06053 -0.58448 -2.11738 
 ion  11
  1 -3.0206 -0.86451 -0.08807 
  2 -1.10824 -2.61031 0.69525 
  3 -0.06053 0.58448 -2.11738 
 ion  12
  1 -3.02059 0.86441 -0.08806 
  2 1.10824 -2.61031 -0.69525 
  3 -0.06069 -0.58448 -2.11724 
