
Used Primitive lattice vector

   -2.165174000000     -2.165174000000      0.000000000000  
   -2.165174000000      0.000000000000     -2.165174000000  
    0.000000000000     -2.165174000000     -2.165174000000  

   2 Atom(s) in the Primitive cell

 0.0000000000 0.0000000000 0.0000000000 Si    0
 0.7500000000 0.7500000000 0.7500000000  C    1


 Q=  0.115464  0.115464  0.115464, q= -0.500000 -0.500000 -0.500000

                       Si X   0        Si Y   0        Si Z   0         C X   1         C Y   1         C Z   1     
                    --------------- --------------- --------------- --------------- --------------- ---------------
    0   7.5295 THz   0.6779  0.0000 -0.4889 -0.0080 -0.1890  0.0080  0.2882  0.2882 -0.2045 -0.2113 -0.0838 -0.0770
    1   7.5295 THz  -0.1734  0.0000 -0.4996 -0.0313  0.6730  0.0313 -0.0737 -0.0737 -0.1991 -0.2257  0.2728  0.2994
    2  18.4329 THz  -0.5767  0.0000 -0.5767  0.0000 -0.5767  0.0000  0.0190  0.0190  0.0190  0.0190  0.0190  0.0190
    3  23.3130 THz   0.0603  0.0000  0.3150  0.1046 -0.3753 -0.1046 -0.0709 -0.0709 -0.2474 -0.4934  0.3183  0.5643
    4  23.3130 THz  -0.4164  0.0000  0.2582  0.0151  0.1582 -0.0151  0.4897  0.4897 -0.2858 -0.3214 -0.2039 -0.1683
    5  25.5678 THz  -0.0269  0.0000 -0.0269 -0.0000 -0.0269 -0.0000 -0.4078 -0.4078 -0.4078 -0.4078 -0.4078 -0.4078


 Q=  0.173196  0.057732  0.057732, q= -0.500000 -0.500000 -0.250000

                       Si X   0        Si Y   0        Si Z   0         C X   1         C Y   1         C Z   1     
                    --------------- --------------- --------------- --------------- --------------- ---------------
    0   9.6475 THz  -0.0000  0.0000  0.5843 -0.2324 -0.5843  0.2324 -0.0000 -0.0000  0.2599  0.1923 -0.2599 -0.1923
    1  12.0638 THz   0.4992  0.0000 -0.4912 -0.2519 -0.4912 -0.2519  0.2064  0.1422 -0.1979  0.0073 -0.1979  0.0073
    2  16.4855 THz  -0.7671  0.0000 -0.3441 -0.1920 -0.3441 -0.1920 -0.2554  0.0060  0.0048  0.1335  0.0048  0.1335
    3  23.2840 THz   0.0000  0.0000 -0.3231  0.0131  0.3231 -0.0131 -0.0000  0.0000  0.3528  0.5205 -0.3528 -0.5205
    4  23.5983 THz  -0.3497  0.0000 -0.0368  0.0980 -0.0368  0.0980  0.4793 -0.0696 -0.2674 -0.4890 -0.2674 -0.4890
    5  26.1429 THz   0.2000  0.0000 -0.1580  0.0635 -0.1580  0.0635 -0.6569 -0.4537  0.0448 -0.3610  0.0448 -0.3610


 Q=  0.230928  0.000000  0.000000, q= -0.500000 -0.500000  0.000000

                       Si X   0        Si Y   0        Si Z   0         C X   1         C Y   1         C Z   1     
                    --------------- --------------- --------------- --------------- --------------- ---------------
    0  10.7694 THz   0.0000  0.0000 -0.7154 -0.1231  0.5319  0.1231 -0.0000 -0.0000  0.0567 -0.2450 -0.0567  0.3295
    1  10.7694 THz   0.0000  0.0000  0.4587 -0.2962  0.6312 -0.3584 -0.0000  0.0000 -0.1651 -0.2907 -0.1364 -0.2112
    2  19.1603 THz   1.0000  0.0000  0.0000  0.0000  0.0000  0.0000  0.0000  0.0000  0.0000  0.0000  0.0000  0.0000
    3  23.3684 THz   0.0000  0.0000 -0.3876 -0.0480 -0.1419  0.0480  0.0000  0.0000 -0.1042 -0.3080  0.1042 -0.8417
    4  23.3684 THz   0.0000  0.0000 -0.1404 -0.0520  0.3888 -0.0370  0.0000  0.0000  0.0803  0.8443  0.1129 -0.3050
    5  25.1965 THz   0.0000  0.0000  0.0000 -0.0000  0.0000  0.0000  0.8716  0.4902 -0.0000  0.0000  0.0000  0.0000


 Q=  0.288660 -0.057732 -0.057732, q= -0.500000 -0.500000  0.250000

                       Si X   0        Si Y   0        Si Z   0         C X   1         C Y   1         C Z   1     
                    --------------- --------------- --------------- --------------- --------------- ---------------
    0   9.6475 THz   0.0000  0.0000 -0.5473 -0.3097  0.5473  0.3097 -0.0000 -0.0000  0.2836 -0.1552 -0.2836  0.1552
    1  12.0638 THz   0.4992  0.0000 -0.4912  0.2519 -0.4912  0.2519 -0.2064  0.1422  0.1979  0.0073  0.1979  0.0073
    2  16.4855 THz   0.7671  0.0000  0.3441 -0.1920  0.3441 -0.1920 -0.2554 -0.0060  0.0048 -0.1335  0.0048 -0.1335
    3  23.2840 THz   0.0000  0.0000  0.1494 -0.2868 -0.1494  0.2868  0.0000 -0.0000 -0.3209 -0.5408  0.3209  0.5408
    4  23.5983 THz  -0.3497  0.0000 -0.0368 -0.0980 -0.0368 -0.0980 -0.4793 -0.0696  0.2674 -0.4890  0.2674 -0.4890
    5  26.1429 THz  -0.2000  0.0000  0.1580  0.0635  0.1580  0.0635 -0.6569  0.4537  0.0448  0.3610  0.0448  0.3610


 Q=  0.057732  0.173196  0.057732, q= -0.500000 -0.250000 -0.500000

                       Si X   0        Si Y   0        Si Z   0         C X   1         C Y   1         C Z   1     
                    --------------- --------------- --------------- --------------- --------------- ---------------
    0   9.6475 THz   0.6288  0.0000  0.0000 -0.0000 -0.6288  0.0000  0.1704  0.2748  0.0000 -0.0000 -0.1704 -0.2748
    1  12.0638 THz   0.5520  0.0000 -0.4442  0.2278  0.5520 -0.0000  0.1728 -0.0968 -0.2486 -0.0324  0.1728 -0.0968
    2  16.4855 THz   0.3940  0.0000  0.6699 -0.3739  0.3940 -0.0000 -0.0693 -0.1142  0.2201 -0.1297 -0.0693 -0.1142
    3  23.2840 THz  -0.3233  0.0000  0.0000 -0.0000  0.3233 -0.0000  0.3314  0.5344 -0.0000  0.0000 -0.3314 -0.5344
    4  23.5983 THz   0.1047  0.0000  0.1230  0.3273  0.1047 -0.0000 -0.3636  0.4223 -0.2338 -0.4242 -0.3636  0.4223
    5  26.1429 THz   0.1703  0.0000 -0.1856 -0.0746  0.1703  0.0000 -0.1762  0.3183  0.4403  0.6659 -0.1762  0.3183


 Q=  0.115464  0.115464  0.000000, q= -0.500000 -0.250000 -0.250000

                       Si X   0        Si Y   0        Si Z   0         C X   1         C Y   1         C Z   1     
                    --------------- --------------- --------------- --------------- --------------- ---------------
    0   8.4076 THz   0.6148  0.0000 -0.6148 -0.0000  0.0000  0.0000  0.3493  0.0000 -0.3493 -0.0000  0.0000 -0.0000
    1  11.8988 THz  -0.2100  0.0000 -0.2100  0.0000  0.0000  0.8725  0.1086 -0.0000  0.1086 -0.0000  0.0000  0.3562
    2  14.8474 THz   0.6146  0.0000  0.6146  0.0000  0.0000  0.3100  0.2404 -0.0000  0.2404 -0.0000  0.0000 -0.1814
    3  23.0890 THz  -0.3493  0.0000  0.3493  0.0000 -0.0000 -0.0000  0.6148  0.0000 -0.6148 -0.0000 -0.0000 -0.0000
    4  23.9070 THz  -0.2668  0.0000 -0.2668 -0.0000 -0.0000  0.1377  0.2825 -0.0000  0.2825  0.0000  0.0000 -0.8241
    5  26.6509 THz  -0.0837  0.0000 -0.0837  0.0000  0.0000 -0.3516  0.5921  0.0000  0.5921  0.0000 -0.0000  0.4014


 Q=  0.173196  0.057732 -0.057732, q= -0.500000 -0.250000  0.000000

                       Si X   0        Si Y   0        Si Z   0         C X   1         C Y   1         C Z   1     
                    --------------- --------------- --------------- --------------- --------------- ---------------
    0   9.6475 THz   0.0000  0.0000  0.6111 -0.1483  0.6111 -0.1483  0.0000 -0.0000  0.1008 -0.3072  0.1008 -0.3072
    1  12.0638 THz   0.4992  0.0000 -0.4912  0.2519  0.4912 -0.2519  0.2064 -0.1422 -0.1979 -0.0073  0.1979  0.0073
    2  16.4855 THz   0.7671  0.0000  0.3441 -0.1920 -0.3441  0.1920  0.2554  0.0060 -0.0048  0.1335  0.0048 -0.1335
    3  23.2840 THz   0.0000  0.0000  0.1156  0.3020  0.1156  0.3020 -0.0000 -0.0000 -0.6176 -0.1185 -0.6176 -0.1185
    4  23.5983 THz  -0.3497  0.0000 -0.0368 -0.0980  0.0368  0.0980  0.4793  0.0696 -0.2674  0.4890  0.2674 -0.4890
    5  26.1429 THz   0.2000  0.0000 -0.1580 -0.0635  0.1580  0.0635 -0.6569  0.4537  0.0448  0.3610 -0.0448 -0.3610


 Q=  0.230928  0.000000 -0.115464, q= -0.500000 -0.250000  0.250000

                       Si X   0        Si Y   0        Si Z   0         C X   1         C Y   1         C Z   1     
                    --------------- --------------- --------------- --------------- --------------- ---------------
    0  11.9350 THz   0.0000  0.0000 -0.0000  0.0000 -0.6380 -0.7086 -0.1426 -0.1584 -0.1584  0.1426  0.0000 -0.0000
    1  13.7015 THz   0.6541  0.0000  0.0000  0.6541  0.0000 -0.0000  0.0000 -0.0000 -0.0000  0.0000  0.3800 -0.0000
    2  16.4820 THz  -0.7071  0.0000  0.0000  0.7071  0.0000 -0.0000  0.0000 -0.0000 -0.0000  0.0000  0.0000 -0.0000
    3  22.6569 THz   0.0000  0.0000 -0.0000 -0.0000 -0.0000  0.0000  0.3466 -0.6163  0.6163  0.3466  0.0000 -0.0000
    4  23.6772 THz   0.2687  0.0000  0.0000  0.2687  0.0000 -0.0000  0.0000 -0.0000 -0.0000  0.0000 -0.9250 -0.0000
    5  26.0914 THz   0.0000  0.0000 -0.0000  0.0000 -0.2218 -0.2040  0.4962  0.4565  0.4565 -0.4962 -0.0000  0.0000


 Q=  0.000000  0.230928  0.000000, q= -0.500000  0.000000 -0.500000

                       Si X   0        Si Y   0        Si Z   0         C X   1         C Y   1         C Z   1     
                    --------------- --------------- --------------- --------------- --------------- ---------------
    0  10.7694 THz   0.9083  0.0000  0.0000 -0.0000 -0.0000  0.0000  0.0000  0.0000  0.0000  0.0000 -0.0000 -0.4183
    1  10.7694 THz   0.0000  0.0000  0.0000 -0.0000 -0.9083 -0.0000 -0.0000  0.4183  0.0000  0.0000 -0.0000  0.0000
    2  19.1603 THz   0.0000  0.0000 -0.5782  0.8159 -0.0000  0.0000 -0.0000 -0.0000 -0.0000  0.0000  0.0000  0.0000
    3  23.3684 THz   0.4183  0.0000  0.0000  0.0000  0.0000 -0.0000 -0.0000 -0.0000 -0.0000 -0.0000  0.0000  0.9083
    4  23.3684 THz   0.0000  0.0000 -0.0000  0.0000 -0.4183 -0.0000  0.0000 -0.9083 -0.0000 -0.0000  0.0000 -0.0000
    5  25.1965 THz   0.0000  0.0000  0.0000  0.0000  0.0000 -0.0000 -0.0000  0.0000 -0.7789 -0.6271  0.0000 -0.0000


 Q=  0.057732  0.173196 -0.057732, q= -0.500000  0.000000 -0.250000

                       Si X   0        Si Y   0        Si Z   0         C X   1         C Y   1         C Z   1     
                    --------------- --------------- --------------- --------------- --------------- ---------------
    0   9.6475 THz   0.6288  0.0000 -0.0000  0.0000  0.6288  0.0000  0.1704 -0.2748  0.0000  0.0000  0.1704 -0.2748
    1  12.0638 THz   0.5520  0.0000 -0.4442 -0.2278 -0.5520 -0.0000  0.1728  0.0968 -0.2486  0.0324 -0.1728 -0.0968
    2  16.4855 THz  -0.3940  0.0000 -0.6699 -0.3739  0.3940 -0.0000  0.0693 -0.1142 -0.2201 -0.1297 -0.0693  0.1142
    3  23.2840 THz  -0.3233  0.0000  0.0000 -0.0000 -0.3233 -0.0000  0.3314 -0.5344 -0.0000  0.0000  0.3314 -0.5344
    4  23.5983 THz  -0.1047  0.0000 -0.1230  0.3273  0.1047  0.0000  0.3636  0.4223  0.2338 -0.4242 -0.3636 -0.4223
    5  26.1429 THz   0.1703  0.0000 -0.1856  0.0746 -0.1703 -0.0000 -0.1762 -0.3183  0.4403 -0.6659  0.1762  0.3183


 Q=  0.115464  0.115464 -0.115464, q= -0.500000  0.000000  0.000000

                       Si X   0        Si Y   0        Si Z   0         C X   1         C Y   1         C Z   1     
                    --------------- --------------- --------------- --------------- --------------- ---------------
    0   7.5295 THz   0.6839  0.0000 -0.4690  0.0162  0.2149  0.0162  0.2908 -0.2908 -0.1925  0.2063  0.0982 -0.0845
    1   7.5295 THz  -0.1479  0.0000 -0.5136  0.0747 -0.6615  0.0747 -0.0629  0.0629 -0.1866  0.2502 -0.2495  0.3130
    2  18.4329 THz   0.5767  0.0000  0.5767  0.0000 -0.5767  0.0000 -0.0190  0.0190 -0.0190  0.0190  0.0190 -0.0190
    3  23.3130 THz  -0.4205  0.0000  0.2200  0.0074 -0.2005  0.0074  0.4945 -0.4945 -0.2674  0.2499  0.2271 -0.2446
    4  23.3130 THz   0.0141  0.0000  0.2820  0.2214  0.2962  0.2214 -0.0166  0.0166 -0.5921  0.0713 -0.6087  0.0879
    5  25.5678 THz  -0.0269  0.0000 -0.0269 -0.0000  0.0269 -0.0000 -0.4078  0.4078 -0.4078  0.4078  0.4078 -0.4078


 Q=  0.173196  0.057732 -0.173196, q= -0.500000  0.000000  0.250000

                       Si X   0        Si Y   0        Si Z   0         C X   1         C Y   1         C Z   1     
                    --------------- --------------- --------------- --------------- --------------- ---------------
    0   9.6475 THz   0.6288  0.0000 -0.0000 -0.0000  0.6288 -0.0000  0.2748 -0.1704 -0.0000 -0.0000  0.2748 -0.1704
    1  12.0638 THz  -0.5520  0.0000  0.4442 -0.2278  0.5520 -0.0000  0.0968  0.1728  0.0324 -0.2486 -0.0968 -0.1728
    2  16.4855 THz  -0.3940  0.0000 -0.6699  0.3739  0.3940  0.0000  0.1142 -0.0693  0.1297  0.2201 -0.1142  0.0693
    3  23.2840 THz  -0.3233  0.0000  0.0000  0.0000 -0.3233  0.0000  0.5344 -0.3314  0.0000  0.0000  0.5344 -0.3314
    4  23.5983 THz  -0.1047  0.0000 -0.1230 -0.3273  0.1047 -0.0000 -0.4223 -0.3636  0.4242 -0.2338  0.4223  0.3636
    5  26.1429 THz   0.1703  0.0000 -0.1856 -0.0746 -0.1703  0.0000  0.3183  0.1762  0.6659 -0.4403 -0.3183 -0.1762


 Q= -0.057732  0.288660 -0.057732, q= -0.500000  0.250000 -0.500000

                       Si X   0        Si Y   0        Si Z   0         C X   1         C Y   1         C Z   1     
                    --------------- --------------- --------------- --------------- --------------- ---------------
    0   9.6475 THz   0.6288  0.0000 -0.0000 -0.0000 -0.6288 -0.0000 -0.1704  0.2748  0.0000 -0.0000  0.1704 -0.2748
    1  12.0638 THz  -0.5520  0.0000  0.4442  0.2278 -0.5520 -0.0000  0.1728  0.0968 -0.2486  0.0324  0.1728  0.0968
    2  16.4855 THz   0.3940  0.0000  0.6699  0.3739  0.3940 -0.0000  0.0693 -0.1142 -0.2201 -0.1297  0.0693 -0.1142
    3  23.2840 THz  -0.3233  0.0000  0.0000  0.0000  0.3233  0.0000 -0.3314  0.5344  0.0000  0.0000  0.3314 -0.5344
    4  23.5983 THz  -0.1047  0.0000 -0.1230  0.3273 -0.1047 -0.0000 -0.3636 -0.4223 -0.2338  0.4242 -0.3636 -0.4223
    5  26.1429 THz  -0.1703  0.0000  0.1856 -0.0746 -0.1703 -0.0000 -0.1762 -0.3183  0.4403 -0.6659 -0.1762 -0.3183


 Q=  0.000000  0.230928 -0.115464, q= -0.500000  0.250000 -0.250000

                       Si X   0        Si Y   0        Si Z   0         C X   1         C Y   1         C Z   1     
                    --------------- --------------- --------------- --------------- --------------- ---------------
    0  11.9350 THz   0.0000  0.0000  0.0000  0.0000 -0.0239  0.9532  0.2130  0.0054 -0.0054  0.2130  0.0000  0.0000
    1  13.7015 THz   0.6541  0.0000  0.0000 -0.6541  0.0000  0.0000  0.0000  0.0000  0.0000 -0.0000 -0.0000 -0.3800
    2  16.4820 THz  -0.7071  0.0000  0.0000 -0.7071  0.0000  0.0000 -0.0000 -0.0000  0.0000 -0.0000 -0.0000 -0.0000
    3  22.6569 THz   0.0000  0.0000  0.0000 -0.0000 -0.0000 -0.0000 -0.0869 -0.7017 -0.7017  0.0869  0.0000 -0.0000
    4  23.6772 THz   0.2687  0.0000  0.0000 -0.2687  0.0000  0.0000 -0.0000 -0.0000  0.0000 -0.0000  0.0000  0.9250
    5  26.0914 THz   0.0000  0.0000 -0.0000 -0.0000  0.0566 -0.2960  0.6622  0.1266 -0.1266  0.6622  0.0000  0.0000


 Q=  0.057732  0.173196 -0.173196, q= -0.500000  0.250000  0.000000

                       Si X   0        Si Y   0        Si Z   0         C X   1         C Y   1         C Z   1     
                    --------------- --------------- --------------- --------------- --------------- ---------------
    0   9.6475 THz   0.0000  0.0000  0.3391  0.5296  0.3391  0.5296  0.0000 -0.0000  0.2917  0.1395  0.2917  0.1395
    1  12.0638 THz   0.4992  0.0000 -0.4912 -0.2519  0.4912  0.2519  0.1422 -0.2064  0.0073  0.1979 -0.0073 -0.1979
    2  16.4855 THz   0.7671  0.0000  0.3441  0.1920 -0.3441 -0.1920 -0.0060 -0.2554 -0.1335  0.0048  0.1335 -0.0048
    3  23.2840 THz  -0.0000  0.0000  0.2425 -0.2139  0.2425 -0.2139 -0.0000 -0.0000 -0.1816  0.6021 -0.1816  0.6021
    4  23.5983 THz  -0.3497  0.0000 -0.0368  0.0980  0.0368 -0.0980 -0.0696 -0.4793 -0.4890  0.2674  0.4890 -0.2674
    5  26.1429 THz   0.2000  0.0000 -0.1580  0.0635  0.1580 -0.0635 -0.4537  0.6569 -0.3610 -0.0448  0.3610  0.0448


 Q=  0.115464  0.115464 -0.230928, q= -0.500000  0.250000  0.250000

                       Si X   0        Si Y   0        Si Z   0         C X   1         C Y   1         C Z   1     
                    --------------- --------------- --------------- --------------- --------------- ---------------
    0   8.4076 THz   0.6148  0.0000 -0.6148 -0.0000  0.0000 -0.0000  0.0000 -0.3493  0.0000  0.3493  0.0000 -0.0000
    1  11.8988 THz  -0.2100  0.0000 -0.2100 -0.0000  0.0000 -0.8725  0.0000 -0.1086  0.0000 -0.1086 -0.3562 -0.0000
    2  14.8474 THz   0.6146  0.0000  0.6146 -0.0000  0.0000 -0.3100  0.0000 -0.2404  0.0000 -0.2404  0.1814 -0.0000
    3  23.0890 THz  -0.3493  0.0000  0.3493 -0.0000 -0.0000 -0.0000 -0.0000 -0.6148  0.0000  0.6148 -0.0000  0.0000
    4  23.9070 THz  -0.2668  0.0000 -0.2668  0.0000 -0.0000 -0.1377  0.0000 -0.2825 -0.0000 -0.2825  0.8241 -0.0000
    5  26.6509 THz   0.0837  0.0000  0.0837 -0.0000 -0.0000 -0.3516  0.0000  0.5921  0.0000  0.5921  0.4014 -0.0000


 Q=  0.057732  0.057732  0.173196, q= -0.250000 -0.500000 -0.500000

                       Si X   0        Si Y   0        Si Z   0         C X   1         C Y   1         C Z   1     
                    --------------- --------------- --------------- --------------- --------------- ---------------
    0   9.6475 THz   0.6288  0.0000 -0.6288  0.0000 -0.0000  0.0000  0.1704  0.2748 -0.1704 -0.2748 -0.0000 -0.0000
    1  12.0638 THz  -0.5520  0.0000 -0.5520  0.0000  0.4442 -0.2278 -0.1728  0.0968 -0.1728  0.0968  0.2486  0.0324
    2  16.4855 THz   0.3940  0.0000  0.3940  0.0000  0.6699 -0.3739 -0.0693 -0.1142 -0.0693 -0.1142  0.2201 -0.1297
    3  23.2840 THz  -0.3233  0.0000  0.3233 -0.0000  0.0000  0.0000  0.3314  0.5344 -0.3314 -0.5344 -0.0000 -0.0000
    4  23.5983 THz   0.1047  0.0000  0.1047 -0.0000  0.1230  0.3273 -0.3636  0.4223 -0.3636  0.4223 -0.2338 -0.4242
    5  26.1429 THz  -0.1703  0.0000 -0.1703  0.0000  0.1856  0.0746  0.1762 -0.3183  0.1762 -0.3183 -0.4403 -0.6659


 Q=  0.115464  0.000000  0.115464, q= -0.250000 -0.500000 -0.250000

                       Si X   0        Si Y   0        Si Z   0         C X   1         C Y   1         C Z   1     
                    --------------- --------------- --------------- --------------- --------------- ---------------
    0   8.4076 THz   0.6148  0.0000 -0.0000  0.0000 -0.6148 -0.0000  0.3493  0.0000 -0.0000  0.0000 -0.3493 -0.0000
    1  11.8988 THz   0.2100  0.0000  0.0000 -0.8725  0.2100  0.0000 -0.1086 -0.0000  0.0000 -0.3562 -0.1086 -0.0000
    2  14.8474 THz   0.6146  0.0000 -0.0000  0.3100  0.6146 -0.0000  0.2404  0.0000 -0.0000 -0.1814  0.2404  0.0000
    3  23.0890 THz   0.3493  0.0000  0.0000  0.0000 -0.3493 -0.0000 -0.6148 -0.0000  0.0000 -0.0000  0.6148  0.0000
    4  23.9070 THz   0.2668  0.0000 -0.0000 -0.1377  0.2668  0.0000 -0.2825  0.0000 -0.0000  0.8241 -0.2825 -0.0000
    5  26.6509 THz   0.0837  0.0000 -0.0000  0.3516  0.0837 -0.0000 -0.5921 -0.0000  0.0000 -0.4014 -0.5921  0.0000


 Q=  0.173196 -0.057732  0.057732, q= -0.250000 -0.500000  0.000000

                       Si X   0        Si Y   0        Si Z   0         C X   1         C Y   1         C Z   1     
                    --------------- --------------- --------------- --------------- --------------- ---------------
    0   9.6475 THz   0.0000  0.0000 -0.6207 -0.1008 -0.6207 -0.1008 -0.0000 -0.0000 -0.2123  0.2439 -0.2123  0.2439
    1  12.0638 THz   0.4992  0.0000  0.4912 -0.2519 -0.4912  0.2519  0.2064 -0.1422  0.1979  0.0073 -0.1979 -0.0073
    2  16.4855 THz  -0.7671  0.0000  0.3441 -0.1920 -0.3441  0.1920 -0.2554 -0.0060 -0.0048  0.1335  0.0048 -0.1335
    3  23.2840 THz  -0.0000  0.0000  0.3092  0.0946  0.3092  0.0946  0.0000  0.0000 -0.4732  0.4142 -0.4732  0.4142
    4  23.5983 THz   0.3497  0.0000 -0.0368 -0.0980  0.0368  0.0980 -0.4793 -0.0696 -0.2674  0.4890  0.2674 -0.4890
    5  26.1429 THz   0.2000  0.0000  0.1580  0.0635 -0.1580 -0.0635 -0.6569  0.4537 -0.0448 -0.3610  0.0448  0.3610


 Q=  0.230928 -0.115464  0.000000, q= -0.250000 -0.500000  0.250000

                       Si X   0        Si Y   0        Si Z   0         C X   1         C Y   1         C Z   1     
                    --------------- --------------- --------------- --------------- --------------- ---------------
    0  11.9350 THz  -0.0000  0.0000  0.9534 -0.0128 -0.0000 -0.0000  0.2131 -0.0029 -0.0000 -0.0000 -0.0029 -0.2131
    1  13.7015 THz   0.6541  0.0000  0.0000  0.0000 -0.0000  0.6541  0.0000  0.0000  0.3800  0.0000 -0.0000 -0.0000
    2  16.4820 THz   0.7071  0.0000 -0.0000 -0.0000  0.0000 -0.7071  0.0000  0.0000 -0.0000 -0.0000  0.0000 -0.0000
    3  22.6569 THz   0.0000  0.0000  0.0000 -0.0000  0.0000  0.0000 -0.0142  0.7070 -0.0000 -0.0000 -0.7070 -0.0142
    4  23.6772 THz  -0.2687  0.0000  0.0000 -0.0000  0.0000 -0.2687  0.0000  0.0000  0.9250  0.0000 -0.0000 -0.0000
    5  26.0914 THz  -0.0000  0.0000  0.2737 -0.1262 -0.0000 -0.0000 -0.6122  0.2824  0.0000 -0.0000  0.2824  0.6122


 Q=  0.000000  0.115464  0.115464, q= -0.250000 -0.250000 -0.500000

                       Si X   0        Si Y   0        Si Z   0         C X   1         C Y   1         C Z   1     
                    --------------- --------------- --------------- --------------- --------------- ---------------
    0   8.4076 THz  -0.0000  0.0000  0.5170  0.3328 -0.5170 -0.3328 -0.0000  0.0000  0.2937  0.1891 -0.2937 -0.1891
    1  11.8988 THz  -0.8725  0.0000 -0.0000 -0.2100  0.0000 -0.2100 -0.3562 -0.0000 -0.0000  0.1086  0.0000  0.1086
    2  14.8474 THz   0.3100  0.0000 -0.0000 -0.6146  0.0000 -0.6146 -0.1814 -0.0000  0.0000 -0.2404 -0.0000 -0.2404
    3  23.0890 THz  -0.0000  0.0000 -0.1832  0.2973  0.1832 -0.2973  0.0000  0.0000  0.3225 -0.5234 -0.3225  0.5234
    4  23.9070 THz   0.1377  0.0000  0.0000  0.2668  0.0000  0.2668 -0.8241  0.0000 -0.0000 -0.2825 -0.0000 -0.2825
    5  26.6509 THz   0.3516  0.0000 -0.0000 -0.0837 -0.0000 -0.0837 -0.4014 -0.0000  0.0000  0.5921  0.0000  0.5921


 Q=  0.057732  0.057732  0.057732, q= -0.250000 -0.250000 -0.250000

                       Si X   0        Si Y   0        Si Z   0         C X   1         C Y   1         C Z   1     
                    --------------- --------------- --------------- --------------- --------------- ---------------
    0   5.6147 THz   0.5893  0.0000 -0.6090 -0.0292  0.0197  0.0292  0.3540  0.0981 -0.3609 -0.1189  0.0070  0.0208
    1   5.6147 THz   0.3645  0.0000  0.3259  0.0472 -0.6904 -0.0472  0.2189  0.0607  0.1879  0.0826 -0.4068 -0.1433
    2  12.1611 THz  -0.5055  0.0000 -0.5055 -0.0000 -0.5055 -0.0000 -0.2593  0.1028 -0.2593  0.1028 -0.2593  0.1028
    3  23.6227 THz   0.3962  0.0000 -0.0541 -0.0382 -0.3421  0.0382 -0.6125 -0.1698  0.0673  0.0823  0.5452  0.0875
    4  23.6227 THz   0.1720  0.0000 -0.4176  0.0881  0.2456 -0.0881 -0.2659 -0.0737  0.6834  0.0428 -0.4175  0.0309
    5  27.8522 THz   0.2789  0.0000  0.2789 -0.0000  0.2789 -0.0000 -0.4699  0.1862 -0.4699  0.1862 -0.4699  0.1862


 Q=  0.115464  0.000000  0.000000, q= -0.250000 -0.250000  0.000000

                       Si X   0        Si Y   0        Si Z   0         C X   1         C Y   1         C Z   1     
                    --------------- --------------- --------------- --------------- --------------- ---------------
    0   8.1298 THz   0.0000  0.0000  0.7636 -0.2186 -0.2271  0.2925 -0.0000 -0.0000  0.4443 -0.0427 -0.1680 -0.0679
    1   8.1298 THz   0.0000  0.0000 -0.2597 -0.2640 -0.7838 -0.1281  0.0000 -0.0000 -0.1589  0.0870 -0.4463  0.0094
    2  12.0944 THz   0.8653  0.0000  0.0000 -0.0000 -0.0000 -0.0000  0.5012  0.0000  0.0000 -0.0000  0.0000  0.0000
    3  23.6491 THz   0.0000  0.0000  0.1283  0.0243 -0.1881  0.4238  0.0000  0.0000 -0.5842 -0.2077  0.2755 -0.5546
    4  23.6491 THz   0.0000  0.0000 -0.4385 -0.1507 -0.0695  0.1105 -0.0000  0.0000  0.5938  0.1757  0.2455 -0.5693
    5  27.9873 THz  -0.5012  0.0000  0.0000 -0.0000 -0.0000 -0.0000  0.8653  0.0000  0.0000 -0.0000  0.0000  0.0000


 Q=  0.173196 -0.057732 -0.057732, q= -0.250000 -0.250000  0.250000

                       Si X   0        Si Y   0        Si Z   0         C X   1         C Y   1         C Z   1     
                    --------------- --------------- --------------- --------------- --------------- ---------------
    0   9.6475 THz   0.0000  0.0000 -0.6050 -0.1716  0.6050  0.1716  0.0000  0.0000 -0.0890 -0.3109  0.0890  0.3109
    1  12.0638 THz   0.4992  0.0000  0.4912  0.2519  0.4912  0.2519  0.2064  0.1422  0.1979 -0.0073  0.1979 -0.0073
    2  16.4855 THz   0.7671  0.0000 -0.3441 -0.1920 -0.3441 -0.1920  0.2554 -0.0060  0.0048  0.1335  0.0048  0.1335
    3  23.2840 THz  -0.0000  0.0000 -0.3225 -0.0235  0.3225  0.0235  0.0000 -0.0000  0.2918  0.5571 -0.2918 -0.5571
    4  23.5983 THz  -0.3497  0.0000  0.0368 -0.0980  0.0368 -0.0980  0.4793 -0.0696  0.2674  0.4890  0.2674  0.4890
    5  26.1429 THz  -0.2000  0.0000 -0.1580  0.0635 -0.1580  0.0635  0.6569  0.4537  0.0448 -0.3610  0.0448 -0.3610


 Q= -0.057732  0.173196  0.057732, q= -0.250000  0.000000 -0.500000

                       Si X   0        Si Y   0        Si Z   0         C X   1         C Y   1         C Z   1     
                    --------------- --------------- --------------- --------------- --------------- ---------------
    0   9.6475 THz   0.6288  0.0000 -0.0000 -0.0000  0.6288  0.0000  0.1704 -0.2748 -0.0000 -0.0000  0.1704 -0.2748
    1  12.0638 THz   0.5520  0.0000  0.4442  0.2278 -0.5520 -0.0000  0.1728  0.0968  0.2486 -0.0324 -0.1728 -0.0968
    2  16.4855 THz  -0.3940  0.0000  0.6699  0.3739  0.3940 -0.0000  0.0693 -0.1142  0.2201  0.1297 -0.0693  0.1142
    3  23.2840 THz   0.3233  0.0000  0.0000 -0.0000  0.3233  0.0000 -0.3314  0.5344 -0.0000  0.0000 -0.3314  0.5344
    4  23.5983 THz  -0.1047  0.0000  0.1230 -0.3273  0.1047  0.0000  0.3636  0.4223 -0.2338  0.4242 -0.3636 -0.4223
    5  26.1429 THz  -0.1703  0.0000 -0.1856  0.0746  0.1703  0.0000  0.1762  0.3183  0.4403 -0.6659 -0.1762 -0.3183


 Q=  0.000000  0.115464  0.000000, q= -0.250000  0.000000 -0.250000

                       Si X   0        Si Y   0        Si Z   0         C X   1         C Y   1         C Z   1     
                    --------------- --------------- --------------- --------------- --------------- ---------------
    0   8.1298 THz  -0.7997  0.0000 -0.0000 -0.0000 -0.0764 -0.3501 -0.4773  0.0208 -0.0000 -0.0000 -0.0365  0.0502
    1   8.1298 THz   0.3583  0.0000 -0.0000  0.0000 -0.1705 -0.7813 -0.0413  0.0464 -0.0000 -0.0000 -0.0815 -0.4707
    2  12.0944 THz   0.0000  0.0000  0.1072 -0.8587 -0.0000 -0.0000  0.0000  0.0000  0.0621 -0.4974 -0.0000  0.0000
    3  23.6491 THz   0.4817  0.0000 -0.0000 -0.0000  0.0000 -0.0000 -0.7616  0.0000  0.0000  0.0000 -0.0000  0.4334
    4  23.6491 THz   0.0000  0.0000 -0.0000 -0.0000 -0.0940  0.4725 -0.4251 -0.0846  0.0000  0.0000  0.1486 -0.7470
    5  27.9873 THz   0.0000  0.0000  0.0231  0.5007 -0.0000  0.0000 -0.0000 -0.0000 -0.0399 -0.8644  0.0000 -0.0000


 Q=  0.057732  0.057732 -0.057732, q= -0.250000  0.000000  0.000000

                       Si X   0        Si Y   0        Si Z   0         C X   1         C Y   1         C Z   1     
                    --------------- --------------- --------------- --------------- --------------- ---------------
    0   5.6147 THz   0.6929  0.0000 -0.3465 -0.0000  0.3465  0.0000  0.4162 -0.1154 -0.2081  0.0577  0.2081 -0.0577
    1   5.6147 THz   0.0000  0.0000  0.2780  0.5318  0.2780  0.5318 -0.0000  0.0000  0.2555  0.2731  0.2555  0.2731
    2  12.1611 THz   0.5055  0.0000  0.5055  0.0000 -0.5055 -0.0000  0.2593  0.1028  0.2593  0.1028 -0.2593 -0.1028
    3  23.6227 THz   0.4319  0.0000 -0.2160 -0.0000  0.2160  0.0000 -0.6677  0.1851  0.3339 -0.0926 -0.3339  0.0926
    4  23.6227 THz   0.0000  0.0000  0.3739  0.0104  0.3739  0.0104 -0.0000  0.0000 -0.5825  0.1441 -0.5825  0.1441
    5  27.8522 THz   0.2789  0.0000  0.2789 -0.0000 -0.2789 -0.0000 -0.4699 -0.1862 -0.4699 -0.1862  0.4699  0.1862


 Q=  0.115464  0.000000 -0.115464, q= -0.250000  0.000000  0.250000

                       Si X   0        Si Y   0        Si Z   0         C X   1         C Y   1         C Z   1     
                    --------------- --------------- --------------- --------------- --------------- ---------------
    0   8.4076 THz   0.6148  0.0000  0.0000  0.0000  0.6148  0.0000  0.3493  0.0000  0.0000  0.0000  0.3493 -0.0000
    1  11.8988 THz   0.2100  0.0000 -0.0000  0.8725 -0.2100 -0.0000 -0.1086 -0.0000 -0.0000  0.3562  0.1086 -0.0000
    2  14.8474 THz  -0.6146  0.0000  0.0000  0.3100  0.6146 -0.0000 -0.2404  0.0000  0.0000 -0.1814  0.2404 -0.0000
    3  23.0890 THz   0.3493  0.0000  0.0000 -0.0000  0.3493 -0.0000 -0.6148  0.0000  0.0000 -0.0000 -0.6148  0.0000
    4  23.9070 THz   0.2668  0.0000  0.0000  0.1377 -0.2668  0.0000 -0.2825 -0.0000 -0.0000 -0.8241  0.2825 -0.0000
    5  26.6509 THz  -0.0837  0.0000 -0.0000  0.3516  0.0837  0.0000  0.5921  0.0000  0.0000 -0.4014 -0.5921 -0.0000


 Q= -0.115464  0.230928  0.000000, q= -0.250000  0.250000 -0.500000

                       Si X   0        Si Y   0        Si Z   0         C X   1         C Y   1         C Z   1     
                    --------------- --------------- --------------- --------------- --------------- ---------------
    0  11.9350 THz   0.9535  0.0000  0.0000  0.0000 -0.0000  0.0000  0.0000  0.0000  0.2131 -0.0000 -0.0000 -0.2131
    1  13.7015 THz   0.0000  0.0000 -0.6146 -0.2237  0.2237 -0.6146 -0.3571 -0.1300 -0.0000  0.0000 -0.0000 -0.0000
    2  16.4820 THz   0.0000  0.0000  0.3772  0.5981  0.5981 -0.3772  0.0000  0.0000  0.0000 -0.0000  0.0000  0.0000
    3  22.6569 THz   0.0000  0.0000  0.0000  0.0000  0.0000  0.0000 -0.0000 -0.0000 -0.7040 -0.0664  0.0664 -0.7040
    4  23.6772 THz   0.0000  0.0000  0.2312  0.1370 -0.1370  0.2312 -0.7957 -0.4716  0.0000 -0.0000  0.0000  0.0000
    5  26.0914 THz  -0.3014  0.0000  0.0000  0.0000 -0.0000  0.0000  0.0000  0.0000  0.6742 -0.0000 -0.0000 -0.6742


 Q= -0.057732  0.173196 -0.057732, q= -0.250000  0.250000 -0.250000

                       Si X   0        Si Y   0        Si Z   0         C X   1         C Y   1         C Z   1     
                    --------------- --------------- --------------- --------------- --------------- ---------------
    0   9.6475 THz   0.6288  0.0000  0.0000 -0.0000 -0.6288  0.0000  0.1704  0.2748  0.0000  0.0000 -0.1704 -0.2748
    1  12.0638 THz   0.5520  0.0000  0.4442 -0.2278  0.5520 -0.0000  0.1728 -0.0968  0.2486  0.0324  0.1728 -0.0968
    2  16.4855 THz   0.3940  0.0000 -0.6699  0.3739  0.3940  0.0000 -0.0693 -0.1142 -0.2201  0.1297 -0.0693 -0.1142
    3  23.2840 THz   0.3233  0.0000 -0.0000  0.0000 -0.3233 -0.0000 -0.3314 -0.5344  0.0000 -0.0000  0.3314  0.5344
    4  23.5983 THz   0.1047  0.0000 -0.1230 -0.3273  0.1047  0.0000 -0.3636  0.4223  0.2338  0.4242 -0.3636  0.4223
    5  26.1429 THz  -0.1703  0.0000 -0.1856 -0.0746 -0.1703  0.0000  0.1762 -0.3183  0.4403  0.6659  0.1762 -0.3183


 Q=  0.000000  0.115464 -0.115464, q= -0.250000  0.250000  0.000000

                       Si X   0        Si Y   0        Si Z   0         C X   1         C Y   1         C Z   1     
                    --------------- --------------- --------------- --------------- --------------- ---------------
    0   8.4076 THz   0.0000  0.0000 -0.5817  0.1990 -0.5817  0.1990  0.0000 -0.0000 -0.3305  0.1131 -0.3305  0.1131
    1  11.8988 THz  -0.8725  0.0000  0.0000  0.2100 -0.0000 -0.2100 -0.3562  0.0000 -0.0000 -0.1086 -0.0000  0.1086
    2  14.8474 THz   0.3100  0.0000  0.0000  0.6146 -0.0000 -0.6146 -0.1814  0.0000  0.0000  0.2404 -0.0000 -0.2404
    3  23.0890 THz   0.0000  0.0000  0.2839  0.2034  0.2839  0.2034 -0.0000  0.0000 -0.4998 -0.3581 -0.4998 -0.3581
    4  23.9070 THz   0.1377  0.0000 -0.0000 -0.2668 -0.0000  0.2668 -0.8241 -0.0000  0.0000  0.2825  0.0000 -0.2825
    5  26.6509 THz  -0.3516  0.0000  0.0000 -0.0837 -0.0000  0.0837  0.4014 -0.0000 -0.0000  0.5921 -0.0000 -0.5921


 Q=  0.057732  0.057732 -0.173196, q= -0.250000  0.250000  0.250000

                       Si X   0        Si Y   0        Si Z   0         C X   1         C Y   1         C Z   1     
                    --------------- --------------- --------------- --------------- --------------- ---------------
    0   9.6475 THz   0.6288  0.0000 -0.6288  0.0000  0.0000  0.0000  0.1704 -0.2748 -0.1704  0.2748  0.0000 -0.0000
    1  12.0638 THz  -0.5520  0.0000 -0.5520  0.0000 -0.4442 -0.2278 -0.1728 -0.0968 -0.1728 -0.0968 -0.2486  0.0324
    2  16.4855 THz  -0.3940  0.0000 -0.3940  0.0000  0.6699  0.3739  0.0693 -0.1142  0.0693 -0.1142  0.2201  0.1297
    3  23.2840 THz  -0.3233  0.0000  0.3233  0.0000 -0.0000 -0.0000  0.3314 -0.5344 -0.3314  0.5344 -0.0000  0.0000
    4  23.5983 THz  -0.1047  0.0000 -0.1047 -0.0000  0.1230 -0.3273  0.3636  0.4223  0.3636  0.4223 -0.2338  0.4242
    5  26.1429 THz  -0.1703  0.0000 -0.1703 -0.0000 -0.1856  0.0746  0.1762  0.3183  0.1762  0.3183  0.4403 -0.6659


 Q=  0.000000  0.000000  0.230928, q=  0.000000 -0.500000 -0.500000

                       Si X   0        Si Y   0        Si Z   0         C X   1         C Y   1         C Z   1     
                    --------------- --------------- --------------- --------------- --------------- ---------------
    0  10.7694 THz   0.9083  0.0000  0.0000 -0.0000  0.0000 -0.0000  0.0000 -0.0000 -0.0000 -0.4183 -0.0000  0.0000
    1  10.7694 THz   0.0000  0.0000 -0.9010  0.1149  0.0000 -0.0000  0.0529  0.4150 -0.0000 -0.0000  0.0000 -0.0000
    2  19.1603 THz   0.0000  0.0000  0.0000  0.0000  0.9413  0.3375  0.0000 -0.0000 -0.0000  0.0000  0.0000 -0.0000
    3  23.3684 THz  -0.4183  0.0000  0.0000 -0.0000  0.0000 -0.0000  0.0000 -0.0000 -0.0000 -0.9083 -0.0000  0.0000
    4  23.3684 THz   0.0000  0.0000 -0.3585 -0.2156 -0.0000 -0.0000  0.4681 -0.7784  0.0000  0.0000  0.0000  0.0000
    5  25.1965 THz   0.0000  0.0000 -0.0000 -0.0000 -0.0000  0.0000  0.0000 -0.0000 -0.0000 -0.0000 -0.0000 -1.0000


 Q=  0.057732 -0.057732  0.173196, q=  0.000000 -0.500000 -0.250000

                       Si X   0        Si Y   0        Si Z   0         C X   1         C Y   1         C Z   1     
                    --------------- --------------- --------------- --------------- --------------- ---------------
    0   9.6475 THz   0.6288  0.0000  0.6288 -0.0000  0.0000  0.0000  0.1704 -0.2748  0.1704 -0.2748  0.0000 -0.0000
    1  12.0638 THz  -0.5520  0.0000  0.5520  0.0000  0.4442  0.2278 -0.1728 -0.0968  0.1728  0.0968  0.2486 -0.0324
    2  16.4855 THz   0.3940  0.0000 -0.3940 -0.0000  0.6699  0.3739 -0.0693  0.1142  0.0693 -0.1142  0.2201  0.1297
    3  23.2840 THz   0.3233  0.0000  0.3233  0.0000 -0.0000 -0.0000 -0.3314  0.5344 -0.3314  0.5344  0.0000  0.0000
    4  23.5983 THz   0.1047  0.0000 -0.1047 -0.0000  0.1230 -0.3273 -0.3636 -0.4223  0.3636  0.4223 -0.2338  0.4242
    5  26.1429 THz   0.1703  0.0000 -0.1703 -0.0000 -0.1856  0.0746 -0.1762 -0.3183  0.1762  0.3183  0.4403 -0.6659


 Q=  0.115464 -0.115464  0.115464, q=  0.000000 -0.500000  0.000000

                       Si X   0        Si Y   0        Si Z   0         C X   1         C Y   1         C Z   1     
                    --------------- --------------- --------------- --------------- --------------- ---------------
    0   7.5295 THz   0.5973  0.0000  0.6134 -0.0241  0.0161 -0.0241  0.2540 -0.2540  0.2505 -0.2711 -0.0034 -0.0171
    1   7.5295 THz   0.3645  0.0000 -0.3335  0.0395 -0.6980  0.0395  0.1550 -0.1550 -0.1250  0.1586 -0.2800  0.3136
    2  18.4329 THz  -0.5767  0.0000  0.5767  0.0000 -0.5767 -0.0000  0.0190 -0.0190 -0.0190  0.0190  0.0190 -0.0190
    3  23.3130 THz   0.3720  0.0000  0.2157  0.1676 -0.1563  0.1676 -0.4375  0.4375 -0.4507  0.0566 -0.0132 -0.3809
    4  23.3130 THz  -0.1965  0.0000 -0.0421  0.3172  0.1545  0.3172  0.2311 -0.2311 -0.3236 -0.4225 -0.5547 -0.1914
    5  25.5678 THz  -0.0269  0.0000  0.0269  0.0000 -0.0269  0.0000 -0.4078  0.4078  0.4078 -0.4078 -0.4078  0.4078


 Q=  0.173196 -0.173196  0.057732, q=  0.000000 -0.500000  0.250000

                       Si X   0        Si Y   0        Si Z   0         C X   1         C Y   1         C Z   1     
                    --------------- --------------- --------------- --------------- --------------- ---------------
    0   9.6475 THz   0.6288  0.0000  0.6288 -0.0000  0.0000 -0.0000  0.2748 -0.1704  0.2748 -0.1704 -0.0000 -0.0000
    1  12.0638 THz  -0.5520  0.0000  0.5520 -0.0000  0.4442 -0.2278  0.0968  0.1728 -0.0968 -0.1728  0.0324 -0.2486
    2  16.4855 THz   0.3940  0.0000 -0.3940 -0.0000  0.6699 -0.3739 -0.1142  0.0693  0.1142 -0.0693 -0.1297 -0.2201
    3  23.2840 THz   0.3233  0.0000  0.3233  0.0000 -0.0000 -0.0000 -0.5344  0.3314 -0.5344  0.3314  0.0000 -0.0000
    4  23.5983 THz   0.1047  0.0000 -0.1047 -0.0000  0.1230  0.3273  0.4223  0.3636 -0.4223 -0.3636 -0.4242  0.2338
    5  26.1429 THz  -0.1703  0.0000  0.1703 -0.0000  0.1856  0.0746 -0.3183 -0.1762  0.3183  0.1762 -0.6659  0.4403


 Q= -0.057732  0.057732  0.173196, q=  0.000000 -0.250000 -0.500000

                       Si X   0        Si Y   0        Si Z   0         C X   1         C Y   1         C Z   1     
                    --------------- --------------- --------------- --------------- --------------- ---------------
    0   9.6475 THz   0.6288  0.0000  0.6288  0.0000 -0.0000 -0.0000  0.1704 -0.2748  0.1704 -0.2748 -0.0000 -0.0000
    1  12.0638 THz  -0.5520  0.0000  0.5520  0.0000 -0.4442 -0.2278 -0.1728 -0.0968  0.1728  0.0968 -0.2486  0.0324
    2  16.4855 THz  -0.3940  0.0000  0.3940  0.0000  0.6699  0.3739  0.0693 -0.1142 -0.0693  0.1142  0.2201  0.1297
    3  23.2840 THz   0.3233  0.0000  0.3233  0.0000  0.0000  0.0000 -0.3314  0.5344 -0.3314  0.5344 -0.0000 -0.0000
    4  23.5983 THz  -0.1047  0.0000  0.1047  0.0000  0.1230 -0.3273  0.3636  0.4223 -0.3636 -0.4223 -0.2338  0.4242
    5  26.1429 THz   0.1703  0.0000 -0.1703 -0.0000  0.1856 -0.0746 -0.1762 -0.3183  0.1762  0.3183 -0.4403  0.6659


 Q=  0.000000  0.000000  0.115464, q=  0.000000 -0.250000 -0.250000

                       Si X   0        Si Y   0        Si Z   0         C X   1         C Y   1         C Z   1     
                    --------------- --------------- --------------- --------------- --------------- ---------------
    0   8.1298 THz   0.8763  0.0000  0.0000  0.0000 -0.0000  0.0000  0.4187 -0.0000  0.0000 -0.2383 -0.0000 -0.0000
    1   8.1298 THz   0.0000  0.0000  0.7978  0.3625 -0.0000  0.0000  0.0986 -0.2169  0.3812  0.1732 -0.0000  0.0000
    2  12.0944 THz   0.0000  0.0000 -0.0000 -0.0000 -0.7108  0.4935 -0.0000  0.0000 -0.0000 -0.0000 -0.4117  0.2858
    3  23.6491 THz   0.0000  0.0000  0.4746 -0.0827 -0.0000  0.0000  0.0744  0.4270 -0.7503  0.1307  0.0000 -0.0000
    4  23.6491 THz  -0.4817  0.0000  0.0000  0.0000 -0.0000  0.0000  0.7616 -0.0000  0.0000 -0.4334 -0.0000 -0.0000
    5  27.9873 THz   0.0000  0.0000 -0.0000  0.0000 -0.1829  0.4667 -0.0000 -0.0000  0.0000 -0.0000  0.3157 -0.8057


 Q=  0.057732 -0.057732  0.057732, q=  0.000000 -0.250000  0.000000

                       Si X   0        Si Y   0        Si Z   0         C X   1         C Y   1         C Z   1     
                    --------------- --------------- --------------- --------------- --------------- ---------------
    0   5.6147 THz   0.6384  0.0000  0.0872 -0.0243 -0.5512 -0.0243  0.3835 -0.1063  0.0483 -0.0291 -0.3351  0.0772
    1   5.6147 THz  -0.2693  0.0000 -0.6846 -0.0575 -0.4152 -0.0575 -0.1618  0.0449 -0.4208  0.0794 -0.2590  0.0346
    2  12.1611 THz  -0.5055  0.0000  0.5055  0.0000 -0.5055 -0.0000 -0.2593 -0.1028  0.2593  0.1028 -0.2593 -0.1028
    3  23.6227 THz   0.4167  0.0000  0.3053 -0.0162 -0.1115 -0.0162 -0.6443  0.1786 -0.4650  0.1559  0.1793 -0.0227
    4  23.6227 THz  -0.1134  0.0000  0.2992 -0.0596  0.4127 -0.0596  0.1754 -0.0486 -0.4371  0.2204 -0.6125  0.2690
    5  27.8522 THz   0.2789  0.0000 -0.2789 -0.0000  0.2789 -0.0000 -0.4699 -0.1862  0.4699  0.1862 -0.4699 -0.1862


 Q=  0.115464 -0.115464  0.000000, q=  0.000000 -0.250000  0.250000

                       Si X   0        Si Y   0        Si Z   0         C X   1         C Y   1         C Z   1     
                    --------------- --------------- --------------- --------------- --------------- ---------------
    0   8.4076 THz   0.6148  0.0000  0.6148  0.0000  0.0000  0.0000  0.3493  0.0000  0.3493  0.0000  0.0000  0.0000
    1  11.8988 THz   0.2100  0.0000 -0.2100 -0.0000 -0.0000  0.8725 -0.1086 -0.0000  0.1086  0.0000 -0.0000  0.3562
    2  14.8474 THz  -0.6146  0.0000  0.6146 -0.0000 -0.0000  0.3100 -0.2404 -0.0000  0.2404  0.0000 -0.0000 -0.1814
    3  23.0890 THz  -0.3493  0.0000 -0.3493  0.0000  0.0000  0.0000  0.6148 -0.0000  0.6148 -0.0000 -0.0000 -0.0000
    4  23.9070 THz   0.2668  0.0000 -0.2668  0.0000  0.0000  0.1377 -0.2825 -0.0000  0.2825 -0.0000 -0.0000 -0.8241
    5  26.6509 THz   0.0837  0.0000 -0.0837  0.0000 -0.0000 -0.3516 -0.5921  0.0000  0.5921  0.0000  0.0000  0.4014


 Q= -0.115464  0.115464  0.115464, q=  0.000000  0.000000 -0.500000

                       Si X   0        Si Y   0        Si Z   0         C X   1         C Y   1         C Z   1     
                    --------------- --------------- --------------- --------------- --------------- ---------------
    0   7.5295 THz   0.6669  0.0000  0.5164 -0.0129  0.1505  0.0129  0.2836 -0.2836  0.2141 -0.2250  0.0695 -0.0585
    1   7.5295 THz   0.2118  0.0000 -0.4703  0.0406  0.6820 -0.0406  0.0900 -0.0900 -0.1827  0.2172  0.2727 -0.3073
    2  18.4329 THz   0.5767  0.0000 -0.5767 -0.0000 -0.5767 -0.0000 -0.0190  0.0190  0.0190 -0.0190  0.0190 -0.0190
    3  23.3130 THz   0.4193  0.0000  0.2398  0.0017  0.1795 -0.0017 -0.4931  0.4931 -0.2840  0.2800 -0.2091  0.2131
    4  23.3130 THz   0.0349  0.0000 -0.3451 -0.0206  0.3800  0.0206 -0.0410  0.0410  0.4301 -0.3816 -0.4711  0.4226
    5  25.5678 THz  -0.0269  0.0000  0.0269 -0.0000  0.0269  0.0000 -0.4078  0.4078  0.4078 -0.4078  0.4078 -0.4078


 Q= -0.057732  0.057732  0.057732, q=  0.000000  0.000000 -0.250000

                       Si X   0        Si Y   0        Si Z   0         C X   1         C Y   1         C Z   1     
                    --------------- --------------- --------------- --------------- --------------- ---------------
    0   5.6147 THz   0.4224  0.0000  0.6852 -0.0396 -0.2629  0.0396  0.2537 -0.0703  0.4050 -0.1379 -0.1513  0.0676
    1   5.6147 THz   0.5493  0.0000 -0.0899  0.0304  0.6392 -0.0304  0.3299 -0.0915 -0.0489  0.0332  0.3789 -0.1247
    2  12.1611 THz   0.5055  0.0000 -0.5055 -0.0000 -0.5055 -0.0000  0.2593  0.1028 -0.2593 -0.1028 -0.2593 -0.1028
    3  23.6227 THz  -0.4229  0.0000 -0.2875  0.0024 -0.1354 -0.0024  0.6538 -0.1812  0.4435 -0.1270  0.2103 -0.0543
    4  23.6227 THz   0.0879  0.0000 -0.3221  0.0117  0.4100 -0.0117 -0.1359  0.0377  0.4929 -0.1561 -0.6288  0.1937
    5  27.8522 THz   0.2789  0.0000 -0.2789 -0.0000 -0.2789 -0.0000 -0.4699 -0.1862  0.4699  0.1862  0.4699  0.1862


 Q=  0.000000  0.000000  0.000000, q=  0.000000  0.000000  0.000000

                       Si X   0        Si Y   0        Si Z   0         C X   1         C Y   1         C Z   1     
                    --------------- --------------- --------------- --------------- --------------- ---------------
    0  -0.0000 THz   0.0000  0.0000 -0.8367  0.0000 -0.0203  0.0000 -0.0000  0.0000 -0.5471  0.0000 -0.0133  0.0000
    1  -0.0000 THz   0.0000  0.0000  0.0203  0.0000 -0.8367  0.0000 -0.0000  0.0000  0.0133  0.0000 -0.5471  0.0000
    2  -0.0000 THz   0.8369  0.0000  0.0000  0.0000 -0.0000  0.0000  0.5473  0.0000 -0.0000  0.0000 -0.0000  0.0000
    3  23.7917 THz   0.5473  0.0000  0.0000  0.0000  0.0000  0.0000 -0.8369  0.0000  0.0000  0.0000  0.0000  0.0000
    4  23.7917 THz   0.0000  0.0000 -0.1024  0.0000  0.5376  0.0000  0.0000  0.0000  0.1566  0.0000 -0.8221  0.0000
    5  23.7917 THz   0.0000  0.0000  0.5376  0.0000  0.1024  0.0000 -0.0000  0.0000 -0.8221  0.0000 -0.1566  0.0000


 Q=  0.057732 -0.057732 -0.057732, q=  0.000000  0.000000  0.250000

                       Si X   0        Si Y   0        Si Z   0         C X   1         C Y   1         C Z   1     
                    --------------- --------------- --------------- --------------- --------------- ---------------
    0   5.6147 THz   0.4224  0.0000  0.6852  0.0396 -0.2629 -0.0396  0.2537  0.0703  0.4050  0.1379 -0.1513 -0.0676
    1   5.6147 THz   0.5493  0.0000 -0.0899 -0.0304  0.6392  0.0304  0.3299  0.0915 -0.0489 -0.0332  0.3789  0.1247
    2  12.1611 THz   0.5055  0.0000 -0.5055  0.0000 -0.5055  0.0000  0.2593 -0.1028 -0.2593  0.1028 -0.2593  0.1028
    3  23.6227 THz  -0.4229  0.0000 -0.2875 -0.0024 -0.1354  0.0024  0.6538  0.1812  0.4435  0.1270  0.2103  0.0543
    4  23.6227 THz   0.0879  0.0000 -0.3221 -0.0117  0.4100  0.0117 -0.1359 -0.0377  0.4929  0.1561 -0.6288 -0.1937
    5  27.8522 THz   0.2789  0.0000 -0.2789  0.0000 -0.2789  0.0000 -0.4699  0.1862  0.4699 -0.1862  0.4699 -0.1862


 Q= -0.173196  0.173196  0.057732, q=  0.000000  0.250000 -0.500000

                       Si X   0        Si Y   0        Si Z   0         C X   1         C Y   1         C Z   1     
                    --------------- --------------- --------------- --------------- --------------- ---------------
    0   9.6475 THz   0.6288  0.0000  0.6288 -0.0000  0.0000 -0.0000  0.2748 -0.1704  0.2748 -0.1704  0.0000 -0.0000
    1  12.0638 THz  -0.5520  0.0000  0.5520 -0.0000 -0.4442  0.2278  0.0968  0.1728 -0.0968 -0.1728 -0.0324  0.2486
    2  16.4855 THz  -0.3940  0.0000  0.3940  0.0000  0.6699 -0.3739  0.1142 -0.0693 -0.1142  0.0693 -0.1297 -0.2201
    3  23.2840 THz   0.3233  0.0000  0.3233 -0.0000  0.0000  0.0000 -0.5344  0.3314 -0.5344  0.3314 -0.0000  0.0000
    4  23.5983 THz  -0.1047  0.0000  0.1047 -0.0000  0.1230  0.3273 -0.4223 -0.3636  0.4223  0.3636 -0.4242  0.2338
    5  26.1429 THz  -0.1703  0.0000  0.1703 -0.0000 -0.1856 -0.0746 -0.3183 -0.1762  0.3183  0.1762  0.6659 -0.4403


 Q= -0.115464  0.115464  0.000000, q=  0.000000  0.250000 -0.250000

                       Si X   0        Si Y   0        Si Z   0         C X   1         C Y   1         C Z   1     
                    --------------- --------------- --------------- --------------- --------------- ---------------
    0   8.4076 THz   0.6148  0.0000  0.6148 -0.0000  0.0000 -0.0000  0.3493 -0.0000  0.3493 -0.0000  0.0000 -0.0000
    1  11.8988 THz   0.2100  0.0000 -0.2100  0.0000 -0.0000 -0.8725 -0.1086  0.0000  0.1086 -0.0000 -0.0000 -0.3562
    2  14.8474 THz  -0.6146  0.0000  0.6146  0.0000 -0.0000 -0.3100 -0.2404  0.0000  0.2404 -0.0000 -0.0000  0.1814
    3  23.0890 THz  -0.3493  0.0000 -0.3493 -0.0000  0.0000 -0.0000  0.6148  0.0000  0.6148  0.0000 -0.0000  0.0000
    4  23.9070 THz   0.2668  0.0000 -0.2668 -0.0000  0.0000 -0.1377 -0.2825  0.0000  0.2825  0.0000 -0.0000  0.8241
    5  26.6509 THz   0.0837  0.0000 -0.0837 -0.0000 -0.0000  0.3516 -0.5921 -0.0000  0.5921 -0.0000  0.0000 -0.4014


 Q= -0.057732  0.057732 -0.057732, q=  0.000000  0.250000  0.000000

                       Si X   0        Si Y   0        Si Z   0         C X   1         C Y   1         C Z   1     
                    --------------- --------------- --------------- --------------- --------------- ---------------
    0   5.6147 THz   0.6384  0.0000  0.0872  0.0243 -0.5512  0.0243  0.3835  0.1063  0.0483  0.0291 -0.3351 -0.0772
    1   5.6147 THz  -0.2693  0.0000 -0.6846  0.0575 -0.4152  0.0575 -0.1618 -0.0449 -0.4208 -0.0794 -0.2590 -0.0346
    2  12.1611 THz  -0.5055  0.0000  0.5055 -0.0000 -0.5055  0.0000 -0.2593  0.1028  0.2593 -0.1028 -0.2593  0.1028
    3  23.6227 THz   0.4167  0.0000  0.3053  0.0162 -0.1115  0.0162 -0.6443 -0.1786 -0.4650 -0.1559  0.1793  0.0227
    4  23.6227 THz  -0.1134  0.0000  0.2992  0.0596  0.4127  0.0596  0.1754  0.0486 -0.4371 -0.2204 -0.6125 -0.2690
    5  27.8522 THz   0.2789  0.0000 -0.2789  0.0000  0.2789  0.0000 -0.4699  0.1862  0.4699 -0.1862 -0.4699  0.1862


 Q=  0.000000  0.000000 -0.115464, q=  0.000000  0.250000  0.250000

                       Si X   0        Si Y   0        Si Z   0         C X   1         C Y   1         C Z   1     
                    --------------- --------------- --------------- --------------- --------------- ---------------
    0   8.1298 THz   0.8763  0.0000  0.0000 -0.0000 -0.0000 -0.0000  0.4187  0.0000  0.0000  0.2383 -0.0000  0.0000
    1   8.1298 THz   0.0000  0.0000  0.7978 -0.3625 -0.0000 -0.0000  0.0986  0.2169  0.3812 -0.1732 -0.0000 -0.0000
    2  12.0944 THz   0.0000  0.0000 -0.0000  0.0000 -0.7108 -0.4935 -0.0000 -0.0000 -0.0000  0.0000 -0.4117 -0.2858
    3  23.6491 THz   0.0000  0.0000  0.4746  0.0827 -0.0000 -0.0000  0.0744 -0.4270 -0.7503 -0.1307  0.0000  0.0000
    4  23.6491 THz  -0.4817  0.0000  0.0000 -0.0000 -0.0000 -0.0000  0.7616  0.0000  0.0000  0.4334 -0.0000  0.0000
    5  27.9873 THz   0.0000  0.0000 -0.0000 -0.0000 -0.1829 -0.4667 -0.0000  0.0000  0.0000  0.0000  0.3157  0.8057


 Q= -0.057732 -0.057732  0.288660, q=  0.250000 -0.500000 -0.500000

                       Si X   0        Si Y   0        Si Z   0         C X   1         C Y   1         C Z   1     
                    --------------- --------------- --------------- --------------- --------------- ---------------
    0   9.6475 THz   0.6288  0.0000 -0.6288 -0.0000 -0.0000  0.0000 -0.1704  0.2748  0.1704 -0.2748  0.0000 -0.0000
    1  12.0638 THz   0.5520  0.0000  0.5520  0.0000 -0.4442 -0.2278 -0.1728 -0.0968 -0.1728 -0.0968  0.2486 -0.0324
    2  16.4855 THz   0.3940  0.0000  0.3940 -0.0000  0.6699  0.3739  0.0693 -0.1142  0.0693 -0.1142 -0.2201 -0.1297
    3  23.2840 THz  -0.3233  0.0000  0.3233 -0.0000  0.0000 -0.0000 -0.3314  0.5344  0.3314 -0.5344  0.0000 -0.0000
    4  23.5983 THz  -0.1047  0.0000 -0.1047  0.0000 -0.1230  0.3273 -0.3636 -0.4223 -0.3636 -0.4223 -0.2338  0.4242
    5  26.1429 THz   0.1703  0.0000  0.1703 -0.0000 -0.1856  0.0746  0.1762  0.3183  0.1762  0.3183 -0.4403  0.6659


 Q=  0.000000 -0.115464  0.230928, q=  0.250000 -0.500000 -0.250000

                       Si X   0        Si Y   0        Si Z   0         C X   1         C Y   1         C Z   1     
                    --------------- --------------- --------------- --------------- --------------- ---------------
    0  11.9350 THz  -0.0000  0.0000  0.9532  0.0229 -0.0000  0.0000  0.0051 -0.2130  0.0000  0.0000  0.2130  0.0051
    1  13.7015 THz   0.6541  0.0000  0.0000  0.0000 -0.0000 -0.6541  0.0000 -0.0000 -0.0000 -0.3800  0.0000  0.0000
    2  16.4820 THz   0.7071  0.0000  0.0000  0.0000  0.0000  0.7071  0.0000 -0.0000  0.0000  0.0000  0.0000 -0.0000
    3  22.6569 THz  -0.0000  0.0000 -0.0000  0.0000 -0.0000  0.0000  0.5150 -0.4845 -0.0000 -0.0000 -0.4845 -0.5150
    4  23.6772 THz  -0.2687  0.0000  0.0000  0.0000 -0.0000  0.2687 -0.0000 -0.0000  0.0000 -0.9250  0.0000  0.0000
    5  26.0914 THz   0.0000  0.0000 -0.2859  0.0952  0.0000 -0.0000 -0.2130 -0.6397  0.0000  0.0000  0.6397 -0.2130


 Q=  0.057732 -0.173196  0.173196, q=  0.250000 -0.500000  0.000000

                       Si X   0        Si Y   0        Si Z   0         C X   1         C Y   1         C Z   1     
                    --------------- --------------- --------------- --------------- --------------- ---------------
    0   9.6475 THz  -0.0000  0.0000  0.4383  0.4510  0.4383  0.4510 -0.0000  0.0000  0.3137  0.0783  0.3137  0.0783
    1  12.0638 THz   0.4992  0.0000  0.4912  0.2519 -0.4912 -0.2519  0.1422 -0.2064 -0.0073 -0.1979  0.0073  0.1979
    2  16.4855 THz  -0.7671  0.0000  0.3441  0.1920 -0.3441 -0.1920  0.0060  0.2554 -0.1335  0.0048  0.1335 -0.0048
    3  23.2840 THz  -0.0000  0.0000  0.1902  0.2615  0.1902  0.2615 -0.0000 -0.0000 -0.5824 -0.2372 -0.5824 -0.2372
    4  23.5983 THz  -0.3497  0.0000  0.0368 -0.0980 -0.0368  0.0980 -0.0696 -0.4793  0.4890 -0.2674 -0.4890  0.2674
    5  26.1429 THz  -0.2000  0.0000 -0.1580  0.0635  0.1580 -0.0635  0.4537 -0.6569 -0.3610 -0.0448  0.3610  0.0448


 Q=  0.115464 -0.230928  0.115464, q=  0.250000 -0.500000  0.250000

                       Si X   0        Si Y   0        Si Z   0         C X   1         C Y   1         C Z   1     
                    --------------- --------------- --------------- --------------- --------------- ---------------
    0   8.4076 THz   0.6148  0.0000  0.0000 -0.0000 -0.6148 -0.0000  0.0000 -0.3493  0.0000 -0.0000  0.0000  0.3493
    1  11.8988 THz  -0.2100  0.0000  0.0000 -0.8725 -0.2100 -0.0000  0.0000 -0.1086 -0.3562 -0.0000  0.0000 -0.1086
    2  14.8474 THz   0.6146  0.0000  0.0000 -0.3100  0.6146 -0.0000 -0.0000 -0.2404  0.1814 -0.0000 -0.0000 -0.2404
    3  23.0890 THz  -0.3493  0.0000  0.0000 -0.0000  0.3493 -0.0000 -0.0000 -0.6148  0.0000  0.0000  0.0000  0.6148
    4  23.9070 THz   0.2668  0.0000  0.0000  0.1377  0.2668 -0.0000 -0.0000  0.2825 -0.8241  0.0000  0.0000  0.2825
    5  26.6509 THz   0.0837  0.0000  0.0000 -0.3516  0.0837  0.0000  0.0000  0.5921  0.4014 -0.0000 -0.0000  0.5921


 Q= -0.115464  0.000000  0.230928, q=  0.250000 -0.250000 -0.500000

                       Si X   0        Si Y   0        Si Z   0         C X   1         C Y   1         C Z   1     
                    --------------- --------------- --------------- --------------- --------------- ---------------
    0  11.9350 THz   0.9535  0.0000  0.0000 -0.0000 -0.0000 -0.0000 -0.0000  0.0000  0.0000 -0.2131  0.2131  0.0000
    1  13.7015 THz   0.0000  0.0000 -0.0423  0.6527  0.6527  0.0423  0.3792  0.0246  0.0000 -0.0000  0.0000 -0.0000
    2  16.4820 THz   0.0000  0.0000  0.3669 -0.6045  0.6045  0.3669  0.0000 -0.0000 -0.0000 -0.0000 -0.0000 -0.0000
    3  22.6569 THz   0.0000  0.0000  0.0000 -0.0000  0.0000  0.0000  0.0000 -0.0000  0.0444  0.7057  0.7057 -0.0444
    4  23.6772 THz   0.0000  0.0000 -0.0903  0.2531  0.2531  0.0903 -0.8712 -0.3109 -0.0000  0.0000  0.0000  0.0000
    5  26.0914 THz  -0.3014  0.0000  0.0000 -0.0000 -0.0000 -0.0000 -0.0000  0.0000  0.0000 -0.6742  0.6742  0.0000


 Q= -0.057732 -0.057732  0.173196, q=  0.250000 -0.250000 -0.250000

                       Si X   0        Si Y   0        Si Z   0         C X   1         C Y   1         C Z   1     
                    --------------- --------------- --------------- --------------- --------------- ---------------
    0   9.6475 THz   0.6288  0.0000 -0.6288 -0.0000  0.0000 -0.0000  0.1704  0.2748 -0.1704 -0.2748  0.0000  0.0000
    1  12.0638 THz  -0.5520  0.0000 -0.5520 -0.0000 -0.4442  0.2278 -0.1728  0.0968 -0.1728  0.0968 -0.2486 -0.0324
    2  16.4855 THz  -0.3940  0.0000 -0.3940 -0.0000  0.6699 -0.3739  0.0693  0.1142  0.0693  0.1142  0.2201 -0.1297
    3  23.2840 THz  -0.3233  0.0000  0.3233 -0.0000 -0.0000  0.0000  0.3314  0.5344 -0.3314 -0.5344 -0.0000 -0.0000
    4  23.5983 THz  -0.1047  0.0000 -0.1047  0.0000  0.1230  0.3273  0.3636 -0.4223  0.3636 -0.4223 -0.2338 -0.4242
    5  26.1429 THz  -0.1703  0.0000 -0.1703  0.0000 -0.1856 -0.0746  0.1762 -0.3183  0.1762 -0.3183  0.4403  0.6659


 Q=  0.000000 -0.115464  0.115464, q=  0.250000 -0.250000  0.000000

                       Si X   0        Si Y   0        Si Z   0         C X   1         C Y   1         C Z   1     
                    --------------- --------------- --------------- --------------- --------------- ---------------
    0   8.4076 THz   0.0000  0.0000 -0.5817 -0.1990 -0.5817 -0.1990  0.0000  0.0000 -0.3305 -0.1131 -0.3305 -0.1131
    1  11.8988 THz  -0.8725  0.0000  0.0000 -0.2100 -0.0000  0.2100 -0.3562 -0.0000 -0.0000  0.1086 -0.0000 -0.1086
    2  14.8474 THz   0.3100  0.0000  0.0000 -0.6146 -0.0000  0.6146 -0.1814 -0.0000  0.0000 -0.2404 -0.0000  0.2404
    3  23.0890 THz   0.0000  0.0000  0.2839 -0.2034  0.2839 -0.2034 -0.0000 -0.0000 -0.4998  0.3581 -0.4998  0.3581
    4  23.9070 THz   0.1377  0.0000 -0.0000  0.2668 -0.0000 -0.2668 -0.8241  0.0000  0.0000 -0.2825  0.0000  0.2825
    5  26.6509 THz  -0.3516  0.0000  0.0000  0.0837 -0.0000 -0.0837  0.4014  0.0000 -0.0000 -0.5921 -0.0000  0.5921


 Q=  0.057732 -0.173196  0.057732, q=  0.250000 -0.250000  0.250000

                       Si X   0        Si Y   0        Si Z   0         C X   1         C Y   1         C Z   1     
                    --------------- --------------- --------------- --------------- --------------- ---------------
    0   9.6475 THz   0.6288  0.0000  0.0000  0.0000 -0.6288 -0.0000  0.1704 -0.2748  0.0000 -0.0000 -0.1704  0.2748
    1  12.0638 THz   0.5520  0.0000  0.4442  0.2278  0.5520  0.0000  0.1728  0.0968  0.2486 -0.0324  0.1728  0.0968
    2  16.4855 THz   0.3940  0.0000 -0.6699 -0.3739  0.3940 -0.0000 -0.0693  0.1142 -0.2201 -0.1297 -0.0693  0.1142
    3  23.2840 THz   0.3233  0.0000 -0.0000 -0.0000 -0.3233  0.0000 -0.3314  0.5344  0.0000  0.0000  0.3314 -0.5344
    4  23.5983 THz   0.1047  0.0000 -0.1230  0.3273  0.1047 -0.0000 -0.3636 -0.4223  0.2338 -0.4242 -0.3636 -0.4223
    5  26.1429 THz  -0.1703  0.0000 -0.1856  0.0746 -0.1703 -0.0000  0.1762  0.3183  0.4403 -0.6659  0.1762  0.3183


 Q= -0.173196  0.057732  0.173196, q=  0.250000  0.000000 -0.500000

                       Si X   0        Si Y   0        Si Z   0         C X   1         C Y   1         C Z   1     
                    --------------- --------------- --------------- --------------- --------------- ---------------
    0   9.6475 THz   0.6288  0.0000  0.0000  0.0000  0.6288 -0.0000  0.2748 -0.1704  0.0000 -0.0000  0.2748 -0.1704
    1  12.0638 THz  -0.5520  0.0000 -0.4442  0.2278  0.5520 -0.0000  0.0968  0.1728 -0.0324  0.2486 -0.0968 -0.1728
    2  16.4855 THz  -0.3940  0.0000  0.6699 -0.3739  0.3940  0.0000  0.1142 -0.0693 -0.1297 -0.2201 -0.1142  0.0693
    3  23.2840 THz   0.3233  0.0000  0.0000  0.0000  0.3233 -0.0000 -0.5344  0.3314 -0.0000  0.0000 -0.5344  0.3314
    4  23.5983 THz  -0.1047  0.0000  0.1230  0.3273  0.1047 -0.0000 -0.4223 -0.3636 -0.4242  0.2338  0.4223  0.3636
    5  26.1429 THz  -0.1703  0.0000 -0.1856 -0.0746  0.1703 -0.0000 -0.3183 -0.1762  0.6659 -0.4403  0.3183  0.1762


 Q= -0.115464  0.000000  0.115464, q=  0.250000  0.000000 -0.250000

                       Si X   0        Si Y   0        Si Z   0         C X   1         C Y   1         C Z   1     
                    --------------- --------------- --------------- --------------- --------------- ---------------
    0   8.4076 THz   0.6148  0.0000  0.0000 -0.0000  0.6148 -0.0000  0.3493 -0.0000  0.0000 -0.0000  0.3493  0.0000
    1  11.8988 THz   0.2100  0.0000 -0.0000 -0.8725 -0.2100  0.0000 -0.1086  0.0000 -0.0000 -0.3562  0.1086  0.0000
    2  14.8474 THz  -0.6146  0.0000  0.0000 -0.3100  0.6146  0.0000 -0.2404 -0.0000  0.0000  0.1814  0.2404  0.0000
    3  23.0890 THz   0.3493  0.0000  0.0000  0.0000  0.3493  0.0000 -0.6148 -0.0000  0.0000  0.0000 -0.6148 -0.0000
    4  23.9070 THz   0.2668  0.0000  0.0000 -0.1377 -0.2668 -0.0000 -0.2825  0.0000 -0.0000  0.8241  0.2825  0.0000
    5  26.6509 THz  -0.0837  0.0000 -0.0000 -0.3516  0.0837 -0.0000  0.5921 -0.0000  0.0000  0.4014 -0.5921  0.0000


 Q= -0.057732 -0.057732  0.057732, q=  0.250000  0.000000  0.000000

                       Si X   0        Si Y   0        Si Z   0         C X   1         C Y   1         C Z   1     
                    --------------- --------------- --------------- --------------- --------------- ---------------
    0   5.6147 THz   0.6929  0.0000 -0.3465  0.0000  0.3465 -0.0000  0.4162  0.1154 -0.2081 -0.0577  0.2081  0.0577
    1   5.6147 THz   0.0000  0.0000  0.2780 -0.5318  0.2780 -0.5318 -0.0000  0.0000  0.2555 -0.2731  0.2555 -0.2731
    2  12.1611 THz   0.5055  0.0000  0.5055 -0.0000 -0.5055  0.0000  0.2593 -0.1028  0.2593 -0.1028 -0.2593  0.1028
    3  23.6227 THz   0.4319  0.0000 -0.2160  0.0000  0.2160 -0.0000 -0.6677 -0.1851  0.3339  0.0926 -0.3339 -0.0926
    4  23.6227 THz   0.0000  0.0000  0.3739 -0.0104  0.3739 -0.0104 -0.0000  0.0000 -0.5825 -0.1441 -0.5825 -0.1441
    5  27.8522 THz   0.2789  0.0000  0.2789  0.0000 -0.2789  0.0000 -0.4699  0.1862 -0.4699  0.1862  0.4699 -0.1862


 Q=  0.000000 -0.115464  0.000000, q=  0.250000  0.000000  0.250000

                       Si X   0        Si Y   0        Si Z   0         C X   1         C Y   1         C Z   1     
                    --------------- --------------- --------------- --------------- --------------- ---------------
    0   8.1298 THz  -0.7997  0.0000 -0.0000  0.0000 -0.0764  0.3501 -0.4773 -0.0208 -0.0000  0.0000 -0.0365 -0.0502
    1   8.1298 THz   0.3583  0.0000 -0.0000 -0.0000 -0.1705  0.7813 -0.0413 -0.0464 -0.0000  0.0000 -0.0815  0.4707
    2  12.0944 THz   0.0000  0.0000  0.1072  0.8587 -0.0000  0.0000  0.0000 -0.0000  0.0621  0.4974 -0.0000 -0.0000
    3  23.6491 THz   0.4817  0.0000 -0.0000  0.0000  0.0000  0.0000 -0.7616 -0.0000  0.0000 -0.0000 -0.0000 -0.4334
    4  23.6491 THz   0.0000  0.0000 -0.0000  0.0000 -0.0940 -0.4725 -0.4251  0.0846  0.0000 -0.0000  0.1486  0.7470
    5  27.9873 THz   0.0000  0.0000  0.0231 -0.5007 -0.0000 -0.0000 -0.0000  0.0000 -0.0399  0.8644  0.0000  0.0000


 Q= -0.230928  0.115464  0.115464, q=  0.250000  0.250000 -0.500000

                       Si X   0        Si Y   0        Si Z   0         C X   1         C Y   1         C Z   1     
                    --------------- --------------- --------------- --------------- --------------- ---------------
    0   8.4076 THz  -0.0000  0.0000  0.6013  0.1282 -0.6013 -0.1282  0.0000  0.0000  0.0728 -0.3416 -0.0728  0.3416
    1  11.8988 THz  -0.8725  0.0000 -0.0000  0.2100  0.0000  0.2100  0.0000  0.3562 -0.1086  0.0000 -0.1086 -0.0000
    2  14.8474 THz   0.3100  0.0000  0.0000  0.6146  0.0000  0.6146  0.0000  0.1814  0.2404 -0.0000  0.2404  0.0000
    3  23.0890 THz   0.0000  0.0000  0.1311 -0.3237 -0.1311  0.3237 -0.0000  0.0000  0.5699  0.2308 -0.5699 -0.2308
    4  23.9070 THz  -0.1377  0.0000 -0.0000  0.2668  0.0000  0.2668  0.0000 -0.8241 -0.2825 -0.0000 -0.2825 -0.0000
    5  26.6509 THz   0.3516  0.0000 -0.0000  0.0837  0.0000  0.0837  0.0000  0.4014 -0.5921 -0.0000 -0.5921  0.0000


 Q= -0.173196  0.057732  0.057732, q=  0.250000  0.250000 -0.250000

                       Si X   0        Si Y   0        Si Z   0         C X   1         C Y   1         C Z   1     
                    --------------- --------------- --------------- --------------- --------------- ---------------
    0   9.6475 THz   0.0000  0.0000 -0.6050  0.1716  0.6050 -0.1716  0.0000 -0.0000 -0.0890  0.3109  0.0890 -0.3109
    1  12.0638 THz   0.4992  0.0000  0.4912 -0.2519  0.4912 -0.2519  0.2064 -0.1422  0.1979  0.0073  0.1979  0.0073
    2  16.4855 THz   0.7671  0.0000 -0.3441  0.1920 -0.3441  0.1920  0.2554  0.0060  0.0048 -0.1335  0.0048 -0.1335
    3  23.2840 THz  -0.0000  0.0000 -0.3225  0.0235  0.3225 -0.0235  0.0000  0.0000  0.2918 -0.5571 -0.2918  0.5571
    4  23.5983 THz  -0.3497  0.0000  0.0368  0.0980  0.0368  0.0980  0.4793  0.0696  0.2674 -0.4890  0.2674 -0.4890
    5  26.1429 THz  -0.2000  0.0000 -0.1580 -0.0635 -0.1580 -0.0635  0.6569 -0.4537  0.0448  0.3610  0.0448  0.3610


 Q= -0.115464  0.000000  0.000000, q=  0.250000  0.250000  0.000000

                       Si X   0        Si Y   0        Si Z   0         C X   1         C Y   1         C Z   1     
                    --------------- --------------- --------------- --------------- --------------- ---------------
    0   8.1298 THz   0.0000  0.0000  0.7636  0.2186 -0.2271 -0.2925 -0.0000  0.0000  0.4443  0.0427 -0.1680  0.0679
    1   8.1298 THz   0.0000  0.0000 -0.2597  0.2640 -0.7838  0.1281  0.0000  0.0000 -0.1589 -0.0870 -0.4463 -0.0094
    2  12.0944 THz   0.8653  0.0000  0.0000  0.0000 -0.0000  0.0000  0.5012 -0.0000  0.0000  0.0000  0.0000 -0.0000
    3  23.6491 THz   0.0000  0.0000  0.1283 -0.0243 -0.1881 -0.4238  0.0000 -0.0000 -0.5842  0.2077  0.2755  0.5546
    4  23.6491 THz   0.0000  0.0000 -0.4385  0.1507 -0.0695 -0.1105 -0.0000 -0.0000  0.5938 -0.1757  0.2455  0.5693
    5  27.9873 THz  -0.5012  0.0000  0.0000  0.0000 -0.0000  0.0000  0.8653 -0.0000  0.0000  0.0000  0.0000 -0.0000


 Q= -0.057732 -0.057732 -0.057732, q=  0.250000  0.250000  0.250000

                       Si X   0        Si Y   0        Si Z   0         C X   1         C Y   1         C Z   1     
                    --------------- --------------- --------------- --------------- --------------- ---------------
    0   5.6147 THz   0.5893  0.0000 -0.6090  0.0292  0.0197 -0.0292  0.3540 -0.0981 -0.3609  0.1189  0.0070 -0.0208
    1   5.6147 THz   0.3645  0.0000  0.3259 -0.0472 -0.6904  0.0472  0.2189 -0.0607  0.1879 -0.0826 -0.4068  0.1433
    2  12.1611 THz  -0.5055  0.0000 -0.5055  0.0000 -0.5055  0.0000 -0.2593 -0.1028 -0.2593 -0.1028 -0.2593 -0.1028
    3  23.6227 THz   0.3962  0.0000 -0.0541  0.0382 -0.3421 -0.0382 -0.6125  0.1698  0.0673 -0.0823  0.5452 -0.0875
    4  23.6227 THz   0.1720  0.0000 -0.4176 -0.0881  0.2456  0.0881 -0.2659  0.0737  0.6834 -0.0428 -0.4175 -0.0309
    5  27.8522 THz   0.2789  0.0000  0.2789  0.0000  0.2789  0.0000 -0.4699 -0.1862 -0.4699 -0.1862 -0.4699 -0.1862
