
Used Primitive lattice vector

    0.000000000000      2.669356000000      2.669356000000  
    2.669356000000      0.000000000000      2.669356000000  
    2.669356000000      2.669356000000      0.000000000000  

   2 Atom(s) in the Primitive cell

 0.0000000000 0.0000000000 0.0000000000 Si    0
 0.2500000000 0.2500000000 0.2500000000 Si    1


 Q= -0.093656 -0.093656 -0.093656, q= -0.500000 -0.500000 -0.500000

                       Si X   0        Si Y   0        Si Z   0        Si X   1        Si Y   1        Si Z   1     
                    --------------- --------------- --------------- --------------- --------------- ---------------
    0   2.8633 THz   0.0137  0.0000  0.4477  0.2079 -0.4615 -0.2079  0.0097 -0.0097  0.4636 -0.1696 -0.4733  0.1793
    1   2.8633 THz  -0.5772  0.0000  0.2994  0.0049  0.2778 -0.0049 -0.4081  0.4081  0.2152 -0.2082  0.1929 -0.1999
    2  11.1884 THz  -0.4082  0.0000 -0.4082  0.0000 -0.4082 -0.0000  0.2887 -0.2887  0.2887 -0.2887  0.2887 -0.2887
    3  13.4935 THz  -0.4082  0.0000 -0.4082  0.0000 -0.4082 -0.0000 -0.2887  0.2887 -0.2887  0.2887 -0.2887  0.2887
    4  15.4510 THz   0.0760  0.0000  0.3899  0.2501 -0.4660 -0.2501 -0.0538  0.0538 -0.4525  0.0989  0.5063 -0.1527
    5  15.4510 THz   0.5723  0.0000 -0.3430 -0.0332 -0.2293  0.0332 -0.4047  0.4047  0.2660 -0.2191  0.1386 -0.1856


 Q= -0.046828 -0.046828 -0.140483, q= -0.500000 -0.500000 -0.250000

                       Si X   0        Si Y   0        Si Z   0        Si X   1        Si Y   1        Si Z   1     
                    --------------- --------------- --------------- --------------- --------------- ---------------
    0   3.7472 THz  -0.5000  0.0000  0.5000 -0.0000  0.0000  0.0000 -0.2179  0.4500  0.2179 -0.4500  0.0000  0.0000
    1   5.6761 THz   0.4260  0.0000  0.4260 -0.0000 -0.2263 -0.2929  0.2691  0.3303  0.2691  0.3303 -0.3701  0.0096
    2   9.9587 THz   0.3043  0.0000  0.3043 -0.0000  0.2179  0.5171 -0.2528  0.1693 -0.2528  0.1693  0.1067  0.5509
    3  13.1980 THz   0.2936  0.0000  0.2936 -0.0000  0.4037  0.4057  0.1371 -0.2597  0.1371 -0.2597 -0.1703 -0.5464
    4  14.9005 THz   0.5000  0.0000 -0.5000 -0.0000  0.0000  0.0000 -0.2179  0.4500  0.2179 -0.4500 -0.0000 -0.0000
    5  15.2985 THz   0.3738  0.0000  0.3738  0.0000 -0.2366 -0.4057 -0.2086 -0.3102 -0.2086 -0.3102  0.4687 -0.0301


 Q=  0.000000  0.000000 -0.187311, q= -0.500000 -0.500000  0.000000

                       Si X   0        Si Y   0        Si Z   0        Si X   1        Si Y   1        Si Z   1     
                    --------------- --------------- --------------- --------------- --------------- ---------------
    0   3.5980 THz   0.0000  0.0000 -0.7071 -0.0000  0.0000  0.0000  0.0000 -0.7071 -0.0000 -0.0000  0.0000  0.0000
    1   3.5980 THz   0.7071  0.0000  0.0000 -0.0000 -0.0000  0.0000  0.0000 -0.0000 -0.0000  0.7071 -0.0000  0.0000
    2  12.7710 THz   0.0000  0.0000  0.0000  0.0000  0.3884  0.0000  0.0000  0.0000  0.0000 -0.0000 -0.0000  0.9215
    3  12.7710 THz   0.0000  0.0000  0.0000  0.0000  0.2777 -0.8786  0.0000 -0.0000  0.0000  0.0000 -0.3704 -0.1171
    4  14.8219 THz   0.7071  0.0000  0.0000  0.0000  0.0000 -0.0000 -0.0000  0.0000  0.0000 -0.7071  0.0000 -0.0000
    5  14.8219 THz   0.0000  0.0000  0.7071 -0.0000  0.0000  0.0000  0.0000 -0.7071 -0.0000 -0.0000 -0.0000 -0.0000


 Q=  0.046828  0.046828 -0.234139, q= -0.500000 -0.500000  0.250000

                       Si X   0        Si Y   0        Si Z   0        Si X   1        Si Y   1        Si Z   1     
                    --------------- --------------- --------------- --------------- --------------- ---------------
    0   3.7472 THz  -0.5000  0.0000  0.5000  0.0000 -0.0000  0.0000  0.2179  0.4500 -0.2179 -0.4500  0.0000  0.0000
    1   5.6761 THz   0.4260  0.0000  0.4260  0.0000 -0.2263  0.2929 -0.2691  0.3303 -0.2691  0.3303  0.3701  0.0096
    2   9.9587 THz  -0.3043  0.0000 -0.3043  0.0000 -0.2179  0.5171 -0.2528 -0.1693 -0.2528 -0.1693  0.1067 -0.5509
    3  13.1980 THz  -0.2936  0.0000 -0.2936 -0.0000 -0.4037  0.4057  0.1371  0.2597  0.1371  0.2597 -0.1703  0.5464
    4  14.9005 THz   0.5000  0.0000 -0.5000 -0.0000  0.0000 -0.0000  0.2179  0.4500 -0.2179 -0.4500  0.0000  0.0000
    5  15.2985 THz  -0.3738  0.0000 -0.3738 -0.0000  0.2366 -0.4057 -0.2086  0.3102 -0.2086  0.3102  0.4687  0.0301


 Q= -0.046828 -0.140483 -0.046828, q= -0.500000 -0.250000 -0.500000

                       Si X   0        Si Y   0        Si Z   0        Si X   1        Si Y   1        Si Z   1     
                    --------------- --------------- --------------- --------------- --------------- ---------------
    0   3.7472 THz  -0.5000  0.0000 -0.0000  0.0000  0.5000 -0.0000 -0.2179  0.4500 -0.0000  0.0000  0.2179 -0.4500
    1   5.6761 THz   0.4260  0.0000 -0.2263 -0.2929  0.4260 -0.0000  0.2691  0.3303 -0.3701  0.0096  0.2691  0.3303
    2   9.9587 THz  -0.3043  0.0000 -0.2179 -0.5171 -0.3043 -0.0000  0.2528 -0.1693 -0.1067 -0.5509  0.2528 -0.1693
    3  13.1980 THz  -0.2936  0.0000 -0.4037 -0.4057 -0.2936 -0.0000 -0.1371  0.2597  0.1703  0.5464 -0.1371  0.2597
    4  14.9005 THz   0.5000  0.0000  0.0000  0.0000 -0.5000  0.0000 -0.2179  0.4500 -0.0000  0.0000  0.2179 -0.4500
    5  15.2985 THz  -0.3738  0.0000  0.2366  0.4057 -0.3738  0.0000  0.2086  0.3102 -0.4687  0.0301  0.2086  0.3102


 Q=  0.000000 -0.093656 -0.093656, q= -0.500000 -0.250000 -0.250000

                       Si X   0        Si Y   0        Si Z   0        Si X   1        Si Y   1        Si Z   1     
                    --------------- --------------- --------------- --------------- --------------- ---------------
    0   3.8266 THz   0.0000  0.0000 -0.4050 -0.2933  0.4050  0.2933  0.0000  0.0000 -0.4050 -0.2933  0.4050  0.2933
    1   5.6696 THz  -0.6132  0.0000 -0.0000  0.2490  0.0000  0.2490 -0.6132  0.0000 -0.0000 -0.2490  0.0000 -0.2490
    2   8.8551 THz   0.3634  0.0000  0.0000  0.4289  0.0000  0.4289 -0.3634  0.0000  0.0000  0.4289  0.0000  0.4289
    3  13.3843 THz   0.3522  0.0000  0.0000  0.4336  0.0000  0.4336  0.3522 -0.0000 -0.0000 -0.4336 -0.0000 -0.4336
    4  14.9983 THz  -0.0000  0.0000 -0.4980 -0.0451  0.4980  0.0451  0.0000  0.0000  0.4980  0.0451 -0.4980 -0.0451
    5  15.5527 THz  -0.6066  0.0000  0.0000  0.2569 -0.0000  0.2569  0.6066 -0.0000 -0.0000  0.2569  0.0000  0.2569


 Q=  0.046828 -0.046828 -0.140483, q= -0.500000 -0.250000  0.000000

                       Si X   0        Si Y   0        Si Z   0        Si X   1        Si Y   1        Si Z   1     
                    --------------- --------------- --------------- --------------- --------------- ---------------
    0   3.7472 THz   0.5000  0.0000  0.5000  0.0000 -0.0000  0.0000  0.2179  0.4500  0.2179  0.4500 -0.0000 -0.0000
    1   5.6761 THz  -0.4260  0.0000  0.4260 -0.0000 -0.2263  0.2929 -0.2691  0.3303  0.2691 -0.3303 -0.3701 -0.0096
    2   9.9587 THz  -0.3043  0.0000  0.3043 -0.0000  0.2179 -0.5171  0.2528  0.1693 -0.2528 -0.1693  0.1067 -0.5509
    3  13.1980 THz  -0.2936  0.0000  0.2936  0.0000  0.4037 -0.4057 -0.1371 -0.2597  0.1371  0.2597 -0.1703  0.5464
    4  14.9005 THz   0.5000  0.0000  0.5000 -0.0000 -0.0000  0.0000 -0.2179 -0.4500 -0.2179 -0.4500  0.0000 -0.0000
    5  15.2985 THz   0.3738  0.0000 -0.3738  0.0000  0.2366 -0.4057 -0.2086  0.3102  0.2086 -0.3102 -0.4687 -0.0301


 Q=  0.093656  0.000000 -0.187311, q= -0.500000 -0.250000  0.250000

                       Si X   0        Si Y   0        Si Z   0        Si X   1        Si Y   1        Si Z   1     
                    --------------- --------------- --------------- --------------- --------------- ---------------
    0   5.6998 THz   0.0000  0.0000  0.4706 -0.0258  0.0258  0.4706  0.0408  0.7444  0.0000 -0.0000  0.0000  0.0000
    1   5.6998 THz   0.7455  0.0000 -0.0000  0.0000  0.0000 -0.0000  0.0000 -0.0000  0.0000  0.4713  0.4713  0.0000
    2  11.2594 THz   0.0000  0.0000  0.2758 -0.2282 -0.2282 -0.2758  0.0000 -0.0000 -0.0441  0.6082 -0.6082 -0.0441
    3  11.2594 THz   0.0000  0.0000 -0.3872  0.4710  0.4710  0.3872 -0.0000  0.0000  0.0426  0.3555 -0.3555  0.0426
    4  15.0001 THz   0.0000  0.0000  0.5268 -0.0194  0.0194  0.5268 -0.0246 -0.6660 -0.0000  0.0000 -0.0000 -0.0000
    5  15.0001 THz   0.6665  0.0000 -0.0000  0.0000  0.0000 -0.0000 -0.0000  0.0000  0.0000 -0.5272 -0.5272  0.0000


 Q=  0.000000 -0.187311  0.000000, q= -0.500000  0.000000 -0.500000

                       Si X   0        Si Y   0        Si Z   0        Si X   1        Si Y   1        Si Z   1     
                    --------------- --------------- --------------- --------------- --------------- ---------------
    0   3.5980 THz  -0.7071  0.0000  0.0000 -0.0000  0.0000  0.0000 -0.0000 -0.0000  0.0000  0.0000  0.0000 -0.7071
    1   3.5980 THz  -0.0000 -0.0000  0.0000  0.0000  0.7071 -0.0000 -0.0000  0.7071 -0.0000  0.0000  0.0000 -0.0000
    2  12.7710 THz   0.0000  0.0000  0.9833  0.0417  0.0000  0.0000 -0.0000 -0.0000  0.1530 -0.0895  0.0000 -0.0000
    3  12.7710 THz   0.0000  0.0000 -0.1452  0.1016 -0.0000  0.0000  0.0000  0.0000  0.3728 -0.9108  0.0000 -0.0000
    4  14.8219 THz   0.7071  0.0000  0.0000 -0.0000  0.0000  0.0000 -0.0000 -0.0000  0.0000  0.0000  0.0000 -0.7071
    5  14.8219 THz   0.0000  0.0000  0.0000  0.0000 -0.7071 -0.0000 -0.0000  0.7071 -0.0000 -0.0000  0.0000 -0.0000


 Q=  0.046828 -0.140483 -0.046828, q= -0.500000  0.000000 -0.250000

                       Si X   0        Si Y   0        Si Z   0        Si X   1        Si Y   1        Si Z   1     
                    --------------- --------------- --------------- --------------- --------------- ---------------
    0   3.7472 THz   0.5000  0.0000 -0.0000  0.0000  0.5000  0.0000  0.2179  0.4500 -0.0000 -0.0000  0.2179  0.4500
    1   5.6761 THz  -0.4260  0.0000 -0.2263  0.2929  0.4260  0.0000 -0.2691  0.3303 -0.3701 -0.0096  0.2691 -0.3303
    2   9.9587 THz   0.3043  0.0000 -0.2179  0.5171 -0.3043  0.0000 -0.2528 -0.1693 -0.1067  0.5509  0.2528  0.1693
    3  13.1980 THz   0.2936  0.0000 -0.4037  0.4057 -0.2936 -0.0000  0.1371  0.2597  0.1703 -0.5464 -0.1371 -0.2597
    4  14.9005 THz   0.5000  0.0000 -0.0000  0.0000  0.5000  0.0000 -0.2179 -0.4500  0.0000  0.0000 -0.2179 -0.4500
    5  15.2985 THz  -0.3738  0.0000 -0.2366  0.4057  0.3738  0.0000  0.2086 -0.3102  0.4687  0.0301 -0.2086  0.3102


 Q=  0.093656 -0.093656 -0.093656, q= -0.500000  0.000000  0.000000

                       Si X   0        Si Y   0        Si Z   0        Si X   1        Si Y   1        Si Z   1     
                    --------------- --------------- --------------- --------------- --------------- ---------------
    0   2.8633 THz  -0.1850  0.0000  0.3804  0.0274 -0.5653 -0.0274 -0.1308 -0.1308  0.2496  0.2883 -0.3804 -0.4191
    1   2.8633 THz   0.5469  0.0000  0.4334  0.0093  0.1136 -0.0093  0.3867  0.3867  0.2999  0.3130  0.0868  0.0737
    2  11.1884 THz   0.4082  0.0000 -0.4082  0.0000 -0.4082 -0.0000 -0.2887 -0.2887  0.2887  0.2887  0.2887  0.2887
    3  13.4935 THz  -0.4082  0.0000  0.4082  0.0000  0.4082 -0.0000 -0.2887 -0.2887  0.2887  0.2887  0.2887  0.2887
    4  15.4510 THz   0.3592  0.0000 -0.2031 -0.0825  0.5623  0.0825 -0.2540 -0.2540  0.0853  0.2020 -0.3392 -0.4559
    5  15.4510 THz   0.4520  0.0000  0.5301  0.0656 -0.0780 -0.0656 -0.3196 -0.3196 -0.3285 -0.4212  0.0088  0.1015


 Q=  0.140483 -0.046828 -0.140483, q= -0.500000  0.000000  0.250000

                       Si X   0        Si Y   0        Si Z   0        Si X   1        Si Y   1        Si Z   1     
                    --------------- --------------- --------------- --------------- --------------- ---------------
    0   3.7472 THz   0.5000  0.0000  0.0000  0.0000  0.5000  0.0000  0.4500  0.2179  0.0000  0.0000  0.4500  0.2179
    1   5.6761 THz  -0.4260  0.0000 -0.2263 -0.2929  0.4260 -0.0000  0.3303 -0.2691 -0.0096 -0.3701 -0.3303  0.2691
    2   9.9587 THz  -0.3043  0.0000  0.2179  0.5171  0.3043  0.0000  0.1693  0.2528 -0.5509  0.1067 -0.1693 -0.2528
    3  13.1980 THz   0.2936  0.0000 -0.4037 -0.4057 -0.2936  0.0000  0.2597  0.1371 -0.5464  0.1703 -0.2597 -0.1371
    4  14.9005 THz   0.5000  0.0000 -0.0000 -0.0000  0.5000 -0.0000 -0.4500 -0.2179  0.0000  0.0000 -0.4500 -0.2179
    5  15.2985 THz  -0.3738  0.0000 -0.2366 -0.4057  0.3738 -0.0000 -0.3102  0.2086  0.0301  0.4687  0.3102 -0.2086


 Q=  0.046828 -0.234139  0.046828, q= -0.500000  0.250000 -0.500000

                       Si X   0        Si Y   0        Si Z   0        Si X   1        Si Y   1        Si Z   1     
                    --------------- --------------- --------------- --------------- --------------- ---------------
    0   3.7472 THz  -0.5000  0.0000 -0.0000  0.0000  0.5000  0.0000  0.2179  0.4500  0.0000  0.0000 -0.2179 -0.4500
    1   5.6761 THz   0.4260  0.0000 -0.2263  0.2929  0.4260  0.0000 -0.2691  0.3303  0.3701  0.0096 -0.2691  0.3303
    2   9.9587 THz   0.3043  0.0000  0.2179 -0.5171  0.3043  0.0000  0.2528  0.1693 -0.1067  0.5509  0.2528  0.1693
    3  13.1980 THz   0.2936  0.0000  0.4037 -0.4057  0.2936 -0.0000 -0.1371 -0.2597  0.1703 -0.5464 -0.1371 -0.2597
    4  14.9005 THz   0.5000  0.0000  0.0000 -0.0000 -0.5000 -0.0000  0.2179  0.4500  0.0000  0.0000 -0.2179 -0.4500
    5  15.2985 THz   0.3738  0.0000 -0.2366  0.4057  0.3738  0.0000  0.2086 -0.3102 -0.4687 -0.0301  0.2086 -0.3102


 Q=  0.093656 -0.187311  0.000000, q= -0.500000  0.250000 -0.250000

                       Si X   0        Si Y   0        Si Z   0        Si X   1        Si Y   1        Si Z   1     
                    --------------- --------------- --------------- --------------- --------------- ---------------
    0   5.6998 THz  -0.0000  0.0000 -0.4673 -0.0609 -0.0609  0.4673 -0.7393 -0.0964 -0.0000  0.0000  0.0000 -0.0000
    1   5.6998 THz   0.7455  0.0000  0.0000  0.0000 -0.0000  0.0000 -0.0000  0.0000  0.4713  0.0000  0.0000  0.4713
    2  11.2594 THz  -0.0000  0.0000  0.5287  0.2529 -0.2529  0.5287 -0.0000 -0.0000 -0.3853  0.0893  0.0893  0.3853
    3  11.2594 THz  -0.0000  0.0000 -0.2805 -0.2789  0.2789 -0.2805  0.0000  0.0000 -0.5827 -0.0635 -0.0635  0.5827
    4  15.0001 THz   0.0000  0.0000 -0.5226 -0.0690 -0.0690  0.5226  0.6607  0.0873  0.0000 -0.0000 -0.0000 -0.0000
    5  15.0001 THz   0.6665  0.0000  0.0000  0.0000  0.0000  0.0000 -0.0000 -0.0000 -0.5272  0.0000  0.0000 -0.5272


 Q=  0.140483 -0.140483 -0.046828, q= -0.500000  0.250000  0.000000

                       Si X   0        Si Y   0        Si Z   0        Si X   1        Si Y   1        Si Z   1     
                    --------------- --------------- --------------- --------------- --------------- ---------------
    0   3.7472 THz   0.5000  0.0000  0.5000  0.0000 -0.0000 -0.0000  0.4500  0.2179  0.4500  0.2179  0.0000 -0.0000
    1   5.6761 THz  -0.4260  0.0000  0.4260  0.0000 -0.2263 -0.2929  0.3303 -0.2691 -0.3303  0.2691 -0.0096 -0.3701
    2   9.9587 THz  -0.3043  0.0000  0.3043  0.0000  0.2179  0.5171  0.1693  0.2528 -0.1693 -0.2528 -0.5509  0.1067
    3  13.1980 THz   0.2936  0.0000 -0.2936  0.0000 -0.4037 -0.4057  0.2597  0.1371 -0.2597 -0.1371 -0.5464  0.1703
    4  14.9005 THz   0.5000  0.0000  0.5000  0.0000  0.0000  0.0000 -0.4500 -0.2179 -0.4500 -0.2179 -0.0000 -0.0000
    5  15.2985 THz  -0.3738  0.0000  0.3738  0.0000 -0.2366 -0.4057 -0.3102  0.2086  0.3102 -0.2086  0.0301  0.4687


 Q=  0.187311 -0.093656 -0.093656, q= -0.500000  0.250000  0.250000

                       Si X   0        Si Y   0        Si Z   0        Si X   1        Si Y   1        Si Z   1     
                    --------------- --------------- --------------- --------------- --------------- ---------------
    0   3.8266 THz  -0.0000  0.0000  0.4613 -0.1928 -0.4613  0.1928 -0.0000 -0.0000  0.1928  0.4613 -0.1928 -0.4613
    1   5.6696 THz   0.6132  0.0000  0.0000  0.2490 -0.0000  0.2490 -0.0000  0.6132  0.2490  0.0000  0.2490 -0.0000
    2   8.8551 THz   0.3634  0.0000  0.0000 -0.4289  0.0000 -0.4289  0.0000 -0.3634  0.4289  0.0000  0.4289 -0.0000
    3  13.3843 THz  -0.3522  0.0000 -0.0000  0.4336 -0.0000  0.4336  0.0000 -0.3522  0.4336  0.0000  0.4336  0.0000
    4  14.9983 THz  -0.0000  0.0000 -0.4907  0.0958  0.4907 -0.0958  0.0000  0.0000  0.0958  0.4907 -0.0958 -0.4907
    5  15.5527 THz  -0.6066  0.0000  0.0000 -0.2569 -0.0000 -0.2569 -0.0000  0.6066  0.2569 -0.0000  0.2569  0.0000


 Q= -0.140483 -0.046828 -0.046828, q= -0.250000 -0.500000 -0.500000

                       Si X   0        Si Y   0        Si Z   0        Si X   1        Si Y   1        Si Z   1     
                    --------------- --------------- --------------- --------------- --------------- ---------------
    0   3.7472 THz  -0.0000  0.0000  0.0010 -0.5000 -0.0010  0.5000  0.0000  0.0000 -0.4496 -0.2188  0.4496  0.2188
    1   5.6761 THz   0.3702  0.0000 -0.2604  0.3371 -0.2604  0.3371  0.2187 -0.2987 -0.4259  0.0110 -0.4259  0.0110
    2   9.9587 THz   0.5611  0.0000  0.1181 -0.2804  0.1181 -0.2804  0.5491  0.1156  0.0578  0.2987  0.0578  0.2987
    3  13.1980 THz  -0.5723  0.0000 -0.2071  0.2081 -0.2071  0.2081  0.5074  0.2648  0.0874  0.2803  0.0874  0.2803
    4  14.9005 THz   0.0000  0.0000  0.0804  0.4935 -0.0804 -0.4935 -0.0000  0.0000 -0.4792 -0.1428  0.4792  0.1428
    5  15.2985 THz  -0.4696  0.0000  0.1883 -0.3229  0.1883 -0.3229  0.2101 -0.4200 -0.3730  0.0240 -0.3730  0.0240


 Q= -0.093656  0.000000 -0.093656, q= -0.250000 -0.500000 -0.250000

                       Si X   0        Si Y   0        Si Z   0        Si X   1        Si Y   1        Si Z   1     
                    --------------- --------------- --------------- --------------- --------------- ---------------
    0   3.8266 THz  -0.5000  0.0000  0.0000 -0.0000  0.5000 -0.0000 -0.5000  0.0000  0.0000  0.0000  0.5000  0.0000
    1   5.6696 THz  -0.2490  0.0000 -0.0000 -0.6132 -0.2490  0.0000  0.2490 -0.0000 -0.0000 -0.6132  0.2490 -0.0000
    2   8.8551 THz  -0.4289  0.0000 -0.0000  0.3634 -0.4289 -0.0000 -0.4289 -0.0000  0.0000 -0.3634 -0.4289 -0.0000
    3  13.3843 THz   0.4336  0.0000  0.0000 -0.3522  0.4336  0.0000 -0.4336 -0.0000 -0.0000 -0.3522 -0.4336 -0.0000
    4  14.9983 THz   0.5000  0.0000  0.0000 -0.0000 -0.5000 -0.0000 -0.5000 -0.0000 -0.0000  0.0000  0.5000 -0.0000
    5  15.5527 THz   0.2569  0.0000 -0.0000  0.6066  0.2569  0.0000  0.2569  0.0000  0.0000 -0.6066  0.2569  0.0000


 Q= -0.046828  0.046828 -0.140483, q= -0.250000 -0.500000  0.000000

                       Si X   0        Si Y   0        Si Z   0        Si X   1        Si Y   1        Si Z   1     
                    --------------- --------------- --------------- --------------- --------------- ---------------
    0   3.7472 THz   0.5000  0.0000  0.5000 -0.0000  0.0000 -0.0000  0.2179  0.4500  0.2179  0.4500  0.0000  0.0000
    1   5.6761 THz   0.4260  0.0000 -0.4260 -0.0000 -0.2263  0.2929  0.2691 -0.3303 -0.2691  0.3303 -0.3701 -0.0096
    2   9.9587 THz  -0.3043  0.0000  0.3043 -0.0000 -0.2179  0.5171  0.2528  0.1693 -0.2528 -0.1693 -0.1067  0.5509
    3  13.1980 THz   0.2936  0.0000 -0.2936 -0.0000  0.4037 -0.4057  0.1371  0.2597 -0.1371 -0.2597 -0.1703  0.5464
    4  14.9005 THz   0.5000  0.0000  0.5000  0.0000  0.0000 -0.0000 -0.2179 -0.4500 -0.2179 -0.4500 -0.0000  0.0000
    5  15.2985 THz   0.3738  0.0000 -0.3738 -0.0000 -0.2366  0.4057 -0.2086  0.3102  0.2086 -0.3102  0.4687  0.0301


 Q=  0.000000  0.093656 -0.187311, q= -0.250000 -0.500000  0.250000

                       Si X   0        Si Y   0        Si Z   0        Si X   1        Si Y   1        Si Z   1     
                    --------------- --------------- --------------- --------------- --------------- ---------------
    0   5.6998 THz  -0.0000  0.0000  0.7335  0.1336  0.0000 -0.0000 -0.0845  0.4636  0.0000 -0.0000  0.4636  0.0845
    1   5.6998 THz   0.4713  0.0000  0.0000  0.0000 -0.0000  0.4713  0.0000  0.0000 -0.0000  0.7455  0.0000  0.0000
    2  11.2594 THz  -0.0989  0.0000  0.0000 -0.0000  0.0000  0.0989  0.5441  0.4406  0.0000 -0.0000 -0.4406  0.5441
    3  11.2594 THz   0.7002  0.0000 -0.0000  0.0000  0.0000 -0.7002  0.0769  0.0622  0.0000  0.0000 -0.0622  0.0769
    4  15.0001 THz   0.0000 -0.0000 -0.6664 -0.0105 -0.0000  0.0000 -0.0083  0.5271  0.0000 -0.0000  0.5271  0.0083
    5  15.0001 THz   0.5272  0.0000  0.0000 -0.0000  0.0000  0.5272 -0.0000 -0.0000  0.0000 -0.6665 -0.0000  0.0000


 Q= -0.093656 -0.093656  0.000000, q= -0.250000 -0.250000 -0.500000

                       Si X   0        Si Y   0        Si Z   0        Si X   1        Si Y   1        Si Z   1     
                    --------------- --------------- --------------- --------------- --------------- ---------------
    0   3.8266 THz  -0.5000  0.0000  0.5000  0.0000 -0.0000  0.0000 -0.5000 -0.0000  0.5000 -0.0000 -0.0000  0.0000
    1   5.6696 THz  -0.2490  0.0000 -0.2490 -0.0000  0.0000 -0.6132  0.2490  0.0000  0.2490  0.0000  0.0000 -0.6132
    2   8.8551 THz  -0.4289  0.0000 -0.4289  0.0000  0.0000  0.3634 -0.4289 -0.0000 -0.4289  0.0000 -0.0000 -0.3634
    3  13.3843 THz  -0.4336  0.0000 -0.4336 -0.0000  0.0000  0.3522  0.4336 -0.0000  0.4336  0.0000 -0.0000  0.3522
    4  14.9983 THz  -0.5000  0.0000  0.5000  0.0000 -0.0000  0.0000  0.5000  0.0000 -0.5000 -0.0000  0.0000 -0.0000
    5  15.5527 THz   0.2569  0.0000  0.2569  0.0000 -0.0000  0.6066  0.2569  0.0000  0.2569 -0.0000  0.0000 -0.6066


 Q= -0.046828 -0.046828 -0.046828, q= -0.250000 -0.250000 -0.250000

                       Si X   0        Si Y   0        Si Z   0        Si X   1        Si Y   1        Si Z   1     
                    --------------- --------------- --------------- --------------- --------------- ---------------
    0   2.6846 THz  -0.0896  0.0000  0.4075 -0.3353 -0.3179  0.3353 -0.0845  0.0300  0.2719 -0.4523 -0.1874  0.4223
    1   2.6846 THz   0.5704  0.0000 -0.2282 -0.0527 -0.3422  0.0527  0.5375 -0.1908 -0.2327  0.0267 -0.3048  0.1641
    2   7.1385 THz  -0.4082  0.0000 -0.4082 -0.0000 -0.4082  0.0000 -0.3431 -0.2212 -0.3431 -0.2212 -0.3431 -0.2212
    3  15.2557 THz  -0.4082  0.0000 -0.4082  0.0000 -0.4082 -0.0000  0.3431  0.2212  0.3431  0.2212  0.3431  0.2212
    4  15.5513 THz   0.1084  0.0000 -0.5398  0.0733  0.4314 -0.0733 -0.1022  0.0363  0.4842 -0.2496 -0.3820  0.2133
    5  15.5513 THz  -0.5671  0.0000  0.1907  0.0140  0.3764 -0.0140  0.5344 -0.1897 -0.1844  0.0506 -0.3500  0.1391


 Q=  0.000000  0.000000 -0.093656, q= -0.250000 -0.250000  0.000000

                       Si X   0        Si Y   0        Si Z   0        Si X   1        Si Y   1        Si Z   1     
                    --------------- --------------- --------------- --------------- --------------- ---------------
    0   3.5931 THz  -0.1652  0.0000  0.6266 -0.2830  0.0000 -0.0000  0.0499  0.3946  0.4867 -0.3239  0.0000 -0.0000
    1   3.5931 THz   0.6875  0.0000  0.1506 -0.0680  0.0000  0.0000  0.5769  0.0948  0.1170  0.3801  0.0000  0.0000
    2   7.5138 THz  -0.0000  0.0000  0.0000 -0.0000 -0.4364  0.5564  0.0000  0.0000  0.0000 -0.0000 -0.4364  0.5564
    3  15.0123 THz   0.4505  0.0000  0.4967  0.2244  0.0000  0.0000 -0.2086 -0.3128 -0.3859 -0.4580 -0.0000 -0.0000
    4  15.0123 THz   0.5451  0.0000 -0.4105 -0.1854 -0.0000 -0.0000 -0.5402  0.2585  0.3189 -0.1992  0.0000  0.0000
    5  15.3646 THz   0.0000  0.0000 -0.0000 -0.0000  0.6714 -0.2218 -0.0000  0.0000  0.0000  0.0000 -0.6714  0.2218


 Q=  0.046828  0.046828 -0.140483, q= -0.250000 -0.250000  0.250000

                       Si X   0        Si Y   0        Si Z   0        Si X   1        Si Y   1        Si Z   1     
                    --------------- --------------- --------------- --------------- --------------- ---------------
    0   3.7472 THz  -0.5000 -0.0000  0.5000 -0.0000 -0.0000 -0.0000 -0.2179  0.4500  0.2179 -0.4500 -0.0000 -0.0000
    1   5.6761 THz  -0.4260  0.0000 -0.4260  0.0000 -0.2263 -0.2929 -0.2691 -0.3303 -0.2691 -0.3303 -0.3701  0.0096
    2   9.9587 THz   0.3043  0.0000  0.3043 -0.0000 -0.2179 -0.5171 -0.2528  0.1693 -0.2528  0.1693 -0.1067 -0.5509
    3  13.1980 THz  -0.2936  0.0000 -0.2936 -0.0000  0.4037  0.4057 -0.1371  0.2597 -0.1371  0.2597 -0.1703 -0.5464
    4  14.9005 THz   0.5000  0.0000 -0.5000 -0.0000  0.0000  0.0000 -0.2179  0.4500  0.2179 -0.4500 -0.0000  0.0000
    5  15.2985 THz   0.3738  0.0000  0.3738  0.0000  0.2366  0.4057 -0.2086 -0.3102 -0.2086 -0.3102 -0.4687  0.0301


 Q= -0.046828 -0.140483  0.046828, q= -0.250000  0.000000 -0.500000

                       Si X   0        Si Y   0        Si Z   0        Si X   1        Si Y   1        Si Z   1     
                    --------------- --------------- --------------- --------------- --------------- ---------------
    0   3.7472 THz  -0.5000 -0.0000 -0.0000 -0.0000 -0.5000 -0.0000 -0.2179 -0.4500 -0.0000 -0.0000 -0.2179 -0.4500
    1   5.6761 THz  -0.4260  0.0000  0.2263 -0.2929  0.4260  0.0000 -0.2691  0.3303  0.3701  0.0096  0.2691 -0.3303
    2   9.9587 THz  -0.3043  0.0000 -0.2179  0.5171  0.3043 -0.0000  0.2528  0.1693 -0.1067  0.5509 -0.2528 -0.1693
    3  13.1980 THz   0.2936  0.0000  0.4037 -0.4057 -0.2936  0.0000  0.1371  0.2597 -0.1703  0.5464 -0.1371 -0.2597
    4  14.9005 THz   0.5000  0.0000  0.0000 -0.0000  0.5000  0.0000 -0.2179 -0.4500 -0.0000 -0.0000 -0.2179 -0.4500
    5  15.2985 THz  -0.3738  0.0000  0.2366 -0.4057  0.3738  0.0000  0.2086 -0.3102 -0.4687 -0.0301 -0.2086  0.3102


 Q=  0.000000 -0.093656  0.000000, q= -0.250000  0.000000 -0.250000

                       Si X   0        Si Y   0        Si Z   0        Si X   1        Si Y   1        Si Z   1     
                    --------------- --------------- --------------- --------------- --------------- ---------------
    0   3.5931 THz   0.5247  0.0000 -0.0000  0.0000 -0.0077  0.4739  0.1092 -0.0049 -0.0000  0.0000 -0.0060  0.6986
    1   3.5931 THz  -0.4740  0.0000 -0.0000  0.0000 -0.0085  0.5247 -0.6986 -0.0054 -0.0000  0.0000 -0.0066  0.1091
    2   7.5138 THz  -0.0000  0.0000 -0.7067  0.0233  0.0000 -0.0000  0.0000  0.0000 -0.7067  0.0233  0.0000 -0.0000
    3  15.0123 THz   0.6845  0.0000  0.0000  0.0000 -0.0088  0.1773 -0.4201  0.0055 -0.0000 -0.0000  0.0068 -0.5687
    4  15.0123 THz   0.1775  0.0000  0.0000 -0.0000  0.0339 -0.6836 -0.5684 -0.0214 -0.0000  0.0000 -0.0263  0.4193
    5  15.3646 THz  -0.0000  0.0000  0.7039  0.0670 -0.0000  0.0000  0.0000  0.0000 -0.7039 -0.0670  0.0000  0.0000


 Q=  0.046828 -0.046828 -0.046828, q= -0.250000  0.000000  0.000000

                       Si X   0        Si Y   0        Si Z   0        Si X   1        Si Y   1        Si Z   1     
                    --------------- --------------- --------------- --------------- --------------- ---------------
    0   2.6846 THz  -0.1537  0.0000  0.4010 -0.0631 -0.5547  0.0631 -0.1448 -0.0514  0.3990  0.0747 -0.5438 -0.1261
    1   2.6846 THz   0.5565  0.0000  0.4102 -0.0174  0.1463  0.0174  0.5245  0.1861  0.3924  0.1208  0.1320  0.0653
    2   7.1385 THz   0.4082  0.0000 -0.4082  0.0000 -0.4082 -0.0000  0.3431 -0.2212 -0.3431  0.2212 -0.3431  0.2212
    3  15.2557 THz  -0.4082  0.0000  0.4082 -0.0000  0.4082 -0.0000  0.3431 -0.2212 -0.3431  0.2212 -0.3431  0.2212
    4  15.5513 THz   0.5250  0.0000  0.4336  0.1184  0.0913 -0.1184 -0.4947 -0.1756 -0.3691 -0.2566 -0.1256  0.0810
    5  15.5513 THz  -0.2403 -0.0000  0.2537  0.2586 -0.4941 -0.2586  0.2265  0.0804 -0.1526 -0.3286  0.3791  0.4090


 Q=  0.093656  0.000000 -0.093656, q= -0.250000  0.000000  0.250000

                       Si X   0        Si Y   0        Si Z   0        Si X   1        Si Y   1        Si Z   1     
                    --------------- --------------- --------------- --------------- --------------- ---------------
    0   3.8266 THz   0.5000  0.0000 -0.0000 -0.0000  0.5000 -0.0000  0.5000 -0.0000 -0.0000 -0.0000  0.5000  0.0000
    1   5.6696 THz  -0.2490  0.0000 -0.0000 -0.6132  0.2490 -0.0000  0.2490 -0.0000 -0.0000 -0.6132 -0.2490  0.0000
    2   8.8551 THz  -0.4289  0.0000  0.0000  0.3634  0.4289  0.0000 -0.4289  0.0000  0.0000 -0.3634  0.4289  0.0000
    3  13.3843 THz   0.4336  0.0000  0.0000 -0.3522 -0.4336  0.0000 -0.4336  0.0000  0.0000 -0.3522  0.4336  0.0000
    4  14.9983 THz  -0.5000  0.0000  0.0000 -0.0000 -0.5000  0.0000  0.5000 -0.0000  0.0000  0.0000  0.5000  0.0000
    5  15.5527 THz   0.2569  0.0000 -0.0000  0.6066 -0.2569  0.0000  0.2569 -0.0000  0.0000 -0.6066 -0.2569 -0.0000


 Q=  0.000000 -0.187311  0.093656, q= -0.250000  0.250000 -0.500000

                       Si X   0        Si Y   0        Si Z   0        Si X   1        Si Y   1        Si Z   1     
                    --------------- --------------- --------------- --------------- --------------- ---------------
    0   5.6998 THz   0.0000  0.0000 -0.0000  0.0000  0.5069 -0.5467  0.3456  0.3204  0.3204 -0.3456  0.0000 -0.0000
    1   5.6998 THz  -0.4713  0.0000  0.0000 -0.4713  0.0000  0.0000 -0.0000  0.0000  0.0000  0.0000  0.0000 -0.7455
    2  11.2594 THz   0.0000  0.0000  0.0000 -0.0000 -0.0000  0.0000  0.3690  0.6032 -0.6032  0.3690  0.0000  0.0000
    3  11.2594 THz   0.7071  0.0000  0.0000 -0.7071 -0.0000  0.0000  0.0000  0.0000 -0.0000 -0.0000  0.0000  0.0000
    4  15.0001 THz   0.0000  0.0000  0.0000 -0.0000  0.6663 -0.0166 -0.0131 -0.5270 -0.5270  0.0131 -0.0000 -0.0000
    5  15.0001 THz   0.5272  0.0000 -0.0000  0.5272  0.0000 -0.0000 -0.0000  0.0000  0.0000  0.0000 -0.0000 -0.6665


 Q=  0.046828 -0.140483  0.046828, q= -0.250000  0.250000 -0.250000

                       Si X   0        Si Y   0        Si Z   0        Si X   1        Si Y   1        Si Z   1     
                    --------------- --------------- --------------- --------------- --------------- ---------------
    0   3.7472 THz   0.5000  0.0000 -0.0000 -0.0000 -0.5000  0.0000  0.2179 -0.4500 -0.0000  0.0000 -0.2179  0.4500
    1   5.6761 THz   0.4260  0.0000  0.2263  0.2929  0.4260 -0.0000  0.2691  0.3303  0.3701 -0.0096  0.2691  0.3303
    2   9.9587 THz   0.3043  0.0000 -0.2179 -0.5171  0.3043  0.0000 -0.2528  0.1693 -0.1067 -0.5509 -0.2528  0.1693
    3  13.1980 THz  -0.2936  0.0000  0.4037  0.4057 -0.2936  0.0000 -0.1371  0.2597 -0.1703 -0.5464 -0.1371  0.2597
    4  14.9005 THz   0.5000  0.0000 -0.0000 -0.0000 -0.5000 -0.0000 -0.2179  0.4500  0.0000  0.0000  0.2179 -0.4500
    5  15.2985 THz  -0.3738  0.0000 -0.2366 -0.4057 -0.3738 -0.0000  0.2086  0.3102  0.4687 -0.0301  0.2086  0.3102


 Q=  0.093656 -0.093656  0.000000, q= -0.250000  0.250000  0.000000

                       Si X   0        Si Y   0        Si Z   0        Si X   1        Si Y   1        Si Z   1     
                    --------------- --------------- --------------- --------------- --------------- ---------------
    0   3.8266 THz   0.5000  0.0000  0.5000 -0.0000 -0.0000 -0.0000  0.5000 -0.0000  0.5000 -0.0000 -0.0000 -0.0000
    1   5.6696 THz   0.2490  0.0000 -0.2490  0.0000  0.0000  0.6132 -0.2490  0.0000  0.2490  0.0000  0.0000  0.6132
    2   8.8551 THz  -0.4289  0.0000  0.4289  0.0000 -0.0000  0.3634 -0.4289 -0.0000  0.4289  0.0000 -0.0000 -0.3634
    3  13.3843 THz   0.4336  0.0000 -0.4336 -0.0000 -0.0000 -0.3522 -0.4336 -0.0000  0.4336  0.0000 -0.0000 -0.3522
    4  14.9983 THz   0.5000  0.0000  0.5000  0.0000  0.0000 -0.0000 -0.5000 -0.0000 -0.5000 -0.0000 -0.0000  0.0000
    5  15.5527 THz   0.2569  0.0000 -0.2569 -0.0000 -0.0000  0.6066  0.2569  0.0000 -0.2569  0.0000  0.0000 -0.6066


 Q=  0.140483 -0.046828 -0.046828, q= -0.250000  0.250000  0.250000

                       Si X   0        Si Y   0        Si Z   0        Si X   1        Si Y   1        Si Z   1     
                    --------------- --------------- --------------- --------------- --------------- ---------------
    0   3.7472 THz   0.0000  0.0000 -0.2018  0.4574  0.2018 -0.4574  0.0000  0.0000 -0.4997  0.0177  0.4997 -0.0177
    1   5.6761 THz   0.3702  0.0000  0.2604  0.3371  0.2604  0.3371  0.2187  0.2987  0.4259  0.0110  0.4259  0.0110
    2   9.9587 THz   0.5611  0.0000 -0.1181 -0.2804 -0.1181 -0.2804  0.5491 -0.1156 -0.0578  0.2987 -0.0578  0.2987
    3  13.1980 THz  -0.5723  0.0000  0.2071  0.2081  0.2071  0.2081  0.5074 -0.2648 -0.0874  0.2803 -0.0874  0.2803
    4  14.9005 THz   0.0000  0.0000  0.4360  0.2448 -0.4360 -0.2448 -0.0000 -0.0000  0.0303 -0.4991 -0.0303  0.4991
    5  15.2985 THz  -0.4696  0.0000 -0.1883 -0.3229 -0.1883 -0.3229  0.2101  0.4200  0.3730  0.0240  0.3730  0.0240


 Q= -0.187311  0.000000  0.000000, q=  0.000000 -0.500000 -0.500000

                       Si X   0        Si Y   0        Si Z   0        Si X   1        Si Y   1        Si Z   1     
                    --------------- --------------- --------------- --------------- --------------- ---------------
    0   3.5980 THz   0.0000  0.0000 -0.6650 -0.0000 -0.2403 -0.0000 -0.0000  0.0000  0.0000 -0.2403  0.0000 -0.6650
    1   3.5980 THz   0.0000  0.0000 -0.2392 -0.0224  0.6621  0.0621 -0.0000  0.0000 -0.0621  0.6621  0.0224 -0.2392
    2  12.7710 THz   0.0000  0.0000 -0.0000 -0.0000 -0.0000 -0.0000  0.8128 -0.5826 -0.0000  0.0000  0.0000 -0.0000
    3  12.7710 THz   1.0000  0.0000  0.0000  0.0000  0.0000  0.0000  0.0000  0.0000  0.0000  0.0000  0.0000  0.0000
    4  14.8219 THz   0.0000  0.0000 -0.6103  0.0353 -0.3533 -0.0376  0.0000  0.0000 -0.0376  0.3533  0.0353  0.6103
    5  14.8219 THz   0.0000  0.0000  0.3249 -0.1439 -0.5919  0.1532 -0.0000  0.0000  0.1532  0.5919 -0.1439 -0.3249


 Q= -0.140483  0.046828 -0.046828, q=  0.000000 -0.500000 -0.250000

                       Si X   0        Si Y   0        Si Z   0        Si X   1        Si Y   1        Si Z   1     
                    --------------- --------------- --------------- --------------- --------------- ---------------
    0   3.7472 THz   0.0000  0.0000  0.1699  0.4702  0.1699  0.4702  0.0000  0.0000 -0.3491  0.3579 -0.3491  0.3579
    1   5.6761 THz   0.3702  0.0000  0.2604  0.3371 -0.2604 -0.3371  0.2187  0.2987  0.4259  0.0110 -0.4259 -0.0110
    2   9.9587 THz   0.5611  0.0000 -0.1181 -0.2804  0.1181  0.2804  0.5491 -0.1156 -0.0578  0.2987  0.0578 -0.2987
    3  13.1980 THz  -0.5723  0.0000  0.2071  0.2081 -0.2071 -0.2081  0.5074 -0.2648 -0.0874  0.2803  0.0874 -0.2803
    4  14.9005 THz  -0.0000  0.0000 -0.2470 -0.4348 -0.2470 -0.4348  0.0000  0.0000 -0.2836  0.4118 -0.2836  0.4118
    5  15.2985 THz   0.4696  0.0000  0.1883  0.3229 -0.1883 -0.3229 -0.2101 -0.4200 -0.3730 -0.0240  0.3730  0.0240


 Q= -0.093656  0.093656 -0.093656, q=  0.000000 -0.500000  0.000000

                       Si X   0        Si Y   0        Si Z   0        Si X   1        Si Y   1        Si Z   1     
                    --------------- --------------- --------------- --------------- --------------- ---------------
    0   2.8633 THz   0.0000  0.0000 -0.4786 -0.1446 -0.4786 -0.1446 -0.0000 -0.0000 -0.2362 -0.4407 -0.2362 -0.4407
    1   2.8633 THz   0.5774  0.0000  0.2887 -0.0000 -0.2887  0.0000  0.4082  0.4082  0.2041  0.2041 -0.2041 -0.2041
    2  11.1884 THz  -0.4082  0.0000  0.4082 -0.0000 -0.4082  0.0000  0.2887  0.2887 -0.2887 -0.2887  0.2887  0.2887
    3  13.4935 THz  -0.4082  0.0000  0.4082 -0.0000 -0.4082  0.0000 -0.2887 -0.2887  0.2887  0.2887 -0.2887 -0.2887
    4  15.4510 THz   0.0000  0.0000 -0.3887  0.3145 -0.3887  0.3145 -0.0000 -0.0000  0.4972  0.0525  0.4972  0.0525
    5  15.4510 THz   0.5774  0.0000  0.2887 -0.0000 -0.2887  0.0000 -0.4082 -0.4082 -0.2041 -0.2041  0.2041  0.2041


 Q= -0.046828  0.140483 -0.140483, q=  0.000000 -0.500000  0.250000

                       Si X   0        Si Y   0        Si Z   0        Si X   1        Si Y   1        Si Z   1     
                    --------------- --------------- --------------- --------------- --------------- ---------------
    0   3.7472 THz  -0.0000  0.0000 -0.2147  0.4516 -0.2147  0.4516 -0.0000 -0.0000 -0.3901  0.3128 -0.3901  0.3128
    1   5.6761 THz   0.3702  0.0000  0.2604 -0.3371 -0.2604  0.3371  0.2987  0.2187  0.0110  0.4259 -0.0110 -0.4259
    2   9.9587 THz  -0.5611  0.0000  0.1181 -0.2804 -0.1181  0.2804  0.1156 -0.5491 -0.2987  0.0578  0.2987 -0.0578
    3  13.1980 THz  -0.5723  0.0000  0.2071 -0.2081 -0.2071  0.2081 -0.2648  0.5074  0.2803 -0.0874 -0.2803  0.0874
    4  14.9005 THz  -0.0000  0.0000 -0.4786  0.1446 -0.4786  0.1446  0.0000  0.0000  0.4938  0.0785  0.4938  0.0785
    5  15.2985 THz   0.4696  0.0000  0.1883 -0.3229 -0.1883  0.3229 -0.4200 -0.2101 -0.0240 -0.3730  0.0240  0.3730


 Q= -0.140483 -0.046828  0.046828, q=  0.000000 -0.250000 -0.500000

                       Si X   0        Si Y   0        Si Z   0        Si X   1        Si Y   1        Si Z   1     
                    --------------- --------------- --------------- --------------- --------------- ---------------
    0   3.7472 THz   0.0000  0.0000  0.4783 -0.1456  0.4783 -0.1456  0.0000  0.0000  0.3395  0.3670  0.3395  0.3670
    1   5.6761 THz   0.3702  0.0000 -0.2604 -0.3371  0.2604  0.3371  0.2187  0.2987 -0.4259 -0.0110  0.4259  0.0110
    2   9.9587 THz   0.5611  0.0000  0.1181  0.2804 -0.1181 -0.2804  0.5491 -0.1156  0.0578 -0.2987 -0.0578  0.2987
    3  13.1980 THz   0.5723  0.0000  0.2071  0.2081 -0.2071 -0.2081 -0.5074  0.2648 -0.0874  0.2803  0.0874 -0.2803
    4  14.9005 THz   0.0000  0.0000  0.2675 -0.4224  0.2675 -0.4224 -0.0000 -0.0000 -0.4968 -0.0567 -0.4968 -0.0567
    5  15.2985 THz  -0.4696  0.0000  0.1883  0.3229 -0.1883 -0.3229  0.2101  0.4200 -0.3730 -0.0240  0.3730  0.0240


 Q= -0.093656  0.000000  0.000000, q=  0.000000 -0.250000 -0.250000

                       Si X   0        Si Y   0        Si Z   0        Si X   1        Si Y   1        Si Z   1     
                    --------------- --------------- --------------- --------------- --------------- ---------------
    0   3.5931 THz   0.0000  0.0000 -0.4705 -0.0296 -0.4125 -0.3280  0.0000  0.0000 -0.1590 -0.2827 -0.3018 -0.5511
    1   3.5931 THz   0.0000  0.0000  0.5270  0.0031 -0.3851 -0.2720 -0.0000  0.0000  0.5806 -0.2401 -0.3011  0.1206
    2   7.5138 THz  -0.7071  0.0000  0.0000 -0.0000  0.0000 -0.0000 -0.7071 -0.0000  0.0000 -0.0000 -0.0000  0.0000
    3  15.0123 THz   0.0000  0.0000  0.6185 -0.0373  0.2949  0.1706 -0.0000  0.0000 -0.3730 -0.1568 -0.2526 -0.5220
    4  15.0123 THz   0.0000  0.0000 -0.3407  0.0005  0.5171  0.3413  0.0000  0.0000  0.4796 -0.3260 -0.4014 -0.0506
    5  15.3646 THz   0.7071  0.0000  0.0000 -0.0000  0.0000 -0.0000 -0.7071 -0.0000  0.0000 -0.0000 -0.0000  0.0000


 Q= -0.046828  0.046828 -0.046828, q=  0.000000 -0.250000  0.000000

                       Si X   0        Si Y   0        Si Z   0        Si X   1        Si Y   1        Si Z   1     
                    --------------- --------------- --------------- --------------- --------------- ---------------
    0   2.6846 THz  -0.5354  0.0000 -0.0978  0.0785  0.4376  0.0785 -0.5045 -0.1791 -0.1184  0.0413  0.3861  0.2204
    1   2.6846 THz   0.2161  0.0000  0.5289  0.1945  0.3128  0.1945  0.2037  0.0723  0.4334  0.3602  0.2297  0.2879
    2   7.1385 THz  -0.4082  0.0000  0.4082 -0.0000 -0.4082 -0.0000 -0.3431  0.2212  0.3431 -0.2212 -0.3431  0.2212
    3  15.2557 THz  -0.4082  0.0000  0.4082  0.0000 -0.4082  0.0000  0.3431 -0.2212 -0.3431  0.2212  0.3431 -0.2212
    4  15.5513 THz  -0.1520  0.0000  0.4049 -0.0365  0.5570 -0.0365  0.1433  0.0509 -0.3938 -0.1010 -0.5371 -0.1519
    5  15.5513 THz   0.5570  0.0000  0.4098 -0.0100 -0.1472 -0.0100 -0.5249 -0.1863 -0.3895 -0.1277  0.1354  0.0586


 Q=  0.000000  0.093656 -0.093656, q=  0.000000 -0.250000  0.250000

                       Si X   0        Si Y   0        Si Z   0        Si X   1        Si Y   1        Si Z   1     
                    --------------- --------------- --------------- --------------- --------------- ---------------
    0   3.8266 THz   0.0000  0.0000 -0.3092 -0.3929 -0.3092 -0.3929  0.0000 -0.0000 -0.3092 -0.3929 -0.3092 -0.3929
    1   5.6696 THz  -0.6132  0.0000 -0.0000  0.2490 -0.0000 -0.2490 -0.6132  0.0000 -0.0000 -0.2490 -0.0000  0.2490
    2   8.8551 THz  -0.3634  0.0000 -0.0000 -0.4289  0.0000  0.4289  0.3634 -0.0000 -0.0000 -0.4289  0.0000  0.4289
    3  13.3843 THz   0.3522  0.0000  0.0000  0.4336 -0.0000 -0.4336  0.3522 -0.0000 -0.0000 -0.4336  0.0000  0.4336
    4  14.9983 THz   0.0000  0.0000  0.4404 -0.2368  0.4404 -0.2368 -0.0000 -0.0000 -0.4404  0.2368 -0.4404  0.2368
    5  15.5527 THz  -0.6066  0.0000  0.0000  0.2569  0.0000 -0.2569  0.6066 -0.0000 -0.0000  0.2569 -0.0000 -0.2569


 Q= -0.093656 -0.093656  0.093656, q=  0.000000  0.000000 -0.500000

                       Si X   0        Si Y   0        Si Z   0        Si X   1        Si Y   1        Si Z   1     
                    --------------- --------------- --------------- --------------- --------------- ---------------
    0   2.8633 THz   0.4235  0.0000  0.1190 -0.0781  0.5425 -0.0781  0.2995  0.2995  0.1393  0.0290  0.4388  0.3284
    1   2.8633 THz  -0.3924  0.0000  0.5532 -0.0842  0.1608 -0.0842 -0.2775 -0.2775  0.4507  0.3316  0.1732  0.0541
    2  11.1884 THz   0.4082  0.0000  0.4082 -0.0000 -0.4082 -0.0000 -0.2887 -0.2887 -0.2887 -0.2887  0.2887  0.2887
    3  13.4935 THz  -0.4082  0.0000 -0.4082  0.0000  0.4082  0.0000 -0.2887 -0.2887 -0.2887 -0.2887  0.2887  0.2887
    4  15.4510 THz  -0.1189  0.0000 -0.4172 -0.1107 -0.5360 -0.1107  0.0840  0.0840  0.2167  0.3733  0.3007  0.4573
    5  15.4510 THz   0.5650  0.0000 -0.3828 -0.0233  0.1822 -0.0233 -0.3995 -0.3995  0.2542  0.2871 -0.1453 -0.1124


 Q= -0.046828 -0.046828  0.046828, q=  0.000000  0.000000 -0.250000

                       Si X   0        Si Y   0        Si Z   0        Si X   1        Si Y   1        Si Z   1     
                    --------------- --------------- --------------- --------------- --------------- ---------------
    0   2.6846 THz   0.2033  0.0000  0.3476  0.1309  0.5510  0.1309  0.1916  0.0680  0.2838  0.2396  0.4754  0.3076
    1   2.6846 THz   0.5404  0.0000 -0.4392 -0.0493  0.1011 -0.0493  0.5092  0.1807 -0.3975 -0.1933  0.1118 -0.0126
    2   7.1385 THz   0.4082  0.0000  0.4082 -0.0000 -0.4082 -0.0000  0.3431 -0.2212  0.3431 -0.2212 -0.3431  0.2212
    3  15.2557 THz  -0.4082  0.0000 -0.4082 -0.0000  0.4082 -0.0000  0.3431 -0.2212  0.3431 -0.2212 -0.3431  0.2212
    4  15.5513 THz   0.2869 -0.0000 -0.5572 -0.1306 -0.2703 -0.1306 -0.2704 -0.0960  0.4814  0.3095  0.2110  0.2135
    5  15.5513 THz  -0.5010  0.0000  0.0136 -0.0748 -0.4874 -0.0748  0.4722  0.1676 -0.0378  0.0660  0.4343  0.2335


 Q=  0.000000  0.000000  0.000000, q=  0.000000  0.000000  0.000000

                       Si X   0        Si Y   0        Si Z   0        Si X   1        Si Y   1        Si Z   1     
                    --------------- --------------- --------------- --------------- --------------- ---------------
    0   0.0000 THz   0.0000  0.0000  0.2355  0.0000 -0.6667  0.0000 -0.0000  0.0000  0.2355  0.0000 -0.6667  0.0000
    1   0.0000 THz   0.0000  0.0000  0.6667  0.0000  0.2355  0.0000  0.0000  0.0000  0.6667  0.0000  0.2355  0.0000
    2   0.0000 THz   0.7071  0.0000  0.0000  0.0000 -0.0000  0.0000  0.7071  0.0000  0.0000  0.0000 -0.0000  0.0000
    3  15.8135 THz   0.7071  0.0000  0.0000  0.0000  0.0000  0.0000 -0.7071  0.0000 -0.0000  0.0000  0.0000  0.0000
    4  15.8135 THz   0.0000  0.0000  0.6232  0.0000  0.3341  0.0000  0.0000  0.0000 -0.6232  0.0000 -0.3341  0.0000
    5  15.8135 THz   0.0000  0.0000 -0.3341  0.0000  0.6232  0.0000 -0.0000  0.0000  0.3341  0.0000 -0.6232  0.0000


 Q=  0.046828  0.046828 -0.046828, q=  0.000000  0.000000  0.250000

                       Si X   0        Si Y   0        Si Z   0        Si X   1        Si Y   1        Si Z   1     
                    --------------- --------------- --------------- --------------- --------------- ---------------
    0   2.6846 THz   0.2033  0.0000  0.3476 -0.1309  0.5510 -0.1309  0.1916 -0.0680  0.2838 -0.2396  0.4754 -0.3076
    1   2.6846 THz   0.5404  0.0000 -0.4392  0.0493  0.1011  0.0493  0.5092 -0.1807 -0.3975  0.1933  0.1118  0.0126
    2   7.1385 THz   0.4082  0.0000  0.4082  0.0000 -0.4082  0.0000  0.3431  0.2212  0.3431  0.2212 -0.3431 -0.2212
    3  15.2557 THz  -0.4082  0.0000 -0.4082  0.0000  0.4082  0.0000  0.3431  0.2212  0.3431  0.2212 -0.3431 -0.2212
    4  15.5513 THz   0.2869 -0.0000 -0.5572  0.1306 -0.2703  0.1306 -0.2704  0.0960  0.4814 -0.3095  0.2110 -0.2135
    5  15.5513 THz  -0.5010  0.0000  0.0136  0.0748 -0.4874  0.0748  0.4722 -0.1676 -0.0378 -0.0660  0.4343 -0.2335


 Q= -0.046828 -0.140483  0.140483, q=  0.000000  0.250000 -0.500000

                       Si X   0        Si Y   0        Si Z   0        Si X   1        Si Y   1        Si Z   1     
                    --------------- --------------- --------------- --------------- --------------- ---------------
    0   3.7472 THz  -0.0000  0.0000 -0.4413 -0.2351 -0.4413 -0.2351 -0.0000 -0.0000 -0.2947 -0.4039 -0.2947 -0.4039
    1   5.6761 THz   0.3702  0.0000 -0.2604  0.3371  0.2604 -0.3371  0.2987  0.2187 -0.0110 -0.4259  0.0110  0.4259
    2   9.9587 THz  -0.5611  0.0000 -0.1181  0.2804  0.1181 -0.2804  0.1156 -0.5491  0.2987 -0.0578 -0.2987  0.0578
    3  13.1980 THz   0.5723  0.0000  0.2071 -0.2081 -0.2071  0.2081  0.2648 -0.5074  0.2803 -0.0874 -0.2803  0.0874
    4  14.9005 THz   0.0000  0.0000  0.4377  0.2416  0.4377  0.2416 -0.0000 -0.0000 -0.2886 -0.4083 -0.2886 -0.4083
    5  15.2985 THz  -0.4696  0.0000  0.1883 -0.3229 -0.1883  0.3229  0.4200  0.2101 -0.0240 -0.3730  0.0240  0.3730


 Q=  0.000000 -0.093656  0.093656, q=  0.000000  0.250000 -0.250000

                       Si X   0        Si Y   0        Si Z   0        Si X   1        Si Y   1        Si Z   1     
                    --------------- --------------- --------------- --------------- --------------- ---------------
    0   3.8266 THz   0.0000  0.0000 -0.3092  0.3929 -0.3092  0.3929  0.0000  0.0000 -0.3092  0.3929 -0.3092  0.3929
    1   5.6696 THz  -0.6132  0.0000 -0.0000 -0.2490 -0.0000  0.2490 -0.6132 -0.0000 -0.0000  0.2490 -0.0000 -0.2490
    2   8.8551 THz  -0.3634  0.0000 -0.0000  0.4289  0.0000 -0.4289  0.3634  0.0000 -0.0000  0.4289  0.0000 -0.4289
    3  13.3843 THz   0.3522  0.0000  0.0000 -0.4336 -0.0000  0.4336  0.3522  0.0000 -0.0000  0.4336  0.0000 -0.4336
    4  14.9983 THz   0.0000  0.0000  0.4404  0.2368  0.4404  0.2368 -0.0000  0.0000 -0.4404 -0.2368 -0.4404 -0.2368
    5  15.5527 THz  -0.6066  0.0000  0.0000 -0.2569  0.0000  0.2569  0.6066  0.0000 -0.0000 -0.2569 -0.0000  0.2569


 Q=  0.046828 -0.046828  0.046828, q=  0.000000  0.250000  0.000000

                       Si X   0        Si Y   0        Si Z   0        Si X   1        Si Y   1        Si Z   1     
                    --------------- --------------- --------------- --------------- --------------- ---------------
    0   2.6846 THz  -0.5354  0.0000 -0.0978 -0.0785  0.4376 -0.0785 -0.5045  0.1791 -0.1184 -0.0413  0.3861 -0.2204
    1   2.6846 THz   0.2161  0.0000  0.5289 -0.1945  0.3128 -0.1945  0.2037 -0.0723  0.4334 -0.3602  0.2297 -0.2879
    2   7.1385 THz  -0.4082  0.0000  0.4082  0.0000 -0.4082  0.0000 -0.3431 -0.2212  0.3431  0.2212 -0.3431 -0.2212
    3  15.2557 THz  -0.4082  0.0000  0.4082 -0.0000 -0.4082 -0.0000  0.3431  0.2212 -0.3431 -0.2212  0.3431  0.2212
    4  15.5513 THz  -0.1520  0.0000  0.4049  0.0365  0.5570  0.0365  0.1433 -0.0509 -0.3938  0.1010 -0.5371  0.1519
    5  15.5513 THz   0.5570  0.0000  0.4098  0.0100 -0.1472  0.0100 -0.5249  0.1863 -0.3895  0.1277  0.1354 -0.0586


 Q=  0.093656  0.000000  0.000000, q=  0.000000  0.250000  0.250000

                       Si X   0        Si Y   0        Si Z   0        Si X   1        Si Y   1        Si Z   1     
                    --------------- --------------- --------------- --------------- --------------- ---------------
    0   3.5931 THz   0.0000  0.0000 -0.4705  0.0296 -0.4125  0.3280  0.0000 -0.0000 -0.1590  0.2827 -0.3018  0.5511
    1   3.5931 THz   0.0000  0.0000  0.5270 -0.0031 -0.3851  0.2720 -0.0000 -0.0000  0.5806  0.2401 -0.3011 -0.1206
    2   7.5138 THz  -0.7071  0.0000  0.0000  0.0000  0.0000  0.0000 -0.7071  0.0000  0.0000  0.0000 -0.0000 -0.0000
    3  15.0123 THz   0.0000  0.0000  0.6185  0.0373  0.2949 -0.1706 -0.0000 -0.0000 -0.3730  0.1568 -0.2526  0.5220
    4  15.0123 THz   0.0000  0.0000 -0.3407 -0.0005  0.5171 -0.3413  0.0000 -0.0000  0.4796  0.3260 -0.4014  0.0506
    5  15.3646 THz   0.7071  0.0000  0.0000  0.0000  0.0000  0.0000 -0.7071  0.0000  0.0000  0.0000 -0.0000 -0.0000


 Q= -0.234139  0.046828  0.046828, q=  0.250000 -0.500000 -0.500000

                       Si X   0        Si Y   0        Si Z   0        Si X   1        Si Y   1        Si Z   1     
                    --------------- --------------- --------------- --------------- --------------- ---------------
    0   3.7472 THz   0.0000  0.0000  0.1661 -0.4716 -0.1661  0.4716 -0.0000 -0.0000 -0.4968  0.0561  0.4968 -0.0561
    1   5.6761 THz   0.3702  0.0000 -0.2604 -0.3371 -0.2604 -0.3371 -0.2187 -0.2987  0.4259  0.0110  0.4259  0.0110
    2   9.9587 THz  -0.5611  0.0000 -0.1181 -0.2804 -0.1181 -0.2804  0.5491 -0.1156  0.0578 -0.2987  0.0578 -0.2987
    3  13.1980 THz   0.5723  0.0000  0.2071  0.2081  0.2071  0.2081  0.5074 -0.2648  0.0874 -0.2803  0.0874 -0.2803
    4  14.9005 THz  -0.0000  0.0000  0.3151  0.3882 -0.3151 -0.3882 -0.0000 -0.0000 -0.2120  0.4528  0.2120 -0.4528
    5  15.2985 THz   0.4696  0.0000 -0.1883 -0.3229 -0.1883 -0.3229  0.2101  0.4200 -0.3730 -0.0240 -0.3730 -0.0240


 Q= -0.187311  0.093656  0.000000, q=  0.250000 -0.500000 -0.250000

                       Si X   0        Si Y   0        Si Z   0        Si X   1        Si Y   1        Si Z   1     
                    --------------- --------------- --------------- --------------- --------------- ---------------
    0   5.6998 THz   0.0000  0.0000 -0.6744  0.3177 -0.0000 -0.0000 -0.4263  0.2008  0.0000  0.0000 -0.2008 -0.4263
    1   5.6998 THz  -0.4713  0.0000 -0.0000  0.0000  0.0000  0.4713 -0.0000  0.0000 -0.7455  0.0000 -0.0000  0.0000
    2  11.2594 THz   0.0000  0.0000 -0.0000  0.0000  0.0000  0.0000  0.4572  0.5394  0.0000 -0.0000  0.5394 -0.4572
    3  11.2594 THz  -0.7071  0.0000  0.0000 -0.0000  0.0000 -0.7071 -0.0000  0.0000 -0.0000 -0.0000  0.0000  0.0000
    4  15.0001 THz   0.0000  0.0000  0.5710 -0.3437  0.0000  0.0000 -0.4517  0.2718  0.0000 -0.0000 -0.2718 -0.4517
    5  15.0001 THz   0.5272  0.0000  0.0000 -0.0000  0.0000 -0.5272 -0.0000  0.0000 -0.6665  0.0000  0.0000  0.0000


 Q= -0.140483  0.140483 -0.046828, q=  0.250000 -0.500000  0.000000

                       Si X   0        Si Y   0        Si Z   0        Si X   1        Si Y   1        Si Z   1     
                    --------------- --------------- --------------- --------------- --------------- ---------------
    0   3.7472 THz   0.5000  0.0000  0.5000 -0.0000  0.0000  0.0000  0.4500  0.2179  0.4500  0.2179  0.0000  0.0000
    1   5.6761 THz   0.4260  0.0000 -0.4260  0.0000 -0.2263 -0.2929 -0.3303  0.2691  0.3303 -0.2691 -0.0096 -0.3701
    2   9.9587 THz  -0.3043  0.0000  0.3043 -0.0000 -0.2179 -0.5171  0.1693  0.2528 -0.1693 -0.2528  0.5509 -0.1067
    3  13.1980 THz  -0.2936  0.0000  0.2936 -0.0000 -0.4037 -0.4057 -0.2597 -0.1371  0.2597  0.1371 -0.5464  0.1703
    4  14.9005 THz   0.5000  0.0000  0.5000  0.0000  0.0000  0.0000 -0.4500 -0.2179 -0.4500 -0.2179  0.0000 -0.0000
    5  15.2985 THz  -0.3738  0.0000  0.3738  0.0000  0.2366  0.4057 -0.3102  0.2086  0.3102 -0.2086 -0.0301 -0.4687


 Q= -0.093656  0.187311 -0.093656, q=  0.250000 -0.500000  0.250000

                       Si X   0        Si Y   0        Si Z   0        Si X   1        Si Y   1        Si Z   1     
                    --------------- --------------- --------------- --------------- --------------- ---------------
    0   3.8266 THz   0.5000  0.0000 -0.0000 -0.0000 -0.5000 -0.0000 -0.0000  0.5000  0.0000 -0.0000 -0.0000 -0.5000
    1   5.6696 THz  -0.2490  0.0000 -0.0000  0.6132 -0.2490 -0.0000 -0.0000  0.2490 -0.6132 -0.0000 -0.0000  0.2490
    2   8.8551 THz   0.4289  0.0000  0.0000  0.3634  0.4289 -0.0000  0.0000  0.4289  0.3634  0.0000  0.0000  0.4289
    3  13.3843 THz   0.4336  0.0000  0.0000  0.3522  0.4336 -0.0000 -0.0000 -0.4336 -0.3522  0.0000 -0.0000 -0.4336
    4  14.9983 THz   0.5000  0.0000  0.0000  0.0000 -0.5000  0.0000 -0.0000 -0.5000  0.0000 -0.0000  0.0000  0.5000
    5  15.5527 THz   0.2569  0.0000 -0.0000 -0.6066  0.2569 -0.0000  0.0000  0.2569 -0.6066  0.0000  0.0000  0.2569


 Q= -0.187311  0.000000  0.093656, q=  0.250000 -0.250000 -0.500000

                       Si X   0        Si Y   0        Si Z   0        Si X   1        Si Y   1        Si Z   1     
                    --------------- --------------- --------------- --------------- --------------- ---------------
    0   5.6998 THz  -0.4713  0.0000 -0.0000  0.4713  0.0000 -0.0000  0.0000 -0.0000 -0.0000  0.0000 -0.7455 -0.0000
    1   5.6998 THz   0.0000  0.0000 -0.0000 -0.0000 -0.4928  0.5594 -0.3115  0.3536 -0.3536 -0.3115 -0.0000  0.0000
    2  11.2594 THz  -0.7071  0.0000  0.0000 -0.7071 -0.0000  0.0000 -0.0000 -0.0000  0.0000  0.0000 -0.0000  0.0000
    3  11.2594 THz   0.0000  0.0000  0.0000 -0.0000  0.0000 -0.0000  0.6463  0.2868  0.2868 -0.6463 -0.0000  0.0000
    4  15.0001 THz   0.5272  0.0000  0.0000 -0.5272  0.0000  0.0000  0.0000 -0.0000  0.0000  0.0000 -0.6665  0.0000
    5  15.0001 THz   0.0000  0.0000  0.0000  0.0000  0.6647  0.0482 -0.5258 -0.0381  0.0381 -0.5258 -0.0000 -0.0000


 Q= -0.140483  0.046828  0.046828, q=  0.250000 -0.250000 -0.250000

                       Si X   0        Si Y   0        Si Z   0        Si X   1        Si Y   1        Si Z   1     
                    --------------- --------------- --------------- --------------- --------------- ---------------
    0   3.7472 THz   0.0000  0.0000 -0.2018 -0.4574  0.2018  0.4574  0.0000 -0.0000 -0.4997 -0.0177  0.4997  0.0177
    1   5.6761 THz   0.3702  0.0000  0.2604 -0.3371  0.2604 -0.3371  0.2187 -0.2987  0.4259 -0.0110  0.4259 -0.0110
    2   9.9587 THz   0.5611  0.0000 -0.1181  0.2804 -0.1181  0.2804  0.5491  0.1156 -0.0578 -0.2987 -0.0578 -0.2987
    3  13.1980 THz  -0.5723  0.0000  0.2071 -0.2081  0.2071 -0.2081  0.5074  0.2648 -0.0874 -0.2803 -0.0874 -0.2803
    4  14.9005 THz   0.0000  0.0000  0.4360 -0.2448 -0.4360  0.2448 -0.0000  0.0000  0.0303  0.4991 -0.0303 -0.4991
    5  15.2985 THz  -0.4696  0.0000 -0.1883  0.3229 -0.1883  0.3229  0.2101 -0.4200  0.3730 -0.0240  0.3730 -0.0240


 Q= -0.093656  0.093656  0.000000, q=  0.250000 -0.250000  0.000000

                       Si X   0        Si Y   0        Si Z   0        Si X   1        Si Y   1        Si Z   1     
                    --------------- --------------- --------------- --------------- --------------- ---------------
    0   3.8266 THz   0.5000  0.0000  0.5000  0.0000 -0.0000  0.0000  0.5000  0.0000  0.5000  0.0000 -0.0000  0.0000
    1   5.6696 THz   0.2490  0.0000 -0.2490 -0.0000  0.0000 -0.6132 -0.2490 -0.0000  0.2490 -0.0000  0.0000 -0.6132
    2   8.8551 THz  -0.4289  0.0000  0.4289 -0.0000 -0.0000 -0.3634 -0.4289  0.0000  0.4289 -0.0000 -0.0000  0.3634
    3  13.3843 THz   0.4336  0.0000 -0.4336  0.0000 -0.0000  0.3522 -0.4336  0.0000  0.4336 -0.0000 -0.0000  0.3522
    4  14.9983 THz   0.5000  0.0000  0.5000 -0.0000  0.0000  0.0000 -0.5000  0.0000 -0.5000  0.0000 -0.0000 -0.0000
    5  15.5527 THz   0.2569  0.0000 -0.2569  0.0000 -0.0000 -0.6066  0.2569 -0.0000 -0.2569 -0.0000  0.0000  0.6066


 Q= -0.046828  0.140483 -0.046828, q=  0.250000 -0.250000  0.250000

                       Si X   0        Si Y   0        Si Z   0        Si X   1        Si Y   1        Si Z   1     
                    --------------- --------------- --------------- --------------- --------------- ---------------
    0   3.7472 THz   0.5000  0.0000 -0.0000  0.0000 -0.5000 -0.0000  0.2179  0.4500 -0.0000 -0.0000 -0.2179 -0.4500
    1   5.6761 THz   0.4260  0.0000  0.2263 -0.2929  0.4260  0.0000  0.2691 -0.3303  0.3701  0.0096  0.2691 -0.3303
    2   9.9587 THz   0.3043  0.0000 -0.2179  0.5171  0.3043 -0.0000 -0.2528 -0.1693 -0.1067  0.5509 -0.2528 -0.1693
    3  13.1980 THz  -0.2936  0.0000  0.4037 -0.4057 -0.2936 -0.0000 -0.1371 -0.2597 -0.1703  0.5464 -0.1371 -0.2597
    4  14.9005 THz   0.5000  0.0000 -0.0000  0.0000 -0.5000  0.0000 -0.2179 -0.4500  0.0000 -0.0000  0.2179  0.4500
    5  15.2985 THz  -0.3738  0.0000 -0.2366  0.4057 -0.3738  0.0000  0.2086 -0.3102  0.4687  0.0301  0.2086 -0.3102


 Q= -0.140483 -0.046828  0.140483, q=  0.250000  0.000000 -0.500000

                       Si X   0        Si Y   0        Si Z   0        Si X   1        Si Y   1        Si Z   1     
                    --------------- --------------- --------------- --------------- --------------- ---------------
    0   3.7472 THz  -0.5000 -0.0000 -0.0000 -0.0000 -0.5000  0.0000 -0.4500 -0.2179 -0.0000 -0.0000 -0.4500 -0.2179
    1   5.6761 THz  -0.4260  0.0000  0.2263  0.2929  0.4260 -0.0000  0.3303 -0.2691  0.0096  0.3701 -0.3303  0.2691
    2   9.9587 THz   0.3043  0.0000  0.2179  0.5171 -0.3043 -0.0000 -0.1693 -0.2528 -0.5509  0.1067  0.1693  0.2528
    3  13.1980 THz   0.2936  0.0000  0.4037  0.4057 -0.2936 -0.0000  0.2597  0.1371  0.5464 -0.1703 -0.2597 -0.1371
    4  14.9005 THz   0.5000  0.0000  0.0000 -0.0000  0.5000 -0.0000 -0.4500 -0.2179 -0.0000 -0.0000 -0.4500 -0.2179
    5  15.2985 THz  -0.3738  0.0000  0.2366  0.4057  0.3738 -0.0000 -0.3102  0.2086 -0.0301 -0.4687  0.3102 -0.2086


 Q= -0.093656  0.000000  0.093656, q=  0.250000  0.000000 -0.250000

                       Si X   0        Si Y   0        Si Z   0        Si X   1        Si Y   1        Si Z   1     
                    --------------- --------------- --------------- --------------- --------------- ---------------
    0   3.8266 THz   0.5000  0.0000 -0.0000  0.0000  0.5000  0.0000  0.5000  0.0000 -0.0000  0.0000  0.5000 -0.0000
    1   5.6696 THz  -0.2490  0.0000 -0.0000  0.6132  0.2490  0.0000  0.2490  0.0000 -0.0000  0.6132 -0.2490 -0.0000
    2   8.8551 THz  -0.4289  0.0000  0.0000 -0.3634  0.4289 -0.0000 -0.4289 -0.0000  0.0000  0.3634  0.4289 -0.0000
    3  13.3843 THz   0.4336  0.0000  0.0000  0.3522 -0.4336 -0.0000 -0.4336 -0.0000  0.0000  0.3522  0.4336 -0.0000
    4  14.9983 THz  -0.5000  0.0000  0.0000  0.0000 -0.5000 -0.0000  0.5000  0.0000  0.0000 -0.0000  0.5000 -0.0000
    5  15.5527 THz   0.2569  0.0000 -0.0000 -0.6066 -0.2569 -0.0000  0.2569  0.0000  0.0000  0.6066 -0.2569  0.0000


 Q= -0.046828  0.046828  0.046828, q=  0.250000  0.000000  0.000000

                       Si X   0        Si Y   0        Si Z   0        Si X   1        Si Y   1        Si Z   1     
                    --------------- --------------- --------------- --------------- --------------- ---------------
    0   2.6846 THz  -0.1537  0.0000  0.4010  0.0631 -0.5547 -0.0631 -0.1448  0.0514  0.3990 -0.0747 -0.5438  0.1261
    1   2.6846 THz   0.5565  0.0000  0.4102  0.0174  0.1463 -0.0174  0.5245 -0.1861  0.3924 -0.1208  0.1320 -0.0653
    2   7.1385 THz   0.4082  0.0000 -0.4082 -0.0000 -0.4082  0.0000  0.3431  0.2212 -0.3431 -0.2212 -0.3431 -0.2212
    3  15.2557 THz  -0.4082  0.0000  0.4082  0.0000  0.4082  0.0000  0.3431  0.2212 -0.3431 -0.2212 -0.3431 -0.2212
    4  15.5513 THz   0.5250  0.0000  0.4336 -0.1184  0.0913  0.1184 -0.4947  0.1756 -0.3691  0.2566 -0.1256 -0.0810
    5  15.5513 THz  -0.2403 -0.0000  0.2537 -0.2586 -0.4941  0.2586  0.2265 -0.0804 -0.1526  0.3286  0.3791 -0.4090


 Q=  0.000000  0.093656  0.000000, q=  0.250000  0.000000  0.250000

                       Si X   0        Si Y   0        Si Z   0        Si X   1        Si Y   1        Si Z   1     
                    --------------- --------------- --------------- --------------- --------------- ---------------
    0   3.5931 THz   0.5247  0.0000 -0.0000 -0.0000 -0.0077 -0.4739  0.1092  0.0049 -0.0000 -0.0000 -0.0060 -0.6986
    1   3.5931 THz  -0.4740  0.0000 -0.0000 -0.0000 -0.0085 -0.5247 -0.6986  0.0054 -0.0000 -0.0000 -0.0066 -0.1091
    2   7.5138 THz  -0.0000  0.0000 -0.7067 -0.0233  0.0000  0.0000  0.0000 -0.0000 -0.7067 -0.0233  0.0000  0.0000
    3  15.0123 THz   0.6845  0.0000  0.0000 -0.0000 -0.0088 -0.1773 -0.4201 -0.0055 -0.0000  0.0000  0.0068  0.5687
    4  15.0123 THz   0.1775  0.0000  0.0000  0.0000  0.0339  0.6836 -0.5684  0.0214 -0.0000 -0.0000 -0.0263 -0.4193
    5  15.3646 THz  -0.0000  0.0000  0.7039 -0.0670 -0.0000 -0.0000  0.0000 -0.0000 -0.7039  0.0670  0.0000 -0.0000


 Q= -0.093656 -0.093656  0.187311, q=  0.250000  0.250000 -0.500000

                       Si X   0        Si Y   0        Si Z   0        Si X   1        Si Y   1        Si Z   1     
                    --------------- --------------- --------------- --------------- --------------- ---------------
    0   3.8266 THz   0.5000  0.0000 -0.5000 -0.0000 -0.0000  0.0000 -0.0000  0.5000  0.0000 -0.5000 -0.0000 -0.0000
    1   5.6696 THz   0.2490  0.0000  0.2490  0.0000  0.0000 -0.6132  0.0000 -0.2490 -0.0000 -0.2490  0.6132  0.0000
    2   8.8551 THz  -0.4289  0.0000 -0.4289 -0.0000  0.0000 -0.3634  0.0000 -0.4289  0.0000 -0.4289 -0.3634  0.0000
    3  13.3843 THz  -0.4336  0.0000 -0.4336  0.0000  0.0000 -0.3522  0.0000  0.4336 -0.0000  0.4336  0.3522  0.0000
    4  14.9983 THz  -0.5000  0.0000  0.5000  0.0000 -0.0000 -0.0000 -0.0000  0.5000 -0.0000 -0.5000 -0.0000 -0.0000
    5  15.5527 THz   0.2569  0.0000  0.2569  0.0000  0.0000 -0.6066 -0.0000  0.2569 -0.0000  0.2569 -0.6066 -0.0000


 Q= -0.046828 -0.046828  0.140483, q=  0.250000  0.250000 -0.250000

                       Si X   0        Si Y   0        Si Z   0        Si X   1        Si Y   1        Si Z   1     
                    --------------- --------------- --------------- --------------- --------------- ---------------
    0   3.7472 THz  -0.5000 -0.0000  0.5000  0.0000 -0.0000  0.0000 -0.2179 -0.4500  0.2179  0.4500 -0.0000  0.0000
    1   5.6761 THz  -0.4260  0.0000 -0.4260 -0.0000 -0.2263  0.2929 -0.2691  0.3303 -0.2691  0.3303 -0.3701 -0.0096
    2   9.9587 THz   0.3043  0.0000  0.3043  0.0000 -0.2179  0.5171 -0.2528 -0.1693 -0.2528 -0.1693 -0.1067  0.5509
    3  13.1980 THz  -0.2936  0.0000 -0.2936  0.0000  0.4037 -0.4057 -0.1371 -0.2597 -0.1371 -0.2597 -0.1703  0.5464
    4  14.9005 THz   0.5000  0.0000 -0.5000  0.0000  0.0000 -0.0000 -0.2179 -0.4500  0.2179  0.4500 -0.0000 -0.0000
    5  15.2985 THz   0.3738  0.0000  0.3738 -0.0000  0.2366 -0.4057 -0.2086  0.3102 -0.2086  0.3102 -0.4687 -0.0301


 Q=  0.000000  0.000000  0.093656, q=  0.250000  0.250000  0.000000

                       Si X   0        Si Y   0        Si Z   0        Si X   1        Si Y   1        Si Z   1     
                    --------------- --------------- --------------- --------------- --------------- ---------------
    0   3.5931 THz  -0.1652  0.0000  0.6266  0.2830  0.0000  0.0000  0.0499 -0.3946  0.4867  0.3239  0.0000  0.0000
    1   3.5931 THz   0.6875  0.0000  0.1506  0.0680  0.0000 -0.0000  0.5769 -0.0948  0.1170 -0.3801  0.0000 -0.0000
    2   7.5138 THz  -0.0000  0.0000  0.0000  0.0000 -0.4364 -0.5564  0.0000 -0.0000  0.0000  0.0000 -0.4364 -0.5564
    3  15.0123 THz   0.4505  0.0000  0.4967 -0.2244  0.0000 -0.0000 -0.2086  0.3128 -0.3859  0.4580 -0.0000  0.0000
    4  15.0123 THz   0.5451  0.0000 -0.4105  0.1854 -0.0000  0.0000 -0.5402 -0.2585  0.3189  0.1992  0.0000 -0.0000
    5  15.3646 THz   0.0000  0.0000 -0.0000  0.0000  0.6714  0.2218 -0.0000 -0.0000  0.0000 -0.0000 -0.6714 -0.2218


 Q=  0.046828  0.046828  0.046828, q=  0.250000  0.250000  0.250000

                       Si X   0        Si Y   0        Si Z   0        Si X   1        Si Y   1        Si Z   1     
                    --------------- --------------- --------------- --------------- --------------- ---------------
    0   2.6846 THz  -0.0896  0.0000  0.4075  0.3353 -0.3179 -0.3353 -0.0845 -0.0300  0.2719  0.4523 -0.1874 -0.4223
    1   2.6846 THz   0.5704  0.0000 -0.2282  0.0527 -0.3422 -0.0527  0.5375  0.1908 -0.2327 -0.0267 -0.3048 -0.1641
    2   7.1385 THz  -0.4082  0.0000 -0.4082  0.0000 -0.4082 -0.0000 -0.3431  0.2212 -0.3431  0.2212 -0.3431  0.2212
    3  15.2557 THz  -0.4082  0.0000 -0.4082 -0.0000 -0.4082  0.0000  0.3431 -0.2212  0.3431 -0.2212  0.3431 -0.2212
    4  15.5513 THz   0.1084  0.0000 -0.5398 -0.0733  0.4314  0.0733 -0.1022 -0.0363  0.4842  0.2496 -0.3820 -0.2133
    5  15.5513 THz  -0.5671  0.0000  0.1907 -0.0140  0.3764  0.0140  0.5344  0.1897 -0.1844 -0.0506 -0.3500 -0.1391
