
Used Primitive lattice vector

    0.000000000000      1.863191000000      1.863191000000  
    1.863191000000      0.000000000000      1.863191000000  
    1.863191000000      1.863191000000      0.000000000000  

   1 Atom(s) in the Primitive cell

 0.0000000000 0.0000000000 0.0000000000 Ni    0


 Q= -0.134178 -0.134178 -0.134178, q= -0.500000 -0.500000 -0.500000

                       Ni X   0        Ni Y   0        Ni Z   0     
                    --------------- --------------- ---------------
    0   3.2670 THz   0.0000  0.0000  0.7071  0.0000 -0.7071 -0.0000
    1   3.2670 THz   0.8165  0.0000 -0.4082 -0.0000 -0.4082  0.0000
    2   4.3732 THz  -0.5774  0.0000 -0.5774 -0.0000 -0.5774  0.0000


 Q= -0.067089 -0.067089 -0.201268, q= -0.500000 -0.500000 -0.250000

                       Ni X   0        Ni Y   0        Ni Z   0     
                    --------------- --------------- ---------------
    0   3.5767 THz   0.6052  0.0000  0.6052  0.0000 -0.5171 -0.0000
    1   3.8932 THz  -0.7071  0.0000  0.7071  0.0000  0.0000  0.0000
    2   4.4053 THz  -0.3656 -0.0000 -0.3656 -0.0000 -0.8559 -0.0000


 Q=  0.000000  0.000000 -0.268357, q= -0.500000 -0.500000  0.000000

                       Ni X   0        Ni Y   0        Ni Z   0     
                    --------------- --------------- ---------------
    0   4.4271 THz   0.0000  0.0000 -1.0000 -0.0000  0.0000  0.0000
    1   4.4271 THz   1.0000  0.0000  0.0000  0.0000  0.0000  0.0000
    2   4.4832 THz   0.0000  0.0000 -0.0000  0.0000 -1.0000 -0.0000


 Q=  0.067089  0.067089 -0.335446, q= -0.500000 -0.500000  0.250000

                       Ni X   0        Ni Y   0        Ni Z   0     
                    --------------- --------------- ---------------
    0   3.5767 THz   0.6052  0.0000  0.6052 -0.0000 -0.5171  0.0000
    1   3.8932 THz  -0.7071  0.0000  0.7071 -0.0000  0.0000 -0.0000
    2   4.4053 THz  -0.3656 -0.0000 -0.3656  0.0000 -0.8559  0.0000


 Q= -0.067089 -0.201268 -0.067089, q= -0.500000 -0.250000 -0.500000

                       Ni X   0        Ni Y   0        Ni Z   0     
                    --------------- --------------- ---------------
    0   3.5767 THz   0.6052  0.0000 -0.5171  0.0000  0.6052 -0.0000
    1   3.8932 THz  -0.7071  0.0000  0.0000  0.0000  0.7071 -0.0000
    2   4.4053 THz   0.3656  0.0000  0.8559  0.0000  0.3656 -0.0000


 Q=  0.000000 -0.134178 -0.134178, q= -0.500000 -0.250000 -0.250000

                       Ni X   0        Ni Y   0        Ni Z   0     
                    --------------- --------------- ---------------
    0   3.0485 THz   0.0000  0.0000  0.0713  0.7035 -0.0713 -0.7035
    1   3.5120 THz   1.0000  0.0000  0.0000  0.0000  0.0000  0.0000
    2   4.3596 THz   0.0000  0.0000 -0.1467 -0.6917 -0.1467 -0.6917


 Q=  0.067089 -0.067089 -0.201268, q= -0.500000 -0.250000  0.000000

                       Ni X   0        Ni Y   0        Ni Z   0     
                    --------------- --------------- ---------------
    0   3.5767 THz  -0.6052  0.0000  0.6052  0.0000 -0.5171 -0.0000
    1   3.8932 THz  -0.7071  0.0000 -0.7071 -0.0000 -0.0000  0.0000
    2   4.4053 THz   0.3656  0.0000 -0.3656 -0.0000 -0.8559 -0.0000


 Q=  0.134178  0.000000 -0.268357, q= -0.500000 -0.250000  0.250000

                       Ni X   0        Ni Y   0        Ni Z   0     
                    --------------- --------------- ---------------
    0   3.6727 THz   1.0000  0.0000  0.0000  0.0000  0.0000  0.0000
    1   4.1891 THz   0.0000  0.0000 -0.5052  0.5380 -0.6734  0.0437
    2   4.1891 THz   0.0000  0.0000  0.6187 -0.2694 -0.6954 -0.2470


 Q=  0.000000 -0.268357  0.000000, q= -0.500000  0.000000 -0.500000

                       Ni X   0        Ni Y   0        Ni Z   0     
                    --------------- --------------- ---------------
    0   4.4271 THz   1.0000  0.0000  0.0000  0.0000  0.0000  0.0000
    1   4.4271 THz   0.0000  0.0000  0.0000  0.0000 -1.0000 -0.0000
    2   4.4832 THz   0.0000  0.0000  1.0000  0.0000  0.0000  0.0000


 Q=  0.067089 -0.201268 -0.067089, q= -0.500000  0.000000 -0.250000

                       Ni X   0        Ni Y   0        Ni Z   0     
                    --------------- --------------- ---------------
    0   3.5767 THz  -0.6052  0.0000 -0.5171 -0.0000  0.6052  0.0000
    1   3.8932 THz  -0.7071  0.0000 -0.0000  0.0000 -0.7071 -0.0000
    2   4.4053 THz  -0.3656  0.0000  0.8559  0.0000  0.3656 -0.0000


 Q=  0.134178 -0.134178 -0.134178, q= -0.500000  0.000000  0.000000

                       Ni X   0        Ni Y   0        Ni Z   0     
                    --------------- --------------- ---------------
    0   3.2670 THz   0.0000  0.0000  0.7071 -0.0000 -0.7071  0.0000
    1   3.2670 THz   0.8165  0.0000  0.4082  0.0000  0.4082 -0.0000
    2   4.3732 THz   0.5774  0.0000 -0.5774 -0.0000 -0.5774  0.0000


 Q=  0.201268 -0.067089 -0.201268, q= -0.500000  0.000000  0.250000

                       Ni X   0        Ni Y   0        Ni Z   0     
                    --------------- --------------- ---------------
    0   3.5767 THz  -0.6052  0.0000 -0.5171  0.0000  0.6052 -0.0000
    1   3.8932 THz  -0.7071  0.0000 -0.0000 -0.0000 -0.7071  0.0000
    2   4.4053 THz  -0.3656  0.0000  0.8559 -0.0000  0.3656  0.0000


 Q=  0.067089 -0.335446  0.067089, q= -0.500000  0.250000 -0.500000

                       Ni X   0        Ni Y   0        Ni Z   0     
                    --------------- --------------- ---------------
    0   3.5767 THz   0.6052  0.0000 -0.5171  0.0000  0.6052  0.0000
    1   3.8932 THz  -0.7071  0.0000  0.0000 -0.0000  0.7071  0.0000
    2   4.4053 THz   0.3656  0.0000  0.8559 -0.0000  0.3656 -0.0000


 Q=  0.134178 -0.268357  0.000000, q= -0.500000  0.250000 -0.250000

                       Ni X   0        Ni Y   0        Ni Z   0     
                    --------------- --------------- ---------------
    0   3.6727 THz   1.0000  0.0000  0.0000  0.0000  0.0000  0.0000
    1   4.1891 THz   0.0000  0.0000 -0.2595 -0.5226 -0.7822  0.2186
    2   4.1891 THz   0.0000  0.0000  0.7283  0.3593 -0.3516  0.4656


 Q=  0.201268 -0.201268 -0.067089, q= -0.500000  0.250000  0.000000

                       Ni X   0        Ni Y   0        Ni Z   0     
                    --------------- --------------- ---------------
    0   3.5767 THz  -0.6052  0.0000  0.6052  0.0000 -0.5171 -0.0000
    1   3.8932 THz  -0.7071  0.0000 -0.7071 -0.0000 -0.0000 -0.0000
    2   4.4053 THz   0.3656  0.0000 -0.3656 -0.0000 -0.8559 -0.0000


 Q=  0.268357 -0.134178 -0.134178, q= -0.500000  0.250000  0.250000

                       Ni X   0        Ni Y   0        Ni Z   0     
                    --------------- --------------- ---------------
    0   3.0485 THz   0.0000  0.0000  0.4472  0.5477 -0.4472 -0.5477
    1   3.5120 THz   1.0000  0.0000  0.0000  0.0000  0.0000  0.0000
    2   4.3596 THz   0.0000  0.0000 -0.6530 -0.2713 -0.6530 -0.2713


 Q= -0.201268 -0.067089 -0.067089, q= -0.250000 -0.500000 -0.500000

                       Ni X   0        Ni Y   0        Ni Z   0     
                    --------------- --------------- ---------------
    0   3.5767 THz   0.5171  0.0000 -0.6052  0.0000 -0.6052  0.0000
    1   3.8932 THz   0.0000  0.0000  0.7069  0.0154 -0.7069 -0.0154
    2   4.4053 THz   0.8559  0.0000  0.3656 -0.0000  0.3656 -0.0000


 Q= -0.134178  0.000000 -0.134178, q= -0.250000 -0.500000 -0.250000

                       Ni X   0        Ni Y   0        Ni Z   0     
                    --------------- --------------- ---------------
    0   3.0485 THz   0.7071  0.0000  0.0000 -0.0000 -0.7071  0.0000
    1   3.5120 THz   0.0000  0.0000  0.9999 -0.0147  0.0000  0.0000
    2   4.3596 THz   0.7071  0.0000  0.0000  0.0000  0.7071 -0.0000


 Q= -0.067089  0.067089 -0.201268, q= -0.250000 -0.500000  0.000000

                       Ni X   0        Ni Y   0        Ni Z   0     
                    --------------- --------------- ---------------
    0   3.5767 THz   0.6052  0.0000 -0.6052 -0.0000 -0.5171  0.0000
    1   3.8932 THz  -0.7071  0.0000 -0.7071 -0.0000 -0.0000  0.0000
    2   4.4053 THz   0.3656  0.0000 -0.3656 -0.0000  0.8559  0.0000


 Q=  0.000000  0.134178 -0.268357, q= -0.250000 -0.500000  0.250000

                       Ni X   0        Ni Y   0        Ni Z   0     
                    --------------- --------------- ---------------
    0   3.6727 THz   0.0000  0.0000  0.3375 -0.9413 -0.0000 -0.0000
    1   4.1891 THz   0.0000  0.0000  0.0000  0.0000 -0.9407  0.3393
    2   4.1891 THz   1.0000  0.0000  0.0000  0.0000  0.0000  0.0000


 Q= -0.134178 -0.134178  0.000000, q= -0.250000 -0.250000 -0.500000

                       Ni X   0        Ni Y   0        Ni Z   0     
                    --------------- --------------- ---------------
    0   3.0485 THz   0.7071  0.0000 -0.7071  0.0000 -0.0000  0.0000
    1   3.5120 THz   0.0000  0.0000  0.0000 -0.0000 -0.9422  0.3351
    2   4.3596 THz   0.7071  0.0000  0.7071 -0.0000  0.0000 -0.0000


 Q= -0.067089 -0.067089 -0.067089, q= -0.250000 -0.250000 -0.250000

                       Ni X   0        Ni Y   0        Ni Z   0     
                    --------------- --------------- ---------------
    0   2.0211 THz   0.0000  0.0000  0.6959 -0.1255 -0.6959  0.1255
    1   2.0211 THz   0.8165  0.0000 -0.4082 -0.0000 -0.4082  0.0000
    2   4.1150 THz  -0.5774  0.0000 -0.5774 -0.0000 -0.5774  0.0000


 Q=  0.000000  0.000000 -0.134178, q= -0.250000 -0.250000  0.000000

                       Ni X   0        Ni Y   0        Ni Z   0     
                    --------------- --------------- ---------------
    0   3.0568 THz   0.0000  0.0000  0.3994  0.9168  0.0000 -0.0000
    1   3.0568 THz   1.0000  0.0000  0.0000  0.0000  0.0000  0.0000
    2   3.4764 THz   0.0000  0.0000  0.0000  0.0000 -0.5393  0.8421


 Q=  0.067089  0.067089 -0.201268, q= -0.250000 -0.250000  0.250000

                       Ni X   0        Ni Y   0        Ni Z   0     
                    --------------- --------------- ---------------
    0   3.5767 THz  -0.6052  0.0000 -0.6052 -0.0000 -0.5171 -0.0000
    1   3.8932 THz  -0.7071  0.0000  0.7071  0.0000 -0.0000 -0.0000
    2   4.4053 THz  -0.3656  0.0000 -0.3656 -0.0000  0.8559  0.0000


 Q= -0.067089 -0.201268  0.067089, q= -0.250000  0.000000 -0.500000

                       Ni X   0        Ni Y   0        Ni Z   0     
                    --------------- --------------- ---------------
    0   3.5767 THz  -0.6052  0.0000  0.5171 -0.0000  0.6052 -0.0000
    1   3.8932 THz  -0.7071  0.0000  0.0000  0.0000 -0.7071  0.0000
    2   4.4053 THz   0.3656  0.0000  0.8559  0.0000 -0.3656 -0.0000


 Q=  0.000000 -0.134178  0.000000, q= -0.250000  0.000000 -0.250000

                       Ni X   0        Ni Y   0        Ni Z   0     
                    --------------- --------------- ---------------
    0   3.0568 THz   0.0000  0.0000  0.0000 -0.0000 -0.7164  0.6977
    1   3.0568 THz   1.0000  0.0000  0.0000  0.0000  0.0000  0.0000
    2   3.4764 THz   0.0000  0.0000 -0.1052  0.9945 -0.0000  0.0000


 Q=  0.067089 -0.067089 -0.067089, q= -0.250000  0.000000  0.000000

                       Ni X   0        Ni Y   0        Ni Z   0     
                    --------------- --------------- ---------------
    0   2.0211 THz   0.5670  0.0000  0.7922  0.0091 -0.2252 -0.0091
    1   2.0211 THz   0.5875  0.0000 -0.1972 -0.0088  0.7847  0.0088
    2   4.1150 THz  -0.5774  0.0000  0.5774 -0.0000  0.5774 -0.0000


 Q=  0.134178  0.000000 -0.134178, q= -0.250000  0.000000  0.250000

                       Ni X   0        Ni Y   0        Ni Z   0     
                    --------------- --------------- ---------------
    0   3.0485 THz   0.7071  0.0000  0.0000 -0.0000  0.7071  0.0000
    1   3.5120 THz   0.0000  0.0000 -0.9100 -0.4146  0.0000  0.0000
    2   4.3596 THz   0.7071  0.0000  0.0000  0.0000 -0.7071 -0.0000


 Q=  0.000000 -0.268357  0.134178, q= -0.250000  0.250000 -0.500000

                       Ni X   0        Ni Y   0        Ni Z   0     
                    --------------- --------------- ---------------
    0   3.6727 THz   0.0000  0.0000 -0.0000  0.0000 -0.9202 -0.3913
    1   4.1891 THz   0.0000  0.0000  0.9551  0.2963 -0.0000 -0.0000
    2   4.1891 THz   1.0000  0.0000  0.0000  0.0000  0.0000  0.0000


 Q=  0.067089 -0.201268  0.067089, q= -0.250000  0.250000 -0.250000

                       Ni X   0        Ni Y   0        Ni Z   0     
                    --------------- --------------- ---------------
    0   3.5767 THz   0.6052  0.0000  0.5171 -0.0000  0.6052 -0.0000
    1   3.8932 THz  -0.7071  0.0000 -0.0000 -0.0000  0.7071 -0.0000
    2   4.4053 THz  -0.3656 -0.0000  0.8559  0.0000 -0.3656 -0.0000


 Q=  0.134178 -0.134178  0.000000, q= -0.250000  0.250000  0.000000

                       Ni X   0        Ni Y   0        Ni Z   0     
                    --------------- --------------- ---------------
    0   3.0485 THz  -0.7071  0.0000 -0.7071 -0.0000  0.0000 -0.0000
    1   3.5120 THz   0.0000  0.0000  0.0000 -0.0000 -0.1821 -0.9833
    2   4.3596 THz   0.7071  0.0000 -0.7071 -0.0000  0.0000 -0.0000


 Q=  0.201268 -0.067089 -0.067089, q= -0.250000  0.250000  0.250000

                       Ni X   0        Ni Y   0        Ni Z   0     
                    --------------- --------------- ---------------
    0   3.5767 THz  -0.5171  0.0000 -0.6052  0.0000 -0.6052  0.0000
    1   3.8932 THz   0.0000  0.0000  0.7031  0.0755 -0.7031 -0.0755
    2   4.4053 THz   0.8559  0.0000 -0.3656  0.0000 -0.3656  0.0000


 Q= -0.268357  0.000000  0.000000, q=  0.000000 -0.500000 -0.500000

                       Ni X   0        Ni Y   0        Ni Z   0     
                    --------------- --------------- ---------------
    0   4.4271 THz   0.0000  0.0000 -0.9432 -0.0000  0.3322 -0.0000
    1   4.4271 THz   0.0000  0.0000 -0.3322 -0.0000 -0.9432  0.0000
    2   4.4832 THz   1.0000  0.0000  0.0000  0.0000  0.0000  0.0000


 Q= -0.201268  0.067089 -0.067089, q=  0.000000 -0.500000 -0.250000

                       Ni X   0        Ni Y   0        Ni Z   0     
                    --------------- --------------- ---------------
    0   3.5767 THz  -0.5171  0.0000 -0.6052  0.0000  0.6052 -0.0000
    1   3.8932 THz   0.0000  0.0000 -0.6847 -0.1766 -0.6847 -0.1766
    2   4.4053 THz   0.8559  0.0000 -0.3656  0.0000  0.3656 -0.0000


 Q= -0.134178  0.134178 -0.134178, q=  0.000000 -0.500000  0.000000

                       Ni X   0        Ni Y   0        Ni Z   0     
                    --------------- --------------- ---------------
    0   3.2670 THz   0.0000  0.0000 -0.7071 -0.0000 -0.7071 -0.0000
    1   3.2670 THz   0.8165  0.0000  0.4082  0.0000 -0.4082 -0.0000
    2   4.3732 THz   0.5774  0.0000 -0.5774 -0.0000  0.5774  0.0000


 Q= -0.067089  0.201268 -0.201268, q=  0.000000 -0.500000  0.250000

                       Ni X   0        Ni Y   0        Ni Z   0     
                    --------------- --------------- ---------------
    0   3.5767 THz  -0.5171  0.0000 -0.6052  0.0000  0.6052  0.0000
    1   3.8932 THz   0.0000  0.0000 -0.6865 -0.1696 -0.6865 -0.1696
    2   4.4053 THz   0.8559  0.0000 -0.3656  0.0000  0.3656  0.0000


 Q= -0.201268 -0.067089  0.067089, q=  0.000000 -0.250000 -0.500000

                       Ni X   0        Ni Y   0        Ni Z   0     
                    --------------- --------------- ---------------
    0   3.5767 THz   0.5171  0.0000 -0.6052  0.0000  0.6052 -0.0000
    1   3.8932 THz   0.0000  0.0000 -0.7067  0.0247 -0.7067  0.0247
    2   4.4053 THz   0.8559  0.0000  0.3656 -0.0000 -0.3656  0.0000


 Q= -0.134178  0.000000  0.000000, q=  0.000000 -0.250000 -0.250000

                       Ni X   0        Ni Y   0        Ni Z   0     
                    --------------- --------------- ---------------
    0   3.0568 THz   0.0000  0.0000 -0.4259  0.4973 -0.5688  0.4978
    1   3.0568 THz   0.0000  0.0000  0.6718 -0.3463 -0.6189  0.2136
    2   3.4764 THz   1.0000  0.0000  0.0000  0.0000  0.0000  0.0000


 Q= -0.067089  0.067089 -0.067089, q=  0.000000 -0.250000  0.000000

                       Ni X   0        Ni Y   0        Ni Z   0     
                    --------------- --------------- ---------------
    0   2.0211 THz   0.0000  0.0000 -0.7070 -0.0111 -0.7070 -0.0111
    1   2.0211 THz   0.8165  0.0000  0.4082  0.0000 -0.4082 -0.0000
    2   4.1150 THz   0.5774  0.0000 -0.5774 -0.0000  0.5774  0.0000


 Q=  0.000000  0.134178 -0.134178, q=  0.000000 -0.250000  0.250000

                       Ni X   0        Ni Y   0        Ni Z   0     
                    --------------- --------------- ---------------
    0   3.0485 THz   0.0000  0.0000 -0.7070 -0.0122 -0.7070 -0.0122
    1   3.5120 THz   1.0000  0.0000  0.0000  0.0000  0.0000  0.0000
    2   4.3596 THz   0.0000  0.0000 -0.2601 -0.6575  0.2601  0.6575


 Q= -0.134178 -0.134178  0.134178, q=  0.000000  0.000000 -0.500000

                       Ni X   0        Ni Y   0        Ni Z   0     
                    --------------- --------------- ---------------
    0   3.2670 THz   0.0000  0.0000 -0.7071 -0.0000 -0.7071 -0.0000
    1   3.2670 THz   0.8165  0.0000 -0.4082 -0.0000  0.4082 -0.0000
    2   4.3732 THz  -0.5774  0.0000 -0.5774 -0.0000  0.5774 -0.0000


 Q= -0.067089 -0.067089  0.067089, q=  0.000000  0.000000 -0.250000

                       Ni X   0        Ni Y   0        Ni Z   0     
                    --------------- --------------- ---------------
    0   2.0211 THz   0.0000  0.0000 -0.6954 -0.1282 -0.6954 -0.1282
    1   2.0211 THz   0.8165  0.0000 -0.4082  0.0000  0.4082  0.0000
    2   4.1150 THz  -0.5774  0.0000 -0.5774  0.0000  0.5774  0.0000


 Q=  0.000000  0.000000  0.000000, q=  0.000000  0.000000  0.000000

                       Ni X   0        Ni Y   0        Ni Z   0     
                    --------------- --------------- ---------------
    0  -0.0000 THz  -0.9035  0.0000 -0.0200  0.0000 -0.4281  0.0000
    1  -0.0000 THz   0.0283  0.0000  0.9940  0.0000 -0.1061  0.0000
    2   0.0000 THz   0.4276  0.0000 -0.1079  0.0000 -0.8975  0.0000


 Q=  0.067089  0.067089 -0.067089, q=  0.000000  0.000000  0.250000

                       Ni X   0        Ni Y   0        Ni Z   0     
                    --------------- --------------- ---------------
    0   2.0211 THz   0.0000  0.0000 -0.6954  0.1282 -0.6954  0.1282
    1   2.0211 THz   0.8165  0.0000 -0.4082 -0.0000  0.4082 -0.0000
    2   4.1150 THz  -0.5774  0.0000 -0.5774 -0.0000  0.5774 -0.0000


 Q= -0.067089 -0.201268  0.201268, q=  0.000000  0.250000 -0.500000

                       Ni X   0        Ni Y   0        Ni Z   0     
                    --------------- --------------- ---------------
    0   3.5767 THz   0.5171  0.0000 -0.6052 -0.0000  0.6052 -0.0000
    1   3.8932 THz   0.0000  0.0000 -0.7071  0.0080 -0.7071  0.0080
    2   4.4053 THz   0.8559  0.0000  0.3656  0.0000 -0.3656  0.0000


 Q=  0.000000 -0.134178  0.134178, q=  0.000000  0.250000 -0.250000

                       Ni X   0        Ni Y   0        Ni Z   0     
                    --------------- --------------- ---------------
    0   3.0485 THz   0.0000  0.0000 -0.7070  0.0122 -0.7070  0.0122
    1   3.5120 THz   1.0000  0.0000  0.0000  0.0000  0.0000  0.0000
    2   4.3596 THz   0.0000  0.0000 -0.2601  0.6575  0.2601 -0.6575


 Q=  0.067089 -0.067089  0.067089, q=  0.000000  0.250000  0.000000

                       Ni X   0        Ni Y   0        Ni Z   0     
                    --------------- --------------- ---------------
    0   2.0211 THz   0.0000  0.0000 -0.7070  0.0111 -0.7070  0.0111
    1   2.0211 THz   0.8165  0.0000  0.4082 -0.0000 -0.4082  0.0000
    2   4.1150 THz   0.5774  0.0000 -0.5774  0.0000  0.5774 -0.0000


 Q=  0.134178  0.000000  0.000000, q=  0.000000  0.250000  0.250000

                       Ni X   0        Ni Y   0        Ni Z   0     
                    --------------- --------------- ---------------
    0   3.0568 THz   0.0000  0.0000 -0.4259 -0.4973 -0.5688 -0.4978
    1   3.0568 THz   0.0000  0.0000  0.6718  0.3463 -0.6189 -0.2136
    2   3.4764 THz   1.0000  0.0000  0.0000  0.0000  0.0000  0.0000


 Q= -0.335446  0.067089  0.067089, q=  0.250000 -0.500000 -0.500000

                       Ni X   0        Ni Y   0        Ni Z   0     
                    --------------- --------------- ---------------
    0   3.5767 THz   0.5171  0.0000 -0.6052 -0.0000 -0.6052 -0.0000
    1   3.8932 THz   0.0000  0.0000  0.7064 -0.0307 -0.7064  0.0307
    2   4.4053 THz   0.8559  0.0000  0.3656  0.0000  0.3656  0.0000


 Q= -0.268357  0.134178  0.000000, q=  0.250000 -0.500000 -0.250000

                       Ni X   0        Ni Y   0        Ni Z   0     
                    --------------- --------------- ---------------
    0   3.6727 THz   0.0000  0.0000 -0.9928 -0.1194 -0.0000  0.0000
    1   4.1891 THz   0.0000  0.0000  0.0000 -0.0000 -0.9002  0.4355
    2   4.1891 THz   1.0000  0.0000  0.0000  0.0000  0.0000  0.0000


 Q= -0.201268  0.201268 -0.067089, q=  0.250000 -0.500000  0.000000

                       Ni X   0        Ni Y   0        Ni Z   0     
                    --------------- --------------- ---------------
    0   3.5767 THz   0.6052  0.0000 -0.6052  0.0000 -0.5171 -0.0000
    1   3.8932 THz  -0.7071  0.0000 -0.7071  0.0000 -0.0000 -0.0000
    2   4.4053 THz   0.3656  0.0000 -0.3656  0.0000  0.8559 -0.0000


 Q= -0.134178  0.268357 -0.134178, q=  0.250000 -0.500000  0.250000

                       Ni X   0        Ni Y   0        Ni Z   0     
                    --------------- --------------- ---------------
    0   3.0485 THz  -0.7071  0.0000  0.0000 -0.0000  0.7071  0.0000
    1   3.5120 THz   0.0000  0.0000 -0.9949 -0.1008  0.0000  0.0000
    2   4.3596 THz   0.7071  0.0000  0.0000 -0.0000  0.7071  0.0000


 Q= -0.268357  0.000000  0.134178, q=  0.250000 -0.250000 -0.500000

                       Ni X   0        Ni Y   0        Ni Z   0     
                    --------------- --------------- ---------------
    0   3.6727 THz   0.0000  0.0000  0.0000 -0.0000 -0.7656  0.6433
    1   4.1891 THz   0.0000  0.0000  0.3475 -0.9377  0.0000 -0.0000
    2   4.1891 THz   1.0000  0.0000  0.0000  0.0000  0.0000  0.0000


 Q= -0.201268  0.067089  0.067089, q=  0.250000 -0.250000 -0.250000

                       Ni X   0        Ni Y   0        Ni Z   0     
                    --------------- --------------- ---------------
    0   3.5767 THz  -0.5171  0.0000 -0.6052 -0.0000 -0.6052 -0.0000
    1   3.8932 THz   0.0000  0.0000  0.7031 -0.0755 -0.7031  0.0755
    2   4.4053 THz   0.8559  0.0000 -0.3656 -0.0000 -0.3656 -0.0000


 Q= -0.134178  0.134178  0.000000, q=  0.250000 -0.250000  0.000000

                       Ni X   0        Ni Y   0        Ni Z   0     
                    --------------- --------------- ---------------
    0   3.0485 THz  -0.7071  0.0000 -0.7071  0.0000  0.0000  0.0000
    1   3.5120 THz   0.0000  0.0000  0.0000  0.0000 -0.1821  0.9833
    2   4.3596 THz   0.7071  0.0000 -0.7071  0.0000  0.0000  0.0000


 Q= -0.067089  0.201268 -0.067089, q=  0.250000 -0.250000  0.250000

                       Ni X   0        Ni Y   0        Ni Z   0     
                    --------------- --------------- ---------------
    0   3.5767 THz   0.6052  0.0000  0.5171  0.0000  0.6052  0.0000
    1   3.8932 THz  -0.7071  0.0000 -0.0000  0.0000  0.7071  0.0000
    2   4.4053 THz  -0.3656 -0.0000  0.8559 -0.0000 -0.3656  0.0000


 Q= -0.201268 -0.067089  0.201268, q=  0.250000  0.000000 -0.500000

                       Ni X   0        Ni Y   0        Ni Z   0     
                    --------------- --------------- ---------------
    0   3.5767 THz  -0.6052  0.0000  0.5171  0.0000  0.6052  0.0000
    1   3.8932 THz  -0.7071  0.0000  0.0000 -0.0000 -0.7071 -0.0000
    2   4.4053 THz   0.3656  0.0000  0.8559 -0.0000 -0.3656  0.0000


 Q= -0.134178  0.000000  0.134178, q=  0.250000  0.000000 -0.250000

                       Ni X   0        Ni Y   0        Ni Z   0     
                    --------------- --------------- ---------------
    0   3.0485 THz   0.7071  0.0000  0.0000  0.0000  0.7071 -0.0000
    1   3.5120 THz   0.0000  0.0000 -0.9100  0.4146  0.0000 -0.0000
    2   4.3596 THz   0.7071  0.0000  0.0000 -0.0000 -0.7071  0.0000


 Q= -0.067089  0.067089  0.067089, q=  0.250000  0.000000  0.000000

                       Ni X   0        Ni Y   0        Ni Z   0     
                    --------------- --------------- ---------------
    0   2.0211 THz   0.5670  0.0000  0.7922 -0.0091 -0.2252  0.0091
    1   2.0211 THz   0.5875  0.0000 -0.1972  0.0088  0.7847 -0.0088
    2   4.1150 THz  -0.5774  0.0000  0.5774  0.0000  0.5774  0.0000


 Q=  0.000000  0.134178  0.000000, q=  0.250000  0.000000  0.250000

                       Ni X   0        Ni Y   0        Ni Z   0     
                    --------------- --------------- ---------------
    0   3.0568 THz   0.0000  0.0000  0.0000  0.0000 -0.7164 -0.6977
    1   3.0568 THz   1.0000  0.0000  0.0000  0.0000  0.0000  0.0000
    2   3.4764 THz   0.0000  0.0000 -0.1052 -0.9945 -0.0000 -0.0000


 Q= -0.134178 -0.134178  0.268357, q=  0.250000  0.250000 -0.500000

                       Ni X   0        Ni Y   0        Ni Z   0     
                    --------------- --------------- ---------------
    0   3.0485 THz   0.7071  0.0000 -0.7071 -0.0000  0.0000 -0.0000
    1   3.5120 THz   0.0000  0.0000 -0.0000 -0.0000 -0.9826 -0.1858
    2   4.3596 THz   0.7071  0.0000  0.7071  0.0000 -0.0000  0.0000


 Q= -0.067089 -0.067089  0.201268, q=  0.250000  0.250000 -0.250000

                       Ni X   0        Ni Y   0        Ni Z   0     
                    --------------- --------------- ---------------
    0   3.5767 THz  -0.6052  0.0000 -0.6052  0.0000 -0.5171  0.0000
    1   3.8932 THz  -0.7071  0.0000  0.7071 -0.0000 -0.0000  0.0000
    2   4.4053 THz  -0.3656  0.0000 -0.3656  0.0000  0.8559 -0.0000


 Q=  0.000000  0.000000  0.134178, q=  0.250000  0.250000  0.000000

                       Ni X   0        Ni Y   0        Ni Z   0     
                    --------------- --------------- ---------------
    0   3.0568 THz   0.0000  0.0000  0.3994 -0.9168  0.0000  0.0000
    1   3.0568 THz   1.0000  0.0000  0.0000  0.0000  0.0000  0.0000
    2   3.4764 THz   0.0000  0.0000  0.0000 -0.0000 -0.5393 -0.8421


 Q=  0.067089  0.067089  0.067089, q=  0.250000  0.250000  0.250000

                       Ni X   0        Ni Y   0        Ni Z   0     
                    --------------- --------------- ---------------
    0   2.0211 THz   0.0000  0.0000  0.6959  0.1255 -0.6959 -0.1255
    1   2.0211 THz   0.8165  0.0000 -0.4082  0.0000 -0.4082 -0.0000
    2   4.1150 THz  -0.5774  0.0000 -0.5774  0.0000 -0.5774 -0.0000
