
Used Primitive lattice vector

    0.000000000000      2.638314000000      2.638314000000  
    2.638314000000      0.000000000000      2.638314000000  
    2.638314000000      2.638314000000      0.000000000000  

   2 Atom(s) in the Primitive cell

 0.0000000000 0.0000000000 0.0000000000 Si    0
 0.2500000000 0.2500000000 0.2500000000 Si    1


 Q= -0.094757 -0.094757 -0.094757, q= -0.500000 -0.500000 -0.500000

                       Si X   0        Si Y   0        Si Z   0        Si X   1        Si Y   1        Si Z   1     
                    --------------- --------------- --------------- --------------- --------------- ---------------
    0   2.5295 THz  -0.4856  0.0000 -0.0275  0.0105  0.5131 -0.0105 -0.3434  0.3434 -0.0120  0.0268  0.3554 -0.3702
    1   2.5295 THz   0.3123  0.0000 -0.5764  0.0163  0.2640 -0.0163  0.2208 -0.2208 -0.3960  0.4191  0.1752 -0.1982
    2  11.3126 THz  -0.4082  0.0000 -0.4082 -0.0000 -0.4082  0.0000  0.2887 -0.2887  0.2887 -0.2887  0.2887 -0.2887
    3  14.2275 THz  -0.4082  0.0000 -0.4082  0.0000 -0.4082 -0.0000 -0.2887  0.2887 -0.2887  0.2887 -0.2887  0.2887
    4  16.1101 THz  -0.4734  0.0000 -0.0482 -0.0275  0.5216  0.0275  0.3348 -0.3348  0.0535 -0.0146 -0.3883  0.3493
    5  16.1101 THz  -0.3305  0.0000  0.5733  0.0394 -0.2429 -0.0394  0.2337 -0.2337 -0.4333  0.3775  0.1996 -0.1438


 Q= -0.047379 -0.047379 -0.142136, q= -0.500000 -0.500000 -0.250000

                       Si X   0        Si Y   0        Si Z   0        Si X   1        Si Y   1        Si Z   1     
                    --------------- --------------- --------------- --------------- --------------- ---------------
    0   3.3997 THz  -0.5000  0.0000  0.5000  0.0000  0.0000  0.0000 -0.2118  0.4529  0.2118 -0.4529  0.0000 -0.0000
    1   5.5247 THz   0.4278  0.0000  0.4278  0.0000 -0.2124 -0.2981  0.2583  0.3410  0.2583  0.3410 -0.3659  0.0106
    2  10.2872 THz   0.3001  0.0000  0.3001 -0.0000  0.2106  0.5249 -0.2607  0.1486 -0.2607  0.1486  0.0770  0.5603
    3  13.7695 THz   0.2825  0.0000  0.2825  0.0000  0.3841  0.4391  0.1610 -0.2322  0.1610 -0.2322 -0.1420 -0.5659
    4  15.6149 THz   0.5000  0.0000 -0.5000 -0.0000 -0.0000  0.0000 -0.2118  0.4529  0.2118 -0.4529 -0.0000 -0.0000
    5  16.0207 THz   0.3835  0.0000  0.3835  0.0000 -0.2107 -0.4017 -0.2027 -0.3256 -0.2027 -0.3256  0.4524 -0.0334


 Q=  0.000000  0.000000 -0.189515, q= -0.500000 -0.500000  0.000000

                       Si X   0        Si Y   0        Si Z   0        Si X   1        Si Y   1        Si Z   1     
                    --------------- --------------- --------------- --------------- --------------- ---------------
    0   3.0308 THz  -0.6352  0.0000  0.3106 -0.0035 -0.0000 -0.0000  0.0035  0.3106 -0.0000 -0.6352  0.0000  0.0000
    1   3.0308 THz   0.3107  0.0000  0.6352 -0.0072  0.0000 -0.0000  0.0072  0.6352  0.0000  0.3107  0.0000  0.0000
    2  13.2224 THz   0.0000  0.0000 -0.0000  0.0000 -0.9178  0.0799 -0.0000  0.0000  0.0000 -0.0000  0.0000 -0.3889
    3  13.2224 THz   0.0000  0.0000 -0.0000 -0.0000 -0.1703 -0.3496 -0.0000 -0.0000 -0.0000  0.0000 -0.8601  0.3301
    4  15.5866 THz   0.1222  0.0000  0.6964  0.0111 -0.0000 -0.0000  0.0111 -0.6964 -0.0000 -0.1222  0.0000 -0.0000
    5  15.5866 THz   0.6965  0.0000 -0.1222 -0.0019  0.0000 -0.0000 -0.0019  0.1222 -0.0000 -0.6965 -0.0000  0.0000


 Q=  0.047379  0.047379 -0.236894, q= -0.500000 -0.500000  0.250000

                       Si X   0        Si Y   0        Si Z   0        Si X   1        Si Y   1        Si Z   1     
                    --------------- --------------- --------------- --------------- --------------- ---------------
    0   3.3997 THz  -0.5000  0.0000  0.5000 -0.0000  0.0000  0.0000  0.2118  0.4529 -0.2118 -0.4529  0.0000 -0.0000
    1   5.5247 THz   0.4278  0.0000  0.4278 -0.0000 -0.2124  0.2981 -0.2583  0.3410 -0.2583  0.3410  0.3659  0.0106
    2  10.2872 THz  -0.3001  0.0000 -0.3001 -0.0000 -0.2106  0.5249 -0.2607 -0.1486 -0.2607 -0.1486  0.0770 -0.5603
    3  13.7695 THz  -0.2825  0.0000 -0.2825 -0.0000 -0.3841  0.4391  0.1610  0.2322  0.1610  0.2322 -0.1420  0.5659
    4  15.6149 THz   0.5000  0.0000 -0.5000  0.0000 -0.0000 -0.0000  0.2118  0.4529 -0.2118 -0.4529  0.0000 -0.0000
    5  16.0207 THz  -0.3835  0.0000 -0.3835  0.0000  0.2107 -0.4017 -0.2027  0.3256 -0.2027  0.3256  0.4524  0.0334


 Q= -0.047379 -0.142136 -0.047379, q= -0.500000 -0.250000 -0.500000

                       Si X   0        Si Y   0        Si Z   0        Si X   1        Si Y   1        Si Z   1     
                    --------------- --------------- --------------- --------------- --------------- ---------------
    0   3.3997 THz  -0.5000  0.0000  0.0000  0.0000  0.5000 -0.0000 -0.2118  0.4529  0.0000 -0.0000  0.2118 -0.4529
    1   5.5247 THz   0.4278  0.0000 -0.2124 -0.2981  0.4278 -0.0000  0.2583  0.3410 -0.3659  0.0106  0.2583  0.3410
    2  10.2872 THz  -0.3001  0.0000 -0.2106 -0.5249 -0.3001 -0.0000  0.2607 -0.1486 -0.0770 -0.5603  0.2607 -0.1486
    3  13.7695 THz  -0.2825  0.0000 -0.3841 -0.4391 -0.2825  0.0000 -0.1610  0.2322  0.1420  0.5659 -0.1610  0.2322
    4  15.6149 THz   0.5000  0.0000  0.0000 -0.0000 -0.5000  0.0000 -0.2118  0.4529 -0.0000  0.0000  0.2118 -0.4529
    5  16.0207 THz  -0.3835  0.0000  0.2107  0.4017 -0.3835  0.0000  0.2027  0.3256 -0.4524  0.0334  0.2027  0.3256


 Q=  0.000000 -0.094757 -0.094757, q= -0.500000 -0.250000 -0.250000

                       Si X   0        Si Y   0        Si Z   0        Si X   1        Si Y   1        Si Z   1     
                    --------------- --------------- --------------- --------------- --------------- ---------------
    0   3.6274 THz  -0.0000  0.0000 -0.3346  0.3715  0.3346 -0.3715 -0.0000  0.0000 -0.3346  0.3715  0.3346 -0.3715
    1   5.5506 THz  -0.6063  0.0000  0.0000  0.2573 -0.0000  0.2573 -0.6063 -0.0000  0.0000 -0.2573 -0.0000 -0.2573
    2   9.1386 THz   0.3750  0.0000 -0.0000  0.4239 -0.0000  0.4239 -0.3750 -0.0000 -0.0000  0.4239 -0.0000  0.4239
    3  13.9747 THz   0.3639  0.0000 -0.0000  0.4287 -0.0000  0.4287  0.3639  0.0000  0.0000 -0.4287  0.0000 -0.4287
    4  15.6650 THz   0.0000  0.0000 -0.4748  0.1566  0.4748 -0.1566 -0.0000  0.0000  0.4748 -0.1566 -0.4748  0.1566
    5  16.2594 THz  -0.5995  0.0000 -0.0000  0.2652  0.0000  0.2652  0.5995  0.0000  0.0000  0.2652 -0.0000  0.2652


 Q=  0.047379 -0.047379 -0.142136, q= -0.500000 -0.250000  0.000000

                       Si X   0        Si Y   0        Si Z   0        Si X   1        Si Y   1        Si Z   1     
                    --------------- --------------- --------------- --------------- --------------- ---------------
    0   3.3997 THz   0.5000  0.0000  0.5000  0.0000  0.0000 -0.0000  0.2118  0.4529  0.2118  0.4529  0.0000 -0.0000
    1   5.5247 THz  -0.4278  0.0000  0.4278  0.0000 -0.2124  0.2981 -0.2583  0.3410  0.2583 -0.3410 -0.3659 -0.0106
    2  10.2872 THz  -0.3001  0.0000  0.3001  0.0000  0.2106 -0.5249  0.2607  0.1486 -0.2607 -0.1486  0.0770 -0.5603
    3  13.7695 THz  -0.2825  0.0000  0.2825 -0.0000  0.3841 -0.4391 -0.1610 -0.2322  0.1610  0.2322 -0.1420  0.5659
    4  15.6149 THz   0.5000  0.0000  0.5000 -0.0000  0.0000 -0.0000 -0.2118 -0.4529 -0.2118 -0.4529 -0.0000 -0.0000
    5  16.0207 THz   0.3835  0.0000 -0.3835  0.0000  0.2107 -0.4017 -0.2027  0.3256  0.2027 -0.3256 -0.4524 -0.0334


 Q=  0.094757  0.000000 -0.189515, q= -0.500000 -0.250000  0.250000

                       Si X   0        Si Y   0        Si Z   0        Si X   1        Si Y   1        Si Z   1     
                    --------------- --------------- --------------- --------------- --------------- ---------------
    0   5.4978 THz   0.0000  0.0000  0.4543 -0.1340  0.1340  0.4543  0.2100  0.7122 -0.0000  0.0000  0.0000 -0.0000
    1   5.4978 THz  -0.7425 -0.0000  0.0000 -0.0000  0.0000 -0.0000  0.0000  0.0000 -0.0000 -0.4737 -0.4737  0.0000
    2  11.7212 THz   0.0000 -0.0000  0.3603  0.4852  0.4852 -0.3603  0.0000 -0.0000  0.3240 -0.1726  0.1726  0.3240
    3  11.7212 THz  -0.0000  0.0000 -0.3640  0.0474  0.0474  0.3640 -0.0000 -0.0000  0.0119 -0.6042  0.6042  0.0119
    4  15.7604 THz  -0.0000  0.0000 -0.5145  0.1046 -0.1046 -0.5145  0.1335  0.6564  0.0000 -0.0000  0.0000  0.0000
    5  15.7604 THz   0.6699  0.0000 -0.0000  0.0000 -0.0000  0.0000 -0.0000  0.0000 -0.0000 -0.5250 -0.5250  0.0000


 Q=  0.000000 -0.189515  0.000000, q= -0.500000  0.000000 -0.500000

                       Si X   0        Si Y   0        Si Z   0        Si X   1        Si Y   1        Si Z   1     
                    --------------- --------------- --------------- --------------- --------------- ---------------
    0   3.0308 THz  -0.7071 -0.0000  0.0000 -0.0000 -0.0000  0.0000 -0.0000  0.0000  0.0000 -0.0000 -0.0000 -0.7071
    1   3.0308 THz  -0.0000 -0.0000  0.0000 -0.0000  0.7071 -0.0000  0.0000  0.7071  0.0000 -0.0000  0.0000  0.0000
    2  13.2224 THz   0.0000  0.0000  0.1341  0.0070 -0.0000  0.0000  0.0000  0.0000 -0.9801  0.1462 -0.0000  0.0000
    3  13.2224 THz   0.0000  0.0000  0.9909  0.0132  0.0000 -0.0000 -0.0000 -0.0000  0.1320 -0.0249 -0.0000  0.0000
    4  15.5866 THz   0.7071  0.0000 -0.0000 -0.0000  0.0000 -0.0000 -0.0000 -0.0000 -0.0000  0.0000 -0.0000 -0.7071
    5  15.5866 THz  -0.0000  0.0000 -0.0000 -0.0000  0.7071 -0.0000 -0.0000 -0.7071 -0.0000 -0.0000 -0.0000  0.0000


 Q=  0.047379 -0.142136 -0.047379, q= -0.500000  0.000000 -0.250000

                       Si X   0        Si Y   0        Si Z   0        Si X   1        Si Y   1        Si Z   1     
                    --------------- --------------- --------------- --------------- --------------- ---------------
    0   3.3997 THz   0.5000  0.0000 -0.0000  0.0000  0.5000  0.0000  0.2118  0.4529 -0.0000 -0.0000  0.2118  0.4529
    1   5.5247 THz  -0.4278  0.0000 -0.2124  0.2981  0.4278  0.0000 -0.2583  0.3410 -0.3659 -0.0106  0.2583 -0.3410
    2  10.2872 THz   0.3001  0.0000 -0.2106  0.5249 -0.3001  0.0000 -0.2607 -0.1486 -0.0770  0.5603  0.2607  0.1486
    3  13.7695 THz   0.2825  0.0000 -0.3841  0.4391 -0.2825  0.0000  0.1610  0.2322  0.1420 -0.5659 -0.1610 -0.2322
    4  15.6149 THz   0.5000  0.0000  0.0000 -0.0000  0.5000 -0.0000 -0.2118 -0.4529 -0.0000  0.0000 -0.2118 -0.4529
    5  16.0207 THz  -0.3835  0.0000 -0.2107  0.4017  0.3835 -0.0000  0.2027 -0.3256  0.4524  0.0334 -0.2027  0.3256


 Q=  0.094757 -0.094757 -0.094757, q= -0.500000  0.000000  0.000000

                       Si X   0        Si Y   0        Si Z   0        Si X   1        Si Y   1        Si Z   1     
                    --------------- --------------- --------------- --------------- --------------- ---------------
    0   2.5295 THz   0.5764  0.0000  0.3124  0.0151  0.2640 -0.0151  0.4076  0.4076  0.2102  0.2316  0.1973  0.1760
    1   2.5295 THz  -0.0329  0.0000  0.4072  0.2640 -0.4401 -0.2640 -0.0233 -0.0233  0.1013  0.4746 -0.1246 -0.4979
    2  11.3126 THz   0.4082  0.0000 -0.4082 -0.0000 -0.4082  0.0000 -0.2887 -0.2887  0.2887  0.2887  0.2887  0.2887
    3  14.2275 THz  -0.4082  0.0000  0.4082 -0.0000  0.4082 -0.0000 -0.2887 -0.2887  0.2887  0.2887  0.2887  0.2887
    4  16.1101 THz  -0.2629  0.0000  0.3132  0.0196 -0.5762 -0.0196  0.1859  0.1859 -0.2077 -0.2353  0.3936  0.4213
    5  16.1101 THz   0.5140  0.0000  0.4845  0.0100  0.0295 -0.0100 -0.3635 -0.3635 -0.3355 -0.3497 -0.0280 -0.0138


 Q=  0.142136 -0.047379 -0.142136, q= -0.500000  0.000000  0.250000

                       Si X   0        Si Y   0        Si Z   0        Si X   1        Si Y   1        Si Z   1     
                    --------------- --------------- --------------- --------------- --------------- ---------------
    0   3.3997 THz   0.5000  0.0000 -0.0000 -0.0000  0.5000 -0.0000  0.4529  0.2118 -0.0000 -0.0000  0.4529  0.2118
    1   5.5247 THz  -0.4278  0.0000 -0.2124 -0.2981  0.4278 -0.0000  0.3410 -0.2583 -0.0106 -0.3659 -0.3410  0.2583
    2  10.2872 THz  -0.3001  0.0000  0.2106  0.5249  0.3001  0.0000  0.1486  0.2607 -0.5603  0.0770 -0.1486 -0.2607
    3  13.7695 THz   0.2825  0.0000 -0.3841 -0.4391 -0.2825 -0.0000  0.2322  0.1610 -0.5659  0.1420 -0.2322 -0.1610
    4  15.6149 THz   0.5000  0.0000  0.0000  0.0000  0.5000  0.0000 -0.4529 -0.2118  0.0000 -0.0000 -0.4529 -0.2118
    5  16.0207 THz  -0.3835  0.0000 -0.2107 -0.4017  0.3835 -0.0000 -0.3256  0.2027  0.0334  0.4524  0.3256 -0.2027


 Q=  0.047379 -0.236894  0.047379, q= -0.500000  0.250000 -0.500000

                       Si X   0        Si Y   0        Si Z   0        Si X   1        Si Y   1        Si Z   1     
                    --------------- --------------- --------------- --------------- --------------- ---------------
    0   3.3997 THz  -0.5000  0.0000  0.0000 -0.0000  0.5000  0.0000  0.2118  0.4529 -0.0000  0.0000 -0.2118 -0.4529
    1   5.5247 THz   0.4278  0.0000 -0.2124  0.2981  0.4278  0.0000 -0.2583  0.3410  0.3659  0.0106 -0.2583  0.3410
    2  10.2872 THz   0.3001  0.0000  0.2106 -0.5249  0.3001  0.0000  0.2607  0.1486 -0.0770  0.5603  0.2607  0.1486
    3  13.7695 THz   0.2825  0.0000  0.3841 -0.4391  0.2825  0.0000 -0.1610 -0.2322  0.1420 -0.5659 -0.1610 -0.2322
    4  15.6149 THz   0.5000  0.0000  0.0000  0.0000 -0.5000 -0.0000  0.2118  0.4529  0.0000  0.0000 -0.2118 -0.4529
    5  16.0207 THz   0.3835  0.0000 -0.2107  0.4017  0.3835  0.0000  0.2027 -0.3256 -0.4524 -0.0334  0.2027 -0.3256


 Q=  0.094757 -0.189515  0.000000, q= -0.500000  0.250000 -0.250000

                       Si X   0        Si Y   0        Si Z   0        Si X   1        Si Y   1        Si Z   1     
                    --------------- --------------- --------------- --------------- --------------- ---------------
    0   5.4978 THz   0.0000  0.0000  0.4489  0.1513  0.1513 -0.4489  0.7036  0.2371  0.0000  0.0000  0.0000  0.0000
    1   5.4978 THz  -0.7425 -0.0000  0.0000 -0.0000  0.0000 -0.0000  0.0000  0.0000 -0.4737  0.0000 -0.0000 -0.4737
    2  11.7212 THz  -0.0000  0.0000 -0.1145  0.3704 -0.3704 -0.1145 -0.0000  0.0000 -0.5903 -0.0350 -0.0350  0.5903
    3  11.7212 THz   0.0000  0.0000 -0.0593  0.5883 -0.5883 -0.0593 -0.0000  0.0000  0.3839 -0.0542 -0.0542 -0.3839
    4  15.7604 THz  -0.0000  0.0000 -0.5241  0.0310  0.0310  0.5241  0.6687 -0.0395 -0.0000 -0.0000 -0.0000  0.0000
    5  15.7604 THz   0.6699  0.0000 -0.0000  0.0000 -0.0000  0.0000  0.0000  0.0000 -0.5250  0.0000 -0.0000 -0.5250


 Q=  0.142136 -0.142136 -0.047379, q= -0.500000  0.250000  0.000000

                       Si X   0        Si Y   0        Si Z   0        Si X   1        Si Y   1        Si Z   1     
                    --------------- --------------- --------------- --------------- --------------- ---------------
    0   3.3997 THz   0.5000  0.0000  0.5000 -0.0000  0.0000  0.0000  0.4529  0.2118  0.4529  0.2118  0.0000  0.0000
    1   5.5247 THz  -0.4278  0.0000  0.4278 -0.0000 -0.2124 -0.2981  0.3410 -0.2583 -0.3410  0.2583 -0.0106 -0.3659
    2  10.2872 THz  -0.3001  0.0000  0.3001  0.0000  0.2106  0.5249  0.1486  0.2607 -0.1486 -0.2607 -0.5603  0.0770
    3  13.7695 THz   0.2825  0.0000 -0.2825  0.0000 -0.3841 -0.4391  0.2322  0.1610 -0.2322 -0.1610 -0.5659  0.1420
    4  15.6149 THz   0.5000  0.0000  0.5000  0.0000  0.0000  0.0000 -0.4529 -0.2118 -0.4529 -0.2118 -0.0000 -0.0000
    5  16.0207 THz  -0.3835  0.0000  0.3835  0.0000 -0.2107 -0.4017 -0.3256  0.2027  0.3256 -0.2027  0.0334  0.4524


 Q=  0.189515 -0.094757 -0.094757, q= -0.500000  0.250000  0.250000

                       Si X   0        Si Y   0        Si Z   0        Si X   1        Si Y   1        Si Z   1     
                    --------------- --------------- --------------- --------------- --------------- ---------------
    0   3.6274 THz   0.0000  0.0000  0.0451  0.4980 -0.0451 -0.4980  0.0000  0.0000 -0.4980  0.0451  0.4980 -0.0451
    1   5.5506 THz  -0.6063  0.0000 -0.0000 -0.2573 -0.0000 -0.2573 -0.0000 -0.6063 -0.2573 -0.0000 -0.2573 -0.0000
    2   9.1386 THz   0.3750  0.0000 -0.0000 -0.4239 -0.0000 -0.4239 -0.0000 -0.3750  0.4239 -0.0000  0.4239 -0.0000
    3  13.9747 THz  -0.3639  0.0000  0.0000  0.4287  0.0000  0.4287 -0.0000 -0.3639  0.4287 -0.0000  0.4287 -0.0000
    4  15.6650 THz   0.0000  0.0000 -0.3767  0.3288  0.3767 -0.3288  0.0000 -0.0000  0.3288  0.3767 -0.3288 -0.3767
    5  16.2594 THz  -0.5995  0.0000 -0.0000 -0.2652  0.0000 -0.2652  0.0000  0.5995  0.2652  0.0000  0.2652 -0.0000


 Q= -0.142136 -0.047379 -0.047379, q= -0.250000 -0.500000 -0.500000

                       Si X   0        Si Y   0        Si Z   0        Si X   1        Si Y   1        Si Z   1     
                    --------------- --------------- --------------- --------------- --------------- ---------------
    0   3.3997 THz   0.0000  0.0000 -0.2521  0.4318  0.2521 -0.4318  0.0000 -0.0000  0.2844  0.4113 -0.2844 -0.4113
    1   5.5247 THz  -0.3660  0.0000  0.2483 -0.3484  0.2483 -0.3484 -0.2037  0.3041  0.4276 -0.0124  0.4276 -0.0124
    2  10.2872 THz   0.5656  0.0000  0.1117 -0.2785  0.1117 -0.2785  0.5487  0.1371  0.0409  0.2973  0.0409  0.2973
    3  13.7695 THz  -0.5834  0.0000 -0.1860  0.2126 -0.1860  0.2126  0.5194  0.2657  0.0688  0.2740  0.0688  0.2740
    4  15.6149 THz   0.0000  0.0000  0.4577  0.2012 -0.4577 -0.2012 -0.0000  0.0000 -0.3762  0.3293  0.3762 -0.3293
    5  16.0207 THz   0.4536  0.0000 -0.1782  0.3396 -0.1782  0.3396 -0.1806  0.4161  0.3825 -0.0282  0.3825 -0.0282


 Q= -0.094757  0.000000 -0.094757, q= -0.250000 -0.500000 -0.250000

                       Si X   0        Si Y   0        Si Z   0        Si X   1        Si Y   1        Si Z   1     
                    --------------- --------------- --------------- --------------- --------------- ---------------
    0   3.6274 THz  -0.5000  0.0000 -0.0000 -0.0000  0.5000  0.0000 -0.5000 -0.0000 -0.0000  0.0000  0.5000 -0.0000
    1   5.5506 THz   0.2573  0.0000  0.0000  0.6063  0.2573  0.0000 -0.2573 -0.0000  0.0000  0.6063 -0.2573  0.0000
    2   9.1386 THz  -0.4239  0.0000  0.0000  0.3750 -0.4239  0.0000 -0.4239  0.0000  0.0000 -0.3750 -0.4239  0.0000
    3  13.9747 THz  -0.4287  0.0000  0.0000  0.3639 -0.4287  0.0000  0.4287 -0.0000  0.0000  0.3639  0.4287 -0.0000
    4  15.6650 THz   0.5000  0.0000 -0.0000  0.0000 -0.5000  0.0000 -0.5000  0.0000  0.0000 -0.0000  0.5000 -0.0000
    5  16.2594 THz   0.2652  0.0000  0.0000  0.5995  0.2652 -0.0000  0.2652 -0.0000 -0.0000 -0.5995  0.2652  0.0000


 Q= -0.047379  0.047379 -0.142136, q= -0.250000 -0.500000  0.000000

                       Si X   0        Si Y   0        Si Z   0        Si X   1        Si Y   1        Si Z   1     
                    --------------- --------------- --------------- --------------- --------------- ---------------
    0   3.3997 THz   0.5000  0.0000  0.5000  0.0000 -0.0000 -0.0000  0.2118  0.4529  0.2118  0.4529 -0.0000 -0.0000
    1   5.5247 THz   0.4278  0.0000 -0.4278 -0.0000 -0.2124  0.2981  0.2583 -0.3410 -0.2583  0.3410 -0.3659 -0.0106
    2  10.2872 THz  -0.3001  0.0000  0.3001  0.0000 -0.2106  0.5249  0.2607  0.1486 -0.2607 -0.1486 -0.0770  0.5603
    3  13.7695 THz   0.2825  0.0000 -0.2825  0.0000  0.3841 -0.4391  0.1610  0.2322 -0.1610 -0.2322 -0.1420  0.5659
    4  15.6149 THz   0.5000  0.0000  0.5000 -0.0000 -0.0000  0.0000 -0.2118 -0.4529 -0.2118 -0.4529  0.0000  0.0000
    5  16.0207 THz   0.3835  0.0000 -0.3835  0.0000 -0.2107  0.4017 -0.2027  0.3256  0.2027 -0.3256  0.4524  0.0334


 Q=  0.000000  0.094757 -0.189515, q= -0.250000 -0.500000  0.250000

                       Si X   0        Si Y   0        Si Z   0        Si X   1        Si Y   1        Si Z   1     
                    --------------- --------------- --------------- --------------- --------------- ---------------
    0   5.4978 THz   0.0000  0.0000  0.2932 -0.6821  0.0000  0.0000  0.4352  0.1871  0.0000 -0.0000  0.1871 -0.4352
    1   5.4978 THz   0.4737  0.0000 -0.0000 -0.0000  0.0000  0.4737  0.0000 -0.0000  0.0000  0.7425  0.0000 -0.0000
    2  11.7212 THz   0.0000  0.0000  0.0000 -0.0000 -0.0000 -0.0000  0.1562  0.6896  0.0000  0.0000 -0.6896  0.1562
    3  11.7212 THz  -0.7071  0.0000 -0.0000 -0.0000  0.0000  0.7071 -0.0000  0.0000 -0.0000 -0.0000 -0.0000 -0.0000
    4  15.7604 THz   0.0000  0.0000  0.6631 -0.0947  0.0000  0.0000 -0.0743 -0.5197 -0.0000  0.0000 -0.5197  0.0743
    5  15.7604 THz   0.5250  0.0000 -0.0000 -0.0000  0.0000  0.5250 -0.0000  0.0000 -0.0000 -0.6699 -0.0000  0.0000


 Q= -0.094757 -0.094757  0.000000, q= -0.250000 -0.250000 -0.500000

                       Si X   0        Si Y   0        Si Z   0        Si X   1        Si Y   1        Si Z   1     
                    --------------- --------------- --------------- --------------- --------------- ---------------
    0   3.6274 THz  -0.5000  0.0000  0.5000  0.0000 -0.0000  0.0000 -0.5000 -0.0000  0.5000 -0.0000 -0.0000  0.0000
    1   5.5506 THz  -0.2573  0.0000 -0.2573 -0.0000  0.0000 -0.6063  0.2573  0.0000  0.2573  0.0000  0.0000 -0.6063
    2   9.1386 THz   0.4239  0.0000  0.4239 -0.0000  0.0000 -0.3750  0.4239  0.0000  0.4239  0.0000  0.0000  0.3750
    3  13.9747 THz  -0.4287  0.0000 -0.4287 -0.0000 -0.0000  0.3639  0.4287 -0.0000  0.4287  0.0000 -0.0000  0.3639
    4  15.6650 THz   0.5000  0.0000 -0.5000 -0.0000  0.0000 -0.0000 -0.5000  0.0000  0.5000 -0.0000 -0.0000  0.0000
    5  16.2594 THz   0.2652  0.0000  0.2652  0.0000 -0.0000  0.5995  0.2652  0.0000  0.2652 -0.0000  0.0000 -0.5995


 Q= -0.047379 -0.047379 -0.047379, q= -0.250000 -0.250000 -0.250000

                       Si X   0        Si Y   0        Si Z   0        Si X   1        Si Y   1        Si Z   1     
                    --------------- --------------- --------------- --------------- --------------- ---------------
    0   2.5411 THz  -0.4721  0.0000 -0.0380  0.0881  0.5101 -0.0881 -0.4430  0.1630 -0.0052  0.0958  0.4483 -0.2588
    1   2.5411 THz   0.3324  0.0000 -0.5554  0.1252  0.2230 -0.1252  0.3119 -0.1148 -0.4780  0.3092  0.1661 -0.1945
    2   7.3493 THz  -0.4082  0.0000 -0.4082 -0.0000 -0.4082 -0.0000 -0.3322 -0.2373 -0.3322 -0.2373 -0.3322 -0.2373
    3  15.8308 THz  -0.4082  0.0000 -0.4082  0.0000 -0.4082 -0.0000  0.3322  0.2373  0.3322  0.2373  0.3322  0.2373
    4  16.1681 THz   0.5773  0.0000 -0.2945 -0.0001 -0.2828  0.0001 -0.5418  0.1993  0.2765 -0.1016  0.2653 -0.0977
    5  16.1681 THz   0.0068  0.0000  0.4965  0.0079 -0.5033 -0.0079 -0.0064  0.0024 -0.4687  0.1640  0.4751 -0.1664


 Q=  0.000000  0.000000 -0.094757, q= -0.250000 -0.250000  0.000000

                       Si X   0        Si Y   0        Si Z   0        Si X   1        Si Y   1        Si Z   1     
                    --------------- --------------- --------------- --------------- --------------- ---------------
    0   3.4060 THz   0.4463  0.0000 -0.5416  0.0867  0.0000  0.0000  0.2831 -0.3517 -0.4119  0.3557  0.0000  0.0000
    1   3.4060 THz   0.5485  0.0000  0.4407 -0.0705  0.0000 -0.0000  0.4629  0.2861  0.3351  0.3026  0.0000 -0.0000
    2   7.7977 THz   0.0000  0.0000  0.0000 -0.0000 -0.5546  0.4387  0.0000  0.0000  0.0000 -0.0000 -0.5546  0.4387
    3  15.6834 THz  -0.6180  0.0000 -0.3105  0.1469 -0.0000 -0.0000  0.5654  0.2017  0.2362  0.2896  0.0000  0.0000
    4  15.6834 THz  -0.3435  0.0000  0.5587 -0.2643  0.0000  0.0000  0.0896 -0.3628 -0.4249  0.4241 -0.0000 -0.0000
    5  15.9003 THz   0.0000  0.0000 -0.0000  0.0000  0.6911 -0.1496  0.0000  0.0000  0.0000 -0.0000 -0.6911  0.1496


 Q=  0.047379  0.047379 -0.142136, q= -0.250000 -0.250000  0.250000

                       Si X   0        Si Y   0        Si Z   0        Si X   1        Si Y   1        Si Z   1     
                    --------------- --------------- --------------- --------------- --------------- ---------------
    0   3.3997 THz  -0.5000 -0.0000  0.5000  0.0000 -0.0000  0.0000 -0.2118  0.4529  0.2118 -0.4529 -0.0000  0.0000
    1   5.5247 THz  -0.4278  0.0000 -0.4278 -0.0000 -0.2124 -0.2981 -0.2583 -0.3410 -0.2583 -0.3410 -0.3659  0.0106
    2  10.2872 THz   0.3001  0.0000  0.3001 -0.0000 -0.2106 -0.5249 -0.2607  0.1486 -0.2607  0.1486 -0.0770 -0.5603
    3  13.7695 THz  -0.2825  0.0000 -0.2825  0.0000  0.3841  0.4391 -0.1610  0.2322 -0.1610  0.2322 -0.1420 -0.5659
    4  15.6149 THz   0.5000  0.0000 -0.5000 -0.0000  0.0000 -0.0000 -0.2118  0.4529  0.2118 -0.4529  0.0000 -0.0000
    5  16.0207 THz   0.3835  0.0000  0.3835  0.0000  0.2107  0.4017 -0.2027 -0.3256 -0.2027 -0.3256 -0.4524  0.0334


 Q= -0.047379 -0.142136  0.047379, q= -0.250000  0.000000 -0.500000

                       Si X   0        Si Y   0        Si Z   0        Si X   1        Si Y   1        Si Z   1     
                    --------------- --------------- --------------- --------------- --------------- ---------------
    0   3.3997 THz  -0.5000 -0.0000  0.0000 -0.0000 -0.5000  0.0000 -0.2118 -0.4529  0.0000  0.0000 -0.2118 -0.4529
    1   5.5247 THz  -0.4278  0.0000  0.2124 -0.2981  0.4278 -0.0000 -0.2583  0.3410  0.3659  0.0106  0.2583 -0.3410
    2  10.2872 THz  -0.3001  0.0000 -0.2106  0.5249  0.3001  0.0000  0.2607  0.1486 -0.0770  0.5603 -0.2607 -0.1486
    3  13.7695 THz   0.2825  0.0000  0.3841 -0.4391 -0.2825 -0.0000  0.1610  0.2322 -0.1420  0.5659 -0.1610 -0.2322
    4  15.6149 THz   0.5000  0.0000  0.0000 -0.0000  0.5000  0.0000 -0.2118 -0.4529 -0.0000 -0.0000 -0.2118 -0.4529
    5  16.0207 THz  -0.3835  0.0000  0.2107 -0.4017  0.3835  0.0000  0.2027 -0.3256 -0.4524 -0.0334 -0.2027  0.3256


 Q=  0.000000 -0.094757  0.000000, q= -0.250000  0.000000 -0.250000

                       Si X   0        Si Y   0        Si Z   0        Si X   1        Si Y   1        Si Z   1     
                    --------------- --------------- --------------- --------------- --------------- ---------------
    0   3.4060 THz   0.4446  0.0000  0.0000 -0.0000 -0.1508  0.5288 -0.0053 -0.0979  0.0000 -0.0000 -0.1147  0.6908
    1   3.4060 THz   0.5499  0.0000  0.0000  0.0000  0.1219 -0.4275  0.6958  0.0792  0.0000  0.0000  0.0927  0.0319
    2   7.7977 THz   0.0000  0.0000 -0.7032 -0.0744 -0.0000  0.0000  0.0000 -0.0000 -0.7032 -0.0744 -0.0000  0.0000
    3  15.6834 THz  -0.0001  0.0000  0.0000  0.0000 -0.0310 -0.7064 -0.4587  0.0201 -0.0000 -0.0000  0.0235  0.5373
    4  15.6834 THz  -0.7071  0.0000  0.0000  0.0000  0.0000  0.0001  0.5378 -0.0000 -0.0000 -0.0000 -0.0000  0.4591
    5  15.9003 THz   0.0000  0.0000  0.6825  0.1848  0.0000  0.0000 -0.0000 -0.0000 -0.6825 -0.1848 -0.0000 -0.0000


 Q=  0.047379 -0.047379 -0.047379, q= -0.250000  0.000000  0.000000

                       Si X   0        Si Y   0        Si Z   0        Si X   1        Si Y   1        Si Z   1     
                    --------------- --------------- --------------- --------------- --------------- ---------------
    0   2.5411 THz  -0.2709  0.0000  0.3035  0.0481 -0.5744 -0.0481 -0.2542 -0.0935  0.2682  0.1499 -0.5225 -0.2434
    1   2.5411 THz   0.5099  0.0000  0.4881  0.0255  0.0218 -0.0255  0.4785  0.1761  0.4493  0.1925  0.0292 -0.0164
    2   7.3493 THz   0.4082  0.0000 -0.4082  0.0000 -0.4082 -0.0000  0.3322 -0.2373 -0.3322  0.2373 -0.3322  0.2373
    3  15.8308 THz  -0.4082  0.0000  0.4082  0.0000  0.4082 -0.0000  0.3322 -0.2373 -0.3322  0.2373 -0.3322  0.2373
    4  16.1681 THz   0.0579  0.0000 -0.3816  0.2810  0.4394 -0.2810 -0.0543 -0.0200  0.4551 -0.1320 -0.5095  0.1120
    5  16.1681 THz   0.5744  0.0000  0.3286 -0.0283  0.2459  0.0283 -0.5391 -0.1983 -0.3181 -0.0869 -0.2210 -0.1115


 Q=  0.094757  0.000000 -0.094757, q= -0.250000  0.000000  0.250000

                       Si X   0        Si Y   0        Si Z   0        Si X   1        Si Y   1        Si Z   1     
                    --------------- --------------- --------------- --------------- --------------- ---------------
    0   3.6274 THz  -0.5000  0.0000 -0.0000  0.0000 -0.5000 -0.0000 -0.5000 -0.0000 -0.0000  0.0000 -0.5000  0.0000
    1   5.5506 THz  -0.2573  0.0000 -0.0000 -0.6063  0.2573  0.0000  0.2573 -0.0000 -0.0000 -0.6063 -0.2573  0.0000
    2   9.1386 THz  -0.4239  0.0000  0.0000  0.3750  0.4239 -0.0000 -0.4239  0.0000  0.0000 -0.3750  0.4239 -0.0000
    3  13.9747 THz  -0.4287  0.0000  0.0000  0.3639  0.4287 -0.0000  0.4287 -0.0000  0.0000  0.3639 -0.4287  0.0000
    4  15.6650 THz  -0.5000  0.0000  0.0000  0.0000 -0.5000  0.0000  0.5000 -0.0000 -0.0000  0.0000  0.5000  0.0000
    5  16.2594 THz   0.2652  0.0000  0.0000  0.5995 -0.2652  0.0000  0.2652 -0.0000 -0.0000 -0.5995 -0.2652  0.0000


 Q=  0.000000 -0.189515  0.094757, q= -0.250000  0.250000 -0.500000

                       Si X   0        Si Y   0        Si Z   0        Si X   1        Si Y   1        Si Z   1     
                    --------------- --------------- --------------- --------------- --------------- ---------------
    0   5.4978 THz   0.4737  0.0000 -0.0000  0.4737 -0.0000 -0.0000  0.0000  0.0000 -0.0000 -0.0000 -0.0000  0.7425
    1   5.4978 THz   0.0000  0.0000  0.0000  0.0000  0.1554  0.7260 -0.4632  0.0991  0.0991  0.4632  0.0000  0.0000
    2  11.7212 THz  -0.7071  0.0000 -0.0000  0.7071  0.0000 -0.0000 -0.0000 -0.0000 -0.0000  0.0000 -0.0000 -0.0000
    3  11.7212 THz   0.0000  0.0000  0.0000 -0.0000  0.0000  0.0000  0.0328 -0.7063  0.7063  0.0328 -0.0000  0.0000
    4  15.7604 THz   0.5250  0.0000 -0.0000  0.5250  0.0000 -0.0000 -0.0000 -0.0000 -0.0000  0.0000 -0.0000 -0.6699
    5  15.7604 THz   0.0000  0.0000 -0.0000  0.0000 -0.5190 -0.4235 -0.3319  0.4068  0.4068  0.3319  0.0000 -0.0000


 Q=  0.047379 -0.142136  0.047379, q= -0.250000  0.250000 -0.250000

                       Si X   0        Si Y   0        Si Z   0        Si X   1        Si Y   1        Si Z   1     
                    --------------- --------------- --------------- --------------- --------------- ---------------
    0   3.3997 THz   0.5000  0.0000 -0.0000 -0.0000 -0.5000  0.0000  0.2118 -0.4529 -0.0000  0.0000 -0.2118  0.4529
    1   5.5247 THz   0.4278  0.0000  0.2124  0.2981  0.4278 -0.0000  0.2583  0.3410  0.3659 -0.0106  0.2583  0.3410
    2  10.2872 THz   0.3001  0.0000 -0.2106 -0.5249  0.3001  0.0000 -0.2607  0.1486 -0.0770 -0.5603 -0.2607  0.1486
    3  13.7695 THz  -0.2825  0.0000  0.3841  0.4391 -0.2825  0.0000 -0.1610  0.2322 -0.1420 -0.5659 -0.1610  0.2322
    4  15.6149 THz   0.5000  0.0000 -0.0000 -0.0000 -0.5000  0.0000 -0.2118  0.4529  0.0000 -0.0000  0.2118 -0.4529
    5  16.0207 THz  -0.3835  0.0000 -0.2107 -0.4017 -0.3835  0.0000  0.2027  0.3256  0.4524 -0.0334  0.2027  0.3256


 Q=  0.094757 -0.094757  0.000000, q= -0.250000  0.250000  0.000000

                       Si X   0        Si Y   0        Si Z   0        Si X   1        Si Y   1        Si Z   1     
                    --------------- --------------- --------------- --------------- --------------- ---------------
    0   3.6274 THz  -0.5000  0.0000 -0.5000 -0.0000  0.0000  0.0000 -0.5000  0.0000 -0.5000 -0.0000  0.0000  0.0000
    1   5.5506 THz   0.2573  0.0000 -0.2573  0.0000  0.0000  0.6063 -0.2573  0.0000  0.2573 -0.0000  0.0000  0.6063
    2   9.1386 THz  -0.4239  0.0000  0.4239  0.0000  0.0000  0.3750 -0.4239  0.0000  0.4239  0.0000  0.0000 -0.3750
    3  13.9747 THz   0.4287  0.0000 -0.4287 -0.0000  0.0000 -0.3639 -0.4287 -0.0000  0.4287  0.0000 -0.0000 -0.3639
    4  15.6650 THz  -0.5000  0.0000 -0.5000  0.0000  0.0000  0.0000  0.5000 -0.0000  0.5000  0.0000 -0.0000 -0.0000
    5  16.2594 THz   0.2652  0.0000 -0.2652  0.0000  0.0000  0.5995  0.2652 -0.0000 -0.2652 -0.0000 -0.0000 -0.5995


 Q=  0.142136 -0.047379 -0.047379, q= -0.250000  0.250000  0.250000

                       Si X   0        Si Y   0        Si Z   0        Si X   1        Si Y   1        Si Z   1     
                    --------------- --------------- --------------- --------------- --------------- ---------------
    0   3.3997 THz   0.0000  0.0000  0.1958  0.4601 -0.1958 -0.4601  0.0000  0.0000 -0.3338  0.3723  0.3338 -0.3723
    1   5.5247 THz   0.3660  0.0000  0.2483  0.3484  0.2483  0.3484  0.2037  0.3041  0.4276  0.0124  0.4276  0.0124
    2  10.2872 THz   0.5656  0.0000 -0.1117 -0.2785 -0.1117 -0.2785  0.5487 -0.1371 -0.0409  0.2973 -0.0409  0.2973
    3  13.7695 THz  -0.5834  0.0000  0.1860  0.2126  0.1860  0.2126  0.5194 -0.2657 -0.0688  0.2740 -0.0688  0.2740
    4  15.6149 THz  -0.0000  0.0000  0.2011 -0.4578 -0.2011  0.4578  0.0000  0.0000 -0.4999  0.0118  0.4999 -0.0118
    5  16.0207 THz  -0.4536  0.0000 -0.1782 -0.3396 -0.1782 -0.3396  0.1806  0.4161  0.3825  0.0282  0.3825  0.0282


 Q= -0.189515  0.000000  0.000000, q=  0.000000 -0.500000 -0.500000

                       Si X   0        Si Y   0        Si Z   0        Si X   1        Si Y   1        Si Z   1     
                    --------------- --------------- --------------- --------------- --------------- ---------------
    0   3.0308 THz   0.0000  0.0000 -0.6519  0.0438  0.2699 -0.0144 -0.0000 -0.0000  0.0144  0.2699 -0.0438 -0.6519
    1   3.0308 THz   0.0000  0.0000 -0.2701 -0.0108 -0.6525 -0.0349 -0.0000 -0.0000  0.0349 -0.6525  0.0108 -0.2701
    2  13.2224 THz  -0.0000 -0.0000 -0.0000  0.0000  0.0000  0.0000 -0.8252 -0.5648 -0.0000  0.0000 -0.0000  0.0000
    3  13.2224 THz   1.0000  0.0000  0.0000  0.0000  0.0000  0.0000  0.0000  0.0000  0.0000  0.0000  0.0000  0.0000
    4  15.5866 THz   0.0000  0.0000 -0.6178  0.1741 -0.2958  0.0212  0.0000  0.0000  0.0212  0.2958  0.1741  0.6178
    5  15.5866 THz   0.0000  0.0000  0.2763 -0.1077 -0.6328  0.1077 -0.0000 -0.0000  0.1077  0.6328 -0.1077 -0.2763


 Q= -0.142136  0.047379 -0.047379, q=  0.000000 -0.500000 -0.250000

                       Si X   0        Si Y   0        Si Z   0        Si X   1        Si Y   1        Si Z   1     
                    --------------- --------------- --------------- --------------- --------------- ---------------
    0   3.3997 THz  -0.0000  0.0000  0.4994 -0.0253  0.4994 -0.0253 -0.0000 -0.0000  0.2345  0.4416  0.2345  0.4416
    1   5.5247 THz   0.3660  0.0000  0.2483  0.3484 -0.2483 -0.3484  0.2037  0.3041  0.4276  0.0124 -0.4276 -0.0124
    2  10.2872 THz   0.5656  0.0000 -0.1117 -0.2785  0.1117  0.2785  0.5487 -0.1371 -0.0409  0.2973  0.0409 -0.2973
    3  13.7695 THz  -0.5834  0.0000  0.1860  0.2126 -0.1860 -0.2126  0.5194 -0.2657 -0.0688  0.2740  0.0688 -0.2740
    4  15.6149 THz  -0.0000  0.0000 -0.1218 -0.4849 -0.1218 -0.4849  0.0000  0.0000 -0.3877  0.3158 -0.3877  0.3158
    5  16.0207 THz   0.4536  0.0000  0.1782  0.3396 -0.1782 -0.3396 -0.1806 -0.4161 -0.3825 -0.0282  0.3825  0.0282


 Q= -0.094757  0.094757 -0.094757, q=  0.000000 -0.500000  0.000000

                       Si X   0        Si Y   0        Si Z   0        Si X   1        Si Y   1        Si Z   1     
                    --------------- --------------- --------------- --------------- --------------- ---------------
    0   2.5295 THz   0.5495  0.0000  0.1247 -0.0312 -0.4249 -0.0312  0.3886  0.3886  0.1102  0.0661 -0.2784 -0.3225
    1   2.5295 THz   0.1770  0.0000  0.5545  0.0968  0.3775  0.0968  0.1252  0.1252  0.3236  0.4605  0.1985  0.3354
    2  11.3126 THz  -0.4082  0.0000  0.4082  0.0000 -0.4082  0.0000  0.2887  0.2887 -0.2887 -0.2887  0.2887  0.2887
    3  14.2275 THz  -0.4082  0.0000  0.4082  0.0000 -0.4082  0.0000 -0.2887 -0.2887  0.2887  0.2887 -0.2887 -0.2887
    4  16.1101 THz   0.5022  0.0000  0.0063 -0.0307 -0.4959 -0.0307 -0.3551 -0.3551 -0.0262  0.0172  0.3289  0.3723
    5  16.1101 THz   0.2848  0.0000  0.5740  0.0541  0.2891  0.0541 -0.2014 -0.2014 -0.3676 -0.4441 -0.1662 -0.2427


 Q= -0.047379  0.142136 -0.142136, q=  0.000000 -0.500000  0.250000

                       Si X   0        Si Y   0        Si Z   0        Si X   1        Si Y   1        Si Z   1     
                    --------------- --------------- --------------- --------------- --------------- ---------------
    0   3.3997 THz   0.0000  0.0000 -0.3205 -0.3837 -0.3205 -0.3837  0.0000  0.0000 -0.1278 -0.4834 -0.1278 -0.4834
    1   5.5247 THz   0.3660  0.0000  0.2483 -0.3484 -0.2483  0.3484  0.3041  0.2037  0.0124  0.4276 -0.0124 -0.4276
    2  10.2872 THz  -0.5656  0.0000  0.1117 -0.2785 -0.1117  0.2785  0.1371 -0.5487 -0.2973  0.0409  0.2973 -0.0409
    3  13.7695 THz  -0.5834  0.0000  0.1860 -0.2126 -0.1860  0.2126 -0.2657  0.5194  0.2740 -0.0688 -0.2740  0.0688
    4  15.6149 THz   0.0000  0.0000  0.2428  0.4371  0.2428  0.4371 -0.0000 -0.0000 -0.0347 -0.4988 -0.0347 -0.4988
    5  16.0207 THz   0.4536  0.0000  0.1782 -0.3396 -0.1782  0.3396 -0.4161 -0.1806 -0.0282 -0.3825  0.0282  0.3825


 Q= -0.142136 -0.047379  0.047379, q=  0.000000 -0.250000 -0.500000

                       Si X   0        Si Y   0        Si Z   0        Si X   1        Si Y   1        Si Z   1     
                    --------------- --------------- --------------- --------------- --------------- ---------------
    0   3.3997 THz   0.0000  0.0000  0.1330  0.4820  0.1330  0.4820  0.0000  0.0000 -0.3803  0.3246 -0.3803  0.3246
    1   5.5247 THz  -0.3660  0.0000  0.2483  0.3484 -0.2483 -0.3484 -0.2037 -0.3041  0.4276  0.0124 -0.4276 -0.0124
    2  10.2872 THz   0.5656  0.0000  0.1117  0.2785 -0.1117 -0.2785  0.5487 -0.1371  0.0409 -0.2973 -0.0409  0.2973
    3  13.7695 THz  -0.5834  0.0000 -0.1860 -0.2126  0.1860  0.2126  0.5194 -0.2657  0.0688 -0.2740 -0.0688  0.2740
    4  15.6149 THz   0.0000  0.0000  0.4919  0.0897  0.4919  0.0897 -0.0000 -0.0000 -0.1271 -0.4836 -0.1271 -0.4836
    5  16.0207 THz  -0.4536  0.0000  0.1782  0.3396 -0.1782 -0.3396  0.1806  0.4161 -0.3825 -0.0282  0.3825  0.0282


 Q= -0.094757  0.000000  0.000000, q=  0.000000 -0.250000 -0.250000

                       Si X   0        Si Y   0        Si Z   0        Si X   1        Si Y   1        Si Z   1     
                    --------------- --------------- --------------- --------------- --------------- ---------------
    0   3.4060 THz   0.0000  0.0000 -0.5664  0.0379  0.3502 -0.2347  0.0000  0.0000 -0.2783  0.2563  0.2417 -0.5463
    1   3.4060 THz   0.0000  0.0000 -0.4128 -0.0856 -0.5390  0.1781 -0.0000  0.0000 -0.4296 -0.4151 -0.3543 -0.1327
    2   7.7977 THz   0.7071  0.0000  0.0000 -0.0000 -0.0000 -0.0000  0.7071 -0.0000  0.0000 -0.0000  0.0000  0.0000
    3  15.6834 THz   0.0000  0.0000 -0.3066  0.0224  0.2619 -0.5804 -0.0000 -0.0000 -0.1437 -0.1871 -0.1846  0.6405
    4  15.6834 THz   0.0000  0.0000  0.6258  0.1179  0.1940 -0.2385  0.0000  0.0000 -0.6307 -0.2157 -0.0710 -0.2250
    5  15.9003 THz   0.7071  0.0000  0.0000  0.0000  0.0000  0.0000 -0.7071  0.0000 -0.0000  0.0000 -0.0000 -0.0000


 Q= -0.047379  0.047379 -0.047379, q=  0.000000 -0.250000  0.000000

                       Si X   0        Si Y   0        Si Z   0        Si X   1        Si Y   1        Si Z   1     
                    --------------- --------------- --------------- --------------- --------------- ---------------
    0   2.5411 THz   0.5192  0.0000  0.0521 -0.0687 -0.4672 -0.0687  0.4873  0.1793  0.0726 -0.0465 -0.4147 -0.2258
    1   2.5411 THz   0.2524  0.0000  0.5531  0.1414  0.3006  0.1414  0.2369  0.0872  0.4703  0.3237  0.2333  0.2365
    2   7.3493 THz  -0.4082  0.0000  0.4082  0.0000 -0.4082 -0.0000 -0.3322  0.2373  0.3322 -0.2373 -0.3322  0.2373
    3  15.8308 THz  -0.4082  0.0000  0.4082  0.0000 -0.4082  0.0000  0.3322 -0.2373 -0.3322  0.2373  0.3322 -0.2373
    4  16.1681 THz  -0.1958  0.0000  0.3708 -0.0395  0.5666 -0.0395  0.1838  0.0676 -0.3616 -0.0910 -0.5454 -0.1586
    5  16.1681 THz   0.5431  0.0000  0.4406 -0.0142 -0.1026 -0.0142 -0.5097 -0.1875 -0.4184 -0.1388  0.0913  0.0488


 Q=  0.000000  0.094757 -0.094757, q=  0.000000 -0.250000  0.250000

                       Si X   0        Si Y   0        Si Z   0        Si X   1        Si Y   1        Si Z   1     
                    --------------- --------------- --------------- --------------- --------------- ---------------
    0   3.6274 THz   0.0000  0.0000 -0.2788 -0.4150 -0.2788 -0.4150  0.0000  0.0000 -0.2788 -0.4150 -0.2788 -0.4150
    1   5.5506 THz  -0.6063  0.0000 -0.0000  0.2573 -0.0000 -0.2573 -0.6063  0.0000 -0.0000 -0.2573 -0.0000  0.2573
    2   9.1386 THz   0.3750  0.0000 -0.0000  0.4239 -0.0000 -0.4239 -0.3750  0.0000 -0.0000  0.4239 -0.0000 -0.4239
    3  13.9747 THz   0.3639  0.0000 -0.0000  0.4287 -0.0000 -0.4287  0.3639  0.0000  0.0000 -0.4287  0.0000  0.4287
    4  15.6650 THz   0.0000  0.0000  0.3615 -0.3454  0.3615 -0.3454 -0.0000 -0.0000 -0.3615  0.3454 -0.3615  0.3454
    5  16.2594 THz   0.5995  0.0000 -0.0000 -0.2652 -0.0000  0.2652 -0.5995 -0.0000  0.0000 -0.2652  0.0000  0.2652


 Q= -0.094757 -0.094757  0.094757, q=  0.000000  0.000000 -0.500000

                       Si X   0        Si Y   0        Si Z   0        Si X   1        Si Y   1        Si Z   1     
                    --------------- --------------- --------------- --------------- --------------- ---------------
    0   2.5295 THz   0.4217  0.0000  0.1285 -0.0380  0.5502 -0.0380  0.2982  0.2982  0.1178  0.0640  0.4159  0.3622
    1   2.5295 THz   0.3943  0.0000 -0.5601  0.0406 -0.1658  0.0406  0.2788  0.2788 -0.4248 -0.3673 -0.1459 -0.0885
    2  11.3126 THz   0.4082  0.0000  0.4082  0.0000 -0.4082 -0.0000 -0.2887 -0.2887 -0.2887 -0.2887  0.2887  0.2887
    3  14.2275 THz  -0.4082  0.0000 -0.4082 -0.0000  0.4082  0.0000 -0.2887 -0.2887 -0.2887 -0.2887  0.2887  0.2887
    4  16.1101 THz   0.5607  0.0000 -0.1613  0.0097  0.3993  0.0097 -0.3964 -0.3964  0.1209  0.1072 -0.2755 -0.2892
    5  16.1101 THz   0.1379  0.0000 -0.5529 -0.0394 -0.4150 -0.0394 -0.0975 -0.0975  0.3630  0.4188  0.2656  0.3213


 Q= -0.047379 -0.047379  0.047379, q=  0.000000  0.000000 -0.250000

                       Si X   0        Si Y   0        Si Z   0        Si X   1        Si Y   1        Si Z   1     
                    --------------- --------------- --------------- --------------- --------------- ---------------
    0   2.5411 THz  -0.5762  0.0000  0.3165 -0.0147 -0.2597 -0.0147 -0.5407 -0.1989  0.3021  0.0955 -0.2386 -0.1034
    1   2.5411 THz  -0.0369  0.0000 -0.4250  0.2287 -0.4620  0.2287 -0.0346 -0.0127 -0.4779  0.0679 -0.5125  0.0551
    2   7.3493 THz   0.4082  0.0000  0.4082  0.0000 -0.4082 -0.0000  0.3322 -0.2373  0.3322 -0.2373 -0.3322  0.2373
    3  15.8308 THz  -0.4082  0.0000 -0.4082  0.0000  0.4082 -0.0000  0.3322 -0.2373  0.3322 -0.2373 -0.3322  0.2373
    4  16.1681 THz   0.4766  0.0000  0.0315  0.0829  0.5081  0.0829 -0.4473 -0.1646 -0.0009 -0.0887 -0.4482 -0.2533
    5  16.1681 THz  -0.3259 -0.0000  0.5575  0.1213  0.2316  0.1213  0.3058  0.1125 -0.4813 -0.3063 -0.1755 -0.1938


 Q=  0.000000  0.000000  0.000000, q=  0.000000  0.000000  0.000000

                       Si X   0        Si Y   0        Si Z   0        Si X   1        Si Y   1        Si Z   1     
                    --------------- --------------- --------------- --------------- --------------- ---------------
    0   0.0000 THz   0.0000  0.0000  0.5549  0.0000 -0.4383  0.0000 -0.0000  0.0000  0.5549  0.0000 -0.4383  0.0000
    1   0.0000 THz   0.7071  0.0000  0.0000  0.0000 -0.0000  0.0000  0.7071  0.0000 -0.0000  0.0000 -0.0000  0.0000
    2   0.0000 THz   0.0000  0.0000  0.4383  0.0000  0.5549  0.0000  0.0000  0.0000  0.4383  0.0000  0.5549  0.0000
    3  16.3925 THz   0.0000  0.0000 -0.6956  0.0000  0.1273  0.0000 -0.0000  0.0000  0.6956  0.0000 -0.1273  0.0000
    4  16.3925 THz  -0.7071  0.0000  0.0000  0.0000 -0.0000  0.0000  0.7071  0.0000 -0.0000  0.0000 -0.0000  0.0000
    5  16.3925 THz  -0.0000 -0.0000  0.1273 -0.0000  0.6956 -0.0000 -0.0000 -0.0000 -0.1273 -0.0000 -0.6956 -0.0000


 Q=  0.047379  0.047379 -0.047379, q=  0.000000  0.000000  0.250000

                       Si X   0        Si Y   0        Si Z   0        Si X   1        Si Y   1        Si Z   1     
                    --------------- --------------- --------------- --------------- --------------- ---------------
    0   2.5411 THz  -0.5762  0.0000  0.3165  0.0147 -0.2597  0.0147 -0.5407  0.1989  0.3021 -0.0955 -0.2386  0.1034
    1   2.5411 THz  -0.0369  0.0000 -0.4250 -0.2287 -0.4620 -0.2287 -0.0346  0.0127 -0.4779 -0.0679 -0.5125 -0.0551
    2   7.3493 THz   0.4082  0.0000  0.4082 -0.0000 -0.4082  0.0000  0.3322  0.2373  0.3322  0.2373 -0.3322 -0.2373
    3  15.8308 THz  -0.4082  0.0000 -0.4082 -0.0000  0.4082  0.0000  0.3322  0.2373  0.3322  0.2373 -0.3322 -0.2373
    4  16.1681 THz   0.4766  0.0000  0.0315 -0.0829  0.5081 -0.0829 -0.4473  0.1646 -0.0009  0.0887 -0.4482  0.2533
    5  16.1681 THz  -0.3259 -0.0000  0.5575 -0.1213  0.2316 -0.1213  0.3058 -0.1125 -0.4813  0.3063 -0.1755  0.1938


 Q= -0.047379 -0.142136  0.142136, q=  0.000000  0.250000 -0.500000

                       Si X   0        Si Y   0        Si Z   0        Si X   1        Si Y   1        Si Z   1     
                    --------------- --------------- --------------- --------------- --------------- ---------------
    0   3.3997 THz  -0.0000  0.0000  0.4593 -0.1976  0.4593 -0.1976 -0.0000 -0.0000  0.4998  0.0156  0.4998  0.0156
    1   5.5247 THz   0.3660  0.0000 -0.2483  0.3484  0.2483 -0.3484  0.3041  0.2037 -0.0124 -0.4276  0.0124  0.4276
    2  10.2872 THz  -0.5656  0.0000 -0.1117  0.2785  0.1117 -0.2785  0.1371 -0.5487  0.2973 -0.0409 -0.2973  0.0409
    3  13.7695 THz   0.5834  0.0000  0.1860 -0.2126 -0.1860  0.2126  0.2657 -0.5194  0.2740 -0.0688 -0.2740  0.0688
    4  15.6149 THz   0.0000  0.0000  0.3971  0.3039  0.3971  0.3039 -0.0000 -0.0000 -0.2309 -0.4435 -0.2309 -0.4435
    5  16.0207 THz  -0.4536  0.0000  0.1782 -0.3396 -0.1782  0.3396  0.4161  0.1806 -0.0282 -0.3825  0.0282  0.3825


 Q=  0.000000 -0.094757  0.094757, q=  0.000000  0.250000 -0.250000

                       Si X   0        Si Y   0        Si Z   0        Si X   1        Si Y   1        Si Z   1     
                    --------------- --------------- --------------- --------------- --------------- ---------------
    0   3.6274 THz   0.0000  0.0000 -0.2788  0.4150 -0.2788  0.4150  0.0000 -0.0000 -0.2788  0.4150 -0.2788  0.4150
    1   5.5506 THz  -0.6063  0.0000 -0.0000 -0.2573 -0.0000  0.2573 -0.6063 -0.0000 -0.0000  0.2573 -0.0000 -0.2573
    2   9.1386 THz   0.3750  0.0000 -0.0000 -0.4239 -0.0000  0.4239 -0.3750 -0.0000 -0.0000 -0.4239 -0.0000  0.4239
    3  13.9747 THz   0.3639  0.0000 -0.0000 -0.4287 -0.0000  0.4287  0.3639 -0.0000  0.0000  0.4287  0.0000 -0.4287
    4  15.6650 THz   0.0000  0.0000  0.3615  0.3454  0.3615  0.3454 -0.0000  0.0000 -0.3615 -0.3454 -0.3615 -0.3454
    5  16.2594 THz   0.5995  0.0000 -0.0000  0.2652 -0.0000 -0.2652 -0.5995  0.0000  0.0000  0.2652  0.0000 -0.2652


 Q=  0.047379 -0.047379  0.047379, q=  0.000000  0.250000  0.000000

                       Si X   0        Si Y   0        Si Z   0        Si X   1        Si Y   1        Si Z   1     
                    --------------- --------------- --------------- --------------- --------------- ---------------
    0   2.5411 THz   0.5192  0.0000  0.0521  0.0687 -0.4672  0.0687  0.4873 -0.1793  0.0726  0.0465 -0.4147  0.2258
    1   2.5411 THz   0.2524  0.0000  0.5531 -0.1414  0.3006 -0.1414  0.2369 -0.0872  0.4703 -0.3237  0.2333 -0.2365
    2   7.3493 THz  -0.4082  0.0000  0.4082 -0.0000 -0.4082  0.0000 -0.3322 -0.2373  0.3322  0.2373 -0.3322 -0.2373
    3  15.8308 THz  -0.4082  0.0000  0.4082 -0.0000 -0.4082 -0.0000  0.3322  0.2373 -0.3322 -0.2373  0.3322  0.2373
    4  16.1681 THz  -0.1958  0.0000  0.3708  0.0395  0.5666  0.0395  0.1838 -0.0676 -0.3616  0.0910 -0.5454  0.1586
    5  16.1681 THz   0.5431  0.0000  0.4406  0.0142 -0.1026  0.0142 -0.5097  0.1875 -0.4184  0.1388  0.0913 -0.0488


 Q=  0.094757  0.000000  0.000000, q=  0.000000  0.250000  0.250000

                       Si X   0        Si Y   0        Si Z   0        Si X   1        Si Y   1        Si Z   1     
                    --------------- --------------- --------------- --------------- --------------- ---------------
    0   3.4060 THz   0.0000  0.0000 -0.5664 -0.0379  0.3502  0.2347  0.0000 -0.0000 -0.2783 -0.2563  0.2417  0.5463
    1   3.4060 THz   0.0000  0.0000 -0.4128  0.0856 -0.5390 -0.1781 -0.0000 -0.0000 -0.4296  0.4151 -0.3543  0.1327
    2   7.7977 THz   0.7071  0.0000  0.0000  0.0000 -0.0000  0.0000  0.7071  0.0000  0.0000  0.0000  0.0000 -0.0000
    3  15.6834 THz   0.0000  0.0000 -0.3066 -0.0224  0.2619  0.5804 -0.0000  0.0000 -0.1437  0.1871 -0.1846 -0.6405
    4  15.6834 THz   0.0000  0.0000  0.6258 -0.1179  0.1940  0.2385  0.0000 -0.0000 -0.6307  0.2157 -0.0710  0.2250
    5  15.9003 THz   0.7071  0.0000  0.0000 -0.0000  0.0000 -0.0000 -0.7071 -0.0000 -0.0000 -0.0000 -0.0000  0.0000


 Q= -0.236894  0.047379  0.047379, q=  0.250000 -0.500000 -0.500000

                       Si X   0        Si Y   0        Si Z   0        Si X   1        Si Y   1        Si Z   1     
                    --------------- --------------- --------------- --------------- --------------- ---------------
    0   3.3997 THz  -0.0000  0.0000 -0.4844 -0.1238  0.4844  0.1238  0.0000  0.0000  0.0931  0.4913 -0.0931 -0.4913
    1   5.5247 THz  -0.3660 -0.0000  0.2483  0.3484  0.2483  0.3484  0.2037  0.3041 -0.4276 -0.0124 -0.4276 -0.0124
    2  10.2872 THz  -0.5656  0.0000 -0.1117 -0.2785 -0.1117 -0.2785  0.5487 -0.1371  0.0409 -0.2973  0.0409 -0.2973
    3  13.7695 THz  -0.5834  0.0000 -0.1860 -0.2126 -0.1860 -0.2126 -0.5194  0.2657 -0.0688  0.2740 -0.0688  0.2740
    4  15.6149 THz  -0.0000  0.0000 -0.4593  0.1976  0.4593 -0.1976 -0.0000 -0.0000 -0.3736 -0.3323  0.3736  0.3323
    5  16.0207 THz   0.4536  0.0000 -0.1782 -0.3396 -0.1782 -0.3396  0.1806  0.4161 -0.3825 -0.0282 -0.3825 -0.0282


 Q= -0.189515  0.094757  0.000000, q=  0.250000 -0.500000 -0.250000

                       Si X   0        Si Y   0        Si Z   0        Si X   1        Si Y   1        Si Z   1     
                    --------------- --------------- --------------- --------------- --------------- ---------------
    0   5.4978 THz  -0.4737  0.0000 -0.0000  0.0000 -0.0000  0.4737 -0.0000  0.0000 -0.7425 -0.0000 -0.0000 -0.0000
    1   5.4978 THz  -0.0000  0.0000  0.7320 -0.1243  0.0000  0.0000  0.4670 -0.0793 -0.0000  0.0000  0.0793  0.4670
    2  11.7212 THz   0.7071  0.0000 -0.0000  0.0000 -0.0000  0.7071  0.0000  0.0000  0.0000  0.0000  0.0000 -0.0000
    3  11.7212 THz   0.0000  0.0000 -0.0000 -0.0000 -0.0000  0.0000 -0.2649 -0.6556 -0.0000  0.0000 -0.6556  0.2649
    4  15.7604 THz  -0.5250  0.0000 -0.0000  0.0000 -0.0000  0.5250  0.0000 -0.0000  0.6699  0.0000  0.0000  0.0000
    5  15.7604 THz   0.0000  0.0000 -0.6626  0.0988  0.0000 -0.0000  0.5193 -0.0774 -0.0000 -0.0000  0.0774  0.5193


 Q= -0.142136  0.142136 -0.047379, q=  0.250000 -0.500000  0.000000

                       Si X   0        Si Y   0        Si Z   0        Si X   1        Si Y   1        Si Z   1     
                    --------------- --------------- --------------- --------------- --------------- ---------------
    0   3.3997 THz   0.5000  0.0000  0.5000  0.0000  0.0000  0.0000  0.4529  0.2118  0.4529  0.2118 -0.0000  0.0000
    1   5.5247 THz   0.4278  0.0000 -0.4278 -0.0000 -0.2124 -0.2981 -0.3410  0.2583  0.3410 -0.2583 -0.0106 -0.3659
    2  10.2872 THz  -0.3001  0.0000  0.3001  0.0000 -0.2106 -0.5249  0.1486  0.2607 -0.1486 -0.2607  0.5603 -0.0770
    3  13.7695 THz  -0.2825  0.0000  0.2825  0.0000 -0.3841 -0.4391 -0.2322 -0.1610  0.2322  0.1610 -0.5659  0.1420
    4  15.6149 THz   0.5000  0.0000  0.5000  0.0000  0.0000  0.0000 -0.4529 -0.2118 -0.4529 -0.2118  0.0000 -0.0000
    5  16.0207 THz  -0.3835  0.0000  0.3835  0.0000  0.2107  0.4017 -0.3256  0.2027  0.3256 -0.2027 -0.0334 -0.4524


 Q= -0.094757  0.189515 -0.094757, q=  0.250000 -0.500000  0.250000

                       Si X   0        Si Y   0        Si Z   0        Si X   1        Si Y   1        Si Z   1     
                    --------------- --------------- --------------- --------------- --------------- ---------------
    0   3.6274 THz  -0.5000  0.0000 -0.0000 -0.0000  0.5000  0.0000 -0.0000 -0.5000  0.0000 -0.0000 -0.0000  0.5000
    1   5.5506 THz   0.2573  0.0000  0.0000 -0.6063  0.2573 -0.0000 -0.0000 -0.2573  0.6063 -0.0000  0.0000 -0.2573
    2   9.1386 THz   0.4239  0.0000 -0.0000  0.3750  0.4239  0.0000 -0.0000  0.4239  0.3750 -0.0000 -0.0000  0.4239
    3  13.9747 THz  -0.4287  0.0000  0.0000 -0.3639 -0.4287  0.0000 -0.0000  0.4287  0.3639  0.0000  0.0000  0.4287
    4  15.6650 THz   0.5000  0.0000 -0.0000 -0.0000 -0.5000 -0.0000  0.0000 -0.5000 -0.0000  0.0000  0.0000  0.5000
    5  16.2594 THz   0.2652  0.0000  0.0000 -0.5995  0.2652  0.0000 -0.0000  0.2652 -0.5995 -0.0000  0.0000  0.2652


 Q= -0.189515  0.000000  0.094757, q=  0.250000 -0.250000 -0.500000

                       Si X   0        Si Y   0        Si Z   0        Si X   1        Si Y   1        Si Z   1     
                    --------------- --------------- --------------- --------------- --------------- ---------------
    0   5.4978 THz   0.0000  0.0000  0.0000  0.0000  0.6671  0.3259  0.4256  0.2079 -0.2079  0.4256  0.0000 -0.0000
    1   5.4978 THz   0.4737  0.0000 -0.0000 -0.4737 -0.0000  0.0000  0.0000 -0.0000  0.0000 -0.0000  0.7425 -0.0000
    2  11.7212 THz   0.7071  0.0000  0.0000  0.7071  0.0000 -0.0000  0.0000 -0.0000  0.0000  0.0000  0.0000  0.0000
    3  11.7212 THz   0.0000  0.0000 -0.0000  0.0000 -0.0000  0.0000 -0.0000 -0.7071 -0.7071  0.0000 -0.0000  0.0000
    4  15.7604 THz   0.5250  0.0000 -0.0000 -0.5250 -0.0000  0.0000 -0.0000  0.0000 -0.0000  0.0000 -0.6699 -0.0000
    5  15.7604 THz   0.0000  0.0000  0.0000  0.0000  0.6683 -0.0453 -0.5238  0.0355 -0.0355 -0.5238 -0.0000  0.0000


 Q= -0.142136  0.047379  0.047379, q=  0.250000 -0.250000 -0.250000

                       Si X   0        Si Y   0        Si Z   0        Si X   1        Si Y   1        Si Z   1     
                    --------------- --------------- --------------- --------------- --------------- ---------------
    0   3.3997 THz   0.0000  0.0000  0.1958 -0.4601 -0.1958  0.4601  0.0000 -0.0000 -0.3338 -0.3723  0.3338  0.3723
    1   5.5247 THz   0.3660  0.0000  0.2483 -0.3484  0.2483 -0.3484  0.2037 -0.3041  0.4276 -0.0124  0.4276 -0.0124
    2  10.2872 THz   0.5656  0.0000 -0.1117  0.2785 -0.1117  0.2785  0.5487  0.1371 -0.0409 -0.2973 -0.0409 -0.2973
    3  13.7695 THz  -0.5834  0.0000  0.1860 -0.2126  0.1860 -0.2126  0.5194  0.2657 -0.0688 -0.2740 -0.0688 -0.2740
    4  15.6149 THz  -0.0000  0.0000  0.2011  0.4578 -0.2011 -0.4578  0.0000 -0.0000 -0.4999 -0.0118  0.4999  0.0118
    5  16.0207 THz  -0.4536  0.0000 -0.1782  0.3396 -0.1782  0.3396  0.1806 -0.4161  0.3825 -0.0282  0.3825 -0.0282


 Q= -0.094757  0.094757  0.000000, q=  0.250000 -0.250000  0.000000

                       Si X   0        Si Y   0        Si Z   0        Si X   1        Si Y   1        Si Z   1     
                    --------------- --------------- --------------- --------------- --------------- ---------------
    0   3.6274 THz  -0.5000  0.0000 -0.5000  0.0000  0.0000 -0.0000 -0.5000 -0.0000 -0.5000  0.0000  0.0000 -0.0000
    1   5.5506 THz   0.2573  0.0000 -0.2573 -0.0000  0.0000 -0.6063 -0.2573 -0.0000  0.2573  0.0000  0.0000 -0.6063
    2   9.1386 THz  -0.4239  0.0000  0.4239 -0.0000  0.0000 -0.3750 -0.4239 -0.0000  0.4239 -0.0000  0.0000  0.3750
    3  13.9747 THz   0.4287  0.0000 -0.4287  0.0000  0.0000  0.3639 -0.4287  0.0000  0.4287 -0.0000 -0.0000  0.3639
    4  15.6650 THz  -0.5000  0.0000 -0.5000 -0.0000  0.0000 -0.0000  0.5000  0.0000  0.5000 -0.0000 -0.0000  0.0000
    5  16.2594 THz   0.2652  0.0000 -0.2652 -0.0000  0.0000 -0.5995  0.2652  0.0000 -0.2652  0.0000 -0.0000  0.5995


 Q= -0.047379  0.142136 -0.047379, q=  0.250000 -0.250000  0.250000

                       Si X   0        Si Y   0        Si Z   0        Si X   1        Si Y   1        Si Z   1     
                    --------------- --------------- --------------- --------------- --------------- ---------------
    0   3.3997 THz   0.5000  0.0000 -0.0000  0.0000 -0.5000 -0.0000  0.2118  0.4529 -0.0000 -0.0000 -0.2118 -0.4529
    1   5.5247 THz   0.4278  0.0000  0.2124 -0.2981  0.4278  0.0000  0.2583 -0.3410  0.3659  0.0106  0.2583 -0.3410
    2  10.2872 THz   0.3001  0.0000 -0.2106  0.5249  0.3001 -0.0000 -0.2607 -0.1486 -0.0770  0.5603 -0.2607 -0.1486
    3  13.7695 THz  -0.2825  0.0000  0.3841 -0.4391 -0.2825 -0.0000 -0.1610 -0.2322 -0.1420  0.5659 -0.1610 -0.2322
    4  15.6149 THz   0.5000  0.0000 -0.0000  0.0000 -0.5000 -0.0000 -0.2118 -0.4529  0.0000  0.0000  0.2118  0.4529
    5  16.0207 THz  -0.3835  0.0000 -0.2107  0.4017 -0.3835 -0.0000  0.2027 -0.3256  0.4524  0.0334  0.2027 -0.3256


 Q= -0.142136 -0.047379  0.142136, q=  0.250000  0.000000 -0.500000

                       Si X   0        Si Y   0        Si Z   0        Si X   1        Si Y   1        Si Z   1     
                    --------------- --------------- --------------- --------------- --------------- ---------------
    0   3.3997 THz  -0.5000 -0.0000  0.0000 -0.0000 -0.5000 -0.0000 -0.4529 -0.2118  0.0000 -0.0000 -0.4529 -0.2118
    1   5.5247 THz  -0.4278  0.0000  0.2124  0.2981  0.4278  0.0000  0.3410 -0.2583  0.0106  0.3659 -0.3410  0.2583
    2  10.2872 THz   0.3001  0.0000  0.2106  0.5249 -0.3001  0.0000 -0.1486 -0.2607 -0.5603  0.0770  0.1486  0.2607
    3  13.7695 THz   0.2825  0.0000  0.3841  0.4391 -0.2825  0.0000  0.2322  0.1610  0.5659 -0.1420 -0.2322 -0.1610
    4  15.6149 THz   0.5000  0.0000  0.0000  0.0000  0.5000 -0.0000 -0.4529 -0.2118 -0.0000 -0.0000 -0.4529 -0.2118
    5  16.0207 THz  -0.3835  0.0000  0.2107  0.4017  0.3835 -0.0000 -0.3256  0.2027 -0.0334 -0.4524  0.3256 -0.2027


 Q= -0.094757  0.000000  0.094757, q=  0.250000  0.000000 -0.250000

                       Si X   0        Si Y   0        Si Z   0        Si X   1        Si Y   1        Si Z   1     
                    --------------- --------------- --------------- --------------- --------------- ---------------
    0   3.6274 THz  -0.5000  0.0000 -0.0000 -0.0000 -0.5000  0.0000 -0.5000  0.0000 -0.0000 -0.0000 -0.5000 -0.0000
    1   5.5506 THz  -0.2573  0.0000 -0.0000  0.6063  0.2573 -0.0000  0.2573  0.0000 -0.0000  0.6063 -0.2573 -0.0000
    2   9.1386 THz  -0.4239  0.0000  0.0000 -0.3750  0.4239  0.0000 -0.4239 -0.0000  0.0000  0.3750  0.4239  0.0000
    3  13.9747 THz  -0.4287  0.0000  0.0000 -0.3639  0.4287  0.0000  0.4287  0.0000  0.0000 -0.3639 -0.4287 -0.0000
    4  15.6650 THz  -0.5000  0.0000  0.0000 -0.0000 -0.5000 -0.0000  0.5000  0.0000 -0.0000 -0.0000  0.5000 -0.0000
    5  16.2594 THz   0.2652  0.0000  0.0000 -0.5995 -0.2652 -0.0000  0.2652  0.0000 -0.0000  0.5995 -0.2652 -0.0000


 Q= -0.047379  0.047379  0.047379, q=  0.250000  0.000000  0.000000

                       Si X   0        Si Y   0        Si Z   0        Si X   1        Si Y   1        Si Z   1     
                    --------------- --------------- --------------- --------------- --------------- ---------------
    0   2.5411 THz  -0.2709  0.0000  0.3035 -0.0481 -0.5744  0.0481 -0.2542  0.0935  0.2682 -0.1499 -0.5225  0.2434
    1   2.5411 THz   0.5099  0.0000  0.4881 -0.0255  0.0218  0.0255  0.4785 -0.1761  0.4493 -0.1925  0.0292  0.0164
    2   7.3493 THz   0.4082  0.0000 -0.4082 -0.0000 -0.4082  0.0000  0.3322  0.2373 -0.3322 -0.2373 -0.3322 -0.2373
    3  15.8308 THz  -0.4082  0.0000  0.4082 -0.0000  0.4082  0.0000  0.3322  0.2373 -0.3322 -0.2373 -0.3322 -0.2373
    4  16.1681 THz   0.0579  0.0000 -0.3816 -0.2810  0.4394  0.2810 -0.0543  0.0200  0.4551  0.1320 -0.5095 -0.1120
    5  16.1681 THz   0.5744  0.0000  0.3286  0.0283  0.2459 -0.0283 -0.5391  0.1983 -0.3181  0.0869 -0.2210  0.1115


 Q=  0.000000  0.094757  0.000000, q=  0.250000  0.000000  0.250000

                       Si X   0        Si Y   0        Si Z   0        Si X   1        Si Y   1        Si Z   1     
                    --------------- --------------- --------------- --------------- --------------- ---------------
    0   3.4060 THz   0.4446  0.0000  0.0000  0.0000 -0.1508 -0.5288 -0.0053  0.0979  0.0000  0.0000 -0.1147 -0.6908
    1   3.4060 THz   0.5499  0.0000  0.0000 -0.0000  0.1219  0.4275  0.6958 -0.0792  0.0000 -0.0000  0.0927 -0.0319
    2   7.7977 THz   0.0000  0.0000 -0.7032  0.0744 -0.0000 -0.0000  0.0000  0.0000 -0.7032  0.0744 -0.0000 -0.0000
    3  15.6834 THz  -0.0001  0.0000  0.0000 -0.0000 -0.0310  0.7064 -0.4587 -0.0201 -0.0000  0.0000  0.0235 -0.5373
    4  15.6834 THz  -0.7071  0.0000  0.0000 -0.0000  0.0000 -0.0001  0.5378  0.0000 -0.0000  0.0000 -0.0000 -0.4591
    5  15.9003 THz   0.0000  0.0000  0.6825 -0.1848  0.0000 -0.0000 -0.0000  0.0000 -0.6825  0.1848 -0.0000  0.0000


 Q= -0.094757 -0.094757  0.189515, q=  0.250000  0.250000 -0.500000

                       Si X   0        Si Y   0        Si Z   0        Si X   1        Si Y   1        Si Z   1     
                    --------------- --------------- --------------- --------------- --------------- ---------------
    0   3.6274 THz  -0.5000  0.0000  0.5000  0.0000  0.0000 -0.0000  0.0000 -0.5000  0.0000  0.5000  0.0000  0.0000
    1   5.5506 THz  -0.2573  0.0000 -0.2573 -0.0000 -0.0000  0.6063 -0.0000  0.2573 -0.0000  0.2573 -0.6063 -0.0000
    2   9.1386 THz  -0.4239  0.0000 -0.4239  0.0000  0.0000 -0.3750  0.0000 -0.4239  0.0000 -0.4239 -0.3750  0.0000
    3  13.9747 THz  -0.4287  0.0000 -0.4287 -0.0000 -0.0000 -0.3639  0.0000  0.4287 -0.0000  0.4287  0.3639  0.0000
    4  15.6650 THz  -0.5000  0.0000  0.5000  0.0000  0.0000 -0.0000 -0.0000  0.5000  0.0000 -0.5000 -0.0000 -0.0000
    5  16.2594 THz   0.2652  0.0000  0.2652  0.0000  0.0000 -0.5995 -0.0000  0.2652  0.0000  0.2652 -0.5995 -0.0000


 Q= -0.047379 -0.047379  0.142136, q=  0.250000  0.250000 -0.250000

                       Si X   0        Si Y   0        Si Z   0        Si X   1        Si Y   1        Si Z   1     
                    --------------- --------------- --------------- --------------- --------------- ---------------
    0   3.3997 THz  -0.5000 -0.0000  0.5000 -0.0000 -0.0000 -0.0000 -0.2118 -0.4529  0.2118  0.4529 -0.0000 -0.0000
    1   5.5247 THz  -0.4278  0.0000 -0.4278  0.0000 -0.2124  0.2981 -0.2583  0.3410 -0.2583  0.3410 -0.3659 -0.0106
    2  10.2872 THz   0.3001  0.0000  0.3001  0.0000 -0.2106  0.5249 -0.2607 -0.1486 -0.2607 -0.1486 -0.0770  0.5603
    3  13.7695 THz  -0.2825  0.0000 -0.2825 -0.0000  0.3841 -0.4391 -0.1610 -0.2322 -0.1610 -0.2322 -0.1420  0.5659
    4  15.6149 THz   0.5000  0.0000 -0.5000  0.0000  0.0000  0.0000 -0.2118 -0.4529  0.2118  0.4529  0.0000  0.0000
    5  16.0207 THz   0.3835  0.0000  0.3835 -0.0000  0.2107 -0.4017 -0.2027  0.3256 -0.2027  0.3256 -0.4524 -0.0334


 Q=  0.000000  0.000000  0.094757, q=  0.250000  0.250000  0.000000

                       Si X   0        Si Y   0        Si Z   0        Si X   1        Si Y   1        Si Z   1     
                    --------------- --------------- --------------- --------------- --------------- ---------------
    0   3.4060 THz   0.4463  0.0000 -0.5416 -0.0867  0.0000 -0.0000  0.2831  0.3517 -0.4119 -0.3557  0.0000 -0.0000
    1   3.4060 THz   0.5485  0.0000  0.4407  0.0705  0.0000  0.0000  0.4629 -0.2861  0.3351 -0.3026  0.0000  0.0000
    2   7.7977 THz   0.0000  0.0000  0.0000  0.0000 -0.5546 -0.4387  0.0000 -0.0000  0.0000  0.0000 -0.5546 -0.4387
    3  15.6834 THz  -0.6180  0.0000 -0.3105 -0.1469 -0.0000  0.0000  0.5654 -0.2017  0.2362 -0.2896  0.0000 -0.0000
    4  15.6834 THz  -0.3435  0.0000  0.5587  0.2643  0.0000 -0.0000  0.0896  0.3628 -0.4249 -0.4241 -0.0000  0.0000
    5  15.9003 THz   0.0000  0.0000 -0.0000 -0.0000  0.6911  0.1496  0.0000 -0.0000  0.0000  0.0000 -0.6911 -0.1496


 Q=  0.047379  0.047379  0.047379, q=  0.250000  0.250000  0.250000

                       Si X   0        Si Y   0        Si Z   0        Si X   1        Si Y   1        Si Z   1     
                    --------------- --------------- --------------- --------------- --------------- ---------------
    0   2.5411 THz  -0.4721  0.0000 -0.0380 -0.0881  0.5101  0.0881 -0.4430 -0.1630 -0.0052 -0.0958  0.4483  0.2588
    1   2.5411 THz   0.3324  0.0000 -0.5554 -0.1252  0.2230  0.1252  0.3119  0.1148 -0.4780 -0.3092  0.1661  0.1945
    2   7.3493 THz  -0.4082  0.0000 -0.4082  0.0000 -0.4082  0.0000 -0.3322  0.2373 -0.3322  0.2373 -0.3322  0.2373
    3  15.8308 THz  -0.4082  0.0000 -0.4082 -0.0000 -0.4082  0.0000  0.3322 -0.2373  0.3322 -0.2373  0.3322 -0.2373
    4  16.1681 THz   0.5773  0.0000 -0.2945  0.0001 -0.2828 -0.0001 -0.5418 -0.1993  0.2765  0.1016  0.2653  0.0977
    5  16.1681 THz   0.0068  0.0000  0.4965 -0.0079 -0.5033  0.0079 -0.0064 -0.0024 -0.4687 -0.1640  0.4751  0.1664
