
Used Primitive lattice vector

    0.000000000000      1.815375000000      1.815375000000  
    1.815375000000      0.000000000000      1.815375000000  
    1.815375000000      1.815375000000      0.000000000000  

   1 Atom(s) in the Primitive cell

 0.0000000000 0.0000000000 0.0000000000 Ni    0


 Q= -0.137713 -0.137713 -0.137713, q= -0.500000 -0.500000 -0.500000

                       Ni X   0        Ni Y   0        Ni Z   0     
                    --------------- --------------- ---------------
    0   4.3412 THz   0.0000  0.0000  0.7059  0.0416 -0.7059 -0.0416
    1   4.3412 THz   0.8165  0.0000 -0.4082 -0.0000 -0.4082  0.0000
    2   7.3503 THz  -0.5774  0.0000 -0.5774 -0.0000 -0.5774  0.0000


 Q= -0.068856 -0.068856 -0.206569, q= -0.500000 -0.500000 -0.250000

                       Ni X   0        Ni Y   0        Ni Z   0     
                    --------------- --------------- ---------------
    0   5.0644 THz   0.7071  0.0000 -0.7071 -0.0000  0.0000  0.0000
    1   5.4080 THz   0.5767  0.0000  0.5767  0.0000 -0.5787 -0.0000
    2   6.8755 THz   0.4092  0.0000  0.4092  0.0000  0.8155  0.0000


 Q=  0.000000  0.000000 -0.275425, q= -0.500000 -0.500000  0.000000

                       Ni X   0        Ni Y   0        Ni Z   0     
                    --------------- --------------- ---------------
    0   5.6648 THz   1.0000  0.0000  0.0000  0.0000  0.0000  0.0000
    1   5.6648 THz   0.0000  0.0000 -0.6251 -0.7805 -0.0000 -0.0000
    2   7.1854 THz   0.0000  0.0000  0.0000  0.0000 -1.0000  0.0000


 Q=  0.068856  0.068856 -0.344281, q= -0.500000 -0.500000  0.250000

                       Ni X   0        Ni Y   0        Ni Z   0     
                    --------------- --------------- ---------------
    0   5.0644 THz   0.7071  0.0000 -0.7071 -0.0000 -0.0000  0.0000
    1   5.4080 THz   0.5767  0.0000  0.5767  0.0000 -0.5787 -0.0000
    2   6.8755 THz   0.4092  0.0000  0.4092  0.0000  0.8155 -0.0000


 Q= -0.068856 -0.206569 -0.068856, q= -0.500000 -0.250000 -0.500000

                       Ni X   0        Ni Y   0        Ni Z   0     
                    --------------- --------------- ---------------
    0   5.0644 THz  -0.7071  0.0000  0.0000 -0.0000  0.7071  0.0000
    1   5.4080 THz   0.5767  0.0000 -0.5787 -0.0000  0.5767  0.0000
    2   6.8755 THz   0.4092  0.0000  0.8155  0.0000  0.4092 -0.0000


 Q=  0.000000 -0.137713 -0.137713, q= -0.500000 -0.250000 -0.250000

                       Ni X   0        Ni Y   0        Ni Z   0     
                    --------------- --------------- ---------------
    0   4.2649 THz   0.0000  0.0000  0.2402 -0.6650 -0.2402  0.6650
    1   5.3809 THz   1.0000  0.0000  0.0000  0.0000  0.0000  0.0000
    2   6.6590 THz   0.0000  0.0000 -0.3690  0.6032 -0.3690  0.6032


 Q=  0.068856 -0.068856 -0.206569, q= -0.500000 -0.250000  0.000000

                       Ni X   0        Ni Y   0        Ni Z   0     
                    --------------- --------------- ---------------
    0   5.0644 THz  -0.7071  0.0000 -0.7071 -0.0000  0.0000  0.0000
    1   5.4080 THz   0.5767  0.0000 -0.5767 -0.0000  0.5787  0.0000
    2   6.8755 THz  -0.4092  0.0000  0.4092  0.0000  0.8155  0.0000


 Q=  0.137713  0.000000 -0.275425, q= -0.500000 -0.250000  0.250000

                       Ni X   0        Ni Y   0        Ni Z   0     
                    --------------- --------------- ---------------
    0   5.5072 THz   1.0000  0.0000  0.0000  0.0000  0.0000  0.0000
    1   6.3720 THz   0.0000  0.0000 -0.3450  0.7214  0.4502  0.3974
    2   6.3720 THz   0.0000  0.0000  0.4704  0.3732 -0.6494  0.4666


 Q=  0.000000 -0.275425  0.000000, q= -0.500000  0.000000 -0.500000

                       Ni X   0        Ni Y   0        Ni Z   0     
                    --------------- --------------- ---------------
    0   5.6648 THz   1.0000  0.0000  0.0000  0.0000  0.0000  0.0000
    1   5.6648 THz   0.0000  0.0000 -0.0000  0.0000 -1.0000 -0.0000
    2   7.1854 THz   0.0000  0.0000  0.1083  0.9941  0.0000 -0.0000


 Q=  0.068856 -0.206569 -0.068856, q= -0.500000  0.000000 -0.250000

                       Ni X   0        Ni Y   0        Ni Z   0     
                    --------------- --------------- ---------------
    0   5.0644 THz   0.7071  0.0000 -0.0000  0.0000  0.7071 -0.0000
    1   5.4080 THz   0.5767  0.0000  0.5787 -0.0000 -0.5767  0.0000
    2   6.8755 THz  -0.4092  0.0000  0.8155  0.0000  0.4092  0.0000


 Q=  0.137713 -0.137713 -0.137713, q= -0.500000  0.000000  0.000000

                       Ni X   0        Ni Y   0        Ni Z   0     
                    --------------- --------------- ---------------
    0   4.3412 THz   0.0000  0.0000  0.7041 -0.0648 -0.7041  0.0648
    1   4.3412 THz   0.8165  0.0000  0.4082  0.0000  0.4082  0.0000
    2   7.3503 THz   0.5774  0.0000 -0.5774 -0.0000 -0.5774 -0.0000


 Q=  0.206569 -0.068856 -0.206569, q= -0.500000  0.000000  0.250000

                       Ni X   0        Ni Y   0        Ni Z   0     
                    --------------- --------------- ---------------
    0   5.0644 THz   0.7071  0.0000 -0.0000 -0.0000  0.7071  0.0000
    1   5.4080 THz   0.5767  0.0000  0.5787  0.0000 -0.5767 -0.0000
    2   6.8755 THz  -0.4092  0.0000  0.8155  0.0000  0.4092  0.0000


 Q=  0.068856 -0.344281  0.068856, q= -0.500000  0.250000 -0.500000

                       Ni X   0        Ni Y   0        Ni Z   0     
                    --------------- --------------- ---------------
    0   5.0644 THz  -0.7071  0.0000 -0.0000  0.0000  0.7071 -0.0000
    1   5.4080 THz   0.5767  0.0000 -0.5787  0.0000  0.5767 -0.0000
    2   6.8755 THz   0.4092  0.0000  0.8155  0.0000  0.4092  0.0000


 Q=  0.137713 -0.275425  0.000000, q= -0.500000  0.250000 -0.250000

                       Ni X   0        Ni Y   0        Ni Z   0     
                    --------------- --------------- ---------------
    0   5.5072 THz   1.0000  0.0000  0.0000  0.0000  0.0000  0.0000
    1   6.3720 THz   0.0000  0.0000 -0.7269  0.2403  0.6253 -0.1512
    2   6.3720 THz   0.0000  0.0000 -0.3624 -0.5315 -0.3780 -0.6658


 Q=  0.206569 -0.206569 -0.068856, q= -0.500000  0.250000  0.000000

                       Ni X   0        Ni Y   0        Ni Z   0     
                    --------------- --------------- ---------------
    0   5.0644 THz  -0.7071  0.0000 -0.7071  0.0000  0.0000 -0.0000
    1   5.4080 THz   0.5767  0.0000 -0.5767  0.0000  0.5787 -0.0000
    2   6.8755 THz  -0.4092  0.0000  0.4092 -0.0000  0.8155  0.0000


 Q=  0.275425 -0.137713 -0.137713, q= -0.500000  0.250000  0.250000

                       Ni X   0        Ni Y   0        Ni Z   0     
                    --------------- --------------- ---------------
    0   4.2649 THz   0.0000  0.0000  0.4302  0.5612 -0.4302 -0.5612
    1   5.3809 THz   1.0000  0.0000  0.0000  0.0000  0.0000  0.0000
    2   6.6590 THz   0.0000  0.0000 -0.6479  0.2833 -0.6479  0.2833


 Q= -0.206569 -0.068856 -0.068856, q= -0.250000 -0.500000 -0.500000

                       Ni X   0        Ni Y   0        Ni Z   0     
                    --------------- --------------- ---------------
    0   5.0644 THz   0.0000  0.0000  0.4246  0.5655 -0.4246 -0.5655
    1   5.4080 THz   0.5787  0.0000 -0.5767 -0.0000 -0.5767  0.0000
    2   6.8755 THz   0.8155  0.0000  0.4092  0.0000  0.4092 -0.0000


 Q= -0.137713  0.000000 -0.137713, q= -0.250000 -0.500000 -0.250000

                       Ni X   0        Ni Y   0        Ni Z   0     
                    --------------- --------------- ---------------
    0   4.2649 THz  -0.7071  0.0000  0.0000  0.0000  0.7071 -0.0000
    1   5.3809 THz   0.0000  0.0000 -0.9983  0.0578 -0.0000 -0.0000
    2   6.6590 THz   0.7071  0.0000  0.0000  0.0000  0.7071 -0.0000


 Q= -0.068856  0.068856 -0.206569, q= -0.250000 -0.500000  0.000000

                       Ni X   0        Ni Y   0        Ni Z   0     
                    --------------- --------------- ---------------
    0   5.0644 THz   0.7071  0.0000  0.7071 -0.0000 -0.0000 -0.0000
    1   5.4080 THz   0.5767  0.0000 -0.5767  0.0000 -0.5787  0.0000
    2   6.8755 THz  -0.4092  0.0000  0.4092 -0.0000 -0.8155 -0.0000


 Q=  0.000000  0.137713 -0.275425, q= -0.250000 -0.500000  0.250000

                       Ni X   0        Ni Y   0        Ni Z   0     
                    --------------- --------------- ---------------
    0   5.5072 THz   0.0000  0.0000 -0.5095  0.8605 -0.0000  0.0000
    1   6.3720 THz   0.0000  0.0000  0.0000  0.0000 -1.0000 -0.0029
    2   6.3720 THz   1.0000  0.0000  0.0000  0.0000  0.0000  0.0000


 Q= -0.137713 -0.137713  0.000000, q= -0.250000 -0.250000 -0.500000

                       Ni X   0        Ni Y   0        Ni Z   0     
                    --------------- --------------- ---------------
    0   4.2649 THz   0.7071  0.0000 -0.7071  0.0000  0.0000 -0.0000
    1   5.3809 THz   0.0000  0.0000 -0.0000 -0.0000 -0.9886  0.1509
    2   6.6590 THz   0.7071  0.0000  0.7071 -0.0000 -0.0000  0.0000


 Q= -0.068856 -0.068856 -0.068856, q= -0.250000 -0.250000 -0.250000

                       Ni X   0        Ni Y   0        Ni Z   0     
                    --------------- --------------- ---------------
    0   3.3007 THz   0.8165  0.0000 -0.4082  0.0000 -0.4082 -0.0000
    1   3.3007 THz   0.0000  0.0000  0.4023  0.5815 -0.4023 -0.5815
    2   5.8097 THz  -0.5774  0.0000 -0.5774  0.0000 -0.5774 -0.0000


 Q=  0.000000  0.000000 -0.137713, q= -0.250000 -0.250000  0.000000

                       Ni X   0        Ni Y   0        Ni Z   0     
                    --------------- --------------- ---------------
    0   4.3278 THz   0.0000  0.0000 -0.9643 -0.2649  0.0000 -0.0000
    1   4.3278 THz   1.0000  0.0000  0.0000  0.0000  0.0000  0.0000
    2   5.8931 THz   0.0000  0.0000 -0.0000 -0.0000 -0.9659 -0.2590


 Q=  0.068856  0.068856 -0.206569, q= -0.250000 -0.250000  0.250000

                       Ni X   0        Ni Y   0        Ni Z   0     
                    --------------- --------------- ---------------
    0   5.0644 THz  -0.7071  0.0000  0.7071  0.0000 -0.0000  0.0000
    1   5.4080 THz   0.5767  0.0000  0.5767  0.0000  0.5787  0.0000
    2   6.8755 THz   0.4092  0.0000  0.4092  0.0000 -0.8155 -0.0000


 Q= -0.068856 -0.206569  0.068856, q= -0.250000  0.000000 -0.500000

                       Ni X   0        Ni Y   0        Ni Z   0     
                    --------------- --------------- ---------------
    0   5.0644 THz   0.7071  0.0000 -0.0000  0.0000  0.7071  0.0000
    1   5.4080 THz   0.5767  0.0000 -0.5787 -0.0000 -0.5767 -0.0000
    2   6.8755 THz   0.4092  0.0000  0.8155 -0.0000 -0.4092 -0.0000


 Q=  0.000000 -0.137713  0.000000, q= -0.250000  0.000000 -0.250000

                       Ni X   0        Ni Y   0        Ni Z   0     
                    --------------- --------------- ---------------
    0   4.3278 THz   0.0000  0.0000  0.0000  0.0000 -0.9907  0.1363
    1   4.3278 THz   1.0000  0.0000  0.0000  0.0000  0.0000  0.0000
    2   5.8931 THz   0.0000  0.0000  0.5905  0.8070  0.0000  0.0000


 Q=  0.068856 -0.068856 -0.068856, q= -0.250000  0.000000  0.000000

                       Ni X   0        Ni Y   0        Ni Z   0     
                    --------------- --------------- ---------------
    0   3.3007 THz   0.0000  0.0000  0.6904  0.1528 -0.6904 -0.1528
    1   3.3007 THz   0.8165  0.0000  0.4082 -0.0000  0.4082 -0.0000
    2   5.8097 THz   0.5774  0.0000 -0.5774  0.0000 -0.5774  0.0000


 Q=  0.137713  0.000000 -0.137713, q= -0.250000  0.000000  0.250000

                       Ni X   0        Ni Y   0        Ni Z   0     
                    --------------- --------------- ---------------
    0   4.2649 THz   0.7071  0.0000 -0.0000 -0.0000  0.7071 -0.0000
    1   5.3809 THz  -0.0000  0.0000 -1.0000  0.0087 -0.0000  0.0000
    2   6.6590 THz   0.7071  0.0000 -0.0000  0.0000 -0.7071  0.0000


 Q=  0.000000 -0.275425  0.137713, q= -0.250000  0.250000 -0.500000

                       Ni X   0        Ni Y   0        Ni Z   0     
                    --------------- --------------- ---------------
    0   5.5072 THz   0.0000  0.0000 -0.0000  0.0000 -0.9719 -0.2355
    1   6.3720 THz   0.0000  0.0000 -0.9164  0.4003  0.0000 -0.0000
    2   6.3720 THz   1.0000  0.0000  0.0000  0.0000  0.0000  0.0000


 Q=  0.068856 -0.206569  0.068856, q= -0.250000  0.250000 -0.250000

                       Ni X   0        Ni Y   0        Ni Z   0     
                    --------------- --------------- ---------------
    0   5.0644 THz  -0.7071  0.0000  0.0000 -0.0000  0.7071 -0.0000
    1   5.4080 THz   0.5767  0.0000  0.5787 -0.0000  0.5767 -0.0000
    2   6.8755 THz  -0.4092  0.0000  0.8155 -0.0000 -0.4092  0.0000


 Q=  0.137713 -0.137713  0.000000, q= -0.250000  0.250000  0.000000

                       Ni X   0        Ni Y   0        Ni Z   0     
                    --------------- --------------- ---------------
    0   4.2649 THz  -0.7071  0.0000 -0.7071  0.0000  0.0000  0.0000
    1   5.3809 THz   0.0000  0.0000 -0.0000 -0.0000 -0.4001 -0.9165
    2   6.6590 THz   0.7071  0.0000 -0.7071  0.0000  0.0000  0.0000


 Q=  0.206569 -0.068856 -0.068856, q= -0.250000  0.250000  0.250000

                       Ni X   0        Ni Y   0        Ni Z   0     
                    --------------- --------------- ---------------
    0   5.0644 THz   0.0000  0.0000  0.7023 -0.0824 -0.7023  0.0824
    1   5.4080 THz  -0.5787  0.0000 -0.5767 -0.0000 -0.5767 -0.0000
    2   6.8755 THz   0.8155  0.0000 -0.4092 -0.0000 -0.4092 -0.0000


 Q= -0.275425  0.000000  0.000000, q=  0.000000 -0.500000 -0.500000

                       Ni X   0        Ni Y   0        Ni Z   0     
                    --------------- --------------- ---------------
    0   5.6648 THz   0.0000  0.0000 -0.2959 -0.5916  0.4609  0.5916
    1   5.6648 THz   0.0000  0.0000 -0.5204  0.5400 -0.3563  0.5573
    2   7.1854 THz   1.0000  0.0000  0.0000  0.0000  0.0000  0.0000


 Q= -0.206569  0.068856 -0.068856, q=  0.000000 -0.500000 -0.250000

                       Ni X   0        Ni Y   0        Ni Z   0     
                    --------------- --------------- ---------------
    0   5.0644 THz   0.0000  0.0000 -0.6734 -0.2157 -0.6734 -0.2157
    1   5.4080 THz  -0.5787  0.0000 -0.5767 -0.0000  0.5767 -0.0000
    2   6.8755 THz   0.8155  0.0000 -0.4092 -0.0000  0.4092 -0.0000


 Q= -0.137713  0.137713 -0.137713, q=  0.000000 -0.500000  0.000000

                       Ni X   0        Ni Y   0        Ni Z   0     
                    --------------- --------------- ---------------
    0   4.3412 THz   0.0000  0.0000 -0.7056  0.0464 -0.7056  0.0464
    1   4.3412 THz   0.8165  0.0000  0.4082  0.0000 -0.4082 -0.0000
    2   7.3503 THz   0.5774  0.0000 -0.5774 -0.0000  0.5774  0.0000


 Q= -0.068856  0.206569 -0.206569, q=  0.000000 -0.500000  0.250000

                       Ni X   0        Ni Y   0        Ni Z   0     
                    --------------- --------------- ---------------
    0   5.0644 THz   0.0000  0.0000 -0.7052 -0.0516 -0.7052 -0.0516
    1   5.4080 THz  -0.5787  0.0000 -0.5767 -0.0000  0.5767  0.0000
    2   6.8755 THz   0.8155  0.0000 -0.4092 -0.0000  0.4092  0.0000


 Q= -0.206569 -0.068856  0.068856, q=  0.000000 -0.250000 -0.500000

                       Ni X   0        Ni Y   0        Ni Z   0     
                    --------------- --------------- ---------------
    0   5.0644 THz   0.0000  0.0000 -0.7053 -0.0508 -0.7053 -0.0508
    1   5.4080 THz   0.5787  0.0000 -0.5767  0.0000  0.5767 -0.0000
    2   6.8755 THz   0.8155  0.0000  0.4092 -0.0000 -0.4092  0.0000


 Q= -0.137713  0.000000  0.000000, q=  0.000000 -0.250000 -0.250000

                       Ni X   0        Ni Y   0        Ni Z   0     
                    --------------- --------------- ---------------
    0   4.3278 THz   0.0000  0.0000 -0.4599  0.1888 -0.6509  0.5738
    1   4.3278 THz   0.0000  0.0000  0.4197  0.7594 -0.3695 -0.3326
    2   5.8931 THz   1.0000  0.0000  0.0000  0.0000  0.0000  0.0000


 Q= -0.068856  0.068856 -0.068856, q=  0.000000 -0.250000  0.000000

                       Ni X   0        Ni Y   0        Ni Z   0     
                    --------------- --------------- ---------------
    0   3.3007 THz   0.0000  0.0000 -0.6582 -0.2584 -0.6582 -0.2584
    1   3.3007 THz   0.8165  0.0000  0.4082 -0.0000 -0.4082  0.0000
    2   5.8097 THz   0.5774  0.0000 -0.5774  0.0000  0.5774 -0.0000


 Q=  0.000000  0.137713 -0.137713, q=  0.000000 -0.250000  0.250000

                       Ni X   0        Ni Y   0        Ni Z   0     
                    --------------- --------------- ---------------
    0   4.2649 THz   0.0000  0.0000 -0.6992  0.1057 -0.6992  0.1057
    1   5.3809 THz   1.0000  0.0000  0.0000  0.0000  0.0000  0.0000
    2   6.6590 THz   0.0000  0.0000  0.4025 -0.5814 -0.4025  0.5814


 Q= -0.137713 -0.137713  0.137713, q=  0.000000  0.000000 -0.500000

                       Ni X   0        Ni Y   0        Ni Z   0     
                    --------------- --------------- ---------------
    0   4.3412 THz   0.0000  0.0000 -0.6424  0.2954 -0.6424  0.2954
    1   4.3412 THz   0.8165  0.0000 -0.4082  0.0000  0.4082 -0.0000
    2   7.3503 THz  -0.5774  0.0000 -0.5774  0.0000  0.5774 -0.0000


 Q= -0.068856 -0.068856  0.068856, q=  0.000000  0.000000 -0.250000

                       Ni X   0        Ni Y   0        Ni Z   0     
                    --------------- --------------- ---------------
    0   3.3007 THz   0.0000  0.0000 -0.6592  0.2558 -0.6592  0.2558
    1   3.3007 THz   0.8165  0.0000 -0.4082 -0.0000  0.4082  0.0000
    2   5.8097 THz  -0.5774  0.0000 -0.5774 -0.0000  0.5774  0.0000


 Q=  0.000000  0.000000  0.000000, q=  0.000000  0.000000  0.000000

                       Ni X   0        Ni Y   0        Ni Z   0     
                    --------------- --------------- ---------------
    0  -0.0000 THz  -0.0571  0.0000 -0.9943  0.0000  0.0900  0.0000
    1  -0.0000 THz   0.0077  0.0000 -0.0906  0.0000 -0.9959  0.0000
    2   0.0000 THz   0.9983  0.0000 -0.0562  0.0000  0.0129  0.0000


 Q=  0.068856  0.068856 -0.068856, q=  0.000000  0.000000  0.250000

                       Ni X   0        Ni Y   0        Ni Z   0     
                    --------------- --------------- ---------------
    0   3.3007 THz   0.0000  0.0000 -0.6592 -0.2558 -0.6592 -0.2558
    1   3.3007 THz   0.8165  0.0000 -0.4082  0.0000  0.4082 -0.0000
    2   5.8097 THz  -0.5774  0.0000 -0.5774  0.0000  0.5774 -0.0000


 Q= -0.068856 -0.206569  0.206569, q=  0.000000  0.250000 -0.500000

                       Ni X   0        Ni Y   0        Ni Z   0     
                    --------------- --------------- ---------------
    0   5.0644 THz   0.0000  0.0000 -0.6978  0.1145 -0.6978  0.1145
    1   5.4080 THz   0.5787  0.0000 -0.5767  0.0000  0.5767 -0.0000
    2   6.8755 THz   0.8155  0.0000  0.4092 -0.0000 -0.4092  0.0000


 Q=  0.000000 -0.137713  0.137713, q=  0.000000  0.250000 -0.250000

                       Ni X   0        Ni Y   0        Ni Z   0     
                    --------------- --------------- ---------------
    0   4.2649 THz   0.0000  0.0000 -0.6992 -0.1057 -0.6992 -0.1057
    1   5.3809 THz   1.0000  0.0000  0.0000  0.0000  0.0000  0.0000
    2   6.6590 THz   0.0000  0.0000  0.4025  0.5814 -0.4025 -0.5814


 Q=  0.068856 -0.068856  0.068856, q=  0.000000  0.250000  0.000000

                       Ni X   0        Ni Y   0        Ni Z   0     
                    --------------- --------------- ---------------
    0   3.3007 THz   0.0000  0.0000 -0.6582  0.2584 -0.6582  0.2584
    1   3.3007 THz   0.8165  0.0000  0.4082  0.0000 -0.4082 -0.0000
    2   5.8097 THz   0.5774  0.0000 -0.5774 -0.0000  0.5774  0.0000


 Q=  0.137713  0.000000  0.000000, q=  0.000000  0.250000  0.250000

                       Ni X   0        Ni Y   0        Ni Z   0     
                    --------------- --------------- ---------------
    0   4.3278 THz   0.0000  0.0000 -0.4599 -0.1888 -0.6509 -0.5738
    1   4.3278 THz   0.0000  0.0000  0.4197 -0.7594 -0.3695  0.3326
    2   5.8931 THz   1.0000  0.0000  0.0000  0.0000  0.0000  0.0000


 Q= -0.344281  0.068856  0.068856, q=  0.250000 -0.500000 -0.500000

                       Ni X   0        Ni Y   0        Ni Z   0     
                    --------------- --------------- ---------------
    0   5.0644 THz   0.0000  0.0000  0.7016  0.0883 -0.7016 -0.0883
    1   5.4080 THz   0.5787  0.0000 -0.5767 -0.0000 -0.5767 -0.0000
    2   6.8755 THz   0.8155  0.0000  0.4092  0.0000  0.4092  0.0000


 Q= -0.275425  0.137713  0.000000, q=  0.250000 -0.500000 -0.250000

                       Ni X   0        Ni Y   0        Ni Z   0     
                    --------------- --------------- ---------------
    0   5.5072 THz   0.0000  0.0000 -0.9993 -0.0364 -0.0000  0.0000
    1   6.3720 THz   0.0000  0.0000 -0.0000  0.0000 -0.4636 -0.8860
    2   6.3720 THz   1.0000  0.0000  0.0000  0.0000  0.0000  0.0000


 Q= -0.206569  0.206569 -0.068856, q=  0.250000 -0.500000  0.000000

                       Ni X   0        Ni Y   0        Ni Z   0     
                    --------------- --------------- ---------------
    0   5.0644 THz   0.7071  0.0000  0.7071  0.0000  0.0000  0.0000
    1   5.4080 THz   0.5767  0.0000 -0.5767 -0.0000 -0.5787 -0.0000
    2   6.8755 THz  -0.4092  0.0000  0.4092  0.0000 -0.8155 -0.0000


 Q= -0.137713  0.275425 -0.137713, q=  0.250000 -0.500000  0.250000

                       Ni X   0        Ni Y   0        Ni Z   0     
                    --------------- --------------- ---------------
    0   4.2649 THz  -0.7071  0.0000 -0.0000  0.0000  0.7071 -0.0000
    1   5.3809 THz   0.0000  0.0000 -0.9999 -0.0130  0.0000 -0.0000
    2   6.6590 THz   0.7071  0.0000 -0.0000  0.0000  0.7071 -0.0000


 Q= -0.275425  0.000000  0.137713, q=  0.250000 -0.250000 -0.500000

                       Ni X   0        Ni Y   0        Ni Z   0     
                    --------------- --------------- ---------------
    0   5.5072 THz   0.0000  0.0000  0.0000 -0.0000  0.9797 -0.2006
    1   6.3720 THz   1.0000  0.0000  0.0000  0.0000  0.0000  0.0000
    2   6.3720 THz   0.0000  0.0000 -0.8199  0.5725  0.0000 -0.0000


 Q= -0.206569  0.068856  0.068856, q=  0.250000 -0.250000 -0.250000

                       Ni X   0        Ni Y   0        Ni Z   0     
                    --------------- --------------- ---------------
    0   5.0644 THz   0.0000  0.0000  0.7023  0.0824 -0.7023 -0.0824
    1   5.4080 THz  -0.5787  0.0000 -0.5767  0.0000 -0.5767  0.0000
    2   6.8755 THz   0.8155  0.0000 -0.4092  0.0000 -0.4092  0.0000


 Q= -0.137713  0.137713  0.000000, q=  0.250000 -0.250000  0.000000

                       Ni X   0        Ni Y   0        Ni Z   0     
                    --------------- --------------- ---------------
    0   4.2649 THz  -0.7071  0.0000 -0.7071 -0.0000  0.0000 -0.0000
    1   5.3809 THz   0.0000  0.0000 -0.0000  0.0000 -0.4001  0.9165
    2   6.6590 THz   0.7071  0.0000 -0.7071 -0.0000  0.0000 -0.0000


 Q= -0.068856  0.206569 -0.068856, q=  0.250000 -0.250000  0.250000

                       Ni X   0        Ni Y   0        Ni Z   0     
                    --------------- --------------- ---------------
    0   5.0644 THz  -0.7071  0.0000  0.0000  0.0000  0.7071  0.0000
    1   5.4080 THz   0.5767  0.0000  0.5787  0.0000  0.5767  0.0000
    2   6.8755 THz  -0.4092  0.0000  0.8155  0.0000 -0.4092 -0.0000


 Q= -0.206569 -0.068856  0.206569, q=  0.250000  0.000000 -0.500000

                       Ni X   0        Ni Y   0        Ni Z   0     
                    --------------- --------------- ---------------
    0   5.0644 THz   0.7071  0.0000  0.0000  0.0000  0.7071 -0.0000
    1   5.4080 THz   0.5767  0.0000 -0.5787  0.0000 -0.5767  0.0000
    2   6.8755 THz   0.4092  0.0000  0.8155 -0.0000 -0.4092  0.0000


 Q= -0.137713  0.000000  0.137713, q=  0.250000  0.000000 -0.250000

                       Ni X   0        Ni Y   0        Ni Z   0     
                    --------------- --------------- ---------------
    0   4.2649 THz   0.7071  0.0000 -0.0000  0.0000  0.7071  0.0000
    1   5.3809 THz  -0.0000  0.0000 -1.0000 -0.0087 -0.0000 -0.0000
    2   6.6590 THz   0.7071  0.0000 -0.0000 -0.0000 -0.7071 -0.0000


 Q= -0.068856  0.068856  0.068856, q=  0.250000  0.000000  0.000000

                       Ni X   0        Ni Y   0        Ni Z   0     
                    --------------- --------------- ---------------
    0   3.3007 THz   0.0000  0.0000  0.6904 -0.1528 -0.6904  0.1528
    1   3.3007 THz   0.8165  0.0000  0.4082  0.0000  0.4082  0.0000
    2   5.8097 THz   0.5774  0.0000 -0.5774 -0.0000 -0.5774 -0.0000


 Q=  0.000000  0.137713  0.000000, q=  0.250000  0.000000  0.250000

                       Ni X   0        Ni Y   0        Ni Z   0     
                    --------------- --------------- ---------------
    0   4.3278 THz   0.0000  0.0000  0.0000 -0.0000 -0.9907 -0.1363
    1   4.3278 THz   1.0000  0.0000  0.0000  0.0000  0.0000  0.0000
    2   5.8931 THz   0.0000  0.0000  0.5905 -0.8070  0.0000 -0.0000


 Q= -0.137713 -0.137713  0.275425, q=  0.250000  0.250000 -0.500000

                       Ni X   0        Ni Y   0        Ni Z   0     
                    --------------- --------------- ---------------
    0   4.2649 THz   0.7071  0.0000 -0.7071 -0.0000  0.0000  0.0000
    1   5.3809 THz   0.0000  0.0000 -0.0000  0.0000 -0.9996 -0.0282
    2   6.6590 THz   0.7071  0.0000  0.7071  0.0000 -0.0000 -0.0000


 Q= -0.068856 -0.068856  0.206569, q=  0.250000  0.250000 -0.250000

                       Ni X   0        Ni Y   0        Ni Z   0     
                    --------------- --------------- ---------------
    0   5.0644 THz  -0.7071  0.0000  0.7071 -0.0000 -0.0000 -0.0000
    1   5.4080 THz   0.5767  0.0000  0.5767 -0.0000  0.5787 -0.0000
    2   6.8755 THz   0.4092  0.0000  0.4092 -0.0000 -0.8155  0.0000


 Q=  0.000000  0.000000  0.137713, q=  0.250000  0.250000  0.000000

                       Ni X   0        Ni Y   0        Ni Z   0     
                    --------------- --------------- ---------------
    0   4.3278 THz   0.0000  0.0000 -0.9643  0.2649  0.0000  0.0000
    1   4.3278 THz   1.0000  0.0000  0.0000  0.0000  0.0000  0.0000
    2   5.8931 THz   0.0000  0.0000 -0.0000  0.0000 -0.9659  0.2590


 Q=  0.068856  0.068856  0.068856, q=  0.250000  0.250000  0.250000

                       Ni X   0        Ni Y   0        Ni Z   0     
                    --------------- --------------- ---------------
    0   3.3007 THz   0.8165  0.0000 -0.4082 -0.0000 -0.4082  0.0000
    1   3.3007 THz   0.0000  0.0000  0.4023 -0.5815 -0.4023  0.5815
    2   5.8097 THz  -0.5774  0.0000 -0.5774 -0.0000 -0.5774  0.0000
