
Used Primitive lattice vector

    4.627899000000      0.000000000000      0.000000000000  
   -2.313949000000      4.007878000000      0.000000000000  
    0.000000000000      0.000000000000      2.858849000000  

   3 Atom(s) in the Primitive cell

 0.0000000000 0.0000000000 0.0000000000 Ti    0
 0.6666690000 0.3333330000 0.5000000000 Ti    1
 0.3333330000 0.6666690000 0.5000000000 Ti    2


 Q=  0.000000  0.000000  0.000000, q=  0.000000  0.000000  0.000000

                       Ti X   0        Ti Y   0        Ti Z   0        Ti X   1        Ti Y   1        Ti Z   1        Ti X   2        Ti Y   2        Ti Z   2     
                    --------------- --------------- --------------- --------------- --------------- --------------- --------------- --------------- ---------------
    0  -0.0000 THz  -0.2178  0.0000 -0.5345  0.0000  0.0122  0.0000 -0.2178  0.0000 -0.5345  0.0000  0.0122  0.0000 -0.2178  0.0000 -0.5345  0.0000  0.0122  0.0000
    1  -0.0000 THz   0.5346  0.0000 -0.2179  0.0000 -0.0032  0.0000  0.5346  0.0000 -0.2179  0.0000 -0.0032  0.0000  0.5346  0.0000 -0.2179  0.0000 -0.0032  0.0000
    2   0.0000 THz  -0.0076  0.0000 -0.0101  0.0000 -0.5772  0.0000 -0.0076  0.0000 -0.0101  0.0000 -0.5772  0.0000 -0.0076  0.0000 -0.0101  0.0000 -0.5772  0.0000
    3   3.2763 THz  -0.0891  0.0000  0.8116  0.0000 -0.0000  0.0000  0.0445  0.0000 -0.4058  0.0000  0.0000  0.0000  0.0445  0.0000 -0.4058  0.0000  0.0000  0.0000
    4   3.2763 THz   0.8116  0.0000  0.0891  0.0000  0.0000  0.0000 -0.4058  0.0000 -0.0445  0.0000 -0.0000  0.0000 -0.4058  0.0000 -0.0445  0.0000 -0.0000  0.0000
    5   4.3813 THz   0.0000  0.0000 -0.0000  0.0000  0.0000  0.0000 -0.0000  0.0000  0.0000  0.0000 -0.7071  0.0000  0.0000  0.0000 -0.0000  0.0000  0.7071  0.0000
    6   5.3063 THz  -0.0000  0.0000 -0.0000  0.0000  0.0000  0.0000  0.6403  0.0000 -0.2999  0.0000 -0.0000  0.0000 -0.6403  0.0000  0.2999  0.0000  0.0000  0.0000
    7   5.3063 THz  -0.0000  0.0000 -0.0000  0.0000  0.0000  0.0000  0.2999  0.0000  0.6403  0.0000 -0.0000  0.0000 -0.2999  0.0000 -0.6403  0.0000  0.0000  0.0000
    8   6.5198 THz   0.0000  0.0000  0.0000  0.0000 -0.8165  0.0000 -0.0000  0.0000 -0.0000  0.0000  0.4082  0.0000 -0.0000  0.0000 -0.0000  0.0000  0.4082  0.0000
