
Used Primitive lattice vector

    0.000000000000      1.888246000000      1.888246000000  
    1.888246000000      0.000000000000      1.888246000000  
    1.888246000000      1.888246000000      0.000000000000  

   1 Atom(s) in the Primitive cell

 0.0000000000 0.0000000000 0.0000000000 Ni    0


 Q= -0.132398 -0.132398 -0.132398, q= -0.500000 -0.500000 -0.500000

                       Ni X   0        Ni Y   0        Ni Z   0     
                    --------------- --------------- ---------------
    0   2.8417 THz   0.8165  0.0000 -0.4082 -0.0000 -0.4082  0.0000
    1   2.8417 THz   0.0000  0.0000  0.7071  0.0000 -0.7071 -0.0000
    2   3.5706 THz  -0.5774  0.0000 -0.5774 -0.0000 -0.5774  0.0000


 Q= -0.066199 -0.066199 -0.198597, q= -0.500000 -0.500000 -0.250000

                       Ni X   0        Ni Y   0        Ni Z   0     
                    --------------- --------------- ---------------
    0   3.4024 THz   0.6097  0.0000  0.6097 -0.0000 -0.5064  0.0000
    1   3.4776 THz   0.7071  0.0000 -0.7071  0.0000 -0.0000 -0.0000
    2   3.7273 THz   0.3581  0.0000  0.3581 -0.0000  0.8623 -0.0000


 Q=  0.000000  0.000000 -0.264796, q= -0.500000 -0.500000  0.000000

                       Ni X   0        Ni Y   0        Ni Z   0     
                    --------------- --------------- ---------------
    0   3.8201 THz   0.0000  0.0000 -0.0000 -0.0000 -1.0000 -0.0000
    1   3.9056 THz   1.0000  0.0000  0.0000  0.0000  0.0000  0.0000
    2   3.9056 THz   0.0000  0.0000 -1.0000  0.0000  0.0000 -0.0000


 Q=  0.066199  0.066199 -0.330995, q= -0.500000 -0.500000  0.250000

                       Ni X   0        Ni Y   0        Ni Z   0     
                    --------------- --------------- ---------------
    0   3.4024 THz   0.6097  0.0000  0.6097 -0.0000 -0.5064  0.0000
    1   3.4776 THz   0.7071  0.0000 -0.7071  0.0000 -0.0000  0.0000
    2   3.7273 THz   0.3581  0.0000  0.3581 -0.0000  0.8623 -0.0000


 Q= -0.066199 -0.198597 -0.066199, q= -0.500000 -0.250000 -0.500000

                       Ni X   0        Ni Y   0        Ni Z   0     
                    --------------- --------------- ---------------
    0   3.4024 THz   0.6097  0.0000 -0.5064  0.0000  0.6097  0.0000
    1   3.4776 THz  -0.7071  0.0000  0.0000 -0.0000  0.7071  0.0000
    2   3.7273 THz   0.3581  0.0000  0.8623 -0.0000  0.3581  0.0000


 Q=  0.000000 -0.132398 -0.132398, q= -0.500000 -0.250000 -0.250000

                       Ni X   0        Ni Y   0        Ni Z   0     
                    --------------- --------------- ---------------
    0   2.7772 THz   0.0000  0.0000  0.6568  0.2620 -0.6568 -0.2620
    1   3.3234 THz   1.0000  0.0000  0.0000  0.0000  0.0000  0.0000
    2   3.7163 THz   0.0000  0.0000 -0.0263 -0.7066 -0.0263 -0.7066


 Q=  0.066199 -0.066199 -0.198597, q= -0.500000 -0.250000  0.000000

                       Ni X   0        Ni Y   0        Ni Z   0     
                    --------------- --------------- ---------------
    0   3.4024 THz   0.6097  0.0000 -0.6097  0.0000  0.5064 -0.0000
    1   3.4776 THz  -0.7071  0.0000 -0.7071  0.0000  0.0000 -0.0000
    2   3.7273 THz  -0.3581  0.0000  0.3581 -0.0000  0.8623 -0.0000


 Q=  0.132398  0.000000 -0.264796, q= -0.500000 -0.250000  0.250000

                       Ni X   0        Ni Y   0        Ni Z   0     
                    --------------- --------------- ---------------
    0   3.5647 THz   1.0000  0.0000  0.0000  0.0000  0.0000  0.0000
    1   3.7379 THz   0.0000  0.0000  0.6364 -0.1551 -0.3767 -0.6550
    2   3.7379 THz   0.0000  0.0000 -0.5774  0.4874 -0.5454 -0.3627


 Q=  0.000000 -0.264796  0.000000, q= -0.500000  0.000000 -0.500000

                       Ni X   0        Ni Y   0        Ni Z   0     
                    --------------- --------------- ---------------
    0   3.8201 THz   0.0000  0.0000 -1.0000 -0.0000 -0.0000 -0.0000
    1   3.9056 THz   1.0000  0.0000  0.0000  0.0000  0.0000  0.0000
    2   3.9056 THz   0.0000  0.0000  0.0000 -0.0000 -1.0000  0.0000


 Q=  0.066199 -0.198597 -0.066199, q= -0.500000  0.000000 -0.250000

                       Ni X   0        Ni Y   0        Ni Z   0     
                    --------------- --------------- ---------------
    0   3.4024 THz   0.6097  0.0000  0.5064 -0.0000 -0.6097  0.0000
    1   3.4776 THz   0.7071  0.0000 -0.0000 -0.0000  0.7071 -0.0000
    2   3.7273 THz  -0.3581  0.0000  0.8623 -0.0000  0.3581 -0.0000


 Q=  0.132398 -0.132398 -0.132398, q= -0.500000  0.000000  0.000000

                       Ni X   0        Ni Y   0        Ni Z   0     
                    --------------- --------------- ---------------
    0   2.8417 THz   0.0000  0.0000  0.7071  0.0000 -0.7071 -0.0000
    1   2.8417 THz   0.8165  0.0000  0.4082 -0.0000  0.4082 -0.0000
    2   3.5706 THz   0.5774  0.0000 -0.5774  0.0000 -0.5774  0.0000


 Q=  0.198597 -0.066199 -0.198597, q= -0.500000  0.000000  0.250000

                       Ni X   0        Ni Y   0        Ni Z   0     
                    --------------- --------------- ---------------
    0   3.4024 THz   0.6097  0.0000  0.5064  0.0000 -0.6097 -0.0000
    1   3.4776 THz   0.7071  0.0000 -0.0000 -0.0000  0.7071  0.0000
    2   3.7273 THz  -0.3581  0.0000  0.8623 -0.0000  0.3581 -0.0000


 Q=  0.066199 -0.330995  0.066199, q= -0.500000  0.250000 -0.500000

                       Ni X   0        Ni Y   0        Ni Z   0     
                    --------------- --------------- ---------------
    0   3.4024 THz   0.6097  0.0000 -0.5064  0.0000  0.6097 -0.0000
    1   3.4776 THz  -0.7071  0.0000 -0.0000  0.0000  0.7071 -0.0000
    2   3.7273 THz   0.3581  0.0000  0.8623 -0.0000  0.3581 -0.0000


 Q=  0.132398 -0.264796  0.000000, q= -0.500000  0.250000 -0.250000

                       Ni X   0        Ni Y   0        Ni Z   0     
                    --------------- --------------- ---------------
    0   3.5647 THz   1.0000  0.0000  0.0000  0.0000  0.0000  0.0000
    1   3.7379 THz   0.0000  0.0000  0.4739  0.2029 -0.4206  0.7466
    2   3.7379 THz   0.0000  0.0000 -0.7839 -0.3460 -0.2580  0.4463


 Q=  0.198597 -0.198597 -0.066199, q= -0.500000  0.250000  0.000000

                       Ni X   0        Ni Y   0        Ni Z   0     
                    --------------- --------------- ---------------
    0   3.4024 THz   0.6097  0.0000 -0.6097  0.0000  0.5064 -0.0000
    1   3.4776 THz  -0.7071  0.0000 -0.7071  0.0000 -0.0000 -0.0000
    2   3.7273 THz  -0.3581  0.0000  0.3581  0.0000  0.8623  0.0000


 Q=  0.264796 -0.132398 -0.132398, q= -0.500000  0.250000  0.250000

                       Ni X   0        Ni Y   0        Ni Z   0     
                    --------------- --------------- ---------------
    0   2.7772 THz   0.0000  0.0000  0.6735 -0.2153 -0.6735  0.2153
    1   3.3234 THz   1.0000  0.0000  0.0000  0.0000  0.0000  0.0000
    2   3.7163 THz   0.0000  0.0000 -0.4133 -0.5738 -0.4133 -0.5738


 Q= -0.198597 -0.066199 -0.066199, q= -0.250000 -0.500000 -0.500000

                       Ni X   0        Ni Y   0        Ni Z   0     
                    --------------- --------------- ---------------
    0   3.4024 THz   0.5064  0.0000 -0.6097 -0.0000 -0.6097 -0.0000
    1   3.4776 THz   0.0000  0.0000  0.7066  0.0256 -0.7066 -0.0256
    2   3.7273 THz   0.8623  0.0000  0.3581  0.0000  0.3581  0.0000


 Q= -0.132398  0.000000 -0.132398, q= -0.250000 -0.500000 -0.250000

                       Ni X   0        Ni Y   0        Ni Z   0     
                    --------------- --------------- ---------------
    0   2.7772 THz  -0.7071  0.0000  0.0000 -0.0000  0.7071 -0.0000
    1   3.3234 THz   0.0000  0.0000 -0.9992 -0.0388 -0.0000  0.0000
    2   3.7163 THz   0.7071  0.0000  0.0000 -0.0000  0.7071 -0.0000


 Q= -0.066199  0.066199 -0.198597, q= -0.250000 -0.500000  0.000000

                       Ni X   0        Ni Y   0        Ni Z   0     
                    --------------- --------------- ---------------
    0   3.4024 THz   0.6097  0.0000 -0.6097  0.0000 -0.5064  0.0000
    1   3.4776 THz   0.7071  0.0000  0.7071 -0.0000 -0.0000 -0.0000
    2   3.7273 THz  -0.3581  0.0000  0.3581 -0.0000 -0.8623  0.0000


 Q=  0.000000  0.132398 -0.264796, q= -0.250000 -0.500000  0.250000

                       Ni X   0        Ni Y   0        Ni Z   0     
                    --------------- --------------- ---------------
    0   3.5647 THz   0.0000  0.0000  0.0464 -0.9989 -0.0000  0.0000
    1   3.7379 THz   0.0000  0.0000 -0.0000  0.0000 -0.9709  0.2396
    2   3.7379 THz   1.0000  0.0000  0.0000  0.0000  0.0000  0.0000


 Q= -0.132398 -0.132398  0.000000, q= -0.250000 -0.250000 -0.500000

                       Ni X   0        Ni Y   0        Ni Z   0     
                    --------------- --------------- ---------------
    0   2.7772 THz   0.7071  0.0000 -0.7071  0.0000  0.0000 -0.0000
    1   3.3234 THz   0.0000  0.0000 -0.0000 -0.0000 -0.4988 -0.8667
    2   3.7163 THz   0.7071  0.0000  0.7071 -0.0000 -0.0000  0.0000


 Q= -0.066199 -0.066199 -0.066199, q= -0.250000 -0.250000 -0.250000

                       Ni X   0        Ni Y   0        Ni Z   0     
                    --------------- --------------- ---------------
    0   1.6533 THz   0.0000  0.0000  0.6950 -0.1302 -0.6950  0.1302
    1   1.6533 THz   0.8165  0.0000 -0.4082 -0.0000 -0.4082  0.0000
    2   3.6873 THz  -0.5774  0.0000 -0.5774 -0.0000 -0.5774  0.0000


 Q=  0.000000  0.000000 -0.132398, q= -0.250000 -0.250000  0.000000

                       Ni X   0        Ni Y   0        Ni Z   0     
                    --------------- --------------- ---------------
    0   2.7752 THz   0.0000  0.0000 -0.2983  0.9545  0.0000 -0.0000
    1   2.7752 THz   1.0000  0.0000  0.0000  0.0000  0.0000  0.0000
    2   3.0916 THz   0.0000  0.0000  0.0000 -0.0000  0.6091  0.7931


 Q=  0.066199  0.066199 -0.198597, q= -0.250000 -0.250000  0.250000

                       Ni X   0        Ni Y   0        Ni Z   0     
                    --------------- --------------- ---------------
    0   3.4024 THz   0.6097  0.0000  0.6097  0.0000  0.5064  0.0000
    1   3.4776 THz  -0.7071  0.0000  0.7071  0.0000 -0.0000  0.0000
    2   3.7273 THz   0.3581  0.0000  0.3581 -0.0000 -0.8623  0.0000


 Q= -0.066199 -0.198597  0.066199, q= -0.250000  0.000000 -0.500000

                       Ni X   0        Ni Y   0        Ni Z   0     
                    --------------- --------------- ---------------
    0   3.4024 THz   0.6097  0.0000 -0.5064 -0.0000 -0.6097 -0.0000
    1   3.4776 THz   0.7071  0.0000 -0.0000  0.0000  0.7071  0.0000
    2   3.7273 THz   0.3581  0.0000  0.8623 -0.0000 -0.3581  0.0000


 Q=  0.000000 -0.132398  0.000000, q= -0.250000  0.000000 -0.250000

                       Ni X   0        Ni Y   0        Ni Z   0     
                    --------------- --------------- ---------------
    0   2.7752 THz   0.0000  0.0000 -0.0000  0.0000 -0.9552 -0.2960
    1   2.7752 THz   1.0000  0.0000  0.0000  0.0000  0.0000  0.0000
    2   3.0916 THz   0.0000  0.0000 -0.3823 -0.9240  0.0000  0.0000


 Q=  0.066199 -0.066199 -0.066199, q= -0.250000  0.000000  0.000000

                       Ni X   0        Ni Y   0        Ni Z   0     
                    --------------- --------------- ---------------
    0   1.6533 THz   0.0000  0.0000  0.7069  0.0151 -0.7069 -0.0151
    1   1.6533 THz   0.8165  0.0000  0.4082 -0.0000  0.4082 -0.0000
    2   3.6873 THz   0.5774  0.0000 -0.5774  0.0000 -0.5774  0.0000


 Q=  0.132398  0.000000 -0.132398, q= -0.250000  0.000000  0.250000

                       Ni X   0        Ni Y   0        Ni Z   0     
                    --------------- --------------- ---------------
    0   2.7772 THz  -0.7071  0.0000  0.0000  0.0000 -0.7071 -0.0000
    1   3.3234 THz   0.0000  0.0000  0.9927  0.1208 -0.0000 -0.0000
    2   3.7163 THz   0.7071  0.0000  0.0000  0.0000 -0.7071 -0.0000


 Q=  0.000000 -0.264796  0.132398, q= -0.250000  0.250000 -0.500000

                       Ni X   0        Ni Y   0        Ni Z   0     
                    --------------- --------------- ---------------
    0   3.5647 THz   0.0000  0.0000 -0.0000  0.0000  0.5650 -0.8251
    1   3.7379 THz   0.0000  0.0000 -1.0000 -0.0000 -0.0000  0.0000
    2   3.7379 THz   1.0000  0.0000  0.0000  0.0000  0.0000  0.0000


 Q=  0.066199 -0.198597  0.066199, q= -0.250000  0.250000 -0.250000

                       Ni X   0        Ni Y   0        Ni Z   0     
                    --------------- --------------- ---------------
    0   3.4024 THz   0.6097  0.0000  0.5064 -0.0000  0.6097 -0.0000
    1   3.4776 THz  -0.7071  0.0000 -0.0000 -0.0000  0.7071  0.0000
    2   3.7273 THz  -0.3581  0.0000  0.8623  0.0000 -0.3581 -0.0000


 Q=  0.132398 -0.132398  0.000000, q= -0.250000  0.250000  0.000000

                       Ni X   0        Ni Y   0        Ni Z   0     
                    --------------- --------------- ---------------
    0   2.7772 THz  -0.7071  0.0000 -0.7071  0.0000 -0.0000  0.0000
    1   3.3234 THz   0.0000  0.0000 -0.0000  0.0000 -0.1492 -0.9888
    2   3.7163 THz   0.7071  0.0000 -0.7071  0.0000 -0.0000  0.0000


 Q=  0.198597 -0.066199 -0.066199, q= -0.250000  0.250000  0.250000

                       Ni X   0        Ni Y   0        Ni Z   0     
                    --------------- --------------- ---------------
    0   3.4024 THz  -0.5064  0.0000 -0.6097  0.0000 -0.6097  0.0000
    1   3.4776 THz   0.0000  0.0000  0.7070  0.0105 -0.7070 -0.0105
    2   3.7273 THz   0.8623  0.0000 -0.3581  0.0000 -0.3581  0.0000


 Q= -0.264796  0.000000  0.000000, q=  0.000000 -0.500000 -0.500000

                       Ni X   0        Ni Y   0        Ni Z   0     
                    --------------- --------------- ---------------
    0   3.8201 THz   1.0000  0.0000  0.0000  0.0000  0.0000  0.0000
    1   3.9056 THz   0.0000  0.0000 -0.9988  0.0000 -0.0497 -0.0000
    2   3.9056 THz   0.0000  0.0000 -0.0497  0.0000  0.9988  0.0000


 Q= -0.198597  0.066199 -0.066199, q=  0.000000 -0.500000 -0.250000

                       Ni X   0        Ni Y   0        Ni Z   0     
                    --------------- --------------- ---------------
    0   3.4024 THz  -0.5064  0.0000 -0.6097  0.0000  0.6097  0.0000
    1   3.4776 THz   0.0000  0.0000 -0.7057  0.0452 -0.7057  0.0452
    2   3.7273 THz   0.8623  0.0000 -0.3581  0.0000  0.3581  0.0000


 Q= -0.132398  0.132398 -0.132398, q=  0.000000 -0.500000  0.000000

                       Ni X   0        Ni Y   0        Ni Z   0     
                    --------------- --------------- ---------------
    0   2.8417 THz   0.8165  0.0000  0.4082  0.0000 -0.4082 -0.0000
    1   2.8417 THz   0.0000  0.0000 -0.7071  0.0000 -0.7071  0.0000
    2   3.5706 THz   0.5774  0.0000 -0.5774  0.0000  0.5774  0.0000


 Q= -0.066199  0.198597 -0.198597, q=  0.000000 -0.500000  0.250000

                       Ni X   0        Ni Y   0        Ni Z   0     
                    --------------- --------------- ---------------
    0   3.4024 THz  -0.5064  0.0000 -0.6097 -0.0000  0.6097 -0.0000
    1   3.4776 THz   0.0000  0.0000 -0.6895  0.1569 -0.6895  0.1569
    2   3.7273 THz   0.8623  0.0000 -0.3581 -0.0000  0.3581 -0.0000


 Q= -0.198597 -0.066199  0.066199, q=  0.000000 -0.250000 -0.500000

                       Ni X   0        Ni Y   0        Ni Z   0     
                    --------------- --------------- ---------------
    0   3.4024 THz   0.5064  0.0000 -0.6097 -0.0000  0.6097 -0.0000
    1   3.4776 THz   0.0000  0.0000 -0.7069  0.0185 -0.7069  0.0185
    2   3.7273 THz   0.8623  0.0000  0.3581  0.0000 -0.3581  0.0000


 Q= -0.132398  0.000000  0.000000, q=  0.000000 -0.250000 -0.250000

                       Ni X   0        Ni Y   0        Ni Z   0     
                    --------------- --------------- ---------------
    0   2.7752 THz   0.0000  0.0000 -0.4112  0.7846  0.4611  0.0520
    1   2.7752 THz   0.0000  0.0000 -0.3243  0.3318 -0.8147 -0.3479
    2   3.0916 THz   1.0000  0.0000  0.0000  0.0000  0.0000  0.0000


 Q= -0.066199  0.066199 -0.066199, q=  0.000000 -0.250000  0.000000

                       Ni X   0        Ni Y   0        Ni Z   0     
                    --------------- --------------- ---------------
    0   1.6533 THz  -0.4377  0.0000 -0.8158 -0.0028 -0.3780 -0.0028
    1   1.6533 THz   0.6893  0.0000 -0.0344 -0.0018 -0.7237 -0.0018
    2   3.6873 THz  -0.5774  0.0000  0.5774 -0.0000 -0.5774  0.0000


 Q=  0.000000  0.132398 -0.132398, q=  0.000000 -0.250000  0.250000

                       Ni X   0        Ni Y   0        Ni Z   0     
                    --------------- --------------- ---------------
    0   2.7772 THz   0.0000  0.0000 -0.3557  0.6111 -0.3557  0.6111
    1   3.3234 THz   1.0000  0.0000  0.0000  0.0000  0.0000  0.0000
    2   3.7163 THz   0.0000  0.0000  0.4128  0.5741 -0.4128 -0.5741


 Q= -0.132398 -0.132398  0.132398, q=  0.000000  0.000000 -0.500000

                       Ni X   0        Ni Y   0        Ni Z   0     
                    --------------- --------------- ---------------
    0   2.8417 THz   0.0000  0.0000 -0.7071 -0.0000 -0.7071 -0.0000
    1   2.8417 THz   0.8165  0.0000 -0.4082  0.0000  0.4082  0.0000
    2   3.5706 THz  -0.5774  0.0000 -0.5774  0.0000  0.5774  0.0000


 Q= -0.066199 -0.066199  0.066199, q=  0.000000  0.000000 -0.250000

                       Ni X   0        Ni Y   0        Ni Z   0     
                    --------------- --------------- ---------------
    0   1.6533 THz   0.0000  0.0000 -0.7071  0.0005 -0.7071  0.0005
    1   1.6533 THz   0.8165  0.0000 -0.4082  0.0000  0.4082  0.0000
    2   3.6873 THz  -0.5774  0.0000 -0.5774  0.0000  0.5774  0.0000


 Q=  0.000000  0.000000  0.000000, q=  0.000000  0.000000  0.000000

                       Ni X   0        Ni Y   0        Ni Z   0     
                    --------------- --------------- ---------------
    0   0.0000 THz   0.3504  0.0000 -0.5990  0.0000  0.7200  0.0000
    1   0.0000 THz   0.2765  0.0000 -0.6683  0.0000 -0.6906  0.0000
    2   0.0000 THz   0.8949  0.0000  0.4410  0.0000 -0.0686  0.0000


 Q=  0.066199  0.066199 -0.066199, q=  0.000000  0.000000  0.250000

                       Ni X   0        Ni Y   0        Ni Z   0     
                    --------------- --------------- ---------------
    0   1.6533 THz   0.0000  0.0000 -0.7071 -0.0005 -0.7071 -0.0005
    1   1.6533 THz   0.8165  0.0000 -0.4082 -0.0000  0.4082 -0.0000
    2   3.6873 THz  -0.5774  0.0000 -0.5774 -0.0000  0.5774 -0.0000


 Q= -0.066199 -0.198597  0.198597, q=  0.000000  0.250000 -0.500000

                       Ni X   0        Ni Y   0        Ni Z   0     
                    --------------- --------------- ---------------
    0   3.4024 THz   0.5064  0.0000 -0.6097  0.0000  0.6097  0.0000
    1   3.4776 THz  -0.0000  0.0000 -0.7070  0.0116 -0.7070  0.0116
    2   3.7273 THz   0.8623  0.0000  0.3581  0.0000 -0.3581  0.0000


 Q=  0.000000 -0.132398  0.132398, q=  0.000000  0.250000 -0.250000

                       Ni X   0        Ni Y   0        Ni Z   0     
                    --------------- --------------- ---------------
    0   2.7772 THz   0.0000  0.0000 -0.3557 -0.6111 -0.3557 -0.6111
    1   3.3234 THz   1.0000  0.0000  0.0000  0.0000  0.0000  0.0000
    2   3.7163 THz   0.0000  0.0000  0.4128 -0.5741 -0.4128  0.5741


 Q=  0.066199 -0.066199  0.066199, q=  0.000000  0.250000  0.000000

                       Ni X   0        Ni Y   0        Ni Z   0     
                    --------------- --------------- ---------------
    0   1.6533 THz  -0.4377  0.0000 -0.8158  0.0028 -0.3780  0.0028
    1   1.6533 THz   0.6893  0.0000 -0.0344  0.0018 -0.7237  0.0018
    2   3.6873 THz  -0.5774  0.0000  0.5774  0.0000 -0.5774 -0.0000


 Q=  0.132398  0.000000  0.000000, q=  0.000000  0.250000  0.250000

                       Ni X   0        Ni Y   0        Ni Z   0     
                    --------------- --------------- ---------------
    0   2.7752 THz   0.0000  0.0000 -0.4112 -0.7846  0.4611 -0.0520
    1   2.7752 THz   0.0000  0.0000 -0.3243 -0.3318 -0.8147  0.3479
    2   3.0916 THz   1.0000  0.0000  0.0000  0.0000  0.0000  0.0000


 Q= -0.330995  0.066199  0.066199, q=  0.250000 -0.500000 -0.500000

                       Ni X   0        Ni Y   0        Ni Z   0     
                    --------------- --------------- ---------------
    0   3.4024 THz   0.5064  0.0000 -0.6097  0.0000 -0.6097  0.0000
    1   3.4776 THz   0.0000  0.0000  0.7071 -0.0081 -0.7071  0.0081
    2   3.7273 THz   0.8623  0.0000  0.3581 -0.0000  0.3581 -0.0000


 Q= -0.264796  0.132398  0.000000, q=  0.250000 -0.500000 -0.250000

                       Ni X   0        Ni Y   0        Ni Z   0     
                    --------------- --------------- ---------------
    0   3.5647 THz   0.0000  0.0000 -0.9695  0.2452 -0.0000 -0.0000
    1   3.7379 THz   0.0000  0.0000  0.0000 -0.0000 -0.9968 -0.0794
    2   3.7379 THz   1.0000  0.0000  0.0000  0.0000  0.0000  0.0000


 Q= -0.198597  0.198597 -0.066199, q=  0.250000 -0.500000  0.000000

                       Ni X   0        Ni Y   0        Ni Z   0     
                    --------------- --------------- ---------------
    0   3.4024 THz   0.6097  0.0000 -0.6097 -0.0000 -0.5064 -0.0000
    1   3.4776 THz   0.7071  0.0000  0.7071  0.0000 -0.0000  0.0000
    2   3.7273 THz  -0.3581  0.0000  0.3581  0.0000 -0.8623 -0.0000


 Q= -0.132398  0.264796 -0.132398, q=  0.250000 -0.500000  0.250000

                       Ni X   0        Ni Y   0        Ni Z   0     
                    --------------- --------------- ---------------
    0   2.7772 THz  -0.7071  0.0000 -0.0000 -0.0000  0.7071  0.0000
    1   3.3234 THz   0.0000  0.0000 -0.9957  0.0924 -0.0000  0.0000
    2   3.7163 THz   0.7071  0.0000 -0.0000 -0.0000  0.7071  0.0000


 Q= -0.264796  0.000000  0.132398, q=  0.250000 -0.250000 -0.500000

                       Ni X   0        Ni Y   0        Ni Z   0     
                    --------------- --------------- ---------------
    0   3.5647 THz   0.0000  0.0000 -0.0000 -0.0000 -0.7691 -0.6391
    1   3.7379 THz   1.0000  0.0000  0.0000  0.0000  0.0000  0.0000
    2   3.7379 THz   0.0000  0.0000 -1.0000 -0.0000  0.0000  0.0000


 Q= -0.198597  0.066199  0.066199, q=  0.250000 -0.250000 -0.250000

                       Ni X   0        Ni Y   0        Ni Z   0     
                    --------------- --------------- ---------------
    0   3.4024 THz  -0.5064  0.0000 -0.6097 -0.0000 -0.6097 -0.0000
    1   3.4776 THz   0.0000  0.0000  0.7070 -0.0105 -0.7070  0.0105
    2   3.7273 THz   0.8623  0.0000 -0.3581 -0.0000 -0.3581 -0.0000


 Q= -0.132398  0.132398  0.000000, q=  0.250000 -0.250000  0.000000

                       Ni X   0        Ni Y   0        Ni Z   0     
                    --------------- --------------- ---------------
    0   2.7772 THz  -0.7071  0.0000 -0.7071  0.0000 -0.0000 -0.0000
    1   3.3234 THz   0.0000  0.0000 -0.0000 -0.0000 -0.1492  0.9888
    2   3.7163 THz   0.7071  0.0000 -0.7071  0.0000 -0.0000 -0.0000


 Q= -0.066199  0.198597 -0.066199, q=  0.250000 -0.250000  0.250000

                       Ni X   0        Ni Y   0        Ni Z   0     
                    --------------- --------------- ---------------
    0   3.4024 THz   0.6097  0.0000  0.5064  0.0000  0.6097  0.0000
    1   3.4776 THz  -0.7071  0.0000 -0.0000  0.0000  0.7071 -0.0000
    2   3.7273 THz  -0.3581  0.0000  0.8623 -0.0000 -0.3581  0.0000


 Q= -0.198597 -0.066199  0.198597, q=  0.250000  0.000000 -0.500000

                       Ni X   0        Ni Y   0        Ni Z   0     
                    --------------- --------------- ---------------
    0   3.4024 THz   0.6097  0.0000 -0.5064  0.0000 -0.6097  0.0000
    1   3.4776 THz   0.7071  0.0000 -0.0000 -0.0000  0.7071 -0.0000
    2   3.7273 THz   0.3581  0.0000  0.8623  0.0000 -0.3581 -0.0000


 Q= -0.132398  0.000000  0.132398, q=  0.250000  0.000000 -0.250000

                       Ni X   0        Ni Y   0        Ni Z   0     
                    --------------- --------------- ---------------
    0   2.7772 THz  -0.7071  0.0000  0.0000 -0.0000 -0.7071  0.0000
    1   3.3234 THz   0.0000  0.0000  0.9927 -0.1208 -0.0000  0.0000
    2   3.7163 THz   0.7071  0.0000  0.0000 -0.0000 -0.7071  0.0000


 Q= -0.066199  0.066199  0.066199, q=  0.250000  0.000000  0.000000

                       Ni X   0        Ni Y   0        Ni Z   0     
                    --------------- --------------- ---------------
    0   1.6533 THz   0.0000  0.0000  0.7069 -0.0151 -0.7069  0.0151
    1   1.6533 THz   0.8165  0.0000  0.4082  0.0000  0.4082  0.0000
    2   3.6873 THz   0.5774  0.0000 -0.5774 -0.0000 -0.5774 -0.0000


 Q=  0.000000  0.132398  0.000000, q=  0.250000  0.000000  0.250000

                       Ni X   0        Ni Y   0        Ni Z   0     
                    --------------- --------------- ---------------
    0   2.7752 THz   0.0000  0.0000 -0.0000  0.0000 -0.9552  0.2960
    1   2.7752 THz   1.0000  0.0000  0.0000  0.0000  0.0000  0.0000
    2   3.0916 THz   0.0000  0.0000 -0.3823  0.9240  0.0000 -0.0000


 Q= -0.132398 -0.132398  0.264796, q=  0.250000  0.250000 -0.500000

                       Ni X   0        Ni Y   0        Ni Z   0     
                    --------------- --------------- ---------------
    0   2.7772 THz   0.7071  0.0000 -0.7071  0.0000  0.0000 -0.0000
    1   3.3234 THz   0.0000  0.0000 -0.0000  0.0000 -0.9374  0.3483
    2   3.7163 THz   0.7071  0.0000  0.7071 -0.0000 -0.0000  0.0000


 Q= -0.066199 -0.066199  0.198597, q=  0.250000  0.250000 -0.250000

                       Ni X   0        Ni Y   0        Ni Z   0     
                    --------------- --------------- ---------------
    0   3.4024 THz   0.6097  0.0000  0.6097 -0.0000  0.5064 -0.0000
    1   3.4776 THz  -0.7071  0.0000  0.7071 -0.0000 -0.0000 -0.0000
    2   3.7273 THz   0.3581  0.0000  0.3581  0.0000 -0.8623 -0.0000


 Q=  0.000000  0.000000  0.132398, q=  0.250000  0.250000  0.000000

                       Ni X   0        Ni Y   0        Ni Z   0     
                    --------------- --------------- ---------------
    0   2.7752 THz   0.0000  0.0000 -0.2983 -0.9545  0.0000  0.0000
    1   2.7752 THz   1.0000  0.0000  0.0000  0.0000  0.0000  0.0000
    2   3.0916 THz   0.0000  0.0000  0.0000  0.0000  0.6091 -0.7931


 Q=  0.066199  0.066199  0.066199, q=  0.250000  0.250000  0.250000

                       Ni X   0        Ni Y   0        Ni Z   0     
                    --------------- --------------- ---------------
    0   1.6533 THz   0.0000  0.0000  0.6950  0.1302 -0.6950 -0.1302
    1   1.6533 THz   0.8165  0.0000 -0.4082  0.0000 -0.4082 -0.0000
    2   3.6873 THz  -0.5774  0.0000 -0.5774  0.0000 -0.5774 -0.0000
