
Used Primitive lattice vector

    3.854364000000      0.000000000000      0.000000000000  
    0.000000000000      3.854364000000      0.000000000000  
    0.000000000000      0.000000000000      4.662015000000  

   5 Atom(s) in the Primitive cell

 0.5000000000 0.5000000000 0.5198360000 Ti    0
 0.0000000000 0.0000000000 0.9684660000 Pb    1
 0.5000000000 0.5000000000 0.1436480000  O    2
 0.0000000000 0.5000000000 0.6269730000  O    3
 0.5000000000 0.0000000000 0.6269750000  O    4


 Q= -0.129723 -0.064862  0.000000, q= -0.500000 -0.250000  0.000000

                       Ti X   0        Ti Y   0        Ti Z   0        Pb X   1        Pb Y   1        Pb Z   1         O X   2         O Y   2         O Z   2         O X   3         O Y   3         O Z   3         O X   4         O Y   4         O Z   4     
                    --------------- --------------- --------------- --------------- --------------- --------------- --------------- --------------- --------------- --------------- --------------- --------------- --------------- --------------- ---------------
    0   2.0309 THz  -0.1210  0.0000  0.0000 -0.0005 -0.0009  0.0000 -0.0000  0.0013  0.9913 -0.0000  0.0000 -0.0281  0.0336 -0.0000  0.0000  0.0004 -0.0006  0.0000 -0.0000 -0.0001  0.0022 -0.0000  0.0000  0.0244 -0.0092 -0.0000  0.0000  0.0003 -0.0009  0.0000
    1   2.1460 THz   0.0801  0.0000  0.0000  0.0068  0.0008  0.0000 -0.0000 -0.0261  0.0323 -0.0000  0.0000  0.9853  0.1224 -0.0000  0.0000  0.0007  0.0004  0.0000 -0.0000  0.0002 -0.0035 -0.0000  0.0000  0.0691  0.0350 -0.0000  0.0000 -0.0015  0.0003  0.0000
    2   2.5389 THz  -0.0013  0.0000 -0.0000  0.2127 -0.0272 -0.0000  0.0000 -0.9742  0.0006 -0.0000  0.0000 -0.0266 -0.0028 -0.0000  0.0000  0.0003 -0.0431 -0.0000  0.0000 -0.0370 -0.0004 -0.0000  0.0000 -0.0028 -0.0002 -0.0000 -0.0000  0.0146 -0.0272 -0.0000
    3   5.2439 THz  -0.0015  0.0000  0.0000  0.0224 -0.5098  0.0000 -0.0000  0.0541 -0.0015 -0.0000  0.0000  0.0023 -0.0028  0.0000  0.0000  0.4448 -0.2885  0.0000  0.0000 -0.0638 -0.0006  0.0000 -0.0000 -0.0003  0.0033 -0.0000  0.0000  0.0711 -0.6681 -0.0000
    4   6.4739 THz  -0.3172  0.0000  0.0000 -0.2147 -0.1607 -0.0000  0.0000 -0.0378 -0.0095  0.0000  0.0000  0.1383 -0.5917 -0.0000  0.0000 -0.2701 -0.0981 -0.0000  0.0000 -0.0292  0.3759  0.0000  0.0000 -0.3672 -0.3052  0.0000  0.0000 -0.0570 -0.0263 -0.0000
    5   6.5756 THz  -0.1375  0.0000 -0.0000  0.4937  0.3670  0.0000 -0.0000  0.0853 -0.0039 -0.0000  0.0000  0.0578 -0.2518 -0.0000 -0.0000  0.6172  0.2126  0.0000 -0.0000  0.0732  0.1709  0.0000  0.0000 -0.1630 -0.1392 -0.0000 -0.0000  0.1308  0.0703  0.0000
    6   7.7398 THz   0.0498  0.0000 -0.0000  0.0092  0.0067  0.0000 -0.0000  0.0025  0.0385  0.0000 -0.0000  0.0524 -0.5029 -0.0000 -0.0000  0.0004  0.0026  0.0000  0.0000  0.0020 -0.5193 -0.0000  0.0000 -0.2771  0.6275  0.0000 -0.0000  0.0011  0.0002 -0.0000
    7   8.7450 THz   0.2539  0.0000 -0.0000 -0.0108  0.0021 -0.0000 -0.0000 -0.0011  0.0368 -0.0000  0.0000 -0.0137  0.4326  0.0000 -0.0000 -0.0006  0.0039 -0.0000 -0.0000 -0.0019  0.0228  0.0000  0.0000 -0.8630 -0.0366 -0.0000  0.0000 -0.0008 -0.0063  0.0000
    8   9.3559 THz   0.0021  0.0000  0.0000  0.6648 -0.4878  0.0000  0.0000  0.1604  0.0001 -0.0000 -0.0000 -0.0005  0.0097 -0.0000 -0.0000 -0.1999 -0.3026  0.0000  0.0000  0.0031 -0.0013 -0.0000 -0.0000 -0.0084 -0.0010  0.0000 -0.0000 -0.0169  0.4030 -0.0000
    9  10.1296 THz  -0.0032  0.0000  0.0000 -0.4408 -0.2696 -0.0000  0.0000 -0.0985 -0.0004  0.0000  0.0000  0.0002 -0.0003  0.0000 -0.0000  0.5533 -0.1408 -0.0000  0.0000 -0.0818 -0.0081  0.0000  0.0000 -0.0016  0.0029 -0.0000  0.0000 -0.1672  0.6022  0.0000
   10  11.5528 THz  -0.7873  0.0000 -0.0000  0.0008  0.0039 -0.0000  0.0000 -0.0000 -0.1020  0.0000  0.0000  0.0454  0.2727  0.0000  0.0000 -0.0028  0.0012 -0.0000  0.0000 -0.0044 -0.5005 -0.0000  0.0000 -0.1056 -0.1774 -0.0000 -0.0000  0.0091 -0.0033  0.0000
   11  12.7629 THz   0.0070  0.0000  0.0000 -0.0744 -0.0056 -0.0000 -0.0000  0.0157  0.0007  0.0000 -0.0000  0.0020 -0.0036 -0.0000  0.0000 -0.0441 -0.0090 -0.0000  0.0000 -0.6066  0.0048  0.0000 -0.0000  0.0009  0.0025  0.0000 -0.0000  0.7811  0.1186  0.0000
   12  14.4947 THz   0.4153  0.0000 -0.0000  0.0009 -0.0004 -0.0000  0.0000  0.0003  0.0536 -0.0000  0.0000  0.0145 -0.2363 -0.0000  0.0000  0.0006 -0.0006 -0.0000 -0.0000  0.0010 -0.5556 -0.0000 -0.0000  0.0198 -0.6779 -0.0000  0.0000  0.0018 -0.0017 -0.0000
   13  20.1128 THz  -0.0001  0.0000  0.0000 -0.1136 -0.3695 -0.0000  0.0000 -0.0524 -0.0001  0.0000 -0.0000  0.0001 -0.0000 -0.0000  0.0000 -0.0140  0.4097  0.0000 -0.0000  0.6580  0.0003  0.0000  0.0000 -0.0001  0.0014  0.0000 -0.0000  0.4908  0.0771  0.0000
   14  22.4516 THz   0.0028  0.0000  0.0000 -0.0978  0.3626  0.0000 -0.0000 -0.0106  0.0000  0.0000 -0.0000 -0.0001  0.0046 -0.0000 -0.0000  0.0087 -0.7621 -0.0000 -0.0000  0.4251 -0.0003 -0.0000  0.0000  0.0001  0.0020 -0.0000 -0.0000  0.3084  0.0462  0.0000


 Q= -0.129723  0.064862  0.000000, q= -0.500000  0.250000  0.000000

                       Ti X   0        Ti Y   0        Ti Z   0        Pb X   1        Pb Y   1        Pb Z   1         O X   2         O Y   2         O Z   2         O X   3         O Y   3         O Z   3         O X   4         O Y   4         O Z   4     
                    --------------- --------------- --------------- --------------- --------------- --------------- --------------- --------------- --------------- --------------- --------------- --------------- --------------- --------------- ---------------
    0   2.0309 THz  -0.1210  0.0000 -0.0000  0.0005 -0.0009  0.0000 -0.0000  0.0013 -0.9913  0.0000  0.0000 -0.0281  0.0336 -0.0000  0.0000 -0.0004 -0.0006  0.0000 -0.0000 -0.0001 -0.0022  0.0000  0.0000  0.0244 -0.0092 -0.0000 -0.0000 -0.0003 -0.0009  0.0000
    1   2.1460 THz  -0.0801  0.0000 -0.0000  0.0068 -0.0008  0.0000 -0.0000  0.0261  0.0323 -0.0000 -0.0000 -0.9853 -0.1224  0.0000  0.0000  0.0007 -0.0004  0.0000 -0.0000 -0.0002 -0.0035 -0.0000 -0.0000 -0.0691 -0.0350  0.0000 -0.0000 -0.0015 -0.0003  0.0000
    2   2.5389 THz  -0.0013  0.0000  0.0000 -0.2127 -0.0272 -0.0000  0.0000 -0.9742 -0.0006  0.0000  0.0000 -0.0266 -0.0028 -0.0000  0.0000 -0.0003 -0.0431 -0.0000  0.0000 -0.0370  0.0004  0.0000  0.0000 -0.0028 -0.0002  0.0000  0.0000 -0.0146 -0.0272 -0.0000
    3   5.2439 THz  -0.0015  0.0000 -0.0000 -0.0224 -0.5098  0.0000 -0.0000  0.0541  0.0015 -0.0000  0.0000  0.0023 -0.0028  0.0000 -0.0000 -0.4448 -0.2885  0.0000 -0.0000 -0.0638  0.0006 -0.0000 -0.0000 -0.0003  0.0033 -0.0000 -0.0000 -0.0711 -0.6681  0.0000
    4   6.4739 THz   0.3172  0.0000 -0.0000 -0.2147  0.1607 -0.0000  0.0000  0.0378 -0.0095 -0.0000  0.0000 -0.1383  0.5917  0.0000 -0.0000 -0.2701  0.0981 -0.0000  0.0000  0.0292  0.3759  0.0000 -0.0000  0.3672  0.3052  0.0000 -0.0000 -0.0570  0.0263 -0.0000
    5   6.5756 THz  -0.1375  0.0000 -0.0000 -0.4937  0.3670 -0.0000  0.0000  0.0853  0.0039 -0.0000  0.0000  0.0578 -0.2518  0.0000 -0.0000 -0.6172  0.2126 -0.0000  0.0000  0.0732 -0.1709 -0.0000  0.0000 -0.1630 -0.1392 -0.0000 -0.0000 -0.1308  0.0703 -0.0000
    6   7.7398 THz  -0.0498  0.0000  0.0000  0.0092 -0.0067  0.0000 -0.0000 -0.0025  0.0385  0.0000  0.0000 -0.0524  0.5029 -0.0000  0.0000  0.0004 -0.0026  0.0000 -0.0000 -0.0020 -0.5193 -0.0000 -0.0000  0.2771 -0.6275 -0.0000  0.0000  0.0011 -0.0002 -0.0000
    7   8.7450 THz   0.2539  0.0000 -0.0000  0.0108  0.0021  0.0000  0.0000 -0.0011 -0.0368  0.0000  0.0000 -0.0137  0.4326 -0.0000  0.0000  0.0006  0.0039  0.0000 -0.0000 -0.0019 -0.0228 -0.0000  0.0000 -0.8630 -0.0366 -0.0000  0.0000  0.0008 -0.0063 -0.0000
    8   9.3559 THz   0.0021  0.0000  0.0000 -0.6648 -0.4878 -0.0000 -0.0000  0.1604 -0.0001 -0.0000  0.0000 -0.0005  0.0097  0.0000 -0.0000  0.1999 -0.3026 -0.0000 -0.0000  0.0031  0.0013 -0.0000  0.0000 -0.0084 -0.0010 -0.0000 -0.0000  0.0169  0.4030  0.0000
    9  10.1296 THz   0.0032  0.0000  0.0000 -0.4408  0.2696  0.0000 -0.0000  0.0985 -0.0004 -0.0000  0.0000 -0.0002  0.0003  0.0000 -0.0000  0.5533  0.1408  0.0000 -0.0000  0.0818 -0.0081 -0.0000 -0.0000  0.0016 -0.0029 -0.0000  0.0000 -0.1672 -0.6022 -0.0000
   10  11.5528 THz  -0.7873  0.0000  0.0000 -0.0008  0.0039  0.0000  0.0000 -0.0000  0.1020  0.0000 -0.0000  0.0454  0.2727 -0.0000 -0.0000  0.0028  0.0012  0.0000 -0.0000 -0.0044  0.5005  0.0000  0.0000 -0.1056 -0.1774 -0.0000 -0.0000 -0.0091 -0.0033 -0.0000
   11  12.7629 THz  -0.0070  0.0000 -0.0000 -0.0744  0.0056 -0.0000 -0.0000 -0.0157  0.0007  0.0000 -0.0000 -0.0020  0.0036 -0.0000  0.0000 -0.0441  0.0090 -0.0000  0.0000  0.6066  0.0048 -0.0000  0.0000 -0.0009 -0.0025  0.0000  0.0000  0.7811 -0.1186  0.0000
   12  14.4947 THz  -0.4153  0.0000  0.0000  0.0009  0.0004 -0.0000 -0.0000 -0.0003  0.0536  0.0000  0.0000 -0.0145  0.2363 -0.0000 -0.0000  0.0006  0.0006 -0.0000 -0.0000 -0.0010 -0.5556 -0.0000  0.0000 -0.0198  0.6779  0.0000  0.0000  0.0018  0.0017  0.0000
   13  20.1128 THz  -0.0001  0.0000  0.0000  0.1136 -0.3695  0.0000 -0.0000 -0.0524  0.0001  0.0000  0.0000  0.0001 -0.0000  0.0000  0.0000  0.0140  0.4097 -0.0000  0.0000  0.6580 -0.0003  0.0000 -0.0000 -0.0001  0.0014 -0.0000 -0.0000 -0.4908  0.0771 -0.0000
   14  22.4516 THz   0.0028  0.0000 -0.0000  0.0978  0.3626  0.0000  0.0000 -0.0106 -0.0000  0.0000 -0.0000 -0.0001  0.0046  0.0000  0.0000 -0.0087 -0.7621 -0.0000 -0.0000  0.4251  0.0003 -0.0000 -0.0000  0.0001  0.0020  0.0000  0.0000 -0.3084  0.0462  0.0000


 Q= -0.086482 -0.129723  0.071500, q= -0.333333 -0.500000  0.333333

                       Ti X   0        Ti Y   0        Ti Z   0        Pb X   1        Pb Y   1        Pb Z   1         O X   2         O Y   2         O Z   2         O X   3         O Y   3         O Z   3         O X   4         O Y   4         O Z   4     
                    --------------- --------------- --------------- --------------- --------------- --------------- --------------- --------------- --------------- --------------- --------------- --------------- --------------- --------------- ---------------
    0   2.0401 THz   0.0000  0.0000 -0.0870 -0.1076 -0.0000  0.0000  0.9746 -0.0918 -0.0000  0.0000  0.0589 -0.0418 -0.0000  0.0000  0.0951 -0.0849 -0.0000  0.0000  0.0000  0.0000 -0.0031 -0.0123 -0.0000 -0.0000 -0.0062  0.0123 -0.0000 -0.0000  0.0247  0.0112
    1   2.3324 THz   0.1633  0.0000  0.0000 -0.0000 -0.0511  0.0776 -0.0000 -0.0000 -0.6258  0.7455  0.0000 -0.0000 -0.0025  0.1223  0.0000 -0.0000 -0.0334  0.0133  0.0094  0.0041  0.0000 -0.0000 -0.0251  0.0010 -0.0000 -0.0000 -0.0177  0.0035  0.0000  0.0000
    2   2.3529 THz   0.0000  0.0000 -0.0621  0.0289 -0.0000  0.0000  0.0733  0.0388 -0.0000  0.0000 -0.9876  0.0439 -0.0000  0.0000 -0.0268  0.0630 -0.0000  0.0000  0.0000  0.0000 -0.0109  0.0273 -0.0000 -0.0000  0.0153  0.0033 -0.0000  0.0000 -0.0682 -0.0280
    3   5.2600 THz  -0.0501  0.0000  0.0000 -0.0000 -0.5923  0.2244 -0.0000 -0.0000  0.1163 -0.0271 -0.0000 -0.0000 -0.2171  0.2491  0.0000  0.0000 -0.3604 -0.1989 -0.0461 -0.0282  0.0000 -0.0000 -0.5034  0.1808 -0.0000 -0.0000 -0.0633 -0.1016  0.0000  0.0000
    4   5.5226 THz  -0.0000  0.0000 -0.1554  0.0790 -0.0000  0.0000  0.0879  0.0749  0.0000 -0.0000  0.0952  0.0466 -0.0000  0.0000 -0.7190  0.0136 -0.0000 -0.0000 -0.0000 -0.0000 -0.1766  0.0737 -0.0000  0.0000  0.2047 -0.0171 -0.0000 -0.0000 -0.5436 -0.2316
    5   6.5079 THz  -0.0000  0.0000  0.1056  0.0091  0.0000  0.0000  0.0277 -0.0053 -0.0000  0.0000 -0.0086 -0.0038 -0.0000 -0.0000 -0.2337 -0.0453 -0.0000  0.0000 -0.0000 -0.0000  0.6518 -0.1694 -0.0000 -0.0000 -0.6358  0.1912 -0.0000  0.0000 -0.1909 -0.0195
    6   6.6447 THz  -0.2801  0.0000 -0.0000  0.0000  0.0744  0.4143 -0.0000  0.0000 -0.0164  0.0829 -0.0000 -0.0000 -0.5080 -0.5287  0.0000 -0.0000 -0.1983  0.2119 -0.1286  0.0092 -0.0000  0.0000  0.0390 -0.2975  0.0000 -0.0000 -0.0837  0.0424  0.0000 -0.0000
    7   8.9289 THz  -0.4146  0.0000  0.0000  0.0000 -0.0159 -0.2732  0.0000 -0.0000 -0.0527  0.1208  0.0000 -0.0000 -0.3051 -0.2208  0.0000  0.0000  0.1618 -0.1326  0.1125 -0.0307 -0.0000 -0.0000  0.1276  0.7213  0.0000 -0.0000  0.0006  0.0056 -0.0000 -0.0000
    8   9.2363 THz  -0.0000  0.0000 -0.3540 -0.0253  0.0000 -0.0000 -0.0361  0.0954 -0.0000  0.0000 -0.0282  0.0149 -0.0000 -0.0000 -0.3618 -0.3877  0.0000 -0.0000  0.0000 -0.0000 -0.0314  0.0948  0.0000  0.0000 -0.0543  0.0236 -0.0000 -0.0000  0.2725  0.7026
    9  10.6013 THz  -0.8366  0.0000  0.0000 -0.0000  0.0106 -0.0176  0.0000 -0.0000 -0.0954  0.0602  0.0000 -0.0000  0.3318  0.2901 -0.0000  0.0000  0.0231 -0.0148 -0.1544  0.0550 -0.0000  0.0000 -0.0460 -0.2485 -0.0000 -0.0000 -0.0337 -0.0028  0.0000  0.0000
   10  11.6976 THz  -0.0000  0.0000 -0.8693  0.0736  0.0000 -0.0000 -0.0723  0.0629  0.0000 -0.0000  0.0670  0.0162 -0.0000 -0.0000  0.2594  0.2141  0.0000  0.0000  0.0000  0.0000 -0.0519 -0.0592  0.0000  0.0000 -0.2595  0.0208 -0.0000 -0.0000 -0.0827 -0.1765
   11  12.2309 THz  -0.0629  0.0000  0.0000 -0.0000  0.0043  0.0065  0.0000  0.0000  0.0040 -0.0148 -0.0000  0.0000  0.0115  0.0422 -0.0000  0.0000 -0.0045  0.0074  0.6867 -0.2527 -0.0000  0.0000 -0.0385 -0.1230 -0.0000  0.0000 -0.6241  0.2284  0.0000  0.0000
   12  14.0975 THz  -0.0000  0.0000 -0.1891  0.1086  0.0000 -0.0000 -0.0103  0.0320  0.0000 -0.0000  0.0003 -0.0225  0.0000 -0.0000  0.0563 -0.0884  0.0000  0.0000  0.0000 -0.0000  0.6061 -0.3539  0.0000 -0.0000  0.5817 -0.3269 -0.0000  0.0000 -0.0336  0.0283
   13  19.7474 THz   0.1041  0.0000 -0.0000 -0.0000  0.0895 -0.4084  0.0000  0.0000  0.0116  0.0126 -0.0000 -0.0000 -0.0008 -0.0073  0.0000  0.0000 -0.3129  0.0891 -0.5416  0.0986  0.0000  0.0000  0.0160  0.0753  0.0000 -0.0000 -0.6214  0.1146 -0.0000  0.0000
   14  23.6724 THz   0.0755  0.0000 -0.0000 -0.0000 -0.0961  0.3918 -0.0000 -0.0000  0.0100 -0.0220  0.0000 -0.0000 -0.0109 -0.0132  0.0000  0.0000  0.6692 -0.3832 -0.3021  0.1004 -0.0000 -0.0000  0.0025  0.0153 -0.0000 -0.0000 -0.3484  0.1144  0.0000 -0.0000


 Q= -0.086482  0.000000  0.071500, q= -0.333333  0.000000  0.333333

                       Ti X   0        Ti Y   0        Ti Z   0        Pb X   1        Pb Y   1        Pb Z   1         O X   2         O Y   2         O Z   2         O X   3         O Y   3         O Z   3         O X   4         O Y   4         O Z   4     
                    --------------- --------------- --------------- --------------- --------------- --------------- --------------- --------------- --------------- --------------- --------------- --------------- --------------- --------------- ---------------
    0   1.7161 THz   0.0000  0.0000 -0.0601 -0.0390  0.0000  0.0000  0.0000  0.0000 -0.9719  0.2187  0.0000  0.0000  0.0000  0.0000  0.0087 -0.0320  0.0000  0.0000  0.0000  0.0000 -0.0159 -0.0174  0.0000  0.0000  0.0000  0.0000 -0.0242 -0.0129  0.0000  0.0000
    1   1.8613 THz   0.1245  0.0000  0.0000  0.0000  0.2563  0.1028  0.4150  0.2481  0.0000 -0.0000  0.7587  0.1482  0.0998  0.0118 -0.0000  0.0000  0.0551  0.1364  0.0199  0.0401  0.0000  0.0000  0.1154  0.0922  0.0157  0.0047  0.0000  0.0000  0.1341  0.0558
    2   2.5285 THz   0.0996  0.0000 -0.0000  0.0000 -0.1182 -0.0737 -0.3660 -0.7246  0.0000  0.0000  0.4125  0.3505  0.0368 -0.0005 -0.0000  0.0000 -0.0326 -0.0545 -0.0036 -0.0575  0.0000  0.0000  0.0099  0.0490  0.0129 -0.0522  0.0000  0.0000 -0.0562  0.0369
    3   4.3421 THz  -0.0949  0.0000  0.0000  0.0000 -0.3050  0.4931  0.2402 -0.1761 -0.0000  0.0000  0.0808 -0.2548 -0.2562  0.2044  0.0000  0.0000 -0.3727  0.0708 -0.0775  0.0093  0.0000  0.0000 -0.1923  0.1892 -0.0233  0.0374  0.0000  0.0000 -0.1554  0.3718
    4   4.6765 THz  -0.0000  0.0000 -0.8696 -0.2733 -0.0000  0.0000 -0.0000 -0.0000  0.0685 -0.0448 -0.0000 -0.0000 -0.0000  0.0000 -0.2137 -0.2769 -0.0000  0.0000 -0.0000  0.0000 -0.0530 -0.0323 -0.0000  0.0000 -0.0000  0.0000 -0.1854 -0.0426 -0.0000  0.0000
    5   6.0518 THz   0.2435  0.0000 -0.0000 -0.0000 -0.2687 -0.0985  0.0383  0.0891  0.0000 -0.0000 -0.0414 -0.1014  0.3965  0.4880  0.0000 -0.0000 -0.0448 -0.1735  0.1005 -0.0888 -0.0000 -0.0000  0.3073  0.4291  0.1511 -0.1325 -0.0000 -0.0000 -0.2046 -0.1765
    6   8.2026 THz  -0.0000  0.0000 -0.3248  0.0219 -0.0000  0.0000  0.0000  0.0000  0.0123  0.0043  0.0000  0.0000  0.0000  0.0000  0.8278  0.3667 -0.0000  0.0000 -0.0000  0.0000 -0.0608  0.2084  0.0000  0.0000 -0.0000  0.0000 -0.0614  0.1523 -0.0000 -0.0000
    7   8.6152 THz   0.6390  0.0000 -0.0000 -0.0000 -0.0510 -0.0191 -0.0110  0.0382 -0.0000  0.0000 -0.0773 -0.0520  0.0038 -0.0395  0.0000  0.0000  0.0105 -0.0248  0.1949 -0.0345 -0.0000  0.0000 -0.2014 -0.2837  0.5049 -0.0709 -0.0000  0.0000  0.1370  0.3703
    8   9.6395 THz   0.3093  0.0000 -0.0000  0.0000  0.0520  0.3317 -0.0189 -0.0568 -0.0000 -0.0000 -0.0465 -0.0342 -0.0845 -0.4342 -0.0000  0.0000 -0.1350  0.1931 -0.0479  0.0815 -0.0000 -0.0000 -0.0475  0.2692  0.2480  0.1451 -0.0000 -0.0000 -0.1701 -0.5817
    9  10.1507 THz  -0.0000  0.0000  0.1339  0.1199 -0.0000 -0.0000 -0.0000  0.0000  0.0190 -0.0168  0.0000  0.0000  0.0000  0.0000  0.1297 -0.1945  0.0000 -0.0000 -0.0000 -0.0000 -0.8495 -0.2504 -0.0000 -0.0000 -0.0000 -0.0000 -0.3424 -0.1039  0.0000  0.0000
   10  11.0936 THz  -0.2538  0.0000  0.0000 -0.0000 -0.2129  0.0284  0.0168  0.0118 -0.0000 -0.0000 -0.0093  0.0621 -0.3536 -0.1825 -0.0000  0.0000 -0.0193 -0.1885  0.0822 -0.1639  0.0000  0.0000  0.5463  0.1414  0.4023  0.0914 -0.0000  0.0000  0.4070  0.0535
   11  12.8238 THz  -0.5484  0.0000 -0.0000  0.0000  0.0005  0.0139 -0.0144 -0.0014 -0.0000  0.0000  0.0884 -0.0128  0.3516 -0.0265 -0.0000 -0.0000  0.0867  0.0601 -0.0707  0.1581 -0.0000  0.0000 -0.2839 -0.0237  0.6357 -0.1419  0.0000 -0.0000 -0.1415 -0.0036
   12  14.2710 THz   0.0000  0.0000 -0.1502  0.0560  0.0000 -0.0000  0.0000  0.0000 -0.0040  0.0040 -0.0000  0.0000 -0.0000 -0.0000 -0.0138  0.0437  0.0000  0.0000 -0.0000  0.0000 -0.3329  0.2308  0.0000  0.0000  0.0000 -0.0000  0.7418 -0.5078 -0.0000  0.0000
   13  17.9350 THz   0.1643  0.0000  0.0000  0.0000 -0.0306 -0.3289  0.0323  0.0134 -0.0000  0.0000 -0.0442  0.0018 -0.0562 -0.0357 -0.0000 -0.0000 -0.1593  0.0605 -0.7912  0.3607  0.0000 -0.0000  0.1160  0.1225  0.0803 -0.0951 -0.0000  0.0000  0.0928  0.1362
   14  24.0565 THz   0.1004  0.0000  0.0000 -0.0000 -0.1583  0.4359  0.0218 -0.0395  0.0000  0.0000 -0.0069 -0.0058 -0.0098  0.0371 -0.0000 -0.0000  0.7541 -0.3119 -0.3152  0.0583 -0.0000 -0.0000 -0.0110 -0.0207 -0.0403  0.0185 -0.0000  0.0000 -0.0057  0.0016


 Q= -0.043241 -0.064862 -0.071500, q= -0.166667 -0.250000 -0.333333

                       Ti X   0        Ti Y   0        Ti Z   0        Pb X   1        Pb Y   1        Pb Z   1         O X   2         O Y   2         O Z   2         O X   3         O Y   3         O Z   3         O X   4         O Y   4         O Z   4     
                    --------------- --------------- --------------- --------------- --------------- --------------- --------------- --------------- --------------- --------------- --------------- --------------- --------------- --------------- ---------------
    0   1.6897 THz  -0.0446  0.0000 -0.0040 -0.1211  0.1777  0.0734 -0.8049  0.0988 -0.0576 -0.0873  0.3603  0.3241 -0.0071 -0.0048 -0.0766 -0.0666  0.0947 -0.0373 -0.0274  0.0180 -0.0047 -0.0175  0.0925  0.0342 -0.0065  0.0192 -0.0150 -0.0125  0.0985  0.0261
    1   1.8533 THz   0.1309  0.0000 -0.0222 -0.0673 -0.0215  0.1808  0.2362  0.3654 -0.1591 -0.6628 -0.2232  0.4503  0.0455 -0.0716  0.0028 -0.0059  0.0618  0.0742  0.0288 -0.0035 -0.0226 -0.0126  0.0002  0.0928  0.0261 -0.0001 -0.0308 -0.0286  0.0053  0.0951
    2   2.3672 THz   0.1145  0.0000  0.0670  0.0757  0.0135 -0.0118 -0.3500  0.0537 -0.6802  0.0533 -0.5268 -0.3020  0.0143 -0.0151  0.0348  0.0415 -0.0077  0.0138  0.0076 -0.0004 -0.0195  0.0365 -0.0640  0.0094 -0.0047  0.0018 -0.0158  0.0224 -0.0799  0.0009
    3   4.3572 THz  -0.1738  0.0000 -0.0961 -0.0571 -0.0540  0.6057  0.0438  0.0942 -0.0060  0.1469  0.0894 -0.2872 -0.0107 -0.0851 -0.0386 -0.2982  0.2462  0.2884 -0.0481 -0.0240 -0.0361 -0.0587 -0.1019  0.3265  0.0059  0.0148 -0.0731 -0.0740 -0.0023  0.2955
    4   5.5979 THz   0.4149  0.0000 -0.2917  0.0191 -0.1289  0.0662 -0.0471 -0.0728  0.0453  0.1282  0.0525  0.0354  0.4043 -0.1269 -0.2979  0.2160 -0.0093  0.0872  0.2177 -0.0388 -0.2549  0.0607 -0.1010  0.2469  0.2671 -0.0915 -0.1563  0.0097  0.0420 -0.2720
    5   6.5504 THz   0.6039  0.0000  0.2102 -0.0997  0.1725 -0.0912  0.0222 -0.0183  0.0666  0.0251  0.0987 -0.1158  0.2418 -0.2541  0.1572 -0.3871  0.0283 -0.1077  0.1166  0.0235  0.1981  0.0451  0.0515 -0.0743  0.0295  0.0037  0.1781  0.0355 -0.0356  0.3246
    6   7.3382 THz  -0.2400  0.0000  0.0625  0.0573 -0.0729 -0.0851  0.0086  0.0239 -0.0401 -0.0500 -0.0171  0.0267  0.2594  0.2342 -0.3121 -0.3186 -0.0786 -0.0107 -0.0152 -0.2467 -0.0169  0.4584 -0.0185 -0.1202  0.0357 -0.4946  0.0123  0.1820  0.0191  0.1539
    7   8.0263 THz   0.2789  0.0000 -0.4460  0.2756 -0.0755  0.1331 -0.0592 -0.0140  0.0415  0.0540 -0.0036  0.0548 -0.1600  0.1569 -0.0709  0.1819  0.0254  0.0912 -0.0867  0.0262 -0.0667  0.0261 -0.0378 -0.5181 -0.0965  0.0206 -0.0650  0.0180  0.0404  0.4649
    8   8.8870 THz  -0.3899  0.0000 -0.3871  0.0302  0.1708 -0.2064 -0.0061 -0.0365  0.0005 -0.0223 -0.0838  0.0503  0.3905 -0.4483  0.1756 -0.1200 -0.0475 -0.1968 -0.0874  0.0898 -0.1970 -0.0254 -0.2184 -0.0646 -0.0739  0.1451 -0.0898  0.0279 -0.0809  0.1598
    9   9.9416 THz   0.2338  0.0000 -0.4855 -0.0855  0.0765 -0.0587 -0.0185 -0.0064  0.0337 -0.0171 -0.0472  0.0183 -0.2293  0.2079  0.2416 -0.2967  0.0074 -0.0909 -0.1138 -0.0217  0.1461  0.1744 -0.2257  0.2738 -0.3569 -0.1480  0.0083  0.0699  0.0213 -0.3040
   10  11.0599 THz   0.0596  0.0000  0.0973  0.0639 -0.2044  0.1302  0.0081  0.0274  0.0019  0.0253 -0.0445  0.0005  0.1111 -0.1836  0.0926 -0.3242  0.1260  0.1857 -0.1657 -0.0033 -0.2165  0.1731  0.3050 -0.3848 -0.2124  0.1972 -0.1731 -0.0358  0.2582 -0.4282
   11  12.7343 THz  -0.1459  0.0000 -0.2919 -0.0196 -0.0193  0.0693 -0.0253 -0.0157 -0.0225 -0.0056 -0.0696 -0.0214  0.1121  0.0150  0.2001  0.0238 -0.0804  0.0708  0.0600 -0.0699  0.6341  0.2098  0.1893 -0.0716  0.4761  0.1516 -0.0619 -0.1311  0.2164 -0.0581
   12  14.0816 THz  -0.0903  0.0000  0.0621 -0.0030  0.0037 -0.0071 -0.0058 -0.0064  0.0072  0.0071  0.0034  0.0014 -0.0208 -0.0134 -0.0038 -0.0029  0.0067 -0.0050  0.7022  0.1643  0.1829  0.0403  0.0053 -0.0592 -0.3679 -0.0835 -0.5212 -0.1036 -0.0243  0.0548
   13  18.3278 THz   0.1359  0.0000  0.1655 -0.0085 -0.0292 -0.3284  0.0139 -0.0080  0.0216 -0.0141  0.0518 -0.0046 -0.0193  0.0298 -0.0351  0.0392  0.1913  0.0352 -0.4688 -0.1412  0.0985  0.0819 -0.0902  0.1580  0.0753  0.0662 -0.6552 -0.1949 -0.0970  0.1549
   14  24.3663 THz   0.0847  0.0000  0.1084 -0.0006  0.1780  0.4235  0.0111  0.0184  0.0179  0.0286  0.0088 -0.0063 -0.0035 -0.0100 -0.0098 -0.0240 -0.7586 -0.2764 -0.1906 -0.0399 -0.0359 -0.0125  0.0052 -0.0055 -0.0234 -0.0057 -0.2694 -0.0521  0.0063 -0.0194


 Q= -0.043241  0.064862 -0.071500, q= -0.166667  0.250000 -0.333333

                       Ti X   0        Ti Y   0        Ti Z   0        Pb X   1        Pb Y   1        Pb Z   1         O X   2         O Y   2         O Z   2         O X   3         O Y   3         O Z   3         O X   4         O Y   4         O Z   4     
                    --------------- --------------- --------------- --------------- --------------- --------------- --------------- --------------- --------------- --------------- --------------- --------------- --------------- --------------- ---------------
    0   1.6897 THz  -0.0446  0.0000  0.0040  0.1211  0.1777  0.0734 -0.8049  0.0988  0.0576  0.0873  0.3603  0.3241 -0.0071 -0.0048  0.0766  0.0666  0.0947 -0.0373 -0.0274  0.0180  0.0047  0.0175  0.0925  0.0342 -0.0065  0.0192  0.0150  0.0125  0.0985  0.0261
    1   1.8533 THz  -0.1309  0.0000 -0.0222 -0.0673  0.0215 -0.1808 -0.2362 -0.3654 -0.1591 -0.6628  0.2232 -0.4503 -0.0455  0.0716  0.0028 -0.0059 -0.0618 -0.0742 -0.0288  0.0035 -0.0226 -0.0126 -0.0002 -0.0928 -0.0261  0.0001 -0.0308 -0.0286 -0.0053 -0.0951
    2   2.3672 THz   0.1145  0.0000 -0.0670 -0.0757  0.0135 -0.0118 -0.3500  0.0537  0.6802 -0.0533 -0.5268 -0.3020  0.0143 -0.0151 -0.0348 -0.0415 -0.0077  0.0138  0.0076 -0.0004  0.0195 -0.0365 -0.0640  0.0094 -0.0047  0.0018  0.0158 -0.0224 -0.0799  0.0009
    3   4.3572 THz   0.1738  0.0000 -0.0961 -0.0571  0.0540 -0.6057 -0.0438 -0.0942 -0.0060  0.1469 -0.0894  0.2872  0.0107  0.0851 -0.0386 -0.2982 -0.2462 -0.2884  0.0481  0.0240 -0.0361 -0.0587  0.1019 -0.3265 -0.0059 -0.0148 -0.0731 -0.0740  0.0023 -0.2955
    4   5.5979 THz   0.4149  0.0000  0.2917 -0.0191 -0.1289  0.0662 -0.0471 -0.0728 -0.0453 -0.1282  0.0525  0.0354  0.4043 -0.1269  0.2979 -0.2160 -0.0093  0.0872  0.2177 -0.0388  0.2549 -0.0607 -0.1010  0.2469  0.2671 -0.0915  0.1563 -0.0097  0.0420 -0.2720
    5   6.5504 THz  -0.6039  0.0000  0.2102 -0.0997 -0.1725  0.0912 -0.0222  0.0183  0.0666  0.0251 -0.0987  0.1158 -0.2418  0.2541  0.1572 -0.3871 -0.0283  0.1077 -0.1166 -0.0235  0.1981  0.0451 -0.0515  0.0743 -0.0295 -0.0037  0.1781  0.0355  0.0356 -0.3246
    6   7.3382 THz  -0.2400  0.0000 -0.0625 -0.0573 -0.0729 -0.0851  0.0086  0.0239  0.0401  0.0500 -0.0171  0.0267  0.2594  0.2342  0.3121  0.3186 -0.0786 -0.0107 -0.0152 -0.2467  0.0169 -0.4584 -0.0185 -0.1202  0.0357 -0.4946 -0.0123 -0.1820  0.0191  0.1539
    7   8.0263 THz   0.2789  0.0000  0.4460 -0.2756 -0.0755  0.1331 -0.0592 -0.0140 -0.0415 -0.0540 -0.0036  0.0548 -0.1600  0.1569  0.0709 -0.1819  0.0254  0.0912 -0.0867  0.0262  0.0667 -0.0261 -0.0378 -0.5181 -0.0965  0.0206  0.0650 -0.0180  0.0404  0.4649
    8   8.8870 THz   0.3899  0.0000 -0.3871  0.0302 -0.1708  0.2064  0.0061  0.0365  0.0005 -0.0223  0.0838 -0.0503 -0.3905  0.4483  0.1756 -0.1200  0.0475  0.1968  0.0874 -0.0898 -0.1970 -0.0254  0.2184  0.0646  0.0739 -0.1451 -0.0898  0.0279  0.0809 -0.1598
    9   9.9416 THz   0.2338  0.0000  0.4855  0.0855  0.0765 -0.0587 -0.0185 -0.0064 -0.0337  0.0171 -0.0472  0.0183 -0.2293  0.2079 -0.2416  0.2967  0.0074 -0.0909 -0.1138 -0.0217 -0.1461 -0.1744 -0.2257  0.2738 -0.3569 -0.1480 -0.0083 -0.0699  0.0213 -0.3040
   10  11.0599 THz   0.0596  0.0000 -0.0973 -0.0639 -0.2044  0.1302  0.0081  0.0274 -0.0019 -0.0253 -0.0445  0.0005  0.1111 -0.1836 -0.0926  0.3242  0.1260  0.1857 -0.1657 -0.0033  0.2165 -0.1731  0.3050 -0.3848 -0.2124  0.1972  0.1731  0.0358  0.2582 -0.4282
   11  12.7343 THz  -0.1459  0.0000  0.2919  0.0196 -0.0193  0.0693 -0.0253 -0.0157  0.0225  0.0056 -0.0696 -0.0214  0.1121  0.0150 -0.2001 -0.0238 -0.0804  0.0708  0.0600 -0.0699 -0.6341 -0.2098  0.1893 -0.0716  0.4761  0.1516  0.0619  0.1311  0.2164 -0.0581
   12  14.0816 THz  -0.0903  0.0000 -0.0621  0.0030  0.0037 -0.0071 -0.0058 -0.0064 -0.0072 -0.0071  0.0034  0.0014 -0.0208 -0.0134  0.0038  0.0029  0.0067 -0.0050  0.7022  0.1643 -0.1829 -0.0403  0.0053 -0.0592 -0.3679 -0.0835  0.5212  0.1036 -0.0243  0.0548
   13  18.3278 THz   0.1359  0.0000 -0.1655  0.0085 -0.0292 -0.3284  0.0139 -0.0080 -0.0216  0.0141  0.0518 -0.0046 -0.0193  0.0298  0.0351 -0.0392  0.1913  0.0352 -0.4688 -0.1412 -0.0985 -0.0819 -0.0902  0.1580  0.0753  0.0662  0.6552  0.1949 -0.0970  0.1549
   14  24.3663 THz  -0.0847  0.0000  0.1084 -0.0006 -0.1780 -0.4235 -0.0111 -0.0184  0.0179  0.0286 -0.0088  0.0063  0.0035  0.0100 -0.0098 -0.0240  0.7586  0.2764  0.1906  0.0399 -0.0359 -0.0125 -0.0052  0.0055  0.0234  0.0057 -0.2694 -0.0521 -0.0063  0.0194


 Q=  0.000000 -0.129723  0.000000, q=  0.000000 -0.500000  0.000000

                       Ti X   0        Ti Y   0        Ti Z   0        Pb X   1        Pb Y   1        Pb Z   1         O X   2         O Y   2         O Z   2         O X   3         O Y   3         O Z   3         O X   4         O Y   4         O Z   4     
                    --------------- --------------- --------------- --------------- --------------- --------------- --------------- --------------- --------------- --------------- --------------- --------------- --------------- --------------- ---------------
    0   1.6514 THz   0.0000  0.0000  0.0017  0.0060  0.0000 -0.0000 -0.9628  0.2671  0.0000  0.0000 -0.0373  0.0104 -0.0000  0.0000  0.0020  0.0073  0.0000 -0.0000  0.0000 -0.0000  0.0005  0.0018  0.0000 -0.0000  0.0011 -0.0003  0.0000  0.0000 -0.0026  0.0007
    1   2.0421 THz  -0.0000  0.0000 -0.1181  0.0052  0.0000  0.0000  0.0017  0.0400 -0.0000  0.0000 -0.0427 -0.9789 -0.0000  0.0000 -0.1416  0.0062  0.0000  0.0000 -0.0000  0.0000 -0.0257  0.0011  0.0000  0.0000  0.0001  0.0024 -0.0000  0.0000 -0.0026 -0.0601
    2   3.1577 THz   0.0246  0.0000  0.0000 -0.0000  0.1986 -0.0000  0.0000  0.0000  0.0000  0.9449  0.0000  0.0000  0.0131  0.0000  0.0000 -0.0000  0.1473 -0.0000  0.0058  0.0000 -0.0000 -0.0000  0.1956 -0.0000 -0.0000 -0.0000  0.0000  0.0832  0.0000  0.0000
    3   4.3704 THz   0.9091  0.0000  0.0000  0.0000  0.0155  0.0000  0.0000 -0.0000 -0.0000 -0.0363 -0.0000 -0.0000  0.3612  0.0000  0.0000  0.0000  0.0133  0.0000  0.2031 -0.0000  0.0000  0.0000  0.0060  0.0000  0.0000 -0.0000 -0.0000 -0.0030  0.0000 -0.0000
    4   5.3024 THz   0.0279  0.0000  0.0000  0.0000 -0.6456 -0.0000 -0.0000  0.0000 -0.0000  0.3153 -0.0000 -0.0000  0.0060  0.0000  0.0000  0.0000 -0.3792 -0.0000  0.0123 -0.0000  0.0000 -0.0000 -0.5822 -0.0000 -0.0000  0.0000  0.0000 -0.0097 -0.0000  0.0000
    5   7.5620 THz   0.0000  0.0000 -0.4846 -0.0349  0.0000  0.0000 -0.0002  0.0024 -0.0000  0.0000 -0.0125  0.1735 -0.0000 -0.0000 -0.8457 -0.0608  0.0000  0.0000 -0.0000 -0.0000  0.0009  0.0001 -0.0000  0.0000 -0.0004  0.0057 -0.0000  0.0000 -0.0087  0.1210
    6   8.6480 THz   0.0000  0.0000 -0.1782 -0.0127 -0.0000  0.0000 -0.0001  0.0007 -0.0000  0.0000 -0.0062  0.0873 -0.0000  0.0000 -0.0184 -0.0013 -0.0000  0.0000 -0.0000 -0.0000 -0.1420 -0.0101  0.0000 -0.0000 -0.0007  0.0102 -0.0000  0.0000  0.0687 -0.9669
    7   8.6766 THz  -0.3749  0.0000 -0.0000 -0.0000  0.0026  0.0000 -0.0000  0.0000 -0.0000 -0.0016 -0.0000  0.0000  0.9264  0.0000 -0.0000 -0.0000  0.0074  0.0000  0.0301 -0.0000 -0.0000  0.0000 -0.0165 -0.0000  0.0000  0.0000 -0.0000  0.0012  0.0000 -0.0000
    8   9.5503 THz   0.0000  0.0000  0.5163  0.0922  0.0000 -0.0000  0.0001 -0.0008  0.0000  0.0000  0.0039 -0.0221 -0.0000 -0.0000 -0.3283 -0.0586  0.0000 -0.0000  0.0000  0.0000  0.7444  0.1329 -0.0000  0.0000  0.0016 -0.0087  0.0000  0.0000  0.0358 -0.2003
    9  10.4964 THz   0.0009  0.0000  0.0000 -0.0000  0.5213  0.0000  0.0000 -0.0000  0.0000 -0.0099 -0.0000 -0.0000 -0.0173 -0.0000  0.0000  0.0000  0.2962  0.0000 -0.0085 -0.0000 -0.0000 -0.0000 -0.7796 -0.0000 -0.0000  0.0000 -0.0000  0.1795 -0.0000  0.0000
   10  11.0535 THz  -0.0000  0.0000 -0.0103  0.0000  0.0000 -0.0000 -0.0000 -0.0011 -0.0000  0.0000 -0.0000 -0.0003  0.0000  0.0000 -0.0020  0.0000  0.0000 -0.0000 -0.0000 -0.0000 -0.0075  0.0000 -0.0000  0.0000 -0.0004 -0.9999  0.0000 -0.0000 -0.0000 -0.0076
   11  13.7286 THz   0.1776  0.0000 -0.0000 -0.0000 -0.0102 -0.0000 -0.0000 -0.0000 -0.0000  0.0021 -0.0000 -0.0000  0.1037  0.0000  0.0000  0.0000  0.0003 -0.0000 -0.9786  0.0000  0.0000  0.0000  0.0012 -0.0000  0.0000 -0.0000  0.0000 -0.0027  0.0000  0.0000
   12  14.3570 THz  -0.0000  0.0000 -0.6655  0.0028  0.0000 -0.0000 -0.0000 -0.0003 -0.0000 -0.0000  0.0000  0.0063  0.0000  0.0000  0.3865 -0.0016  0.0000  0.0000  0.0000 -0.0000  0.6382 -0.0027 -0.0000 -0.0000  0.0000  0.0011  0.0000  0.0000  0.0001  0.0222
   13  18.7548 THz   0.0004  0.0000  0.0000 -0.0000 -0.3109 -0.0000 -0.0000  0.0000  0.0000 -0.0791  0.0000  0.0000 -0.0006 -0.0000 -0.0000 -0.0000  0.2782  0.0000  0.0008  0.0000 -0.0000 -0.0000  0.1058  0.0000  0.0000 -0.0000 -0.0000  0.8992  0.0000  0.0000
   14  22.3579 THz  -0.0034  0.0000 -0.0000 -0.0000 -0.4183  0.0000  0.0000  0.0000  0.0000  0.0071  0.0000  0.0000 -0.0074  0.0000  0.0000  0.0000  0.8180 -0.0000  0.0043 -0.0000 -0.0000  0.0000 -0.0588  0.0000  0.0000  0.0000 -0.0000 -0.3902 -0.0000  0.0000


 Q=  0.000000  0.000000  0.000000, q=  0.000000  0.000000  0.000000

                       Ti X   0        Ti Y   0        Ti Z   0        Pb X   1        Pb Y   1        Pb Z   1         O X   2         O Y   2         O Z   2         O X   3         O Y   3         O Z   3         O X   4         O Y   4         O Z   4     
                    --------------- --------------- --------------- --------------- --------------- --------------- --------------- --------------- --------------- --------------- --------------- --------------- --------------- --------------- ---------------
    0   0.0000 THz   0.2131  0.0000  0.3346  0.0000 -0.0248  0.0000  0.4433  0.0000  0.6961  0.0000 -0.0515  0.0000  0.1232  0.0000  0.1934  0.0000 -0.0143  0.0000  0.1232  0.0000  0.1934  0.0000 -0.0143  0.0000  0.1232  0.0000  0.1934  0.0000 -0.0143  0.0000
    1  -0.0000 THz   0.3309  0.0000 -0.2048  0.0000  0.0807  0.0000  0.6884  0.0000 -0.4260  0.0000  0.1680  0.0000  0.1913  0.0000 -0.1184  0.0000  0.0467  0.0000  0.1913  0.0000 -0.1184  0.0000  0.0467  0.0000  0.1913  0.0000 -0.1184  0.0000  0.0467  0.0000
    2   0.0000 THz  -0.0552  0.0000  0.0639  0.0000  0.3883  0.0000 -0.1149  0.0000  0.1330  0.0000  0.8080  0.0000 -0.0319  0.0000  0.0369  0.0000  0.2245  0.0000 -0.0319  0.0000  0.0369  0.0000  0.2245  0.0000 -0.0319  0.0000  0.0369  0.0000  0.2245  0.0000
    3   2.8500 THz   0.5573  0.0000 -0.0000  0.0000  0.0066  0.0000 -0.5601  0.0000  0.0000  0.0000 -0.0080  0.0000  0.4167  0.0000 -0.0000  0.0000  0.0066  0.0000  0.3057  0.0000 -0.0000  0.0000  0.0048  0.0000  0.3293  0.0000 -0.0000  0.0000  0.0060  0.0000
    4   2.9596 THz   0.0000  0.0000  0.5535  0.0000  0.0000  0.0000 -0.0000  0.0000 -0.5590  0.0000 -0.0000  0.0000  0.0000  0.0000  0.4351  0.0000  0.0000  0.0000  0.0000  0.0000  0.3190  0.0000  0.0000  0.0000  0.0000  0.0000  0.3001  0.0000 -0.0000  0.0000
    5   4.9229 THz   0.0142  0.0000 -0.0000  0.0000 -0.5482  0.0000 -0.0085  0.0000 -0.0000  0.0000  0.5610  0.0000 -0.0022  0.0000  0.0000  0.0000 -0.3949  0.0000  0.0045  0.0000  0.0000  0.0000 -0.3399  0.0000  0.0038  0.0000  0.0000  0.0000 -0.3361  0.0000
    6   7.2776 THz   0.6812  0.0000 -0.0000  0.0000  0.0012  0.0000 -0.0112  0.0000 -0.0000  0.0000 -0.0037  0.0000 -0.2076  0.0000  0.0000  0.0000 -0.0030  0.0000 -0.2922  0.0000  0.0000  0.0000  0.0106  0.0000 -0.6381  0.0000  0.0000  0.0000  0.0038  0.0000
    7   7.3530 THz  -0.0000  0.0000 -0.6831  0.0000 -0.0000  0.0000  0.0000  0.0000  0.0109  0.0000 -0.0000  0.0000  0.0000  0.0000  0.2182  0.0000 -0.0000  0.0000  0.0000  0.0000  0.6335  0.0000 -0.0000  0.0000  0.0000  0.0000  0.2905  0.0000  0.0000  0.0000
    8   8.0254 THz  -0.0048  0.0000  0.0000  0.0000  0.0041  0.0000 -0.0000  0.0000  0.0000  0.0000  0.0016  0.0000  0.0093  0.0000 -0.0000  0.0000  0.0041  0.0000 -0.0002  0.0000  0.0000  0.0000  0.6985  0.0000 -0.0007  0.0000  0.0000  0.0000 -0.7155  0.0000
    9   8.3109 THz  -0.0000  0.0000 -0.2242  0.0000 -0.0000  0.0000  0.0000  0.0000  0.0598  0.0000 -0.0000  0.0000  0.0000  0.0000  0.8418  0.0000 -0.0000  0.0000 -0.0000  0.0000 -0.4169  0.0000  0.0000  0.0000 -0.0000  0.0000 -0.2523  0.0000 -0.0000  0.0000
   10   8.4594 THz   0.2192  0.0000 -0.0000  0.0000  0.0098  0.0000 -0.0476  0.0000  0.0000  0.0000 -0.0045  0.0000 -0.8538  0.0000  0.0000  0.0000  0.0049  0.0000  0.2456  0.0000 -0.0000  0.0000  0.0038  0.0000  0.4002  0.0000 -0.0000  0.0000 -0.0093  0.0000
   11  11.9413 THz   0.0064  0.0000 -0.0000  0.0000  0.5584  0.0000 -0.0001  0.0000 -0.0000  0.0000 -0.0053  0.0000  0.0075  0.0000  0.0000  0.0000  0.1935  0.0000 -0.0181  0.0000  0.0000  0.0000 -0.5792  0.0000 -0.0001  0.0000 -0.0000  0.0000 -0.5610  0.0000
   12  15.2557 THz   0.1384 -0.0000  0.0000 -0.0000 -0.0124 -0.0000  0.0123 -0.0000  0.0000 -0.0000  0.0003 -0.0000  0.0368 -0.0000  0.0000 -0.0000  0.0028 -0.0000 -0.8412 -0.0000  0.0000 -0.0000  0.0092 -0.0000  0.5209 -0.0000 -0.0000 -0.0000  0.0082 -0.0000
   13  15.2623 THz   0.0000  0.0000 -0.1372  0.0000 -0.0000  0.0000  0.0000  0.0000 -0.0123  0.0000  0.0000  0.0000  0.0000  0.0000 -0.0408  0.0000 -0.0000  0.0000 -0.0000  0.0000 -0.5199  0.0000 -0.0000  0.0000  0.0000  0.0000  0.8421  0.0000  0.0000  0.0000
   14  22.3107 THz  -0.0015  0.0000 -0.0000  0.0000  0.4790  0.0000 -0.0006  0.0000  0.0000  0.0000 -0.0376  0.0000  0.0019  0.0000  0.0000  0.0000 -0.8682  0.0000 -0.0040  0.0000  0.0000  0.0000  0.0897  0.0000  0.0070  0.0000 -0.0000  0.0000  0.0853  0.0000


 Q=  0.043241 -0.064862  0.071500, q=  0.166667 -0.250000  0.333333

                       Ti X   0        Ti Y   0        Ti Z   0        Pb X   1        Pb Y   1        Pb Z   1         O X   2         O Y   2         O Z   2         O X   3         O Y   3         O Z   3         O X   4         O Y   4         O Z   4     
                    --------------- --------------- --------------- --------------- --------------- --------------- --------------- --------------- --------------- --------------- --------------- --------------- --------------- --------------- ---------------
    0   1.6897 THz  -0.0446  0.0000  0.0040 -0.1211  0.1777 -0.0734 -0.8049 -0.0988  0.0576 -0.0873  0.3603 -0.3241 -0.0071  0.0048  0.0766 -0.0666  0.0947  0.0373 -0.0274 -0.0180  0.0047 -0.0175  0.0925 -0.0342 -0.0065 -0.0192  0.0150 -0.0125  0.0985 -0.0261
    1   1.8533 THz  -0.1309  0.0000 -0.0222  0.0673  0.0215  0.1808 -0.2362  0.3654 -0.1591  0.6628  0.2232  0.4503 -0.0455 -0.0716  0.0028  0.0059 -0.0618  0.0742 -0.0288 -0.0035 -0.0226  0.0126 -0.0002  0.0928 -0.0261 -0.0001 -0.0308  0.0286 -0.0053  0.0951
    2   2.3672 THz   0.1145  0.0000 -0.0670  0.0757  0.0135  0.0118 -0.3500 -0.0537  0.6802  0.0533 -0.5268  0.3020  0.0143  0.0151 -0.0348  0.0415 -0.0077 -0.0138  0.0076  0.0004  0.0195  0.0365 -0.0640 -0.0094 -0.0047 -0.0018  0.0158  0.0224 -0.0799 -0.0009
    3   4.3572 THz   0.1738  0.0000 -0.0961  0.0571  0.0540  0.6057 -0.0438  0.0942 -0.0060 -0.1469 -0.0894 -0.2872  0.0107 -0.0851 -0.0386  0.2982 -0.2462  0.2884  0.0481 -0.0240 -0.0361  0.0587  0.1019  0.3265 -0.0059  0.0148 -0.0731  0.0740  0.0023  0.2955
    4   5.5979 THz   0.4149  0.0000  0.2917  0.0191 -0.1289 -0.0662 -0.0471  0.0728 -0.0453  0.1282  0.0525 -0.0354  0.4043  0.1269  0.2979  0.2160 -0.0093 -0.0872  0.2177  0.0388  0.2549  0.0607 -0.1010 -0.2469  0.2671  0.0915  0.1563  0.0097  0.0420  0.2720
    5   6.5504 THz  -0.6039  0.0000  0.2102  0.0997 -0.1725 -0.0912 -0.0222 -0.0183  0.0666 -0.0251 -0.0987 -0.1158 -0.2418 -0.2541  0.1572  0.3871 -0.0283 -0.1077 -0.1166  0.0235  0.1981 -0.0451 -0.0515 -0.0743 -0.0295  0.0037  0.1781 -0.0355  0.0356  0.3246
    6   7.3382 THz  -0.2400  0.0000 -0.0625  0.0573 -0.0729  0.0851  0.0086 -0.0239  0.0401 -0.0500 -0.0171 -0.0267  0.2594 -0.2342  0.3121 -0.3186 -0.0786  0.0107 -0.0152  0.2467  0.0169  0.4584 -0.0185  0.1202  0.0357  0.4946 -0.0123  0.1820  0.0191 -0.1539
    7   8.0263 THz   0.2789  0.0000  0.4460  0.2756 -0.0755 -0.1331 -0.0592  0.0140 -0.0415  0.0540 -0.0036 -0.0548 -0.1600 -0.1569  0.0709  0.1819  0.0254 -0.0912 -0.0867 -0.0262  0.0667  0.0261 -0.0378  0.5181 -0.0965 -0.0206  0.0650  0.0180  0.0404 -0.4649
    8   8.8870 THz   0.3899  0.0000 -0.3871 -0.0302 -0.1708 -0.2064  0.0061 -0.0365  0.0005  0.0223  0.0838  0.0503 -0.3905 -0.4483  0.1756  0.1200  0.0475 -0.1968  0.0874  0.0898 -0.1970  0.0254  0.2184 -0.0646  0.0739  0.1451 -0.0898 -0.0279  0.0809  0.1598
    9   9.9416 THz   0.2338  0.0000  0.4855 -0.0855  0.0765  0.0587 -0.0185  0.0064 -0.0337 -0.0171 -0.0472 -0.0183 -0.2293 -0.2079 -0.2416 -0.2967  0.0074  0.0909 -0.1138  0.0217 -0.1461  0.1744 -0.2257 -0.2738 -0.3569  0.1480 -0.0083  0.0699  0.0213  0.3040
   10  11.0599 THz   0.0596  0.0000 -0.0973  0.0639 -0.2044 -0.1302  0.0081 -0.0274 -0.0019  0.0253 -0.0445 -0.0005  0.1111  0.1836 -0.0926 -0.3242  0.1260 -0.1857 -0.1657  0.0033  0.2165  0.1731  0.3050  0.3848 -0.2124 -0.1972  0.1731 -0.0358  0.2582  0.4282
   11  12.7343 THz  -0.1459  0.0000  0.2919 -0.0196 -0.0193 -0.0693 -0.0253  0.0157  0.0225 -0.0056 -0.0696  0.0214  0.1121 -0.0150 -0.2001  0.0238 -0.0804 -0.0708  0.0600  0.0699 -0.6341  0.2098  0.1893  0.0716  0.4761 -0.1516  0.0619 -0.1311  0.2164  0.0581
   12  14.0816 THz  -0.0903  0.0000 -0.0621 -0.0030  0.0037  0.0071 -0.0058  0.0064 -0.0072  0.0071  0.0034 -0.0014 -0.0208  0.0134  0.0038 -0.0029  0.0067  0.0050  0.7022 -0.1643 -0.1829  0.0403  0.0053  0.0592 -0.3679  0.0835  0.5212 -0.1036 -0.0243 -0.0548
   13  18.3278 THz   0.1359  0.0000 -0.1655 -0.0085 -0.0292  0.3284  0.0139  0.0080 -0.0216 -0.0141  0.0518  0.0046 -0.0193 -0.0298  0.0351  0.0392  0.1913 -0.0352 -0.4688  0.1412 -0.0985  0.0819 -0.0902 -0.1580  0.0753 -0.0662  0.6552 -0.1949 -0.0970 -0.1549
   14  24.3663 THz  -0.0847  0.0000  0.1084  0.0006 -0.1780  0.4235 -0.0111  0.0184  0.0179 -0.0286 -0.0088 -0.0063  0.0035 -0.0100 -0.0098  0.0240  0.7586 -0.2764  0.1906 -0.0399 -0.0359  0.0125 -0.0052 -0.0055  0.0234 -0.0057 -0.2694  0.0521 -0.0063 -0.0194


 Q=  0.043241  0.064862  0.071500, q=  0.166667  0.250000  0.333333

                       Ti X   0        Ti Y   0        Ti Z   0        Pb X   1        Pb Y   1        Pb Z   1         O X   2         O Y   2         O Z   2         O X   3         O Y   3         O Z   3         O X   4         O Y   4         O Z   4     
                    --------------- --------------- --------------- --------------- --------------- --------------- --------------- --------------- --------------- --------------- --------------- --------------- --------------- --------------- ---------------
    0   1.6897 THz  -0.0446  0.0000 -0.0040  0.1211  0.1777 -0.0734 -0.8049 -0.0988 -0.0576  0.0873  0.3603 -0.3241 -0.0071  0.0048 -0.0766  0.0666  0.0947  0.0373 -0.0274 -0.0180 -0.0047  0.0175  0.0925 -0.0342 -0.0065 -0.0192 -0.0150  0.0125  0.0985 -0.0261
    1   1.8533 THz   0.1309  0.0000 -0.0222  0.0673 -0.0215 -0.1808  0.2362 -0.3654 -0.1591  0.6628 -0.2232 -0.4503  0.0455  0.0716  0.0028  0.0059  0.0618 -0.0742  0.0288  0.0035 -0.0226  0.0126  0.0002 -0.0928  0.0261  0.0001 -0.0308  0.0286  0.0053 -0.0951
    2   2.3672 THz   0.1145  0.0000  0.0670 -0.0757  0.0135  0.0118 -0.3500 -0.0537 -0.6802 -0.0533 -0.5268  0.3020  0.0143  0.0151  0.0348 -0.0415 -0.0077 -0.0138  0.0076  0.0004 -0.0195 -0.0365 -0.0640 -0.0094 -0.0047 -0.0018 -0.0158 -0.0224 -0.0799 -0.0009
    3   4.3572 THz  -0.1738  0.0000 -0.0961  0.0571 -0.0540 -0.6057  0.0438 -0.0942 -0.0060 -0.1469  0.0894  0.2872 -0.0107  0.0851 -0.0386  0.2982  0.2462 -0.2884 -0.0481  0.0240 -0.0361  0.0587 -0.1019 -0.3265  0.0059 -0.0148 -0.0731  0.0740 -0.0023 -0.2955
    4   5.5979 THz   0.4149  0.0000 -0.2917 -0.0191 -0.1289 -0.0662 -0.0471  0.0728  0.0453 -0.1282  0.0525 -0.0354  0.4043  0.1269 -0.2979 -0.2160 -0.0093 -0.0872  0.2177  0.0388 -0.2549 -0.0607 -0.1010 -0.2469  0.2671  0.0915 -0.1563 -0.0097  0.0420  0.2720
    5   6.5504 THz   0.6039  0.0000  0.2102  0.0997  0.1725  0.0912  0.0222  0.0183  0.0666 -0.0251  0.0987  0.1158  0.2418  0.2541  0.1572  0.3871  0.0283  0.1077  0.1166 -0.0235  0.1981 -0.0451  0.0515  0.0743  0.0295 -0.0037  0.1781 -0.0355 -0.0356 -0.3246
    6   7.3382 THz  -0.2400  0.0000  0.0625 -0.0573 -0.0729  0.0851  0.0086 -0.0239 -0.0401  0.0500 -0.0171 -0.0267  0.2594 -0.2342 -0.3121  0.3186 -0.0786  0.0107 -0.0152  0.2467 -0.0169 -0.4584 -0.0185  0.1202  0.0357  0.4946  0.0123 -0.1820  0.0191 -0.1539
    7   8.0263 THz   0.2789  0.0000 -0.4460 -0.2756 -0.0755 -0.1331 -0.0592  0.0140  0.0415 -0.0540 -0.0036 -0.0548 -0.1600 -0.1569 -0.0709 -0.1819  0.0254 -0.0912 -0.0867 -0.0262 -0.0667 -0.0261 -0.0378  0.5181 -0.0965 -0.0206 -0.0650 -0.0180  0.0404 -0.4649
    8   8.8870 THz  -0.3899  0.0000 -0.3871 -0.0302  0.1708  0.2064 -0.0061  0.0365  0.0005  0.0223 -0.0838 -0.0503  0.3905  0.4483  0.1756  0.1200 -0.0475  0.1968 -0.0874 -0.0898 -0.1970  0.0254 -0.2184  0.0646 -0.0739 -0.1451 -0.0898 -0.0279 -0.0809 -0.1598
    9   9.9416 THz   0.2338  0.0000 -0.4855  0.0855  0.0765  0.0587 -0.0185  0.0064  0.0337  0.0171 -0.0472 -0.0183 -0.2293 -0.2079  0.2416  0.2967  0.0074  0.0909 -0.1138  0.0217  0.1461 -0.1744 -0.2257 -0.2738 -0.3569  0.1480  0.0083 -0.0699  0.0213  0.3040
   10  11.0599 THz   0.0596  0.0000  0.0973 -0.0639 -0.2044 -0.1302  0.0081 -0.0274  0.0019 -0.0253 -0.0445 -0.0005  0.1111  0.1836  0.0926  0.3242  0.1260 -0.1857 -0.1657  0.0033 -0.2165 -0.1731  0.3050  0.3848 -0.2124 -0.1972 -0.1731  0.0358  0.2582  0.4282
   11  12.7343 THz  -0.1459  0.0000 -0.2919  0.0196 -0.0193 -0.0693 -0.0253  0.0157 -0.0225  0.0056 -0.0696  0.0214  0.1121 -0.0150  0.2001 -0.0238 -0.0804 -0.0708  0.0600  0.0699  0.6341 -0.2098  0.1893  0.0716  0.4761 -0.1516 -0.0619  0.1311  0.2164  0.0581
   12  14.0816 THz  -0.0903  0.0000  0.0621  0.0030  0.0037  0.0071 -0.0058  0.0064  0.0072 -0.0071  0.0034 -0.0014 -0.0208  0.0134 -0.0038  0.0029  0.0067  0.0050  0.7022 -0.1643  0.1829 -0.0403  0.0053  0.0592 -0.3679  0.0835 -0.5212  0.1036 -0.0243 -0.0548
   13  18.3278 THz   0.1359  0.0000  0.1655  0.0085 -0.0292  0.3284  0.0139  0.0080  0.0216  0.0141  0.0518  0.0046 -0.0193 -0.0298 -0.0351 -0.0392  0.1913 -0.0352 -0.4688  0.1412  0.0985 -0.0819 -0.0902 -0.1580  0.0753 -0.0662 -0.6552  0.1949 -0.0970 -0.1549
   14  24.3663 THz   0.0847  0.0000  0.1084  0.0006  0.1780 -0.4235  0.0111 -0.0184  0.0179 -0.0286  0.0088  0.0063 -0.0035  0.0100 -0.0098  0.0240 -0.7586  0.2764 -0.1906  0.0399 -0.0359  0.0125  0.0052  0.0055 -0.0234  0.0057 -0.2694  0.0521  0.0063  0.0194


 Q=  0.086482 -0.129723 -0.071500, q=  0.333333 -0.500000 -0.333333

                       Ti X   0        Ti Y   0        Ti Z   0        Pb X   1        Pb Y   1        Pb Z   1         O X   2         O Y   2         O Z   2         O X   3         O Y   3         O Z   3         O X   4         O Y   4         O Z   4     
                    --------------- --------------- --------------- --------------- --------------- --------------- --------------- --------------- --------------- --------------- --------------- --------------- --------------- --------------- ---------------
    0   2.0401 THz  -0.0000  0.0000 -0.0733  0.1174 -0.0000  0.0000 -0.9785  0.0279 -0.0000 -0.0000 -0.0635 -0.0343 -0.0000  0.0000  0.1048  0.0727 -0.0000  0.0000 -0.0000  0.0000 -0.0015  0.0126 -0.0000 -0.0000  0.0076  0.0114 -0.0000 -0.0000 -0.0232  0.0142
    1   2.3324 THz  -0.1633  0.0000 -0.0000 -0.0000  0.0511  0.0776  0.0000  0.0000 -0.6258 -0.7455  0.0000 -0.0000  0.0025  0.1223 -0.0000 -0.0000  0.0334  0.0133 -0.0094  0.0041 -0.0000 -0.0000  0.0251  0.0010 -0.0000  0.0000 -0.0177 -0.0035  0.0000 -0.0000
    2   2.3529 THz   0.0000  0.0000 -0.0681  0.0076 -0.0000 -0.0000 -0.0424  0.0713  0.0000  0.0000  0.8662 -0.4764 -0.0000 -0.0000 -0.0556 -0.0398 -0.0000 -0.0000  0.0000 -0.0000 -0.0235 -0.0177 -0.0000  0.0000 -0.0113  0.0108  0.0000  0.0000  0.0437 -0.0594
    3   5.2600 THz  -0.0501  0.0000  0.0000  0.0000 -0.5923 -0.2244  0.0000 -0.0000 -0.1163 -0.0271  0.0000  0.0000 -0.2171 -0.2491  0.0000  0.0000 -0.3604  0.1989 -0.0461  0.0282  0.0000  0.0000 -0.5034 -0.1808  0.0000  0.0000  0.0633 -0.1016 -0.0000 -0.0000
    4   5.5226 THz   0.0000  0.0000  0.1290  0.1173  0.0000  0.0000  0.1045 -0.0490  0.0000 -0.0000  0.1042 -0.0198  0.0000  0.0000  0.6898  0.2033  0.0000 -0.0000  0.0000 -0.0000  0.1508  0.1178  0.0000  0.0000  0.1929  0.0707 -0.0000  0.0000 -0.5855  0.0795
    5   6.5079 THz  -0.0000  0.0000 -0.1038 -0.0212  0.0000 -0.0000  0.0250  0.0130  0.0000  0.0000 -0.0093  0.0012  0.0000  0.0000  0.2369  0.0228 -0.0000 -0.0000 -0.0000  0.0000 -0.5770 -0.3474  0.0000  0.0000 -0.5555 -0.3637 -0.0000  0.0000 -0.1886 -0.0355
    6   6.6447 THz   0.2801  0.0000  0.0000  0.0000 -0.0744  0.4143 -0.0000 -0.0000 -0.0164 -0.0829  0.0000 -0.0000  0.5080 -0.5287 -0.0000 -0.0000  0.1983  0.2119  0.1286  0.0092 -0.0000 -0.0000 -0.0390 -0.2975 -0.0000 -0.0000 -0.0837 -0.0424  0.0000 -0.0000
    7   8.9289 THz   0.4146  0.0000  0.0000 -0.0000  0.0159 -0.2732 -0.0000 -0.0000 -0.0527 -0.1208 -0.0000 -0.0000  0.3051 -0.2208  0.0000 -0.0000 -0.1618 -0.1326 -0.1125 -0.0307 -0.0000  0.0000 -0.1276  0.7213 -0.0000  0.0000  0.0006 -0.0056  0.0000 -0.0000
    8   9.2363 THz   0.0000  0.0000 -0.3545 -0.0164  0.0000 -0.0000  0.0247  0.0989 -0.0000 -0.0000  0.0262  0.0181  0.0000 -0.0000 -0.4048  0.3426 -0.0000 -0.0000 -0.0000 -0.0000 -0.0200 -0.0978 -0.0000  0.0000  0.0512  0.0298  0.0000  0.0000 -0.3531  0.6658
    9  10.6013 THz   0.8366  0.0000  0.0000  0.0000 -0.0106 -0.0176  0.0000 -0.0000 -0.0954 -0.0602  0.0000  0.0000 -0.3318  0.2901  0.0000 -0.0000 -0.0231 -0.0148  0.1544  0.0550 -0.0000  0.0000  0.0460 -0.2485  0.0000  0.0000 -0.0337  0.0028  0.0000 -0.0000
   10  11.6976 THz  -0.0000  0.0000  0.8096 -0.3250 -0.0000  0.0000 -0.0928 -0.0237 -0.0000  0.0000  0.0526 -0.0445 -0.0000  0.0000 -0.1354  0.3078 -0.0000  0.0000 -0.0000  0.0000  0.0198 -0.0762 -0.0000 -0.0000 -0.2411  0.0980 -0.0000  0.0000  0.0054  0.1948
   11  12.2309 THz  -0.0629  0.0000  0.0000  0.0000  0.0043 -0.0065 -0.0000 -0.0000 -0.0040 -0.0148  0.0000  0.0000  0.0115 -0.0422 -0.0000  0.0000 -0.0045 -0.0074  0.6867  0.2527  0.0000 -0.0000 -0.0385  0.1230 -0.0000  0.0000  0.6241  0.2284 -0.0000  0.0000
   12  14.0975 THz  -0.0000  0.0000  0.2177 -0.0122 -0.0000 -0.0000 -0.0261 -0.0211 -0.0000 -0.0000  0.0126  0.0187  0.0000  0.0000 -0.0954 -0.0434 -0.0000  0.0000  0.0000  0.0000 -0.7010  0.0341 -0.0000  0.0000  0.6659 -0.0435  0.0000  0.0000 -0.0436 -0.0054
   13  19.7474 THz  -0.1041  0.0000 -0.0000 -0.0000 -0.0895 -0.4084  0.0000  0.0000  0.0116 -0.0126  0.0000 -0.0000  0.0008 -0.0073  0.0000  0.0000  0.3129  0.0891  0.5416  0.0986  0.0000 -0.0000 -0.0160  0.0753 -0.0000 -0.0000 -0.6214 -0.1146  0.0000  0.0000
   14  23.6724 THz   0.0755  0.0000  0.0000 -0.0000 -0.0961 -0.3918  0.0000  0.0000 -0.0100 -0.0220 -0.0000  0.0000 -0.0109  0.0132 -0.0000  0.0000  0.6692  0.3832 -0.3021 -0.1004  0.0000 -0.0000  0.0025 -0.0153 -0.0000  0.0000  0.3484  0.1144 -0.0000 -0.0000


 Q=  0.086482  0.000000 -0.071500, q=  0.333333  0.000000 -0.333333

                       Ti X   0        Ti Y   0        Ti Z   0        Pb X   1        Pb Y   1        Pb Z   1         O X   2         O Y   2         O Z   2         O X   3         O Y   3         O Z   3         O X   4         O Y   4         O Z   4     
                    --------------- --------------- --------------- --------------- --------------- --------------- --------------- --------------- --------------- --------------- --------------- --------------- --------------- --------------- ---------------
    0   1.7161 THz   0.0000  0.0000 -0.0601  0.0390  0.0000 -0.0000  0.0000 -0.0000 -0.9719 -0.2187  0.0000 -0.0000  0.0000 -0.0000  0.0087  0.0320  0.0000 -0.0000  0.0000 -0.0000 -0.0159  0.0174  0.0000 -0.0000  0.0000 -0.0000 -0.0242  0.0129  0.0000 -0.0000
    1   1.8613 THz   0.1245  0.0000  0.0000 -0.0000  0.2563 -0.1028  0.4150 -0.2481  0.0000  0.0000  0.7587 -0.1482  0.0998 -0.0118 -0.0000 -0.0000  0.0551 -0.1364  0.0199 -0.0401  0.0000 -0.0000  0.1154 -0.0922  0.0157 -0.0047  0.0000 -0.0000  0.1341 -0.0558
    2   2.5285 THz   0.0996  0.0000 -0.0000 -0.0000 -0.1182  0.0737 -0.3660  0.7246  0.0000 -0.0000  0.4125 -0.3505  0.0368  0.0005 -0.0000 -0.0000 -0.0326  0.0545 -0.0036  0.0575  0.0000 -0.0000  0.0099 -0.0490  0.0129  0.0522  0.0000 -0.0000 -0.0562 -0.0369
    3   4.3421 THz  -0.0949  0.0000  0.0000 -0.0000 -0.3050 -0.4931  0.2402  0.1761 -0.0000 -0.0000  0.0808  0.2548 -0.2562 -0.2044  0.0000 -0.0000 -0.3727 -0.0708 -0.0775 -0.0093  0.0000 -0.0000 -0.1923 -0.1892 -0.0233 -0.0374  0.0000 -0.0000 -0.1554 -0.3718
    4   4.6765 THz  -0.0000  0.0000 -0.8696  0.2733 -0.0000 -0.0000 -0.0000  0.0000  0.0685  0.0448 -0.0000  0.0000 -0.0000 -0.0000 -0.2137  0.2769 -0.0000 -0.0000 -0.0000 -0.0000 -0.0530  0.0323 -0.0000 -0.0000 -0.0000 -0.0000 -0.1854  0.0426 -0.0000 -0.0000
    5   6.0518 THz   0.2435  0.0000 -0.0000  0.0000 -0.2687  0.0985  0.0383 -0.0891  0.0000  0.0000 -0.0414  0.1014  0.3965 -0.4880  0.0000  0.0000 -0.0448  0.1735  0.1005  0.0888 -0.0000  0.0000  0.3073 -0.4291  0.1511  0.1325 -0.0000  0.0000 -0.2046  0.1765
    6   8.2026 THz  -0.0000  0.0000 -0.3248 -0.0219 -0.0000 -0.0000  0.0000 -0.0000  0.0123 -0.0043  0.0000 -0.0000  0.0000 -0.0000  0.8278 -0.3667 -0.0000 -0.0000 -0.0000 -0.0000 -0.0608 -0.2084  0.0000 -0.0000 -0.0000 -0.0000 -0.0614 -0.1523 -0.0000  0.0000
    7   8.6152 THz   0.6390  0.0000 -0.0000  0.0000 -0.0510  0.0191 -0.0110 -0.0382 -0.0000 -0.0000 -0.0773  0.0520  0.0038  0.0395  0.0000 -0.0000  0.0105  0.0248  0.1949  0.0345 -0.0000 -0.0000 -0.2014  0.2837  0.5049  0.0709 -0.0000 -0.0000  0.1370 -0.3703
    8   9.6395 THz   0.3093  0.0000 -0.0000 -0.0000  0.0520 -0.3317 -0.0189  0.0568 -0.0000  0.0000 -0.0465  0.0342 -0.0845  0.4342 -0.0000 -0.0000 -0.1350 -0.1931 -0.0479 -0.0815 -0.0000  0.0000 -0.0475 -0.2692  0.2480 -0.1451 -0.0000  0.0000 -0.1701  0.5817
    9  10.1507 THz  -0.0000  0.0000  0.1339 -0.1199 -0.0000  0.0000 -0.0000 -0.0000  0.0190  0.0168  0.0000 -0.0000  0.0000 -0.0000  0.1297  0.1945  0.0000  0.0000 -0.0000  0.0000 -0.8495  0.2504 -0.0000  0.0000 -0.0000  0.0000 -0.3424  0.1039  0.0000 -0.0000
   10  11.0936 THz  -0.2538  0.0000  0.0000  0.0000 -0.2129 -0.0284  0.0168 -0.0118 -0.0000  0.0000 -0.0093 -0.0621 -0.3536  0.1825 -0.0000 -0.0000 -0.0193  0.1885  0.0822  0.1639  0.0000 -0.0000  0.5463 -0.1414  0.4023 -0.0914 -0.0000 -0.0000  0.4070 -0.0535
   11  12.8238 THz  -0.5484  0.0000 -0.0000 -0.0000  0.0005 -0.0139 -0.0144  0.0014 -0.0000 -0.0000  0.0884  0.0128  0.3516  0.0265 -0.0000  0.0000  0.0867 -0.0601 -0.0707 -0.1581 -0.0000 -0.0000 -0.2839  0.0237  0.6357  0.1419  0.0000  0.0000 -0.1415  0.0036
   12  14.2710 THz   0.0000  0.0000 -0.1502 -0.0560  0.0000  0.0000  0.0000 -0.0000 -0.0040 -0.0040 -0.0000 -0.0000 -0.0000  0.0000 -0.0138 -0.0437  0.0000 -0.0000 -0.0000 -0.0000 -0.3329 -0.2308  0.0000 -0.0000  0.0000  0.0000  0.7418  0.5078 -0.0000 -0.0000
   13  17.9350 THz   0.1643  0.0000  0.0000 -0.0000 -0.0306  0.3289  0.0323 -0.0134 -0.0000 -0.0000 -0.0442 -0.0018 -0.0562  0.0357 -0.0000  0.0000 -0.1593 -0.0605 -0.7912 -0.3607  0.0000  0.0000  0.1160 -0.1225  0.0803  0.0951 -0.0000 -0.0000  0.0928 -0.1362
   14  24.0565 THz   0.1004  0.0000  0.0000  0.0000 -0.1583 -0.4359  0.0218  0.0395  0.0000 -0.0000 -0.0069  0.0058 -0.0098 -0.0371 -0.0000  0.0000  0.7541  0.3119 -0.3152 -0.0583 -0.0000  0.0000 -0.0110  0.0207 -0.0403 -0.0185 -0.0000 -0.0000 -0.0057 -0.0016
