6.768442 0.000000 0.000000
0.000000 6.768442 0.000000
3.384221 3.384221 3.015183
0.806867 0.875760 0.386267 O
0.806867 0.237973 0.386267 O
0.737973 0.306867 0.886267 O
0.375760 0.306867 0.886267 O
0.193133 0.762027 0.613733 O
0.193133 0.124240 0.613733 O
0.262027 0.693133 0.113733 O
0.624240 0.693133 0.113733 O
0.625000 0.875000 0.750000 Si
0.375000 0.125000 0.250000 Si
0.875000 0.625000 0.250000 Zr
0.125000 0.375000 0.750000 Zr
4.132953 0.0 0.0 
-0.0 4.132953 0.0 
0.0 -0.0 4.451706 
 ion  1
  1 -1.12214 -7e-05 2e-05 
  2 0.0 -3.09527 -0.33163 
  3 -0.0 -0.12358 -2.30698 
 ion  2
  1 -1.12214 7e-05 2e-05 
  2 0.0 -3.09534 0.33158 
  3 -0.0 0.12358 -2.30698 
 ion  3
  1 -3.09529 0.0 0.33167 
  2 9e-05 -1.12214 1e-05 
  3 0.12358 -0.0 -2.30698 
 ion  4
  1 -3.09532 0.0 -0.33153 
  2 -9e-05 -1.12214 1e-05 
  3 -0.12358 -0.0 -2.30698 
 ion  5
  1 -1.12214 -7e-05 -2e-05 
  2 0.0 -3.09527 0.33163 
  3 0.0 0.12346 -2.30705 
 ion  6
  1 -1.12214 7e-05 -2e-05 
  2 -0.0 -3.09534 -0.33158 
  3 0.0 -0.12346 -2.30705 
 ion  7
  1 -3.09532 -0.0 0.33153 
  2 -9e-05 -1.12214 -1e-05 
  3 0.12346 0.0 -2.30705 
 ion  8
  1 -3.09529 -0.0 -0.33167 
  2 9e-05 -1.12214 -1e-05 
  3 -0.12346 0.0 -2.30705 
 ion  9
  1 3.13388 -0.0 3e-05 
  2 0.0 3.13388 -4e-05 
  3 0.0 0.0 4.50372 
 ion  10
  1 3.13388 0.0 -3e-05 
  2 0.0 3.13388 4e-05 
  3 0.0 0.0 4.50372 
 ion  11
  1 5.29565 -0.0 1e-05 
  2 -0.0 5.29565 1e-05 
  3 0.0 -0.0 4.72164 
 ion  12
  1 5.29565 0.0 -1e-05 
  2 0.0 5.29565 -1e-05 
  3 -0.0 0.0 4.72164 
