
Used Primitive lattice vector

    3.727136000000      0.000000000000      0.000000000000  
    0.000000000000      3.727136000000      0.000000000000  
    0.000000000000      0.000000000000      3.727136000000  

   4 Atom(s) in the Primitive cell

 0.0000000000 0.5000000000 0.5000000000 Ni    0
 0.5000000000 0.0000000000 0.5000000000 Ni    1
 0.5000000000 0.5000000000 0.0000000000 Ni    2
 0.0000000000 0.0000000000 0.0000000000 Al    3


 Q= -0.134151 -0.134151 -0.134151, q= -0.500000 -0.500000 -0.500000

                       Ni X   0        Ni Y   0        Ni Z   0        Ni X   1        Ni Y   1        Ni Z   1        Ni X   2        Ni Y   2        Ni Z   2        Al X   3        Al Y   3        Al Z   3     
                    --------------- --------------- --------------- --------------- --------------- --------------- --------------- --------------- --------------- --------------- --------------- ---------------
    0   4.0159 THz   0.0000  0.0000  0.5507  0.0000 -0.4099 -0.0000 -0.5507 -0.0000  0.0000  0.0000 -0.1694  0.0000  0.4099  0.0000  0.1694 -0.0000 -0.0000 -0.0000 -0.0000 -0.0000 -0.0000 -0.0000 -0.0000 -0.0000
    1   4.0159 THz   0.0000  0.0000 -0.0299  0.0000 -0.3038 -0.0000  0.0299 -0.0000 -0.0000 -0.0000  0.6378  0.0000  0.3038  0.0000 -0.6378 -0.0000  0.0000  0.0000 -0.0000 -0.0000 -0.0000 -0.0000 -0.0000 -0.0000
    2   4.0159 THz   0.0000  0.0000 -0.4425 -0.0000 -0.4896  0.0000  0.4425  0.0000  0.0000  0.0000 -0.2540 -0.0000  0.4896 -0.0000  0.2540  0.0000 -0.0000 -0.0000 -0.0000 -0.0000 -0.0000  0.0000  0.0000  0.0000
    3   4.0703 THz   0.0000  0.0000 -0.0295 -0.0000 -0.3050  0.0000 -0.0295 -0.0000  0.0000  0.0000 -0.4613  0.0000 -0.3050  0.0000 -0.4613  0.0000 -0.0000 -0.0000  0.5179 -0.0000  0.3425 -0.0000  0.0331  0.0000
    4   4.0703 THz   0.0000  0.0000 -0.0121  0.0000  0.4622 -0.0000 -0.0121  0.0000 -0.0000  0.0000 -0.3049  0.0000  0.4622 -0.0000 -0.3049  0.0000  0.0000 -0.0000  0.3423 -0.0000 -0.5189  0.0000  0.0136 -0.0000
    5   4.0703 THz   0.0000  0.0000 -0.5529  0.0000  0.0062 -0.0000 -0.5529  0.0000 -0.0000 -0.0000  0.0313  0.0000  0.0062 -0.0000  0.0313  0.0000  0.0000  0.0000 -0.0351 -0.0000 -0.0069  0.0000  0.6207 -0.0000
    6   4.1989 THz   0.8165  0.0000  0.0000  0.0000  0.0000  0.0000 -0.0000 -0.0000 -0.4082  0.0000  0.0000  0.0000  0.0000  0.0000 -0.0000  0.0000 -0.4082  0.0000 -0.0000  0.0000  0.0000 -0.0000  0.0000  0.0000
    7   4.1989 THz   0.0000  0.0000  0.0000 -0.0000 -0.0000  0.0000 -0.0000 -0.0000 -0.7071  0.0000 -0.0000  0.0000 -0.0000  0.0000  0.0000 -0.0000  0.7071 -0.0000  0.0000 -0.0000  0.0000 -0.0000 -0.0000  0.0000
    8   5.8862 THz  -0.5774  0.0000  0.0000  0.0000  0.0000  0.0000 -0.0000 -0.0000 -0.5774  0.0000  0.0000  0.0000  0.0000  0.0000 -0.0000  0.0000 -0.5774  0.0000 -0.0000  0.0000  0.0000 -0.0000  0.0000  0.0000
    9   7.2790 THz   0.0000  0.0000  0.3670  0.0000 -0.0145 -0.0000  0.3670  0.0000 -0.0000 -0.0000  0.2417 -0.0000 -0.0145 -0.0000  0.2417 -0.0000  0.0000  0.0000  0.4305 -0.0000 -0.0259 -0.0000  0.6538  0.0000
   10   7.2790 THz   0.0000  0.0000  0.0396  0.0000 -0.4294 -0.0000  0.0396  0.0000 -0.0000 -0.0000 -0.0859  0.0000 -0.4294 -0.0000 -0.0859  0.0000  0.0000  0.0000 -0.1530  0.0000 -0.7649 -0.0000  0.0705  0.0000
   11   7.2790 THz  -0.0000 -0.0000 -0.2389 -0.0000 -0.0934 -0.0000 -0.2389 -0.0000 -0.0000 -0.0000  0.3571 -0.0000 -0.0934 -0.0000  0.3571 -0.0000 -0.0000 -0.0000  0.6361 -0.0000 -0.1665 -0.0000 -0.4255 -0.0000


 Q= -0.134151 -0.134151  0.000000, q= -0.500000 -0.500000  0.000000

                       Ni X   0        Ni Y   0        Ni Z   0        Ni X   1        Ni Y   1        Ni Z   1        Ni X   2        Ni Y   2        Ni Z   2        Al X   3        Al Y   3        Al Z   3     
                    --------------- --------------- --------------- --------------- --------------- --------------- --------------- --------------- --------------- --------------- --------------- ---------------
    0   3.9945 THz   0.0000  0.0000 -0.7071 -0.0000  0.0000 -0.0000  0.7071  0.0000 -0.0000 -0.0000  0.0000 -0.0000  0.0000  0.0000 -0.0000 -0.0000  0.0000  0.0000  0.0000 -0.0000 -0.0000 -0.0000  0.0000 -0.0000
    1   4.2702 THz   0.7071  0.0000  0.0000  0.0000 -0.0000  0.0000 -0.0000 -0.0000 -0.7071 -0.0000 -0.0000  0.0000  0.0000  0.0000 -0.0000 -0.0000 -0.0000 -0.0000  0.0000  0.0000 -0.0000 -0.0000 -0.0000  0.0000
    2   4.2831 THz   0.0000  0.0000 -0.0000 -0.0000 -0.0000  0.0000  0.0000  0.0000 -0.0000  0.0000  0.0000 -0.0000 -0.1711 -0.1950  0.3775  0.7768 -0.0000 -0.0000 -0.1809 -0.3723  0.0820  0.0935 -0.0000  0.0000
    3   4.2831 THz  -0.0000  0.0000  0.0000  0.0000 -0.0000  0.0000 -0.0000 -0.0000  0.0000  0.0000 -0.0000 -0.0000  0.5230  0.6873  0.0969  0.2406 -0.0000 -0.0000 -0.0465 -0.1153 -0.2507 -0.3294 -0.0000  0.0000
    4   4.3429 THz  -0.0000  0.0000 -0.0000  0.0000 -0.6475  0.0509  0.0000 -0.0000  0.0000  0.0000 -0.1579  0.7438 -0.0000  0.0000  0.0000 -0.0000 -0.0000 -0.0000 -0.0000  0.0000  0.0000 -0.0000  0.0000  0.0000
    5   4.3429 THz   0.0000  0.0000  0.0000  0.0000  0.7562  0.0788 -0.0000 -0.0000 -0.0000  0.0000 -0.2479  0.6004 -0.0000  0.0000 -0.0000  0.0000 -0.0000 -0.0000  0.0000 -0.0000  0.0000 -0.0000  0.0000  0.0000
    6   4.7633 THz  -0.0000  0.0000  0.0000 -0.0000 -0.0000  0.0000  0.0000 -0.0000  0.0000 -0.0000  0.0000  0.0000 -0.0000  0.0000 -0.0000  0.0000  0.9090  0.4169  0.0000 -0.0000  0.0000 -0.0000  0.0000 -0.0000
    7   5.5332 THz   0.7071  0.0000  0.0000 -0.0000 -0.0000 -0.0000  0.0000 -0.0000  0.7071 -0.0000  0.0000 -0.0000 -0.0000 -0.0000 -0.0000  0.0000  0.0000  0.0000  0.0000  0.0000  0.0000  0.0000 -0.0000  0.0000
    8   5.7223 THz  -0.0000  0.0000  0.7071 -0.0000 -0.0000 -0.0000  0.7071 -0.0000 -0.0000  0.0000  0.0000 -0.0000  0.0000  0.0000  0.0000  0.0000  0.0000  0.0000 -0.0000  0.0000  0.0000  0.0000 -0.0000  0.0000
    9   6.8576 THz  -0.0000  0.0000 -0.0000  0.0000 -0.0000 -0.0000 -0.0000  0.0000  0.0000  0.0000  0.0000 -0.0000  0.0000  0.0000  0.0000 -0.0000 -0.0000 -0.0000 -0.0000  0.0000 -0.0000 -0.0000  0.7267 -0.6869
   10   7.0071 THz  -0.0000  0.0000 -0.0000 -0.0000  0.0000  0.0000 -0.0000 -0.0000 -0.0000 -0.0000 -0.0000  0.0000  0.0658  0.0820 -0.0257  0.4184  0.0000 -0.0000 -0.0537  0.8730  0.1372  0.1712 -0.0000  0.0000
   11   7.0071 THz  -0.0000  0.0000 -0.0000 -0.0000 -0.0000 -0.0000 -0.0000 -0.0000  0.0000  0.0000  0.0000 -0.0000  0.2895  0.3032 -0.0026 -0.1051 -0.0000  0.0000 -0.0055 -0.2193  0.6041  0.6326 -0.0000  0.0000


 Q= -0.134151  0.000000 -0.134151, q= -0.500000  0.000000 -0.500000

                       Ni X   0        Ni Y   0        Ni Z   0        Ni X   1        Ni Y   1        Ni Z   1        Ni X   2        Ni Y   2        Ni Z   2        Al X   3        Al Y   3        Al Z   3     
                    --------------- --------------- --------------- --------------- --------------- --------------- --------------- --------------- --------------- --------------- --------------- ---------------
    0   3.9945 THz   0.0000  0.0000 -0.0000 -0.0000 -0.7071  0.0000 -0.0000  0.0000 -0.0000 -0.0000 -0.0000  0.0000  0.7071 -0.0000  0.0000 -0.0000 -0.0000  0.0000  0.0000 -0.0000 -0.0000 -0.0000  0.0000 -0.0000
    1   4.2702 THz   0.7071  0.0000 -0.0000  0.0000  0.0000  0.0000  0.0000 -0.0000 -0.0000 -0.0000 -0.0000 -0.0000 -0.0000 -0.0000 -0.0000  0.0000 -0.7071 -0.0000  0.0000  0.0000 -0.0000 -0.0000 -0.0000  0.0000
    2   4.2831 THz   0.0000  0.0000  0.0000 -0.0000 -0.0000 -0.0000 -0.3347  0.5715  0.0000 -0.0000  0.5166  0.3282  0.0000  0.0000  0.0000 -0.0000 -0.0000  0.0000 -0.2476 -0.1573  0.0000 -0.0000  0.1604 -0.2739
    3   4.2831 THz   0.0000  0.0000  0.0000 -0.0000  0.0000  0.0000 -0.2993  0.5338  0.0000 -0.0000 -0.5656 -0.3446 -0.0000 -0.0000 -0.0000  0.0000 -0.0000  0.0000  0.2711  0.1651 -0.0000  0.0000  0.1434 -0.2558
    4   4.3429 THz  -0.0000  0.0000 -0.9999 -0.0000  0.0000 -0.0000 -0.0000  0.0000 -0.0000 -0.0000 -0.0000 -0.0000 -0.0000  0.0000  0.0106 -0.0001  0.0000 -0.0000  0.0000  0.0000  0.0000  0.0000  0.0000 -0.0000
    5   4.3429 THz   0.0000  0.0000  0.0106  0.0000  0.0000 -0.0000  0.0000 -0.0000  0.0000  0.0000 -0.0000 -0.0000 -0.0000  0.0000  0.9999 -0.0082 -0.0000 -0.0000  0.0000  0.0000 -0.0000  0.0000 -0.0000  0.0000
    6   4.7633 THz   0.0000  0.0000 -0.0000 -0.0000 -0.0000 -0.0000  0.0000  0.0000 -0.0000  1.0000  0.0000  0.0000  0.0000  0.0000 -0.0000 -0.0000 -0.0000 -0.0000 -0.0000  0.0000 -0.0000 -0.0000 -0.0000 -0.0000
    7   5.5332 THz   0.7071  0.0000 -0.0000 -0.0000  0.0000  0.0000 -0.0000  0.0000  0.0000  0.0000 -0.0000 -0.0000  0.0000  0.0000 -0.0000 -0.0000  0.7071 -0.0000  0.0000  0.0000 -0.0000 -0.0000  0.0000 -0.0000
    8   5.7223 THz   0.0000  0.0000  0.0000 -0.0000 -0.7071 -0.0000  0.0000  0.0000 -0.0000 -0.0000  0.0000  0.0000 -0.7071 -0.0000 -0.0000  0.0000  0.0000  0.0000 -0.0000 -0.0000 -0.0000 -0.0000 -0.0000  0.0000
    9   6.8576 THz   0.0000  0.0000  0.0000 -0.0000 -0.0000  0.0000  0.0000 -0.0000  0.0000  0.0000  0.0000 -0.0000  0.0000  0.0000 -0.0000  0.0000 -0.0000 -0.0000  0.0000 -0.0000  0.4063  0.9137  0.0000 -0.0000
   10   7.0071 THz   0.0000  0.0000 -0.0000 -0.0000 -0.0000  0.0000 -0.0285  0.0507  0.0000 -0.0000  0.2212 -0.3666  0.0000 -0.0000 -0.0000 -0.0000  0.0000  0.0000  0.4617 -0.7651 -0.0000 -0.0000 -0.0595  0.1059
   11   7.0071 THz  -0.0000  0.0000  0.0000 -0.0000 -0.0000  0.0000  0.2100 -0.3732 -0.0000 -0.0000  0.0301 -0.0498 -0.0000 -0.0000 -0.0000 -0.0000 -0.0000 -0.0000  0.0628 -0.1040 -0.0000 -0.0000  0.4383 -0.7787


 Q= -0.134151  0.000000  0.000000, q= -0.500000  0.000000  0.000000

                       Ni X   0        Ni Y   0        Ni Z   0        Ni X   1        Ni Y   1        Ni Z   1        Ni X   2        Ni Y   2        Ni Z   2        Al X   3        Al Y   3        Al Z   3     
                    --------------- --------------- --------------- --------------- --------------- --------------- --------------- --------------- --------------- --------------- --------------- ---------------
    0   3.8320 THz   0.0000  0.0000 -0.0000 -0.0000  0.0000  0.0000 -0.0000  0.0000  0.0000 -0.6623 -0.0000  0.0000 -0.0000 -0.0000  0.0000 -0.7492 -0.0000  0.0000 -0.0000  0.0000 -0.0000 -0.0000  0.0000  0.0000
    1   3.8320 THz   0.0000  0.0000 -0.0000 -0.0000 -0.0000  0.0000  0.0000  0.0000  0.0000  0.0000 -0.7470  0.0577  0.0000 -0.0000 -0.0000  0.0000 -0.6603  0.0510 -0.0000 -0.0000 -0.0000 -0.0000 -0.0000  0.0000
    2   4.2842 THz   0.0000  0.0000 -0.8946 -0.0301  0.2778 -0.1670 -0.0000  0.0000  0.0000  0.0000 -0.0000 -0.0000  0.0000 -0.0000  0.0000  0.0000  0.0000 -0.0000 -0.0000  0.0000 -0.2876 -0.0097  0.0893 -0.0537
    3   4.2842 THz   0.0000  0.0000 -0.3231 -0.0258 -0.7876  0.4254  0.0000 -0.0000 -0.0000  0.0000  0.0000 -0.0000 -0.0000 -0.0000 -0.0000 -0.0000  0.0000 -0.0000  0.0000 -0.0000 -0.1039 -0.0083 -0.2532  0.1368
    4   4.7035 THz   0.0000  0.0000 -0.0000  0.0000 -0.0000 -0.0000 -0.0000 -0.7071  0.0000 -0.0000  0.0000 -0.0000  0.0000  0.7071  0.0000 -0.0000 -0.0000  0.0000  0.0000 -0.0000 -0.0000 -0.0000 -0.0000 -0.0000
    5   4.9780 THz   0.9984  0.0000  0.0000  0.0000  0.0000  0.0000  0.0000  0.0000  0.0000  0.0000  0.0000  0.0000  0.0000  0.0000  0.0000  0.0000  0.0000  0.0000 -0.0570  0.0000  0.0000  0.0000  0.0000  0.0000
    6   5.0143 THz   0.0000  0.0000  0.0000 -0.0000  0.0000 -0.0000  0.6425  0.2954 -0.0000 -0.0000 -0.0000  0.0000  0.6425  0.2954  0.0000 -0.0000  0.0000 -0.0000  0.0000  0.0000  0.0000 -0.0000  0.0000  0.0000
    7   5.3220 THz   0.0000  0.0000  0.0000 -0.0000  0.0000 -0.0000 -0.0000 -0.0000  0.0000  0.7492  0.0000 -0.0000  0.0000  0.0000 -0.0000 -0.6623 -0.0000  0.0000  0.0000 -0.0000 -0.0000 -0.0000  0.0000 -0.0000
    8   5.3220 THz   0.0000  0.0000 -0.0000 -0.0000  0.0000  0.0000  0.0000  0.0000 -0.0000 -0.0000  0.6603 -0.0510  0.0000 -0.0000  0.0000  0.0000 -0.7470  0.0577 -0.0000  0.0000 -0.0000 -0.0000  0.0000  0.0000
    9   6.6901 THz   0.0000  0.0000  0.2990  0.0048  0.0528 -0.0383  0.0000 -0.0000 -0.0000  0.0000 -0.0000  0.0000 -0.0000 -0.0000  0.0000  0.0000  0.0000 -0.0000  0.0000 -0.0000 -0.9301 -0.0148 -0.1641  0.1190
   10   6.6901 THz   0.0000  0.0000 -0.0213  0.0616 -0.0914 -0.2847  0.0000 -0.0000  0.0000  0.0000 -0.0000 -0.0000 -0.0000  0.0000 -0.0000 -0.0000  0.0000  0.0000 -0.0000  0.0000  0.0662 -0.1916  0.2844  0.8856
   11   7.2574 THz  -0.0570  0.0000  0.0000  0.0000  0.0000  0.0000  0.0000  0.0000  0.0000  0.0000  0.0000  0.0000  0.0000  0.0000  0.0000  0.0000  0.0000  0.0000 -0.9984  0.0000  0.0000  0.0000  0.0000  0.0000


 Q=  0.000000 -0.134151 -0.134151, q=  0.000000 -0.500000 -0.500000

                       Ni X   0        Ni Y   0        Ni Z   0        Ni X   1        Ni Y   1        Ni Z   1        Ni X   2        Ni Y   2        Ni Z   2        Al X   3        Al Y   3        Al Z   3     
                    --------------- --------------- --------------- --------------- --------------- --------------- --------------- --------------- --------------- --------------- --------------- ---------------
    0   3.9945 THz   0.0000  0.0000 -0.0000 -0.0000 -0.0000 -0.0000 -0.0000 -0.0000  0.0000 -0.0000  0.0000  0.7071 -0.0000  0.0000 -0.0000 -0.7071  0.0000  0.0000 -0.0000  0.0000  0.0000  0.0000  0.0000  0.0000
    1   4.2702 THz   0.0000  0.0000  0.0000 -0.0000 -0.0000  0.0000  0.0000  0.0000 -0.0000 -0.7071 -0.0000 -0.0000 -0.0000  0.0000  0.0000  0.0000  0.0000  0.7071 -0.0000 -0.0000  0.0000 -0.0000 -0.0000  0.0000
    2   4.2831 THz   0.0000  0.0000 -0.0227 -0.0000  0.8593  0.2727  0.0000  0.0000  0.0000 -0.0000 -0.0000  0.0000 -0.0000 -0.0000  0.0000 -0.0000 -0.0000  0.0000 -0.0000 -0.0000 -0.4118 -0.1307  0.0109  0.0000
    3   4.2831 THz   0.0000  0.0000 -0.9015  0.0000 -0.0216 -0.0069  0.0000  0.0000  0.0000 -0.0000 -0.0000 -0.0000 -0.0000 -0.0000  0.0000  0.0000 -0.0000  0.0000 -0.0000 -0.0000  0.0104  0.0033  0.4320 -0.0000
    4   4.3429 THz   0.0000  0.0000 -0.0000 -0.0000  0.0000  0.0000 -0.4199 -0.6883  0.0000 -0.0000 -0.0000 -0.0000  0.1529  0.5715  0.0000  0.0000 -0.0000  0.0000 -0.0000 -0.0000 -0.0000 -0.0000  0.0000  0.0000
    5   4.3429 THz   0.0000  0.0000  0.0000  0.0000 -0.0000  0.0000 -0.4039 -0.4323  0.0000 -0.0000 -0.0000 -0.0000 -0.3615 -0.7206  0.0000  0.0000 -0.0000  0.0000  0.0000 -0.0000  0.0000 -0.0000 -0.0000 -0.0000
    6   4.7633 THz   1.0000  0.0000  0.0000  0.0000  0.0000  0.0000  0.0000  0.0000  0.0000  0.0000  0.0000  0.0000  0.0000  0.0000  0.0000  0.0000  0.0000  0.0000  0.0000  0.0000  0.0000  0.0000  0.0000  0.0000
    7   5.5332 THz   0.0000  0.0000 -0.0000  0.0000 -0.0000  0.0000 -0.0000 -0.0000  0.0000 -0.7071 -0.0000 -0.0000  0.0000  0.0000 -0.0000 -0.0000  0.0000 -0.7071 -0.0000  0.0000  0.0000 -0.0000  0.0000 -0.0000
    8   5.7223 THz   0.0000  0.0000 -0.0000  0.0000  0.0000  0.0000 -0.0000 -0.0000  0.0000 -0.0000  0.0000  0.7071  0.0000 -0.0000  0.0000  0.7071  0.0000 -0.0000 -0.0000  0.0000  0.0000  0.0000 -0.0000  0.0000
    9   6.8576 THz   0.0000  0.0000 -0.0000  0.0000  0.0000  0.0000  0.0000 -0.0000 -0.0000  0.0000 -0.0000 -0.0000 -0.0000 -0.0000 -0.0000 -0.0000  0.0000  0.0000 -1.0000 -0.0000  0.0000  0.0000 -0.0000  0.0000
   10   7.0071 THz   0.0000  0.0000  0.0007  0.0000  0.4320  0.0135 -0.0000 -0.0000 -0.0000  0.0000  0.0000  0.0000  0.0000  0.0000 -0.0000 -0.0000  0.0000  0.0000  0.0000  0.0000  0.9014  0.0282  0.0014  0.0000
   11   7.0071 THz   0.0000  0.0000  0.4322  0.0000 -0.0007 -0.0000  0.0000  0.0000 -0.0000  0.0000 -0.0000  0.0000 -0.0000 -0.0000 -0.0000  0.0000 -0.0000  0.0000 -0.0000 -0.0000 -0.0014 -0.0000  0.9018  0.0000


 Q=  0.000000 -0.134151  0.000000, q=  0.000000 -0.500000  0.000000

                       Ni X   0        Ni Y   0        Ni Z   0        Ni X   1        Ni Y   1        Ni Z   1        Ni X   2        Ni Y   2        Ni Z   2        Al X   3        Al Y   3        Al Z   3     
                    --------------- --------------- --------------- --------------- --------------- --------------- --------------- --------------- --------------- --------------- --------------- ---------------
    0   3.8320 THz   0.6623  0.0000  0.0000  0.0000  0.0000  0.0000  0.0000  0.0000  0.0000  0.0000  0.0000  0.0000  0.7492  0.0000  0.0000  0.0000  0.0000  0.0000  0.0000 -0.0000  0.0000  0.0000  0.0000  0.0000
    1   3.8320 THz   0.0000  0.0000 -0.0000 -0.0000  0.7117 -0.2343  0.0000  0.0000 -0.0000 -0.0000  0.0000 -0.0000 -0.0000 -0.0000  0.0000  0.0000  0.6291 -0.2071  0.0000  0.0000  0.0000 -0.0000  0.0000 -0.0000
    2   4.2842 THz   0.0000  0.0000  0.0000  0.0000  0.0000 -0.0000  0.1065 -0.1049 -0.0000 -0.0000  0.9328  0.1175 -0.0000  0.0000  0.0000  0.0000 -0.0000 -0.0000  0.0342 -0.0337  0.0000  0.0000  0.2999  0.0378
    3   4.2842 THz   0.0000  0.0000 -0.0000  0.0000  0.0000  0.0000  0.6699 -0.6597  0.0000 -0.0000 -0.1483 -0.0187 -0.0000  0.0000  0.0000 -0.0000  0.0000  0.0000  0.2154 -0.2121 -0.0000  0.0000 -0.0477 -0.0060
    4   4.7035 THz   0.0000  0.0000  0.7071  0.0000  0.0000 -0.0000  0.0000  0.0000 -0.0000 -0.0000  0.0000 -0.0000 -0.0000 -0.0000 -0.7071 -0.0000  0.0000 -0.0000  0.0000 -0.0000  0.0000 -0.0000  0.0000 -0.0000
    5   4.9780 THz   0.0000  0.0000  0.0000 -0.0000  0.0000  0.0000  0.0000  0.0000  0.0000 -0.9984 -0.0000 -0.0000  0.0000  0.0000  0.0000 -0.0000 -0.0000 -0.0000  0.0000  0.0000 -0.0000  0.0570 -0.0000 -0.0000
    6   5.0143 THz   0.0000  0.0000 -0.7071 -0.0000  0.0000 -0.0000 -0.0000 -0.0000  0.0000 -0.0000  0.0000 -0.0000 -0.0000  0.0000 -0.7071 -0.0000 -0.0000  0.0000  0.0000  0.0000 -0.0000  0.0000  0.0000 -0.0000
    7   5.3220 THz   0.0000  0.0000 -0.0000  0.0000 -0.5509  0.3676  0.0000  0.0000 -0.0000 -0.0000  0.0000 -0.0000 -0.0000 -0.0000  0.0000 -0.0000  0.6232 -0.4159 -0.0000  0.0000  0.0000  0.0000 -0.0000 -0.0000
    8   5.3220 THz   0.7492  0.0000  0.0000  0.0000  0.0000  0.0000 -0.0000  0.0000 -0.0000 -0.0000  0.0000  0.0000 -0.6623  0.0000  0.0000  0.0000  0.0000  0.0000 -0.0000  0.0000  0.0000  0.0000  0.0000  0.0000
    9   6.6901 THz   0.0000  0.0000 -0.0000 -0.0000  0.0000  0.0000  0.1071  0.2866 -0.0000 -0.0000 -0.0077 -0.0001 -0.0000  0.0000 -0.0000 -0.0000 -0.0000 -0.0000 -0.3332 -0.8915 -0.0000  0.0000  0.0238  0.0004
   10   6.6901 THz   0.0000  0.0000  0.0000  0.0000 -0.0000  0.0000 -0.0027 -0.0072 -0.0000 -0.0000 -0.3059 -0.0050  0.0000 -0.0000  0.0000  0.0000  0.0000 -0.0000  0.0083  0.0223 -0.0000 -0.0000  0.9516  0.0157
   11   7.2574 THz   0.0000  0.0000  0.0000 -0.0000  0.0000 -0.0000 -0.0000  0.0000  0.0000  0.0570 -0.0000 -0.0000 -0.0000 -0.0000 -0.0000 -0.0000 -0.0000  0.0000 -0.0000  0.0000  0.0000  0.9984  0.0000  0.0000


 Q=  0.000000  0.000000 -0.134151, q=  0.000000  0.000000 -0.500000

                       Ni X   0        Ni Y   0        Ni Z   0        Ni X   1        Ni Y   1        Ni Z   1        Ni X   2        Ni Y   2        Ni Z   2        Al X   3        Al Y   3        Al Z   3     
                    --------------- --------------- --------------- --------------- --------------- --------------- --------------- --------------- --------------- --------------- --------------- ---------------
    0   3.8320 THz   0.0000  0.0000  0.7492  0.0000 -0.0000  0.0000  0.0000  0.0000  0.6623 -0.0000 -0.0000 -0.0000  0.0000  0.0000  0.0000 -0.0000  0.0000  0.0000 -0.0000 -0.0000  0.0000  0.0000 -0.0000  0.0000
    1   3.8320 THz   0.6623  0.0000  0.0000  0.0000  0.0000  0.0000  0.7492  0.0000  0.0000  0.0000  0.0000  0.0000  0.0000  0.0000  0.0000  0.0000  0.0000  0.0000  0.0000 -0.0000  0.0000  0.0000  0.0000  0.0000
    2   4.2842 THz   0.0000  0.0000  0.0000  0.0000 -0.0000 -0.0000  0.0000 -0.0000  0.0000 -0.0000  0.0000  0.0000 -0.0276  0.0102 -0.9516 -0.0003  0.0000 -0.0000 -0.0089  0.0033 -0.3059 -0.0001  0.0000  0.0000
    3   4.2842 THz   0.0000  0.0000  0.0000 -0.0000  0.0000  0.0000  0.0000 -0.0000  0.0000 -0.0000 -0.0000  0.0000 -0.8922  0.3308  0.0294  0.0000 -0.0000  0.0000 -0.2868  0.1063  0.0094  0.0000 -0.0000 -0.0000
    4   4.7035 THz   0.0000  0.0000 -0.0000 -0.0000 -0.7034  0.0726  0.0000 -0.0000  0.0000 -0.0000  0.7034 -0.0726 -0.0000  0.0000  0.0000 -0.0000  0.0000  0.0000 -0.0000  0.0000  0.0000 -0.0000 -0.0000  0.0000
    5   4.9780 THz   0.0000  0.0000 -0.0000 -0.0000  0.0000  0.0000 -0.0000  0.0000  0.0000  0.0000  0.0000  0.0000  0.0000 -0.0000 -0.0000 -0.0000  0.0000  0.9984  0.0000 -0.0000 -0.0000 -0.0000 -0.0000 -0.0570
    6   5.0143 THz   0.0000  0.0000 -0.0000 -0.0000 -0.6971  0.1183 -0.0000  0.0000 -0.0000  0.0000 -0.6971  0.1183  0.0000 -0.0000  0.0000 -0.0000  0.0000  0.0000  0.0000 -0.0000 -0.0000 -0.0000 -0.0000 -0.0000
    7   5.3220 THz   0.0000  0.0000 -0.6623  0.0000  0.0000 -0.0000 -0.0000  0.0000  0.7492 -0.0000 -0.0000 -0.0000  0.0000  0.0000  0.0000  0.0000 -0.0000 -0.0000 -0.0000 -0.0000 -0.0000 -0.0000  0.0000  0.0000
    8   5.3220 THz   0.7492  0.0000  0.0000  0.0000  0.0000  0.0000 -0.6623  0.0000 -0.0000  0.0000  0.0000  0.0000 -0.0000  0.0000  0.0000  0.0000  0.0000 -0.0000 -0.0000  0.0000  0.0000  0.0000  0.0000  0.0000
    9   6.6901 THz   0.0000  0.0000  0.0000 -0.0000  0.0000 -0.0000 -0.0000  0.0000 -0.0000  0.0000  0.0000 -0.0000  0.0034  0.0013  0.3060  0.0001 -0.0000 -0.0000 -0.0107 -0.0042 -0.9520 -0.0003 -0.0000  0.0000
   10   6.6901 THz   0.0000  0.0000  0.0000 -0.0000  0.0000 -0.0000 -0.0000  0.0000 -0.0000  0.0000  0.0000 -0.0000  0.2852  0.1109 -0.0037 -0.0000 -0.0000 -0.0000 -0.8873 -0.3449  0.0115  0.0000  0.0000 -0.0000
   11   7.2574 THz   0.0000  0.0000  0.0000  0.0000 -0.0000  0.0000 -0.0000  0.0000 -0.0000 -0.0000 -0.0000 -0.0000  0.0000  0.0000  0.0000  0.0000 -0.0000  0.0570 -0.0000 -0.0000 -0.0000 -0.0000 -0.0000  0.9984


 Q=  0.000000  0.000000  0.000000, q=  0.000000  0.000000  0.000000

                       Ni X   0        Ni Y   0        Ni Z   0        Ni X   1        Ni Y   1        Ni Z   1        Ni X   2        Ni Y   2        Ni Z   2        Al X   3        Al Y   3        Al Z   3     
                    --------------- --------------- --------------- --------------- --------------- --------------- --------------- --------------- --------------- --------------- --------------- ---------------
    0   0.0000 THz  -0.0000  0.0000 -0.1460  0.0000  0.5174  0.0000 -0.0000  0.0000 -0.1460  0.0000  0.5174  0.0000 -0.0000  0.0000 -0.1460  0.0000  0.5174  0.0000 -0.0000  0.0000 -0.0990  0.0000  0.3508  0.0000
    1  -0.0000 THz  -0.5376  0.0000  0.0000  0.0000 -0.0000  0.0000 -0.5376  0.0000  0.0000  0.0000 -0.0000  0.0000 -0.5376  0.0000  0.0000  0.0000 -0.0000  0.0000 -0.3645  0.0000  0.0000  0.0000 -0.0000  0.0000
    2  -0.0000 THz   0.0000  0.0000  0.5174  0.0000  0.1460  0.0000  0.0000  0.0000  0.5174  0.0000  0.1460  0.0000  0.0000  0.0000  0.5174  0.0000  0.1460  0.0000  0.0000  0.0000  0.3508  0.0000  0.0990  0.0000
    3   4.8324 THz  -0.0000  0.0000  0.0361  0.0000  0.1635  0.0000 -0.6870  0.0000  0.0000  0.0000 -0.1635  0.0000  0.6870  0.0000 -0.0361  0.0000  0.0000  0.0000  0.0000  0.0000 -0.0000  0.0000  0.0000  0.0000
    4   4.8324 THz   0.0000 -0.0000  0.5627 -0.0000 -0.4223 -0.0000 -0.0710 -0.0000  0.0000 -0.0000  0.4223 -0.0000  0.0710 -0.0000 -0.5627 -0.0000 -0.0000 -0.0000 -0.0000 -0.0000 -0.0000 -0.0000  0.0000 -0.0000
    5   4.8324 THz  -0.0000  0.0000  0.4267  0.0000  0.5430  0.0000  0.1517  0.0000  0.0000  0.0000 -0.5430  0.0000 -0.1517  0.0000 -0.4267  0.0000  0.0000  0.0000  0.0000  0.0000  0.0000  0.0000  0.0000  0.0000
    6   5.1929 THz   0.7948  0.0000 -0.0056  0.0000 -0.0758  0.0000 -0.2654  0.0000  0.0167  0.0000 -0.0758  0.0000 -0.2654  0.0000 -0.0056  0.0000  0.2270  0.0000 -0.3894  0.0000 -0.0082  0.0000 -0.1112  0.0000
    7   5.1929 THz  -0.2275  0.0000 -0.0278  0.0000 -0.2639  0.0000  0.0759  0.0000  0.0833  0.0000 -0.2639  0.0000  0.0759  0.0000 -0.0278  0.0000  0.7905  0.0000  0.1115  0.0000 -0.0408  0.0000 -0.3873  0.0000
    8   5.1929 THz   0.0069  0.0000 -0.2746  0.0000  0.0283  0.0000 -0.0023  0.0000  0.8224  0.0000  0.0283  0.0000 -0.0023  0.0000 -0.2746  0.0000 -0.0847  0.0000 -0.0034  0.0000 -0.4029  0.0000  0.0415  0.0000
    9   6.9428 THz  -0.0000  0.0000 -0.3547  0.0000  0.0947  0.0000  0.0000  0.0000  0.1601  0.0000  0.0947  0.0000  0.0000  0.0000 -0.3547  0.0000 -0.0428  0.0000 -0.0000  0.0000  0.8101  0.0000 -0.2164  0.0000
   10   6.9428 THz   0.1657  0.0000 -0.0000  0.0000 -0.0000  0.0000 -0.3671  0.0000  0.0000  0.0000 -0.0000  0.0000 -0.3671  0.0000 -0.0000  0.0000  0.0000  0.0000  0.8385  0.0000  0.0000  0.0000  0.0000  0.0000
   11   6.9428 THz  -0.0000  0.0000 -0.0947  0.0000 -0.3547  0.0000  0.0000  0.0000  0.0428  0.0000 -0.3547  0.0000  0.0000  0.0000 -0.0947  0.0000  0.1601  0.0000 -0.0000  0.0000  0.2164  0.0000  0.8101  0.0000
