
Used Primitive lattice vector

   -1.755781000000     -1.755781000000      0.000000000000  
   -1.755781000000      0.000000000000     -1.755781000000  
    0.000000000000     -1.755781000000     -1.755781000000  

   1 Atom(s) in the Primitive cell

 0.0000000000 0.0000000000 0.0000000000 Cu    0


 Q=  0.142387  0.142387  0.142387, q= -0.500000 -0.500000 -0.500000

                       Cu X   0        Cu Y   0        Cu Z   0     
                    --------------- --------------- ---------------
    0   4.3236 THz  -0.5632  0.0000  0.7936 -0.0000 -0.2304  0.0000
    1   4.3236 THz   0.5912  0.0000  0.1921 -0.0000 -0.7833  0.0000
    2   8.8947 THz   0.5774  0.0000  0.5774 -0.0000  0.5774 -0.0000


 Q=  0.213580  0.071193  0.071193, q= -0.500000 -0.500000 -0.250000

                       Cu X   0        Cu Y   0        Cu Z   0     
                    --------------- --------------- ---------------
    0   5.4010 THz   0.0000  0.0000  0.7071 -0.0082 -0.7071  0.0082
    1   6.2269 THz   0.5620  0.0000 -0.5849  0.0000 -0.5849  0.0000
    2   8.3376 THz   0.8271  0.0000  0.3974 -0.0000  0.3974 -0.0000


 Q=  0.284774  0.000000  0.000000, q= -0.500000 -0.500000  0.000000

                       Cu X   0        Cu Y   0        Cu Z   0     
                    --------------- --------------- ---------------
    0   6.3678 THz   0.0000  0.0000 -0.2876  0.0000  0.9578 -0.0000
    1   6.3678 THz   0.0000  0.0000 -0.9578  0.0000 -0.2876  0.0000
    2   8.8233 THz   1.0000  0.0000  0.0000  0.0000  0.0000  0.0000


 Q=  0.355967 -0.071193 -0.071193, q= -0.500000 -0.500000  0.250000

                       Cu X   0        Cu Y   0        Cu Z   0     
                    --------------- --------------- ---------------
    0   5.4010 THz   0.0000  0.0000  0.7071  0.0082 -0.7071 -0.0082
    1   6.2269 THz   0.5620  0.0000 -0.5849 -0.0000 -0.5849 -0.0000
    2   8.3376 THz   0.8271  0.0000  0.3974  0.0000  0.3974  0.0000


 Q=  0.071193  0.213580  0.071193, q= -0.500000 -0.250000 -0.500000

                       Cu X   0        Cu Y   0        Cu Z   0     
                    --------------- --------------- ---------------
    0   5.4010 THz  -0.7071  0.0000 -0.0000  0.0000  0.7071  0.0000
    1   6.2269 THz   0.5849  0.0000 -0.5620 -0.0000  0.5849  0.0000
    2   8.3376 THz   0.3974  0.0000  0.8271  0.0000  0.3974  0.0000


 Q=  0.142387  0.142387  0.000000, q= -0.500000 -0.250000 -0.250000

                       Cu X   0        Cu Y   0        Cu Z   0     
                    --------------- --------------- ---------------
    0   4.3557 THz  -0.7071 -0.0000  0.7071  0.0000 -0.0000 -0.0000
    1   6.2981 THz   0.0000  0.0000 -0.0000 -0.0000 -0.1751 -0.9846
    2   7.8692 THz   0.7071  0.0000  0.7071  0.0000 -0.0000 -0.0000


 Q=  0.213580  0.071193 -0.071193, q= -0.500000 -0.250000  0.000000

                       Cu X   0        Cu Y   0        Cu Z   0     
                    --------------- --------------- ---------------
    0   5.4010 THz   0.0000  0.0000 -0.7059 -0.0415 -0.7059 -0.0415
    1   6.2269 THz   0.5620  0.0000 -0.5849  0.0000  0.5849 -0.0000
    2   8.3376 THz   0.8271  0.0000  0.3974 -0.0000 -0.3974  0.0000


 Q=  0.284774  0.000000 -0.142387, q= -0.500000 -0.250000  0.250000

                       Cu X   0        Cu Y   0        Cu Z   0     
                    --------------- --------------- ---------------
    0   6.1741 THz   0.0000  0.0000  0.0000  0.0000  1.0000 -0.0000
    1   7.5947 THz   1.0000  0.0000  0.0000  0.0000  0.0000  0.0000
    2   7.5947 THz   0.0000  0.0000 -0.9920 -0.1260  0.0000  0.0000


 Q=  0.000000  0.284774  0.000000, q= -0.500000  0.000000 -0.500000

                       Cu X   0        Cu Y   0        Cu Z   0     
                    --------------- --------------- ---------------
    0   6.3678 THz   1.0000  0.0000  0.0000  0.0000  0.0000  0.0000
    1   6.3678 THz   0.0000  0.0000 -0.0000  0.0000  1.0000 -0.0000
    2   8.8233 THz   0.0000  0.0000 -1.0000 -0.0000 -0.0000 -0.0000


 Q=  0.071193  0.213580 -0.071193, q= -0.500000  0.000000 -0.250000

                       Cu X   0        Cu Y   0        Cu Z   0     
                    --------------- --------------- ---------------
    0   5.4010 THz   0.7071  0.0000  0.0000  0.0000  0.7071  0.0000
    1   6.2269 THz   0.5849  0.0000 -0.5620 -0.0000 -0.5849 -0.0000
    2   8.3376 THz   0.3974  0.0000  0.8271  0.0000 -0.3974 -0.0000


 Q=  0.142387  0.142387 -0.142387, q= -0.500000  0.000000  0.000000

                       Cu X   0        Cu Y   0        Cu Z   0     
                    --------------- --------------- ---------------
    0   4.3236 THz   0.8165  0.0000 -0.4082 -0.0000  0.4082 -0.0000
    1   4.3236 THz   0.0000  0.0000 -0.7071  0.0000 -0.7071  0.0000
    2   8.8947 THz  -0.5774  0.0000 -0.5774 -0.0000  0.5774 -0.0000


 Q=  0.213580  0.071193 -0.213580, q= -0.500000  0.000000  0.250000

                       Cu X   0        Cu Y   0        Cu Z   0     
                    --------------- --------------- ---------------
    0   5.4010 THz   0.7071  0.0000  0.0000 -0.0000  0.7071 -0.0000
    1   6.2269 THz   0.5849  0.0000 -0.5620  0.0000 -0.5849  0.0000
    2   8.3376 THz   0.3974  0.0000  0.8271 -0.0000 -0.3974  0.0000


 Q= -0.071193  0.355967 -0.071193, q= -0.500000  0.250000 -0.500000

                       Cu X   0        Cu Y   0        Cu Z   0     
                    --------------- --------------- ---------------
    0   5.4010 THz  -0.7071  0.0000 -0.0000  0.0000  0.7071 -0.0000
    1   6.2269 THz   0.5849  0.0000 -0.5620  0.0000  0.5849 -0.0000
    2   8.3376 THz   0.3974  0.0000  0.8271 -0.0000  0.3974  0.0000


 Q=  0.000000  0.284774 -0.142387, q= -0.500000  0.250000 -0.250000

                       Cu X   0        Cu Y   0        Cu Z   0     
                    --------------- --------------- ---------------
    0   6.1741 THz   0.0000  0.0000  0.0000 -0.0000 -0.9977  0.0678
    1   7.5947 THz   0.0000  0.0000 -0.9949  0.1012 -0.0000 -0.0000
    2   7.5947 THz   1.0000  0.0000  0.0000  0.0000  0.0000  0.0000


 Q=  0.071193  0.213580 -0.213580, q= -0.500000  0.250000  0.000000

                       Cu X   0        Cu Y   0        Cu Z   0     
                    --------------- --------------- ---------------
    0   5.4010 THz   0.0000  0.0000 -0.0000 -0.7071 -0.0000 -0.7071
    1   6.2269 THz   0.5620  0.0000 -0.5849 -0.0000  0.5849  0.0000
    2   8.3376 THz   0.8271  0.0000  0.3974  0.0000 -0.3974 -0.0000


 Q=  0.142387  0.142387 -0.284774, q= -0.500000  0.250000  0.250000

                       Cu X   0        Cu Y   0        Cu Z   0     
                    --------------- --------------- ---------------
    0   4.3557 THz  -0.7071 -0.0000  0.7071 -0.0000 -0.0000  0.0000
    1   6.2981 THz   0.0000  0.0000 -0.0000 -0.0000 -0.9028 -0.4300
    2   7.8692 THz   0.7071  0.0000  0.7071 -0.0000 -0.0000  0.0000


 Q=  0.071193  0.071193  0.213580, q= -0.250000 -0.500000 -0.500000

                       Cu X   0        Cu Y   0        Cu Z   0     
                    --------------- --------------- ---------------
    0   5.4010 THz   0.7071  0.0000 -0.7071 -0.0000  0.0000  0.0000
    1   6.2269 THz   0.5849  0.0000  0.5849  0.0000 -0.5620 -0.0000
    2   8.3376 THz   0.3974  0.0000  0.3974 -0.0000  0.8271 -0.0000


 Q=  0.142387  0.000000  0.142387, q= -0.250000 -0.500000 -0.250000

                       Cu X   0        Cu Y   0        Cu Z   0     
                    --------------- --------------- ---------------
    0   4.3557 THz   0.7071  0.0000  0.0000 -0.0000 -0.7071 -0.0000
    1   6.2981 THz   0.0000  0.0000  0.9999 -0.0110 -0.0000  0.0000
    2   7.8692 THz   0.7071  0.0000  0.0000  0.0000  0.7071  0.0000


 Q=  0.213580 -0.071193  0.071193, q= -0.250000 -0.500000  0.000000

                       Cu X   0        Cu Y   0        Cu Z   0     
                    --------------- --------------- ---------------
    0   5.4010 THz   0.0000  0.0000 -0.7007  0.0948 -0.7007  0.0948
    1   6.2269 THz  -0.5620  0.0000 -0.5849  0.0000  0.5849  0.0000
    2   8.3376 THz   0.8271  0.0000 -0.3974  0.0000  0.3974  0.0000


 Q=  0.284774 -0.142387  0.000000, q= -0.250000 -0.500000  0.250000

                       Cu X   0        Cu Y   0        Cu Z   0     
                    --------------- --------------- ---------------
    0   6.1741 THz   0.0000  0.0000 -0.9997  0.0229  0.0000  0.0000
    1   7.5947 THz   1.0000  0.0000  0.0000  0.0000  0.0000  0.0000
    2   7.5947 THz   0.0000  0.0000 -0.0000  0.0000 -0.9856 -0.1692


 Q=  0.000000  0.142387  0.142387, q= -0.250000 -0.250000 -0.500000

                       Cu X   0        Cu Y   0        Cu Z   0     
                    --------------- --------------- ---------------
    0   4.3557 THz   0.0000  0.0000 -0.7060 -0.0395  0.7060  0.0395
    1   6.2981 THz   1.0000  0.0000  0.0000  0.0000  0.0000  0.0000
    2   7.8692 THz   0.0000  0.0000 -0.6757  0.2083 -0.6757  0.2083


 Q=  0.071193  0.071193  0.071193, q= -0.250000 -0.250000 -0.250000

                       Cu X   0        Cu Y   0        Cu Z   0     
                    --------------- --------------- ---------------
    0   3.2127 THz   0.8165  0.0000 -0.4082 -0.0000 -0.4082 -0.0000
    1   3.2127 THz   0.0000  0.0000  0.7040 -0.0666 -0.7040  0.0666
    2   6.9599 THz  -0.5774  0.0000 -0.5774 -0.0000 -0.5774 -0.0000


 Q=  0.142387  0.000000  0.000000, q= -0.250000 -0.250000  0.000000

                       Cu X   0        Cu Y   0        Cu Z   0     
                    --------------- --------------- ---------------
    0   4.7039 THz   0.0000  0.0000 -0.3147 -0.3613  0.7919  0.3785
    1   4.7039 THz   0.0000  0.0000 -0.4131 -0.7745 -0.3748 -0.2984
    2   6.7747 THz   1.0000  0.0000  0.0000  0.0000  0.0000  0.0000


 Q=  0.213580 -0.071193 -0.071193, q= -0.250000 -0.250000  0.250000

                       Cu X   0        Cu Y   0        Cu Z   0     
                    --------------- --------------- ---------------
    0   5.4010 THz   0.0000  0.0000  0.6971 -0.1185 -0.6971  0.1185
    1   6.2269 THz  -0.5620  0.0000 -0.5849  0.0000 -0.5849  0.0000
    2   8.3376 THz   0.8271  0.0000 -0.3974  0.0000 -0.3974  0.0000


 Q= -0.071193  0.213580  0.071193, q= -0.250000  0.000000 -0.500000

                       Cu X   0        Cu Y   0        Cu Z   0     
                    --------------- --------------- ---------------
    0   5.4010 THz   0.7071  0.0000 -0.0000 -0.0000  0.7071  0.0000
    1   6.2269 THz   0.5849  0.0000  0.5620  0.0000 -0.5849 -0.0000
    2   8.3376 THz  -0.3974  0.0000  0.8271  0.0000  0.3974  0.0000


 Q=  0.000000  0.142387  0.000000, q= -0.250000  0.000000 -0.250000

                       Cu X   0        Cu Y   0        Cu Z   0     
                    --------------- --------------- ---------------
    0   4.7039 THz   0.0000  0.0000  0.0000  0.0000 -0.9696  0.2448
    1   4.7039 THz   1.0000  0.0000  0.0000  0.0000  0.0000  0.0000
    2   6.7747 THz   0.0000  0.0000 -0.9933 -0.1155  0.0000  0.0000


 Q=  0.071193  0.071193 -0.071193, q= -0.250000  0.000000  0.000000

                       Cu X   0        Cu Y   0        Cu Z   0     
                    --------------- --------------- ---------------
    0   3.2127 THz  -0.3993  0.0000 -0.4171  0.0062 -0.8164  0.0062
    1   3.2127 THz   0.7122  0.0000 -0.7019  0.0035  0.0103  0.0035
    2   6.9599 THz   0.5774  0.0000  0.5774 -0.0000 -0.5774  0.0000


 Q=  0.142387  0.000000 -0.142387, q= -0.250000  0.000000  0.250000

                       Cu X   0        Cu Y   0        Cu Z   0     
                    --------------- --------------- ---------------
    0   4.3557 THz   0.7071  0.0000 -0.0000  0.0000  0.7071  0.0000
    1   6.2981 THz  -0.0000  0.0000 -0.9994  0.0356 -0.0000 -0.0000
    2   7.8692 THz   0.7071  0.0000 -0.0000 -0.0000 -0.7071 -0.0000


 Q= -0.142387  0.284774  0.000000, q= -0.250000  0.250000 -0.500000

                       Cu X   0        Cu Y   0        Cu Z   0     
                    --------------- --------------- ---------------
    0   6.1741 THz   1.0000  0.0000  0.0000  0.0000  0.0000  0.0000
    1   7.5947 THz   0.0000  0.0000  0.4586  0.4848 -0.6448 -0.3726
    2   7.5947 THz   0.0000  0.0000 -0.6933 -0.2719 -0.6650 -0.0564


 Q= -0.071193  0.213580 -0.071193, q= -0.250000  0.250000 -0.250000

                       Cu X   0        Cu Y   0        Cu Z   0     
                    --------------- --------------- ---------------
    0   5.4010 THz  -0.7071  0.0000  0.0000  0.0000  0.7071  0.0000
    1   6.2269 THz   0.5849  0.0000  0.5620  0.0000  0.5849  0.0000
    2   8.3376 THz  -0.3974  0.0000  0.8271 -0.0000 -0.3974  0.0000


 Q=  0.000000  0.142387 -0.142387, q= -0.250000  0.250000  0.000000

                       Cu X   0        Cu Y   0        Cu Z   0     
                    --------------- --------------- ---------------
    0   4.3557 THz   0.0000  0.0000 -0.7031 -0.0753 -0.7031 -0.0753
    1   6.2981 THz   1.0000  0.0000  0.0000  0.0000  0.0000  0.0000
    2   7.8692 THz   0.0000  0.0000 -0.7065  0.0299  0.7065 -0.0299


 Q=  0.071193  0.071193 -0.213580, q= -0.250000  0.250000  0.250000

                       Cu X   0        Cu Y   0        Cu Z   0     
                    --------------- --------------- ---------------
    0   5.4010 THz  -0.7071  0.0000  0.7071  0.0000  0.0000  0.0000
    1   6.2269 THz   0.5849  0.0000  0.5849  0.0000  0.5620  0.0000
    2   8.3376 THz   0.3974  0.0000  0.3974 -0.0000 -0.8271  0.0000


 Q=  0.000000  0.000000  0.284774, q=  0.000000 -0.500000 -0.500000

                       Cu X   0        Cu Y   0        Cu Z   0     
                    --------------- --------------- ---------------
    0   6.3678 THz   1.0000  0.0000  0.0000  0.0000  0.0000  0.0000
    1   6.3678 THz   0.0000  0.0000 -1.0000  0.0000  0.0000 -0.0000
    2   8.8233 THz   0.0000  0.0000  0.0000  0.0000  1.0000  0.0000


 Q=  0.071193 -0.071193  0.213580, q=  0.000000 -0.500000 -0.250000

                       Cu X   0        Cu Y   0        Cu Z   0     
                    --------------- --------------- ---------------
    0   5.4010 THz   0.7071  0.0000  0.7071  0.0000 -0.0000  0.0000
    1   6.2269 THz   0.5849  0.0000 -0.5849 -0.0000 -0.5620 -0.0000
    2   8.3376 THz  -0.3974  0.0000  0.3974  0.0000 -0.8271 -0.0000


 Q=  0.142387 -0.142387  0.142387, q=  0.000000 -0.500000  0.000000

                       Cu X   0        Cu Y   0        Cu Z   0     
                    --------------- --------------- ---------------
    0   4.3236 THz   0.0000  0.0000 -0.7071  0.0000 -0.7071  0.0000
    1   4.3236 THz   0.8165  0.0000  0.4082  0.0000 -0.4082 -0.0000
    2   8.8947 THz   0.5774  0.0000 -0.5774 -0.0000  0.5774  0.0000


 Q=  0.213580 -0.213580  0.071193, q=  0.000000 -0.500000  0.250000

                       Cu X   0        Cu Y   0        Cu Z   0     
                    --------------- --------------- ---------------
    0   5.4010 THz   0.7071  0.0000  0.7071 -0.0000 -0.0000 -0.0000
    1   6.2269 THz   0.5849  0.0000 -0.5849  0.0000 -0.5620  0.0000
    2   8.3376 THz  -0.3974  0.0000  0.3974 -0.0000 -0.8271  0.0000


 Q= -0.071193  0.071193  0.213580, q=  0.000000 -0.250000 -0.500000

                       Cu X   0        Cu Y   0        Cu Z   0     
                    --------------- --------------- ---------------
    0   5.4010 THz  -0.7071  0.0000 -0.7071 -0.0000  0.0000  0.0000
    1   6.2269 THz   0.5849  0.0000 -0.5849 -0.0000  0.5620  0.0000
    2   8.3376 THz  -0.3974  0.0000  0.3974  0.0000  0.8271 -0.0000


 Q=  0.000000  0.000000  0.142387, q=  0.000000 -0.250000 -0.250000

                       Cu X   0        Cu Y   0        Cu Z   0     
                    --------------- --------------- ---------------
    0   4.7039 THz   0.0000  0.0000 -0.7539 -0.6570  0.0000  0.0000
    1   4.7039 THz   1.0000  0.0000  0.0000  0.0000  0.0000  0.0000
    2   6.7747 THz   0.0000  0.0000  0.0000  0.0000  0.9725 -0.2328


 Q=  0.071193 -0.071193  0.071193, q=  0.000000 -0.250000  0.000000

                       Cu X   0        Cu Y   0        Cu Z   0     
                    --------------- --------------- ---------------
    0   3.2127 THz   0.3615  0.0000 -0.4531 -0.0133 -0.8146 -0.0133
    1   3.2127 THz   0.7321  0.0000  0.6791  0.0066 -0.0530  0.0066
    2   6.9599 THz  -0.5774  0.0000  0.5774 -0.0000 -0.5774  0.0000


 Q=  0.142387 -0.142387  0.000000, q=  0.000000 -0.250000  0.250000

                       Cu X   0        Cu Y   0        Cu Z   0     
                    --------------- --------------- ---------------
    0   4.3557 THz   0.7071  0.0000  0.7071 -0.0000  0.0000  0.0000
    1   6.2981 THz   0.0000  0.0000 -0.0000 -0.0000 -0.6202  0.7844
    2   7.8692 THz   0.7071  0.0000 -0.7071  0.0000 -0.0000 -0.0000


 Q= -0.142387  0.142387  0.142387, q=  0.000000  0.000000 -0.500000

                       Cu X   0        Cu Y   0        Cu Z   0     
                    --------------- --------------- ---------------
    0   4.3236 THz   0.0000  0.0000  0.0000 -0.7071 -0.0000  0.7071
    1   4.3236 THz   0.8165  0.0000  0.4082 -0.0000  0.4082 -0.0000
    2   8.8947 THz   0.5774  0.0000 -0.5774  0.0000 -0.5774  0.0000


 Q= -0.071193  0.071193  0.071193, q=  0.000000  0.000000 -0.250000

                       Cu X   0        Cu Y   0        Cu Z   0     
                    --------------- --------------- ---------------
    0   3.2127 THz   0.0000  0.0000  0.6819  0.1871 -0.6819 -0.1871
    1   3.2127 THz   0.8165  0.0000  0.4082 -0.0000  0.4082 -0.0000
    2   6.9599 THz   0.5774  0.0000 -0.5774  0.0000 -0.5774  0.0000


 Q=  0.000000  0.000000  0.000000, q=  0.000000  0.000000  0.000000

                       Cu X   0        Cu Y   0        Cu Z   0     
                    --------------- --------------- ---------------
    0  -0.0000 THz   0.4782  0.0000  0.2414  0.0000 -0.8444  0.0000
    1  -0.0000 THz   0.7510  0.0000  0.3862  0.0000  0.5356  0.0000
    2  -0.0000 THz  -0.4554  0.0000  0.8903  0.0000 -0.0034  0.0000


 Q=  0.071193 -0.071193 -0.071193, q=  0.000000  0.000000  0.250000

                       Cu X   0        Cu Y   0        Cu Z   0     
                    --------------- --------------- ---------------
    0   3.2127 THz   0.0000  0.0000  0.6819 -0.1871 -0.6819  0.1871
    1   3.2127 THz   0.8165  0.0000  0.4082  0.0000  0.4082  0.0000
    2   6.9599 THz   0.5774  0.0000 -0.5774 -0.0000 -0.5774 -0.0000


 Q= -0.213580  0.213580  0.071193, q=  0.000000  0.250000 -0.500000

                       Cu X   0        Cu Y   0        Cu Z   0     
                    --------------- --------------- ---------------
    0   5.4010 THz  -0.7071  0.0000 -0.7071  0.0000  0.0000 -0.0000
    1   6.2269 THz   0.5849  0.0000 -0.5849  0.0000  0.5620 -0.0000
    2   8.3376 THz  -0.3974  0.0000  0.3974 -0.0000  0.8271 -0.0000


 Q= -0.142387  0.142387  0.000000, q=  0.000000  0.250000 -0.250000

                       Cu X   0        Cu Y   0        Cu Z   0     
                    --------------- --------------- ---------------
    0   4.3557 THz   0.7071  0.0000  0.7071  0.0000  0.0000 -0.0000
    1   6.2981 THz   0.0000  0.0000 -0.0000  0.0000 -0.6202 -0.7844
    2   7.8692 THz   0.7071  0.0000 -0.7071 -0.0000 -0.0000  0.0000


 Q= -0.071193  0.071193 -0.071193, q=  0.000000  0.250000  0.000000

                       Cu X   0        Cu Y   0        Cu Z   0     
                    --------------- --------------- ---------------
    0   3.2127 THz   0.3615  0.0000 -0.4531  0.0133 -0.8146  0.0133
    1   3.2127 THz   0.7321  0.0000  0.6791 -0.0066 -0.0530 -0.0066
    2   6.9599 THz  -0.5774  0.0000  0.5774  0.0000 -0.5774 -0.0000


 Q=  0.000000  0.000000 -0.142387, q=  0.000000  0.250000  0.250000

                       Cu X   0        Cu Y   0        Cu Z   0     
                    --------------- --------------- ---------------
    0   4.7039 THz   0.0000  0.0000 -0.7539  0.6570  0.0000 -0.0000
    1   4.7039 THz   1.0000  0.0000  0.0000  0.0000  0.0000  0.0000
    2   6.7747 THz   0.0000  0.0000  0.0000 -0.0000  0.9725  0.2328


 Q= -0.071193 -0.071193  0.355967, q=  0.250000 -0.500000 -0.500000

                       Cu X   0        Cu Y   0        Cu Z   0     
                    --------------- --------------- ---------------
    0   5.4010 THz   0.7071  0.0000 -0.7071  0.0000  0.0000 -0.0000
    1   6.2269 THz   0.5849  0.0000  0.5849 -0.0000 -0.5620 -0.0000
    2   8.3376 THz   0.3974  0.0000  0.3974  0.0000  0.8271  0.0000


 Q=  0.000000 -0.142387  0.284774, q=  0.250000 -0.500000 -0.250000

                       Cu X   0        Cu Y   0        Cu Z   0     
                    --------------- --------------- ---------------
    0   6.1741 THz   0.0000  0.0000 -0.9933 -0.1152 -0.0000  0.0000
    1   7.5947 THz   0.0000  0.0000 -0.0000 -0.0000  0.9823 -0.1873
    2   7.5947 THz   1.0000  0.0000  0.0000  0.0000  0.0000  0.0000


 Q=  0.071193 -0.213580  0.213580, q=  0.250000 -0.500000  0.000000

                       Cu X   0        Cu Y   0        Cu Z   0     
                    --------------- --------------- ---------------
    0   5.4010 THz   0.0000  0.0000 -0.7053 -0.0501 -0.7053 -0.0501
    1   6.2269 THz  -0.5620  0.0000 -0.5849  0.0000  0.5849 -0.0000
    2   8.3376 THz   0.8271  0.0000 -0.3974  0.0000  0.3974 -0.0000


 Q=  0.142387 -0.284774  0.142387, q=  0.250000 -0.500000  0.250000

                       Cu X   0        Cu Y   0        Cu Z   0     
                    --------------- --------------- ---------------
    0   4.3557 THz  -0.7071  0.0000 -0.0000 -0.0000  0.7071 -0.0000
    1   6.2981 THz   0.0000  0.0000 -1.0000  0.0061 -0.0000  0.0000
    2   7.8692 THz   0.7071  0.0000 -0.0000 -0.0000  0.7071 -0.0000


 Q= -0.142387  0.000000  0.284774, q=  0.250000 -0.250000 -0.500000

                       Cu X   0        Cu Y   0        Cu Z   0     
                    --------------- --------------- ---------------
    0   6.1741 THz   1.0000  0.0000  0.0000  0.0000  0.0000  0.0000
    1   7.5947 THz   0.0000  0.0000  0.1088 -0.9589 -0.1475 -0.2164
    2   7.5947 THz   0.0000  0.0000 -0.2056 -0.1622  0.9642 -0.0420


 Q= -0.071193 -0.071193  0.213580, q=  0.250000 -0.250000 -0.250000

                       Cu X   0        Cu Y   0        Cu Z   0     
                    --------------- --------------- ---------------
    0   5.4010 THz  -0.7071  0.0000  0.7071 -0.0000  0.0000 -0.0000
    1   6.2269 THz   0.5849  0.0000  0.5849 -0.0000  0.5620 -0.0000
    2   8.3376 THz   0.3974  0.0000  0.3974  0.0000 -0.8271 -0.0000


 Q=  0.000000 -0.142387  0.142387, q=  0.250000 -0.250000  0.000000

                       Cu X   0        Cu Y   0        Cu Z   0     
                    --------------- --------------- ---------------
    0   4.3557 THz   0.0000  0.0000 -0.7031  0.0753 -0.7031  0.0753
    1   6.2981 THz   1.0000  0.0000  0.0000  0.0000  0.0000  0.0000
    2   7.8692 THz   0.0000  0.0000 -0.7065 -0.0299  0.7065  0.0299


 Q=  0.071193 -0.213580  0.071193, q=  0.250000 -0.250000  0.250000

                       Cu X   0        Cu Y   0        Cu Z   0     
                    --------------- --------------- ---------------
    0   5.4010 THz  -0.7071  0.0000  0.0000 -0.0000  0.7071 -0.0000
    1   6.2269 THz   0.5849  0.0000  0.5620 -0.0000  0.5849 -0.0000
    2   8.3376 THz  -0.3974  0.0000  0.8271  0.0000 -0.3974 -0.0000


 Q= -0.213580  0.071193  0.213580, q=  0.250000  0.000000 -0.500000

                       Cu X   0        Cu Y   0        Cu Z   0     
                    --------------- --------------- ---------------
    0   5.4010 THz   0.7071  0.0000 -0.0000  0.0000  0.7071 -0.0000
    1   6.2269 THz   0.5849  0.0000  0.5620 -0.0000 -0.5849  0.0000
    2   8.3376 THz  -0.3974  0.0000  0.8271 -0.0000  0.3974 -0.0000


 Q= -0.142387  0.000000  0.142387, q=  0.250000  0.000000 -0.250000

                       Cu X   0        Cu Y   0        Cu Z   0     
                    --------------- --------------- ---------------
    0   4.3557 THz   0.7071  0.0000 -0.0000 -0.0000  0.7071 -0.0000
    1   6.2981 THz  -0.0000  0.0000 -0.9994 -0.0356 -0.0000  0.0000
    2   7.8692 THz   0.7071  0.0000 -0.0000  0.0000 -0.7071  0.0000


 Q= -0.071193 -0.071193  0.071193, q=  0.250000  0.000000  0.000000

                       Cu X   0        Cu Y   0        Cu Z   0     
                    --------------- --------------- ---------------
    0   3.2127 THz  -0.3993  0.0000 -0.4171 -0.0062 -0.8164 -0.0062
    1   3.2127 THz   0.7122  0.0000 -0.7019 -0.0035  0.0103 -0.0035
    2   6.9599 THz   0.5774  0.0000  0.5774  0.0000 -0.5774 -0.0000


 Q=  0.000000 -0.142387  0.000000, q=  0.250000  0.000000  0.250000

                       Cu X   0        Cu Y   0        Cu Z   0     
                    --------------- --------------- ---------------
    0   4.7039 THz   0.0000  0.0000  0.0000 -0.0000 -0.9696 -0.2448
    1   4.7039 THz   1.0000  0.0000  0.0000  0.0000  0.0000  0.0000
    2   6.7747 THz   0.0000  0.0000 -0.9933  0.1155  0.0000 -0.0000


 Q= -0.284774  0.142387  0.142387, q=  0.250000  0.250000 -0.500000

                       Cu X   0        Cu Y   0        Cu Z   0     
                    --------------- --------------- ---------------
    0   4.3557 THz   0.0000  0.0000  0.7045 -0.0606 -0.7045  0.0606
    1   6.2981 THz   1.0000  0.0000  0.0000  0.0000  0.0000  0.0000
    2   7.8692 THz   0.0000  0.0000 -0.7068 -0.0216 -0.7068 -0.0216


 Q= -0.213580  0.071193  0.071193, q=  0.250000  0.250000 -0.250000

                       Cu X   0        Cu Y   0        Cu Z   0     
                    --------------- --------------- ---------------
    0   5.4010 THz   0.0000  0.0000  0.6971  0.1185 -0.6971 -0.1185
    1   6.2269 THz  -0.5620  0.0000 -0.5849 -0.0000 -0.5849 -0.0000
    2   8.3376 THz   0.8271  0.0000 -0.3974 -0.0000 -0.3974 -0.0000


 Q= -0.142387  0.000000  0.000000, q=  0.250000  0.250000  0.000000

                       Cu X   0        Cu Y   0        Cu Z   0     
                    --------------- --------------- ---------------
    0   4.7039 THz   0.0000  0.0000 -0.3147  0.3613  0.7919 -0.3785
    1   4.7039 THz   0.0000  0.0000 -0.4131  0.7745 -0.3748  0.2984
    2   6.7747 THz   1.0000  0.0000  0.0000  0.0000  0.0000  0.0000


 Q= -0.071193 -0.071193 -0.071193, q=  0.250000  0.250000  0.250000

                       Cu X   0        Cu Y   0        Cu Z   0     
                    --------------- --------------- ---------------
    0   3.2127 THz   0.8165  0.0000 -0.4082  0.0000 -0.4082  0.0000
    1   3.2127 THz   0.0000  0.0000  0.7040  0.0666 -0.7040 -0.0666
    2   6.9599 THz  -0.5774  0.0000 -0.5774  0.0000 -0.5774  0.0000
