
Used Primitive lattice vector

    0.000000000000      2.733418000000      2.733418000000  
    2.733418000000      0.000000000000      2.733418000000  
    2.733418000000      2.733418000000      0.000000000000  

   2 Atom(s) in the Primitive cell

 0.0000000000 0.0000000000 0.0000000000 Si    0
 0.2500000000 0.2500000000 0.2500000000 Si    1


 Q= -0.091461 -0.091461 -0.091461, q= -0.500000 -0.500000 -0.500000

                       Si X   0        Si Y   0        Si Z   0        Si X   1        Si Y   1        Si Z   1     
                    --------------- --------------- --------------- --------------- --------------- ---------------
    0   3.3223 THz   0.5281  0.0000 -0.4660 -0.0057 -0.0622  0.0057  0.3735 -0.3735 -0.3335  0.3255 -0.0399  0.0480
    1   3.3223 THz   0.2332  0.0000  0.3406  0.0129 -0.5738 -0.0129  0.1649 -0.1649  0.2499 -0.2317 -0.4149  0.3967
    2  10.9821 THz  -0.4082  0.0000 -0.4082 -0.0000 -0.4082 -0.0000  0.2887 -0.2887  0.2887 -0.2887  0.2887 -0.2887
    3  12.2102 THz  -0.4082  0.0000 -0.4082 -0.0000 -0.4082 -0.0000 -0.2887  0.2887 -0.2887  0.2887 -0.2887  0.2887
    4  14.3222 THz  -0.5177  0.0000  0.4802 -0.0004  0.0375  0.0004  0.3661 -0.3661 -0.3393  0.3398 -0.0268  0.0263
    5  14.3222 THz   0.2556  0.0000  0.3205 -0.0007 -0.5761  0.0007 -0.1807  0.1807 -0.2261  0.2272  0.4069 -0.4079


 Q= -0.045730 -0.045730 -0.137191, q= -0.500000 -0.500000 -0.250000

                       Si X   0        Si Y   0        Si Z   0        Si X   1        Si Y   1        Si Z   1     
                    --------------- --------------- --------------- --------------- --------------- ---------------
    0   4.2273 THz   0.5000  0.0000 -0.5000  0.0000  0.0000  0.0000  0.2316 -0.4431 -0.2316  0.4431  0.0000  0.0000
    1   5.8552 THz   0.4223  0.0000  0.4223 -0.0000 -0.2549 -0.2800  0.2922  0.3048  0.2922  0.3048 -0.3785  0.0098
    2   9.4214 THz   0.3122  0.0000  0.3122 -0.0000  0.2317  0.5013 -0.2300  0.2112 -0.2300  0.2112  0.1684  0.5260
    3  12.2127 THz   0.3198  0.0000  0.3198  0.0000  0.4325  0.3292  0.0763 -0.3106  0.0763 -0.3106 -0.2165 -0.4986
    4  13.6660 THz  -0.5000  0.0000  0.5000  0.0000 -0.0000 -0.0000  0.2316 -0.4431 -0.2316  0.4431  0.0000  0.0000
    5  14.0717 THz   0.3492  0.0000  0.3492  0.0000 -0.2951 -0.4112 -0.2176 -0.2731 -0.2176 -0.2731  0.5055 -0.0256


 Q=  0.000000  0.000000 -0.182921, q= -0.500000 -0.500000  0.000000

                       Si X   0        Si Y   0        Si Z   0        Si X   1        Si Y   1        Si Z   1     
                    --------------- --------------- --------------- --------------- --------------- ---------------
    0   4.3547 THz   0.2834  0.0000 -0.6478  0.0000  0.0000  0.0000  0.0000 -0.6478 -0.0000  0.2834  0.0000 -0.0000
    1   4.3547 THz  -0.6478  0.0000 -0.2834  0.0000  0.0000  0.0000 -0.0000 -0.2834 -0.0000 -0.6478  0.0000 -0.0000
    2  12.0257 THz   0.0000  0.0000  0.0000  0.0000  0.6866  0.0209  0.0000 -0.0000 -0.0000  0.0000  0.0222 -0.7264
    3  12.0257 THz  -0.0000  0.0000 -0.0000 -0.0000  0.7267  0.0000 -0.0000  0.0000  0.0000  0.0000  0.0000  0.6869
    4  13.4814 THz   0.6401  0.0000  0.3004 -0.0000  0.0000  0.0000 -0.0000 -0.3004 -0.0000 -0.6401  0.0000  0.0000
    5  13.4814 THz   0.3004  0.0000 -0.6401  0.0000 -0.0000 -0.0000 -0.0000  0.6401  0.0000 -0.3004 -0.0000 -0.0000


 Q=  0.045730  0.045730 -0.228651, q= -0.500000 -0.500000  0.250000

                       Si X   0        Si Y   0        Si Z   0        Si X   1        Si Y   1        Si Z   1     
                    --------------- --------------- --------------- --------------- --------------- ---------------
    0   4.2273 THz   0.5000  0.0000 -0.5000  0.0000 -0.0000  0.0000 -0.2316 -0.4431  0.2316  0.4431  0.0000  0.0000
    1   5.8552 THz   0.4223  0.0000  0.4223 -0.0000 -0.2549  0.2800 -0.2922  0.3048 -0.2922  0.3048  0.3785  0.0098
    2   9.4214 THz  -0.3122  0.0000 -0.3122 -0.0000 -0.2317  0.5013 -0.2300 -0.2112 -0.2300 -0.2112  0.1684 -0.5260
    3  12.2127 THz  -0.3198  0.0000 -0.3198  0.0000 -0.4325  0.3292  0.0763  0.3106  0.0763  0.3106 -0.2165  0.4986
    4  13.6660 THz  -0.5000  0.0000  0.5000 -0.0000 -0.0000  0.0000 -0.2316 -0.4431  0.2316  0.4431 -0.0000  0.0000
    5  14.0717 THz  -0.3492  0.0000 -0.3492  0.0000  0.2951 -0.4112 -0.2176  0.2731 -0.2176  0.2731  0.5055  0.0256


 Q= -0.045730 -0.137191 -0.045730, q= -0.500000 -0.250000 -0.500000

                       Si X   0        Si Y   0        Si Z   0        Si X   1        Si Y   1        Si Z   1     
                    --------------- --------------- --------------- --------------- --------------- ---------------
    0   4.2273 THz   0.5000  0.0000 -0.0000 -0.0000 -0.5000 -0.0000  0.2316 -0.4431 -0.0000  0.0000 -0.2316  0.4431
    1   5.8552 THz   0.4223  0.0000 -0.2549 -0.2800  0.4223  0.0000  0.2922  0.3048 -0.3785  0.0098  0.2922  0.3048
    2   9.4214 THz  -0.3122  0.0000 -0.2317 -0.5013 -0.3122  0.0000  0.2300 -0.2112 -0.1684 -0.5260  0.2300 -0.2112
    3  12.2127 THz  -0.3198  0.0000 -0.4325 -0.3292 -0.3198 -0.0000 -0.0763  0.3106  0.2165  0.4986 -0.0763  0.3106
    4  13.6660 THz  -0.5000  0.0000  0.0000 -0.0000  0.5000  0.0000  0.2316 -0.4431  0.0000  0.0000 -0.2316  0.4431
    5  14.0717 THz  -0.3492  0.0000  0.2951  0.4112 -0.3492 -0.0000  0.2176  0.2731 -0.5055  0.0256  0.2176  0.2731


 Q=  0.000000 -0.091461 -0.091461, q= -0.500000 -0.250000 -0.250000

                       Si X   0        Si Y   0        Si Z   0        Si X   1        Si Y   1        Si Z   1     
                    --------------- --------------- --------------- --------------- --------------- ---------------
    0   4.0999 THz  -0.0000  0.0000  0.4512 -0.2155 -0.4512  0.2155 -0.0000  0.0000  0.4512 -0.2155 -0.4512  0.2155
    1   5.7859 THz   0.6278  0.0000  0.0000 -0.2300 -0.0000 -0.2300  0.6278 -0.0000  0.0000  0.2300 -0.0000  0.2300
    2   8.3767 THz  -0.3370  0.0000 -0.0000 -0.4396 -0.0000 -0.4396  0.3370 -0.0000 -0.0000 -0.4396 -0.0000 -0.4396
    3  12.3849 THz  -0.3253  0.0000 -0.0000 -0.4439 -0.0000 -0.4439 -0.3253  0.0000  0.0000  0.4439  0.0000  0.4439
    4  13.8632 THz  -0.0000  0.0000 -0.3488  0.3583  0.3488 -0.3583  0.0000 -0.0000  0.3488 -0.3583 -0.3488  0.3583
    5  14.3441 THz  -0.6216  0.0000  0.0000  0.2383 -0.0000  0.2383  0.6216  0.0000 -0.0000  0.2383  0.0000  0.2383


 Q=  0.045730 -0.045730 -0.137191, q= -0.500000 -0.250000  0.000000

                       Si X   0        Si Y   0        Si Z   0        Si X   1        Si Y   1        Si Z   1     
                    --------------- --------------- --------------- --------------- --------------- ---------------
    0   4.2273 THz   0.5000  0.0000  0.5000  0.0000 -0.0000  0.0000  0.2316  0.4431  0.2316  0.4431 -0.0000  0.0000
    1   5.8552 THz  -0.4223  0.0000  0.4223  0.0000 -0.2549  0.2800 -0.2922  0.3048  0.2922 -0.3048 -0.3785 -0.0098
    2   9.4214 THz  -0.3122  0.0000  0.3122  0.0000  0.2317 -0.5013  0.2300  0.2112 -0.2300 -0.2112  0.1684 -0.5260
    3  12.2127 THz  -0.3198  0.0000  0.3198 -0.0000  0.4325 -0.3292 -0.0763 -0.3106  0.0763  0.3106 -0.2165  0.4986
    4  13.6660 THz   0.5000  0.0000  0.5000 -0.0000  0.0000 -0.0000 -0.2316 -0.4431 -0.2316 -0.4431 -0.0000 -0.0000
    5  14.0717 THz   0.3492  0.0000 -0.3492  0.0000  0.2951 -0.4112 -0.2176  0.2731  0.2176 -0.2731 -0.5055 -0.0256


 Q=  0.091461  0.000000 -0.182921, q= -0.500000 -0.250000  0.250000

                       Si X   0        Si Y   0        Si Z   0        Si X   1        Si Y   1        Si Z   1     
                    --------------- --------------- --------------- --------------- --------------- ---------------
    0   5.9699 THz  -0.7528 -0.0000 -0.0000  0.0000  0.0000 -0.0000  0.0000  0.0000 -0.0000 -0.4654 -0.4654 -0.0000
    1   5.9699 THz  -0.0000  0.0000 -0.0098  0.4653 -0.4653 -0.0098 -0.7526 -0.0158  0.0000 -0.0000  0.0000  0.0000
    2  10.4786 THz   0.0000  0.0000 -0.2214  0.6362  0.6362  0.2214  0.0000  0.0000 -0.0229 -0.2139  0.2139 -0.0229
    3  10.4786 THz   0.0000  0.0000  0.0807 -0.1994 -0.1994 -0.0807 -0.0000 -0.0000 -0.0385 -0.6725  0.6725 -0.0385
    4  13.6803 THz   0.6582  0.0000  0.0000 -0.0000  0.0000  0.0000 -0.0000 -0.0000  0.0000 -0.5323 -0.5323  0.0000
    5  13.6803 THz  -0.0000 -0.0000  0.3476 -0.4032  0.4032  0.3476 -0.4986 -0.4298 -0.0000  0.0000 -0.0000 -0.0000


 Q=  0.000000 -0.182921  0.000000, q= -0.500000  0.000000 -0.500000

                       Si X   0        Si Y   0        Si Z   0        Si X   1        Si Y   1        Si Z   1     
                    --------------- --------------- --------------- --------------- --------------- ---------------
    0   4.3547 THz   0.0000  0.0000 -0.0000  0.0000 -0.7071 -0.0000  0.0000 -0.7071  0.0000 -0.0000 -0.0000 -0.0000
    1   4.3547 THz   0.7071  0.0000  0.0000  0.0000 -0.0000 -0.0000  0.0000  0.0000  0.0000 -0.0000 -0.0000  0.7071
    2  12.0257 THz   0.0000  0.0000 -0.9942 -0.0347  0.0000 -0.0000 -0.0000  0.0000 -0.0758 -0.0676 -0.0000 -0.0000
    3  12.0257 THz   0.0000  0.0000  0.0483  0.0893  0.0000  0.0000  0.0000 -0.0000  0.1950 -0.9755  0.0000 -0.0000
    4  13.4814 THz   0.0000  0.0000 -0.0000 -0.0000 -0.7071 -0.0000 -0.0000  0.7071 -0.0000 -0.0000  0.0000 -0.0000
    5  13.4814 THz  -0.7071  0.0000  0.0000  0.0000 -0.0000 -0.0000  0.0000  0.0000  0.0000 -0.0000 -0.0000  0.7071


 Q=  0.045730 -0.137191 -0.045730, q= -0.500000  0.000000 -0.250000

                       Si X   0        Si Y   0        Si Z   0        Si X   1        Si Y   1        Si Z   1     
                    --------------- --------------- --------------- --------------- --------------- ---------------
    0   4.2273 THz   0.5000  0.0000  0.0000  0.0000  0.5000 -0.0000  0.2316  0.4431  0.0000  0.0000  0.2316  0.4431
    1   5.8552 THz  -0.4223  0.0000 -0.2549  0.2800  0.4223 -0.0000 -0.2922  0.3048 -0.3785 -0.0098  0.2922 -0.3048
    2   9.4214 THz   0.3122  0.0000 -0.2317  0.5013 -0.3122 -0.0000 -0.2300 -0.2112 -0.1684  0.5260  0.2300  0.2112
    3  12.2127 THz   0.3198  0.0000 -0.4325  0.3292 -0.3198 -0.0000  0.0763  0.3106  0.2165 -0.4986 -0.0763 -0.3106
    4  13.6660 THz   0.5000  0.0000  0.0000 -0.0000  0.5000 -0.0000 -0.2316 -0.4431 -0.0000 -0.0000 -0.2316 -0.4431
    5  14.0717 THz  -0.3492  0.0000 -0.2951  0.4112  0.3492 -0.0000  0.2176 -0.2731  0.5055  0.0256 -0.2176  0.2731


 Q=  0.091461 -0.091461 -0.091461, q= -0.500000  0.000000  0.000000

                       Si X   0        Si Y   0        Si Z   0        Si X   1        Si Y   1        Si Z   1     
                    --------------- --------------- --------------- --------------- --------------- ---------------
    0   3.3223 THz  -0.4793  0.0000 -0.5181  0.0116  0.0388 -0.0116 -0.3390 -0.3390 -0.3746 -0.3582  0.0356  0.0192
    1   3.3223 THz   0.3218  0.0000 -0.2539  0.0173  0.5757 -0.0173  0.2275  0.2275 -0.1917 -0.1673  0.4193  0.3948
    2  10.9821 THz   0.4082  0.0000 -0.4082 -0.0000 -0.4082 -0.0000 -0.2887 -0.2887  0.2887  0.2887  0.2887  0.2887
    3  12.2102 THz  -0.4082  0.0000  0.4082  0.0000  0.4082  0.0000 -0.2887 -0.2887  0.2887  0.2887  0.2887  0.2887
    4  14.3222 THz  -0.3421  0.0000 -0.5738 -0.0059  0.2317  0.0059  0.2419  0.2419  0.4016  0.4099 -0.1597 -0.1680
    5  14.3222 THz  -0.4651 -0.0000  0.0637  0.0043 -0.5288 -0.0043  0.3289  0.3289 -0.0420 -0.0481  0.3709  0.3769


 Q=  0.137191 -0.045730 -0.137191, q= -0.500000  0.000000  0.250000

                       Si X   0        Si Y   0        Si Z   0        Si X   1        Si Y   1        Si Z   1     
                    --------------- --------------- --------------- --------------- --------------- ---------------
    0   4.2273 THz   0.5000  0.0000  0.0000 -0.0000  0.5000  0.0000  0.4431  0.2316  0.0000  0.0000  0.4431  0.2316
    1   5.8552 THz  -0.4223  0.0000 -0.2549 -0.2800  0.4223  0.0000  0.3048 -0.2922 -0.0098 -0.3785 -0.3048  0.2922
    2   9.4214 THz  -0.3122  0.0000  0.2317  0.5013  0.3122 -0.0000  0.2112  0.2300 -0.5260  0.1684 -0.2112 -0.2300
    3  12.2127 THz   0.3198  0.0000 -0.4325 -0.3292 -0.3198  0.0000  0.3106  0.0763 -0.4986  0.2165 -0.3106 -0.0763
    4  13.6660 THz   0.5000  0.0000  0.0000 -0.0000  0.5000  0.0000 -0.4431 -0.2316 -0.0000 -0.0000 -0.4431 -0.2316
    5  14.0717 THz  -0.3492  0.0000 -0.2951 -0.4112  0.3492  0.0000 -0.2731  0.2176  0.0256  0.5055  0.2731 -0.2176


 Q=  0.045730 -0.228651  0.045730, q= -0.500000  0.250000 -0.500000

                       Si X   0        Si Y   0        Si Z   0        Si X   1        Si Y   1        Si Z   1     
                    --------------- --------------- --------------- --------------- --------------- ---------------
    0   4.2273 THz   0.5000  0.0000 -0.0000  0.0000 -0.5000  0.0000 -0.2316 -0.4431  0.0000  0.0000  0.2316  0.4431
    1   5.8552 THz   0.4223  0.0000 -0.2549  0.2800  0.4223 -0.0000 -0.2922  0.3048  0.3785  0.0098 -0.2922  0.3048
    2   9.4214 THz   0.3122  0.0000  0.2317 -0.5013  0.3122  0.0000  0.2300  0.2112 -0.1684  0.5260  0.2300  0.2112
    3  12.2127 THz   0.3198  0.0000  0.4325 -0.3292  0.3198 -0.0000 -0.0763 -0.3106  0.2165 -0.4986 -0.0763 -0.3106
    4  13.6660 THz  -0.5000  0.0000  0.0000 -0.0000  0.5000 -0.0000 -0.2316 -0.4431  0.0000  0.0000  0.2316  0.4431
    5  14.0717 THz   0.3492  0.0000 -0.2951  0.4112  0.3492 -0.0000  0.2176 -0.2731 -0.5055 -0.0256  0.2176 -0.2731


 Q=  0.091461 -0.182921  0.000000, q= -0.500000  0.250000 -0.250000

                       Si X   0        Si Y   0        Si Z   0        Si X   1        Si Y   1        Si Z   1     
                    --------------- --------------- --------------- --------------- --------------- ---------------
    0   5.9699 THz  -0.7528 -0.0000 -0.0000 -0.0000  0.0000 -0.0000 -0.0000  0.0000 -0.4654 -0.0000 -0.0000 -0.4654
    1   5.9699 THz   0.0000 -0.0000 -0.0526  0.4625  0.4625  0.0526 -0.0851  0.7480  0.0000  0.0000  0.0000  0.0000
    2  10.4786 THz   0.0000 -0.0000 -0.2823 -0.4963  0.4963 -0.2823  0.0000  0.0000 -0.4167 -0.0193 -0.0193  0.4167
    3  10.4786 THz  -0.0000  0.0000 -0.1941 -0.3692  0.3692 -0.1941  0.0000  0.0000  0.5692  0.0453  0.0453 -0.5692
    4  13.6803 THz   0.0000  0.0000 -0.1266 -0.5171 -0.5171  0.1266  0.1565  0.6394 -0.0000  0.0000  0.0000  0.0000
    5  13.6803 THz   0.6582  0.0000  0.0000  0.0000 -0.0000  0.0000 -0.0000 -0.0000 -0.5323  0.0000  0.0000 -0.5323


 Q=  0.137191 -0.137191 -0.045730, q= -0.500000  0.250000  0.000000

                       Si X   0        Si Y   0        Si Z   0        Si X   1        Si Y   1        Si Z   1     
                    --------------- --------------- --------------- --------------- --------------- ---------------
    0   4.2273 THz   0.5000  0.0000  0.5000 -0.0000  0.0000  0.0000  0.4431  0.2316  0.4431  0.2316  0.0000  0.0000
    1   5.8552 THz  -0.4223  0.0000  0.4223 -0.0000 -0.2549 -0.2800  0.3048 -0.2922 -0.3048  0.2922 -0.0098 -0.3785
    2   9.4214 THz  -0.3122  0.0000  0.3122  0.0000  0.2317  0.5013  0.2112  0.2300 -0.2112 -0.2300 -0.5260  0.1684
    3  12.2127 THz   0.3198  0.0000 -0.3198  0.0000 -0.4325 -0.3292  0.3106  0.0763 -0.3106 -0.0763 -0.4986  0.2165
    4  13.6660 THz   0.5000  0.0000  0.5000 -0.0000  0.0000  0.0000 -0.4431 -0.2316 -0.4431 -0.2316  0.0000 -0.0000
    5  14.0717 THz  -0.3492  0.0000  0.3492 -0.0000 -0.2951 -0.4112 -0.2731  0.2176  0.2731 -0.2176  0.0256  0.5055


 Q=  0.182921 -0.091461 -0.091461, q= -0.500000  0.250000  0.250000

                       Si X   0        Si Y   0        Si Z   0        Si X   1        Si Y   1        Si Z   1     
                    --------------- --------------- --------------- --------------- --------------- ---------------
    0   4.0999 THz   0.0000  0.0000 -0.2661 -0.4233  0.2661  0.4233 -0.0000 -0.0000  0.4233 -0.2661 -0.4233  0.2661
    1   5.7859 THz   0.6278  0.0000  0.0000  0.2300 -0.0000  0.2300 -0.0000  0.6278  0.2300  0.0000  0.2300 -0.0000
    2   8.3767 THz  -0.3370  0.0000 -0.0000  0.4396 -0.0000  0.4396 -0.0000  0.3370 -0.4396 -0.0000 -0.4396 -0.0000
    3  12.3849 THz   0.3253  0.0000 -0.0000 -0.4439  0.0000 -0.4439  0.0000  0.3253 -0.4439 -0.0000 -0.4439 -0.0000
    4  13.8632 THz  -0.0000  0.0000 -0.3537 -0.3534  0.3537  0.3534 -0.0000  0.0000 -0.3534  0.3537  0.3534 -0.3537
    5  14.3441 THz  -0.6216  0.0000  0.0000 -0.2383 -0.0000 -0.2383  0.0000  0.6216  0.2383 -0.0000  0.2383  0.0000


 Q= -0.137191 -0.045730 -0.045730, q= -0.250000 -0.500000 -0.500000

                       Si X   0        Si Y   0        Si Z   0        Si X   1        Si Y   1        Si Z   1     
                    --------------- --------------- --------------- --------------- --------------- ---------------
    0   4.2273 THz   0.0000  0.0000 -0.4994  0.0244  0.4994 -0.0244  0.0000 -0.0000 -0.2098  0.4539  0.2098 -0.4539
    1   5.8552 THz   0.3786  0.0000 -0.2843  0.3123 -0.2843  0.3123  0.2475 -0.2865 -0.4221  0.0109 -0.4221  0.0109
    2   9.4214 THz  -0.5523  0.0000 -0.1310  0.2834 -0.1310  0.2834 -0.5481 -0.0678 -0.0952 -0.2974 -0.0952 -0.2974
    3  12.2127 THz   0.5436  0.0000  0.2544 -0.1937  0.2544 -0.1937 -0.4743 -0.2656 -0.1274 -0.2933 -0.1274 -0.2933
    4  13.6660 THz  -0.0000  0.0000  0.4885 -0.1067 -0.4885  0.1067  0.0000 -0.0000 -0.1318  0.4823  0.1318 -0.4823
    5  14.0717 THz  -0.5061  0.0000  0.2036 -0.2837  0.2036 -0.2837  0.2739 -0.4256 -0.3487  0.0176 -0.3487  0.0176


 Q= -0.091461  0.000000 -0.091461, q= -0.250000 -0.500000 -0.250000

                       Si X   0        Si Y   0        Si Z   0        Si X   1        Si Y   1        Si Z   1     
                    --------------- --------------- --------------- --------------- --------------- ---------------
    0   4.0999 THz  -0.5000  0.0000  0.0000  0.0000  0.5000 -0.0000 -0.5000  0.0000  0.0000 -0.0000  0.5000 -0.0000
    1   5.7859 THz   0.2300  0.0000  0.0000  0.6278  0.2300 -0.0000 -0.2300  0.0000  0.0000  0.6278 -0.2300  0.0000
    2   8.3767 THz  -0.4396  0.0000  0.0000  0.3370 -0.4396  0.0000 -0.4396  0.0000 -0.0000 -0.3370 -0.4396  0.0000
    3  12.3849 THz  -0.4439  0.0000 -0.0000  0.3253 -0.4439 -0.0000  0.4439  0.0000  0.0000  0.3253  0.4439  0.0000
    4  13.8632 THz   0.5000  0.0000 -0.0000  0.0000 -0.5000  0.0000 -0.5000  0.0000  0.0000 -0.0000  0.5000 -0.0000
    5  14.3441 THz   0.2383  0.0000  0.0000  0.6216  0.2383 -0.0000  0.2383 -0.0000 -0.0000 -0.6216  0.2383  0.0000


 Q= -0.045730  0.045730 -0.137191, q= -0.250000 -0.500000  0.000000

                       Si X   0        Si Y   0        Si Z   0        Si X   1        Si Y   1        Si Z   1     
                    --------------- --------------- --------------- --------------- --------------- ---------------
    0   4.2273 THz   0.5000  0.0000  0.5000  0.0000  0.0000  0.0000  0.2316  0.4431  0.2316  0.4431  0.0000  0.0000
    1   5.8552 THz   0.4223  0.0000 -0.4223 -0.0000 -0.2549  0.2800  0.2922 -0.3048 -0.2922  0.3048 -0.3785 -0.0098
    2   9.4214 THz  -0.3122  0.0000  0.3122  0.0000 -0.2317  0.5013  0.2300  0.2112 -0.2300 -0.2112 -0.1684  0.5260
    3  12.2127 THz   0.3198  0.0000 -0.3198 -0.0000  0.4325 -0.3292  0.0763  0.3106 -0.0763 -0.3106 -0.2165  0.4986
    4  13.6660 THz   0.5000  0.0000  0.5000 -0.0000  0.0000 -0.0000 -0.2316 -0.4431 -0.2316 -0.4431 -0.0000  0.0000
    5  14.0717 THz   0.3492  0.0000 -0.3492  0.0000 -0.2951  0.4112 -0.2176  0.2731  0.2176 -0.2731  0.5055  0.0256


 Q=  0.000000  0.091461 -0.182921, q= -0.250000 -0.500000  0.250000

                       Si X   0        Si Y   0        Si Z   0        Si X   1        Si Y   1        Si Z   1     
                    --------------- --------------- --------------- --------------- --------------- ---------------
    0   5.9699 THz  -0.2885  0.0000 -0.5476 -0.2219  0.0000 -0.2885  0.1372 -0.3385  0.0000 -0.4666 -0.3385 -0.1372
    1   5.9699 THz   0.3653 -0.0000 -0.4324 -0.1752 -0.0000  0.3653  0.1083 -0.2673 -0.0000  0.5908 -0.2673 -0.1083
    2  10.4786 THz   0.7042  0.0000 -0.0000 -0.0000  0.0000 -0.7042 -0.0628  0.0113  0.0000 -0.0000 -0.0113 -0.0628
    3  10.4786 THz   0.0638  0.0000  0.0000  0.0000  0.0000 -0.0638  0.6932 -0.1244 -0.0000 -0.0000  0.1244  0.6932
    4  13.6803 THz  -0.0000  0.0000  0.6276 -0.1985 -0.0000 -0.0000 -0.1606 -0.5075 -0.0000  0.0000 -0.5075  0.1606
    5  13.6803 THz   0.5323  0.0000  0.0000 -0.0000  0.0000  0.5323 -0.0000 -0.0000 -0.0000 -0.6582 -0.0000  0.0000


 Q= -0.091461 -0.091461  0.000000, q= -0.250000 -0.250000 -0.500000

                       Si X   0        Si Y   0        Si Z   0        Si X   1        Si Y   1        Si Z   1     
                    --------------- --------------- --------------- --------------- --------------- ---------------
    0   4.0999 THz  -0.5000  0.0000  0.5000 -0.0000  0.0000 -0.0000 -0.5000  0.0000  0.5000 -0.0000  0.0000 -0.0000
    1   5.7859 THz  -0.2300  0.0000 -0.2300  0.0000 -0.0000 -0.6278  0.2300 -0.0000  0.2300 -0.0000 -0.0000 -0.6278
    2   8.3767 THz   0.4396  0.0000  0.4396 -0.0000 -0.0000 -0.3370  0.4396 -0.0000  0.4396 -0.0000  0.0000  0.3370
    3  12.3849 THz  -0.4439  0.0000 -0.4439 -0.0000 -0.0000  0.3253  0.4439 -0.0000  0.4439 -0.0000 -0.0000  0.3253
    4  13.8632 THz   0.5000  0.0000 -0.5000  0.0000 -0.0000  0.0000 -0.5000  0.0000  0.5000  0.0000  0.0000 -0.0000
    5  14.3441 THz   0.2383  0.0000  0.2383 -0.0000  0.0000  0.6216  0.2383 -0.0000  0.2383 -0.0000 -0.0000 -0.6216


 Q= -0.045730 -0.045730 -0.045730, q= -0.250000 -0.250000 -0.250000

                       Si X   0        Si Y   0        Si Z   0        Si X   1        Si Y   1        Si Z   1     
                    --------------- --------------- --------------- --------------- --------------- ---------------
    0   2.8560 THz   0.5239  0.0000 -0.4717  0.0112 -0.0522 -0.0112  0.4979 -0.1631 -0.4448  0.1575 -0.0531  0.0056
    1   2.8560 THz   0.2426  0.0000  0.3318 -0.0242 -0.5744  0.0242  0.2305 -0.0755  0.3078 -0.1263 -0.5383  0.2018
    2   6.7558 THz  -0.4082  0.0000 -0.4082  0.0000 -0.4082 -0.0000 -0.3630 -0.1869 -0.3630 -0.1869 -0.3630 -0.1869
    3  14.2949 THz  -0.4082  0.0000 -0.4082  0.0000 -0.4082  0.0000  0.3630  0.1869  0.3630  0.1869  0.3630  0.1869
    4  14.5143 THz  -0.4715  0.0000  0.5241 -0.0106 -0.0526  0.0106  0.4481 -0.1468 -0.4948  0.1732  0.0467 -0.0264
    5  14.5143 THz  -0.3332  0.0000 -0.2415  0.0150  0.5747 -0.0150  0.3166 -0.1037  0.2248 -0.0894 -0.5414  0.1931


 Q=  0.000000  0.000000 -0.091461, q= -0.250000 -0.250000  0.000000

                       Si X   0        Si Y   0        Si Z   0        Si X   1        Si Y   1        Si Z   1     
                    --------------- --------------- --------------- --------------- --------------- ---------------
    0   3.8235 THz   0.7071  0.0000  0.0000 -0.0000 -0.0000 -0.0000  0.5735  0.0000 -0.0000  0.4136 -0.0000 -0.0000
    1   3.8235 THz   0.0000  0.0000 -0.6874 -0.1657 -0.0000  0.0000  0.0969 -0.4021 -0.5576 -0.1344 -0.0000 -0.0000
    2   7.0524 THz   0.0000  0.0000  0.0000  0.0000 -0.6504  0.2774  0.0000  0.0000  0.0000 -0.0000 -0.6504  0.2774
    3  13.8740 THz  -0.7071  0.0000  0.0000 -0.0000 -0.0000 -0.0000  0.5735  0.0000 -0.0000  0.4136 -0.0000 -0.0000
    4  13.8740 THz   0.0000  0.0000 -0.6668 -0.2353 -0.0000  0.0000 -0.1376  0.3900  0.5409  0.1909  0.0000 -0.0000
    5  14.4658 THz   0.0000  0.0000  0.0000  0.0000 -0.6877  0.1647  0.0000 -0.0000 -0.0000 -0.0000  0.6877 -0.1647


 Q=  0.045730  0.045730 -0.137191, q= -0.250000 -0.250000  0.250000

                       Si X   0        Si Y   0        Si Z   0        Si X   1        Si Y   1        Si Z   1     
                    --------------- --------------- --------------- --------------- --------------- ---------------
    0   4.2273 THz   0.5000  0.0000 -0.5000  0.0000 -0.0000  0.0000  0.2316 -0.4431 -0.2316  0.4431  0.0000  0.0000
    1   5.8552 THz  -0.4223  0.0000 -0.4223  0.0000 -0.2549 -0.2800 -0.2922 -0.3048 -0.2922 -0.3048 -0.3785  0.0098
    2   9.4214 THz   0.3122  0.0000  0.3122  0.0000 -0.2317 -0.5013 -0.2300  0.2112 -0.2300  0.2112 -0.1684 -0.5260
    3  12.2127 THz  -0.3198  0.0000 -0.3198 -0.0000  0.4325  0.3292 -0.0763  0.3106 -0.0763  0.3106 -0.2165 -0.4986
    4  13.6660 THz  -0.5000  0.0000  0.5000  0.0000 -0.0000  0.0000  0.2316 -0.4431 -0.2316  0.4431 -0.0000  0.0000
    5  14.0717 THz   0.3492  0.0000  0.3492  0.0000  0.2951  0.4112 -0.2176 -0.2731 -0.2176 -0.2731 -0.5055  0.0256


 Q= -0.045730 -0.137191  0.045730, q= -0.250000  0.000000 -0.500000

                       Si X   0        Si Y   0        Si Z   0        Si X   1        Si Y   1        Si Z   1     
                    --------------- --------------- --------------- --------------- --------------- ---------------
    0   4.2273 THz   0.5000  0.0000 -0.0000 -0.0000  0.5000 -0.0000  0.2316  0.4431 -0.0000 -0.0000  0.2316  0.4431
    1   5.8552 THz  -0.4223  0.0000  0.2549 -0.2800  0.4223 -0.0000 -0.2922  0.3048  0.3785  0.0098  0.2922 -0.3048
    2   9.4214 THz  -0.3122  0.0000 -0.2317  0.5013  0.3122  0.0000  0.2300  0.2112 -0.1684  0.5260 -0.2300 -0.2112
    3  12.2127 THz   0.3198  0.0000  0.4325 -0.3292 -0.3198 -0.0000  0.0763  0.3106 -0.2165  0.4986 -0.0763 -0.3106
    4  13.6660 THz  -0.5000  0.0000  0.0000  0.0000 -0.5000  0.0000  0.2316  0.4431 -0.0000 -0.0000  0.2316  0.4431
    5  14.0717 THz  -0.3492  0.0000  0.2951 -0.4112  0.3492 -0.0000  0.2176 -0.2731 -0.5055 -0.0256 -0.2176  0.2731


 Q=  0.000000 -0.091461  0.000000, q= -0.250000  0.000000 -0.250000

                       Si X   0        Si Y   0        Si Z   0        Si X   1        Si Y   1        Si Z   1     
                    --------------- --------------- --------------- --------------- --------------- ---------------
    0   3.8235 THz   0.6978  0.0000 -0.0000 -0.0000 -0.0262 -0.1115  0.6312 -0.0153 -0.0000  0.0000 -0.0213  0.3177
    1   3.8235 THz  -0.1145  0.0000  0.0000 -0.0000 -0.1598 -0.6792  0.3044 -0.0934  0.0000 -0.0000 -0.1296 -0.6179
    2   7.0524 THz  -0.0000  0.0000 -0.7022  0.0835  0.0000 -0.0000 -0.0000  0.0000 -0.7022  0.0835  0.0000 -0.0000
    3  13.8740 THz  -0.6957  0.0000 -0.0000 -0.0000  0.0316  0.1223  0.6358 -0.0185  0.0000  0.0000 -0.0257  0.3077
    4  13.8740 THz  -0.1263  0.0000 -0.0000 -0.0000 -0.1743 -0.6735 -0.2915  0.1020  0.0000  0.0000  0.1414  0.6202
    5  14.4658 THz   0.0000  0.0000 -0.7029 -0.0774  0.0000  0.0000 -0.0000 -0.0000  0.7029  0.0774 -0.0000 -0.0000


 Q=  0.045730 -0.045730 -0.045730, q= -0.250000  0.000000  0.000000

                       Si X   0        Si Y   0        Si Z   0        Si X   1        Si Y   1        Si Z   1     
                    --------------- --------------- --------------- --------------- --------------- ---------------
    0   2.8560 THz  -0.4581  0.0000 -0.5333  0.0065  0.0751 -0.0065 -0.4354 -0.1426 -0.5088 -0.1599  0.0734  0.0172
    1   2.8560 THz   0.3513  0.0000 -0.2210  0.0085  0.5723 -0.0085  0.3339  0.1094 -0.2126 -0.0608  0.5465  0.1701
    2   6.7558 THz   0.4082  0.0000 -0.4082 -0.0000 -0.4082  0.0000  0.3630 -0.1869 -0.3630  0.1869 -0.3630  0.1869
    3  14.2949 THz  -0.4082  0.0000  0.4082  0.0000  0.4082  0.0000  0.3630 -0.1869 -0.3630  0.1869 -0.3630  0.1869
    4  14.5143 THz   0.4078  0.0000  0.5523  0.0627 -0.1445 -0.0627 -0.3875 -0.1269 -0.5053 -0.2316  0.1178  0.1046
    5  14.5143 THz   0.4087  0.0000 -0.1432 -0.0626  0.5519  0.0626 -0.3884 -0.1273  0.1166  0.1041 -0.5050 -0.2313


 Q=  0.091461  0.000000 -0.091461, q= -0.250000  0.000000  0.250000

                       Si X   0        Si Y   0        Si Z   0        Si X   1        Si Y   1        Si Z   1     
                    --------------- --------------- --------------- --------------- --------------- ---------------
    0   4.0999 THz  -0.5000  0.0000 -0.0000  0.0000 -0.5000 -0.0000 -0.5000 -0.0000 -0.0000 -0.0000 -0.5000  0.0000
    1   5.7859 THz   0.2300  0.0000 -0.0000  0.6278 -0.2300 -0.0000 -0.2300 -0.0000 -0.0000  0.6278  0.2300  0.0000
    2   8.3767 THz   0.4396  0.0000  0.0000 -0.3370 -0.4396  0.0000  0.4396  0.0000  0.0000  0.3370 -0.4396 -0.0000
    3  12.3849 THz   0.4439  0.0000 -0.0000 -0.3253 -0.4439 -0.0000 -0.4439 -0.0000  0.0000 -0.3253  0.4439  0.0000
    4  13.8632 THz   0.5000  0.0000  0.0000  0.0000  0.5000  0.0000 -0.5000 -0.0000 -0.0000 -0.0000 -0.5000 -0.0000
    5  14.3441 THz   0.2383  0.0000 -0.0000  0.6216 -0.2383 -0.0000  0.2383  0.0000  0.0000 -0.6216 -0.2383  0.0000


 Q=  0.000000 -0.182921  0.091461, q= -0.250000  0.250000 -0.500000

                       Si X   0        Si Y   0        Si Z   0        Si X   1        Si Y   1        Si Z   1     
                    --------------- --------------- --------------- --------------- --------------- ---------------
    0   5.9699 THz   0.0000  0.0000  0.0000 -0.0000 -0.7136  0.2399 -0.1483 -0.4412 -0.4412  0.1483  0.0000 -0.0000
    1   5.9699 THz   0.4654  0.0000  0.0000  0.4654 -0.0000  0.0000 -0.0000 -0.0000 -0.0000  0.0000  0.0000  0.7528
    2  10.4786 THz   0.7071  0.0000 -0.0000 -0.7071  0.0000  0.0000 -0.0000  0.0000  0.0000 -0.0000 -0.0000 -0.0000
    3  10.4786 THz   0.0000  0.0000  0.0000 -0.0000  0.0000  0.0000  0.5957 -0.3809  0.3809  0.5957  0.0000  0.0000
    4  13.6803 THz   0.5323  0.0000  0.0000  0.5323  0.0000 -0.0000  0.0000 -0.0000 -0.0000  0.0000  0.0000 -0.6582
    5  13.6803 THz   0.0000  0.0000 -0.0000 -0.0000  0.3982 -0.5241 -0.4238 -0.3221 -0.3221  0.4238  0.0000  0.0000


 Q=  0.045730 -0.137191  0.045730, q= -0.250000  0.250000 -0.250000

                       Si X   0        Si Y   0        Si Z   0        Si X   1        Si Y   1        Si Z   1     
                    --------------- --------------- --------------- --------------- --------------- ---------------
    0   4.2273 THz   0.5000  0.0000  0.0000  0.0000 -0.5000 -0.0000  0.2316 -0.4431  0.0000 -0.0000 -0.2316  0.4431
    1   5.8552 THz   0.4223  0.0000  0.2549  0.2800  0.4223  0.0000  0.2922  0.3048  0.3785 -0.0098  0.2922  0.3048
    2   9.4214 THz   0.3122  0.0000 -0.2317 -0.5013  0.3122 -0.0000 -0.2300  0.2112 -0.1684 -0.5260 -0.2300  0.2112
    3  12.2127 THz  -0.3198  0.0000  0.4325  0.3292 -0.3198  0.0000 -0.0763  0.3106 -0.2165 -0.4986 -0.0763  0.3106
    4  13.6660 THz   0.5000  0.0000  0.0000 -0.0000 -0.5000 -0.0000 -0.2316  0.4431 -0.0000  0.0000  0.2316 -0.4431
    5  14.0717 THz  -0.3492  0.0000 -0.2951 -0.4112 -0.3492 -0.0000  0.2176  0.2731  0.5055 -0.0256  0.2176  0.2731


 Q=  0.091461 -0.091461  0.000000, q= -0.250000  0.250000  0.000000

                       Si X   0        Si Y   0        Si Z   0        Si X   1        Si Y   1        Si Z   1     
                    --------------- --------------- --------------- --------------- --------------- ---------------
    0   4.0999 THz  -0.5000  0.0000 -0.5000 -0.0000 -0.0000 -0.0000 -0.5000 -0.0000 -0.5000  0.0000 -0.0000 -0.0000
    1   5.7859 THz   0.2300  0.0000 -0.2300 -0.0000 -0.0000  0.6278 -0.2300 -0.0000  0.2300  0.0000 -0.0000  0.6278
    2   8.3767 THz   0.4396  0.0000 -0.4396  0.0000  0.0000 -0.3370  0.4396  0.0000 -0.4396 -0.0000  0.0000  0.3370
    3  12.3849 THz  -0.4439  0.0000  0.4439  0.0000  0.0000  0.3253  0.4439 -0.0000 -0.4439  0.0000 -0.0000  0.3253
    4  13.8632 THz   0.5000  0.0000  0.5000  0.0000  0.0000 -0.0000 -0.5000 -0.0000 -0.5000 -0.0000 -0.0000  0.0000
    5  14.3441 THz  -0.2383  0.0000  0.2383  0.0000 -0.0000 -0.6216 -0.2383  0.0000  0.2383 -0.0000  0.0000  0.6216


 Q=  0.137191 -0.045730 -0.045730, q= -0.250000  0.250000  0.250000

                       Si X   0        Si Y   0        Si Z   0        Si X   1        Si Y   1        Si Z   1     
                    --------------- --------------- --------------- --------------- --------------- ---------------
    0   4.2273 THz  -0.0000  0.0000 -0.4989 -0.0325  0.4989  0.0325 -0.0000 -0.0000 -0.2024 -0.4572  0.2024  0.4572
    1   5.8552 THz   0.3786  0.0000  0.2843  0.3123  0.2843  0.3123  0.2475  0.2865  0.4221  0.0109  0.4221  0.0109
    2   9.4214 THz   0.5523  0.0000 -0.1310 -0.2834 -0.1310 -0.2834  0.5481 -0.0678 -0.0952  0.2974 -0.0952  0.2974
    3  12.2127 THz  -0.5436  0.0000  0.2544  0.1937  0.2544  0.1937  0.4743 -0.2656 -0.1274  0.2933 -0.1274  0.2933
    4  13.6660 THz   0.0000  0.0000  0.4999 -0.0073 -0.4999  0.0073 -0.0000 -0.0000 -0.2381 -0.4397  0.2381  0.4397
    5  14.0717 THz  -0.5061  0.0000 -0.2036 -0.2837 -0.2036 -0.2837  0.2739  0.4256  0.3487  0.0176  0.3487  0.0176


 Q= -0.182921  0.000000  0.000000, q=  0.000000 -0.500000 -0.500000

                       Si X   0        Si Y   0        Si Z   0        Si X   1        Si Y   1        Si Z   1     
                    --------------- --------------- --------------- --------------- --------------- ---------------
    0   4.3547 THz   0.0000  0.0000 -0.6253 -0.1580 -0.2814  0.0693 -0.0000  0.0000 -0.0693 -0.2814  0.1580 -0.6253
    1   4.3547 THz   0.0000  0.0000  0.2391  0.1638 -0.6409 -0.0719  0.0000 -0.0000  0.0719 -0.6409 -0.1638  0.2391
    2  12.0257 THz   1.0000  0.0000  0.0000  0.0000  0.0000  0.0000  0.0000  0.0000  0.0000  0.0000  0.0000  0.0000
    3  12.0257 THz   0.0000  0.0000 -0.0000  0.0000  0.0000  0.0000  0.3374 -0.9414 -0.0000 -0.0000  0.0000  0.0000
    4  13.4814 THz   0.0000  0.0000  0.4891  0.5067  0.0444  0.0460  0.0000 -0.0000  0.0460 -0.0444  0.5067 -0.4891
    5  13.4814 THz   0.0000  0.0000  0.0639 -0.0000 -0.7042 -0.0000  0.0000 -0.0000  0.0000  0.7042 -0.0000 -0.0639


 Q= -0.137191  0.045730 -0.045730, q=  0.000000 -0.500000 -0.250000

                       Si X   0        Si Y   0        Si Z   0        Si X   1        Si Y   1        Si Z   1     
                    --------------- --------------- --------------- --------------- --------------- ---------------
    0   4.2273 THz   0.0000  0.0000  0.4978 -0.0473  0.4978 -0.0473  0.0000  0.0000  0.2725  0.4192  0.2725  0.4192
    1   5.8552 THz   0.3786  0.0000  0.2843  0.3123 -0.2843 -0.3123  0.2475  0.2865  0.4221  0.0109 -0.4221 -0.0109
    2   9.4214 THz  -0.5523  0.0000  0.1310  0.2834 -0.1310 -0.2834 -0.5481  0.0678  0.0952 -0.2974 -0.0952  0.2974
    3  12.2127 THz  -0.5436  0.0000  0.2544  0.1937 -0.2544 -0.1937  0.4743 -0.2656 -0.1274  0.2933  0.1274 -0.2933
    4  13.6660 THz  -0.0000  0.0000 -0.4255 -0.2627 -0.4255 -0.2627  0.0000  0.0000 -0.0357  0.4987 -0.0357  0.4987
    5  14.0717 THz  -0.5061  0.0000 -0.2036 -0.2837  0.2036  0.2837  0.2739  0.4256  0.3487  0.0176 -0.3487 -0.0176


 Q= -0.091461  0.091461 -0.091461, q=  0.000000 -0.500000  0.000000

                       Si X   0        Si Y   0        Si Z   0        Si X   1        Si Y   1        Si Z   1     
                    --------------- --------------- --------------- --------------- --------------- ---------------
    0   3.3223 THz   0.5084  0.0000  0.4907  0.0149 -0.0176  0.0149  0.3595  0.3595  0.3365  0.3575 -0.0230 -0.0019
    1   3.3223 THz  -0.2737  0.0000  0.3025  0.0277  0.5762  0.0277 -0.1935 -0.1935  0.1943  0.2335  0.3879  0.4270
    2  10.9821 THz  -0.4082  0.0000  0.4082 -0.0000 -0.4082  0.0000  0.2887  0.2887 -0.2887 -0.2887  0.2887  0.2887
    3  12.2102 THz  -0.4082  0.0000  0.4082  0.0000 -0.4082 -0.0000 -0.2887 -0.2887  0.2887  0.2887 -0.2887 -0.2887
    4  14.3222 THz   0.5039  0.0000  0.4959 -0.0076 -0.0080 -0.0076 -0.3563 -0.3563 -0.3560 -0.3452  0.0003  0.0111
    5  14.3222 THz   0.2818  0.0000 -0.2953  0.0137 -0.5771  0.0137 -0.1993 -0.1993  0.2184  0.1991  0.4177  0.3984


 Q= -0.045730  0.137191 -0.137191, q=  0.000000 -0.500000  0.250000

                       Si X   0        Si Y   0        Si Z   0        Si X   1        Si Y   1        Si Z   1     
                    --------------- --------------- --------------- --------------- --------------- ---------------
    0   4.2273 THz  -0.0000  0.0000 -0.4999  0.0087 -0.4999  0.0087 -0.0000 -0.0000 -0.4471 -0.2239 -0.4471 -0.2239
    1   5.8552 THz   0.3786  0.0000  0.2843 -0.3123 -0.2843  0.3123  0.2865  0.2475  0.0109  0.4221 -0.0109 -0.4221
    2   9.4214 THz  -0.5523  0.0000  0.1310 -0.2834 -0.1310  0.2834  0.0678 -0.5481 -0.2974  0.0952  0.2974 -0.0952
    3  12.2127 THz  -0.5436  0.0000  0.2544 -0.1937 -0.2544  0.1937 -0.2656  0.4743  0.2933 -0.1274 -0.2933  0.1274
    4  13.6660 THz  -0.0000  0.0000 -0.4372  0.2425 -0.4372  0.2425  0.0000  0.0000  0.4998 -0.0124  0.4998 -0.0124
    5  14.0717 THz   0.5061  0.0000  0.2036 -0.2837 -0.2036  0.2837 -0.4256 -0.2739 -0.0176 -0.3487  0.0176  0.3487


 Q= -0.137191 -0.045730  0.045730, q=  0.000000 -0.250000 -0.500000

                       Si X   0        Si Y   0        Si Z   0        Si X   1        Si Y   1        Si Z   1     
                    --------------- --------------- --------------- --------------- --------------- ---------------
    0   4.2273 THz   0.0000  0.0000 -0.4855 -0.1197 -0.4855 -0.1197  0.0000  0.0000 -0.1188 -0.4857 -0.1188 -0.4857
    1   5.8552 THz  -0.3786  0.0000  0.2843  0.3123 -0.2843 -0.3123 -0.2475 -0.2865  0.4221  0.0109 -0.4221 -0.0109
    2   9.4214 THz   0.5523  0.0000  0.1310  0.2834 -0.1310 -0.2834  0.5481 -0.0678  0.0952 -0.2974 -0.0952  0.2974
    3  12.2127 THz  -0.5436  0.0000 -0.2544 -0.1937  0.2544  0.1937  0.4743 -0.2656  0.1274 -0.2933 -0.1274  0.2933
    4  13.6660 THz  -0.0000  0.0000  0.4964  0.0599  0.4964  0.0599  0.0000  0.0000 -0.1769 -0.4676 -0.1769 -0.4676
    5  14.0717 THz  -0.5061  0.0000  0.2036  0.2837 -0.2036 -0.2837  0.2739  0.4256 -0.3487 -0.0176  0.3487  0.0176


 Q= -0.091461  0.000000  0.000000, q=  0.000000 -0.250000 -0.250000

                       Si X   0        Si Y   0        Si Z   0        Si X   1        Si Y   1        Si Z   1     
                    --------------- --------------- --------------- --------------- --------------- ---------------
    0   3.8235 THz   0.0000  0.0000  0.6203  0.2994  0.0741 -0.1419  0.0000 -0.0000  0.5861  0.2862 -0.1150  0.2477
    1   3.8235 THz   0.0000  0.0000 -0.0473  0.1530 -0.6513 -0.2241 -0.0000  0.0000  0.0927 -0.2568 -0.6177 -0.2094
    2   7.0524 THz   0.7071  0.0000  0.0000  0.0000 -0.0000 -0.0000  0.7071 -0.0000  0.0000 -0.0000  0.0000 -0.0000
    3  13.8740 THz   0.0000  0.0000  0.5904 -0.2607 -0.1389 -0.2533  0.0000 -0.0000 -0.6271  0.2927 -0.0398 -0.1398
    4  13.8740 THz   0.0000  0.0000  0.0957 -0.2726  0.6250  0.1608  0.0000  0.0000  0.0164 -0.1444 -0.6664 -0.1865
    5  14.4658 THz  -0.7071  0.0000  0.0000  0.0000 -0.0000 -0.0000  0.7071 -0.0000  0.0000 -0.0000  0.0000 -0.0000


 Q= -0.045730  0.045730 -0.045730, q=  0.000000 -0.250000  0.000000

                       Si X   0        Si Y   0        Si Z   0        Si X   1        Si Y   1        Si Z   1     
                    --------------- --------------- --------------- --------------- --------------- ---------------
    0   2.8560 THz   0.4913  0.0000  0.5082  0.0062  0.0169  0.0062  0.4669  0.1530  0.4810  0.1641  0.0141  0.0111
    1   2.8560 THz  -0.3032  0.0000  0.2737  0.0100  0.5770  0.0100 -0.2882 -0.0944  0.2570  0.0947  0.5452  0.1891
    2   6.7558 THz  -0.4082  0.0000  0.4082  0.0000 -0.4082  0.0000 -0.3630  0.1869  0.3630 -0.1869 -0.3630  0.1869
    3  14.2949 THz  -0.4082  0.0000  0.4082  0.0000 -0.4082 -0.0000  0.3630 -0.1869 -0.3630  0.1869  0.3630 -0.1869
    4  14.5143 THz   0.4350  0.0000  0.5463  0.0020  0.1113  0.0020 -0.4134 -0.1354 -0.5185 -0.1720 -0.1051 -0.0366
    5  14.5143 THz  -0.3796  0.0000  0.1869  0.0023  0.5665  0.0023  0.3608  0.1182 -0.1769 -0.0604 -0.5376 -0.1786


 Q=  0.000000  0.091461 -0.091461, q=  0.000000 -0.250000  0.250000

                       Si X   0        Si Y   0        Si Z   0        Si X   1        Si Y   1        Si Z   1     
                    --------------- --------------- --------------- --------------- --------------- ---------------
    0   4.0999 THz  -0.0000  0.0000  0.3049 -0.3963  0.3049 -0.3963  0.0000  0.0000  0.3049 -0.3963  0.3049 -0.3963
    1   5.7859 THz   0.6278  0.0000  0.0000 -0.2300 -0.0000  0.2300  0.6278  0.0000  0.0000  0.2300 -0.0000 -0.2300
    2   8.3767 THz  -0.3370  0.0000  0.0000 -0.4396 -0.0000  0.4396  0.3370  0.0000  0.0000 -0.4396 -0.0000  0.4396
    3  12.3849 THz  -0.3253  0.0000 -0.0000 -0.4439 -0.0000  0.4439 -0.3253  0.0000  0.0000  0.4439  0.0000 -0.4439
    4  13.8632 THz  -0.0000  0.0000  0.4686  0.1744  0.4686  0.1744  0.0000  0.0000 -0.4686 -0.1744 -0.4686 -0.1744
    5  14.3441 THz   0.6216  0.0000  0.0000 -0.2383  0.0000  0.2383 -0.6216  0.0000 -0.0000 -0.2383 -0.0000  0.2383


 Q= -0.091461 -0.091461  0.091461, q=  0.000000  0.000000 -0.500000

                       Si X   0        Si Y   0        Si Z   0        Si X   1        Si Y   1        Si Z   1     
                    --------------- --------------- --------------- --------------- --------------- ---------------
    0   3.3223 THz   0.4921  0.0000 -0.5071 -0.0162 -0.0150 -0.0162  0.3479  0.3479 -0.3471 -0.3700  0.0008 -0.0221
    1   3.3223 THz   0.3020  0.0000  0.2743  0.0264  0.5763  0.0264  0.2136  0.2136  0.1753  0.2126  0.3889  0.4262
    2  10.9821 THz   0.4082  0.0000  0.4082 -0.0000 -0.4082 -0.0000 -0.2887 -0.2887 -0.2887 -0.2887  0.2887  0.2887
    3  12.2102 THz  -0.4082  0.0000 -0.4082  0.0000  0.4082  0.0000 -0.2887 -0.2887 -0.2887 -0.2887  0.2887  0.2887
    4  14.3222 THz  -0.4412  0.0000  0.5416  0.0307  0.1004  0.0307  0.3120  0.3120 -0.3612 -0.4047 -0.0492 -0.0927
    5  14.3222 THz   0.3723  0.0000  0.1942  0.0364  0.5666  0.0364 -0.2633 -0.2633 -0.1116 -0.1631 -0.3749 -0.4264


 Q= -0.045730 -0.045730  0.045730, q=  0.000000  0.000000 -0.250000

                       Si X   0        Si Y   0        Si Z   0        Si X   1        Si Y   1        Si Z   1     
                    --------------- --------------- --------------- --------------- --------------- ---------------
    0   2.8560 THz   0.4450  0.0000 -0.5410 -0.0020 -0.0960 -0.0020  0.4229  0.1386 -0.5135 -0.1704 -0.0906 -0.0318
    1   2.8560 THz   0.3678  0.0000  0.2015  0.0024  0.5693  0.0024  0.3495  0.1145  0.1907  0.0651  0.5403  0.1796
    2   6.7558 THz   0.4082  0.0000  0.4082 -0.0000 -0.4082  0.0000  0.3630 -0.1869  0.3630 -0.1869 -0.3630  0.1869
    3  14.2949 THz  -0.4082  0.0000 -0.4082  0.0000  0.4082  0.0000  0.3630 -0.1869  0.3630 -0.1869 -0.3630  0.1869
    4  14.5143 THz   0.3486 -0.0000 -0.5718 -0.0287 -0.2233 -0.0287 -0.3313 -0.1085  0.5345  0.2053  0.2032  0.0968
    5  14.5143 THz  -0.4602  0.0000 -0.0710 -0.0218 -0.5312 -0.0218  0.4374  0.1433  0.0607  0.0428  0.4980  0.1861


 Q=  0.000000  0.000000  0.000000, q=  0.000000  0.000000  0.000000

                       Si X   0        Si Y   0        Si Z   0        Si X   1        Si Y   1        Si Z   1     
                    --------------- --------------- --------------- --------------- --------------- ---------------
    0  -0.0000 THz  -0.7071  0.0000  0.0000  0.0000  0.0000  0.0000 -0.7071  0.0000 -0.0000  0.0000  0.0000  0.0000
    1  -0.0000 THz   0.0000  0.0000  0.5915  0.0000 -0.3875  0.0000 -0.0000  0.0000  0.5915  0.0000 -0.3875  0.0000
    2  -0.0000 THz   0.0000  0.0000 -0.3875  0.0000 -0.5915  0.0000 -0.0000  0.0000 -0.3875  0.0000 -0.5915  0.0000
    3  14.8711 THz   0.0000  0.0000  0.6661  0.0000 -0.2373  0.0000  0.0000  0.0000 -0.6661  0.0000  0.2373  0.0000
    4  14.8711 THz   0.7071  0.0000  0.0000  0.0000  0.0000  0.0000 -0.7071  0.0000 -0.0000  0.0000  0.0000  0.0000
    5  14.8711 THz   0.0000  0.0000 -0.2373  0.0000 -0.6661  0.0000  0.0000  0.0000  0.2373  0.0000  0.6661  0.0000


 Q=  0.045730  0.045730 -0.045730, q=  0.000000  0.000000  0.250000

                       Si X   0        Si Y   0        Si Z   0        Si X   1        Si Y   1        Si Z   1     
                    --------------- --------------- --------------- --------------- --------------- ---------------
    0   2.8560 THz   0.4450  0.0000 -0.5410  0.0020 -0.0960  0.0020  0.4229 -0.1386 -0.5135  0.1704 -0.0906  0.0318
    1   2.8560 THz   0.3678  0.0000  0.2015 -0.0024  0.5693 -0.0024  0.3495 -0.1145  0.1907 -0.0651  0.5403 -0.1796
    2   6.7558 THz   0.4082  0.0000  0.4082  0.0000 -0.4082 -0.0000  0.3630  0.1869  0.3630  0.1869 -0.3630 -0.1869
    3  14.2949 THz  -0.4082  0.0000 -0.4082 -0.0000  0.4082 -0.0000  0.3630  0.1869  0.3630  0.1869 -0.3630 -0.1869
    4  14.5143 THz   0.3486 -0.0000 -0.5718  0.0287 -0.2233  0.0287 -0.3313  0.1085  0.5345 -0.2053  0.2032 -0.0968
    5  14.5143 THz  -0.4602  0.0000 -0.0710  0.0218 -0.5312  0.0218  0.4374 -0.1433  0.0607 -0.0428  0.4980 -0.1861


 Q= -0.045730 -0.137191  0.137191, q=  0.000000  0.250000 -0.500000

                       Si X   0        Si Y   0        Si Z   0        Si X   1        Si Y   1        Si Z   1     
                    --------------- --------------- --------------- --------------- --------------- ---------------
    0   4.2273 THz   0.0000  0.0000 -0.5000 -0.0002 -0.5000 -0.0002  0.0000  0.0000 -0.4430 -0.2318 -0.4430 -0.2318
    1   5.8552 THz   0.3786  0.0000 -0.2843  0.3123  0.2843 -0.3123  0.2865  0.2475 -0.0109 -0.4221  0.0109  0.4221
    2   9.4214 THz   0.5523  0.0000  0.1310 -0.2834 -0.1310  0.2834 -0.0678  0.5481 -0.2974  0.0952  0.2974 -0.0952
    3  12.2127 THz   0.5436  0.0000  0.2544 -0.1937 -0.2544  0.1937  0.2656 -0.4743  0.2933 -0.1274 -0.2933  0.1274
    4  13.6660 THz   0.0000  0.0000 -0.4967 -0.0576 -0.4967 -0.0576 -0.0000 -0.0000  0.4135  0.2811  0.4135  0.2811
    5  14.0717 THz   0.5061  0.0000 -0.2036  0.2837  0.2036 -0.2837 -0.4256 -0.2739  0.0176  0.3487 -0.0176 -0.3487


 Q=  0.000000 -0.091461  0.091461, q=  0.000000  0.250000 -0.250000

                       Si X   0        Si Y   0        Si Z   0        Si X   1        Si Y   1        Si Z   1     
                    --------------- --------------- --------------- --------------- --------------- ---------------
    0   4.0999 THz  -0.0000  0.0000  0.3049  0.3963  0.3049  0.3963  0.0000 -0.0000  0.3049  0.3963  0.3049  0.3963
    1   5.7859 THz   0.6278  0.0000  0.0000  0.2300 -0.0000 -0.2300  0.6278 -0.0000  0.0000 -0.2300 -0.0000  0.2300
    2   8.3767 THz  -0.3370  0.0000  0.0000  0.4396 -0.0000 -0.4396  0.3370 -0.0000  0.0000  0.4396 -0.0000 -0.4396
    3  12.3849 THz  -0.3253  0.0000 -0.0000  0.4439 -0.0000 -0.4439 -0.3253 -0.0000  0.0000 -0.4439  0.0000  0.4439
    4  13.8632 THz  -0.0000  0.0000  0.4686 -0.1744  0.4686 -0.1744  0.0000 -0.0000 -0.4686  0.1744 -0.4686  0.1744
    5  14.3441 THz   0.6216  0.0000  0.0000  0.2383  0.0000 -0.2383 -0.6216 -0.0000 -0.0000  0.2383 -0.0000 -0.2383


 Q=  0.045730 -0.045730  0.045730, q=  0.000000  0.250000  0.000000

                       Si X   0        Si Y   0        Si Z   0        Si X   1        Si Y   1        Si Z   1     
                    --------------- --------------- --------------- --------------- --------------- ---------------
    0   2.8560 THz   0.4913  0.0000  0.5082 -0.0062  0.0169 -0.0062  0.4669 -0.1530  0.4810 -0.1641  0.0141 -0.0111
    1   2.8560 THz  -0.3032  0.0000  0.2737 -0.0100  0.5770 -0.0100 -0.2882  0.0944  0.2570 -0.0947  0.5452 -0.1891
    2   6.7558 THz  -0.4082  0.0000  0.4082 -0.0000 -0.4082 -0.0000 -0.3630 -0.1869  0.3630  0.1869 -0.3630 -0.1869
    3  14.2949 THz  -0.4082  0.0000  0.4082 -0.0000 -0.4082  0.0000  0.3630  0.1869 -0.3630 -0.1869  0.3630  0.1869
    4  14.5143 THz   0.4350  0.0000  0.5463 -0.0020  0.1113 -0.0020 -0.4134  0.1354 -0.5185  0.1720 -0.1051  0.0366
    5  14.5143 THz  -0.3796  0.0000  0.1869 -0.0023  0.5665 -0.0023  0.3608 -0.1182 -0.1769  0.0604 -0.5376  0.1786


 Q=  0.091461  0.000000  0.000000, q=  0.000000  0.250000  0.250000

                       Si X   0        Si Y   0        Si Z   0        Si X   1        Si Y   1        Si Z   1     
                    --------------- --------------- --------------- --------------- --------------- ---------------
    0   3.8235 THz   0.0000  0.0000  0.6203 -0.2994  0.0741  0.1419  0.0000  0.0000  0.5861 -0.2862 -0.1150 -0.2477
    1   3.8235 THz   0.0000  0.0000 -0.0473 -0.1530 -0.6513  0.2241 -0.0000 -0.0000  0.0927  0.2568 -0.6177  0.2094
    2   7.0524 THz   0.7071  0.0000  0.0000 -0.0000 -0.0000  0.0000  0.7071  0.0000  0.0000  0.0000  0.0000  0.0000
    3  13.8740 THz   0.0000  0.0000  0.5904  0.2607 -0.1389  0.2533  0.0000  0.0000 -0.6271 -0.2927 -0.0398  0.1398
    4  13.8740 THz   0.0000  0.0000  0.0957  0.2726  0.6250 -0.1608  0.0000 -0.0000  0.0164  0.1444 -0.6664  0.1865
    5  14.4658 THz  -0.7071  0.0000  0.0000 -0.0000 -0.0000  0.0000  0.7071  0.0000  0.0000  0.0000  0.0000  0.0000


 Q= -0.228651  0.045730  0.045730, q=  0.250000 -0.500000 -0.500000

                       Si X   0        Si Y   0        Si Z   0        Si X   1        Si Y   1        Si Z   1     
                    --------------- --------------- --------------- --------------- --------------- ---------------
    0   4.2273 THz   0.0000  0.0000 -0.4993  0.0270  0.4993 -0.0270 -0.0000 -0.0000  0.2553  0.4299 -0.2553 -0.4299
    1   5.8552 THz   0.3786  0.0000 -0.2843 -0.3123 -0.2843 -0.3123 -0.2475 -0.2865  0.4221  0.0109  0.4221  0.0109
    2   9.4214 THz  -0.5523  0.0000 -0.1310 -0.2834 -0.1310 -0.2834  0.5481 -0.0678  0.0952 -0.2974  0.0952 -0.2974
    3  12.2127 THz   0.5436  0.0000  0.2544  0.1937  0.2544  0.1937  0.4743 -0.2656  0.1274 -0.2933  0.1274 -0.2933
    4  13.6660 THz   0.0000  0.0000 -0.4834 -0.1277  0.4834  0.1277  0.0000  0.0000 -0.1108 -0.4876  0.1108  0.4876
    5  14.0717 THz   0.5061  0.0000 -0.2036 -0.2837 -0.2036 -0.2837  0.2739  0.4256 -0.3487 -0.0176 -0.3487 -0.0176


 Q= -0.182921  0.091461  0.000000, q=  0.250000 -0.500000 -0.250000

                       Si X   0        Si Y   0        Si Z   0        Si X   1        Si Y   1        Si Z   1     
                    --------------- --------------- --------------- --------------- --------------- ---------------
    0   5.9699 THz   0.4654  0.0000  0.0000 -0.0000 -0.0000 -0.4654  0.0000 -0.0000  0.7528 -0.0000  0.0000  0.0000
    1   5.9699 THz  -0.0000  0.0000  0.6505 -0.3789  0.0000  0.0000  0.4022 -0.2342 -0.0000  0.0000  0.2342  0.4022
    2  10.4786 THz   0.5861  0.0000 -0.0000  0.0000  0.0000  0.5861  0.3908 -0.0613 -0.0000  0.0000 -0.0613 -0.3908
    3  10.4786 THz  -0.3956  0.0000 -0.0000  0.0000  0.0000 -0.3956  0.5790 -0.0908  0.0000 -0.0000 -0.0908 -0.5790
    4  13.6803 THz   0.0000  0.0000 -0.5990 -0.2729  0.0000 -0.0000  0.4844  0.2207 -0.0000 -0.0000 -0.2207  0.4844
    5  13.6803 THz  -0.5323  0.0000 -0.0000 -0.0000 -0.0000  0.5323  0.0000  0.0000  0.6582  0.0000 -0.0000  0.0000


 Q= -0.137191  0.137191 -0.045730, q=  0.250000 -0.500000  0.000000

                       Si X   0        Si Y   0        Si Z   0        Si X   1        Si Y   1        Si Z   1     
                    --------------- --------------- --------------- --------------- --------------- ---------------
    0   4.2273 THz   0.5000  0.0000  0.5000  0.0000 -0.0000  0.0000  0.4431  0.2316  0.4431  0.2316 -0.0000  0.0000
    1   5.8552 THz   0.4223  0.0000 -0.4223 -0.0000 -0.2549 -0.2800 -0.3048  0.2922  0.3048 -0.2922 -0.0098 -0.3785
    2   9.4214 THz  -0.3122  0.0000  0.3122 -0.0000 -0.2317 -0.5013  0.2112  0.2300 -0.2112 -0.2300  0.5260 -0.1684
    3  12.2127 THz  -0.3198  0.0000  0.3198 -0.0000 -0.4325 -0.3292 -0.3106 -0.0763  0.3106  0.0763 -0.4986  0.2165
    4  13.6660 THz   0.5000  0.0000  0.5000  0.0000  0.0000  0.0000 -0.4431 -0.2316 -0.4431 -0.2316  0.0000 -0.0000
    5  14.0717 THz  -0.3492  0.0000  0.3492  0.0000  0.2951  0.4112 -0.2731  0.2176  0.2731 -0.2176 -0.0256 -0.5055


 Q= -0.091461  0.182921 -0.091461, q=  0.250000 -0.500000  0.250000

                       Si X   0        Si Y   0        Si Z   0        Si X   1        Si Y   1        Si Z   1     
                    --------------- --------------- --------------- --------------- --------------- ---------------
    0   4.0999 THz  -0.5000  0.0000 -0.0000  0.0000  0.5000  0.0000 -0.0000 -0.5000 -0.0000 -0.0000 -0.0000  0.5000
    1   5.7859 THz  -0.2300  0.0000 -0.0000  0.6278 -0.2300  0.0000 -0.0000  0.2300 -0.6278  0.0000 -0.0000  0.2300
    2   8.3767 THz  -0.4396  0.0000  0.0000 -0.3370 -0.4396 -0.0000  0.0000 -0.4396 -0.3370  0.0000  0.0000 -0.4396
    3  12.3849 THz   0.4439  0.0000 -0.0000  0.3253  0.4439  0.0000  0.0000 -0.4439 -0.3253 -0.0000  0.0000 -0.4439
    4  13.8632 THz  -0.5000  0.0000  0.0000  0.0000  0.5000  0.0000 -0.0000  0.5000  0.0000 -0.0000  0.0000 -0.5000
    5  14.3441 THz  -0.2383  0.0000 -0.0000  0.6216 -0.2383 -0.0000  0.0000 -0.2383  0.6216  0.0000 -0.0000 -0.2383


 Q= -0.182921  0.000000  0.091461, q=  0.250000 -0.250000 -0.500000

                       Si X   0        Si Y   0        Si Z   0        Si X   1        Si Y   1        Si Z   1     
                    --------------- --------------- --------------- --------------- --------------- ---------------
    0   5.9699 THz   0.0000  0.0000 -0.0000 -0.0000  0.7324  0.1742  0.4528  0.1077 -0.1077  0.4528  0.0000 -0.0000
    1   5.9699 THz   0.4654  0.0000  0.0000 -0.4654  0.0000 -0.0000  0.0000 -0.0000  0.0000 -0.0000  0.7528  0.0000
    2  10.4786 THz  -0.7071  0.0000  0.0000 -0.7071  0.0000 -0.0000 -0.0000  0.0000  0.0000 -0.0000  0.0000  0.0000
    3  10.4786 THz   0.0000  0.0000 -0.0000  0.0000  0.0000  0.0000 -0.7059  0.0416  0.0416  0.7059  0.0000  0.0000
    4  13.6803 THz   0.5323  0.0000  0.0000 -0.5323  0.0000 -0.0000 -0.0000  0.0000  0.0000 -0.0000 -0.6582  0.0000
    5  13.6803 THz   0.0000  0.0000  0.0000 -0.0000 -0.5996 -0.2715  0.4849  0.2196 -0.2196  0.4849 -0.0000 -0.0000


 Q= -0.137191  0.045730  0.045730, q=  0.250000 -0.250000 -0.250000

                       Si X   0        Si Y   0        Si Z   0        Si X   1        Si Y   1        Si Z   1     
                    --------------- --------------- --------------- --------------- --------------- ---------------
    0   4.2273 THz  -0.0000  0.0000 -0.4989  0.0325  0.4989 -0.0325 -0.0000  0.0000 -0.2024  0.4572  0.2024 -0.4572
    1   5.8552 THz   0.3786  0.0000  0.2843 -0.3123  0.2843 -0.3123  0.2475 -0.2865  0.4221 -0.0109  0.4221 -0.0109
    2   9.4214 THz   0.5523  0.0000 -0.1310  0.2834 -0.1310  0.2834  0.5481  0.0678 -0.0952 -0.2974 -0.0952 -0.2974
    3  12.2127 THz  -0.5436  0.0000  0.2544 -0.1937  0.2544 -0.1937  0.4743  0.2656 -0.1274 -0.2933 -0.1274 -0.2933
    4  13.6660 THz   0.0000  0.0000  0.4999  0.0073 -0.4999 -0.0073 -0.0000  0.0000 -0.2381  0.4397  0.2381 -0.4397
    5  14.0717 THz  -0.5061  0.0000 -0.2036  0.2837 -0.2036  0.2837  0.2739 -0.4256  0.3487 -0.0176  0.3487 -0.0176


 Q= -0.091461  0.091461  0.000000, q=  0.250000 -0.250000  0.000000

                       Si X   0        Si Y   0        Si Z   0        Si X   1        Si Y   1        Si Z   1     
                    --------------- --------------- --------------- --------------- --------------- ---------------
    0   4.0999 THz  -0.5000  0.0000 -0.5000  0.0000 -0.0000  0.0000 -0.5000  0.0000 -0.5000 -0.0000 -0.0000  0.0000
    1   5.7859 THz   0.2300  0.0000 -0.2300  0.0000 -0.0000 -0.6278 -0.2300  0.0000  0.2300 -0.0000 -0.0000 -0.6278
    2   8.3767 THz   0.4396  0.0000 -0.4396 -0.0000  0.0000  0.3370  0.4396 -0.0000 -0.4396  0.0000  0.0000 -0.3370
    3  12.3849 THz  -0.4439  0.0000  0.4439 -0.0000  0.0000 -0.3253  0.4439  0.0000 -0.4439 -0.0000 -0.0000 -0.3253
    4  13.8632 THz   0.5000  0.0000  0.5000 -0.0000  0.0000  0.0000 -0.5000  0.0000 -0.5000  0.0000 -0.0000 -0.0000
    5  14.3441 THz  -0.2383  0.0000  0.2383 -0.0000 -0.0000  0.6216 -0.2383 -0.0000  0.2383  0.0000  0.0000 -0.6216


 Q= -0.045730  0.137191 -0.045730, q=  0.250000 -0.250000  0.250000

                       Si X   0        Si Y   0        Si Z   0        Si X   1        Si Y   1        Si Z   1     
                    --------------- --------------- --------------- --------------- --------------- ---------------
    0   4.2273 THz   0.5000  0.0000  0.0000 -0.0000 -0.5000  0.0000  0.2316  0.4431  0.0000  0.0000 -0.2316 -0.4431
    1   5.8552 THz   0.4223  0.0000  0.2549 -0.2800  0.4223 -0.0000  0.2922 -0.3048  0.3785  0.0098  0.2922 -0.3048
    2   9.4214 THz   0.3122  0.0000 -0.2317  0.5013  0.3122  0.0000 -0.2300 -0.2112 -0.1684  0.5260 -0.2300 -0.2112
    3  12.2127 THz  -0.3198  0.0000  0.4325 -0.3292 -0.3198 -0.0000 -0.0763 -0.3106 -0.2165  0.4986 -0.0763 -0.3106
    4  13.6660 THz   0.5000  0.0000  0.0000  0.0000 -0.5000  0.0000 -0.2316 -0.4431 -0.0000 -0.0000  0.2316  0.4431
    5  14.0717 THz  -0.3492  0.0000 -0.2951  0.4112 -0.3492  0.0000  0.2176 -0.2731  0.5055  0.0256  0.2176 -0.2731


 Q= -0.137191 -0.045730  0.137191, q=  0.250000  0.000000 -0.500000

                       Si X   0        Si Y   0        Si Z   0        Si X   1        Si Y   1        Si Z   1     
                    --------------- --------------- --------------- --------------- --------------- ---------------
    0   4.2273 THz   0.5000  0.0000 -0.0000  0.0000  0.5000  0.0000  0.4431  0.2316 -0.0000 -0.0000  0.4431  0.2316
    1   5.8552 THz  -0.4223  0.0000  0.2549  0.2800  0.4223  0.0000  0.3048 -0.2922  0.0098  0.3785 -0.3048  0.2922
    2   9.4214 THz   0.3122  0.0000  0.2317  0.5013 -0.3122  0.0000 -0.2112 -0.2300 -0.5260  0.1684  0.2112  0.2300
    3  12.2127 THz   0.3198  0.0000  0.4325  0.3292 -0.3198  0.0000  0.3106  0.0763  0.4986 -0.2165 -0.3106 -0.0763
    4  13.6660 THz  -0.5000  0.0000  0.0000  0.0000 -0.5000 -0.0000  0.4431  0.2316 -0.0000 -0.0000  0.4431  0.2316
    5  14.0717 THz  -0.3492  0.0000  0.2951  0.4112  0.3492  0.0000 -0.2731  0.2176 -0.0256 -0.5055  0.2731 -0.2176


 Q= -0.091461  0.000000  0.091461, q=  0.250000  0.000000 -0.250000

                       Si X   0        Si Y   0        Si Z   0        Si X   1        Si Y   1        Si Z   1     
                    --------------- --------------- --------------- --------------- --------------- ---------------
    0   4.0999 THz  -0.5000  0.0000 -0.0000 -0.0000 -0.5000  0.0000 -0.5000  0.0000 -0.0000  0.0000 -0.5000 -0.0000
    1   5.7859 THz   0.2300  0.0000 -0.0000 -0.6278 -0.2300  0.0000 -0.2300  0.0000 -0.0000 -0.6278  0.2300 -0.0000
    2   8.3767 THz   0.4396  0.0000  0.0000  0.3370 -0.4396 -0.0000  0.4396 -0.0000  0.0000 -0.3370 -0.4396  0.0000
    3  12.3849 THz   0.4439  0.0000 -0.0000  0.3253 -0.4439  0.0000 -0.4439  0.0000  0.0000  0.3253  0.4439 -0.0000
    4  13.8632 THz   0.5000  0.0000  0.0000 -0.0000  0.5000 -0.0000 -0.5000  0.0000 -0.0000  0.0000 -0.5000  0.0000
    5  14.3441 THz   0.2383  0.0000 -0.0000 -0.6216 -0.2383  0.0000  0.2383 -0.0000  0.0000  0.6216 -0.2383 -0.0000


 Q= -0.045730  0.045730  0.045730, q=  0.250000  0.000000  0.000000

                       Si X   0        Si Y   0        Si Z   0        Si X   1        Si Y   1        Si Z   1     
                    --------------- --------------- --------------- --------------- --------------- ---------------
    0   2.8560 THz  -0.4581  0.0000 -0.5333 -0.0065  0.0751  0.0065 -0.4354  0.1426 -0.5088  0.1599  0.0734 -0.0172
    1   2.8560 THz   0.3513  0.0000 -0.2210 -0.0085  0.5723  0.0085  0.3339 -0.1094 -0.2126  0.0608  0.5465 -0.1701
    2   6.7558 THz   0.4082  0.0000 -0.4082  0.0000 -0.4082 -0.0000  0.3630  0.1869 -0.3630 -0.1869 -0.3630 -0.1869
    3  14.2949 THz  -0.4082  0.0000  0.4082 -0.0000  0.4082 -0.0000  0.3630  0.1869 -0.3630 -0.1869 -0.3630 -0.1869
    4  14.5143 THz   0.4078  0.0000  0.5523 -0.0627 -0.1445  0.0627 -0.3875  0.1269 -0.5053  0.2316  0.1178 -0.1046
    5  14.5143 THz   0.4087  0.0000 -0.1432  0.0626  0.5519 -0.0626 -0.3884  0.1273  0.1166 -0.1041 -0.5050  0.2313


 Q=  0.000000  0.091461  0.000000, q=  0.250000  0.000000  0.250000

                       Si X   0        Si Y   0        Si Z   0        Si X   1        Si Y   1        Si Z   1     
                    --------------- --------------- --------------- --------------- --------------- ---------------
    0   3.8235 THz   0.6978  0.0000 -0.0000  0.0000 -0.0262  0.1115  0.6312  0.0153 -0.0000 -0.0000 -0.0213 -0.3177
    1   3.8235 THz  -0.1145  0.0000  0.0000  0.0000 -0.1598  0.6792  0.3044  0.0934  0.0000  0.0000 -0.1296  0.6179
    2   7.0524 THz  -0.0000  0.0000 -0.7022 -0.0835  0.0000  0.0000 -0.0000 -0.0000 -0.7022 -0.0835  0.0000  0.0000
    3  13.8740 THz  -0.6957  0.0000 -0.0000  0.0000  0.0316 -0.1223  0.6358  0.0185  0.0000 -0.0000 -0.0257 -0.3077
    4  13.8740 THz  -0.1263  0.0000 -0.0000  0.0000 -0.1743  0.6735 -0.2915 -0.1020  0.0000 -0.0000  0.1414 -0.6202
    5  14.4658 THz   0.0000  0.0000 -0.7029  0.0774  0.0000 -0.0000 -0.0000  0.0000  0.7029 -0.0774 -0.0000  0.0000


 Q= -0.091461 -0.091461  0.182921, q=  0.250000  0.250000 -0.500000

                       Si X   0        Si Y   0        Si Z   0        Si X   1        Si Y   1        Si Z   1     
                    --------------- --------------- --------------- --------------- --------------- ---------------
    0   4.0999 THz  -0.5000  0.0000  0.5000  0.0000  0.0000  0.0000  0.0000 -0.5000  0.0000  0.5000 -0.0000  0.0000
    1   5.7859 THz   0.2300  0.0000  0.2300  0.0000  0.0000 -0.6278  0.0000 -0.2300  0.0000 -0.2300  0.6278  0.0000
    2   8.3767 THz   0.4396  0.0000  0.4396 -0.0000 -0.0000  0.3370 -0.0000  0.4396 -0.0000  0.4396  0.3370 -0.0000
    3  12.3849 THz   0.4439  0.0000  0.4439  0.0000  0.0000  0.3253  0.0000 -0.4439  0.0000 -0.4439 -0.3253 -0.0000
    4  13.8632 THz   0.5000  0.0000 -0.5000 -0.0000 -0.0000 -0.0000  0.0000 -0.5000 -0.0000  0.5000 -0.0000  0.0000
    5  14.3441 THz   0.2383  0.0000  0.2383  0.0000  0.0000 -0.6216 -0.0000  0.2383  0.0000  0.2383 -0.6216 -0.0000


 Q= -0.045730 -0.045730  0.137191, q=  0.250000  0.250000 -0.250000

                       Si X   0        Si Y   0        Si Z   0        Si X   1        Si Y   1        Si Z   1     
                    --------------- --------------- --------------- --------------- --------------- ---------------
    0   4.2273 THz   0.5000  0.0000 -0.5000 -0.0000 -0.0000 -0.0000  0.2316  0.4431 -0.2316 -0.4431  0.0000 -0.0000
    1   5.8552 THz  -0.4223  0.0000 -0.4223 -0.0000 -0.2549  0.2800 -0.2922  0.3048 -0.2922  0.3048 -0.3785 -0.0098
    2   9.4214 THz   0.3122  0.0000  0.3122 -0.0000 -0.2317  0.5013 -0.2300 -0.2112 -0.2300 -0.2112 -0.1684  0.5260
    3  12.2127 THz  -0.3198  0.0000 -0.3198  0.0000  0.4325 -0.3292 -0.0763 -0.3106 -0.0763 -0.3106 -0.2165  0.4986
    4  13.6660 THz  -0.5000  0.0000  0.5000 -0.0000 -0.0000 -0.0000  0.2316  0.4431 -0.2316 -0.4431 -0.0000 -0.0000
    5  14.0717 THz   0.3492  0.0000  0.3492 -0.0000  0.2951 -0.4112 -0.2176  0.2731 -0.2176  0.2731 -0.5055 -0.0256


 Q=  0.000000  0.000000  0.091461, q=  0.250000  0.250000  0.000000

                       Si X   0        Si Y   0        Si Z   0        Si X   1        Si Y   1        Si Z   1     
                    --------------- --------------- --------------- --------------- --------------- ---------------
    0   3.8235 THz   0.7071  0.0000  0.0000  0.0000 -0.0000  0.0000  0.5735 -0.0000 -0.0000 -0.4136 -0.0000  0.0000
    1   3.8235 THz   0.0000  0.0000 -0.6874  0.1657 -0.0000  0.0000  0.0969  0.4021 -0.5576  0.1344 -0.0000  0.0000
    2   7.0524 THz   0.0000  0.0000  0.0000 -0.0000 -0.6504 -0.2774  0.0000 -0.0000  0.0000  0.0000 -0.6504 -0.2774
    3  13.8740 THz  -0.7071  0.0000  0.0000  0.0000 -0.0000  0.0000  0.5735 -0.0000 -0.0000 -0.4136 -0.0000  0.0000
    4  13.8740 THz   0.0000  0.0000 -0.6668  0.2353 -0.0000 -0.0000 -0.1376 -0.3900  0.5409 -0.1909  0.0000  0.0000
    5  14.4658 THz   0.0000  0.0000  0.0000 -0.0000 -0.6877 -0.1647  0.0000  0.0000 -0.0000  0.0000  0.6877  0.1647


 Q=  0.045730  0.045730  0.045730, q=  0.250000  0.250000  0.250000

                       Si X   0        Si Y   0        Si Z   0        Si X   1        Si Y   1        Si Z   1     
                    --------------- --------------- --------------- --------------- --------------- ---------------
    0   2.8560 THz   0.5239  0.0000 -0.4717 -0.0112 -0.0522  0.0112  0.4979  0.1631 -0.4448 -0.1575 -0.0531 -0.0056
    1   2.8560 THz   0.2426  0.0000  0.3318  0.0242 -0.5744 -0.0242  0.2305  0.0755  0.3078  0.1263 -0.5383 -0.2018
    2   6.7558 THz  -0.4082  0.0000 -0.4082 -0.0000 -0.4082  0.0000 -0.3630  0.1869 -0.3630  0.1869 -0.3630  0.1869
    3  14.2949 THz  -0.4082  0.0000 -0.4082 -0.0000 -0.4082 -0.0000  0.3630 -0.1869  0.3630 -0.1869  0.3630 -0.1869
    4  14.5143 THz  -0.4715  0.0000  0.5241  0.0106 -0.0526 -0.0106  0.4481  0.1468 -0.4948 -0.1732  0.0467  0.0264
    5  14.5143 THz  -0.3332  0.0000 -0.2415 -0.0150  0.5747  0.0150  0.3166  0.1037  0.2248  0.0894 -0.5414 -0.1931
