
Used Primitive lattice vector

   -1.438201000000      1.438201000000      1.438201000000  
    1.438201000000     -1.438201000000      1.438201000000  
    1.438201000000      1.438201000000     -1.438201000000  

   1 Atom(s) in the Primitive cell

 0.0000000000 0.0000000000 0.0000000000 Fe    0


 Q= -0.347657 -0.347657 -0.347657, q= -0.500000 -0.500000 -0.500000

                       Fe X   0        Fe Y   0        Fe Z   0     
                    --------------- --------------- ---------------
    0   8.5716 THz   0.0000  0.0000  0.6507  0.0000 -0.7594 -0.0000
    1   8.5716 THz   1.0000  0.0000  0.0000  0.0000  0.0000  0.0000
    2   8.5716 THz   0.0000  0.0000 -0.7594 -0.0000 -0.6507 -0.0000


 Q= -0.260742 -0.260742 -0.347657, q= -0.500000 -0.500000 -0.250000

                       Fe X   0        Fe Y   0        Fe Z   0     
                    --------------- --------------- ---------------
    0   7.1456 THz  -0.7071  0.0000 -0.7071 -0.0000 -0.0000  0.0000
    1   7.2304 THz   0.0000  0.0000  0.0000 -0.0000 -0.9848  0.1738
    2   8.3320 THz   0.7071  0.0000 -0.7071 -0.0000 -0.0000  0.0000


 Q= -0.173828 -0.173828 -0.347657, q= -0.500000 -0.500000  0.000000

                       Fe X   0        Fe Y   0        Fe Z   0     
                    --------------- --------------- ---------------
    0   4.8520 THz  -0.7071  0.0000 -0.7071  0.0000 -0.0000  0.0000
    1   6.2603 THz   0.0000  0.0000  0.0000  0.0000 -1.0000 -0.0000
    2   8.1579 THz   0.7071  0.0000 -0.7071  0.0000 -0.0000  0.0000


 Q= -0.086914 -0.086914 -0.347657, q= -0.500000 -0.500000  0.250000

                       Fe X   0        Fe Y   0        Fe Z   0     
                    --------------- --------------- ---------------
    0   7.1456 THz  -0.7071  0.0000 -0.7071  0.0000 -0.0000 -0.0000
    1   7.2304 THz   0.0000  0.0000  0.0000  0.0000 -0.9010 -0.4337
    2   8.3320 THz   0.7071  0.0000 -0.7071  0.0000 -0.0000 -0.0000


 Q= -0.260742 -0.347657 -0.260742, q= -0.500000 -0.250000 -0.500000

                       Fe X   0        Fe Y   0        Fe Z   0     
                    --------------- --------------- ---------------
    0   7.1456 THz  -0.7071  0.0000 -0.0000  0.0000 -0.7071  0.0000
    1   7.2304 THz   0.0000  0.0000  0.9995  0.0327 -0.0000 -0.0000
    2   8.3320 THz   0.7071  0.0000 -0.0000  0.0000 -0.7071  0.0000


 Q= -0.173828 -0.260742 -0.260742, q= -0.500000 -0.250000 -0.250000

                       Fe X   0        Fe Y   0        Fe Z   0     
                    --------------- --------------- ---------------
    0   5.3056 THz  -0.6546  0.0000 -0.5345 -0.0000 -0.5345 -0.0000
    1   6.2825 THz   0.0000  0.0000  0.6044  0.3671 -0.6044 -0.3671
    2   7.8198 THz   0.7559  0.0000 -0.4629 -0.0000 -0.4629 -0.0000


 Q= -0.086914 -0.173828 -0.260742, q= -0.500000 -0.250000  0.000000

                       Fe X   0        Fe Y   0        Fe Z   0     
                    --------------- --------------- ---------------
    0   5.3056 THz   0.5345  0.0000  0.6546  0.0000 -0.5345 -0.0000
    1   6.2825 THz   0.7071  0.0000  0.0000 -0.0000  0.7071  0.0000
    2   7.8198 THz  -0.4629  0.0000  0.7559  0.0000  0.4629  0.0000


 Q=  0.000000 -0.086914 -0.260742, q= -0.500000 -0.250000  0.250000

                       Fe X   0        Fe Y   0        Fe Z   0     
                    --------------- --------------- ---------------
    0   7.1456 THz   0.0000  0.0000  0.7025 -0.0804 -0.7025  0.0804
    1   7.2304 THz   1.0000  0.0000  0.0000  0.0000  0.0000  0.0000
    2   8.3320 THz   0.0000  0.0000 -0.7033 -0.0735 -0.7033 -0.0735


 Q= -0.173828 -0.347657 -0.173828, q= -0.500000  0.000000 -0.500000

                       Fe X   0        Fe Y   0        Fe Z   0     
                    --------------- --------------- ---------------
    0   4.8520 THz  -0.7071  0.0000 -0.0000  0.0000 -0.7071  0.0000
    1   6.2603 THz   0.0000  0.0000  1.0000 -0.0000 -0.0000  0.0000
    2   8.1579 THz   0.7071  0.0000 -0.0000  0.0000 -0.7071  0.0000


 Q= -0.086914 -0.260742 -0.173828, q= -0.500000  0.000000 -0.250000

                       Fe X   0        Fe Y   0        Fe Z   0     
                    --------------- --------------- ---------------
    0   5.3056 THz   0.5345  0.0000 -0.5345 -0.0000  0.6546  0.0000
    1   6.2825 THz  -0.7071  0.0000 -0.7071 -0.0000  0.0000  0.0000
    2   7.8198 THz  -0.4629  0.0000  0.4629 -0.0000  0.7559 -0.0000


 Q=  0.000000 -0.173828 -0.173828, q= -0.500000  0.000000  0.000000

                       Fe X   0        Fe Y   0        Fe Z   0     
                    --------------- --------------- ---------------
    0   4.8520 THz   0.0000  0.0000  0.7071  0.0000 -0.7071 -0.0000
    1   6.2603 THz   1.0000  0.0000  0.0000  0.0000  0.0000  0.0000
    2   8.1579 THz   0.0000  0.0000 -0.7071  0.0000 -0.7071  0.0000


 Q=  0.086914 -0.086914 -0.173828, q= -0.500000  0.000000  0.250000

                       Fe X   0        Fe Y   0        Fe Z   0     
                    --------------- --------------- ---------------
    0   5.3056 THz   0.5345  0.0000 -0.5345  0.0000  0.6546 -0.0000
    1   6.2825 THz  -0.7071  0.0000 -0.7071  0.0000 -0.0000 -0.0000
    2   7.8198 THz  -0.4629  0.0000  0.4629 -0.0000  0.7559 -0.0000


 Q= -0.086914 -0.347657 -0.086914, q= -0.500000  0.250000 -0.500000

                       Fe X   0        Fe Y   0        Fe Z   0     
                    --------------- --------------- ---------------
    0   7.1456 THz  -0.7071  0.0000 -0.0000 -0.0000 -0.7071  0.0000
    1   7.2304 THz   0.0000  0.0000  0.9995 -0.0310 -0.0000  0.0000
    2   8.3320 THz   0.7071  0.0000 -0.0000 -0.0000 -0.7071  0.0000


 Q=  0.000000 -0.260742 -0.086914, q= -0.500000  0.250000 -0.250000

                       Fe X   0        Fe Y   0        Fe Z   0     
                    --------------- --------------- ---------------
    0   7.1456 THz   0.0000  0.0000  0.6843  0.1780 -0.6843 -0.1780
    1   7.2304 THz   1.0000  0.0000  0.0000  0.0000  0.0000  0.0000
    2   8.3320 THz   0.0000  0.0000 -0.7020  0.0845 -0.7020  0.0845


 Q=  0.086914 -0.173828 -0.086914, q= -0.500000  0.250000  0.000000

                       Fe X   0        Fe Y   0        Fe Z   0     
                    --------------- --------------- ---------------
    0   5.3056 THz   0.5345  0.0000  0.6546 -0.0000 -0.5345  0.0000
    1   6.2825 THz   0.7071  0.0000 -0.0000  0.0000  0.7071 -0.0000
    2   7.8198 THz  -0.4629  0.0000  0.7559 -0.0000  0.4629  0.0000


 Q=  0.173828 -0.086914 -0.086914, q= -0.500000  0.250000  0.250000

                       Fe X   0        Fe Y   0        Fe Z   0     
                    --------------- --------------- ---------------
    0   5.3056 THz  -0.6546  0.0000 -0.5345  0.0000 -0.5345  0.0000
    1   6.2825 THz   0.0000  0.0000  0.7055  0.0473 -0.7055 -0.0473
    2   7.8198 THz   0.7559  0.0000 -0.4629  0.0000 -0.4629  0.0000


 Q= -0.347657 -0.260742 -0.260742, q= -0.250000 -0.500000 -0.500000

                       Fe X   0        Fe Y   0        Fe Z   0     
                    --------------- --------------- ---------------
    0   7.1456 THz   0.0000  0.0000 -0.7070  0.0112 -0.7070  0.0112
    1   7.2304 THz   1.0000  0.0000  0.0000  0.0000  0.0000  0.0000
    2   8.3320 THz   0.0000  0.0000  0.2905  0.6447 -0.2905 -0.6447


 Q= -0.260742 -0.173828 -0.260742, q= -0.250000 -0.500000 -0.250000

                       Fe X   0        Fe Y   0        Fe Z   0     
                    --------------- --------------- ---------------
    0   5.3056 THz   0.5345  0.0000  0.6546 -0.0000  0.5345 -0.0000
    1   6.2825 THz  -0.7071  0.0000 -0.0000 -0.0000  0.7071 -0.0000
    2   7.8198 THz  -0.4629  0.0000  0.7559  0.0000 -0.4629 -0.0000


 Q= -0.173828 -0.086914 -0.260742, q= -0.250000 -0.500000  0.000000

                       Fe X   0        Fe Y   0        Fe Z   0     
                    --------------- --------------- ---------------
    0   5.3056 THz  -0.6546  0.0000 -0.5345  0.0000  0.5345  0.0000
    1   6.2825 THz   0.0000  0.0000 -0.7007 -0.0953 -0.7007 -0.0953
    2   7.8198 THz   0.7559  0.0000 -0.4629  0.0000  0.4629  0.0000


 Q= -0.086914  0.000000 -0.260742, q= -0.250000 -0.500000  0.250000

                       Fe X   0        Fe Y   0        Fe Z   0     
                    --------------- --------------- ---------------
    0   7.1456 THz   0.7071  0.0000  0.0000  0.0000 -0.7071  0.0000
    1   7.2304 THz   0.0000  0.0000 -0.9182 -0.3961 -0.0000 -0.0000
    2   8.3320 THz   0.7071  0.0000 -0.0000 -0.0000  0.7071 -0.0000


 Q= -0.260742 -0.260742 -0.173828, q= -0.250000 -0.250000 -0.500000

                       Fe X   0        Fe Y   0        Fe Z   0     
                    --------------- --------------- ---------------
    0   5.3056 THz   0.5345  0.0000  0.5345  0.0000  0.6546  0.0000
    1   6.2825 THz  -0.7071  0.0000  0.7071  0.0000 -0.0000  0.0000
    2   7.8198 THz   0.4629  0.0000  0.4629 -0.0000 -0.7559 -0.0000


 Q= -0.173828 -0.173828 -0.173828, q= -0.250000 -0.250000 -0.250000

                       Fe X   0        Fe Y   0        Fe Z   0     
                    --------------- --------------- ---------------
    0   6.5009 THz   0.0000  0.0000  0.8522 -0.0093 -0.4472 -0.2715
    1   6.5009 THz   0.0000  0.0000 -0.5230 -0.0096 -0.7153 -0.4634
    2   6.5009 THz   1.0000  0.0000  0.0000  0.0000  0.0000  0.0000


 Q= -0.086914 -0.086914 -0.173828, q= -0.250000 -0.250000  0.000000

                       Fe X   0        Fe Y   0        Fe Z   0     
                    --------------- --------------- ---------------
    0   5.3056 THz   0.5345  0.0000  0.5345  0.0000 -0.6546 -0.0000
    1   6.2825 THz   0.7071  0.0000 -0.7071 -0.0000 -0.0000  0.0000
    2   7.8198 THz   0.4629  0.0000  0.4629 -0.0000  0.7559 -0.0000


 Q=  0.000000  0.000000 -0.173828, q= -0.250000 -0.250000  0.250000

                       Fe X   0        Fe Y   0        Fe Z   0     
                    --------------- --------------- ---------------
    0   5.4707 THz   0.0000  0.0000  0.9898  0.1426 -0.0000 -0.0000
    1   5.4707 THz   1.0000  0.0000  0.0000  0.0000  0.0000  0.0000
    2   7.5081 THz   0.0000  0.0000 -0.0000  0.0000 -0.9998  0.0175


 Q= -0.173828 -0.260742 -0.086914, q= -0.250000  0.000000 -0.500000

                       Fe X   0        Fe Y   0        Fe Z   0     
                    --------------- --------------- ---------------
    0   5.3056 THz   0.6546  0.0000 -0.5345 -0.0000  0.5345 -0.0000
    1   6.2825 THz   0.0000  0.0000 -0.6907  0.1512 -0.6907  0.1512
    2   7.8198 THz   0.7559  0.0000  0.4629  0.0000 -0.4629  0.0000


 Q= -0.086914 -0.173828 -0.086914, q= -0.250000  0.000000 -0.250000

                       Fe X   0        Fe Y   0        Fe Z   0     
                    --------------- --------------- ---------------
    0   5.3056 THz   0.5345  0.0000 -0.6546  0.0000  0.5345  0.0000
    1   6.2825 THz  -0.7071  0.0000  0.0000  0.0000  0.7071  0.0000
    2   7.8198 THz   0.4629  0.0000  0.7559 -0.0000  0.4629  0.0000


 Q=  0.000000 -0.086914 -0.086914, q= -0.250000  0.000000  0.000000

                       Fe X   0        Fe Y   0        Fe Z   0     
                    --------------- --------------- ---------------
    0   3.1043 THz   0.0000  0.0000  0.3697  0.6028 -0.3697 -0.6028
    1   3.9639 THz   1.0000  0.0000  0.0000  0.0000  0.0000  0.0000
    2   5.5678 THz   0.0000  0.0000 -0.7065 -0.0285 -0.7065 -0.0285


 Q=  0.086914  0.000000 -0.086914, q= -0.250000  0.000000  0.250000

                       Fe X   0        Fe Y   0        Fe Z   0     
                    --------------- --------------- ---------------
    0   3.1043 THz  -0.7071  0.0000 -0.0000 -0.0000 -0.7071  0.0000
    1   3.9639 THz   0.0000  0.0000  0.9574  0.2887 -0.0000 -0.0000
    2   5.5678 THz   0.7071  0.0000 -0.0000 -0.0000 -0.7071  0.0000


 Q= -0.086914 -0.260742  0.000000, q= -0.250000  0.250000 -0.500000

                       Fe X   0        Fe Y   0        Fe Z   0     
                    --------------- --------------- ---------------
    0   7.1456 THz   0.7071  0.0000 -0.7071  0.0000  0.0000  0.0000
    1   7.2304 THz   0.0000  0.0000 -0.0000  0.0000 -0.9402  0.3407
    2   8.3320 THz  -0.7071  0.0000 -0.7071  0.0000  0.0000  0.0000


 Q=  0.000000 -0.173828  0.000000, q= -0.250000  0.250000 -0.250000

                       Fe X   0        Fe Y   0        Fe Z   0     
                    --------------- --------------- ---------------
    0   5.4707 THz   0.0000  0.0000 -0.0000  0.0000 -0.9941  0.1087
    1   5.4707 THz   1.0000  0.0000  0.0000  0.0000  0.0000  0.0000
    2   7.5081 THz   0.0000  0.0000  0.9797 -0.2003 -0.0000  0.0000


 Q=  0.086914 -0.086914  0.000000, q= -0.250000  0.250000  0.000000

                       Fe X   0        Fe Y   0        Fe Z   0     
                    --------------- --------------- ---------------
    0   3.1043 THz  -0.7071  0.0000 -0.7071  0.0000 -0.0000 -0.0000
    1   3.9639 THz   0.0000  0.0000  0.0000  0.0000 -0.6739 -0.7388
    2   5.5678 THz   0.7071  0.0000 -0.7071  0.0000 -0.0000 -0.0000


 Q=  0.173828  0.000000  0.000000, q= -0.250000  0.250000  0.250000

                       Fe X   0        Fe Y   0        Fe Z   0     
                    --------------- --------------- ---------------
    0   5.4707 THz   0.0000  0.0000 -0.9795  0.0115 -0.1950 -0.0492
    1   5.4707 THz   0.0000  0.0000  0.1989  0.0296 -0.8997 -0.3875
    2   7.5081 THz   1.0000  0.0000  0.0000  0.0000  0.0000  0.0000


 Q= -0.347657 -0.173828 -0.173828, q=  0.000000 -0.500000 -0.500000

                       Fe X   0        Fe Y   0        Fe Z   0     
                    --------------- --------------- ---------------
    0   4.8520 THz   0.0000  0.0000 -0.7071  0.0000 -0.7071  0.0000
    1   6.2603 THz   1.0000  0.0000  0.0000  0.0000  0.0000  0.0000
    2   8.1579 THz   0.0000  0.0000  0.7071  0.0000 -0.7071 -0.0000


 Q= -0.260742 -0.086914 -0.173828, q=  0.000000 -0.500000 -0.250000

                       Fe X   0        Fe Y   0        Fe Z   0     
                    --------------- --------------- ---------------
    0   5.3056 THz   0.5345  0.0000 -0.5345  0.0000 -0.6546  0.0000
    1   6.2825 THz   0.7071  0.0000  0.7071 -0.0000  0.0000 -0.0000
    2   7.8198 THz  -0.4629  0.0000  0.4629 -0.0000 -0.7559  0.0000


 Q= -0.173828  0.000000 -0.173828, q=  0.000000 -0.500000  0.000000

                       Fe X   0        Fe Y   0        Fe Z   0     
                    --------------- --------------- ---------------
    0   4.8520 THz  -0.7071  0.0000 -0.0000 -0.0000  0.7071  0.0000
    1   6.2603 THz   0.0000  0.0000 -1.0000 -0.0000 -0.0000 -0.0000
    2   8.1579 THz   0.7071  0.0000 -0.0000 -0.0000  0.7071  0.0000


 Q= -0.086914  0.086914 -0.173828, q=  0.000000 -0.500000  0.250000

                       Fe X   0        Fe Y   0        Fe Z   0     
                    --------------- --------------- ---------------
    0   5.3056 THz   0.5345  0.0000 -0.5345  0.0000 -0.6546  0.0000
    1   6.2825 THz   0.7071  0.0000  0.7071 -0.0000 -0.0000 -0.0000
    2   7.8198 THz  -0.4629  0.0000  0.4629 -0.0000 -0.7559 -0.0000


 Q= -0.260742 -0.173828 -0.086914, q=  0.000000 -0.250000 -0.500000

                       Fe X   0        Fe Y   0        Fe Z   0     
                    --------------- --------------- ---------------
    0   5.3056 THz   0.5345  0.0000 -0.6546 -0.0000 -0.5345 -0.0000
    1   6.2825 THz   0.7071  0.0000 -0.0000  0.0000  0.7071  0.0000
    2   7.8198 THz   0.4629  0.0000  0.7559 -0.0000 -0.4629  0.0000


 Q= -0.173828 -0.086914 -0.086914, q=  0.000000 -0.250000 -0.250000

                       Fe X   0        Fe Y   0        Fe Z   0     
                    --------------- --------------- ---------------
    0   5.3056 THz   0.6546  0.0000 -0.5345  0.0000 -0.5345  0.0000
    1   6.2825 THz   0.0000  0.0000  0.7031  0.0756 -0.7031 -0.0756
    2   7.8198 THz   0.7559  0.0000  0.4629 -0.0000  0.4629 -0.0000


 Q= -0.086914  0.000000 -0.086914, q=  0.000000 -0.250000  0.000000

                       Fe X   0        Fe Y   0        Fe Z   0     
                    --------------- --------------- ---------------
    0   3.1043 THz   0.7071  0.0000  0.0000 -0.0000 -0.7071 -0.0000
    1   3.9639 THz   0.0000  0.0000 -0.9998  0.0193 -0.0000  0.0000
    2   5.5678 THz  -0.7071 -0.0000 -0.0000  0.0000 -0.7071 -0.0000


 Q=  0.000000  0.086914 -0.086914, q=  0.000000 -0.250000  0.250000

                       Fe X   0        Fe Y   0        Fe Z   0     
                    --------------- --------------- ---------------
    0   3.1043 THz   0.0000  0.0000 -0.7042 -0.0646 -0.7042 -0.0646
    1   3.9639 THz   1.0000  0.0000  0.0000  0.0000  0.0000  0.0000
    2   5.5678 THz   0.0000  0.0000  0.5247 -0.4741 -0.5247  0.4741


 Q= -0.173828 -0.173828  0.000000, q=  0.000000  0.000000 -0.500000

                       Fe X   0        Fe Y   0        Fe Z   0     
                    --------------- --------------- ---------------
    0   4.8520 THz   0.7071  0.0000 -0.7071  0.0000  0.0000  0.0000
    1   6.2603 THz   0.0000  0.0000 -0.0000 -0.0000 -1.0000 -0.0000
    2   8.1579 THz   0.7071  0.0000  0.7071 -0.0000 -0.0000 -0.0000


 Q= -0.086914 -0.086914  0.000000, q=  0.000000  0.000000 -0.250000

                       Fe X   0        Fe Y   0        Fe Z   0     
                    --------------- --------------- ---------------
    0   3.1043 THz   0.7071  0.0000 -0.7071 -0.0000  0.0000 -0.0000
    1   3.9639 THz   0.0000  0.0000 -0.0000 -0.0000 -0.9908 -0.1356
    2   5.5678 THz   0.7071  0.0000  0.7071  0.0000 -0.0000  0.0000


 Q=  0.000000  0.000000  0.000000, q=  0.000000  0.000000  0.000000

                       Fe X   0        Fe Y   0        Fe Z   0     
                    --------------- --------------- ---------------
    0  -0.0000 THz   0.8640  0.0000  0.1114  0.0000 -0.4910  0.0000
    1  -0.0000 THz   0.4965  0.0000 -0.0276  0.0000  0.8676  0.0000
    2   0.0000 THz  -0.0831  0.0000  0.9934  0.0000  0.0791  0.0000


 Q=  0.086914  0.086914  0.000000, q=  0.000000  0.000000  0.250000

                       Fe X   0        Fe Y   0        Fe Z   0     
                    --------------- --------------- ---------------
    0   3.1043 THz   0.7071  0.0000 -0.7071  0.0000  0.0000  0.0000
    1   3.9639 THz   0.0000  0.0000 -0.0000  0.0000 -0.9908  0.1356
    2   5.5678 THz   0.7071  0.0000  0.7071 -0.0000 -0.0000 -0.0000


 Q= -0.086914 -0.173828  0.086914, q=  0.000000  0.250000 -0.500000

                       Fe X   0        Fe Y   0        Fe Z   0     
                    --------------- --------------- ---------------
    0   5.3056 THz   0.5345  0.0000 -0.6546  0.0000 -0.5345  0.0000
    1   6.2825 THz   0.7071  0.0000 -0.0000 -0.0000  0.7071 -0.0000
    2   7.8198 THz   0.4629  0.0000  0.7559  0.0000 -0.4629 -0.0000


 Q=  0.000000 -0.086914  0.086914, q=  0.000000  0.250000 -0.250000

                       Fe X   0        Fe Y   0        Fe Z   0     
                    --------------- --------------- ---------------
    0   3.1043 THz   0.0000  0.0000 -0.7042  0.0646 -0.7042  0.0646
    1   3.9639 THz   1.0000  0.0000  0.0000  0.0000  0.0000  0.0000
    2   5.5678 THz   0.0000  0.0000  0.5247  0.4741 -0.5247 -0.4741


 Q=  0.086914  0.000000  0.086914, q=  0.000000  0.250000  0.000000

                       Fe X   0        Fe Y   0        Fe Z   0     
                    --------------- --------------- ---------------
    0   3.1043 THz   0.7071  0.0000  0.0000  0.0000 -0.7071  0.0000
    1   3.9639 THz   0.0000  0.0000 -0.9998 -0.0193 -0.0000 -0.0000
    2   5.5678 THz  -0.7071 -0.0000 -0.0000 -0.0000 -0.7071  0.0000


 Q=  0.173828  0.086914  0.086914, q=  0.000000  0.250000  0.250000

                       Fe X   0        Fe Y   0        Fe Z   0     
                    --------------- --------------- ---------------
    0   5.3056 THz   0.6546  0.0000 -0.5345 -0.0000 -0.5345 -0.0000
    1   6.2825 THz   0.0000  0.0000  0.7031 -0.0756 -0.7031  0.0756
    2   7.8198 THz   0.7559  0.0000  0.4629  0.0000  0.4629  0.0000


 Q= -0.347657 -0.086914 -0.086914, q=  0.250000 -0.500000 -0.500000

                       Fe X   0        Fe Y   0        Fe Z   0     
                    --------------- --------------- ---------------
    0   7.1456 THz   0.0000  0.0000 -0.7068 -0.0200 -0.7068 -0.0200
    1   7.2304 THz   1.0000  0.0000  0.0000  0.0000  0.0000  0.0000
    2   8.3320 THz   0.0000  0.0000  0.2905 -0.6447 -0.2905  0.6447


 Q= -0.260742  0.000000 -0.086914, q=  0.250000 -0.500000 -0.250000

                       Fe X   0        Fe Y   0        Fe Z   0     
                    --------------- --------------- ---------------
    0   7.1456 THz   0.7071  0.0000  0.0000 -0.0000 -0.7071  0.0000
    1   7.2304 THz   0.0000  0.0000 -0.9761  0.2173 -0.0000  0.0000
    2   8.3320 THz   0.7071  0.0000 -0.0000  0.0000  0.7071 -0.0000


 Q= -0.173828  0.086914 -0.086914, q=  0.250000 -0.500000  0.000000

                       Fe X   0        Fe Y   0        Fe Z   0     
                    --------------- --------------- ---------------
    0   5.3056 THz  -0.6546  0.0000 -0.5345 -0.0000  0.5345 -0.0000
    1   6.2825 THz   0.0000  0.0000 -0.7060 -0.0391 -0.7060 -0.0391
    2   7.8198 THz   0.7559  0.0000 -0.4629 -0.0000  0.4629 -0.0000


 Q= -0.086914  0.173828 -0.086914, q=  0.250000 -0.500000  0.250000

                       Fe X   0        Fe Y   0        Fe Z   0     
                    --------------- --------------- ---------------
    0   5.3056 THz   0.5345  0.0000  0.6546  0.0000  0.5345  0.0000
    1   6.2825 THz  -0.7071  0.0000 -0.0000  0.0000  0.7071  0.0000
    2   7.8198 THz  -0.4629  0.0000  0.7559 -0.0000 -0.4629 -0.0000


 Q= -0.260742 -0.086914  0.000000, q=  0.250000 -0.250000 -0.500000

                       Fe X   0        Fe Y   0        Fe Z   0     
                    --------------- --------------- ---------------
    0   7.1456 THz   0.7071  0.0000 -0.7071  0.0000  0.0000 -0.0000
    1   7.2304 THz   0.0000  0.0000 -0.0000 -0.0000 -0.9962  0.0866
    2   8.3320 THz  -0.7071  0.0000 -0.7071  0.0000  0.0000 -0.0000


 Q= -0.173828  0.000000  0.000000, q=  0.250000 -0.250000 -0.250000

                       Fe X   0        Fe Y   0        Fe Z   0     
                    --------------- --------------- ---------------
    0   5.4707 THz   0.0000  0.0000 -0.9795 -0.0115 -0.1950  0.0492
    1   5.4707 THz   0.0000  0.0000  0.1989 -0.0296 -0.8997  0.3875
    2   7.5081 THz   1.0000  0.0000  0.0000  0.0000  0.0000  0.0000


 Q= -0.086914  0.086914  0.000000, q=  0.250000 -0.250000  0.000000

                       Fe X   0        Fe Y   0        Fe Z   0     
                    --------------- --------------- ---------------
    0   3.1043 THz  -0.7071  0.0000 -0.7071 -0.0000 -0.0000  0.0000
    1   3.9639 THz   0.0000  0.0000  0.0000 -0.0000 -0.6739  0.7388
    2   5.5678 THz   0.7071  0.0000 -0.7071 -0.0000 -0.0000  0.0000


 Q=  0.000000  0.173828  0.000000, q=  0.250000 -0.250000  0.250000

                       Fe X   0        Fe Y   0        Fe Z   0     
                    --------------- --------------- ---------------
    0   5.4707 THz   0.0000  0.0000 -0.0000 -0.0000 -0.9941 -0.1087
    1   5.4707 THz   1.0000  0.0000  0.0000  0.0000  0.0000  0.0000
    2   7.5081 THz   0.0000  0.0000  0.9797  0.2003 -0.0000 -0.0000


 Q= -0.173828 -0.086914  0.086914, q=  0.250000  0.000000 -0.500000

                       Fe X   0        Fe Y   0        Fe Z   0     
                    --------------- --------------- ---------------
    0   5.3056 THz   0.6546  0.0000 -0.5345  0.0000  0.5345  0.0000
    1   6.2825 THz   0.0000  0.0000 -0.7043 -0.0633 -0.7043 -0.0633
    2   7.8198 THz   0.7559  0.0000  0.4629 -0.0000 -0.4629 -0.0000


 Q= -0.086914  0.000000  0.086914, q=  0.250000  0.000000 -0.250000

                       Fe X   0        Fe Y   0        Fe Z   0     
                    --------------- --------------- ---------------
    0   3.1043 THz  -0.7071  0.0000 -0.0000  0.0000 -0.7071 -0.0000
    1   3.9639 THz   0.0000  0.0000  0.9574 -0.2887 -0.0000  0.0000
    2   5.5678 THz   0.7071  0.0000 -0.0000  0.0000 -0.7071 -0.0000


 Q=  0.000000  0.086914  0.086914, q=  0.250000  0.000000  0.000000

                       Fe X   0        Fe Y   0        Fe Z   0     
                    --------------- --------------- ---------------
    0   3.1043 THz   0.0000  0.0000  0.3697 -0.6028 -0.3697  0.6028
    1   3.9639 THz   1.0000  0.0000  0.0000  0.0000  0.0000  0.0000
    2   5.5678 THz   0.0000  0.0000 -0.7065  0.0285 -0.7065  0.0285


 Q=  0.086914  0.173828  0.086914, q=  0.250000  0.000000  0.250000

                       Fe X   0        Fe Y   0        Fe Z   0     
                    --------------- --------------- ---------------
    0   5.3056 THz   0.5345  0.0000 -0.6546 -0.0000  0.5345 -0.0000
    1   6.2825 THz  -0.7071  0.0000  0.0000 -0.0000  0.7071 -0.0000
    2   7.8198 THz   0.4629  0.0000  0.7559  0.0000  0.4629 -0.0000


 Q= -0.086914 -0.086914  0.173828, q=  0.250000  0.250000 -0.500000

                       Fe X   0        Fe Y   0        Fe Z   0     
                    --------------- --------------- ---------------
    0   5.3056 THz   0.5345  0.0000  0.5345 -0.0000  0.6546 -0.0000
    1   6.2825 THz  -0.7071  0.0000  0.7071 -0.0000 -0.0000 -0.0000
    2   7.8198 THz   0.4629  0.0000  0.4629  0.0000 -0.7559 -0.0000


 Q=  0.000000  0.000000  0.173828, q=  0.250000  0.250000 -0.250000

                       Fe X   0        Fe Y   0        Fe Z   0     
                    --------------- --------------- ---------------
    0   5.4707 THz   0.0000  0.0000  0.9898 -0.1426 -0.0000  0.0000
    1   5.4707 THz   1.0000  0.0000  0.0000  0.0000  0.0000  0.0000
    2   7.5081 THz   0.0000  0.0000 -0.0000 -0.0000 -0.9998 -0.0175


 Q=  0.086914  0.086914  0.173828, q=  0.250000  0.250000  0.000000

                       Fe X   0        Fe Y   0        Fe Z   0     
                    --------------- --------------- ---------------
    0   5.3056 THz   0.5345  0.0000  0.5345 -0.0000 -0.6546  0.0000
    1   6.2825 THz   0.7071  0.0000 -0.7071  0.0000 -0.0000 -0.0000
    2   7.8198 THz   0.4629  0.0000  0.4629  0.0000  0.7559  0.0000


 Q=  0.173828  0.173828  0.173828, q=  0.250000  0.250000  0.250000

                       Fe X   0        Fe Y   0        Fe Z   0     
                    --------------- --------------- ---------------
    0   6.5009 THz   0.0000  0.0000  0.8522  0.0093 -0.4472  0.2715
    1   6.5009 THz   0.0000  0.0000 -0.5230  0.0096 -0.7153  0.4634
    2   6.5009 THz   1.0000  0.0000  0.0000  0.0000  0.0000  0.0000
