
Used Primitive lattice vector

    0.000000000000      2.104559000000      2.104559000000  
    2.104559000000      0.000000000000      2.104559000000  
    2.104559000000      2.104559000000      0.000000000000  

   1 Atom(s) in the Primitive cell

 0.0000000000 0.0000000000 0.0000000000 Al    0


 Q= -0.118790 -0.118790 -0.118790, q= -0.500000 -0.500000 -0.500000

                       Al X   0        Al Y   0        Al Z   0     
                    --------------- --------------- ---------------
    0   3.1632 THz   0.8165  0.0000 -0.4082 -0.0000 -0.4082 -0.0000
    1   3.1632 THz   0.0000  0.0000  0.7071  0.0077 -0.7071 -0.0077
    2   5.8038 THz  -0.5774  0.0000 -0.5774 -0.0000 -0.5774 -0.0000


 Q= -0.059395 -0.059395 -0.178185, q= -0.500000 -0.500000 -0.250000

                       Al X   0        Al Y   0        Al Z   0     
                    --------------- --------------- ---------------
    0   3.8927 THz  -0.7071  0.0000  0.7071  0.0000  0.0000 -0.0000
    1   5.1537 THz   0.6055  0.0000  0.6055  0.0000 -0.5165 -0.0000
    2   6.8011 THz  -0.3652  0.0000 -0.3652  0.0000 -0.8563 -0.0000


 Q=  0.000000  0.000000 -0.237579, q= -0.500000 -0.500000  0.000000

                       Al X   0        Al Y   0        Al Z   0     
                    --------------- --------------- ---------------
    0   4.1174 THz   1.0000  0.0000  0.0000  0.0000  0.0000  0.0000
    1   4.1174 THz   0.0000  0.0000 -0.2863  0.9582  0.0000 -0.0000
    2   8.4127 THz   0.0000  0.0000 -0.0000  0.0000 -1.0000 -0.0000


 Q=  0.059395  0.059395 -0.296974, q= -0.500000 -0.500000  0.250000

                       Al X   0        Al Y   0        Al Z   0     
                    --------------- --------------- ---------------
    0   3.8927 THz  -0.7071  0.0000  0.7071 -0.0000  0.0000  0.0000
    1   5.1537 THz   0.6055  0.0000  0.6055 -0.0000 -0.5165  0.0000
    2   6.8011 THz  -0.3652  0.0000 -0.3652  0.0000 -0.8563 -0.0000


 Q= -0.059395 -0.178185 -0.059395, q= -0.500000 -0.250000 -0.500000

                       Al X   0        Al Y   0        Al Z   0     
                    --------------- --------------- ---------------
    0   3.8927 THz  -0.7071  0.0000  0.0000  0.0000  0.7071 -0.0000
    1   5.1537 THz   0.6055  0.0000 -0.5165  0.0000  0.6055 -0.0000
    2   6.8011 THz   0.3652  0.0000  0.8563 -0.0000  0.3652 -0.0000


 Q=  0.000000 -0.118790 -0.118790, q= -0.500000 -0.250000 -0.250000

                       Al X   0        Al Y   0        Al Z   0     
                    --------------- --------------- ---------------
    0   3.5992 THz   0.0000  0.0000  0.3858  0.5926 -0.3858 -0.5926
    1   4.1148 THz   1.0000  0.0000  0.0000  0.0000  0.0000  0.0000
    2   6.2926 THz   0.0000  0.0000 -0.5649  0.4253 -0.5649  0.4253


 Q=  0.059395 -0.059395 -0.178185, q= -0.500000 -0.250000  0.000000

                       Al X   0        Al Y   0        Al Z   0     
                    --------------- --------------- ---------------
    0   3.8927 THz   0.7071  0.0000  0.7071 -0.0000  0.0000  0.0000
    1   5.1537 THz   0.6055  0.0000 -0.6055  0.0000  0.5165 -0.0000
    2   6.8011 THz   0.3652  0.0000 -0.3652  0.0000 -0.8563  0.0000


 Q=  0.118790  0.000000 -0.237579, q= -0.500000 -0.250000  0.250000

                       Al X   0        Al Y   0        Al Z   0     
                    --------------- --------------- ---------------
    0   4.7683 THz   1.0000  0.0000  0.0000  0.0000  0.0000  0.0000
    1   5.8960 THz   0.0000  0.0000 -0.0789 -0.2161  0.9348 -0.2706
    2   5.8960 THz   0.0000  0.0000 -0.9620  0.1469  0.0192  0.2293


 Q=  0.000000 -0.237579  0.000000, q= -0.500000  0.000000 -0.500000

                       Al X   0        Al Y   0        Al Z   0     
                    --------------- --------------- ---------------
    0   4.1174 THz   0.0000  0.0000  0.0000  0.0000 -1.0000  0.0000
    1   4.1174 THz   1.0000  0.0000  0.0000  0.0000  0.0000  0.0000
    2   8.4127 THz   0.0000  0.0000 -0.0282 -0.9996 -0.0000 -0.0000


 Q=  0.059395 -0.178185 -0.059395, q= -0.500000  0.000000 -0.250000

                       Al X   0        Al Y   0        Al Z   0     
                    --------------- --------------- ---------------
    0   3.8927 THz   0.7071  0.0000 -0.0000  0.0000  0.7071 -0.0000
    1   5.1537 THz   0.6055  0.0000  0.5165 -0.0000 -0.6055  0.0000
    2   6.8011 THz  -0.3652  0.0000  0.8563  0.0000  0.3652  0.0000


 Q=  0.118790 -0.118790 -0.118790, q= -0.500000  0.000000  0.000000

                       Al X   0        Al Y   0        Al Z   0     
                    --------------- --------------- ---------------
    0   3.1632 THz   0.6666  0.0000 -0.0709  0.0576  0.7375 -0.0576
    1   3.1632 THz  -0.4715 -0.0000 -0.8073  0.0814  0.3358 -0.0814
    2   5.8038 THz  -0.5774  0.0000  0.5774  0.0000  0.5774  0.0000


 Q=  0.178185 -0.059395 -0.178185, q= -0.500000  0.000000  0.250000

                       Al X   0        Al Y   0        Al Z   0     
                    --------------- --------------- ---------------
    0   3.8927 THz   0.7071  0.0000  0.0000  0.0000  0.7071 -0.0000
    1   5.1537 THz   0.6055  0.0000  0.5165 -0.0000 -0.6055  0.0000
    2   6.8011 THz  -0.3652  0.0000  0.8563 -0.0000  0.3652 -0.0000


 Q=  0.059395 -0.296974  0.059395, q= -0.500000  0.250000 -0.500000

                       Al X   0        Al Y   0        Al Z   0     
                    --------------- --------------- ---------------
    0   3.8927 THz  -0.7071  0.0000 -0.0000 -0.0000  0.7071  0.0000
    1   5.1537 THz   0.6055  0.0000 -0.5165 -0.0000  0.6055  0.0000
    2   6.8011 THz   0.3652  0.0000  0.8563  0.0000  0.3652  0.0000


 Q=  0.118790 -0.237579  0.000000, q= -0.500000  0.250000 -0.250000

                       Al X   0        Al Y   0        Al Z   0     
                    --------------- --------------- ---------------
    0   4.7683 THz   1.0000  0.0000  0.0000  0.0000  0.0000  0.0000
    1   5.8960 THz   0.0000  0.0000 -0.0943  0.0388 -0.2811 -0.9543
    2   5.8960 THz   0.0000  0.0000 -0.9946  0.0168 -0.0089  0.1016


 Q=  0.178185 -0.178185 -0.059395, q= -0.500000  0.250000  0.000000

                       Al X   0        Al Y   0        Al Z   0     
                    --------------- --------------- ---------------
    0   3.8927 THz   0.7071  0.0000  0.7071  0.0000  0.0000 -0.0000
    1   5.1537 THz   0.6055  0.0000 -0.6055 -0.0000  0.5165  0.0000
    2   6.8011 THz   0.3652  0.0000 -0.3652 -0.0000 -0.8563 -0.0000


 Q=  0.237579 -0.118790 -0.118790, q= -0.500000  0.250000  0.250000

                       Al X   0        Al Y   0        Al Z   0     
                    --------------- --------------- ---------------
    0   3.5992 THz   0.0000  0.0000 -0.0027  0.7071  0.0027 -0.7071
    1   4.1148 THz   1.0000  0.0000  0.0000  0.0000  0.0000  0.0000
    2   6.2926 THz   0.0000  0.0000 -0.0253  0.7067 -0.0253  0.7067


 Q= -0.178185 -0.059395 -0.059395, q= -0.250000 -0.500000 -0.500000

                       Al X   0        Al Y   0        Al Z   0     
                    --------------- --------------- ---------------
    0   3.8927 THz   0.0000  0.0000  0.7061 -0.0378 -0.7061  0.0378
    1   5.1537 THz   0.5165  0.0000 -0.6055  0.0000 -0.6055  0.0000
    2   6.8011 THz   0.8563  0.0000  0.3652 -0.0000  0.3652 -0.0000


 Q= -0.118790  0.000000 -0.118790, q= -0.250000 -0.500000 -0.250000

                       Al X   0        Al Y   0        Al Z   0     
                    --------------- --------------- ---------------
    0   3.5992 THz   0.7071  0.0000  0.0000  0.0000 -0.7071 -0.0000
    1   4.1148 THz   0.0000  0.0000  0.9986 -0.0523  0.0000  0.0000
    2   6.2926 THz   0.7071  0.0000  0.0000 -0.0000  0.7071  0.0000


 Q= -0.059395  0.059395 -0.178185, q= -0.250000 -0.500000  0.000000

                       Al X   0        Al Y   0        Al Z   0     
                    --------------- --------------- ---------------
    0   3.8927 THz   0.7071  0.0000  0.7071 -0.0000 -0.0000 -0.0000
    1   5.1537 THz   0.6055  0.0000 -0.6055  0.0000 -0.5165  0.0000
    2   6.8011 THz  -0.3652  0.0000  0.3652 -0.0000 -0.8563  0.0000


 Q=  0.000000  0.118790 -0.237579, q= -0.250000 -0.500000  0.250000

                       Al X   0        Al Y   0        Al Z   0     
                    --------------- --------------- ---------------
    0   4.7683 THz   0.0000  0.0000 -0.2229 -0.9748 -0.0000 -0.0000
    1   5.8960 THz   0.0000  0.0000  0.0000  0.0000 -0.9159 -0.4015
    2   5.8960 THz   1.0000  0.0000  0.0000  0.0000  0.0000  0.0000


 Q= -0.118790 -0.118790  0.000000, q= -0.250000 -0.250000 -0.500000

                       Al X   0        Al Y   0        Al Z   0     
                    --------------- --------------- ---------------
    0   3.5992 THz   0.7071  0.0000 -0.7071  0.0000 -0.0000 -0.0000
    1   4.1148 THz   0.0000  0.0000  0.0000  0.0000 -0.1672 -0.9859
    2   6.2926 THz  -0.7071  0.0000 -0.7071  0.0000 -0.0000 -0.0000


 Q= -0.059395 -0.059395 -0.059395, q= -0.250000 -0.250000 -0.250000

                       Al X   0        Al Y   0        Al Z   0     
                    --------------- --------------- ---------------
    0   2.6082 THz  -0.5730 -0.0000 -0.2167 -0.0238  0.7897  0.0238
    1   2.6082 THz   0.5817  0.0000 -0.7865 -0.0235  0.2048  0.0235
    2   5.3318 THz   0.5774  0.0000  0.5774  0.0000  0.5774  0.0000


 Q=  0.000000  0.000000 -0.118790, q= -0.250000 -0.250000  0.000000

                       Al X   0        Al Y   0        Al Z   0     
                    --------------- --------------- ---------------
    0   2.9406 THz   1.0000  0.0000  0.0000  0.0000  0.0000  0.0000
    1   2.9406 THz   0.0000  0.0000  0.2565  0.9666 -0.0000  0.0000
    2   5.1955 THz   0.0000  0.0000 -0.0000 -0.0000 -0.2566  0.9665


 Q=  0.059395  0.059395 -0.178185, q= -0.250000 -0.250000  0.250000

                       Al X   0        Al Y   0        Al Z   0     
                    --------------- --------------- ---------------
    0   3.8927 THz  -0.7071  0.0000  0.7071 -0.0000 -0.0000 -0.0000
    1   5.1537 THz   0.6055  0.0000  0.6055 -0.0000  0.5165 -0.0000
    2   6.8011 THz   0.3652  0.0000  0.3652 -0.0000 -0.8563 -0.0000


 Q= -0.059395 -0.178185  0.059395, q= -0.250000  0.000000 -0.500000

                       Al X   0        Al Y   0        Al Z   0     
                    --------------- --------------- ---------------
    0   3.8927 THz  -0.7071  0.0000  0.0000 -0.0000 -0.7071 -0.0000
    1   5.1537 THz   0.6055  0.0000 -0.5165 -0.0000 -0.6055 -0.0000
    2   6.8011 THz  -0.3652  0.0000 -0.8563  0.0000  0.3652 -0.0000


 Q=  0.000000 -0.118790  0.000000, q= -0.250000  0.000000 -0.250000

                       Al X   0        Al Y   0        Al Z   0     
                    --------------- --------------- ---------------
    0   2.9406 THz   0.0000  0.0000  0.0000 -0.0000 -0.9852 -0.1715
    1   2.9406 THz   1.0000  0.0000  0.0000  0.0000  0.0000  0.0000
    2   5.1955 THz   0.0000  0.0000 -0.8330  0.5532 -0.0000  0.0000


 Q=  0.059395 -0.059395 -0.059395, q= -0.250000  0.000000  0.000000

                       Al X   0        Al Y   0        Al Z   0     
                    --------------- --------------- ---------------
    0   2.6082 THz   0.5510  0.0000 -0.2422 -0.0653  0.7932  0.0653
    1   2.6082 THz   0.6025  0.0000  0.7747  0.0597 -0.1722 -0.0597
    2   5.3318 THz  -0.5774 -0.0000  0.5774 -0.0000  0.5774 -0.0000


 Q=  0.118790  0.000000 -0.118790, q= -0.250000  0.000000  0.250000

                       Al X   0        Al Y   0        Al Z   0     
                    --------------- --------------- ---------------
    0   3.5992 THz   0.7071  0.0000  0.0000 -0.0000  0.7071  0.0000
    1   4.1148 THz   0.0000  0.0000 -0.7599 -0.6501  0.0000  0.0000
    2   6.2926 THz   0.7071  0.0000  0.0000  0.0000 -0.7071 -0.0000


 Q=  0.000000 -0.237579  0.118790, q= -0.250000  0.250000 -0.500000

                       Al X   0        Al Y   0        Al Z   0     
                    --------------- --------------- ---------------
    0   4.7683 THz   0.0000  0.0000  0.0000 -0.0000 -0.0970 -0.9953
    1   5.8960 THz   1.0000  0.0000  0.0000  0.0000  0.0000  0.0000
    2   5.8960 THz   0.0000  0.0000 -0.3500  0.9367  0.0000 -0.0000


 Q=  0.059395 -0.178185  0.059395, q= -0.250000  0.250000 -0.250000

                       Al X   0        Al Y   0        Al Z   0     
                    --------------- --------------- ---------------
    0   3.8927 THz   0.7071  0.0000 -0.0000  0.0000 -0.7071  0.0000
    1   5.1537 THz   0.6055  0.0000  0.5165 -0.0000  0.6055 -0.0000
    2   6.8011 THz   0.3652  0.0000 -0.8563 -0.0000  0.3652  0.0000


 Q=  0.118790 -0.118790  0.000000, q= -0.250000  0.250000  0.000000

                       Al X   0        Al Y   0        Al Z   0     
                    --------------- --------------- ---------------
    0   3.5992 THz   0.7071  0.0000  0.7071  0.0000  0.0000 -0.0000
    1   4.1148 THz   0.0000  0.0000 -0.0000  0.0000 -0.7287 -0.6848
    2   6.2926 THz   0.7071  0.0000 -0.7071 -0.0000 -0.0000  0.0000


 Q=  0.178185 -0.059395 -0.059395, q= -0.250000  0.250000  0.250000

                       Al X   0        Al Y   0        Al Z   0     
                    --------------- --------------- ---------------
    0   3.8927 THz   0.0000  0.0000  0.6981 -0.1127 -0.6981  0.1127
    1   5.1537 THz  -0.5165  0.0000 -0.6055  0.0000 -0.6055 -0.0000
    2   6.8011 THz   0.8563  0.0000 -0.3652  0.0000 -0.3652 -0.0000


 Q= -0.237579  0.000000  0.000000, q=  0.000000 -0.500000 -0.500000

                       Al X   0        Al Y   0        Al Z   0     
                    --------------- --------------- ---------------
    0   4.1174 THz   0.0000  0.0000 -0.5593 -0.3976 -0.5187 -0.5100
    1   4.1174 THz   0.0000  0.0000 -0.3038 -0.6610  0.1842  0.6610
    2   8.4127 THz   1.0000  0.0000  0.0000  0.0000  0.0000  0.0000


 Q= -0.178185  0.059395 -0.059395, q=  0.000000 -0.500000 -0.250000

                       Al X   0        Al Y   0        Al Z   0     
                    --------------- --------------- ---------------
    0   3.8927 THz   0.0000  0.0000 -0.6937 -0.1370 -0.6937 -0.1370
    1   5.1537 THz  -0.5165  0.0000 -0.6055 -0.0000  0.6055  0.0000
    2   6.8011 THz   0.8563  0.0000 -0.3652 -0.0000  0.3652  0.0000


 Q= -0.118790  0.118790 -0.118790, q=  0.000000 -0.500000  0.000000

                       Al X   0        Al Y   0        Al Z   0     
                    --------------- --------------- ---------------
    0   3.1632 THz  -0.6487 -0.0000  0.1007 -0.0605  0.7495 -0.0605
    1   3.1632 THz   0.4958  0.0000  0.8041 -0.0792  0.3083 -0.0792
    2   5.8038 THz  -0.5774 -0.0000  0.5774  0.0000 -0.5774 -0.0000


 Q= -0.059395  0.178185 -0.178185, q=  0.000000 -0.500000  0.250000

                       Al X   0        Al Y   0        Al Z   0     
                    --------------- --------------- ---------------
    0   3.8927 THz   0.0000  0.0000 -0.6546 -0.2675 -0.6546 -0.2675
    1   5.1537 THz  -0.5165  0.0000 -0.6055 -0.0000  0.6055  0.0000
    2   6.8011 THz   0.8563  0.0000 -0.3652 -0.0000  0.3652  0.0000


 Q= -0.178185 -0.059395  0.059395, q=  0.000000 -0.250000 -0.500000

                       Al X   0        Al Y   0        Al Z   0     
                    --------------- --------------- ---------------
    0   3.8927 THz  -0.0000  0.0000 -0.7062 -0.0352 -0.7062 -0.0352
    1   5.1537 THz   0.5165  0.0000 -0.6055  0.0000  0.6055 -0.0000
    2   6.8011 THz   0.8563  0.0000  0.3652 -0.0000 -0.3652  0.0000


 Q= -0.118790  0.000000  0.000000, q=  0.000000 -0.250000 -0.250000

                       Al X   0        Al Y   0        Al Z   0     
                    --------------- --------------- ---------------
    0   2.9406 THz   0.0000  0.0000  0.0959 -0.0281  0.6995  0.7076
    1   2.9406 THz   0.0000  0.0000 -0.9943  0.0382  0.0508  0.0861
    2   5.1955 THz   1.0000  0.0000  0.0000  0.0000  0.0000  0.0000


 Q= -0.059395  0.059395 -0.059395, q=  0.000000 -0.250000  0.000000

                       Al X   0        Al Y   0        Al Z   0     
                    --------------- --------------- ---------------
    0   2.6082 THz   0.0000  0.0000 -0.4299 -0.5614 -0.4299 -0.5614
    1   2.6082 THz   0.8165  0.0000  0.4082 -0.0000 -0.4082  0.0000
    2   5.3318 THz   0.5774  0.0000 -0.5774  0.0000  0.5774 -0.0000


 Q=  0.000000  0.118790 -0.118790, q=  0.000000 -0.250000  0.250000

                       Al X   0        Al Y   0        Al Z   0     
                    --------------- --------------- ---------------
    0   3.5992 THz   0.0000  0.0000 -0.1437  0.6923 -0.1437  0.6923
    1   4.1148 THz   1.0000  0.0000  0.0000  0.0000  0.0000  0.0000
    2   6.2926 THz   0.0000  0.0000 -0.4647  0.5330  0.4647 -0.5330


 Q= -0.118790 -0.118790  0.118790, q=  0.000000  0.000000 -0.500000

                       Al X   0        Al Y   0        Al Z   0     
                    --------------- --------------- ---------------
    0   3.1632 THz   0.0000  0.0000 -0.6503  0.2777 -0.6503  0.2777
    1   3.1632 THz   0.8165  0.0000 -0.4082  0.0000  0.4082 -0.0000
    2   5.8038 THz  -0.5774  0.0000 -0.5774  0.0000  0.5774 -0.0000


 Q= -0.059395 -0.059395  0.059395, q=  0.000000  0.000000 -0.250000

                       Al X   0        Al Y   0        Al Z   0     
                    --------------- --------------- ---------------
    0   2.6082 THz   0.6673  0.0000  0.0708 -0.0488  0.7381 -0.0488
    1   2.6082 THz   0.4704  0.0000 -0.8090  0.0693 -0.3386  0.0693
    2   5.3318 THz   0.5774  0.0000  0.5774  0.0000 -0.5774 -0.0000


 Q=  0.000000  0.000000  0.000000, q=  0.000000  0.000000  0.000000

                       Al X   0        Al Y   0        Al Z   0     
                    --------------- --------------- ---------------
    0   0.0000 THz  -0.7478  0.0000  0.3278  0.0000  0.5773  0.0000
    1   0.0000 THz  -0.2248  0.0000 -0.9433  0.0000  0.2443  0.0000
    2  -0.0000 THz   0.6247  0.0000  0.0529  0.0000  0.7791  0.0000


 Q=  0.059395  0.059395 -0.059395, q=  0.000000  0.000000  0.250000

                       Al X   0        Al Y   0        Al Z   0     
                    --------------- --------------- ---------------
    0   2.6082 THz   0.6673  0.0000  0.0708  0.0488  0.7381  0.0488
    1   2.6082 THz   0.4704  0.0000 -0.8090 -0.0693 -0.3386 -0.0693
    2   5.3318 THz   0.5774  0.0000  0.5774 -0.0000 -0.5774  0.0000


 Q= -0.059395 -0.178185  0.178185, q=  0.000000  0.250000 -0.500000

                       Al X   0        Al Y   0        Al Z   0     
                    --------------- --------------- ---------------
    0   3.8927 THz   0.0000  0.0000  0.0000  0.7071 -0.0000  0.7071
    1   5.1537 THz   0.5165  0.0000 -0.6055  0.0000  0.6055  0.0000
    2   6.8011 THz   0.8563  0.0000  0.3652 -0.0000 -0.3652 -0.0000


 Q=  0.000000 -0.118790  0.118790, q=  0.000000  0.250000 -0.250000

                       Al X   0        Al Y   0        Al Z   0     
                    --------------- --------------- ---------------
    0   3.5992 THz   0.0000  0.0000 -0.1437 -0.6923 -0.1437 -0.6923
    1   4.1148 THz   1.0000  0.0000  0.0000  0.0000  0.0000  0.0000
    2   6.2926 THz   0.0000  0.0000 -0.4647 -0.5330  0.4647  0.5330


 Q=  0.059395 -0.059395  0.059395, q=  0.000000  0.250000  0.000000

                       Al X   0        Al Y   0        Al Z   0     
                    --------------- --------------- ---------------
    0   2.6082 THz   0.0000  0.0000 -0.4299  0.5614 -0.4299  0.5614
    1   2.6082 THz   0.8165  0.0000  0.4082  0.0000 -0.4082 -0.0000
    2   5.3318 THz   0.5774  0.0000 -0.5774 -0.0000  0.5774  0.0000


 Q=  0.118790  0.000000  0.000000, q=  0.000000  0.250000  0.250000

                       Al X   0        Al Y   0        Al Z   0     
                    --------------- --------------- ---------------
    0   2.9406 THz   0.0000  0.0000  0.0959  0.0281  0.6995 -0.7076
    1   2.9406 THz   0.0000  0.0000 -0.9943 -0.0382  0.0508 -0.0861
    2   5.1955 THz   1.0000  0.0000  0.0000  0.0000  0.0000  0.0000


 Q= -0.296974  0.059395  0.059395, q=  0.250000 -0.500000 -0.500000

                       Al X   0        Al Y   0        Al Z   0     
                    --------------- --------------- ---------------
    0   3.8927 THz   0.0000  0.0000 -0.0000 -0.7071 -0.0000  0.7071
    1   5.1537 THz   0.5165  0.0000 -0.6055  0.0000 -0.6055 -0.0000
    2   6.8011 THz   0.8563  0.0000  0.3652 -0.0000  0.3652  0.0000


 Q= -0.237579  0.118790  0.000000, q=  0.250000 -0.500000 -0.250000

                       Al X   0        Al Y   0        Al Z   0     
                    --------------- --------------- ---------------
    0   4.7683 THz   0.0000  0.0000 -0.9883  0.1525 -0.0000 -0.0000
    1   5.8960 THz   0.0000  0.0000  0.0000 -0.0000 -0.2715 -0.9624
    2   5.8960 THz   1.0000  0.0000  0.0000  0.0000  0.0000  0.0000


 Q= -0.178185  0.178185 -0.059395, q=  0.250000 -0.500000  0.000000

                       Al X   0        Al Y   0        Al Z   0     
                    --------------- --------------- ---------------
    0   3.8927 THz   0.7071  0.0000  0.7071 -0.0000 -0.0000 -0.0000
    1   5.1537 THz   0.6055  0.0000 -0.6055  0.0000 -0.5165 -0.0000
    2   6.8011 THz  -0.3652  0.0000  0.3652 -0.0000 -0.8563 -0.0000


 Q= -0.118790  0.237579 -0.118790, q=  0.250000 -0.500000  0.250000

                       Al X   0        Al Y   0        Al Z   0     
                    --------------- --------------- ---------------
    0   3.5992 THz   0.7071  0.0000  0.0000 -0.0000 -0.7071 -0.0000
    1   4.1148 THz   0.0000  0.0000  0.4558 -0.8901  0.0000  0.0000
    2   6.2926 THz  -0.7071  0.0000  0.0000 -0.0000 -0.7071 -0.0000


 Q= -0.237579  0.000000  0.118790, q=  0.250000 -0.250000 -0.500000

                       Al X   0        Al Y   0        Al Z   0     
                    --------------- --------------- ---------------
    0   4.7683 THz   0.0000  0.0000  0.0000  0.0000  0.8492  0.5280
    1   5.8960 THz   1.0000  0.0000  0.0000  0.0000  0.0000  0.0000
    2   5.8960 THz   0.0000  0.0000 -0.9472 -0.3207  0.0000  0.0000


 Q= -0.178185  0.059395  0.059395, q=  0.250000 -0.250000 -0.250000

                       Al X   0        Al Y   0        Al Z   0     
                    --------------- --------------- ---------------
    0   3.8927 THz   0.0000  0.0000  0.6981  0.1127 -0.6981 -0.1127
    1   5.1537 THz  -0.5165  0.0000 -0.6055 -0.0000 -0.6055  0.0000
    2   6.8011 THz   0.8563  0.0000 -0.3652 -0.0000 -0.3652  0.0000


 Q= -0.118790  0.118790  0.000000, q=  0.250000 -0.250000  0.000000

                       Al X   0        Al Y   0        Al Z   0     
                    --------------- --------------- ---------------
    0   3.5992 THz   0.7071  0.0000  0.7071 -0.0000  0.0000  0.0000
    1   4.1148 THz   0.0000  0.0000 -0.0000 -0.0000 -0.7287  0.6848
    2   6.2926 THz   0.7071  0.0000 -0.7071  0.0000 -0.0000 -0.0000


 Q= -0.059395  0.178185 -0.059395, q=  0.250000 -0.250000  0.250000

                       Al X   0        Al Y   0        Al Z   0     
                    --------------- --------------- ---------------
    0   3.8927 THz   0.7071  0.0000 -0.0000 -0.0000 -0.7071 -0.0000
    1   5.1537 THz   0.6055  0.0000  0.5165  0.0000  0.6055  0.0000
    2   6.8011 THz   0.3652  0.0000 -0.8563  0.0000  0.3652 -0.0000


 Q= -0.178185 -0.059395  0.178185, q=  0.250000  0.000000 -0.500000

                       Al X   0        Al Y   0        Al Z   0     
                    --------------- --------------- ---------------
    0   3.8927 THz  -0.7071  0.0000 -0.0000 -0.0000 -0.7071 -0.0000
    1   5.1537 THz   0.6055  0.0000 -0.5165 -0.0000 -0.6055 -0.0000
    2   6.8011 THz  -0.3652  0.0000 -0.8563 -0.0000  0.3652  0.0000


 Q= -0.118790  0.000000  0.118790, q=  0.250000  0.000000 -0.250000

                       Al X   0        Al Y   0        Al Z   0     
                    --------------- --------------- ---------------
    0   3.5992 THz   0.7071  0.0000  0.0000  0.0000  0.7071 -0.0000
    1   4.1148 THz   0.0000  0.0000 -0.7599  0.6501  0.0000  0.0000
    2   6.2926 THz   0.7071  0.0000  0.0000 -0.0000 -0.7071  0.0000


 Q= -0.059395  0.059395  0.059395, q=  0.250000  0.000000  0.000000

                       Al X   0        Al Y   0        Al Z   0     
                    --------------- --------------- ---------------
    0   2.6082 THz   0.5510  0.0000 -0.2422  0.0653  0.7932 -0.0653
    1   2.6082 THz   0.6025  0.0000  0.7747 -0.0597 -0.1722  0.0597
    2   5.3318 THz  -0.5774 -0.0000  0.5774  0.0000  0.5774  0.0000


 Q=  0.000000  0.118790  0.000000, q=  0.250000  0.000000  0.250000

                       Al X   0        Al Y   0        Al Z   0     
                    --------------- --------------- ---------------
    0   2.9406 THz   0.0000  0.0000  0.0000  0.0000 -0.9852  0.1715
    1   2.9406 THz   1.0000  0.0000  0.0000  0.0000  0.0000  0.0000
    2   5.1955 THz   0.0000  0.0000 -0.8330 -0.5532 -0.0000 -0.0000


 Q= -0.118790 -0.118790  0.237579, q=  0.250000  0.250000 -0.500000

                       Al X   0        Al Y   0        Al Z   0     
                    --------------- --------------- ---------------
    0   3.5992 THz   0.7071  0.0000 -0.7071  0.0000 -0.0000  0.0000
    1   4.1148 THz   0.0000  0.0000 -0.0000  0.0000 -0.0854 -0.9963
    2   6.2926 THz  -0.7071  0.0000 -0.7071  0.0000 -0.0000  0.0000


 Q= -0.059395 -0.059395  0.178185, q=  0.250000  0.250000 -0.250000

                       Al X   0        Al Y   0        Al Z   0     
                    --------------- --------------- ---------------
    0   3.8927 THz  -0.7071  0.0000  0.7071  0.0000 -0.0000  0.0000
    1   5.1537 THz   0.6055  0.0000  0.6055  0.0000  0.5165  0.0000
    2   6.8011 THz   0.3652  0.0000  0.3652  0.0000 -0.8563  0.0000


 Q=  0.000000  0.000000  0.118790, q=  0.250000  0.250000  0.000000

                       Al X   0        Al Y   0        Al Z   0     
                    --------------- --------------- ---------------
    0   2.9406 THz   1.0000  0.0000  0.0000  0.0000  0.0000  0.0000
    1   2.9406 THz   0.0000  0.0000  0.2565 -0.9666 -0.0000 -0.0000
    2   5.1955 THz   0.0000  0.0000 -0.0000  0.0000 -0.2566 -0.9665


 Q=  0.059395  0.059395  0.059395, q=  0.250000  0.250000  0.250000

                       Al X   0        Al Y   0        Al Z   0     
                    --------------- --------------- ---------------
    0   2.6082 THz  -0.5730 -0.0000 -0.2167  0.0238  0.7897 -0.0238
    1   2.6082 THz   0.5817  0.0000 -0.7865  0.0235  0.2048 -0.0235
    2   5.3318 THz   0.5774  0.0000  0.5774 -0.0000  0.5774 -0.0000
