
Used Primitive lattice vector

    3.973601000000      0.000000000000      0.000000000000  
    0.000000000000      3.973601000000      0.000000000000  
    0.000000000000      0.000000000000      3.973601000000  

   5 Atom(s) in the Primitive cell

 0.5000000000 0.5000000000 0.5000000000 Ti    0
 0.0000000000 0.0000000000 0.0000000000 Pb    1
 0.5000000000 0.0000000000 0.5000000000  O    2
 0.5000000000 0.5000000000 -0.0000010000  O    3
 0.0000000000 0.5000000000 0.5000010000  O    4


 Q= -0.125830 -0.062915  0.000000, q= -0.500000 -0.250000  0.000000

                       Ti X   0        Ti Y   0        Ti Z   0        Pb X   1        Pb Y   1        Pb Z   1         O X   2         O Y   2         O Z   2         O X   3         O Y   3         O Z   3         O X   4         O Y   4         O Z   4     
                    --------------- --------------- --------------- --------------- --------------- --------------- --------------- --------------- --------------- --------------- --------------- --------------- --------------- --------------- ---------------
    0   1.2588 THz   0.1173  0.0000 -0.0000 -0.0000  0.0038 -0.0000  0.0000 -0.0000 -0.9887  0.0000 -0.0000  0.0000 -0.0155  0.0000  0.0000 -0.0000  0.0037  0.0000 -0.0639  0.0000  0.0000 -0.0000  0.0005  0.0000 -0.0000  0.0000  0.0667 -0.0000  0.0000 -0.0000
    1   1.3628 THz   0.0000  0.0000  0.0163 -0.0003  0.0000 -0.0000 -0.0561  0.0010 -0.0000 -0.0000  0.9969 -0.0174 -0.0000 -0.0000 -0.0029  0.0001  0.0000  0.0000 -0.0000 -0.0000 -0.0056  0.0001 -0.0000  0.0000  0.0008 -0.0000  0.0000  0.0000 -0.0502  0.0009
    2   1.6188 THz   0.0000  0.0000  0.2732 -0.0007  0.0000 -0.0000 -0.9554  0.0024 -0.0000  0.0000 -0.0589  0.0001 -0.0000  0.0000 -0.0403  0.0001  0.0000  0.0000 -0.0000  0.0000 -0.0865  0.0002 -0.0000  0.0000  0.0054 -0.0000  0.0000  0.0000 -0.0001  0.0000
    3  -2.7165 THz  -0.0022  0.0000  0.0000  0.0000 -0.9783 -0.0000 -0.0000 -0.0000 -0.0032 -0.0000  0.0000  0.0000  0.0008  0.0000 -0.0000 -0.0000  0.1037  0.0000 -0.0035 -0.0000 -0.0000 -0.0000  0.1794  0.0000 -0.0000 -0.0000  0.0006  0.0000  0.0000  0.0000
    4   5.6144 THz   0.2662  0.0000  0.0000  0.0000 -0.0023  0.0000 -0.0000  0.0000 -0.0303 -0.0000 -0.0000 -0.0000  0.6688  0.0000  0.0000  0.0000 -0.0088 -0.0000  0.0744 -0.0000 -0.0000  0.0000 -0.0037 -0.0000  0.0000  0.0000 -0.6894  0.0000 -0.0000 -0.0000
    5   6.8026 THz   0.0000  0.0000 -0.6782 -0.0832  0.0000 -0.0000 -0.1238 -0.0152 -0.0000 -0.0000 -0.0003 -0.0000 -0.0000 -0.0000 -0.1852 -0.0227 -0.0000 -0.0000  0.0000  0.0000 -0.6895 -0.0846 -0.0000 -0.0000 -0.0137 -0.0017 -0.0000  0.0000 -0.0012 -0.0001
    6   7.5905 THz  -0.1405  0.0000 -0.0000  0.0000  0.1724  0.0000 -0.0000  0.0000 -0.0022 -0.0000 -0.0000  0.0000  0.0502  0.0000 -0.0000 -0.0000  0.8332  0.0000 -0.2179  0.0000 -0.0000  0.0000  0.4522  0.0000 -0.0000 -0.0000 -0.0426  0.0000  0.0000  0.0000
    7   8.0860 THz   0.5484  0.0000 -0.0000  0.0000  0.0450  0.0000  0.0000 -0.0000  0.0290  0.0000 -0.0000  0.0000 -0.1454 -0.0000  0.0000 -0.0000  0.2249  0.0000  0.7641 -0.0000  0.0000  0.0000  0.1372  0.0000 -0.0000 -0.0000  0.1481 -0.0000  0.0000  0.0000
    8   9.0526 THz   0.0000  0.0000  0.6526  0.0044  0.0000  0.0000  0.2551  0.0017  0.0000 -0.0000  0.0001  0.0000 -0.0000  0.0000 -0.2516 -0.0017  0.0000 -0.0000  0.0000 -0.0000 -0.6248 -0.0043  0.0000  0.0000  0.2346  0.0016  0.0000 -0.0000  0.0157  0.0001
    9   9.5153 THz   0.0000  0.0000  0.0018  0.0102 -0.0000 -0.0000  0.0013  0.0070  0.0000  0.0000 -0.0088 -0.0493  0.0000 -0.0000 -0.0004 -0.0023  0.0000  0.0000  0.0000  0.0000 -0.0016 -0.0091 -0.0000 -0.0000  0.0006  0.0035  0.0000  0.0000 -0.1757 -0.9830
   10  11.0539 THz  -0.5490  0.0000  0.0000 -0.0000  0.0041  0.0000  0.0000  0.0000 -0.1244 -0.0000  0.0000 -0.0000 -0.4215 -0.0000 -0.0000  0.0000 -0.0004 -0.0000  0.4244 -0.0000  0.0000 -0.0000  0.0255  0.0000  0.0000 -0.0000 -0.5698  0.0000  0.0000 -0.0000
   11  13.0120 THz   0.0316  0.0000  0.0000 -0.0000 -0.1057  0.0000  0.0000 -0.0000  0.0034  0.0000  0.0000  0.0000 -0.0511 -0.0000  0.0000 -0.0000  0.4929  0.0000 -0.0091 -0.0000 -0.0000  0.0000 -0.8606  0.0000 -0.0000  0.0000 -0.0398  0.0000  0.0000  0.0000
   12  13.9253 THz   0.5408  0.0000  0.0000  0.0000  0.0058  0.0000  0.0000  0.0000  0.0728 -0.0000 -0.0000 -0.0000 -0.5904 -0.0000  0.0000  0.0000 -0.0369 -0.0000 -0.4229  0.0000 -0.0000 -0.0000  0.0570 -0.0000 -0.0000 -0.0000 -0.4126  0.0000 -0.0000  0.0000
   13  14.0234 THz   0.0000  0.0000 -0.1281 -0.0548 -0.0000  0.0000 -0.0323 -0.0138  0.0000 -0.0000 -0.0005 -0.0002 -0.0000  0.0000 -0.7177 -0.3069 -0.0000  0.0000 -0.0000 -0.0000  0.3154  0.1349  0.0000 -0.0000  0.4619  0.1975 -0.0000  0.0000 -0.0011 -0.0005
   14  21.3245 THz  -0.0000  0.0000  0.0890  0.0697  0.0000  0.0000  0.0366  0.0287 -0.0000  0.0000  0.0001  0.0001  0.0000  0.0000 -0.4245 -0.3328 -0.0000 -0.0000  0.0000  0.0000  0.0329  0.0258 -0.0000 -0.0000 -0.6549 -0.5133 -0.0000  0.0000 -0.0005 -0.0004


 Q= -0.125830  0.062915  0.000000, q= -0.500000  0.250000  0.000000

                       Ti X   0        Ti Y   0        Ti Z   0        Pb X   1        Pb Y   1        Pb Z   1         O X   2         O Y   2         O Z   2         O X   3         O Y   3         O Z   3         O X   4         O Y   4         O Z   4     
                    --------------- --------------- --------------- --------------- --------------- --------------- --------------- --------------- --------------- --------------- --------------- --------------- --------------- --------------- ---------------
    0   1.2588 THz  -0.1173  0.0000 -0.0000 -0.0000 -0.0038 -0.0000  0.0000 -0.0000 -0.9887  0.0000 -0.0000 -0.0000  0.0155 -0.0000  0.0000 -0.0000 -0.0037  0.0000  0.0639 -0.0000 -0.0000 -0.0000 -0.0005  0.0000  0.0000  0.0000  0.0667 -0.0000  0.0000  0.0000
    1   1.3628 THz   0.0000  0.0000  0.0162  0.0019  0.0000  0.0000  0.0557  0.0067  0.0000 -0.0000 -0.9899 -0.1188 -0.0000  0.0000 -0.0028 -0.0003  0.0000 -0.0000 -0.0000  0.0000 -0.0055 -0.0007  0.0000  0.0000 -0.0008 -0.0001 -0.0000  0.0000  0.0498  0.0060
    2   1.6188 THz   0.0000  0.0000  0.2729 -0.0116  0.0000 -0.0000  0.9545 -0.0406 -0.0000  0.0000  0.0588 -0.0025  0.0000 -0.0000 -0.0402  0.0017  0.0000 -0.0000 -0.0000 -0.0000 -0.0864  0.0037  0.0000  0.0000 -0.0054  0.0002 -0.0000  0.0000  0.0001 -0.0000
    3  -2.7165 THz   0.0022  0.0000 -0.0000  0.0000  0.9783 -0.0000 -0.0000 -0.0000 -0.0032  0.0000  0.0000 -0.0000 -0.0008 -0.0000  0.0000 -0.0000 -0.1037  0.0000  0.0035 -0.0000  0.0000  0.0000 -0.1794  0.0000 -0.0000  0.0000  0.0006 -0.0000 -0.0000 -0.0000
    4   5.6144 THz  -0.2662  0.0000 -0.0000  0.0000  0.0023  0.0000  0.0000 -0.0000 -0.0303  0.0000 -0.0000  0.0000 -0.6688  0.0000 -0.0000  0.0000  0.0088 -0.0000 -0.0744 -0.0000 -0.0000  0.0000  0.0037 -0.0000  0.0000 -0.0000 -0.6894  0.0000 -0.0000  0.0000
    5   6.8026 THz  -0.0000  0.0000 -0.6802 -0.0656  0.0000  0.0000  0.1241  0.0120  0.0000  0.0000  0.0003  0.0000  0.0000  0.0000 -0.1857 -0.0179 -0.0000  0.0000 -0.0000 -0.0000 -0.6914 -0.0667 -0.0000 -0.0000  0.0138  0.0013  0.0000  0.0000  0.0012  0.0001
    6   7.5905 THz   0.1405  0.0000  0.0000 -0.0000 -0.1724  0.0000 -0.0000  0.0000 -0.0022  0.0000 -0.0000 -0.0000 -0.0502  0.0000 -0.0000 -0.0000 -0.8332  0.0000  0.2179 -0.0000 -0.0000  0.0000 -0.4522  0.0000 -0.0000  0.0000 -0.0426  0.0000 -0.0000 -0.0000
    7   8.0860 THz  -0.5484  0.0000  0.0000 -0.0000 -0.0450  0.0000  0.0000  0.0000  0.0290 -0.0000  0.0000  0.0000  0.1454 -0.0000  0.0000 -0.0000 -0.2249  0.0000 -0.7641  0.0000  0.0000 -0.0000 -0.1372  0.0000  0.0000 -0.0000  0.1481 -0.0000 -0.0000 -0.0000
    8   9.0526 THz  -0.0000  0.0000  0.6519 -0.0292  0.0000  0.0000 -0.2549  0.0114 -0.0000  0.0000 -0.0001  0.0000  0.0000 -0.0000 -0.2514  0.0113 -0.0000  0.0000 -0.0000  0.0000 -0.6242  0.0280 -0.0000  0.0000 -0.2344  0.0105 -0.0000  0.0000 -0.0157  0.0007
    9   9.5153 THz   0.0000  0.0000 -0.0061 -0.0083 -0.0000  0.0000  0.0042  0.0057 -0.0000  0.0000 -0.0297 -0.0403  0.0000  0.0000  0.0014  0.0019  0.0000 -0.0000  0.0000 -0.0000  0.0055  0.0074 -0.0000  0.0000  0.0021  0.0029  0.0000  0.0000 -0.5916 -0.8045
   10  11.0539 THz  -0.5490  0.0000  0.0000  0.0000  0.0041  0.0000 -0.0000 -0.0000  0.1244 -0.0000 -0.0000  0.0000 -0.4215  0.0000 -0.0000  0.0000 -0.0004  0.0000  0.4244 -0.0000 -0.0000 -0.0000  0.0255 -0.0000 -0.0000  0.0000  0.5698 -0.0000 -0.0000 -0.0000
   11  13.0120 THz  -0.0316  0.0000  0.0000 -0.0000  0.1057  0.0000  0.0000  0.0000  0.0034 -0.0000  0.0000 -0.0000  0.0511 -0.0000 -0.0000 -0.0000 -0.4929  0.0000  0.0091 -0.0000 -0.0000  0.0000  0.8606  0.0000 -0.0000 -0.0000 -0.0398  0.0000 -0.0000 -0.0000
   12  13.9253 THz   0.5408  0.0000 -0.0000 -0.0000  0.0058  0.0000  0.0000  0.0000 -0.0728  0.0000  0.0000 -0.0000 -0.5904  0.0000 -0.0000 -0.0000 -0.0369  0.0000 -0.4229 -0.0000  0.0000  0.0000  0.0570  0.0000 -0.0000 -0.0000  0.4126 -0.0000  0.0000 -0.0000
   13  14.0234 THz   0.0000  0.0000  0.1390  0.0102  0.0000 -0.0000 -0.0350 -0.0026 -0.0000  0.0000 -0.0005 -0.0000 -0.0000 -0.0000  0.7785  0.0570 -0.0000  0.0000 -0.0000  0.0000 -0.3421 -0.0251  0.0000 -0.0000  0.5010  0.0367  0.0000  0.0000 -0.0012 -0.0001
   14  21.3245 THz  -0.0000  0.0000  0.0278 -0.1096  0.0000 -0.0000 -0.0114  0.0451 -0.0000  0.0000 -0.0000  0.0001 -0.0000  0.0000 -0.1325  0.5229  0.0000 -0.0000  0.0000  0.0000  0.0103 -0.0406  0.0000  0.0000  0.2043 -0.8066 -0.0000 -0.0000  0.0001 -0.0006


 Q= -0.083887 -0.125830  0.083887, q= -0.333333 -0.500000  0.333333

                       Ti X   0        Ti Y   0        Ti Z   0        Pb X   1        Pb Y   1        Pb Z   1         O X   2         O Y   2         O Z   2         O X   3         O Y   3         O Z   3         O X   4         O Y   4         O Z   4     
                    --------------- --------------- --------------- --------------- --------------- --------------- --------------- --------------- --------------- --------------- --------------- --------------- --------------- --------------- ---------------
    0   1.5117 THz   0.1106  0.0000 -0.0000 -0.0000 -0.1091  0.0000  0.0000  0.0000 -0.9845 -0.0000 -0.0000 -0.0000  0.0000  0.0000  0.0088  0.0000  0.0000  0.0000 -0.0603 -0.0000  0.0000  0.0000  0.0025  0.0000 -0.0033  0.0000  0.0000  0.0000  0.0537 -0.0000
    1   1.5533 THz  -0.0000  0.0000 -0.0955 -0.0036  0.0000 -0.0000  0.2109  0.0079  0.0000 -0.0000 -0.9688 -0.0361  0.0620  0.0023 -0.0000  0.0000  0.0328  0.0012  0.0000 -0.0000  0.0295  0.0011 -0.0000  0.0000  0.0000  0.0000  0.0270  0.0010 -0.0000  0.0000
    2   1.7508 THz  -0.0000  0.0000 -0.0507 -0.0006  0.0000  0.0000  0.9696  0.0117  0.0000  0.0000  0.2163  0.0026 -0.0399 -0.0005 -0.0000  0.0000 -0.0038 -0.0000  0.0000  0.0000  0.0936  0.0011 -0.0000  0.0000  0.0000 -0.0000 -0.0001 -0.0000 -0.0000  0.0000
    3   4.4653 THz   0.0000  0.0000  0.0005 -0.0427  0.0000  0.0000  0.0003 -0.0235 -0.0000  0.0000 -0.0006  0.0439 -0.0072  0.5747 -0.0000 -0.0000 -0.0050  0.3942  0.0000 -0.0000 -0.0048  0.3786  0.0000 -0.0000 -0.0000  0.0000  0.0076 -0.6054  0.0000 -0.0000
    4   4.6258 THz  -0.0000  0.0000  0.1989 -0.0716 -0.0000 -0.0000 -0.0528  0.0190  0.0000  0.0000 -0.0069  0.0025 -0.3306  0.1190  0.0000 -0.0000  0.5404 -0.1944  0.0000 -0.0000  0.5517 -0.1985  0.0000 -0.0000  0.0000 -0.0000  0.3705 -0.1333  0.0000 -0.0000
    5   5.3108 THz   0.1579  0.0000 -0.0000 -0.0000  0.1562 -0.0000 -0.0000  0.0000 -0.0019 -0.0000 -0.0000 -0.0000  0.0000 -0.0000  0.0011 -0.0000 -0.0000 -0.0000  0.6630  0.0000 -0.0000 -0.0000  0.0920  0.0000  0.0910 -0.0000 -0.0000  0.0000  0.7031 -0.0000
    6   9.2024 THz   0.7316  0.0000 -0.0000 -0.0000  0.5945 -0.0000  0.0000  0.0000  0.0143  0.0000  0.0000  0.0000  0.0000 -0.0000  0.0120  0.0000  0.0000  0.0000 -0.0994 -0.0000 -0.0000 -0.0000 -0.2024 -0.0000 -0.1930  0.0000  0.0000  0.0000 -0.1512  0.0000
    7   9.7698 THz   0.5805  0.0000 -0.0000  0.0000 -0.7132  0.0000  0.0000 -0.0000  0.1183  0.0000  0.0000  0.0000 -0.0000 -0.0000  0.1649  0.0000 -0.0000 -0.0000  0.2510  0.0000  0.0000  0.0000  0.0072  0.0000  0.0559 -0.0000 -0.0000 -0.0000 -0.2167  0.0000
    8  11.0892 THz  -0.0000  0.0000 -0.8198 -0.0714  0.0000  0.0000 -0.0480 -0.0042 -0.0000 -0.0000  0.0520  0.0045 -0.3384 -0.0295 -0.0000 -0.0000  0.3810  0.0332  0.0000  0.0000 -0.1956 -0.0170 -0.0000 -0.0000  0.0000  0.0000 -0.1321 -0.0115 -0.0000 -0.0000
    9  11.3762 THz  -0.1953  0.0000  0.0000  0.0000  0.2024 -0.0000 -0.0000 -0.0000 -0.1219 -0.0000 -0.0000 -0.0000 -0.0000 -0.0000 -0.2197 -0.0000 -0.0000 -0.0000  0.6633  0.0000  0.0000  0.0000 -0.0979 -0.0000  0.1144 -0.0000 -0.0000 -0.0000 -0.6286  0.0000
   10  11.4482 THz   0.0000  0.0000 -0.0336 -0.0023 -0.0000  0.0000 -0.0592 -0.0041  0.0000 -0.0000 -0.0585 -0.0040 -0.5294 -0.0366  0.0000  0.0000 -0.4676 -0.0323 -0.0000  0.0000  0.4846  0.0335  0.0000  0.0000 -0.0000 -0.0000 -0.5034 -0.0348  0.0000 -0.0000
   11  12.7848 THz   0.0000  0.0000  0.5003  0.1146  0.0000 -0.0000  0.0731  0.0168 -0.0000  0.0000 -0.0709 -0.0163 -0.3696 -0.0847  0.0000 -0.0000  0.3747  0.0859 -0.0000 -0.0000 -0.4661 -0.1068  0.0000 -0.0000  0.0000 -0.0000 -0.4417 -0.1012 -0.0000  0.0000
   12  13.2080 THz  -0.1993  0.0000  0.0000  0.0000 -0.1318  0.0000  0.0000  0.0000 -0.0119  0.0000 -0.0000 -0.0000 -0.0000 -0.0000  0.2351 -0.0000  0.0000  0.0000  0.1828  0.0000 -0.0000 -0.0000 -0.4883 -0.0000 -0.7818  0.0000 -0.0000 -0.0000  0.0662 -0.0000
   13  13.2782 THz   0.0599  0.0000  0.0000  0.0000 -0.1841 -0.0000  0.0000  0.0000  0.0349  0.0000 -0.0000 -0.0000 -0.0000 -0.0000 -0.6786 -0.0000  0.0000  0.0000 -0.1020 -0.0000 -0.0000 -0.0000 -0.6442 -0.0000  0.2051 -0.0000 -0.0000 -0.0000  0.1826 -0.0000
   14  22.8802 THz   0.0956  0.0000 -0.0000  0.0000 -0.0966  0.0000  0.0000 -0.0000  0.0177  0.0000 -0.0000 -0.0000  0.0000 -0.0000 -0.6391 -0.0000 -0.0000 -0.0000  0.0107  0.0000  0.0000 -0.0000  0.5363  0.0000 -0.5338  0.0000  0.0000 -0.0000 -0.0101  0.0000


 Q= -0.083887  0.000000  0.083887, q= -0.333333  0.000000  0.333333

                       Ti X   0        Ti Y   0        Ti Z   0        Pb X   1        Pb Y   1        Pb Z   1         O X   2         O Y   2         O Z   2         O X   3         O Y   3         O Z   3         O X   4         O Y   4         O Z   4     
                    --------------- --------------- --------------- --------------- --------------- --------------- --------------- --------------- --------------- --------------- --------------- --------------- --------------- --------------- ---------------
    0   0.7111 THz  -0.1412  0.0000 -0.0000 -0.0000 -0.1197  0.0000 -0.5977  0.0000  0.0000 -0.0000 -0.7672 -0.0000  0.0823  0.0000  0.0000 -0.0000  0.0553  0.0000  0.0638  0.0000  0.0000 -0.0000  0.0214  0.0000  0.0272 -0.0000  0.0000 -0.0000  0.0692 -0.0000
    1   1.5462 THz  -0.0000  0.0000 -0.1867 -0.0010  0.0000  0.0000  0.0000  0.0000  0.9815  0.0052 -0.0000 -0.0000  0.0000  0.0000  0.0231  0.0001 -0.0000 -0.0000 -0.0000  0.0000 -0.0264 -0.0001 -0.0000 -0.0000  0.0000  0.0000 -0.0220 -0.0001 -0.0000 -0.0000
    2   1.7813 THz  -0.1029  0.0000  0.0000  0.0000  0.1453 -0.0000  0.7729 -0.0000 -0.0000 -0.0000 -0.6049 -0.0000  0.0453 -0.0000 -0.0000 -0.0000 -0.0390 -0.0000 -0.0304 -0.0000  0.0000  0.0000 -0.0119 -0.0000  0.0098 -0.0000  0.0000 -0.0000  0.0169 -0.0000
    3  -2.5536 THz   0.0000  0.0000 -0.9629 -0.0008  0.0000  0.0000  0.0000  0.0000 -0.1837 -0.0001  0.0000 -0.0000  0.0000 -0.0000  0.1707  0.0001 -0.0000 -0.0000  0.0000  0.0000  0.0684  0.0001 -0.0000 -0.0000  0.0000 -0.0000  0.0727  0.0001  0.0000  0.0000
    4   5.2204 THz   0.1941  0.0000  0.0000 -0.0000  0.1786  0.0000  0.0397  0.0000  0.0000  0.0000  0.0503 -0.0000  0.1432 -0.0000 -0.0000  0.0000  0.1123 -0.0000  0.6433  0.0000 -0.0000 -0.0000  0.1102  0.0000  0.1130 -0.0000 -0.0000  0.0000  0.6741 -0.0000
    5   7.2210 THz  -0.2580  0.0000 -0.0000 -0.0000 -0.3810  0.0000  0.0402  0.0000  0.0000 -0.0000  0.0072  0.0000 -0.4810  0.0000  0.0000  0.0000 -0.6728  0.0000  0.2102  0.0000  0.0000 -0.0000 -0.0943 -0.0000 -0.0661  0.0000  0.0000 -0.0000  0.2125 -0.0000
    6   7.5508 THz  -0.5040  0.0000 -0.0000 -0.0000  0.3690 -0.0000 -0.0418 -0.0000  0.0000 -0.0000  0.0426 -0.0000 -0.6147 -0.0000  0.0000 -0.0000  0.4532 -0.0000  0.0362  0.0000  0.0000 -0.0000  0.0838  0.0000 -0.0989  0.0000  0.0000 -0.0000  0.0700 -0.0000
    7   7.8680 THz   0.0000  0.0000  0.1636 -0.0249 -0.0000 -0.0000  0.0000  0.0000  0.0491 -0.0075  0.0000 -0.0000  0.0000 -0.0000  0.4807 -0.0731 -0.0000 -0.0000 -0.0000  0.0000  0.5538 -0.0842 -0.0000 -0.0000  0.0000  0.0000  0.6406 -0.0974 -0.0000  0.0000
    8   9.3754 THz  -0.0000  0.0000 -0.0078 -0.0012 -0.0000 -0.0000 -0.0000 -0.0000 -0.0053 -0.0008  0.0000  0.0000  0.0000  0.0000 -0.0393 -0.0061  0.0000  0.0000  0.0000  0.0000 -0.7309 -0.1137  0.0000  0.0000  0.0000  0.0000  0.6638  0.1032 -0.0000 -0.0000
    9  10.0698 THz  -0.5767  0.0000 -0.0000  0.0000 -0.5565 -0.0000  0.1461 -0.0000 -0.0000  0.0000  0.1594  0.0000  0.3460  0.0000 -0.0000 -0.0000  0.2739 -0.0000  0.0243  0.0000  0.0000  0.0000  0.2353  0.0000  0.2343 -0.0000 -0.0000 -0.0000  0.0729 -0.0000
   10  10.7927 THz   0.3937  0.0000  0.0000 -0.0000 -0.4582  0.0000  0.1206 -0.0000  0.0000  0.0000 -0.1046 -0.0000 -0.3682 -0.0000 -0.0000  0.0000  0.3841 -0.0000  0.4151  0.0000  0.0000 -0.0000 -0.0390 -0.0000  0.0861 -0.0000  0.0000  0.0000 -0.3812  0.0000
   11  13.0710 THz   0.0000  0.0000  0.1025 -0.0076 -0.0000  0.0000  0.0000 -0.0000 -0.0182  0.0013 -0.0000 -0.0000 -0.0000 -0.0000  0.8534 -0.0629  0.0000 -0.0000 -0.0000 -0.0000 -0.3647  0.0269  0.0000  0.0000  0.0000  0.0000 -0.3499  0.0258 -0.0000  0.0000
   12  13.6323 THz  -0.3016  0.0000  0.0000 -0.0000  0.3093  0.0000 -0.0477 -0.0000  0.0000  0.0000  0.0510  0.0000  0.2494 -0.0000  0.0000 -0.0000 -0.2424  0.0000  0.5902  0.0000 -0.0000  0.0000  0.0749  0.0000 -0.0552  0.0000 -0.0000  0.0000 -0.5750  0.0000
   13  14.1526 THz  -0.1321  0.0000  0.0000 -0.0000 -0.1442  0.0000  0.0352 -0.0000  0.0000  0.0000  0.0340 -0.0000  0.2090 -0.0000 -0.0000 -0.0000  0.2078 -0.0000  0.1189  0.0000  0.0000  0.0000 -0.6504 -0.0000 -0.6529  0.0000  0.0000  0.0000  0.0948 -0.0000
   14  21.4914 THz   0.1235  0.0000 -0.0000  0.0000 -0.1236  0.0000  0.0311 -0.0000  0.0000 -0.0000 -0.0323  0.0000  0.0153 -0.0000 -0.0000 -0.0000 -0.0166 -0.0000 -0.0175 -0.0000  0.0000  0.0000  0.6970  0.0000 -0.6933  0.0000  0.0000 -0.0000  0.0163 -0.0000


 Q= -0.041943 -0.062915 -0.083887, q= -0.166667 -0.250000 -0.333333

                       Ti X   0        Ti Y   0        Ti Z   0        Pb X   1        Pb Y   1        Pb Z   1         O X   2         O Y   2         O Z   2         O X   3         O Y   3         O Z   3         O X   4         O Y   4         O Z   4     
                    --------------- --------------- --------------- --------------- --------------- --------------- --------------- --------------- --------------- --------------- --------------- --------------- --------------- --------------- ---------------
    0   0.7678 THz   0.1469  0.0000  0.1603 -0.0000 -0.0882  0.0000  0.1567 -0.0000  0.4843 -0.0000 -0.8188  0.0000 -0.0313 -0.0000 -0.0213  0.0000  0.0545 -0.0000 -0.0119  0.0000 -0.0463  0.0000  0.0323 -0.0000 -0.0175 -0.0000 -0.0581 -0.0000  0.0627  0.0000
    1   1.1590 THz  -0.2475  0.0000  0.0030 -0.0000 -0.0474  0.0000 -0.4810  0.0000  0.7658 -0.0000  0.3254  0.0000  0.0496  0.0000 -0.0283  0.0000 -0.0075 -0.0000  0.0544 -0.0000 -0.0609  0.0000 -0.0082  0.0000  0.0410  0.0000 -0.0285 -0.0000  0.0182  0.0000
    2   1.6079 THz  -0.0687  0.0000 -0.1132  0.0000 -0.0996  0.0000  0.8467 -0.0000  0.3596  0.0000  0.3523  0.0000 -0.0197 -0.0000  0.0070  0.0000  0.0062 -0.0000 -0.0338  0.0000  0.0109 -0.0000  0.0004 -0.0000 -0.0082 -0.0000  0.0140  0.0000  0.0160  0.0000
    3   5.1535 THz  -0.9007  0.0000  0.2045  0.0000  0.0725 -0.0000  0.1175 -0.0000 -0.1542 -0.0000 -0.1949 -0.0000  0.0491 -0.0000 -0.1244  0.0000  0.0519 -0.0000  0.0289 -0.0000 -0.0438  0.0000 -0.0732  0.0000  0.1375  0.0000 -0.1126 -0.0000 -0.0763 -0.0000
    4   5.3334 THz  -0.0641  0.0000  0.2130 -0.0000 -0.2588  0.0000 -0.0082  0.0000  0.0337 -0.0000 -0.0395  0.0000 -0.0989  0.0000  0.1756 -0.0000 -0.5998  0.0000  0.0982 -0.0000  0.5752 -0.0000 -0.1451  0.0000 -0.0050 -0.0000  0.2692  0.0000 -0.2153 -0.0000
    5   5.9226 THz   0.1422  0.0000 -0.2171  0.0000 -0.1807  0.0000  0.0293 -0.0000 -0.0207  0.0000 -0.0349  0.0000  0.5375 -0.0000 -0.1448  0.0000 -0.1404  0.0000  0.3396 -0.0000  0.0511 -0.0000 -0.0919  0.0000  0.2844  0.0000 -0.5150 -0.0000 -0.3089 -0.0000
    6   6.6580 THz   0.0682  0.0000  0.1724 -0.0000 -0.2028  0.0000  0.0162  0.0000 -0.0100  0.0000  0.0311  0.0000 -0.1855  0.0000  0.0360 -0.0000  0.3283 -0.0000  0.4401 -0.0000 -0.3219  0.0000 -0.0430  0.0000  0.0498  0.0000  0.3679  0.0000 -0.5854 -0.0000
    7   7.8771 THz   0.1837  0.0000  0.8221 -0.0000 -0.0159  0.0000  0.0562  0.0000 -0.0272  0.0000  0.1990  0.0000  0.3745 -0.0000 -0.0680 -0.0000  0.0972  0.0000 -0.0390  0.0000  0.0205 -0.0000  0.1542 -0.0000  0.1765  0.0000  0.0178  0.0000  0.1875  0.0000
    8   9.2286 THz  -0.0316  0.0000  0.1007  0.0000 -0.7376 -0.0000 -0.0726 -0.0000 -0.1037 -0.0000  0.0689  0.0000 -0.2094 -0.0000 -0.1800 -0.0000  0.0005  0.0000 -0.3846  0.0000 -0.1380  0.0000  0.1201 -0.0000 -0.2313 -0.0000 -0.3202 -0.0000 -0.1024 -0.0000
    9  10.0581 THz   0.0591  0.0000  0.1915 -0.0000  0.1585 -0.0000  0.0165  0.0000  0.0024  0.0000  0.0950  0.0000 -0.5701 -0.0000 -0.0896 -0.0000  0.0808  0.0000  0.4762 -0.0000  0.2619 -0.0000  0.1485 -0.0000 -0.0498 -0.0000 -0.5021 -0.0000  0.1175  0.0000
   10  10.5377 THz  -0.0297  0.0000 -0.0352 -0.0000 -0.2306 -0.0000  0.0230  0.0000 -0.0885 -0.0000 -0.0128 -0.0000 -0.0608 -0.0000 -0.1280 -0.0000 -0.4659 -0.0000  0.4040 -0.0000 -0.4989  0.0000  0.0080 -0.0000  0.0940  0.0000  0.1587  0.0000  0.5028  0.0000
   11  13.5286 THz   0.1080  0.0000  0.1911 -0.0000  0.3920 -0.0000  0.0418 -0.0000  0.0577 -0.0000  0.0433  0.0000 -0.2230 -0.0000  0.0919 -0.0000 -0.4795  0.0000 -0.2997  0.0000 -0.4289  0.0000 -0.0053  0.0000  0.1691  0.0000 -0.2366 -0.0000 -0.3805 -0.0000
   12  13.6418 THz  -0.0995  0.0000  0.0825 -0.0000  0.1248 -0.0000  0.0311 -0.0000  0.0028 -0.0000 -0.0054 -0.0000  0.3125  0.0000  0.2463 -0.0000 -0.1468  0.0000  0.2157 -0.0000 -0.1335  0.0000  0.2580 -0.0000 -0.7964 -0.0000 -0.0986 -0.0000 -0.1093 -0.0000
   13  14.0790 THz   0.0060  0.0000 -0.1102 -0.0000  0.1487  0.0000  0.0051  0.0000  0.0301  0.0000 -0.0263 -0.0000  0.0183  0.0000 -0.7047 -0.0000 -0.1487 -0.0000 -0.0236  0.0000  0.1271 -0.0000  0.5727 -0.0000 -0.0191 -0.0000  0.2527  0.0000 -0.1900 -0.0000
   14  21.6379 THz   0.1071  0.0000  0.1347 -0.0000  0.1419 -0.0000  0.0166  0.0000  0.0266  0.0000  0.0410  0.0000  0.0107 -0.0000 -0.5504 -0.0000 -0.0186 -0.0000 -0.0026  0.0000 -0.0140  0.0000 -0.7122  0.0000 -0.3694 -0.0000  0.0149  0.0000 -0.0065 -0.0000


 Q= -0.041943  0.062915 -0.083887, q= -0.166667  0.250000 -0.333333

                       Ti X   0        Ti Y   0        Ti Z   0        Pb X   1        Pb Y   1        Pb Z   1         O X   2         O Y   2         O Z   2         O X   3         O Y   3         O Z   3         O X   4         O Y   4         O Z   4     
                    --------------- --------------- --------------- --------------- --------------- --------------- --------------- --------------- --------------- --------------- --------------- --------------- --------------- --------------- ---------------
    0   0.7678 THz   0.1469  0.0000 -0.1603 -0.0000 -0.0882 -0.0000  0.1567 -0.0000 -0.4843  0.0000 -0.8188  0.0000 -0.0313  0.0000  0.0213 -0.0000  0.0545 -0.0000 -0.0119  0.0000  0.0463 -0.0000  0.0323 -0.0000 -0.0175 -0.0000  0.0581  0.0000  0.0627  0.0000
    1   1.1590 THz  -0.2475  0.0000 -0.0030 -0.0000 -0.0474 -0.0000 -0.4810  0.0000 -0.7658  0.0000  0.3254 -0.0000  0.0496 -0.0000  0.0283 -0.0000 -0.0075  0.0000  0.0544 -0.0000  0.0609 -0.0000 -0.0082  0.0000  0.0410  0.0000  0.0285  0.0000  0.0182  0.0000
    2   1.6079 THz  -0.0687  0.0000  0.1132 -0.0000 -0.0996  0.0000  0.8467 -0.0000 -0.3596  0.0000  0.3523 -0.0000 -0.0197  0.0000 -0.0070  0.0000  0.0062  0.0000 -0.0338  0.0000 -0.0109  0.0000  0.0004 -0.0000 -0.0082 -0.0000 -0.0140 -0.0000  0.0160  0.0000
    3   5.1535 THz  -0.9007  0.0000 -0.2045  0.0000  0.0725  0.0000  0.1175 -0.0000  0.1542 -0.0000 -0.1949  0.0000  0.0491 -0.0000  0.1244 -0.0000  0.0519  0.0000  0.0289 -0.0000  0.0438 -0.0000 -0.0732  0.0000  0.1375  0.0000  0.1126  0.0000 -0.0763 -0.0000
    4   5.3334 THz  -0.0641  0.0000 -0.2130 -0.0000 -0.2588 -0.0000 -0.0082 -0.0000 -0.0337 -0.0000 -0.0395 -0.0000 -0.0989 -0.0000 -0.1756 -0.0000 -0.5998 -0.0000  0.0982 -0.0000 -0.5752  0.0000 -0.1451  0.0000 -0.0050 -0.0000 -0.2692 -0.0000 -0.2153 -0.0000
    5   5.9226 THz  -0.1422  0.0000 -0.2171 -0.0000  0.1807 -0.0000 -0.0293  0.0000 -0.0207  0.0000  0.0349 -0.0000 -0.5375  0.0000 -0.1448  0.0000  0.1404 -0.0000 -0.3396  0.0000  0.0511 -0.0000  0.0919 -0.0000 -0.2844 -0.0000 -0.5150 -0.0000  0.3089  0.0000
    6   6.6580 THz  -0.0682  0.0000  0.1724  0.0000  0.2028  0.0000 -0.0162 -0.0000 -0.0100  0.0000 -0.0311  0.0000  0.1855  0.0000  0.0360  0.0000 -0.3283 -0.0000 -0.4401  0.0000 -0.3219  0.0000  0.0430 -0.0000 -0.0498 -0.0000  0.3679  0.0000  0.5854  0.0000
    7   7.8771 THz   0.1837  0.0000 -0.8221  0.0000 -0.0159 -0.0000  0.0562 -0.0000  0.0272 -0.0000  0.1990 -0.0000  0.3745 -0.0000  0.0680 -0.0000  0.0972 -0.0000 -0.0390  0.0000 -0.0205  0.0000  0.1542 -0.0000  0.1765  0.0000 -0.0178 -0.0000  0.1875  0.0000
    8   9.2286 THz   0.0316  0.0000  0.1007  0.0000  0.7376  0.0000  0.0726  0.0000 -0.1037 -0.0000 -0.0689 -0.0000  0.2094  0.0000 -0.1800 -0.0000 -0.0005 -0.0000  0.3846 -0.0000 -0.1380  0.0000 -0.1201  0.0000  0.2313  0.0000 -0.3202 -0.0000  0.1024  0.0000
    9  10.0581 THz   0.0591  0.0000 -0.1915 -0.0000  0.1585 -0.0000  0.0165 -0.0000 -0.0024  0.0000  0.0950 -0.0000 -0.5701 -0.0000  0.0896  0.0000  0.0808 -0.0000  0.4762 -0.0000 -0.2619  0.0000  0.1485 -0.0000 -0.0498 -0.0000  0.5021  0.0000  0.1175  0.0000
   10  10.5377 THz   0.0297  0.0000 -0.0352  0.0000  0.2306 -0.0000 -0.0230  0.0000 -0.0885  0.0000  0.0128 -0.0000  0.0608 -0.0000 -0.1280  0.0000  0.4659 -0.0000 -0.4040  0.0000 -0.4989  0.0000 -0.0080  0.0000 -0.0940 -0.0000  0.1587  0.0000 -0.5028 -0.0000
   11  13.5286 THz   0.1080  0.0000 -0.1911  0.0000  0.3920 -0.0000  0.0418 -0.0000 -0.0577  0.0000  0.0433 -0.0000 -0.2230  0.0000 -0.0919  0.0000 -0.4795  0.0000 -0.2997  0.0000  0.4289 -0.0000 -0.0053  0.0000  0.1691  0.0000  0.2366  0.0000 -0.3805 -0.0000
   12  13.6418 THz  -0.0995  0.0000 -0.0825  0.0000  0.1248 -0.0000  0.0311 -0.0000 -0.0028  0.0000 -0.0054 -0.0000  0.3125 -0.0000 -0.2463  0.0000 -0.1468  0.0000  0.2157 -0.0000  0.1335 -0.0000  0.2580 -0.0000 -0.7964 -0.0000  0.0986  0.0000 -0.1093 -0.0000
   13  14.0790 THz   0.0060  0.0000  0.1102  0.0000  0.1487  0.0000  0.0051  0.0000 -0.0301  0.0000 -0.0263  0.0000  0.0183  0.0000  0.7047 -0.0000 -0.1487  0.0000 -0.0236  0.0000 -0.1271  0.0000  0.5727 -0.0000 -0.0191 -0.0000 -0.2527 -0.0000 -0.1900 -0.0000
   14  21.6379 THz  -0.1071  0.0000  0.1347 -0.0000 -0.1419  0.0000 -0.0166  0.0000  0.0266 -0.0000 -0.0410  0.0000 -0.0107  0.0000 -0.5504  0.0000  0.0186 -0.0000  0.0026 -0.0000 -0.0140  0.0000  0.7122 -0.0000  0.3694  0.0000  0.0149  0.0000  0.0065  0.0000


 Q=  0.000000 -0.125830  0.000000, q=  0.000000 -0.500000  0.000000

                       Ti X   0        Ti Y   0        Ti Z   0        Pb X   1        Pb Y   1        Pb Z   1         O X   2         O Y   2         O Z   2         O X   3         O Y   3         O Z   3         O X   4         O Y   4         O Z   4     
                    --------------- --------------- --------------- --------------- --------------- --------------- --------------- --------------- --------------- --------------- --------------- --------------- --------------- --------------- ---------------
    0   1.2494 THz  -0.0000  0.0000  0.0000  0.0000 -0.0000  0.0000 -0.1381  0.1009 -0.0000  0.0000 -0.7933  0.5798  0.0201 -0.0147 -0.0000  0.0000  0.0550 -0.0402 -0.0000  0.0000 -0.0000  0.0000 -0.0000  0.0000 -0.0000  0.0000  0.0000 -0.0000 -0.0000  0.0000
    1   1.5503 THz  -0.0000  0.0000 -0.0000  0.0000 -0.0000  0.0000  0.6025 -0.7764 -0.0000 -0.0000 -0.1055  0.1359 -0.0415  0.0535 -0.0000 -0.0000  0.0068 -0.0088  0.0000 -0.0000 -0.0000  0.0000  0.0000 -0.0000 -0.0000 -0.0000  0.0000  0.0000  0.0000 -0.0000
    2  -2.7129 THz   0.7678  0.0000 -0.0000 -0.0000  0.5714  0.0000  0.0000 -0.0000 -0.0000 -0.0000 -0.0000  0.0000 -0.0000 -0.0000 -0.0000  0.0000 -0.0000  0.0000 -0.1457 -0.0000  0.0000  0.0000 -0.1356 -0.0000 -0.1796  0.0000 -0.0000  0.0000 -0.1100  0.0000
    3  -2.9963 THz   0.5679  0.0000 -0.0000  0.0000 -0.7591 -0.0000 -0.0000  0.0000  0.0000  0.0000  0.0000  0.0000 -0.0000 -0.0000  0.0000 -0.0000  0.0000 -0.0000 -0.1190  0.0000 -0.0000 -0.0000  0.1970  0.0000 -0.1425  0.0000 -0.0000 -0.0000  0.1672 -0.0000
    4   3.1025 THz  -0.0000  0.0000  0.0000 -0.0000 -0.0000 -0.0000  0.0000  0.0000 -0.9943 -0.0909  0.0000  0.0000 -0.0000 -0.0000 -0.0562 -0.0051 -0.0000  0.0000 -0.0000  0.0000 -0.0000 -0.0000  0.0000  0.0000 -0.0000 -0.0000  0.0000 -0.0000  0.0000 -0.0000
    5   5.9148 THz  -0.0702  0.0000 -0.0000  0.0000  0.2930  0.0000 -0.0000  0.0000 -0.0000  0.0000  0.0000  0.0000 -0.0000 -0.0000 -0.0000  0.0000  0.0000  0.0000 -0.1517 -0.0000 -0.0000  0.0000  0.4877 -0.0000 -0.1022 -0.0000 -0.0000  0.0000  0.7987  0.0000
    6   6.2006 THz  -0.2747  0.0000 -0.0000 -0.0000 -0.0469 -0.0000  0.0000 -0.0000  0.0000  0.0000 -0.0000  0.0000 -0.0000  0.0000  0.0000  0.0000 -0.0000  0.0000 -0.7932  0.0000 -0.0000 -0.0000 -0.0958  0.0000 -0.5071  0.0000 -0.0000 -0.0000 -0.1640 -0.0000
    7   7.7533 THz   0.0000  0.0000 -0.7732 -0.0000 -0.0000  0.0000 -0.0000  0.0000 -0.0000 -0.0000  0.0000  0.0000 -0.0000  0.0000 -0.0000 -0.0000 -0.0000  0.0000  0.0000 -0.0000 -0.4316 -0.0000 -0.0000 -0.0000  0.0000 -0.0000 -0.4647 -0.0000 -0.0000 -0.0000
    8   8.8192 THz   0.0000  0.0000  0.0274  0.0000  0.0000 -0.0000  0.0000 -0.0000  0.0000  0.0000 -0.0000 -0.0000  0.0000 -0.0000 -0.0000  0.0000  0.0000 -0.0000  0.0000  0.0000  0.7093  0.0000 -0.0000 -0.0000  0.0000  0.0000 -0.7044 -0.0000  0.0000  0.0000
    9   9.0792 THz   0.0000  0.0000  0.0000  0.0000 -0.0000 -0.0000 -0.0017  0.0038  0.0000 -0.0000 -0.0278  0.0638 -0.0189  0.0435 -0.0000 -0.0000 -0.3974  0.9138  0.0000  0.0000  0.0000 -0.0000 -0.0000  0.0000  0.0000  0.0000 -0.0000  0.0000 -0.0000 -0.0000
   10   9.2655 THz   0.0000  0.0000 -0.0000  0.0000  0.0000 -0.0000 -0.0042  0.0707  0.0000  0.0000 -0.0006  0.0095 -0.0595  0.9945  0.0000  0.0000  0.0029 -0.0483  0.0000 -0.0000 -0.0000 -0.0000  0.0000  0.0000  0.0000 -0.0000  0.0000  0.0000  0.0000 -0.0000
   11  13.5316 THz  -0.0602  0.0000 -0.0000  0.0000  0.0694  0.0000 -0.0000 -0.0000 -0.0000 -0.0000 -0.0000 -0.0000  0.0000  0.0000 -0.0000  0.0000 -0.0000 -0.0000  0.3853 -0.0000  0.0000  0.0000  0.6065 -0.0000 -0.5617 -0.0000  0.0000  0.0000 -0.3998  0.0000
   12  13.6980 THz  -0.0639  0.0000 -0.0000 -0.0000 -0.0656 -0.0000  0.0000 -0.0000  0.0000 -0.0000  0.0000  0.0000  0.0000 -0.0000  0.0000 -0.0000  0.0000  0.0000  0.4050  0.0000  0.0000 -0.0000 -0.5727  0.0000 -0.6036  0.0000  0.0000 -0.0000  0.3678 -0.0000
   13  14.1891 THz   0.0000  0.0000 -0.6336 -0.0000  0.0000  0.0000 -0.0000 -0.0000 -0.0000  0.0000  0.0000  0.0000  0.0000  0.0000  0.0000  0.0000  0.0000  0.0000 -0.0000 -0.0000  0.5574 -0.0000  0.0000 -0.0000  0.0000  0.0000  0.5366 -0.0000 -0.0000  0.0000
   14  19.9810 THz   0.0000  0.0000 -0.0000 -0.0000 -0.0000  0.0000 -0.0000  0.0000  0.0001  0.0564 -0.0000  0.0000 -0.0000  0.0000 -0.0011 -0.9984 -0.0000  0.0000 -0.0000 -0.0000  0.0000  0.0000  0.0000 -0.0000 -0.0000 -0.0000  0.0000  0.0000  0.0000  0.0000


 Q=  0.000000  0.000000  0.000000, q=  0.000000  0.000000  0.000000

                       Ti X   0        Ti Y   0        Ti Z   0        Pb X   1        Pb Y   1        Pb Z   1         O X   2         O Y   2         O Z   2         O X   3         O Y   3         O Z   3         O X   4         O Y   4         O Z   4     
                    --------------- --------------- --------------- --------------- --------------- --------------- --------------- --------------- --------------- --------------- --------------- --------------- --------------- --------------- ---------------
    0  -0.0000 THz  -0.0956  0.0000 -0.3735  0.0000 -0.0963  0.0000 -0.1989  0.0000 -0.7772  0.0000 -0.2003  0.0000 -0.0553  0.0000 -0.2160  0.0000 -0.0557  0.0000 -0.0553  0.0000 -0.2160  0.0000 -0.0557  0.0000 -0.0553  0.0000 -0.2160  0.0000 -0.0557  0.0000
    1   0.0000 THz  -0.3857  0.0000  0.0916  0.0000  0.0277  0.0000 -0.8025  0.0000  0.1905  0.0000  0.0576  0.0000 -0.2230  0.0000  0.0529  0.0000  0.0160  0.0000 -0.2230  0.0000  0.0529  0.0000  0.0160  0.0000 -0.2230  0.0000  0.0529  0.0000  0.0160  0.0000
    2  -0.0000 THz  -0.0038  0.0000  0.1001  0.0000 -0.3846  0.0000 -0.0080  0.0000  0.2083  0.0000 -0.8001  0.0000 -0.0022  0.0000  0.0579  0.0000 -0.2223  0.0000 -0.0022  0.0000  0.0579  0.0000 -0.2223  0.0000 -0.0022  0.0000  0.0579  0.0000 -0.2223  0.0000
    3   2.5995 THz  -0.1183  0.0000 -0.0000  0.0000  0.7464  0.0000  0.0934  0.0000  0.0000  0.0000 -0.5302  0.0000 -0.0442  0.0000 -0.0000  0.0000  0.2296  0.0000 -0.0511  0.0000 -0.0000  0.0000  0.1413  0.0000 -0.0363  0.0000 -0.0000  0.0000  0.2461  0.0000
    4   2.6321 THz   0.0000  0.0000 -0.7547  0.0000 -0.0000  0.0000 -0.0000  0.0000  0.5386  0.0000  0.0000  0.0000  0.0000  0.0000 -0.1440  0.0000 -0.0000  0.0000  0.0000  0.0000 -0.2528  0.0000 -0.0000  0.0000  0.0000  0.0000 -0.2360  0.0000 -0.0000  0.0000
    5   2.8162 THz  -0.7390  0.0000  0.0000  0.0000 -0.1333  0.0000  0.5324  0.0000 -0.0000  0.0000  0.0883  0.0000 -0.2358  0.0000  0.0000  0.0000 -0.0313  0.0000 -0.2536  0.0000  0.0000  0.0000 -0.0137  0.0000 -0.1481  0.0000  0.0000  0.0000 -0.0423  0.0000
    6  -5.2438 THz   0.4813  0.0000  0.0000  0.0000  0.1825  0.0000  0.1423  0.0000  0.0000  0.0000  0.0686  0.0000 -0.4380  0.0000 -0.0000  0.0000 -0.1834  0.0000 -0.4225  0.0000 -0.0000  0.0000 -0.1974  0.0000 -0.4839  0.0000 -0.0000  0.0000 -0.1819  0.0000
    7  -5.3736 THz  -0.0000  0.0000  0.5145  0.0000 -0.0000  0.0000 -0.0000  0.0000  0.1577  0.0000 -0.0000  0.0000  0.0000  0.0000 -0.5251  0.0000  0.0000  0.0000  0.0000  0.0000 -0.4616  0.0000  0.0000  0.0000  0.0000  0.0000 -0.4708  0.0000  0.0000  0.0000
    8  -5.4054 THz  -0.2069  0.0000  0.0000  0.0000  0.4757  0.0000 -0.0510  0.0000  0.0000  0.0000  0.1462  0.0000  0.1645  0.0000 -0.0000  0.0000 -0.4364  0.0000  0.1791  0.0000 -0.0000  0.0000 -0.4876  0.0000  0.1980  0.0000 -0.0000  0.0000 -0.4248  0.0000
    9   7.8568 THz  -0.0080  0.0000  0.0000  0.0000 -0.0139  0.0000  0.0054  0.0000  0.0000  0.0000  0.0035  0.0000 -0.2582  0.0000 -0.0000  0.0000 -0.6589  0.0000  0.2569  0.0000 -0.0000  0.0000  0.0124  0.0000 -0.0043  0.0000  0.0000  0.0000  0.6578  0.0000
   10   7.9015 THz   0.0000  0.0000  0.0116  0.0000  0.0000  0.0000 -0.0000  0.0000 -0.0051  0.0000 -0.0000  0.0000  0.0000  0.0000 -0.0082  0.0000  0.0000  0.0000 -0.0000  0.0000 -0.7039  0.0000 -0.0000  0.0000 -0.0000  0.0000  0.7102  0.0000 -0.0000  0.0000
   11   8.2086 THz   0.0099  0.0000 -0.0000  0.0000 -0.0010  0.0000 -0.0040  0.0000 -0.0000  0.0000  0.0058  0.0000  0.6630  0.0000 -0.0000  0.0000 -0.2615  0.0000 -0.6536  0.0000  0.0000  0.0000 -0.0114  0.0000 -0.0121  0.0000 -0.0000  0.0000  0.2539  0.0000
   12  14.3313 THz  -0.0586  0.0000  0.0000  0.0000  0.0611  0.0000  0.0223  0.0000 -0.0000  0.0000 -0.0244  0.0000  0.2888  0.0000 -0.0000  0.0000 -0.2913  0.0000  0.2896  0.0000  0.0000  0.0000  0.5792  0.0000 -0.5574  0.0000  0.0000  0.0000 -0.3056  0.0000
   13  14.4246 THz  -0.0000  0.0000  0.0871  0.0000 -0.0000  0.0000  0.0000  0.0000 -0.0368  0.0000 -0.0000  0.0000  0.0000  0.0000  0.8067  0.0000  0.0000  0.0000  0.0000  0.0000 -0.4181  0.0000 -0.0000  0.0000 -0.0000  0.0000 -0.4068  0.0000  0.0000  0.0000
   14  14.4994 THz  -0.0621  0.0000 -0.0000  0.0000 -0.0609  0.0000  0.0281  0.0000  0.0000  0.0000  0.0265  0.0000  0.2848  0.0000 -0.0000  0.0000  0.2865  0.0000  0.3044  0.0000  0.0000  0.0000 -0.5609  0.0000 -0.5829  0.0000  0.0000  0.0000  0.2842  0.0000


 Q=  0.041943 -0.062915  0.083887, q=  0.166667 -0.250000  0.333333

                       Ti X   0        Ti Y   0        Ti Z   0        Pb X   1        Pb Y   1        Pb Z   1         O X   2         O Y   2         O Z   2         O X   3         O Y   3         O Z   3         O X   4         O Y   4         O Z   4     
                    --------------- --------------- --------------- --------------- --------------- --------------- --------------- --------------- --------------- --------------- --------------- --------------- --------------- --------------- ---------------
    0   0.7678 THz   0.1469  0.0000 -0.1603  0.0000 -0.0882  0.0000  0.1567  0.0000 -0.4843 -0.0000 -0.8188 -0.0000 -0.0313 -0.0000  0.0213  0.0000  0.0545  0.0000 -0.0119 -0.0000  0.0463  0.0000  0.0323  0.0000 -0.0175  0.0000  0.0581 -0.0000  0.0627 -0.0000
    1   1.1590 THz  -0.2475  0.0000 -0.0030  0.0000 -0.0474  0.0000 -0.4810 -0.0000 -0.7658 -0.0000  0.3254  0.0000  0.0496  0.0000  0.0283  0.0000 -0.0075 -0.0000  0.0544  0.0000  0.0609  0.0000 -0.0082 -0.0000  0.0410 -0.0000  0.0285 -0.0000  0.0182 -0.0000
    2   1.6079 THz  -0.0687  0.0000  0.1132  0.0000 -0.0996 -0.0000  0.8467  0.0000 -0.3596 -0.0000  0.3523  0.0000 -0.0197 -0.0000 -0.0070 -0.0000  0.0062 -0.0000 -0.0338 -0.0000 -0.0109 -0.0000  0.0004  0.0000 -0.0082  0.0000 -0.0140  0.0000  0.0160 -0.0000
    3   5.1535 THz  -0.9007  0.0000 -0.2045 -0.0000  0.0725 -0.0000  0.1175  0.0000  0.1542  0.0000 -0.1949 -0.0000  0.0491  0.0000  0.1244  0.0000  0.0519 -0.0000  0.0289  0.0000  0.0438  0.0000 -0.0732 -0.0000  0.1375 -0.0000  0.1126 -0.0000 -0.0763  0.0000
    4   5.3334 THz  -0.0641  0.0000 -0.2130  0.0000 -0.2588  0.0000 -0.0082  0.0000 -0.0337  0.0000 -0.0395  0.0000 -0.0989  0.0000 -0.1756  0.0000 -0.5998  0.0000  0.0982  0.0000 -0.5752 -0.0000 -0.1451 -0.0000 -0.0050  0.0000 -0.2692  0.0000 -0.2153  0.0000
    5   5.9226 THz  -0.1422  0.0000 -0.2171  0.0000  0.1807  0.0000 -0.0293 -0.0000 -0.0207 -0.0000  0.0349  0.0000 -0.5375 -0.0000 -0.1448 -0.0000  0.1404  0.0000 -0.3396 -0.0000  0.0511  0.0000  0.0919  0.0000 -0.2844  0.0000 -0.5150  0.0000  0.3089 -0.0000
    6   6.6580 THz  -0.0682  0.0000  0.1724 -0.0000  0.2028 -0.0000 -0.0162  0.0000 -0.0100 -0.0000 -0.0311 -0.0000  0.1855 -0.0000  0.0360 -0.0000 -0.3283  0.0000 -0.4401 -0.0000 -0.3219 -0.0000  0.0430  0.0000 -0.0498  0.0000  0.3679 -0.0000  0.5854 -0.0000
    7   7.8771 THz   0.1837  0.0000 -0.8221 -0.0000 -0.0159  0.0000  0.0562  0.0000  0.0272  0.0000  0.1990  0.0000  0.3745  0.0000  0.0680  0.0000  0.0972  0.0000 -0.0390 -0.0000 -0.0205 -0.0000  0.1542  0.0000  0.1765 -0.0000 -0.0178  0.0000  0.1875 -0.0000
    8   9.2286 THz   0.0316  0.0000  0.1007 -0.0000  0.7376 -0.0000  0.0726 -0.0000 -0.1037  0.0000 -0.0689  0.0000  0.2094 -0.0000 -0.1800  0.0000 -0.0005  0.0000  0.3846  0.0000 -0.1380 -0.0000 -0.1201 -0.0000  0.2313 -0.0000 -0.3202  0.0000  0.1024 -0.0000
    9  10.0581 THz   0.0591  0.0000 -0.1915  0.0000  0.1585  0.0000  0.0165  0.0000 -0.0024 -0.0000  0.0950  0.0000 -0.5701  0.0000  0.0896 -0.0000  0.0808  0.0000  0.4762  0.0000 -0.2619 -0.0000  0.1485  0.0000 -0.0498  0.0000  0.5021 -0.0000  0.1175 -0.0000
   10  10.5377 THz   0.0297  0.0000 -0.0352 -0.0000  0.2306  0.0000 -0.0230 -0.0000 -0.0885 -0.0000  0.0128  0.0000  0.0608  0.0000 -0.1280 -0.0000  0.4659  0.0000 -0.4040 -0.0000 -0.4989 -0.0000 -0.0080 -0.0000 -0.0940  0.0000  0.1587 -0.0000 -0.5028  0.0000
   11  13.5286 THz   0.1080  0.0000 -0.1911 -0.0000  0.3920  0.0000  0.0418  0.0000 -0.0577 -0.0000  0.0433  0.0000 -0.2230 -0.0000 -0.0919 -0.0000 -0.4795 -0.0000 -0.2997 -0.0000  0.4289  0.0000 -0.0053 -0.0000  0.1691 -0.0000  0.2366 -0.0000 -0.3805  0.0000
   12  13.6418 THz  -0.0995  0.0000 -0.0825 -0.0000  0.1248  0.0000  0.0311  0.0000 -0.0028 -0.0000 -0.0054  0.0000  0.3125  0.0000 -0.2463 -0.0000 -0.1468 -0.0000  0.2157  0.0000  0.1335  0.0000  0.2580  0.0000 -0.7964  0.0000  0.0986 -0.0000 -0.1093  0.0000
   13  14.0790 THz   0.0060  0.0000  0.1102 -0.0000  0.1487 -0.0000  0.0051 -0.0000 -0.0301 -0.0000 -0.0263 -0.0000  0.0183 -0.0000  0.7047  0.0000 -0.1487 -0.0000 -0.0236 -0.0000 -0.1271 -0.0000  0.5727  0.0000 -0.0191  0.0000 -0.2527  0.0000 -0.1900  0.0000
   14  21.6379 THz  -0.1071  0.0000  0.1347  0.0000 -0.1419 -0.0000 -0.0166 -0.0000  0.0266  0.0000 -0.0410 -0.0000 -0.0107 -0.0000 -0.5504 -0.0000  0.0186  0.0000  0.0026  0.0000 -0.0140 -0.0000  0.7122  0.0000  0.3694 -0.0000  0.0149 -0.0000  0.0065 -0.0000


 Q=  0.041943  0.062915  0.083887, q=  0.166667  0.250000  0.333333

                       Ti X   0        Ti Y   0        Ti Z   0        Pb X   1        Pb Y   1        Pb Z   1         O X   2         O Y   2         O Z   2         O X   3         O Y   3         O Z   3         O X   4         O Y   4         O Z   4     
                    --------------- --------------- --------------- --------------- --------------- --------------- --------------- --------------- --------------- --------------- --------------- --------------- --------------- --------------- ---------------
    0   0.7678 THz   0.1469  0.0000  0.1603  0.0000 -0.0882 -0.0000  0.1567  0.0000  0.4843  0.0000 -0.8188 -0.0000 -0.0313  0.0000 -0.0213 -0.0000  0.0545  0.0000 -0.0119 -0.0000 -0.0463 -0.0000  0.0323  0.0000 -0.0175  0.0000 -0.0581  0.0000  0.0627 -0.0000
    1   1.1590 THz  -0.2475  0.0000  0.0030  0.0000 -0.0474 -0.0000 -0.4810 -0.0000  0.7658  0.0000  0.3254 -0.0000  0.0496 -0.0000 -0.0283 -0.0000 -0.0075  0.0000  0.0544  0.0000 -0.0609 -0.0000 -0.0082 -0.0000  0.0410 -0.0000 -0.0285  0.0000  0.0182 -0.0000
    2   1.6079 THz  -0.0687  0.0000 -0.1132 -0.0000 -0.0996 -0.0000  0.8467  0.0000  0.3596 -0.0000  0.3523 -0.0000 -0.0197  0.0000  0.0070 -0.0000  0.0062  0.0000 -0.0338 -0.0000  0.0109  0.0000  0.0004  0.0000 -0.0082  0.0000  0.0140 -0.0000  0.0160 -0.0000
    3   5.1535 THz  -0.9007  0.0000  0.2045 -0.0000  0.0725  0.0000  0.1175  0.0000 -0.1542  0.0000 -0.1949  0.0000  0.0491  0.0000 -0.1244 -0.0000  0.0519  0.0000  0.0289  0.0000 -0.0438 -0.0000 -0.0732 -0.0000  0.1375 -0.0000 -0.1126  0.0000 -0.0763  0.0000
    4   5.3334 THz  -0.0641  0.0000  0.2130  0.0000 -0.2588 -0.0000 -0.0082 -0.0000  0.0337  0.0000 -0.0395 -0.0000 -0.0989 -0.0000  0.1756  0.0000 -0.5998 -0.0000  0.0982  0.0000  0.5752  0.0000 -0.1451 -0.0000 -0.0050  0.0000  0.2692 -0.0000 -0.2153  0.0000
    5   5.9226 THz   0.1422  0.0000 -0.2171 -0.0000 -0.1807 -0.0000  0.0293  0.0000 -0.0207 -0.0000 -0.0349 -0.0000  0.5375  0.0000 -0.1448 -0.0000 -0.1404 -0.0000  0.3396  0.0000  0.0511  0.0000 -0.0919 -0.0000  0.2844 -0.0000 -0.5150  0.0000 -0.3089  0.0000
    6   6.6580 THz   0.0682  0.0000  0.1724  0.0000 -0.2028 -0.0000  0.0162 -0.0000 -0.0100 -0.0000  0.0311 -0.0000 -0.1855 -0.0000  0.0360  0.0000  0.3283  0.0000  0.4401  0.0000 -0.3219 -0.0000 -0.0430 -0.0000  0.0498 -0.0000  0.3679 -0.0000 -0.5854  0.0000
    7   7.8771 THz   0.1837  0.0000  0.8221  0.0000 -0.0159 -0.0000  0.0562 -0.0000 -0.0272 -0.0000  0.1990 -0.0000  0.3745  0.0000 -0.0680  0.0000  0.0972 -0.0000 -0.0390 -0.0000  0.0205  0.0000  0.1542  0.0000  0.1765 -0.0000  0.0178 -0.0000  0.1875 -0.0000
    8   9.2286 THz  -0.0316  0.0000  0.1007 -0.0000 -0.7376  0.0000 -0.0726  0.0000 -0.1037  0.0000  0.0689 -0.0000 -0.2094  0.0000 -0.1800  0.0000  0.0005 -0.0000 -0.3846 -0.0000 -0.1380 -0.0000  0.1201  0.0000 -0.2313  0.0000 -0.3202  0.0000 -0.1024  0.0000
    9  10.0581 THz   0.0591  0.0000  0.1915  0.0000  0.1585  0.0000  0.0165 -0.0000  0.0024 -0.0000  0.0950 -0.0000 -0.5701  0.0000 -0.0896  0.0000  0.0808 -0.0000  0.4762  0.0000  0.2619  0.0000  0.1485  0.0000 -0.0498  0.0000 -0.5021  0.0000  0.1175 -0.0000
   10  10.5377 THz  -0.0297  0.0000 -0.0352  0.0000 -0.2306  0.0000  0.0230 -0.0000 -0.0885  0.0000 -0.0128  0.0000 -0.0608  0.0000 -0.1280  0.0000 -0.4659  0.0000  0.4040  0.0000 -0.4989 -0.0000  0.0080  0.0000  0.0940 -0.0000  0.1587 -0.0000  0.5028 -0.0000
   11  13.5286 THz   0.1080  0.0000  0.1911  0.0000  0.3920  0.0000  0.0418  0.0000  0.0577  0.0000  0.0433 -0.0000 -0.2230  0.0000  0.0919  0.0000 -0.4795 -0.0000 -0.2997 -0.0000 -0.4289 -0.0000 -0.0053 -0.0000  0.1691 -0.0000 -0.2366  0.0000 -0.3805  0.0000
   12  13.6418 THz  -0.0995  0.0000  0.0825  0.0000  0.1248  0.0000  0.0311  0.0000  0.0028  0.0000 -0.0054  0.0000  0.3125 -0.0000  0.2463  0.0000 -0.1468 -0.0000  0.2157  0.0000 -0.1335 -0.0000  0.2580  0.0000 -0.7964  0.0000 -0.0986  0.0000 -0.1093  0.0000
   13  14.0790 THz   0.0060  0.0000 -0.1102  0.0000  0.1487 -0.0000  0.0051 -0.0000  0.0301 -0.0000 -0.0263  0.0000  0.0183 -0.0000 -0.7047  0.0000 -0.1487  0.0000 -0.0236 -0.0000  0.1271  0.0000  0.5727  0.0000 -0.0191  0.0000  0.2527 -0.0000 -0.1900  0.0000
   14  21.6379 THz   0.1071  0.0000  0.1347  0.0000  0.1419  0.0000  0.0166 -0.0000  0.0266 -0.0000  0.0410 -0.0000  0.0107  0.0000 -0.5504  0.0000 -0.0186  0.0000 -0.0026 -0.0000 -0.0140 -0.0000 -0.7122 -0.0000 -0.3694  0.0000  0.0149 -0.0000 -0.0065  0.0000


 Q=  0.083887 -0.125830 -0.083887, q=  0.333333 -0.500000 -0.333333

                       Ti X   0        Ti Y   0        Ti Z   0        Pb X   1        Pb Y   1        Pb Z   1         O X   2         O Y   2         O Z   2         O X   3         O Y   3         O Z   3         O X   4         O Y   4         O Z   4     
                    --------------- --------------- --------------- --------------- --------------- --------------- --------------- --------------- --------------- --------------- --------------- --------------- --------------- --------------- ---------------
    0   1.5117 THz   0.1106  0.0000  0.0000  0.0000 -0.1091 -0.0000 -0.0000  0.0000  0.9845  0.0000 -0.0000 -0.0000  0.0000  0.0000 -0.0088 -0.0000  0.0000 -0.0000 -0.0603  0.0000  0.0000 -0.0000  0.0025 -0.0000 -0.0033 -0.0000 -0.0000  0.0000  0.0537  0.0000
    1   1.5533 THz  -0.0000  0.0000  0.0956  0.0003  0.0000 -0.0000  0.2111  0.0007 -0.0000  0.0000 -0.9694 -0.0034  0.0621  0.0002  0.0000 -0.0000  0.0328  0.0001  0.0000 -0.0000 -0.0295 -0.0001  0.0000 -0.0000  0.0000 -0.0000 -0.0270 -0.0001 -0.0000 -0.0000
    2   1.7508 THz  -0.0000  0.0000 -0.0507  0.0007  0.0000 -0.0000 -0.9696  0.0126 -0.0000  0.0000 -0.2163  0.0028  0.0399 -0.0005 -0.0000  0.0000  0.0038 -0.0000  0.0000 -0.0000  0.0936 -0.0012  0.0000 -0.0000 -0.0000  0.0000 -0.0001  0.0000 -0.0000 -0.0000
    3   4.4653 THz  -0.0000  0.0000 -0.0422  0.0062  0.0000 -0.0000  0.0232 -0.0034 -0.0000  0.0000 -0.0434  0.0064 -0.5686  0.0841 -0.0000 -0.0000 -0.3900  0.0577 -0.0000  0.0000  0.3746 -0.0554 -0.0000  0.0000 -0.0000  0.0000 -0.5989  0.0886 -0.0000  0.0000
    4   4.6258 THz   0.0000  0.0000 -0.1875 -0.0976  0.0000  0.0000 -0.0498 -0.0259 -0.0000 -0.0000 -0.0065 -0.0034 -0.3117 -0.1623 -0.0000 -0.0000  0.5094  0.2652  0.0000  0.0000 -0.5200 -0.2707  0.0000  0.0000 -0.0000 -0.0000 -0.3493 -0.1818  0.0000  0.0000
    5   5.3108 THz   0.1579  0.0000 -0.0000  0.0000  0.1562  0.0000  0.0000  0.0000  0.0019 -0.0000 -0.0000  0.0000 -0.0000 -0.0000 -0.0011 -0.0000 -0.0000 -0.0000  0.6630 -0.0000  0.0000  0.0000  0.0920 -0.0000  0.0910  0.0000 -0.0000 -0.0000  0.7031  0.0000
    6   9.2024 THz   0.7316  0.0000 -0.0000 -0.0000  0.5945  0.0000 -0.0000  0.0000 -0.0143  0.0000 -0.0000  0.0000  0.0000  0.0000 -0.0120  0.0000 -0.0000 -0.0000 -0.0994  0.0000 -0.0000  0.0000 -0.2024  0.0000 -0.1930 -0.0000  0.0000  0.0000 -0.1512 -0.0000
    7   9.7698 THz  -0.5805  0.0000  0.0000  0.0000  0.7132  0.0000 -0.0000  0.0000  0.1183  0.0000 -0.0000  0.0000 -0.0000  0.0000  0.1649  0.0000  0.0000  0.0000 -0.2510  0.0000 -0.0000  0.0000 -0.0072  0.0000 -0.0559 -0.0000  0.0000 -0.0000  0.2167  0.0000
    8  11.0892 THz  -0.0000  0.0000 -0.8168 -0.1004  0.0000  0.0000  0.0478  0.0059  0.0000 -0.0000 -0.0518 -0.0064  0.3371  0.0415 -0.0000 -0.0000 -0.3796 -0.0467  0.0000 -0.0000 -0.1949 -0.0240  0.0000  0.0000 -0.0000  0.0000 -0.1316 -0.0162 -0.0000 -0.0000
    9  11.3762 THz   0.1953  0.0000 -0.0000 -0.0000 -0.2024 -0.0000 -0.0000 -0.0000 -0.1219 -0.0000 -0.0000 -0.0000 -0.0000 -0.0000 -0.2197 -0.0000 -0.0000 -0.0000 -0.6633  0.0000 -0.0000 -0.0000  0.0979 -0.0000 -0.1144 -0.0000  0.0000  0.0000  0.6286  0.0000
   10  11.4482 THz  -0.0000  0.0000  0.0325  0.0088  0.0000 -0.0000 -0.0573 -0.0155  0.0000  0.0000 -0.0566 -0.0153 -0.5123 -0.1384  0.0000  0.0000 -0.4525 -0.1222  0.0000  0.0000 -0.4690 -0.1267 -0.0000 -0.0000  0.0000  0.0000  0.4872  0.1316 -0.0000 -0.0000
   11  12.7848 THz  -0.0000  0.0000 -0.4689 -0.2088 -0.0000  0.0000  0.0685  0.0305  0.0000 -0.0000 -0.0665 -0.0296 -0.3464 -0.1542 -0.0000 -0.0000  0.3512  0.1563  0.0000 -0.0000  0.4369  0.1945  0.0000  0.0000 -0.0000  0.0000  0.4140  0.1843 -0.0000 -0.0000
   12  13.2080 THz  -0.1993  0.0000  0.0000  0.0000 -0.1318 -0.0000  0.0000 -0.0000  0.0119 -0.0000 -0.0000  0.0000  0.0000  0.0000 -0.2351  0.0000 -0.0000 -0.0000  0.1828 -0.0000 -0.0000 -0.0000 -0.4883  0.0000 -0.7818 -0.0000 -0.0000 -0.0000  0.0662  0.0000
   13  13.2782 THz  -0.0599  0.0000  0.0000  0.0000  0.1841  0.0000 -0.0000 -0.0000  0.0349  0.0000  0.0000  0.0000  0.0000  0.0000 -0.6786 -0.0000 -0.0000 -0.0000  0.1020 -0.0000 -0.0000 -0.0000  0.6442 -0.0000 -0.2051 -0.0000 -0.0000 -0.0000 -0.1826 -0.0000
   14  22.8802 THz   0.0956  0.0000 -0.0000  0.0000 -0.0966 -0.0000  0.0000  0.0000 -0.0177 -0.0000 -0.0000 -0.0000 -0.0000  0.0000  0.6391  0.0000 -0.0000 -0.0000  0.0107 -0.0000 -0.0000  0.0000  0.5363 -0.0000 -0.5338 -0.0000  0.0000  0.0000 -0.0101 -0.0000


 Q=  0.083887  0.000000 -0.083887, q=  0.333333  0.000000 -0.333333

                       Ti X   0        Ti Y   0        Ti Z   0        Pb X   1        Pb Y   1        Pb Z   1         O X   2         O Y   2         O Z   2         O X   3         O Y   3         O Z   3         O X   4         O Y   4         O Z   4     
                    --------------- --------------- --------------- --------------- --------------- --------------- --------------- --------------- --------------- --------------- --------------- --------------- --------------- --------------- ---------------
    0   0.7111 THz  -0.1412  0.0000 -0.0000  0.0000 -0.1197 -0.0000 -0.5977 -0.0000  0.0000  0.0000 -0.7672  0.0000  0.0823 -0.0000  0.0000  0.0000  0.0553 -0.0000  0.0638 -0.0000  0.0000  0.0000  0.0214 -0.0000  0.0272  0.0000  0.0000  0.0000  0.0692  0.0000
    1   1.5462 THz  -0.0000  0.0000 -0.1867  0.0010  0.0000 -0.0000  0.0000 -0.0000  0.9815 -0.0052 -0.0000  0.0000  0.0000 -0.0000  0.0231 -0.0001 -0.0000  0.0000 -0.0000 -0.0000 -0.0264  0.0001 -0.0000  0.0000  0.0000 -0.0000 -0.0220  0.0001 -0.0000  0.0000
    2   1.7813 THz  -0.1029  0.0000  0.0000 -0.0000  0.1453  0.0000  0.7729  0.0000 -0.0000  0.0000 -0.6049  0.0000  0.0453  0.0000 -0.0000  0.0000 -0.0390  0.0000 -0.0304  0.0000  0.0000 -0.0000 -0.0119  0.0000  0.0098  0.0000  0.0000  0.0000  0.0169  0.0000
    3  -2.5536 THz   0.0000  0.0000 -0.9629  0.0008  0.0000 -0.0000  0.0000 -0.0000 -0.1837  0.0001  0.0000  0.0000  0.0000  0.0000  0.1707 -0.0001 -0.0000  0.0000  0.0000 -0.0000  0.0684 -0.0001 -0.0000  0.0000  0.0000  0.0000  0.0727 -0.0001  0.0000 -0.0000
    4   5.2204 THz   0.1941  0.0000  0.0000  0.0000  0.1786 -0.0000  0.0397 -0.0000  0.0000 -0.0000  0.0503  0.0000  0.1432  0.0000 -0.0000 -0.0000  0.1123  0.0000  0.6433 -0.0000 -0.0000  0.0000  0.1102 -0.0000  0.1130  0.0000 -0.0000 -0.0000  0.6741  0.0000
    5   7.2210 THz  -0.2580  0.0000 -0.0000  0.0000 -0.3810 -0.0000  0.0402 -0.0000  0.0000  0.0000  0.0072 -0.0000 -0.4810 -0.0000  0.0000 -0.0000 -0.6728 -0.0000  0.2102 -0.0000  0.0000  0.0000 -0.0943  0.0000 -0.0661 -0.0000  0.0000  0.0000  0.2125  0.0000
    6   7.5508 THz  -0.5040  0.0000 -0.0000  0.0000  0.3690  0.0000 -0.0418  0.0000  0.0000  0.0000  0.0426  0.0000 -0.6147  0.0000  0.0000  0.0000  0.4532  0.0000  0.0362 -0.0000  0.0000  0.0000  0.0838 -0.0000 -0.0989 -0.0000  0.0000  0.0000  0.0700  0.0000
    7   7.8680 THz   0.0000  0.0000  0.1636  0.0249 -0.0000  0.0000  0.0000 -0.0000  0.0491  0.0075  0.0000  0.0000  0.0000  0.0000  0.4807  0.0731 -0.0000  0.0000 -0.0000 -0.0000  0.5538  0.0842 -0.0000  0.0000  0.0000 -0.0000  0.6406  0.0974 -0.0000 -0.0000
    8   9.3754 THz  -0.0000  0.0000 -0.0078  0.0012 -0.0000  0.0000 -0.0000  0.0000 -0.0053  0.0008  0.0000 -0.0000  0.0000 -0.0000 -0.0393  0.0061  0.0000 -0.0000  0.0000 -0.0000 -0.7309  0.1137  0.0000 -0.0000  0.0000 -0.0000  0.6638 -0.1032 -0.0000  0.0000
    9  10.0698 THz  -0.5767  0.0000 -0.0000 -0.0000 -0.5565  0.0000  0.1461  0.0000 -0.0000 -0.0000  0.1594 -0.0000  0.3460 -0.0000 -0.0000  0.0000  0.2739  0.0000  0.0243 -0.0000  0.0000 -0.0000  0.2353 -0.0000  0.2343  0.0000 -0.0000  0.0000  0.0729  0.0000
   10  10.7927 THz   0.3937  0.0000  0.0000  0.0000 -0.4582 -0.0000  0.1206  0.0000  0.0000 -0.0000 -0.1046  0.0000 -0.3682  0.0000 -0.0000 -0.0000  0.3841  0.0000  0.4151 -0.0000  0.0000  0.0000 -0.0390  0.0000  0.0861  0.0000  0.0000 -0.0000 -0.3812 -0.0000
   11  13.0710 THz   0.0000  0.0000  0.1025  0.0076 -0.0000 -0.0000  0.0000  0.0000 -0.0182 -0.0013 -0.0000  0.0000 -0.0000  0.0000  0.8534  0.0629  0.0000  0.0000 -0.0000  0.0000 -0.3647 -0.0269  0.0000 -0.0000  0.0000 -0.0000 -0.3499 -0.0258 -0.0000 -0.0000
   12  13.6323 THz  -0.3016  0.0000  0.0000  0.0000  0.3093 -0.0000 -0.0477  0.0000  0.0000 -0.0000  0.0510 -0.0000  0.2494  0.0000  0.0000  0.0000 -0.2424 -0.0000  0.5902 -0.0000 -0.0000 -0.0000  0.0749 -0.0000 -0.0552 -0.0000 -0.0000 -0.0000 -0.5750 -0.0000
   13  14.1526 THz  -0.1321  0.0000  0.0000  0.0000 -0.1442 -0.0000  0.0352  0.0000  0.0000 -0.0000  0.0340  0.0000  0.2090  0.0000 -0.0000  0.0000  0.2078  0.0000  0.1189 -0.0000  0.0000 -0.0000 -0.6504  0.0000 -0.6529 -0.0000  0.0000 -0.0000  0.0948  0.0000
   14  21.4914 THz   0.1235  0.0000 -0.0000 -0.0000 -0.1236 -0.0000  0.0311  0.0000  0.0000  0.0000 -0.0323 -0.0000  0.0153  0.0000 -0.0000  0.0000 -0.0166  0.0000 -0.0175  0.0000  0.0000 -0.0000  0.6970 -0.0000 -0.6933 -0.0000  0.0000  0.0000  0.0163  0.0000
