
Used Primitive lattice vector

   -2.237597000000     -2.237597000000      0.000000000000  
   -2.237597000000      0.000000000000     -2.237597000000  
    0.000000000000     -2.237597000000     -2.237597000000  

   1 Atom(s) in the Primitive cell

 0.0000000000 0.0000000000 0.0000000000 Al    0


 Q=  0.111727  0.111727  0.111727, q= -0.500000 -0.500000 -0.500000

                       Al X   0        Al Y   0        Al Z   0     
                    --------------- --------------- ---------------
    0   1.5663 THz   0.6716  0.0000 -0.7379  0.0000  0.0663 -0.0000
    1   1.5663 THz   0.4643  0.0000  0.3495 -0.0000 -0.8138  0.0000
    2   2.7694 THz   0.5774  0.0000  0.5774  0.0000  0.5774  0.0000


 Q=  0.167590  0.055863  0.055863, q= -0.500000 -0.500000 -0.250000

                       Al X   0        Al Y   0        Al Z   0     
                    --------------- --------------- ---------------
    0   1.7790 THz  -0.0000  0.0000  0.7070 -0.0111 -0.7070  0.0111
    1   3.1509 THz   0.4423  0.0000 -0.6342 -0.0000 -0.6342 -0.0000
    2   4.0221 THz   0.8968  0.0000  0.3128  0.0000  0.3128  0.0000


 Q=  0.223454  0.000000  0.000000, q= -0.500000 -0.500000  0.000000

                       Al X   0        Al Y   0        Al Z   0     
                    --------------- --------------- ---------------
    0   1.6101 THz   0.0000  0.0000 -0.9831  0.0000 -0.1828  0.0000
    1   1.6101 THz   0.0000  0.0000  0.1828  0.0000 -0.9831 -0.0000
    2   4.8351 THz   1.0000  0.0000  0.0000  0.0000  0.0000  0.0000


 Q=  0.279317 -0.055863 -0.055863, q= -0.500000 -0.500000  0.250000

                       Al X   0        Al Y   0        Al Z   0     
                    --------------- --------------- ---------------
    0   1.7790 THz  -0.0000  0.0000  0.7071  0.0074 -0.7071 -0.0074
    1   3.1509 THz   0.4423  0.0000 -0.6342  0.0000 -0.6342  0.0000
    2   4.0221 THz   0.8968  0.0000  0.3128 -0.0000  0.3128 -0.0000


 Q=  0.055863  0.167590  0.055863, q= -0.500000 -0.250000 -0.500000

                       Al X   0        Al Y   0        Al Z   0     
                    --------------- --------------- ---------------
    0   1.7790 THz   0.7071  0.0000  0.0000  0.0000 -0.7071  0.0000
    1   3.1509 THz   0.6342  0.0000 -0.4423  0.0000  0.6342 -0.0000
    2   4.0221 THz  -0.3128  0.0000 -0.8968  0.0000 -0.3128  0.0000


 Q=  0.111727  0.111727  0.000000, q= -0.500000 -0.250000 -0.250000

                       Al X   0        Al Y   0        Al Z   0     
                    --------------- --------------- ---------------
    0   1.6456 THz   0.0000  0.0000  0.0000 -0.0000 -0.9943  0.1069
    1   1.9775 THz   0.7071  0.0000 -0.7071 -0.0000 -0.0000 -0.0000
    2   3.5194 THz   0.7071  0.0000  0.7071  0.0000  0.0000  0.0000


 Q=  0.167590  0.055863 -0.055863, q= -0.500000 -0.250000  0.000000

                       Al X   0        Al Y   0        Al Z   0     
                    --------------- --------------- ---------------
    0   1.7790 THz   0.0000  0.0000 -0.7069 -0.0149 -0.7069 -0.0149
    1   3.1509 THz   0.4423  0.0000 -0.6342 -0.0000  0.6342  0.0000
    2   4.0221 THz   0.8968  0.0000  0.3128  0.0000 -0.3128 -0.0000


 Q=  0.223454  0.000000 -0.111727, q= -0.500000 -0.250000  0.250000

                       Al X   0        Al Y   0        Al Z   0     
                    --------------- --------------- ---------------
    0   2.7302 THz   0.0000  0.0000 -0.0000  0.0000  0.9979 -0.0647
    1   3.2228 THz   0.0000  0.0000 -0.9484  0.3171 -0.0000  0.0000
    2   3.2228 THz   1.0000  0.0000  0.0000  0.0000  0.0000  0.0000


 Q=  0.000000  0.223454  0.000000, q= -0.500000  0.000000 -0.500000

                       Al X   0        Al Y   0        Al Z   0     
                    --------------- --------------- ---------------
    0   1.6101 THz   0.0000  0.0000  0.0000  0.0000 -1.0000  0.0000
    1   1.6101 THz   1.0000  0.0000  0.0000  0.0000  0.0000  0.0000
    2   4.8351 THz   0.0000  0.0000 -1.0000 -0.0000 -0.0000  0.0000


 Q=  0.055863  0.167590 -0.055863, q= -0.500000  0.000000 -0.250000

                       Al X   0        Al Y   0        Al Z   0     
                    --------------- --------------- ---------------
    0   1.7790 THz   0.7071  0.0000 -0.0000  0.0000  0.7071  0.0000
    1   3.1509 THz  -0.6342  0.0000  0.4423  0.0000  0.6342  0.0000
    2   4.0221 THz  -0.3128  0.0000 -0.8968 -0.0000  0.3128 -0.0000


 Q=  0.111727  0.111727 -0.111727, q= -0.500000  0.000000  0.000000

                       Al X   0        Al Y   0        Al Z   0     
                    --------------- --------------- ---------------
    0   1.5663 THz   0.8165  0.0000 -0.4082  0.0000  0.4082 -0.0000
    1   1.5663 THz   0.0000  0.0000 -0.7071  0.0000 -0.7071  0.0000
    2   2.7694 THz  -0.5774  0.0000 -0.5774  0.0000  0.5774 -0.0000


 Q=  0.167590  0.055863 -0.167590, q= -0.500000  0.000000  0.250000

                       Al X   0        Al Y   0        Al Z   0     
                    --------------- --------------- ---------------
    0   1.7790 THz   0.7071  0.0000  0.0000 -0.0000  0.7071 -0.0000
    1   3.1509 THz  -0.6342  0.0000  0.4423 -0.0000  0.6342 -0.0000
    2   4.0221 THz  -0.3128  0.0000 -0.8968  0.0000  0.3128  0.0000


 Q= -0.055863  0.279317 -0.055863, q= -0.500000  0.250000 -0.500000

                       Al X   0        Al Y   0        Al Z   0     
                    --------------- --------------- ---------------
    0   1.7790 THz   0.7071  0.0000  0.0000 -0.0000 -0.7071 -0.0000
    1   3.1509 THz   0.6342  0.0000 -0.4423  0.0000  0.6342  0.0000
    2   4.0221 THz  -0.3128  0.0000 -0.8968 -0.0000 -0.3128 -0.0000


 Q=  0.000000  0.223454 -0.111727, q= -0.500000  0.250000 -0.250000

                       Al X   0        Al Y   0        Al Z   0     
                    --------------- --------------- ---------------
    0   2.7302 THz   0.0000  0.0000 -0.0000 -0.0000 -0.1643 -0.9864
    1   3.2228 THz   0.0000  0.0000 -0.0046 -1.0000 -0.0000  0.0000
    2   3.2228 THz   1.0000  0.0000  0.0000  0.0000  0.0000  0.0000


 Q=  0.055863  0.167590 -0.167590, q= -0.500000  0.250000  0.000000

                       Al X   0        Al Y   0        Al Z   0     
                    --------------- --------------- ---------------
    0   1.7790 THz   0.0000  0.0000 -0.0000  0.7071  0.0000  0.7071
    1   3.1509 THz   0.4423  0.0000 -0.6342 -0.0000  0.6342 -0.0000
    2   4.0221 THz   0.8968  0.0000  0.3128  0.0000 -0.3128  0.0000


 Q=  0.111727  0.111727 -0.223454, q= -0.500000  0.250000  0.250000

                       Al X   0        Al Y   0        Al Z   0     
                    --------------- --------------- ---------------
    0   1.6456 THz   0.0000  0.0000 -0.0000  0.0000 -0.9671 -0.2545
    1   1.9775 THz   0.7071  0.0000 -0.7071  0.0000  0.0000  0.0000
    2   3.5194 THz   0.7071  0.0000  0.7071 -0.0000 -0.0000 -0.0000


 Q=  0.055863  0.055863  0.167590, q= -0.250000 -0.500000 -0.500000

                       Al X   0        Al Y   0        Al Z   0     
                    --------------- --------------- ---------------
    0   1.7790 THz   0.7071  0.0000 -0.7071  0.0000  0.0000 -0.0000
    1   3.1509 THz  -0.6342  0.0000 -0.6342  0.0000  0.4423 -0.0000
    2   4.0221 THz  -0.3128  0.0000 -0.3128 -0.0000 -0.8968  0.0000


 Q=  0.111727  0.000000  0.111727, q= -0.250000 -0.500000 -0.250000

                       Al X   0        Al Y   0        Al Z   0     
                    --------------- --------------- ---------------
    0   1.6456 THz   0.0000  0.0000 -0.9735  0.2288  0.0000  0.0000
    1   1.9775 THz   0.7071  0.0000  0.0000  0.0000 -0.7071 -0.0000
    2   3.5194 THz   0.7071  0.0000  0.0000 -0.0000  0.7071  0.0000


 Q=  0.167590 -0.055863  0.055863, q= -0.250000 -0.500000  0.000000

                       Al X   0        Al Y   0        Al Z   0     
                    --------------- --------------- ---------------
    0   1.7790 THz  -0.0000  0.0000 -0.7071  0.0074 -0.7071  0.0074
    1   3.1509 THz  -0.4423  0.0000 -0.6342 -0.0000  0.6342  0.0000
    2   4.0221 THz   0.8968  0.0000 -0.3128 -0.0000  0.3128  0.0000


 Q=  0.223454 -0.111727  0.000000, q= -0.250000 -0.500000  0.250000

                       Al X   0        Al Y   0        Al Z   0     
                    --------------- --------------- ---------------
    0   2.7302 THz   0.0000  0.0000 -0.9978  0.0656 -0.0000  0.0000
    1   3.2228 THz   0.0000  0.0000  0.0000 -0.0000 -0.5137  0.8580
    2   3.2228 THz   1.0000  0.0000  0.0000  0.0000  0.0000  0.0000


 Q=  0.000000  0.111727  0.111727, q= -0.250000 -0.250000 -0.500000

                       Al X   0        Al Y   0        Al Z   0     
                    --------------- --------------- ---------------
    0   1.6456 THz   1.0000  0.0000  0.0000  0.0000  0.0000  0.0000
    1   1.9775 THz   0.0000  0.0000 -0.4765 -0.5225  0.4765  0.5225
    2   3.5194 THz   0.0000  0.0000 -0.6994 -0.1041 -0.6994 -0.1041


 Q=  0.055863  0.055863  0.055863, q= -0.250000 -0.250000 -0.250000

                       Al X   0        Al Y   0        Al Z   0     
                    --------------- --------------- ---------------
    0   1.4582 THz   0.8165  0.0000 -0.4082  0.0000 -0.4082  0.0000
    1   1.4582 THz   0.0000  0.0000  0.7063 -0.0337 -0.7063  0.0337
    2   2.8092 THz  -0.5774  0.0000 -0.5774  0.0000 -0.5774  0.0000


 Q=  0.111727  0.000000  0.000000, q= -0.250000 -0.250000  0.000000

                       Al X   0        Al Y   0        Al Z   0     
                    --------------- --------------- ---------------
    0   1.1061 THz   0.0000  0.0000 -0.4013  0.7090  0.0670  0.5761
    1   1.1061 THz   0.0000  0.0000 -0.1433  0.5620 -0.3031 -0.7562
    2   2.2861 THz   1.0000  0.0000  0.0000  0.0000  0.0000  0.0000


 Q=  0.167590 -0.055863 -0.055863, q= -0.250000 -0.250000  0.250000

                       Al X   0        Al Y   0        Al Z   0     
                    --------------- --------------- ---------------
    0   1.7790 THz   0.0000  0.0000  0.7070  0.0101 -0.7070 -0.0101
    1   3.1509 THz  -0.4423  0.0000 -0.6342  0.0000 -0.6342  0.0000
    2   4.0221 THz   0.8968  0.0000 -0.3128  0.0000 -0.3128  0.0000


 Q= -0.055863  0.167590  0.055863, q= -0.250000  0.000000 -0.500000

                       Al X   0        Al Y   0        Al Z   0     
                    --------------- --------------- ---------------
    0   1.7790 THz   0.7071  0.0000  0.0000  0.0000  0.7071 -0.0000
    1   3.1509 THz  -0.6342  0.0000 -0.4423  0.0000  0.6342 -0.0000
    2   4.0221 THz   0.3128  0.0000 -0.8968 -0.0000 -0.3128 -0.0000


 Q=  0.000000  0.111727  0.000000, q= -0.250000  0.000000 -0.250000

                       Al X   0        Al Y   0        Al Z   0     
                    --------------- --------------- ---------------
    0   1.1061 THz   0.0000  0.0000  0.0000 -0.0000 -0.9221 -0.3870
    1   1.1061 THz   1.0000  0.0000  0.0000  0.0000  0.0000  0.0000
    2   2.2861 THz   0.0000  0.0000 -0.9894  0.1451 -0.0000 -0.0000


 Q=  0.055863  0.055863 -0.055863, q= -0.250000  0.000000  0.000000

                       Al X   0        Al Y   0        Al Z   0     
                    --------------- --------------- ---------------
    0   1.4582 THz   0.8165  0.0000 -0.4082  0.0000  0.4082 -0.0000
    1   1.4582 THz   0.0000  0.0000 -0.7047  0.0585 -0.7047  0.0585
    2   2.8092 THz  -0.5774  0.0000 -0.5774  0.0000  0.5774 -0.0000


 Q=  0.111727  0.000000 -0.111727, q= -0.250000  0.000000  0.250000

                       Al X   0        Al Y   0        Al Z   0     
                    --------------- --------------- ---------------
    0   1.6456 THz   0.0000  0.0000  0.9744 -0.2247  0.0000 -0.0000
    1   1.9775 THz  -0.7071  0.0000  0.0000  0.0000 -0.7071  0.0000
    2   3.5194 THz   0.7071  0.0000  0.0000  0.0000 -0.7071  0.0000


 Q= -0.111727  0.223454  0.000000, q= -0.250000  0.250000 -0.500000

                       Al X   0        Al Y   0        Al Z   0     
                    --------------- --------------- ---------------
    0   2.7302 THz   1.0000  0.0000  0.0000  0.0000  0.0000  0.0000
    1   3.2228 THz   0.0000  0.0000 -0.2124  0.1177 -0.6526  0.7177
    2   3.2228 THz   0.0000  0.0000 -0.8702  0.4286  0.1719 -0.1716


 Q= -0.055863  0.167590 -0.055863, q= -0.250000  0.250000 -0.250000

                       Al X   0        Al Y   0        Al Z   0     
                    --------------- --------------- ---------------
    0   1.7790 THz   0.7071  0.0000  0.0000  0.0000 -0.7071  0.0000
    1   3.1509 THz   0.6342  0.0000  0.4423 -0.0000  0.6342 -0.0000
    2   4.0221 THz   0.3128  0.0000 -0.8968  0.0000  0.3128  0.0000


 Q=  0.000000  0.111727 -0.111727, q= -0.250000  0.250000  0.000000

                       Al X   0        Al Y   0        Al Z   0     
                    --------------- --------------- ---------------
    0   1.6456 THz   1.0000  0.0000  0.0000  0.0000  0.0000  0.0000
    1   1.9775 THz   0.0000  0.0000  0.0669 -0.7039  0.0669 -0.7039
    2   3.5194 THz   0.0000  0.0000 -0.1216  0.6966  0.1216 -0.6966


 Q=  0.055863  0.055863 -0.167590, q= -0.250000  0.250000  0.250000

                       Al X   0        Al Y   0        Al Z   0     
                    --------------- --------------- ---------------
    0   1.7790 THz   0.7071  0.0000 -0.7071 -0.0000 -0.0000  0.0000
    1   3.1509 THz   0.6342  0.0000  0.6342  0.0000  0.4423 -0.0000
    2   4.0221 THz  -0.3128  0.0000 -0.3128 -0.0000  0.8968  0.0000


 Q=  0.000000  0.000000  0.223454, q=  0.000000 -0.500000 -0.500000

                       Al X   0        Al Y   0        Al Z   0     
                    --------------- --------------- ---------------
    0   1.6101 THz   0.0000  0.0000 -1.0000 -0.0000  0.0000  0.0000
    1   1.6101 THz   1.0000  0.0000  0.0000  0.0000  0.0000  0.0000
    2   4.8351 THz   0.0000  0.0000 -0.0000 -0.0000 -1.0000 -0.0000


 Q=  0.055863 -0.055863  0.167590, q=  0.000000 -0.500000 -0.250000

                       Al X   0        Al Y   0        Al Z   0     
                    --------------- --------------- ---------------
    0   1.7790 THz   0.7071  0.0000  0.7071  0.0000  0.0000 -0.0000
    1   3.1509 THz  -0.6342  0.0000  0.6342  0.0000  0.4423  0.0000
    2   4.0221 THz   0.3128  0.0000 -0.3128 -0.0000  0.8968  0.0000


 Q=  0.111727 -0.111727  0.111727, q=  0.000000 -0.500000  0.000000

                       Al X   0        Al Y   0        Al Z   0     
                    --------------- --------------- ---------------
    0   1.5663 THz  -0.3542  0.0000 -0.8142 -0.0000 -0.4600 -0.0000
    1   1.5663 THz   0.7356  0.0000  0.0610 -0.0000 -0.6746 -0.0000
    2   2.7694 THz  -0.5774  0.0000  0.5774 -0.0000 -0.5774  0.0000


 Q=  0.167590 -0.167590  0.055863, q=  0.000000 -0.500000  0.250000

                       Al X   0        Al Y   0        Al Z   0     
                    --------------- --------------- ---------------
    0   1.7790 THz   0.7071  0.0000  0.7071 -0.0000  0.0000  0.0000
    1   3.1509 THz  -0.6342  0.0000  0.6342 -0.0000  0.4423 -0.0000
    2   4.0221 THz   0.3128  0.0000 -0.3128  0.0000  0.8968 -0.0000


 Q= -0.055863  0.055863  0.167590, q=  0.000000 -0.250000 -0.500000

                       Al X   0        Al Y   0        Al Z   0     
                    --------------- --------------- ---------------
    0   1.7790 THz   0.7071  0.0000  0.7071 -0.0000  0.0000 -0.0000
    1   3.1509 THz   0.6342  0.0000 -0.6342  0.0000  0.4423 -0.0000
    2   4.0221 THz   0.3128  0.0000 -0.3128  0.0000 -0.8968  0.0000


 Q=  0.000000  0.000000  0.111727, q=  0.000000 -0.250000 -0.250000

                       Al X   0        Al Y   0        Al Z   0     
                    --------------- --------------- ---------------
    0   1.1061 THz   0.0000  0.0000 -0.4497 -0.8932 -0.0000  0.0000
    1   1.1061 THz   1.0000  0.0000  0.0000  0.0000  0.0000  0.0000
    2   2.2861 THz   0.0000  0.0000 -0.0000 -0.0000  0.6641 -0.7476


 Q=  0.055863 -0.055863  0.055863, q=  0.000000 -0.250000  0.000000

                       Al X   0        Al Y   0        Al Z   0     
                    --------------- --------------- ---------------
    0   1.4582 THz  -0.6174 -0.0000 -0.7710  0.0193 -0.1536  0.0193
    1   1.4582 THz  -0.5343  0.0000  0.2671 -0.0223  0.8014 -0.0223
    2   2.8092 THz  -0.5774 -0.0000  0.5774 -0.0000 -0.5774  0.0000


 Q=  0.111727 -0.111727  0.000000, q=  0.000000 -0.250000  0.250000

                       Al X   0        Al Y   0        Al Z   0     
                    --------------- --------------- ---------------
    0   1.6456 THz   0.0000  0.0000 -0.0000 -0.0000 -0.8157 -0.5784
    1   1.9775 THz  -0.7071  0.0000 -0.7071  0.0000  0.0000 -0.0000
    2   3.5194 THz   0.7071  0.0000 -0.7071  0.0000  0.0000 -0.0000


 Q= -0.111727  0.111727  0.111727, q=  0.000000  0.000000 -0.500000

                       Al X   0        Al Y   0        Al Z   0     
                    --------------- --------------- ---------------
    0   1.5663 THz   0.0000  0.0000  0.7071  0.0000 -0.7071 -0.0000
    1   1.5663 THz   0.8165  0.0000  0.4082  0.0000  0.4082 -0.0000
    2   2.7694 THz   0.5774  0.0000 -0.5774 -0.0000 -0.5774  0.0000


 Q= -0.055863  0.055863  0.055863, q=  0.000000  0.000000 -0.250000

                       Al X   0        Al Y   0        Al Z   0     
                    --------------- --------------- ---------------
    0   1.4582 THz   0.0000  0.0000  0.7057 -0.0438 -0.7057  0.0438
    1   1.4582 THz   0.8165  0.0000  0.4082 -0.0000  0.4082 -0.0000
    2   2.8092 THz   0.5774  0.0000 -0.5774  0.0000 -0.5774  0.0000


 Q=  0.000000  0.000000  0.000000, q=  0.000000  0.000000  0.000000

                       Al X   0        Al Y   0        Al Z   0     
                    --------------- --------------- ---------------
    0  -0.0000 THz   0.0924  0.0000  0.1353  0.0000 -0.9865  0.0000
    1   0.0000 THz  -0.8593  0.0000 -0.4897  0.0000 -0.1477  0.0000
    2   0.0000 THz   0.5031  0.0000 -0.8613  0.0000 -0.0710  0.0000


 Q=  0.055863 -0.055863 -0.055863, q=  0.000000  0.000000  0.250000

                       Al X   0        Al Y   0        Al Z   0     
                    --------------- --------------- ---------------
    0   1.4582 THz   0.0000  0.0000  0.7057  0.0438 -0.7057 -0.0438
    1   1.4582 THz   0.8165  0.0000  0.4082  0.0000  0.4082  0.0000
    2   2.8092 THz   0.5774  0.0000 -0.5774 -0.0000 -0.5774 -0.0000


 Q= -0.167590  0.167590  0.055863, q=  0.000000  0.250000 -0.500000

                       Al X   0        Al Y   0        Al Z   0     
                    --------------- --------------- ---------------
    0   1.7790 THz   0.7071  0.0000  0.7071  0.0000  0.0000 -0.0000
    1   3.1509 THz   0.6342  0.0000 -0.6342 -0.0000  0.4423  0.0000
    2   4.0221 THz   0.3128  0.0000 -0.3128 -0.0000 -0.8968 -0.0000


 Q= -0.111727  0.111727  0.000000, q=  0.000000  0.250000 -0.250000

                       Al X   0        Al Y   0        Al Z   0     
                    --------------- --------------- ---------------
    0   1.6456 THz   0.0000  0.0000 -0.0000  0.0000 -0.8157  0.5784
    1   1.9775 THz  -0.7071  0.0000 -0.7071 -0.0000  0.0000  0.0000
    2   3.5194 THz   0.7071  0.0000 -0.7071 -0.0000  0.0000  0.0000


 Q= -0.055863  0.055863 -0.055863, q=  0.000000  0.250000  0.000000

                       Al X   0        Al Y   0        Al Z   0     
                    --------------- --------------- ---------------
    0   1.4582 THz  -0.6174 -0.0000 -0.7710 -0.0193 -0.1536 -0.0193
    1   1.4582 THz  -0.5343  0.0000  0.2671  0.0223  0.8014  0.0223
    2   2.8092 THz  -0.5774 -0.0000  0.5774  0.0000 -0.5774 -0.0000


 Q=  0.000000  0.000000 -0.111727, q=  0.000000  0.250000  0.250000

                       Al X   0        Al Y   0        Al Z   0     
                    --------------- --------------- ---------------
    0   1.1061 THz   0.0000  0.0000 -0.4497  0.8932 -0.0000 -0.0000
    1   1.1061 THz   1.0000  0.0000  0.0000  0.0000  0.0000  0.0000
    2   2.2861 THz   0.0000  0.0000 -0.0000  0.0000  0.6641  0.7476


 Q= -0.055863 -0.055863  0.279317, q=  0.250000 -0.500000 -0.500000

                       Al X   0        Al Y   0        Al Z   0     
                    --------------- --------------- ---------------
    0   1.7790 THz   0.7071  0.0000 -0.7071  0.0000  0.0000  0.0000
    1   3.1509 THz  -0.6342  0.0000 -0.6342 -0.0000  0.4423 -0.0000
    2   4.0221 THz  -0.3128  0.0000 -0.3128  0.0000 -0.8968  0.0000


 Q=  0.000000 -0.111727  0.223454, q=  0.250000 -0.500000 -0.250000

                       Al X   0        Al Y   0        Al Z   0     
                    --------------- --------------- ---------------
    0   2.7302 THz   0.0000  0.0000 -0.8312 -0.5559 -0.0000 -0.0000
    1   3.2228 THz   1.0000  0.0000  0.0000  0.0000  0.0000  0.0000
    2   3.2228 THz   0.0000  0.0000  0.0000  0.0000 -0.3290 -0.9443


 Q=  0.055863 -0.167590  0.167590, q=  0.250000 -0.500000  0.000000

                       Al X   0        Al Y   0        Al Z   0     
                    --------------- --------------- ---------------
    0   1.7790 THz  -0.0000  0.0000 -0.7051 -0.0531 -0.7051 -0.0531
    1   3.1509 THz  -0.4423  0.0000 -0.6342 -0.0000  0.6342  0.0000
    2   4.0221 THz   0.8968  0.0000 -0.3128 -0.0000  0.3128  0.0000


 Q=  0.111727 -0.223454  0.111727, q=  0.250000 -0.500000  0.250000

                       Al X   0        Al Y   0        Al Z   0     
                    --------------- --------------- ---------------
    0   1.6456 THz   0.0000  0.0000 -0.9933  0.1158  0.0000 -0.0000
    1   1.9775 THz   0.7071  0.0000  0.0000 -0.0000 -0.7071  0.0000
    2   3.5194 THz   0.7071  0.0000 -0.0000  0.0000  0.7071 -0.0000


 Q= -0.111727  0.000000  0.223454, q=  0.250000 -0.250000 -0.500000

                       Al X   0        Al Y   0        Al Z   0     
                    --------------- --------------- ---------------
    0   2.7302 THz   1.0000  0.0000  0.0000  0.0000  0.0000  0.0000
    1   3.2228 THz   0.0000  0.0000 -0.1082  0.4321  0.8819 -0.1547
    2   3.2228 THz   0.0000  0.0000 -0.5546  0.7028 -0.4317 -0.1098


 Q= -0.055863 -0.055863  0.167590, q=  0.250000 -0.250000 -0.250000

                       Al X   0        Al Y   0        Al Z   0     
                    --------------- --------------- ---------------
    0   1.7790 THz   0.7071  0.0000 -0.7071  0.0000 -0.0000 -0.0000
    1   3.1509 THz   0.6342  0.0000  0.6342 -0.0000  0.4423  0.0000
    2   4.0221 THz  -0.3128  0.0000 -0.3128  0.0000  0.8968 -0.0000


 Q=  0.000000 -0.111727  0.111727, q=  0.250000 -0.250000  0.000000

                       Al X   0        Al Y   0        Al Z   0     
                    --------------- --------------- ---------------
    0   1.6456 THz   1.0000  0.0000  0.0000  0.0000  0.0000  0.0000
    1   1.9775 THz   0.0000  0.0000  0.0669  0.7039  0.0669  0.7039
    2   3.5194 THz   0.0000  0.0000 -0.1216 -0.6966  0.1216  0.6966


 Q=  0.055863 -0.167590  0.055863, q=  0.250000 -0.250000  0.250000

                       Al X   0        Al Y   0        Al Z   0     
                    --------------- --------------- ---------------
    0   1.7790 THz   0.7071  0.0000  0.0000 -0.0000 -0.7071 -0.0000
    1   3.1509 THz   0.6342  0.0000  0.4423  0.0000  0.6342  0.0000
    2   4.0221 THz   0.3128  0.0000 -0.8968 -0.0000  0.3128 -0.0000


 Q= -0.167590  0.055863  0.167590, q=  0.250000  0.000000 -0.500000

                       Al X   0        Al Y   0        Al Z   0     
                    --------------- --------------- ---------------
    0   1.7790 THz   0.7071  0.0000  0.0000 -0.0000  0.7071 -0.0000
    1   3.1509 THz  -0.6342  0.0000 -0.4423  0.0000  0.6342 -0.0000
    2   4.0221 THz   0.3128  0.0000 -0.8968  0.0000 -0.3128  0.0000


 Q= -0.111727  0.000000  0.111727, q=  0.250000  0.000000 -0.250000

                       Al X   0        Al Y   0        Al Z   0     
                    --------------- --------------- ---------------
    0   1.6456 THz   0.0000  0.0000  0.9744  0.2247  0.0000  0.0000
    1   1.9775 THz  -0.7071  0.0000  0.0000 -0.0000 -0.7071 -0.0000
    2   3.5194 THz   0.7071  0.0000  0.0000 -0.0000 -0.7071 -0.0000


 Q= -0.055863 -0.055863  0.055863, q=  0.250000  0.000000  0.000000

                       Al X   0        Al Y   0        Al Z   0     
                    --------------- --------------- ---------------
    0   1.4582 THz   0.8165  0.0000 -0.4082 -0.0000  0.4082  0.0000
    1   1.4582 THz   0.0000  0.0000 -0.7047 -0.0585 -0.7047 -0.0585
    2   2.8092 THz  -0.5774  0.0000 -0.5774 -0.0000  0.5774  0.0000


 Q=  0.000000 -0.111727  0.000000, q=  0.250000  0.000000  0.250000

                       Al X   0        Al Y   0        Al Z   0     
                    --------------- --------------- ---------------
    0   1.1061 THz   0.0000  0.0000  0.0000  0.0000 -0.9221  0.3870
    1   1.1061 THz   1.0000  0.0000  0.0000  0.0000  0.0000  0.0000
    2   2.2861 THz   0.0000  0.0000 -0.9894 -0.1451 -0.0000  0.0000


 Q= -0.223454  0.111727  0.111727, q=  0.250000  0.250000 -0.500000

                       Al X   0        Al Y   0        Al Z   0     
                    --------------- --------------- ---------------
    0   1.6456 THz   1.0000  0.0000  0.0000  0.0000  0.0000  0.0000
    1   1.9775 THz   0.0000  0.0000  0.4565 -0.5400 -0.4565  0.5400
    2   3.5194 THz   0.0000  0.0000 -0.7068 -0.0202 -0.7068 -0.0202


 Q= -0.167590  0.055863  0.055863, q=  0.250000  0.250000 -0.250000

                       Al X   0        Al Y   0        Al Z   0     
                    --------------- --------------- ---------------
    0   1.7790 THz   0.0000  0.0000  0.7070 -0.0101 -0.7070  0.0101
    1   3.1509 THz  -0.4423  0.0000 -0.6342 -0.0000 -0.6342 -0.0000
    2   4.0221 THz   0.8968  0.0000 -0.3128 -0.0000 -0.3128 -0.0000


 Q= -0.111727  0.000000  0.000000, q=  0.250000  0.250000  0.000000

                       Al X   0        Al Y   0        Al Z   0     
                    --------------- --------------- ---------------
    0   1.1061 THz   0.0000  0.0000 -0.4013 -0.7090  0.0670 -0.5761
    1   1.1061 THz   0.0000  0.0000 -0.1433 -0.5620 -0.3031  0.7562
    2   2.2861 THz   1.0000  0.0000  0.0000  0.0000  0.0000  0.0000


 Q= -0.055863 -0.055863 -0.055863, q=  0.250000  0.250000  0.250000

                       Al X   0        Al Y   0        Al Z   0     
                    --------------- --------------- ---------------
    0   1.4582 THz   0.8165  0.0000 -0.4082 -0.0000 -0.4082 -0.0000
    1   1.4582 THz   0.0000  0.0000  0.7063  0.0337 -0.7063 -0.0337
    2   2.8092 THz  -0.5774  0.0000 -0.5774 -0.0000 -0.5774 -0.0000
