
Used Primitive lattice vector

    0.000000000000      2.601452000000      2.601452000000  
    2.601452000000      0.000000000000      2.601452000000  
    2.601452000000      2.601452000000      0.000000000000  

   1 Atom(s) in the Primitive cell

 0.0000000000 0.0000000000 0.0000000000 Pb    0


 Q= -0.096100 -0.096100 -0.096100, q= -0.500000 -0.500000 -0.500000

                       Pb X   0        Pb Y   0        Pb Z   0     
                    --------------- --------------- ---------------
    0   1.4838 THz  -0.5774  0.0000 -0.5774 -0.0000 -0.5774 -0.0000
    1   1.6113 THz   0.8165  0.0000 -0.4082 -0.0000 -0.4082 -0.0000
    2   1.6113 THz   0.0000  0.0000  0.7002 -0.0985 -0.7002  0.0985


 Q= -0.048050 -0.048050 -0.144150, q= -0.500000 -0.500000 -0.250000

                       Pb X   0        Pb Y   0        Pb Z   0     
                    --------------- --------------- ---------------
    0   1.5490 THz   0.5892  0.0000  0.5892  0.0000  0.5529 -0.0000
    1   1.6682 THz   0.7071  0.0000 -0.7071 -0.0000  0.0000 -0.0000
    2   1.7682 THz   0.3910  0.0000  0.3910 -0.0000 -0.8332  0.0000


 Q=  0.000000  0.000000 -0.192200, q= -0.500000 -0.500000  0.000000

                       Pb X   0        Pb Y   0        Pb Z   0     
                    --------------- --------------- ---------------
    0   1.4396 THz   0.0000  0.0000 -0.0000 -0.0000 -1.0000  0.0000
    1   1.5219 THz   0.0000  0.0000 -0.1284 -0.9917  0.0000  0.0000
    2   1.5219 THz   1.0000  0.0000  0.0000  0.0000  0.0000  0.0000


 Q=  0.048050  0.048050 -0.240250, q= -0.500000 -0.500000  0.250000

                       Pb X   0        Pb Y   0        Pb Z   0     
                    --------------- --------------- ---------------
    0   1.5490 THz   0.5892  0.0000  0.5892  0.0000  0.5529 -0.0000
    1   1.6682 THz   0.7071  0.0000 -0.7071 -0.0000  0.0000 -0.0000
    2   1.7682 THz   0.3910  0.0000  0.3910 -0.0000 -0.8332  0.0000


 Q= -0.048050 -0.144150 -0.048050, q= -0.500000 -0.250000 -0.500000

                       Pb X   0        Pb Y   0        Pb Z   0     
                    --------------- --------------- ---------------
    0   1.5490 THz   0.5892  0.0000  0.5529 -0.0000  0.5892 -0.0000
    1   1.6682 THz  -0.7071  0.0000 -0.0000  0.0000  0.7071 -0.0000
    2   1.7682 THz   0.3910  0.0000 -0.8332  0.0000  0.3910 -0.0000


 Q=  0.000000 -0.096100 -0.096100, q= -0.500000 -0.250000 -0.250000

                       Pb X   0        Pb Y   0        Pb Z   0     
                    --------------- --------------- ---------------
    0   1.5643 THz   0.0000  0.0000 -0.4542  0.5420 -0.4542  0.5420
    1   1.6122 THz   0.0000  0.0000  0.1634  0.6880 -0.1634 -0.6880
    2   1.7242 THz   1.0000  0.0000  0.0000  0.0000  0.0000  0.0000


 Q=  0.048050 -0.048050 -0.144150, q= -0.500000 -0.250000  0.000000

                       Pb X   0        Pb Y   0        Pb Z   0     
                    --------------- --------------- ---------------
    0   1.5490 THz   0.5892  0.0000 -0.5892 -0.0000 -0.5529  0.0000
    1   1.6682 THz  -0.7071  0.0000 -0.7071 -0.0000  0.0000 -0.0000
    2   1.7682 THz  -0.3910  0.0000  0.3910 -0.0000 -0.8332  0.0000


 Q=  0.096100  0.000000 -0.192200, q= -0.500000 -0.250000  0.250000

                       Pb X   0        Pb Y   0        Pb Z   0     
                    --------------- --------------- ---------------
    0   1.4580 THz   0.0000  0.0000  0.6427 -0.6585 -0.0229  0.3909
    1   1.4580 THz   0.0000  0.0000 -0.0173 -0.3912 -0.6332 -0.6676
    2   1.7076 THz   1.0000  0.0000  0.0000  0.0000  0.0000  0.0000


 Q=  0.000000 -0.192200  0.000000, q= -0.500000  0.000000 -0.500000

                       Pb X   0        Pb Y   0        Pb Z   0     
                    --------------- --------------- ---------------
    0   1.4396 THz   0.0000  0.0000 -0.0547 -0.9985 -0.0000 -0.0000
    1   1.5219 THz   1.0000  0.0000  0.0000  0.0000  0.0000  0.0000
    2   1.5219 THz   0.0000  0.0000  0.0000  0.0000 -1.0000 -0.0000


 Q=  0.048050 -0.144150 -0.048050, q= -0.500000  0.000000 -0.250000

                       Pb X   0        Pb Y   0        Pb Z   0     
                    --------------- --------------- ---------------
    0   1.5490 THz   0.5892  0.0000 -0.5529  0.0000 -0.5892 -0.0000
    1   1.6682 THz   0.7071  0.0000 -0.0000  0.0000  0.7071 -0.0000
    2   1.7682 THz  -0.3910  0.0000 -0.8332  0.0000  0.3910 -0.0000


 Q=  0.096100 -0.096100 -0.096100, q= -0.500000  0.000000  0.000000

                       Pb X   0        Pb Y   0        Pb Z   0     
                    --------------- --------------- ---------------
    0   1.4838 THz  -0.5774  0.0000  0.5774 -0.0000  0.5774 -0.0000
    1   1.6113 THz  -0.0000 -0.0000 -0.7057 -0.0439  0.7057  0.0439
    2   1.6113 THz   0.8165  0.0000  0.4082 -0.0000  0.4082 -0.0000


 Q=  0.144150 -0.048050 -0.144150, q= -0.500000  0.000000  0.250000

                       Pb X   0        Pb Y   0        Pb Z   0     
                    --------------- --------------- ---------------
    0   1.5490 THz   0.5892  0.0000 -0.5529  0.0000 -0.5892  0.0000
    1   1.6682 THz   0.7071  0.0000 -0.0000  0.0000  0.7071 -0.0000
    2   1.7682 THz  -0.3910  0.0000 -0.8332  0.0000  0.3910 -0.0000


 Q=  0.048050 -0.240250  0.048050, q= -0.500000  0.250000 -0.500000

                       Pb X   0        Pb Y   0        Pb Z   0     
                    --------------- --------------- ---------------
    0   1.5490 THz   0.5892  0.0000  0.5529 -0.0000  0.5892  0.0000
    1   1.6682 THz  -0.7071  0.0000  0.0000 -0.0000  0.7071  0.0000
    2   1.7682 THz   0.3910  0.0000 -0.8332 -0.0000  0.3910  0.0000


 Q=  0.096100 -0.192200  0.000000, q= -0.500000  0.250000 -0.250000

                       Pb X   0        Pb Y   0        Pb Z   0     
                    --------------- --------------- ---------------
    0   1.4580 THz   0.0000  0.0000 -0.9853  0.0606  0.1193 -0.1067
    1   1.4580 THz   0.0000  0.0000 -0.1439  0.0700 -0.4293  0.8889
    2   1.7076 THz   1.0000  0.0000  0.0000  0.0000  0.0000  0.0000


 Q=  0.144150 -0.144150 -0.048050, q= -0.500000  0.250000  0.000000

                       Pb X   0        Pb Y   0        Pb Z   0     
                    --------------- --------------- ---------------
    0   1.5490 THz   0.5892  0.0000 -0.5892 -0.0000 -0.5529  0.0000
    1   1.6682 THz  -0.7071  0.0000 -0.7071 -0.0000  0.0000 -0.0000
    2   1.7682 THz  -0.3910  0.0000  0.3910 -0.0000 -0.8332  0.0000


 Q=  0.192200 -0.096100 -0.096100, q= -0.500000  0.250000  0.250000

                       Pb X   0        Pb Y   0        Pb Z   0     
                    --------------- --------------- ---------------
    0   1.5643 THz   0.0000  0.0000 -0.2822 -0.6484 -0.2822 -0.6484
    1   1.6122 THz   0.0000  0.0000  0.0401 -0.7060 -0.0401  0.7060
    2   1.7242 THz   1.0000  0.0000  0.0000  0.0000  0.0000  0.0000


 Q= -0.144150 -0.048050 -0.048050, q= -0.250000 -0.500000 -0.500000

                       Pb X   0        Pb Y   0        Pb Z   0     
                    --------------- --------------- ---------------
    0   1.5490 THz  -0.5529  0.0000 -0.5892  0.0000 -0.5892 -0.0000
    1   1.6682 THz   0.0000  0.0000  0.7054  0.0493 -0.7054 -0.0493
    2   1.7682 THz   0.8332  0.0000 -0.3910  0.0000 -0.3910 -0.0000


 Q= -0.096100  0.000000 -0.096100, q= -0.250000 -0.500000 -0.250000

                       Pb X   0        Pb Y   0        Pb Z   0     
                    --------------- --------------- ---------------
    0   1.5643 THz  -0.7071  0.0000 -0.0000  0.0000 -0.7071  0.0000
    1   1.6122 THz   0.7071  0.0000 -0.0000  0.0000 -0.7071  0.0000
    2   1.7242 THz   0.0000  0.0000  0.5055 -0.8629 -0.0000 -0.0000


 Q= -0.048050  0.048050 -0.144150, q= -0.250000 -0.500000  0.000000

                       Pb X   0        Pb Y   0        Pb Z   0     
                    --------------- --------------- ---------------
    0   1.5490 THz   0.5892  0.0000 -0.5892 -0.0000  0.5529 -0.0000
    1   1.6682 THz   0.7071  0.0000  0.7071  0.0000  0.0000 -0.0000
    2   1.7682 THz  -0.3910  0.0000  0.3910 -0.0000  0.8332 -0.0000


 Q=  0.000000  0.096100 -0.192200, q= -0.250000 -0.500000  0.250000

                       Pb X   0        Pb Y   0        Pb Z   0     
                    --------------- --------------- ---------------
    0   1.4580 THz   1.0000  0.0000  0.0000  0.0000  0.0000  0.0000
    1   1.4580 THz   0.0000  0.0000  0.0000 -0.0000 -0.9999  0.0114
    2   1.7076 THz   0.0000  0.0000 -0.3460  0.9382 -0.0000 -0.0000


 Q= -0.096100 -0.096100  0.000000, q= -0.250000 -0.250000 -0.500000

                       Pb X   0        Pb Y   0        Pb Z   0     
                    --------------- --------------- ---------------
    0   1.5643 THz  -0.7071  0.0000 -0.7071 -0.0000 -0.0000 -0.0000
    1   1.6122 THz   0.7071  0.0000 -0.7071 -0.0000 -0.0000 -0.0000
    2   1.7242 THz   0.0000  0.0000  0.0000 -0.0000 -0.5631 -0.8264


 Q= -0.048050 -0.048050 -0.048050, q= -0.250000 -0.250000 -0.250000

                       Pb X   0        Pb Y   0        Pb Z   0     
                    --------------- --------------- ---------------
    0   1.4759 THz   0.6150  0.0000 -0.7717  0.0285  0.1567 -0.0285
    1   1.4759 THz  -0.5370 -0.0000 -0.2631  0.0326  0.8002 -0.0326
    2   1.6377 THz   0.5774  0.0000  0.5774 -0.0000  0.5774 -0.0000


 Q=  0.000000  0.000000 -0.096100, q= -0.250000 -0.250000  0.000000

                       Pb X   0        Pb Y   0        Pb Z   0     
                    --------------- --------------- ---------------
    0   1.5525 THz   0.0000  0.0000 -0.8179  0.5754 -0.0000 -0.0000
    1   1.5525 THz   1.0000  0.0000  0.0000  0.0000  0.0000  0.0000
    2   1.8060 THz   0.0000  0.0000  0.0000 -0.0000 -0.9425 -0.3343


 Q=  0.048050  0.048050 -0.144150, q= -0.250000 -0.250000  0.250000

                       Pb X   0        Pb Y   0        Pb Z   0     
                    --------------- --------------- ---------------
    0   1.5490 THz   0.5892  0.0000  0.5892  0.0000 -0.5529  0.0000
    1   1.6682 THz  -0.7071  0.0000  0.7071  0.0000  0.0000 -0.0000
    2   1.7682 THz   0.3910  0.0000  0.3910 -0.0000  0.8332 -0.0000


 Q= -0.048050 -0.144150  0.048050, q= -0.250000  0.000000 -0.500000

                       Pb X   0        Pb Y   0        Pb Z   0     
                    --------------- --------------- ---------------
    0   1.5490 THz   0.5892  0.0000  0.5529 -0.0000 -0.5892  0.0000
    1   1.6682 THz   0.7071  0.0000  0.0000  0.0000  0.7071  0.0000
    2   1.7682 THz   0.3910  0.0000 -0.8332 -0.0000 -0.3910 -0.0000


 Q=  0.000000 -0.096100  0.000000, q= -0.250000  0.000000 -0.250000

                       Pb X   0        Pb Y   0        Pb Z   0     
                    --------------- --------------- ---------------
    0   1.5525 THz   1.0000  0.0000  0.0000  0.0000  0.0000  0.0000
    1   1.5525 THz   0.0000  0.0000  0.0000 -0.0000 -0.9879 -0.1552
    2   1.8060 THz   0.0000  0.0000 -0.1769  0.9842 -0.0000  0.0000


 Q=  0.048050 -0.048050 -0.048050, q= -0.250000  0.000000  0.000000

                       Pb X   0        Pb Y   0        Pb Z   0     
                    --------------- --------------- ---------------
    0   1.4759 THz   0.6049  0.0000  0.7771 -0.0172 -0.1722  0.0172
    1   1.4759 THz   0.5484  0.0000 -0.2493  0.0190  0.7977 -0.0190
    2   1.6377 THz  -0.5774  0.0000  0.5774 -0.0000  0.5774 -0.0000


 Q=  0.096100  0.000000 -0.096100, q= -0.250000  0.000000  0.250000

                       Pb X   0        Pb Y   0        Pb Z   0     
                    --------------- --------------- ---------------
    0   1.5643 THz   0.7071  0.0000  0.0000  0.0000 -0.7071  0.0000
    1   1.6122 THz   0.7071  0.0000 -0.0000  0.0000  0.7071 -0.0000
    2   1.7242 THz  -0.0000  0.0000 -0.9972  0.0748 -0.0000  0.0000


 Q=  0.000000 -0.192200  0.096100, q= -0.250000  0.250000 -0.500000

                       Pb X   0        Pb Y   0        Pb Z   0     
                    --------------- --------------- ---------------
    0   1.4580 THz   0.0000  0.0000 -0.1041 -0.9946  0.0000  0.0000
    1   1.4580 THz   1.0000  0.0000  0.0000  0.0000  0.0000  0.0000
    2   1.7076 THz   0.0000  0.0000  0.0000 -0.0000 -0.1564 -0.9877


 Q=  0.048050 -0.144150  0.048050, q= -0.250000  0.250000 -0.250000

                       Pb X   0        Pb Y   0        Pb Z   0     
                    --------------- --------------- ---------------
    0   1.5490 THz   0.5892  0.0000 -0.5529 -0.0000  0.5892  0.0000
    1   1.6682 THz  -0.7071  0.0000 -0.0000  0.0000  0.7071  0.0000
    2   1.7682 THz  -0.3910  0.0000 -0.8332 -0.0000 -0.3910 -0.0000


 Q=  0.096100 -0.096100  0.000000, q= -0.250000  0.250000  0.000000

                       Pb X   0        Pb Y   0        Pb Z   0     
                    --------------- --------------- ---------------
    0   1.5643 THz   0.7071  0.0000 -0.7071  0.0000 -0.0000 -0.0000
    1   1.6122 THz   0.7071  0.0000  0.7071 -0.0000  0.0000  0.0000
    2   1.7242 THz   0.0000  0.0000  0.0000  0.0000 -0.0034 -1.0000


 Q=  0.144150 -0.048050 -0.048050, q= -0.250000  0.250000  0.250000

                       Pb X   0        Pb Y   0        Pb Z   0     
                    --------------- --------------- ---------------
    0   1.5490 THz   0.5529  0.0000 -0.5892  0.0000 -0.5892  0.0000
    1   1.6682 THz   0.0000  0.0000  0.7071  0.0018 -0.7071 -0.0018
    2   1.7682 THz   0.8332  0.0000  0.3910 -0.0000  0.3910 -0.0000


 Q= -0.192200  0.000000  0.000000, q=  0.000000 -0.500000 -0.500000

                       Pb X   0        Pb Y   0        Pb Z   0     
                    --------------- --------------- ---------------
    0   1.4396 THz   1.0000  0.0000  0.0000  0.0000  0.0000  0.0000
    1   1.5219 THz   0.0000  0.0000  0.1344 -0.9700  0.1853 -0.0822
    2   1.5219 THz   0.0000  0.0000 -0.1574 -0.1277 -0.1233  0.9715


 Q= -0.144150  0.048050 -0.048050, q=  0.000000 -0.500000 -0.250000

                       Pb X   0        Pb Y   0        Pb Z   0     
                    --------------- --------------- ---------------
    0   1.5490 THz   0.5529  0.0000 -0.5892  0.0000  0.5892 -0.0000
    1   1.6682 THz  -0.0000  0.0000 -0.7066  0.0278 -0.7066  0.0278
    2   1.7682 THz   0.8332  0.0000  0.3910 -0.0000 -0.3910  0.0000


 Q= -0.096100  0.096100 -0.096100, q=  0.000000 -0.500000  0.000000

                       Pb X   0        Pb Y   0        Pb Z   0     
                    --------------- --------------- ---------------
    0   1.4838 THz   0.5774  0.0000 -0.5774  0.0000  0.5774 -0.0000
    1   1.6113 THz   0.0000  0.0000 -0.6484 -0.2821 -0.6484 -0.2821
    2   1.6113 THz   0.8165  0.0000  0.4082 -0.0000 -0.4082  0.0000


 Q= -0.048050  0.144150 -0.144150, q=  0.000000 -0.500000  0.250000

                       Pb X   0        Pb Y   0        Pb Z   0     
                    --------------- --------------- ---------------
    0   1.5490 THz   0.5529  0.0000 -0.5892  0.0000  0.5892 -0.0000
    1   1.6682 THz  -0.0000  0.0000 -0.7068  0.0204 -0.7068  0.0204
    2   1.7682 THz   0.8332  0.0000  0.3910 -0.0000 -0.3910  0.0000


 Q= -0.144150 -0.048050  0.048050, q=  0.000000 -0.250000 -0.500000

                       Pb X   0        Pb Y   0        Pb Z   0     
                    --------------- --------------- ---------------
    0   1.5490 THz  -0.5529  0.0000 -0.5892 -0.0000  0.5892  0.0000
    1   1.6682 THz   0.0000  0.0000 -0.7024 -0.0815 -0.7024 -0.0815
    2   1.7682 THz   0.8332  0.0000 -0.3910 -0.0000  0.3910  0.0000


 Q= -0.096100  0.000000  0.000000, q=  0.000000 -0.250000 -0.250000

                       Pb X   0        Pb Y   0        Pb Z   0     
                    --------------- --------------- ---------------
    0   1.5525 THz   0.0000  0.0000 -0.1574 -0.6939 -0.2242 -0.6659
    1   1.5525 THz   0.0000  0.0000 -0.1646  0.6831  0.0956 -0.7051
    2   1.8060 THz   1.0000  0.0000  0.0000  0.0000  0.0000  0.0000


 Q= -0.048050  0.048050 -0.048050, q=  0.000000 -0.250000  0.000000

                       Pb X   0        Pb Y   0        Pb Z   0     
                    --------------- --------------- ---------------
    0   1.4759 THz   0.4396  0.0000  0.8156 -0.0112  0.3760 -0.0112
    1   1.4759 THz   0.6881  0.0000 -0.0366  0.0071 -0.7247  0.0071
    2   1.6377 THz  -0.5774 -0.0000  0.5774 -0.0000 -0.5774  0.0000


 Q=  0.000000  0.096100 -0.096100, q=  0.000000 -0.250000  0.250000

                       Pb X   0        Pb Y   0        Pb Z   0     
                    --------------- --------------- ---------------
    0   1.5643 THz   0.0000  0.0000  0.2698  0.6536 -0.2698 -0.6536
    1   1.6122 THz   0.0000  0.0000 -0.2784  0.6500 -0.2784  0.6500
    2   1.7242 THz   1.0000  0.0000  0.0000  0.0000  0.0000  0.0000


 Q= -0.096100 -0.096100  0.096100, q=  0.000000  0.000000 -0.500000

                       Pb X   0        Pb Y   0        Pb Z   0     
                    --------------- --------------- ---------------
    0   1.4838 THz   0.5774  0.0000  0.5774  0.0000 -0.5774 -0.0000
    1   1.6113 THz   0.5691  0.0000 -0.7904  0.0348 -0.2214  0.0348
    2   1.6113 THz   0.5855  0.0000  0.1989 -0.0338  0.7844 -0.0338


 Q= -0.048050 -0.048050  0.048050, q=  0.000000  0.000000 -0.250000

                       Pb X   0        Pb Y   0        Pb Z   0     
                    --------------- --------------- ---------------
    0   1.4759 THz   0.0000  0.0000 -0.7048 -0.0566 -0.7048 -0.0566
    1   1.4759 THz   0.8165  0.0000 -0.4082 -0.0000  0.4082  0.0000
    2   1.6377 THz  -0.5774  0.0000 -0.5774 -0.0000  0.5774  0.0000


 Q=  0.000000  0.000000  0.000000, q=  0.000000  0.000000  0.000000

                       Pb X   0        Pb Y   0        Pb Z   0     
                    --------------- --------------- ---------------
    0   0.0000 THz   0.9969  0.0000 -0.0410  0.0000  0.0670  0.0000
    1   0.0000 THz  -0.0737  0.0000 -0.1907  0.0000  0.9789  0.0000
    2   0.0000 THz  -0.0273  0.0000 -0.9808  0.0000 -0.1931  0.0000


 Q=  0.048050  0.048050 -0.048050, q=  0.000000  0.000000  0.250000

                       Pb X   0        Pb Y   0        Pb Z   0     
                    --------------- --------------- ---------------
    0   1.4759 THz   0.0000  0.0000 -0.7048  0.0566 -0.7048  0.0566
    1   1.4759 THz   0.8165  0.0000 -0.4082  0.0000  0.4082 -0.0000
    2   1.6377 THz  -0.5774  0.0000 -0.5774  0.0000  0.5774 -0.0000


 Q= -0.048050 -0.144150  0.144150, q=  0.000000  0.250000 -0.500000

                       Pb X   0        Pb Y   0        Pb Z   0     
                    --------------- --------------- ---------------
    0   1.5490 THz   0.5529  0.0000  0.5892  0.0000 -0.5892 -0.0000
    1   1.6682 THz   0.0000  0.0000 -0.7065 -0.0286 -0.7065 -0.0286
    2   1.7682 THz  -0.8332 -0.0000  0.3910  0.0000 -0.3910 -0.0000


 Q=  0.000000 -0.096100  0.096100, q=  0.000000  0.250000 -0.250000

                       Pb X   0        Pb Y   0        Pb Z   0     
                    --------------- --------------- ---------------
    0   1.5643 THz   0.0000  0.0000  0.2698 -0.6536 -0.2698  0.6536
    1   1.6122 THz   0.0000  0.0000 -0.2784 -0.6500 -0.2784 -0.6500
    2   1.7242 THz   1.0000  0.0000  0.0000  0.0000  0.0000  0.0000


 Q=  0.048050 -0.048050  0.048050, q=  0.000000  0.250000  0.000000

                       Pb X   0        Pb Y   0        Pb Z   0     
                    --------------- --------------- ---------------
    0   1.4759 THz   0.4396  0.0000  0.8156  0.0112  0.3760  0.0112
    1   1.4759 THz   0.6881  0.0000 -0.0366 -0.0071 -0.7247 -0.0071
    2   1.6377 THz  -0.5774 -0.0000  0.5774  0.0000 -0.5774 -0.0000


 Q=  0.096100  0.000000  0.000000, q=  0.000000  0.250000  0.250000

                       Pb X   0        Pb Y   0        Pb Z   0     
                    --------------- --------------- ---------------
    0   1.5525 THz   0.0000  0.0000 -0.1574  0.6939 -0.2242  0.6659
    1   1.5525 THz   0.0000  0.0000 -0.1646 -0.6831  0.0956  0.7051
    2   1.8060 THz   1.0000  0.0000  0.0000  0.0000  0.0000  0.0000


 Q= -0.240250  0.048050  0.048050, q=  0.250000 -0.500000 -0.500000

                       Pb X   0        Pb Y   0        Pb Z   0     
                    --------------- --------------- ---------------
    0   1.5490 THz  -0.5529  0.0000 -0.5892  0.0000 -0.5892 -0.0000
    1   1.6682 THz   0.0000  0.0000  0.7041  0.0656 -0.7041 -0.0656
    2   1.7682 THz   0.8332  0.0000 -0.3910  0.0000 -0.3910 -0.0000


 Q= -0.192200  0.096100  0.000000, q=  0.250000 -0.500000 -0.250000

                       Pb X   0        Pb Y   0        Pb Z   0     
                    --------------- --------------- ---------------
    0   1.4580 THz   0.0000  0.0000 -0.0000  0.0000  0.0869 -0.9962
    1   1.4580 THz   1.0000  0.0000  0.0000  0.0000  0.0000  0.0000
    2   1.7076 THz   0.0000  0.0000 -0.5626 -0.8268 -0.0000  0.0000


 Q= -0.144150  0.144150 -0.048050, q=  0.250000 -0.500000  0.000000

                       Pb X   0        Pb Y   0        Pb Z   0     
                    --------------- --------------- ---------------
    0   1.5490 THz   0.5892  0.0000 -0.5892 -0.0000  0.5529  0.0000
    1   1.6682 THz   0.7071  0.0000  0.7071  0.0000  0.0000 -0.0000
    2   1.7682 THz  -0.3910  0.0000  0.3910 -0.0000  0.8332 -0.0000


 Q= -0.096100  0.192200 -0.096100, q=  0.250000 -0.500000  0.250000

                       Pb X   0        Pb Y   0        Pb Z   0     
                    --------------- --------------- ---------------
    0   1.5643 THz   0.7071  0.0000 -0.0000 -0.0000  0.7071 -0.0000
    1   1.6122 THz   0.7071  0.0000  0.0000  0.0000 -0.7071  0.0000
    2   1.7242 THz   0.0000  0.0000 -0.4889 -0.8724 -0.0000  0.0000


 Q= -0.192200  0.000000  0.096100, q=  0.250000 -0.250000 -0.500000

                       Pb X   0        Pb Y   0        Pb Z   0     
                    --------------- --------------- ---------------
    0   1.4580 THz   0.0000  0.0000 -0.0834 -0.9965 -0.0000  0.0000
    1   1.4580 THz   1.0000  0.0000  0.0000  0.0000  0.0000  0.0000
    2   1.7076 THz   0.0000  0.0000 -0.0000 -0.0000  0.6563 -0.7545


 Q= -0.144150  0.048050  0.048050, q=  0.250000 -0.250000 -0.250000

                       Pb X   0        Pb Y   0        Pb Z   0     
                    --------------- --------------- ---------------
    0   1.5490 THz   0.5529  0.0000 -0.5892 -0.0000 -0.5892 -0.0000
    1   1.6682 THz   0.0000  0.0000  0.7071 -0.0018 -0.7071  0.0018
    2   1.7682 THz   0.8332  0.0000  0.3910  0.0000  0.3910  0.0000


 Q= -0.096100  0.096100  0.000000, q=  0.250000 -0.250000  0.000000

                       Pb X   0        Pb Y   0        Pb Z   0     
                    --------------- --------------- ---------------
    0   1.5643 THz   0.7071  0.0000 -0.7071 -0.0000 -0.0000  0.0000
    1   1.6122 THz   0.7071  0.0000  0.7071  0.0000  0.0000 -0.0000
    2   1.7242 THz   0.0000  0.0000  0.0000 -0.0000 -0.0034  1.0000


 Q= -0.048050  0.144150 -0.048050, q=  0.250000 -0.250000  0.250000

                       Pb X   0        Pb Y   0        Pb Z   0     
                    --------------- --------------- ---------------
    0   1.5490 THz   0.5892  0.0000 -0.5529  0.0000  0.5892 -0.0000
    1   1.6682 THz  -0.7071  0.0000 -0.0000 -0.0000  0.7071 -0.0000
    2   1.7682 THz  -0.3910  0.0000 -0.8332  0.0000 -0.3910  0.0000


 Q= -0.144150 -0.048050  0.144150, q=  0.250000  0.000000 -0.500000

                       Pb X   0        Pb Y   0        Pb Z   0     
                    --------------- --------------- ---------------
    0   1.5490 THz   0.5892  0.0000  0.5529  0.0000 -0.5892 -0.0000
    1   1.6682 THz   0.7071  0.0000  0.0000  0.0000  0.7071  0.0000
    2   1.7682 THz   0.3910  0.0000 -0.8332 -0.0000 -0.3910 -0.0000


 Q= -0.096100  0.000000  0.096100, q=  0.250000  0.000000 -0.250000

                       Pb X   0        Pb Y   0        Pb Z   0     
                    --------------- --------------- ---------------
    0   1.5643 THz   0.7071  0.0000  0.0000 -0.0000 -0.7071 -0.0000
    1   1.6122 THz   0.7071  0.0000 -0.0000 -0.0000  0.7071  0.0000
    2   1.7242 THz  -0.0000  0.0000 -0.9972 -0.0748 -0.0000 -0.0000


 Q= -0.048050  0.048050  0.048050, q=  0.250000  0.000000  0.000000

                       Pb X   0        Pb Y   0        Pb Z   0     
                    --------------- --------------- ---------------
    0   1.4759 THz   0.6049  0.0000  0.7771  0.0172 -0.1722 -0.0172
    1   1.4759 THz   0.5484  0.0000 -0.2493 -0.0190  0.7977  0.0190
    2   1.6377 THz  -0.5774  0.0000  0.5774  0.0000  0.5774  0.0000


 Q=  0.000000  0.096100  0.000000, q=  0.250000  0.000000  0.250000

                       Pb X   0        Pb Y   0        Pb Z   0     
                    --------------- --------------- ---------------
    0   1.5525 THz   1.0000  0.0000  0.0000  0.0000  0.0000  0.0000
    1   1.5525 THz   0.0000  0.0000  0.0000  0.0000 -0.9879  0.1552
    2   1.8060 THz   0.0000  0.0000 -0.1769 -0.9842 -0.0000 -0.0000


 Q= -0.096100 -0.096100  0.192200, q=  0.250000  0.250000 -0.500000

                       Pb X   0        Pb Y   0        Pb Z   0     
                    --------------- --------------- ---------------
    0   1.5643 THz  -0.7071  0.0000 -0.7071  0.0000  0.0000 -0.0000
    1   1.6122 THz   0.7071  0.0000 -0.7071  0.0000  0.0000 -0.0000
    2   1.7242 THz   0.0000  0.0000 -0.0000  0.0000 -0.2629  0.9648


 Q= -0.048050 -0.048050  0.144150, q=  0.250000  0.250000 -0.250000

                       Pb X   0        Pb Y   0        Pb Z   0     
                    --------------- --------------- ---------------
    0   1.5490 THz   0.5892  0.0000  0.5892 -0.0000 -0.5529 -0.0000
    1   1.6682 THz  -0.7071  0.0000  0.7071 -0.0000  0.0000  0.0000
    2   1.7682 THz   0.3910  0.0000  0.3910  0.0000  0.8332  0.0000


 Q=  0.000000  0.000000  0.096100, q=  0.250000  0.250000  0.000000

                       Pb X   0        Pb Y   0        Pb Z   0     
                    --------------- --------------- ---------------
    0   1.5525 THz   0.0000  0.0000 -0.8179 -0.5754 -0.0000  0.0000
    1   1.5525 THz   1.0000  0.0000  0.0000  0.0000  0.0000  0.0000
    2   1.8060 THz   0.0000  0.0000  0.0000  0.0000 -0.9425  0.3343


 Q=  0.048050  0.048050  0.048050, q=  0.250000  0.250000  0.250000

                       Pb X   0        Pb Y   0        Pb Z   0     
                    --------------- --------------- ---------------
    0   1.4759 THz   0.6150  0.0000 -0.7717 -0.0285  0.1567  0.0285
    1   1.4759 THz  -0.5370 -0.0000 -0.2631 -0.0326  0.8002  0.0326
    2   1.6377 THz   0.5774  0.0000  0.5774  0.0000  0.5774  0.0000
