
Used Primitive lattice vector

    0.000000000000      2.845847000000      2.845847000000  
    2.845847000000      0.000000000000      2.845847000000  
    2.845847000000      2.845847000000      0.000000000000  

   2 Atom(s) in the Primitive cell

 0.0000000000 0.0000000000 0.0000000000 Na    0
 0.5000000000 0.5000000000 0.5000000000 Cl    1


 Q= -0.087847 -0.087847 -0.087847, q= -0.500000 -0.500000 -0.500000

                       Na X   0        Na Y   0        Na Z   0        Cl X   1        Cl Y   1        Cl Z   1     
                    --------------- --------------- --------------- --------------- --------------- ---------------
    0   4.2169 THz  -0.0000  0.0000  0.0000  0.0000  0.0000 -0.0000 -0.0698 -0.1467  0.0499  0.7661  0.0199 -0.6195
    1   4.2169 THz  -0.0000  0.0000  0.0000 -0.0000 -0.0000  0.0000 -0.3800 -0.7042  0.1799  0.2118  0.2001  0.4924
    2   4.8166 THz  -0.0000  0.0000  0.7071  0.0000 -0.7071 -0.0000  0.0000 -0.0000 -0.0000 -0.0000  0.0000 -0.0000
    3   4.8166 THz   0.8165  0.0000 -0.4082 -0.0000 -0.4082 -0.0000 -0.0000 -0.0000  0.0000  0.0000  0.0000 -0.0000
    4   4.9719 THz  -0.0000  0.0000 -0.0000 -0.0000  0.0000  0.0000  0.0304 -0.5765  0.0304 -0.5765  0.0304 -0.5765
    5   6.2925 THz   0.5774  0.0000  0.5774  0.0000  0.5774  0.0000 -0.0000 -0.0000 -0.0000 -0.0000 -0.0000  0.0000


 Q= -0.043924 -0.043924 -0.131771, q= -0.500000 -0.500000 -0.250000

                       Na X   0        Na Y   0        Na Z   0        Cl X   1        Cl Y   1        Cl Z   1     
                    --------------- --------------- --------------- --------------- --------------- ---------------
    0   4.1591 THz  -0.3270  0.0000  0.3270 -0.0000 -0.0000  0.0000 -0.6270  0.0000  0.6270  0.0000 -0.0000 -0.0000
    1   4.4127 THz   0.1818  0.0000  0.1818 -0.0000 -0.1542 -0.0000  0.5675 -0.0000  0.5675  0.0000 -0.5158  0.0000
    2   4.7700 THz  -0.1510  0.0000 -0.1510  0.0000 -0.0238 -0.0000 -0.3409 -0.0000 -0.3409 -0.0000 -0.8494  0.0000
    3   5.0401 THz   0.6270  0.0000 -0.6270 -0.0000  0.0000  0.0000 -0.3270  0.0000  0.3270  0.0000 -0.0000  0.0000
    4   5.0764 THz  -0.4433  0.0000 -0.4433 -0.0000  0.7127  0.0000  0.2208  0.0000  0.2208  0.0000 -0.0396  0.0000
    5   6.0801 THz  -0.4977  0.0000 -0.4977 -0.0000 -0.6839 -0.0000  0.1141  0.0000  0.1141  0.0000  0.1046 -0.0000


 Q=  0.000000  0.000000 -0.175695, q= -0.500000 -0.500000  0.000000

                       Na X   0        Na Y   0        Na Z   0        Cl X   1        Cl Y   1        Cl Z   1     
                    --------------- --------------- --------------- --------------- --------------- ---------------
    0   4.0735 THz   0.0000  0.0000 -0.5675  0.0000  0.0000 -0.0000 -0.0000  0.0000 -0.8233  0.0000  0.0000  0.0000
    1   4.0735 THz   0.5675  0.0000  0.0000 -0.0000  0.0000 -0.0000  0.8233  0.0000 -0.0000 -0.0000 -0.0000 -0.0000
    2   4.8614 THz   0.0000  0.0000 -0.0000  0.0000 -0.3701  0.0000  0.0000  0.0000 -0.0000  0.0000 -0.9290  0.0000
    3   5.2606 THz   0.0000  0.0000  0.8233 -0.0000  0.0000 -0.0000  0.0000 -0.0000 -0.5675  0.0000  0.0000 -0.0000
    4   5.2606 THz   0.8233  0.0000  0.0000  0.0000 -0.0000  0.0000 -0.5675 -0.0000  0.0000  0.0000  0.0000  0.0000
    5   5.5426 THz   0.0000  0.0000  0.0000 -0.0000  0.9290 -0.0000 -0.0000  0.0000  0.0000 -0.0000 -0.3701  0.0000


 Q=  0.043924  0.043924 -0.219618, q= -0.500000 -0.500000  0.250000

                       Na X   0        Na Y   0        Na Z   0        Cl X   1        Cl Y   1        Cl Z   1     
                    --------------- --------------- --------------- --------------- --------------- ---------------
    0   4.1591 THz  -0.3270  0.0000  0.3270  0.0000 -0.0000 -0.0000 -0.6270  0.0000  0.6270 -0.0000 -0.0000  0.0000
    1   4.4127 THz   0.1818  0.0000  0.1818  0.0000 -0.1542  0.0000  0.5675  0.0000  0.5675 -0.0000 -0.5158 -0.0000
    2   4.7700 THz  -0.1510  0.0000 -0.1510 -0.0000 -0.0238  0.0000 -0.3409  0.0000 -0.3409  0.0000 -0.8494 -0.0000
    3   5.0401 THz   0.6270  0.0000 -0.6270 -0.0000  0.0000  0.0000 -0.3270 -0.0000  0.3270 -0.0000 -0.0000 -0.0000
    4   5.0764 THz  -0.4433  0.0000 -0.4433 -0.0000  0.7127  0.0000  0.2208 -0.0000  0.2208 -0.0000 -0.0396 -0.0000
    5   6.0801 THz  -0.4977  0.0000 -0.4977  0.0000 -0.6839  0.0000  0.1141 -0.0000  0.1141 -0.0000  0.1046  0.0000


 Q= -0.043924 -0.131771 -0.043924, q= -0.500000 -0.250000 -0.500000

                       Na X   0        Na Y   0        Na Z   0        Cl X   1        Cl Y   1        Cl Z   1     
                    --------------- --------------- --------------- --------------- --------------- ---------------
    0   4.1591 THz  -0.3270  0.0000 -0.0000 -0.0000  0.3270  0.0000 -0.6270 -0.0000 -0.0000 -0.0000  0.6270 -0.0000
    1   4.4127 THz   0.1818  0.0000 -0.1542  0.0000  0.1818  0.0000  0.5675  0.0000 -0.5158 -0.0000  0.5675  0.0000
    2   4.7700 THz   0.1510  0.0000  0.0238 -0.0000  0.1510  0.0000  0.3409 -0.0000  0.8494 -0.0000  0.3409 -0.0000
    3   5.0401 THz   0.6270  0.0000 -0.0000 -0.0000 -0.6270  0.0000 -0.3270 -0.0000 -0.0000 -0.0000  0.3270 -0.0000
    4   5.0764 THz  -0.4433  0.0000  0.7127 -0.0000 -0.4433  0.0000  0.2208 -0.0000 -0.0396 -0.0000  0.2208 -0.0000
    5   6.0801 THz   0.4977  0.0000  0.6839  0.0000  0.4977  0.0000 -0.1141 -0.0000 -0.1046 -0.0000 -0.1141  0.0000


 Q=  0.000000 -0.087847 -0.087847, q= -0.500000 -0.250000 -0.250000

                       Na X   0        Na Y   0        Na Z   0        Cl X   1        Cl Y   1        Cl Z   1     
                    --------------- --------------- --------------- --------------- --------------- ---------------
    0   4.2001 THz   0.0000  0.0000  0.0001 -0.1690 -0.0001  0.1690 -0.0000  0.0000  0.0002 -0.6866 -0.0002  0.6866
    1   4.3183 THz  -0.4522  0.0000  0.0000  0.0000 -0.0000 -0.0000 -0.8919 -0.0000  0.0000  0.0000 -0.0000  0.0000
    2   4.6454 THz   0.0000  0.0000  0.0001  0.1463  0.0001  0.1463  0.0000  0.0000  0.0005  0.6918  0.0005  0.6918
    3   4.8318 THz   0.0000  0.0000 -0.0021  0.6866  0.0021 -0.6866  0.0000  0.0000  0.0005 -0.1690 -0.0005  0.1690
    4   5.1761 THz   0.8919  0.0000  0.0000  0.0000 -0.0000 -0.0000 -0.4522 -0.0000  0.0000  0.0000 -0.0000  0.0000
    5   6.1086 THz   0.0000  0.0000 -0.0002 -0.6918 -0.0002 -0.6918  0.0000  0.0000  0.0000  0.1463  0.0000  0.1463


 Q=  0.043924 -0.043924 -0.131771, q= -0.500000 -0.250000  0.000000

                       Na X   0        Na Y   0        Na Z   0        Cl X   1        Cl Y   1        Cl Z   1     
                    --------------- --------------- --------------- --------------- --------------- ---------------
    0   4.1591 THz   0.3270  0.0000  0.3270  0.0000 -0.0000 -0.0000  0.6270  0.0000  0.6270  0.0000 -0.0000  0.0000
    1   4.4127 THz   0.1818  0.0000 -0.1818 -0.0000  0.1542  0.0000  0.5675  0.0000 -0.5675 -0.0000  0.5158  0.0000
    2   4.7700 THz   0.1510  0.0000 -0.1510 -0.0000 -0.0238 -0.0000  0.3409  0.0000 -0.3409 -0.0000 -0.8494 -0.0000
    3   5.0401 THz   0.6270  0.0000  0.6270 -0.0000  0.0000  0.0000 -0.3270 -0.0000 -0.3270  0.0000 -0.0000  0.0000
    4   5.0764 THz   0.4433  0.0000 -0.4433  0.0000  0.7127 -0.0000 -0.2208 -0.0000  0.2208 -0.0000 -0.0396  0.0000
    5   6.0801 THz   0.4977  0.0000 -0.4977  0.0000 -0.6839  0.0000 -0.1141 -0.0000  0.1141  0.0000  0.1046 -0.0000


 Q=  0.087847  0.000000 -0.175695, q= -0.500000 -0.250000  0.250000

                       Na X   0        Na Y   0        Na Z   0        Cl X   1        Cl Y   1        Cl Z   1     
                    --------------- --------------- --------------- --------------- --------------- ---------------
    0   4.4914 THz   0.0000  0.0000  0.0000  0.0000 -0.0000  0.0000  0.4368 -0.8996  0.0000  0.0000 -0.0000  0.0000
    1   4.6708 THz   0.0000  0.0000 -0.0478 -0.2199 -0.0484  0.0032  0.0000 -0.0000 -0.2019 -0.9296  0.2047 -0.0136
    2   4.6708 THz   0.0000  0.0000  0.0103  0.0474 -0.2245  0.0148  0.0000 -0.0000  0.0435  0.2005  0.9492 -0.0626
    3   5.2377 THz   0.0000  0.0000 -0.1009  0.9617 -0.0994 -0.0464 -0.0000 -0.0000  0.0239 -0.2275 -0.0235 -0.0110
    4   5.2377 THz   0.0000  0.0000 -0.0550 -0.0949 -0.9490  0.1857 -0.0000  0.0000  0.0130  0.0224 -0.2245  0.0439
    5   5.4602 THz   1.0000  0.0000  0.0000  0.0000  0.0000  0.0000  0.0000  0.0000  0.0000  0.0000  0.0000  0.0000


 Q=  0.000000 -0.175695  0.000000, q= -0.500000  0.000000 -0.500000

                       Na X   0        Na Y   0        Na Z   0        Cl X   1        Cl Y   1        Cl Z   1     
                    --------------- --------------- --------------- --------------- --------------- ---------------
    0   4.0735 THz  -0.5675  0.0000  0.0000  0.0000  0.0000  0.0000 -0.8233  0.0000 -0.0000  0.0000 -0.0000  0.0000
    1   4.0735 THz   0.0000  0.0000  0.0000 -0.0000 -0.5675  0.0000 -0.0000  0.0000 -0.0000 -0.0000 -0.8233  0.0000
    2   4.8614 THz   0.0000  0.0000  0.3701  0.0000 -0.0000 -0.0000  0.0000  0.0000  0.9290  0.0000 -0.0000 -0.0000
    3   5.2606 THz   0.8233  0.0000  0.0000  0.0000  0.0000  0.0000 -0.5675  0.0000 -0.0000  0.0000 -0.0000  0.0000
    4   5.2606 THz   0.0000  0.0000  0.0000 -0.0000 -0.8233 -0.0000 -0.0000  0.0000 -0.0000 -0.0000  0.5675  0.0000
    5   5.5426 THz   0.0000  0.0000  0.9290  0.0000 -0.0000 -0.0000  0.0000  0.0000 -0.3701 -0.0000 -0.0000 -0.0000


 Q=  0.043924 -0.131771 -0.043924, q= -0.500000  0.000000 -0.250000

                       Na X   0        Na Y   0        Na Z   0        Cl X   1        Cl Y   1        Cl Z   1     
                    --------------- --------------- --------------- --------------- --------------- ---------------
    0   4.1591 THz   0.3270  0.0000  0.0000 -0.0000  0.3270  0.0000  0.6270 -0.0000 -0.0000  0.0000  0.6270 -0.0000
    1   4.4127 THz   0.1818  0.0000  0.1542  0.0000 -0.1818 -0.0000  0.5675 -0.0000  0.5158 -0.0000 -0.5675  0.0000
    2   4.7700 THz  -0.1510  0.0000  0.0238 -0.0000  0.1510  0.0000 -0.3409 -0.0000  0.8494  0.0000  0.3409  0.0000
    3   5.0401 THz   0.6270  0.0000 -0.0000  0.0000  0.6270  0.0000 -0.3270 -0.0000  0.0000  0.0000 -0.3270  0.0000
    4   5.0764 THz   0.4433  0.0000  0.7127 -0.0000 -0.4433  0.0000 -0.2208  0.0000 -0.0396  0.0000  0.2208 -0.0000
    5   6.0801 THz  -0.4977  0.0000  0.6839 -0.0000  0.4977  0.0000  0.1141 -0.0000 -0.1046  0.0000 -0.1141  0.0000


 Q=  0.087847 -0.087847 -0.087847, q= -0.500000  0.000000  0.000000

                       Na X   0        Na Y   0        Na Z   0        Cl X   1        Cl Y   1        Cl Z   1     
                    --------------- --------------- --------------- --------------- --------------- ---------------
    0   4.2169 THz   0.0000  0.0000  0.0000  0.0000 -0.0000  0.0000  0.0038 -0.2791 -0.1281 -0.7912  0.1318  0.5121
    1   4.2169 THz   0.0000  0.0000  0.0000  0.0000  0.0000 -0.0000 -0.3502 -0.6827 -0.0223 -0.1540 -0.3279 -0.5287
    2   4.8166 THz   0.8165  0.0000  0.4082 -0.0000  0.4082 -0.0000  0.0000  0.0000 -0.0000 -0.0000 -0.0000  0.0000
    3   4.8166 THz   0.0000  0.0000  0.7071  0.0000 -0.7071 -0.0000  0.0000 -0.0000 -0.0000  0.0000 -0.0000  0.0000
    4   4.9719 THz   0.0000  0.0000  0.0000 -0.0000 -0.0000  0.0000 -0.0396  0.5760  0.0396 -0.5760  0.0396 -0.5760
    5   6.2925 THz   0.5774  0.0000 -0.5774  0.0000 -0.5774  0.0000 -0.0000 -0.0000  0.0000  0.0000  0.0000 -0.0000


 Q=  0.131771 -0.043924 -0.131771, q= -0.500000  0.000000  0.250000

                       Na X   0        Na Y   0        Na Z   0        Cl X   1        Cl Y   1        Cl Z   1     
                    --------------- --------------- --------------- --------------- --------------- ---------------
    0   4.1591 THz   0.3270  0.0000 -0.0000  0.0000  0.3270 -0.0000 -0.6270  0.0000  0.0000  0.0000 -0.6270 -0.0000
    1   4.4127 THz  -0.1818  0.0000 -0.1542  0.0000  0.1818 -0.0000  0.5675 -0.0000  0.5158 -0.0000 -0.5675  0.0000
    2   4.7700 THz   0.1510  0.0000 -0.0238  0.0000 -0.1510  0.0000 -0.3409  0.0000  0.8494 -0.0000  0.3409 -0.0000
    3   5.0401 THz   0.6270  0.0000  0.0000  0.0000  0.6270 -0.0000  0.3270 -0.0000  0.0000  0.0000  0.3270  0.0000
    4   5.0764 THz  -0.4433  0.0000 -0.7127  0.0000  0.4433 -0.0000 -0.2208  0.0000 -0.0396 -0.0000  0.2208  0.0000
    5   6.0801 THz  -0.4977  0.0000  0.6839 -0.0000  0.4977  0.0000 -0.1141  0.0000  0.1046  0.0000  0.1141  0.0000


 Q=  0.043924 -0.219618  0.043924, q= -0.500000  0.250000 -0.500000

                       Na X   0        Na Y   0        Na Z   0        Cl X   1        Cl Y   1        Cl Z   1     
                    --------------- --------------- --------------- --------------- --------------- ---------------
    0   4.1591 THz  -0.3270  0.0000  0.0000  0.0000  0.3270 -0.0000 -0.6270  0.0000  0.0000 -0.0000  0.6270  0.0000
    1   4.4127 THz   0.1818  0.0000 -0.1542 -0.0000  0.1818 -0.0000  0.5675 -0.0000 -0.5158  0.0000  0.5675 -0.0000
    2   4.7700 THz   0.1510  0.0000  0.0238  0.0000  0.1510 -0.0000  0.3409  0.0000  0.8494  0.0000  0.3409  0.0000
    3   5.0401 THz   0.6270  0.0000  0.0000 -0.0000 -0.6270  0.0000 -0.3270  0.0000  0.0000  0.0000  0.3270  0.0000
    4   5.0764 THz  -0.4433  0.0000  0.7127  0.0000 -0.4433  0.0000  0.2208  0.0000 -0.0396  0.0000  0.2208  0.0000
    5   6.0801 THz   0.4977  0.0000  0.6839 -0.0000  0.4977 -0.0000 -0.1141  0.0000 -0.1046  0.0000 -0.1141 -0.0000


 Q=  0.087847 -0.175695  0.000000, q= -0.500000  0.250000 -0.250000

                       Na X   0        Na Y   0        Na Z   0        Cl X   1        Cl Y   1        Cl Z   1     
                    --------------- --------------- --------------- --------------- --------------- ---------------
    0   4.4914 THz   0.0000  0.0000 -0.0000  0.0000  0.0000  0.0000  0.8365  0.5480  0.0000 -0.0000  0.0000  0.0000
    1   4.6708 THz   0.0000  0.0000  0.2176 -0.0732 -0.0145  0.0077  0.0000  0.0000 -0.9200  0.3095 -0.0613  0.0325
    2   4.6708 THz   0.0000  0.0000 -0.0144 -0.0079 -0.2166 -0.0761  0.0000  0.0000  0.0608  0.0333 -0.9158 -0.3217
    3   5.2377 THz   0.0000  0.0000 -0.8822  0.3992  0.0876  0.0419 -0.0000 -0.0000 -0.2087  0.0944 -0.0207 -0.0099
    4   5.2377 THz   0.0000  0.0000  0.0939  0.0248  0.4140  0.8753  0.0000 -0.0000  0.0222  0.0059 -0.0979 -0.2071
    5   5.4602 THz   1.0000  0.0000  0.0000  0.0000  0.0000  0.0000  0.0000  0.0000  0.0000  0.0000  0.0000  0.0000


 Q=  0.131771 -0.131771 -0.043924, q= -0.500000  0.250000  0.000000

                       Na X   0        Na Y   0        Na Z   0        Cl X   1        Cl Y   1        Cl Z   1     
                    --------------- --------------- --------------- --------------- --------------- ---------------
    0   4.1591 THz   0.3270  0.0000  0.3270  0.0000  0.0000 -0.0000 -0.6270 -0.0000 -0.6270 -0.0000  0.0000 -0.0000
    1   4.4127 THz  -0.1818  0.0000  0.1818  0.0000 -0.1542 -0.0000  0.5675  0.0000 -0.5675 -0.0000  0.5158  0.0000
    2   4.7700 THz  -0.1510  0.0000  0.1510  0.0000  0.0238 -0.0000  0.3409 -0.0000 -0.3409  0.0000 -0.8494 -0.0000
    3   5.0401 THz   0.6270  0.0000  0.6270  0.0000 -0.0000 -0.0000  0.3270  0.0000  0.3270  0.0000 -0.0000 -0.0000
    4   5.0764 THz  -0.4433  0.0000  0.4433  0.0000 -0.7127 -0.0000 -0.2208  0.0000  0.2208  0.0000 -0.0396 -0.0000
    5   6.0801 THz   0.4977  0.0000 -0.4977 -0.0000 -0.6839 -0.0000  0.1141  0.0000 -0.1141  0.0000 -0.1046 -0.0000


 Q=  0.175695 -0.087847 -0.087847, q= -0.500000  0.250000  0.250000

                       Na X   0        Na Y   0        Na Z   0        Cl X   1        Cl Y   1        Cl Z   1     
                    --------------- --------------- --------------- --------------- --------------- ---------------
    0   4.2001 THz   0.0000  0.0000 -0.1509  0.0760  0.1509 -0.0760  0.0000 -0.0000  0.6132 -0.3089 -0.6132  0.3089
    1   4.3183 THz  -0.4522  0.0000 -0.0000  0.0000 -0.0000  0.0000  0.8919 -0.0000 -0.0000  0.0000  0.0000  0.0000
    2   4.6454 THz   0.0000  0.0000  0.1448  0.0206  0.1448  0.0206  0.0000  0.0000 -0.6849 -0.0975 -0.6849 -0.0975
    3   4.8318 THz   0.0000  0.0000 -0.6765 -0.1172  0.6765  0.1172  0.0000 -0.0000 -0.1665 -0.0288  0.1665  0.0288
    4   5.1761 THz   0.8919  0.0000 -0.0000  0.0000 -0.0000  0.0000  0.4522 -0.0000 -0.0000  0.0000  0.0000  0.0000
    5   6.1086 THz   0.0000  0.0000 -0.6813  0.1199 -0.6813  0.1199 -0.0000 -0.0000 -0.1441  0.0253 -0.1441  0.0253


 Q= -0.131771 -0.043924 -0.043924, q= -0.250000 -0.500000 -0.500000

                       Na X   0        Na Y   0        Na Z   0        Cl X   1        Cl Y   1        Cl Z   1     
                    --------------- --------------- --------------- --------------- --------------- ---------------
    0   4.1591 THz  -0.0000  0.0000  0.3268  0.0091 -0.3268 -0.0091 -0.0000 -0.0000  0.6267  0.0175 -0.6267 -0.0175
    1   4.4127 THz   0.1542  0.0000 -0.1818  0.0000 -0.1818 -0.0000  0.5158  0.0000 -0.5675 -0.0000 -0.5675  0.0000
    2   4.7700 THz  -0.0238  0.0000 -0.1510  0.0000 -0.1510  0.0000 -0.8494  0.0000 -0.3409  0.0000 -0.3409  0.0000
    3   5.0401 THz  -0.0000  0.0000  0.6269 -0.0110 -0.6269  0.0110  0.0000 -0.0000 -0.3269  0.0058  0.3269 -0.0058
    4   5.0764 THz   0.7127  0.0000 -0.4433 -0.0000 -0.4433  0.0000 -0.0396  0.0000  0.2208  0.0000  0.2208 -0.0000
    5   6.0801 THz   0.6839  0.0000  0.4977 -0.0000  0.4977 -0.0000 -0.1046 -0.0000 -0.1141 -0.0000 -0.1141  0.0000


 Q= -0.087847  0.000000 -0.087847, q= -0.250000 -0.500000 -0.250000

                       Na X   0        Na Y   0        Na Z   0        Cl X   1        Cl Y   1        Cl Z   1     
                    --------------- --------------- --------------- --------------- --------------- ---------------
    0   4.2001 THz   0.1690  0.0000  0.0000  0.0000 -0.1690 -0.0000  0.6866  0.0000  0.0000  0.0000 -0.6866 -0.0000
    1   4.3183 THz   0.0000  0.0000 -0.4510 -0.0335  0.0000 -0.0000  0.0000  0.0000 -0.8895 -0.0661 -0.0000 -0.0000
    2   4.6454 THz  -0.1463  0.0000  0.0000 -0.0000 -0.1463 -0.0000 -0.6918 -0.0000 -0.0000 -0.0000 -0.6918 -0.0000
    3   4.8318 THz  -0.6866  0.0000 -0.0000  0.0000  0.6866  0.0000  0.1690  0.0000  0.0000 -0.0000 -0.1690  0.0000
    4   5.1761 THz  -0.0000  0.0000  0.8917  0.0207  0.0000  0.0000  0.0000  0.0000 -0.4521 -0.0105  0.0000  0.0000
    5   6.1086 THz   0.6918  0.0000  0.0000  0.0000  0.6918  0.0000 -0.1463 -0.0000 -0.0000 -0.0000 -0.1463  0.0000


 Q= -0.043924  0.043924 -0.131771, q= -0.250000 -0.500000  0.000000

                       Na X   0        Na Y   0        Na Z   0        Cl X   1        Cl Y   1        Cl Z   1     
                    --------------- --------------- --------------- --------------- --------------- ---------------
    0   4.1591 THz   0.3270  0.0000  0.3270  0.0000  0.0000  0.0000  0.6270  0.0000  0.6270  0.0000  0.0000 -0.0000
    1   4.4127 THz   0.1818  0.0000 -0.1818 -0.0000 -0.1542 -0.0000  0.5675  0.0000 -0.5675 -0.0000 -0.5158 -0.0000
    2   4.7700 THz  -0.1510  0.0000  0.1510  0.0000 -0.0238 -0.0000 -0.3409 -0.0000  0.3409  0.0000 -0.8494 -0.0000
    3   5.0401 THz   0.6270  0.0000  0.6270  0.0000  0.0000  0.0000 -0.3270 -0.0000 -0.3270  0.0000 -0.0000 -0.0000
    4   5.0764 THz   0.4433  0.0000 -0.4433 -0.0000 -0.7127 -0.0000 -0.2208 -0.0000  0.2208  0.0000  0.0396 -0.0000
    5   6.0801 THz  -0.4977  0.0000  0.4977  0.0000 -0.6839 -0.0000  0.1141  0.0000 -0.1141  0.0000  0.1046 -0.0000


 Q=  0.000000  0.087847 -0.175695, q= -0.250000 -0.500000  0.250000

                       Na X   0        Na Y   0        Na Z   0        Cl X   1        Cl Y   1        Cl Z   1     
                    --------------- --------------- --------------- --------------- --------------- ---------------
    0   4.4914 THz   0.0000  0.0000  0.0000  0.0000 -0.0000  0.0000 -0.0000  0.0000  0.0876 -0.9962 -0.0000 -0.0000
    1   4.6708 THz  -0.2302  0.0000  0.0000  0.0000  0.0000  0.0000 -0.9731  0.0000  0.0000  0.0000  0.0000 -0.0000
    2   4.6708 THz   0.0000  0.0000  0.0000  0.0000  0.2141  0.0844  0.0000  0.0000  0.0000  0.0000 -0.9053 -0.3570
    3   5.2377 THz   0.0000  0.0000 -0.0000  0.0000  0.9544  0.1898  0.0000  0.0000  0.0000 -0.0000  0.2258  0.0449
    4   5.2377 THz   0.9731  0.0000  0.0000  0.0000  0.0000  0.0000 -0.2302  0.0000  0.0000  0.0000  0.0000 -0.0000
    5   5.4602 THz   0.0000  0.0000 -0.0042 -1.0000  0.0000  0.0000 -0.0000  0.0000  0.0000 -0.0000  0.0000 -0.0000


 Q= -0.087847 -0.087847  0.000000, q= -0.250000 -0.250000 -0.500000

                       Na X   0        Na Y   0        Na Z   0        Cl X   1        Cl Y   1        Cl Z   1     
                    --------------- --------------- --------------- --------------- --------------- ---------------
    0   4.2001 THz  -0.1690  0.0000  0.1690 -0.0000 -0.0000 -0.0000 -0.6866 -0.0000  0.6866  0.0000 -0.0000 -0.0000
    1   4.3183 THz   0.0000  0.0000 -0.0000 -0.0000 -0.4422 -0.0948  0.0000  0.0000 -0.0000 -0.0000 -0.8721 -0.1871
    2   4.6454 THz  -0.1463  0.0000 -0.1463  0.0000 -0.0000 -0.0000 -0.6918  0.0000 -0.6918  0.0000 -0.0000 -0.0000
    3   4.8318 THz  -0.6866  0.0000  0.6866 -0.0000  0.0000  0.0000  0.1690 -0.0000 -0.1690 -0.0000 -0.0000 -0.0000
    4   5.1761 THz  -0.0000  0.0000  0.0000 -0.0000 -0.8769 -0.1632  0.0000  0.0000 -0.0000 -0.0000  0.4446  0.0827
    5   6.1086 THz   0.6918  0.0000  0.6918 -0.0000 -0.0000  0.0000 -0.1463 -0.0000 -0.1463 -0.0000  0.0000 -0.0000


 Q= -0.043924 -0.043924 -0.043924, q= -0.250000 -0.250000 -0.250000

                       Na X   0        Na Y   0        Na Z   0        Cl X   1        Cl Y   1        Cl Z   1     
                    --------------- --------------- --------------- --------------- --------------- ---------------
    0   3.7989 THz  -0.2039  0.0000  0.4240  0.0044 -0.2201 -0.0044 -0.3354 -0.0000  0.6975  0.0072 -0.3621 -0.0072
    1   3.7989 THz  -0.3719 -0.0000  0.0094 -0.0024  0.3625  0.0024 -0.6118 -0.0000  0.0155 -0.0039  0.5963  0.0039
    2   4.2718 THz  -0.2379  0.0000 -0.2379  0.0000 -0.2379 -0.0000 -0.5260 -0.0000 -0.5260 -0.0000 -0.5260 -0.0000
    3   4.9707 THz  -0.6803  0.0000  0.4743  0.0005  0.2060 -0.0005  0.4136  0.0000 -0.2883 -0.0003 -0.1253  0.0003
    4   4.9707 THz   0.1549  0.0000  0.5117  0.0023 -0.6666 -0.0023 -0.0942 -0.0000 -0.3111 -0.0014  0.4053  0.0014
    5   5.6889 THz   0.5260  0.0000  0.5260  0.0000  0.5260  0.0000 -0.2379 -0.0000 -0.2379 -0.0000 -0.2379  0.0000


 Q=  0.000000  0.000000 -0.087847, q= -0.250000 -0.250000  0.000000

                       Na X   0        Na Y   0        Na Z   0        Cl X   1        Cl Y   1        Cl Z   1     
                    --------------- --------------- --------------- --------------- --------------- ---------------
    0   3.7977 THz   0.0000  0.0000 -0.5602  0.0165 -0.0000 -0.0000  0.0000  0.0000 -0.8279  0.0243 -0.0000 -0.0000
    1   3.7977 THz  -0.5604  0.0000  0.0000 -0.0000 -0.0000 -0.0000 -0.8282 -0.0000  0.0000 -0.0000 -0.0000  0.0000
    2   4.2783 THz   0.0000  0.0000 -0.0000 -0.0000  0.2042  0.2245  0.0000  0.0000 -0.0000  0.0000  0.6411  0.7049
    3   5.1412 THz   0.0000  0.0000  0.6009  0.5700  0.0000  0.0000 -0.0000 -0.0000 -0.4066 -0.3857  0.0000  0.0000
    4   5.1412 THz   0.8282  0.0000  0.0000 -0.0000 -0.0000 -0.0000 -0.5604 -0.0000  0.0000 -0.0000 -0.0000  0.0000
    5   5.7896 THz   0.0000  0.0000  0.0000 -0.0000 -0.0820  0.9493 -0.0000 -0.0000 -0.0000  0.0000  0.0261 -0.3024


 Q=  0.043924  0.043924 -0.131771, q= -0.250000 -0.250000  0.250000

                       Na X   0        Na Y   0        Na Z   0        Cl X   1        Cl Y   1        Cl Z   1     
                    --------------- --------------- --------------- --------------- --------------- ---------------
    0   4.1591 THz  -0.3270  0.0000  0.3270  0.0000  0.0000  0.0000 -0.6270 -0.0000  0.6270  0.0000  0.0000 -0.0000
    1   4.4127 THz   0.1818  0.0000  0.1818  0.0000  0.1542  0.0000  0.5675  0.0000  0.5675 -0.0000  0.5158 -0.0000
    2   4.7700 THz   0.1510  0.0000  0.1510  0.0000 -0.0238 -0.0000  0.3409  0.0000  0.3409  0.0000 -0.8494 -0.0000
    3   5.0401 THz   0.6270  0.0000 -0.6270 -0.0000 -0.0000  0.0000 -0.3270 -0.0000  0.3270 -0.0000 -0.0000  0.0000
    4   5.0764 THz  -0.4433  0.0000 -0.4433  0.0000 -0.7127 -0.0000  0.2208  0.0000  0.2208  0.0000  0.0396 -0.0000
    5   6.0801 THz   0.4977  0.0000  0.4977  0.0000 -0.6839 -0.0000 -0.1141 -0.0000 -0.1141  0.0000  0.1046 -0.0000


 Q= -0.043924 -0.131771  0.043924, q= -0.250000  0.000000 -0.500000

                       Na X   0        Na Y   0        Na Z   0        Cl X   1        Cl Y   1        Cl Z   1     
                    --------------- --------------- --------------- --------------- --------------- ---------------
    0   4.1591 THz  -0.3270  0.0000 -0.0000  0.0000 -0.3270  0.0000 -0.6270  0.0000  0.0000 -0.0000 -0.6270  0.0000
    1   4.4127 THz   0.1818  0.0000 -0.1542  0.0000 -0.1818  0.0000  0.5675 -0.0000 -0.5158  0.0000 -0.5675  0.0000
    2   4.7700 THz  -0.1510  0.0000 -0.0238  0.0000  0.1510 -0.0000 -0.3409  0.0000 -0.8494  0.0000  0.3409 -0.0000
    3   5.0401 THz   0.6270  0.0000 -0.0000 -0.0000  0.6270 -0.0000 -0.3270  0.0000 -0.0000  0.0000 -0.3270  0.0000
    4   5.0764 THz  -0.4433  0.0000  0.7127 -0.0000  0.4433 -0.0000  0.2208 -0.0000 -0.0396  0.0000 -0.2208  0.0000
    5   6.0801 THz  -0.4977  0.0000 -0.6839 -0.0000  0.4977  0.0000  0.1141 -0.0000  0.1046  0.0000 -0.1141 -0.0000


 Q=  0.000000 -0.087847  0.000000, q= -0.250000  0.000000 -0.250000

                       Na X   0        Na Y   0        Na Z   0        Cl X   1        Cl Y   1        Cl Z   1     
                    --------------- --------------- --------------- --------------- --------------- ---------------
    0   3.7977 THz   0.0000  0.0000 -0.0000  0.0000 -0.4354 -0.3528  0.0000  0.0000 -0.0000  0.0000 -0.6434 -0.5215
    1   3.7977 THz  -0.5604  0.0000  0.0000  0.0000 -0.0000 -0.0000 -0.8282 -0.0000  0.0000  0.0000  0.0000  0.0000
    2   4.2783 THz   0.0000  0.0000  0.0192  0.3029  0.0000 -0.0000  0.0000  0.0000  0.0603  0.9509  0.0000 -0.0000
    3   5.1412 THz   0.8282  0.0000  0.0000  0.0000 -0.0000 -0.0000 -0.5604 -0.0000  0.0000  0.0000  0.0000  0.0000
    4   5.1412 THz   0.0000  0.0000  0.0000 -0.0000 -0.8185 -0.1263  0.0000  0.0000  0.0000  0.0000  0.5538  0.0854
    5   5.7896 THz   0.0000  0.0000  0.1416  0.9422 -0.0000 -0.0000  0.0000  0.0000 -0.0451 -0.3001  0.0000 -0.0000


 Q=  0.043924 -0.043924 -0.043924, q= -0.250000  0.000000  0.000000

                       Na X   0        Na Y   0        Na Z   0        Cl X   1        Cl Y   1        Cl Z   1     
                    --------------- --------------- --------------- --------------- --------------- ---------------
    0   3.7989 THz  -0.4242  0.0000 -0.2121 -0.0000 -0.2121  0.0000 -0.6977  0.0000 -0.3488 -0.0000 -0.3488  0.0000
    1   3.7989 THz  -0.0000  0.0000 -0.3673  0.0031  0.3673 -0.0031 -0.0000 -0.0000 -0.6042  0.0050  0.6042 -0.0050
    2   4.2718 THz  -0.2379  0.0000  0.2379 -0.0000  0.2379  0.0000 -0.5260  0.0000  0.5260  0.0000  0.5260 -0.0000
    3   4.9707 THz   0.5052  0.0000  0.6693  0.0026 -0.1640 -0.0026 -0.3072  0.0000 -0.4069 -0.0016  0.0997  0.0016
    4   4.9707 THz  -0.4811 -0.0000  0.1970  0.0028 -0.6781 -0.0028  0.2925  0.0000 -0.1198 -0.0017  0.4123  0.0017
    5   5.6889 THz   0.5260  0.0000 -0.5260  0.0000 -0.5260 -0.0000 -0.2379  0.0000  0.2379  0.0000  0.2379 -0.0000


 Q=  0.087847  0.000000 -0.087847, q= -0.250000  0.000000  0.250000

                       Na X   0        Na Y   0        Na Z   0        Cl X   1        Cl Y   1        Cl Z   1     
                    --------------- --------------- --------------- --------------- --------------- ---------------
    0   4.2001 THz   0.1690  0.0000  0.0000 -0.0000  0.1690  0.0000  0.6866 -0.0000  0.0000 -0.0000  0.6866 -0.0000
    1   4.3183 THz  -0.0000  0.0000  0.4465 -0.0720 -0.0000  0.0000 -0.0000  0.0000  0.8805 -0.1419 -0.0000  0.0000
    2   4.6454 THz  -0.1463  0.0000 -0.0000  0.0000  0.1463  0.0000 -0.6918 -0.0000  0.0000  0.0000  0.6918  0.0000
    3   4.8318 THz   0.6866  0.0000 -0.0000  0.0000  0.6866  0.0000 -0.1690 -0.0000  0.0000 -0.0000 -0.1690  0.0000
    4   5.1761 THz  -0.0000  0.0000  0.8359  0.3111 -0.0000  0.0000 -0.0000 -0.0000 -0.4238 -0.1577 -0.0000 -0.0000
    5   6.1086 THz   0.6918  0.0000  0.0000 -0.0000 -0.6918 -0.0000 -0.1463 -0.0000 -0.0000  0.0000  0.1463 -0.0000


 Q=  0.000000 -0.175695  0.087847, q= -0.250000  0.250000 -0.500000

                       Na X   0        Na Y   0        Na Z   0        Cl X   1        Cl Y   1        Cl Z   1     
                    --------------- --------------- --------------- --------------- --------------- ---------------
    0   4.4914 THz   0.0000  0.0000  0.0000  0.0000 -0.0000  0.0000 -0.0000 -0.0000 -0.0000 -0.0000 -0.7635 -0.6458
    1   4.6708 THz  -0.2302  0.0000  0.0000  0.0000 -0.0000  0.0000 -0.9731  0.0000 -0.0000  0.0000  0.0000  0.0000
    2   4.6708 THz   0.0000  0.0000 -0.0210 -0.2292  0.0000 -0.0000  0.0000 -0.0000  0.0889  0.9691 -0.0000 -0.0000
    3   5.2377 THz   0.0000  0.0000 -0.0994 -0.9681  0.0000 -0.0000 -0.0000  0.0000 -0.0235 -0.2290  0.0000  0.0000
    4   5.2377 THz   0.9731  0.0000  0.0000  0.0000 -0.0000  0.0000 -0.2302  0.0000 -0.0000  0.0000  0.0000  0.0000
    5   5.4602 THz   0.0000  0.0000 -0.0000 -0.0000 -0.0710  0.9975  0.0000  0.0000  0.0000 -0.0000  0.0000 -0.0000


 Q=  0.043924 -0.131771  0.043924, q= -0.250000  0.250000 -0.250000

                       Na X   0        Na Y   0        Na Z   0        Cl X   1        Cl Y   1        Cl Z   1     
                    --------------- --------------- --------------- --------------- --------------- ---------------
    0   4.1591 THz   0.3270  0.0000 -0.0000 -0.0000 -0.3270 -0.0000  0.6270  0.0000 -0.0000 -0.0000 -0.6270 -0.0000
    1   4.4127 THz   0.1818  0.0000  0.1542  0.0000  0.1818  0.0000  0.5675  0.0000  0.5158  0.0000  0.5675  0.0000
    2   4.7700 THz   0.1510  0.0000 -0.0238 -0.0000  0.1510 -0.0000  0.3409  0.0000 -0.8494 -0.0000  0.3409  0.0000
    3   5.0401 THz   0.6270  0.0000  0.0000  0.0000 -0.6270  0.0000 -0.3270 -0.0000 -0.0000 -0.0000  0.3270 -0.0000
    4   5.0764 THz   0.4433  0.0000  0.7127 -0.0000  0.4433 -0.0000 -0.2208 -0.0000 -0.0396  0.0000 -0.2208  0.0000
    5   6.0801 THz   0.4977  0.0000 -0.6839 -0.0000  0.4977  0.0000 -0.1141 -0.0000  0.1046 -0.0000 -0.1141 -0.0000


 Q=  0.087847 -0.087847  0.000000, q= -0.250000  0.250000  0.000000

                       Na X   0        Na Y   0        Na Z   0        Cl X   1        Cl Y   1        Cl Z   1     
                    --------------- --------------- --------------- --------------- --------------- ---------------
    0   4.2001 THz   0.1690  0.0000  0.1690 -0.0000  0.0000  0.0000  0.6866  0.0000  0.6866  0.0000  0.0000 -0.0000
    1   4.3183 THz   0.0000  0.0000  0.0000  0.0000 -0.4517  0.0225  0.0000 -0.0000  0.0000 -0.0000 -0.8908  0.0443
    2   4.6454 THz  -0.1463  0.0000  0.1463 -0.0000  0.0000  0.0000 -0.6918  0.0000  0.6918 -0.0000 -0.0000  0.0000
    3   4.8318 THz  -0.6866  0.0000 -0.6866  0.0000  0.0000 -0.0000  0.1690  0.0000  0.1690  0.0000 -0.0000  0.0000
    4   5.1761 THz   0.0000  0.0000  0.0000  0.0000  0.8589 -0.2405 -0.0000  0.0000 -0.0000  0.0000 -0.4355  0.1219
    5   6.1086 THz   0.6918  0.0000 -0.6918  0.0000 -0.0000 -0.0000 -0.1463 -0.0000  0.1463  0.0000  0.0000  0.0000


 Q=  0.131771 -0.043924 -0.043924, q= -0.250000  0.250000  0.250000

                       Na X   0        Na Y   0        Na Z   0        Cl X   1        Cl Y   1        Cl Z   1     
                    --------------- --------------- --------------- --------------- --------------- ---------------
    0   4.1591 THz   0.0000  0.0000  0.3263  0.0199 -0.3263 -0.0199  0.0000  0.0000  0.6258  0.0382 -0.6258 -0.0382
    1   4.4127 THz   0.1542  0.0000  0.1818 -0.0000  0.1818  0.0000  0.5158  0.0000  0.5675  0.0000  0.5675  0.0000
    2   4.7700 THz  -0.0238  0.0000  0.1510  0.0000  0.1510  0.0000 -0.8494 -0.0000  0.3409  0.0000  0.3409  0.0000
    3   5.0401 THz  -0.0000  0.0000 -0.6270 -0.0034  0.6270  0.0034  0.0000 -0.0000  0.3270  0.0018 -0.3270 -0.0018
    4   5.0764 THz  -0.7127  0.0000 -0.4433 -0.0000 -0.4433 -0.0000  0.0396  0.0000  0.2208 -0.0000  0.2208 -0.0000
    5   6.0801 THz  -0.6839  0.0000  0.4977  0.0000  0.4977  0.0000  0.1046  0.0000 -0.1141 -0.0000 -0.1141  0.0000


 Q= -0.175695  0.000000  0.000000, q=  0.000000 -0.500000 -0.500000

                       Na X   0        Na Y   0        Na Z   0        Cl X   1        Cl Y   1        Cl Z   1     
                    --------------- --------------- --------------- --------------- --------------- ---------------
    0   4.0735 THz   0.0000  0.0000  0.5673 -0.0000 -0.0180  0.0000 -0.0000  0.0000  0.8229 -0.0000 -0.0261  0.0000
    1   4.0735 THz   0.0000  0.0000 -0.0180 -0.0000 -0.5673 -0.0000  0.0000  0.0000 -0.0261 -0.0000 -0.8229 -0.0000
    2   4.8614 THz  -0.3701  0.0000 -0.0000 -0.0000 -0.0000  0.0000 -0.9290 -0.0000 -0.0000  0.0000  0.0000 -0.0000
    3   5.2606 THz   0.0000  0.0000 -0.8231 -0.0000 -0.0180  0.0000 -0.0000 -0.0000  0.5674  0.0000  0.0124 -0.0000
    4   5.2606 THz   0.0000  0.0000 -0.0180 -0.0000  0.8231  0.0000 -0.0000 -0.0000  0.0124  0.0000 -0.5674 -0.0000
    5   5.5426 THz   0.9290  0.0000 -0.0000 -0.0000 -0.0000  0.0000 -0.3701 -0.0000 -0.0000  0.0000  0.0000 -0.0000


 Q= -0.131771  0.043924 -0.043924, q=  0.000000 -0.500000 -0.250000

                       Na X   0        Na Y   0        Na Z   0        Cl X   1        Cl Y   1        Cl Z   1     
                    --------------- --------------- --------------- --------------- --------------- ---------------
    0   4.1591 THz  -0.0000  0.0000 -0.3269  0.0021 -0.3269  0.0021 -0.0000 -0.0000 -0.6270  0.0040 -0.6270  0.0040
    1   4.4127 THz   0.1542  0.0000  0.1818  0.0000 -0.1818 -0.0000  0.5158 -0.0000  0.5675 -0.0000 -0.5675  0.0000
    2   4.7700 THz  -0.0238  0.0000  0.1510  0.0000 -0.1510 -0.0000 -0.8494 -0.0000  0.3409  0.0000 -0.3409 -0.0000
    3   5.0401 THz  -0.0000  0.0000 -0.6269  0.0084 -0.6269  0.0084  0.0000 -0.0000  0.3269 -0.0044  0.3269 -0.0044
    4   5.0764 THz   0.7127  0.0000  0.4433  0.0000 -0.4433  0.0000 -0.0396 -0.0000 -0.2208  0.0000  0.2208 -0.0000
    5   6.0801 THz  -0.6839  0.0000  0.4977 -0.0000 -0.4977  0.0000  0.1046  0.0000 -0.1141  0.0000  0.1141 -0.0000


 Q= -0.087847  0.087847 -0.087847, q=  0.000000 -0.500000  0.000000

                       Na X   0        Na Y   0        Na Z   0        Cl X   1        Cl Y   1        Cl Z   1     
                    --------------- --------------- --------------- --------------- --------------- ---------------
    0   4.2169 THz  -0.0000  0.0000 -0.0000  0.0000 -0.0000  0.0000 -0.1465  0.1545 -0.2684  0.7314 -0.1219  0.5769
    1   4.2169 THz  -0.0000  0.0000 -0.0000 -0.0000  0.0000 -0.0000 -0.6628  0.4267 -0.2382  0.0542  0.4246 -0.3725
    2   4.8166 THz  -0.0000  0.0000 -0.7071 -0.0000 -0.7071 -0.0000  0.0000 -0.0000  0.0000  0.0000  0.0000 -0.0000
    3   4.8166 THz  -0.8165  0.0000 -0.4082 -0.0000  0.4082  0.0000  0.0000  0.0000  0.0000 -0.0000 -0.0000  0.0000
    4   4.9719 THz   0.0000  0.0000 -0.0000 -0.0000 -0.0000  0.0000 -0.1248  0.5637  0.1248 -0.5637 -0.1248  0.5637
    5   6.2925 THz   0.5774  0.0000 -0.5774 -0.0000  0.5774  0.0000 -0.0000  0.0000  0.0000 -0.0000 -0.0000  0.0000


 Q= -0.043924  0.131771 -0.131771, q=  0.000000 -0.500000  0.250000

                       Na X   0        Na Y   0        Na Z   0        Cl X   1        Cl Y   1        Cl Z   1     
                    --------------- --------------- --------------- --------------- --------------- ---------------
    0   4.1591 THz   0.0000  0.0000  0.3269 -0.0021  0.3269 -0.0021 -0.0000  0.0000 -0.6270  0.0041 -0.6270  0.0041
    1   4.4127 THz   0.1542  0.0000  0.1818 -0.0000 -0.1818  0.0000 -0.5158  0.0000 -0.5675  0.0000  0.5675 -0.0000
    2   4.7700 THz   0.0238  0.0000 -0.1510  0.0000  0.1510 -0.0000 -0.8494  0.0000  0.3409 -0.0000 -0.3409  0.0000
    3   5.0401 THz  -0.0000  0.0000  0.6266  0.0230  0.6266  0.0230  0.0000  0.0000  0.3267  0.0120  0.3267  0.0120
    4   5.0764 THz   0.7127  0.0000  0.4433  0.0000 -0.4433  0.0000  0.0396 -0.0000  0.2208  0.0000 -0.2208  0.0000
    5   6.0801 THz  -0.6839  0.0000  0.4977  0.0000 -0.4977  0.0000 -0.1046  0.0000  0.1141 -0.0000 -0.1141 -0.0000


 Q= -0.131771 -0.043924  0.043924, q=  0.000000 -0.250000 -0.500000

                       Na X   0        Na Y   0        Na Z   0        Cl X   1        Cl Y   1        Cl Z   1     
                    --------------- --------------- --------------- --------------- --------------- ---------------
    0   4.1591 THz   0.0000  0.0000 -0.3267  0.0138 -0.3267  0.0138  0.0000 -0.0000 -0.6264  0.0264 -0.6264  0.0264
    1   4.4127 THz   0.1542  0.0000 -0.1818 -0.0000  0.1818 -0.0000  0.5158 -0.0000 -0.5675  0.0000  0.5675  0.0000
    2   4.7700 THz  -0.0238  0.0000 -0.1510  0.0000  0.1510 -0.0000 -0.8494  0.0000 -0.3409  0.0000  0.3409 -0.0000
    3   5.0401 THz  -0.0000  0.0000  0.6270 -0.0035  0.6270 -0.0035  0.0000  0.0000 -0.3270  0.0018 -0.3270  0.0018
    4   5.0764 THz  -0.7127  0.0000  0.4433  0.0000 -0.4433  0.0000  0.0396 -0.0000 -0.2208 -0.0000  0.2208  0.0000
    5   6.0801 THz   0.6839  0.0000  0.4977 -0.0000 -0.4977  0.0000 -0.1046  0.0000 -0.1141  0.0000  0.1141  0.0000


 Q= -0.087847  0.000000  0.000000, q=  0.000000 -0.250000 -0.250000

                       Na X   0        Na Y   0        Na Z   0        Cl X   1        Cl Y   1        Cl Z   1     
                    --------------- --------------- --------------- --------------- --------------- ---------------
    0   3.7977 THz   0.0000  0.0000  0.5410 -0.0186  0.1437 -0.0200 -0.0000  0.0000  0.7995 -0.0275  0.2124 -0.0296
    1   3.7977 THz   0.0000  0.0000  0.1401 -0.0379 -0.5049  0.1950  0.0000  0.0000  0.2070 -0.0561 -0.7462  0.2882
    2   4.2783 THz  -0.3035  0.0000  0.0000 -0.0000 -0.0000  0.0000 -0.9528  0.0000 -0.0000 -0.0000 -0.0000 -0.0000
    3   5.1412 THz   0.0000  0.0000 -0.8239 -0.0268 -0.0580  0.0551  0.0000 -0.0000  0.5575  0.0181  0.0392 -0.0373
    4   5.1412 THz   0.0000  0.0000 -0.0706 -0.0376  0.7867 -0.2461 -0.0000 -0.0000  0.0478  0.0255 -0.5323  0.1666
    5   5.7896 THz   0.9528  0.0000  0.0000 -0.0000 -0.0000  0.0000 -0.3035  0.0000 -0.0000 -0.0000 -0.0000 -0.0000


 Q= -0.043924  0.043924 -0.043924, q=  0.000000 -0.250000  0.000000

                       Na X   0        Na Y   0        Na Z   0        Cl X   1        Cl Y   1        Cl Z   1     
                    --------------- --------------- --------------- --------------- --------------- ---------------
    0   3.7989 THz   0.1064  0.0000 -0.3024  0.0060 -0.4087  0.0060  0.1750 -0.0000 -0.4973  0.0099 -0.6723  0.0099
    1   3.7989 THz  -0.4106  0.0000 -0.2974  0.0016  0.1132  0.0016 -0.6754  0.0000 -0.4892  0.0026  0.1862  0.0026
    2   4.2718 THz  -0.2379  0.0000  0.2379 -0.0000 -0.2379  0.0000 -0.5260  0.0000  0.5260 -0.0000 -0.5260  0.0000
    3   4.9707 THz  -0.2710  0.0000 -0.6922 -0.0034 -0.4213 -0.0034  0.1647 -0.0000  0.4209  0.0020  0.2561  0.0020
    4   4.9707 THz  -0.6429  0.0000 -0.0868  0.0014  0.5561  0.0014  0.3909 -0.0000  0.0528 -0.0009 -0.3381 -0.0009
    5   5.6889 THz   0.5260  0.0000 -0.5260 -0.0000  0.5260  0.0000 -0.2379  0.0000  0.2379 -0.0000 -0.2379  0.0000


 Q=  0.000000  0.087847 -0.087847, q=  0.000000 -0.250000  0.250000

                       Na X   0        Na Y   0        Na Z   0        Cl X   1        Cl Y   1        Cl Z   1     
                    --------------- --------------- --------------- --------------- --------------- ---------------
    0   4.2001 THz   0.0000  0.0000  0.0092 -0.1688  0.0092 -0.1688  0.0000  0.0000  0.0373 -0.6856  0.0373 -0.6856
    1   4.3183 THz  -0.4522  0.0000  0.0000 -0.0000 -0.0000  0.0000 -0.8919 -0.0000 -0.0000 -0.0000  0.0000  0.0000
    2   4.6454 THz   0.0000  0.0000  0.0115 -0.1458 -0.0115  0.1458  0.0000  0.0000  0.0546 -0.6896 -0.0546  0.6896
    3   4.8318 THz   0.0000  0.0000  0.3238  0.6055  0.3238  0.6055 -0.0000  0.0000 -0.0797 -0.1490 -0.0797 -0.1490
    4   5.1761 THz   0.8919  0.0000  0.0000 -0.0000 -0.0000  0.0000 -0.4522 -0.0000 -0.0000 -0.0000  0.0000  0.0000
    5   6.1086 THz   0.0000  0.0000  0.0103 -0.6917 -0.0103  0.6917  0.0000 -0.0000 -0.0022  0.1463  0.0022 -0.1463


 Q= -0.087847 -0.087847  0.087847, q=  0.000000  0.000000 -0.500000

                       Na X   0        Na Y   0        Na Z   0        Cl X   1        Cl Y   1        Cl Z   1     
                    --------------- --------------- --------------- --------------- --------------- ---------------
    0   4.2169 THz   0.0000  0.0000 -0.0000  0.0000  0.0000  0.0000  0.0705 -0.0998  0.0245  0.7465  0.0950  0.6467
    1   4.2169 THz  -0.0000  0.0000  0.0000  0.0000  0.0000  0.0000 -0.2881  0.7542  0.1789 -0.2772 -0.1092  0.4770
    2   4.8166 THz   0.4358  0.0000 -0.8159  0.0000 -0.3801  0.0000 -0.0000 -0.0000  0.0000 -0.0000  0.0000  0.0000
    3   4.8166 THz   0.6905  0.0000  0.0321 -0.0000  0.7226 -0.0000 -0.0000 -0.0000 -0.0000 -0.0000 -0.0000 -0.0000
    4   4.9719 THz   0.0000  0.0000 -0.0000  0.0000 -0.0000 -0.0000  0.0277  0.5767  0.0277  0.5767 -0.0277 -0.5767
    5   6.2925 THz   0.5774  0.0000  0.5774  0.0000 -0.5774 -0.0000 -0.0000  0.0000 -0.0000  0.0000  0.0000  0.0000


 Q= -0.043924 -0.043924  0.043924, q=  0.000000  0.000000 -0.250000

                       Na X   0        Na Y   0        Na Z   0        Cl X   1        Cl Y   1        Cl Z   1     
                    --------------- --------------- --------------- --------------- --------------- ---------------
    0   3.7989 THz   0.3459  0.0000 -0.3855  0.0004 -0.0396  0.0004  0.5690 -0.0000 -0.6341  0.0006 -0.0651  0.0006
    1   3.7989 THz   0.2454  0.0000  0.1769 -0.0005  0.4223 -0.0005  0.4037 -0.0000  0.2909 -0.0008  0.6946 -0.0008
    2   4.2718 THz  -0.2379  0.0000 -0.2379  0.0000  0.2379 -0.0000 -0.5260  0.0000 -0.5260  0.0000  0.5260 -0.0000
    3   4.9707 THz   0.6450  0.0000 -0.5528  0.0008  0.0923  0.0008 -0.3922  0.0000  0.3361 -0.0005 -0.0561 -0.0005
    4   4.9707 THz  -0.2659  0.0000 -0.4257  0.0020 -0.6915  0.0020  0.1616 -0.0000  0.2588 -0.0012  0.4204 -0.0012
    5   5.6889 THz   0.5260  0.0000  0.5260 -0.0000 -0.5260  0.0000 -0.2379  0.0000 -0.2379  0.0000  0.2379  0.0000


 Q=  0.000000  0.000000  0.000000, q=  0.000000  0.000000  0.000000

                       Na X   0        Na Y   0        Na Z   0        Cl X   1        Cl Y   1        Cl Z   1     
                    --------------- --------------- --------------- --------------- --------------- ---------------
    0  -0.0000 THz   0.0000  0.0000 -0.6251  0.0000  0.0509  0.0000  0.0000  0.0000 -0.7763  0.0000  0.0632  0.0000
    1  -0.0000 THz   0.0000  0.0000  0.0509  0.0000  0.6251  0.0000 -0.0000  0.0000  0.0632  0.0000  0.7763  0.0000
    2  -0.0000 THz  -0.6272  0.0000  0.0000  0.0000 -0.0000  0.0000 -0.7789  0.0000 -0.0000  0.0000 -0.0000  0.0000
    3   5.0364 THz   0.7789  0.0000  0.0000  0.0000 -0.0000  0.0000 -0.6272  0.0000 -0.0000  0.0000 -0.0000  0.0000
    4   5.0364 THz   0.0000  0.0000 -0.0798  0.0000  0.7748  0.0000 -0.0000  0.0000  0.0643  0.0000 -0.6239  0.0000
    5   5.0364 THz   0.0000  0.0000 -0.7748  0.0000 -0.0798  0.0000 -0.0000  0.0000  0.6239  0.0000  0.0643  0.0000


 Q=  0.043924  0.043924 -0.043924, q=  0.000000  0.000000  0.250000

                       Na X   0        Na Y   0        Na Z   0        Cl X   1        Cl Y   1        Cl Z   1     
                    --------------- --------------- --------------- --------------- --------------- ---------------
    0   3.7989 THz   0.3459  0.0000 -0.3855 -0.0004 -0.0396 -0.0004  0.5690  0.0000 -0.6341 -0.0006 -0.0651 -0.0006
    1   3.7989 THz   0.2454  0.0000  0.1769  0.0005  0.4223  0.0005  0.4037  0.0000  0.2909  0.0008  0.6946  0.0008
    2   4.2718 THz  -0.2379  0.0000 -0.2379 -0.0000  0.2379  0.0000 -0.5260 -0.0000 -0.5260 -0.0000  0.5260  0.0000
    3   4.9707 THz   0.6450  0.0000 -0.5528 -0.0008  0.0923 -0.0008 -0.3922 -0.0000  0.3361  0.0005 -0.0561  0.0005
    4   4.9707 THz  -0.2659  0.0000 -0.4257 -0.0020 -0.6915 -0.0020  0.1616  0.0000  0.2588  0.0012  0.4204  0.0012
    5   5.6889 THz   0.5260  0.0000  0.5260  0.0000 -0.5260 -0.0000 -0.2379 -0.0000 -0.2379 -0.0000  0.2379 -0.0000


 Q= -0.043924 -0.131771  0.131771, q=  0.000000  0.250000 -0.500000

                       Na X   0        Na Y   0        Na Z   0        Cl X   1        Cl Y   1        Cl Z   1     
                    --------------- --------------- --------------- --------------- --------------- ---------------
    0   4.1591 THz  -0.0000  0.0000  0.3270 -0.0019  0.3270 -0.0019  0.0000 -0.0000 -0.6270  0.0036 -0.6270  0.0036
    1   4.4127 THz   0.1542  0.0000 -0.1818 -0.0000  0.1818  0.0000 -0.5158  0.0000  0.5675 -0.0000 -0.5675  0.0000
    2   4.7700 THz   0.0238  0.0000  0.1510  0.0000 -0.1510 -0.0000 -0.8494 -0.0000 -0.3409 -0.0000  0.3409  0.0000
    3   5.0401 THz  -0.0000  0.0000  0.6269 -0.0076  0.6269 -0.0076 -0.0000  0.0000  0.3269 -0.0039  0.3269 -0.0039
    4   5.0764 THz  -0.7127  0.0000  0.4433  0.0000 -0.4433  0.0000 -0.0396 -0.0000  0.2208 -0.0000 -0.2208  0.0000
    5   6.0801 THz   0.6839  0.0000  0.4977  0.0000 -0.4977 -0.0000  0.1046  0.0000  0.1141 -0.0000 -0.1141  0.0000


 Q=  0.000000 -0.087847  0.087847, q=  0.000000  0.250000 -0.250000

                       Na X   0        Na Y   0        Na Z   0        Cl X   1        Cl Y   1        Cl Z   1     
                    --------------- --------------- --------------- --------------- --------------- ---------------
    0   4.2001 THz   0.0000  0.0000  0.0092  0.1688  0.0092  0.1688  0.0000 -0.0000  0.0373  0.6856  0.0373  0.6856
    1   4.3183 THz  -0.4522  0.0000  0.0000  0.0000 -0.0000 -0.0000 -0.8919  0.0000 -0.0000  0.0000  0.0000 -0.0000
    2   4.6454 THz   0.0000  0.0000  0.0115  0.1458 -0.0115 -0.1458  0.0000 -0.0000  0.0546  0.6896 -0.0546 -0.6896
    3   4.8318 THz   0.0000  0.0000  0.3238 -0.6055  0.3238 -0.6055 -0.0000 -0.0000 -0.0797  0.1490 -0.0797  0.1490
    4   5.1761 THz   0.8919  0.0000  0.0000  0.0000 -0.0000 -0.0000 -0.4522  0.0000 -0.0000  0.0000  0.0000 -0.0000
    5   6.1086 THz   0.0000  0.0000  0.0103  0.6917 -0.0103 -0.6917  0.0000  0.0000 -0.0022 -0.1463  0.0022  0.1463


 Q=  0.043924 -0.043924  0.043924, q=  0.000000  0.250000  0.000000

                       Na X   0        Na Y   0        Na Z   0        Cl X   1        Cl Y   1        Cl Z   1     
                    --------------- --------------- --------------- --------------- --------------- ---------------
    0   3.7989 THz   0.1064  0.0000 -0.3024 -0.0060 -0.4087 -0.0060  0.1750  0.0000 -0.4973 -0.0099 -0.6723 -0.0099
    1   3.7989 THz  -0.4106  0.0000 -0.2974 -0.0016  0.1132 -0.0016 -0.6754 -0.0000 -0.4892 -0.0026  0.1862 -0.0026
    2   4.2718 THz  -0.2379  0.0000  0.2379  0.0000 -0.2379 -0.0000 -0.5260 -0.0000  0.5260  0.0000 -0.5260 -0.0000
    3   4.9707 THz  -0.2710  0.0000 -0.6922  0.0034 -0.4213  0.0034  0.1647  0.0000  0.4209 -0.0020  0.2561 -0.0020
    4   4.9707 THz  -0.6429  0.0000 -0.0868 -0.0014  0.5561 -0.0014  0.3909  0.0000  0.0528  0.0009 -0.3381  0.0009
    5   5.6889 THz   0.5260  0.0000 -0.5260  0.0000  0.5260 -0.0000 -0.2379 -0.0000  0.2379  0.0000 -0.2379 -0.0000


 Q=  0.087847  0.000000  0.000000, q=  0.000000  0.250000  0.250000

                       Na X   0        Na Y   0        Na Z   0        Cl X   1        Cl Y   1        Cl Z   1     
                    --------------- --------------- --------------- --------------- --------------- ---------------
    0   3.7977 THz   0.0000  0.0000  0.5410  0.0186  0.1437  0.0200 -0.0000 -0.0000  0.7995  0.0275  0.2124  0.0296
    1   3.7977 THz   0.0000  0.0000  0.1401  0.0379 -0.5049 -0.1950  0.0000 -0.0000  0.2070  0.0561 -0.7462 -0.2882
    2   4.2783 THz  -0.3035  0.0000  0.0000  0.0000 -0.0000 -0.0000 -0.9528 -0.0000 -0.0000  0.0000 -0.0000  0.0000
    3   5.1412 THz   0.0000  0.0000 -0.8239  0.0268 -0.0580 -0.0551  0.0000  0.0000  0.5575 -0.0181  0.0392  0.0373
    4   5.1412 THz   0.0000  0.0000 -0.0706  0.0376  0.7867  0.2461 -0.0000  0.0000  0.0478 -0.0255 -0.5323 -0.1666
    5   5.7896 THz   0.9528  0.0000  0.0000  0.0000 -0.0000 -0.0000 -0.3035 -0.0000 -0.0000  0.0000 -0.0000  0.0000


 Q= -0.219618  0.043924  0.043924, q=  0.250000 -0.500000 -0.500000

                       Na X   0        Na Y   0        Na Z   0        Cl X   1        Cl Y   1        Cl Z   1     
                    --------------- --------------- --------------- --------------- --------------- ---------------
    0   4.1591 THz  -0.0000  0.0000  0.3269 -0.0023 -0.3269  0.0023 -0.0000  0.0000  0.6270 -0.0044 -0.6270  0.0044
    1   4.4127 THz   0.1542  0.0000 -0.1818 -0.0000 -0.1818  0.0000  0.5158 -0.0000 -0.5675  0.0000 -0.5675  0.0000
    2   4.7700 THz  -0.0238  0.0000 -0.1510 -0.0000 -0.1510  0.0000 -0.8494  0.0000 -0.3409  0.0000 -0.3409  0.0000
    3   5.0401 THz   0.0000  0.0000 -0.6264 -0.0275  0.6264  0.0275  0.0000 -0.0000  0.3266  0.0144 -0.3266 -0.0144
    4   5.0764 THz   0.7127  0.0000 -0.4433  0.0000 -0.4433 -0.0000 -0.0396  0.0000  0.2208 -0.0000  0.2208  0.0000
    5   6.0801 THz   0.6839  0.0000  0.4977  0.0000  0.4977  0.0000 -0.1046  0.0000 -0.1141  0.0000 -0.1141  0.0000


 Q= -0.175695  0.087847  0.000000, q=  0.250000 -0.500000 -0.250000

                       Na X   0        Na Y   0        Na Z   0        Cl X   1        Cl Y   1        Cl Z   1     
                    --------------- --------------- --------------- --------------- --------------- ---------------
    0   4.4914 THz   0.0000  0.0000  0.0000  0.0000 -0.0000  0.0000 -0.0000 -0.0000  0.9737  0.2278 -0.0000  0.0000
    1   4.6708 THz  -0.2302  0.0000 -0.0000 -0.0000  0.0000 -0.0000  0.9731  0.0000  0.0000  0.0000 -0.0000 -0.0000
    2   4.6708 THz   0.0000  0.0000  0.0000 -0.0000 -0.2143  0.0841  0.0000  0.0000 -0.0000 -0.0000 -0.9059  0.3554
    3   5.2377 THz   0.0000  0.0000 -0.0000 -0.0000  0.9464 -0.2267 -0.0000  0.0000  0.0000  0.0000 -0.2239  0.0536
    4   5.2377 THz   0.9731  0.0000 -0.0000 -0.0000  0.0000 -0.0000  0.2302  0.0000  0.0000  0.0000 -0.0000 -0.0000
    5   5.4602 THz   0.0000  0.0000  0.9749  0.2225  0.0000 -0.0000  0.0000  0.0000 -0.0000  0.0000 -0.0000  0.0000


 Q= -0.131771  0.131771 -0.043924, q=  0.250000 -0.500000  0.000000

                       Na X   0        Na Y   0        Na Z   0        Cl X   1        Cl Y   1        Cl Z   1     
                    --------------- --------------- --------------- --------------- --------------- ---------------
    0   4.1591 THz   0.3270  0.0000  0.3270 -0.0000  0.0000 -0.0000 -0.6270 -0.0000 -0.6270 -0.0000 -0.0000  0.0000
    1   4.4127 THz  -0.1818  0.0000  0.1818 -0.0000  0.1542 -0.0000  0.5675  0.0000 -0.5675 -0.0000 -0.5158 -0.0000
    2   4.7700 THz   0.1510  0.0000 -0.1510 -0.0000  0.0238 -0.0000 -0.3409  0.0000  0.3409 -0.0000 -0.8494 -0.0000
    3   5.0401 THz   0.6270  0.0000  0.6270 -0.0000  0.0000 -0.0000  0.3270  0.0000  0.3270 -0.0000  0.0000  0.0000
    4   5.0764 THz  -0.4433  0.0000  0.4433 -0.0000  0.7127 -0.0000 -0.2208  0.0000  0.2208 -0.0000  0.0396  0.0000
    5   6.0801 THz  -0.4977  0.0000  0.4977 -0.0000 -0.6839  0.0000 -0.1141 -0.0000  0.1141  0.0000 -0.1046 -0.0000


 Q= -0.087847  0.175695 -0.087847, q=  0.250000 -0.500000  0.250000

                       Na X   0        Na Y   0        Na Z   0        Cl X   1        Cl Y   1        Cl Z   1     
                    --------------- --------------- --------------- --------------- --------------- ---------------
    0   4.2001 THz   0.1690  0.0000  0.0000 -0.0000 -0.1690  0.0000 -0.6866  0.0000 -0.0000  0.0000  0.6866 -0.0000
    1   4.3183 THz   0.0000  0.0000  0.4521  0.0117 -0.0000 -0.0000 -0.0000  0.0000 -0.8916 -0.0231 -0.0000 -0.0000
    2   4.6454 THz   0.1463  0.0000  0.0000 -0.0000  0.1463 -0.0000 -0.6918  0.0000  0.0000  0.0000 -0.6918  0.0000
    3   4.8318 THz  -0.6866  0.0000 -0.0000 -0.0000  0.6866 -0.0000 -0.1690  0.0000 -0.0000 -0.0000  0.1690  0.0000
    4   5.1761 THz   0.0000  0.0000 -0.8919  0.0033 -0.0000  0.0000 -0.0000  0.0000 -0.4522  0.0017 -0.0000  0.0000
    5   6.1086 THz   0.6918  0.0000  0.0000 -0.0000  0.6918 -0.0000  0.1463 -0.0000  0.0000 -0.0000  0.1463  0.0000


 Q= -0.175695  0.000000  0.087847, q=  0.250000 -0.250000 -0.500000

                       Na X   0        Na Y   0        Na Z   0        Cl X   1        Cl Y   1        Cl Z   1     
                    --------------- --------------- --------------- --------------- --------------- ---------------
    0   4.4914 THz   0.0000  0.0000  0.0000  0.0000  0.0000  0.0000 -0.0000 -0.0000 -0.0000  0.0000 -0.9941 -0.1081
    1   4.6708 THz   0.1040  0.0000 -0.2054 -0.0010 -0.0000 -0.0000 -0.4395 -0.0000 -0.8682 -0.0042  0.0000  0.0000
    2   4.6708 THz  -0.2054  0.0000 -0.1040 -0.0005 -0.0000 -0.0000  0.8682  0.0000 -0.4395 -0.0021 -0.0000  0.0000
    3   5.2377 THz   0.9731  0.0000 -0.0000 -0.0000 -0.0000 -0.0000  0.2302  0.0000  0.0000  0.0000  0.0000  0.0000
    4   5.2377 THz   0.0000  0.0000  0.9731  0.0038 -0.0000 -0.0000 -0.0000 -0.0000 -0.2302 -0.0009  0.0000  0.0000
    5   5.4602 THz   0.0000  0.0000  0.0000  0.0000  0.9292  0.3695  0.0000  0.0000 -0.0000 -0.0000  0.0000 -0.0000


 Q= -0.131771  0.043924  0.043924, q=  0.250000 -0.250000 -0.250000

                       Na X   0        Na Y   0        Na Z   0        Cl X   1        Cl Y   1        Cl Z   1     
                    --------------- --------------- --------------- --------------- --------------- ---------------
    0   4.1591 THz   0.0000  0.0000  0.3263 -0.0199 -0.3263  0.0199  0.0000 -0.0000  0.6258 -0.0382 -0.6258  0.0382
    1   4.4127 THz   0.1542  0.0000  0.1818  0.0000  0.1818 -0.0000  0.5158 -0.0000  0.5675 -0.0000  0.5675 -0.0000
    2   4.7700 THz  -0.0238  0.0000  0.1510 -0.0000  0.1510 -0.0000 -0.8494  0.0000  0.3409 -0.0000  0.3409 -0.0000
    3   5.0401 THz  -0.0000  0.0000 -0.6270  0.0034  0.6270 -0.0034  0.0000  0.0000  0.3270 -0.0018 -0.3270  0.0018
    4   5.0764 THz  -0.7127  0.0000 -0.4433  0.0000 -0.4433  0.0000  0.0396 -0.0000  0.2208  0.0000  0.2208  0.0000
    5   6.0801 THz  -0.6839  0.0000  0.4977 -0.0000  0.4977 -0.0000  0.1046 -0.0000 -0.1141  0.0000 -0.1141 -0.0000


 Q= -0.087847  0.087847  0.000000, q=  0.250000 -0.250000  0.000000

                       Na X   0        Na Y   0        Na Z   0        Cl X   1        Cl Y   1        Cl Z   1     
                    --------------- --------------- --------------- --------------- --------------- ---------------
    0   4.2001 THz   0.1690  0.0000  0.1690  0.0000  0.0000 -0.0000  0.6866 -0.0000  0.6866 -0.0000  0.0000  0.0000
    1   4.3183 THz   0.0000  0.0000  0.0000 -0.0000 -0.4517 -0.0225  0.0000  0.0000  0.0000  0.0000 -0.8908 -0.0443
    2   4.6454 THz  -0.1463  0.0000  0.1463  0.0000  0.0000 -0.0000 -0.6918 -0.0000  0.6918  0.0000 -0.0000 -0.0000
    3   4.8318 THz  -0.6866  0.0000 -0.6866 -0.0000  0.0000  0.0000  0.1690 -0.0000  0.1690 -0.0000 -0.0000 -0.0000
    4   5.1761 THz   0.0000  0.0000  0.0000 -0.0000  0.8589  0.2405 -0.0000 -0.0000 -0.0000 -0.0000 -0.4355 -0.1219
    5   6.1086 THz   0.6918  0.0000 -0.6918 -0.0000 -0.0000  0.0000 -0.1463  0.0000  0.1463 -0.0000  0.0000 -0.0000


 Q= -0.043924  0.131771 -0.043924, q=  0.250000 -0.250000  0.250000

                       Na X   0        Na Y   0        Na Z   0        Cl X   1        Cl Y   1        Cl Z   1     
                    --------------- --------------- --------------- --------------- --------------- ---------------
    0   4.1591 THz   0.3270  0.0000 -0.0000  0.0000 -0.3270  0.0000  0.6270 -0.0000 -0.0000  0.0000 -0.6270  0.0000
    1   4.4127 THz   0.1818  0.0000  0.1542 -0.0000  0.1818 -0.0000  0.5675 -0.0000  0.5158 -0.0000  0.5675 -0.0000
    2   4.7700 THz   0.1510  0.0000 -0.0238  0.0000  0.1510  0.0000  0.3409 -0.0000 -0.8494  0.0000  0.3409 -0.0000
    3   5.0401 THz   0.6270  0.0000  0.0000 -0.0000 -0.6270 -0.0000 -0.3270  0.0000 -0.0000  0.0000  0.3270  0.0000
    4   5.0764 THz   0.4433  0.0000  0.7127  0.0000  0.4433  0.0000 -0.2208  0.0000 -0.0396 -0.0000 -0.2208 -0.0000
    5   6.0801 THz   0.4977  0.0000 -0.6839  0.0000  0.4977 -0.0000 -0.1141  0.0000  0.1046  0.0000 -0.1141  0.0000


 Q= -0.131771 -0.043924  0.131771, q=  0.250000  0.000000 -0.500000

                       Na X   0        Na Y   0        Na Z   0        Cl X   1        Cl Y   1        Cl Z   1     
                    --------------- --------------- --------------- --------------- --------------- ---------------
    0   4.1591 THz  -0.3270  0.0000  0.0000 -0.0000 -0.3270 -0.0000  0.6270  0.0000  0.0000 -0.0000  0.6270 -0.0000
    1   4.4127 THz  -0.1818  0.0000  0.1542  0.0000  0.1818  0.0000  0.5675  0.0000 -0.5158 -0.0000 -0.5675 -0.0000
    2   4.7700 THz   0.1510  0.0000  0.0238  0.0000 -0.1510 -0.0000 -0.3409 -0.0000 -0.8494 -0.0000  0.3409  0.0000
    3   5.0401 THz   0.6270  0.0000 -0.0000  0.0000  0.6270  0.0000  0.3270  0.0000 -0.0000  0.0000  0.3270  0.0000
    4   5.0764 THz   0.4433  0.0000 -0.7127 -0.0000 -0.4433 -0.0000  0.2208  0.0000 -0.0396 -0.0000 -0.2208 -0.0000
    5   6.0801 THz  -0.4977  0.0000 -0.6839  0.0000  0.4977 -0.0000 -0.1141 -0.0000 -0.1046  0.0000  0.1141 -0.0000


 Q= -0.087847  0.000000  0.087847, q=  0.250000  0.000000 -0.250000

                       Na X   0        Na Y   0        Na Z   0        Cl X   1        Cl Y   1        Cl Z   1     
                    --------------- --------------- --------------- --------------- --------------- ---------------
    0   4.2001 THz   0.1690  0.0000  0.0000  0.0000  0.1690 -0.0000  0.6866  0.0000  0.0000  0.0000  0.6866  0.0000
    1   4.3183 THz  -0.0000  0.0000  0.4465  0.0720 -0.0000 -0.0000 -0.0000 -0.0000  0.8805  0.1419 -0.0000 -0.0000
    2   4.6454 THz  -0.1463  0.0000 -0.0000 -0.0000  0.1463 -0.0000 -0.6918  0.0000  0.0000 -0.0000  0.6918 -0.0000
    3   4.8318 THz   0.6866  0.0000 -0.0000 -0.0000  0.6866 -0.0000 -0.1690  0.0000  0.0000  0.0000 -0.1690 -0.0000
    4   5.1761 THz  -0.0000  0.0000  0.8359 -0.3111 -0.0000 -0.0000 -0.0000  0.0000 -0.4238  0.1577 -0.0000  0.0000
    5   6.1086 THz   0.6918  0.0000  0.0000  0.0000 -0.6918  0.0000 -0.1463  0.0000 -0.0000 -0.0000  0.1463  0.0000


 Q= -0.043924  0.043924  0.043924, q=  0.250000  0.000000  0.000000

                       Na X   0        Na Y   0        Na Z   0        Cl X   1        Cl Y   1        Cl Z   1     
                    --------------- --------------- --------------- --------------- --------------- ---------------
    0   3.7989 THz  -0.4242  0.0000 -0.2121  0.0000 -0.2121 -0.0000 -0.6977 -0.0000 -0.3488  0.0000 -0.3488 -0.0000
    1   3.7989 THz  -0.0000  0.0000 -0.3673 -0.0031  0.3673  0.0031 -0.0000  0.0000 -0.6042 -0.0050  0.6042  0.0050
    2   4.2718 THz  -0.2379  0.0000  0.2379  0.0000  0.2379 -0.0000 -0.5260 -0.0000  0.5260 -0.0000  0.5260  0.0000
    3   4.9707 THz   0.5052  0.0000  0.6693 -0.0026 -0.1640  0.0026 -0.3072 -0.0000 -0.4069  0.0016  0.0997 -0.0016
    4   4.9707 THz  -0.4811 -0.0000  0.1970 -0.0028 -0.6781  0.0028  0.2925 -0.0000 -0.1198  0.0017  0.4123 -0.0017
    5   5.6889 THz   0.5260  0.0000 -0.5260 -0.0000 -0.5260  0.0000 -0.2379 -0.0000  0.2379 -0.0000  0.2379  0.0000


 Q=  0.000000  0.087847  0.000000, q=  0.250000  0.000000  0.250000

                       Na X   0        Na Y   0        Na Z   0        Cl X   1        Cl Y   1        Cl Z   1     
                    --------------- --------------- --------------- --------------- --------------- ---------------
    0   3.7977 THz   0.0000  0.0000 -0.0000 -0.0000 -0.4354  0.3528  0.0000  0.0000 -0.0000 -0.0000 -0.6434  0.5215
    1   3.7977 THz  -0.5604  0.0000  0.0000 -0.0000 -0.0000  0.0000 -0.8282  0.0000  0.0000 -0.0000  0.0000 -0.0000
    2   4.2783 THz   0.0000  0.0000  0.0192 -0.3029  0.0000  0.0000  0.0000  0.0000  0.0603 -0.9509  0.0000  0.0000
    3   5.1412 THz   0.8282  0.0000  0.0000 -0.0000 -0.0000  0.0000 -0.5604  0.0000  0.0000 -0.0000  0.0000 -0.0000
    4   5.1412 THz   0.0000  0.0000  0.0000  0.0000 -0.8185  0.1263  0.0000  0.0000  0.0000 -0.0000  0.5538 -0.0854
    5   5.7896 THz   0.0000  0.0000  0.1416 -0.9422 -0.0000  0.0000  0.0000  0.0000 -0.0451  0.3001  0.0000  0.0000


 Q= -0.087847 -0.087847  0.175695, q=  0.250000  0.250000 -0.500000

                       Na X   0        Na Y   0        Na Z   0        Cl X   1        Cl Y   1        Cl Z   1     
                    --------------- --------------- --------------- --------------- --------------- ---------------
    0   4.2001 THz  -0.1690  0.0000  0.1690  0.0000 -0.0000  0.0000  0.6866 -0.0000 -0.6866  0.0000  0.0000 -0.0000
    1   4.3183 THz  -0.0000  0.0000  0.0000 -0.0000  0.4096 -0.1916  0.0000  0.0000 -0.0000  0.0000 -0.8079  0.3779
    2   4.6454 THz   0.1463  0.0000  0.1463  0.0000  0.0000 -0.0000 -0.6918 -0.0000 -0.6918 -0.0000  0.0000  0.0000
    3   4.8318 THz   0.6866  0.0000 -0.6866 -0.0000 -0.0000  0.0000  0.1690  0.0000 -0.1690  0.0000 -0.0000  0.0000
    4   5.1761 THz  -0.0000  0.0000  0.0000  0.0000 -0.8894  0.0662 -0.0000  0.0000 -0.0000  0.0000 -0.4510  0.0336
    5   6.1086 THz   0.6918  0.0000  0.6918  0.0000 -0.0000 -0.0000  0.1463 -0.0000  0.1463 -0.0000 -0.0000 -0.0000


 Q= -0.043924 -0.043924  0.131771, q=  0.250000  0.250000 -0.250000

                       Na X   0        Na Y   0        Na Z   0        Cl X   1        Cl Y   1        Cl Z   1     
                    --------------- --------------- --------------- --------------- --------------- ---------------
    0   4.1591 THz  -0.3270  0.0000  0.3270 -0.0000  0.0000 -0.0000 -0.6270  0.0000  0.6270 -0.0000  0.0000  0.0000
    1   4.4127 THz   0.1818  0.0000  0.1818 -0.0000  0.1542 -0.0000  0.5675 -0.0000  0.5675  0.0000  0.5158  0.0000
    2   4.7700 THz   0.1510  0.0000  0.1510 -0.0000 -0.0238  0.0000  0.3409 -0.0000  0.3409 -0.0000 -0.8494  0.0000
    3   5.0401 THz   0.6270  0.0000 -0.6270  0.0000 -0.0000 -0.0000 -0.3270  0.0000  0.3270  0.0000 -0.0000 -0.0000
    4   5.0764 THz  -0.4433  0.0000 -0.4433 -0.0000 -0.7127  0.0000  0.2208 -0.0000  0.2208 -0.0000  0.0396  0.0000
    5   6.0801 THz   0.4977  0.0000  0.4977 -0.0000 -0.6839  0.0000 -0.1141  0.0000 -0.1141 -0.0000  0.1046  0.0000


 Q=  0.000000  0.000000  0.087847, q=  0.250000  0.250000  0.000000

                       Na X   0        Na Y   0        Na Z   0        Cl X   1        Cl Y   1        Cl Z   1     
                    --------------- --------------- --------------- --------------- --------------- ---------------
    0   3.7977 THz   0.0000  0.0000 -0.5602 -0.0165 -0.0000  0.0000  0.0000 -0.0000 -0.8279 -0.0243 -0.0000  0.0000
    1   3.7977 THz  -0.5604  0.0000  0.0000  0.0000 -0.0000  0.0000 -0.8282  0.0000  0.0000  0.0000 -0.0000 -0.0000
    2   4.2783 THz   0.0000  0.0000 -0.0000  0.0000  0.2042 -0.2245  0.0000 -0.0000 -0.0000 -0.0000  0.6411 -0.7049
    3   5.1412 THz   0.0000  0.0000  0.6009 -0.5700  0.0000 -0.0000 -0.0000  0.0000 -0.4066  0.3857  0.0000 -0.0000
    4   5.1412 THz   0.8282  0.0000  0.0000  0.0000 -0.0000  0.0000 -0.5604  0.0000  0.0000  0.0000 -0.0000 -0.0000
    5   5.7896 THz   0.0000  0.0000  0.0000  0.0000 -0.0820 -0.9493 -0.0000  0.0000 -0.0000 -0.0000  0.0261  0.3024


 Q=  0.043924  0.043924  0.043924, q=  0.250000  0.250000  0.250000

                       Na X   0        Na Y   0        Na Z   0        Cl X   1        Cl Y   1        Cl Z   1     
                    --------------- --------------- --------------- --------------- --------------- ---------------
    0   3.7989 THz  -0.2039  0.0000  0.4240 -0.0044 -0.2201  0.0044 -0.3354  0.0000  0.6975 -0.0072 -0.3621  0.0072
    1   3.7989 THz  -0.3719 -0.0000  0.0094  0.0024  0.3625 -0.0024 -0.6118  0.0000  0.0155  0.0039  0.5963 -0.0039
    2   4.2718 THz  -0.2379  0.0000 -0.2379 -0.0000 -0.2379  0.0000 -0.5260  0.0000 -0.5260  0.0000 -0.5260  0.0000
    3   4.9707 THz  -0.6803  0.0000  0.4743 -0.0005  0.2060  0.0005  0.4136 -0.0000 -0.2883  0.0003 -0.1253 -0.0003
    4   4.9707 THz   0.1549  0.0000  0.5117 -0.0023 -0.6666  0.0023 -0.0942  0.0000 -0.3111  0.0014  0.4053 -0.0014
    5   5.6889 THz   0.5260  0.0000  0.5260 -0.0000  0.5260 -0.0000 -0.2379  0.0000 -0.2379  0.0000 -0.2379 -0.0000
