
Used Primitive lattice vector

   -2.084129000000     -2.084129000000      0.000000000000  
   -2.084129000000      0.000000000000     -2.084129000000  
    0.000000000000     -2.084129000000     -2.084129000000  

   1 Atom(s) in the Primitive cell

 0.0000000000 0.0000000000 0.0000000000 Al    0


 Q=  0.119954  0.119954  0.119954, q= -0.500000 -0.500000 -0.500000

                       Al X   0        Al Y   0        Al Z   0     
                    --------------- --------------- ---------------
    0   3.4282 THz   0.5132  0.0000  0.2934  0.0000 -0.8066 -0.0000
    1   3.4282 THz   0.6350  0.0000 -0.7620 -0.0000  0.1269  0.0000
    2   6.3512 THz   0.5774  0.0000  0.5774  0.0000  0.5774 -0.0000


 Q=  0.179931  0.059977  0.059977, q= -0.500000 -0.500000 -0.250000

                       Al X   0        Al Y   0        Al Z   0     
                    --------------- --------------- ---------------
    0   4.2093 THz   0.0000  0.0000  0.7071 -0.0063 -0.7071  0.0063
    1   5.4835 THz   0.5259  0.0000 -0.6014 -0.0000 -0.6014 -0.0000
    2   7.2468 THz   0.8506  0.0000  0.3718  0.0000  0.3718  0.0000


 Q=  0.239908  0.000000  0.000000, q= -0.500000 -0.500000  0.000000

                       Al X   0        Al Y   0        Al Z   0     
                    --------------- --------------- ---------------
    0   4.5122 THz   0.0000  0.0000 -0.0403 -0.0000  0.9992  0.0000
    1   4.5122 THz   0.0000  0.0000 -0.9992  0.0000 -0.0403  0.0000
    2   8.8173 THz   1.0000  0.0000  0.0000  0.0000  0.0000  0.0000


 Q=  0.299885 -0.059977 -0.059977, q= -0.500000 -0.500000  0.250000

                       Al X   0        Al Y   0        Al Z   0     
                    --------------- --------------- ---------------
    0   4.2093 THz   0.0000  0.0000  0.7071  0.0063 -0.7071 -0.0063
    1   5.4835 THz   0.5259  0.0000 -0.6014  0.0000 -0.6014  0.0000
    2   7.2468 THz   0.8506  0.0000  0.3718 -0.0000  0.3718 -0.0000


 Q=  0.059977  0.179931  0.059977, q= -0.500000 -0.250000 -0.500000

                       Al X   0        Al Y   0        Al Z   0     
                    --------------- --------------- ---------------
    0   4.2093 THz  -0.7071  0.0000 -0.0000  0.0000  0.7071 -0.0000
    1   5.4835 THz   0.6014  0.0000 -0.5259 -0.0000  0.6014 -0.0000
    2   7.2468 THz   0.3718  0.0000  0.8506  0.0000  0.3718 -0.0000


 Q=  0.119954  0.119954  0.000000, q= -0.500000 -0.250000 -0.250000

                       Al X   0        Al Y   0        Al Z   0     
                    --------------- --------------- ---------------
    0   3.8430 THz   0.7071  0.0000 -0.7071  0.0000 -0.0000 -0.0000
    1   4.5120 THz   0.0000  0.0000  0.0000  0.0000 -0.9787 -0.2052
    2   6.7297 THz  -0.7071  0.0000 -0.7071  0.0000 -0.0000 -0.0000


 Q=  0.179931  0.059977 -0.059977, q= -0.500000 -0.250000  0.000000

                       Al X   0        Al Y   0        Al Z   0     
                    --------------- --------------- ---------------
    0   4.2093 THz   0.0000  0.0000 -0.7045  0.0606 -0.7045  0.0606
    1   5.4835 THz   0.5259  0.0000 -0.6014 -0.0000  0.6014 -0.0000
    2   7.2468 THz   0.8506  0.0000  0.3718  0.0000 -0.3718  0.0000


 Q=  0.239908  0.000000 -0.119954, q= -0.500000 -0.250000  0.250000

                       Al X   0        Al Y   0        Al Z   0     
                    --------------- --------------- ---------------
    0   5.1142 THz   0.0000  0.0000 -0.0000 -0.0000 -0.0104  0.9999
    1   6.3269 THz   0.0000  0.0000  0.8360  0.5488 -0.0000  0.0000
    2   6.3269 THz   1.0000  0.0000  0.0000  0.0000  0.0000  0.0000


 Q=  0.000000  0.239908  0.000000, q= -0.500000  0.000000 -0.500000

                       Al X   0        Al Y   0        Al Z   0     
                    --------------- --------------- ---------------
    0   4.5122 THz   0.0000  0.0000 -0.0000  0.0000  1.0000  0.0000
    1   4.5122 THz   1.0000  0.0000  0.0000  0.0000  0.0000  0.0000
    2   8.8173 THz   0.0000  0.0000 -1.0000 -0.0000 -0.0000 -0.0000


 Q=  0.059977  0.179931 -0.059977, q= -0.500000  0.000000 -0.250000

                       Al X   0        Al Y   0        Al Z   0     
                    --------------- --------------- ---------------
    0   4.2093 THz  -0.7071  0.0000 -0.0000 -0.0000 -0.7071 -0.0000
    1   5.4835 THz   0.6014  0.0000 -0.5259 -0.0000 -0.6014 -0.0000
    2   7.2468 THz  -0.3718  0.0000 -0.8506 -0.0000  0.3718 -0.0000


 Q=  0.119954  0.119954 -0.119954, q= -0.500000  0.000000  0.000000

                       Al X   0        Al Y   0        Al Z   0     
                    --------------- --------------- ---------------
    0   3.4282 THz  -0.2461  0.0000 -0.5512 -0.0000 -0.7973 -0.0000
    1   3.4282 THz   0.7785  0.0000 -0.6024 -0.0000  0.1762 -0.0000
    2   6.3512 THz   0.5774  0.0000  0.5774  0.0000 -0.5774 -0.0000


 Q=  0.179931  0.059977 -0.179931, q= -0.500000  0.000000  0.250000

                       Al X   0        Al Y   0        Al Z   0     
                    --------------- --------------- ---------------
    0   4.2093 THz  -0.7071  0.0000 -0.0000  0.0000 -0.7071  0.0000
    1   5.4835 THz   0.6014  0.0000 -0.5259  0.0000 -0.6014  0.0000
    2   7.2468 THz  -0.3718  0.0000 -0.8506  0.0000  0.3718  0.0000


 Q= -0.059977  0.299885 -0.059977, q= -0.500000  0.250000 -0.500000

                       Al X   0        Al Y   0        Al Z   0     
                    --------------- --------------- ---------------
    0   4.2093 THz  -0.7071  0.0000 -0.0000 -0.0000  0.7071  0.0000
    1   5.4835 THz   0.6014  0.0000 -0.5259 -0.0000  0.6014  0.0000
    2   7.2468 THz   0.3718  0.0000  0.8506  0.0000  0.3718 -0.0000


 Q=  0.000000  0.239908 -0.119954, q= -0.500000  0.250000 -0.250000

                       Al X   0        Al Y   0        Al Z   0     
                    --------------- --------------- ---------------
    0   5.1142 THz   0.0000  0.0000 -0.0000  0.0000  0.9964  0.0844
    1   6.3269 THz   0.0000  0.0000 -0.8360  0.5488 -0.0000  0.0000
    2   6.3269 THz   1.0000  0.0000  0.0000  0.0000  0.0000  0.0000


 Q=  0.059977  0.179931 -0.179931, q= -0.500000  0.250000  0.000000

                       Al X   0        Al Y   0        Al Z   0     
                    --------------- --------------- ---------------
    0   4.2093 THz   0.0000  0.0000 -0.6798  0.1946 -0.6798  0.1946
    1   5.4835 THz   0.5259  0.0000 -0.6014  0.0000  0.6014  0.0000
    2   7.2468 THz   0.8506  0.0000  0.3718 -0.0000 -0.3718 -0.0000


 Q=  0.119954  0.119954 -0.239908, q= -0.500000  0.250000  0.250000

                       Al X   0        Al Y   0        Al Z   0     
                    --------------- --------------- ---------------
    0   3.8430 THz   0.7071  0.0000 -0.7071 -0.0000 -0.0000  0.0000
    1   4.5120 THz   0.0000  0.0000  0.0000 -0.0000 -0.9865  0.1637
    2   6.7297 THz  -0.7071  0.0000 -0.7071 -0.0000 -0.0000  0.0000


 Q=  0.059977  0.059977  0.179931, q= -0.250000 -0.500000 -0.500000

                       Al X   0        Al Y   0        Al Z   0     
                    --------------- --------------- ---------------
    0   4.2093 THz  -0.7071  0.0000  0.7071 -0.0000  0.0000  0.0000
    1   5.4835 THz   0.6014  0.0000  0.6014 -0.0000 -0.5259 -0.0000
    2   7.2468 THz  -0.3718  0.0000 -0.3718  0.0000 -0.8506 -0.0000


 Q=  0.119954  0.000000  0.119954, q= -0.250000 -0.500000 -0.250000

                       Al X   0        Al Y   0        Al Z   0     
                    --------------- --------------- ---------------
    0   3.8430 THz  -0.7071  0.0000  0.0000  0.0000  0.7071  0.0000
    1   4.5120 THz   0.0000  0.0000 -0.9942  0.1080  0.0000 -0.0000
    2   6.7297 THz   0.7071  0.0000  0.0000  0.0000  0.7071  0.0000


 Q=  0.179931 -0.059977  0.059977, q= -0.250000 -0.500000  0.000000

                       Al X   0        Al Y   0        Al Z   0     
                    --------------- --------------- ---------------
    0   4.2093 THz   0.0000  0.0000 -0.7069  0.0184 -0.7069  0.0184
    1   5.4835 THz  -0.5259  0.0000 -0.6014  0.0000  0.6014 -0.0000
    2   7.2468 THz   0.8506  0.0000 -0.3718  0.0000  0.3718 -0.0000


 Q=  0.239908 -0.119954  0.000000, q= -0.250000 -0.500000  0.250000

                       Al X   0        Al Y   0        Al Z   0     
                    --------------- --------------- ---------------
    0   5.1142 THz   0.0000  0.0000 -0.9974 -0.0722 -0.0000  0.0000
    1   6.3269 THz   0.0000  0.0000  0.0000  0.0000 -0.9945  0.1048
    2   6.3269 THz   1.0000  0.0000  0.0000  0.0000  0.0000  0.0000


 Q=  0.000000  0.119954  0.119954, q= -0.250000 -0.250000 -0.500000

                       Al X   0        Al Y   0        Al Z   0     
                    --------------- --------------- ---------------
    0   3.8430 THz   0.0000  0.0000 -0.6667  0.2357  0.6667 -0.2357
    1   4.5120 THz   1.0000  0.0000  0.0000  0.0000  0.0000  0.0000
    2   6.7297 THz   0.0000  0.0000 -0.6969  0.1199 -0.6969  0.1199


 Q=  0.059977  0.059977  0.059977, q= -0.250000 -0.250000 -0.250000

                       Al X   0        Al Y   0        Al Z   0     
                    --------------- --------------- ---------------
    0   2.7879 THz   0.4591  0.0000  0.3551  0.0035 -0.8143 -0.0035
    1   2.7879 THz   0.6752  0.0000 -0.7352 -0.0024  0.0600  0.0024
    2   5.7258 THz   0.5774  0.0000  0.5774  0.0000  0.5774 -0.0000


 Q=  0.119954  0.000000  0.000000, q= -0.250000 -0.250000  0.000000

                       Al X   0        Al Y   0        Al Z   0     
                    --------------- --------------- ---------------
    0   3.2149 THz   0.0000  0.0000 -0.1182 -0.1073  0.9621  0.2213
    1   3.2149 THz   0.0000  0.0000 -0.8676  0.4710 -0.0851  0.1351
    2   5.6266 THz   1.0000  0.0000  0.0000  0.0000  0.0000  0.0000


 Q=  0.179931 -0.059977 -0.059977, q= -0.250000 -0.250000  0.250000

                       Al X   0        Al Y   0        Al Z   0     
                    --------------- --------------- ---------------
    0   4.2093 THz   0.0000  0.0000  0.6818 -0.1875 -0.6818  0.1875
    1   5.4835 THz  -0.5259  0.0000 -0.6014  0.0000 -0.6014 -0.0000
    2   7.2468 THz   0.8506  0.0000 -0.3718  0.0000 -0.3718 -0.0000


 Q= -0.059977  0.179931  0.059977, q= -0.250000  0.000000 -0.500000

                       Al X   0        Al Y   0        Al Z   0     
                    --------------- --------------- ---------------
    0   4.2093 THz   0.7071  0.0000 -0.0000 -0.0000  0.7071 -0.0000
    1   5.4835 THz   0.6014  0.0000  0.5259  0.0000 -0.6014 -0.0000
    2   7.2468 THz  -0.3718  0.0000  0.8506  0.0000  0.3718 -0.0000


 Q=  0.000000  0.119954  0.000000, q= -0.250000  0.000000 -0.250000

                       Al X   0        Al Y   0        Al Z   0     
                    --------------- --------------- ---------------
    0   3.2149 THz   0.0000  0.0000  0.0000  0.0000  0.9994 -0.0343
    1   3.2149 THz   1.0000  0.0000  0.0000  0.0000  0.0000  0.0000
    2   5.6266 THz   0.0000  0.0000 -0.7508  0.6605  0.0000 -0.0000


 Q=  0.059977  0.059977 -0.059977, q= -0.250000  0.000000  0.000000

                       Al X   0        Al Y   0        Al Z   0     
                    --------------- --------------- ---------------
    0   2.7879 THz   0.0000  0.0000 -0.7044 -0.0617 -0.7044 -0.0617
    1   2.7879 THz   0.8165  0.0000 -0.4082  0.0000  0.4082  0.0000
    2   5.7258 THz  -0.5774  0.0000 -0.5774  0.0000  0.5774  0.0000


 Q=  0.119954  0.000000 -0.119954, q= -0.250000  0.000000  0.250000

                       Al X   0        Al Y   0        Al Z   0     
                    --------------- --------------- ---------------
    0   3.8430 THz  -0.7071  0.0000  0.0000 -0.0000 -0.7071  0.0000
    1   4.5120 THz   0.0000  0.0000  0.6479  0.7617 -0.0000  0.0000
    2   6.7297 THz   0.7071  0.0000  0.0000 -0.0000 -0.7071  0.0000


 Q= -0.119954  0.239908  0.000000, q= -0.250000  0.250000 -0.500000

                       Al X   0        Al Y   0        Al Z   0     
                    --------------- --------------- ---------------
    0   5.1142 THz   1.0000  0.0000  0.0000  0.0000  0.0000  0.0000
    1   6.3269 THz   0.0000  0.0000 -0.7454  0.0645  0.5572 -0.3603
    2   6.3269 THz   0.0000  0.0000 -0.6622 -0.0425 -0.6820  0.3075


 Q= -0.059977  0.179931 -0.059977, q= -0.250000  0.250000 -0.250000

                       Al X   0        Al Y   0        Al Z   0     
                    --------------- --------------- ---------------
    0   4.2093 THz   0.7071  0.0000  0.0000 -0.0000 -0.7071 -0.0000
    1   5.4835 THz   0.6014  0.0000  0.5259  0.0000  0.6014  0.0000
    2   7.2468 THz   0.3718  0.0000 -0.8506 -0.0000  0.3718  0.0000


 Q=  0.000000  0.119954 -0.119954, q= -0.250000  0.250000  0.000000

                       Al X   0        Al Y   0        Al Z   0     
                    --------------- --------------- ---------------
    0   3.8430 THz   0.0000  0.0000 -0.7070  0.0101 -0.7070  0.0101
    1   4.5120 THz   1.0000  0.0000  0.0000  0.0000  0.0000  0.0000
    2   6.7297 THz   0.0000  0.0000 -0.6947 -0.1317  0.6947  0.1317


 Q=  0.059977  0.059977 -0.179931, q= -0.250000  0.250000  0.250000

                       Al X   0        Al Y   0        Al Z   0     
                    --------------- --------------- ---------------
    0   4.2093 THz  -0.7071  0.0000  0.7071  0.0000 -0.0000  0.0000
    1   5.4835 THz   0.6014  0.0000  0.6014  0.0000  0.5259 -0.0000
    2   7.2468 THz   0.3718  0.0000  0.3718 -0.0000 -0.8506  0.0000


 Q=  0.000000  0.000000  0.239908, q=  0.000000 -0.500000 -0.500000

                       Al X   0        Al Y   0        Al Z   0     
                    --------------- --------------- ---------------
    0   4.5122 THz   0.0000  0.0000  1.0000  0.0000  0.0000 -0.0000
    1   4.5122 THz   1.0000  0.0000  0.0000  0.0000  0.0000  0.0000
    2   8.8173 THz   0.0000  0.0000  0.0000  0.0000 -1.0000  0.0000


 Q=  0.059977 -0.059977  0.179931, q=  0.000000 -0.500000 -0.250000

                       Al X   0        Al Y   0        Al Z   0     
                    --------------- --------------- ---------------
    0   4.2093 THz   0.7071  0.0000  0.7071 -0.0000 -0.0000 -0.0000
    1   5.4835 THz   0.6014  0.0000 -0.6014  0.0000 -0.5259  0.0000
    2   7.2468 THz  -0.3718  0.0000  0.3718 -0.0000 -0.8506 -0.0000


 Q=  0.119954 -0.119954  0.119954, q=  0.000000 -0.500000  0.000000

                       Al X   0        Al Y   0        Al Z   0     
                    --------------- --------------- ---------------
    0   3.4282 THz   0.0000  0.0000 -0.7071 -0.0000 -0.7071 -0.0000
    1   3.4282 THz   0.8165  0.0000  0.4082 -0.0000 -0.4082 -0.0000
    2   6.3512 THz   0.5774  0.0000 -0.5774  0.0000  0.5774  0.0000


 Q=  0.179931 -0.179931  0.059977, q=  0.000000 -0.500000  0.250000

                       Al X   0        Al Y   0        Al Z   0     
                    --------------- --------------- ---------------
    0   4.2093 THz   0.7071  0.0000  0.7071  0.0000 -0.0000  0.0000
    1   5.4835 THz   0.6014  0.0000 -0.6014 -0.0000 -0.5259 -0.0000
    2   7.2468 THz  -0.3718  0.0000  0.3718  0.0000 -0.8506  0.0000


 Q= -0.059977  0.059977  0.179931, q=  0.000000 -0.250000 -0.500000

                       Al X   0        Al Y   0        Al Z   0     
                    --------------- --------------- ---------------
    0   4.2093 THz   0.7071  0.0000  0.7071 -0.0000  0.0000  0.0000
    1   5.4835 THz   0.6014  0.0000 -0.6014  0.0000  0.5259 -0.0000
    2   7.2468 THz   0.3718  0.0000 -0.3718 -0.0000 -0.8506  0.0000


 Q=  0.000000  0.000000  0.119954, q=  0.000000 -0.250000 -0.250000

                       Al X   0        Al Y   0        Al Z   0     
                    --------------- --------------- ---------------
    0   3.2149 THz   0.0000  0.0000 -0.8323 -0.5544  0.0000  0.0000
    1   3.2149 THz   1.0000  0.0000  0.0000  0.0000  0.0000  0.0000
    2   5.6266 THz   0.0000  0.0000  0.0000  0.0000  0.9426 -0.3339


 Q=  0.059977 -0.059977  0.059977, q=  0.000000 -0.250000  0.000000

                       Al X   0        Al Y   0        Al Z   0     
                    --------------- --------------- ---------------
    0   2.7879 THz  -0.5131  0.0000  0.2928  0.0279  0.8059  0.0279
    1   2.7879 THz  -0.6351 -0.0000 -0.7613 -0.0225 -0.1262 -0.0225
    2   5.7258 THz  -0.5774  0.0000  0.5774 -0.0000 -0.5774 -0.0000


 Q=  0.119954 -0.119954  0.000000, q=  0.000000 -0.250000  0.250000

                       Al X   0        Al Y   0        Al Z   0     
                    --------------- --------------- ---------------
    0   3.8430 THz   0.7071  0.0000  0.7071 -0.0000 -0.0000 -0.0000
    1   4.5120 THz   0.0000  0.0000 -0.0000  0.0000 -0.9385  0.3453
    2   6.7297 THz   0.7071  0.0000 -0.7071  0.0000  0.0000  0.0000


 Q= -0.119954  0.119954  0.119954, q=  0.000000  0.000000 -0.500000

                       Al X   0        Al Y   0        Al Z   0     
                    --------------- --------------- ---------------
    0   3.4282 THz   0.5523  0.0000 -0.2446 -0.0000  0.7969  0.0000
    1   3.4282 THz   0.6013  0.0000  0.7790  0.0000 -0.1777 -0.0000
    2   6.3512 THz  -0.5774 -0.0000  0.5774 -0.0000  0.5774 -0.0000


 Q= -0.059977  0.059977  0.059977, q=  0.000000  0.000000 -0.250000

                       Al X   0        Al Y   0        Al Z   0     
                    --------------- --------------- ---------------
    0   2.7879 THz   0.5594  0.0000 -0.2353  0.0137  0.7946 -0.0137
    1   2.7879 THz  -0.5948 -0.0000 -0.7816  0.0129  0.1868 -0.0129
    2   5.7258 THz  -0.5774  0.0000  0.5774  0.0000  0.5774 -0.0000


 Q=  0.000000  0.000000  0.000000, q=  0.000000  0.000000  0.000000

                       Al X   0        Al Y   0        Al Z   0     
                    --------------- --------------- ---------------
    0   0.0000 THz  -0.8448  0.0000 -0.4155  0.0000 -0.3371  0.0000
    1  -0.0000 THz   0.2942  0.0000  0.1654  0.0000 -0.9413  0.0000
    2  -0.0000 THz   0.4469  0.0000 -0.8944  0.0000 -0.0175  0.0000


 Q=  0.059977 -0.059977 -0.059977, q=  0.000000  0.000000  0.250000

                       Al X   0        Al Y   0        Al Z   0     
                    --------------- --------------- ---------------
    0   2.7879 THz   0.5594  0.0000 -0.2353 -0.0137  0.7946  0.0137
    1   2.7879 THz  -0.5948 -0.0000 -0.7816 -0.0129  0.1868  0.0129
    2   5.7258 THz  -0.5774  0.0000  0.5774 -0.0000  0.5774  0.0000


 Q= -0.179931  0.179931  0.059977, q=  0.000000  0.250000 -0.500000

                       Al X   0        Al Y   0        Al Z   0     
                    --------------- --------------- ---------------
    0   4.2093 THz   0.7071  0.0000  0.7071  0.0000  0.0000 -0.0000
    1   5.4835 THz   0.6014  0.0000 -0.6014 -0.0000  0.5259  0.0000
    2   7.2468 THz   0.3718  0.0000 -0.3718  0.0000 -0.8506 -0.0000


 Q= -0.119954  0.119954  0.000000, q=  0.000000  0.250000 -0.250000

                       Al X   0        Al Y   0        Al Z   0     
                    --------------- --------------- ---------------
    0   3.8430 THz   0.7071  0.0000  0.7071  0.0000 -0.0000  0.0000
    1   4.5120 THz   0.0000  0.0000 -0.0000 -0.0000 -0.9385 -0.3453
    2   6.7297 THz   0.7071  0.0000 -0.7071 -0.0000  0.0000 -0.0000


 Q= -0.059977  0.059977 -0.059977, q=  0.000000  0.250000  0.000000

                       Al X   0        Al Y   0        Al Z   0     
                    --------------- --------------- ---------------
    0   2.7879 THz  -0.5131  0.0000  0.2928 -0.0279  0.8059 -0.0279
    1   2.7879 THz  -0.6351 -0.0000 -0.7613  0.0225 -0.1262  0.0225
    2   5.7258 THz  -0.5774  0.0000  0.5774  0.0000 -0.5774  0.0000


 Q=  0.000000  0.000000 -0.119954, q=  0.000000  0.250000  0.250000

                       Al X   0        Al Y   0        Al Z   0     
                    --------------- --------------- ---------------
    0   3.2149 THz   0.0000  0.0000 -0.8323  0.5544  0.0000 -0.0000
    1   3.2149 THz   1.0000  0.0000  0.0000  0.0000  0.0000  0.0000
    2   5.6266 THz   0.0000  0.0000  0.0000  0.0000  0.9426  0.3339


 Q= -0.059977 -0.059977  0.299885, q=  0.250000 -0.500000 -0.500000

                       Al X   0        Al Y   0        Al Z   0     
                    --------------- --------------- ---------------
    0   4.2093 THz  -0.7071  0.0000  0.7071  0.0000  0.0000 -0.0000
    1   5.4835 THz   0.6014  0.0000  0.6014  0.0000 -0.5259 -0.0000
    2   7.2468 THz  -0.3718  0.0000 -0.3718  0.0000 -0.8506  0.0000


 Q=  0.000000 -0.119954  0.239908, q=  0.250000 -0.500000 -0.250000

                       Al X   0        Al Y   0        Al Z   0     
                    --------------- --------------- ---------------
    0   5.1142 THz   0.0000  0.0000 -0.9214  0.3887 -0.0000 -0.0000
    1   6.3269 THz   0.0000  0.0000 -0.0000  0.0000  0.9945  0.1043
    2   6.3269 THz   1.0000  0.0000  0.0000  0.0000  0.0000  0.0000


 Q=  0.059977 -0.179931  0.179931, q=  0.250000 -0.500000  0.000000

                       Al X   0        Al Y   0        Al Z   0     
                    --------------- --------------- ---------------
    0   4.2093 THz   0.0000  0.0000 -0.7068 -0.0222 -0.7068 -0.0222
    1   5.4835 THz  -0.5259  0.0000 -0.6014 -0.0000  0.6014  0.0000
    2   7.2468 THz   0.8506  0.0000 -0.3718 -0.0000  0.3718  0.0000


 Q=  0.119954 -0.239908  0.119954, q=  0.250000 -0.500000  0.250000

                       Al X   0        Al Y   0        Al Z   0     
                    --------------- --------------- ---------------
    0   3.8430 THz  -0.7071  0.0000 -0.0000 -0.0000  0.7071 -0.0000
    1   4.5120 THz   0.0000  0.0000 -0.9982 -0.0594  0.0000  0.0000
    2   6.7297 THz   0.7071  0.0000 -0.0000 -0.0000  0.7071 -0.0000


 Q= -0.119954  0.000000  0.239908, q=  0.250000 -0.250000 -0.500000

                       Al X   0        Al Y   0        Al Z   0     
                    --------------- --------------- ---------------
    0   5.1142 THz   1.0000  0.0000  0.0000  0.0000  0.0000  0.0000
    1   6.3269 THz   0.0000  0.0000 -0.4380 -0.1613 -0.0526  0.8828
    2   6.3269 THz   0.0000  0.0000 -0.7210  0.5122 -0.3688 -0.2860


 Q= -0.059977 -0.059977  0.179931, q=  0.250000 -0.250000 -0.250000

                       Al X   0        Al Y   0        Al Z   0     
                    --------------- --------------- ---------------
    0   4.2093 THz  -0.7071  0.0000  0.7071 -0.0000 -0.0000 -0.0000
    1   5.4835 THz   0.6014  0.0000  0.6014 -0.0000  0.5259  0.0000
    2   7.2468 THz   0.3718  0.0000  0.3718  0.0000 -0.8506 -0.0000


 Q=  0.000000 -0.119954  0.119954, q=  0.250000 -0.250000  0.000000

                       Al X   0        Al Y   0        Al Z   0     
                    --------------- --------------- ---------------
    0   3.8430 THz   0.0000  0.0000 -0.7070 -0.0101 -0.7070 -0.0101
    1   4.5120 THz   1.0000  0.0000  0.0000  0.0000  0.0000  0.0000
    2   6.7297 THz   0.0000  0.0000 -0.6947  0.1317  0.6947 -0.1317


 Q=  0.059977 -0.179931  0.059977, q=  0.250000 -0.250000  0.250000

                       Al X   0        Al Y   0        Al Z   0     
                    --------------- --------------- ---------------
    0   4.2093 THz   0.7071  0.0000  0.0000  0.0000 -0.7071  0.0000
    1   5.4835 THz   0.6014  0.0000  0.5259 -0.0000  0.6014 -0.0000
    2   7.2468 THz   0.3718  0.0000 -0.8506  0.0000  0.3718 -0.0000


 Q= -0.179931  0.059977  0.179931, q=  0.250000  0.000000 -0.500000

                       Al X   0        Al Y   0        Al Z   0     
                    --------------- --------------- ---------------
    0   4.2093 THz   0.7071  0.0000 -0.0000  0.0000  0.7071  0.0000
    1   5.4835 THz   0.6014  0.0000  0.5259 -0.0000 -0.6014  0.0000
    2   7.2468 THz  -0.3718  0.0000  0.8506 -0.0000  0.3718  0.0000


 Q= -0.119954  0.000000  0.119954, q=  0.250000  0.000000 -0.250000

                       Al X   0        Al Y   0        Al Z   0     
                    --------------- --------------- ---------------
    0   3.8430 THz  -0.7071  0.0000  0.0000  0.0000 -0.7071 -0.0000
    1   4.5120 THz   0.0000  0.0000  0.6479 -0.7617 -0.0000  0.0000
    2   6.7297 THz   0.7071  0.0000  0.0000  0.0000 -0.7071 -0.0000


 Q= -0.059977 -0.059977  0.059977, q=  0.250000  0.000000  0.000000

                       Al X   0        Al Y   0        Al Z   0     
                    --------------- --------------- ---------------
    0   2.7879 THz   0.0000  0.0000 -0.7044  0.0617 -0.7044  0.0617
    1   2.7879 THz   0.8165  0.0000 -0.4082 -0.0000  0.4082 -0.0000
    2   5.7258 THz  -0.5774  0.0000 -0.5774 -0.0000  0.5774 -0.0000


 Q=  0.000000 -0.119954  0.000000, q=  0.250000  0.000000  0.250000

                       Al X   0        Al Y   0        Al Z   0     
                    --------------- --------------- ---------------
    0   3.2149 THz   0.0000  0.0000  0.0000 -0.0000  0.9994  0.0343
    1   3.2149 THz   1.0000  0.0000  0.0000  0.0000  0.0000  0.0000
    2   5.6266 THz   0.0000  0.0000 -0.7508 -0.6605  0.0000  0.0000


 Q= -0.239908  0.119954  0.119954, q=  0.250000  0.250000 -0.500000

                       Al X   0        Al Y   0        Al Z   0     
                    --------------- --------------- ---------------
    0   3.8430 THz   0.0000  0.0000 -0.6600 -0.2538  0.6600  0.2538
    1   4.5120 THz   1.0000  0.0000  0.0000  0.0000  0.0000  0.0000
    2   6.7297 THz   0.0000  0.0000 -0.7006  0.0955 -0.7006  0.0955


 Q= -0.179931  0.059977  0.059977, q=  0.250000  0.250000 -0.250000

                       Al X   0        Al Y   0        Al Z   0     
                    --------------- --------------- ---------------
    0   4.2093 THz   0.0000  0.0000  0.6818  0.1875 -0.6818 -0.1875
    1   5.4835 THz  -0.5259  0.0000 -0.6014 -0.0000 -0.6014  0.0000
    2   7.2468 THz   0.8506  0.0000 -0.3718 -0.0000 -0.3718  0.0000


 Q= -0.119954  0.000000  0.000000, q=  0.250000  0.250000  0.000000

                       Al X   0        Al Y   0        Al Z   0     
                    --------------- --------------- ---------------
    0   3.2149 THz   0.0000  0.0000 -0.1182  0.1073  0.9621 -0.2213
    1   3.2149 THz   0.0000  0.0000 -0.8676 -0.4710 -0.0851 -0.1351
    2   5.6266 THz   1.0000  0.0000  0.0000  0.0000  0.0000  0.0000


 Q= -0.059977 -0.059977 -0.059977, q=  0.250000  0.250000  0.250000

                       Al X   0        Al Y   0        Al Z   0     
                    --------------- --------------- ---------------
    0   2.7879 THz   0.4591  0.0000  0.3551 -0.0035 -0.8143  0.0035
    1   2.7879 THz   0.6752  0.0000 -0.7352  0.0024  0.0600 -0.0024
    2   5.7258 THz   0.5774  0.0000  0.5774 -0.0000  0.5774  0.0000
