
Used Primitive lattice vector

   -1.510863000000      1.510863000000      1.510863000000  
    1.510863000000     -1.510863000000      1.510863000000  
    1.510863000000      1.510863000000     -1.510863000000  

   1 Atom(s) in the Primitive cell

 0.0000000000 0.0000000000 0.0000000000 Fe    0


 Q= -0.330937 -0.330937 -0.330937, q= -0.500000 -0.500000 -0.500000

                       Fe X   0        Fe Y   0        Fe Z   0     
                    --------------- --------------- ---------------
    0   6.1755 THz   1.0000  0.0000  0.0000  0.0000  0.0000  0.0000
    1   6.1755 THz   0.0000  0.0000 -0.5990 -0.0000  0.8007  0.0000
    2   6.1755 THz   0.0000  0.0000 -0.8007 -0.0000 -0.5990 -0.0000


 Q= -0.248203 -0.248203 -0.330937, q= -0.500000 -0.500000 -0.250000

                       Fe X   0        Fe Y   0        Fe Z   0     
                    --------------- --------------- ---------------
    0   5.1053 THz   0.7071  0.0000  0.7071 -0.0000  0.0000 -0.0000
    1   5.3339 THz   0.7071  0.0000 -0.7071  0.0000 -0.0000  0.0000
    2   5.4356 THz   0.0000  0.0000  0.0000  0.0000 -0.9939 -0.1105


 Q= -0.165468 -0.165468 -0.330937, q= -0.500000 -0.500000  0.000000

                       Fe X   0        Fe Y   0        Fe Z   0     
                    --------------- --------------- ---------------
    0   3.3325 THz   0.7071  0.0000  0.7071 -0.0000 -0.0000  0.0000
    1   4.9105 THz   0.7071  0.0000 -0.7071  0.0000  0.0000 -0.0000
    2   5.1884 THz   0.0000  0.0000 -0.0000 -0.0000 -1.0000  0.0000


 Q= -0.082734 -0.082734 -0.330937, q= -0.500000 -0.500000  0.250000

                       Fe X   0        Fe Y   0        Fe Z   0     
                    --------------- --------------- ---------------
    0   5.1053 THz   0.7071  0.0000  0.7071  0.0000 -0.0000 -0.0000
    1   5.3339 THz   0.7071  0.0000 -0.7071 -0.0000  0.0000  0.0000
    2   5.4356 THz   0.0000  0.0000 -0.0000  0.0000 -0.7391  0.6736


 Q= -0.248203 -0.330937 -0.248203, q= -0.500000 -0.250000 -0.500000

                       Fe X   0        Fe Y   0        Fe Z   0     
                    --------------- --------------- ---------------
    0   5.1053 THz   0.7071  0.0000  0.0000 -0.0000  0.7071  0.0000
    1   5.3339 THz   0.7071  0.0000 -0.0000  0.0000 -0.7071 -0.0000
    2   5.4356 THz   0.0000  0.0000  0.9992 -0.0389 -0.0000 -0.0000


 Q= -0.165468 -0.248203 -0.248203, q= -0.500000 -0.250000 -0.250000

                       Fe X   0        Fe Y   0        Fe Z   0     
                    --------------- --------------- ---------------
    0   3.3245 THz   0.7662  0.0000  0.4544  0.0000  0.4544  0.0000
    1   3.9362 THz   0.0000  0.0000 -0.0000 -0.7071  0.0000  0.7071
    2   5.0857 THz   0.6426  0.0000 -0.5418 -0.0000 -0.5418 -0.0000


 Q= -0.082734 -0.165468 -0.248203, q= -0.500000 -0.250000  0.000000

                       Fe X   0        Fe Y   0        Fe Z   0     
                    --------------- --------------- ---------------
    0   3.3245 THz   0.4544  0.0000  0.7662  0.0000 -0.4544 -0.0000
    1   3.9362 THz   0.7071  0.0000  0.0000 -0.0000  0.7071  0.0000
    2   5.0857 THz  -0.5418  0.0000  0.6426  0.0000  0.5418  0.0000


 Q=  0.000000 -0.082734 -0.248203, q= -0.500000 -0.250000  0.250000

                       Fe X   0        Fe Y   0        Fe Z   0     
                    --------------- --------------- ---------------
    0   5.1053 THz   0.0000  0.0000 -0.3440 -0.6178  0.3440  0.6178
    1   5.3339 THz   0.0000  0.0000 -0.7067 -0.0227 -0.7067 -0.0227
    2   5.4356 THz   1.0000  0.0000  0.0000  0.0000  0.0000  0.0000


 Q= -0.165468 -0.330937 -0.165468, q= -0.500000  0.000000 -0.500000

                       Fe X   0        Fe Y   0        Fe Z   0     
                    --------------- --------------- ---------------
    0   3.3325 THz   0.7071  0.0000  0.0000 -0.0000  0.7071  0.0000
    1   4.9105 THz  -0.7071  0.0000  0.0000 -0.0000  0.7071  0.0000
    2   5.1884 THz   0.0000  0.0000 -1.0000  0.0000  0.0000  0.0000


 Q= -0.082734 -0.248203 -0.165468, q= -0.500000  0.000000 -0.250000

                       Fe X   0        Fe Y   0        Fe Z   0     
                    --------------- --------------- ---------------
    0   3.3245 THz   0.4544  0.0000 -0.4544 -0.0000  0.7662  0.0000
    1   3.9362 THz  -0.7071  0.0000 -0.7071 -0.0000  0.0000  0.0000
    2   5.0857 THz  -0.5418  0.0000  0.5418 -0.0000  0.6426  0.0000


 Q=  0.000000 -0.165468 -0.165468, q= -0.500000  0.000000  0.000000

                       Fe X   0        Fe Y   0        Fe Z   0     
                    --------------- --------------- ---------------
    0   3.3325 THz   0.0000  0.0000  0.7071 -0.0000 -0.7071  0.0000
    1   4.9105 THz   0.0000  0.0000 -0.7071 -0.0000 -0.7071 -0.0000
    2   5.1884 THz   1.0000  0.0000  0.0000  0.0000  0.0000  0.0000


 Q=  0.082734 -0.082734 -0.165468, q= -0.500000  0.000000  0.250000

                       Fe X   0        Fe Y   0        Fe Z   0     
                    --------------- --------------- ---------------
    0   3.3245 THz   0.4544  0.0000 -0.4544 -0.0000  0.7662  0.0000
    1   3.9362 THz  -0.7071  0.0000 -0.7071 -0.0000  0.0000  0.0000
    2   5.0857 THz  -0.5418  0.0000  0.5418  0.0000  0.6426  0.0000


 Q= -0.082734 -0.330937 -0.082734, q= -0.500000  0.250000 -0.500000

                       Fe X   0        Fe Y   0        Fe Z   0     
                    --------------- --------------- ---------------
    0   5.1053 THz   0.7071  0.0000 -0.0000 -0.0000  0.7071  0.0000
    1   5.3339 THz  -0.7071  0.0000 -0.0000 -0.0000  0.7071  0.0000
    2   5.4356 THz   0.0000  0.0000 -0.9999 -0.0131  0.0000  0.0000


 Q=  0.000000 -0.248203 -0.082734, q= -0.500000  0.250000 -0.250000

                       Fe X   0        Fe Y   0        Fe Z   0     
                    --------------- --------------- ---------------
    0   5.1053 THz   0.0000  0.0000 -0.3215  0.6298  0.3215 -0.6298
    1   5.3339 THz   0.0000  0.0000 -0.6878  0.1643 -0.6878  0.1643
    2   5.4356 THz   1.0000  0.0000  0.0000  0.0000  0.0000  0.0000


 Q=  0.082734 -0.165468 -0.082734, q= -0.500000  0.250000  0.000000

                       Fe X   0        Fe Y   0        Fe Z   0     
                    --------------- --------------- ---------------
    0   3.3245 THz   0.4544  0.0000  0.7662 -0.0000 -0.4544  0.0000
    1   3.9362 THz   0.7071  0.0000 -0.0000  0.0000  0.7071 -0.0000
    2   5.0857 THz  -0.5418  0.0000  0.6426 -0.0000  0.5418 -0.0000


 Q=  0.165468 -0.082734 -0.082734, q= -0.500000  0.250000  0.250000

                       Fe X   0        Fe Y   0        Fe Z   0     
                    --------------- --------------- ---------------
    0   3.3245 THz   0.7662  0.0000  0.4544 -0.0000  0.4544 -0.0000
    1   3.9362 THz   0.0000  0.0000  0.7069 -0.0161 -0.7069  0.0161
    2   5.0857 THz   0.6426  0.0000 -0.5418  0.0000 -0.5418  0.0000


 Q= -0.330937 -0.248203 -0.248203, q= -0.250000 -0.500000 -0.500000

                       Fe X   0        Fe Y   0        Fe Z   0     
                    --------------- --------------- ---------------
    0   5.1053 THz   0.0000  0.0000 -0.4923  0.5076 -0.4923  0.5076
    1   5.3339 THz   0.0000  0.0000  0.6971  0.1183 -0.6971 -0.1183
    2   5.4356 THz   1.0000  0.0000  0.0000  0.0000  0.0000  0.0000


 Q= -0.248203 -0.165468 -0.248203, q= -0.250000 -0.500000 -0.250000

                       Fe X   0        Fe Y   0        Fe Z   0     
                    --------------- --------------- ---------------
    0   3.3245 THz   0.4544  0.0000  0.7662  0.0000  0.4544  0.0000
    1   3.9362 THz  -0.7071  0.0000  0.0000  0.0000  0.7071  0.0000
    2   5.0857 THz  -0.5418  0.0000  0.6426 -0.0000 -0.5418  0.0000


 Q= -0.165468 -0.082734 -0.248203, q= -0.250000 -0.500000  0.000000

                       Fe X   0        Fe Y   0        Fe Z   0     
                    --------------- --------------- ---------------
    0   3.3245 THz   0.7662  0.0000  0.4544  0.0000 -0.4544 -0.0000
    1   3.9362 THz   0.0000  0.0000  0.0000 -0.7071 -0.0000 -0.7071
    2   5.0857 THz   0.6426  0.0000 -0.5418 -0.0000  0.5418  0.0000


 Q= -0.082734  0.000000 -0.248203, q= -0.250000 -0.500000  0.250000

                       Fe X   0        Fe Y   0        Fe Z   0     
                    --------------- --------------- ---------------
    0   5.1053 THz   0.7071  0.0000 -0.0000 -0.0000 -0.7071 -0.0000
    1   5.3339 THz  -0.7071  0.0000 -0.0000 -0.0000 -0.7071 -0.0000
    2   5.4356 THz   0.0000  0.0000  0.9995  0.0307  0.0000  0.0000


 Q= -0.248203 -0.248203 -0.165468, q= -0.250000 -0.250000 -0.500000

                       Fe X   0        Fe Y   0        Fe Z   0     
                    --------------- --------------- ---------------
    0   3.3245 THz   0.4544  0.0000  0.4544 -0.0000  0.7662 -0.0000
    1   3.9362 THz  -0.7071  0.0000  0.7071 -0.0000  0.0000 -0.0000
    2   5.0857 THz   0.5418  0.0000  0.5418  0.0000 -0.6426 -0.0000


 Q= -0.165468 -0.165468 -0.165468, q= -0.250000 -0.250000 -0.250000

                       Fe X   0        Fe Y   0        Fe Z   0     
                    --------------- --------------- ---------------
    0   4.3278 THz   0.0000  0.0000  0.0573 -0.1107 -0.7223  0.6803
    1   4.3278 THz   1.0000  0.0000  0.0000  0.0000  0.0000  0.0000
    2   4.3278 THz   0.0000  0.0000 -0.5646  0.8159 -0.1008  0.0732


 Q= -0.082734 -0.082734 -0.165468, q= -0.250000 -0.250000  0.000000

                       Fe X   0        Fe Y   0        Fe Z   0     
                    --------------- --------------- ---------------
    0   3.3245 THz   0.4544  0.0000  0.4544 -0.0000 -0.7662  0.0000
    1   3.9362 THz   0.7071  0.0000 -0.7071  0.0000  0.0000 -0.0000
    2   5.0857 THz   0.5418  0.0000  0.5418  0.0000  0.6426  0.0000


 Q=  0.000000  0.000000 -0.165468, q= -0.250000 -0.250000  0.250000

                       Fe X   0        Fe Y   0        Fe Z   0     
                    --------------- --------------- ---------------
    0   3.9418 THz   1.0000  0.0000  0.0000  0.0000  0.0000  0.0000
    1   3.9418 THz   0.0000  0.0000 -0.0018  1.0000 -0.0000  0.0000
    2   5.4528 THz   0.0000  0.0000  0.0000 -0.0000 -0.5845  0.8114


 Q= -0.165468 -0.248203 -0.082734, q= -0.250000  0.000000 -0.500000

                       Fe X   0        Fe Y   0        Fe Z   0     
                    --------------- --------------- ---------------
    0   3.3245 THz   0.7662  0.0000 -0.4544  0.0000  0.4544  0.0000
    1   3.9362 THz   0.0000  0.0000 -0.7070 -0.0140 -0.7070 -0.0140
    2   5.0857 THz  -0.6426  0.0000 -0.5418  0.0000  0.5418  0.0000


 Q= -0.082734 -0.165468 -0.082734, q= -0.250000  0.000000 -0.250000

                       Fe X   0        Fe Y   0        Fe Z   0     
                    --------------- --------------- ---------------
    0   3.3245 THz   0.4544  0.0000 -0.7662  0.0000  0.4544 -0.0000
    1   3.9362 THz  -0.7071  0.0000 -0.0000  0.0000  0.7071 -0.0000
    2   5.0857 THz   0.5418  0.0000  0.6426  0.0000  0.5418 -0.0000


 Q=  0.000000 -0.082734 -0.082734, q= -0.250000  0.000000  0.000000

                       Fe X   0        Fe Y   0        Fe Z   0     
                    --------------- --------------- ---------------
    0   1.7521 THz   0.0000  0.0000 -0.2186 -0.6725  0.2186  0.6725
    1   2.8444 THz   1.0000  0.0000  0.0000  0.0000  0.0000  0.0000
    2   3.2969 THz   0.0000  0.0000 -0.4876 -0.5121 -0.4876 -0.5121


 Q=  0.082734  0.000000 -0.082734, q= -0.250000  0.000000  0.250000

                       Fe X   0        Fe Y   0        Fe Z   0     
                    --------------- --------------- ---------------
    0   1.7521 THz  -0.7071  0.0000  0.0000 -0.0000 -0.7071  0.0000
    1   2.8444 THz   0.0000  0.0000  0.7276 -0.6861  0.0000  0.0000
    2   3.2969 THz   0.7071  0.0000  0.0000 -0.0000 -0.7071  0.0000


 Q= -0.082734 -0.248203  0.000000, q= -0.250000  0.250000 -0.500000

                       Fe X   0        Fe Y   0        Fe Z   0     
                    --------------- --------------- ---------------
    0   5.1053 THz   0.7071  0.0000 -0.7071 -0.0000 -0.0000  0.0000
    1   5.3339 THz  -0.7071  0.0000 -0.7071 -0.0000 -0.0000  0.0000
    2   5.4356 THz   0.0000  0.0000  0.0000  0.0000 -0.6007  0.7995


 Q=  0.000000 -0.165468  0.000000, q= -0.250000  0.250000 -0.250000

                       Fe X   0        Fe Y   0        Fe Z   0     
                    --------------- --------------- ---------------
    0   3.9418 THz   1.0000  0.0000  0.0000  0.0000  0.0000  0.0000
    1   3.9418 THz   0.0000  0.0000  0.0000 -0.0000 -0.4792 -0.8777
    2   5.4528 THz   0.0000  0.0000  0.4424 -0.8968  0.0000  0.0000


 Q=  0.082734 -0.082734  0.000000, q= -0.250000  0.250000  0.000000

                       Fe X   0        Fe Y   0        Fe Z   0     
                    --------------- --------------- ---------------
    0   1.7521 THz   0.7071  0.0000  0.7071 -0.0000  0.0000  0.0000
    1   2.8444 THz   0.0000  0.0000 -0.0000 -0.0000 -0.4074  0.9133
    2   3.2969 THz   0.7071  0.0000 -0.7071  0.0000 -0.0000 -0.0000


 Q=  0.165468  0.000000  0.000000, q= -0.250000  0.250000  0.250000

                       Fe X   0        Fe Y   0        Fe Z   0     
                    --------------- --------------- ---------------
    0   3.9418 THz   0.0000  0.0000 -0.0720  0.0303  0.0285  0.9965
    1   3.9418 THz   0.0000  0.0000  0.0029  0.9969 -0.0729 -0.0280
    2   5.4528 THz   1.0000  0.0000  0.0000  0.0000  0.0000  0.0000


 Q= -0.330937 -0.165468 -0.165468, q=  0.000000 -0.500000 -0.500000

                       Fe X   0        Fe Y   0        Fe Z   0     
                    --------------- --------------- ---------------
    0   3.3325 THz   0.0000  0.0000 -0.7071  0.0000 -0.7071  0.0000
    1   4.9105 THz   0.0000  0.0000 -0.7071 -0.0000  0.7071  0.0000
    2   5.1884 THz   1.0000  0.0000  0.0000  0.0000  0.0000  0.0000


 Q= -0.248203 -0.082734 -0.165468, q=  0.000000 -0.500000 -0.250000

                       Fe X   0        Fe Y   0        Fe Z   0     
                    --------------- --------------- ---------------
    0   3.3245 THz   0.4544  0.0000 -0.4544  0.0000 -0.7662  0.0000
    1   3.9362 THz   0.7071  0.0000  0.7071 -0.0000  0.0000 -0.0000
    2   5.0857 THz  -0.5418  0.0000  0.5418 -0.0000 -0.6426 -0.0000


 Q= -0.165468  0.000000 -0.165468, q=  0.000000 -0.500000  0.000000

                       Fe X   0        Fe Y   0        Fe Z   0     
                    --------------- --------------- ---------------
    0   3.3325 THz   0.7071  0.0000  0.0000 -0.0000 -0.7071 -0.0000
    1   4.9105 THz   0.7071  0.0000  0.0000  0.0000  0.7071  0.0000
    2   5.1884 THz   0.0000  0.0000 -1.0000 -0.0000 -0.0000 -0.0000


 Q= -0.082734  0.082734 -0.165468, q=  0.000000 -0.500000  0.250000

                       Fe X   0        Fe Y   0        Fe Z   0     
                    --------------- --------------- ---------------
    0   3.3245 THz   0.4544  0.0000 -0.4544  0.0000 -0.7662  0.0000
    1   3.9362 THz   0.7071  0.0000  0.7071 -0.0000  0.0000 -0.0000
    2   5.0857 THz  -0.5418  0.0000  0.5418 -0.0000 -0.6426  0.0000


 Q= -0.248203 -0.165468 -0.082734, q=  0.000000 -0.250000 -0.500000

                       Fe X   0        Fe Y   0        Fe Z   0     
                    --------------- --------------- ---------------
    0   3.3245 THz   0.4544  0.0000 -0.7662  0.0000 -0.4544  0.0000
    1   3.9362 THz   0.7071  0.0000  0.0000 -0.0000  0.7071 -0.0000
    2   5.0857 THz   0.5418  0.0000  0.6426 -0.0000 -0.5418  0.0000


 Q= -0.165468 -0.082734 -0.082734, q=  0.000000 -0.250000 -0.250000

                       Fe X   0        Fe Y   0        Fe Z   0     
                    --------------- --------------- ---------------
    0   3.3245 THz   0.7662  0.0000 -0.4544  0.0000 -0.4544  0.0000
    1   3.9362 THz   0.0000  0.0000 -0.0000  0.7071  0.0000 -0.7071
    2   5.0857 THz  -0.6426  0.0000 -0.5418  0.0000 -0.5418  0.0000


 Q= -0.082734  0.000000 -0.082734, q=  0.000000 -0.250000  0.000000

                       Fe X   0        Fe Y   0        Fe Z   0     
                    --------------- --------------- ---------------
    0   1.7521 THz   0.7071  0.0000  0.0000  0.0000 -0.7071 -0.0000
    1   2.8444 THz   0.0000  0.0000  0.9689 -0.2473  0.0000 -0.0000
    2   3.2969 THz   0.7071  0.0000  0.0000 -0.0000  0.7071  0.0000


 Q=  0.000000  0.082734 -0.082734, q=  0.000000 -0.250000  0.250000

                       Fe X   0        Fe Y   0        Fe Z   0     
                    --------------- --------------- ---------------
    0   1.7521 THz   0.0000  0.0000 -0.6980  0.1128 -0.6980  0.1128
    1   2.8444 THz   1.0000  0.0000  0.0000  0.0000  0.0000  0.0000
    2   3.2969 THz   0.0000  0.0000 -0.3649  0.6057  0.3649 -0.6057


 Q= -0.165468 -0.165468  0.000000, q=  0.000000  0.000000 -0.500000

                       Fe X   0        Fe Y   0        Fe Z   0     
                    --------------- --------------- ---------------
    0   3.3325 THz   0.7071  0.0000 -0.7071  0.0000  0.0000 -0.0000
    1   4.9105 THz  -0.7071  0.0000 -0.7071  0.0000  0.0000 -0.0000
    2   5.1884 THz   0.0000  0.0000 -0.0000 -0.0000 -1.0000 -0.0000


 Q= -0.082734 -0.082734  0.000000, q=  0.000000  0.000000 -0.250000

                       Fe X   0        Fe Y   0        Fe Z   0     
                    --------------- --------------- ---------------
    0   1.7521 THz   0.7071  0.0000 -0.7071  0.0000 -0.0000 -0.0000
    1   2.8444 THz   0.0000  0.0000 -0.0000 -0.0000 -0.2234  0.9747
    2   3.2969 THz  -0.7071  0.0000 -0.7071  0.0000 -0.0000 -0.0000


 Q=  0.000000  0.000000  0.000000, q=  0.000000  0.000000  0.000000

                       Fe X   0        Fe Y   0        Fe Z   0     
                    --------------- --------------- ---------------
    0  -0.0000 THz   0.1985  0.0000 -0.3594  0.0000  0.9118  0.0000
    1   0.0000 THz  -0.9170  0.0000  0.2604  0.0000  0.3023  0.0000
    2   0.0000 THz   0.3461  0.0000  0.8961  0.0000  0.2779  0.0000


 Q=  0.082734  0.082734  0.000000, q=  0.000000  0.000000  0.250000

                       Fe X   0        Fe Y   0        Fe Z   0     
                    --------------- --------------- ---------------
    0   1.7521 THz   0.7071  0.0000 -0.7071 -0.0000 -0.0000  0.0000
    1   2.8444 THz   0.0000  0.0000 -0.0000  0.0000 -0.2234 -0.9747
    2   3.2969 THz  -0.7071  0.0000 -0.7071 -0.0000 -0.0000  0.0000


 Q= -0.082734 -0.165468  0.082734, q=  0.000000  0.250000 -0.500000

                       Fe X   0        Fe Y   0        Fe Z   0     
                    --------------- --------------- ---------------
    0   3.3245 THz   0.4544  0.0000 -0.7662 -0.0000 -0.4544 -0.0000
    1   3.9362 THz   0.7071  0.0000  0.0000  0.0000  0.7071  0.0000
    2   5.0857 THz   0.5418  0.0000  0.6426 -0.0000 -0.5418 -0.0000


 Q=  0.000000 -0.082734  0.082734, q=  0.000000  0.250000 -0.250000

                       Fe X   0        Fe Y   0        Fe Z   0     
                    --------------- --------------- ---------------
    0   1.7521 THz   0.0000  0.0000 -0.6980 -0.1128 -0.6980 -0.1128
    1   2.8444 THz   1.0000  0.0000  0.0000  0.0000  0.0000  0.0000
    2   3.2969 THz   0.0000  0.0000 -0.3649 -0.6057  0.3649  0.6057


 Q=  0.082734  0.000000  0.082734, q=  0.000000  0.250000  0.000000

                       Fe X   0        Fe Y   0        Fe Z   0     
                    --------------- --------------- ---------------
    0   1.7521 THz   0.7071  0.0000  0.0000 -0.0000 -0.7071  0.0000
    1   2.8444 THz   0.0000  0.0000  0.9689  0.2473  0.0000  0.0000
    2   3.2969 THz   0.7071  0.0000  0.0000  0.0000  0.7071 -0.0000


 Q=  0.165468  0.082734  0.082734, q=  0.000000  0.250000  0.250000

                       Fe X   0        Fe Y   0        Fe Z   0     
                    --------------- --------------- ---------------
    0   3.3245 THz   0.7662  0.0000 -0.4544 -0.0000 -0.4544 -0.0000
    1   3.9362 THz   0.0000  0.0000 -0.0000 -0.7071  0.0000  0.7071
    2   5.0857 THz  -0.6426  0.0000 -0.5418 -0.0000 -0.5418 -0.0000


 Q= -0.330937 -0.082734 -0.082734, q=  0.250000 -0.500000 -0.500000

                       Fe X   0        Fe Y   0        Fe Z   0     
                    --------------- --------------- ---------------
    0   5.1053 THz   0.0000  0.0000  0.0448 -0.7057  0.0448 -0.7057
    1   5.3339 THz   0.0000  0.0000  0.6971 -0.1183 -0.6971  0.1183
    2   5.4356 THz   1.0000  0.0000  0.0000  0.0000  0.0000  0.0000


 Q= -0.248203  0.000000 -0.082734, q=  0.250000 -0.500000 -0.250000

                       Fe X   0        Fe Y   0        Fe Z   0     
                    --------------- --------------- ---------------
    0   5.1053 THz   0.7071  0.0000  0.0000 -0.0000 -0.7071  0.0000
    1   5.3339 THz   0.7071  0.0000  0.0000  0.0000  0.7071 -0.0000
    2   5.4356 THz   0.0000  0.0000 -0.9540 -0.2997  0.0000 -0.0000


 Q= -0.165468  0.082734 -0.082734, q=  0.250000 -0.500000  0.000000

                       Fe X   0        Fe Y   0        Fe Z   0     
                    --------------- --------------- ---------------
    0   3.3245 THz   0.7662  0.0000  0.4544 -0.0000 -0.4544  0.0000
    1   3.9362 THz   0.0000  0.0000 -0.7069  0.0179 -0.7069  0.0179
    2   5.0857 THz   0.6426  0.0000 -0.5418  0.0000  0.5418 -0.0000


 Q= -0.082734  0.165468 -0.082734, q=  0.250000 -0.500000  0.250000

                       Fe X   0        Fe Y   0        Fe Z   0     
                    --------------- --------------- ---------------
    0   3.3245 THz   0.4544  0.0000  0.7662 -0.0000  0.4544 -0.0000
    1   3.9362 THz  -0.7071  0.0000  0.0000 -0.0000  0.7071 -0.0000
    2   5.0857 THz  -0.5418  0.0000  0.6426 -0.0000 -0.5418  0.0000


 Q= -0.248203 -0.082734  0.000000, q=  0.250000 -0.250000 -0.500000

                       Fe X   0        Fe Y   0        Fe Z   0     
                    --------------- --------------- ---------------
    0   5.1053 THz   0.7071  0.0000 -0.7071 -0.0000  0.0000  0.0000
    1   5.3339 THz  -0.7071  0.0000 -0.7071 -0.0000  0.0000  0.0000
    2   5.4356 THz   0.0000  0.0000  0.0000  0.0000 -0.1579  0.9874


 Q= -0.165468  0.000000  0.000000, q=  0.250000 -0.250000 -0.250000

                       Fe X   0        Fe Y   0        Fe Z   0     
                    --------------- --------------- ---------------
    0   3.9418 THz   0.0000  0.0000 -0.0720 -0.0303  0.0285 -0.9965
    1   3.9418 THz   0.0000  0.0000  0.0029 -0.9969 -0.0729  0.0280
    2   5.4528 THz   1.0000  0.0000  0.0000  0.0000  0.0000  0.0000


 Q= -0.082734  0.082734  0.000000, q=  0.250000 -0.250000  0.000000

                       Fe X   0        Fe Y   0        Fe Z   0     
                    --------------- --------------- ---------------
    0   1.7521 THz   0.7071  0.0000  0.7071  0.0000  0.0000 -0.0000
    1   2.8444 THz   0.0000  0.0000 -0.0000  0.0000 -0.4074 -0.9133
    2   3.2969 THz   0.7071  0.0000 -0.7071 -0.0000 -0.0000  0.0000


 Q=  0.000000  0.165468  0.000000, q=  0.250000 -0.250000  0.250000

                       Fe X   0        Fe Y   0        Fe Z   0     
                    --------------- --------------- ---------------
    0   3.9418 THz   1.0000  0.0000  0.0000  0.0000  0.0000  0.0000
    1   3.9418 THz   0.0000  0.0000  0.0000  0.0000 -0.4792  0.8777
    2   5.4528 THz   0.0000  0.0000  0.4424  0.8968  0.0000 -0.0000


 Q= -0.165468 -0.082734  0.082734, q=  0.250000  0.000000 -0.500000

                       Fe X   0        Fe Y   0        Fe Z   0     
                    --------------- --------------- ---------------
    0   3.3245 THz   0.7662  0.0000 -0.4544 -0.0000  0.4544 -0.0000
    1   3.9362 THz   0.0000  0.0000 -0.7070  0.0108 -0.7070  0.0108
    2   5.0857 THz   0.6426  0.0000  0.5418  0.0000 -0.5418  0.0000


 Q= -0.082734  0.000000  0.082734, q=  0.250000  0.000000 -0.250000

                       Fe X   0        Fe Y   0        Fe Z   0     
                    --------------- --------------- ---------------
    0   1.7521 THz  -0.7071  0.0000  0.0000  0.0000 -0.7071 -0.0000
    1   2.8444 THz   0.0000  0.0000  0.7276  0.6861  0.0000  0.0000
    2   3.2969 THz   0.7071  0.0000  0.0000  0.0000 -0.7071 -0.0000


 Q=  0.000000  0.082734  0.082734, q=  0.250000  0.000000  0.000000

                       Fe X   0        Fe Y   0        Fe Z   0     
                    --------------- --------------- ---------------
    0   1.7521 THz   0.0000  0.0000 -0.2186  0.6725  0.2186 -0.6725
    1   2.8444 THz   1.0000  0.0000  0.0000  0.0000  0.0000  0.0000
    2   3.2969 THz   0.0000  0.0000 -0.4876  0.5121 -0.4876  0.5121


 Q=  0.082734  0.165468  0.082734, q=  0.250000  0.000000  0.250000

                       Fe X   0        Fe Y   0        Fe Z   0     
                    --------------- --------------- ---------------
    0   3.3245 THz   0.4544  0.0000 -0.7662 -0.0000  0.4544  0.0000
    1   3.9362 THz  -0.7071  0.0000 -0.0000 -0.0000  0.7071  0.0000
    2   5.0857 THz   0.5418  0.0000  0.6426 -0.0000  0.5418  0.0000


 Q= -0.082734 -0.082734  0.165468, q=  0.250000  0.250000 -0.500000

                       Fe X   0        Fe Y   0        Fe Z   0     
                    --------------- --------------- ---------------
    0   3.3245 THz   0.4544  0.0000  0.4544  0.0000  0.7662  0.0000
    1   3.9362 THz  -0.7071  0.0000  0.7071 -0.0000  0.0000  0.0000
    2   5.0857 THz   0.5418  0.0000  0.5418 -0.0000 -0.6426  0.0000


 Q=  0.000000  0.000000  0.165468, q=  0.250000  0.250000 -0.250000

                       Fe X   0        Fe Y   0        Fe Z   0     
                    --------------- --------------- ---------------
    0   3.9418 THz   1.0000  0.0000  0.0000  0.0000  0.0000  0.0000
    1   3.9418 THz   0.0000  0.0000 -0.0018 -1.0000 -0.0000 -0.0000
    2   5.4528 THz   0.0000  0.0000  0.0000  0.0000 -0.5845 -0.8114


 Q=  0.082734  0.082734  0.165468, q=  0.250000  0.250000  0.000000

                       Fe X   0        Fe Y   0        Fe Z   0     
                    --------------- --------------- ---------------
    0   3.3245 THz   0.4544  0.0000  0.4544  0.0000 -0.7662 -0.0000
    1   3.9362 THz   0.7071  0.0000 -0.7071 -0.0000  0.0000  0.0000
    2   5.0857 THz   0.5418  0.0000  0.5418 -0.0000  0.6426 -0.0000


 Q=  0.165468  0.165468  0.165468, q=  0.250000  0.250000  0.250000

                       Fe X   0        Fe Y   0        Fe Z   0     
                    --------------- --------------- ---------------
    0   4.3278 THz   0.0000  0.0000  0.0573  0.1107 -0.7223 -0.6803
    1   4.3278 THz   1.0000  0.0000  0.0000  0.0000  0.0000  0.0000
    2   4.3278 THz   0.0000  0.0000 -0.5646 -0.8159 -0.1008 -0.0732
