
Used Primitive lattice vector

   -1.931554000000     -1.931554000000      0.000000000000  
   -1.931554000000      0.000000000000     -1.931554000000  
    0.000000000000     -1.931554000000     -1.931554000000  

   1 Atom(s) in the Primitive cell

 0.0000000000 0.0000000000 0.0000000000 Cu    0


 Q=  0.129429  0.129429  0.129429, q= -0.500000 -0.500000 -0.500000

                       Cu X   0        Cu Y   0        Cu Z   0     
                    --------------- --------------- ---------------
    0   2.8586 THz   0.0000  0.0000  0.7071  0.0000 -0.7071 -0.0000
    1   2.8586 THz   0.8165  0.0000 -0.4082  0.0000 -0.4082 -0.0000
    2   3.9604 THz  -0.5774  0.0000 -0.5774  0.0000 -0.5774 -0.0000


 Q=  0.194144  0.064715  0.064715, q= -0.500000 -0.500000 -0.250000

                       Cu X   0        Cu Y   0        Cu Z   0     
                    --------------- --------------- ---------------
    0   3.1041 THz   0.5175  0.0000 -0.6050  0.0000 -0.6050  0.0000
    1   3.2392 THz   0.0000  0.0000  0.7030 -0.0765 -0.7030  0.0765
    2   3.7356 THz   0.8557  0.0000  0.3660 -0.0000  0.3660 -0.0000


 Q=  0.258859  0.000000  0.000000, q= -0.500000 -0.500000  0.000000

                       Cu X   0        Cu Y   0        Cu Z   0     
                    --------------- --------------- ---------------
    0   3.6377 THz   0.0000  0.0000 -0.9131  0.0000 -0.4078 -0.0000
    1   3.6377 THz   0.0000  0.0000  0.4078 -0.0000 -0.9131  0.0000
    2   4.0152 THz   1.0000  0.0000  0.0000  0.0000  0.0000  0.0000


 Q=  0.323574 -0.064715 -0.064715, q= -0.500000 -0.500000  0.250000

                       Cu X   0        Cu Y   0        Cu Z   0     
                    --------------- --------------- ---------------
    0   3.1041 THz   0.5175  0.0000 -0.6050 -0.0000 -0.6050 -0.0000
    1   3.2392 THz   0.0000  0.0000  0.4343 -0.5580 -0.4343  0.5580
    2   3.7356 THz   0.8557  0.0000  0.3660  0.0000  0.3660  0.0000


 Q=  0.064715  0.194144  0.064715, q= -0.500000 -0.250000 -0.500000

                       Cu X   0        Cu Y   0        Cu Z   0     
                    --------------- --------------- ---------------
    0   3.1041 THz   0.6050  0.0000 -0.5175 -0.0000  0.6050  0.0000
    1   3.2392 THz  -0.7071  0.0000  0.0000  0.0000  0.7071  0.0000
    2   3.7356 THz   0.3660  0.0000  0.8557  0.0000  0.3660  0.0000


 Q=  0.129429  0.129429  0.000000, q= -0.500000 -0.250000 -0.250000

                       Cu X   0        Cu Y   0        Cu Z   0     
                    --------------- --------------- ---------------
    0   2.8293 THz   0.7071  0.0000 -0.7071 -0.0000  0.0000  0.0000
    1   3.1181 THz   0.0000  0.0000 -0.0000  0.0000 -0.6416 -0.7670
    2   3.6417 THz   0.7071  0.0000  0.7071  0.0000 -0.0000 -0.0000


 Q=  0.194144  0.064715 -0.064715, q= -0.500000 -0.250000  0.000000

                       Cu X   0        Cu Y   0        Cu Z   0     
                    --------------- --------------- ---------------
    0   3.1041 THz   0.5175  0.0000 -0.6050  0.0000  0.6050  0.0000
    1   3.2392 THz   0.0000  0.0000 -0.7070 -0.0100 -0.7070 -0.0100
    2   3.7356 THz   0.8557  0.0000  0.3660 -0.0000 -0.3660 -0.0000


 Q=  0.258859  0.000000 -0.129429, q= -0.500000 -0.250000  0.250000

                       Cu X   0        Cu Y   0        Cu Z   0     
                    --------------- --------------- ---------------
    0   3.2247 THz   0.0000  0.0000 -0.0000  0.0000  0.9737  0.2278
    1   3.5490 THz   0.0000  0.0000 -1.0000  0.0045 -0.0000 -0.0000
    2   3.5490 THz   1.0000  0.0000  0.0000  0.0000  0.0000  0.0000


 Q=  0.000000  0.258859  0.000000, q= -0.500000  0.000000 -0.500000

                       Cu X   0        Cu Y   0        Cu Z   0     
                    --------------- --------------- ---------------
    0   3.6377 THz   0.0000  0.0000 -0.0000  0.0000 -1.0000  0.0000
    1   3.6377 THz   1.0000  0.0000  0.0000  0.0000  0.0000  0.0000
    2   4.0152 THz   0.0000  0.0000 -1.0000  0.0000  0.0000 -0.0000


 Q=  0.064715  0.194144 -0.064715, q= -0.500000  0.000000 -0.250000

                       Cu X   0        Cu Y   0        Cu Z   0     
                    --------------- --------------- ---------------
    0   3.1041 THz   0.6050  0.0000 -0.5175  0.0000 -0.6050 -0.0000
    1   3.2392 THz   0.7071  0.0000  0.0000 -0.0000  0.7071  0.0000
    2   3.7356 THz   0.3660  0.0000  0.8557  0.0000 -0.3660 -0.0000


 Q=  0.129429  0.129429 -0.129429, q= -0.500000  0.000000  0.000000

                       Cu X   0        Cu Y   0        Cu Z   0     
                    --------------- --------------- ---------------
    0   2.8586 THz   0.7108  0.0000 -0.0074 -0.0000  0.7034 -0.0000
    1   2.8586 THz  -0.4018 -0.0000  0.8165 -0.0000  0.4147 -0.0000
    2   3.9604 THz   0.5774  0.0000  0.5774  0.0000 -0.5774 -0.0000


 Q=  0.194144  0.064715 -0.194144, q= -0.500000  0.000000  0.250000

                       Cu X   0        Cu Y   0        Cu Z   0     
                    --------------- --------------- ---------------
    0   3.1041 THz   0.6050  0.0000 -0.5175 -0.0000 -0.6050  0.0000
    1   3.2392 THz   0.7071  0.0000 -0.0000  0.0000  0.7071 -0.0000
    2   3.7356 THz   0.3660  0.0000  0.8557 -0.0000 -0.3660  0.0000


 Q= -0.064715  0.323574 -0.064715, q= -0.500000  0.250000 -0.500000

                       Cu X   0        Cu Y   0        Cu Z   0     
                    --------------- --------------- ---------------
    0   3.1041 THz   0.6050  0.0000 -0.5175  0.0000  0.6050 -0.0000
    1   3.2392 THz  -0.7071  0.0000  0.0000  0.0000  0.7071 -0.0000
    2   3.7356 THz   0.3660  0.0000  0.8557 -0.0000  0.3660 -0.0000


 Q=  0.000000  0.258859 -0.129429, q= -0.500000  0.250000 -0.250000

                       Cu X   0        Cu Y   0        Cu Z   0     
                    --------------- --------------- ---------------
    0   3.2247 THz   0.0000  0.0000  0.0000 -0.0000 -0.6719 -0.7407
    1   3.5490 THz   1.0000  0.0000  0.0000  0.0000  0.0000  0.0000
    2   3.5490 THz   0.0000  0.0000 -1.0000  0.0017 -0.0000 -0.0000


 Q=  0.064715  0.194144 -0.194144, q= -0.500000  0.250000  0.000000

                       Cu X   0        Cu Y   0        Cu Z   0     
                    --------------- --------------- ---------------
    0   3.1041 THz   0.5175  0.0000 -0.6050 -0.0000  0.6050 -0.0000
    1   3.2392 THz   0.0000  0.0000 -0.7071 -0.0088 -0.7071 -0.0088
    2   3.7356 THz   0.8557  0.0000  0.3660  0.0000 -0.3660  0.0000


 Q=  0.129429  0.129429 -0.258859, q= -0.500000  0.250000  0.250000

                       Cu X   0        Cu Y   0        Cu Z   0     
                    --------------- --------------- ---------------
    0   2.8293 THz   0.7071  0.0000 -0.7071  0.0000  0.0000 -0.0000
    1   3.1181 THz   0.0000  0.0000 -0.0000 -0.0000 -0.9095 -0.4157
    2   3.6417 THz   0.7071  0.0000  0.7071 -0.0000 -0.0000  0.0000


 Q=  0.064715  0.064715  0.194144, q= -0.250000 -0.500000 -0.500000

                       Cu X   0        Cu Y   0        Cu Z   0     
                    --------------- --------------- ---------------
    0   3.1041 THz   0.6050  0.0000  0.6050  0.0000 -0.5175 -0.0000
    1   3.2392 THz   0.7071  0.0000 -0.7071 -0.0000 -0.0000  0.0000
    2   3.7356 THz   0.3660  0.0000  0.3660  0.0000  0.8557  0.0000


 Q=  0.129429  0.000000  0.129429, q= -0.250000 -0.500000 -0.250000

                       Cu X   0        Cu Y   0        Cu Z   0     
                    --------------- --------------- ---------------
    0   2.8293 THz   0.7071  0.0000  0.0000  0.0000 -0.7071  0.0000
    1   3.1181 THz   0.0000  0.0000  0.9991 -0.0413  0.0000 -0.0000
    2   3.6417 THz   0.7071  0.0000  0.0000 -0.0000  0.7071 -0.0000


 Q=  0.194144 -0.064715  0.064715, q= -0.250000 -0.500000  0.000000

                       Cu X   0        Cu Y   0        Cu Z   0     
                    --------------- --------------- ---------------
    0   3.1041 THz  -0.5175  0.0000 -0.6050  0.0000  0.6050 -0.0000
    1   3.2392 THz   0.0000  0.0000 -0.7070  0.0145 -0.7070  0.0145
    2   3.7356 THz   0.8557  0.0000 -0.3660  0.0000  0.3660 -0.0000


 Q=  0.258859 -0.129429  0.000000, q= -0.250000 -0.500000  0.250000

                       Cu X   0        Cu Y   0        Cu Z   0     
                    --------------- --------------- ---------------
    0   3.2247 THz   0.0000  0.0000  0.9223  0.3865  0.0000 -0.0000
    1   3.5490 THz   1.0000  0.0000  0.0000  0.0000  0.0000  0.0000
    2   3.5490 THz   0.0000  0.0000  0.0000  0.0000 -0.7813  0.6242


 Q=  0.000000  0.129429  0.129429, q= -0.250000 -0.250000 -0.500000

                       Cu X   0        Cu Y   0        Cu Z   0     
                    --------------- --------------- ---------------
    0   2.8293 THz   0.0000  0.0000 -0.3908  0.5893  0.3908 -0.5893
    1   3.1181 THz   1.0000  0.0000  0.0000  0.0000  0.0000  0.0000
    2   3.6417 THz   0.0000  0.0000  0.0144  0.7070  0.0144  0.7070


 Q=  0.064715  0.064715  0.064715, q= -0.250000 -0.250000 -0.250000

                       Cu X   0        Cu Y   0        Cu Z   0     
                    --------------- --------------- ---------------
    0   2.2275 THz   0.0000  0.0000  0.7070 -0.0128 -0.7070  0.0128
    1   2.2275 THz   0.8165  0.0000 -0.4082 -0.0000 -0.4082 -0.0000
    2   3.5674 THz  -0.5774  0.0000 -0.5774 -0.0000 -0.5774 -0.0000


 Q=  0.129429  0.000000  0.000000, q= -0.250000 -0.250000  0.000000

                       Cu X   0        Cu Y   0        Cu Z   0     
                    --------------- --------------- ---------------
    0   2.8449 THz   0.0000  0.0000 -0.8272  0.1364  0.5325  0.1162
    1   2.8449 THz   0.0000  0.0000 -0.5372  0.0919 -0.8202 -0.1739
    2   3.4244 THz   1.0000  0.0000  0.0000  0.0000  0.0000  0.0000


 Q=  0.194144 -0.064715 -0.064715, q= -0.250000 -0.250000  0.250000

                       Cu X   0        Cu Y   0        Cu Z   0     
                    --------------- --------------- ---------------
    0   3.1041 THz  -0.5175  0.0000 -0.6050  0.0000 -0.6050  0.0000
    1   3.2392 THz   0.0000  0.0000  0.7065  0.0286 -0.7065 -0.0286
    2   3.7356 THz   0.8557  0.0000 -0.3660  0.0000 -0.3660  0.0000


 Q= -0.064715  0.194144  0.064715, q= -0.250000  0.000000 -0.500000

                       Cu X   0        Cu Y   0        Cu Z   0     
                    --------------- --------------- ---------------
    0   3.1041 THz   0.6050  0.0000  0.5175 -0.0000 -0.6050  0.0000
    1   3.2392 THz   0.7071  0.0000 -0.0000  0.0000  0.7071 -0.0000
    2   3.7356 THz  -0.3660  0.0000  0.8557  0.0000  0.3660  0.0000


 Q=  0.000000  0.129429  0.000000, q= -0.250000  0.000000 -0.250000

                       Cu X   0        Cu Y   0        Cu Z   0     
                    --------------- --------------- ---------------
    0   2.8449 THz   1.0000  0.0000  0.0000  0.0000  0.0000  0.0000
    1   2.8449 THz   0.0000  0.0000 -0.0000  0.0000  0.8457 -0.5337
    2   3.4244 THz   0.0000  0.0000 -0.9736  0.2284  0.0000 -0.0000


 Q=  0.064715  0.064715 -0.064715, q= -0.250000  0.000000  0.000000

                       Cu X   0        Cu Y   0        Cu Z   0     
                    --------------- --------------- ---------------
    0   2.2275 THz   0.0000  0.0000 -0.7071 -0.0025 -0.7071 -0.0025
    1   2.2275 THz   0.8165  0.0000 -0.4082 -0.0000  0.4082  0.0000
    2   3.5674 THz  -0.5774  0.0000 -0.5774 -0.0000  0.5774  0.0000


 Q=  0.129429  0.000000 -0.129429, q= -0.250000  0.000000  0.250000

                       Cu X   0        Cu Y   0        Cu Z   0     
                    --------------- --------------- ---------------
    0   2.8293 THz   0.7071  0.0000  0.0000  0.0000  0.7071  0.0000
    1   3.1181 THz   0.0000  0.0000 -1.0000  0.0065  0.0000 -0.0000
    2   3.6417 THz   0.7071  0.0000  0.0000 -0.0000 -0.7071 -0.0000


 Q= -0.129429  0.258859  0.000000, q= -0.250000  0.250000 -0.500000

                       Cu X   0        Cu Y   0        Cu Z   0     
                    --------------- --------------- ---------------
    0   3.2247 THz   1.0000  0.0000  0.0000  0.0000  0.0000  0.0000
    1   3.5490 THz   0.0000  0.0000 -0.0493  0.5902  0.6532 -0.4717
    2   3.5490 THz   0.0000  0.0000 -0.4839 -0.6443  0.1280 -0.5782


 Q= -0.064715  0.194144 -0.064715, q= -0.250000  0.250000 -0.250000

                       Cu X   0        Cu Y   0        Cu Z   0     
                    --------------- --------------- ---------------
    0   3.1041 THz   0.6050  0.0000  0.5175  0.0000  0.6050  0.0000
    1   3.2392 THz  -0.7071  0.0000  0.0000  0.0000  0.7071  0.0000
    2   3.7356 THz  -0.3660  0.0000  0.8557  0.0000 -0.3660 -0.0000


 Q=  0.000000  0.129429 -0.129429, q= -0.250000  0.250000  0.000000

                       Cu X   0        Cu Y   0        Cu Z   0     
                    --------------- --------------- ---------------
    0   2.8293 THz   0.0000  0.0000 -0.2243 -0.6706 -0.2243 -0.6706
    1   3.1181 THz   1.0000  0.0000  0.0000  0.0000  0.0000  0.0000
    2   3.6417 THz   0.0000  0.0000 -0.1660 -0.6874  0.1660  0.6874


 Q=  0.064715  0.064715 -0.194144, q= -0.250000  0.250000  0.250000

                       Cu X   0        Cu Y   0        Cu Z   0     
                    --------------- --------------- ---------------
    0   3.1041 THz   0.6050  0.0000  0.6050  0.0000  0.5175  0.0000
    1   3.2392 THz  -0.7071  0.0000  0.7071  0.0000 -0.0000  0.0000
    2   3.7356 THz   0.3660  0.0000  0.3660  0.0000 -0.8557 -0.0000


 Q=  0.000000  0.000000  0.258859, q=  0.000000 -0.500000 -0.500000

                       Cu X   0        Cu Y   0        Cu Z   0     
                    --------------- --------------- ---------------
    0   3.6377 THz   1.0000  0.0000  0.0000  0.0000  0.0000  0.0000
    1   3.6377 THz   0.0000  0.0000 -1.0000  0.0000 -0.0000  0.0000
    2   4.0152 THz   0.0000  0.0000  0.0000  0.0000 -1.0000  0.0000


 Q=  0.064715 -0.064715  0.194144, q=  0.000000 -0.500000 -0.250000

                       Cu X   0        Cu Y   0        Cu Z   0     
                    --------------- --------------- ---------------
    0   3.1041 THz   0.6050  0.0000 -0.6050  0.0000 -0.5175  0.0000
    1   3.2392 THz   0.7071  0.0000  0.7071 -0.0000 -0.0000 -0.0000
    2   3.7356 THz  -0.3660  0.0000  0.3660 -0.0000 -0.8557  0.0000


 Q=  0.129429 -0.129429  0.129429, q=  0.000000 -0.500000  0.000000

                       Cu X   0        Cu Y   0        Cu Z   0     
                    --------------- --------------- ---------------
    0   2.8586 THz   0.8165  0.0000  0.4082 -0.0000 -0.4082  0.0000
    1   2.8586 THz   0.0000  0.0000 -0.7071 -0.0000 -0.7071 -0.0000
    2   3.9604 THz   0.5774  0.0000 -0.5774  0.0000  0.5774 -0.0000


 Q=  0.194144 -0.194144  0.064715, q=  0.000000 -0.500000  0.250000

                       Cu X   0        Cu Y   0        Cu Z   0     
                    --------------- --------------- ---------------
    0   3.1041 THz   0.6050  0.0000 -0.6050 -0.0000 -0.5175 -0.0000
    1   3.2392 THz   0.7071  0.0000  0.7071  0.0000 -0.0000  0.0000
    2   3.7356 THz  -0.3660  0.0000  0.3660  0.0000 -0.8557 -0.0000


 Q= -0.064715  0.064715  0.194144, q=  0.000000 -0.250000 -0.500000

                       Cu X   0        Cu Y   0        Cu Z   0     
                    --------------- --------------- ---------------
    0   3.1041 THz   0.6050  0.0000 -0.6050 -0.0000  0.5175  0.0000
    1   3.2392 THz  -0.7071  0.0000 -0.7071 -0.0000  0.0000  0.0000
    2   3.7356 THz  -0.3660  0.0000  0.3660 -0.0000  0.8557 -0.0000


 Q=  0.000000  0.000000  0.129429, q=  0.000000 -0.250000 -0.250000

                       Cu X   0        Cu Y   0        Cu Z   0     
                    --------------- --------------- ---------------
    0   2.8449 THz   0.0000  0.0000 -0.7071  0.7071  0.0000  0.0000
    1   2.8449 THz   1.0000  0.0000  0.0000  0.0000  0.0000  0.0000
    2   3.4244 THz   0.0000  0.0000  0.0000  0.0000  0.0234  0.9997


 Q=  0.064715 -0.064715  0.064715, q=  0.000000 -0.250000  0.000000

                       Cu X   0        Cu Y   0        Cu Z   0     
                    --------------- --------------- ---------------
    0   2.2275 THz   0.0000  0.0000 -0.7055  0.0482 -0.7055  0.0482
    1   2.2275 THz   0.8165  0.0000  0.4082 -0.0000 -0.4082  0.0000
    2   3.5674 THz   0.5774  0.0000 -0.5774  0.0000  0.5774 -0.0000


 Q=  0.129429 -0.129429  0.000000, q=  0.000000 -0.250000  0.250000

                       Cu X   0        Cu Y   0        Cu Z   0     
                    --------------- --------------- ---------------
    0   2.8293 THz   0.7071  0.0000  0.7071  0.0000 -0.0000 -0.0000
    1   3.1181 THz   0.0000  0.0000  0.0000  0.0000 -0.6907  0.7231
    2   3.6417 THz   0.7071  0.0000 -0.7071 -0.0000  0.0000  0.0000


 Q= -0.129429  0.129429  0.129429, q=  0.000000  0.000000 -0.500000

                       Cu X   0        Cu Y   0        Cu Z   0     
                    --------------- --------------- ---------------
    0   2.8586 THz   0.8165  0.0000  0.4082 -0.0000  0.4082  0.0000
    1   2.8586 THz   0.0000  0.0000  0.7071  0.0000 -0.7071 -0.0000
    2   3.9604 THz   0.5774  0.0000 -0.5774  0.0000 -0.5774 -0.0000


 Q= -0.064715  0.064715  0.064715, q=  0.000000  0.000000 -0.250000

                       Cu X   0        Cu Y   0        Cu Z   0     
                    --------------- --------------- ---------------
    0   2.2275 THz   0.0000  0.0000  0.6910  0.1501 -0.6910 -0.1501
    1   2.2275 THz   0.8165  0.0000  0.4082 -0.0000  0.4082 -0.0000
    2   3.5674 THz   0.5774  0.0000 -0.5774  0.0000 -0.5774  0.0000


 Q=  0.000000  0.000000  0.000000, q=  0.000000  0.000000  0.000000

                       Cu X   0        Cu Y   0        Cu Z   0     
                    --------------- --------------- ---------------
    0  -0.0000 THz   0.9162  0.0000  0.3176  0.0000 -0.2445  0.0000
    1   0.0000 THz  -0.2984  0.0000  0.9477  0.0000  0.1127  0.0000
    2  -0.0000 THz   0.2675  0.0000 -0.0303  0.0000  0.9631  0.0000


 Q=  0.064715 -0.064715 -0.064715, q=  0.000000  0.000000  0.250000

                       Cu X   0        Cu Y   0        Cu Z   0     
                    --------------- --------------- ---------------
    0   2.2275 THz   0.0000  0.0000  0.6910 -0.1501 -0.6910  0.1501
    1   2.2275 THz   0.8165  0.0000  0.4082  0.0000  0.4082  0.0000
    2   3.5674 THz   0.5774  0.0000 -0.5774 -0.0000 -0.5774 -0.0000


 Q= -0.194144  0.194144  0.064715, q=  0.000000  0.250000 -0.500000

                       Cu X   0        Cu Y   0        Cu Z   0     
                    --------------- --------------- ---------------
    0   3.1041 THz   0.6050  0.0000 -0.6050  0.0000  0.5175 -0.0000
    1   3.2392 THz  -0.7071  0.0000 -0.7071  0.0000 -0.0000 -0.0000
    2   3.7356 THz  -0.3660  0.0000  0.3660 -0.0000  0.8557  0.0000


 Q= -0.129429  0.129429  0.000000, q=  0.000000  0.250000 -0.250000

                       Cu X   0        Cu Y   0        Cu Z   0     
                    --------------- --------------- ---------------
    0   2.8293 THz   0.7071  0.0000  0.7071 -0.0000 -0.0000  0.0000
    1   3.1181 THz   0.0000  0.0000  0.0000 -0.0000 -0.6907 -0.7231
    2   3.6417 THz   0.7071  0.0000 -0.7071  0.0000  0.0000 -0.0000


 Q= -0.064715  0.064715 -0.064715, q=  0.000000  0.250000  0.000000

                       Cu X   0        Cu Y   0        Cu Z   0     
                    --------------- --------------- ---------------
    0   2.2275 THz   0.0000  0.0000 -0.7055 -0.0482 -0.7055 -0.0482
    1   2.2275 THz   0.8165  0.0000  0.4082  0.0000 -0.4082 -0.0000
    2   3.5674 THz   0.5774  0.0000 -0.5774 -0.0000  0.5774  0.0000


 Q=  0.000000  0.000000 -0.129429, q=  0.000000  0.250000  0.250000

                       Cu X   0        Cu Y   0        Cu Z   0     
                    --------------- --------------- ---------------
    0   2.8449 THz   0.0000  0.0000 -0.7071 -0.7071  0.0000 -0.0000
    1   2.8449 THz   1.0000  0.0000  0.0000  0.0000  0.0000  0.0000
    2   3.4244 THz   0.0000  0.0000  0.0000 -0.0000  0.0234 -0.9997


 Q= -0.064715 -0.064715  0.323574, q=  0.250000 -0.500000 -0.500000

                       Cu X   0        Cu Y   0        Cu Z   0     
                    --------------- --------------- ---------------
    0   3.1041 THz   0.6050  0.0000  0.6050  0.0000 -0.5175 -0.0000
    1   3.2392 THz   0.7071  0.0000 -0.7071 -0.0000 -0.0000  0.0000
    2   3.7356 THz   0.3660  0.0000  0.3660 -0.0000  0.8557 -0.0000


 Q=  0.000000 -0.129429  0.258859, q=  0.250000 -0.500000 -0.250000

                       Cu X   0        Cu Y   0        Cu Z   0     
                    --------------- --------------- ---------------
    0   3.2247 THz   0.0000  0.0000 -0.6727  0.7399 -0.0000 -0.0000
    1   3.5490 THz   0.0000  0.0000 -0.0000 -0.0000 -0.5610  0.8278
    2   3.5490 THz   1.0000  0.0000  0.0000  0.0000  0.0000  0.0000


 Q=  0.064715 -0.194144  0.194144, q=  0.250000 -0.500000  0.000000

                       Cu X   0        Cu Y   0        Cu Z   0     
                    --------------- --------------- ---------------
    0   3.1041 THz  -0.5175  0.0000 -0.6050 -0.0000  0.6050  0.0000
    1   3.2392 THz   0.0000  0.0000 -0.7071  0.0005 -0.7071  0.0005
    2   3.7356 THz   0.8557  0.0000 -0.3660 -0.0000  0.3660  0.0000


 Q=  0.129429 -0.258859  0.129429, q=  0.250000 -0.500000  0.250000

                       Cu X   0        Cu Y   0        Cu Z   0     
                    --------------- --------------- ---------------
    0   2.8293 THz  -0.7071  0.0000 -0.0000  0.0000  0.7071  0.0000
    1   3.1181 THz   0.0000  0.0000 -0.9989  0.0460  0.0000 -0.0000
    2   3.6417 THz   0.7071  0.0000 -0.0000  0.0000  0.7071  0.0000


 Q= -0.129429  0.000000  0.258859, q=  0.250000 -0.250000 -0.500000

                       Cu X   0        Cu Y   0        Cu Z   0     
                    --------------- --------------- ---------------
    0   3.2247 THz   1.0000  0.0000  0.0000  0.0000  0.0000  0.0000
    1   3.5490 THz   0.0000  0.0000 -0.8085  0.0680  0.4673  0.3512
    2   3.5490 THz   0.0000  0.0000 -0.5781 -0.0869 -0.5185 -0.6241


 Q= -0.064715 -0.064715  0.194144, q=  0.250000 -0.250000 -0.250000

                       Cu X   0        Cu Y   0        Cu Z   0     
                    --------------- --------------- ---------------
    0   3.1041 THz   0.6050  0.0000  0.6050 -0.0000  0.5175 -0.0000
    1   3.2392 THz  -0.7071  0.0000  0.7071 -0.0000 -0.0000 -0.0000
    2   3.7356 THz   0.3660  0.0000  0.3660 -0.0000 -0.8557  0.0000


 Q=  0.000000 -0.129429  0.129429, q=  0.250000 -0.250000  0.000000

                       Cu X   0        Cu Y   0        Cu Z   0     
                    --------------- --------------- ---------------
    0   2.8293 THz   0.0000  0.0000 -0.2243  0.6706 -0.2243  0.6706
    1   3.1181 THz   1.0000  0.0000  0.0000  0.0000  0.0000  0.0000
    2   3.6417 THz   0.0000  0.0000 -0.1660  0.6874  0.1660 -0.6874


 Q=  0.064715 -0.194144  0.064715, q=  0.250000 -0.250000  0.250000

                       Cu X   0        Cu Y   0        Cu Z   0     
                    --------------- --------------- ---------------
    0   3.1041 THz   0.6050  0.0000  0.5175 -0.0000  0.6050 -0.0000
    1   3.2392 THz  -0.7071  0.0000  0.0000 -0.0000  0.7071 -0.0000
    2   3.7356 THz  -0.3660  0.0000  0.8557 -0.0000 -0.3660  0.0000


 Q= -0.194144  0.064715  0.194144, q=  0.250000  0.000000 -0.500000

                       Cu X   0        Cu Y   0        Cu Z   0     
                    --------------- --------------- ---------------
    0   3.1041 THz   0.6050  0.0000  0.5175 -0.0000 -0.6050 -0.0000
    1   3.2392 THz   0.7071  0.0000 -0.0000 -0.0000  0.7071  0.0000
    2   3.7356 THz  -0.3660  0.0000  0.8557 -0.0000  0.3660 -0.0000


 Q= -0.129429  0.000000  0.129429, q=  0.250000  0.000000 -0.250000

                       Cu X   0        Cu Y   0        Cu Z   0     
                    --------------- --------------- ---------------
    0   2.8293 THz   0.7071  0.0000  0.0000 -0.0000  0.7071 -0.0000
    1   3.1181 THz   0.0000  0.0000 -1.0000 -0.0065  0.0000  0.0000
    2   3.6417 THz   0.7071  0.0000  0.0000  0.0000 -0.7071  0.0000


 Q= -0.064715 -0.064715  0.064715, q=  0.250000  0.000000  0.000000

                       Cu X   0        Cu Y   0        Cu Z   0     
                    --------------- --------------- ---------------
    0   2.2275 THz   0.0000  0.0000 -0.7071  0.0025 -0.7071  0.0025
    1   2.2275 THz   0.8165  0.0000 -0.4082  0.0000  0.4082 -0.0000
    2   3.5674 THz  -0.5774  0.0000 -0.5774  0.0000  0.5774 -0.0000


 Q=  0.000000 -0.129429  0.000000, q=  0.250000  0.000000  0.250000

                       Cu X   0        Cu Y   0        Cu Z   0     
                    --------------- --------------- ---------------
    0   2.8449 THz   1.0000  0.0000  0.0000  0.0000  0.0000  0.0000
    1   2.8449 THz   0.0000  0.0000 -0.0000 -0.0000  0.8457  0.5337
    2   3.4244 THz   0.0000  0.0000 -0.9736 -0.2284  0.0000  0.0000


 Q= -0.258859  0.129429  0.129429, q=  0.250000  0.250000 -0.500000

                       Cu X   0        Cu Y   0        Cu Z   0     
                    --------------- --------------- ---------------
    0   2.8293 THz   0.0000  0.0000  0.3945  0.5868 -0.3945 -0.5868
    1   3.1181 THz   1.0000  0.0000  0.0000  0.0000  0.0000  0.0000
    2   3.6417 THz   0.0000  0.0000 -0.6870  0.1675 -0.6870  0.1675


 Q= -0.194144  0.064715  0.064715, q=  0.250000  0.250000 -0.250000

                       Cu X   0        Cu Y   0        Cu Z   0     
                    --------------- --------------- ---------------
    0   3.1041 THz  -0.5175  0.0000 -0.6050 -0.0000 -0.6050 -0.0000
    1   3.2392 THz   0.0000  0.0000  0.7065 -0.0286 -0.7065  0.0286
    2   3.7356 THz   0.8557  0.0000 -0.3660 -0.0000 -0.3660 -0.0000


 Q= -0.129429  0.000000  0.000000, q=  0.250000  0.250000  0.000000

                       Cu X   0        Cu Y   0        Cu Z   0     
                    --------------- --------------- ---------------
    0   2.8449 THz   0.0000  0.0000 -0.8272 -0.1364  0.5325 -0.1162
    1   2.8449 THz   0.0000  0.0000 -0.5372 -0.0919 -0.8202  0.1739
    2   3.4244 THz   1.0000  0.0000  0.0000  0.0000  0.0000  0.0000


 Q= -0.064715 -0.064715 -0.064715, q=  0.250000  0.250000  0.250000

                       Cu X   0        Cu Y   0        Cu Z   0     
                    --------------- --------------- ---------------
    0   2.2275 THz   0.0000  0.0000  0.7070  0.0128 -0.7070 -0.0128
    1   2.2275 THz   0.8165  0.0000 -0.4082  0.0000 -0.4082  0.0000
    2   3.5674 THz  -0.5774  0.0000 -0.5774  0.0000 -0.5774  0.0000
