
Used Primitive lattice vector

    0.000000000000      1.913123000000      1.913123000000  
    1.913123000000      0.000000000000      1.913123000000  
    1.913123000000      1.913123000000      0.000000000000  

   1 Atom(s) in the Primitive cell

 0.0000000000 0.0000000000 0.0000000000 Al    0


 Q= -0.130676 -0.130676 -0.130676, q= -0.500000 -0.500000 -0.500000

                       Al X   0        Al Y   0        Al Z   0     
                    --------------- --------------- ---------------
    0   5.7283 THz   0.0000  0.0000  0.7071  0.0000 -0.7071 -0.0000
    1   5.7283 THz   0.8165  0.0000 -0.4082  0.0000 -0.4082 -0.0000
    2  12.6616 THz  -0.5774  0.0000 -0.5774  0.0000 -0.5774 -0.0000


 Q= -0.065338 -0.065338 -0.196015, q= -0.500000 -0.500000 -0.250000

                       Al X   0        Al Y   0        Al Z   0     
                    --------------- --------------- ---------------
    0   7.1135 THz   0.7071  0.0000 -0.7071  0.0000 -0.0000 -0.0000
    1   8.5731 THz   0.5731  0.0000  0.5731 -0.0000 -0.5857 -0.0000
    2  11.5736 THz   0.4142  0.0000  0.4142  0.0000  0.8105  0.0000


 Q=  0.000000  0.000000 -0.261353, q= -0.500000 -0.500000  0.000000

                       Al X   0        Al Y   0        Al Z   0     
                    --------------- --------------- ---------------
    0   8.1006 THz   0.0000  0.0000  1.0000  0.0000  0.0000  0.0000
    1   8.1006 THz   1.0000  0.0000  0.0000  0.0000  0.0000  0.0000
    2  12.3702 THz   0.0000  0.0000  0.0000  0.0000 -1.0000  0.0000


 Q=  0.065338  0.065338 -0.326691, q= -0.500000 -0.500000  0.250000

                       Al X   0        Al Y   0        Al Z   0     
                    --------------- --------------- ---------------
    0   7.1135 THz   0.7071  0.0000 -0.7071  0.0000  0.0000  0.0000
    1   8.5731 THz   0.5731  0.0000  0.5731  0.0000 -0.5857  0.0000
    2  11.5736 THz   0.4142  0.0000  0.4142 -0.0000  0.8105 -0.0000


 Q= -0.065338 -0.196015 -0.065338, q= -0.500000 -0.250000 -0.500000

                       Al X   0        Al Y   0        Al Z   0     
                    --------------- --------------- ---------------
    0   7.1135 THz  -0.7071  0.0000 -0.0000  0.0000  0.7071 -0.0000
    1   8.5731 THz   0.5731  0.0000 -0.5857  0.0000  0.5731 -0.0000
    2  11.5736 THz   0.4142  0.0000  0.8105 -0.0000  0.4142 -0.0000


 Q=  0.000000 -0.130676 -0.130676, q= -0.500000 -0.250000 -0.250000

                       Al X   0        Al Y   0        Al Z   0     
                    --------------- --------------- ---------------
    0   6.0412 THz   0.0000  0.0000 -0.5999  0.3743  0.5999 -0.3743
    1   8.5549 THz   1.0000  0.0000  0.0000  0.0000  0.0000  0.0000
    2  11.1059 THz   0.0000  0.0000 -0.5916 -0.3874 -0.5916 -0.3874


 Q=  0.065338 -0.065338 -0.196015, q= -0.500000 -0.250000  0.000000

                       Al X   0        Al Y   0        Al Z   0     
                    --------------- --------------- ---------------
    0   7.1135 THz  -0.7071  0.0000 -0.7071 -0.0000  0.0000  0.0000
    1   8.5731 THz   0.5731  0.0000 -0.5731 -0.0000  0.5857  0.0000
    2  11.5736 THz  -0.4142  0.0000  0.4142  0.0000  0.8105  0.0000


 Q=  0.130676  0.000000 -0.261353, q= -0.500000 -0.250000  0.250000

                       Al X   0        Al Y   0        Al Z   0     
                    --------------- --------------- ---------------
    0   8.5831 THz   1.0000  0.0000  0.0000  0.0000  0.0000  0.0000
    1  10.4937 THz   0.0000  0.0000 -0.3078 -0.0722 -0.8672  0.3846
    2  10.4937 THz   0.0000  0.0000  0.9235  0.2173 -0.2891  0.1280


 Q=  0.000000 -0.261353  0.000000, q= -0.500000  0.000000 -0.500000

                       Al X   0        Al Y   0        Al Z   0     
                    --------------- --------------- ---------------
    0   8.1006 THz   0.0000  0.0000  0.0000  0.0000 -1.0000  0.0000
    1   8.1006 THz   1.0000  0.0000  0.0000  0.0000  0.0000  0.0000
    2  12.3702 THz   0.0000  0.0000 -1.0000  0.0000 -0.0000  0.0000


 Q=  0.065338 -0.196015 -0.065338, q= -0.500000  0.000000 -0.250000

                       Al X   0        Al Y   0        Al Z   0     
                    --------------- --------------- ---------------
    0   7.1135 THz   0.7071  0.0000  0.0000  0.0000  0.7071  0.0000
    1   8.5731 THz   0.5731  0.0000  0.5857 -0.0000 -0.5731  0.0000
    2  11.5736 THz  -0.4142  0.0000  0.8105 -0.0000  0.4142  0.0000


 Q=  0.130676 -0.130676 -0.130676, q= -0.500000  0.000000  0.000000

                       Al X   0        Al Y   0        Al Z   0     
                    --------------- --------------- ---------------
    0   5.7283 THz   0.0000  0.0000 -0.0000 -0.7071 -0.0000  0.7071
    1   5.7283 THz   0.8165  0.0000  0.4082 -0.0000  0.4082  0.0000
    2  12.6616 THz   0.5774  0.0000 -0.5774  0.0000 -0.5774 -0.0000


 Q=  0.196015 -0.065338 -0.196015, q= -0.500000  0.000000  0.250000

                       Al X   0        Al Y   0        Al Z   0     
                    --------------- --------------- ---------------
    0   7.1135 THz   0.7071  0.0000  0.0000  0.0000  0.7071 -0.0000
    1   8.5731 THz   0.5731  0.0000  0.5857  0.0000 -0.5731  0.0000
    2  11.5736 THz  -0.4142  0.0000  0.8105  0.0000  0.4142  0.0000


 Q=  0.065338 -0.326691  0.065338, q= -0.500000  0.250000 -0.500000

                       Al X   0        Al Y   0        Al Z   0     
                    --------------- --------------- ---------------
    0   7.1135 THz  -0.7071  0.0000  0.0000 -0.0000  0.7071  0.0000
    1   8.5731 THz   0.5731  0.0000 -0.5857 -0.0000  0.5731  0.0000
    2  11.5736 THz   0.4142  0.0000  0.8105  0.0000  0.4142  0.0000


 Q=  0.130676 -0.261353  0.000000, q= -0.500000  0.250000 -0.250000

                       Al X   0        Al Y   0        Al Z   0     
                    --------------- --------------- ---------------
    0   8.5831 THz   1.0000  0.0000  0.0000  0.0000  0.0000  0.0000
    1  10.4937 THz   0.0000  0.0000 -0.9494  0.0592 -0.0078 -0.3082
    2  10.4937 THz   0.0000  0.0000 -0.3081 -0.0114 -0.0704  0.9487


 Q=  0.196015 -0.196015 -0.065338, q= -0.500000  0.250000  0.000000

                       Al X   0        Al Y   0        Al Z   0     
                    --------------- --------------- ---------------
    0   7.1135 THz  -0.7071  0.0000 -0.7071  0.0000 -0.0000 -0.0000
    1   8.5731 THz   0.5731  0.0000 -0.5731  0.0000  0.5857 -0.0000
    2  11.5736 THz  -0.4142  0.0000  0.4142 -0.0000  0.8105 -0.0000


 Q=  0.261353 -0.130676 -0.130676, q= -0.500000  0.250000  0.250000

                       Al X   0        Al Y   0        Al Z   0     
                    --------------- --------------- ---------------
    0   6.0412 THz   0.0000  0.0000  0.5937  0.3840 -0.5937 -0.3840
    1   8.5549 THz   1.0000  0.0000  0.0000  0.0000  0.0000  0.0000
    2  11.1059 THz   0.0000  0.0000 -0.7050  0.0544 -0.7050  0.0544


 Q= -0.196015 -0.065338 -0.065338, q= -0.250000 -0.500000 -0.500000

                       Al X   0        Al Y   0        Al Z   0     
                    --------------- --------------- ---------------
    0   7.1135 THz   0.0000  0.0000  0.6881 -0.1627 -0.6881  0.1627
    1   8.5731 THz   0.5857  0.0000 -0.5731  0.0000 -0.5731 -0.0000
    2  11.5736 THz   0.8105  0.0000  0.4142 -0.0000  0.4142  0.0000


 Q= -0.130676  0.000000 -0.130676, q= -0.250000 -0.500000 -0.250000

                       Al X   0        Al Y   0        Al Z   0     
                    --------------- --------------- ---------------
    0   6.0412 THz   0.7071  0.0000  0.0000 -0.0000 -0.7071  0.0000
    1   8.5549 THz   0.0000  0.0000 -0.9902 -0.1396  0.0000  0.0000
    2  11.1059 THz   0.7071  0.0000  0.0000  0.0000  0.7071 -0.0000


 Q= -0.065338  0.065338 -0.196015, q= -0.250000 -0.500000  0.000000

                       Al X   0        Al Y   0        Al Z   0     
                    --------------- --------------- ---------------
    0   7.1135 THz   0.7071  0.0000  0.7071 -0.0000  0.0000  0.0000
    1   8.5731 THz   0.5731  0.0000 -0.5731  0.0000 -0.5857  0.0000
    2  11.5736 THz  -0.4142  0.0000  0.4142 -0.0000 -0.8105  0.0000


 Q=  0.000000  0.130676 -0.261353, q= -0.250000 -0.500000  0.250000

                       Al X   0        Al Y   0        Al Z   0     
                    --------------- --------------- ---------------
    0   8.5831 THz   0.0000  0.0000 -0.8886  0.4587  0.0000  0.0000
    1  10.4937 THz   0.0000  0.0000 -0.0000  0.0000 -0.9966  0.0825
    2  10.4937 THz   1.0000  0.0000  0.0000  0.0000  0.0000  0.0000


 Q= -0.130676 -0.130676  0.000000, q= -0.250000 -0.250000 -0.500000

                       Al X   0        Al Y   0        Al Z   0     
                    --------------- --------------- ---------------
    0   6.0412 THz   0.7071  0.0000 -0.7071  0.0000 -0.0000 -0.0000
    1   8.5549 THz   0.0000  0.0000 -0.0000 -0.0000 -0.0361  0.9993
    2  11.1059 THz   0.7071  0.0000  0.7071 -0.0000  0.0000  0.0000


 Q= -0.065338 -0.065338 -0.065338, q= -0.250000 -0.250000 -0.250000

                       Al X   0        Al Y   0        Al Z   0     
                    --------------- --------------- ---------------
    0   4.3593 THz   0.0000  0.0000  0.0000 -0.7071  0.0000  0.7071
    1   4.3593 THz   0.8165  0.0000 -0.4082 -0.0000 -0.4082 -0.0000
    2   8.8860 THz  -0.5774  0.0000 -0.5774 -0.0000 -0.5774 -0.0000


 Q=  0.000000  0.000000 -0.130676, q= -0.250000 -0.250000  0.000000

                       Al X   0        Al Y   0        Al Z   0     
                    --------------- --------------- ---------------
    0   5.8590 THz   1.0000  0.0000  0.0000  0.0000  0.0000  0.0000
    1   5.8590 THz   0.0000  0.0000 -0.5738  0.8190 -0.0000 -0.0000
    2   9.2977 THz   0.0000  0.0000  0.0000 -0.0000 -0.4863 -0.8738


 Q=  0.065338  0.065338 -0.196015, q= -0.250000 -0.250000  0.250000

                       Al X   0        Al Y   0        Al Z   0     
                    --------------- --------------- ---------------
    0   7.1135 THz  -0.7071  0.0000  0.7071 -0.0000  0.0000 -0.0000
    1   8.5731 THz   0.5731  0.0000  0.5731 -0.0000  0.5857 -0.0000
    2  11.5736 THz   0.4142  0.0000  0.4142  0.0000 -0.8105  0.0000


 Q= -0.065338 -0.196015  0.065338, q= -0.250000  0.000000 -0.500000

                       Al X   0        Al Y   0        Al Z   0     
                    --------------- --------------- ---------------
    0   7.1135 THz   0.7071  0.0000  0.0000 -0.0000  0.7071 -0.0000
    1   8.5731 THz   0.5731  0.0000 -0.5857  0.0000 -0.5731  0.0000
    2  11.5736 THz   0.4142  0.0000  0.8105  0.0000 -0.4142  0.0000


 Q=  0.000000 -0.130676  0.000000, q= -0.250000  0.000000 -0.250000

                       Al X   0        Al Y   0        Al Z   0     
                    --------------- --------------- ---------------
    0   5.8590 THz   1.0000  0.0000  0.0000  0.0000  0.0000  0.0000
    1   5.8590 THz   0.0000  0.0000 -0.0000 -0.0000 -0.9842 -0.1773
    2   9.2977 THz   0.0000  0.0000  1.0000 -0.0000 -0.0000 -0.0000


 Q=  0.065338 -0.065338 -0.065338, q= -0.250000  0.000000  0.000000

                       Al X   0        Al Y   0        Al Z   0     
                    --------------- --------------- ---------------
    0   4.3593 THz   0.0000  0.0000  0.5541 -0.4393 -0.5541  0.4393
    1   4.3593 THz   0.8165  0.0000  0.4082 -0.0000  0.4082  0.0000
    2   8.8860 THz   0.5774  0.0000 -0.5774  0.0000 -0.5774 -0.0000


 Q=  0.130676  0.000000 -0.130676, q= -0.250000  0.000000  0.250000

                       Al X   0        Al Y   0        Al Z   0     
                    --------------- --------------- ---------------
    0   6.0412 THz  -0.7071  0.0000  0.0000  0.0000 -0.7071 -0.0000
    1   8.5549 THz   0.0000  0.0000  0.0296  0.9996  0.0000  0.0000
    2  11.1059 THz   0.7071  0.0000  0.0000  0.0000 -0.7071 -0.0000


 Q=  0.000000 -0.261353  0.130676, q= -0.250000  0.250000 -0.500000

                       Al X   0        Al Y   0        Al Z   0     
                    --------------- --------------- ---------------
    0   8.5831 THz   0.0000  0.0000 -0.0000 -0.0000 -0.8549 -0.5188
    1  10.4937 THz   0.0000  0.0000 -0.9981  0.0624  0.0000  0.0000
    2  10.4937 THz   1.0000  0.0000  0.0000  0.0000  0.0000  0.0000


 Q=  0.065338 -0.196015  0.065338, q= -0.250000  0.250000 -0.250000

                       Al X   0        Al Y   0        Al Z   0     
                    --------------- --------------- ---------------
    0   7.1135 THz  -0.7071  0.0000  0.0000  0.0000  0.7071  0.0000
    1   8.5731 THz   0.5731  0.0000  0.5857  0.0000  0.5731  0.0000
    2  11.5736 THz  -0.4142  0.0000  0.8105  0.0000 -0.4142  0.0000


 Q=  0.130676 -0.130676  0.000000, q= -0.250000  0.250000  0.000000

                       Al X   0        Al Y   0        Al Z   0     
                    --------------- --------------- ---------------
    0   6.0412 THz  -0.7071  0.0000 -0.7071  0.0000  0.0000  0.0000
    1   8.5549 THz   0.0000  0.0000 -0.0000 -0.0000 -0.2164 -0.9763
    2  11.1059 THz   0.7071  0.0000 -0.7071  0.0000  0.0000  0.0000


 Q=  0.196015 -0.065338 -0.065338, q= -0.250000  0.250000  0.250000

                       Al X   0        Al Y   0        Al Z   0     
                    --------------- --------------- ---------------
    0   7.1135 THz   0.0000  0.0000  0.6971  0.1188 -0.6971 -0.1188
    1   8.5731 THz  -0.5857  0.0000 -0.5731  0.0000 -0.5731 -0.0000
    2  11.5736 THz   0.8105  0.0000 -0.4142  0.0000 -0.4142 -0.0000


 Q= -0.261353  0.000000  0.000000, q=  0.000000 -0.500000 -0.500000

                       Al X   0        Al Y   0        Al Z   0     
                    --------------- --------------- ---------------
    0   8.1006 THz   0.0000  0.0000 -0.6190 -0.0000  0.7854 -0.0000
    1   8.1006 THz   0.0000  0.0000 -0.7854  0.0000 -0.6190  0.0000
    2  12.3702 THz   1.0000  0.0000  0.0000  0.0000  0.0000  0.0000


 Q= -0.196015  0.065338 -0.065338, q=  0.000000 -0.500000 -0.250000

                       Al X   0        Al Y   0        Al Z   0     
                    --------------- --------------- ---------------
    0   7.1135 THz   0.0000  0.0000 -0.0000  0.7071  0.0000  0.7071
    1   8.5731 THz  -0.5857  0.0000 -0.5731 -0.0000  0.5731 -0.0000
    2  11.5736 THz   0.8105  0.0000 -0.4142 -0.0000  0.4142 -0.0000


 Q= -0.130676  0.130676 -0.130676, q=  0.000000 -0.500000  0.000000

                       Al X   0        Al Y   0        Al Z   0     
                    --------------- --------------- ---------------
    0   5.7283 THz   0.0000  0.0000 -0.7071  0.0000 -0.7071  0.0000
    1   5.7283 THz   0.8165  0.0000  0.4082  0.0000 -0.4082 -0.0000
    2  12.6616 THz   0.5774  0.0000 -0.5774 -0.0000  0.5774  0.0000


 Q= -0.065338  0.196015 -0.196015, q=  0.000000 -0.500000  0.250000

                       Al X   0        Al Y   0        Al Z   0     
                    --------------- --------------- ---------------
    0   7.1135 THz   0.0000  0.0000 -0.7039  0.0675 -0.7039  0.0675
    1   8.5731 THz  -0.5857  0.0000 -0.5731 -0.0000  0.5731  0.0000
    2  11.5736 THz   0.8105  0.0000 -0.4142 -0.0000  0.4142  0.0000


 Q= -0.196015 -0.065338  0.065338, q=  0.000000 -0.250000 -0.500000

                       Al X   0        Al Y   0        Al Z   0     
                    --------------- --------------- ---------------
    0   7.1135 THz   0.0000  0.0000 -0.6398  0.3011 -0.6398  0.3011
    1   8.5731 THz   0.5857  0.0000 -0.5731 -0.0000  0.5731  0.0000
    2  11.5736 THz   0.8105  0.0000  0.4142  0.0000 -0.4142 -0.0000


 Q= -0.130676  0.000000  0.000000, q=  0.000000 -0.250000 -0.250000

                       Al X   0        Al Y   0        Al Z   0     
                    --------------- --------------- ---------------
    0   5.8590 THz   0.0000  0.0000 -0.8323 -0.3853  0.2355  0.3215
    1   5.8590 THz   0.0000  0.0000 -0.3937  0.0619 -0.8618 -0.3137
    2   9.2977 THz   1.0000  0.0000  0.0000  0.0000  0.0000  0.0000


 Q= -0.065338  0.065338 -0.065338, q=  0.000000 -0.250000  0.000000

                       Al X   0        Al Y   0        Al Z   0     
                    --------------- --------------- ---------------
    0   4.3593 THz   0.0000  0.0000 -0.6779 -0.2012 -0.6779 -0.2012
    1   4.3593 THz   0.8165  0.0000  0.4082  0.0000 -0.4082  0.0000
    2   8.8860 THz   0.5774  0.0000 -0.5774 -0.0000  0.5774 -0.0000


 Q=  0.000000  0.130676 -0.130676, q=  0.000000 -0.250000  0.250000

                       Al X   0        Al Y   0        Al Z   0     
                    --------------- --------------- ---------------
    0   6.0412 THz   0.0000  0.0000 -0.6882  0.1624 -0.6882  0.1624
    1   8.5549 THz   1.0000  0.0000  0.0000  0.0000  0.0000  0.0000
    2  11.1059 THz   0.0000  0.0000 -0.5910  0.3883  0.5910 -0.3883


 Q= -0.130676 -0.130676  0.130676, q=  0.000000  0.000000 -0.500000

                       Al X   0        Al Y   0        Al Z   0     
                    --------------- --------------- ---------------
    0   5.7283 THz   0.0000  0.0000 -0.7071  0.0000 -0.7071  0.0000
    1   5.7283 THz   0.8165  0.0000 -0.4082 -0.0000  0.4082 -0.0000
    2  12.6616 THz  -0.5774  0.0000 -0.5774 -0.0000  0.5774 -0.0000


 Q= -0.065338 -0.065338  0.065338, q=  0.000000  0.000000 -0.250000

                       Al X   0        Al Y   0        Al Z   0     
                    --------------- --------------- ---------------
    0   4.3593 THz   0.0000  0.0000 -0.7041 -0.0650 -0.7041 -0.0650
    1   4.3593 THz   0.8165  0.0000 -0.4082 -0.0000  0.4082 -0.0000
    2   8.8860 THz  -0.5774  0.0000 -0.5774 -0.0000  0.5774 -0.0000


 Q=  0.000000  0.000000  0.000000, q=  0.000000  0.000000  0.000000

                       Al X   0        Al Y   0        Al Z   0     
                    --------------- --------------- ---------------
    0  -0.0000 THz  -0.2919  0.0000  0.3958  0.0000  0.8707  0.0000
    1   0.0000 THz  -0.0821  0.0000  0.8966  0.0000 -0.4351  0.0000
    2   0.0000 THz   0.9529  0.0000  0.1985  0.0000  0.2292  0.0000


 Q=  0.065338  0.065338 -0.065338, q=  0.000000  0.000000  0.250000

                       Al X   0        Al Y   0        Al Z   0     
                    --------------- --------------- ---------------
    0   4.3593 THz   0.0000  0.0000 -0.7041  0.0650 -0.7041  0.0650
    1   4.3593 THz   0.8165  0.0000 -0.4082  0.0000  0.4082  0.0000
    2   8.8860 THz  -0.5774  0.0000 -0.5774  0.0000  0.5774  0.0000


 Q= -0.065338 -0.196015  0.196015, q=  0.000000  0.250000 -0.500000

                       Al X   0        Al Y   0        Al Z   0     
                    --------------- --------------- ---------------
    0   7.1135 THz   0.0000  0.0000 -0.6918  0.1463 -0.6918  0.1463
    1   8.5731 THz   0.5857  0.0000 -0.5731  0.0000  0.5731 -0.0000
    2  11.5736 THz   0.8105  0.0000  0.4142 -0.0000 -0.4142  0.0000


 Q=  0.000000 -0.130676  0.130676, q=  0.000000  0.250000 -0.250000

                       Al X   0        Al Y   0        Al Z   0     
                    --------------- --------------- ---------------
    0   6.0412 THz   0.0000  0.0000 -0.6882 -0.1624 -0.6882 -0.1624
    1   8.5549 THz   1.0000  0.0000  0.0000  0.0000  0.0000  0.0000
    2  11.1059 THz   0.0000  0.0000 -0.5910 -0.3883  0.5910  0.3883


 Q=  0.065338 -0.065338  0.065338, q=  0.000000  0.250000  0.000000

                       Al X   0        Al Y   0        Al Z   0     
                    --------------- --------------- ---------------
    0   4.3593 THz   0.0000  0.0000 -0.6779  0.2012 -0.6779  0.2012
    1   4.3593 THz   0.8165  0.0000  0.4082 -0.0000 -0.4082 -0.0000
    2   8.8860 THz   0.5774  0.0000 -0.5774  0.0000  0.5774  0.0000


 Q=  0.130676  0.000000  0.000000, q=  0.000000  0.250000  0.250000

                       Al X   0        Al Y   0        Al Z   0     
                    --------------- --------------- ---------------
    0   5.8590 THz   0.0000  0.0000 -0.8323  0.3853  0.2355 -0.3215
    1   5.8590 THz   0.0000  0.0000 -0.3937 -0.0619 -0.8618  0.3137
    2   9.2977 THz   1.0000  0.0000  0.0000  0.0000  0.0000  0.0000


 Q= -0.326691  0.065338  0.065338, q=  0.250000 -0.500000 -0.500000

                       Al X   0        Al Y   0        Al Z   0     
                    --------------- --------------- ---------------
    0   7.1135 THz   0.0000  0.0000  0.6881  0.1627 -0.6881 -0.1627
    1   8.5731 THz   0.5857  0.0000 -0.5731 -0.0000 -0.5731  0.0000
    2  11.5736 THz   0.8105  0.0000  0.4142  0.0000  0.4142 -0.0000


 Q= -0.261353  0.130676  0.000000, q=  0.250000 -0.500000 -0.250000

                       Al X   0        Al Y   0        Al Z   0     
                    --------------- --------------- ---------------
    0   8.5831 THz   0.0000  0.0000 -0.9960 -0.0893  0.0000 -0.0000
    1  10.4937 THz   0.0000  0.0000  0.0000 -0.0000 -0.9963 -0.0854
    2  10.4937 THz   1.0000  0.0000  0.0000  0.0000  0.0000  0.0000


 Q= -0.196015  0.196015 -0.065338, q=  0.250000 -0.500000  0.000000

                       Al X   0        Al Y   0        Al Z   0     
                    --------------- --------------- ---------------
    0   7.1135 THz   0.7071  0.0000  0.7071  0.0000  0.0000 -0.0000
    1   8.5731 THz   0.5731  0.0000 -0.5731 -0.0000 -0.5857 -0.0000
    2  11.5736 THz  -0.4142  0.0000  0.4142  0.0000 -0.8105 -0.0000


 Q= -0.130676  0.261353 -0.130676, q=  0.250000 -0.500000  0.250000

                       Al X   0        Al Y   0        Al Z   0     
                    --------------- --------------- ---------------
    0   6.0412 THz   0.7071  0.0000  0.0000  0.0000 -0.7071 -0.0000
    1   8.5549 THz   0.0000  0.0000 -0.9941  0.1088  0.0000  0.0000
    2  11.1059 THz   0.7071  0.0000 -0.0000 -0.0000  0.7071  0.0000


 Q= -0.261353  0.000000  0.130676, q=  0.250000 -0.250000 -0.500000

                       Al X   0        Al Y   0        Al Z   0     
                    --------------- --------------- ---------------
    0   8.5831 THz   0.0000  0.0000  0.0000  0.0000  0.9989  0.0466
    1  10.4937 THz   0.0000  0.0000 -0.9965 -0.0830  0.0000  0.0000
    2  10.4937 THz   1.0000  0.0000  0.0000  0.0000  0.0000  0.0000


 Q= -0.196015  0.065338  0.065338, q=  0.250000 -0.250000 -0.250000

                       Al X   0        Al Y   0        Al Z   0     
                    --------------- --------------- ---------------
    0   7.1135 THz   0.0000  0.0000  0.6971 -0.1188 -0.6971  0.1188
    1   8.5731 THz  -0.5857  0.0000 -0.5731 -0.0000 -0.5731  0.0000
    2  11.5736 THz   0.8105  0.0000 -0.4142 -0.0000 -0.4142  0.0000


 Q= -0.130676  0.130676  0.000000, q=  0.250000 -0.250000  0.000000

                       Al X   0        Al Y   0        Al Z   0     
                    --------------- --------------- ---------------
    0   6.0412 THz  -0.7071  0.0000 -0.7071 -0.0000  0.0000 -0.0000
    1   8.5549 THz   0.0000  0.0000 -0.0000  0.0000 -0.2164  0.9763
    2  11.1059 THz   0.7071  0.0000 -0.7071 -0.0000  0.0000 -0.0000


 Q= -0.065338  0.196015 -0.065338, q=  0.250000 -0.250000  0.250000

                       Al X   0        Al Y   0        Al Z   0     
                    --------------- --------------- ---------------
    0   7.1135 THz  -0.7071  0.0000  0.0000 -0.0000  0.7071 -0.0000
    1   8.5731 THz   0.5731  0.0000  0.5857 -0.0000  0.5731 -0.0000
    2  11.5736 THz  -0.4142  0.0000  0.8105 -0.0000 -0.4142 -0.0000


 Q= -0.196015 -0.065338  0.196015, q=  0.250000  0.000000 -0.500000

                       Al X   0        Al Y   0        Al Z   0     
                    --------------- --------------- ---------------
    0   7.1135 THz   0.7071  0.0000 -0.0000  0.0000  0.7071  0.0000
    1   8.5731 THz   0.5731  0.0000 -0.5857 -0.0000 -0.5731 -0.0000
    2  11.5736 THz   0.4142  0.0000  0.8105 -0.0000 -0.4142 -0.0000


 Q= -0.130676  0.000000  0.130676, q=  0.250000  0.000000 -0.250000

                       Al X   0        Al Y   0        Al Z   0     
                    --------------- --------------- ---------------
    0   6.0412 THz  -0.7071  0.0000  0.0000 -0.0000 -0.7071  0.0000
    1   8.5549 THz   0.0000  0.0000  0.0296 -0.9996  0.0000  0.0000
    2  11.1059 THz   0.7071  0.0000  0.0000 -0.0000 -0.7071  0.0000


 Q= -0.065338  0.065338  0.065338, q=  0.250000  0.000000  0.000000

                       Al X   0        Al Y   0        Al Z   0     
                    --------------- --------------- ---------------
    0   4.3593 THz   0.0000  0.0000  0.5541  0.4393 -0.5541 -0.4393
    1   4.3593 THz   0.8165  0.0000  0.4082  0.0000  0.4082 -0.0000
    2   8.8860 THz   0.5774  0.0000 -0.5774 -0.0000 -0.5774  0.0000


 Q=  0.000000  0.130676  0.000000, q=  0.250000  0.000000  0.250000

                       Al X   0        Al Y   0        Al Z   0     
                    --------------- --------------- ---------------
    0   5.8590 THz   1.0000  0.0000  0.0000  0.0000  0.0000  0.0000
    1   5.8590 THz   0.0000  0.0000 -0.0000  0.0000 -0.9842  0.1773
    2   9.2977 THz   0.0000  0.0000  1.0000  0.0000 -0.0000  0.0000


 Q= -0.130676 -0.130676  0.261353, q=  0.250000  0.250000 -0.500000

                       Al X   0        Al Y   0        Al Z   0     
                    --------------- --------------- ---------------
    0   6.0412 THz   0.7071  0.0000 -0.7071 -0.0000  0.0000  0.0000
    1   8.5549 THz   0.0000  0.0000 -0.0000 -0.0000 -0.9353 -0.3539
    2  11.1059 THz   0.7071  0.0000  0.7071  0.0000 -0.0000 -0.0000


 Q= -0.065338 -0.065338  0.196015, q=  0.250000  0.250000 -0.250000

                       Al X   0        Al Y   0        Al Z   0     
                    --------------- --------------- ---------------
    0   7.1135 THz  -0.7071  0.0000  0.7071  0.0000  0.0000  0.0000
    1   8.5731 THz   0.5731  0.0000  0.5731  0.0000  0.5857  0.0000
    2  11.5736 THz   0.4142  0.0000  0.4142 -0.0000 -0.8105 -0.0000


 Q=  0.000000  0.000000  0.130676, q=  0.250000  0.250000  0.000000

                       Al X   0        Al Y   0        Al Z   0     
                    --------------- --------------- ---------------
    0   5.8590 THz   1.0000  0.0000  0.0000  0.0000  0.0000  0.0000
    1   5.8590 THz   0.0000  0.0000 -0.5738 -0.8190 -0.0000  0.0000
    2   9.2977 THz   0.0000  0.0000  0.0000  0.0000 -0.4863  0.8738


 Q=  0.065338  0.065338  0.065338, q=  0.250000  0.250000  0.250000

                       Al X   0        Al Y   0        Al Z   0     
                    --------------- --------------- ---------------
    0   4.3593 THz   0.0000  0.0000  0.0000  0.7071  0.0000 -0.7071
    1   4.3593 THz   0.8165  0.0000 -0.4082  0.0000 -0.4082  0.0000
    2   8.8860 THz  -0.5774  0.0000 -0.5774  0.0000 -0.5774  0.0000
