
Used Primitive lattice vector

    0.000000000000      1.762500000000      1.762500000000  
    1.762500000000      0.000000000000      1.762500000000  
    1.762500000000      1.762500000000      0.000000000000  

   1 Atom(s) in the Primitive cell

 0.0000000000 0.0000000000 0.0000000000 Ni    0


 Q= -0.141844 -0.141844 -0.141844, q= -0.500000 -0.500000 -0.500000

                       Ni X   0        Ni Y   0        Ni Z   0     
                    --------------- --------------- ---------------
    0   4.3077 THz   0.8165  0.0000 -0.4082 -0.0000 -0.4082  0.0000
    1   4.3077 THz   0.0000  0.0000 -0.0000  0.7071 -0.0000 -0.7071
    2   8.7317 THz  -0.5774  0.0000 -0.5774 -0.0000 -0.5774  0.0000


 Q= -0.070922 -0.070922 -0.212766, q= -0.500000 -0.500000 -0.250000

                       Ni X   0        Ni Y   0        Ni Z   0     
                    --------------- --------------- ---------------
    0   5.3381 THz   0.7071  0.0000 -0.7071  0.0000  0.0000 -0.0000
    1   5.9316 THz   0.5743  0.0000  0.5743 -0.0000 -0.5834  0.0000
    2   8.0416 THz   0.4125  0.0000  0.4125  0.0000  0.8122  0.0000


 Q=  0.000000  0.000000 -0.283688, q= -0.500000 -0.500000  0.000000

                       Ni X   0        Ni Y   0        Ni Z   0     
                    --------------- --------------- ---------------
    0   6.1827 THz   0.0000  0.0000 -1.0000 -0.0000 -0.0000  0.0000
    1   6.1827 THz   1.0000  0.0000  0.0000  0.0000  0.0000  0.0000
    2   8.4685 THz   0.0000  0.0000  0.0000  0.0000 -1.0000 -0.0000


 Q=  0.070922  0.070922 -0.354610, q= -0.500000 -0.500000  0.250000

                       Ni X   0        Ni Y   0        Ni Z   0     
                    --------------- --------------- ---------------
    0   5.3381 THz   0.7071  0.0000 -0.7071 -0.0000  0.0000  0.0000
    1   5.9316 THz   0.5743  0.0000  0.5743  0.0000 -0.5834 -0.0000
    2   8.0416 THz   0.4125  0.0000  0.4125  0.0000  0.8122  0.0000


 Q= -0.070922 -0.212766 -0.070922, q= -0.500000 -0.250000 -0.500000

                       Ni X   0        Ni Y   0        Ni Z   0     
                    --------------- --------------- ---------------
    0   5.3381 THz  -0.7071  0.0000 -0.0000  0.0000  0.7071 -0.0000
    1   5.9316 THz   0.5743  0.0000 -0.5834  0.0000  0.5743 -0.0000
    2   8.0416 THz   0.4125  0.0000  0.8122 -0.0000  0.4125 -0.0000


 Q=  0.000000 -0.141844 -0.141844, q= -0.500000 -0.250000 -0.250000

                       Ni X   0        Ni Y   0        Ni Z   0     
                    --------------- --------------- ---------------
    0   4.2001 THz   0.0000  0.0000 -0.2164  0.6732  0.2164 -0.6732
    1   5.9593 THz   1.0000  0.0000  0.0000  0.0000  0.0000  0.0000
    2   7.6882 THz   0.0000  0.0000 -0.1103  0.6984 -0.1103  0.6984


 Q=  0.070922 -0.070922 -0.212766, q= -0.500000 -0.250000  0.000000

                       Ni X   0        Ni Y   0        Ni Z   0     
                    --------------- --------------- ---------------
    0   5.3381 THz  -0.7071  0.0000 -0.7071  0.0000 -0.0000 -0.0000
    1   5.9316 THz   0.5743  0.0000 -0.5743  0.0000  0.5834  0.0000
    2   8.0416 THz  -0.4125  0.0000  0.4125  0.0000  0.8122  0.0000


 Q=  0.141844  0.000000 -0.283688, q= -0.500000 -0.250000  0.250000

                       Ni X   0        Ni Y   0        Ni Z   0     
                    --------------- --------------- ---------------
    0   6.0168 THz   1.0000  0.0000  0.0000  0.0000  0.0000  0.0000
    1   7.3308 THz   0.0000  0.0000 -0.9330 -0.3092 -0.0162 -0.1836
    2   7.3308 THz   0.0000  0.0000 -0.0738  0.1688  0.9829  0.0043


 Q=  0.000000 -0.283688  0.000000, q= -0.500000  0.000000 -0.500000

                       Ni X   0        Ni Y   0        Ni Z   0     
                    --------------- --------------- ---------------
    0   6.1827 THz   0.0000  0.0000  0.0000  0.0000 -1.0000 -0.0000
    1   6.1827 THz   1.0000  0.0000  0.0000  0.0000  0.0000  0.0000
    2   8.4685 THz   0.0000  0.0000  1.0000  0.0000  0.0000  0.0000


 Q=  0.070922 -0.212766 -0.070922, q= -0.500000  0.000000 -0.250000

                       Ni X   0        Ni Y   0        Ni Z   0     
                    --------------- --------------- ---------------
    0   5.3381 THz   0.7071  0.0000 -0.0000  0.0000  0.7071 -0.0000
    1   5.9316 THz   0.5743  0.0000  0.5834 -0.0000 -0.5743  0.0000
    2   8.0416 THz  -0.4125  0.0000  0.8122  0.0000  0.4125  0.0000


 Q=  0.141844 -0.141844 -0.141844, q= -0.500000  0.000000  0.000000

                       Ni X   0        Ni Y   0        Ni Z   0     
                    --------------- --------------- ---------------
    0   4.3077 THz   0.0000  0.0000  0.7071  0.0000 -0.7071 -0.0000
    1   4.3077 THz   0.8165  0.0000  0.4082  0.0000  0.4082 -0.0000
    2   8.7317 THz   0.5774  0.0000 -0.5774 -0.0000 -0.5774  0.0000


 Q=  0.212766 -0.070922 -0.212766, q= -0.500000  0.000000  0.250000

                       Ni X   0        Ni Y   0        Ni Z   0     
                    --------------- --------------- ---------------
    0   5.3381 THz   0.7071  0.0000  0.0000 -0.0000  0.7071  0.0000
    1   5.9316 THz   0.5743  0.0000  0.5834  0.0000 -0.5743 -0.0000
    2   8.0416 THz  -0.4125  0.0000  0.8122  0.0000  0.4125  0.0000


 Q=  0.070922 -0.354610  0.070922, q= -0.500000  0.250000 -0.500000

                       Ni X   0        Ni Y   0        Ni Z   0     
                    --------------- --------------- ---------------
    0   5.3381 THz  -0.7071  0.0000 -0.0000 -0.0000  0.7071  0.0000
    1   5.9316 THz   0.5743  0.0000 -0.5834 -0.0000  0.5743  0.0000
    2   8.0416 THz   0.4125  0.0000  0.8122  0.0000  0.4125 -0.0000


 Q=  0.141844 -0.283688  0.000000, q= -0.500000  0.250000 -0.250000

                       Ni X   0        Ni Y   0        Ni Z   0     
                    --------------- --------------- ---------------
    0   6.0168 THz   1.0000  0.0000  0.0000  0.0000  0.0000  0.0000
    1   7.3308 THz   0.0000  0.0000 -0.1391  0.0083 -0.9831  0.1184
    2   7.3308 THz   0.0000  0.0000 -0.9788  0.1504  0.1362 -0.0294


 Q=  0.212766 -0.212766 -0.070922, q= -0.500000  0.250000  0.000000

                       Ni X   0        Ni Y   0        Ni Z   0     
                    --------------- --------------- ---------------
    0   5.3381 THz  -0.7071  0.0000 -0.7071  0.0000 -0.0000 -0.0000
    1   5.9316 THz   0.5743  0.0000 -0.5743  0.0000  0.5834 -0.0000
    2   8.0416 THz  -0.4125  0.0000  0.4125 -0.0000  0.8122 -0.0000


 Q=  0.283688 -0.141844 -0.141844, q= -0.500000  0.250000  0.250000

                       Ni X   0        Ni Y   0        Ni Z   0     
                    --------------- --------------- ---------------
    0   4.2001 THz   0.0000  0.0000  0.1782  0.6843 -0.1782 -0.6843
    1   5.9593 THz   1.0000  0.0000  0.0000  0.0000  0.0000  0.0000
    2   7.6882 THz   0.0000  0.0000 -0.6592  0.2557 -0.6592  0.2557


 Q= -0.212766 -0.070922 -0.070922, q= -0.250000 -0.500000 -0.500000

                       Ni X   0        Ni Y   0        Ni Z   0     
                    --------------- --------------- ---------------
    0   5.3381 THz   0.0000  0.0000  0.7066 -0.0278 -0.7066  0.0278
    1   5.9316 THz   0.5834  0.0000 -0.5743  0.0000 -0.5743 -0.0000
    2   8.0416 THz   0.8122  0.0000  0.4125 -0.0000  0.4125  0.0000


 Q= -0.141844  0.000000 -0.141844, q= -0.250000 -0.500000 -0.250000

                       Ni X   0        Ni Y   0        Ni Z   0     
                    --------------- --------------- ---------------
    0   4.2001 THz   0.7071  0.0000  0.0000 -0.0000 -0.7071 -0.0000
    1   5.9593 THz   0.0000  0.0000  0.9973 -0.0733  0.0000  0.0000
    2   7.6882 THz  -0.7071  0.0000  0.0000 -0.0000 -0.7071 -0.0000


 Q= -0.070922  0.070922 -0.212766, q= -0.250000 -0.500000  0.000000

                       Ni X   0        Ni Y   0        Ni Z   0     
                    --------------- --------------- ---------------
    0   5.3381 THz   0.7071  0.0000  0.7071  0.0000  0.0000  0.0000
    1   5.9316 THz   0.5743  0.0000 -0.5743 -0.0000 -0.5834 -0.0000
    2   8.0416 THz  -0.4125  0.0000  0.4125  0.0000 -0.8122 -0.0000


 Q=  0.000000  0.141844 -0.283688, q= -0.250000 -0.500000  0.250000

                       Ni X   0        Ni Y   0        Ni Z   0     
                    --------------- --------------- ---------------
    0   6.0168 THz   0.0000  0.0000  0.6487  0.7610  0.0000  0.0000
    1   7.3308 THz   0.0000  0.0000  0.0000  0.0000 -1.0000  0.0012
    2   7.3308 THz   1.0000  0.0000  0.0000  0.0000  0.0000  0.0000


 Q= -0.141844 -0.141844  0.000000, q= -0.250000 -0.250000 -0.500000

                       Ni X   0        Ni Y   0        Ni Z   0     
                    --------------- --------------- ---------------
    0   4.2001 THz   0.7071  0.0000 -0.7071 -0.0000 -0.0000 -0.0000
    1   5.9593 THz   0.0000  0.0000  0.0000 -0.0000 -0.7016 -0.7126
    2   7.6882 THz   0.7071  0.0000  0.7071  0.0000  0.0000  0.0000


 Q= -0.070922 -0.070922 -0.070922, q= -0.250000 -0.250000 -0.250000

                       Ni X   0        Ni Y   0        Ni Z   0     
                    --------------- --------------- ---------------
    0   2.8392 THz   0.0000  0.0000  0.6901 -0.1540 -0.6901  0.1540
    1   2.8392 THz   0.8165  0.0000 -0.4082  0.0000 -0.4082 -0.0000
    2   6.5318 THz  -0.5774  0.0000 -0.5774  0.0000 -0.5774 -0.0000


 Q=  0.000000  0.000000 -0.141844, q= -0.250000 -0.250000  0.000000

                       Ni X   0        Ni Y   0        Ni Z   0     
                    --------------- --------------- ---------------
    0   4.3782 THz   1.0000  0.0000  0.0000  0.0000  0.0000  0.0000
    1   4.3782 THz   0.0000  0.0000 -0.9995  0.0331 -0.0000 -0.0000
    2   6.5584 THz   0.0000  0.0000  0.0000 -0.0000 -0.3615 -0.9324


 Q=  0.070922  0.070922 -0.212766, q= -0.250000 -0.250000  0.250000

                       Ni X   0        Ni Y   0        Ni Z   0     
                    --------------- --------------- ---------------
    0   5.3381 THz  -0.7071  0.0000  0.7071 -0.0000 -0.0000 -0.0000
    1   5.9316 THz   0.5743  0.0000  0.5743 -0.0000  0.5834 -0.0000
    2   8.0416 THz   0.4125  0.0000  0.4125 -0.0000 -0.8122  0.0000


 Q= -0.070922 -0.212766  0.070922, q= -0.250000  0.000000 -0.500000

                       Ni X   0        Ni Y   0        Ni Z   0     
                    --------------- --------------- ---------------
    0   5.3381 THz   0.7071  0.0000 -0.0000 -0.0000  0.7071 -0.0000
    1   5.9316 THz   0.5743  0.0000 -0.5834  0.0000 -0.5743  0.0000
    2   8.0416 THz   0.4125  0.0000  0.8122 -0.0000 -0.4125  0.0000


 Q=  0.000000 -0.141844  0.000000, q= -0.250000  0.000000 -0.250000

                       Ni X   0        Ni Y   0        Ni Z   0     
                    --------------- --------------- ---------------
    0   4.3782 THz   0.0000  0.0000 -0.0000  0.0000 -0.9903 -0.1391
    1   4.3782 THz   1.0000  0.0000  0.0000  0.0000  0.0000  0.0000
    2   6.5584 THz   0.0000  0.0000 -0.0764  0.9971  0.0000 -0.0000


 Q=  0.070922 -0.070922 -0.070922, q= -0.250000  0.000000  0.000000

                       Ni X   0        Ni Y   0        Ni Z   0     
                    --------------- --------------- ---------------
    0   2.8392 THz   0.0000  0.0000  0.7069 -0.0156 -0.7069  0.0156
    1   2.8392 THz   0.8165  0.0000  0.4082 -0.0000  0.4082 -0.0000
    2   6.5318 THz   0.5774  0.0000 -0.5774  0.0000 -0.5774  0.0000


 Q=  0.141844  0.000000 -0.141844, q= -0.250000  0.000000  0.250000

                       Ni X   0        Ni Y   0        Ni Z   0     
                    --------------- --------------- ---------------
    0   4.2001 THz   0.7071  0.0000  0.0000 -0.0000  0.7071 -0.0000
    1   5.9593 THz   0.0000  0.0000 -0.1902 -0.9817  0.0000  0.0000
    2   7.6882 THz   0.7071  0.0000  0.0000  0.0000 -0.7071  0.0000


 Q=  0.000000 -0.283688  0.141844, q= -0.250000  0.250000 -0.500000

                       Ni X   0        Ni Y   0        Ni Z   0     
                    --------------- --------------- ---------------
    0   6.0168 THz   0.0000  0.0000  0.0000  0.0000 -0.1820  0.9833
    1   7.3308 THz   0.0000  0.0000  1.0000 -0.0005 -0.0000  0.0000
    2   7.3308 THz   1.0000  0.0000  0.0000  0.0000  0.0000  0.0000


 Q=  0.070922 -0.212766  0.070922, q= -0.250000  0.250000 -0.250000

                       Ni X   0        Ni Y   0        Ni Z   0     
                    --------------- --------------- ---------------
    0   5.3381 THz  -0.7071  0.0000  0.0000 -0.0000  0.7071 -0.0000
    1   5.9316 THz   0.5743  0.0000  0.5834 -0.0000  0.5743 -0.0000
    2   8.0416 THz  -0.4125  0.0000  0.8122  0.0000 -0.4125 -0.0000


 Q=  0.141844 -0.141844  0.000000, q= -0.250000  0.250000  0.000000

                       Ni X   0        Ni Y   0        Ni Z   0     
                    --------------- --------------- ---------------
    0   4.2001 THz  -0.7071  0.0000 -0.7071 -0.0000  0.0000  0.0000
    1   5.9593 THz   0.0000  0.0000 -0.0000 -0.0000 -0.2937 -0.9559
    2   7.6882 THz   0.7071  0.0000 -0.7071 -0.0000  0.0000  0.0000


 Q=  0.212766 -0.070922 -0.070922, q= -0.250000  0.250000  0.250000

                       Ni X   0        Ni Y   0        Ni Z   0     
                    --------------- --------------- ---------------
    0   5.3381 THz   0.0000  0.0000  0.7062 -0.0364 -0.7062  0.0364
    1   5.9316 THz  -0.5834  0.0000 -0.5743 -0.0000 -0.5743 -0.0000
    2   8.0416 THz   0.8122  0.0000 -0.4125 -0.0000 -0.4125 -0.0000


 Q= -0.283688  0.000000  0.000000, q=  0.000000 -0.500000 -0.500000

                       Ni X   0        Ni Y   0        Ni Z   0     
                    --------------- --------------- ---------------
    0   6.1827 THz   0.0000  0.0000 -0.8488  0.0000  0.5288  0.0000
    1   6.1827 THz   0.0000  0.0000 -0.5288 -0.0000 -0.8488 -0.0000
    2   8.4685 THz   1.0000  0.0000  0.0000  0.0000  0.0000  0.0000


 Q= -0.212766  0.070922 -0.070922, q=  0.000000 -0.500000 -0.250000

                       Ni X   0        Ni Y   0        Ni Z   0     
                    --------------- --------------- ---------------
    0   5.3381 THz   0.0000  0.0000 -0.7052 -0.0514 -0.7052 -0.0514
    1   5.9316 THz  -0.5834  0.0000 -0.5743  0.0000  0.5743 -0.0000
    2   8.0416 THz   0.8122  0.0000 -0.4125  0.0000  0.4125 -0.0000


 Q= -0.141844  0.141844 -0.141844, q=  0.000000 -0.500000  0.000000

                       Ni X   0        Ni Y   0        Ni Z   0     
                    --------------- --------------- ---------------
    0   4.3077 THz   0.8165  0.0000  0.4082 -0.0000 -0.4082 -0.0000
    1   4.3077 THz   0.0000  0.0000 -0.7071 -0.0000 -0.7071 -0.0000
    2   8.7317 THz   0.5774  0.0000 -0.5774  0.0000  0.5774  0.0000


 Q= -0.070922  0.212766 -0.212766, q=  0.000000 -0.500000  0.250000

                       Ni X   0        Ni Y   0        Ni Z   0     
                    --------------- --------------- ---------------
    0   5.3381 THz   0.0000  0.0000 -0.7057 -0.0446 -0.7057 -0.0446
    1   5.9316 THz  -0.5834  0.0000 -0.5743 -0.0000  0.5743 -0.0000
    2   8.0416 THz   0.8122  0.0000 -0.4125 -0.0000  0.4125 -0.0000


 Q= -0.212766 -0.070922  0.070922, q=  0.000000 -0.250000 -0.500000

                       Ni X   0        Ni Y   0        Ni Z   0     
                    --------------- --------------- ---------------
    0   5.3381 THz   0.0000  0.0000 -0.7017  0.0871 -0.7017  0.0871
    1   5.9316 THz   0.5834  0.0000 -0.5743 -0.0000  0.5743  0.0000
    2   8.0416 THz   0.8122  0.0000  0.4125  0.0000 -0.4125 -0.0000


 Q= -0.141844  0.000000  0.000000, q=  0.000000 -0.250000 -0.250000

                       Ni X   0        Ni Y   0        Ni Z   0     
                    --------------- --------------- ---------------
    0   4.3782 THz   0.0000  0.0000  0.6692  0.6210 -0.2045 -0.3531
    1   4.3782 THz   0.0000  0.0000 -0.0486  0.4051 -0.3700  0.8347
    2   6.5584 THz   1.0000  0.0000  0.0000  0.0000  0.0000  0.0000


 Q= -0.070922  0.070922 -0.070922, q=  0.000000 -0.250000  0.000000

                       Ni X   0        Ni Y   0        Ni Z   0     
                    --------------- --------------- ---------------
    0   2.8392 THz   0.0000  0.0000 -0.7071  0.0013 -0.7071  0.0013
    1   2.8392 THz   0.8165  0.0000  0.4082 -0.0000 -0.4082  0.0000
    2   6.5318 THz   0.5774  0.0000 -0.5774  0.0000  0.5774 -0.0000


 Q=  0.000000  0.141844 -0.141844, q=  0.000000 -0.250000  0.250000

                       Ni X   0        Ni Y   0        Ni Z   0     
                    --------------- --------------- ---------------
    0   4.2001 THz   0.0000  0.0000 -0.5920 -0.3867 -0.5920 -0.3867
    1   5.9593 THz   1.0000  0.0000  0.0000  0.0000  0.0000  0.0000
    2   7.6882 THz   0.0000  0.0000  0.4585 -0.5383 -0.4585  0.5383


 Q= -0.141844 -0.141844  0.141844, q=  0.000000  0.000000 -0.500000

                       Ni X   0        Ni Y   0        Ni Z   0     
                    --------------- --------------- ---------------
    0   4.3077 THz   0.8165  0.0000 -0.4082  0.0000  0.4082  0.0000
    1   4.3077 THz   0.0000  0.0000 -0.7071  0.0000 -0.7071  0.0000
    2   8.7317 THz  -0.5774  0.0000 -0.5774  0.0000  0.5774  0.0000


 Q= -0.070922 -0.070922  0.070922, q=  0.000000  0.000000 -0.250000

                       Ni X   0        Ni Y   0        Ni Z   0     
                    --------------- --------------- ---------------
    0   2.8392 THz   0.8165  0.0000 -0.4082 -0.0000  0.4082  0.0000
    1   2.8392 THz   0.0000  0.0000 -0.7071 -0.0067 -0.7071 -0.0067
    2   6.5318 THz  -0.5774  0.0000 -0.5774 -0.0000  0.5774  0.0000


 Q=  0.000000  0.000000  0.000000, q=  0.000000  0.000000  0.000000

                       Ni X   0        Ni Y   0        Ni Z   0     
                    --------------- --------------- ---------------
    0  -0.0000 THz  -0.8122  0.0000  0.4406  0.0000  0.3822  0.0000
    1   0.0000 THz  -0.0002  0.0000  0.6551  0.0000 -0.7556  0.0000
    2   0.0000 THz  -0.5833 -0.0000 -0.6138 -0.0000 -0.5320 -0.0000


 Q=  0.070922  0.070922 -0.070922, q=  0.000000  0.000000  0.250000

                       Ni X   0        Ni Y   0        Ni Z   0     
                    --------------- --------------- ---------------
    0   2.8392 THz   0.8165  0.0000 -0.4082  0.0000  0.4082 -0.0000
    1   2.8392 THz   0.0000  0.0000 -0.7071  0.0067 -0.7071  0.0067
    2   6.5318 THz  -0.5774  0.0000 -0.5774  0.0000  0.5774 -0.0000


 Q= -0.070922 -0.212766  0.212766, q=  0.000000  0.250000 -0.500000

                       Ni X   0        Ni Y   0        Ni Z   0     
                    --------------- --------------- ---------------
    0   5.3381 THz   0.0000  0.0000 -0.7035 -0.0718 -0.7035 -0.0718
    1   5.9316 THz   0.5834  0.0000 -0.5743 -0.0000  0.5743 -0.0000
    2   8.0416 THz   0.8122  0.0000  0.4125  0.0000 -0.4125  0.0000


 Q=  0.000000 -0.141844  0.141844, q=  0.000000  0.250000 -0.250000

                       Ni X   0        Ni Y   0        Ni Z   0     
                    --------------- --------------- ---------------
    0   4.2001 THz   0.0000  0.0000 -0.5920  0.3867 -0.5920  0.3867
    1   5.9593 THz   1.0000  0.0000  0.0000  0.0000  0.0000  0.0000
    2   7.6882 THz   0.0000  0.0000  0.4585  0.5383 -0.4585 -0.5383


 Q=  0.070922 -0.070922  0.070922, q=  0.000000  0.250000  0.000000

                       Ni X   0        Ni Y   0        Ni Z   0     
                    --------------- --------------- ---------------
    0   2.8392 THz   0.0000  0.0000 -0.7071 -0.0013 -0.7071 -0.0013
    1   2.8392 THz   0.8165  0.0000  0.4082  0.0000 -0.4082 -0.0000
    2   6.5318 THz   0.5774  0.0000 -0.5774 -0.0000  0.5774  0.0000


 Q=  0.141844  0.000000  0.000000, q=  0.000000  0.250000  0.250000

                       Ni X   0        Ni Y   0        Ni Z   0     
                    --------------- --------------- ---------------
    0   4.3782 THz   0.0000  0.0000  0.6692 -0.6210 -0.2045  0.3531
    1   4.3782 THz   0.0000  0.0000 -0.0486 -0.4051 -0.3700 -0.8347
    2   6.5584 THz   1.0000  0.0000  0.0000  0.0000  0.0000  0.0000


 Q= -0.354610  0.070922  0.070922, q=  0.250000 -0.500000 -0.500000

                       Ni X   0        Ni Y   0        Ni Z   0     
                    --------------- --------------- ---------------
    0   5.3381 THz   0.0000  0.0000  0.7049  0.0555 -0.7049 -0.0555
    1   5.9316 THz   0.5834  0.0000 -0.5743 -0.0000 -0.5743  0.0000
    2   8.0416 THz   0.8122  0.0000  0.4125  0.0000  0.4125 -0.0000


 Q= -0.283688  0.141844  0.000000, q=  0.250000 -0.500000 -0.250000

                       Ni X   0        Ni Y   0        Ni Z   0     
                    --------------- --------------- ---------------
    0   6.0168 THz   0.0000  0.0000 -0.9843 -0.1766 -0.0000 -0.0000
    1   7.3308 THz   1.0000  0.0000  0.0000  0.0000  0.0000  0.0000
    2   7.3308 THz   0.0000  0.0000  0.0000 -0.0000 -0.9999  0.0105


 Q= -0.212766  0.212766 -0.070922, q=  0.250000 -0.500000  0.000000

                       Ni X   0        Ni Y   0        Ni Z   0     
                    --------------- --------------- ---------------
    0   5.3381 THz   0.7071  0.0000  0.7071 -0.0000  0.0000 -0.0000
    1   5.9316 THz   0.5743  0.0000 -0.5743  0.0000 -0.5834  0.0000
    2   8.0416 THz  -0.4125  0.0000  0.4125 -0.0000 -0.8122  0.0000


 Q= -0.141844  0.283688 -0.141844, q=  0.250000 -0.500000  0.250000

                       Ni X   0        Ni Y   0        Ni Z   0     
                    --------------- --------------- ---------------
    0   4.2001 THz   0.7071  0.0000  0.0000  0.0000 -0.7071  0.0000
    1   5.9593 THz   0.0000  0.0000 -0.9992  0.0399  0.0000  0.0000
    2   7.6882 THz   0.7071  0.0000 -0.0000 -0.0000  0.7071 -0.0000


 Q= -0.283688  0.000000  0.141844, q=  0.250000 -0.250000 -0.500000

                       Ni X   0        Ni Y   0        Ni Z   0     
                    --------------- --------------- ---------------
    0   6.0168 THz   0.0000  0.0000  0.0000 -0.0000  0.8125 -0.5829
    1   7.3308 THz   1.0000  0.0000  0.0000  0.0000  0.0000  0.0000
    2   7.3308 THz   0.0000  0.0000 -1.0000 -0.0005  0.0000 -0.0000


 Q= -0.212766  0.070922  0.070922, q=  0.250000 -0.250000 -0.250000

                       Ni X   0        Ni Y   0        Ni Z   0     
                    --------------- --------------- ---------------
    0   5.3381 THz   0.0000  0.0000  0.7062  0.0364 -0.7062 -0.0364
    1   5.9316 THz  -0.5834  0.0000 -0.5743  0.0000 -0.5743  0.0000
    2   8.0416 THz   0.8122  0.0000 -0.4125  0.0000 -0.4125  0.0000


 Q= -0.141844  0.141844  0.000000, q=  0.250000 -0.250000  0.000000

                       Ni X   0        Ni Y   0        Ni Z   0     
                    --------------- --------------- ---------------
    0   4.2001 THz  -0.7071  0.0000 -0.7071  0.0000  0.0000 -0.0000
    1   5.9593 THz   0.0000  0.0000 -0.0000  0.0000 -0.2937  0.9559
    2   7.6882 THz   0.7071  0.0000 -0.7071  0.0000  0.0000 -0.0000


 Q= -0.070922  0.212766 -0.070922, q=  0.250000 -0.250000  0.250000

                       Ni X   0        Ni Y   0        Ni Z   0     
                    --------------- --------------- ---------------
    0   5.3381 THz  -0.7071  0.0000  0.0000  0.0000  0.7071  0.0000
    1   5.9316 THz   0.5743  0.0000  0.5834  0.0000  0.5743  0.0000
    2   8.0416 THz  -0.4125  0.0000  0.8122 -0.0000 -0.4125  0.0000


 Q= -0.212766 -0.070922  0.212766, q=  0.250000  0.000000 -0.500000

                       Ni X   0        Ni Y   0        Ni Z   0     
                    --------------- --------------- ---------------
    0   5.3381 THz   0.7071  0.0000 -0.0000  0.0000  0.7071  0.0000
    1   5.9316 THz   0.5743  0.0000 -0.5834 -0.0000 -0.5743 -0.0000
    2   8.0416 THz   0.4125  0.0000  0.8122  0.0000 -0.4125 -0.0000


 Q= -0.141844  0.000000  0.141844, q=  0.250000  0.000000 -0.250000

                       Ni X   0        Ni Y   0        Ni Z   0     
                    --------------- --------------- ---------------
    0   4.2001 THz   0.7071  0.0000  0.0000  0.0000  0.7071  0.0000
    1   5.9593 THz   0.0000  0.0000 -0.1902  0.9817  0.0000  0.0000
    2   7.6882 THz   0.7071  0.0000  0.0000 -0.0000 -0.7071 -0.0000


 Q= -0.070922  0.070922  0.070922, q=  0.250000  0.000000  0.000000

                       Ni X   0        Ni Y   0        Ni Z   0     
                    --------------- --------------- ---------------
    0   2.8392 THz   0.0000  0.0000  0.7069  0.0156 -0.7069 -0.0156
    1   2.8392 THz   0.8165  0.0000  0.4082  0.0000  0.4082  0.0000
    2   6.5318 THz   0.5774  0.0000 -0.5774 -0.0000 -0.5774 -0.0000


 Q=  0.000000  0.141844  0.000000, q=  0.250000  0.000000  0.250000

                       Ni X   0        Ni Y   0        Ni Z   0     
                    --------------- --------------- ---------------
    0   4.3782 THz   0.0000  0.0000 -0.0000 -0.0000 -0.9903  0.1391
    1   4.3782 THz   1.0000  0.0000  0.0000  0.0000  0.0000  0.0000
    2   6.5584 THz   0.0000  0.0000 -0.0764 -0.9971  0.0000  0.0000


 Q= -0.141844 -0.141844  0.283688, q=  0.250000  0.250000 -0.500000

                       Ni X   0        Ni Y   0        Ni Z   0     
                    --------------- --------------- ---------------
    0   4.2001 THz   0.7071  0.0000 -0.7071  0.0000  0.0000  0.0000
    1   5.9593 THz   0.0000  0.0000 -0.0000  0.0000 -0.9815  0.1917
    2   7.6882 THz   0.7071  0.0000  0.7071 -0.0000 -0.0000 -0.0000


 Q= -0.070922 -0.070922  0.212766, q=  0.250000  0.250000 -0.250000

                       Ni X   0        Ni Y   0        Ni Z   0     
                    --------------- --------------- ---------------
    0   5.3381 THz  -0.7071  0.0000  0.7071  0.0000 -0.0000  0.0000
    1   5.9316 THz   0.5743  0.0000  0.5743  0.0000  0.5834  0.0000
    2   8.0416 THz   0.4125  0.0000  0.4125  0.0000 -0.8122 -0.0000


 Q=  0.000000  0.000000  0.141844, q=  0.250000  0.250000  0.000000

                       Ni X   0        Ni Y   0        Ni Z   0     
                    --------------- --------------- ---------------
    0   4.3782 THz   1.0000  0.0000  0.0000  0.0000  0.0000  0.0000
    1   4.3782 THz   0.0000  0.0000 -0.9995 -0.0331 -0.0000  0.0000
    2   6.5584 THz   0.0000  0.0000  0.0000  0.0000 -0.3615  0.9324


 Q=  0.070922  0.070922  0.070922, q=  0.250000  0.250000  0.250000

                       Ni X   0        Ni Y   0        Ni Z   0     
                    --------------- --------------- ---------------
    0   2.8392 THz   0.0000  0.0000  0.6901  0.1540 -0.6901 -0.1540
    1   2.8392 THz   0.8165  0.0000 -0.4082 -0.0000 -0.4082  0.0000
    2   6.5318 THz  -0.5774  0.0000 -0.5774 -0.0000 -0.5774  0.0000
